111, 55740064, 1, 0, 0
224, 56497669, 1, 0, 0
308, 28114388, 1, 0, 0
400, 15304653, 1, 0, 0
511, 15879008, 1, 0, 0
605, 15516588, 1, 0, 0
702, 16269299, 1, 0, 0
813, 15782117, 1, 0, 0
904, 15224138, 1, 0, 0
1014, 15756593, 1, 0, 0
1108, 15527238, 1, 0, 0
1207, 16535420, 1, 0, 0
1306, 16585486, 1, 0, 0
1404, 16328205, 1, 0, 0
1514, 15715624, 1, 0, 0
1605, 15156979, 1, 0, 0
1716, 15808711, 1, 0, 0
1809, 15470710, 1, 0, 0
1906, 16243181, 1, 0, 0
2016, 15602743, 1, 0, 0
2106, 15047332, 1, 0, 0
2215, 15572657, 1, 0, 0
2308, 15537718, 1, 0, 0
2406, 16290275, 1, 0, 0
2516, 15643585, 1, 0, 0
2606, 15009596, 1, 0, 0
2715, 15648464, 1, 0, 0
2813, 19620773, 1, 0, 0
2946, 44271719, 1, 0, 0
3000, 53674601, 1, 0, 0
3117, 58380203, 1, 0, 0
3226, 54480095, 1, 0, 0
3345, 59640511, 1, 0, 0
3419, 37135849, 1, 0, 0
3511, 15339340, 1, 0, 0
3607, 15960405, 1, 0, 0
3701, 15720036, 1, 0, 0
3812, 15794105, 1, 0, 0
3904, 15378939, 1, 0, 0
4001, 16087169, 1, 0, 0
4111, 15711787, 1, 0, 0
4204, 15582899, 1, 0, 0
4315, 15794419, 1, 0, 0
4407, 15412989, 1, 0, 0
4504, 16035579, 1, 0, 0
4612, 15497414, 1, 0, 0
4710, 16223015, 1, 0, 0
4802, 15332669, 1, 0, 0
4910, 15547157, 1, 0, 0
5007, 16019071, 1, 0, 0
5100, 15577385, 1, 0, 0
5209, 15633120, 1, 0, 0
5302, 15339276, 1, 0, 0
5410, 15546730, 1, 0, 0
5507, 16022784, 1, 0, 0
5614, 15340124, 1, 0, 0
5709, 15897445, 1, 0, 0
5801, 15324019, 1, 0, 0
5912, 15774660, 1, 0, 0
6045, 44498121, 1, 0, 0
6160, 57276407, 1, 0, 0
6210, 50304753, 1, 0, 0
6315, 52626168, 1, 0, 0
6424, 54105002, 1, 0, 0
6535, 55901359, 1, 0, 0
6630, 47402396, 1, 0, 0
6709, 15812367, 1, 0, 0
6801, 15340233, 1, 0, 0
6911, 15726741, 1, 0, 0
7006, 15719817, 1, 0, 0
7102, 15940143, 1, 0, 0
7211, 15632259, 1, 0, 0
7302, 15232776, 1, 0, 0
7413, 15857610, 1, 0, 0
7508, 15787673, 1, 0, 0
7604, 15941758, 1, 0, 0
7715, 18447635, 1, 0, 0
7805, 18021875, 1, 0, 0
7908, 17137803, 1, 0, 0
8014, 17816987, 1, 0, 0
8103, 17739773, 1, 0, 0
8209, 17709839, 1, 0, 0
8317, 17858182, 1, 0, 0
8405, 17637602, 1, 0, 0
8512, 17900050, 1, 0, 0
8600, 17547525, 1, 0, 0
8705, 17558635, 1, 0, 0
8813, 17976428, 1, 0, 0
8900, 17330745, 1, 0, 0
9000, 19912161, 1, 0, 0
9130, 43420764, 1, 0, 0
9241, 55406172, 1, 0, 0
9354, 56833765, 1, 0, 0
9409, 54869044, 1, 0, 0
9535, 62917241, 1, 0, 0
9652, 58714488, 1, 0, 0
9707, 18012595, 1, 0, 0
9814, 17924475, 1, 0, 0
9903, 17694567, 1, 0, 0
10009, 17669966, 1, 0, 0
10100, 18216780, 1, 0, 0
10202, 17078873, 1, 0, 0
10309, 17748000, 1, 0, 0
10418, 18229303, 1, 0, 0
10507, 17786515, 1, 0, 0
10613, 17662976, 1, 0, 0
10702, 17755288, 1, 0, 0
10811, 18107515, 1, 0, 0
10900, 17935420, 1, 0, 0
11006, 17614353, 1, 0, 0
11112, 17603002, 1, 0, 0
11218, 17650951, 1, 0, 0
11304, 17329859, 1, 0, 0
11413, 18062948, 1, 0, 0
11500, 17373989, 1, 0, 0
11606, 17777284, 1, 0, 0
11710, 17367064, 1, 0, 0
11802, 18261300, 1, 0, 0
11904, 16989044, 1, 0, 0
12010, 17720189, 1, 0, 0
12141, 32740797, 1, 0, 0
12252, 55322903, 1, 0, 0
12302, 50448603, 1, 0, 0
12407, 52422322, 1, 0, 0
12512, 52305684, 1, 0, 0
12620, 54140865, 1, 0, 0
12704, 27993965, 1, 0, 0
12809, 17574847, 1, 0, 0
12901, 18315819, 1, 0, 0
13007, 17706299, 1, 0, 0
13115, 17955426, 1, 0, 0
13204, 17868238, 1, 0, 0
13312, 17993493, 1, 0, 0
13401, 17722258, 1, 0, 0
13509, 18043878, 1, 0, 0
13616, 17746654, 1, 0, 0
13708, 18408346, 1, 0, 0
13811, 17236383, 1, 0, 0
13902, 18088823, 1, 0, 0
14014, 18620244, 1, 0, 0
14105, 18312937, 1, 0, 0
14213, 17902631, 1, 0, 0
14301, 17652571, 1, 0, 0
14409, 18077082, 1, 0, 0
14517, 17966722, 1, 0, 0
14604, 17432026, 1, 0, 0
14712, 17858036, 1, 0, 0
14801, 17900236, 1, 0, 0
14910, 18075214, 1, 0, 0
15014, 17326250, 1, 0, 0
15105, 18369466, 1, 0, 0
15212, 17703452, 1, 0, 0
15307, 19075067, 1, 0, 0
15444, 45541678, 1, 0, 0
15502, 58377310, 1, 0, 0
15620, 58839104, 1, 0, 0
15728, 54210946, 1, 0, 0
15833, 52617752, 1, 0, 0
15942, 54449354, 1, 0, 0
16049, 53101980, 1, 0, 0
16102, 17920363, 1, 0, 0
16210, 17893827, 1, 0, 0
16301, 18158996, 1, 0, 0
16404, 17308798, 1, 0, 0
16514, 18211668, 1, 0, 0
16603, 17916700, 1, 0, 0
16706, 20590236, 1, 0, 0
16800, 15535924, 1, 0, 0
16904, 14902605, 1, 0, 0
17023, 16954352, 1, 0, 0
17103, 16140474, 1, 0, 0
17214, 15758256, 1, 0, 0
17304, 15133853, 1, 0, 0
17415, 15812668, 1, 0, 0
17512, 19397127, 1, 0, 0
17618, 21103718, 1, 0, 0
17708, 29923043, 1, 0, 0
17805, 24466418, 1, 0, 0
17906, 25021826, 1, 0, 0
18007, 25251296, 1, 0, 0
18144, 34337265, 1, 0, 0
18204, 59760230, 1, 0, 0
18306, 102721904, 1, 0, 0
18452, 72583447, 1, 0, 0
18520, 68541843, 1, 0, 0
18646, 62974096, 1, 0, 0
18716, 17423490, 1, 0, 0
18808, 15447943, 1, 0, 0
18907, 16340053, 1, 0, 0
19017, 15753565, 1, 0, 0
19108, 15169503, 1, 0, 0
19202, 15667874, 1, 0, 0
19311, 15563898, 1, 0, 0
19409, 16341721, 1, 0, 0
19519, 15704717, 1, 0, 0
19611, 15359900, 1, 0, 0
19704, 15534012, 1, 0, 0
19801, 16061282, 1, 0, 0
19911, 15694003, 1, 0, 0
20002, 15191011, 1, 0, 0
20111, 15638310, 1, 0, 0
20205, 15551154, 1, 0, 0
20302, 16137960, 1, 0, 0
20411, 15654245, 1, 0, 0
20502, 15184031, 1, 0, 0
20612, 15745738, 1, 0, 0
20707, 15767090, 1, 0, 0
20804, 16149647, 1, 0, 0
20914, 15710778, 1, 0, 0
21004, 14962849, 1, 0, 0
21114, 15718401, 1, 0, 0
21254, 35110490, 1, 0, 0
21302, 47543395, 1, 0, 0
21402, 50151737, 1, 0, 0
21503, 50590685, 1, 0, 0
21621, 58543381, 1, 0, 0
21732, 55873131, 1, 0, 0
21845, 56259672, 1, 0, 0
21907, 15576462, 1, 0, 0
22004, 16079887, 1, 0, 0
22113, 15622565, 1, 0, 0
22203, 15049824, 1, 0, 0
22313, 15673081, 1, 0, 0
22406, 15564268, 1, 0, 0
22503, 16075859, 1, 0, 0
22613, 15769359, 1, 0, 0
22703, 14863354, 1, 0, 0
22812, 15587613, 1, 0, 0
22905, 15493742, 1, 0, 0
23001, 16038690, 1, 0, 0
23110, 15621424, 1, 0, 0
23200, 14888055, 1, 0, 0
23308, 15510912, 1, 0, 0
23401, 15436228, 1, 0, 0
23508, 17914403, 1, 0, 0
23601, 18571638, 1, 0, 0
23710, 18165579, 1, 0, 0
23820, 18193972, 1, 0, 0
23910, 18098687, 1, 0, 0
24000, 17922617, 1, 0, 0
24122, 20453122, 1, 0, 0
24230, 53670403, 1, 0, 0
24335, 52364812, 1, 0, 0
24447, 56144649, 1, 0, 0
24500, 53045525, 1, 0, 0
24603, 51785871, 1, 0, 0
24707, 51615054, 1, 0, 0
24806, 33262699, 1, 0, 0
24902, 23913534, 1, 0, 0
25010, 17921644, 1, 0, 0
25117, 17866012, 1, 0, 0
25204, 17352133, 1, 0, 0
25312, 18083312, 1, 0, 0
25400, 17596901, 1, 0, 0
25509, 18098393, 1, 0, 0
25615, 17662393, 1, 0, 0
25706, 18164131, 1, 0, 0
25809, 17175187, 1, 0, 0
25917, 17965680, 1, 0, 0
26007, 17982663, 1, 0, 0
26114, 17870239, 1, 0, 0
26200, 17333894, 1, 0, 0
26308, 17963864, 1, 0, 0
26416, 17871036, 1, 0, 0
26503, 17506928, 1, 0, 0
26607, 17237995, 1, 0, 0
26703, 19311079, 1, 0, 0
26802, 16432446, 1, 0, 0
26911, 15652083, 1, 0, 0
27006, 15777128, 1, 0, 0
27107, 16898538, 1, 0, 0
27213, 26316671, 1, 0, 0
27317, 51990790, 1, 0, 0
27421, 52226680, 1, 0, 0
27533, 55797853, 1, 0, 0
27647, 57356106, 1, 0, 0
27705, 57074182, 1, 0, 0
27804, 24821697, 1, 0, 0
27912, 15508039, 1, 0, 0
28003, 15009648, 1, 0, 0
28104, 14495285, 1, 0, 0
28208, 17388625, 1, 0, 0
28301, 15480765, 1, 0, 0
28408, 15293700, 1, 0, 0
28501, 15489377, 1, 0, 0
28612, 15827357, 1, 0, 0
28705, 15475235, 1, 0, 0
28813, 15386923, 1, 0, 0
28906, 15518372, 1, 0, 0
29016, 15754432, 1, 0, 0
29109, 15516443, 1, 0, 0
29202, 15484428, 1, 0, 0
29310, 15365811, 1, 0, 0
29402, 15427078, 1, 0, 0
29512, 15647349, 1, 0, 0
29606, 15640303, 1, 0, 0
29716, 15772533, 1, 0, 0
29808, 15301688, 1, 0, 0
29909, 14435360, 1, 0, 0
30000, 15168187, 1, 0, 0
30109, 15514359, 1, 0, 0
30200, 15240645, 1, 0, 0
30305, 15005975, 1, 0, 0
30413, 15348679, 1, 0, 0
30541, 21389309, 1, 0, 0
30639, 49083714, 1, 0, 0
30745, 52913416, 1, 0, 0
30800, 54706221, 1, 0, 0
30909, 54258477, 1, 0, 0
31023, 57079660, 1, 0, 0
31126, 51762024, 1, 0, 0
31200, 18474239, 1, 0, 0
31309, 15517903, 1, 0, 0
31414, 15073615, 1, 0, 0
31515, 16798641, 1, 0, 0
31607, 15286871, 1, 0, 0
31703, 16025275, 1, 0, 0
31811, 15464628, 1, 0, 0
31906, 15792512, 1, 0, 0
32018, 15958243, 1, 0, 0
32110, 15438251, 1, 0, 0
32206, 15943445, 1, 0, 0
32315, 15508961, 1, 0, 0
32409, 15741467, 1, 0, 0
32502, 15436398, 1, 0, 0
32611, 15650722, 1, 0, 0
32707, 15968917, 1, 0, 0
32816, 15460016, 1, 0, 0
32910, 15803232, 1, 0, 0
33004, 15556582, 1, 0, 0
33102, 16372619, 1, 0, 0
33217, 16395737, 1, 0, 0
33308, 15154658, 1, 0, 0
33403, 15914311, 1, 0, 0
33511, 15449472, 1, 0, 0
33642, 21693658, 1, 0, 0
33747, 52523235, 1, 0, 0
33801, 54697912, 1, 0, 0
33914, 56085140, 1, 0, 0
34023, 54491847, 1, 0, 0
34132, 54505188, 1, 0, 0
34234, 51034204, 1, 0, 0
34304, 17496154, 1, 0, 0
34400, 16120583, 1, 0, 0
34511, 15871014, 1, 0, 0
34603, 15328393, 1, 0, 0
34719, 16533043, 1, 0, 0
34817, 16278054, 1, 0, 0
34908, 15121202, 1, 0, 0
35002, 15691863, 1, 0, 0
35112, 15705688, 1, 0, 0
35209, 16169980, 1, 0, 0
35300, 15251053, 1, 0, 0
35409, 15546729, 1, 0, 0
35504, 15749997, 1, 0, 0
35600, 15998048, 1, 0, 0
35711, 15897211, 1, 0, 0
35802, 15197152, 1, 0, 0
35911, 15547336, 1, 0, 0
36005, 18832123, 1, 0, 0
36113, 17948392, 1, 0, 0
36202, 17694851, 1, 0, 0
36310, 18088913, 1, 0, 0
36402, 18434083, 1, 0, 0
36504, 16974082, 1, 0, 0
36613, 15615471, 1, 0, 0
36703, 14871904, 1, 0, 0
36822, 39866002, 1, 0, 0
36904, 40956724, 1, 0, 0
37016, 56043460, 1, 0, 0
37118, 50869067, 1, 0, 0
37217, 16444381, 1, 0, 0
37309, 15296098, 1, 0, 0
37405, 16045518, 1, 0, 0
37500, 15868637, 1, 0, 0
37611, 15871257, 1, 0, 0
37704, 15442795, 1, 0, 0
37801, 16252226, 1, 0, 0
37910, 15529986, 1, 0, 0
38005, 15772871, 1, 0, 0
38116, 15872524, 1, 0, 0
38209, 15537308, 1, 0, 0
38305, 16018939, 1, 0, 0
38414, 15555146, 1, 0, 0
38510, 15960211, 1, 0, 0
38605, 15736693, 1, 0, 0
38702, 16314858, 1, 0, 0
38813, 15773673, 1, 0, 0
38905, 15412259, 1, 0, 0
39017, 15923599, 1, 0, 0
39109, 15407635, 1, 0, 0
39207, 16256637, 1, 0, 0
39316, 15631566, 1, 0, 0
39409, 15388387, 1, 0, 0
39502, 15580356, 1, 0, 0
39600, 16260200, 1, 0, 0
39710, 15746274, 1, 0, 0
39800, 15064081, 1, 0, 0
39911, 15830818, 1, 0, 0
40004, 15514012, 1, 0, 0
40116, 18651993, 1, 0, 0
40203, 28980898, 1, 0, 0
40319, 57682421, 1, 0, 0
40428, 54469125, 1, 0, 0
40536, 54076091, 1, 0, 0
40643, 53511013, 1, 0, 0
40702, 59424922, 1, 0, 0
40811, 36140414, 1, 0, 0
40905, 15767072, 1, 0, 0
41019, 16232024, 1, 0, 0
41109, 15003893, 1, 0, 0
41201, 15298256, 1, 0, 0
41311, 15717768, 1, 0, 0
41404, 15524480, 1, 0, 0
41501, 16184400, 1, 0, 0
41610, 15612845, 1, 0, 0
41702, 15336910, 1, 0, 0
41813, 15718870, 1, 0, 0
41905, 15408473, 1, 0, 0
42003, 16360245, 1, 0, 0
42113, 15635311, 1, 0, 0
42203, 15107326, 1, 0, 0
42313, 15698290, 1, 0, 0
42405, 15348847, 1, 0, 0
42502, 16146538, 1, 0, 0
42615, 16171680, 1, 0, 0
42706, 15154277, 1, 0, 0
42801, 15824577, 1, 0, 0
42911, 15591302, 1, 0, 0
43006, 15856264, 1, 0, 0
43115, 15544264, 1, 0, 0
43205, 15055565, 1, 0, 0
43316, 27716227, 1, 0, 0
43426, 55035305, 1, 0, 0
43532, 53250322, 1, 0, 0
43646, 56953365, 1, 0, 0
43702, 55799715, 1, 0, 0
43817, 57251184, 1, 0, 0
43923, 53207558, 1, 0, 0
44002, 15730206, 1, 0, 0
44112, 15741067, 1, 0, 0
44208, 16050244, 1, 0, 0
44300, 15290497, 1, 0, 0
44410, 15711473, 1, 0, 0
44503, 15545089, 1, 0, 0
44601, 16260270, 1, 0, 0
44711, 15735742, 1, 0, 0
44803, 15390029, 1, 0, 0
44913, 15648925, 1, 0, 0
45006, 15496463, 1, 0, 0
45103, 16079201, 1, 0, 0
45212, 15570435, 1, 0, 0
45312, 16676646, 1, 0, 0
45413, 16912517, 1, 0, 0
45504, 15208871, 1, 0, 0
45600, 15925583, 1, 0, 0
45708, 15466116, 1, 0, 0
45800, 18321857, 1, 0, 0
45902, 17027510, 1, 0, 0
46009, 17782122, 1, 0, 0
46117, 17971640, 1, 0, 0
46204, 17560998, 1, 0, 0
46329, 20754464, 1, 0, 0
46427, 49229323, 1, 0, 0
46508, 40255381, 1, 0, 0
46632, 62139251, 1, 0, 0
46758, 62738771, 1, 0, 0
46816, 58654033, 1, 0, 0
46929, 56405970, 1, 0, 0
47016, 17418546, 1, 0, 0
47106, 17979321, 1, 0, 0
47214, 17941410, 1, 0, 0
47301, 17397896, 1, 0, 0
47409, 18070643, 1, 0, 0
47517, 17939472, 1, 0, 0
47604, 17439641, 1, 0, 0
47709, 17374833, 1, 0, 0
47815, 17752407, 1, 0, 0
47904, 17790564, 1, 0, 0
48011, 17851763, 1, 0, 0
48100, 17833797, 1, 0, 0
48208, 17940840, 1, 0, 0
48315, 17818423, 1, 0, 0
48403, 17647152, 1, 0, 0
48511, 17890295, 1, 0, 0
48612, 16949005, 1, 0, 0
48703, 18062574, 1, 0, 0
48810, 17860773, 1, 0, 0
48918, 18042513, 1, 0, 0
49007, 17663371, 1, 0, 0
49115, 18012251, 1, 0, 0
49203, 17597335, 1, 0, 0
49309, 17795661, 1, 0, 0
49414, 17460930, 1, 0, 0
49512, 19505458, 1, 0, 0
49645, 44262682, 1, 0, 0
49753, 53978196, 1, 0, 0
49811, 58586954, 1, 0, 0
49938, 63458460, 1, 0, 0
50046, 53921896, 1, 0, 0
50103, 56636758, 1, 0, 0
50211, 36287473, 1, 0, 0
50301, 17874693, 1, 0, 0
50409, 18000818, 1, 0, 0
50513, 17387583, 1, 0, 0
50604, 18199269, 1, 0, 0
50707, 17161949, 1, 0, 0
50808, 20096137, 1, 0, 0
50912, 17384220, 1, 0, 0
51005, 18528284, 1, 0, 0
51108, 17204997, 1, 0, 0
51214, 17730045, 1, 0, 0
51304, 17923671, 1, 0, 0
51411, 17846723, 1, 0, 0
51518, 17876362, 1, 0, 0
51606, 17583071, 1, 0, 0
51713, 17812643, 1, 0, 0
51800, 17424036, 1, 0, 0
51905, 17454412, 1, 0, 0
52012, 17794161, 1, 0, 0
52118, 17712592, 1, 0, 0
52204, 17141136, 1, 0, 0
52311, 17916615, 1, 0, 0
52417, 17616120, 1, 0, 0
52504, 17429464, 1, 0, 0
52612, 21568150, 1, 0, 0
52759, 48923697, 1, 0, 0
52821, 61865964, 1, 0, 0
52933, 55812102, 1, 0, 0
53048, 57890679, 1, 0, 0
53113, 64365093, 1, 0, 0
53205, 18389111, 1, 0, 0
53309, 17374309, 1, 0, 0
53416, 17864344, 1, 0, 0
53506, 17998730, 1, 0, 0
53613, 17835176, 1, 0, 0
53703, 17929706, 1, 0, 0
53811, 17986021, 1, 0, 0
53904, 18664867, 1, 0, 0
54003, 19726265, 1, 0, 0
54112, 27281484, 1, 0, 0
54209, 24208198, 1, 0, 0
54309, 24940403, 1, 0, 0
54412, 25857379, 1, 0, 0
54510, 24448431, 1, 0, 0
54612, 25502034, 1, 0, 0
54715, 20689067, 1, 0, 0
54804, 29455542, 1, 0, 0
54911, 15304211, 1, 0, 0
55005, 15624953, 1, 0, 0
55115, 15764075, 1, 0, 0
55208, 15425979, 1, 0, 0
55300, 15438810, 1, 0, 0
55406, 15063928, 1, 0, 0
55531, 17881377, 1, 0, 0
55630, 49397799, 1, 0, 0
55742, 56062519, 1, 0, 0
55802, 60216655, 1, 0, 0
55916, 56980339, 1, 0, 0
56043, 63291746, 1, 0, 0
56107, 16205003, 1, 0, 0
56204, 16094174, 1, 0, 0
56315, 15823946, 1, 0, 0
56408, 15531201, 1, 0, 0
56506, 16249174, 1, 0, 0
56615, 15605092, 1, 0, 0
56707, 15337164, 1, 0, 0
56800, 15480091, 1, 0, 0
56910, 15766515, 1, 0, 0
57007, 16172086, 1, 0, 0
57117, 15703233, 1, 0, 0
57210, 15534227, 1, 0, 0
57304, 15597232, 1, 0, 0
57402, 16338894, 1, 0, 0
57512, 15684345, 1, 0, 0
57603, 15200347, 1, 0, 0
57714, 15903170, 1, 0, 0
57808, 15554493, 1, 0, 0
57905, 16204161, 1, 0, 0
58014, 15555508, 1, 0, 0
58105, 15200384, 1, 0, 0
58215, 15738144, 1, 0, 0
58309, 15537235, 1, 0, 0
58407, 16336122, 1, 0, 0
58516, 15688982, 1, 0, 0
58606, 14992204, 1, 0, 0
58700, 15655847, 1, 0, 0
58831, 32620434, 1, 0, 0
58933, 50808381, 1, 0, 0
59052, 59938833, 1, 0, 0
59111, 58478600, 1, 0, 0
59221, 55230633, 1, 0, 0
59330, 54172767, 1, 0, 0
59406, 38087871, 1, 0, 0
59500, 15733798, 1, 0, 0
59611, 15736447, 1, 0, 0
59709, 16335866, 1, 0, 0
59819, 15717859, 1, 0, 0
59909, 15105251, 1, 0, 0
60003, 15673159, 1, 0, 0
60101, 16214614, 1, 0, 0
60205, 17370626, 1, 0, 0
60313, 18056633, 1, 0, 0
60401, 17571655, 1, 0, 0
60508, 17853631, 1, 0, 0
60617, 18043480, 1, 0, 0
60705, 17686826, 1, 0, 0
60813, 18012516, 1, 0, 0
60901, 17591671, 1, 0, 0
61007, 17683086, 1, 0, 0
61109, 17041689, 1, 0, 0
61216, 17749921, 1, 0, 0
61305, 17725096, 1, 0, 0
61413, 17988309, 1, 0, 0
61500, 17489844, 1, 0, 0
61608, 17981709, 1, 0, 0
61713, 17578744, 1, 0, 0
61803, 17808080, 1, 0, 0
61915, 28084703, 1, 0, 0
62034, 59650446, 1, 0, 0
62141, 53489573, 1, 0, 0
62251, 54944913, 1, 0, 0
62308, 56579081, 1, 0, 0
62430, 61228600, 1, 0, 0
62524, 46932296, 1, 0, 0
62614, 17998825, 1, 0, 0
62707, 18514067, 1, 0, 0
62812, 17645315, 1, 0, 0
62901, 17618099, 1, 0, 0
63009, 18055645, 1, 0, 0
63109, 20070510, 1, 0, 0
63207, 16349788, 1, 0, 0
63309, 14563250, 1, 0, 0
63401, 15172384, 1, 0, 0
63508, 15423590, 1, 0, 0
63600, 15187544, 1, 0, 0
63709, 15605804, 1, 0, 0
63802, 15572264, 1, 0, 0
63909, 15223071, 1, 0, 0
64002, 15482260, 1, 0, 0
64113, 15802730, 1, 0, 0
64205, 15432060, 1, 0, 0
64311, 15086640, 1, 0, 0
64412, 16901875, 1, 0, 0
64508, 15912433, 1, 0, 0
64618, 15753408, 1, 0, 0
64708, 15060073, 1, 0, 0
64803, 15746652, 1, 0, 0
64911, 15376922, 1, 0, 0
65004, 15641702, 1, 0, 0
65105, 33441291, 1, 0, 0
65207, 50911700, 1, 0, 0
65316, 54807202, 1, 0, 0
65427, 55605272, 1, 0, 0
65536, 54432548, 1, 0, 0
65640, 51764024, 1, 0, 0
65703, 15778974, 1, 0, 0
65819, 16558697, 1, 0, 0
65910, 15107133, 1, 0, 0
66000, 15049480, 1, 0, 0
66105, 14981481, 1, 0, 0
66210, 14972740, 1, 0, 0
66314, 14833858, 1, 0, 0
66405, 15260097, 1, 0, 0
66515, 15647264, 1, 0, 0
66607, 15340483, 1, 0, 0
66705, 16343336, 1, 0, 0
66811, 15195236, 1, 0, 0
66904, 15418191, 1, 0, 0
67012, 15487495, 1, 0, 0
67103, 15151076, 1, 0, 0
67212, 15538374, 1, 0, 0
67310, 16382105, 1, 0, 0
67400, 15033667, 1, 0, 0
67505, 15001260, 1, 0, 0
67610, 14984680, 1, 0, 0
67700, 14946685, 1, 0, 0
67805, 14960817, 1, 0, 0
67909, 14952434, 1, 0, 0
68014, 14917942, 1, 0, 0
68103, 14891920, 1, 0, 0
68207, 14826761, 1, 0, 0
68312, 15013036, 1, 0, 0
68425, 37513425, 1, 0, 0
68523, 49304196, 1, 0, 0
68630, 53026970, 1, 0, 0
68737, 53567689, 1, 0, 0
68843, 53342283, 1, 0, 0
68950, 53260703, 1, 0, 0
69005, 54717557, 1, 0, 0
69123, 23625857, 1, 0, 0
69203, 16117472, 1, 0, 0
69314, 15849056, 1, 0, 0
69406, 15316132, 1, 0, 0
69502, 15874959, 1, 0, 0
69611, 15603082, 1, 0, 0
69709, 16343231, 1, 0, 0
69812, 17111478, 1, 0, 0
69918, 17687974, 1, 0, 0
70005, 17497094, 1, 0, 0
70113, 17980324, 1, 0, 0
70202, 17682719, 1, 0, 0
70308, 17782649, 1, 0, 0
70413, 17454693, 1, 0, 0
70503, 18078081, 1, 0, 0
70605, 16988123, 1, 0, 0
70711, 17631736, 1, 0, 0
70800, 17813946, 1, 0, 0
70907, 17842625, 1, 0, 0
71014, 17791212, 1, 0, 0
71102, 17513870, 1, 0, 0
71210, 17998480, 1, 0, 0
71313, 17150500, 1, 0, 0
71415, 20544030, 1, 0, 0
71517, 51031843, 1, 0, 0
71628, 55248291, 1, 0, 0
71739, 55727941, 1, 0, 0
71800, 60832051, 1, 0, 0
71913, 56455300, 1, 0, 0
72002, 44588934, 1, 0, 0
72112, 18210417, 1, 0, 0
72201, 17807588, 1, 0, 0
72307, 17707044, 1, 0, 0
72400, 18571240, 1, 0, 0
72505, 17479845, 1, 0, 0
72603, 19731213, 1, 0, 0
72709, 17546329, 1, 0, 0
72817, 15425557, 1, 0, 0
72908, 15122517, 1, 0, 0
73010, 14685853, 1, 0, 0
73106, 15879636, 1, 0, 0
73201, 15869670, 1, 0, 0
73311, 15758911, 1, 0, 0
73402, 15181614, 1, 0, 0
73512, 15664536, 1, 0, 0
73607, 15805230, 1, 0, 0
73703, 15987776, 1, 0, 0
73813, 15784340, 1, 0, 0
73905, 15191978, 1, 0, 0
74013, 15527138, 1, 0, 0
74109, 16003298, 1, 0, 0
74204, 15847271, 1, 0, 0
74315, 15761768, 1, 0, 0
74406, 15164865, 1, 0, 0
74501, 15831531, 1, 0, 0
74642, 23610583, 1, 0, 0
74750, 53524231, 1, 0, 0
74802, 52048371, 1, 0, 0
74913, 55724282, 1, 0, 0
75026, 56257077, 1, 0, 0
75143, 58926723, 1, 0, 0
75216, 18036695, 1, 0, 0
75309, 15605767, 1, 0, 0
75407, 19474747, 1, 0, 0
75511, 17385560, 1, 0, 0
75602, 18207193, 1, 0, 0
75709, 17746603, 1, 0, 0
75816, 17907216, 1, 0, 0
75906, 18055841, 1, 0, 0
76015, 18147056, 1, 0, 0
76103, 17516324, 1, 0, 0
76213, 18431885, 1, 0, 0
76306, 18408276, 1, 0, 0
76415, 15663482, 1, 0, 0
76508, 15540650, 1, 0, 0
76606, 16255981, 1, 0, 0
76714, 15487429, 1, 0, 0
76806, 15302830, 1, 0, 0
76917, 15752537, 1, 0, 0
77010, 15555027, 1, 0, 0
77107, 16199301, 1, 0, 0
77201, 15571224, 1, 0, 0
77307, 15204288, 1, 0, 0
77400, 15561793, 1, 0, 0
77512, 15877715, 1, 0, 0
77604, 15452434, 1, 0, 0
77709, 15001630, 1, 0, 0
77802, 15351607, 1, 0, 0
77932, 32482454, 1, 0, 0
78039, 53668608, 1, 0, 0
78148, 54753522, 1, 0, 0
78213, 65062062, 1, 0, 0
78323, 54760680, 1, 0, 0
78434, 55291186, 1, 0, 0
78507, 36603460, 1, 0, 0
78618, 15827988, 1, 0, 0
78710, 15360737, 1, 0, 0
78802, 15357229, 1, 0, 0
78906, 14922463, 1, 0, 0
79017, 15768887, 1, 0, 0
79109, 15330029, 1, 0, 0
79201, 15388308, 1, 0, 0
79305, 14889253, 1, 0, 0
79416, 15855117, 1, 0, 0
79503, 17357273, 1, 0, 0
79613, 15729549, 1, 0, 0
79709, 15908545, 1, 0, 0
79801, 15408662, 1, 0, 0
79904, 17032472, 1, 0, 0
80015, 15872557, 1, 0, 0
80106, 15130068, 1, 0, 0
80200, 15657214, 1, 0, 0
80309, 15574848, 1, 0, 0
80407, 16321624, 1, 0, 0
80516, 15592436, 1, 0, 0
80607, 15134629, 1, 0, 0
80700, 15542562, 1, 0, 0
80804, 17359469, 1, 0, 0
80912, 17960197, 1, 0, 0
81000, 17672218, 1, 0, 0
81115, 28700834, 1, 0, 0
81208, 46330162, 1, 0, 0
81331, 61806228, 1, 0, 0
81444, 56415458, 1, 0, 0
81500, 55649365, 1, 0, 0
81620, 60225082, 1, 0, 0
81714, 47128263, 1, 0, 0
81803, 17766413, 1, 0, 0
81911, 17894973, 1, 0, 0
82008, 19533445, 1, 0, 0
82103, 15699774, 1, 0, 0
82201, 16393363, 1, 0, 0
82314, 16186716, 1, 0, 0
82406, 15230091, 1, 0, 0
82501, 15799531, 1, 0, 0
82611, 15812200, 1, 0, 0
82710, 16483046, 1, 0, 0
82801, 15128080, 1, 0, 0
82911, 15761958, 1, 0, 0
83006, 15767762, 1, 0, 0
83104, 16296274, 1, 0, 0
83215, 15915264, 1, 0, 0
83306, 15104645, 1, 0, 0
83400, 15758382, 1, 0, 0
83520, 17119479, 1, 0, 0
83610, 14993091, 1, 0, 0
83701, 15093997, 1, 0, 0
83805, 14878074, 1, 0, 0
83910, 14959041, 1, 0, 0
84014, 14847633, 1, 0, 0
84103, 14950587, 1, 0, 0
84200, 19333290, 1, 0, 0
84300, 49912933, 1, 0, 0
84411, 55458415, 1, 0, 0
84520, 54775245, 1, 0, 0
84637, 58320668, 1, 0, 0
84747, 54850081, 1, 0, 0
84807, 30280647, 1, 0, 0
84903, 16008628, 1, 0, 0
85013, 15606382, 1, 0, 0
85108, 15852831, 1, 0, 0
85217, 15654117, 1, 0, 0
85309, 15185643, 1, 0, 0
85404, 15941168, 1, 0, 0
85500, 16025638, 1, 0, 0
85608, 15315166, 1, 0, 0
85700, 15388703, 1, 0, 0
85809, 15620688, 1, 0, 0
85901, 15333124, 1, 0, 0
86008, 15230793, 1, 0, 0
86100, 15293434, 1, 0, 0
86208, 15475374, 1, 0, 0
86300, 15345537, 1, 0, 0
86407, 15203913, 1, 0, 0
86515, 15463008, 1, 0, 0
86607, 15262610, 1, 0, 0
86713, 15159494, 1, 0, 0
86802, 14961111, 1, 0, 0
86909, 15206486, 1, 0, 0
87005, 16058798, 1, 0, 0
87114, 15527286, 1, 0, 0
87209, 15810372, 1, 0, 0
87300, 15242020, 1, 0, 0
87407, 15250880, 1, 0, 0
87508, 33519587, 1, 0, 0
87607, 49720163, 1, 0, 0
87719, 55775046, 1, 0, 0
87832, 56401444, 1, 0, 0
87944, 56222796, 1, 0, 0
88003, 59189736, 1, 0, 0
88111, 15378949, 1, 0, 0
88202, 15189391, 1, 0, 0
88312, 15757648, 1, 0, 0
88408, 15963148, 1, 0, 0
88500, 15330344, 1, 0, 0
88610, 15671236, 1, 0, 0
88705, 15884004, 1, 0, 0
88800, 15800397, 1, 0, 0
88911, 15896363, 1, 0, 0
89015, 17248370, 1, 0, 0
89111, 15948565, 1, 0, 0
89202, 15187161, 1, 0, 0
89311, 15613004, 1, 0, 0
89406, 15906909, 1, 0, 0
89501, 15684212, 1, 0, 0
89606, 17553098, 1, 0, 0
89712, 15179636, 1, 0, 0
89805, 15460153, 1, 0, 0
89915, 15756285, 1, 0, 0
90008, 15408034, 1, 0, 0
