250, 4096, 1, 0, 0
350, 12800, 1, 0, 0
450, 15360, 1, 0, 0
550, 17920, 1, 0, 0
650, 15360, 1, 0, 0
749, 18101, 1, 0, 0
849, 15360, 1, 0, 0
949, 15360, 1, 0, 0
1050, 17920, 1, 0, 0
1150, 15360, 1, 0, 0
1249, 15515, 1, 0, 0
1349, 15360, 1, 0, 0
1449, 17920, 1, 0, 0
1549, 15360, 1, 0, 0
1649, 15360, 1, 0, 0
1749, 17920, 1, 0, 0
1849, 15360, 1, 0, 0
1949, 15360, 1, 0, 0
2050, 17920, 1, 0, 0
2150, 15360, 1, 0, 0
2249, 18101, 1, 0, 0
2349, 15360, 1, 0, 0
2449, 15360, 1, 0, 0
2549, 17920, 1, 0, 0
2649, 15360, 1, 0, 0
2749, 17920, 1, 0, 0
2849, 10240, 1, 0, 0
2949, 5120, 1, 0, 0
3050, 2560, 1, 0, 0
3150, 5120, 1, 0, 0
3249, 5171, 1, 0, 0
3349, 5120, 1, 0, 0
3449, 7680, 1, 0, 0
3549, 17920, 1, 0, 0
3649, 15360, 1, 0, 0
3749, 17920, 1, 0, 0
3850, 15360, 1, 0, 0
3950, 15360, 1, 0, 0
4050, 17920, 1, 0, 0
4150, 15360, 1, 0, 0
4249, 15515, 1, 0, 0
4349, 17920, 1, 0, 0
4449, 15360, 1, 0, 0
4549, 17920, 1, 0, 0
4649, 15360, 1, 0, 0
4749, 15515, 1, 0, 0
4849, 15360, 1, 0, 0
4949, 17920, 1, 0, 0
5049, 15360, 1, 0, 0
5149, 17920, 1, 0, 0
5249, 15360, 1, 0, 0
5349, 15360, 1, 0, 0
5449, 17920, 1, 0, 0
5549, 15360, 1, 0, 0
5649, 17920, 1, 0, 0
5750, 15360, 1, 0, 0
5850, 15360, 1, 0, 0
5950, 15360, 1, 0, 0
6050, 5120, 1, 0, 0
6150, 2560, 1, 0, 0
6249, 5171, 1, 0, 0
6349, 5120, 1, 0, 0
6449, 5120, 1, 0, 0
6550, 5120, 1, 0, 0
6650, 7680, 1, 0, 0
6749, 15515, 1, 0, 0
6849, 15360, 1, 0, 0
6949, 17920, 1, 0, 0
7049, 15360, 1, 0, 0
7149, 17920, 1, 0, 0
7249, 15360, 1, 0, 0
7349, 15360, 1, 0, 0
7449, 17920, 1, 0, 0
7549, 15360, 1, 0, 0
7650, 15360, 1, 0, 0
7749, 12929, 1, 0, 0
7849, 15360, 1, 0, 0
7949, 15360, 1, 0, 0
8049, 12800, 1, 0, 0
8149, 15360, 1, 0, 0
8249, 15360, 1, 0, 0
8349, 12800, 1, 0, 0
8449, 15360, 1, 0, 0
8550, 15360, 1, 0, 0
8650, 12800, 1, 0, 0
8749, 15515, 1, 0, 0
8849, 15360, 1, 0, 0
8949, 12800, 1, 0, 0
9049, 10240, 1, 0, 0
9149, 5120, 1, 0, 0
9249, 5120, 1, 0, 0
9350, 2560, 1, 0, 0
9450, 5120, 1, 0, 0
9550, 5120, 1, 0, 0
9650, 2560, 1, 0, 0
9749, 15515, 1, 0, 0
9849, 15360, 1, 0, 0
9949, 12800, 1, 0, 0
10049, 15360, 1, 0, 0
10150, 12800, 1, 0, 0
10249, 15515, 1, 0, 0
10349, 15360, 1, 0, 0
10449, 12800, 1, 0, 0
10549, 15360, 1, 0, 0
10649, 15360, 1, 0, 0
10749, 12800, 1, 0, 0
10850, 15360, 1, 0, 0
10950, 12800, 1, 0, 0
11050, 15360, 1, 0, 0
11150, 15360, 1, 0, 0
11249, 12929, 1, 0, 0
11349, 15360, 1, 0, 0
11449, 15360, 1, 0, 0
11550, 12800, 1, 0, 0
11650, 15360, 1, 0, 0
11749, 15515, 1, 0, 0
11849, 12800, 1, 0, 0
11949, 15360, 1, 0, 0
12049, 12800, 1, 0, 0
12149, 7680, 1, 0, 0
12249, 2560, 1, 0, 0
12349, 5120, 1, 0, 0
12450, 5120, 1, 0, 0
12550, 5120, 1, 0, 0
12650, 5120, 1, 0, 0
12749, 12929, 1, 0, 0
12849, 15360, 1, 0, 0
12949, 12800, 1, 0, 0
13050, 15360, 1, 0, 0
13150, 12800, 1, 0, 0
13249, 15515, 1, 0, 0
13349, 15360, 1, 0, 0
13449, 12800, 1, 0, 0
13549, 15360, 1, 0, 0
13649, 12800, 1, 0, 0
13749, 15360, 1, 0, 0
13849, 12800, 1, 0, 0
13949, 15360, 1, 0, 0
14050, 12800, 1, 0, 0
14150, 15360, 1, 0, 0
14249, 12929, 1, 0, 0
14349, 15360, 1, 0, 0
14449, 15360, 1, 0, 0
14549, 12800, 1, 0, 0
14649, 15360, 1, 0, 0
14750, 15360, 1, 0, 0
14850, 12800, 1, 0, 0
14950, 15360, 1, 0, 0
15050, 12800, 1, 0, 0
15150, 15360, 1, 0, 0
15249, 15515, 1, 0, 0
15349, 10240, 1, 0, 0
15449, 5120, 1, 0, 0
15550, 2560, 1, 0, 0
15650, 5120, 1, 0, 0
15749, 5171, 1, 0, 0
15849, 5120, 1, 0, 0
15949, 5120, 1, 0, 0
16049, 5120, 1, 0, 0
16149, 12800, 1, 0, 0
16250, 15360, 1, 0, 0
16350, 12800, 1, 0, 0
16450, 15360, 1, 0, 0
16550, 15360, 1, 0, 0
16650, 12800, 1, 0, 0
16749, 15515, 1, 0, 0
16849, 15360, 1, 0, 0
16949, 17920, 1, 0, 0
17049, 15360, 1, 0, 0
17150, 17920, 1, 0, 0
17250, 15360, 1, 0, 0
17350, 15360, 1, 0, 0
17450, 17920, 1, 0, 0
17550, 10240, 1, 0, 0
17650, 12800, 1, 0, 0
17749, 7757, 1, 0, 0
17849, 10240, 1, 0, 0
17949, 10240, 1, 0, 0
18049, 10240, 1, 0, 0
18150, 7680, 1, 0, 0
18249, 2585, 1, 0, 0
18349, 2560, 1, 0, 0
18449, 2560, 1, 0, 0
18549, 5120, 1, 0, 0
18649, 5120, 1, 0, 0
18749, 15360, 1, 0, 0
18849, 15360, 1, 0, 0
18950, 15360, 1, 0, 0
19050, 17920, 1, 0, 0
19150, 15360, 1, 0, 0
19249, 18101, 1, 0, 0
19349, 15360, 1, 0, 0
19449, 15360, 1, 0, 0
19549, 15360, 1, 0, 0
19649, 17920, 1, 0, 0
19749, 15360, 1, 0, 0
19849, 17920, 1, 0, 0
19949, 15360, 1, 0, 0
20050, 15360, 1, 0, 0
20150, 17920, 1, 0, 0
20249, 15515, 1, 0, 0
20349, 17920, 1, 0, 0
20449, 15360, 1, 0, 0
20549, 15360, 1, 0, 0
20649, 17920, 1, 0, 0
20749, 15360, 1, 0, 0
20849, 17920, 1, 0, 0
20949, 15360, 1, 0, 0
21050, 15360, 1, 0, 0
21150, 17920, 1, 0, 0
21249, 2585, 1, 0, 0
21349, 5120, 1, 0, 0
21449, 5120, 1, 0, 0
21549, 5120, 1, 0, 0
21649, 5120, 1, 0, 0
21749, 5120, 1, 0, 0
21850, 5120, 1, 0, 0
21950, 15360, 1, 0, 0
22050, 17920, 1, 0, 0
22150, 15360, 1, 0, 0
22249, 15515, 1, 0, 0
22349, 17920, 1, 0, 0
22449, 15360, 1, 0, 0
22549, 17920, 1, 0, 0
22649, 15360, 1, 0, 0
22750, 15360, 1, 0, 0
22850, 17920, 1, 0, 0
22950, 15360, 1, 0, 0
23050, 17920, 1, 0, 0
23150, 15360, 1, 0, 0
23249, 18101, 1, 0, 0
23349, 15360, 1, 0, 0
23449, 17920, 1, 0, 0
23549, 12800, 1, 0, 0
23649, 12800, 1, 0, 0
23749, 15360, 1, 0, 0
23850, 12800, 1, 0, 0
23950, 15360, 1, 0, 0
24050, 12800, 1, 0, 0
24150, 10240, 1, 0, 0
24249, 5171, 1, 0, 0
24349, 5120, 1, 0, 0
24449, 5120, 1, 0, 0
24550, 5120, 1, 0, 0
24650, 2560, 1, 0, 0
24749, 7757, 1, 0, 0
24849, 5120, 1, 0, 0
24949, 15360, 1, 0, 0
25049, 15360, 1, 0, 0
25150, 12800, 1, 0, 0
25250, 15360, 1, 0, 0
25350, 15360, 1, 0, 0
25450, 12800, 1, 0, 0
25550, 15360, 1, 0, 0
25650, 12800, 1, 0, 0
25749, 15515, 1, 0, 0
25849, 15360, 1, 0, 0
25949, 12800, 1, 0, 0
26050, 15360, 1, 0, 0
26150, 15360, 1, 0, 0
26249, 12929, 1, 0, 0
26349, 15360, 1, 0, 0
26449, 12800, 1, 0, 0
26549, 15360, 1, 0, 0
26649, 15360, 1, 0, 0
26749, 12800, 1, 0, 0
26849, 15360, 1, 0, 0
26949, 17920, 1, 0, 0
27050, 15360, 1, 0, 0
27150, 15360, 1, 0, 0
27249, 5171, 1, 0, 0
27349, 5120, 1, 0, 0
27449, 5120, 1, 0, 0
27549, 5120, 1, 0, 0
27649, 5120, 1, 0, 0
27749, 2560, 1, 0, 0
27849, 15360, 1, 0, 0
27949, 17920, 1, 0, 0
28050, 17920, 1, 0, 0
28150, 15360, 1, 0, 0
28249, 15515, 1, 0, 0
28349, 17920, 1, 0, 0
28449, 15360, 1, 0, 0
28549, 15360, 1, 0, 0
28649, 17920, 1, 0, 0
28749, 15360, 1, 0, 0
28849, 17920, 1, 0, 0
28949, 15360, 1, 0, 0
29050, 17920, 1, 0, 0
29150, 15360, 1, 0, 0
29249, 18101, 1, 0, 0
29349, 15360, 1, 0, 0
29449, 15360, 1, 0, 0
29549, 17920, 1, 0, 0
29649, 15360, 1, 0, 0
29749, 17920, 1, 0, 0
29849, 15360, 1, 0, 0
29949, 17920, 1, 0, 0
30049, 17920, 1, 0, 0
30149, 15360, 1, 0, 0
30249, 17920, 1, 0, 0
30350, 15360, 1, 0, 0
30450, 17920, 1, 0, 0
30550, 10240, 1, 0, 0
30650, 5120, 1, 0, 0
30749, 5171, 1, 0, 0
30849, 2560, 1, 0, 0
30949, 5120, 1, 0, 0
31049, 5120, 1, 0, 0
31149, 5120, 1, 0, 0
31249, 17920, 1, 0, 0
31349, 15360, 1, 0, 0
31449, 15360, 1, 0, 0
31550, 17920, 1, 0, 0
31650, 15360, 1, 0, 0
31749, 18101, 1, 0, 0
31849, 15360, 1, 0, 0
31949, 15360, 1, 0, 0
32049, 17920, 1, 0, 0
32149, 15360, 1, 0, 0
32249, 15360, 1, 0, 0
32349, 17920, 1, 0, 0
32449, 15360, 1, 0, 0
32549, 15360, 1, 0, 0
32649, 17920, 1, 0, 0
32750, 15360, 1, 0, 0
32850, 17920, 1, 0, 0
32950, 15360, 1, 0, 0
33050, 15360, 1, 0, 0
33150, 17920, 1, 0, 0
33249, 15515, 1, 0, 0
33349, 15360, 1, 0, 0
33449, 17920, 1, 0, 0
33549, 15360, 1, 0, 0
33649, 10240, 1, 0, 0
33750, 5120, 1, 0, 0
33850, 2560, 1, 0, 0
33950, 5120, 1, 0, 0
34050, 5120, 1, 0, 0
34150, 5120, 1, 0, 0
34249, 5171, 1, 0, 0
34349, 15360, 1, 0, 0
34449, 17920, 1, 0, 0
34550, 15360, 1, 0, 0
34650, 15360, 1, 0, 0
34749, 15515, 1, 0, 0
34849, 17920, 1, 0, 0
34949, 15360, 1, 0, 0
35049, 17920, 1, 0, 0
35149, 15360, 1, 0, 0
35249, 15360, 1, 0, 0
35349, 17920, 1, 0, 0
35449, 15360, 1, 0, 0
35550, 15360, 1, 0, 0
35650, 17920, 1, 0, 0
35749, 15515, 1, 0, 0
35849, 15360, 1, 0, 0
35949, 17920, 1, 0, 0
36049, 12800, 1, 0, 0
36149, 15360, 1, 0, 0
36249, 12800, 1, 0, 0
36349, 15360, 1, 0, 0
36449, 12800, 1, 0, 0
36550, 17920, 1, 0, 0
36650, 15360, 1, 0, 0
36749, 12929, 1, 0, 0
36849, 5120, 1, 0, 0
36949, 5120, 1, 0, 0
37049, 5120, 1, 0, 0
37149, 7680, 1, 0, 0
37250, 17920, 1, 0, 0
37350, 15360, 1, 0, 0
37450, 15360, 1, 0, 0
37550, 17920, 1, 0, 0
37650, 15360, 1, 0, 0
37749, 15515, 1, 0, 0
37849, 17920, 1, 0, 0
37949, 15360, 1, 0, 0
38049, 15360, 1, 0, 0
38149, 17920, 1, 0, 0
38249, 15360, 1, 0, 0
38349, 15360, 1, 0, 0
38450, 17920, 1, 0, 0
38550, 15360, 1, 0, 0
38650, 15360, 1, 0, 0
38749, 18101, 1, 0, 0
38849, 15360, 1, 0, 0
38949, 15360, 1, 0, 0
39049, 17920, 1, 0, 0
39149, 15360, 1, 0, 0
39249, 15360, 1, 0, 0
39349, 17920, 1, 0, 0
39449, 15360, 1, 0, 0
39550, 17920, 1, 0, 0
39650, 15360, 1, 0, 0
39749, 15515, 1, 0, 0
39849, 15360, 1, 0, 0
39949, 17920, 1, 0, 0
40049, 15360, 1, 0, 0
40149, 12800, 1, 0, 0
40249, 5120, 1, 0, 0
40349, 5120, 1, 0, 0
40450, 5120, 1, 0, 0
40550, 5120, 1, 0, 0
40650, 5120, 1, 0, 0
40749, 2585, 1, 0, 0
40849, 12800, 1, 0, 0
40949, 15360, 1, 0, 0
41049, 17920, 1, 0, 0
41149, 15360, 1, 0, 0
41250, 15360, 1, 0, 0
41350, 17920, 1, 0, 0
41450, 15360, 1, 0, 0
41550, 17920, 1, 0, 0
41650, 15360, 1, 0, 0
41749, 15515, 1, 0, 0
41849, 17920, 1, 0, 0
41949, 15360, 1, 0, 0
42049, 17920, 1, 0, 0
42149, 15360, 1, 0, 0
42250, 15360, 1, 0, 0
42350, 17920, 1, 0, 0
42450, 15360, 1, 0, 0
42550, 15360, 1, 0, 0
42650, 17920, 1, 0, 0
42749, 15515, 1, 0, 0
42849, 17920, 1, 0, 0
42949, 15360, 1, 0, 0
43050, 15360, 1, 0, 0
43150, 17920, 1, 0, 0
43249, 15515, 1, 0, 0
43349, 5120, 1, 0, 0
43449, 5120, 1, 0, 0
43549, 5120, 1, 0, 0
43649, 5120, 1, 0, 0
43750, 2560, 1, 0, 0
43850, 5120, 1, 0, 0
43950, 7680, 1, 0, 0
44050, 17920, 1, 0, 0
44150, 15360, 1, 0, 0
44249, 15515, 1, 0, 0
44349, 15360, 1, 0, 0
44449, 17920, 1, 0, 0
44550, 15360, 1, 0, 0
44650, 17920, 1, 0, 0
44749, 15515, 1, 0, 0
44849, 15360, 1, 0, 0
44949, 17920, 1, 0, 0
45049, 15360, 1, 0, 0
45149, 17920, 1, 0, 0
45249, 15360, 1, 0, 0
45349, 15360, 1, 0, 0
45450, 15360, 1, 0, 0
45550, 15360, 1, 0, 0
45650, 17920, 1, 0, 0
45749, 15515, 1, 0, 0
45849, 12800, 1, 0, 0
45949, 15360, 1, 0, 0
46049, 15360, 1, 0, 0
46149, 12800, 1, 0, 0
46250, 15360, 1, 0, 0
46350, 10240, 1, 0, 0
46450, 5120, 1, 0, 0
46550, 5120, 1, 0, 0
46650, 5120, 1, 0, 0
46749, 2585, 1, 0, 0
46849, 5120, 1, 0, 0
46950, 7680, 1, 0, 0
47050, 12800, 1, 0, 0
47150, 15360, 1, 0, 0
47249, 15515, 1, 0, 0
47349, 12800, 1, 0, 0
47449, 15360, 1, 0, 0
47549, 12800, 1, 0, 0
47650, 15360, 1, 0, 0
47750, 15360, 1, 0, 0
47850, 12800, 1, 0, 0
47950, 15360, 1, 0, 0
48050, 15360, 1, 0, 0
48150, 12800, 1, 0, 0
48249, 15515, 1, 0, 0
48349, 12800, 1, 0, 0
48449, 15360, 1, 0, 0
48549, 15360, 1, 0, 0
48650, 12800, 1, 0, 0
48749, 15515, 1, 0, 0
48849, 15360, 1, 0, 0
48949, 12800, 1, 0, 0
49049, 15360, 1, 0, 0
49149, 15360, 1, 0, 0
49249, 12800, 1, 0, 0
49349, 15360, 1, 0, 0
49449, 12800, 1, 0, 0
49549, 10240, 1, 0, 0
49650, 7680, 1, 0, 0
49750, 2560, 1, 0, 0
49850, 5120, 1, 0, 0
49950, 5120, 1, 0, 0
50050, 5120, 1, 0, 0
50150, 2560, 1, 0, 0
50249, 12929, 1, 0, 0
50349, 12800, 1, 0, 0
50449, 15360, 1, 0, 0
50550, 12800, 1, 0, 0
50650, 15360, 1, 0, 0
50749, 15515, 1, 0, 0
50849, 12800, 1, 0, 0
50949, 12800, 1, 0, 0
51049, 15360, 1, 0, 0
51149, 15360, 1, 0, 0
51250, 12800, 1, 0, 0
51350, 15360, 1, 0, 0
51450, 15360, 1, 0, 0
51550, 12800, 1, 0, 0
51650, 15360, 1, 0, 0
51749, 15515, 1, 0, 0
51849, 12800, 1, 0, 0
51949, 15360, 1, 0, 0
52049, 15360, 1, 0, 0
52149, 12800, 1, 0, 0
52250, 15360, 1, 0, 0
52350, 15360, 1, 0, 0
52450, 12800, 1, 0, 0
52550, 15360, 1, 0, 0
52650, 7680, 1, 0, 0
52749, 5171, 1, 0, 0
52849, 5120, 1, 0, 0
52950, 5120, 1, 0, 0
53050, 5120, 1, 0, 0
53150, 7680, 1, 0, 0
53249, 12929, 1, 0, 0
53349, 15360, 1, 0, 0
53449, 12800, 1, 0, 0
53549, 15360, 1, 0, 0
53649, 15360, 1, 0, 0
53749, 12800, 1, 0, 0
53850, 15360, 1, 0, 0
53950, 12800, 1, 0, 0
54050, 12800, 1, 0, 0
54150, 7680, 1, 0, 0
54249, 10343, 1, 0, 0
54349, 10240, 1, 0, 0
54449, 10240, 1, 0, 0
54549, 10240, 1, 0, 0
54649, 10240, 1, 0, 0
54750, 10240, 1, 0, 0
54850, 15360, 1, 0, 0
54950, 15360, 1, 0, 0
55050, 15360, 1, 0, 0
55150, 17920, 1, 0, 0
55249, 15515, 1, 0, 0
55349, 17920, 1, 0, 0
55449, 15360, 1, 0, 0
55549, 12800, 1, 0, 0
55649, 5120, 1, 0, 0
55750, 5120, 1, 0, 0
55850, 2560, 1, 0, 0
55950, 5120, 1, 0, 0
56050, 5120, 1, 0, 0
56150, 15360, 1, 0, 0
56249, 15515, 1, 0, 0
56349, 17920, 1, 0, 0
56450, 15360, 1, 0, 0
56550, 17920, 1, 0, 0
56650, 15360, 1, 0, 0
56749, 15515, 1, 0, 0
56849, 17920, 1, 0, 0
56949, 15360, 1, 0, 0
57049, 15360, 1, 0, 0
57149, 15360, 1, 0, 0
57249, 17920, 1, 0, 0
57349, 15360, 1, 0, 0
57449, 17920, 1, 0, 0
57550, 15360, 1, 0, 0
57650, 15360, 1, 0, 0
57749, 18101, 1, 0, 0
57849, 15360, 1, 0, 0
57949, 17920, 1, 0, 0
58049, 15360, 1, 0, 0
58149, 15360, 1, 0, 0
58249, 17920, 1, 0, 0
58349, 15360, 1, 0, 0
58449, 15360, 1, 0, 0
58550, 17920, 1, 0, 0
58650, 15360, 1, 0, 0
58749, 15515, 1, 0, 0
58849, 5120, 1, 0, 0
58949, 5120, 1, 0, 0
59049, 2560, 1, 0, 0
59149, 5120, 1, 0, 0
59250, 5120, 1, 0, 0
59350, 5120, 1, 0, 0
59450, 10240, 1, 0, 0
59550, 17920, 1, 0, 0
59650, 15360, 1, 0, 0
59749, 15515, 1, 0, 0
59849, 15360, 1, 0, 0
59949, 17920, 1, 0, 0
60050, 15360, 1, 0, 0
60150, 17920, 1, 0, 0
60250, 12800, 1, 0, 0
60350, 15360, 1, 0, 0
60450, 12800, 1, 0, 0
60550, 15360, 1, 0, 0
60650, 12800, 1, 0, 0
60749, 15515, 1, 0, 0
60849, 15360, 1, 0, 0
60949, 12800, 1, 0, 0
61049, 15360, 1, 0, 0
61150, 15360, 1, 0, 0
61250, 12800, 1, 0, 0
61350, 15360, 1, 0, 0
61450, 15360, 1, 0, 0
61550, 12800, 1, 0, 0
61650, 15360, 1, 0, 0
61749, 15515, 1, 0, 0
61849, 12800, 1, 0, 0
61950, 5120, 1, 0, 0
62050, 5120, 1, 0, 0
62150, 5120, 1, 0, 0
62249, 2585, 1, 0, 0
62349, 5120, 1, 0, 0
62449, 5120, 1, 0, 0
62549, 7680, 1, 0, 0
62649, 12800, 1, 0, 0
62750, 15360, 1, 0, 0
62850, 15360, 1, 0, 0
62950, 12800, 1, 0, 0
63050, 15360, 1, 0, 0
63150, 12800, 1, 0, 0
63249, 18101, 1, 0, 0
63349, 15360, 1, 0, 0
63449, 17920, 1, 0, 0
63549, 15360, 1, 0, 0
63650, 17920, 1, 0, 0
63750, 15360, 1, 0, 0
63850, 17920, 1, 0, 0
63950, 15360, 1, 0, 0
64050, 15360, 1, 0, 0
64150, 17920, 1, 0, 0
64249, 15515, 1, 0, 0
64349, 17920, 1, 0, 0
64449, 15360, 1, 0, 0
64549, 17920, 1, 0, 0
64649, 15360, 1, 0, 0
64750, 17920, 1, 0, 0
64850, 15360, 1, 0, 0
64950, 15360, 1, 0, 0
65050, 15360, 1, 0, 0
65150, 5120, 1, 0, 0
65249, 5171, 1, 0, 0
65349, 5120, 1, 0, 0
65449, 2560, 1, 0, 0
65550, 5120, 1, 0, 0
65650, 7680, 1, 0, 0
65750, 15360, 1, 0, 0
65850, 15360, 1, 0, 0
65950, 17920, 1, 0, 0
66050, 15360, 1, 0, 0
66150, 17920, 1, 0, 0
66249, 18101, 1, 0, 0
66349, 15360, 1, 0, 0
66449, 17920, 1, 0, 0
66549, 15360, 1, 0, 0
66649, 17920, 1, 0, 0
66750, 15360, 1, 0, 0
66850, 15360, 1, 0, 0
66950, 17920, 1, 0, 0
67050, 17920, 1, 0, 0
67150, 15360, 1, 0, 0
67249, 15515, 1, 0, 0
67349, 17920, 1, 0, 0
67449, 15360, 1, 0, 0
67549, 17920, 1, 0, 0
67650, 17920, 1, 0, 0
67750, 15360, 1, 0, 0
67850, 17920, 1, 0, 0
67950, 17920, 1, 0, 0
68050, 15360, 1, 0, 0
68150, 17920, 1, 0, 0
68249, 18101, 1, 0, 0
68349, 12800, 1, 0, 0
68449, 7680, 1, 0, 0
68549, 5120, 1, 0, 0
68649, 2560, 1, 0, 0
68750, 5120, 1, 0, 0
68850, 5120, 1, 0, 0
68950, 5120, 1, 0, 0
69050, 5120, 1, 0, 0
69150, 15360, 1, 0, 0
69249, 15515, 1, 0, 0
69349, 17920, 1, 0, 0
69449, 15360, 1, 0, 0
69549, 17920, 1, 0, 0
69649, 15360, 1, 0, 0
69750, 15360, 1, 0, 0
69850, 15360, 1, 0, 0
69950, 12800, 1, 0, 0
70050, 15360, 1, 0, 0
70150, 15360, 1, 0, 0
70249, 12929, 1, 0, 0
70349, 15360, 1, 0, 0
70449, 12800, 1, 0, 0
70550, 15360, 1, 0, 0
70650, 15360, 1, 0, 0
70749, 15515, 1, 0, 0
70849, 12800, 1, 0, 0
70949, 15360, 1, 0, 0
71049, 15360, 1, 0, 0
71149, 12800, 1, 0, 0
71249, 15360, 1, 0, 0
71349, 12800, 1, 0, 0
71449, 10240, 1, 0, 0
71550, 5120, 1, 0, 0
71650, 5120, 1, 0, 0
71749, 5171, 1, 0, 0
71849, 2560, 1, 0, 0
71949, 5120, 1, 0, 0
72049, 10240, 1, 0, 0
72149, 15360, 1, 0, 0
72250, 12800, 1, 0, 0
72350, 15360, 1, 0, 0
72450, 12800, 1, 0, 0
72550, 15360, 1, 0, 0
72650, 15360, 1, 0, 0
72749, 15515, 1, 0, 0
72849, 15360, 1, 0, 0
72949, 17920, 1, 0, 0
73050, 15360, 1, 0, 0
73150, 17920, 1, 0, 0
73249, 15515, 1, 0, 0
73349, 17920, 1, 0, 0
73449, 15360, 1, 0, 0
73549, 15360, 1, 0, 0
73649, 17920, 1, 0, 0
73749, 15360, 1, 0, 0
73849, 15360, 1, 0, 0
73949, 17920, 1, 0, 0
74049, 15360, 1, 0, 0
74149, 15360, 1, 0, 0
74250, 17920, 1, 0, 0
74350, 15360, 1, 0, 0
74450, 17920, 1, 0, 0
74550, 15360, 1, 0, 0
74650, 7680, 1, 0, 0
74749, 5171, 1, 0, 0
74849, 5120, 1, 0, 0
74950, 5120, 1, 0, 0
75050, 2560, 1, 0, 0
75150, 5120, 1, 0, 0
75249, 15515, 1, 0, 0
75349, 15360, 1, 0, 0
75449, 15360, 1, 0, 0
75549, 12800, 1, 0, 0
75649, 15360, 1, 0, 0
75749, 15360, 1, 0, 0
75850, 12800, 1, 0, 0
75950, 15360, 1, 0, 0
76050, 15360, 1, 0, 0
76150, 12800, 1, 0, 0
76249, 15515, 1, 0, 0
76349, 12800, 1, 0, 0
76449, 17920, 1, 0, 0
76549, 15360, 1, 0, 0
76649, 17920, 1, 0, 0
76750, 15360, 1, 0, 0
76850, 15360, 1, 0, 0
76950, 17920, 1, 0, 0
77050, 15360, 1, 0, 0
77150, 15360, 1, 0, 0
77249, 18101, 1, 0, 0
77349, 15360, 1, 0, 0
77449, 15360, 1, 0, 0
77549, 17920, 1, 0, 0
77649, 17920, 1, 0, 0
77749, 15360, 1, 0, 0
77849, 15360, 1, 0, 0
77949, 5120, 1, 0, 0
78050, 5120, 1, 0, 0
78150, 5120, 1, 0, 0
78249, 2585, 1, 0, 0
78349, 5120, 1, 0, 0
78449, 5120, 1, 0, 0
78549, 10240, 1, 0, 0
78649, 17920, 1, 0, 0
78749, 15360, 1, 0, 0
78849, 17920, 1, 0, 0
78950, 15360, 1, 0, 0
79050, 17920, 1, 0, 0
79150, 15360, 1, 0, 0
79249, 18101, 1, 0, 0
79349, 15360, 1, 0, 0
79449, 17920, 1, 0, 0
79549, 12800, 1, 0, 0
79649, 17920, 1, 0, 0
79749, 15360, 1, 0, 0
79850, 15360, 1, 0, 0
79950, 17920, 1, 0, 0
80050, 15360, 1, 0, 0
80150, 15360, 1, 0, 0
80249, 18101, 1, 0, 0
80349, 15360, 1, 0, 0
80449, 15360, 1, 0, 0
80549, 17920, 1, 0, 0
80649, 15360, 1, 0, 0
80749, 15360, 1, 0, 0
80850, 15360, 1, 0, 0
80950, 15360, 1, 0, 0
81050, 12800, 1, 0, 0
81150, 5120, 1, 0, 0
81249, 5171, 1, 0, 0
81349, 5120, 1, 0, 0
81449, 5120, 1, 0, 0
81550, 2560, 1, 0, 0
81650, 5120, 1, 0, 0
81749, 7757, 1, 0, 0
81849, 15360, 1, 0, 0
81949, 15360, 1, 0, 0
82049, 15360, 1, 0, 0
82149, 12800, 1, 0, 0
82249, 17920, 1, 0, 0
82349, 15360, 1, 0, 0
82450, 15360, 1, 0, 0
82550, 17920, 1, 0, 0
82650, 15360, 1, 0, 0
82749, 15515, 1, 0, 0
82849, 15360, 1, 0, 0
82949, 17920, 1, 0, 0
83049, 15360, 1, 0, 0
83149, 15360, 1, 0, 0
83250, 17920, 1, 0, 0
83350, 15360, 1, 0, 0
83450, 17920, 1, 0, 0
83550, 12800, 1, 0, 0
83650, 17920, 1, 0, 0
83749, 15515, 1, 0, 0
83849, 17920, 1, 0, 0
83949, 17920, 1, 0, 0
84049, 17920, 1, 0, 0
84149, 15360, 1, 0, 0
84250, 7680, 1, 0, 0
84350, 5120, 1, 0, 0
84450, 5120, 1, 0, 0
84550, 5120, 1, 0, 0
84650, 2560, 1, 0, 0
84749, 5171, 1, 0, 0
84849, 12800, 1, 0, 0
84949, 15360, 1, 0, 0
85050, 15360, 1, 0, 0
85150, 17920, 1, 0, 0
85250, 15360, 1, 0, 0
85350, 15360, 1, 0, 0
85450, 17920, 1, 0, 0
85550, 15360, 1, 0, 0
85650, 17920, 1, 0, 0
85749, 15515, 1, 0, 0
85849, 17920, 1, 0, 0
85949, 15360, 1, 0, 0
86049, 17920, 1, 0, 0
86149, 15360, 1, 0, 0
86250, 17920, 1, 0, 0
86350, 15360, 1, 0, 0
86450, 17920, 1, 0, 0
86550, 15360, 1, 0, 0
86650, 17920, 1, 0, 0
86749, 15515, 1, 0, 0
86849, 17920, 1, 0, 0
86949, 15360, 1, 0, 0
87049, 17920, 1, 0, 0
87149, 15360, 1, 0, 0
87250, 17920, 1, 0, 0
87350, 15360, 1, 0, 0
87450, 15360, 1, 0, 0
87550, 5120, 1, 0, 0
87650, 5120, 1, 0, 0
87749, 5171, 1, 0, 0
87849, 2560, 1, 0, 0
87949, 5120, 1, 0, 0
88049, 10240, 1, 0, 0
88149, 15360, 1, 0, 0
88250, 17920, 1, 0, 0
88350, 15360, 1, 0, 0
88450, 17920, 1, 0, 0
88550, 15360, 1, 0, 0
88650, 15360, 1, 0, 0
88749, 18101, 1, 0, 0
88849, 15360, 1, 0, 0
88949, 15360, 1, 0, 0
89049, 15360, 1, 0, 0
89149, 15360, 1, 0, 0
89250, 15360, 1, 0, 0
89350, 17920, 1, 0, 0
89450, 15360, 1, 0, 0
89550, 17920, 1, 0, 0
89650, 15360, 1, 0, 0
89749, 15515, 1, 0, 0
89849, 17920, 1, 0, 0
89949, 15360, 1, 0, 0
