114, 57062513, 1, 0, 0
220, 52917895, 1, 0, 0
315, 15870198, 1, 0, 0
408, 15572895, 1, 0, 0
506, 16254338, 1, 0, 0
615, 15569204, 1, 0, 0
707, 15435137, 1, 0, 0
801, 15628044, 1, 0, 0
912, 15756281, 1, 0, 0
1009, 16306434, 1, 0, 0
1100, 15133855, 1, 0, 0
1208, 18015588, 1, 0, 0
1317, 15489141, 1, 0, 0
1409, 15413548, 1, 0, 0
1503, 15549240, 1, 0, 0
1601, 16314874, 1, 0, 0
1710, 15674542, 1, 0, 0
1801, 15163734, 1, 0, 0
1910, 15594460, 1, 0, 0
2003, 15488653, 1, 0, 0
2100, 16128362, 1, 0, 0
2210, 15656014, 1, 0, 0
2301, 15180032, 1, 0, 0
2410, 15610680, 1, 0, 0
2504, 15580990, 1, 0, 0
2600, 16059689, 1, 0, 0
2709, 15521535, 1, 0, 0
2838, 32392942, 1, 0, 0
2945, 53109990, 1, 0, 0
3001, 56268513, 1, 0, 0
3115, 57161884, 1, 0, 0
3231, 58088615, 1, 0, 0
3338, 53263750, 1, 0, 0
3409, 17774849, 1, 0, 0
3505, 16055500, 1, 0, 0
3616, 15789543, 1, 0, 0
3708, 15271023, 1, 0, 0
3803, 15886977, 1, 0, 0
3912, 15601215, 1, 0, 0
4009, 16152851, 1, 0, 0
4101, 15361592, 1, 0, 0
4210, 15569103, 1, 0, 0
4306, 15950761, 1, 0, 0
4400, 15698320, 1, 0, 0
4511, 15831385, 1, 0, 0
4603, 15298541, 1, 0, 0
4701, 16328754, 1, 0, 0
4809, 15473596, 1, 0, 0
4904, 15757399, 1, 0, 0
5014, 15741251, 1, 0, 0
5105, 15223106, 1, 0, 0
5201, 15947430, 1, 0, 0
5309, 15421120, 1, 0, 0
5404, 15860545, 1, 0, 0
5514, 15673616, 1, 0, 0
5605, 15207614, 1, 0, 0
5701, 15952781, 1, 0, 0
5810, 15527994, 1, 0, 0
5933, 24718424, 1, 0, 0
6044, 55171313, 1, 0, 0
6105, 60938495, 1, 0, 0
6209, 51944227, 1, 0, 0
6315, 53247510, 1, 0, 0
6423, 54032705, 1, 0, 0
6534, 55599745, 1, 0, 0
6605, 23568309, 1, 0, 0
6716, 15823294, 1, 0, 0
6809, 15564649, 1, 0, 0
6906, 16053280, 1, 0, 0
7015, 15688870, 1, 0, 0
7107, 15189060, 1, 0, 0
7201, 15713044, 1, 0, 0
7310, 15641506, 1, 0, 0
7408, 16195997, 1, 0, 0
7518, 15700441, 1, 0, 0
7609, 18228240, 1, 0, 0
7711, 17005640, 1, 0, 0
7800, 17890108, 1, 0, 0
7906, 17635829, 1, 0, 0
8014, 17967935, 1, 0, 0
8100, 17162806, 1, 0, 0
8208, 18040185, 1, 0, 0
8315, 17850520, 1, 0, 0
8403, 17564023, 1, 0, 0
8507, 17354751, 1, 0, 0
8600, 18470021, 1, 0, 0
8703, 17291872, 1, 0, 0
8810, 17788976, 1, 0, 0
8912, 17047116, 1, 0, 0
9025, 37598635, 1, 0, 0
9136, 55406007, 1, 0, 0
9241, 52589247, 1, 0, 0
9354, 56394580, 1, 0, 0
9413, 59523217, 1, 0, 0
9540, 63424363, 1, 0, 0
9617, 38124412, 1, 0, 0
9705, 17721793, 1, 0, 0
9810, 17397550, 1, 0, 0
9902, 18482062, 1, 0, 0
10006, 17344338, 1, 0, 0
10112, 17681145, 1, 0, 0
10201, 17774871, 1, 0, 0
10308, 17792668, 1, 0, 0
10417, 18152377, 1, 0, 0
10505, 17652318, 1, 0, 0
10612, 17853345, 1, 0, 0
10701, 17773549, 1, 0, 0
10808, 17770000, 1, 0, 0
10900, 18345855, 1, 0, 0
11002, 17129546, 1, 0, 0
11108, 17604924, 1, 0, 0
11216, 17922338, 1, 0, 0
11304, 17737436, 1, 0, 0
11410, 17652628, 1, 0, 0
11514, 17323744, 1, 0, 0
11605, 18123091, 1, 0, 0
11707, 17018760, 1, 0, 0
11814, 17912717, 1, 0, 0
11903, 17635515, 1, 0, 0
12000, 19459033, 1, 0, 0
12143, 47556700, 1, 0, 0
12247, 52228328, 1, 0, 0
12302, 54839920, 1, 0, 0
12403, 50685106, 1, 0, 0
12510, 53472379, 1, 0, 0
12609, 49485052, 1, 0, 0
12701, 18379653, 1, 0, 0
12809, 17904847, 1, 0, 0
12917, 17972131, 1, 0, 0
13008, 18211670, 1, 0, 0
13115, 17891807, 1, 0, 0
13203, 17533248, 1, 0, 0
13311, 18039366, 1, 0, 0
13400, 17895112, 1, 0, 0
13508, 17972841, 1, 0, 0
13613, 17492376, 1, 0, 0
13705, 18274844, 1, 0, 0
13810, 17537747, 1, 0, 0
13918, 17930177, 1, 0, 0
14013, 19075587, 1, 0, 0
14102, 17800766, 1, 0, 0
14211, 18117938, 1, 0, 0
14300, 17835948, 1, 0, 0
14407, 17782826, 1, 0, 0
14515, 18091750, 1, 0, 0
14604, 17743423, 1, 0, 0
14710, 17759374, 1, 0, 0
14800, 17904624, 1, 0, 0
14907, 17778127, 1, 0, 0
15013, 17742532, 1, 0, 0
15101, 17620523, 1, 0, 0
15210, 18151875, 1, 0, 0
15332, 30418006, 1, 0, 0
15447, 57473267, 1, 0, 0
15501, 54539507, 1, 0, 0
15620, 59225294, 1, 0, 0
15728, 53892571, 1, 0, 0
15833, 52418430, 1, 0, 0
15939, 53314697, 1, 0, 0
16011, 36074749, 1, 0, 0
16102, 18110949, 1, 0, 0
16206, 17386293, 1, 0, 0
16314, 17973091, 1, 0, 0
16404, 17954574, 1, 0, 0
16512, 18061984, 1, 0, 0
16602, 17916067, 1, 0, 0
16714, 18600440, 1, 0, 0
16806, 15378472, 1, 0, 0
16912, 15143774, 1, 0, 0
17016, 17289598, 1, 0, 0
17109, 15481775, 1, 0, 0
17202, 15530745, 1, 0, 0
17300, 16379580, 1, 0, 0
17410, 15746964, 1, 0, 0
17502, 22925024, 1, 0, 0
17627, 25009538, 1, 0, 0
17701, 24797130, 1, 0, 0
17805, 25832061, 1, 0, 0
17901, 24123659, 1, 0, 0
18003, 25440169, 1, 0, 0
18149, 48590839, 1, 0, 0
18251, 102487820, 1, 0, 0
18317, 65962050, 1, 0, 0
18465, 73811482, 1, 0, 0
18535, 70257439, 1, 0, 0
18613, 38776734, 1, 0, 0
18710, 16217640, 1, 0, 0
18801, 15162594, 1, 0, 0
18911, 15761826, 1, 0, 0
19005, 15607848, 1, 0, 0
19103, 16287525, 1, 0, 0
19212, 15641299, 1, 0, 0
19303, 15155665, 1, 0, 0
19413, 15691310, 1, 0, 0
19507, 15675419, 1, 0, 0
19606, 16386086, 1, 0, 0
19715, 15559101, 1, 0, 0
19805, 15134598, 1, 0, 0
19916, 15797860, 1, 0, 0
20009, 15413145, 1, 0, 0
20106, 16243371, 1, 0, 0
20215, 15601756, 1, 0, 0
20306, 15144689, 1, 0, 0
20400, 15653457, 1, 0, 0
20510, 15644190, 1, 0, 0
20608, 16385469, 1, 0, 0
20718, 15673471, 1, 0, 0
20808, 15048264, 1, 0, 0
20902, 15697970, 1, 0, 0
21011, 15549741, 1, 0, 0
21138, 21185316, 1, 0, 0
21247, 54277191, 1, 0, 0
21300, 52928026, 1, 0, 0
21448, 49498865, 1, 0, 0
21501, 53152934, 1, 0, 0
21620, 59373963, 1, 0, 0
21733, 56453379, 1, 0, 0
21809, 37843428, 1, 0, 0
21917, 15425109, 1, 0, 0
22008, 15214388, 1, 0, 0
22101, 15473948, 1, 0, 0
22210, 15628257, 1, 0, 0
22308, 16216622, 1, 0, 0
22416, 15524918, 1, 0, 0
22508, 15318635, 1, 0, 0
22601, 15492907, 1, 0, 0
22709, 15409614, 1, 0, 0
22807, 16212540, 1, 0, 0
22915, 15468214, 1, 0, 0
23005, 15004636, 1, 0, 0
23114, 15593100, 1, 0, 0
23206, 15296902, 1, 0, 0
23303, 16142034, 1, 0, 0
23411, 15509024, 1, 0, 0
23510, 19626307, 1, 0, 0
23601, 18385878, 1, 0, 0
23709, 17915252, 1, 0, 0
23800, 18242820, 1, 0, 0
23908, 18029047, 1, 0, 0
24015, 17730996, 1, 0, 0
24119, 34752944, 1, 0, 0
24228, 54216147, 1, 0, 0
24340, 56194399, 1, 0, 0
24445, 52302701, 1, 0, 0
24548, 51858586, 1, 0, 0
24602, 53309688, 1, 0, 0
24716, 38167773, 1, 0, 0
24812, 31925635, 1, 0, 0
24919, 17883543, 1, 0, 0
25007, 17548996, 1, 0, 0
25115, 18010479, 1, 0, 0
25203, 17598145, 1, 0, 0
25311, 17911645, 1, 0, 0
25415, 17440493, 1, 0, 0
25508, 18498829, 1, 0, 0
25612, 17324208, 1, 0, 0
25701, 17789114, 1, 0, 0
25808, 17796169, 1, 0, 0
25916, 18029949, 1, 0, 0
26003, 17541497, 1, 0, 0
26112, 18032439, 1, 0, 0
26200, 17626708, 1, 0, 0
26306, 17742616, 1, 0, 0
26411, 17459439, 1, 0, 0
26501, 18025296, 1, 0, 0
26604, 17088142, 1, 0, 0
26700, 19330255, 1, 0, 0
26810, 15594550, 1, 0, 0
26905, 15883252, 1, 0, 0
27020, 16460259, 1, 0, 0
27116, 19184369, 1, 0, 0
27211, 47516367, 1, 0, 0
27316, 52283805, 1, 0, 0
27420, 52125056, 1, 0, 0
27536, 57927708, 1, 0, 0
27649, 56782197, 1, 0, 0
27707, 57940999, 1, 0, 0
27809, 14489927, 1, 0, 0
27917, 15507198, 1, 0, 0
28007, 14977438, 1, 0, 0
28105, 16204403, 1, 0, 0
28215, 15803528, 1, 0, 0
28309, 15554212, 1, 0, 0
28402, 15496546, 1, 0, 0
28508, 15267305, 1, 0, 0
28601, 15477430, 1, 0, 0
28713, 15932159, 1, 0, 0
28806, 15511907, 1, 0, 0
28913, 15246190, 1, 0, 0
29006, 15477711, 1, 0, 0
29116, 15757115, 1, 0, 0
29210, 15662277, 1, 0, 0
29303, 15505723, 1, 0, 0
29409, 15098821, 1, 0, 0
29511, 17122459, 1, 0, 0
29612, 16764109, 1, 0, 0
29704, 15267748, 1, 0, 0
29813, 15573126, 1, 0, 0
29903, 15020525, 1, 0, 0
30005, 14568242, 1, 0, 0
30115, 15674968, 1, 0, 0
30206, 15239370, 1, 0, 0
30312, 15085000, 1, 0, 0
30403, 15218313, 1, 0, 0
30533, 32586459, 1, 0, 0
30636, 51302057, 1, 0, 0
30745, 54299120, 1, 0, 0
30853, 54288483, 1, 0, 0
30911, 57368389, 1, 0, 0
31022, 55683235, 1, 0, 0
31103, 40577607, 1, 0, 0
31205, 14568198, 1, 0, 0
31313, 15416970, 1, 0, 0
31410, 16152937, 1, 0, 0
31506, 15988093, 1, 0, 0
31600, 15655100, 1, 0, 0
31710, 15755261, 1, 0, 0
31803, 15391182, 1, 0, 0
31912, 15678267, 1, 0, 0
32009, 16118724, 1, 0, 0
32103, 15655180, 1, 0, 0
32214, 15773142, 1, 0, 0
32306, 15383426, 1, 0, 0
32402, 16066213, 1, 0, 0
32511, 15468297, 1, 0, 0
32604, 15534974, 1, 0, 0
32714, 15730759, 1, 0, 0
32807, 15488815, 1, 0, 0
32904, 16114964, 1, 0, 0
33013, 15633638, 1, 0, 0
33110, 16074770, 1, 0, 0
33206, 16044580, 1, 0, 0
33302, 15964433, 1, 0, 0
33412, 15740097, 1, 0, 0
33503, 15148961, 1, 0, 0
33641, 34517028, 1, 0, 0
33746, 52689143, 1, 0, 0
33801, 54916938, 1, 0, 0
33912, 55295894, 1, 0, 0
34019, 53659423, 1, 0, 0
34140, 60685109, 1, 0, 0
34203, 31495573, 1, 0, 0
34314, 15819852, 1, 0, 0
34406, 15238986, 1, 0, 0
34502, 15991269, 1, 0, 0
34611, 15573571, 1, 0, 0
34711, 16764837, 1, 0, 0
34806, 15714495, 1, 0, 0
34902, 16131341, 1, 0, 0
35012, 15641948, 1, 0, 0
35104, 15313411, 1, 0, 0
35213, 15638483, 1, 0, 0
35307, 15551825, 1, 0, 0
35404, 16199408, 1, 0, 0
35514, 15728802, 1, 0, 0
35605, 15182725, 1, 0, 0
35701, 15939529, 1, 0, 0
35810, 15534460, 1, 0, 0
35906, 16047554, 1, 0, 0
36004, 16426827, 1, 0, 0
36112, 17913108, 1, 0, 0
36200, 17687645, 1, 0, 0
36307, 17837300, 1, 0, 0
36418, 18435557, 1, 0, 0
36508, 14976623, 1, 0, 0
36602, 15743930, 1, 0, 0
36737, 26873313, 1, 0, 0
36849, 37391313, 1, 0, 0
36961, 55961224, 1, 0, 0
37022, 61381122, 1, 0, 0
37110, 21983370, 1, 0, 0
37206, 16012618, 1, 0, 0
37303, 16140088, 1, 0, 0
37415, 15955043, 1, 0, 0
37506, 15223010, 1, 0, 0
37603, 16028915, 1, 0, 0
37713, 15764685, 1, 0, 0
37809, 16006552, 1, 0, 0
37901, 15372850, 1, 0, 0
38012, 15784499, 1, 0, 0
38107, 15924125, 1, 0, 0
38202, 15749841, 1, 0, 0
38312, 15803514, 1, 0, 0
38406, 15620826, 1, 0, 0
38505, 16376057, 1, 0, 0
38614, 15661376, 1, 0, 0
38709, 15821683, 1, 0, 0
38802, 15555953, 1, 0, 0
38900, 16271634, 1, 0, 0
39010, 15687844, 1, 0, 0
39102, 15332334, 1, 0, 0
39213, 15788860, 1, 0, 0
39306, 15522686, 1, 0, 0
39403, 16297831, 1, 0, 0
39513, 15596552, 1, 0, 0
39605, 15403159, 1, 0, 0
39716, 15768194, 1, 0, 0
39808, 15366266, 1, 0, 0
39906, 16353519, 1, 0, 0
40015, 15532714, 1, 0, 0
40148, 26675506, 1, 0, 0
40205, 56665907, 1, 0, 0
40316, 55445464, 1, 0, 0
40424, 54147107, 1, 0, 0
40534, 54958251, 1, 0, 0
40647, 56689488, 1, 0, 0
40710, 62849810, 1, 0, 0
40802, 18351720, 1, 0, 0
40912, 15737904, 1, 0, 0
41005, 15532733, 1, 0, 0
41116, 15754826, 1, 0, 0
41208, 15401701, 1, 0, 0
41305, 16222997, 1, 0, 0
41414, 15475464, 1, 0, 0
41506, 15325816, 1, 0, 0
41617, 15959221, 1, 0, 0
41710, 15413737, 1, 0, 0
41807, 16187079, 1, 0, 0
41916, 15494440, 1, 0, 0
42007, 15289293, 1, 0, 0
42100, 15494860, 1, 0, 0
42211, 15756688, 1, 0, 0
42308, 16140178, 1, 0, 0
42416, 15439868, 1, 0, 0
42510, 15769215, 1, 0, 0
42605, 15724182, 1, 0, 0
42700, 15969606, 1, 0, 0
42811, 15751061, 1, 0, 0
42902, 15164666, 1, 0, 0
43010, 15438749, 1, 0, 0
43103, 15594858, 1, 0, 0
43217, 18859453, 1, 0, 0
43309, 46397476, 1, 0, 0
43421, 55800843, 1, 0, 0
43532, 55506503, 1, 0, 0
43647, 57334070, 1, 0, 0
43703, 56729886, 1, 0, 0
43830, 63444658, 1, 0, 0
43901, 23594233, 1, 0, 0
44010, 15590896, 1, 0, 0
44105, 15689686, 1, 0, 0
44216, 15858969, 1, 0, 0
44307, 15292367, 1, 0, 0
44403, 16015295, 1, 0, 0
44513, 15592462, 1, 0, 0
44607, 15673126, 1, 0, 0
44701, 15675252, 1, 0, 0
44810, 15617628, 1, 0, 0
44906, 15942489, 1, 0, 0
45014, 15478900, 1, 0, 0
45108, 15656224, 1, 0, 0
45201, 15491943, 1, 0, 0
45307, 17734120, 1, 0, 0
45402, 15824590, 1, 0, 0
45512, 15620654, 1, 0, 0
45609, 16186825, 1, 0, 0
45705, 16074625, 1, 0, 0
45812, 17833153, 1, 0, 0
45901, 17695411, 1, 0, 0
46008, 17906030, 1, 0, 0
46115, 17674690, 1, 0, 0
46203, 17773438, 1, 0, 0
46322, 29596434, 1, 0, 0
46406, 41877599, 1, 0, 0
46513, 53631783, 1, 0, 0
46637, 61860022, 1, 0, 0
46703, 66435112, 1, 0, 0
46819, 57988162, 1, 0, 0
46909, 30027293, 1, 0, 0
47016, 17865399, 1, 0, 0
47105, 17661753, 1, 0, 0
47212, 17956517, 1, 0, 0
47301, 17628716, 1, 0, 0
47408, 17923312, 1, 0, 0
47512, 17366351, 1, 0, 0
47603, 18133814, 1, 0, 0
47706, 17114207, 1, 0, 0
47813, 17934109, 1, 0, 0
47903, 17940982, 1, 0, 0
48010, 17889114, 1, 0, 0
48117, 17832190, 1, 0, 0
48206, 17770611, 1, 0, 0
48314, 17879752, 1, 0, 0
48401, 17526556, 1, 0, 0
48505, 17351956, 1, 0, 0
48612, 17698811, 1, 0, 0
48700, 17578697, 1, 0, 0
48808, 18003470, 1, 0, 0
48917, 18207958, 1, 0, 0
49006, 17830070, 1, 0, 0
49113, 17723037, 1, 0, 0
49201, 17756521, 1, 0, 0
49308, 17802226, 1, 0, 0
49412, 17366780, 1, 0, 0
49535, 30654353, 1, 0, 0
49644, 54560911, 1, 0, 0
49756, 55980398, 1, 0, 0
49824, 68153307, 1, 0, 0
49936, 55844060, 1, 0, 0
50047, 55730574, 1, 0, 0
50100, 52891971, 1, 0, 0
50210, 22033053, 1, 0, 0
50300, 17836007, 1, 0, 0
50408, 17966763, 1, 0, 0
50510, 17105335, 1, 0, 0
50617, 17750226, 1, 0, 0
50715, 19696156, 1, 0, 0
50806, 18211854, 1, 0, 0
50910, 17278673, 1, 0, 0
51000, 17931074, 1, 0, 0
51107, 17847520, 1, 0, 0
51214, 17868934, 1, 0, 0
51301, 17327095, 1, 0, 0
51409, 18134803, 1, 0, 0
51517, 17863229, 1, 0, 0
51604, 17538915, 1, 0, 0
51708, 17307851, 1, 0, 0
51815, 17711353, 1, 0, 0
51902, 17524922, 1, 0, 0
52009, 17756026, 1, 0, 0
52116, 17844875, 1, 0, 0
52203, 17415265, 1, 0, 0
52309, 17724881, 1, 0, 0
52412, 17166040, 1, 0, 0
52504, 18382734, 1, 0, 0
52644, 34863480, 1, 0, 0
52704, 59939402, 1, 0, 0
52819, 57837274, 1, 0, 0
52937, 58941961, 1, 0, 0
53057, 60062664, 1, 0, 0
53110, 17458244, 1, 0, 0
53202, 18411906, 1, 0, 0
53308, 17652854, 1, 0, 0
53415, 17861130, 1, 0, 0
53505, 17921968, 1, 0, 0
53613, 18059309, 1, 0, 0
53701, 17590644, 1, 0, 0
53808, 17909419, 1, 0, 0
53908, 19923448, 1, 0, 0
54009, 20184884, 1, 0, 0
54122, 28106966, 1, 0, 0
54217, 23812097, 1, 0, 0
54320, 25808358, 1, 0, 0
54417, 24306484, 1, 0, 0
54521, 25861576, 1, 0, 0
54614, 23195769, 1, 0, 0
54706, 23080784, 1, 0, 0
54802, 19124794, 1, 0, 0
54912, 15844934, 1, 0, 0
55006, 15567896, 1, 0, 0
55112, 15107398, 1, 0, 0
55205, 15497663, 1, 0, 0
55314, 15667920, 1, 0, 0
55407, 15416719, 1, 0, 0
55500, 23190789, 1, 0, 0
55603, 51564202, 1, 0, 0
55717, 57171787, 1, 0, 0
55831, 57142248, 1, 0, 0
55955, 61785806, 1, 0, 0
56009, 27223788, 1, 0, 0
56110, 16775651, 1, 0, 0
56206, 15987774, 1, 0, 0
56316, 15684221, 1, 0, 0
56407, 15195320, 1, 0, 0
56504, 16111207, 1, 0, 0
56613, 15648764, 1, 0, 0
56709, 15921851, 1, 0, 0
56801, 15287594, 1, 0, 0
56909, 15432087, 1, 0, 0
57005, 16073546, 1, 0, 0
57102, 16188134, 1, 0, 0
57213, 15785664, 1, 0, 0
57305, 15320203, 1, 0, 0
57400, 15919628, 1, 0, 0
57510, 15705731, 1, 0, 0
57606, 15991689, 1, 0, 0
57700, 15577726, 1, 0, 0
57808, 15480700, 1, 0, 0
57903, 15759843, 1, 0, 0
58012, 15592413, 1, 0, 0
58107, 15885551, 1, 0, 0
58201, 15666430, 1, 0, 0
58309, 15424321, 1, 0, 0
58405, 15934271, 1, 0, 0
58514, 15595759, 1, 0, 0
58608, 15685570, 1, 0, 0
58701, 18486173, 1, 0, 0
58801, 50198410, 1, 0, 0
58916, 57352591, 1, 0, 0
59024, 54290753, 1, 0, 0
59139, 57306543, 1, 0, 0
59249, 55011320, 1, 0, 0
59304, 55564957, 1, 0, 0
59408, 20769561, 1, 0, 0
59502, 15594254, 1, 0, 0
59611, 15604633, 1, 0, 0
59707, 16012447, 1, 0, 0
59802, 15740279, 1, 0, 0
59912, 15688374, 1, 0, 0
60005, 15562211, 1, 0, 0
60100, 15833700, 1, 0, 0
60203, 17225315, 1, 0, 0
60311, 17873171, 1, 0, 0
60400, 17953252, 1, 0, 0
60507, 17814575, 1, 0, 0
60615, 17913000, 1, 0, 0
60704, 17898395, 1, 0, 0
60812, 17863078, 1, 0, 0
60914, 17055155, 1, 0, 0
61002, 17709151, 1, 0, 0
61109, 17677323, 1, 0, 0
61215, 17684068, 1, 0, 0
61302, 17538701, 1, 0, 0
61411, 18157890, 1, 0, 0
61518, 17777815, 1, 0, 0
61605, 17438834, 1, 0, 0
61710, 17388507, 1, 0, 0
61812, 20438514, 1, 0, 0
61916, 52280025, 1, 0, 0
62031, 57386337, 1, 0, 0
62143, 55976748, 1, 0, 0
62252, 54655182, 1, 0, 0
62309, 56640101, 1, 0, 0
62435, 63037807, 1, 0, 0
62506, 23575547, 1, 0, 0
62614, 18084182, 1, 0, 0
62703, 17653314, 1, 0, 0
62810, 17937678, 1, 0, 0
62900, 17921974, 1, 0, 0
63008, 17938499, 1, 0, 0
63103, 19071803, 1, 0, 0
63212, 15611881, 1, 0, 0
63304, 15276232, 1, 0, 0
63407, 14774409, 1, 0, 0
63514, 15226949, 1, 0, 0
63605, 15133163, 1, 0, 0
63716, 15816511, 1, 0, 0
63809, 15525218, 1, 0, 0
63902, 15578060, 1, 0, 0
64009, 15206973, 1, 0, 0
64102, 15456314, 1, 0, 0
64211, 15682758, 1, 0, 0
64304, 15450187, 1, 0, 0
64411, 15293964, 1, 0, 0
64508, 16068891, 1, 0, 0
64616, 15498091, 1, 0, 0
64709, 15488825, 1, 0, 0
64802, 15561917, 1, 0, 0
64910, 15352482, 1, 0, 0
65029, 23803404, 1, 0, 0
65124, 47552165, 1, 0, 0
65232, 53770581, 1, 0, 0
65345, 56778961, 1, 0, 0
65455, 55033094, 1, 0, 0
65510, 55216680, 1, 0, 0
65609, 32781609, 1, 0, 0
65703, 15741458, 1, 0, 0
65803, 16587980, 1, 0, 0
65905, 14536906, 1, 0, 0
66013, 15515668, 1, 0, 0
66103, 14994958, 1, 0, 0
66204, 14442988, 1, 0, 0
66313, 15577972, 1, 0, 0
66404, 15169154, 1, 0, 0
66511, 15189771, 1, 0, 0
66612, 16848478, 1, 0, 0
66703, 15236385, 1, 0, 0
66808, 14975532, 1, 0, 0
66901, 15427822, 1, 0, 0
67012, 15837105, 1, 0, 0
67102, 15066407, 1, 0, 0
67218, 16485912, 1, 0, 0
67309, 15174024, 1, 0, 0
67410, 14520189, 1, 0, 0
67500, 14968178, 1, 0, 0
67608, 15475737, 1, 0, 0
67709, 14389017, 1, 0, 0
67800, 15074389, 1, 0, 0
67908, 15413431, 1, 0, 0
68008, 14361578, 1, 0, 0
68116, 15397747, 1, 0, 0
68206, 15033611, 1, 0, 0
68341, 22525768, 1, 0, 0
68442, 50274208, 1, 0, 0
68548, 52876956, 1, 0, 0
68601, 53249715, 1, 0, 0
68708, 53497108, 1, 0, 0
68815, 53475614, 1, 0, 0
68923, 53994146, 1, 0, 0
69005, 41057979, 1, 0, 0
69118, 16145225, 1, 0, 0
69209, 15183640, 1, 0, 0
69304, 15858548, 1, 0, 0
69400, 15941658, 1, 0, 0
69511, 15841290, 1, 0, 0
69602, 15141340, 1, 0, 0
69701, 16565634, 1, 0, 0
69809, 17878580, 1, 0, 0
69916, 17931499, 1, 0, 0
70004, 17604284, 1, 0, 0
70111, 17793176, 1, 0, 0
70200, 17722481, 1, 0, 0
70307, 17851764, 1, 0, 0
70410, 17139441, 1, 0, 0
70516, 17666793, 1, 0, 0
70604, 17606611, 1, 0, 0
70710, 17697683, 1, 0, 0
70817, 17868738, 1, 0, 0
70906, 17815402, 1, 0, 0
71012, 17692057, 1, 0, 0
71100, 17528507, 1, 0, 0
71205, 17428216, 1, 0, 0
71312, 17877583, 1, 0, 0
71412, 33280114, 1, 0, 0
71516, 52143383, 1, 0, 0
71630, 56807688, 1, 0, 0
71745, 57523067, 1, 0, 0
71802, 57552852, 1, 0, 0
71918, 57821561, 1, 0, 0
72001, 20788901, 1, 0, 0
72108, 17761211, 1, 0, 0
72201, 18559664, 1, 0, 0
72305, 17468644, 1, 0, 0
72414, 18103325, 1, 0, 0
72505, 18095704, 1, 0, 0
72623, 19773586, 1, 0, 0
72702, 15754058, 1, 0, 0
72804, 14591638, 1, 0, 0
72913, 15557822, 1, 0, 0
73004, 15090083, 1, 0, 0
73115, 15971713, 1, 0, 0
73206, 15024632, 1, 0, 0
73301, 15822643, 1, 0, 0
73410, 15597006, 1, 0, 0
73507, 16191312, 1, 0, 0
73618, 15793220, 1, 0, 0
73708, 15045529, 1, 0, 0
73803, 15810970, 1, 0, 0
73911, 15523691, 1, 0, 0
74009, 16193442, 1, 0, 0
74101, 15349023, 1, 0, 0
74209, 15528692, 1, 0, 0
74304, 15824194, 1, 0, 0
74400, 15858171, 1, 0, 0
74506, 15165148, 1, 0, 0
74636, 43390011, 1, 0, 0
74746, 55210249, 1, 0, 0
74804, 57614431, 1, 0, 0
74914, 54967728, 1, 0, 0
75036, 60992990, 1, 0, 0
75113, 38297785, 1, 0, 0
75210, 16266251, 1, 0, 0
75312, 17025409, 1, 0, 0
75404, 18365856, 1, 0, 0
75510, 17673228, 1, 0, 0
75618, 17894425, 1, 0, 0
75707, 17788772, 1, 0, 0
75817, 18342976, 1, 0, 0
75905, 17666928, 1, 0, 0
76013, 18049997, 1, 0, 0
76104, 18111648, 1, 0, 0
76214, 18305891, 1, 0, 0
76300, 17144812, 1, 0, 0
76408, 15538034, 1, 0, 0
76501, 15426583, 1, 0, 0
76611, 15770921, 1, 0, 0
76704, 15423207, 1, 0, 0
76801, 16180938, 1, 0, 0
76910, 15607636, 1, 0, 0
77002, 15272232, 1, 0, 0
77114, 16073199, 1, 0, 0
77207, 15415515, 1, 0, 0
77301, 15655181, 1, 0, 0
77407, 15182537, 1, 0, 0
77500, 15509590, 1, 0, 0
77610, 15655689, 1, 0, 0
77702, 15408621, 1, 0, 0
77824, 20221038, 1, 0, 0
77928, 52224584, 1, 0, 0
78041, 56381649, 1, 0, 0
78158, 58594194, 1, 0, 0
78212, 54070400, 1, 0, 0
78322, 54886842, 1, 0, 0
78439, 58545906, 1, 0, 0
78501, 15359543, 1, 0, 0
78605, 14965212, 1, 0, 0
78716, 15779732, 1, 0, 0
78808, 15367296, 1, 0, 0
78900, 15321040, 1, 0, 0
79005, 14939709, 1, 0, 0
79115, 15794029, 1, 0, 0
79207, 15336062, 1, 0, 0
79311, 14862382, 1, 0, 0
79405, 15563114, 1, 0, 0
79513, 18056882, 1, 0, 0
79604, 15179258, 1, 0, 0
79714, 15621414, 1, 0, 0
79816, 17072050, 1, 0, 0
79909, 15515615, 1, 0, 0
80003, 15597688, 1, 0, 0
80100, 16244106, 1, 0, 0
80210, 15667252, 1, 0, 0
80301, 15128666, 1, 0, 0
80411, 15758294, 1, 0, 0
80504, 15444845, 1, 0, 0
80601, 16261760, 1, 0, 0
80714, 16132422, 1, 0, 0
80804, 17833125, 1, 0, 0
80909, 17635672, 1, 0, 0
81012, 20463571, 1, 0, 0
81100, 44097623, 1, 0, 0
81219, 59361732, 1, 0, 0
81330, 55767415, 1, 0, 0
81445, 57163413, 1, 0, 0
81500, 55040190, 1, 0, 0
81618, 58980705, 1, 0, 0
81713, 23868315, 1, 0, 0
81801, 17574069, 1, 0, 0
81906, 17543719, 1, 0, 0
82006, 16708948, 1, 0, 0
82113, 17825081, 1, 0, 0
82210, 16017702, 1, 0, 0
82302, 15472246, 1, 0, 0
82401, 16369451, 1, 0, 0
82513, 16006820, 1, 0, 0
82604, 15183050, 1, 0, 0
82715, 15870349, 1, 0, 0
82809, 15587149, 1, 0, 0
82907, 16396265, 1, 0, 0
83017, 15728460, 1, 0, 0
83111, 15592843, 1, 0, 0
83204, 15469318, 1, 0, 0
83300, 16060098, 1, 0, 0
83410, 15711316, 1, 0, 0
83510, 16646602, 1, 0, 0
83600, 15075878, 1, 0, 0
83706, 15047821, 1, 0, 0
83809, 14797417, 1, 0, 0
83914, 14977960, 1, 0, 0
84004, 14907231, 1, 0, 0
84108, 14869885, 1, 0, 0
84245, 45714414, 1, 0, 0
84301, 56522277, 1, 0, 0
84411, 54927823, 1, 0, 0
84531, 59652336, 1, 0, 0
84640, 54771180, 1, 0, 0
84739, 49557634, 1, 0, 0
84801, 15497228, 1, 0, 0
84912, 15816943, 1, 0, 0
85003, 15179138, 1, 0, 0
85114, 15798132, 1, 0, 0
85208, 15681086, 1, 0, 0
85303, 15888120, 1, 0, 0
85413, 15666889, 1, 0, 0
85507, 15687541, 1, 0, 0
85614, 15243694, 1, 0, 0
85707, 15620479, 1, 0, 0
85800, 15356493, 1, 0, 0
85908, 15417681, 1, 0, 0
86014, 15205187, 1, 0, 0
86106, 15322835, 1, 0, 0
86214, 15457482, 1, 0, 0
86306, 15324836, 1, 0, 0
86413, 15230233, 1, 0, 0
86505, 15365321, 1, 0, 0
86613, 15362188, 1, 0, 0
86702, 14916748, 1, 0, 0
86806, 14905469, 1, 0, 0
86904, 16212948, 1, 0, 0
87013, 15547145, 1, 0, 0
87104, 15190755, 1, 0, 0
87200, 16118609, 1, 0, 0
87305, 14994393, 1, 0, 0
87400, 18866304, 1, 0, 0
87502, 50875247, 1, 0, 0
87605, 51587446, 1, 0, 0
87717, 56300170, 1, 0, 0
87830, 56213090, 1, 0, 0
87948, 59100344, 1, 0, 0
88010, 15401036, 1, 0, 0
88101, 15262389, 1, 0, 0
88211, 15737616, 1, 0, 0
88303, 15268561, 1, 0, 0
88414, 15908919, 1, 0, 0
88509, 15797175, 1, 0, 0
88604, 15828225, 1, 0, 0
88714, 15649101, 1, 0, 0
88807, 15539846, 1, 0, 0
88902, 15835862, 1, 0, 0
89000, 16290029, 1, 0, 0
89110, 15755825, 1, 0, 0
89201, 15144665, 1, 0, 0
89311, 15684171, 1, 0, 0
89405, 15721870, 1, 0, 0
89500, 15780924, 1, 0, 0
89612, 16042577, 1, 0, 0
89706, 15622842, 1, 0, 0
89812, 15134650, 1, 0, 0
89904, 15409888, 1, 0, 0
90007, 14586034, 1, 0, 0
