114, 57011239, 1, 0, 0
219, 52733502, 1, 0, 0
315, 15786708, 1, 0, 0
408, 15459283, 1, 0, 0
506, 16151515, 1, 0, 0
615, 15468823, 1, 0, 0
707, 15364387, 1, 0, 0
801, 15552859, 1, 0, 0
912, 15669455, 1, 0, 0
1010, 16230267, 1, 0, 0
1100, 14997750, 1, 0, 0
1209, 17904201, 1, 0, 0
1317, 15359585, 1, 0, 0
1409, 15264257, 1, 0, 0
1503, 15408648, 1, 0, 0
1600, 16233141, 1, 0, 0
1711, 15641590, 1, 0, 0
1802, 15056749, 1, 0, 0
1911, 15496224, 1, 0, 0
2003, 15307594, 1, 0, 0
2101, 16022818, 1, 0, 0
2210, 15497557, 1, 0, 0
2301, 15059779, 1, 0, 0
2411, 15516392, 1, 0, 0
2504, 15420072, 1, 0, 0
2600, 15951643, 1, 0, 0
2709, 15392880, 1, 0, 0
2839, 32307137, 1, 0, 0
2945, 52994029, 1, 0, 0
3001, 56177108, 1, 0, 0
3115, 57084820, 1, 0, 0
3232, 58018488, 1, 0, 0
3338, 53263140, 1, 0, 0
3409, 17621602, 1, 0, 0
3506, 15947198, 1, 0, 0
3616, 15652588, 1, 0, 0
3708, 15183934, 1, 0, 0
3803, 15842147, 1, 0, 0
3912, 15467594, 1, 0, 0
4009, 16086426, 1, 0, 0
4101, 15198085, 1, 0, 0
4210, 15517211, 1, 0, 0
4306, 15876511, 1, 0, 0
4400, 15601539, 1, 0, 0
4511, 15744259, 1, 0, 0
4603, 15220243, 1, 0, 0
4701, 16237427, 1, 0, 0
4809, 15394069, 1, 0, 0
4904, 15724985, 1, 0, 0
5014, 15643090, 1, 0, 0
5106, 15141106, 1, 0, 0
5201, 15874604, 1, 0, 0
5309, 15337106, 1, 0, 0
5404, 15752092, 1, 0, 0
5514, 15589952, 1, 0, 0
5605, 15071952, 1, 0, 0
5701, 15845638, 1, 0, 0
5810, 15442744, 1, 0, 0
5933, 24607631, 1, 0, 0
6044, 55085055, 1, 0, 0
6105, 60949155, 1, 0, 0
6208, 51862360, 1, 0, 0
6315, 53107382, 1, 0, 0
6423, 53964148, 1, 0, 0
6534, 55589497, 1, 0, 0
6605, 23451268, 1, 0, 0
6700, 15686776, 1, 0, 0
6809, 15568126, 1, 0, 0
6906, 16012651, 1, 0, 0
7016, 15589656, 1, 0, 0
7107, 15083327, 1, 0, 0
7201, 15618206, 1, 0, 0
7311, 15535360, 1, 0, 0
7408, 16119265, 1, 0, 0
7518, 15601183, 1, 0, 0
7609, 18191592, 1, 0, 0
7711, 16787827, 1, 0, 0
7800, 17845777, 1, 0, 0
7906, 17524647, 1, 0, 0
8014, 17934244, 1, 0, 0
8100, 17074487, 1, 0, 0
8208, 17902180, 1, 0, 0
8316, 17803613, 1, 0, 0
8403, 17467512, 1, 0, 0
8507, 17198188, 1, 0, 0
8600, 18371164, 1, 0, 0
8703, 17146944, 1, 0, 0
8810, 17710005, 1, 0, 0
8912, 16958599, 1, 0, 0
9025, 37470317, 1, 0, 0
9136, 55304738, 1, 0, 0
9241, 52539008, 1, 0, 0
9354, 56458312, 1, 0, 0
9414, 59367867, 1, 0, 0
9541, 63339869, 1, 0, 0
9617, 38005926, 1, 0, 0
9706, 17623952, 1, 0, 0
9810, 17261783, 1, 0, 0
9902, 18386804, 1, 0, 0
10006, 17192573, 1, 0, 0
10112, 17612301, 1, 0, 0
10201, 17728189, 1, 0, 0
10308, 17659165, 1, 0, 0
10417, 18034861, 1, 0, 0
10505, 17535341, 1, 0, 0
10612, 17788160, 1, 0, 0
10701, 17670048, 1, 0, 0
10808, 17666760, 1, 0, 0
10900, 18238204, 1, 0, 0
11003, 17062207, 1, 0, 0
11108, 17496103, 1, 0, 0
11216, 17801949, 1, 0, 0
11304, 17634263, 1, 0, 0
11410, 17591402, 1, 0, 0
11514, 17228279, 1, 0, 0
11605, 18043893, 1, 0, 0
11708, 16944339, 1, 0, 0
11815, 17684379, 1, 0, 0
11903, 17504696, 1, 0, 0
12000, 19308185, 1, 0, 0
12143, 47524789, 1, 0, 0
12247, 51937769, 1, 0, 0
12302, 54946851, 1, 0, 0
12403, 50565829, 1, 0, 0
12510, 53426653, 1, 0, 0
12609, 49263286, 1, 0, 0
12701, 18317386, 1, 0, 0
12809, 17761831, 1, 0, 0
12916, 17875790, 1, 0, 0
13006, 17883056, 1, 0, 0
13115, 18058417, 1, 0, 0
13203, 17466071, 1, 0, 0
13311, 17890062, 1, 0, 0
13400, 17785203, 1, 0, 0
13508, 17868678, 1, 0, 0
13613, 17384532, 1, 0, 0
13705, 18179926, 1, 0, 0
13810, 17463145, 1, 0, 0
13918, 17811984, 1, 0, 0
14013, 18936546, 1, 0, 0
14102, 17711618, 1, 0, 0
14211, 17984320, 1, 0, 0
14300, 17757648, 1, 0, 0
14407, 17668890, 1, 0, 0
14515, 17970154, 1, 0, 0
14604, 17652473, 1, 0, 0
14711, 17673307, 1, 0, 0
14800, 17823755, 1, 0, 0
14907, 17678890, 1, 0, 0
15013, 17641853, 1, 0, 0
15101, 17446726, 1, 0, 0
15210, 18074289, 1, 0, 0
15332, 30300446, 1, 0, 0
15447, 57352509, 1, 0, 0
15501, 54302326, 1, 0, 0
15620, 59188465, 1, 0, 0
15728, 53717459, 1, 0, 0
15832, 52375361, 1, 0, 0
15939, 53197121, 1, 0, 0
16011, 35985038, 1, 0, 0
16102, 18029344, 1, 0, 0
16207, 17352500, 1, 0, 0
16315, 17890772, 1, 0, 0
16404, 17785462, 1, 0, 0
16512, 17946605, 1, 0, 0
16602, 17823269, 1, 0, 0
16714, 18514189, 1, 0, 0
16806, 15283354, 1, 0, 0
16912, 15051040, 1, 0, 0
17016, 17197253, 1, 0, 0
17109, 15381251, 1, 0, 0
17202, 15448235, 1, 0, 0
17300, 16273676, 1, 0, 0
17410, 15567745, 1, 0, 0
17502, 22943158, 1, 0, 0
17627, 24920412, 1, 0, 0
17702, 24673447, 1, 0, 0
17805, 25718518, 1, 0, 0
17902, 23995727, 1, 0, 0
18003, 25283066, 1, 0, 0
18149, 48502001, 1, 0, 0
18252, 102430779, 1, 0, 0
18318, 65828469, 1, 0, 0
18465, 73812651, 1, 0, 0
18535, 69932603, 1, 0, 0
18613, 38674653, 1, 0, 0
18710, 16102830, 1, 0, 0
18801, 15051657, 1, 0, 0
18912, 15713341, 1, 0, 0
19005, 15524378, 1, 0, 0
19103, 16238938, 1, 0, 0
19212, 15490656, 1, 0, 0
19303, 15079225, 1, 0, 0
19413, 15586493, 1, 0, 0
19507, 15571077, 1, 0, 0
19606, 16323606, 1, 0, 0
19715, 15493019, 1, 0, 0
19806, 15049034, 1, 0, 0
19916, 15671118, 1, 0, 0
20009, 15352361, 1, 0, 0
20106, 16162456, 1, 0, 0
20215, 15515584, 1, 0, 0
20306, 15048167, 1, 0, 0
20400, 15564606, 1, 0, 0
20510, 15538575, 1, 0, 0
20608, 16309056, 1, 0, 0
20718, 15580100, 1, 0, 0
20808, 14968252, 1, 0, 0
20902, 15611870, 1, 0, 0
21011, 15448980, 1, 0, 0
21138, 21096141, 1, 0, 0
21247, 54092232, 1, 0, 0
21300, 53103338, 1, 0, 0
21448, 49354141, 1, 0, 0
21502, 53154654, 1, 0, 0
21620, 59271354, 1, 0, 0
21733, 56316084, 1, 0, 0
21809, 37701727, 1, 0, 0
21917, 15369000, 1, 0, 0
22008, 15074051, 1, 0, 0
22101, 15449461, 1, 0, 0
22211, 15489136, 1, 0, 0
22308, 16113858, 1, 0, 0
22417, 15404178, 1, 0, 0
22508, 15215947, 1, 0, 0
22602, 15393443, 1, 0, 0
22709, 15302456, 1, 0, 0
22807, 16130254, 1, 0, 0
22915, 15390854, 1, 0, 0
23005, 14896861, 1, 0, 0
23114, 15479028, 1, 0, 0
23206, 15150109, 1, 0, 0
23303, 16061961, 1, 0, 0
23411, 15407553, 1, 0, 0
23510, 19558495, 1, 0, 0
23602, 18296987, 1, 0, 0
23709, 17764457, 1, 0, 0
23800, 18144865, 1, 0, 0
23908, 17931006, 1, 0, 0
24015, 17656770, 1, 0, 0
24119, 34663222, 1, 0, 0
24228, 54070774, 1, 0, 0
24340, 56117686, 1, 0, 0
24445, 52171728, 1, 0, 0
24548, 51719515, 1, 0, 0
24602, 53129149, 1, 0, 0
24716, 38035008, 1, 0, 0
24812, 31792800, 1, 0, 0
24919, 17789341, 1, 0, 0
25007, 17479577, 1, 0, 0
25115, 17924423, 1, 0, 0
25203, 17520602, 1, 0, 0
25311, 17792460, 1, 0, 0
25415, 17310261, 1, 0, 0
25508, 18473555, 1, 0, 0
25612, 17223941, 1, 0, 0
25701, 17693734, 1, 0, 0
25808, 17685551, 1, 0, 0
25916, 17908393, 1, 0, 0
26004, 17457338, 1, 0, 0
26112, 17951266, 1, 0, 0
26200, 17514676, 1, 0, 0
26306, 17622036, 1, 0, 0
26411, 17331966, 1, 0, 0
26501, 17930371, 1, 0, 0
26604, 16972213, 1, 0, 0
26700, 19180673, 1, 0, 0
26810, 15528467, 1, 0, 0
26905, 15805137, 1, 0, 0
27021, 16386801, 1, 0, 0
27136, 23082662, 1, 0, 0
27236, 49810956, 1, 0, 0
27341, 52187183, 1, 0, 0
27449, 53892058, 1, 0, 0
27508, 58771920, 1, 0, 0
27621, 56533296, 1, 0, 0
27714, 46440987, 1, 0, 0
27804, 14943448, 1, 0, 0
27909, 14931100, 1, 0, 0
28014, 14900125, 1, 0, 0
28113, 16355869, 1, 0, 0
28206, 15413984, 1, 0, 0
28317, 15831426, 1, 0, 0
28410, 15398088, 1, 0, 0
28503, 15443198, 1, 0, 0
28609, 15118010, 1, 0, 0
28703, 15529001, 1, 0, 0
28814, 15869503, 1, 0, 0
28907, 15416238, 1, 0, 0
29001, 15417742, 1, 0, 0
29107, 15061519, 1, 0, 0
29200, 15558793, 1, 0, 0
29311, 15731463, 1, 0, 0
29404, 15327909, 1, 0, 0
29512, 15356961, 1, 0, 0
29607, 15814724, 1, 0, 0
29713, 15034722, 1, 0, 0
29804, 15137113, 1, 0, 0
29909, 14917913, 1, 0, 0
30000, 15060106, 1, 0, 0
30108, 15392821, 1, 0, 0
30200, 15147298, 1, 0, 0
30304, 14740468, 1, 0, 0
30411, 15302235, 1, 0, 0
30506, 31528650, 1, 0, 0
30609, 51509870, 1, 0, 0
30716, 53432190, 1, 0, 0
30825, 54187670, 1, 0, 0
30938, 56419127, 1, 0, 0
31049, 55115655, 1, 0, 0
31110, 30599550, 1, 0, 0
31200, 14981804, 1, 0, 0
31305, 14908683, 1, 0, 0
31411, 17498464, 1, 0, 0
31506, 15883862, 1, 0, 0
31600, 15508795, 1, 0, 0
31710, 15659758, 1, 0, 0
31803, 15285337, 1, 0, 0
31912, 15620562, 1, 0, 0
32009, 16072994, 1, 0, 0
32103, 15523797, 1, 0, 0
32214, 15693034, 1, 0, 0
32306, 15272828, 1, 0, 0
32402, 15959159, 1, 0, 0
32511, 15395089, 1, 0, 0
32604, 15459724, 1, 0, 0
32714, 15631149, 1, 0, 0
32807, 15392820, 1, 0, 0
32903, 15961913, 1, 0, 0
33013, 15558062, 1, 0, 0
33110, 15993482, 1, 0, 0
33206, 15928824, 1, 0, 0
33302, 15859314, 1, 0, 0
33412, 15629274, 1, 0, 0
33503, 14989554, 1, 0, 0
33641, 34382292, 1, 0, 0
33746, 52594155, 1, 0, 0
33801, 54718858, 1, 0, 0
33912, 55185945, 1, 0, 0
34019, 53530299, 1, 0, 0
34140, 60517829, 1, 0, 0
34203, 31442627, 1, 0, 0
34314, 15706312, 1, 0, 0
34406, 15148656, 1, 0, 0
34502, 15902904, 1, 0, 0
34611, 15489290, 1, 0, 0
34712, 16664264, 1, 0, 0
34806, 15590986, 1, 0, 0
34902, 15939903, 1, 0, 0
35012, 15571010, 1, 0, 0
35104, 15202717, 1, 0, 0
35213, 15577694, 1, 0, 0
35307, 15439833, 1, 0, 0
35404, 16128987, 1, 0, 0
35514, 15660949, 1, 0, 0
35605, 15039029, 1, 0, 0
35701, 15838354, 1, 0, 0
35809, 15442845, 1, 0, 0
35914, 17385889, 1, 0, 0
36005, 17970883, 1, 0, 0
36112, 17806736, 1, 0, 0
36200, 17577788, 1, 0, 0
36308, 17760134, 1, 0, 0
36418, 18313576, 1, 0, 0
36508, 14922276, 1, 0, 0
36603, 15649311, 1, 0, 0
36737, 26788694, 1, 0, 0
36849, 37314287, 1, 0, 0
36961, 55978156, 1, 0, 0
37022, 61037704, 1, 0, 0
37110, 21927260, 1, 0, 0
37206, 15947655, 1, 0, 0
37303, 16058964, 1, 0, 0
37415, 15867122, 1, 0, 0
37506, 15131697, 1, 0, 0
37603, 15941367, 1, 0, 0
37713, 15667178, 1, 0, 0
37809, 15940378, 1, 0, 0
37901, 15243760, 1, 0, 0
38012, 15689767, 1, 0, 0
38108, 15852403, 1, 0, 0
38202, 15653817, 1, 0, 0
38313, 15711019, 1, 0, 0
38406, 15540380, 1, 0, 0
38505, 16278046, 1, 0, 0
38614, 15597049, 1, 0, 0
38709, 15688382, 1, 0, 0
38803, 15451623, 1, 0, 0
38900, 16188226, 1, 0, 0
39010, 15528845, 1, 0, 0
39102, 15276542, 1, 0, 0
39213, 15653302, 1, 0, 0
39306, 15439648, 1, 0, 0
39403, 16224147, 1, 0, 0
39513, 15511660, 1, 0, 0
39605, 15311925, 1, 0, 0
39715, 15689999, 1, 0, 0
39808, 15334127, 1, 0, 0
39906, 16217353, 1, 0, 0
40015, 15479192, 1, 0, 0
40148, 26589753, 1, 0, 0
40205, 56478789, 1, 0, 0
40316, 55353001, 1, 0, 0
40424, 54027322, 1, 0, 0
40534, 54870027, 1, 0, 0
40647, 56608030, 1, 0, 0
40710, 62718588, 1, 0, 0
40802, 18287628, 1, 0, 0
40912, 15632239, 1, 0, 0
41005, 15480513, 1, 0, 0
41115, 15636377, 1, 0, 0
41208, 15371502, 1, 0, 0
41306, 16108399, 1, 0, 0
41414, 15395626, 1, 0, 0
41506, 15243992, 1, 0, 0
41617, 15840872, 1, 0, 0
41710, 15376991, 1, 0, 0
41807, 16085423, 1, 0, 0
41916, 15406671, 1, 0, 0
42008, 15243864, 1, 0, 0
42101, 15360012, 1, 0, 0
42211, 15654549, 1, 0, 0
42308, 16042161, 1, 0, 0
42416, 15358405, 1, 0, 0
42510, 15691476, 1, 0, 0
42605, 15641066, 1, 0, 0
42700, 15840044, 1, 0, 0
42811, 15682183, 1, 0, 0
42902, 15052679, 1, 0, 0
43010, 15346455, 1, 0, 0
43104, 15529286, 1, 0, 0
43217, 18770170, 1, 0, 0
43310, 46296466, 1, 0, 0
43421, 55690361, 1, 0, 0
43532, 55399810, 1, 0, 0
43647, 57260796, 1, 0, 0
43704, 56654297, 1, 0, 0
43831, 63426616, 1, 0, 0
43901, 23450900, 1, 0, 0
44010, 15492297, 1, 0, 0
44105, 15594436, 1, 0, 0
44216, 15737301, 1, 0, 0
44307, 15192181, 1, 0, 0
44403, 15956864, 1, 0, 0
44513, 15504241, 1, 0, 0
44607, 15578137, 1, 0, 0
44701, 15587017, 1, 0, 0
44810, 15526787, 1, 0, 0
44906, 15840366, 1, 0, 0
45014, 15384545, 1, 0, 0
45108, 15508579, 1, 0, 0
45201, 15345296, 1, 0, 0
45302, 16674623, 1, 0, 0
45412, 15666545, 1, 0, 0
45505, 15471261, 1, 0, 0
45600, 15788677, 1, 0, 0
45706, 17429385, 1, 0, 0
45813, 17695945, 1, 0, 0
45901, 17551004, 1, 0, 0
46009, 17822971, 1, 0, 0
46115, 17499498, 1, 0, 0
46203, 17623589, 1, 0, 0
46322, 29512313, 1, 0, 0
46406, 41754077, 1, 0, 0
46513, 53436373, 1, 0, 0
46637, 61781078, 1, 0, 0
46703, 66202704, 1, 0, 0
46819, 57971102, 1, 0, 0
46909, 29969820, 1, 0, 0
47017, 17760071, 1, 0, 0
47105, 17500941, 1, 0, 0
47212, 17823261, 1, 0, 0
47301, 17474725, 1, 0, 0
47408, 17748680, 1, 0, 0
47512, 17334959, 1, 0, 0
47603, 17975587, 1, 0, 0
47706, 17046177, 1, 0, 0
47814, 17789393, 1, 0, 0
47903, 17782731, 1, 0, 0
48011, 17779504, 1, 0, 0
48118, 17691734, 1, 0, 0
48207, 17688356, 1, 0, 0
48314, 17739262, 1, 0, 0
48401, 17370881, 1, 0, 0
48505, 17227318, 1, 0, 0
48612, 17547368, 1, 0, 0
48700, 17419583, 1, 0, 0
48808, 17835680, 1, 0, 0
48917, 18110813, 1, 0, 0
49006, 17768118, 1, 0, 0
49113, 17650638, 1, 0, 0
49202, 17601129, 1, 0, 0
49308, 17665438, 1, 0, 0
49412, 17244471, 1, 0, 0
49535, 30523266, 1, 0, 0
49644, 54490216, 1, 0, 0
49756, 55920786, 1, 0, 0
49824, 68099878, 1, 0, 0
49936, 55796991, 1, 0, 0
50048, 55640363, 1, 0, 0
50101, 52742244, 1, 0, 0
50211, 21889109, 1, 0, 0
50300, 17682092, 1, 0, 0
50407, 17898433, 1, 0, 0
50510, 17042131, 1, 0, 0
50600, 17825729, 1, 0, 0
50715, 19200046, 1, 0, 0
50807, 18064112, 1, 0, 0
50910, 17169076, 1, 0, 0
51000, 17841767, 1, 0, 0
51107, 17736432, 1, 0, 0
51214, 17731283, 1, 0, 0
51301, 17284464, 1, 0, 0
51410, 17957910, 1, 0, 0
51517, 17707151, 1, 0, 0
51605, 17485922, 1, 0, 0
51708, 17143479, 1, 0, 0
51815, 17652555, 1, 0, 0
51902, 17414120, 1, 0, 0
52009, 17656143, 1, 0, 0
52116, 17771604, 1, 0, 0
52203, 17321712, 1, 0, 0
52309, 17661373, 1, 0, 0
52412, 17054419, 1, 0, 0
52504, 18278792, 1, 0, 0
52644, 34896362, 1, 0, 0
52704, 59569595, 1, 0, 0
52820, 57692857, 1, 0, 0
52938, 58804333, 1, 0, 0
53058, 59906586, 1, 0, 0
53110, 17220788, 1, 0, 0
53202, 18281820, 1, 0, 0
53308, 17496141, 1, 0, 0
53416, 17796737, 1, 0, 0
53505, 17689111, 1, 0, 0
53613, 17934082, 1, 0, 0
53701, 17523657, 1, 0, 0
53809, 17808100, 1, 0, 0
53908, 19713042, 1, 0, 0
54023, 22833332, 1, 0, 0
54109, 28586407, 1, 0, 0
54206, 24232074, 1, 0, 0
54306, 24810938, 1, 0, 0
54403, 24206932, 1, 0, 0
54507, 26028164, 1, 0, 0
54602, 23558950, 1, 0, 0
54724, 24264975, 1, 0, 0
54811, 17317314, 1, 0, 0
54904, 15343926, 1, 0, 0
55011, 15203723, 1, 0, 0
55104, 15339245, 1, 0, 0
55215, 15676872, 1, 0, 0
55306, 15175482, 1, 0, 0
55412, 14953817, 1, 0, 0
55519, 26794604, 1, 0, 0
55633, 56544630, 1, 0, 0
55747, 56986745, 1, 0, 0
55801, 53961870, 1, 0, 0
55915, 56657102, 1, 0, 0
56004, 44368747, 1, 0, 0
56101, 16152069, 1, 0, 0
56212, 15682984, 1, 0, 0
56308, 15930635, 1, 0, 0
56400, 15359955, 1, 0, 0
56511, 15789061, 1, 0, 0
56604, 15332682, 1, 0, 0
56701, 16142615, 1, 0, 0
56811, 15541649, 1, 0, 0
56902, 15189955, 1, 0, 0
57013, 15687023, 1, 0, 0
57107, 15659314, 1, 0, 0
57205, 16226580, 1, 0, 0
57315, 15498851, 1, 0, 0
57407, 15249861, 1, 0, 0
57500, 15464870, 1, 0, 0
57611, 15730718, 1, 0, 0
57709, 16201864, 1, 0, 0
57800, 15039591, 1, 0, 0
57909, 15510959, 1, 0, 0
58002, 15400470, 1, 0, 0
58100, 16260634, 1, 0, 0
58211, 15672291, 1, 0, 0
58301, 14885409, 1, 0, 0
58411, 15683312, 1, 0, 0
58504, 15377211, 1, 0, 0
58601, 16113549, 1, 0, 0
58723, 20119986, 1, 0, 0
58824, 50598775, 1, 0, 0
58944, 59712665, 1, 0, 0
59056, 56016849, 1, 0, 0
59112, 56467709, 1, 0, 0
59223, 55070674, 1, 0, 0
59336, 56431797, 1, 0, 0
59401, 16237069, 1, 0, 0
59511, 15644452, 1, 0, 0
59603, 15175317, 1, 0, 0
59713, 15713885, 1, 0, 0
59807, 15520202, 1, 0, 0
59905, 16136026, 1, 0, 0
60014, 15545608, 1, 0, 0
60113, 16414770, 1, 0, 0
60203, 17853882, 1, 0, 0
60311, 17850652, 1, 0, 0
60401, 17751597, 1, 0, 0
60508, 17728875, 1, 0, 0
60615, 17789799, 1, 0, 0
60704, 17719497, 1, 0, 0
60812, 17781035, 1, 0, 0
60914, 16995659, 1, 0, 0
61003, 17632740, 1, 0, 0
61109, 17583428, 1, 0, 0
61215, 17530187, 1, 0, 0
61303, 17434233, 1, 0, 0
61411, 17981643, 1, 0, 0
61518, 17657015, 1, 0, 0
61605, 17356423, 1, 0, 0
61710, 17284581, 1, 0, 0
61812, 20338969, 1, 0, 0
61916, 52077177, 1, 0, 0
62031, 57300837, 1, 0, 0
62143, 55930864, 1, 0, 0
62253, 54411340, 1, 0, 0
62309, 56483890, 1, 0, 0
62435, 62966098, 1, 0, 0
62506, 23405209, 1, 0, 0
62614, 17932473, 1, 0, 0
62703, 17594295, 1, 0, 0
62810, 17846725, 1, 0, 0
62900, 17807734, 1, 0, 0
63008, 17884193, 1, 0, 0
63112, 17373483, 1, 0, 0
63204, 15141411, 1, 0, 0
63310, 15167731, 1, 0, 0
63417, 15149873, 1, 0, 0
63508, 15067659, 1, 0, 0
63613, 14937742, 1, 0, 0
63706, 15482457, 1, 0, 0
63817, 15799506, 1, 0, 0
63911, 15506955, 1, 0, 0
64003, 15414835, 1, 0, 0
64110, 15085806, 1, 0, 0
64202, 15341779, 1, 0, 0
64312, 15673481, 1, 0, 0
64403, 15158535, 1, 0, 0
64514, 15765172, 1, 0, 0
64606, 15248401, 1, 0, 0
64702, 15926171, 1, 0, 0
64812, 15570987, 1, 0, 0
64902, 14877850, 1, 0, 0
65010, 21497506, 1, 0, 0
65152, 47100067, 1, 0, 0
65205, 53254961, 1, 0, 0
65318, 56687882, 1, 0, 0
65429, 55174793, 1, 0, 0
65539, 55002028, 1, 0, 0
65603, 31704680, 1, 0, 0
65713, 15634459, 1, 0, 0
65803, 17957753, 1, 0, 0
65905, 14436474, 1, 0, 0
66013, 15375457, 1, 0, 0
66103, 14912383, 1, 0, 0
66204, 14333121, 1, 0, 0
66313, 15507323, 1, 0, 0
66405, 15125962, 1, 0, 0
66511, 15049324, 1, 0, 0
66612, 16737511, 1, 0, 0
66704, 15169300, 1, 0, 0
66808, 14871650, 1, 0, 0
66901, 15340087, 1, 0, 0
67012, 15698710, 1, 0, 0
67102, 15013534, 1, 0, 0
67218, 16423964, 1, 0, 0
67309, 15084477, 1, 0, 0
67410, 14437122, 1, 0, 0
67500, 14897234, 1, 0, 0
67609, 15349680, 1, 0, 0
67709, 14270872, 1, 0, 0
67800, 14962372, 1, 0, 0
67908, 15345833, 1, 0, 0
68008, 14236538, 1, 0, 0
68116, 15278462, 1, 0, 0
68206, 14925182, 1, 0, 0
68342, 22475634, 1, 0, 0
68442, 50116257, 1, 0, 0
68548, 52750125, 1, 0, 0
68601, 53228930, 1, 0, 0
68708, 53397222, 1, 0, 0
68815, 53400248, 1, 0, 0
68923, 53854396, 1, 0, 0
69005, 41013258, 1, 0, 0
69118, 16017770, 1, 0, 0
69209, 15071107, 1, 0, 0
69304, 15732290, 1, 0, 0
69400, 15864231, 1, 0, 0
69511, 15712864, 1, 0, 0
69602, 15013165, 1, 0, 0
69701, 19775988, 1, 0, 0
69809, 17804500, 1, 0, 0
69917, 17889720, 1, 0, 0
70004, 17444943, 1, 0, 0
70111, 17673385, 1, 0, 0
70200, 17633449, 1, 0, 0
70307, 17725457, 1, 0, 0
70410, 16977302, 1, 0, 0
70516, 17572135, 1, 0, 0
70604, 17557827, 1, 0, 0
70710, 17553797, 1, 0, 0
70817, 17762814, 1, 0, 0
70906, 17725007, 1, 0, 0
71012, 17530861, 1, 0, 0
71100, 17493947, 1, 0, 0
71205, 17288758, 1, 0, 0
71312, 17770864, 1, 0, 0
71412, 33194464, 1, 0, 0
71516, 52004425, 1, 0, 0
71630, 56648141, 1, 0, 0
71745, 57380496, 1, 0, 0
71802, 57564398, 1, 0, 0
71918, 57733965, 1, 0, 0
72001, 20644285, 1, 0, 0
72108, 17591573, 1, 0, 0
72201, 18383306, 1, 0, 0
72306, 17295045, 1, 0, 0
72414, 17980070, 1, 0, 0
72505, 17966647, 1, 0, 0
72617, 18609425, 1, 0, 0
72708, 15142524, 1, 0, 0
72814, 15034179, 1, 0, 0
72905, 15023682, 1, 0, 0
73010, 15028114, 1, 0, 0
73116, 17432657, 1, 0, 0
73206, 14951874, 1, 0, 0
73301, 15654256, 1, 0, 0
73410, 15460714, 1, 0, 0
73507, 16117647, 1, 0, 0
73617, 15663307, 1, 0, 0
73708, 14964458, 1, 0, 0
73803, 15756540, 1, 0, 0
73912, 15451560, 1, 0, 0
74009, 16061710, 1, 0, 0
74101, 15214774, 1, 0, 0
74210, 15409266, 1, 0, 0
74305, 15691532, 1, 0, 0
74400, 15755001, 1, 0, 0
74506, 15040604, 1, 0, 0
74636, 43196492, 1, 0, 0
74747, 55218944, 1, 0, 0
74804, 57367067, 1, 0, 0
74914, 54886447, 1, 0, 0
75036, 60939229, 1, 0, 0
75113, 38150904, 1, 0, 0
75210, 16169950, 1, 0, 0
75312, 16928808, 1, 0, 0
75404, 18209841, 1, 0, 0
75510, 17601202, 1, 0, 0
75618, 17771406, 1, 0, 0
75707, 17683622, 1, 0, 0
75817, 18217943, 1, 0, 0
75905, 17541645, 1, 0, 0
76014, 17965473, 1, 0, 0
76104, 17996719, 1, 0, 0
76214, 18242288, 1, 0, 0
76300, 16989588, 1, 0, 0
76409, 15461216, 1, 0, 0
76501, 15319891, 1, 0, 0
76611, 15596946, 1, 0, 0
76704, 15326074, 1, 0, 0
76801, 16129452, 1, 0, 0
76910, 15457988, 1, 0, 0
77002, 15180697, 1, 0, 0
77115, 15949005, 1, 0, 0
77207, 15336514, 1, 0, 0
77301, 15539031, 1, 0, 0
77408, 15110508, 1, 0, 0
77501, 15432489, 1, 0, 0
77610, 15559598, 1, 0, 0
77703, 15294713, 1, 0, 0
77824, 20123281, 1, 0, 0
77929, 52103538, 1, 0, 0
78041, 56095006, 1, 0, 0
78158, 58497816, 1, 0, 0
78212, 53798101, 1, 0, 0
78322, 54769011, 1, 0, 0
78439, 58504001, 1, 0, 0
78501, 15279457, 1, 0, 0
78606, 14858131, 1, 0, 0
78716, 15670261, 1, 0, 0
78808, 15316780, 1, 0, 0
78900, 15154584, 1, 0, 0
79005, 14836768, 1, 0, 0
79115, 15655574, 1, 0, 0
79207, 15237800, 1, 0, 0
79311, 14778432, 1, 0, 0
79405, 15513586, 1, 0, 0
79513, 17938805, 1, 0, 0
79605, 15148598, 1, 0, 0
79700, 15716638, 1, 0, 0
79816, 16567523, 1, 0, 0
79909, 15431014, 1, 0, 0
80003, 15491964, 1, 0, 0
80100, 16145841, 1, 0, 0
80210, 15575059, 1, 0, 0
80301, 15043130, 1, 0, 0
80411, 15668772, 1, 0, 0
80504, 15326365, 1, 0, 0
80602, 16183631, 1, 0, 0
80714, 16000852, 1, 0, 0
80804, 17661149, 1, 0, 0
80910, 17526238, 1, 0, 0
81012, 20365773, 1, 0, 0
81100, 43930064, 1, 0, 0
81219, 59294854, 1, 0, 0
81330, 55743657, 1, 0, 0
81445, 56944729, 1, 0, 0
81500, 55226483, 1, 0, 0
81618, 58777307, 1, 0, 0
81713, 23762244, 1, 0, 0
81801, 17457452, 1, 0, 0
81906, 17470324, 1, 0, 0
82007, 16628695, 1, 0, 0
82104, 16124139, 1, 0, 0
82210, 17549830, 1, 0, 0
82303, 15413136, 1, 0, 0
82401, 16200438, 1, 0, 0
82513, 15926200, 1, 0, 0
82604, 15080819, 1, 0, 0
82715, 15756031, 1, 0, 0
82809, 15490764, 1, 0, 0
82907, 16257496, 1, 0, 0
83017, 15650733, 1, 0, 0
83111, 15511048, 1, 0, 0
83204, 15422542, 1, 0, 0
83300, 15965616, 1, 0, 0
83410, 15638440, 1, 0, 0
83504, 18636425, 1, 0, 0
83605, 14422514, 1, 0, 0
83714, 15434217, 1, 0, 0
83803, 14767220, 1, 0, 0
83904, 14323732, 1, 0, 0
84013, 15351866, 1, 0, 0
84125, 15957553, 1, 0, 0
84219, 47107953, 1, 0, 0
84330, 55083159, 1, 0, 0
84440, 54700566, 1, 0, 0
84556, 57929481, 1, 0, 0
84610, 53809825, 1, 0, 0
84718, 53813184, 1, 0, 0
84807, 17748183, 1, 0, 0
84902, 15818297, 1, 0, 0
85012, 15532012, 1, 0, 0
85108, 15892418, 1, 0, 0
85217, 15518782, 1, 0, 0
85309, 15218267, 1, 0, 0
85403, 15640447, 1, 0, 0
85500, 15948931, 1, 0, 0
85605, 14813012, 1, 0, 0
85716, 15870174, 1, 0, 0
85808, 15241490, 1, 0, 0
85901, 15319644, 1, 0, 0
86005, 14745465, 1, 0, 0
86115, 15640442, 1, 0, 0
86207, 15253858, 1, 0, 0
86312, 14853035, 1, 0, 0
86404, 15244070, 1, 0, 0
86514, 15685802, 1, 0, 0
86606, 15164579, 1, 0, 0
86707, 14393938, 1, 0, 0
86815, 15343852, 1, 0, 0
86909, 15578470, 1, 0, 0
87005, 15847360, 1, 0, 0
87114, 15520098, 1, 0, 0
87210, 15857211, 1, 0, 0
87300, 14973904, 1, 0, 0
87424, 20625382, 1, 0, 0
87525, 50241105, 1, 0, 0
87634, 54299471, 1, 0, 0
87747, 56477258, 1, 0, 0
87803, 55937471, 1, 0, 0
87915, 56146125, 1, 0, 0
88004, 21965991, 1, 0, 0
88107, 14657126, 1, 0, 0
88202, 15751347, 1, 0, 0
88312, 15642399, 1, 0, 0
88408, 16011481, 1, 0, 0
88500, 15226489, 1, 0, 0
88610, 15617591, 1, 0, 0
88704, 15651135, 1, 0, 0
88802, 16180931, 1, 0, 0
88911, 15488317, 1, 0, 0
89006, 15801995, 1, 0, 0
89101, 15825530, 1, 0, 0
89211, 15557392, 1, 0, 0
89305, 15714998, 1, 0, 0
89414, 15501596, 1, 0, 0
89506, 15215281, 1, 0, 0
89603, 16012214, 1, 0, 0
89714, 15788817, 1, 0, 0
89807, 15409023, 1, 0, 0
89912, 15018690, 1, 0, 0
90002, 14853292, 1, 0, 0
