250, 77952, 0, 0, 0
350, 92160, 0, 0, 0
450, 38720, 0, 0, 0
550, 68480, 0, 0, 0
650, 82880, 0, 0, 0
749, 80808, 0, 0, 0
849, 56320, 0, 0, 0
949, 49920, 0, 0, 0
1050, 57600, 0, 0, 0
1150, 57280, 0, 0, 0
1249, 74989, 0, 0, 0
1349, 97600, 0, 0, 0
1449, 79360, 0, 0, 0
1549, 107200, 0, 0, 0
1649, 111360, 0, 0, 0
1749, 74560, 0, 0, 0
1849, 76480, 0, 0, 0
1949, 89280, 0, 0, 0
2050, 68480, 0, 0, 0
2150, 99520, 0, 0, 0
2249, 80161, 0, 0, 0
2349, 79680, 0, 0, 0
2449, 81920, 0, 0, 0
2549, 70080, 0, 0, 0
2649, 60800, 0, 0, 0
2749, 91520, 0, 0, 0
2849, 75840, 0, 0, 0
2949, 81280, 0, 0, 0
3050, 48320, 0, 0, 0
3150, 79360, 0, 0, 0
3249, 54303, 0, 0, 0
3349, 81280, 0, 0, 0
3449, 77440, 0, 0, 0
3549, 56640, 0, 0, 0
3649, 87680, 0, 0, 0
3749, 85120, 0, 0, 0
3850, 88000, 0, 0, 0
3950, 106880, 0, 0, 0
4050, 76160, 0, 0, 0
4150, 88000, 0, 0, 0
4249, 75959, 0, 0, 0
4349, 103360, 0, 0, 0
4449, 87040, 0, 0, 0
4549, 72000, 0, 0, 0
4649, 104640, 0, 0, 0
4750, 97920, 0, 0, 0
4850, 53120, 0, 0, 0
4950, 59520, 0, 0, 0
5050, 27840, 0, 0, 0
5150, 74880, 0, 0, 0
5249, 37818, 0, 0, 0
5349, 59520, 0, 0, 0
5449, 100480, 0, 0, 0
5549, 78400, 0, 0, 0
5649, 94400, 0, 0, 0
5750, 81920, 0, 0, 0
5850, 106240, 0, 0, 0
5950, 98560, 0, 0, 0
6050, 104320, 0, 0, 0
6150, 91520, 0, 0, 0
6249, 69494, 0, 0, 0
6349, 96960, 0, 0, 0
6449, 85760, 0, 0, 0
6549, 58240, 0, 0, 0
6649, 60160, 0, 0, 0
6750, 56320, 0, 0, 0
6850, 55040, 0, 0, 0
6950, 61440, 0, 0, 0
7050, 69440, 0, 0, 0
7150, 29120, 0, 0, 0
7249, 44606, 0, 0, 0
7349, 72320, 0, 0, 0
7449, 42240, 0, 0, 0
7549, 75200, 0, 0, 0
7650, 81280, 0, 0, 0
7750, 64320, 0, 0, 0
7850, 74240, 0, 0, 0
7950, 57280, 0, 0, 0
8050, 57920, 0, 0, 0
8150, 69120, 0, 0, 0
8249, 81777, 0, 0, 0
8349, 92480, 0, 0, 0
8449, 77440, 0, 0, 0
8550, 100800, 0, 0, 0
8650, 65600, 0, 0, 0
8750, 91200, 0, 0, 0
8850, 54080, 0, 0, 0
8950, 65280, 0, 0, 0
9050, 71040, 0, 0, 0
9150, 73920, 0, 0, 0
9249, 50747, 0, 0, 0
9349, 95360, 0, 0, 0
9449, 95360, 0, 0, 0
9550, 76160, 0, 0, 0
9650, 99840, 0, 0, 0
9749, 63353, 0, 0, 0
9849, 68480, 0, 0, 0
9949, 78400, 0, 0, 0
10049, 82880, 0, 0, 0
10149, 66560, 0, 0, 0
10249, 77760, 0, 0, 0
10349, 50880, 0, 0, 0
10449, 89280, 0, 0, 0
10550, 93760, 0, 0, 0
10650, 75200, 0, 0, 0
10749, 78222, 0, 0, 0
10849, 45760, 0, 0, 0
10949, 80320, 0, 0, 0
11049, 60800, 0, 0, 0
11149, 68800, 0, 0, 0
11249, 80320, 0, 0, 0
11349, 76160, 0, 0, 0
11450, 105600, 0, 0, 0
11550, 79680, 0, 0, 0
11650, 43840, 0, 0, 0
11749, 81454, 0, 0, 0
11849, 67520, 0, 0, 0
11949, 64960, 0, 0, 0
12049, 85120, 0, 0, 0
12149, 77760, 0, 0, 0
12249, 82880, 0, 0, 0
12350, 73920, 0, 0, 0
12450, 92480, 0, 0, 0
12550, 55040, 0, 0, 0
12650, 94720, 0, 0, 0
12749, 53656, 0, 0, 0
12849, 106560, 0, 0, 0
12949, 67520, 0, 0, 0
13050, 48960, 0, 0, 0
13150, 91200, 0, 0, 0
13249, 70464, 0, 0, 0
13349, 94080, 0, 0, 0
13449, 71040, 0, 0, 0
13549, 83200, 0, 0, 0
13649, 84800, 0, 0, 0
13749, 90560, 0, 0, 0
13849, 92160, 0, 0, 0
13949, 45120, 0, 0, 0
14050, 65600, 0, 0, 0
14150, 88640, 0, 0, 0
14249, 53333, 0, 0, 0
14349, 89280, 0, 0, 0
14449, 94720, 0, 0, 0
14549, 89280, 0, 0, 0
14649, 83200, 0, 0, 0
14749, 75520, 0, 0, 0
14849, 67840, 0, 0, 0
14949, 74880, 0, 0, 0
15050, 73280, 0, 0, 0
15150, 89280, 0, 0, 0
15249, 59797, 0, 0, 0
15349, 66880, 0, 0, 0
15449, 72000, 0, 0, 0
15549, 70720, 0, 0, 0
15649, 54080, 0, 0, 0
15749, 106880, 0, 0, 0
15849, 90240, 0, 0, 0
15950, 68800, 0, 0, 0
16050, 65920, 0, 0, 0
16150, 58560, 0, 0, 0
16249, 96000, 0, 0, 0
16349, 92800, 0, 0, 0
16449, 104000, 0, 0, 0
16549, 91840, 0, 0, 0
16649, 54720, 0, 0, 0
16749, 88640, 0, 0, 0
16849, 97920, 0, 0, 0
16950, 88640, 0, 0, 0
17050, 85440, 0, 0, 0
17150, 88960, 0, 0, 0
17249, 90505, 0, 0, 0
17349, 97600, 0, 0, 0
17449, 93440, 0, 0, 0
17549, 79040, 0, 0, 0
17649, 73920, 0, 0, 0
17749, 27840, 0, 0, 0
17849, 37440, 0, 0, 0
17950, 51200, 0, 0, 0
18050, 51200, 0, 0, 0
18150, 85440, 0, 0, 0
18249, 82747, 0, 0, 0
18349, 52480, 0, 0, 0
18449, 92160, 0, 0, 0
18549, 73920, 0, 0, 0
18650, 100480, 0, 0, 0
18750, 75520, 0, 0, 0
18850, 77440, 0, 0, 0
18950, 73280, 0, 0, 0
19050, 60800, 0, 0, 0
19150, 76480, 0, 0, 0
19249, 31353, 0, 0, 0
19349, 53120, 0, 0, 0
19449, 80000, 0, 0, 0
19549, 58880, 0, 0, 0
19650, 68800, 0, 0, 0
19750, 48640, 0, 0, 0
19850, 54720, 0, 0, 0
19950, 90560, 0, 0, 0
20050, 51520, 0, 0, 0
20150, 85760, 0, 0, 0
20249, 89535, 0, 0, 0
20349, 71360, 0, 0, 0
20449, 89920, 0, 0, 0
20549, 72640, 0, 0, 0
20650, 76800, 0, 0, 0
20750, 96960, 0, 0, 0
20850, 102720, 0, 0, 0
20950, 86080, 0, 0, 0
21050, 83840, 0, 0, 0
21150, 60480, 0, 0, 0
21249, 49777, 0, 0, 0
21349, 80640, 0, 0, 0
21449, 108800, 0, 0, 0
21550, 99200, 0, 0, 0
21650, 72000, 0, 0, 0
21749, 95676, 0, 0, 0
21849, 96640, 0, 0, 0
21949, 105280, 0, 0, 0
22049, 37440, 0, 0, 0
22149, 59840, 0, 0, 0
22249, 81280, 0, 0, 0
22349, 59520, 0, 0, 0
22449, 93120, 0, 0, 0
22550, 86720, 0, 0, 0
22650, 69120, 0, 0, 0
22750, 93760, 0, 0, 0
22850, 54400, 0, 0, 0
22950, 71680, 0, 0, 0
23050, 96320, 0, 0, 0
23150, 76160, 0, 0, 0
23249, 75959, 0, 0, 0
23349, 73600, 0, 0, 0
23449, 88320, 0, 0, 0
23549, 76160, 0, 0, 0
23650, 57920, 0, 0, 0
23750, 112000, 0, 0, 0
23850, 48960, 0, 0, 0
23950, 83840, 0, 0, 0
24050, 49920, 0, 0, 0
24150, 55360, 0, 0, 0
24249, 70787, 0, 0, 0
24349, 53760, 0, 0, 0
24449, 67840, 0, 0, 0
24550, 80960, 0, 0, 0
24650, 93760, 0, 0, 0
24750, 78400, 0, 0, 0
24850, 49600, 0, 0, 0
24950, 122560, 0, 0, 0
25050, 89920, 0, 0, 0
25150, 120000, 0, 0, 0
25249, 110545, 0, 0, 0
25349, 82240, 0, 0, 0
25449, 101440, 0, 0, 0
25549, 88960, 0, 0, 0
25650, 79040, 0, 0, 0
25750, 96960, 0, 0, 0
25850, 59840, 0, 0, 0
25950, 60800, 0, 0, 0
26050, 60800, 0, 0, 0
26150, 63680, 0, 0, 0
26249, 71757, 0, 0, 0
26349, 28480, 0, 0, 0
26449, 75840, 0, 0, 0
26550, 96960, 0, 0, 0
26650, 97920, 0, 0, 0
26749, 38464, 0, 0, 0
26849, 41600, 0, 0, 0
26949, 42560, 0, 0, 0
27049, 100480, 0, 0, 0
27149, 84160, 0, 0, 0
27249, 87360, 0, 0, 0
27350, 43840, 0, 0, 0
27450, 68800, 0, 0, 0
27550, 97600, 0, 0, 0
27650, 60480, 0, 0, 0
27749, 82747, 0, 0, 0
27849, 88000, 0, 0, 0
27949, 74880, 0, 0, 0
28050, 83520, 0, 0, 0
28150, 105920, 0, 0, 0
28249, 99555, 0, 0, 0
28349, 80640, 0, 0, 0
28449, 98240, 0, 0, 0
28549, 104000, 0, 0, 0
28649, 77440, 0, 0, 0
28749, 102080, 0, 0, 0
28849, 78080, 0, 0, 0
28949, 64320, 0, 0, 0
29050, 73920, 0, 0, 0
29150, 91840, 0, 0, 0
29250, 65280, 0, 0, 0
29350, 101440, 0, 0, 0
29450, 83200, 0, 0, 0
29550, 112640, 0, 0, 0
29650, 84480, 0, 0, 0
29749, 78222, 0, 0, 0
29849, 89280, 0, 0, 0
29949, 64640, 0, 0, 0
30050, 101120, 0, 0, 0
30150, 111360, 0, 0, 0
30249, 105050, 0, 0, 0
30349, 118080, 0, 0, 0
30449, 81280, 0, 0, 0
30549, 88000, 0, 0, 0
30649, 91840, 0, 0, 0
30749, 111040, 0, 0, 0
30849, 33920, 0, 0, 0
30949, 110720, 0, 0, 0
31050, 104000, 0, 0, 0
31150, 103360, 0, 0, 0
31249, 45575, 0, 0, 0
31349, 68160, 0, 0, 0
31449, 72960, 0, 0, 0
31549, 74240, 0, 0, 0
31649, 50560, 0, 0, 0
31749, 87040, 0, 0, 0
31849, 76800, 0, 0, 0
31949, 84480, 0, 0, 0
32049, 55040, 0, 0, 0
32150, 102080, 0, 0, 0
32250, 63040, 0, 0, 0
32350, 39680, 0, 0, 0
32450, 67840, 0, 0, 0
32550, 46720, 0, 0, 0
32650, 61120, 0, 0, 0
32749, 68202, 0, 0, 0
32849, 89280, 0, 0, 0
32949, 109120, 0, 0, 0
33050, 99840, 0, 0, 0
33150, 45440, 0, 0, 0
33249, 114747, 0, 0, 0
33349, 84480, 0, 0, 0
33449, 72960, 0, 0, 0
33549, 100160, 0, 0, 0
33649, 74240, 0, 0, 0
33749, 75200, 0, 0, 0
33849, 77440, 0, 0, 0
33950, 73920, 0, 0, 0
34050, 96320, 0, 0, 0
34150, 88000, 0, 0, 0
34249, 99878, 0, 0, 0
34349, 93120, 0, 0, 0
34449, 47040, 0, 0, 0
34549, 41600, 0, 0, 0
34649, 90880, 0, 0, 0
34749, 97600, 0, 0, 0
34849, 101440, 0, 0, 0
34950, 86080, 0, 0, 0
35050, 88640, 0, 0, 0
35150, 96960, 0, 0, 0
35249, 104080, 0, 0, 0
35349, 80960, 0, 0, 0
35449, 85440, 0, 0, 0
35549, 91520, 0, 0, 0
35649, 82880, 0, 0, 0
35749, 66240, 0, 0, 0
35849, 95360, 0, 0, 0
35950, 119040, 0, 0, 0
36050, 51520, 0, 0, 0
36150, 60160, 0, 0, 0
36249, 80484, 0, 0, 0
36349, 79040, 0, 0, 0
36449, 92160, 0, 0, 0
36549, 97920, 0, 0, 0
36649, 87040, 0, 0, 0
36749, 91840, 0, 0, 0
36849, 96960, 0, 0, 0
36950, 66560, 0, 0, 0
37050, 91200, 0, 0, 0
37150, 105920, 0, 0, 0
37249, 120565, 0, 0, 0
37349, 46400, 0, 0, 0
37449, 86720, 0, 0, 0
37549, 92800, 0, 0, 0
37649, 88000, 0, 0, 0
37750, 103040, 0, 0, 0
37850, 74880, 0, 0, 0
37950, 77760, 0, 0, 0
38050, 82880, 0, 0, 0
38150, 90880, 0, 0, 0
38249, 83393, 0, 0, 0
38349, 71360, 0, 0, 0
38449, 77760, 0, 0, 0
38549, 73280, 0, 0, 0
38649, 118720, 0, 0, 0
38750, 113600, 0, 0, 0
38850, 72320, 0, 0, 0
38950, 71360, 0, 0, 0
39050, 46400, 0, 0, 0
39150, 55040, 0, 0, 0
39249, 100202, 0, 0, 0
39349, 44800, 0, 0, 0
39449, 93760, 0, 0, 0
39549, 83520, 0, 0, 0
39649, 102720, 0, 0, 0
39750, 112960, 0, 0, 0
39850, 86080, 0, 0, 0
39950, 75200, 0, 0, 0
40050, 88640, 0, 0, 0
40150, 99200, 0, 0, 0
40249, 85656, 0, 0, 0
40349, 74880, 0, 0, 0
40449, 30720, 0, 0, 0
40549, 105600, 0, 0, 0
40649, 77440, 0, 0, 0
40750, 58880, 0, 0, 0
40850, 61440, 0, 0, 0
40950, 96000, 0, 0, 0
41051, 105504, 0, 0, 0
41151, 112320, 0, 0, 0
41252, 56000, 0, 0, 0
41352, 84160, 0, 0, 0
41452, 68160, 0, 0, 0
41552, 63360, 0, 0, 0
41652, 65920, 0, 0, 0
41752, 55040, 0, 0, 0
41852, 82880, 0, 0, 0
41952, 102400, 0, 0, 0
42052, 89600, 0, 0, 0
42152, 80000, 0, 0, 0
42253, 86400, 0, 0, 0
42353, 97920, 0, 0, 0
42453, 93440, 0, 0, 0
42553, 81920, 0, 0, 0
42653, 49280, 0, 0, 0
42753, 78080, 0, 0, 0
42853, 86720, 0, 0, 0
42953, 85440, 0, 0, 0
43053, 53120, 0, 0, 0
43154, 43840, 0, 0, 0
43254, 71040, 0, 0, 0
43354, 87040, 0, 0, 0
43454, 79040, 0, 0, 0
43554, 71360, 0, 0, 0
43654, 70720, 0, 0, 0
43754, 59200, 0, 0, 0
43854, 79360, 0, 0, 0
43954, 69440, 0, 0, 0
44055, 94400, 0, 0, 0
44155, 89600, 0, 0, 0
44255, 63040, 0, 0, 0
44355, 62400, 0, 0, 0
44455, 61760, 0, 0, 0
44555, 73920, 0, 0, 0
44655, 65280, 0, 0, 0
44755, 48320, 0, 0, 0
44855, 73920, 0, 0, 0
44955, 80960, 0, 0, 0
45056, 61760, 0, 0, 0
45156, 79680, 0, 0, 0
45256, 75200, 0, 0, 0
45356, 102720, 0, 0, 0
45456, 95360, 0, 0, 0
45556, 46080, 0, 0, 0
45656, 87040, 0, 0, 0
45757, 108160, 0, 0, 0
45857, 106880, 0, 0, 0
45957, 61440, 0, 0, 0
46057, 80960, 0, 0, 0
46157, 95680, 0, 0, 0
46257, 29440, 0, 0, 0
46357, 75520, 0, 0, 0
46457, 96640, 0, 0, 0
46557, 87680, 0, 0, 0
46657, 46400, 0, 0, 0
46758, 72000, 0, 0, 0
46858, 104320, 0, 0, 0
46958, 93440, 0, 0, 0
47058, 75520, 0, 0, 0
47158, 68800, 0, 0, 0
47258, 75840, 0, 0, 0
47358, 32000, 0, 0, 0
47458, 64000, 0, 0, 0
47558, 66880, 0, 0, 0
47658, 98880, 0, 0, 0
47759, 99200, 0, 0, 0
47859, 96640, 0, 0, 0
47959, 77120, 0, 0, 0
48059, 64320, 0, 0, 0
48159, 45120, 0, 0, 0
48259, 74560, 0, 0, 0
48359, 64640, 0, 0, 0
48459, 72000, 0, 0, 0
48559, 86080, 0, 0, 0
48659, 22400, 0, 0, 0
48759, 37760, 0, 0, 0
48860, 52800, 0, 0, 0
48960, 65920, 0, 0, 0
49060, 69760, 0, 0, 0
49160, 74880, 0, 0, 0
49260, 86720, 0, 0, 0
49360, 67840, 0, 0, 0
49460, 37760, 0, 0, 0
49560, 79680, 0, 0, 0
49660, 78400, 0, 0, 0
49760, 84800, 0, 0, 0
49860, 80320, 0, 0, 0
49961, 75200, 0, 0, 0
50061, 91840, 0, 0, 0
50161, 84160, 0, 0, 0
50261, 41920, 0, 0, 0
50361, 70720, 0, 0, 0
50461, 95360, 0, 0, 0
50561, 89600, 0, 0, 0
50661, 53440, 0, 0, 0
50761, 96000, 0, 0, 0
50862, 57920, 0, 0, 0
50962, 90560, 0, 0, 0
51062, 74560, 0, 0, 0
51162, 84480, 0, 0, 0
51262, 70400, 0, 0, 0
51362, 82560, 0, 0, 0
51462, 71360, 0, 0, 0
51562, 47360, 0, 0, 0
51662, 88960, 0, 0, 0
51763, 71680, 0, 0, 0
51863, 73600, 0, 0, 0
51963, 63360, 0, 0, 0
52063, 54400, 0, 0, 0
52163, 87680, 0, 0, 0
52263, 75200, 0, 0, 0
52363, 105280, 0, 0, 0
52463, 74880, 0, 0, 0
52563, 92480, 0, 0, 0
52664, 110720, 0, 0, 0
52764, 90560, 0, 0, 0
52864, 53120, 0, 0, 0
52964, 90560, 0, 0, 0
53064, 74560, 0, 0, 0
53164, 104320, 0, 0, 0
53264, 106560, 0, 0, 0
53364, 85440, 0, 0, 0
53464, 60160, 0, 0, 0
53564, 108800, 0, 0, 0
53664, 67840, 0, 0, 0
53765, 88640, 0, 0, 0
53865, 63360, 0, 0, 0
53965, 101760, 0, 0, 0
54065, 49920, 0, 0, 0
54165, 86400, 0, 0, 0
54265, 80320, 0, 0, 0
54365, 69760, 0, 0, 0
54465, 49600, 0, 0, 0
54565, 48000, 0, 0, 0
54665, 72000, 0, 0, 0
54766, 56640, 0, 0, 0
54866, 75840, 0, 0, 0
54966, 62720, 0, 0, 0
55066, 64320, 0, 0, 0
55166, 69440, 0, 0, 0
55266, 82240, 0, 0, 0
55366, 57280, 0, 0, 0
55466, 33600, 0, 0, 0
55566, 79040, 0, 0, 0
55666, 89600, 0, 0, 0
55767, 91520, 0, 0, 0
55867, 38400, 0, 0, 0
55967, 93440, 0, 0, 0
56067, 86080, 0, 0, 0
56167, 74880, 0, 0, 0
56267, 47040, 0, 0, 0
56367, 64960, 0, 0, 0
56467, 86400, 0, 0, 0
56567, 90240, 0, 0, 0
56667, 84480, 0, 0, 0
56768, 88640, 0, 0, 0
56868, 72320, 0, 0, 0
56968, 72000, 0, 0, 0
57068, 82240, 0, 0, 0
57168, 66240, 0, 0, 0
57268, 75840, 0, 0, 0
57368, 101760, 0, 0, 0
57468, 85760, 0, 0, 0
57569, 87040, 0, 0, 0
57669, 80000, 0, 0, 0
57769, 72320, 0, 0, 0
57869, 66240, 0, 0, 0
57969, 78080, 0, 0, 0
58069, 102080, 0, 0, 0
58169, 94720, 0, 0, 0
58269, 65600, 0, 0, 0
58369, 96000, 0, 0, 0
58469, 81280, 0, 0, 0
58570, 80320, 0, 0, 0
58670, 87680, 0, 0, 0
58770, 94720, 0, 0, 0
58870, 54080, 0, 0, 0
58970, 36800, 0, 0, 0
59070, 95040, 0, 0, 0
59170, 90240, 0, 0, 0
59270, 85120, 0, 0, 0
59370, 72640, 0, 0, 0
59471, 63680, 0, 0, 0
59571, 90880, 0, 0, 0
59671, 84480, 0, 0, 0
59771, 27840, 0, 0, 0
59871, 52160, 0, 0, 0
59971, 59200, 0, 0, 0
60071, 80640, 0, 0, 0
60171, 74560, 0, 0, 0
60271, 57920, 0, 0, 0
60372, 99840, 0, 0, 0
60472, 57920, 0, 0, 0
60572, 75200, 0, 0, 0
60672, 74240, 0, 0, 0
60772, 53440, 0, 0, 0
60872, 96000, 0, 0, 0
60972, 85120, 0, 0, 0
61072, 95680, 0, 0, 0
61172, 68480, 0, 0, 0
61273, 59200, 0, 0, 0
61373, 47680, 0, 0, 0
61473, 39040, 0, 0, 0
61573, 76480, 0, 0, 0
61673, 83200, 0, 0, 0
61773, 40000, 0, 0, 0
61873, 40640, 0, 0, 0
61973, 78400, 0, 0, 0
62073, 67520, 0, 0, 0
62173, 33920, 0, 0, 0
62274, 77760, 0, 0, 0
62374, 107840, 0, 0, 0
62474, 97600, 0, 0, 0
62574, 76480, 0, 0, 0
62674, 51520, 0, 0, 0
62774, 81600, 0, 0, 0
62874, 98560, 0, 0, 0
62974, 31680, 0, 0, 0
63074, 88960, 0, 0, 0
63174, 86400, 0, 0, 0
63275, 77760, 0, 0, 0
63375, 63360, 0, 0, 0
63475, 65600, 0, 0, 0
63575, 56320, 0, 0, 0
63675, 61120, 0, 0, 0
63775, 101440, 0, 0, 0
63875, 50880, 0, 0, 0
63975, 27840, 0, 0, 0
64075, 55040, 0, 0, 0
64175, 82880, 0, 0, 0
64276, 91200, 0, 0, 0
64376, 85440, 0, 0, 0
64476, 91520, 0, 0, 0
64576, 50880, 0, 0, 0
64676, 63040, 0, 0, 0
64776, 95040, 0, 0, 0
64876, 75520, 0, 0, 0
64976, 70080, 0, 0, 0
65077, 90240, 0, 0, 0
65177, 78080, 0, 0, 0
65277, 96960, 0, 0, 0
65377, 75200, 0, 0, 0
65477, 81600, 0, 0, 0
65577, 84160, 0, 0, 0
65677, 61120, 0, 0, 0
65777, 36480, 0, 0, 0
65877, 84160, 0, 0, 0
65977, 72640, 0, 0, 0
66077, 75200, 0, 0, 0
66178, 49920, 0, 0, 0
66278, 89920, 0, 0, 0
66378, 97920, 0, 0, 0
66478, 57920, 0, 0, 0
66578, 64640, 0, 0, 0
66678, 62080, 0, 0, 0
66778, 63360, 0, 0, 0
66878, 77760, 0, 0, 0
66978, 50880, 0, 0, 0
67078, 62400, 0, 0, 0
67179, 101120, 0, 0, 0
67279, 95680, 0, 0, 0
67379, 83200, 0, 0, 0
67479, 66880, 0, 0, 0
67579, 57600, 0, 0, 0
67679, 56960, 0, 0, 0
67779, 80000, 0, 0, 0
67879, 102720, 0, 0, 0
67979, 85760, 0, 0, 0
68080, 30080, 0, 0, 0
68180, 62400, 0, 0, 0
68280, 80320, 0, 0, 0
68380, 95680, 0, 0, 0
68480, 73920, 0, 0, 0
68580, 89920, 0, 0, 0
68680, 93120, 0, 0, 0
68780, 65920, 0, 0, 0
68880, 57280, 0, 0, 0
68980, 48640, 0, 0, 0
69081, 70720, 0, 0, 0
69181, 86080, 0, 0, 0
69281, 65600, 0, 0, 0
69381, 55680, 0, 0, 0
69481, 88640, 0, 0, 0
69581, 76800, 0, 0, 0
69681, 84480, 0, 0, 0
69781, 101120, 0, 0, 0
69881, 78720, 0, 0, 0
69981, 77760, 0, 0, 0
70082, 86400, 0, 0, 0
70182, 58880, 0, 0, 0
70282, 90880, 0, 0, 0
70382, 96000, 0, 0, 0
70482, 72000, 0, 0, 0
70582, 76800, 0, 0, 0
70682, 87040, 0, 0, 0
70783, 52160, 0, 0, 0
70883, 92480, 0, 0, 0
70983, 86720, 0, 0, 0
71083, 77120, 0, 0, 0
71183, 74560, 0, 0, 0
71283, 51200, 0, 0, 0
71383, 87040, 0, 0, 0
71483, 87680, 0, 0, 0
71583, 54720, 0, 0, 0
71683, 69120, 0, 0, 0
71783, 61440, 0, 0, 0
71884, 80960, 0, 0, 0
71984, 84160, 0, 0, 0
72084, 77440, 0, 0, 0
72184, 74240, 0, 0, 0
72284, 103040, 0, 0, 0
72384, 56960, 0, 0, 0
72484, 72000, 0, 0, 0
72584, 68160, 0, 0, 0
72684, 84480, 0, 0, 0
72785, 48960, 0, 0, 0
72885, 66560, 0, 0, 0
72985, 70080, 0, 0, 0
73085, 63040, 0, 0, 0
73185, 86400, 0, 0, 0
73285, 89600, 0, 0, 0
73385, 40960, 0, 0, 0
73485, 95040, 0, 0, 0
73585, 63040, 0, 0, 0
73685, 54400, 0, 0, 0
73786, 71360, 0, 0, 0
73886, 69760, 0, 0, 0
73986, 54400, 0, 0, 0
74086, 88000, 0, 0, 0
74186, 51520, 0, 0, 0
74286, 71680, 0, 0, 0
74386, 96960, 0, 0, 0
74486, 81920, 0, 0, 0
74586, 85440, 0, 0, 0
74686, 89920, 0, 0, 0
74787, 103680, 0, 0, 0
74887, 87680, 0, 0, 0
74987, 89600, 0, 0, 0
75087, 46400, 0, 0, 0
75187, 67840, 0, 0, 0
75287, 87040, 0, 0, 0
75387, 50880, 0, 0, 0
75487, 81280, 0, 0, 0
75587, 86720, 0, 0, 0
75687, 79360, 0, 0, 0
75788, 71680, 0, 0, 0
75888, 55680, 0, 0, 0
75988, 55040, 0, 0, 0
76088, 76800, 0, 0, 0
76188, 59520, 0, 0, 0
76288, 75200, 0, 0, 0
76388, 84160, 0, 0, 0
76488, 95680, 0, 0, 0
76588, 105600, 0, 0, 0
76688, 81600, 0, 0, 0
76789, 55680, 0, 0, 0
76889, 92800, 0, 0, 0
76989, 48640, 0, 0, 0
77089, 63040, 0, 0, 0
77189, 52800, 0, 0, 0
77289, 88960, 0, 0, 0
77389, 34560, 0, 0, 0
77489, 68800, 0, 0, 0
77589, 79360, 0, 0, 0
77689, 84480, 0, 0, 0
77790, 86400, 0, 0, 0
77890, 78400, 0, 0, 0
77990, 78400, 0, 0, 0
78090, 80000, 0, 0, 0
78190, 95680, 0, 0, 0
78290, 69120, 0, 0, 0
78390, 38080, 0, 0, 0
78490, 65280, 0, 0, 0
78590, 63360, 0, 0, 0
78690, 72960, 0, 0, 0
78791, 98560, 0, 0, 0
78891, 72960, 0, 0, 0
78991, 92480, 0, 0, 0
79091, 88320, 0, 0, 0
79191, 67520, 0, 0, 0
79291, 102400, 0, 0, 0
79391, 77120, 0, 0, 0
79491, 46720, 0, 0, 0
79591, 23360, 0, 0, 0
79692, 62080, 0, 0, 0
79792, 28160, 0, 0, 0
79892, 90560, 0, 0, 0
79992, 55680, 0, 0, 0
80092, 57600, 0, 0, 0
80192, 96000, 0, 0, 0
80292, 93760, 0, 0, 0
80392, 95040, 0, 0, 0
80492, 75840, 0, 0, 0
80592, 87040, 0, 0, 0
80693, 97920, 0, 0, 0
80793, 84800, 0, 0, 0
80893, 62080, 0, 0, 0
80993, 72320, 0, 0, 0
81093, 101440, 0, 0, 0
81193, 80960, 0, 0, 0
81293, 10880, 0, 0, 0
81393, 79360, 0, 0, 0
81493, 83520, 0, 0, 0
81593, 85120, 0, 0, 0
81694, 103040, 0, 0, 0
81794, 91520, 0, 0, 0
81894, 67200, 0, 0, 0
81994, 63680, 0, 0, 0
82094, 57600, 0, 0, 0
82194, 68160, 0, 0, 0
82294, 73600, 0, 0, 0
82394, 74560, 0, 0, 0
82494, 66880, 0, 0, 0
82594, 93120, 0, 0, 0
82695, 72640, 0, 0, 0
82795, 67520, 0, 0, 0
82895, 62400, 0, 0, 0
82995, 63360, 0, 0, 0
83095, 86080, 0, 0, 0
83195, 103360, 0, 0, 0
83295, 86720, 0, 0, 0
83395, 78080, 0, 0, 0
83495, 63360, 0, 0, 0
83595, 109440, 0, 0, 0
83696, 67520, 0, 0, 0
83796, 93120, 0, 0, 0
83896, 79360, 0, 0, 0
83996, 50560, 0, 0, 0
84096, 83520, 0, 0, 0
84196, 57600, 0, 0, 0
84296, 92800, 0, 0, 0
84396, 96960, 0, 0, 0
84496, 73600, 0, 0, 0
84596, 85440, 0, 0, 0
84696, 88640, 0, 0, 0
84797, 44160, 0, 0, 0
84897, 80320, 0, 0, 0
84997, 93440, 0, 0, 0
85097, 82240, 0, 0, 0
85197, 72640, 0, 0, 0
85297, 90240, 0, 0, 0
85397, 90240, 0, 0, 0
85497, 88320, 0, 0, 0
85597, 58880, 0, 0, 0
85697, 40960, 0, 0, 0
85798, 80640, 0, 0, 0
85898, 33920, 0, 0, 0
85998, 85440, 0, 0, 0
86098, 83200, 0, 0, 0
86198, 78080, 0, 0, 0
86298, 58880, 0, 0, 0
86398, 80320, 0, 0, 0
86498, 79040, 0, 0, 0
86598, 84160, 0, 0, 0
86698, 49920, 0, 0, 0
86799, 93120, 0, 0, 0
86899, 80960, 0, 0, 0
86999, 80000, 0, 0, 0
87099, 84800, 0, 0, 0
87199, 91200, 0, 0, 0
87299, 96000, 0, 0, 0
87399, 93440, 0, 0, 0
87500, 61440, 0, 0, 0
87600, 87360, 0, 0, 0
87700, 104640, 0, 0, 0
87800, 94400, 0, 0, 0
87900, 94720, 0, 0, 0
87999, 83717, 0, 0, 0
88099, 65600, 0, 0, 0
88199, 73600, 0, 0, 0
88299, 62400, 0, 0, 0
88399, 68160, 0, 0, 0
88500, 92160, 0, 0, 0
88600, 60480, 0, 0, 0
88700, 79040, 0, 0, 0
88800, 100160, 0, 0, 0
88900, 98880, 0, 0, 0
88999, 92767, 0, 0, 0
89099, 87360, 0, 0, 0
89199, 93120, 0, 0, 0
89299, 77760, 0, 0, 0
89399, 64000, 0, 0, 0
89499, 45440, 0, 0, 0
89599, 86080, 0, 0, 0
89699, 45120, 0, 0, 0
89800, 66240, 0, 0, 0
89900, 87040, 0, 0, 0
89999, 72727, 0, 0, 0
