250, 2720, 0, 0, 0
350, 2780, 0, 0, 0
450, 2950, 0, 0, 0
550, 2840, 0, 0, 0
650, 2190, 0, 0, 0
749, 2101, 0, 0, 0
849, 1800, 0, 0, 0
950, 1620, 0, 0, 0
1050, 1860, 0, 0, 0
1150, 1740, 0, 0, 0
1249, 2272, 0, 0, 0
1349, 2560, 0, 0, 0
1449, 2890, 0, 0, 0
1549, 3560, 0, 0, 0
1649, 2860, 0, 0, 0
1749, 2570, 0, 0, 0
1849, 2440, 0, 0, 0
1949, 1650, 0, 0, 0
2049, 1780, 0, 0, 0
2149, 1320, 0, 0, 0
2250, 2350, 0, 0, 0
2350, 1770, 0, 0, 0
2450, 2350, 0, 0, 0
2550, 2610, 0, 0, 0
2650, 1650, 0, 0, 0
2749, 2464, 0, 0, 0
2849, 2030, 0, 0, 0
2949, 3230, 0, 0, 0
3049, 2700, 0, 0, 0
3149, 2840, 0, 0, 0
3249, 2610, 0, 0, 0
3349, 2760, 0, 0, 0
3449, 2960, 0, 0, 0
3550, 2280, 0, 0, 0
3650, 2940, 0, 0, 0
3750, 2350, 0, 0, 0
3850, 2880, 0, 0, 0
3950, 2780, 0, 0, 0
4050, 1730, 0, 0, 0
4150, 2290, 0, 0, 0
4249, 2373, 0, 0, 0
4349, 1360, 0, 0, 0
4449, 1930, 0, 0, 0
4549, 1820, 0, 0, 0
4649, 2130, 0, 0, 0
4749, 1930, 0, 0, 0
4849, 2880, 0, 0, 0
4949, 2420, 0, 0, 0
5050, 1040, 0, 0, 0
5150, 2590, 0, 0, 0
5249, 2737, 0, 0, 0
5349, 1490, 0, 0, 0
5449, 1620, 0, 0, 0
5549, 1280, 0, 0, 0
5649, 690, 0, 0, 0
5749, 2430, 0, 0, 0
5849, 880, 0, 0, 0
5949, 2210, 0, 0, 0
6049, 2020, 0, 0, 0
6149, 1910, 0, 0, 0
6249, 2620, 0, 0, 0
6350, 2710, 0, 0, 0
6450, 2070, 0, 0, 0
6550, 720, 0, 0, 0
6650, 2430, 0, 0, 0
6749, 3040, 0, 0, 0
6849, 1660, 0, 0, 0
6949, 2180, 0, 0, 0
7049, 2940, 0, 0, 0
7149, 2570, 0, 0, 0
7249, 1200, 0, 0, 0
7349, 2130, 0, 0, 0
7449, 2080, 0, 0, 0
7549, 3230, 0, 0, 0
7649, 2950, 0, 0, 0
7749, 2990, 0, 0, 0
7850, 2150, 0, 0, 0
7950, 2160, 0, 0, 0
8050, 2460, 0, 0, 0
8150, 2030, 0, 0, 0
8249, 2686, 0, 0, 0
8349, 1740, 0, 0, 0
8449, 2460, 0, 0, 0
8549, 1390, 0, 0, 0
8649, 2650, 0, 0, 0
8749, 2910, 0, 0, 0
8849, 2290, 0, 0, 0
8949, 2350, 0, 0, 0
9049, 2810, 0, 0, 0
9149, 2560, 0, 0, 0
9250, 1920, 0, 0, 0
9350, 2640, 0, 0, 0
9450, 1370, 0, 0, 0
9550, 1640, 0, 0, 0
9650, 2460, 0, 0, 0
9749, 1858, 0, 0, 0
9849, 1240, 0, 0, 0
9949, 2710, 0, 0, 0
10049, 2210, 0, 0, 0
10149, 700, 0, 0, 0
10249, 2380, 0, 0, 0
10349, 1890, 0, 0, 0
10449, 3260, 0, 0, 0
10550, 2600, 0, 0, 0
10650, 2520, 0, 0, 0
10749, 909, 0, 0, 0
10849, 1070, 0, 0, 0
10949, 1360, 0, 0, 0
11049, 1380, 0, 0, 0
11149, 1170, 0, 0, 0
11249, 2260, 0, 0, 0
11349, 3330, 0, 0, 0
11449, 1590, 0, 0, 0
11549, 2760, 0, 0, 0
11649, 3260, 0, 0, 0
11750, 2050, 0, 0, 0
11850, 2590, 0, 0, 0
11950, 3230, 0, 0, 0
12050, 2170, 0, 0, 0
12150, 1160, 0, 0, 0
12249, 2262, 0, 0, 0
12349, 2940, 0, 0, 0
12449, 2070, 0, 0, 0
12549, 1650, 0, 0, 0
12649, 2350, 0, 0, 0
12749, 2540, 0, 0, 0
12849, 700, 0, 0, 0
12949, 1480, 0, 0, 0
13050, 2050, 0, 0, 0
13150, 2070, 0, 0, 0
13249, 2121, 0, 0, 0
13349, 2600, 0, 0, 0
13449, 1950, 0, 0, 0
13549, 2080, 0, 0, 0
13649, 2470, 0, 0, 0
13749, 1230, 0, 0, 0
13849, 1460, 0, 0, 0
13949, 2860, 0, 0, 0
14049, 2490, 0, 0, 0
14149, 2280, 0, 0, 0
14249, 2660, 0, 0, 0
14349, 2920, 0, 0, 0
14450, 2160, 0, 0, 0
14550, 2300, 0, 0, 0
14650, 2740, 0, 0, 0
14749, 767, 0, 0, 0
14849, 2220, 0, 0, 0
14949, 2610, 0, 0, 0
15049, 1130, 0, 0, 0
15149, 2960, 0, 0, 0
15249, 2940, 0, 0, 0
15349, 2500, 0, 0, 0
15449, 2460, 0, 0, 0
15549, 1910, 0, 0, 0
15649, 3090, 0, 0, 0
15750, 2970, 0, 0, 0
15850, 3090, 0, 0, 0
15950, 2550, 0, 0, 0
16050, 2000, 0, 0, 0
16150, 880, 0, 0, 0
16249, 2393, 0, 0, 0
16349, 2990, 0, 0, 0
16449, 3080, 0, 0, 0
16549, 2290, 0, 0, 0
16649, 3300, 0, 0, 0
16749, 2020, 0, 0, 0
16849, 2810, 0, 0, 0
16949, 2720, 0, 0, 0
17050, 1580, 0, 0, 0
17150, 2140, 0, 0, 0
17249, 2404, 0, 0, 0
17349, 2660, 0, 0, 0
17449, 1970, 0, 0, 0
17549, 2890, 0, 0, 0
17649, 2970, 0, 0, 0
17749, 4400, 0, 0, 0
17849, 1220, 0, 0, 0
17949, 2710, 0, 0, 0
18049, 1890, 0, 0, 0
18149, 2320, 0, 0, 0
18250, 1850, 0, 0, 0
18350, 2970, 0, 0, 0
18450, 1980, 0, 0, 0
18550, 1740, 0, 0, 0
18650, 1630, 0, 0, 0
18749, 2686, 0, 0, 0
18849, 2010, 0, 0, 0
18949, 1970, 0, 0, 0
19049, 1870, 0, 0, 0
19149, 3020, 0, 0, 0
19249, 3190, 0, 0, 0
19349, 2460, 0, 0, 0
19449, 2450, 0, 0, 0
19549, 1630, 0, 0, 0
19650, 1370, 0, 0, 0
19750, 1210, 0, 0, 0
19850, 2390, 0, 0, 0
19950, 3100, 0, 0, 0
20050, 2330, 0, 0, 0
20150, 2980, 0, 0, 0
20249, 2383, 0, 0, 0
20349, 1980, 0, 0, 0
20449, 2740, 0, 0, 0
20549, 2720, 0, 0, 0
20649, 1710, 0, 0, 0
20750, 2450, 0, 0, 0
20850, 2840, 0, 0, 0
20950, 2930, 0, 0, 0
21050, 1630, 0, 0, 0
21150, 2240, 0, 0, 0
21249, 2464, 0, 0, 0
21349, 2240, 0, 0, 0
21449, 2460, 0, 0, 0
21549, 1510, 0, 0, 0
21649, 2460, 0, 0, 0
21749, 1630, 0, 0, 0
21849, 1570, 0, 0, 0
21949, 2470, 0, 0, 0
22049, 3190, 0, 0, 0
22149, 2300, 0, 0, 0
22250, 2270, 0, 0, 0
22350, 2970, 0, 0, 0
22450, 2910, 0, 0, 0
22550, 2880, 0, 0, 0
22650, 2630, 0, 0, 0
22749, 2676, 0, 0, 0
22849, 2540, 0, 0, 0
22949, 2070, 0, 0, 0
23049, 2160, 0, 0, 0
23149, 2310, 0, 0, 0
23249, 1990, 0, 0, 0
23349, 1950, 0, 0, 0
23449, 2890, 0, 0, 0
23549, 2430, 0, 0, 0
23650, 2810, 0, 0, 0
23750, 1510, 0, 0, 0
23850, 2390, 0, 0, 0
23950, 1760, 0, 0, 0
24050, 1920, 0, 0, 0
24150, 1600, 0, 0, 0
24249, 2383, 0, 0, 0
24349, 2190, 0, 0, 0
24449, 2880, 0, 0, 0
24549, 2570, 0, 0, 0
24649, 2930, 0, 0, 0
24749, 1450, 0, 0, 0
24849, 2450, 0, 0, 0
24949, 1390, 0, 0, 0
25049, 3100, 0, 0, 0
25150, 1460, 0, 0, 0
25250, 2360, 0, 0, 0
25350, 2530, 0, 0, 0
25450, 1050, 0, 0, 0
25550, 2770, 0, 0, 0
25650, 2860, 0, 0, 0
25749, 2242, 0, 0, 0
25849, 1690, 0, 0, 0
25949, 2380, 0, 0, 0
26049, 2610, 0, 0, 0
26149, 2250, 0, 0, 0
26250, 1280, 0, 0, 0
26350, 2010, 0, 0, 0
26450, 2170, 0, 0, 0
26550, 1560, 0, 0, 0
26650, 2750, 0, 0, 0
26749, 949, 0, 0, 0
26849, 1170, 0, 0, 0
26949, 2580, 0, 0, 0
27049, 2590, 0, 0, 0
27149, 2120, 0, 0, 0
27249, 2910, 0, 0, 0
27349, 3920, 0, 0, 0
27449, 2790, 0, 0, 0
27550, 1440, 0, 0, 0
27650, 330, 0, 0, 0
27749, 2858, 0, 0, 0
27849, 2140, 0, 0, 0
27949, 2130, 0, 0, 0
28049, 1520, 0, 0, 0
28149, 2020, 0, 0, 0
28249, 2750, 0, 0, 0
28349, 1910, 0, 0, 0
28449, 2320, 0, 0, 0
28549, 1950, 0, 0, 0
28649, 2100, 0, 0, 0
28750, 2340, 0, 0, 0
28850, 2340, 0, 0, 0
28950, 3260, 0, 0, 0
29050, 2020, 0, 0, 0
29150, 1940, 0, 0, 0
29249, 1898, 0, 0, 0
29349, 2500, 0, 0, 0
29449, 2340, 0, 0, 0
29549, 2240, 0, 0, 0
29649, 1980, 0, 0, 0
29749, 2520, 0, 0, 0
29850, 2340, 0, 0, 0
29950, 1920, 0, 0, 0
30050, 3150, 0, 0, 0
30150, 2560, 0, 0, 0
30249, 555, 0, 0, 0
30349, 1810, 0, 0, 0
30449, 1200, 0, 0, 0
30549, 2960, 0, 0, 0
30649, 3040, 0, 0, 0
30749, 2870, 0, 0, 0
30849, 2190, 0, 0, 0
30949, 2850, 0, 0, 0
31049, 2890, 0, 0, 0
31150, 2770, 0, 0, 0
31250, 3030, 0, 0, 0
31350, 2910, 0, 0, 0
31450, 3160, 0, 0, 0
31550, 2950, 0, 0, 0
31650, 3130, 0, 0, 0
31749, 3101, 0, 0, 0
31849, 2940, 0, 0, 0
31949, 1780, 0, 0, 0
32049, 2210, 0, 0, 0
32149, 1870, 0, 0, 0
32249, 2550, 0, 0, 0
32349, 2660, 0, 0, 0
32449, 3120, 0, 0, 0
32550, 2820, 0, 0, 0
32650, 1990, 0, 0, 0
32750, 2880, 0, 0, 0
32850, 2610, 0, 0, 0
32950, 2260, 0, 0, 0
33050, 2910, 0, 0, 0
33150, 2810, 0, 0, 0
33249, 1141, 0, 0, 0
33349, 2470, 0, 0, 0
33449, 2700, 0, 0, 0
33549, 2690, 0, 0, 0
33649, 2230, 0, 0, 0
33749, 2270, 0, 0, 0
33849, 1030, 0, 0, 0
33950, 2560, 0, 0, 0
34050, 2720, 0, 0, 0
34150, 1230, 0, 0, 0
34249, 1707, 0, 0, 0
34349, 2990, 0, 0, 0
34449, 2200, 0, 0, 0
34549, 2650, 0, 0, 0
34649, 1440, 0, 0, 0
34749, 1210, 0, 0, 0
34849, 2230, 0, 0, 0
34949, 1900, 0, 0, 0
35049, 1610, 0, 0, 0
35149, 2530, 0, 0, 0
35249, 3670, 0, 0, 0
35350, 3050, 0, 0, 0
35450, 3040, 0, 0, 0
35550, 2760, 0, 0, 0
35650, 2880, 0, 0, 0
35749, 2494, 0, 0, 0
35849, 2860, 0, 0, 0
35949, 2690, 0, 0, 0
36049, 2280, 0, 0, 0
36149, 1680, 0, 0, 0
36249, 2250, 0, 0, 0
36349, 2420, 0, 0, 0
36449, 1470, 0, 0, 0
36549, 2150, 0, 0, 0
36649, 2920, 0, 0, 0
36750, 2850, 0, 0, 0
36850, 3070, 0, 0, 0
36950, 2660, 0, 0, 0
37050, 2530, 0, 0, 0
37150, 2960, 0, 0, 0
37249, 2979, 0, 0, 0
37349, 2950, 0, 0, 0
37449, 2850, 0, 0, 0
37549, 2750, 0, 0, 0
37649, 2090, 0, 0, 0
37749, 1820, 0, 0, 0
37849, 2360, 0, 0, 0
37949, 2820, 0, 0, 0
38050, 2840, 0, 0, 0
38150, 3000, 0, 0, 0
38250, 2750, 0, 0, 0
38350, 2450, 0, 0, 0
38450, 2810, 0, 0, 0
38550, 3070, 0, 0, 0
38650, 1850, 0, 0, 0
38749, 1151, 0, 0, 0
38849, 2080, 0, 0, 0
38949, 2720, 0, 0, 0
39049, 1550, 0, 0, 0
39149, 1970, 0, 0, 0
39249, 2590, 0, 0, 0
39349, 1330, 0, 0, 0
39449, 1800, 0, 0, 0
39550, 2100, 0, 0, 0
39650, 2200, 0, 0, 0
39750, 2860, 0, 0, 0
39850, 2300, 0, 0, 0
39950, 1920, 0, 0, 0
40050, 1760, 0, 0, 0
40150, 1500, 0, 0, 0
40249, 1727, 0, 0, 0
40349, 1120, 0, 0, 0
40449, 1280, 0, 0, 0
40549, 2630, 0, 0, 0
40649, 2800, 0, 0, 0
40749, 3020, 0, 0, 0
40849, 1800, 0, 0, 0
40949, 2170, 0, 0, 0
41050, 2730, 0, 0, 0
41150, 2750, 0, 0, 0
41249, 1474, 0, 0, 0
41349, 2870, 0, 0, 0
41449, 1960, 0, 0, 0
41549, 2560, 0, 0, 0
41649, 3140, 0, 0, 0
41749, 2390, 0, 0, 0
41849, 1040, 0, 0, 0
41949, 1300, 0, 0, 0
42049, 2670, 0, 0, 0
42149, 2260, 0, 0, 0
42249, 1640, 0, 0, 0
42350, 1720, 0, 0, 0
42450, 2850, 0, 0, 0
42550, 2120, 0, 0, 0
42650, 2370, 0, 0, 0
42749, 1646, 0, 0, 0
42849, 2080, 0, 0, 0
42949, 2000, 0, 0, 0
43049, 1970, 0, 0, 0
43149, 2700, 0, 0, 0
43249, 2600, 0, 0, 0
43349, 2290, 0, 0, 0
43449, 2330, 0, 0, 0
43549, 2890, 0, 0, 0
43649, 2920, 0, 0, 0
43750, 3160, 0, 0, 0
43850, 3280, 0, 0, 0
43950, 2850, 0, 0, 0
44050, 2170, 0, 0, 0
44150, 2510, 0, 0, 0
44249, 1797, 0, 0, 0
44349, 1980, 0, 0, 0
44449, 2720, 0, 0, 0
44549, 2860, 0, 0, 0
44649, 2000, 0, 0, 0
44749, 2200, 0, 0, 0
44849, 2010, 0, 0, 0
44949, 2030, 0, 0, 0
45049, 2630, 0, 0, 0
45149, 2740, 0, 0, 0
45250, 2080, 0, 0, 0
45350, 2210, 0, 0, 0
45450, 2890, 0, 0, 0
45550, 2980, 0, 0, 0
45650, 2800, 0, 0, 0
45749, 2888, 0, 0, 0
45849, 2070, 0, 0, 0
45949, 3190, 0, 0, 0
46049, 2890, 0, 0, 0
46149, 2770, 0, 0, 0
46249, 2970, 0, 0, 0
46349, 1260, 0, 0, 0
46449, 2820, 0, 0, 0
46549, 2140, 0, 0, 0
46649, 2040, 0, 0, 0
46749, 1830, 0, 0, 0
46850, 3430, 0, 0, 0
46950, 2630, 0, 0, 0
47050, 1990, 0, 0, 0
47150, 2740, 0, 0, 0
47249, 3131, 0, 0, 0
47349, 2470, 0, 0, 0
47449, 2110, 0, 0, 0
47549, 2790, 0, 0, 0
47649, 2250, 0, 0, 0
47749, 1870, 0, 0, 0
47849, 1880, 0, 0, 0
47949, 1750, 0, 0, 0
48049, 2770, 0, 0, 0
48149, 2000, 0, 0, 0
48250, 2300, 0, 0, 0
48350, 3030, 0, 0, 0
48450, 2920, 0, 0, 0
48550, 2570, 0, 0, 0
48650, 3480, 0, 0, 0
48749, 2454, 0, 0, 0
48849, 2710, 0, 0, 0
48949, 2150, 0, 0, 0
49049, 1600, 0, 0, 0
49149, 2700, 0, 0, 0
49249, 2560, 0, 0, 0
49349, 2220, 0, 0, 0
49449, 940, 0, 0, 0
49549, 1880, 0, 0, 0
49649, 1730, 0, 0, 0
49750, 2460, 0, 0, 0
49850, 2410, 0, 0, 0
49950, 1660, 0, 0, 0
50050, 2140, 0, 0, 0
50150, 2530, 0, 0, 0
50249, 3020, 0, 0, 0
50349, 3060, 0, 0, 0
50449, 2210, 0, 0, 0
50549, 1240, 0, 0, 0
50649, 2050, 0, 0, 0
50749, 2230, 0, 0, 0
50849, 2640, 0, 0, 0
50949, 1920, 0, 0, 0
51049, 2870, 0, 0, 0
51150, 2760, 0, 0, 0
51250, 2730, 0, 0, 0
51350, 2220, 0, 0, 0
51450, 1980, 0, 0, 0
51550, 2720, 0, 0, 0
51650, 2940, 0, 0, 0
51749, 1494, 0, 0, 0
51849, 2250, 0, 0, 0
51949, 3070, 0, 0, 0
52049, 2560, 0, 0, 0
52149, 1870, 0, 0, 0
52249, 2300, 0, 0, 0
52349, 2430, 0, 0, 0
52449, 1920, 0, 0, 0
52549, 2430, 0, 0, 0
52650, 3030, 0, 0, 0
52750, 2630, 0, 0, 0
52850, 2810, 0, 0, 0
52950, 1920, 0, 0, 0
53050, 2260, 0, 0, 0
53150, 3130, 0, 0, 0
53249, 3090, 0, 0, 0
53349, 2110, 0, 0, 0
53449, 2720, 0, 0, 0
53549, 3130, 0, 0, 0
53649, 2680, 0, 0, 0
53749, 2940, 0, 0, 0
53849, 1250, 0, 0, 0
53950, 3000, 0, 0, 0
54050, 3040, 0, 0, 0
54150, 2570, 0, 0, 0
54249, 2121, 0, 0, 0
54349, 1810, 0, 0, 0
54449, 2400, 0, 0, 0
54549, 1700, 0, 0, 0
54649, 3730, 0, 0, 0
54749, 3000, 0, 0, 0
54849, 2720, 0, 0, 0
54949, 2460, 0, 0, 0
55049, 2230, 0, 0, 0
55149, 1790, 0, 0, 0
55249, 1970, 0, 0, 0
55350, 1810, 0, 0, 0
55450, 2890, 0, 0, 0
55550, 2810, 0, 0, 0
55650, 2600, 0, 0, 0
55749, 3525, 0, 0, 0
55849, 2880, 0, 0, 0
55949, 2530, 0, 0, 0
56049, 2740, 0, 0, 0
56149, 2090, 0, 0, 0
56249, 1980, 0, 0, 0
56349, 1340, 0, 0, 0
56449, 1910, 0, 0, 0
56549, 1140, 0, 0, 0
56649, 2110, 0, 0, 0
56749, 2330, 0, 0, 0
56849, 2500, 0, 0, 0
56949, 2620, 0, 0, 0
57050, 2710, 0, 0, 0
57150, 2680, 0, 0, 0
57249, 2454, 0, 0, 0
57349, 2570, 0, 0, 0
57449, 2880, 0, 0, 0
57549, 1900, 0, 0, 0
57649, 2220, 0, 0, 0
57749, 2830, 0, 0, 0
57849, 2910, 0, 0, 0
57949, 2500, 0, 0, 0
58049, 2390, 0, 0, 0
58149, 1770, 0, 0, 0
58249, 1850, 0, 0, 0
58349, 2570, 0, 0, 0
58450, 2770, 0, 0, 0
58550, 2550, 0, 0, 0
58650, 2500, 0, 0, 0
58749, 929, 0, 0, 0
58849, 2490, 0, 0, 0
58949, 2340, 0, 0, 0
59049, 1690, 0, 0, 0
59149, 1700, 0, 0, 0
59249, 1750, 0, 0, 0
59349, 2820, 0, 0, 0
59449, 2820, 0, 0, 0
59549, 2860, 0, 0, 0
59649, 2470, 0, 0, 0
59750, 3040, 0, 0, 0
59850, 1870, 0, 0, 0
59950, 2820, 0, 0, 0
60050, 3170, 0, 0, 0
60150, 2680, 0, 0, 0
60249, 2686, 0, 0, 0
60349, 2400, 0, 0, 0
60449, 1650, 0, 0, 0
60549, 1810, 0, 0, 0
60649, 1730, 0, 0, 0
60749, 2720, 0, 0, 0
60849, 3120, 0, 0, 0
60949, 2590, 0, 0, 0
61050, 2950, 0, 0, 0
61150, 2580, 0, 0, 0
61250, 2930, 0, 0, 0
61350, 1250, 0, 0, 0
61450, 2230, 0, 0, 0
61550, 2070, 0, 0, 0
61650, 1410, 0, 0, 0
61749, 1232, 0, 0, 0
61849, 1330, 0, 0, 0
61949, 3000, 0, 0, 0
62049, 2170, 0, 0, 0
62149, 1190, 0, 0, 0
62249, 1770, 0, 0, 0
62350, 2880, 0, 0, 0
62450, 2940, 0, 0, 0
62550, 2450, 0, 0, 0
62650, 2480, 0, 0, 0
62749, 2212, 0, 0, 0
62849, 2330, 0, 0, 0
62949, 1260, 0, 0, 0
63049, 2020, 0, 0, 0
63149, 2010, 0, 0, 0
63249, 2030, 0, 0, 0
63349, 2150, 0, 0, 0
63449, 800, 0, 0, 0
63549, 2130, 0, 0, 0
63649, 2670, 0, 0, 0
63749, 2370, 0, 0, 0
63849, 2950, 0, 0, 0
63950, 3340, 0, 0, 0
64050, 1670, 0, 0, 0
64150, 2240, 0, 0, 0
64249, 3111, 0, 0, 0
64349, 2620, 0, 0, 0
64449, 2890, 0, 0, 0
64549, 2220, 0, 0, 0
64649, 1370, 0, 0, 0
64749, 1980, 0, 0, 0
64849, 2450, 0, 0, 0
64949, 1820, 0, 0, 0
65049, 2740, 0, 0, 0
65149, 1960, 0, 0, 0
65249, 1970, 0, 0, 0
65349, 2080, 0, 0, 0
65450, 2360, 0, 0, 0
65550, 1520, 0, 0, 0
65650, 2390, 0, 0, 0
65749, 2676, 0, 0, 0
65849, 3220, 0, 0, 0
65949, 2950, 0, 0, 0
66049, 2800, 0, 0, 0
66149, 3150, 0, 0, 0
66249, 2480, 0, 0, 0
66349, 3070, 0, 0, 0
66449, 2260, 0, 0, 0
66550, 2320, 0, 0, 0
66650, 1380, 0, 0, 0
66750, 2900, 0, 0, 0
66850, 1880, 0, 0, 0
66950, 2020, 0, 0, 0
67050, 1810, 0, 0, 0
67150, 2620, 0, 0, 0
67249, 2272, 0, 0, 0
67349, 2310, 0, 0, 0
67449, 1770, 0, 0, 0
67549, 3190, 0, 0, 0
67649, 2680, 0, 0, 0
67749, 2520, 0, 0, 0
67849, 1790, 0, 0, 0
67949, 2200, 0, 0, 0
68050, 980, 0, 0, 0
68150, 2800, 0, 0, 0
68250, 2060, 0, 0, 0
68350, 1200, 0, 0, 0
68450, 1760, 0, 0, 0
68550, 2130, 0, 0, 0
68650, 2080, 0, 0, 0
68749, 2222, 0, 0, 0
68849, 2540, 0, 0, 0
68949, 2110, 0, 0, 0
69049, 1700, 0, 0, 0
69149, 1880, 0, 0, 0
69249, 2490, 0, 0, 0
69349, 2410, 0, 0, 0
69449, 1770, 0, 0, 0
69550, 2610, 0, 0, 0
69650, 3350, 0, 0, 0
69750, 2790, 0, 0, 0
69850, 3460, 0, 0, 0
69950, 2060, 0, 0, 0
70050, 2110, 0, 0, 0
70150, 1860, 0, 0, 0
70249, 3010, 0, 0, 0
70349, 2020, 0, 0, 0
70449, 1430, 0, 0, 0
70549, 2630, 0, 0, 0
70649, 1970, 0, 0, 0
70749, 2320, 0, 0, 0
70849, 2430, 0, 0, 0
70949, 2060, 0, 0, 0
71050, 2600, 0, 0, 0
71150, 2080, 0, 0, 0
71250, 2070, 0, 0, 0
71350, 2650, 0, 0, 0
71450, 2650, 0, 0, 0
71550, 1980, 0, 0, 0
71650, 2790, 0, 0, 0
71749, 2030, 0, 0, 0
71849, 2600, 0, 0, 0
71949, 2040, 0, 0, 0
72049, 3040, 0, 0, 0
72149, 2840, 0, 0, 0
72249, 2300, 0, 0, 0
72349, 1360, 0, 0, 0
72449, 1320, 0, 0, 0
72550, 1400, 0, 0, 0
72650, 1080, 0, 0, 0
72749, 2727, 0, 0, 0
72849, 2660, 0, 0, 0
72949, 2630, 0, 0, 0
73049, 2720, 0, 0, 0
73149, 1610, 0, 0, 0
73249, 1590, 0, 0, 0
73349, 2440, 0, 0, 0
73449, 1780, 0, 0, 0
73549, 2330, 0, 0, 0
73649, 1940, 0, 0, 0
73750, 1530, 0, 0, 0
73850, 2580, 0, 0, 0
73950, 2970, 0, 0, 0
74050, 3060, 0, 0, 0
74150, 1940, 0, 0, 0
74249, 2989, 0, 0, 0
74349, 1820, 0, 0, 0
74449, 2630, 0, 0, 0
74549, 2110, 0, 0, 0
74649, 1790, 0, 0, 0
74749, 2090, 0, 0, 0
74849, 820, 0, 0, 0
74949, 1920, 0, 0, 0
75049, 1380, 0, 0, 0
75149, 1880, 0, 0, 0
75250, 2820, 0, 0, 0
75350, 1350, 0, 0, 0
75450, 1520, 0, 0, 0
75550, 1400, 0, 0, 0
75650, 1980, 0, 0, 0
75749, 3131, 0, 0, 0
75849, 1530, 0, 0, 0
75949, 2220, 0, 0, 0
76049, 2500, 0, 0, 0
76149, 1420, 0, 0, 0
76249, 2420, 0, 0, 0
76349, 2460, 0, 0, 0
76449, 2690, 0, 0, 0
76550, 1650, 0, 0, 0
76650, 2840, 0, 0, 0
76750, 2650, 0, 0, 0
76850, 2680, 0, 0, 0
76950, 1700, 0, 0, 0
77050, 2120, 0, 0, 0
77150, 1540, 0, 0, 0
77249, 2343, 0, 0, 0
77349, 1420, 0, 0, 0
77449, 2730, 0, 0, 0
77549, 2710, 0, 0, 0
77649, 2790, 0, 0, 0
77749, 2060, 0, 0, 0
77849, 1740, 0, 0, 0
77949, 2010, 0, 0, 0
78050, 3120, 0, 0, 0
78150, 2290, 0, 0, 0
78250, 2050, 0, 0, 0
78350, 2360, 0, 0, 0
78450, 2720, 0, 0, 0
78550, 2130, 0, 0, 0
78650, 1080, 0, 0, 0
78749, 2808, 0, 0, 0
78849, 2510, 0, 0, 0
78949, 1490, 0, 0, 0
79049, 2680, 0, 0, 0
79149, 2240, 0, 0, 0
79249, 1950, 0, 0, 0
79349, 1820, 0, 0, 0
79449, 2040, 0, 0, 0
79549, 3110, 0, 0, 0
79650, 2660, 0, 0, 0
79750, 3720, 0, 0, 0
79850, 2520, 0, 0, 0
79950, 2920, 0, 0, 0
80050, 1880, 0, 0, 0
80150, 1920, 0, 0, 0
80249, 2757, 0, 0, 0
80349, 2330, 0, 0, 0
80449, 3040, 0, 0, 0
80549, 1690, 0, 0, 0
80649, 1300, 0, 0, 0
80749, 1980, 0, 0, 0
80849, 2540, 0, 0, 0
80949, 1580, 0, 0, 0
81050, 2630, 0, 0, 0
81150, 2050, 0, 0, 0
81250, 1810, 0, 0, 0
81350, 1800, 0, 0, 0
81450, 1810, 0, 0, 0
81550, 1360, 0, 0, 0
81650, 1230, 0, 0, 0
81749, 2101, 0, 0, 0
81849, 2370, 0, 0, 0
81949, 2440, 0, 0, 0
82049, 1750, 0, 0, 0
82149, 2730, 0, 0, 0
82249, 3030, 0, 0, 0
82349, 2810, 0, 0, 0
82449, 1930, 0, 0, 0
82550, 2650, 0, 0, 0
82650, 3080, 0, 0, 0
82749, 2565, 0, 0, 0
82849, 2570, 0, 0, 0
82949, 2800, 0, 0, 0
83049, 1610, 0, 0, 0
83149, 2890, 0, 0, 0
83249, 2480, 0, 0, 0
83349, 2750, 0, 0, 0
83449, 2450, 0, 0, 0
83549, 2360, 0, 0, 0
83649, 2280, 0, 0, 0
83749, 2390, 0, 0, 0
83849, 1200, 0, 0, 0
83950, 2020, 0, 0, 0
84050, 3060, 0, 0, 0
84150, 2190, 0, 0, 0
84249, 919, 0, 0, 0
84349, 2400, 0, 0, 0
84449, 1670, 0, 0, 0
84549, 1480, 0, 0, 0
84649, 2920, 0, 0, 0
84749, 2880, 0, 0, 0
84849, 2280, 0, 0, 0
84949, 2610, 0, 0, 0
85049, 2120, 0, 0, 0
85149, 3150, 0, 0, 0
85249, 1570, 0, 0, 0
85349, 1900, 0, 0, 0
85449, 2950, 0, 0, 0
85550, 2310, 0, 0, 0
85650, 2820, 0, 0, 0
85749, 2888, 0, 0, 0
85849, 2260, 0, 0, 0
85949, 1940, 0, 0, 0
86049, 1340, 0, 0, 0
86149, 1750, 0, 0, 0
86249, 2450, 0, 0, 0
86349, 2490, 0, 0, 0
86449, 2530, 0, 0, 0
86549, 1630, 0, 0, 0
86649, 2560, 0, 0, 0
86749, 1760, 0, 0, 0
86849, 2140, 0, 0, 0
86950, 2210, 0, 0, 0
87050, 2450, 0, 0, 0
87150, 1920, 0, 0, 0
87249, 2464, 0, 0, 0
87349, 1370, 0, 0, 0
87449, 3150, 0, 0, 0
87549, 2950, 0, 0, 0
87649, 1330, 0, 0, 0
87749, 1390, 0, 0, 0
87849, 2480, 0, 0, 0
87949, 2090, 0, 0, 0
88049, 1840, 0, 0, 0
88149, 1360, 0, 0, 0
88249, 2050, 0, 0, 0
88349, 2960, 0, 0, 0
88449, 2360, 0, 0, 0
88550, 1990, 0, 0, 0
88650, 2970, 0, 0, 0
88749, 2343, 0, 0, 0
88849, 2980, 0, 0, 0
88949, 2320, 0, 0, 0
89049, 2150, 0, 0, 0
89149, 2870, 0, 0, 0
89249, 2910, 0, 0, 0
89349, 2240, 0, 0, 0
89449, 2070, 0, 0, 0
89549, 1110, 0, 0, 0
89649, 2750, 0, 0, 0
89749, 2650, 0, 0, 0
89849, 2210, 0, 0, 0
89949, 2180, 0, 0, 0
