100, 1513937, 0, 0, 0
200, 1497134, 0, 0, 0
300, 1805262, 0, 0, 0
400, 1745528, 0, 0, 0
501, 2519538, 0, 0, 0
600, 2311438, 0, 0, 0
701, 1883164, 0, 0, 0
800, 1713088, 0, 0, 0
900, 1305615, 0, 0, 0
1000, 1394623, 0, 0, 0
1100, 1510249, 0, 0, 0
1200, 1275069, 0, 0, 0
1300, 1602803, 0, 0, 0
1400, 1412711, 0, 0, 0
1500, 1554596, 0, 0, 0
1600, 1787950, 0, 0, 0
1700, 1794195, 0, 0, 0
1800, 1441537, 0, 0, 0
1900, 1395934, 0, 0, 0
2000, 1740216, 0, 0, 0
2100, 1205204, 0, 0, 0
2200, 1427093, 0, 0, 0
2300, 1502547, 0, 0, 0
2401, 1677484, 0, 0, 0
2500, 1797826, 0, 0, 0
2600, 1410135, 0, 0, 0
2700, 1433048, 0, 0, 0
2800, 1508816, 0, 0, 0
2900, 1542673, 0, 0, 0
3000, 1498589, 0, 0, 0
3100, 2687763, 0, 0, 0
3200, 1473667, 0, 0, 0
3302, 2362717, 0, 0, 0
3400, 2414983, 0, 0, 0
3500, 1540572, 0, 0, 0
3600, 2238817, 0, 0, 0
3700, 1499634, 0, 0, 0
3800, 1643677, 0, 0, 0
3900, 1627992, 0, 0, 0
4000, 1634018, 0, 0, 0
4100, 3027327, 0, 0, 0
4200, 1640755, 0, 0, 0
4301, 3829151, 0, 0, 0
4400, 1967142, 0, 0, 0
4500, 1572103, 0, 0, 0
4600, 1790545, 0, 0, 0
4700, 2195936, 0, 0, 0
4800, 1576577, 0, 0, 0
4900, 1536943, 0, 0, 0
5001, 1614513, 0, 0, 0
5100, 2018936, 0, 0, 0
5201, 2823349, 0, 0, 0
5300, 1819089, 0, 0, 0
5423, 2824368, 0, 0, 0
5500, 2514091, 0, 0, 0
5600, 1268024, 0, 0, 0
5700, 2389161, 0, 0, 0
5800, 1685927, 0, 0, 0
5900, 1718828, 0, 0, 0
6000, 2431115, 0, 0, 0
6100, 1898171, 0, 0, 0
6201, 1984623, 0, 0, 0
6300, 1589384, 0, 0, 0
6400, 1424350, 0, 0, 0
6500, 1637470, 0, 0, 0
6600, 2088439, 0, 0, 0
6700, 1851855, 0, 0, 0
6800, 1467230, 0, 0, 0
6900, 1882586, 0, 0, 0
7000, 1496050, 0, 0, 0
7100, 2059932, 0, 0, 0
7200, 1553026, 0, 0, 0
7300, 2703310, 0, 0, 0
7400, 1400274, 0, 0, 0
7500, 1442937, 0, 0, 0
7601, 1633270, 0, 0, 0
7700, 1683296, 0, 0, 0
7800, 1452362, 0, 0, 0
7900, 1186064, 0, 0, 0
8000, 1727209, 0, 0, 0
8100, 2078381, 0, 0, 0
8200, 1252869, 0, 0, 0
8300, 1432903, 0, 0, 0
8400, 1597128, 0, 0, 0
8500, 1882753, 0, 0, 0
8601, 1668136, 0, 0, 0
8700, 3103586, 0, 0, 0
8800, 2866411, 0, 0, 0
8900, 1843549, 0, 0, 0
9000, 1663959, 0, 0, 0
9101, 2050969, 0, 0, 0
9200, 2687751, 0, 0, 0
9300, 1384422, 0, 0, 0
9400, 2109565, 0, 0, 0
9500, 1881930, 0, 0, 0
9600, 1726526, 0, 0, 0
9700, 1364348, 0, 0, 0
9800, 1689263, 0, 0, 0
9900, 3342803, 0, 0, 0
10000, 1895609, 0, 0, 0
10100, 1706551, 0, 0, 0
10200, 1271085, 0, 0, 0
10300, 1370642, 0, 0, 0
10400, 1657639, 0, 0, 0
10500, 1657706, 0, 0, 0
10600, 1774426, 0, 0, 0
10700, 2324425, 0, 0, 0
10800, 1514740, 0, 0, 0
10900, 1924625, 0, 0, 0
11000, 2121008, 0, 0, 0
11100, 1608270, 0, 0, 0
11200, 1925284, 0, 0, 0
11300, 1685060, 0, 0, 0
11400, 1464087, 0, 0, 0
11500, 2182200, 0, 0, 0
11600, 1388646, 0, 0, 0
11700, 1449309, 0, 0, 0
11800, 1555087, 0, 0, 0
11900, 1740833, 0, 0, 0
12000, 1540748, 0, 0, 0
12100, 1452914, 0, 0, 0
12200, 1647434, 0, 0, 0
12300, 1617752, 0, 0, 0
12400, 1342106, 0, 0, 0
12501, 1900776, 0, 0, 0
12600, 1879359, 0, 0, 0
12700, 1629550, 0, 0, 0
12800, 1910056, 0, 0, 0
12900, 1468293, 0, 0, 0
13000, 1710720, 0, 0, 0
13100, 1683897, 0, 0, 0
13200, 1608789, 0, 0, 0
13300, 1847205, 0, 0, 0
13400, 2676634, 0, 0, 0
13500, 1757683, 0, 0, 0
13600, 1635530, 0, 0, 0
13700, 1625995, 0, 0, 0
13800, 1672543, 0, 0, 0
13900, 4271683, 0, 0, 0
14000, 1619567, 0, 0, 0
14100, 1328779, 0, 0, 0
14200, 1735602, 0, 0, 0
14300, 1964507, 0, 0, 0
14401, 2852626, 0, 0, 0
14500, 2670866, 0, 0, 0
14600, 1557209, 0, 0, 0
14700, 2428153, 0, 0, 0
14800, 1586124, 0, 0, 0
14900, 1369207, 0, 0, 0
15000, 1529925, 0, 0, 0
15100, 1386882, 0, 0, 0
15200, 1397742, 0, 0, 0
15300, 1497382, 0, 0, 0
15400, 1428880, 0, 0, 0
15500, 1626927, 0, 0, 0
15600, 1995764, 0, 0, 0
15700, 1706151, 0, 0, 0
15800, 1632899, 0, 0, 0
15900, 1549076, 0, 0, 0
16000, 1422948, 0, 0, 0
16100, 1870438, 0, 0, 0
16200, 1456779, 0, 0, 0
16300, 1358141, 0, 0, 0
16400, 1432471, 0, 0, 0
16500, 1517169, 0, 0, 0
16600, 1554294, 0, 0, 0
16700, 1440543, 0, 0, 0
16800, 1432881, 0, 0, 0
16900, 1467944, 0, 0, 0
17000, 1508812, 0, 0, 0
17100, 1702937, 0, 0, 0
17200, 2066184, 0, 0, 0
17300, 1495644, 0, 0, 0
17400, 1598187, 0, 0, 0
17500, 1332247, 0, 0, 0
17600, 1314631, 0, 0, 0
17700, 1619375, 0, 0, 0
17800, 3119970, 0, 0, 0
17900, 1634754, 0, 0, 0
18000, 2358593, 0, 0, 0
18100, 1699530, 0, 0, 0
18200, 1680133, 0, 0, 0
18300, 1765868, 0, 0, 0
18400, 1810823, 0, 0, 0
18500, 3140157, 0, 0, 0
18600, 1468911, 0, 0, 0
18700, 1456831, 0, 0, 0
18800, 2579367, 0, 0, 0
18900, 2266642, 0, 0, 0
19000, 1611640, 0, 0, 0
19100, 1524931, 0, 0, 0
19200, 1418370, 0, 0, 0
19300, 1652504, 0, 0, 0
19400, 1632079, 0, 0, 0
19500, 1377287, 0, 0, 0
19600, 1370428, 0, 0, 0
19700, 1745886, 0, 0, 0
19800, 1541474, 0, 0, 0
19900, 2351852, 0, 0, 0
20000, 1853793, 0, 0, 0
20100, 1610348, 0, 0, 0
20200, 1417251, 0, 0, 0
20300, 1998048, 0, 0, 0
20400, 1443886, 0, 0, 0
20500, 1552377, 0, 0, 0
20600, 1336449, 0, 0, 0
20700, 1565019, 0, 0, 0
20800, 1807599, 0, 0, 0
20900, 1703769, 0, 0, 0
21000, 1461015, 0, 0, 0
21100, 1440904, 0, 0, 0
21200, 1829623, 0, 0, 0
21300, 1263124, 0, 0, 0
21400, 1453250, 0, 0, 0
21500, 1618172, 0, 0, 0
21600, 1441825, 0, 0, 0
21701, 2178105, 0, 0, 0
21800, 1711359, 0, 0, 0
21900, 2651622, 0, 0, 0
22000, 1479053, 0, 0, 0
22100, 1842545, 0, 0, 0
22200, 2197955, 0, 0, 0
22300, 1602361, 0, 0, 0
22400, 1497671, 0, 0, 0
22500, 1506258, 0, 0, 0
22600, 1707385, 0, 0, 0
22700, 1698475, 0, 0, 0
22800, 2484660, 0, 0, 0
22900, 2053696, 0, 0, 0
23000, 1417387, 0, 0, 0
23100, 1396958, 0, 0, 0
23200, 1496777, 0, 0, 0
23300, 1838854, 0, 0, 0
23400, 2262853, 0, 0, 0
23500, 1558166, 0, 0, 0
23600, 1404361, 0, 0, 0
23701, 1846093, 0, 0, 0
23801, 3094150, 0, 0, 0
23900, 1608243, 0, 0, 0
24000, 1537724, 0, 0, 0
24100, 1639504, 0, 0, 0
24200, 1630261, 0, 0, 0
24300, 1360066, 0, 0, 0
24400, 1225684, 0, 0, 0
24500, 2254133, 0, 0, 0
24600, 2872617, 0, 0, 0
24700, 3210963, 0, 0, 0
24800, 1411201, 0, 0, 0
24900, 1703034, 0, 0, 0
25000, 2313378, 0, 0, 0
25100, 1888413, 0, 0, 0
25200, 1984045, 0, 0, 0
25300, 1347261, 0, 0, 0
25400, 1457161, 0, 0, 0
25500, 1605257, 0, 0, 0
25600, 1627074, 0, 0, 0
25700, 1503895, 0, 0, 0
25800, 2398760, 0, 0, 0
25900, 1464133, 0, 0, 0
26000, 1437474, 0, 0, 0
26100, 1605225, 0, 0, 0
26200, 1645693, 0, 0, 0
26300, 1883008, 0, 0, 0
26400, 2531483, 0, 0, 0
26500, 1995342, 0, 0, 0
26600, 1525920, 0, 0, 0
26700, 1598301, 0, 0, 0
26800, 2546871, 0, 0, 0
26900, 1769610, 0, 0, 0
27001, 1614910, 0, 0, 0
27100, 1383623, 0, 0, 0
27200, 1604589, 0, 0, 0
27300, 2027375, 0, 0, 0
27400, 1703636, 0, 0, 0
27500, 1576241, 0, 0, 0
27600, 1647781, 0, 0, 0
27701, 1603011, 0, 0, 0
27800, 2757804, 0, 0, 0
27900, 2370377, 0, 0, 0
28000, 1445631, 0, 0, 0
28100, 1193136, 0, 0, 0
28200, 1386286, 0, 0, 0
28302, 2049203, 0, 0, 0
28400, 2407864, 0, 0, 0
28500, 1892070, 0, 0, 0
28600, 1659497, 0, 0, 0
28700, 1570138, 0, 0, 0
28800, 1846632, 0, 0, 0
28900, 1607795, 0, 0, 0
29000, 1896006, 0, 0, 0
29100, 2458768, 0, 0, 0
29200, 1588241, 0, 0, 0
29300, 1320748, 0, 0, 0
29400, 2211998, 0, 0, 0
29500, 1593941, 0, 0, 0
29600, 1765759, 0, 0, 0
29700, 1548975, 0, 0, 0
29800, 2697355, 0, 0, 0
29900, 1381072, 0, 0, 0
30000, 1511092, 0, 0, 0
30100, 2245807, 0, 0, 0
30200, 1715106, 0, 0, 0
30300, 2100348, 0, 0, 0
30400, 3195947, 0, 0, 0
30500, 1504903, 0, 0, 0
30600, 1604363, 0, 0, 0
30700, 3389867, 0, 0, 0
30800, 3105339, 0, 0, 0
30900, 1598871, 0, 0, 0
31000, 2477305, 0, 0, 0
31100, 2008267, 0, 0, 0
31200, 1913308, 0, 0, 0
31300, 1758858, 0, 0, 0
31400, 2071794, 0, 0, 0
31500, 1620276, 0, 0, 0
31600, 1334325, 0, 0, 0
31700, 1722678, 0, 0, 0
31800, 1803756, 0, 0, 0
31900, 1737876, 0, 0, 0
32000, 2236386, 0, 0, 0
32102, 2042515, 0, 0, 0
32200, 3727998, 0, 0, 0
32300, 1503067, 0, 0, 0
32401, 1870004, 0, 0, 0
32500, 1721316, 0, 0, 0
32600, 1358489, 0, 0, 0
32700, 1540163, 0, 0, 0
32800, 1650788, 0, 0, 0
32900, 1808394, 0, 0, 0
33000, 1782172, 0, 0, 0
33100, 1768677, 0, 0, 0
33200, 1535368, 0, 0, 0
33300, 1464395, 0, 0, 0
33400, 1455991, 0, 0, 0
33500, 1797000, 0, 0, 0
33600, 2770216, 0, 0, 0
33700, 2394717, 0, 0, 0
33800, 1861237, 0, 0, 0
33901, 1677169, 0, 0, 0
34000, 1972559, 0, 0, 0
34100, 1799148, 0, 0, 0
34200, 2025195, 0, 0, 0
34300, 1696596, 0, 0, 0
34400, 2748064, 0, 0, 0
34500, 1894970, 0, 0, 0
34600, 1987703, 0, 0, 0
34700, 1565641, 0, 0, 0
34800, 1415329, 0, 0, 0
34900, 1405574, 0, 0, 0
35000, 1679530, 0, 0, 0
35100, 4260001, 0, 0, 0
35200, 1420210, 0, 0, 0
35300, 1695720, 0, 0, 0
35400, 1910045, 0, 0, 0
35500, 8238616, 0, 0, 0
35600, 1489471, 0, 0, 0
35700, 1919821, 0, 0, 0
35800, 1376500, 0, 0, 0
35900, 1363758, 0, 0, 0
36000, 1720167, 0, 0, 0
36100, 3763936, 0, 0, 0
36201, 2354662, 0, 0, 0
36300, 2977040, 0, 0, 0
36400, 2283000, 0, 0, 0
36500, 1538030, 0, 0, 0
36600, 1620641, 0, 0, 0
36700, 1406872, 0, 0, 0
36800, 2032108, 0, 0, 0
36900, 1729425, 0, 0, 0
37000, 1869311, 0, 0, 0
37100, 1669966, 0, 0, 0
37200, 1464627, 0, 0, 0
37300, 1527855, 0, 0, 0
37400, 1800674, 0, 0, 0
37500, 1584460, 0, 0, 0
37600, 1263463, 0, 0, 0
37700, 2198520, 0, 0, 0
37800, 2817984, 0, 0, 0
37900, 1777027, 0, 0, 0
38000, 2054546, 0, 0, 0
38100, 1296651, 0, 0, 0
38200, 1668098, 0, 0, 0
38300, 1493204, 0, 0, 0
38400, 1522274, 0, 0, 0
38500, 1666259, 0, 0, 0
38600, 1829697, 0, 0, 0
38700, 1333532, 0, 0, 0
38800, 1732394, 0, 0, 0
38900, 3052112, 0, 0, 0
39000, 1620071, 0, 0, 0
39100, 1694964, 0, 0, 0
39200, 2096609, 0, 0, 0
39300, 2137577, 0, 0, 0
39400, 2951924, 0, 0, 0
39500, 1703690, 0, 0, 0
39600, 2702709, 0, 0, 0
39700, 1525973, 0, 0, 0
39800, 1706207, 0, 0, 0
39900, 1849945, 0, 0, 0
40000, 2075877, 0, 0, 0
40100, 2144756, 0, 0, 0
40205, 1593672, 0, 0, 0
40300, 2200427, 0, 0, 0
40400, 1552062, 0, 0, 0
40501, 1578319, 0, 0, 0
40600, 1384302, 0, 0, 0
40700, 1928336, 0, 0, 0
40800, 2381656, 0, 0, 0
40900, 1586288, 0, 0, 0
41000, 1679333, 0, 0, 0
41100, 1555385, 0, 0, 0
41201, 1939808, 0, 0, 0
41300, 1502283, 0, 0, 0
41400, 1526426, 0, 0, 0
41500, 1724254, 0, 0, 0
41600, 1330031, 0, 0, 0
41700, 2445474, 0, 0, 0
41800, 3991492, 0, 0, 0
41901, 3919337, 0, 0, 0
42000, 1600568, 0, 0, 0
42100, 1428479, 0, 0, 0
42200, 1538953, 0, 0, 0
42300, 1435955, 0, 0, 0
42402, 1597836, 0, 0, 0
42500, 2170649, 0, 0, 0
42600, 1510318, 0, 0, 0
42700, 1313036, 0, 0, 0
42800, 3235810, 0, 0, 0
42900, 1627671, 0, 0, 0
43000, 2528773, 0, 0, 0
43100, 1875724, 0, 0, 0
43200, 1555031, 0, 0, 0
43300, 1464488, 0, 0, 0
43400, 1399312, 0, 0, 0
43500, 2181900, 0, 0, 0
43600, 1438430, 0, 0, 0
43700, 1791364, 0, 0, 0
43800, 2225067, 0, 0, 0
43900, 1618303, 0, 0, 0
44000, 2978012, 0, 0, 0
44100, 1764208, 0, 0, 0
44200, 1505438, 0, 0, 0
44300, 2193741, 0, 0, 0
44400, 2129803, 0, 0, 0
44500, 1903351, 0, 0, 0
44600, 2912088, 0, 0, 0
44700, 1829164, 0, 0, 0
44800, 1933207, 0, 0, 0
44900, 1270915, 0, 0, 0
45000, 1524425, 0, 0, 0
45100, 1450584, 0, 0, 0
45200, 2297437, 0, 0, 0
45300, 2214004, 0, 0, 0
45400, 1230718, 0, 0, 0
45500, 2403958, 0, 0, 0
45600, 1816542, 0, 0, 0
45700, 2170802, 0, 0, 0
45800, 1272403, 0, 0, 0
45900, 1389344, 0, 0, 0
46000, 1402522, 0, 0, 0
46100, 1456879, 0, 0, 0
46200, 2181082, 0, 0, 0
46300, 1806681, 0, 0, 0
46400, 1560791, 0, 0, 0
46500, 1761154, 0, 0, 0
46600, 1650238, 0, 0, 0
46700, 2321869, 0, 0, 0
46800, 1748588, 0, 0, 0
46900, 1864491, 0, 0, 0
47000, 1633707, 0, 0, 0
47100, 2422467, 0, 0, 0
47200, 1243306, 0, 0, 0
47300, 1445265, 0, 0, 0
47400, 1468375, 0, 0, 0
47500, 1529318, 0, 0, 0
47600, 2200028, 0, 0, 0
47700, 2417496, 0, 0, 0
47800, 2376596, 0, 0, 0
47900, 1369533, 0, 0, 0
48000, 1438711, 0, 0, 0
48100, 1866082, 0, 0, 0
48200, 1710356, 0, 0, 0
48300, 2194822, 0, 0, 0
48400, 1496373, 0, 0, 0
48500, 1496656, 0, 0, 0
48600, 1792029, 0, 0, 0
48700, 1854479, 0, 0, 0
48800, 1738727, 0, 0, 0
48900, 1570866, 0, 0, 0
49000, 1681530, 0, 0, 0
49100, 2524314, 0, 0, 0
49200, 1492276, 0, 0, 0
49301, 1524287, 0, 0, 0
49401, 2110560, 0, 0, 0
49500, 1671992, 0, 0, 0
49600, 1872315, 0, 0, 0
49700, 2632568, 0, 0, 0
49800, 2424673, 0, 0, 0
49900, 1811197, 0, 0, 0
50000, 2538294, 0, 0, 0
50103, 2789629, 0, 0, 0
50200, 1652342, 0, 0, 0
50300, 1385647, 0, 0, 0
50400, 2130688, 0, 0, 0
50500, 1589136, 0, 0, 0
50600, 2012319, 0, 0, 0
50700, 1553331, 0, 0, 0
50800, 1729466, 0, 0, 0
50900, 2315564, 0, 0, 0
51000, 1927676, 0, 0, 0
51100, 3023823, 0, 0, 0
51200, 1543778, 0, 0, 0
51300, 1408214, 0, 0, 0
51400, 2200463, 0, 0, 0
51500, 1738575, 0, 0, 0
51600, 2134865, 0, 0, 0
51700, 1961634, 0, 0, 0
51800, 1887723, 0, 0, 0
51900, 1472121, 0, 0, 0
52000, 1579616, 0, 0, 0
52100, 1353566, 0, 0, 0
52200, 1472096, 0, 0, 0
52301, 2675109, 0, 0, 0
52400, 2113951, 0, 0, 0
52500, 1798790, 0, 0, 0
52600, 1872849, 0, 0, 0
52700, 2043785, 0, 0, 0
52800, 2147249, 0, 0, 0
52901, 2211592, 0, 0, 0
53000, 1575533, 0, 0, 0
53100, 1762595, 0, 0, 0
53200, 1953065, 0, 0, 0
53300, 1602695, 0, 0, 0
53400, 2023964, 0, 0, 0
53500, 1965092, 0, 0, 0
53600, 1914732, 0, 0, 0
53700, 1459649, 0, 0, 0
53800, 1909227, 0, 0, 0
53900, 1593339, 0, 0, 0
54000, 1391617, 0, 0, 0
54100, 1381380, 0, 0, 0
54200, 1660473, 0, 0, 0
54300, 1924608, 0, 0, 0
54400, 1885663, 0, 0, 0
54501, 2051591, 0, 0, 0
54600, 1970610, 0, 0, 0
54700, 1667535, 0, 0, 0
54800, 1581984, 0, 0, 0
54900, 1381222, 0, 0, 0
55001, 1414052, 0, 0, 0
55100, 2311664, 0, 0, 0
55200, 2339413, 0, 0, 0
55304, 2191233, 0, 0, 0
55401, 5172454, 0, 0, 0
55500, 3911362, 0, 0, 0
55600, 2086163, 0, 0, 0
55700, 1928245, 0, 0, 0
55800, 1580083, 0, 0, 0
55900, 3329709, 0, 0, 0
56000, 2222618, 0, 0, 0
56100, 1372437, 0, 0, 0
56200, 1470994, 0, 0, 0
56300, 1428287, 0, 0, 0
56400, 2239521, 0, 0, 0
56500, 1476355, 0, 0, 0
56600, 1438779, 0, 0, 0
56700, 2489170, 0, 0, 0
56800, 1608827, 0, 0, 0
56900, 2373239, 0, 0, 0
57000, 2415542, 0, 0, 0
57100, 2645888, 0, 0, 0
57200, 1669998, 0, 0, 0
57300, 2014734, 0, 0, 0
57400, 1370493, 0, 0, 0
57500, 2199230, 0, 0, 0
57600, 1891798, 0, 0, 0
57700, 1573582, 0, 0, 0
57800, 1473777, 0, 0, 0
57900, 1511929, 0, 0, 0
58000, 1494005, 0, 0, 0
58100, 1887517, 0, 0, 0
58200, 3582604, 0, 0, 0
58300, 1883531, 0, 0, 0
58400, 1517465, 0, 0, 0
58500, 2533514, 0, 0, 0
58600, 2072319, 0, 0, 0
58700, 2085108, 0, 0, 0
58800, 1440503, 0, 0, 0
58900, 1967112, 0, 0, 0
59000, 1917968, 0, 0, 0
59100, 2281951, 0, 0, 0
59200, 1255059, 0, 0, 0
59300, 1510262, 0, 0, 0
59400, 1697362, 0, 0, 0
59500, 2804892, 0, 0, 0
59600, 1434475, 0, 0, 0
59700, 2565543, 0, 0, 0
59800, 1452978, 0, 0, 0
59900, 1425718, 0, 0, 0
60000, 2028642, 0, 0, 0
60100, 2408964, 0, 0, 0
60200, 2263754, 0, 0, 0
60300, 1447075, 0, 0, 0
60400, 1319025, 0, 0, 0
60500, 1595097, 0, 0, 0
60600, 1914052, 0, 0, 0
60700, 1931342, 0, 0, 0
60800, 1461781, 0, 0, 0
60900, 1822872, 0, 0, 0
61000, 2015439, 0, 0, 0
61100, 1544422, 0, 0, 0
61200, 1865962, 0, 0, 0
61300, 1493347, 0, 0, 0
61400, 1786994, 0, 0, 0
61500, 1479597, 0, 0, 0
61600, 1612245, 0, 0, 0
61700, 1382258, 0, 0, 0
61800, 1395053, 0, 0, 0
61900, 1728808, 0, 0, 0
62000, 1390572, 0, 0, 0
62100, 1722112, 0, 0, 0
62200, 1717390, 0, 0, 0
62300, 1786745, 0, 0, 0
62401, 1946780, 0, 0, 0
62500, 2076104, 0, 0, 0
62600, 2068839, 0, 0, 0
62700, 5251047, 0, 0, 0
62800, 3327444, 0, 0, 0
62900, 3022239, 0, 0, 0
63000, 1839189, 0, 0, 0
63100, 1644544, 0, 0, 0
63200, 1421099, 0, 0, 0
63300, 1458384, 0, 0, 0
63401, 1506271, 0, 0, 0
63500, 1659198, 0, 0, 0
63600, 1741298, 0, 0, 0
63700, 1701859, 0, 0, 0
63800, 1603454, 0, 0, 0
63900, 1310738, 0, 0, 0
64000, 1503580, 0, 0, 0
64100, 1426736, 0, 0, 0
64201, 1907124, 0, 0, 0
64300, 1684021, 0, 0, 0
64400, 2121947, 0, 0, 0
64500, 1842198, 0, 0, 0
64600, 1465239, 0, 0, 0
64700, 2130056, 0, 0, 0
64800, 1662758, 0, 0, 0
64900, 1623024, 0, 0, 0
65000, 2049258, 0, 0, 0
65100, 1491786, 0, 0, 0
65200, 2083787, 0, 0, 0
65300, 2961238, 0, 0, 0
65400, 1833247, 0, 0, 0
65500, 1622225, 0, 0, 0
65600, 1370763, 0, 0, 0
65701, 2085157, 0, 0, 0
65800, 2069508, 0, 0, 0
65900, 1642749, 0, 0, 0
66000, 1689797, 0, 0, 0
66100, 2365758, 0, 0, 0
66200, 1861037, 0, 0, 0
66300, 1408225, 0, 0, 0
66400, 1341473, 0, 0, 0
66500, 1397174, 0, 0, 0
66600, 1687850, 0, 0, 0
66700, 1627400, 0, 0, 0
66800, 1597544, 0, 0, 0
66900, 1551200, 0, 0, 0
67000, 1842755, 0, 0, 0
67100, 1517701, 0, 0, 0
67200, 1452940, 0, 0, 0
67300, 1532596, 0, 0, 0
67400, 1891677, 0, 0, 0
67500, 1382853, 0, 0, 0
67600, 1442021, 0, 0, 0
67700, 1520266, 0, 0, 0
67800, 1289810, 0, 0, 0
67901, 1910305, 0, 0, 0
68000, 1553492, 0, 0, 0
68100, 1526829, 0, 0, 0
68200, 1867146, 0, 0, 0
68300, 1828339, 0, 0, 0
68400, 1603464, 0, 0, 0
68500, 2206144, 0, 0, 0
68600, 2255707, 0, 0, 0
68700, 1579961, 0, 0, 0
68800, 1547209, 0, 0, 0
68900, 3736168, 0, 0, 0
69000, 1808230, 0, 0, 0
69100, 1726918, 0, 0, 0
69200, 1688533, 0, 0, 0
69300, 1473053, 0, 0, 0
69400, 1432897, 0, 0, 0
69500, 1658176, 0, 0, 0
69600, 1418154, 0, 0, 0
69700, 1898999, 0, 0, 0
69800, 2730553, 0, 0, 0
69900, 1868330, 0, 0, 0
70000, 1523132, 0, 0, 0
70100, 1476749, 0, 0, 0
70200, 1782655, 0, 0, 0
70300, 2693332, 0, 0, 0
70400, 1344194, 0, 0, 0
70500, 1780114, 0, 0, 0
70600, 2553288, 0, 0, 0
70700, 2466717, 0, 0, 0
70801, 1790398, 0, 0, 0
70900, 1619328, 0, 0, 0
71000, 1468846, 0, 0, 0
71100, 1503234, 0, 0, 0
71200, 2050119, 0, 0, 0
71300, 1345120, 0, 0, 0
71400, 1805989, 0, 0, 0
71500, 1869579, 0, 0, 0
71600, 2509849, 0, 0, 0
71700, 1604161, 0, 0, 0
71800, 2038611, 0, 0, 0
71900, 1530269, 0, 0, 0
72001, 1767055, 0, 0, 0
72100, 2955523, 0, 0, 0
72201, 1514382, 0, 0, 0
72300, 2746364, 0, 0, 0
72400, 1866483, 0, 0, 0
72500, 1702755, 0, 0, 0
72600, 1665095, 0, 0, 0
72700, 2071460, 0, 0, 0
72800, 2741169, 0, 0, 0
72900, 2410063, 0, 0, 0
73000, 1913835, 0, 0, 0
73100, 1442324, 0, 0, 0
73200, 1603662, 0, 0, 0
73300, 1574641, 0, 0, 0
73400, 2661958, 0, 0, 0
73500, 1524244, 0, 0, 0
73600, 1840755, 0, 0, 0
73700, 1707672, 0, 0, 0
73800, 2010601, 0, 0, 0
73900, 2250809, 0, 0, 0
74000, 1770631, 0, 0, 0
74100, 1927517, 0, 0, 0
74200, 1832949, 0, 0, 0
74300, 2511918, 0, 0, 0
74400, 1646172, 0, 0, 0
74500, 1479976, 0, 0, 0
74600, 1656757, 0, 0, 0
74700, 1468083, 0, 0, 0
74800, 1471882, 0, 0, 0
74900, 1587994, 0, 0, 0
75000, 2135597, 0, 0, 0
75100, 1817258, 0, 0, 0
75200, 1573013, 0, 0, 0
75300, 1517017, 0, 0, 0
75400, 2023172, 0, 0, 0
75500, 1487505, 0, 0, 0
75600, 4958761, 0, 0, 0
75700, 2255131, 0, 0, 0
75800, 2176831, 0, 0, 0
75900, 2563854, 0, 0, 0
76000, 1732921, 0, 0, 0
76100, 1721865, 0, 0, 0
76200, 3833786, 0, 0, 0
76300, 2193132, 0, 0, 0
76400, 1737805, 0, 0, 0
76500, 1777011, 0, 0, 0
76600, 1511837, 0, 0, 0
76702, 1619944, 0, 0, 0
76800, 2770191, 0, 0, 0
76900, 1318459, 0, 0, 0
77000, 1440401, 0, 0, 0
77100, 1890314, 0, 0, 0
77200, 2028008, 0, 0, 0
77300, 1560627, 0, 0, 0
77400, 1849641, 0, 0, 0
77500, 2561226, 0, 0, 0
77600, 1596364, 0, 0, 0
77701, 1904900, 0, 0, 0
77800, 1601845, 0, 0, 0
77900, 1529660, 0, 0, 0
78000, 1613002, 0, 0, 0
78100, 1716965, 0, 0, 0
78200, 2052062, 0, 0, 0
78300, 1981547, 0, 0, 0
78400, 4018442, 0, 0, 0
78500, 1491227, 0, 0, 0
78600, 1367674, 0, 0, 0
78700, 3806087, 0, 0, 0
78800, 1803783, 0, 0, 0
78900, 1431423, 0, 0, 0
79000, 1477685, 0, 0, 0
79100, 1654983, 0, 0, 0
79200, 1643371, 0, 0, 0
79300, 1514630, 0, 0, 0
79400, 1277629, 0, 0, 0
79500, 1680283, 0, 0, 0
79600, 1797450, 0, 0, 0
79700, 1586576, 0, 0, 0
79800, 2086233, 0, 0, 0
79900, 1876113, 0, 0, 0
80000, 2276702, 0, 0, 0
80101, 1630985, 0, 0, 0
80200, 1584509, 0, 0, 0
80300, 2217871, 0, 0, 0
80400, 1440894, 0, 0, 0
80500, 1578275, 0, 0, 0
80601, 3425569, 0, 0, 0
80700, 2991625, 0, 0, 0
80800, 1688124, 0, 0, 0
80900, 2351686, 0, 0, 0
81000, 1711131, 0, 0, 0
81100, 1633041, 0, 0, 0
81200, 1559471, 0, 0, 0
81300, 1733080, 0, 0, 0
81457, 1798740, 0, 0, 0
81500, 4151510, 0, 0, 0
81600, 1609039, 0, 0, 0
81700, 1575589, 0, 0, 0
81800, 1505733, 0, 0, 0
81900, 1810500, 0, 0, 0
82000, 1783595, 0, 0, 0
82100, 1511309, 0, 0, 0
82200, 1500288, 0, 0, 0
82300, 1455598, 0, 0, 0
82400, 2012418, 0, 0, 0
82500, 1417622, 0, 0, 0
82600, 1738802, 0, 0, 0
82700, 2678325, 0, 0, 0
82800, 1637729, 0, 0, 0
82900, 1941955, 0, 0, 0
83000, 3006360, 0, 0, 0
83100, 1578670, 0, 0, 0
83200, 2034565, 0, 0, 0
83301, 1523733, 0, 0, 0
83400, 2063036, 0, 0, 0
83500, 1596203, 0, 0, 0
83600, 1522103, 0, 0, 0
83700, 1295548, 0, 0, 0
83800, 1768735, 0, 0, 0
83900, 1687690, 0, 0, 0
84000, 1888930, 0, 0, 0
84100, 1792130, 0, 0, 0
84200, 1615372, 0, 0, 0
84300, 1393924, 0, 0, 0
84400, 1397069, 0, 0, 0
84500, 1617991, 0, 0, 0
84600, 1558739, 0, 0, 0
84700, 1906850, 0, 0, 0
84800, 1524483, 0, 0, 0
84900, 1791601, 0, 0, 0
85000, 1383336, 0, 0, 0
85100, 2163390, 0, 0, 0
85200, 1582160, 0, 0, 0
85300, 1597511, 0, 0, 0
85400, 1435342, 0, 0, 0
85500, 1943805, 0, 0, 0
85600, 1466386, 0, 0, 0
85700, 1637048, 0, 0, 0
85800, 1632664, 0, 0, 0
85900, 1831272, 0, 0, 0
86000, 1553915, 0, 0, 0
86101, 3692721, 0, 0, 0
86200, 2919991, 0, 0, 0
86300, 1480189, 0, 0, 0
86400, 1681581, 0, 0, 0
86501, 2072844, 0, 0, 0
86601, 2411378, 0, 0, 0
86700, 1494845, 0, 0, 0
86800, 1397743, 0, 0, 0
86900, 1479134, 0, 0, 0
87000, 2992785, 0, 0, 0
87100, 1755000, 0, 0, 0
87200, 1923438, 0, 0, 0
87301, 1864684, 0, 0, 0
87400, 3825133, 0, 0, 0
87500, 3580277, 0, 0, 0
87600, 2418148, 0, 0, 0
87700, 1737053, 0, 0, 0
87800, 1805696, 0, 0, 0
87900, 1502463, 0, 0, 0
88000, 1559661, 0, 0, 0
88100, 2260873, 0, 0, 0
88200, 1391816, 0, 0, 0
88301, 1825598, 0, 0, 0
88400, 2277964, 0, 0, 0
88500, 2562733, 0, 0, 0
88600, 2659669, 0, 0, 0
88700, 1697504, 0, 0, 0
88800, 2155160, 0, 0, 0
88900, 1434492, 0, 0, 0
89000, 1661771, 0, 0, 0
89100, 1856293, 0, 0, 0
89200, 1934186, 0, 0, 0
89300, 1804100, 0, 0, 0
89400, 1683967, 0, 0, 0
89500, 1761643, 0, 0, 0
89600, 1655117, 0, 0, 0
89700, 1560675, 0, 0, 0
89800, 1604875, 0, 0, 0
89900, 2679288, 0, 0, 0
90000, 1889331, 0, 0, 0
90001, 1823260, 0, 0, 0
