250, 68480, 0, 0, 0
350, 57600, 0, 0, 0
450, 69120, 0, 0, 0
550, 46080, 0, 0, 0
650, 86080, 0, 0, 0
749, 54949, 0, 0, 0
849, 74880, 0, 0, 0
949, 70400, 0, 0, 0
1049, 66240, 0, 0, 0
1149, 35520, 0, 0, 0
1249, 75520, 0, 0, 0
1349, 78400, 0, 0, 0
1449, 83200, 0, 0, 0
1550, 87360, 0, 0, 0
1650, 86400, 0, 0, 0
1749, 93737, 0, 0, 0
1849, 71680, 0, 0, 0
1949, 77440, 0, 0, 0
2049, 81280, 0, 0, 0
2149, 58560, 0, 0, 0
2249, 71360, 0, 0, 0
2349, 59840, 0, 0, 0
2449, 91200, 0, 0, 0
2549, 81600, 0, 0, 0
2649, 48640, 0, 0, 0
2749, 88000, 0, 0, 0
2849, 76480, 0, 0, 0
2949, 59520, 0, 0, 0
3050, 56640, 0, 0, 0
3150, 72000, 0, 0, 0
3249, 83717, 0, 0, 0
3349, 42560, 0, 0, 0
3449, 97600, 0, 0, 0
3549, 86080, 0, 0, 0
3649, 61760, 0, 0, 0
3749, 88960, 0, 0, 0
3849, 86400, 0, 0, 0
3949, 80000, 0, 0, 0
4049, 73600, 0, 0, 0
4149, 56640, 0, 0, 0
4250, 86080, 0, 0, 0
4350, 92160, 0, 0, 0
4450, 55360, 0, 0, 0
4550, 67840, 0, 0, 0
4650, 74240, 0, 0, 0
4749, 83717, 0, 0, 0
4849, 54400, 0, 0, 0
4949, 79360, 0, 0, 0
5049, 75520, 0, 0, 0
5149, 63680, 0, 0, 0
5249, 82240, 0, 0, 0
5349, 72320, 0, 0, 0
5450, 73600, 0, 0, 0
5550, 68160, 0, 0, 0
5650, 58880, 0, 0, 0
5749, 81454, 0, 0, 0
5849, 76800, 0, 0, 0
5949, 81600, 0, 0, 0
6049, 84480, 0, 0, 0
6149, 64320, 0, 0, 0
6249, 73280, 0, 0, 0
6349, 94400, 0, 0, 0
6449, 51840, 0, 0, 0
6549, 80000, 0, 0, 0
6650, 67840, 0, 0, 0
6750, 77440, 0, 0, 0
6850, 49280, 0, 0, 0
6950, 87360, 0, 0, 0
7050, 92480, 0, 0, 0
7150, 91840, 0, 0, 0
7249, 87919, 0, 0, 0
7349, 73920, 0, 0, 0
7449, 70400, 0, 0, 0
7549, 62720, 0, 0, 0
7649, 72000, 0, 0, 0
7749, 69120, 0, 0, 0
7850, 64640, 0, 0, 0
7950, 85120, 0, 0, 0
8050, 50880, 0, 0, 0
8150, 64640, 0, 0, 0
8249, 70141, 0, 0, 0
8349, 85120, 0, 0, 0
8449, 59200, 0, 0, 0
8549, 82880, 0, 0, 0
8649, 82880, 0, 0, 0
8749, 38720, 0, 0, 0
8849, 75200, 0, 0, 0
8949, 61120, 0, 0, 0
9049, 84160, 0, 0, 0
9149, 86720, 0, 0, 0
9249, 78080, 0, 0, 0
9350, 61440, 0, 0, 0
9450, 77760, 0, 0, 0
9550, 79680, 0, 0, 0
9650, 80320, 0, 0, 0
9749, 80161, 0, 0, 0
9849, 69440, 0, 0, 0
9949, 96320, 0, 0, 0
10049, 85760, 0, 0, 0
10149, 41600, 0, 0, 0
10249, 48960, 0, 0, 0
10349, 87680, 0, 0, 0
10449, 43520, 0, 0, 0
10550, 70720, 0, 0, 0
10650, 83200, 0, 0, 0
10749, 46868, 0, 0, 0
10849, 92800, 0, 0, 0
10949, 80640, 0, 0, 0
11049, 67840, 0, 0, 0
11149, 60800, 0, 0, 0
11249, 63680, 0, 0, 0
11349, 57600, 0, 0, 0
11449, 63680, 0, 0, 0
11549, 92800, 0, 0, 0
11649, 61760, 0, 0, 0
11749, 85440, 0, 0, 0
11849, 115200, 0, 0, 0
11950, 86400, 0, 0, 0
12050, 68480, 0, 0, 0
12150, 71040, 0, 0, 0
12249, 80484, 0, 0, 0
12349, 97280, 0, 0, 0
12449, 95680, 0, 0, 0
12549, 82240, 0, 0, 0
12649, 72000, 0, 0, 0
12749, 77120, 0, 0, 0
12849, 78400, 0, 0, 0
12949, 92480, 0, 0, 0
13049, 75200, 0, 0, 0
13149, 64960, 0, 0, 0
13250, 69760, 0, 0, 0
13350, 77760, 0, 0, 0
13450, 46080, 0, 0, 0
13550, 43840, 0, 0, 0
13650, 77760, 0, 0, 0
13749, 59797, 0, 0, 0
13849, 57280, 0, 0, 0
13949, 89280, 0, 0, 0
14049, 83840, 0, 0, 0
14149, 82240, 0, 0, 0
14249, 85120, 0, 0, 0
14349, 51520, 0, 0, 0
14449, 36800, 0, 0, 0
14550, 39360, 0, 0, 0
14650, 64640, 0, 0, 0
14749, 74666, 0, 0, 0
14849, 75520, 0, 0, 0
14949, 64000, 0, 0, 0
15049, 56960, 0, 0, 0
15149, 61120, 0, 0, 0
15249, 59200, 0, 0, 0
15349, 88320, 0, 0, 0
15449, 88000, 0, 0, 0
15549, 78720, 0, 0, 0
15649, 72960, 0, 0, 0
15749, 35200, 0, 0, 0
15849, 62720, 0, 0, 0
15949, 73920, 0, 0, 0
16050, 92800, 0, 0, 0
16150, 80320, 0, 0, 0
16249, 79191, 0, 0, 0
16349, 81280, 0, 0, 0
16449, 84160, 0, 0, 0
16549, 61120, 0, 0, 0
16649, 79040, 0, 0, 0
16749, 88320, 0, 0, 0
16849, 92800, 0, 0, 0
16949, 79040, 0, 0, 0
17049, 88320, 0, 0, 0
17149, 79360, 0, 0, 0
17249, 54720, 0, 0, 0
17350, 93440, 0, 0, 0
17450, 83840, 0, 0, 0
17550, 87040, 0, 0, 0
17650, 71040, 0, 0, 0
17749, 40404, 0, 0, 0
17849, 84800, 0, 0, 0
17949, 83520, 0, 0, 0
18049, 61760, 0, 0, 0
18149, 66240, 0, 0, 0
18249, 65600, 0, 0, 0
18349, 72960, 0, 0, 0
18449, 91520, 0, 0, 0
18549, 63040, 0, 0, 0
18649, 91200, 0, 0, 0
18749, 73696, 0, 0, 0
18849, 53440, 0, 0, 0
18949, 83200, 0, 0, 0
19049, 75840, 0, 0, 0
19149, 47680, 0, 0, 0
19249, 70080, 0, 0, 0
19349, 43840, 0, 0, 0
19449, 50880, 0, 0, 0
19549, 52800, 0, 0, 0
19649, 62720, 0, 0, 0
19749, 77120, 0, 0, 0
19849, 78720, 0, 0, 0
19949, 96320, 0, 0, 0
20050, 71040, 0, 0, 0
20150, 27200, 0, 0, 0
20249, 69171, 0, 0, 0
20349, 76800, 0, 0, 0
20449, 77440, 0, 0, 0
20549, 56320, 0, 0, 0
20649, 76800, 0, 0, 0
20749, 78400, 0, 0, 0
20849, 90240, 0, 0, 0
20949, 64000, 0, 0, 0
21049, 59200, 0, 0, 0
21149, 69120, 0, 0, 0
21249, 86400, 0, 0, 0
21350, 60480, 0, 0, 0
21450, 79680, 0, 0, 0
21550, 88640, 0, 0, 0
21650, 74560, 0, 0, 0
21749, 84363, 0, 0, 0
21849, 65920, 0, 0, 0
21949, 67520, 0, 0, 0
22049, 85120, 0, 0, 0
22149, 71360, 0, 0, 0
22249, 71680, 0, 0, 0
22349, 78080, 0, 0, 0
22449, 82560, 0, 0, 0
22549, 80640, 0, 0, 0
22649, 72000, 0, 0, 0
22750, 83200, 0, 0, 0
22850, 85120, 0, 0, 0
22950, 88000, 0, 0, 0
23050, 47680, 0, 0, 0
23150, 38400, 0, 0, 0
23249, 64000, 0, 0, 0
23349, 60480, 0, 0, 0
23449, 86080, 0, 0, 0
23549, 81600, 0, 0, 0
23649, 77760, 0, 0, 0
23749, 92160, 0, 0, 0
23849, 87680, 0, 0, 0
23949, 49600, 0, 0, 0
24050, 75520, 0, 0, 0
24150, 88960, 0, 0, 0
24249, 78868, 0, 0, 0
24349, 70720, 0, 0, 0
24449, 79360, 0, 0, 0
24549, 102400, 0, 0, 0
24649, 110720, 0, 0, 0
24749, 82880, 0, 0, 0
24849, 67520, 0, 0, 0
24949, 61760, 0, 0, 0
25049, 82560, 0, 0, 0
25149, 66880, 0, 0, 0
25249, 80640, 0, 0, 0
25350, 68160, 0, 0, 0
25450, 69760, 0, 0, 0
25550, 77440, 0, 0, 0
25650, 53440, 0, 0, 0
25749, 68848, 0, 0, 0
25849, 80320, 0, 0, 0
25949, 72000, 0, 0, 0
26049, 90560, 0, 0, 0
26149, 81280, 0, 0, 0
26249, 65920, 0, 0, 0
26349, 79040, 0, 0, 0
26449, 91840, 0, 0, 0
26549, 84160, 0, 0, 0
26649, 74560, 0, 0, 0
26750, 74880, 0, 0, 0
26850, 47040, 0, 0, 0
26950, 79360, 0, 0, 0
27050, 64960, 0, 0, 0
27150, 68160, 0, 0, 0
27249, 66262, 0, 0, 0
27349, 79680, 0, 0, 0
27449, 64640, 0, 0, 0
27549, 71040, 0, 0, 0
27649, 46720, 0, 0, 0
27749, 57280, 0, 0, 0
27850, 64320, 0, 0, 0
27950, 94720, 0, 0, 0
28050, 87040, 0, 0, 0
28150, 94720, 0, 0, 0
28249, 87595, 0, 0, 0
28349, 83200, 0, 0, 0
28449, 75200, 0, 0, 0
28549, 93120, 0, 0, 0
28649, 63360, 0, 0, 0
28749, 75840, 0, 0, 0
28849, 75840, 0, 0, 0
28949, 56320, 0, 0, 0
29049, 96000, 0, 0, 0
29149, 40640, 0, 0, 0
29250, 77760, 0, 0, 0
29350, 85440, 0, 0, 0
29450, 99520, 0, 0, 0
29550, 75520, 0, 0, 0
29650, 66880, 0, 0, 0
29749, 56565, 0, 0, 0
29849, 80960, 0, 0, 0
29949, 82560, 0, 0, 0
30049, 81920, 0, 0, 0
30149, 66560, 0, 0, 0
30249, 96640, 0, 0, 0
30349, 68480, 0, 0, 0
30449, 80000, 0, 0, 0
30550, 87360, 0, 0, 0
30650, 77440, 0, 0, 0
30749, 77575, 0, 0, 0
30849, 65600, 0, 0, 0
30949, 56000, 0, 0, 0
31049, 79040, 0, 0, 0
31149, 87680, 0, 0, 0
31249, 50880, 0, 0, 0
31349, 82880, 0, 0, 0
31449, 68480, 0, 0, 0
31549, 81280, 0, 0, 0
31649, 81600, 0, 0, 0
31749, 95040, 0, 0, 0
31849, 82240, 0, 0, 0
31949, 67200, 0, 0, 0
32050, 61120, 0, 0, 0
32150, 75200, 0, 0, 0
32249, 64323, 0, 0, 0
32349, 68800, 0, 0, 0
32449, 83840, 0, 0, 0
32549, 100160, 0, 0, 0
32649, 94080, 0, 0, 0
32749, 66880, 0, 0, 0
32849, 72320, 0, 0, 0
32949, 65920, 0, 0, 0
33049, 90560, 0, 0, 0
33149, 54080, 0, 0, 0
33249, 72320, 0, 0, 0
33349, 76480, 0, 0, 0
33449, 83520, 0, 0, 0
33550, 93760, 0, 0, 0
33650, 64640, 0, 0, 0
33749, 86949, 0, 0, 0
33849, 58880, 0, 0, 0
33949, 64320, 0, 0, 0
34049, 96640, 0, 0, 0
34149, 83200, 0, 0, 0
34249, 91520, 0, 0, 0
34349, 76160, 0, 0, 0
34449, 81280, 0, 0, 0
34549, 67520, 0, 0, 0
34649, 62720, 0, 0, 0
34749, 91520, 0, 0, 0
34850, 80640, 0, 0, 0
34950, 94400, 0, 0, 0
35050, 46400, 0, 0, 0
35150, 48000, 0, 0, 0
35249, 84686, 0, 0, 0
35349, 76800, 0, 0, 0
35449, 78720, 0, 0, 0
35549, 91840, 0, 0, 0
35649, 83520, 0, 0, 0
35749, 90240, 0, 0, 0
35849, 60800, 0, 0, 0
35949, 78080, 0, 0, 0
36049, 48320, 0, 0, 0
36149, 73280, 0, 0, 0
36250, 80000, 0, 0, 0
36350, 78080, 0, 0, 0
36450, 92800, 0, 0, 0
36550, 96000, 0, 0, 0
36650, 87680, 0, 0, 0
36749, 74666, 0, 0, 0
36849, 87680, 0, 0, 0
36949, 79360, 0, 0, 0
37049, 87360, 0, 0, 0
37149, 73920, 0, 0, 0
37249, 92480, 0, 0, 0
37349, 71040, 0, 0, 0
37450, 81920, 0, 0, 0
37550, 55040, 0, 0, 0
37650, 45120, 0, 0, 0
37749, 59151, 0, 0, 0
37849, 48000, 0, 0, 0
37949, 88640, 0, 0, 0
38049, 67840, 0, 0, 0
38149, 69120, 0, 0, 0
38249, 73920, 0, 0, 0
38349, 85440, 0, 0, 0
38449, 83840, 0, 0, 0
38549, 77440, 0, 0, 0
38649, 73280, 0, 0, 0
38749, 80000, 0, 0, 0
38850, 75520, 0, 0, 0
38950, 81600, 0, 0, 0
39050, 62720, 0, 0, 0
39150, 64320, 0, 0, 0
39249, 92767, 0, 0, 0
39349, 94080, 0, 0, 0
39449, 79360, 0, 0, 0
39549, 73280, 0, 0, 0
39649, 86080, 0, 0, 0
39749, 76160, 0, 0, 0
39849, 57920, 0, 0, 0
39949, 69760, 0, 0, 0
40050, 81280, 0, 0, 0
40150, 70720, 0, 0, 0
40249, 66585, 0, 0, 0
40349, 86400, 0, 0, 0
40449, 86080, 0, 0, 0
40549, 51200, 0, 0, 0
40649, 85120, 0, 0, 0
40749, 64000, 0, 0, 0
40849, 64960, 0, 0, 0
40949, 79360, 0, 0, 0
41049, 66240, 0, 0, 0
41149, 76480, 0, 0, 0
41250, 59200, 0, 0, 0
41350, 85120, 0, 0, 0
41450, 72960, 0, 0, 0
41550, 76480, 0, 0, 0
41650, 64960, 0, 0, 0
41749, 27151, 0, 0, 0
41849, 44160, 0, 0, 0
41949, 44160, 0, 0, 0
42049, 41280, 0, 0, 0
42149, 59520, 0, 0, 0
42249, 84800, 0, 0, 0
42349, 68480, 0, 0, 0
42449, 80640, 0, 0, 0
42550, 62080, 0, 0, 0
42650, 72320, 0, 0, 0
42749, 82424, 0, 0, 0
42849, 57280, 0, 0, 0
42949, 64320, 0, 0, 0
43049, 90240, 0, 0, 0
43149, 84160, 0, 0, 0
43249, 56960, 0, 0, 0
43349, 80960, 0, 0, 0
43449, 71360, 0, 0, 0
43549, 39040, 0, 0, 0
43649, 71680, 0, 0, 0
43749, 72000, 0, 0, 0
43850, 82240, 0, 0, 0
43950, 90240, 0, 0, 0
44050, 94080, 0, 0, 0
44150, 49600, 0, 0, 0
44249, 46868, 0, 0, 0
44349, 73280, 0, 0, 0
44449, 88000, 0, 0, 0
44549, 81280, 0, 0, 0
44649, 88960, 0, 0, 0
44749, 87680, 0, 0, 0
44849, 68160, 0, 0, 0
44949, 70400, 0, 0, 0
45049, 71360, 0, 0, 0
45149, 63040, 0, 0, 0
45250, 53760, 0, 0, 0
45350, 40960, 0, 0, 0
45450, 75520, 0, 0, 0
45550, 86080, 0, 0, 0
45650, 67840, 0, 0, 0
45749, 74343, 0, 0, 0
45849, 100160, 0, 0, 0
45949, 72640, 0, 0, 0
46049, 60800, 0, 0, 0
46149, 53440, 0, 0, 0
46249, 94400, 0, 0, 0
46349, 64320, 0, 0, 0
46449, 71040, 0, 0, 0
46550, 71040, 0, 0, 0
46650, 83200, 0, 0, 0
46749, 60444, 0, 0, 0
46849, 80960, 0, 0, 0
46949, 89280, 0, 0, 0
47049, 84800, 0, 0, 0
47149, 89280, 0, 0, 0
47249, 47680, 0, 0, 0
47349, 66240, 0, 0, 0
47449, 98880, 0, 0, 0
47549, 91520, 0, 0, 0
47649, 77120, 0, 0, 0
47749, 55680, 0, 0, 0
47849, 56640, 0, 0, 0
47949, 77120, 0, 0, 0
48050, 90880, 0, 0, 0
48150, 76800, 0, 0, 0
48249, 57858, 0, 0, 0
48349, 82560, 0, 0, 0
48449, 85440, 0, 0, 0
48549, 50880, 0, 0, 0
48649, 73280, 0, 0, 0
48749, 83840, 0, 0, 0
48849, 95680, 0, 0, 0
48949, 87040, 0, 0, 0
49049, 73280, 0, 0, 0
49149, 83520, 0, 0, 0
49249, 76800, 0, 0, 0
49349, 38400, 0, 0, 0
49449, 87040, 0, 0, 0
49549, 68800, 0, 0, 0
49650, 46720, 0, 0, 0
49750, 72000, 0, 0, 0
49850, 97280, 0, 0, 0
49950, 53440, 0, 0, 0
50050, 80320, 0, 0, 0
50150, 36800, 0, 0, 0
50249, 90181, 0, 0, 0
50349, 95040, 0, 0, 0
50449, 95360, 0, 0, 0
50549, 83520, 0, 0, 0
50649, 63360, 0, 0, 0
50749, 88320, 0, 0, 0
50849, 71360, 0, 0, 0
50949, 69440, 0, 0, 0
51049, 87360, 0, 0, 0
51150, 65600, 0, 0, 0
51249, 62060, 0, 0, 0
51349, 74240, 0, 0, 0
51449, 69760, 0, 0, 0
51549, 67520, 0, 0, 0
51649, 76160, 0, 0, 0
51749, 73600, 0, 0, 0
51849, 76160, 0, 0, 0
51949, 50240, 0, 0, 0
52049, 83520, 0, 0, 0
52149, 58560, 0, 0, 0
52249, 64960, 0, 0, 0
52349, 77760, 0, 0, 0
52449, 83200, 0, 0, 0
52550, 70720, 0, 0, 0
52650, 85760, 0, 0, 0
52749, 53333, 0, 0, 0
52849, 69760, 0, 0, 0
52949, 54080, 0, 0, 0
53049, 72000, 0, 0, 0
53149, 64640, 0, 0, 0
53249, 75200, 0, 0, 0
53349, 68480, 0, 0, 0
53449, 52480, 0, 0, 0
53549, 84480, 0, 0, 0
53649, 87040, 0, 0, 0
53749, 86080, 0, 0, 0
53849, 86720, 0, 0, 0
53950, 86720, 0, 0, 0
54050, 37760, 0, 0, 0
54150, 88320, 0, 0, 0
54249, 85333, 0, 0, 0
54349, 61120, 0, 0, 0
54449, 80640, 0, 0, 0
54549, 75840, 0, 0, 0
54649, 52160, 0, 0, 0
54749, 49600, 0, 0, 0
54849, 64320, 0, 0, 0
54949, 94720, 0, 0, 0
55049, 67840, 0, 0, 0
55149, 71360, 0, 0, 0
55250, 65920, 0, 0, 0
55350, 55680, 0, 0, 0
55450, 86400, 0, 0, 0
55550, 70720, 0, 0, 0
55650, 51200, 0, 0, 0
55749, 60444, 0, 0, 0
55849, 71040, 0, 0, 0
55949, 58560, 0, 0, 0
56049, 86720, 0, 0, 0
56149, 92800, 0, 0, 0
56249, 90560, 0, 0, 0
56349, 63680, 0, 0, 0
56449, 66560, 0, 0, 0
56549, 67200, 0, 0, 0
56649, 82880, 0, 0, 0
56750, 71040, 0, 0, 0
56850, 81600, 0, 0, 0
56950, 62080, 0, 0, 0
57050, 87040, 0, 0, 0
57150, 76160, 0, 0, 0
57249, 66262, 0, 0, 0
57349, 41600, 0, 0, 0
57449, 80640, 0, 0, 0
57549, 60480, 0, 0, 0
57649, 80640, 0, 0, 0
57749, 69120, 0, 0, 0
57849, 82880, 0, 0, 0
57950, 76480, 0, 0, 0
58050, 77120, 0, 0, 0
58150, 55360, 0, 0, 0
58249, 52040, 0, 0, 0
58349, 81920, 0, 0, 0
58449, 84160, 0, 0, 0
58549, 87040, 0, 0, 0
58649, 79360, 0, 0, 0
58749, 51520, 0, 0, 0
58849, 54720, 0, 0, 0
58949, 70400, 0, 0, 0
59049, 50240, 0, 0, 0
59149, 45120, 0, 0, 0
59250, 43520, 0, 0, 0
59350, 73280, 0, 0, 0
59450, 61760, 0, 0, 0
59550, 74560, 0, 0, 0
59650, 87040, 0, 0, 0
59749, 82424, 0, 0, 0
59849, 54080, 0, 0, 0
59949, 79680, 0, 0, 0
60049, 69440, 0, 0, 0
60149, 81280, 0, 0, 0
60249, 42880, 0, 0, 0
60349, 53440, 0, 0, 0
60449, 80640, 0, 0, 0
60550, 80000, 0, 0, 0
60650, 98880, 0, 0, 0
60749, 73050, 0, 0, 0
60849, 63360, 0, 0, 0
60949, 71680, 0, 0, 0
61049, 60160, 0, 0, 0
61149, 90240, 0, 0, 0
61249, 67520, 0, 0, 0
61349, 77440, 0, 0, 0
61449, 84160, 0, 0, 0
61549, 80320, 0, 0, 0
61649, 79360, 0, 0, 0
61750, 87040, 0, 0, 0
61850, 80960, 0, 0, 0
61950, 78400, 0, 0, 0
62050, 72960, 0, 0, 0
62150, 58240, 0, 0, 0
62249, 74666, 0, 0, 0
62349, 64000, 0, 0, 0
62449, 77760, 0, 0, 0
62549, 85760, 0, 0, 0
62649, 101760, 0, 0, 0
62749, 67520, 0, 0, 0
62849, 89280, 0, 0, 0
62949, 81600, 0, 0, 0
63049, 85760, 0, 0, 0
63150, 55360, 0, 0, 0
63249, 90181, 0, 0, 0
63349, 85120, 0, 0, 0
63449, 83520, 0, 0, 0
63549, 72000, 0, 0, 0
63649, 79360, 0, 0, 0
63749, 71680, 0, 0, 0
63849, 86720, 0, 0, 0
63949, 35840, 0, 0, 0
64049, 71040, 0, 0, 0
64149, 44480, 0, 0, 0
64249, 69440, 0, 0, 0
64349, 87040, 0, 0, 0
64449, 86400, 0, 0, 0
64550, 89600, 0, 0, 0
64650, 90240, 0, 0, 0
64749, 72727, 0, 0, 0
64849, 79680, 0, 0, 0
64949, 78400, 0, 0, 0
65049, 57280, 0, 0, 0
65149, 44160, 0, 0, 0
65249, 59200, 0, 0, 0
65349, 53120, 0, 0, 0
65449, 87040, 0, 0, 0
65549, 53760, 0, 0, 0
65649, 50240, 0, 0, 0
65749, 94400, 0, 0, 0
65850, 70400, 0, 0, 0
65950, 55680, 0, 0, 0
66050, 83520, 0, 0, 0
66150, 77760, 0, 0, 0
66249, 81777, 0, 0, 0
66349, 88640, 0, 0, 0
66449, 91520, 0, 0, 0
66549, 73280, 0, 0, 0
66649, 70080, 0, 0, 0
66749, 54720, 0, 0, 0
66849, 90880, 0, 0, 0
66949, 76800, 0, 0, 0
67049, 84160, 0, 0, 0
67150, 69760, 0, 0, 0
67249, 81131, 0, 0, 0
67349, 91200, 0, 0, 0
67449, 77760, 0, 0, 0
67549, 85760, 0, 0, 0
67649, 75200, 0, 0, 0
67749, 50240, 0, 0, 0
67849, 44800, 0, 0, 0
67949, 49600, 0, 0, 0
68049, 63680, 0, 0, 0
68149, 51520, 0, 0, 0
68249, 78720, 0, 0, 0
68349, 56960, 0, 0, 0
68449, 66560, 0, 0, 0
68550, 41600, 0, 0, 0
68650, 85760, 0, 0, 0
68749, 63353, 0, 0, 0
68849, 63680, 0, 0, 0
68949, 45120, 0, 0, 0
69049, 95360, 0, 0, 0
69149, 72960, 0, 0, 0
69249, 69440, 0, 0, 0
69349, 76480, 0, 0, 0
69449, 88640, 0, 0, 0
69549, 78080, 0, 0, 0
69649, 32960, 0, 0, 0
69750, 42240, 0, 0, 0
69850, 77120, 0, 0, 0
69950, 62720, 0, 0, 0
70050, 87040, 0, 0, 0
70150, 63360, 0, 0, 0
70249, 80161, 0, 0, 0
70349, 80960, 0, 0, 0
70449, 62400, 0, 0, 0
70549, 79680, 0, 0, 0
70649, 104320, 0, 0, 0
70749, 88000, 0, 0, 0
70849, 66880, 0, 0, 0
70949, 86400, 0, 0, 0
71050, 82560, 0, 0, 0
71150, 85760, 0, 0, 0
71249, 63353, 0, 0, 0
71349, 80640, 0, 0, 0
71449, 79680, 0, 0, 0
71549, 65920, 0, 0, 0
71649, 85440, 0, 0, 0
71749, 76800, 0, 0, 0
71849, 83840, 0, 0, 0
71949, 81920, 0, 0, 0
72049, 78720, 0, 0, 0
72149, 87680, 0, 0, 0
72249, 87360, 0, 0, 0
72349, 93760, 0, 0, 0
72449, 76800, 0, 0, 0
72550, 88960, 0, 0, 0
72650, 88960, 0, 0, 0
72749, 93090, 0, 0, 0
72849, 45760, 0, 0, 0
72949, 72320, 0, 0, 0
73049, 45760, 0, 0, 0
73149, 64960, 0, 0, 0
73249, 60480, 0, 0, 0
73349, 70080, 0, 0, 0
73449, 88320, 0, 0, 0
73549, 92160, 0, 0, 0
73649, 74880, 0, 0, 0
73750, 79040, 0, 0, 0
73850, 77440, 0, 0, 0
73950, 42880, 0, 0, 0
74050, 56960, 0, 0, 0
74150, 77760, 0, 0, 0
74249, 76929, 0, 0, 0
74349, 68480, 0, 0, 0
74449, 84800, 0, 0, 0
74549, 62720, 0, 0, 0
74649, 78400, 0, 0, 0
74749, 76160, 0, 0, 0
74849, 85120, 0, 0, 0
74949, 91840, 0, 0, 0
75049, 89280, 0, 0, 0
75150, 59520, 0, 0, 0
75249, 80161, 0, 0, 0
75349, 81280, 0, 0, 0
75449, 72320, 0, 0, 0
75549, 42880, 0, 0, 0
75649, 51840, 0, 0, 0
75749, 71040, 0, 0, 0
75849, 66240, 0, 0, 0
75949, 56960, 0, 0, 0
76049, 51200, 0, 0, 0
76149, 67840, 0, 0, 0
76249, 67840, 0, 0, 0
76349, 95360, 0, 0, 0
76449, 64640, 0, 0, 0
76550, 68160, 0, 0, 0
76650, 63040, 0, 0, 0
76749, 55919, 0, 0, 0
76849, 61440, 0, 0, 0
76949, 58880, 0, 0, 0
77049, 83840, 0, 0, 0
77149, 95040, 0, 0, 0
77249, 61120, 0, 0, 0
77349, 82560, 0, 0, 0
77449, 89600, 0, 0, 0
77549, 75520, 0, 0, 0
77649, 65280, 0, 0, 0
77750, 59840, 0, 0, 0
77850, 54720, 0, 0, 0
77950, 71040, 0, 0, 0
78050, 80000, 0, 0, 0
78150, 81920, 0, 0, 0
78249, 80808, 0, 0, 0
78349, 62720, 0, 0, 0
78449, 49920, 0, 0, 0
78549, 64000, 0, 0, 0
78649, 90240, 0, 0, 0
78749, 72640, 0, 0, 0
78849, 86400, 0, 0, 0
78949, 95040, 0, 0, 0
79050, 81920, 0, 0, 0
79150, 74880, 0, 0, 0
79249, 49454, 0, 0, 0
79349, 89600, 0, 0, 0
79449, 80960, 0, 0, 0
79549, 78720, 0, 0, 0
79649, 49920, 0, 0, 0
79749, 62080, 0, 0, 0
79849, 75200, 0, 0, 0
79949, 76800, 0, 0, 0
80049, 62720, 0, 0, 0
80149, 48000, 0, 0, 0
80249, 63360, 0, 0, 0
80350, 97280, 0, 0, 0
80450, 89600, 0, 0, 0
80550, 77760, 0, 0, 0
80650, 77120, 0, 0, 0
80749, 53010, 0, 0, 0
80849, 62080, 0, 0, 0
80949, 58880, 0, 0, 0
81049, 71040, 0, 0, 0
81149, 76800, 0, 0, 0
81249, 78400, 0, 0, 0
81349, 67520, 0, 0, 0
81449, 86400, 0, 0, 0
81549, 90560, 0, 0, 0
81650, 81280, 0, 0, 0
81749, 61737, 0, 0, 0
81849, 88960, 0, 0, 0
81949, 60800, 0, 0, 0
82049, 62080, 0, 0, 0
82149, 73600, 0, 0, 0
82249, 81280, 0, 0, 0
82349, 74560, 0, 0, 0
82449, 66880, 0, 0, 0
82549, 88960, 0, 0, 0
82649, 80960, 0, 0, 0
82749, 54400, 0, 0, 0
82849, 70720, 0, 0, 0
82949, 65600, 0, 0, 0
83050, 88960, 0, 0, 0
83150, 64960, 0, 0, 0
83249, 41050, 0, 0, 0
83349, 69760, 0, 0, 0
83449, 80960, 0, 0, 0
83549, 58240, 0, 0, 0
83649, 71360, 0, 0, 0
83749, 85760, 0, 0, 0
83849, 83520, 0, 0, 0
83949, 88000, 0, 0, 0
84049, 70400, 0, 0, 0
84149, 72000, 0, 0, 0
84250, 77440, 0, 0, 0
84350, 93120, 0, 0, 0
84450, 81280, 0, 0, 0
84550, 73920, 0, 0, 0
84650, 56640, 0, 0, 0
84749, 81131, 0, 0, 0
84849, 89600, 0, 0, 0
84949, 65280, 0, 0, 0
85049, 56960, 0, 0, 0
85149, 72640, 0, 0, 0
85249, 57920, 0, 0, 0
85349, 103040, 0, 0, 0
85449, 77760, 0, 0, 0
85549, 87360, 0, 0, 0
85650, 77760, 0, 0, 0
85749, 90828, 0, 0, 0
85849, 60160, 0, 0, 0
85949, 81600, 0, 0, 0
86049, 86400, 0, 0, 0
86149, 88000, 0, 0, 0
86249, 77760, 0, 0, 0
86349, 40960, 0, 0, 0
86449, 89920, 0, 0, 0
86549, 82880, 0, 0, 0
86649, 60480, 0, 0, 0
86749, 85440, 0, 0, 0
86849, 68160, 0, 0, 0
86949, 40960, 0, 0, 0
87050, 64640, 0, 0, 0
87150, 66880, 0, 0, 0
87249, 54303, 0, 0, 0
87349, 40960, 0, 0, 0
87449, 80640, 0, 0, 0
87549, 63040, 0, 0, 0
87649, 66880, 0, 0, 0
87749, 66560, 0, 0, 0
87849, 69120, 0, 0, 0
87949, 75840, 0, 0, 0
88049, 50560, 0, 0, 0
88149, 43840, 0, 0, 0
88249, 68480, 0, 0, 0
88350, 88000, 0, 0, 0
88450, 84160, 0, 0, 0
88550, 37440, 0, 0, 0
88650, 61120, 0, 0, 0
88749, 53010, 0, 0, 0
88849, 43840, 0, 0, 0
88949, 56640, 0, 0, 0
89049, 50560, 0, 0, 0
89149, 80960, 0, 0, 0
89249, 49280, 0, 0, 0
89349, 67520, 0, 0, 0
89449, 104320, 0, 0, 0
89549, 80320, 0, 0, 0
89649, 61440, 0, 0, 0
89749, 96640, 0, 0, 0
89850, 71360, 0, 0, 0
89950, 76480, 0, 0, 0
