250, 1708, 1, 0, 0
350, 1550, 1, 0, 0
450, 1440, 1, 0, 0
550, 1000, 1, 0, 0
650, 1040, 1, 0, 0
749, 535, 1, 0, 0
849, 440, 1, 0, 0
949, 720, 1, 0, 0
1050, 250, 1, 0, 0
1150, 1030, 1, 0, 0
1249, 1656, 1, 0, 0
1349, 1670, 1, 0, 0
1449, 1620, 1, 0, 0
1549, 1810, 1, 0, 0
1649, 1820, 1, 0, 0
1749, 1550, 1, 0, 0
1849, 1410, 1, 0, 0
1950, 1510, 1, 0, 0
2050, 1450, 1, 0, 0
2150, 1050, 1, 0, 0
2249, 1787, 1, 0, 0
2349, 1940, 1, 0, 0
2449, 1620, 1, 0, 0
2549, 1570, 1, 0, 0
2649, 610, 1, 0, 0
2750, 360, 1, 0, 0
2850, 970, 1, 0, 0
2950, 720, 1, 0, 0
3050, 260, 1, 0, 0
3150, 960, 1, 0, 0
3249, 272, 1, 0, 0
3349, 1900, 1, 0, 0
3449, 1220, 1, 0, 0
3550, 1980, 1, 0, 0
3650, 1270, 1, 0, 0
3749, 1666, 1, 0, 0
3849, 1060, 1, 0, 0
3949, 1860, 1, 0, 0
4049, 1990, 1, 0, 0
4149, 1380, 1, 0, 0
4249, 1350, 1, 0, 0
4349, 1550, 1, 0, 0
4449, 2040, 1, 0, 0
4550, 970, 1, 0, 0
4650, 970, 1, 0, 0
4749, 575, 1, 0, 0
4849, 400, 1, 0, 0
4949, 580, 1, 0, 0
5049, 960, 1, 0, 0
5149, 680, 1, 0, 0
5250, 1020, 1, 0, 0
5350, 1680, 1, 0, 0
5450, 1250, 1, 0, 0
5550, 1720, 1, 0, 0
5650, 1650, 1, 0, 0
5749, 1383, 1, 0, 0
5849, 1640, 1, 0, 0
5949, 1430, 1, 0, 0
6049, 1830, 1, 0, 0
6150, 1550, 1, 0, 0
6249, 1111, 1, 0, 0
6349, 1620, 1, 0, 0
6449, 1370, 1, 0, 0
6549, 1540, 1, 0, 0
6649, 1050, 1, 0, 0
6749, 340, 1, 0, 0
6849, 750, 1, 0, 0
6949, 290, 1, 0, 0
7050, 1060, 1, 0, 0
7150, 760, 1, 0, 0
7249, 1111, 1, 0, 0
7349, 1960, 1, 0, 0
7449, 1600, 1, 0, 0
7549, 1540, 1, 0, 0
7649, 1420, 1, 0, 0
7749, 1830, 1, 0, 0
7849, 1480, 1, 0, 0
7950, 1410, 1, 0, 0
8050, 1760, 1, 0, 0
8150, 1230, 1, 0, 0
8249, 1727, 1, 0, 0
8349, 1540, 1, 0, 0
8449, 1400, 1, 0, 0
8549, 1320, 1, 0, 0
8650, 1280, 1, 0, 0
8749, 303, 1, 0, 0
8849, 690, 1, 0, 0
8949, 290, 1, 0, 0
9049, 680, 1, 0, 0
9149, 970, 1, 0, 0
9249, 1980, 1, 0, 0
9349, 2140, 1, 0, 0
9449, 1180, 1, 0, 0
9550, 1960, 1, 0, 0
9650, 980, 1, 0, 0
9749, 1808, 1, 0, 0
9849, 1640, 1, 0, 0
9949, 2040, 1, 0, 0
10049, 2000, 1, 0, 0
10149, 1170, 1, 0, 0
10249, 1950, 1, 0, 0
10350, 1580, 1, 0, 0
10450, 1940, 1, 0, 0
10550, 1560, 1, 0, 0
10650, 520, 1, 0, 0
10749, 1090, 1, 0, 0
10849, 660, 1, 0, 0
10949, 330, 1, 0, 0
11050, 640, 1, 0, 0
11150, 970, 1, 0, 0
11249, 484, 1, 0, 0
11349, 1510, 1, 0, 0
11449, 1480, 1, 0, 0
11549, 1090, 1, 0, 0
11649, 1440, 1, 0, 0
11749, 1470, 1, 0, 0
11849, 2100, 1, 0, 0
11950, 1030, 1, 0, 0
12050, 2160, 1, 0, 0
12150, 990, 1, 0, 0
12249, 1959, 1, 0, 0
12349, 1400, 1, 0, 0
12449, 2030, 1, 0, 0
12550, 1530, 1, 0, 0
12650, 970, 1, 0, 0
12749, 545, 1, 0, 0
12849, 970, 1, 0, 0
12949, 520, 1, 0, 0
13049, 460, 1, 0, 0
13149, 680, 1, 0, 0
13249, 970, 1, 0, 0
13349, 970, 1, 0, 0
13449, 2050, 1, 0, 0
13550, 1460, 1, 0, 0
13650, 1780, 1, 0, 0
13749, 1474, 1, 0, 0
13849, 1420, 1, 0, 0
13949, 1660, 1, 0, 0
14049, 1760, 1, 0, 0
14149, 1550, 1, 0, 0
14249, 1730, 1, 0, 0
14349, 1330, 1, 0, 0
14450, 1710, 1, 0, 0
14550, 1530, 1, 0, 0
14650, 590, 1, 0, 0
14749, 868, 1, 0, 0
14849, 970, 1, 0, 0
14949, 540, 1, 0, 0
15049, 460, 1, 0, 0
15149, 1110, 1, 0, 0
15250, 1360, 1, 0, 0
15350, 1560, 1, 0, 0
15450, 1470, 1, 0, 0
15550, 1910, 1, 0, 0
15650, 1940, 1, 0, 0
15749, 1575, 1, 0, 0
15849, 1590, 1, 0, 0
15949, 1020, 1, 0, 0
16050, 1940, 1, 0, 0
16150, 1560, 1, 0, 0
16249, 1303, 1, 0, 0
16349, 1400, 1, 0, 0
16449, 1710, 1, 0, 0
16549, 1930, 1, 0, 0
16649, 1440, 1, 0, 0
16749, 515, 1, 0, 0
16849, 460, 1, 0, 0
16949, 980, 1, 0, 0
17049, 570, 1, 0, 0
17149, 450, 1, 0, 0
17249, 520, 1, 0, 0
17349, 1020, 1, 0, 0
17450, 1420, 1, 0, 0
17550, 1800, 1, 0, 0
17650, 2470, 1, 0, 0
17749, 1848, 1, 0, 0
17849, 1460, 1, 0, 0
17949, 1450, 1, 0, 0
18049, 1860, 1, 0, 0
18149, 980, 1, 0, 0
18249, 1940, 1, 0, 0
18350, 1640, 1, 0, 0
18450, 1370, 1, 0, 0
18550, 1550, 1, 0, 0
18650, 1520, 1, 0, 0
18749, 616, 1, 0, 0
18849, 750, 1, 0, 0
18949, 530, 1, 0, 0
19049, 440, 1, 0, 0
19150, 840, 1, 0, 0
19249, 1010, 1, 0, 0
19349, 970, 1, 0, 0
19449, 1450, 1, 0, 0
19549, 1930, 1, 0, 0
19649, 1390, 1, 0, 0
19749, 1610, 1, 0, 0
19849, 2100, 1, 0, 0
19950, 1070, 1, 0, 0
20050, 1940, 1, 0, 0
20150, 1930, 1, 0, 0
20249, 1838, 1, 0, 0
20349, 1530, 1, 0, 0
20449, 1480, 1, 0, 0
20549, 1540, 1, 0, 0
20650, 980, 1, 0, 0
20749, 969, 1, 0, 0
20849, 1280, 1, 0, 0
20949, 460, 1, 0, 0
21049, 510, 1, 0, 0
21149, 510, 1, 0, 0
21250, 460, 1, 0, 0
21350, 1010, 1, 0, 0
21450, 1450, 1, 0, 0
21550, 2090, 1, 0, 0
21650, 1390, 1, 0, 0
21749, 1474, 1, 0, 0
21849, 1490, 1, 0, 0
21949, 1420, 1, 0, 0
22049, 1550, 1, 0, 0
22149, 1370, 1, 0, 0
22250, 1970, 1, 0, 0
22350, 1760, 1, 0, 0
22450, 1660, 1, 0, 0
22550, 1520, 1, 0, 0
22650, 1280, 1, 0, 0
22749, 979, 1, 0, 0
22849, 610, 1, 0, 0
22949, 360, 1, 0, 0
23050, 650, 1, 0, 0
23150, 970, 1, 0, 0
23249, 1767, 1, 0, 0
23349, 1170, 1, 0, 0
23449, 1740, 1, 0, 0
23549, 1960, 1, 0, 0
23649, 1540, 1, 0, 0
23749, 1430, 1, 0, 0
23849, 1590, 1, 0, 0
23949, 2200, 1, 0, 0
24050, 1300, 1, 0, 0
24150, 2850, 1, 0, 0
24249, 1656, 1, 0, 0
24349, 1470, 1, 0, 0
24449, 1940, 1, 0, 0
24549, 1660, 1, 0, 0
24649, 1560, 1, 0, 0
24750, 380, 1, 0, 0
24850, 990, 1, 0, 0
24950, 570, 1, 0, 0
25050, 400, 1, 0, 0
25150, 600, 1, 0, 0
25249, 989, 1, 0, 0
25349, 970, 1, 0, 0
25449, 1960, 1, 0, 0
25550, 1580, 1, 0, 0
25650, 1680, 1, 0, 0
25749, 1303, 1, 0, 0
25849, 1780, 1, 0, 0
25949, 1740, 1, 0, 0
26049, 1170, 1, 0, 0
26149, 1600, 1, 0, 0
26249, 1570, 1, 0, 0
26349, 1300, 1, 0, 0
26449, 1890, 1, 0, 0
26549, 2150, 1, 0, 0
26650, 1270, 1, 0, 0
26749, 707, 1, 0, 0
26849, 330, 1, 0, 0
26949, 960, 1, 0, 0
27049, 970, 1, 0, 0
27149, 150, 1, 0, 0
27249, 838, 1, 0, 0
27349, 1020, 1, 0, 0
27449, 1480, 1, 0, 0
27549, 1970, 1, 0, 0
27649, 1630, 1, 0, 0
27749, 1590, 1, 0, 0
27849, 1620, 1, 0, 0
27949, 1960, 1, 0, 0
28050, 1580, 1, 0, 0
28150, 1830, 1, 0, 0
28249, 1676, 1, 0, 0
28349, 1110, 1, 0, 0
28449, 1940, 1, 0, 0
28549, 1560, 1, 0, 0
28649, 1630, 1, 0, 0
28749, 330, 1, 0, 0
28850, 640, 1, 0, 0
28950, 350, 1, 0, 0
29050, 970, 1, 0, 0
29150, 680, 1, 0, 0
29249, 292, 1, 0, 0
29349, 1010, 1, 0, 0
29449, 1620, 1, 0, 0
29550, 980, 1, 0, 0
29650, 2060, 1, 0, 0
29749, 1202, 1, 0, 0
29849, 2030, 1, 0, 0
29949, 1890, 1, 0, 0
30049, 1620, 1, 0, 0
30149, 1370, 1, 0, 0
30249, 2310, 1, 0, 0
30349, 1550, 1, 0, 0
30449, 1560, 1, 0, 0
30550, 1590, 1, 0, 0
30650, 600, 1, 0, 0
30749, 1393, 1, 0, 0
30849, 340, 1, 0, 0
30949, 630, 1, 0, 0
31049, 360, 1, 0, 0
31149, 1060, 1, 0, 0
31250, 550, 1, 0, 0
31350, 970, 1, 0, 0
31450, 1930, 1, 0, 0
31550, 1570, 1, 0, 0
31650, 1930, 1, 0, 0
31749, 1868, 1, 0, 0
31849, 1660, 1, 0, 0
31949, 1280, 1, 0, 0
32050, 2270, 1, 0, 0
32150, 1080, 1, 0, 0
32249, 1959, 1, 0, 0
32349, 1060, 1, 0, 0
32449, 1930, 1, 0, 0
32549, 990, 1, 0, 0
32649, 1520, 1, 0, 0
32749, 430, 1, 0, 0
32849, 540, 1, 0, 0
32950, 1040, 1, 0, 0
33050, 360, 1, 0, 0
33150, 620, 1, 0, 0
33249, 353, 1, 0, 0
33349, 1590, 1, 0, 0
33449, 1890, 1, 0, 0
33549, 1550, 1, 0, 0
33650, 1360, 1, 0, 0
33749, 1707, 1, 0, 0
33849, 1950, 1, 0, 0
33949, 1440, 1, 0, 0
34049, 1280, 1, 0, 0
34149, 1690, 1, 0, 0
34249, 1540, 1, 0, 0
34349, 1490, 1, 0, 0
34449, 1430, 1, 0, 0
34549, 1530, 1, 0, 0
34650, 1510, 1, 0, 0
34749, 727, 1, 0, 0
34849, 330, 1, 0, 0
34949, 1280, 1, 0, 0
35049, 330, 1, 0, 0
35149, 970, 1, 0, 0
35249, 1100, 1, 0, 0
35349, 1800, 1, 0, 0
35450, 1430, 1, 0, 0
35550, 2010, 1, 0, 0
35650, 1120, 1, 0, 0
35749, 1525, 1, 0, 0
35849, 1430, 1, 0, 0
35949, 1560, 1, 0, 0
36049, 1520, 1, 0, 0
36149, 1680, 1, 0, 0
36249, 1940, 1, 0, 0
36349, 1730, 1, 0, 0
36450, 1560, 1, 0, 0
36550, 1700, 1, 0, 0
36650, 1370, 1, 0, 0
36749, 1050, 1, 0, 0
36849, 730, 1, 0, 0
36949, 970, 1, 0, 0
37049, 660, 1, 0, 0
37150, 310, 1, 0, 0
37249, 979, 1, 0, 0
37349, 840, 1, 0, 0
37449, 1150, 1, 0, 0
37549, 1350, 1, 0, 0
37649, 1650, 1, 0, 0
37749, 1460, 1, 0, 0
37849, 1740, 1, 0, 0
37950, 1950, 1, 0, 0
38050, 1630, 1, 0, 0
38150, 1340, 1, 0, 0
38249, 1747, 1, 0, 0
38349, 970, 1, 0, 0
38449, 1950, 1, 0, 0
38549, 1550, 1, 0, 0
38649, 1500, 1, 0, 0
38750, 670, 1, 0, 0
38850, 960, 1, 0, 0
38950, 970, 1, 0, 0
39050, 570, 1, 0, 0
39150, 400, 1, 0, 0
39249, 666, 1, 0, 0
39349, 970, 1, 0, 0
39449, 970, 1, 0, 0
39550, 1750, 1, 0, 0
39650, 1450, 1, 0, 0
39749, 1949, 1, 0, 0
39849, 1320, 1, 0, 0
39949, 1710, 1, 0, 0
40049, 1390, 1, 0, 0
40149, 980, 1, 0, 0
40249, 1870, 1, 0, 0
40349, 1620, 1, 0, 0
40449, 1610, 1, 0, 0
40550, 1110, 1, 0, 0
40650, 1950, 1, 0, 0
40749, 1373, 1, 0, 0
40849, 1600, 1, 0, 0
40949, 1560, 1, 0, 0
41049, 1920, 1, 0, 0
41149, 1160, 1, 0, 0
41249, 1760, 1, 0, 0
41350, 1290, 1, 0, 0
41450, 1660, 1, 0, 0
41550, 1450, 1, 0, 0
41650, 1020, 1, 0, 0
41749, 1949, 1, 0, 0
41849, 1410, 1, 0, 0
41949, 1510, 1, 0, 0
42049, 2100, 1, 0, 0
42149, 1620, 1, 0, 0
42250, 1270, 1, 0, 0
42350, 1890, 1, 0, 0
42450, 1640, 1, 0, 0
42550, 1460, 1, 0, 0
42650, 1520, 1, 0, 0
42749, 1414, 1, 0, 0
42849, 1560, 1, 0, 0
42949, 650, 1, 0, 0
43050, 1200, 1, 0, 0
43150, 300, 1, 0, 0
43249, 676, 1, 0, 0
43349, 410, 1, 0, 0
43449, 920, 1, 0, 0
43549, 1550, 1, 0, 0
43649, 1410, 1, 0, 0
43749, 1500, 1, 0, 0
43849, 1730, 1, 0, 0
43950, 1960, 1, 0, 0
44050, 1380, 1, 0, 0
44150, 1830, 1, 0, 0
44249, 1515, 1, 0, 0
44349, 1630, 1, 0, 0
44449, 1820, 1, 0, 0
44549, 1460, 1, 0, 0
44649, 1730, 1, 0, 0
44749, 1940, 1, 0, 0
44850, 1380, 1, 0, 0
44950, 540, 1, 0, 0
45050, 970, 1, 0, 0
45150, 450, 1, 0, 0
45249, 525, 1, 0, 0
45349, 780, 1, 0, 0
45449, 970, 1, 0, 0
45549, 400, 1, 0, 0
45650, 1540, 1, 0, 0
45749, 1696, 1, 0, 0
45849, 1540, 1, 0, 0
45949, 1420, 1, 0, 0
46049, 2010, 1, 0, 0
46149, 1630, 1, 0, 0
46249, 1650, 1, 0, 0
46349, 1300, 1, 0, 0
46449, 2010, 1, 0, 0
46550, 1670, 1, 0, 0
46650, 1530, 1, 0, 0
46749, 1757, 1, 0, 0
46849, 970, 1, 0, 0
46949, 470, 1, 0, 0
47049, 970, 1, 0, 0
47149, 710, 1, 0, 0
47249, 260, 1, 0, 0
47349, 710, 1, 0, 0
47449, 1310, 1, 0, 0
47550, 970, 1, 0, 0
47650, 1450, 1, 0, 0
47749, 1919, 1, 0, 0
47849, 1940, 1, 0, 0
47949, 1340, 1, 0, 0
48049, 1930, 1, 0, 0
48149, 1440, 1, 0, 0
48250, 2000, 1, 0, 0
48350, 1290, 1, 0, 0
48450, 1900, 1, 0, 0
48550, 1640, 1, 0, 0
48650, 1880, 1, 0, 0
48749, 1656, 1, 0, 0
48849, 670, 1, 0, 0
48949, 960, 1, 0, 0
49049, 540, 1, 0, 0
49149, 1030, 1, 0, 0
49249, 373, 1, 0, 0
49349, 630, 1, 0, 0
49449, 970, 1, 0, 0
49549, 1660, 1, 0, 0
49649, 1540, 1, 0, 0
49749, 1450, 1, 0, 0
49849, 1470, 1, 0, 0
49949, 1630, 1, 0, 0
50050, 1510, 1, 0, 0
50150, 1250, 1, 0, 0
50249, 1898, 1, 0, 0
50349, 1550, 1, 0, 0
50449, 1010, 1, 0, 0
50549, 2110, 1, 0, 0
50649, 2160, 1, 0, 0
50749, 1780, 1, 0, 0
50849, 710, 1, 0, 0
50950, 290, 1, 0, 0
51050, 1400, 1, 0, 0
51150, 530, 1, 0, 0
51249, 444, 1, 0, 0
51349, 970, 1, 0, 0
51449, 540, 1, 0, 0
51549, 970, 1, 0, 0
51649, 1830, 1, 0, 0
51749, 1484, 1, 0, 0
51849, 1780, 1, 0, 0
51949, 1730, 1, 0, 0
52049, 1550, 1, 0, 0
52149, 1460, 1, 0, 0
52249, 1620, 1, 0, 0
52349, 1640, 1, 0, 0
52449, 1380, 1, 0, 0
52550, 1010, 1, 0, 0
52650, 1840, 1, 0, 0
52749, 1525, 1, 0, 0
52849, 1010, 1, 0, 0
52949, 970, 1, 0, 0
53049, 410, 1, 0, 0
53149, 560, 1, 0, 0
53250, 510, 1, 0, 0
53350, 460, 1, 0, 0
53450, 1130, 1, 0, 0
53550, 1050, 1, 0, 0
53650, 1250, 1, 0, 0
53749, 1949, 1, 0, 0
53849, 1640, 1, 0, 0
53949, 1690, 1, 0, 0
54049, 1940, 1, 0, 0
54149, 1170, 1, 0, 0
54249, 1767, 1, 0, 0
54349, 1930, 1, 0, 0
54449, 1770, 1, 0, 0
54549, 1320, 1, 0, 0
54649, 1950, 1, 0, 0
54749, 1920, 1, 0, 0
54849, 980, 1, 0, 0
54949, 820, 1, 0, 0
55050, 1100, 1, 0, 0
55150, 180, 1, 0, 0
55249, 797, 1, 0, 0
55349, 490, 1, 0, 0
55449, 480, 1, 0, 0
55549, 1720, 1, 0, 0
55649, 1370, 1, 0, 0
55749, 1550, 1, 0, 0
55850, 1060, 1, 0, 0
55950, 1870, 1, 0, 0
56050, 1660, 1, 0, 0
56150, 1670, 1, 0, 0
56249, 1383, 1, 0, 0
56349, 1540, 1, 0, 0
56450, 2160, 1, 0, 0
56551, 1280, 1, 0, 0
56651, 1630, 1, 0, 0
56751, 1590, 1, 0, 0
56851, 970, 1, 0, 0
56951, 1100, 1, 0, 0
57051, 670, 1, 0, 0
57151, 330, 1, 0, 0
57252, 720, 1, 0, 0
57352, 970, 1, 0, 0
57452, 460, 1, 0, 0
57552, 970, 1, 0, 0
57652, 1850, 1, 0, 0
57752, 1710, 1, 0, 0
57852, 1300, 1, 0, 0
57952, 1830, 1, 0, 0
58053, 1310, 1, 0, 0
58153, 1600, 1, 0, 0
58253, 1360, 1, 0, 0
58353, 1940, 1, 0, 0
58453, 1890, 1, 0, 0
58553, 1590, 1, 0, 0
58653, 1950, 1, 0, 0
58753, 1890, 1, 0, 0
58854, 990, 1, 0, 0
58954, 400, 1, 0, 0
59054, 1170, 1, 0, 0
59154, 370, 1, 0, 0
59254, 610, 1, 0, 0
59354, 530, 1, 0, 0
59454, 740, 1, 0, 0
59554, 1590, 1, 0, 0
59655, 1320, 1, 0, 0
59755, 1630, 1, 0, 0
59855, 1690, 1, 0, 0
59955, 1560, 1, 0, 0
60055, 1400, 1, 0, 0
60155, 1950, 1, 0, 0
60255, 1720, 1, 0, 0
60355, 1230, 1, 0, 0
60455, 1930, 1, 0, 0
60556, 1620, 1, 0, 0
60656, 1570, 1, 0, 0
60756, 1700, 1, 0, 0
60856, 1240, 1, 0, 0
60956, 960, 1, 0, 0
61056, 240, 1, 0, 0
61156, 1060, 1, 0, 0
61256, 640, 1, 0, 0
61357, 370, 1, 0, 0
61457, 600, 1, 0, 0
61557, 1340, 1, 0, 0
61657, 1000, 1, 0, 0
61757, 1680, 1, 0, 0
61857, 1810, 1, 0, 0
61957, 1640, 1, 0, 0
62057, 1740, 1, 0, 0
62157, 1760, 1, 0, 0
62258, 1940, 1, 0, 0
62358, 1370, 1, 0, 0
62458, 1570, 1, 0, 0
62558, 1360, 1, 0, 0
62658, 1730, 1, 0, 0
62758, 1430, 1, 0, 0
62858, 1100, 1, 0, 0
62958, 960, 1, 0, 0
63059, 970, 1, 0, 0
63159, 320, 1, 0, 0
63259, 710, 1, 0, 0
63359, 1030, 1, 0, 0
63459, 1310, 1, 0, 0
63559, 1310, 1, 0, 0
63659, 1620, 1, 0, 0
63759, 1930, 1, 0, 0
63860, 1540, 1, 0, 0
63960, 1370, 1, 0, 0
64060, 2230, 1, 0, 0
64160, 1430, 1, 0, 0
64260, 1770, 1, 0, 0
64360, 1910, 1, 0, 0
64460, 1900, 1, 0, 0
64560, 1540, 1, 0, 0
64660, 1610, 1, 0, 0
64761, 2370, 1, 0, 0
64861, 1260, 1, 0, 0
64961, 680, 1, 0, 0
65061, 290, 1, 0, 0
65161, 700, 1, 0, 0
65261, 910, 1, 0, 0
65361, 510, 1, 0, 0
65462, 1050, 1, 0, 0
65562, 1330, 1, 0, 0
65662, 1570, 1, 0, 0
65762, 2230, 1, 0, 0
65862, 1230, 1, 0, 0
65962, 1550, 1, 0, 0
66062, 1360, 1, 0, 0
66162, 1660, 1, 0, 0
66263, 1610, 1, 0, 0
66363, 1770, 1, 0, 0
66463, 1930, 1, 0, 0
66563, 1610, 1, 0, 0
66663, 1430, 1, 0, 0
66763, 1830, 1, 0, 0
66863, 1620, 1, 0, 0
66963, 970, 1, 0, 0
67063, 970, 1, 0, 0
67164, 600, 1, 0, 0
67264, 430, 1, 0, 0
67364, 540, 1, 0, 0
67464, 630, 1, 0, 0
67564, 780, 1, 0, 0
67664, 1570, 1, 0, 0
67764, 2390, 1, 0, 0
67864, 1370, 1, 0, 0
67964, 1300, 1, 0, 0
68065, 1260, 1, 0, 0
68165, 1770, 1, 0, 0
68265, 1080, 1, 0, 0
68365, 2050, 1, 0, 0
68465, 1430, 1, 0, 0
68565, 1650, 1, 0, 0
68665, 1930, 1, 0, 0
68766, 1450, 1, 0, 0
68866, 1860, 1, 0, 0
68966, 1160, 1, 0, 0
69066, 940, 1, 0, 0
69166, 270, 1, 0, 0
69266, 1140, 1, 0, 0
69366, 530, 1, 0, 0
69467, 550, 1, 0, 0
69567, 430, 1, 0, 0
69667, 1510, 1, 0, 0
69767, 2020, 1, 0, 0
69867, 1090, 1, 0, 0
69967, 1820, 1, 0, 0
70067, 1240, 1, 0, 0
70167, 1670, 1, 0, 0
70267, 1800, 1, 0, 0
70368, 1340, 1, 0, 0
70468, 1740, 1, 0, 0
70568, 1910, 1, 0, 0
70668, 1510, 1, 0, 0
70768, 1460, 1, 0, 0
70868, 1460, 1, 0, 0
70968, 1630, 1, 0, 0
71068, 700, 1, 0, 0
71168, 350, 1, 0, 0
71269, 1280, 1, 0, 0
71369, 310, 1, 0, 0
71469, 660, 1, 0, 0
71569, 310, 1, 0, 0
71669, 1630, 1, 0, 0
71769, 2060, 1, 0, 0
71869, 2030, 1, 0, 0
71969, 1360, 1, 0, 0
72070, 1720, 1, 0, 0
72170, 1440, 1, 0, 0
72270, 1500, 1, 0, 0
72370, 1930, 1, 0, 0
72470, 1180, 1, 0, 0
72570, 2620, 1, 0, 0
72670, 1420, 1, 0, 0
72771, 1590, 1, 0, 0
72871, 1830, 1, 0, 0
72971, 1450, 1, 0, 0
73071, 530, 1, 0, 0
73171, 800, 1, 0, 0
73271, 970, 1, 0, 0
73371, 320, 1, 0, 0
73471, 650, 1, 0, 0
73572, 320, 1, 0, 0
73672, 1650, 1, 0, 0
73772, 1720, 1, 0, 0
73872, 1630, 1, 0, 0
73972, 1800, 1, 0, 0
74072, 1690, 1, 0, 0
74172, 1280, 1, 0, 0
74272, 1280, 1, 0, 0
74372, 1950, 1, 0, 0
74473, 1350, 1, 0, 0
74573, 1710, 1, 0, 0
74673, 1500, 1, 0, 0
74773, 1740, 1, 0, 0
74873, 1960, 1, 0, 0
74973, 1240, 1, 0, 0
75073, 1100, 1, 0, 0
75173, 790, 1, 0, 0
75274, 190, 1, 0, 0
75374, 780, 1, 0, 0
75474, 1050, 1, 0, 0
75574, 280, 1, 0, 0
75674, 1670, 1, 0, 0
75774, 1290, 1, 0, 0
75874, 1940, 1, 0, 0
75974, 1880, 1, 0, 0
76075, 1660, 1, 0, 0
76175, 1520, 1, 0, 0
76275, 2260, 1, 0, 0
76375, 970, 1, 0, 0
76475, 1940, 1, 0, 0
76575, 1590, 1, 0, 0
76675, 1410, 1, 0, 0
76775, 1770, 1, 0, 0
76875, 1590, 1, 0, 0
76975, 1600, 1, 0, 0
77076, 950, 1, 0, 0
77176, 20, 1, 0, 0
77276, 1050, 1, 0, 0
77376, 1120, 1, 0, 0
77476, 1690, 1, 0, 0
77576, 2010, 1, 0, 0
77676, 1320, 1, 0, 0
77777, 1240, 1, 0, 0
77877, 1800, 1, 0, 0
77977, 1270, 1, 0, 0
78077, 1570, 1, 0, 0
78177, 1520, 1, 0, 0
78277, 1590, 1, 0, 0
78377, 1720, 1, 0, 0
78477, 1940, 1, 0, 0
78577, 1590, 1, 0, 0
78678, 1640, 1, 0, 0
78778, 1850, 1, 0, 0
78878, 1940, 1, 0, 0
78978, 1280, 1, 0, 0
79078, 1630, 1, 0, 0
79178, 990, 1, 0, 0
79278, 740, 1, 0, 0
79378, 970, 1, 0, 0
79479, 600, 1, 0, 0
79579, 380, 1, 0, 0
79679, 1030, 1, 0, 0
79779, 580, 1, 0, 0
79879, 1940, 1, 0, 0
79979, 1390, 1, 0, 0
80079, 1550, 1, 0, 0
80180, 1710, 1, 0, 0
80280, 1310, 1, 0, 0
80380, 1710, 1, 0, 0
80480, 1900, 1, 0, 0
80580, 1460, 1, 0, 0
80680, 1610, 1, 0, 0
80780, 1100, 1, 0, 0
80880, 1730, 1, 0, 0
80980, 1720, 1, 0, 0
81081, 1560, 1, 0, 0
81181, 970, 1, 0, 0
81281, 610, 1, 0, 0
81381, 1230, 1, 0, 0
81481, 500, 1, 0, 0
81581, 900, 1, 0, 0
81681, 180, 1, 0, 0
81782, 790, 1, 0, 0
81882, 1420, 1, 0, 0
81982, 1640, 1, 0, 0
82082, 1650, 1, 0, 0
82182, 1960, 1, 0, 0
82282, 1110, 1, 0, 0
82382, 1930, 1, 0, 0
82482, 1820, 1, 0, 0
82582, 1510, 1, 0, 0
82683, 1430, 1, 0, 0
82783, 2020, 1, 0, 0
82883, 1570, 1, 0, 0
82983, 1430, 1, 0, 0
83083, 1490, 1, 0, 0
83183, 1540, 1, 0, 0
83283, 750, 1, 0, 0
83383, 230, 1, 0, 0
83483, 1010, 1, 0, 0
83584, 960, 1, 0, 0
83684, 20, 1, 0, 0
83784, 1930, 1, 0, 0
83884, 1230, 1, 0, 0
83984, 1680, 1, 0, 0
84084, 1540, 1, 0, 0
84184, 1900, 1, 0, 0
84285, 1160, 1, 0, 0
84385, 2250, 1, 0, 0
84485, 1940, 1, 0, 0
84585, 1470, 1, 0, 0
84685, 1530, 1, 0, 0
84785, 1460, 1, 0, 0
84885, 1500, 1, 0, 0
84985, 1490, 1, 0, 0
85085, 2000, 1, 0, 0
85185, 1160, 1, 0, 0
85286, 1650, 1, 0, 0
85386, 970, 1, 0, 0
85486, 500, 1, 0, 0
85586, 860, 1, 0, 0
85686, 580, 1, 0, 0
85786, 1190, 1, 0, 0
85886, 1340, 1, 0, 0
85987, 1010, 1, 0, 0
86087, 1540, 1, 0, 0
86187, 1530, 1, 0, 0
86287, 1970, 1, 0, 0
86387, 1080, 1, 0, 0
86487, 1210, 1, 0, 0
86587, 1710, 1, 0, 0
86687, 1450, 1, 0, 0
86788, 1640, 1, 0, 0
86888, 1670, 1, 0, 0
86988, 1540, 1, 0, 0
87088, 1120, 1, 0, 0
87188, 1810, 1, 0, 0
87288, 1810, 1, 0, 0
87388, 1380, 1, 0, 0
87488, 560, 1, 0, 0
87588, 410, 1, 0, 0
87688, 570, 1, 0, 0
87789, 1170, 1, 0, 0
87889, 350, 1, 0, 0
87989, 620, 1, 0, 0
88089, 1640, 1, 0, 0
88189, 1440, 1, 0, 0
88289, 1940, 1, 0, 0
88389, 1520, 1, 0, 0
88489, 1040, 1, 0, 0
88589, 1790, 1, 0, 0
88689, 1330, 1, 0, 0
88790, 1580, 1, 0, 0
88890, 1340, 1, 0, 0
88990, 1590, 1, 0, 0
89090, 1590, 1, 0, 0
89190, 1940, 1, 0, 0
89290, 2180, 1, 0, 0
89390, 980, 1, 0, 0
89490, 960, 1, 0, 0
89591, 1560, 1, 0, 0
89691, 180, 1, 0, 0
89791, 790, 1, 0, 0
89891, 220, 1, 0, 0
89991, 750, 1, 0, 0
90091, 1180, 1, 0, 0
