109, 63515296, 1, 0, 0
200, 49660629, 1, 0, 0
340, 60587547, 1, 0, 0
425, 58402234, 1, 0, 0
540, 55844965, 1, 0, 0
607, 82232570, 1, 0, 0
752, 134233701, 1, 0, 0
840, 141614132, 1, 0, 0
923, 157333243, 1, 0, 0
1087, 151541916, 1, 0, 0
1161, 156206349, 1, 0, 0
1207, 161052892, 1, 0, 0
1320, 62834017, 1, 0, 0
1419, 55926549, 1, 0, 0
1531, 65080884, 1, 0, 0
1621, 64264183, 1, 0, 0
1705, 58882116, 1, 0, 0
1809, 53306637, 1, 0, 0
1907, 63939354, 1, 0, 0
2009, 63966096, 1, 0, 0
2109, 58239944, 1, 0, 0
2218, 65152205, 1, 0, 0
2333, 71393980, 1, 0, 0
2429, 61734985, 1, 0, 0
2523, 58010754, 1, 0, 0
2627, 66243839, 1, 0, 0
2701, 80468617, 1, 0, 0
2876, 127572866, 1, 0, 0
2950, 173049397, 1, 0, 0
3036, 149111314, 1, 0, 0
3140, 146866270, 1, 0, 0
3226, 184782884, 1, 0, 0
3327, 165722605, 1, 0, 0
3429, 77888993, 1, 0, 0
3527, 59864782, 1, 0, 0
3624, 59294977, 1, 0, 0
3726, 59961369, 1, 0, 0
3803, 66183476, 1, 0, 0
3916, 53402018, 1, 0, 0
4013, 66897776, 1, 0, 0
4103, 59788211, 1, 0, 0
4200, 56750834, 1, 0, 0
4323, 64149079, 1, 0, 0
4402, 64737552, 1, 0, 0
4500, 66949387, 1, 0, 0
4663, 57596403, 1, 0, 0
4738, 121581461, 1, 0, 0
4814, 150303486, 1, 0, 0
4905, 146779329, 1, 0, 0
5070, 138218198, 1, 0, 0
5156, 160917397, 1, 0, 0
5231, 170160676, 1, 0, 0
5310, 130552384, 1, 0, 0
5415, 72945951, 1, 0, 0
5505, 62021964, 1, 0, 0
5607, 62562084, 1, 0, 0
5702, 64648677, 1, 0, 0
5805, 56366280, 1, 0, 0
5902, 51618827, 1, 0, 0
6000, 63807913, 1, 0, 0
6103, 59926068, 1, 0, 0
6214, 68252588, 1, 0, 0
6329, 66749431, 1, 0, 0
6426, 67681154, 1, 0, 0
6513, 56171498, 1, 0, 0
6661, 65329631, 1, 0, 0
6747, 91180193, 1, 0, 0
6831, 148062726, 1, 0, 0
6916, 140860952, 1, 0, 0
7002, 167936143, 1, 0, 0
7179, 153034893, 1, 0, 0
7227, 172976309, 1, 0, 0
7319, 91345098, 1, 0, 0
7433, 49824021, 1, 0, 0
7500, 57446629, 1, 0, 0
7626, 56236181, 1, 0, 0
7729, 64572074, 1, 0, 0
7804, 65969936, 1, 0, 0
7915, 66425572, 1, 0, 0
8016, 69548090, 1, 0, 0
8129, 52705336, 1, 0, 0
8223, 66153591, 1, 0, 0
8300, 42738013, 1, 0, 0
8400, 61535920, 1, 0, 0
8500, 67050368, 1, 0, 0
8604, 65792750, 1, 0, 0
8762, 119650899, 1, 0, 0
8837, 136895416, 1, 0, 0
8915, 146804519, 1, 0, 0
9003, 149729410, 1, 0, 0
9149, 148474876, 1, 0, 0
9211, 102722977, 1, 0, 0
9315, 54205871, 1, 0, 0
9408, 48043162, 1, 0, 0
9511, 58471596, 1, 0, 0
9602, 57194018, 1, 0, 0
9724, 62441831, 1, 0, 0
9809, 67299139, 1, 0, 0
9920, 45269173, 1, 0, 0
10004, 58155993, 1, 0, 0
10105, 56040282, 1, 0, 0
10207, 54353949, 1, 0, 0
10300, 53029530, 1, 0, 0
10409, 61174886, 1, 0, 0
10503, 74619242, 1, 0, 0
10624, 53820326, 1, 0, 0
10775, 88965722, 1, 0, 0
10846, 147044701, 1, 0, 0
10930, 144052815, 1, 0, 0
11006, 152764473, 1, 0, 0
11160, 152086662, 1, 0, 0
11248, 151115463, 1, 0, 0
11308, 146097546, 1, 0, 0
11409, 86728146, 1, 0, 0
11510, 62708748, 1, 0, 0
11601, 57315109, 1, 0, 0
11724, 64778332, 1, 0, 0
11803, 67140780, 1, 0, 0
11912, 67914114, 1, 0, 0
12011, 54646542, 1, 0, 0
12114, 48576243, 1, 0, 0
12205, 62746527, 1, 0, 0
12302, 62005120, 1, 0, 0
12427, 52483641, 1, 0, 0
12501, 64741983, 1, 0, 0
12677, 46016614, 1, 0, 0
12751, 108074216, 1, 0, 0
12836, 141873670, 1, 0, 0
12922, 158235481, 1, 0, 0
13085, 159259157, 1, 0, 0
13170, 147920768, 1, 0, 0
13247, 154744470, 1, 0, 0
13319, 131409812, 1, 0, 0
13414, 103632796, 1, 0, 0
13503, 57239622, 1, 0, 0
13604, 49483735, 1, 0, 0
13707, 59604136, 1, 0, 0
13817, 51421703, 1, 0, 0
13903, 53376795, 1, 0, 0
14025, 51275462, 1, 0, 0
14100, 66119455, 1, 0, 0
14200, 61734189, 1, 0, 0
14313, 59626562, 1, 0, 0
14430, 57129621, 1, 0, 0
14527, 61047972, 1, 0, 0
14616, 66274330, 1, 0, 0
14757, 73125721, 1, 0, 0
14839, 138975570, 1, 0, 0
14905, 149578510, 1, 0, 0
15076, 144972757, 1, 0, 0
15143, 161588172, 1, 0, 0
15216, 129075983, 1, 0, 0
15317, 63585799, 1, 0, 0
15418, 54512998, 1, 0, 0
15517, 58887845, 1, 0, 0
15606, 52806384, 1, 0, 0
15717, 61305689, 1, 0, 0
15807, 63429229, 1, 0, 0
15909, 59934205, 1, 0, 0
16018, 69353458, 1, 0, 0
16109, 62829253, 1, 0, 0
16217, 50493684, 1, 0, 0
16310, 58755153, 1, 0, 0
16409, 56171795, 1, 0, 0
16500, 67537404, 1, 0, 0
16602, 47548558, 1, 0, 0
16704, 56566187, 1, 0, 0
16861, 87737420, 1, 0, 0
16937, 154743319, 1, 0, 0
17020, 99873448, 1, 0, 0
17107, 156573594, 1, 0, 0
17247, 161396926, 1, 0, 0
17329, 137700371, 1, 0, 0
17419, 94577691, 1, 0, 0
17519, 59839982, 1, 0, 0
17612, 59887961, 1, 0, 0
17707, 60525257, 1, 0, 0
17803, 60167962, 1, 0, 0
17903, 58452131, 1, 0, 0
18006, 48600657, 1, 0, 0
18103, 62476653, 1, 0, 0
18211, 70083229, 1, 0, 0
18316, 56941707, 1, 0, 0
18426, 53050167, 1, 0, 0
18525, 49543982, 1, 0, 0
18622, 64837652, 1, 0, 0
18750, 72992297, 1, 0, 0
18835, 127880021, 1, 0, 0
18922, 143396752, 1, 0, 0
19010, 103888063, 1, 0, 0
19182, 145624284, 1, 0, 0
19254, 129599101, 1, 0, 0
19326, 156535332, 1, 0, 0
19411, 97763644, 1, 0, 0
19531, 50382923, 1, 0, 0
19623, 59772047, 1, 0, 0
19720, 57776421, 1, 0, 0
19819, 54969593, 1, 0, 0
19914, 62752105, 1, 0, 0
20013, 57771741, 1, 0, 0
20119, 63378685, 1, 0, 0
20207, 59244414, 1, 0, 0
20302, 53414900, 1, 0, 0
20422, 51339824, 1, 0, 0
20501, 64168821, 1, 0, 0
20608, 59297097, 1, 0, 0
20719, 40456224, 1, 0, 0
20871, 135333925, 1, 0, 0
20952, 137939004, 1, 0, 0
21040, 164362214, 1, 0, 0
21125, 137059641, 1, 0, 0
21211, 167163968, 1, 0, 0
21352, 157598571, 1, 0, 0
21420, 100367877, 1, 0, 0
21515, 66508444, 1, 0, 0
21604, 57910050, 1, 0, 0
21700, 66971182, 1, 0, 0
21831, 63137640, 1, 0, 0
21913, 59909087, 1, 0, 0
22012, 70107944, 1, 0, 0
22107, 59370663, 1, 0, 0
22219, 74967329, 1, 0, 0
22317, 48930287, 1, 0, 0
22428, 65128498, 1, 0, 0
22500, 67081765, 1, 0, 0
22646, 51307027, 1, 0, 0
22701, 89086866, 1, 0, 0
22832, 107236973, 1, 0, 0
22962, 156819200, 1, 0, 0
23049, 184124420, 1, 0, 0
23121, 188341246, 1, 0, 0
23206, 129082272, 1, 0, 0
23314, 69986809, 1, 0, 0
23425, 64937976, 1, 0, 0
23523, 65534665, 1, 0, 0
23619, 65119146, 1, 0, 0
23720, 54746533, 1, 0, 0
23827, 62834510, 1, 0, 0
23923, 62897829, 1, 0, 0
24016, 59004893, 1, 0, 0
24124, 48137146, 1, 0, 0
24237, 75774399, 1, 0, 0
24303, 60629155, 1, 0, 0
24405, 56613901, 1, 0, 0
24507, 61211614, 1, 0, 0
24601, 68309661, 1, 0, 0
24729, 60193451, 1, 0, 0
24813, 99488289, 1, 0, 0
24971, 149078741, 1, 0, 0
25058, 152545599, 1, 0, 0
25147, 154539457, 1, 0, 0
25219, 172201028, 1, 0, 0
25303, 143680776, 1, 0, 0
25430, 111741340, 1, 0, 0
25505, 78520530, 1, 0, 0
25601, 51978701, 1, 0, 0
25727, 49379276, 1, 0, 0
25821, 56125495, 1, 0, 0
25918, 57018307, 1, 0, 0
26013, 59515935, 1, 0, 0
26130, 66783583, 1, 0, 0
26219, 66951556, 1, 0, 0
26322, 54190238, 1, 0, 0
26401, 73375425, 1, 0, 0
26504, 66196137, 1, 0, 0
26633, 53098657, 1, 0, 0
26762, 67985510, 1, 0, 0
26835, 127339274, 1, 0, 0
26924, 132361538, 1, 0, 0
27071, 150218412, 1, 0, 0
27144, 145318902, 1, 0, 0
27243, 141572537, 1, 0, 0
27314, 152471593, 1, 0, 0
27401, 134282774, 1, 0, 0
27500, 58409927, 1, 0, 0
27605, 59537050, 1, 0, 0
27709, 65111657, 1, 0, 0
27807, 60451113, 1, 0, 0
27904, 66272450, 1, 0, 0
28013, 61713652, 1, 0, 0
28109, 63599302, 1, 0, 0
28206, 57926261, 1, 0, 0
28300, 62600463, 1, 0, 0
28409, 67093888, 1, 0, 0
28507, 58907021, 1, 0, 0
28607, 54213344, 1, 0, 0
28745, 57975618, 1, 0, 0
28831, 122244489, 1, 0, 0
28910, 160160144, 1, 0, 0
29075, 152141309, 1, 0, 0
29161, 151098845, 1, 0, 0
29235, 162894161, 1, 0, 0
29314, 155762590, 1, 0, 0
29404, 140588442, 1, 0, 0
29516, 78416443, 1, 0, 0
29616, 63977164, 1, 0, 0
29710, 56063461, 1, 0, 0
29829, 73209340, 1, 0, 0
29931, 58599419, 1, 0, 0
30000, 47972970, 1, 0, 0
30121, 52154184, 1, 0, 0
30215, 56054618, 1, 0, 0
30330, 52364132, 1, 0, 0
30407, 62543269, 1, 0, 0
30500, 63271096, 1, 0, 0
30607, 59983832, 1, 0, 0
30753, 69630739, 1, 0, 0
30839, 108569670, 1, 0, 0
30933, 151244963, 1, 0, 0
31020, 143032169, 1, 0, 0
31168, 160829214, 1, 0, 0
31252, 134786315, 1, 0, 0
31329, 153013000, 1, 0, 0
31404, 108853648, 1, 0, 0
31506, 64885963, 1, 0, 0
31601, 65569006, 1, 0, 0
31710, 62640103, 1, 0, 0
31826, 54589299, 1, 0, 0
31900, 57400687, 1, 0, 0
32006, 55690405, 1, 0, 0
32115, 64968687, 1, 0, 0
32215, 59649085, 1, 0, 0
32308, 58764903, 1, 0, 0
32405, 57121112, 1, 0, 0
32511, 56629067, 1, 0, 0
32612, 67996939, 1, 0, 0
32717, 64565297, 1, 0, 0
32804, 101520521, 1, 0, 0
32975, 157487251, 1, 0, 0
33047, 159551054, 1, 0, 0
33144, 153460634, 1, 0, 0
33219, 166268447, 1, 0, 0
33307, 146221643, 1, 0, 0
33403, 108197149, 1, 0, 0
33503, 63508513, 1, 0, 0
33600, 59372499, 1, 0, 0
33730, 59967193, 1, 0, 0
33800, 62495505, 1, 0, 0
33912, 62743796, 1, 0, 0
34036, 70516193, 1, 0, 0
34100, 64445593, 1, 0, 0
34222, 57680539, 1, 0, 0
34300, 54127679, 1, 0, 0
34400, 63755828, 1, 0, 0
34525, 58712261, 1, 0, 0
34623, 51269926, 1, 0, 0
34726, 67383756, 1, 0, 0
34887, 95867726, 1, 0, 0
34959, 159578224, 1, 0, 0
35050, 100828080, 1, 0, 0
35129, 160233071, 1, 0, 0
35200, 115371179, 1, 0, 0
35318, 56304341, 1, 0, 0
35415, 46956576, 1, 0, 0
35515, 60954567, 1, 0, 0
35614, 59218347, 1, 0, 0
35722, 58597114, 1, 0, 0
35819, 68287461, 1, 0, 0
35916, 62953337, 1, 0, 0
36025, 48689183, 1, 0, 0
36131, 60958349, 1, 0, 0
36234, 59065271, 1, 0, 0
36301, 65826018, 1, 0, 0
36424, 62364334, 1, 0, 0
36527, 61261489, 1, 0, 0
36624, 63812895, 1, 0, 0
36737, 57236426, 1, 0, 0
36808, 82063699, 1, 0, 0
36968, 121939421, 1, 0, 0
37051, 157933258, 1, 0, 0
37122, 129875654, 1, 0, 0
37201, 133416862, 1, 0, 0
37345, 127511771, 1, 0, 0
37401, 137696610, 1, 0, 0
37529, 94163639, 1, 0, 0
37627, 61952209, 1, 0, 0
37718, 59198668, 1, 0, 0
37805, 53241093, 1, 0, 0
37916, 53927430, 1, 0, 0
38023, 59425712, 1, 0, 0
38105, 66954104, 1, 0, 0
38204, 54818432, 1, 0, 0
38302, 62805152, 1, 0, 0
38430, 73794028, 1, 0, 0
38533, 75027512, 1, 0, 0
38632, 61547500, 1, 0, 0
38726, 65320500, 1, 0, 0
38877, 97409194, 1, 0, 0
38949, 150869122, 1, 0, 0
39034, 147292624, 1, 0, 0
39105, 155157771, 1, 0, 0
39245, 149245647, 1, 0, 0
39334, 138096229, 1, 0, 0
39405, 148410511, 1, 0, 0
39501, 101219676, 1, 0, 0
39612, 64595264, 1, 0, 0
39703, 51577531, 1, 0, 0
39804, 54721520, 1, 0, 0
39910, 60280278, 1, 0, 0
40004, 63730542, 1, 0, 0
40109, 63736924, 1, 0, 0
40214, 62717523, 1, 0, 0
40319, 59775365, 1, 0, 0
40424, 65448447, 1, 0, 0
40509, 73602040, 1, 0, 0
40616, 51965401, 1, 0, 0
40718, 62481334, 1, 0, 0
40810, 70293648, 1, 0, 0
40908, 51170888, 1, 0, 0
41008, 47905614, 1, 0, 0
41131, 59307652, 1, 0, 0
41219, 58811953, 1, 0, 0
41335, 50670071, 1, 0, 0
41404, 70212017, 1, 0, 0
41520, 50742734, 1, 0, 0
41625, 73578301, 1, 0, 0
41722, 49144946, 1, 0, 0
41816, 69317061, 1, 0, 0
41902, 46772010, 1, 0, 0
42009, 59015487, 1, 0, 0
42109, 60817085, 1, 0, 0
42205, 56613316, 1, 0, 0
42312, 67016565, 1, 0, 0
42427, 65745520, 1, 0, 0
42507, 67215559, 1, 0, 0
42611, 71287324, 1, 0, 0
42703, 64923266, 1, 0, 0
42805, 54361498, 1, 0, 0
42916, 60102378, 1, 0, 0
43054, 106725306, 1, 0, 0
43138, 122402254, 1, 0, 0
43221, 153190886, 1, 0, 0
43396, 137150394, 1, 0, 0
43481, 172920973, 1, 0, 0
43522, 173320417, 1, 0, 0
43601, 84555979, 1, 0, 0
43721, 60448171, 1, 0, 0
43819, 63108317, 1, 0, 0
43919, 58969547, 1, 0, 0
44009, 61284909, 1, 0, 0
44113, 58949684, 1, 0, 0
44217, 61578416, 1, 0, 0
44314, 63237979, 1, 0, 0
44417, 66123132, 1, 0, 0
44525, 67260987, 1, 0, 0
44600, 54344853, 1, 0, 0
44715, 51403456, 1, 0, 0
44814, 48311224, 1, 0, 0
44948, 66404156, 1, 0, 0
45042, 121914277, 1, 0, 0
45151, 133104369, 1, 0, 0
45224, 129746088, 1, 0, 0
45305, 153749394, 1, 0, 0
45470, 149725299, 1, 0, 0
45539, 162623027, 1, 0, 0
45626, 131692774, 1, 0, 0
45721, 58607890, 1, 0, 0
45830, 63350850, 1, 0, 0
45904, 66498918, 1, 0, 0
46019, 77779144, 1, 0, 0
46104, 60854731, 1, 0, 0
46229, 55596218, 1, 0, 0
46328, 60949421, 1, 0, 0
46420, 62319491, 1, 0, 0
46513, 59529981, 1, 0, 0
46616, 61206751, 1, 0, 0
46709, 58104496, 1, 0, 0
46815, 58698390, 1, 0, 0
46906, 74450619, 1, 0, 0
47079, 124479148, 1, 0, 0
47159, 156203378, 1, 0, 0
47232, 164776128, 1, 0, 0
47308, 123566920, 1, 0, 0
47474, 149221544, 1, 0, 0
47537, 146941714, 1, 0, 0
47602, 108997428, 1, 0, 0
47727, 60743560, 1, 0, 0
47827, 46723812, 1, 0, 0
47905, 77301975, 1, 0, 0
48011, 57391568, 1, 0, 0
48110, 58078838, 1, 0, 0
48212, 54216139, 1, 0, 0
48308, 46678316, 1, 0, 0
48402, 63054462, 1, 0, 0
48501, 58426332, 1, 0, 0
48631, 53221705, 1, 0, 0
48700, 56665851, 1, 0, 0
48814, 63218667, 1, 0, 0
48996, 90242250, 1, 0, 0
49082, 163212961, 1, 0, 0
49159, 142231411, 1, 0, 0
49236, 84386578, 1, 0, 0
49311, 150538833, 1, 0, 0
49475, 141447373, 1, 0, 0
49509, 130080242, 1, 0, 0
49605, 68559680, 1, 0, 0
49700, 58797813, 1, 0, 0
49805, 56377262, 1, 0, 0
49904, 53142411, 1, 0, 0
50012, 63415609, 1, 0, 0
50112, 52982529, 1, 0, 0
50211, 64746463, 1, 0, 0
50306, 57253111, 1, 0, 0
50415, 52238120, 1, 0, 0
50523, 53858488, 1, 0, 0
50611, 48396466, 1, 0, 0
50709, 59478684, 1, 0, 0
50837, 56834643, 1, 0, 0
50900, 96877402, 1, 0, 0
51076, 132397317, 1, 0, 0
51149, 157128692, 1, 0, 0
51224, 155827362, 1, 0, 0
51300, 146815083, 1, 0, 0
51459, 87114210, 1, 0, 0
51516, 158764808, 1, 0, 0
51609, 87293858, 1, 0, 0
51720, 49389496, 1, 0, 0
51808, 63597508, 1, 0, 0
51924, 45721398, 1, 0, 0
52000, 67803668, 1, 0, 0
52127, 66453652, 1, 0, 0
52203, 68141565, 1, 0, 0
52331, 60450623, 1, 0, 0
52400, 66593352, 1, 0, 0
52516, 73585290, 1, 0, 0
52622, 66046483, 1, 0, 0
52724, 65109810, 1, 0, 0
52829, 60304454, 1, 0, 0
52901, 74724229, 1, 0, 0
53046, 130793505, 1, 0, 0
53133, 128073340, 1, 0, 0
53234, 159946079, 1, 0, 0
53307, 143285134, 1, 0, 0
53469, 146978962, 1, 0, 0
53534, 89561640, 1, 0, 0
53609, 118682329, 1, 0, 0
53713, 77805619, 1, 0, 0
53807, 56383787, 1, 0, 0
53905, 60256742, 1, 0, 0
54009, 65437822, 1, 0, 0
54105, 59091219, 1, 0, 0
54202, 64851219, 1, 0, 0
54309, 47412388, 1, 0, 0
54409, 59580138, 1, 0, 0
54502, 60418493, 1, 0, 0
54623, 74519030, 1, 0, 0
54707, 61813631, 1, 0, 0
54805, 54405791, 1, 0, 0
54912, 70891325, 1, 0, 0
55071, 128037528, 1, 0, 0
55149, 129472764, 1, 0, 0
55231, 151040393, 1, 0, 0
55319, 156809485, 1, 0, 0
55490, 147249850, 1, 0, 0
55524, 158368071, 1, 0, 0
55600, 89772087, 1, 0, 0
55707, 62212545, 1, 0, 0
55816, 54719988, 1, 0, 0
55917, 55828314, 1, 0, 0
56016, 56518885, 1, 0, 0
56128, 58494709, 1, 0, 0
56218, 62166016, 1, 0, 0
56320, 53467738, 1, 0, 0
56431, 63794823, 1, 0, 0
56502, 66367996, 1, 0, 0
56633, 53478458, 1, 0, 0
56724, 58190134, 1, 0, 0
56829, 67473377, 1, 0, 0
56962, 63041451, 1, 0, 0
57048, 89477360, 1, 0, 0
57123, 152647808, 1, 0, 0
57210, 155348713, 1, 0, 0
57378, 160295333, 1, 0, 0
57456, 159400578, 1, 0, 0
57535, 155404945, 1, 0, 0
57627, 100658737, 1, 0, 0
57704, 57085765, 1, 0, 0
57800, 55992922, 1, 0, 0
57900, 61939655, 1, 0, 0
58000, 62441005, 1, 0, 0
58121, 69766130, 1, 0, 0
58230, 62547403, 1, 0, 0
58300, 71750680, 1, 0, 0
58403, 67920165, 1, 0, 0
58528, 61013390, 1, 0, 0
58623, 57035140, 1, 0, 0
58717, 54386457, 1, 0, 0
58818, 64403838, 1, 0, 0
58921, 60207253, 1, 0, 0
59068, 108432566, 1, 0, 0
59155, 125576134, 1, 0, 0
59240, 158729899, 1, 0, 0
59319, 148230067, 1, 0, 0
59406, 163927708, 1, 0, 0
59533, 151967843, 1, 0, 0
59618, 90943254, 1, 0, 0
59713, 70335939, 1, 0, 0
59807, 54588433, 1, 0, 0
59911, 53999256, 1, 0, 0
60006, 51104187, 1, 0, 0
60105, 62693714, 1, 0, 0
60201, 52113278, 1, 0, 0
60302, 60272247, 1, 0, 0
60406, 51724113, 1, 0, 0
60510, 61831076, 1, 0, 0
60605, 63587349, 1, 0, 0
60705, 62696186, 1, 0, 0
60808, 58269748, 1, 0, 0
60923, 60974196, 1, 0, 0
61000, 99076493, 1, 0, 0
61159, 134450440, 1, 0, 0
61233, 158899652, 1, 0, 0
61331, 157059531, 1, 0, 0
61402, 146311435, 1, 0, 0
61524, 124423837, 1, 0, 0
61614, 68431656, 1, 0, 0
61722, 59479343, 1, 0, 0
61822, 53872532, 1, 0, 0
61924, 61775722, 1, 0, 0
62018, 53290157, 1, 0, 0
62117, 53023661, 1, 0, 0
62228, 67012268, 1, 0, 0
62317, 59201727, 1, 0, 0
62415, 60373804, 1, 0, 0
62508, 54121171, 1, 0, 0
62616, 60956904, 1, 0, 0
62708, 57371136, 1, 0, 0
62811, 63404138, 1, 0, 0
62910, 57763993, 1, 0, 0
63062, 130290482, 1, 0, 0
63157, 145242926, 1, 0, 0
63238, 162035978, 1, 0, 0
63300, 164168548, 1, 0, 0
63426, 123725845, 1, 0, 0
63523, 90232262, 1, 0, 0
63624, 67676329, 1, 0, 0
63700, 63318881, 1, 0, 0
63829, 54722105, 1, 0, 0
63926, 66233839, 1, 0, 0
64023, 55888546, 1, 0, 0
64117, 62708474, 1, 0, 0
64210, 58766417, 1, 0, 0
64317, 50378387, 1, 0, 0
64417, 61140644, 1, 0, 0
64523, 58504484, 1, 0, 0
64612, 56170234, 1, 0, 0
64708, 52905703, 1, 0, 0
64804, 53179522, 1, 0, 0
64955, 68114984, 1, 0, 0
65029, 119007926, 1, 0, 0
65117, 145935492, 1, 0, 0
65206, 136025387, 1, 0, 0
65376, 152760481, 1, 0, 0
65454, 155622318, 1, 0, 0
65527, 137691064, 1, 0, 0
65627, 68328239, 1, 0, 0
65728, 54132525, 1, 0, 0
65828, 62445707, 1, 0, 0
65900, 62938803, 1, 0, 0
66022, 68660555, 1, 0, 0
66112, 63061066, 1, 0, 0
66211, 62100598, 1, 0, 0
66301, 57354846, 1, 0, 0
66406, 55940270, 1, 0, 0
66512, 62643955, 1, 0, 0
66608, 67371831, 1, 0, 0
66703, 62193920, 1, 0, 0
66826, 55975021, 1, 0, 0
66924, 61526638, 1, 0, 0
67005, 77673138, 1, 0, 0
67140, 107959438, 1, 0, 0
67215, 129068232, 1, 0, 0
67301, 162451417, 1, 0, 0
67456, 153551940, 1, 0, 0
67539, 152099875, 1, 0, 0
67630, 148545963, 1, 0, 0
67700, 69248104, 1, 0, 0
67822, 56380757, 1, 0, 0
67937, 58277876, 1, 0, 0
68030, 62987952, 1, 0, 0
68105, 56120927, 1, 0, 0
68218, 68487188, 1, 0, 0
68326, 64219339, 1, 0, 0
68404, 70099730, 1, 0, 0
68508, 66032945, 1, 0, 0
68606, 57164789, 1, 0, 0
68702, 50692621, 1, 0, 0
68807, 56238686, 1, 0, 0
68909, 62489346, 1, 0, 0
69068, 66019261, 1, 0, 0
69135, 116871700, 1, 0, 0
69220, 132512141, 1, 0, 0
69387, 124385690, 1, 0, 0
69495, 162943593, 1, 0, 0
69575, 121023311, 1, 0, 0
69617, 184795564, 1, 0, 0
69706, 76828185, 1, 0, 0
69804, 60040058, 1, 0, 0
69902, 64280550, 1, 0, 0
70001, 51576103, 1, 0, 0
70142, 59647334, 1, 0, 0
70209, 69197533, 1, 0, 0
70305, 53351814, 1, 0, 0
70409, 55108313, 1, 0, 0
70506, 58482828, 1, 0, 0
70618, 62210327, 1, 0, 0
70722, 65554337, 1, 0, 0
70827, 64803592, 1, 0, 0
70907, 56293361, 1, 0, 0
71038, 48304137, 1, 0, 0
71111, 95249393, 1, 0, 0
71200, 142220884, 1, 0, 0
71363, 157073841, 1, 0, 0
71448, 118635577, 1, 0, 0
71533, 159392881, 1, 0, 0
71615, 167617462, 1, 0, 0
71717, 109065475, 1, 0, 0
71800, 64454107, 1, 0, 0
71901, 63691876, 1, 0, 0
72000, 60855992, 1, 0, 0
72128, 56255163, 1, 0, 0
72218, 61172172, 1, 0, 0
72320, 60075826, 1, 0, 0
72411, 58746134, 1, 0, 0
72500, 54579531, 1, 0, 0
72614, 55329540, 1, 0, 0
72716, 51033164, 1, 0, 0
72827, 57450349, 1, 0, 0
72922, 62754863, 1, 0, 0
73058, 79912794, 1, 0, 0
73136, 82351664, 1, 0, 0
73216, 135357500, 1, 0, 0
73383, 159194495, 1, 0, 0
73473, 163248541, 1, 0, 0
73549, 162651869, 1, 0, 0
73627, 162225663, 1, 0, 0
73720, 102116195, 1, 0, 0
73817, 62176069, 1, 0, 0
73925, 56124444, 1, 0, 0
74024, 49768254, 1, 0, 0
74125, 51779555, 1, 0, 0
74236, 60936939, 1, 0, 0
74300, 63136052, 1, 0, 0
74411, 54380070, 1, 0, 0
74527, 69860752, 1, 0, 0
74623, 68361655, 1, 0, 0
74733, 50232637, 1, 0, 0
74800, 66940915, 1, 0, 0
74931, 55271400, 1, 0, 0
75001, 78928956, 1, 0, 0
75132, 86990911, 1, 0, 0
75208, 103560786, 1, 0, 0
75379, 141277552, 1, 0, 0
75455, 168359882, 1, 0, 0
75541, 162122272, 1, 0, 0
75618, 154375048, 1, 0, 0
75715, 105500060, 1, 0, 0
75825, 64460994, 1, 0, 0
75912, 55398519, 1, 0, 0
76018, 58258634, 1, 0, 0
76103, 52867958, 1, 0, 0
76206, 62002189, 1, 0, 0
76304, 62695180, 1, 0, 0
76414, 66130205, 1, 0, 0
76504, 61714873, 1, 0, 0
76603, 53558105, 1, 0, 0
76733, 60856856, 1, 0, 0
76803, 62510986, 1, 0, 0
76925, 62014036, 1, 0, 0
77002, 56715571, 1, 0, 0
77135, 75919769, 1, 0, 0
77219, 123496604, 1, 0, 0
77372, 148934749, 1, 0, 0
77403, 149130083, 1, 0, 0
77505, 68897040, 1, 0, 0
77603, 61979696, 1, 0, 0
77707, 66266360, 1, 0, 0
77809, 61233296, 1, 0, 0
77914, 59652302, 1, 0, 0
78012, 63255475, 1, 0, 0
78123, 59510156, 1, 0, 0
78226, 50119062, 1, 0, 0
78300, 65687069, 1, 0, 0
78405, 56211730, 1, 0, 0
78516, 60429717, 1, 0, 0
78615, 59860863, 1, 0, 0
78719, 62617989, 1, 0, 0
78810, 49797785, 1, 0, 0
78907, 54711404, 1, 0, 0
79006, 58296748, 1, 0, 0
79111, 69558123, 1, 0, 0
79234, 66601374, 1, 0, 0
79314, 121157252, 1, 0, 0
79466, 151593715, 1, 0, 0
79546, 144727102, 1, 0, 0
79638, 153861013, 1, 0, 0
79706, 170851752, 1, 0, 0
79816, 140163278, 1, 0, 0
79924, 71675986, 1, 0, 0
80020, 67592498, 1, 0, 0
80113, 51942670, 1, 0, 0
80214, 62685059, 1, 0, 0
80317, 66345134, 1, 0, 0
80425, 69232755, 1, 0, 0
80500, 56428837, 1, 0, 0
80630, 65755982, 1, 0, 0
80701, 67140461, 1, 0, 0
80819, 65781890, 1, 0, 0
80911, 67827262, 1, 0, 0
81009, 52407550, 1, 0, 0
81103, 57177455, 1, 0, 0
81200, 57909445, 1, 0, 0
81332, 94540512, 1, 0, 0
81409, 119210121, 1, 0, 0
81583, 157667653, 1, 0, 0
81669, 123994731, 1, 0, 0
81757, 170844607, 1, 0, 0
81815, 134530818, 1, 0, 0
81914, 88422691, 1, 0, 0
82011, 47842166, 1, 0, 0
82117, 56223567, 1, 0, 0
82200, 54180687, 1, 0, 0
82320, 48610694, 1, 0, 0
82430, 69641988, 1, 0, 0
82528, 63180854, 1, 0, 0
82625, 61176658, 1, 0, 0
82710, 55205729, 1, 0, 0
82824, 57217898, 1, 0, 0
82918, 57592850, 1, 0, 0
83036, 55258804, 1, 0, 0
83105, 53434272, 1, 0, 0
83207, 67850554, 1, 0, 0
83353, 75465303, 1, 0, 0
83430, 143855409, 1, 0, 0
83558, 132501022, 1, 0, 0
83638, 123954114, 1, 0, 0
83719, 138512306, 1, 0, 0
83807, 142133230, 1, 0, 0
83904, 52214299, 1, 0, 0
84004, 57956179, 1, 0, 0
84100, 54677228, 1, 0, 0
84200, 62021645, 1, 0, 0
84305, 61261750, 1, 0, 0
84405, 55185790, 1, 0, 0
84506, 64498434, 1, 0, 0
84635, 54567234, 1, 0, 0
84701, 59374756, 1, 0, 0
84823, 60278462, 1, 0, 0
84926, 50419776, 1, 0, 0
85007, 56215286, 1, 0, 0
85108, 55697764, 1, 0, 0
85218, 67994494, 1, 0, 0
85320, 63656748, 1, 0, 0
85443, 71812219, 1, 0, 0
85527, 104523497, 1, 0, 0
85617, 128016977, 1, 0, 0
85782, 170544210, 1, 0, 0
85813, 161641128, 1, 0, 0
85913, 63706789, 1, 0, 0
86025, 66098834, 1, 0, 0
86100, 55873993, 1, 0, 0
86200, 58709991, 1, 0, 0
86301, 60977350, 1, 0, 0
86428, 67202511, 1, 0, 0
86500, 62418665, 1, 0, 0
86625, 63162620, 1, 0, 0
86723, 51980585, 1, 0, 0
86828, 51663427, 1, 0, 0
86907, 53187144, 1, 0, 0
87011, 59291469, 1, 0, 0
87110, 62921431, 1, 0, 0
87218, 57610548, 1, 0, 0
87304, 71214617, 1, 0, 0
87415, 46743868, 1, 0, 0
87569, 103089097, 1, 0, 0
87643, 125005542, 1, 0, 0
87726, 153409710, 1, 0, 0
87810, 154202793, 1, 0, 0
87960, 147344202, 1, 0, 0
88041, 125771792, 1, 0, 0
88109, 131550621, 1, 0, 0
88205, 62184832, 1, 0, 0
88309, 64950678, 1, 0, 0
88402, 56910791, 1, 0, 0
88537, 62276892, 1, 0, 0
88633, 57056466, 1, 0, 0
88702, 60189599, 1, 0, 0
88825, 61817754, 1, 0, 0
88924, 59057605, 1, 0, 0
89027, 54969595, 1, 0, 0
89126, 63158311, 1, 0, 0
89220, 57565086, 1, 0, 0
89316, 55594996, 1, 0, 0
89413, 63594709, 1, 0, 0
89524, 75681158, 1, 0, 0
89618, 111320584, 1, 0, 0
89774, 141908578, 1, 0, 0
89852, 154396636, 1, 0, 0
89952, 118185235, 1, 0, 0
90028, 172343177, 1, 0, 0
90094, 197948023, 1, 0, 0
