101, 20592, 1, 0, 0
228, 37673, 1, 0, 0
314, 25560, 1, 0, 0
425, 22732, 1, 0, 0
508, 22313, 1, 0, 0
648, 24620, 1, 0, 0
719, 20539, 1, 0, 0
808, 22920, 1, 0, 0
964, 23157, 1, 0, 0
1056, 20325, 1, 0, 0
1130, 24083, 1, 0, 0
1219, 16432, 1, 0, 0
1324, 18668, 1, 0, 0
1430, 24173, 1, 0, 0
1500, 26222, 1, 0, 0
1600, 15751, 1, 0, 0
1705, 17883, 1, 0, 0
1810, 21722, 1, 0, 0
1912, 25257, 1, 0, 0
2016, 18130, 1, 0, 0
2102, 21027, 1, 0, 0
2220, 15725, 1, 0, 0
2300, 15370, 1, 0, 0
2429, 22362, 1, 0, 0
2530, 18680, 1, 0, 0
2670, 24941, 1, 0, 0
2760, 20646, 1, 0, 0
2844, 17700, 1, 0, 0
2918, 18575, 1, 0, 0
3005, 22913, 1, 0, 0
3108, 18951, 1, 0, 0
3258, 25368, 1, 0, 0
3327, 18656, 1, 0, 0
3430, 24644, 1, 0, 0
3518, 18401, 1, 0, 0
3626, 18378, 1, 0, 0
3729, 24974, 1, 0, 0
3804, 21671, 1, 0, 0
3918, 21610, 1, 0, 0
4012, 24889, 1, 0, 0
4113, 25084, 1, 0, 0
4206, 21258, 1, 0, 0
4324, 20587, 1, 0, 0
4401, 21277, 1, 0, 0
4508, 20925, 1, 0, 0
4631, 25439, 1, 0, 0
4705, 24336, 1, 0, 0
4872, 24736, 1, 0, 0
4948, 21939, 1, 0, 0
5038, 22773, 1, 0, 0
5124, 26731, 1, 0, 0
5200, 20854, 1, 0, 0
5312, 22002, 1, 0, 0
5411, 22226, 1, 0, 0
5507, 16007, 1, 0, 0
5606, 19218, 1, 0, 0
5702, 17678, 1, 0, 0
5800, 15954, 1, 0, 0
5903, 23566, 1, 0, 0
6000, 23278, 1, 0, 0
6100, 20703, 1, 0, 0
6217, 20522, 1, 0, 0
6323, 19966, 1, 0, 0
6420, 21833, 1, 0, 0
6511, 22236, 1, 0, 0
6629, 34083, 1, 0, 0
6715, 32837, 1, 0, 0
6884, 24032, 1, 0, 0
6970, 20943, 1, 0, 0
7046, 20810, 1, 0, 0
7148, 22137, 1, 0, 0
7232, 21618, 1, 0, 0
7309, 22075, 1, 0, 0
7401, 13805, 1, 0, 0
7502, 21538, 1, 0, 0
7632, 22959, 1, 0, 0
7708, 19139, 1, 0, 0
7814, 21593, 1, 0, 0
7918, 21989, 1, 0, 0
8015, 17573, 1, 0, 0
8122, 18345, 1, 0, 0
8220, 14017, 1, 0, 0
8340, 17773, 1, 0, 0
8409, 23111, 1, 0, 0
8504, 26620, 1, 0, 0
8618, 25091, 1, 0, 0
8730, 25394, 1, 0, 0
8805, 26467, 1, 0, 0
8971, 24822, 1, 0, 0
9063, 24050, 1, 0, 0
9116, 17590, 1, 0, 0
9208, 20825, 1, 0, 0
9312, 22280, 1, 0, 0
9410, 27384, 1, 0, 0
9502, 22541, 1, 0, 0
9610, 19917, 1, 0, 0
9727, 23654, 1, 0, 0
9809, 22145, 1, 0, 0
9918, 20534, 1, 0, 0
10012, 24146, 1, 0, 0
10112, 23480, 1, 0, 0
10203, 20621, 1, 0, 0
10302, 22608, 1, 0, 0
10404, 18130, 1, 0, 0
10536, 21656, 1, 0, 0
10656, 22105, 1, 0, 0
10743, 22590, 1, 0, 0
10815, 22760, 1, 0, 0
10974, 20533, 1, 0, 0
11051, 25277, 1, 0, 0
11128, 28303, 1, 0, 0
11216, 20446, 1, 0, 0
11303, 26020, 1, 0, 0
11410, 19163, 1, 0, 0
11508, 21329, 1, 0, 0
11623, 24161, 1, 0, 0
11721, 24192, 1, 0, 0
11844, 30454, 1, 0, 0
11902, 16037, 1, 0, 0
12018, 20372, 1, 0, 0
12109, 22756, 1, 0, 0
12203, 21121, 1, 0, 0
12314, 24249, 1, 0, 0
12426, 18520, 1, 0, 0
12500, 16541, 1, 0, 0
12608, 22640, 1, 0, 0
12760, 15593, 1, 0, 0
12846, 15351, 1, 0, 0
12921, 20248, 1, 0, 0
13007, 26729, 1, 0, 0
13170, 21147, 1, 0, 0
13245, 23062, 1, 0, 0
13322, 21052, 1, 0, 0
13417, 22900, 1, 0, 0
13509, 23303, 1, 0, 0
13608, 22175, 1, 0, 0
13711, 21350, 1, 0, 0
13811, 23004, 1, 0, 0
13911, 20006, 1, 0, 0
14000, 21286, 1, 0, 0
14102, 19964, 1, 0, 0
14216, 17701, 1, 0, 0
14306, 18216, 1, 0, 0
14430, 23899, 1, 0, 0
14537, 24157, 1, 0, 0
14617, 22337, 1, 0, 0
14768, 14829, 1, 0, 0
14840, 16609, 1, 0, 0
14917, 14179, 1, 0, 0
15000, 22741, 1, 0, 0
15116, 20627, 1, 0, 0
15209, 24652, 1, 0, 0
15320, 16790, 1, 0, 0
15413, 21470, 1, 0, 0
15516, 20308, 1, 0, 0
15614, 18524, 1, 0, 0
15716, 21766, 1, 0, 0
15805, 21765, 1, 0, 0
15912, 25749, 1, 0, 0
16012, 26231, 1, 0, 0
16113, 19887, 1, 0, 0
16216, 26907, 1, 0, 0
16306, 24493, 1, 0, 0
16409, 18951, 1, 0, 0
16507, 31193, 1, 0, 0
16604, 22927, 1, 0, 0
16720, 21871, 1, 0, 0
16876, 18499, 1, 0, 0
16944, 13854, 1, 0, 0
17032, 15942, 1, 0, 0
17105, 15220, 1, 0, 0
17256, 19925, 1, 0, 0
17322, 20561, 1, 0, 0
17410, 21411, 1, 0, 0
17519, 19189, 1, 0, 0
17614, 17720, 1, 0, 0
17709, 19614, 1, 0, 0
17806, 24587, 1, 0, 0
17903, 22246, 1, 0, 0
18006, 23015, 1, 0, 0
18113, 19646, 1, 0, 0
18214, 22799, 1, 0, 0
18304, 19308, 1, 0, 0
18424, 18904, 1, 0, 0
18527, 28864, 1, 0, 0
18638, 27240, 1, 0, 0
18715, 21951, 1, 0, 0
18802, 22029, 1, 0, 0
18978, 23379, 1, 0, 0
19061, 24323, 1, 0, 0
19151, 22525, 1, 0, 0
19222, 16729, 1, 0, 0
19324, 23339, 1, 0, 0
19424, 23967, 1, 0, 0
19500, 28543, 1, 0, 0
19622, 24190, 1, 0, 0
19722, 23068, 1, 0, 0
19803, 24943, 1, 0, 0
19916, 21872, 1, 0, 0
20023, 25702, 1, 0, 0
20124, 23024, 1, 0, 0
20206, 24195, 1, 0, 0
20301, 17827, 1, 0, 0
20419, 21082, 1, 0, 0
20501, 23500, 1, 0, 0
20600, 20098, 1, 0, 0
20753, 23760, 1, 0, 0
20838, 25556, 1, 0, 0
20920, 23932, 1, 0, 0
21007, 29227, 1, 0, 0
21179, 25496, 1, 0, 0
21264, 28267, 1, 0, 0
21320, 24502, 1, 0, 0
21421, 14950, 1, 0, 0
21516, 17850, 1, 0, 0
21634, 19630, 1, 0, 0
21701, 17017, 1, 0, 0
21800, 19751, 1, 0, 0
21902, 17451, 1, 0, 0
22004, 15100, 1, 0, 0
22118, 17023, 1, 0, 0
22224, 24227, 1, 0, 0
22326, 18454, 1, 0, 0
22431, 21960, 1, 0, 0
22525, 15920, 1, 0, 0
22615, 24776, 1, 0, 0
22736, 15626, 1, 0, 0
22827, 24296, 1, 0, 0
22931, 16186, 1, 0, 0
23018, 20336, 1, 0, 0
23137, 14882, 1, 0, 0
23212, 20602, 1, 0, 0
23308, 19519, 1, 0, 0
23425, 19129, 1, 0, 0
23525, 24809, 1, 0, 0
23624, 19472, 1, 0, 0
23720, 24667, 1, 0, 0
23829, 24489, 1, 0, 0
23926, 22028, 1, 0, 0
24027, 25720, 1, 0, 0
24128, 24063, 1, 0, 0
24205, 21333, 1, 0, 0
24302, 24184, 1, 0, 0
24412, 17537, 1, 0, 0
24505, 15156, 1, 0, 0
24642, 23864, 1, 0, 0
24780, 23339, 1, 0, 0
24864, 23285, 1, 0, 0
24938, 28401, 1, 0, 0
25026, 30527, 1, 0, 0
25114, 30894, 1, 0, 0
25271, 16792, 1, 0, 0
25317, 17195, 1, 0, 0
25409, 20326, 1, 0, 0
25501, 24284, 1, 0, 0
25601, 19188, 1, 0, 0
25725, 20756, 1, 0, 0
25826, 22940, 1, 0, 0
25916, 22783, 1, 0, 0
26009, 17340, 1, 0, 0
26134, 22457, 1, 0, 0
26215, 20442, 1, 0, 0
26329, 21228, 1, 0, 0
26409, 16687, 1, 0, 0
26502, 14462, 1, 0, 0
26601, 19261, 1, 0, 0
26731, 21650, 1, 0, 0
26803, 23440, 1, 0, 0
26964, 23641, 1, 0, 0
27039, 25467, 1, 0, 0
27111, 16350, 1, 0, 0
27211, 15847, 1, 0, 0
27344, 16342, 1, 0, 0
27405, 20963, 1, 0, 0
27500, 19720, 1, 0, 0
27611, 20960, 1, 0, 0
27715, 23621, 1, 0, 0
27808, 20432, 1, 0, 0
27900, 21330, 1, 0, 0
28017, 20372, 1, 0, 0
28108, 25890, 1, 0, 0
28207, 17502, 1, 0, 0
28314, 21768, 1, 0, 0
28406, 17120, 1, 0, 0
28507, 20922, 1, 0, 0
28606, 20252, 1, 0, 0
28755, 22965, 1, 0, 0
28839, 14722, 1, 0, 0
28909, 20913, 1, 0, 0
29000, 17327, 1, 0, 0
29169, 20253, 1, 0, 0
29235, 21716, 1, 0, 0
29314, 25236, 1, 0, 0
29416, 19127, 1, 0, 0
29513, 17843, 1, 0, 0
29611, 23026, 1, 0, 0
29700, 19590, 1, 0, 0
29831, 23433, 1, 0, 0
29900, 22014, 1, 0, 0
30026, 23682, 1, 0, 0
30124, 25331, 1, 0, 0
30232, 22546, 1, 0, 0
30333, 19322, 1, 0, 0
30403, 22396, 1, 0, 0
30501, 21440, 1, 0, 0
30654, 21521, 1, 0, 0
30721, 17162, 1, 0, 0
30807, 20151, 1, 0, 0
30900, 25505, 1, 0, 0
31065, 20086, 1, 0, 0
31136, 17024, 1, 0, 0
31219, 20595, 1, 0, 0
31328, 31087, 1, 0, 0
31401, 15247, 1, 0, 0
31504, 16114, 1, 0, 0
31615, 19005, 1, 0, 0
31722, 20873, 1, 0, 0
31830, 16263, 1, 0, 0
31904, 14899, 1, 0, 0
32008, 18672, 1, 0, 0
32115, 17315, 1, 0, 0
32201, 18467, 1, 0, 0
32311, 17631, 1, 0, 0
32412, 16728, 1, 0, 0
32514, 16647, 1, 0, 0
32623, 25257, 1, 0, 0
32772, 18974, 1, 0, 0
32859, 17066, 1, 0, 0
32944, 20057, 1, 0, 0
33015, 21438, 1, 0, 0
33111, 24041, 1, 0, 0
33276, 23170, 1, 0, 0
33308, 21665, 1, 0, 0
33400, 20118, 1, 0, 0
33505, 16139, 1, 0, 0
33632, 16739, 1, 0, 0
33700, 24633, 1, 0, 0
33839, 19739, 1, 0, 0
33927, 15898, 1, 0, 0
34029, 14855, 1, 0, 0
34101, 14094, 1, 0, 0
34200, 15788, 1, 0, 0
34300, 17084, 1, 0, 0
34430, 22394, 1, 0, 0
34524, 15661, 1, 0, 0
34643, 17418, 1, 0, 0
34767, 19700, 1, 0, 0
34855, 29473, 1, 0, 0
34927, 15775, 1, 0, 0
35018, 18249, 1, 0, 0
35126, 15467, 1, 0, 0
35219, 19608, 1, 0, 0
35318, 26367, 1, 0, 0
35413, 15970, 1, 0, 0
35513, 16173, 1, 0, 0
35616, 16449, 1, 0, 0
35729, 19745, 1, 0, 0
35825, 23449, 1, 0, 0
35926, 18446, 1, 0, 0
36000, 21202, 1, 0, 0
36100, 17019, 1, 0, 0
36202, 19848, 1, 0, 0
36301, 24396, 1, 0, 0
36424, 17248, 1, 0, 0
36529, 19956, 1, 0, 0
36623, 21042, 1, 0, 0
36706, 18848, 1, 0, 0
36856, 17098, 1, 0, 0
36935, 17775, 1, 0, 0
37019, 22543, 1, 0, 0
37170, 18946, 1, 0, 0
37240, 19435, 1, 0, 0
37313, 17049, 1, 0, 0
37427, 25026, 1, 0, 0
37535, 16900, 1, 0, 0
37629, 18627, 1, 0, 0
37718, 22100, 1, 0, 0
37816, 23081, 1, 0, 0
37915, 19954, 1, 0, 0
38021, 17880, 1, 0, 0
38106, 17528, 1, 0, 0
38206, 24466, 1, 0, 0
38307, 18438, 1, 0, 0
38437, 19289, 1, 0, 0
38501, 20759, 1, 0, 0
38600, 20571, 1, 0, 0
38722, 22316, 1, 0, 0
38876, 24300, 1, 0, 0
38947, 28647, 1, 0, 0
39028, 21867, 1, 0, 0
39104, 21832, 1, 0, 0
39256, 21847, 1, 0, 0
39330, 20632, 1, 0, 0
39436, 20756, 1, 0, 0
39508, 17324, 1, 0, 0
39609, 16535, 1, 0, 0
39710, 17426, 1, 0, 0
39806, 16518, 1, 0, 0
39905, 18333, 1, 0, 0
40009, 17377, 1, 0, 0
40117, 21240, 1, 0, 0
40218, 16960, 1, 0, 0
40319, 20147, 1, 0, 0
40400, 20341, 1, 0, 0
40513, 19278, 1, 0, 0
40626, 19714, 1, 0, 0
40701, 18911, 1, 0, 0
40809, 16616, 1, 0, 0
40907, 21981, 1, 0, 0
41003, 22292, 1, 0, 0
41100, 17266, 1, 0, 0
41232, 19460, 1, 0, 0
41310, 21724, 1, 0, 0
41401, 20520, 1, 0, 0
41529, 21424, 1, 0, 0
41606, 23168, 1, 0, 0
41726, 19719, 1, 0, 0
41800, 20428, 1, 0, 0
41906, 18969, 1, 0, 0
42012, 16033, 1, 0, 0
42109, 19703, 1, 0, 0
42219, 19966, 1, 0, 0
42328, 17406, 1, 0, 0
42431, 21981, 1, 0, 0
42507, 20312, 1, 0, 0
42606, 18542, 1, 0, 0
42700, 18895, 1, 0, 0
42802, 18428, 1, 0, 0
42951, 16791, 1, 0, 0
43022, 22546, 1, 0, 0
43106, 26579, 1, 0, 0
43266, 18581, 1, 0, 0
43336, 16408, 1, 0, 0
43449, 17689, 1, 0, 0
43518, 24051, 1, 0, 0
43629, 22162, 1, 0, 0
43722, 22903, 1, 0, 0
43817, 19698, 1, 0, 0
43915, 14553, 1, 0, 0
44011, 21547, 1, 0, 0
44115, 17986, 1, 0, 0
44220, 14565, 1, 0, 0
44321, 23644, 1, 0, 0
44418, 19311, 1, 0, 0
44502, 22098, 1, 0, 0
44609, 18568, 1, 0, 0
44717, 14986, 1, 0, 0
44817, 18206, 1, 0, 0
44916, 16587, 1, 0, 0
45035, 19474, 1, 0, 0
45118, 25247, 1, 0, 0
45273, 23492, 1, 0, 0
45356, 21821, 1, 0, 0
45438, 16204, 1, 0, 0
45506, 21307, 1, 0, 0
45629, 16386, 1, 0, 0
45715, 16114, 1, 0, 0
45838, 17235, 1, 0, 0
45918, 16186, 1, 0, 0
46033, 16317, 1, 0, 0
46104, 16711, 1, 0, 0
46228, 14955, 1, 0, 0
46326, 18078, 1, 0, 0
46423, 18946, 1, 0, 0
46513, 19171, 1, 0, 0
46612, 15229, 1, 0, 0
46704, 19993, 1, 0, 0
46823, 14885, 1, 0, 0
46960, 16567, 1, 0, 0
47047, 16268, 1, 0, 0
47127, 15554, 1, 0, 0
47200, 16510, 1, 0, 0
47360, 23518, 1, 0, 0
47442, 19146, 1, 0, 0
47503, 16558, 1, 0, 0
47601, 19773, 1, 0, 0
47730, 16247, 1, 0, 0
47822, 15967, 1, 0, 0
47913, 17327, 1, 0, 0
48011, 18022, 1, 0, 0
48114, 23454, 1, 0, 0
48215, 22198, 1, 0, 0
48309, 18472, 1, 0, 0
48400, 19978, 1, 0, 0
48501, 15452, 1, 0, 0
48631, 15635, 1, 0, 0
48701, 16673, 1, 0, 0
48854, 20812, 1, 0, 0
48964, 18149, 1, 0, 0
49050, 25785, 1, 0, 0
49127, 23187, 1, 0, 0
49204, 19503, 1, 0, 0
49362, 20270, 1, 0, 0
49444, 23553, 1, 0, 0
49512, 16791, 1, 0, 0
49605, 19277, 1, 0, 0
49704, 18324, 1, 0, 0
49803, 21480, 1, 0, 0
49913, 17298, 1, 0, 0
50006, 23687, 1, 0, 0
50109, 17445, 1, 0, 0
50201, 16933, 1, 0, 0
50301, 16083, 1, 0, 0
50421, 15520, 1, 0, 0
50518, 24571, 1, 0, 0
50617, 18652, 1, 0, 0
50707, 16819, 1, 0, 0
50806, 18604, 1, 0, 0
50956, 15199, 1, 0, 0
51044, 15263, 1, 0, 0
51117, 15349, 1, 0, 0
51265, 23215, 1, 0, 0
51343, 15569, 1, 0, 0
51427, 15164, 1, 0, 0
51521, 26357, 1, 0, 0
51625, 20188, 1, 0, 0
51720, 19622, 1, 0, 0
51822, 16090, 1, 0, 0
51929, 15945, 1, 0, 0
52035, 20916, 1, 0, 0
52104, 21438, 1, 0, 0
52200, 17655, 1, 0, 0
52300, 17893, 1, 0, 0
52404, 19358, 1, 0, 0
52519, 21992, 1, 0, 0
52623, 19981, 1, 0, 0
52722, 17691, 1, 0, 0
52801, 19889, 1, 0, 0
52940, 15568, 1, 0, 0
53014, 15818, 1, 0, 0
53101, 16634, 1, 0, 0
53201, 22920, 1, 0, 0
53322, 16825, 1, 0, 0
53409, 12097, 1, 0, 0
53510, 11547, 1, 0, 0
53609, 18049, 1, 0, 0
53710, 13643, 1, 0, 0
53806, 18810, 1, 0, 0
53908, 16337, 1, 0, 0
54010, 18924, 1, 0, 0
54100, 24113, 1, 0, 0
54213, 18136, 1, 0, 0
54313, 16478, 1, 0, 0
54407, 19976, 1, 0, 0
54518, 22058, 1, 0, 0
54620, 15996, 1, 0, 0
54708, 18750, 1, 0, 0
54803, 18507, 1, 0, 0
54933, 20012, 1, 0, 0
55011, 14703, 1, 0, 0
55172, 17030, 1, 0, 0
55257, 15150, 1, 0, 0
55333, 14729, 1, 0, 0
55430, 15727, 1, 0, 0
55521, 14536, 1, 0, 0
55609, 21248, 1, 0, 0
55704, 20914, 1, 0, 0
55809, 20132, 1, 0, 0
55920, 14971, 1, 0, 0
56014, 15909, 1, 0, 0
56127, 16284, 1, 0, 0
56224, 22172, 1, 0, 0
56325, 29907, 1, 0, 0
56400, 23313, 1, 0, 0
56500, 27264, 1, 0, 0
56602, 21163, 1, 0, 0
56737, 16729, 1, 0, 0
56805, 19182, 1, 0, 0
56930, 17941, 1, 0, 0
57015, 20505, 1, 0, 0
57178, 22493, 1, 0, 0
57264, 18669, 1, 0, 0
57348, 17578, 1, 0, 0
57424, 17629, 1, 0, 0
57501, 22165, 1, 0, 0
57606, 22674, 1, 0, 0
57703, 15461, 1, 0, 0
57833, 16411, 1, 0, 0
57901, 16263, 1, 0, 0
58015, 20104, 1, 0, 0
58126, 23073, 1, 0, 0
58223, 15707, 1, 0, 0
58303, 18719, 1, 0, 0
58402, 15706, 1, 0, 0
58501, 20771, 1, 0, 0
58623, 17470, 1, 0, 0
58719, 15879, 1, 0, 0
58821, 16824, 1, 0, 0
58962, 17706, 1, 0, 0
59037, 16801, 1, 0, 0
59124, 17778, 1, 0, 0
59208, 16412, 1, 0, 0
59374, 17397, 1, 0, 0
59463, 24656, 1, 0, 0
59501, 19340, 1, 0, 0
59620, 16698, 1, 0, 0
59712, 19749, 1, 0, 0
59817, 17539, 1, 0, 0
59908, 20302, 1, 0, 0
60002, 20346, 1, 0, 0
60102, 16692, 1, 0, 0
60211, 19498, 1, 0, 0
60304, 19480, 1, 0, 0
60409, 21178, 1, 0, 0
60506, 19479, 1, 0, 0
60602, 16547, 1, 0, 0
60703, 17290, 1, 0, 0
60812, 14094, 1, 0, 0
60914, 19026, 1, 0, 0
61070, 19918, 1, 0, 0
61156, 14088, 1, 0, 0
61232, 16195, 1, 0, 0
61328, 14051, 1, 0, 0
61484, 17954, 1, 0, 0
61522, 14499, 1, 0, 0
61612, 16523, 1, 0, 0
61721, 15621, 1, 0, 0
61826, 21748, 1, 0, 0
61923, 20965, 1, 0, 0
62018, 23501, 1, 0, 0
62125, 17904, 1, 0, 0
62223, 18770, 1, 0, 0
62312, 19126, 1, 0, 0
62415, 17065, 1, 0, 0
62510, 16183, 1, 0, 0
62612, 15305, 1, 0, 0
62706, 17375, 1, 0, 0
62808, 21185, 1, 0, 0
62961, 27468, 1, 0, 0
63029, 19298, 1, 0, 0
63101, 21870, 1, 0, 0
63206, 26784, 1, 0, 0
63332, 18615, 1, 0, 0
63424, 18244, 1, 0, 0
63522, 16900, 1, 0, 0
63630, 19147, 1, 0, 0
63702, 22693, 1, 0, 0
63836, 20720, 1, 0, 0
63927, 18834, 1, 0, 0
64024, 19746, 1, 0, 0
64121, 17832, 1, 0, 0
64220, 21843, 1, 0, 0
64319, 22668, 1, 0, 0
64416, 22984, 1, 0, 0
64520, 17186, 1, 0, 0
64612, 18640, 1, 0, 0
64707, 14502, 1, 0, 0
64806, 20138, 1, 0, 0
64924, 14723, 1, 0, 0
65086, 17782, 1, 0, 0
65174, 20206, 1, 0, 0
65260, 22563, 1, 0, 0
65344, 20921, 1, 0, 0
65422, 17525, 1, 0, 0
65526, 20342, 1, 0, 0
65622, 17132, 1, 0, 0
65728, 15395, 1, 0, 0
65823, 15159, 1, 0, 0
65915, 18475, 1, 0, 0
66019, 21666, 1, 0, 0
66110, 20569, 1, 0, 0
66205, 25959, 1, 0, 0
66308, 16497, 1, 0, 0
66401, 18244, 1, 0, 0
66502, 19998, 1, 0, 0
66611, 18117, 1, 0, 0
66701, 16405, 1, 0, 0
66801, 14860, 1, 0, 0
66912, 15271, 1, 0, 0
67062, 14812, 1, 0, 0
67136, 14837, 1, 0, 0
67217, 14584, 1, 0, 0
67378, 16752, 1, 0, 0
67464, 16110, 1, 0, 0
67536, 14103, 1, 0, 0
67600, 20617, 1, 0, 0
67700, 16493, 1, 0, 0
67822, 15070, 1, 0, 0
67925, 14289, 1, 0, 0
68000, 13877, 1, 0, 0
68105, 20933, 1, 0, 0
68218, 21131, 1, 0, 0
68304, 20869, 1, 0, 0
68408, 17254, 1, 0, 0
68508, 13481, 1, 0, 0
68610, 22488, 1, 0, 0
68708, 21945, 1, 0, 0
68807, 21099, 1, 0, 0
68905, 18314, 1, 0, 0
69036, 16688, 1, 0, 0
69104, 17264, 1, 0, 0
69264, 19115, 1, 0, 0
69355, 19178, 1, 0, 0
69462, 16666, 1, 0, 0
69542, 15404, 1, 0, 0
69615, 16643, 1, 0, 0
69704, 18275, 1, 0, 0
69806, 21714, 1, 0, 0
69905, 17209, 1, 0, 0
70006, 16452, 1, 0, 0
70109, 16063, 1, 0, 0
70212, 16413, 1, 0, 0
70309, 22763, 1, 0, 0
70407, 20721, 1, 0, 0
70513, 15105, 1, 0, 0
70613, 16134, 1, 0, 0
70725, 18985, 1, 0, 0
70817, 16858, 1, 0, 0
70903, 19463, 1, 0, 0
71005, 19468, 1, 0, 0
71168, 22495, 1, 0, 0
71253, 22759, 1, 0, 0
71332, 16919, 1, 0, 0
71416, 17495, 1, 0, 0
71501, 24734, 1, 0, 0
71622, 17318, 1, 0, 0
71727, 16391, 1, 0, 0
71805, 19425, 1, 0, 0
71900, 20661, 1, 0, 0
72002, 18339, 1, 0, 0
72127, 22155, 1, 0, 0
72218, 22267, 1, 0, 0
72323, 23781, 1, 0, 0
72409, 18176, 1, 0, 0
72500, 15276, 1, 0, 0
72622, 21176, 1, 0, 0
72726, 23522, 1, 0, 0
72828, 22833, 1, 0, 0
72908, 19446, 1, 0, 0
73026, 17672, 1, 0, 0
73145, 13595, 1, 0, 0
73229, 16178, 1, 0, 0
73322, 14126, 1, 0, 0
73486, 13370, 1, 0, 0
73562, 20546, 1, 0, 0
73612, 18506, 1, 0, 0
73721, 19390, 1, 0, 0
73817, 20102, 1, 0, 0
73921, 15723, 1, 0, 0
74023, 18445, 1, 0, 0
74127, 14560, 1, 0, 0
74204, 22809, 1, 0, 0
74303, 18837, 1, 0, 0
74428, 15431, 1, 0, 0
74531, 18156, 1, 0, 0
74629, 21511, 1, 0, 0
74701, 18757, 1, 0, 0
74826, 17573, 1, 0, 0
74900, 21984, 1, 0, 0
75060, 24430, 1, 0, 0
75132, 16605, 1, 0, 0
75215, 16000, 1, 0, 0
75377, 15511, 1, 0, 0
75463, 16473, 1, 0, 0
75539, 15800, 1, 0, 0
75618, 19697, 1, 0, 0
75721, 18292, 1, 0, 0
75821, 25355, 1, 0, 0
75924, 19988, 1, 0, 0
76015, 20070, 1, 0, 0
76109, 18438, 1, 0, 0
76207, 20796, 1, 0, 0
76313, 19163, 1, 0, 0
76410, 17531, 1, 0, 0
76503, 18556, 1, 0, 0
76606, 17445, 1, 0, 0
76701, 18871, 1, 0, 0
76800, 15933, 1, 0, 0
76902, 17866, 1, 0, 0
77030, 14525, 1, 0, 0
77103, 15273, 1, 0, 0
77258, 17205, 1, 0, 0
77339, 16398, 1, 0, 0
77404, 16208, 1, 0, 0
77503, 23356, 1, 0, 0
77609, 15937, 1, 0, 0
77711, 17326, 1, 0, 0
77807, 15945, 1, 0, 0
77911, 17574, 1, 0, 0
78013, 19019, 1, 0, 0
78124, 14068, 1, 0, 0
78230, 17065, 1, 0, 0
78301, 15486, 1, 0, 0
78400, 23016, 1, 0, 0
78514, 19183, 1, 0, 0
78627, 18583, 1, 0, 0
78716, 18255, 1, 0, 0
78812, 16676, 1, 0, 0
78906, 14642, 1, 0, 0
79008, 16419, 1, 0, 0
79133, 14324, 1, 0, 0
79242, 21295, 1, 0, 0
79321, 19776, 1, 0, 0
79473, 17574, 1, 0, 0
79558, 19159, 1, 0, 0
79648, 25587, 1, 0, 0
79714, 21031, 1, 0, 0
79815, 23056, 1, 0, 0
79926, 24125, 1, 0, 0
80015, 22189, 1, 0, 0
80112, 22239, 1, 0, 0
80218, 17407, 1, 0, 0
80324, 20218, 1, 0, 0
80415, 18461, 1, 0, 0
80501, 16946, 1, 0, 0
80603, 23327, 1, 0, 0
80705, 15476, 1, 0, 0
80818, 15037, 1, 0, 0
80909, 17692, 1, 0, 0
81006, 14625, 1, 0, 0
81107, 17960, 1, 0, 0
81219, 14661, 1, 0, 0
81300, 14843, 1, 0, 0
81462, 21103, 1, 0, 0
81551, 22710, 1, 0, 0
81637, 23301, 1, 0, 0
81725, 30983, 1, 0, 0
81816, 30287, 1, 0, 0
81920, 24268, 1, 0, 0
82019, 18595, 1, 0, 0
82126, 17261, 1, 0, 0
82207, 20972, 1, 0, 0
82321, 21048, 1, 0, 0
82428, 16946, 1, 0, 0
82528, 18744, 1, 0, 0
82625, 18423, 1, 0, 0
82717, 15319, 1, 0, 0
82812, 15730, 1, 0, 0
82900, 16886, 1, 0, 0
83005, 20425, 1, 0, 0
83110, 16473, 1, 0, 0
83241, 23550, 1, 0, 0
83322, 24783, 1, 0, 0
83443, 21359, 1, 0, 0
83527, 15808, 1, 0, 0
83607, 22760, 1, 0, 0
83749, 16533, 1, 0, 0
83806, 20621, 1, 0, 0
83902, 22935, 1, 0, 0
84029, 22401, 1, 0, 0
84104, 17025, 1, 0, 0
84200, 18592, 1, 0, 0
84303, 23893, 1, 0, 0
84403, 21419, 1, 0, 0
84505, 14943, 1, 0, 0
84603, 22227, 1, 0, 0
84700, 15769, 1, 0, 0
84826, 20459, 1, 0, 0
84939, 16992, 1, 0, 0
85005, 19588, 1, 0, 0
85113, 19015, 1, 0, 0
85215, 24361, 1, 0, 0
85331, 22122, 1, 0, 0
85410, 21619, 1, 0, 0
85585, 17690, 1, 0, 0
85660, 19525, 1, 0, 0
85750, 23899, 1, 0, 0
85816, 18632, 1, 0, 0
85924, 19578, 1, 0, 0
86032, 19051, 1, 0, 0
86105, 18288, 1, 0, 0
86202, 18965, 1, 0, 0
86311, 20331, 1, 0, 0
86431, 17937, 1, 0, 0
86501, 17730, 1, 0, 0
86600, 19454, 1, 0, 0
86729, 19870, 1, 0, 0
86828, 18191, 1, 0, 0
86909, 20881, 1, 0, 0
87010, 18121, 1, 0, 0
87105, 22214, 1, 0, 0
87228, 15467, 1, 0, 0
87300, 16440, 1, 0, 0
87433, 20115, 1, 0, 0
87582, 11806, 1, 0, 0
87667, 11081, 1, 0, 0
87750, 10620, 1, 0, 0
87824, 11341, 1, 0, 0
87982, 11184, 1, 0, 0
88015, 11413, 1, 0, 0
88107, 15285, 1, 0, 0
88210, 22702, 1, 0, 0
88301, 18778, 1, 0, 0
88425, 22252, 1, 0, 0
88505, 17601, 1, 0, 0
88608, 19121, 1, 0, 0
88704, 21897, 1, 0, 0
88801, 19736, 1, 0, 0
88925, 19635, 1, 0, 0
89032, 17220, 1, 0, 0
89122, 17009, 1, 0, 0
89218, 16292, 1, 0, 0
89316, 18324, 1, 0, 0
89430, 18104, 1, 0, 0
89558, 17139, 1, 0, 0
89625, 13824, 1, 0, 0
89713, 12049, 1, 0, 0
89880, 12928, 1, 0, 0
89965, 12010, 1, 0, 0
90088, 12068, 1, 0, 0
