100, 16312, 1, 0, 0
212, 13594, 1, 0, 0
306, 14872, 1, 0, 0
408, 14363, 1, 0, 0
507, 13161, 1, 0, 0
602, 18126, 1, 0, 0
705, 13582, 1, 0, 0
802, 11988, 1, 0, 0
912, 11744, 1, 0, 0
1000, 11794, 1, 0, 0
1103, 13216, 1, 0, 0
1209, 13589, 1, 0, 0
1334, 17353, 1, 0, 0
1440, 21208, 1, 0, 0
1540, 14583, 1, 0, 0
1642, 11430, 1, 0, 0
1743, 19573, 1, 0, 0
1800, 16035, 1, 0, 0
1914, 14635, 1, 0, 0
2001, 11898, 1, 0, 0
2113, 12499, 1, 0, 0
2209, 13641, 1, 0, 0
2311, 11944, 1, 0, 0
2413, 15739, 1, 0, 0
2507, 13038, 1, 0, 0
2610, 13480, 1, 0, 0
2707, 12422, 1, 0, 0
2805, 11074, 1, 0, 0
2909, 13276, 1, 0, 0
3004, 21671, 1, 0, 0
3104, 16451, 1, 0, 0
3204, 17252, 1, 0, 0
3317, 18634, 1, 0, 0
3401, 13639, 1, 0, 0
3500, 14035, 1, 0, 0
3614, 12811, 1, 0, 0
3700, 15585, 1, 0, 0
3812, 15904, 1, 0, 0
3908, 13425, 1, 0, 0
4008, 19227, 1, 0, 0
4108, 16719, 1, 0, 0
4202, 13181, 1, 0, 0
4308, 17933, 1, 0, 0
4408, 15922, 1, 0, 0
4502, 17738, 1, 0, 0
4605, 17942, 1, 0, 0
4703, 13660, 1, 0, 0
4814, 13744, 1, 0, 0
4900, 15704, 1, 0, 0
5014, 13143, 1, 0, 0
5117, 13271, 1, 0, 0
5220, 11239, 1, 0, 0
5318, 14721, 1, 0, 0
5417, 14934, 1, 0, 0
5516, 14675, 1, 0, 0
5611, 12137, 1, 0, 0
5707, 13122, 1, 0, 0
5807, 12431, 1, 0, 0
5902, 16406, 1, 0, 0
6005, 13660, 1, 0, 0
6102, 12587, 1, 0, 0
6201, 13816, 1, 0, 0
6302, 17431, 1, 0, 0
6415, 17185, 1, 0, 0
6509, 11582, 1, 0, 0
6611, 12645, 1, 0, 0
6711, 12826, 1, 0, 0
6808, 14589, 1, 0, 0
6912, 14846, 1, 0, 0
7009, 16286, 1, 0, 0
7107, 19221, 1, 0, 0
7207, 15505, 1, 0, 0
7302, 11686, 1, 0, 0
7403, 13249, 1, 0, 0
7502, 13199, 1, 0, 0
7614, 12616, 1, 0, 0
7700, 15263, 1, 0, 0
7812, 14336, 1, 0, 0
7909, 17423, 1, 0, 0
8006, 12299, 1, 0, 0
8107, 12069, 1, 0, 0
8201, 12146, 1, 0, 0
8303, 11852, 1, 0, 0
8401, 11197, 1, 0, 0
8514, 10332, 1, 0, 0
8609, 12439, 1, 0, 0
8710, 14624, 1, 0, 0
8806, 14484, 1, 0, 0
8904, 16494, 1, 0, 0
9047, 12542, 1, 0, 0
9100, 12071, 1, 0, 0
9250, 13392, 1, 0, 0
9348, 13734, 1, 0, 0
9447, 13951, 1, 0, 0
9523, 20455, 1, 0, 0
9628, 18535, 1, 0, 0
9711, 11987, 1, 0, 0
9813, 15049, 1, 0, 0
9913, 13695, 1, 0, 0
10009, 13669, 1, 0, 0
10112, 10854, 1, 0, 0
10208, 11989, 1, 0, 0
10306, 16132, 1, 0, 0
10408, 13521, 1, 0, 0
10506, 14649, 1, 0, 0
10607, 20657, 1, 0, 0
10708, 13577, 1, 0, 0
10805, 12753, 1, 0, 0
10904, 12649, 1, 0, 0
11000, 13396, 1, 0, 0
11102, 14664, 1, 0, 0
11204, 13762, 1, 0, 0
11317, 17497, 1, 0, 0
11400, 14247, 1, 0, 0
11500, 12917, 1, 0, 0
11615, 14022, 1, 0, 0
11709, 15885, 1, 0, 0
11810, 17795, 1, 0, 0
11909, 15777, 1, 0, 0
12004, 14350, 1, 0, 0
12106, 16249, 1, 0, 0
12205, 22270, 1, 0, 0
12304, 21525, 1, 0, 0
12406, 17491, 1, 0, 0
12502, 15164, 1, 0, 0
12600, 16938, 1, 0, 0
12700, 17081, 1, 0, 0
12812, 17229, 1, 0, 0
12921, 20686, 1, 0, 0
13032, 15089, 1, 0, 0
13140, 17828, 1, 0, 0
13248, 14534, 1, 0, 0
13303, 13602, 1, 0, 0
13407, 14388, 1, 0, 0
13512, 13325, 1, 0, 0
13610, 13374, 1, 0, 0
13710, 11766, 1, 0, 0
13811, 14007, 1, 0, 0
13906, 13406, 1, 0, 0
14009, 13067, 1, 0, 0
14108, 11171, 1, 0, 0
14205, 15645, 1, 0, 0
14307, 13909, 1, 0, 0
14404, 15053, 1, 0, 0
14505, 13244, 1, 0, 0
14612, 12750, 1, 0, 0
14712, 12695, 1, 0, 0
14809, 14507, 1, 0, 0
14912, 14335, 1, 0, 0
15007, 12211, 1, 0, 0
15107, 12592, 1, 0, 0
15208, 16113, 1, 0, 0
15305, 14423, 1, 0, 0
15408, 12433, 1, 0, 0
15507, 15457, 1, 0, 0
15605, 13336, 1, 0, 0
15708, 12631, 1, 0, 0
15806, 19474, 1, 0, 0
15904, 19137, 1, 0, 0
16006, 14605, 1, 0, 0
16102, 17159, 1, 0, 0
16203, 13009, 1, 0, 0
16306, 17422, 1, 0, 0
16404, 19071, 1, 0, 0
16505, 17482, 1, 0, 0
16600, 14466, 1, 0, 0
16712, 19334, 1, 0, 0
16808, 12176, 1, 0, 0
16920, 13396, 1, 0, 0
17021, 22791, 1, 0, 0
17126, 15540, 1, 0, 0
17243, 14824, 1, 0, 0
17301, 14674, 1, 0, 0
17409, 23026, 1, 0, 0
17524, 16610, 1, 0, 0
17611, 20308, 1, 0, 0
17706, 13271, 1, 0, 0
17807, 15008, 1, 0, 0
17907, 11407, 1, 0, 0
18012, 14094, 1, 0, 0
18110, 12638, 1, 0, 0
18212, 12330, 1, 0, 0
18308, 12689, 1, 0, 0
18411, 15840, 1, 0, 0
18512, 11300, 1, 0, 0
18606, 14682, 1, 0, 0
18711, 10752, 1, 0, 0
18809, 12458, 1, 0, 0
18907, 15323, 1, 0, 0
19009, 11665, 1, 0, 0
19105, 10064, 1, 0, 0
19205, 14206, 1, 0, 0
19308, 16660, 1, 0, 0
19403, 12932, 1, 0, 0
19504, 15642, 1, 0, 0
19603, 11783, 1, 0, 0
19716, 12987, 1, 0, 0
19801, 13642, 1, 0, 0
19915, 16981, 1, 0, 0
20012, 15102, 1, 0, 0
20106, 11366, 1, 0, 0
20205, 13820, 1, 0, 0
20300, 11981, 1, 0, 0
20403, 13163, 1, 0, 0
20503, 14788, 1, 0, 0
20615, 12854, 1, 0, 0
20701, 15661, 1, 0, 0
20814, 17897, 1, 0, 0
20915, 22996, 1, 0, 0
21018, 24874, 1, 0, 0
21120, 18781, 1, 0, 0
21218, 16838, 1, 0, 0
21319, 17016, 1, 0, 0
21419, 19688, 1, 0, 0
21516, 25624, 1, 0, 0
21604, 23062, 1, 0, 0
21702, 20101, 1, 0, 0
21805, 21817, 1, 0, 0
21901, 20528, 1, 0, 0
22001, 21951, 1, 0, 0
22101, 17629, 1, 0, 0
22214, 17666, 1, 0, 0
22308, 23019, 1, 0, 0
22411, 23909, 1, 0, 0
22512, 17204, 1, 0, 0
22610, 24767, 1, 0, 0
22712, 16981, 1, 0, 0
22810, 17209, 1, 0, 0
22908, 21331, 1, 0, 0
23009, 14729, 1, 0, 0
23104, 20310, 1, 0, 0
23205, 18786, 1, 0, 0
23304, 15743, 1, 0, 0
23417, 23533, 1, 0, 0
23502, 19321, 1, 0, 0
23615, 11662, 1, 0, 0
23712, 13225, 1, 0, 0
23810, 14194, 1, 0, 0
23911, 16835, 1, 0, 0
24006, 13735, 1, 0, 0
24108, 15877, 1, 0, 0
24207, 15818, 1, 0, 0
24301, 12371, 1, 0, 0
24404, 13861, 1, 0, 0
24513, 14010, 1, 0, 0
24607, 16116, 1, 0, 0
24701, 12995, 1, 0, 0
24841, 16433, 1, 0, 0
24945, 20796, 1, 0, 0
25047, 11376, 1, 0, 0
25146, 9659, 1, 0, 0
25249, 20460, 1, 0, 0
25314, 11487, 1, 0, 0
25419, 13704, 1, 0, 0
25507, 11734, 1, 0, 0
25603, 15460, 1, 0, 0
25704, 14260, 1, 0, 0
25801, 14336, 1, 0, 0
25903, 20769, 1, 0, 0
26005, 13364, 1, 0, 0
26101, 19182, 1, 0, 0
26207, 13229, 1, 0, 0
26307, 19453, 1, 0, 0
26404, 17617, 1, 0, 0
26509, 15586, 1, 0, 0
26610, 14088, 1, 0, 0
26710, 17063, 1, 0, 0
26813, 15155, 1, 0, 0
26909, 18673, 1, 0, 0
27010, 22523, 1, 0, 0
27110, 29648, 1, 0, 0
27207, 15156, 1, 0, 0
27313, 17387, 1, 0, 0
27410, 16359, 1, 0, 0
27509, 19400, 1, 0, 0
27612, 18125, 1, 0, 0
27707, 20585, 1, 0, 0
27809, 14677, 1, 0, 0
27911, 16811, 1, 0, 0
28007, 17390, 1, 0, 0
28112, 14023, 1, 0, 0
28209, 22875, 1, 0, 0
28308, 22468, 1, 0, 0
28411, 18850, 1, 0, 0
28506, 20908, 1, 0, 0
28608, 16801, 1, 0, 0
28706, 17525, 1, 0, 0
28805, 25919, 1, 0, 0
28905, 26748, 1, 0, 0
29005, 24290, 1, 0, 0
29107, 61069, 1, 0, 0
29210, 15754, 1, 0, 0
29305, 22336, 1, 0, 0
29403, 17261, 1, 0, 0
29510, 18866, 1, 0, 0
29610, 19679, 1, 0, 0
29711, 18403, 1, 0, 0
29807, 21720, 1, 0, 0
29911, 22082, 1, 0, 0
30012, 17800, 1, 0, 0
30108, 21152, 1, 0, 0
30211, 14192, 1, 0, 0
30308, 17656, 1, 0, 0
30406, 20833, 1, 0, 0
30510, 16176, 1, 0, 0
30605, 11660, 1, 0, 0
30706, 12159, 1, 0, 0
30806, 19680, 1, 0, 0
30901, 10792, 1, 0, 0
31004, 10998, 1, 0, 0
31101, 11915, 1, 0, 0
31200, 17191, 1, 0, 0
31301, 15130, 1, 0, 0
31415, 14740, 1, 0, 0
31509, 12726, 1, 0, 0
31611, 11651, 1, 0, 0
31712, 11839, 1, 0, 0
31805, 13236, 1, 0, 0
31907, 14646, 1, 0, 0
32006, 15251, 1, 0, 0
32102, 13660, 1, 0, 0
32204, 16180, 1, 0, 0
32316, 21316, 1, 0, 0
32411, 11533, 1, 0, 0
32509, 14403, 1, 0, 0
32607, 11452, 1, 0, 0
32707, 13838, 1, 0, 0
32807, 18251, 1, 0, 0
32908, 17896, 1, 0, 0
33008, 14239, 1, 0, 0
33110, 10784, 1, 0, 0
33219, 22991, 1, 0, 0
33318, 19713, 1, 0, 0
33404, 14119, 1, 0, 0
33504, 11361, 1, 0, 0
33604, 12980, 1, 0, 0
33705, 12883, 1, 0, 0
33805, 10943, 1, 0, 0
33905, 15278, 1, 0, 0
34017, 11880, 1, 0, 0
34101, 13817, 1, 0, 0
34214, 11817, 1, 0, 0
34312, 11432, 1, 0, 0
34409, 11304, 1, 0, 0
34513, 15853, 1, 0, 0
34609, 14057, 1, 0, 0
34709, 19460, 1, 0, 0
34809, 17460, 1, 0, 0
34904, 17851, 1, 0, 0
35007, 16131, 1, 0, 0
35105, 19436, 1, 0, 0
35202, 15950, 1, 0, 0
35305, 17722, 1, 0, 0
35417, 15685, 1, 0, 0
35511, 13909, 1, 0, 0
35603, 14435, 1, 0, 0
35715, 14009, 1, 0, 0
35809, 16246, 1, 0, 0
35909, 15323, 1, 0, 0
36009, 17069, 1, 0, 0
36102, 13101, 1, 0, 0
36205, 16657, 1, 0, 0
36303, 11509, 1, 0, 0
36415, 13558, 1, 0, 0
36500, 11985, 1, 0, 0
36625, 16204, 1, 0, 0
36727, 10214, 1, 0, 0
36825, 12578, 1, 0, 0
36926, 12265, 1, 0, 0
37027, 11059, 1, 0, 0
37127, 13210, 1, 0, 0
37221, 14860, 1, 0, 0
37308, 15080, 1, 0, 0
37406, 17399, 1, 0, 0
37508, 15150, 1, 0, 0
37603, 17793, 1, 0, 0
37704, 16618, 1, 0, 0
37803, 15926, 1, 0, 0
37915, 14171, 1, 0, 0
38001, 14461, 1, 0, 0
38113, 13101, 1, 0, 0
38210, 13071, 1, 0, 0
38307, 14973, 1, 0, 0
38410, 17159, 1, 0, 0
38505, 17107, 1, 0, 0
38606, 13101, 1, 0, 0
38705, 12883, 1, 0, 0
38801, 14102, 1, 0, 0
38904, 14484, 1, 0, 0
39000, 16210, 1, 0, 0
39107, 18717, 1, 0, 0
39205, 20606, 1, 0, 0
39318, 14171, 1, 0, 0
39402, 13079, 1, 0, 0
39509, 16022, 1, 0, 0
39603, 17554, 1, 0, 0
39708, 22045, 1, 0, 0
39816, 21991, 1, 0, 0
39908, 19861, 1, 0, 0
40012, 18174, 1, 0, 0
40124, 15428, 1, 0, 0
40263, 24666, 1, 0, 0
40377, 14273, 1, 0, 0
40722, 20834, 1, 0, 0
40819, 31007, 1, 0, 0
40907, 27435, 1, 0, 0
41011, 24278, 1, 0, 0
41103, 19917, 1, 0, 0
41213, 23966, 1, 0, 0
41305, 21732, 1, 0, 0
41415, 19536, 1, 0, 0
41503, 22198, 1, 0, 0
41612, 18305, 1, 0, 0
41712, 23204, 1, 0, 0
41801, 20430, 1, 0, 0
41913, 14200, 1, 0, 0
42009, 15013, 1, 0, 0
42109, 12217, 1, 0, 0
42209, 13171, 1, 0, 0
42304, 15776, 1, 0, 0
42406, 23476, 1, 0, 0
42502, 20719, 1, 0, 0
42613, 18148, 1, 0, 0
42702, 15470, 1, 0, 0
42816, 16287, 1, 0, 0
42911, 23549, 1, 0, 0
43010, 22086, 1, 0, 0
43110, 26792, 1, 0, 0
43204, 19941, 1, 0, 0
43315, 17668, 1, 0, 0
43424, 18252, 1, 0, 0
43526, 15685, 1, 0, 0
43628, 12651, 1, 0, 0
43729, 19258, 1, 0, 0
43841, 29882, 1, 0, 0
43900, 21475, 1, 0, 0
44012, 25043, 1, 0, 0
44109, 17567, 1, 0, 0
44205, 18352, 1, 0, 0
44307, 19341, 1, 0, 0
44407, 20402, 1, 0, 0
44504, 21037, 1, 0, 0
44608, 21358, 1, 0, 0
44705, 14657, 1, 0, 0
44803, 19723, 1, 0, 0
44906, 19527, 1, 0, 0
45002, 16686, 1, 0, 0
45104, 22942, 1, 0, 0
45205, 17409, 1, 0, 0
45302, 17260, 1, 0, 0
45405, 15800, 1, 0, 0
45503, 17183, 1, 0, 0
45602, 18398, 1, 0, 0
45705, 19211, 1, 0, 0
45802, 16544, 1, 0, 0
45902, 17900, 1, 0, 0
46002, 13557, 1, 0, 0
46116, 20461, 1, 0, 0
46200, 21472, 1, 0, 0
46300, 24411, 1, 0, 0
46415, 22822, 1, 0, 0
46508, 21112, 1, 0, 0
46610, 20657, 1, 0, 0
46707, 17359, 1, 0, 0
46804, 20355, 1, 0, 0
46905, 18492, 1, 0, 0
47000, 16354, 1, 0, 0
47112, 16937, 1, 0, 0
47211, 17069, 1, 0, 0
47304, 18295, 1, 0, 0
47414, 18774, 1, 0, 0
47523, 14834, 1, 0, 0
47624, 13426, 1, 0, 0
47732, 16392, 1, 0, 0
47843, 11717, 1, 0, 0
47913, 15135, 1, 0, 0
48024, 14350, 1, 0, 0
48110, 15465, 1, 0, 0
48206, 12869, 1, 0, 0
48306, 12525, 1, 0, 0
48407, 13103, 1, 0, 0
48502, 12963, 1, 0, 0
48605, 11947, 1, 0, 0
48703, 11466, 1, 0, 0
48800, 10764, 1, 0, 0
48902, 12755, 1, 0, 0
49014, 13844, 1, 0, 0
49110, 12003, 1, 0, 0
49211, 14028, 1, 0, 0
49312, 13106, 1, 0, 0
49406, 11636, 1, 0, 0
49509, 19334, 1, 0, 0
49607, 14072, 1, 0, 0
49700, 16938, 1, 0, 0
49801, 11271, 1, 0, 0
49914, 14438, 1, 0, 0
50008, 18737, 1, 0, 0
50110, 16908, 1, 0, 0
50208, 12496, 1, 0, 0
50305, 17670, 1, 0, 0
50407, 15091, 1, 0, 0
50501, 15422, 1, 0, 0
50602, 19892, 1, 0, 0
50703, 11987, 1, 0, 0
50815, 16270, 1, 0, 0
50909, 14875, 1, 0, 0
51013, 12816, 1, 0, 0
51110, 12570, 1, 0, 0
51206, 13618, 1, 0, 0
51309, 15345, 1, 0, 0
51412, 11788, 1, 0, 0
51514, 12921, 1, 0, 0
51617, 11928, 1, 0, 0
51714, 21102, 1, 0, 0
51815, 13644, 1, 0, 0
51917, 18614, 1, 0, 0
52000, 17241, 1, 0, 0
52104, 11283, 1, 0, 0
52202, 14311, 1, 0, 0
52315, 14486, 1, 0, 0
52402, 16000, 1, 0, 0
52515, 20752, 1, 0, 0
52611, 25219, 1, 0, 0
52710, 15290, 1, 0, 0
52810, 18192, 1, 0, 0
52908, 15836, 1, 0, 0
53008, 13007, 1, 0, 0
53109, 12739, 1, 0, 0
53205, 12903, 1, 0, 0
53306, 13817, 1, 0, 0
53403, 16301, 1, 0, 0
53501, 13539, 1, 0, 0
53602, 13546, 1, 0, 0
53714, 13520, 1, 0, 0
53808, 15320, 1, 0, 0
53910, 13348, 1, 0, 0
54010, 17048, 1, 0, 0
54106, 14432, 1, 0, 0
54232, 21271, 1, 0, 0
54305, 23108, 1, 0, 0
54407, 22213, 1, 0, 0
54514, 18966, 1, 0, 0
54612, 15174, 1, 0, 0
54711, 17227, 1, 0, 0
54811, 14847, 1, 0, 0
54905, 15957, 1, 0, 0
55007, 13675, 1, 0, 0
55104, 13782, 1, 0, 0
55200, 20703, 1, 0, 0
55343, 13744, 1, 0, 0
55443, 13337, 1, 0, 0
55547, 34538, 1, 0, 0
55647, 20942, 1, 0, 0
55747, 18998, 1, 0, 0
55815, 17674, 1, 0, 0
55929, 13919, 1, 0, 0
56011, 13456, 1, 0, 0
56112, 17120, 1, 0, 0
56206, 13465, 1, 0, 0
56309, 13367, 1, 0, 0
56409, 15205, 1, 0, 0
56505, 17277, 1, 0, 0
56607, 17597, 1, 0, 0
56704, 15031, 1, 0, 0
56802, 14436, 1, 0, 0
56903, 13834, 1, 0, 0
57000, 13933, 1, 0, 0
57102, 15154, 1, 0, 0
57203, 19563, 1, 0, 0
57315, 16694, 1, 0, 0
57406, 16756, 1, 0, 0
57508, 23609, 1, 0, 0
57606, 19653, 1, 0, 0
57706, 18839, 1, 0, 0
57816, 18656, 1, 0, 0
57909, 16972, 1, 0, 0
58013, 11960, 1, 0, 0
58108, 12550, 1, 0, 0
58215, 12429, 1, 0, 0
58317, 13668, 1, 0, 0
58413, 14625, 1, 0, 0
58506, 14401, 1, 0, 0
58614, 15470, 1, 0, 0
58775, 13764, 1, 0, 0
58860, 23698, 1, 0, 0
58950, 18653, 1, 0, 0
59031, 13981, 1, 0, 0
59142, 15679, 1, 0, 0
59249, 12879, 1, 0, 0
59301, 15046, 1, 0, 0
59402, 18680, 1, 0, 0
59504, 12107, 1, 0, 0
59617, 18929, 1, 0, 0
59702, 13948, 1, 0, 0
59800, 12133, 1, 0, 0
59913, 14191, 1, 0, 0
60000, 12493, 1, 0, 0
60113, 14354, 1, 0, 0
60208, 21352, 1, 0, 0
60308, 14969, 1, 0, 0
60409, 14467, 1, 0, 0
60507, 16916, 1, 0, 0
60609, 17542, 1, 0, 0
60706, 13278, 1, 0, 0
60803, 12469, 1, 0, 0
60906, 14698, 1, 0, 0
61001, 15587, 1, 0, 0
61108, 16316, 1, 0, 0
61211, 17275, 1, 0, 0
61309, 19630, 1, 0, 0
61406, 19516, 1, 0, 0
61508, 22267, 1, 0, 0
61603, 19473, 1, 0, 0
61703, 19635, 1, 0, 0
61805, 15854, 1, 0, 0
61917, 18810, 1, 0, 0
62003, 23154, 1, 0, 0
62106, 23421, 1, 0, 0
62200, 20390, 1, 0, 0
62308, 21997, 1, 0, 0
62402, 22630, 1, 0, 0
62505, 20628, 1, 0, 0
62608, 18594, 1, 0, 0
62731, 23769, 1, 0, 0
62845, 16210, 1, 0, 0
62917, 13980, 1, 0, 0
63052, 24450, 1, 0, 0
63117, 26122, 1, 0, 0
63213, 22421, 1, 0, 0
63316, 18310, 1, 0, 0
63400, 19610, 1, 0, 0
63501, 23879, 1, 0, 0
63603, 25002, 1, 0, 0
63706, 26944, 1, 0, 0
63811, 26587, 1, 0, 0
63925, 24889, 1, 0, 0
64006, 21578, 1, 0, 0
64110, 22046, 1, 0, 0
64206, 23942, 1, 0, 0
64306, 20513, 1, 0, 0
64407, 16696, 1, 0, 0
64504, 17905, 1, 0, 0
64602, 19884, 1, 0, 0
64716, 18347, 1, 0, 0
64813, 24143, 1, 0, 0
64911, 14803, 1, 0, 0
65014, 17915, 1, 0, 0
65110, 12692, 1, 0, 0
65210, 15334, 1, 0, 0
65310, 17029, 1, 0, 0
65404, 11695, 1, 0, 0
65507, 14161, 1, 0, 0
65605, 15527, 1, 0, 0
65703, 14462, 1, 0, 0
65805, 13199, 1, 0, 0
65901, 12790, 1, 0, 0
66001, 11228, 1, 0, 0
66101, 12809, 1, 0, 0
66216, 11784, 1, 0, 0
66316, 11475, 1, 0, 0
66415, 15413, 1, 0, 0
66546, 12078, 1, 0, 0
66649, 17704, 1, 0, 0
66702, 8729, 1, 0, 0
66807, 12401, 1, 0, 0
66912, 13472, 1, 0, 0
67012, 13260, 1, 0, 0
67108, 12191, 1, 0, 0
67208, 10826, 1, 0, 0
67308, 10761, 1, 0, 0
67403, 12134, 1, 0, 0
67500, 14839, 1, 0, 0
67615, 13600, 1, 0, 0
67711, 12291, 1, 0, 0
67811, 23608, 1, 0, 0
67914, 16279, 1, 0, 0
68009, 15405, 1, 0, 0
68111, 12814, 1, 0, 0
68213, 11805, 1, 0, 0
68309, 13480, 1, 0, 0
68412, 16395, 1, 0, 0
68511, 15157, 1, 0, 0
68608, 12566, 1, 0, 0
68711, 21141, 1, 0, 0
68806, 16541, 1, 0, 0
68906, 15536, 1, 0, 0
69007, 16168, 1, 0, 0
69107, 13941, 1, 0, 0
69208, 18033, 1, 0, 0
69304, 12770, 1, 0, 0
69417, 12965, 1, 0, 0
69502, 19870, 1, 0, 0
69614, 15148, 1, 0, 0
69711, 13736, 1, 0, 0
69809, 13054, 1, 0, 0
69910, 13816, 1, 0, 0
70005, 13185, 1, 0, 0
70106, 12655, 1, 0, 0
70205, 11566, 1, 0, 0
70300, 13666, 1, 0, 0
70403, 11243, 1, 0, 0
70507, 12475, 1, 0, 0
70609, 14130, 1, 0, 0
70713, 13580, 1, 0, 0
70816, 20445, 1, 0, 0
70908, 20776, 1, 0, 0
71004, 11895, 1, 0, 0
71100, 13650, 1, 0, 0
71203, 11758, 1, 0, 0
71308, 11517, 1, 0, 0
71406, 16305, 1, 0, 0
71511, 15496, 1, 0, 0
71614, 12572, 1, 0, 0
71703, 16416, 1, 0, 0
71808, 16503, 1, 0, 0
71907, 18905, 1, 0, 0
72012, 15153, 1, 0, 0
72112, 12981, 1, 0, 0
72207, 12007, 1, 0, 0
72306, 11658, 1, 0, 0
72410, 12898, 1, 0, 0
72512, 18200, 1, 0, 0
72600, 13300, 1, 0, 0
72715, 17434, 1, 0, 0
72800, 18199, 1, 0, 0
72910, 20321, 1, 0, 0
73010, 19066, 1, 0, 0
73110, 18355, 1, 0, 0
73215, 23204, 1, 0, 0
73312, 19513, 1, 0, 0
73401, 21924, 1, 0, 0
73516, 20042, 1, 0, 0
73602, 21706, 1, 0, 0
73704, 21168, 1, 0, 0
73803, 18019, 1, 0, 0
73907, 17357, 1, 0, 0
74005, 15593, 1, 0, 0
74107, 14645, 1, 0, 0
74211, 17837, 1, 0, 0
74308, 20097, 1, 0, 0
74435, 19089, 1, 0, 0
74533, 16924, 1, 0, 0
74637, 20206, 1, 0, 0
74739, 16796, 1, 0, 0
74839, 17670, 1, 0, 0
74930, 20327, 1, 0, 0
75008, 20731, 1, 0, 0
75118, 17351, 1, 0, 0
75203, 17627, 1, 0, 0
75302, 20522, 1, 0, 0
75415, 18928, 1, 0, 0
75502, 18624, 1, 0, 0
75615, 21139, 1, 0, 0
75714, 15789, 1, 0, 0
75801, 14302, 1, 0, 0
75913, 14100, 1, 0, 0
76011, 18337, 1, 0, 0
76112, 24337, 1, 0, 0
76214, 25759, 1, 0, 0
76300, 17933, 1, 0, 0
76412, 19470, 1, 0, 0
76512, 17561, 1, 0, 0
76619, 15719, 1, 0, 0
76705, 17341, 1, 0, 0
76800, 13296, 1, 0, 0
76905, 17154, 1, 0, 0
77006, 12805, 1, 0, 0
77101, 15716, 1, 0, 0
77202, 12712, 1, 0, 0
77301, 16513, 1, 0, 0
77414, 15934, 1, 0, 0
77501, 15041, 1, 0, 0
77614, 19030, 1, 0, 0
77717, 18489, 1, 0, 0
77802, 13972, 1, 0, 0
77915, 15069, 1, 0, 0
78012, 16623, 1, 0, 0
78101, 17900, 1, 0, 0
78213, 15393, 1, 0, 0
78326, 19659, 1, 0, 0
78429, 14516, 1, 0, 0
78533, 13380, 1, 0, 0
78635, 14385, 1, 0, 0
78733, 18408, 1, 0, 0
78835, 13597, 1, 0, 0
78902, 18288, 1, 0, 0
79007, 13871, 1, 0, 0
79104, 17952, 1, 0, 0
79207, 20392, 1, 0, 0
79315, 20571, 1, 0, 0
79409, 11460, 1, 0, 0
79500, 14581, 1, 0, 0
79613, 16629, 1, 0, 0
79708, 14422, 1, 0, 0
79811, 15434, 1, 0, 0
79908, 16402, 1, 0, 0
80007, 11038, 1, 0, 0
80111, 16334, 1, 0, 0
80206, 15151, 1, 0, 0
80306, 12409, 1, 0, 0
80406, 12516, 1, 0, 0
80501, 13035, 1, 0, 0
80603, 12231, 1, 0, 0
80701, 12142, 1, 0, 0
80814, 16772, 1, 0, 0
80900, 16497, 1, 0, 0
81013, 19145, 1, 0, 0
81107, 17185, 1, 0, 0
81204, 18782, 1, 0, 0
81300, 20873, 1, 0, 0
81413, 25692, 1, 0, 0
81501, 20675, 1, 0, 0
81615, 20475, 1, 0, 0
81709, 20088, 1, 0, 0
81808, 14153, 1, 0, 0
81908, 17632, 1, 0, 0
82002, 12370, 1, 0, 0
82104, 11158, 1, 0, 0
82210, 12318, 1, 0, 0
82328, 15630, 1, 0, 0
82431, 13177, 1, 0, 0
82536, 11550, 1, 0, 0
82648, 16910, 1, 0, 0
82707, 26111, 1, 0, 0
82823, 18524, 1, 0, 0
82908, 14253, 1, 0, 0
83012, 13112, 1, 0, 0
83113, 11271, 1, 0, 0
83200, 15625, 1, 0, 0
83315, 11882, 1, 0, 0
83414, 10874, 1, 0, 0
83502, 13572, 1, 0, 0
83617, 17988, 1, 0, 0
83700, 11474, 1, 0, 0
83810, 11670, 1, 0, 0
83910, 15046, 1, 0, 0
84008, 12778, 1, 0, 0
84114, 12608, 1, 0, 0
84213, 12743, 1, 0, 0
84301, 12373, 1, 0, 0
84414, 19213, 1, 0, 0
84510, 19691, 1, 0, 0
84614, 19614, 1, 0, 0
84715, 14106, 1, 0, 0
84800, 12857, 1, 0, 0
84913, 14806, 1, 0, 0
85012, 12678, 1, 0, 0
85109, 18034, 1, 0, 0
85212, 13747, 1, 0, 0
85307, 12990, 1, 0, 0
85408, 12797, 1, 0, 0
85509, 15884, 1, 0, 0
85605, 13055, 1, 0, 0
85708, 12984, 1, 0, 0
85807, 17626, 1, 0, 0
85905, 16993, 1, 0, 0
86008, 18628, 1, 0, 0
86104, 21236, 1, 0, 0
86239, 18731, 1, 0, 0
86339, 27273, 1, 0, 0
86444, 26451, 1, 0, 0
86544, 15803, 1, 0, 0
86643, 17349, 1, 0, 0
86746, 14929, 1, 0, 0
86830, 18668, 1, 0, 0
86924, 14991, 1, 0, 0
87015, 14752, 1, 0, 0
87104, 19719, 1, 0, 0
87202, 19684, 1, 0, 0
87302, 22488, 1, 0, 0
87405, 18544, 1, 0, 0
87501, 21851, 1, 0, 0
87605, 19512, 1, 0, 0
87705, 20938, 1, 0, 0
87801, 21529, 1, 0, 0
87907, 23779, 1, 0, 0
88010, 24415, 1, 0, 0
88107, 24388, 1, 0, 0
88210, 19834, 1, 0, 0
88308, 19454, 1, 0, 0
88407, 20064, 1, 0, 0
88511, 16136, 1, 0, 0
88609, 21419, 1, 0, 0
88711, 17400, 1, 0, 0
88813, 21049, 1, 0, 0
88909, 16007, 1, 0, 0
89012, 15985, 1, 0, 0
89112, 15389, 1, 0, 0
89209, 19612, 1, 0, 0
89313, 16998, 1, 0, 0
89409, 12648, 1, 0, 0
89510, 14476, 1, 0, 0
89612, 16919, 1, 0, 0
89701, 15919, 1, 0, 0
89806, 16658, 1, 0, 0
89903, 12086, 1, 0, 0
90003, 16413, 1, 0, 0
