100, 11188, 1, 0, 0
212, 11016, 1, 0, 0
306, 12600, 1, 0, 0
408, 13826, 1, 0, 0
507, 11556, 1, 0, 0
602, 12805, 1, 0, 0
705, 11311, 1, 0, 0
802, 11603, 1, 0, 0
912, 13080, 1, 0, 0
1000, 16559, 1, 0, 0
1103, 11950, 1, 0, 0
1209, 10979, 1, 0, 0
1334, 20216, 1, 0, 0
1440, 29049, 1, 0, 0
1540, 13921, 1, 0, 0
1642, 13122, 1, 0, 0
1743, 19261, 1, 0, 0
1800, 18296, 1, 0, 0
1914, 15568, 1, 0, 0
2001, 16480, 1, 0, 0
2113, 14262, 1, 0, 0
2209, 13504, 1, 0, 0
2311, 12129, 1, 0, 0
2412, 14136, 1, 0, 0
2507, 12514, 1, 0, 0
2610, 13410, 1, 0, 0
2707, 12612, 1, 0, 0
2805, 17299, 1, 0, 0
2909, 13347, 1, 0, 0
3004, 14578, 1, 0, 0
3103, 12060, 1, 0, 0
3204, 12614, 1, 0, 0
3317, 14430, 1, 0, 0
3401, 12135, 1, 0, 0
3500, 14154, 1, 0, 0
3614, 15641, 1, 0, 0
3700, 14450, 1, 0, 0
3812, 13175, 1, 0, 0
3908, 20855, 1, 0, 0
4008, 13094, 1, 0, 0
4108, 14882, 1, 0, 0
4202, 19165, 1, 0, 0
4307, 15678, 1, 0, 0
4408, 18704, 1, 0, 0
4502, 17310, 1, 0, 0
4605, 13564, 1, 0, 0
4703, 11821, 1, 0, 0
4814, 14892, 1, 0, 0
4900, 13238, 1, 0, 0
5014, 12421, 1, 0, 0
5117, 10272, 1, 0, 0
5219, 11729, 1, 0, 0
5318, 12174, 1, 0, 0
5417, 14239, 1, 0, 0
5516, 13928, 1, 0, 0
5610, 11284, 1, 0, 0
5707, 12026, 1, 0, 0
5807, 12515, 1, 0, 0
5902, 13682, 1, 0, 0
6005, 13347, 1, 0, 0
6102, 11950, 1, 0, 0
6201, 11750, 1, 0, 0
6302, 13023, 1, 0, 0
6415, 12851, 1, 0, 0
6509, 18001, 1, 0, 0
6610, 12461, 1, 0, 0
6711, 13021, 1, 0, 0
6808, 11498, 1, 0, 0
6912, 12226, 1, 0, 0
7009, 12672, 1, 0, 0
7107, 15428, 1, 0, 0
7208, 10723, 1, 0, 0
7302, 14167, 1, 0, 0
7403, 11447, 1, 0, 0
7502, 13483, 1, 0, 0
7614, 11365, 1, 0, 0
7700, 12024, 1, 0, 0
7812, 14327, 1, 0, 0
7909, 12306, 1, 0, 0
8006, 12353, 1, 0, 0
8107, 12602, 1, 0, 0
8201, 13807, 1, 0, 0
8303, 12924, 1, 0, 0
8402, 14963, 1, 0, 0
8514, 13929, 1, 0, 0
8609, 13062, 1, 0, 0
8711, 15337, 1, 0, 0
8806, 16198, 1, 0, 0
8904, 13705, 1, 0, 0
9047, 16680, 1, 0, 0
9100, 14422, 1, 0, 0
9250, 21703, 1, 0, 0
9348, 20434, 1, 0, 0
9447, 31231, 1, 0, 0
9524, 23514, 1, 0, 0
9628, 15331, 1, 0, 0
9711, 13057, 1, 0, 0
9814, 15146, 1, 0, 0
9913, 18280, 1, 0, 0
10009, 13247, 1, 0, 0
10112, 14037, 1, 0, 0
10208, 12880, 1, 0, 0
10306, 13774, 1, 0, 0
10408, 12451, 1, 0, 0
10515, 14869, 1, 0, 0
10601, 18509, 1, 0, 0
10715, 23061, 1, 0, 0
10800, 20771, 1, 0, 0
10910, 25810, 1, 0, 0
11010, 18321, 1, 0, 0
11102, 18624, 1, 0, 0
11204, 13572, 1, 0, 0
11317, 16976, 1, 0, 0
11400, 13969, 1, 0, 0
11500, 15230, 1, 0, 0
11615, 13313, 1, 0, 0
11709, 13446, 1, 0, 0
11810, 17904, 1, 0, 0
11908, 20516, 1, 0, 0
12004, 22985, 1, 0, 0
12106, 16674, 1, 0, 0
12205, 17154, 1, 0, 0
12304, 15862, 1, 0, 0
12406, 19144, 1, 0, 0
12502, 16413, 1, 0, 0
12600, 13086, 1, 0, 0
12700, 13665, 1, 0, 0
12812, 13276, 1, 0, 0
12921, 24352, 1, 0, 0
13032, 20338, 1, 0, 0
13140, 27082, 1, 0, 0
13248, 15336, 1, 0, 0
13303, 17476, 1, 0, 0
13407, 22381, 1, 0, 0
13513, 22924, 1, 0, 0
13610, 15416, 1, 0, 0
13710, 12932, 1, 0, 0
13811, 13110, 1, 0, 0
13906, 18031, 1, 0, 0
14009, 11403, 1, 0, 0
14108, 14723, 1, 0, 0
14205, 12001, 1, 0, 0
14307, 16090, 1, 0, 0
14404, 17387, 1, 0, 0
14505, 15629, 1, 0, 0
14613, 17150, 1, 0, 0
14712, 17156, 1, 0, 0
14809, 16489, 1, 0, 0
14912, 14434, 1, 0, 0
15007, 17744, 1, 0, 0
15107, 14158, 1, 0, 0
15208, 12992, 1, 0, 0
15305, 13189, 1, 0, 0
15408, 13170, 1, 0, 0
15507, 15272, 1, 0, 0
15605, 13931, 1, 0, 0
15708, 11590, 1, 0, 0
15806, 12334, 1, 0, 0
15904, 12589, 1, 0, 0
16006, 12571, 1, 0, 0
16102, 12858, 1, 0, 0
16203, 18668, 1, 0, 0
16306, 14910, 1, 0, 0
16404, 14137, 1, 0, 0
16505, 13841, 1, 0, 0
16600, 14147, 1, 0, 0
16712, 11835, 1, 0, 0
16808, 13540, 1, 0, 0
16920, 13702, 1, 0, 0
17020, 13429, 1, 0, 0
17126, 12451, 1, 0, 0
17243, 11694, 1, 0, 0
17301, 12873, 1, 0, 0
17409, 15607, 1, 0, 0
17524, 13368, 1, 0, 0
17611, 13358, 1, 0, 0
17706, 13655, 1, 0, 0
17807, 15559, 1, 0, 0
17907, 14611, 1, 0, 0
18012, 17398, 1, 0, 0
18110, 18747, 1, 0, 0
18212, 15217, 1, 0, 0
18309, 14036, 1, 0, 0
18411, 16721, 1, 0, 0
18512, 15812, 1, 0, 0
18607, 15885, 1, 0, 0
18711, 13221, 1, 0, 0
18809, 11664, 1, 0, 0
18907, 13049, 1, 0, 0
19009, 13708, 1, 0, 0
19105, 11644, 1, 0, 0
19205, 17203, 1, 0, 0
19308, 15151, 1, 0, 0
19403, 12975, 1, 0, 0
19504, 17951, 1, 0, 0
19603, 13511, 1, 0, 0
19716, 13026, 1, 0, 0
19801, 14557, 1, 0, 0
19915, 16359, 1, 0, 0
20011, 13566, 1, 0, 0
20106, 13067, 1, 0, 0
20205, 13095, 1, 0, 0
20300, 13006, 1, 0, 0
20403, 12537, 1, 0, 0
20503, 17525, 1, 0, 0
20615, 15144, 1, 0, 0
20701, 13297, 1, 0, 0
20814, 14220, 1, 0, 0
20915, 14559, 1, 0, 0
21018, 15091, 1, 0, 0
21120, 16483, 1, 0, 0
21218, 13639, 1, 0, 0
21319, 17656, 1, 0, 0
21419, 16762, 1, 0, 0
21516, 25640, 1, 0, 0
21604, 18379, 1, 0, 0
21701, 23043, 1, 0, 0
21805, 15509, 1, 0, 0
21900, 16567, 1, 0, 0
22000, 12144, 1, 0, 0
22101, 12241, 1, 0, 0
22214, 14420, 1, 0, 0
22308, 13113, 1, 0, 0
22411, 13027, 1, 0, 0
22512, 12309, 1, 0, 0
22609, 13969, 1, 0, 0
22712, 11374, 1, 0, 0
22809, 13738, 1, 0, 0
22908, 13050, 1, 0, 0
23009, 14368, 1, 0, 0
23104, 13816, 1, 0, 0
23204, 12604, 1, 0, 0
23304, 14703, 1, 0, 0
23417, 16434, 1, 0, 0
23502, 16358, 1, 0, 0
23615, 12180, 1, 0, 0
23712, 16340, 1, 0, 0
23810, 17120, 1, 0, 0
23911, 20165, 1, 0, 0
24006, 21339, 1, 0, 0
24108, 13998, 1, 0, 0
24207, 13717, 1, 0, 0
24301, 16540, 1, 0, 0
24404, 23207, 1, 0, 0
24513, 15237, 1, 0, 0
24607, 22888, 1, 0, 0
24702, 16700, 1, 0, 0
24841, 14816, 1, 0, 0
24945, 14461, 1, 0, 0
25048, 23757, 1, 0, 0
25146, 14529, 1, 0, 0
25249, 26357, 1, 0, 0
25314, 15557, 1, 0, 0
25419, 18853, 1, 0, 0
25508, 14429, 1, 0, 0
25603, 17471, 1, 0, 0
25704, 20847, 1, 0, 0
25801, 18516, 1, 0, 0
25903, 22844, 1, 0, 0
26005, 22479, 1, 0, 0
26101, 17702, 1, 0, 0
26202, 16711, 1, 0, 0
26307, 16226, 1, 0, 0
26404, 20485, 1, 0, 0
26509, 19033, 1, 0, 0
26610, 19284, 1, 0, 0
26710, 21694, 1, 0, 0
26813, 19158, 1, 0, 0
26909, 20195, 1, 0, 0
27010, 20546, 1, 0, 0
27110, 15522, 1, 0, 0
27207, 14974, 1, 0, 0
27313, 20292, 1, 0, 0
27410, 23188, 1, 0, 0
27509, 18683, 1, 0, 0
27612, 18564, 1, 0, 0
27707, 18135, 1, 0, 0
27809, 19559, 1, 0, 0
27910, 15661, 1, 0, 0
28007, 18594, 1, 0, 0
28112, 21647, 1, 0, 0
28209, 22893, 1, 0, 0
28308, 25760, 1, 0, 0
28411, 16236, 1, 0, 0
28506, 15111, 1, 0, 0
28608, 20581, 1, 0, 0
28706, 21249, 1, 0, 0
28805, 47637, 1, 0, 0
28905, 98425, 1, 0, 0
29005, 34398, 1, 0, 0
29107, 51664, 1, 0, 0
29210, 50450, 1, 0, 0
29305, 21615, 1, 0, 0
29403, 52263, 1, 0, 0
29510, 37228, 1, 0, 0
29610, 24187, 1, 0, 0
29711, 17043, 1, 0, 0
29807, 28670, 1, 0, 0
29911, 17229, 1, 0, 0
30012, 25319, 1, 0, 0
30108, 36171, 1, 0, 0
30211, 18572, 1, 0, 0
30308, 13527, 1, 0, 0
30406, 18256, 1, 0, 0
30510, 21172, 1, 0, 0
30605, 15960, 1, 0, 0
30706, 21216, 1, 0, 0
30806, 12711, 1, 0, 0
30901, 16843, 1, 0, 0
31004, 17819, 1, 0, 0
31101, 14310, 1, 0, 0
31200, 12446, 1, 0, 0
31301, 14409, 1, 0, 0
31415, 12703, 1, 0, 0
31509, 15296, 1, 0, 0
31611, 16528, 1, 0, 0
31712, 13092, 1, 0, 0
31806, 20241, 1, 0, 0
31907, 13655, 1, 0, 0
32006, 16248, 1, 0, 0
32102, 12425, 1, 0, 0
32204, 14243, 1, 0, 0
32316, 14083, 1, 0, 0
32411, 13230, 1, 0, 0
32509, 12324, 1, 0, 0
32607, 11672, 1, 0, 0
32707, 15959, 1, 0, 0
32808, 17149, 1, 0, 0
32908, 11760, 1, 0, 0
33008, 13386, 1, 0, 0
33111, 11684, 1, 0, 0
33219, 15126, 1, 0, 0
33318, 18333, 1, 0, 0
33404, 15986, 1, 0, 0
33504, 13295, 1, 0, 0
33604, 13820, 1, 0, 0
33705, 12919, 1, 0, 0
33805, 18078, 1, 0, 0
33905, 14368, 1, 0, 0
34017, 15791, 1, 0, 0
34101, 13360, 1, 0, 0
34214, 14560, 1, 0, 0
34312, 13250, 1, 0, 0
34409, 13450, 1, 0, 0
34513, 13494, 1, 0, 0
34609, 18526, 1, 0, 0
34709, 15212, 1, 0, 0
34809, 17881, 1, 0, 0
34904, 14628, 1, 0, 0
35007, 17603, 1, 0, 0
35105, 18630, 1, 0, 0
35202, 17238, 1, 0, 0
35305, 17144, 1, 0, 0
35417, 14349, 1, 0, 0
35511, 14993, 1, 0, 0
35603, 14024, 1, 0, 0
35715, 14938, 1, 0, 0
35809, 15186, 1, 0, 0
35909, 14119, 1, 0, 0
36009, 12450, 1, 0, 0
36102, 12175, 1, 0, 0
36205, 16109, 1, 0, 0
36303, 18580, 1, 0, 0
36415, 12929, 1, 0, 0
36500, 15299, 1, 0, 0
36625, 13956, 1, 0, 0
36727, 13774, 1, 0, 0
36825, 11855, 1, 0, 0
36926, 17680, 1, 0, 0
37027, 14569, 1, 0, 0
37127, 13770, 1, 0, 0
37221, 15970, 1, 0, 0
37307, 11769, 1, 0, 0
37406, 15478, 1, 0, 0
37508, 15248, 1, 0, 0
37602, 14633, 1, 0, 0
37704, 16672, 1, 0, 0
37803, 19637, 1, 0, 0
37915, 19259, 1, 0, 0
38001, 18781, 1, 0, 0
38113, 13018, 1, 0, 0
38210, 12785, 1, 0, 0
38307, 13505, 1, 0, 0
38410, 15587, 1, 0, 0
38505, 14898, 1, 0, 0
38606, 15262, 1, 0, 0
38705, 15166, 1, 0, 0
38801, 14069, 1, 0, 0
38904, 18516, 1, 0, 0
39000, 17444, 1, 0, 0
39106, 14277, 1, 0, 0
39205, 21967, 1, 0, 0
39318, 22019, 1, 0, 0
39402, 17657, 1, 0, 0
39509, 19504, 1, 0, 0
39602, 18857, 1, 0, 0
39708, 21009, 1, 0, 0
39816, 20411, 1, 0, 0
39908, 17508, 1, 0, 0
40012, 21835, 1, 0, 0
40124, 15383, 1, 0, 0
40263, 14722, 1, 0, 0
40377, 42237, 1, 0, 0
40722, 22182, 1, 0, 0
40819, 27345, 1, 0, 0
40907, 22580, 1, 0, 0
41010, 21782, 1, 0, 0
41103, 20198, 1, 0, 0
41213, 21316, 1, 0, 0
41305, 22828, 1, 0, 0
41415, 30858, 1, 0, 0
41503, 22387, 1, 0, 0
41612, 25413, 1, 0, 0
41712, 22757, 1, 0, 0
41801, 23733, 1, 0, 0
41913, 14380, 1, 0, 0
42009, 16068, 1, 0, 0
42109, 13820, 1, 0, 0
42208, 12724, 1, 0, 0
42304, 14915, 1, 0, 0
42405, 18587, 1, 0, 0
42502, 17454, 1, 0, 0
42613, 13117, 1, 0, 0
42702, 11612, 1, 0, 0
42816, 14082, 1, 0, 0
42911, 21567, 1, 0, 0
43010, 22617, 1, 0, 0
43110, 14682, 1, 0, 0
43204, 15207, 1, 0, 0
43315, 21380, 1, 0, 0
43424, 22197, 1, 0, 0
43526, 17874, 1, 0, 0
43628, 19461, 1, 0, 0
43729, 20296, 1, 0, 0
43841, 22854, 1, 0, 0
43900, 19126, 1, 0, 0
44012, 25729, 1, 0, 0
44109, 18583, 1, 0, 0
44205, 20227, 1, 0, 0
44308, 24226, 1, 0, 0
44407, 19500, 1, 0, 0
44504, 17679, 1, 0, 0
44608, 14392, 1, 0, 0
44705, 14813, 1, 0, 0
44803, 16444, 1, 0, 0
44906, 22357, 1, 0, 0
45002, 18894, 1, 0, 0
45104, 17440, 1, 0, 0
45205, 17878, 1, 0, 0
45302, 21098, 1, 0, 0
45405, 16557, 1, 0, 0
45503, 19026, 1, 0, 0
45602, 18130, 1, 0, 0
45705, 16182, 1, 0, 0
45802, 18065, 1, 0, 0
45902, 16974, 1, 0, 0
46003, 15673, 1, 0, 0
46116, 16314, 1, 0, 0
46200, 15260, 1, 0, 0
46300, 27891, 1, 0, 0
46415, 23929, 1, 0, 0
46508, 21969, 1, 0, 0
46610, 20203, 1, 0, 0
46707, 19932, 1, 0, 0
46803, 18368, 1, 0, 0
46905, 12793, 1, 0, 0
47000, 15505, 1, 0, 0
47112, 18953, 1, 0, 0
47211, 18541, 1, 0, 0
47304, 19249, 1, 0, 0
47414, 17513, 1, 0, 0
47523, 19719, 1, 0, 0
47624, 18232, 1, 0, 0
47732, 21880, 1, 0, 0
47843, 24628, 1, 0, 0
47913, 25440, 1, 0, 0
48024, 19135, 1, 0, 0
48109, 19753, 1, 0, 0
48206, 12917, 1, 0, 0
48306, 10884, 1, 0, 0
48407, 15145, 1, 0, 0
48502, 13804, 1, 0, 0
48605, 12387, 1, 0, 0
48703, 14336, 1, 0, 0
48816, 12212, 1, 0, 0
48902, 13873, 1, 0, 0
49014, 13436, 1, 0, 0
49110, 13066, 1, 0, 0
49211, 11770, 1, 0, 0
49312, 13159, 1, 0, 0
49406, 14516, 1, 0, 0
49509, 15932, 1, 0, 0
49607, 14027, 1, 0, 0
49705, 13454, 1, 0, 0
49809, 16949, 1, 0, 0
49906, 15111, 1, 0, 0
50003, 13332, 1, 0, 0
50104, 13343, 1, 0, 0
50216, 13245, 1, 0, 0
50300, 15444, 1, 0, 0
50412, 14424, 1, 0, 0
50511, 16796, 1, 0, 0
50607, 13738, 1, 0, 0
50710, 12076, 1, 0, 0
50806, 12755, 1, 0, 0
50904, 14158, 1, 0, 0
51007, 15091, 1, 0, 0
51100, 12493, 1, 0, 0
51201, 12227, 1, 0, 0
51336, 12566, 1, 0, 0
51439, 12956, 1, 0, 0
51539, 13493, 1, 0, 0
51641, 15826, 1, 0, 0
51740, 12038, 1, 0, 0
51838, 11967, 1, 0, 0
51903, 15525, 1, 0, 0
52008, 14283, 1, 0, 0
52109, 19025, 1, 0, 0
52211, 15491, 1, 0, 0
52305, 13925, 1, 0, 0
52407, 12950, 1, 0, 0
52507, 12175, 1, 0, 0
52602, 12243, 1, 0, 0
52705, 11497, 1, 0, 0
52802, 11798, 1, 0, 0
52901, 16828, 1, 0, 0
53003, 12390, 1, 0, 0
53117, 11811, 1, 0, 0
53212, 13200, 1, 0, 0
53312, 12086, 1, 0, 0
53412, 12045, 1, 0, 0
53505, 11014, 1, 0, 0
53608, 16176, 1, 0, 0
53706, 13433, 1, 0, 0
53802, 10844, 1, 0, 0
53905, 12003, 1, 0, 0
54000, 17846, 1, 0, 0
54117, 13034, 1, 0, 0
54202, 13121, 1, 0, 0
54322, 16461, 1, 0, 0
54400, 13519, 1, 0, 0
54506, 18914, 1, 0, 0
54604, 17651, 1, 0, 0
54706, 14998, 1, 0, 0
54803, 19818, 1, 0, 0
54901, 20050, 1, 0, 0
55001, 17787, 1, 0, 0
55113, 16209, 1, 0, 0
55221, 24411, 1, 0, 0
55317, 19563, 1, 0, 0
55418, 16954, 1, 0, 0
55520, 15613, 1, 0, 0
55622, 16678, 1, 0, 0
55720, 14190, 1, 0, 0
55832, 21176, 1, 0, 0
55934, 19591, 1, 0, 0
56006, 19733, 1, 0, 0
56103, 18859, 1, 0, 0
56201, 15163, 1, 0, 0
56303, 19799, 1, 0, 0
56400, 15000, 1, 0, 0
56513, 13536, 1, 0, 0
56600, 15732, 1, 0, 0
56712, 12385, 1, 0, 0
56807, 15427, 1, 0, 0
56909, 13565, 1, 0, 0
57009, 14204, 1, 0, 0
57107, 15435, 1, 0, 0
57210, 22595, 1, 0, 0
57306, 21571, 1, 0, 0
57401, 21243, 1, 0, 0
57503, 21550, 1, 0, 0
57621, 22297, 1, 0, 0
57716, 21388, 1, 0, 0
57801, 20388, 1, 0, 0
57915, 19308, 1, 0, 0
58000, 11521, 1, 0, 0
58100, 15654, 1, 0, 0
58207, 13514, 1, 0, 0
58305, 13331, 1, 0, 0
58405, 12783, 1, 0, 0
58517, 21649, 1, 0, 0
58605, 16100, 1, 0, 0
58729, 22309, 1, 0, 0
58824, 24250, 1, 0, 0
58900, 19941, 1, 0, 0
59058, 28049, 1, 0, 0
59116, 11758, 1, 0, 0
59221, 24583, 1, 0, 0
59330, 14654, 1, 0, 0
59408, 15107, 1, 0, 0
59511, 14179, 1, 0, 0
59608, 17792, 1, 0, 0
59707, 15917, 1, 0, 0
59809, 13618, 1, 0, 0
59904, 17543, 1, 0, 0
60005, 21426, 1, 0, 0
60105, 18992, 1, 0, 0
60200, 13589, 1, 0, 0
60303, 12542, 1, 0, 0
60401, 15115, 1, 0, 0
60501, 14325, 1, 0, 0
60602, 16081, 1, 0, 0
60715, 12598, 1, 0, 0
60810, 13535, 1, 0, 0
60911, 15688, 1, 0, 0
61010, 12605, 1, 0, 0
61103, 12455, 1, 0, 0
61205, 18448, 1, 0, 0
61317, 21392, 1, 0, 0
61401, 19210, 1, 0, 0
61513, 21454, 1, 0, 0
61612, 20173, 1, 0, 0
61707, 22629, 1, 0, 0
61811, 22387, 1, 0, 0
61909, 20644, 1, 0, 0
62008, 15477, 1, 0, 0
62105, 16730, 1, 0, 0
62200, 17674, 1, 0, 0
62307, 17258, 1, 0, 0
62402, 15509, 1, 0, 0
62505, 14724, 1, 0, 0
62608, 15343, 1, 0, 0
62731, 28185, 1, 0, 0
62845, 28313, 1, 0, 0
62917, 19475, 1, 0, 0
63052, 24560, 1, 0, 0
63116, 23742, 1, 0, 0
63212, 23554, 1, 0, 0
63316, 24432, 1, 0, 0
63400, 17085, 1, 0, 0
63501, 19025, 1, 0, 0
63603, 21453, 1, 0, 0
63706, 22554, 1, 0, 0
63811, 22412, 1, 0, 0
63925, 28292, 1, 0, 0
64006, 22483, 1, 0, 0
64110, 19746, 1, 0, 0
64206, 18518, 1, 0, 0
64306, 19895, 1, 0, 0
64407, 20685, 1, 0, 0
64514, 14851, 1, 0, 0
64602, 18609, 1, 0, 0
64716, 20771, 1, 0, 0
64813, 22863, 1, 0, 0
64911, 16625, 1, 0, 0
65014, 19846, 1, 0, 0
65110, 15394, 1, 0, 0
65209, 20404, 1, 0, 0
65310, 14664, 1, 0, 0
65404, 17236, 1, 0, 0
65507, 16257, 1, 0, 0
65605, 16044, 1, 0, 0
65703, 14743, 1, 0, 0
65805, 12420, 1, 0, 0
65901, 15528, 1, 0, 0
66001, 16865, 1, 0, 0
66101, 13426, 1, 0, 0
66216, 15697, 1, 0, 0
66316, 13524, 1, 0, 0
66415, 15827, 1, 0, 0
66546, 12869, 1, 0, 0
66649, 14329, 1, 0, 0
66702, 13901, 1, 0, 0
66807, 14268, 1, 0, 0
66912, 14217, 1, 0, 0
67012, 15155, 1, 0, 0
67108, 11307, 1, 0, 0
67208, 11992, 1, 0, 0
67308, 12605, 1, 0, 0
67403, 10496, 1, 0, 0
67500, 12604, 1, 0, 0
67621, 13093, 1, 0, 0
67703, 12212, 1, 0, 0
67806, 12881, 1, 0, 0
67905, 15506, 1, 0, 0
68002, 17134, 1, 0, 0
68105, 15924, 1, 0, 0
68203, 14893, 1, 0, 0
68303, 12391, 1, 0, 0
68404, 11511, 1, 0, 0
68502, 13359, 1, 0, 0
68603, 11922, 1, 0, 0
68702, 11653, 1, 0, 0
68815, 14905, 1, 0, 0
68901, 13435, 1, 0, 0
69014, 14878, 1, 0, 0
69107, 14263, 1, 0, 0
69212, 14718, 1, 0, 0
69312, 16603, 1, 0, 0
69408, 18604, 1, 0, 0
69507, 20513, 1, 0, 0
69607, 14548, 1, 0, 0
69702, 28017, 1, 0, 0
69804, 21624, 1, 0, 0
69901, 17049, 1, 0, 0
70015, 16520, 1, 0, 0
70101, 15670, 1, 0, 0
70213, 14975, 1, 0, 0
70308, 16554, 1, 0, 0
70427, 16789, 1, 0, 0
70532, 14116, 1, 0, 0
70635, 12924, 1, 0, 0
70740, 20197, 1, 0, 0
70840, 22387, 1, 0, 0
70926, 26737, 1, 0, 0
71023, 15673, 1, 0, 0
71109, 23204, 1, 0, 0
71208, 15278, 1, 0, 0
71315, 15888, 1, 0, 0
71416, 15053, 1, 0, 0
71506, 15915, 1, 0, 0
71604, 16416, 1, 0, 0
71708, 14611, 1, 0, 0
71808, 15334, 1, 0, 0
71907, 13670, 1, 0, 0
72012, 12693, 1, 0, 0
72112, 13817, 1, 0, 0
72207, 13658, 1, 0, 0
72306, 13385, 1, 0, 0
72410, 14851, 1, 0, 0
72512, 13845, 1, 0, 0
72600, 13617, 1, 0, 0
72715, 13959, 1, 0, 0
72800, 13501, 1, 0, 0
72910, 13042, 1, 0, 0
73010, 13550, 1, 0, 0
73110, 15792, 1, 0, 0
73214, 16726, 1, 0, 0
73312, 12897, 1, 0, 0
73401, 15402, 1, 0, 0
73516, 14394, 1, 0, 0
73601, 14139, 1, 0, 0
73704, 16295, 1, 0, 0
73803, 17962, 1, 0, 0
73907, 23231, 1, 0, 0
74005, 21092, 1, 0, 0
74107, 18160, 1, 0, 0
74211, 16812, 1, 0, 0
74308, 21158, 1, 0, 0
74435, 17205, 1, 0, 0
74533, 24901, 1, 0, 0
74636, 16962, 1, 0, 0
74739, 18748, 1, 0, 0
74839, 31647, 1, 0, 0
74930, 16142, 1, 0, 0
75008, 19921, 1, 0, 0
75118, 19645, 1, 0, 0
75203, 18208, 1, 0, 0
75302, 18302, 1, 0, 0
75415, 19045, 1, 0, 0
75502, 20379, 1, 0, 0
75615, 18259, 1, 0, 0
75714, 17056, 1, 0, 0
75801, 13565, 1, 0, 0
75913, 18746, 1, 0, 0
76011, 20976, 1, 0, 0
76112, 19220, 1, 0, 0
76214, 19716, 1, 0, 0
76300, 18373, 1, 0, 0
76412, 17634, 1, 0, 0
76512, 23781, 1, 0, 0
76609, 13722, 1, 0, 0
76711, 12004, 1, 0, 0
76809, 16112, 1, 0, 0
76900, 20706, 1, 0, 0
77012, 14959, 1, 0, 0
77111, 18231, 1, 0, 0
77207, 13812, 1, 0, 0
77310, 13169, 1, 0, 0
77405, 11470, 1, 0, 0
77506, 11452, 1, 0, 0
77608, 11102, 1, 0, 0
77707, 13612, 1, 0, 0
77807, 13619, 1, 0, 0
77908, 16167, 1, 0, 0
78002, 14058, 1, 0, 0
78106, 12711, 1, 0, 0
78205, 12862, 1, 0, 0
78304, 13216, 1, 0, 0
78403, 19226, 1, 0, 0
78506, 26082, 1, 0, 0
78608, 14549, 1, 0, 0
78710, 12549, 1, 0, 0
78809, 12356, 1, 0, 0
78921, 12727, 1, 0, 0
79026, 10382, 1, 0, 0
79110, 12237, 1, 0, 0
79213, 17069, 1, 0, 0
79315, 18093, 1, 0, 0
79409, 13671, 1, 0, 0
79500, 22994, 1, 0, 0
79613, 15887, 1, 0, 0
79708, 12260, 1, 0, 0
79811, 15820, 1, 0, 0
79908, 18250, 1, 0, 0
80007, 16979, 1, 0, 0
80111, 16903, 1, 0, 0
80206, 23948, 1, 0, 0
80306, 15492, 1, 0, 0
80406, 11583, 1, 0, 0
80501, 12662, 1, 0, 0
80603, 13954, 1, 0, 0
80701, 13241, 1, 0, 0
80814, 13288, 1, 0, 0
80900, 12940, 1, 0, 0
81013, 12583, 1, 0, 0
81107, 12171, 1, 0, 0
81204, 11581, 1, 0, 0
81300, 12276, 1, 0, 0
81413, 15878, 1, 0, 0
81506, 12376, 1, 0, 0
81606, 11964, 1, 0, 0
81701, 11882, 1, 0, 0
81803, 13052, 1, 0, 0
81916, 12261, 1, 0, 0
82012, 18154, 1, 0, 0
82110, 14414, 1, 0, 0
82211, 14713, 1, 0, 0
82328, 13294, 1, 0, 0
82431, 13477, 1, 0, 0
82537, 15805, 1, 0, 0
82648, 13624, 1, 0, 0
82707, 17542, 1, 0, 0
82823, 19660, 1, 0, 0
82909, 15212, 1, 0, 0
83012, 16311, 1, 0, 0
83113, 20302, 1, 0, 0
83200, 19546, 1, 0, 0
83300, 14863, 1, 0, 0
83414, 12834, 1, 0, 0
83502, 15632, 1, 0, 0
83617, 17586, 1, 0, 0
83700, 14859, 1, 0, 0
83810, 13284, 1, 0, 0
83910, 16792, 1, 0, 0
84008, 15816, 1, 0, 0
84114, 16357, 1, 0, 0
84213, 13444, 1, 0, 0
84301, 13412, 1, 0, 0
84414, 15052, 1, 0, 0
84510, 13476, 1, 0, 0
84614, 13122, 1, 0, 0
84715, 17890, 1, 0, 0
84800, 12877, 1, 0, 0
84913, 13970, 1, 0, 0
85012, 16936, 1, 0, 0
85109, 15292, 1, 0, 0
85212, 13444, 1, 0, 0
85308, 15391, 1, 0, 0
85408, 14434, 1, 0, 0
85509, 13440, 1, 0, 0
85605, 13740, 1, 0, 0
85708, 18886, 1, 0, 0
85807, 18204, 1, 0, 0
85905, 13606, 1, 0, 0
86008, 12229, 1, 0, 0
86104, 14799, 1, 0, 0
86237, 15261, 1, 0, 0
86339, 13322, 1, 0, 0
86444, 15321, 1, 0, 0
86544, 14037, 1, 0, 0
86643, 17158, 1, 0, 0
86746, 30736, 1, 0, 0
86830, 13765, 1, 0, 0
86924, 13517, 1, 0, 0
87014, 15966, 1, 0, 0
87103, 13406, 1, 0, 0
87202, 14860, 1, 0, 0
87302, 19642, 1, 0, 0
87405, 24871, 1, 0, 0
87501, 24844, 1, 0, 0
87604, 21515, 1, 0, 0
87705, 19661, 1, 0, 0
87803, 18643, 1, 0, 0
87900, 21015, 1, 0, 0
88000, 16465, 1, 0, 0
88102, 18130, 1, 0, 0
88202, 19670, 1, 0, 0
88316, 18078, 1, 0, 0
88402, 18726, 1, 0, 0
88502, 14009, 1, 0, 0
88609, 14301, 1, 0, 0
88711, 15350, 1, 0, 0
88813, 17556, 1, 0, 0
88909, 16726, 1, 0, 0
89012, 13729, 1, 0, 0
89112, 13145, 1, 0, 0
89209, 16906, 1, 0, 0
89313, 18990, 1, 0, 0
89409, 15911, 1, 0, 0
89510, 17816, 1, 0, 0
89612, 21325, 1, 0, 0
89701, 19901, 1, 0, 0
89806, 17900, 1, 0, 0
89903, 12395, 1, 0, 0
90003, 13926, 1, 0, 0
