100, 14326810, 1, 0, 0
212, 13963180, 1, 0, 0
306, 13436775, 1, 0, 0
408, 14530939, 1, 0, 0
507, 14176133, 1, 0, 0
602, 13575892, 1, 0, 0
705, 14586233, 1, 0, 0
802, 13842378, 1, 0, 0
912, 13835861, 1, 0, 0
1000, 14660181, 1, 0, 0
1103, 20572470, 1, 0, 0
1209, 52718728, 1, 0, 0
1334, 41679817, 1, 0, 0
1440, 53026839, 1, 0, 0
1540, 49827589, 1, 0, 0
1642, 51309759, 1, 0, 0
1743, 50130660, 1, 0, 0
1800, 19133890, 1, 0, 0
1914, 14155039, 1, 0, 0
2001, 14489208, 1, 0, 0
2113, 14094182, 1, 0, 0
2209, 13667737, 1, 0, 0
2311, 14460445, 1, 0, 0
2412, 14544883, 1, 0, 0
2507, 13464434, 1, 0, 0
2610, 14660695, 1, 0, 0
2707, 13966359, 1, 0, 0
2805, 13880400, 1, 0, 0
2909, 14885655, 1, 0, 0
3004, 13589619, 1, 0, 0
3104, 14174124, 1, 0, 0
3204, 14265506, 1, 0, 0
3317, 14123602, 1, 0, 0
3401, 14062064, 1, 0, 0
3500, 14108316, 1, 0, 0
3614, 14192582, 1, 0, 0
3700, 14353176, 1, 0, 0
3812, 14025790, 1, 0, 0
3908, 13668156, 1, 0, 0
4008, 14215612, 1, 0, 0
4108, 14299258, 1, 0, 0
4202, 13375554, 1, 0, 0
4308, 15083206, 1, 0, 0
4408, 14350927, 1, 0, 0
4502, 13375868, 1, 0, 0
4605, 14718194, 1, 0, 0
4703, 13956280, 1, 0, 0
4814, 13907914, 1, 0, 0
4900, 14274773, 1, 0, 0
5014, 16243086, 1, 0, 0
5117, 51448319, 1, 0, 0
5220, 51312237, 1, 0, 0
5318, 49463002, 1, 0, 0
5417, 49063798, 1, 0, 0
5516, 49702221, 1, 0, 0
5610, 31459770, 1, 0, 0
5707, 32100476, 1, 0, 0
5807, 14241441, 1, 0, 0
5902, 13609272, 1, 0, 0
6005, 14730834, 1, 0, 0
6102, 13839107, 1, 0, 0
6201, 14045681, 1, 0, 0
6302, 14405391, 1, 0, 0
6415, 14095419, 1, 0, 0
6509, 13524362, 1, 0, 0
6610, 14430421, 1, 0, 0
6711, 14291467, 1, 0, 0
6808, 13872324, 1, 0, 0
6912, 14796258, 1, 0, 0
7009, 13882745, 1, 0, 0
7107, 13951060, 1, 0, 0
7207, 14381073, 1, 0, 0
7302, 13444129, 1, 0, 0
7403, 14396661, 1, 0, 0
7502, 14138000, 1, 0, 0
7614, 14024700, 1, 0, 0
7709, 13626134, 1, 0, 0
7812, 14636058, 1, 0, 0
7909, 13791523, 1, 0, 0
8006, 13933017, 1, 0, 0
8107, 14360223, 1, 0, 0
8201, 13470002, 1, 0, 0
8303, 14480265, 1, 0, 0
8401, 14074987, 1, 0, 0
8514, 14004975, 1, 0, 0
8609, 13547657, 1, 0, 0
8710, 14532061, 1, 0, 0
8806, 13614189, 1, 0, 0
8904, 13987199, 1, 0, 0
9047, 28555373, 1, 0, 0
9100, 53343096, 1, 0, 0
9250, 49832525, 1, 0, 0
9348, 49037630, 1, 0, 0
9447, 49728534, 1, 0, 0
9523, 38030482, 1, 0, 0
9628, 34781195, 1, 0, 0
9711, 16598380, 1, 0, 0
9813, 14646667, 1, 0, 0
9913, 14176293, 1, 0, 0
10009, 13670503, 1, 0, 0
10112, 14705883, 1, 0, 0
10208, 13736382, 1, 0, 0
10306, 13994642, 1, 0, 0
10408, 14518383, 1, 0, 0
10506, 13993233, 1, 0, 0
10607, 14378079, 1, 0, 0
10708, 14398273, 1, 0, 0
10805, 13862779, 1, 0, 0
10904, 16583150, 1, 0, 0
11000, 13713348, 1, 0, 0
11102, 14535242, 1, 0, 0
11204, 14510953, 1, 0, 0
11317, 14066356, 1, 0, 0
11400, 13957621, 1, 0, 0
11500, 14200995, 1, 0, 0
11615, 14374032, 1, 0, 0
11709, 13458745, 1, 0, 0
11810, 14358474, 1, 0, 0
11908, 14041061, 1, 0, 0
12004, 13607779, 1, 0, 0
12106, 14628541, 1, 0, 0
12205, 14006407, 1, 0, 0
12304, 14160419, 1, 0, 0
12406, 14562639, 1, 0, 0
12502, 13661860, 1, 0, 0
12600, 13964970, 1, 0, 0
12700, 14277335, 1, 0, 0
12812, 13984554, 1, 0, 0
12921, 15540076, 1, 0, 0
13032, 55748918, 1, 0, 0
13140, 53918074, 1, 0, 0
13248, 53686203, 1, 0, 0
13303, 55298883, 1, 0, 0
13407, 52199534, 1, 0, 0
13512, 52556670, 1, 0, 0
13610, 24347650, 1, 0, 0
13710, 14339827, 1, 0, 0
13811, 14378574, 1, 0, 0
13906, 13527400, 1, 0, 0
14009, 14765257, 1, 0, 0
14108, 14042400, 1, 0, 0
14205, 13853724, 1, 0, 0
14307, 14621985, 1, 0, 0
14404, 13759621, 1, 0, 0
14505, 14466756, 1, 0, 0
14612, 15285795, 1, 0, 0
14712, 14281386, 1, 0, 0
14809, 13847632, 1, 0, 0
14912, 14648366, 1, 0, 0
15007, 13613753, 1, 0, 0
15107, 14267705, 1, 0, 0
15208, 14342899, 1, 0, 0
15305, 13894948, 1, 0, 0
15408, 14645700, 1, 0, 0
15507, 14157959, 1, 0, 0
15605, 13879343, 1, 0, 0
15708, 14769998, 1, 0, 0
15806, 14035776, 1, 0, 0
15904, 13889949, 1, 0, 0
16006, 14599852, 1, 0, 0
16102, 13674738, 1, 0, 0
16203, 14454879, 1, 0, 0
16306, 14691569, 1, 0, 0
16404, 13975991, 1, 0, 0
16505, 14408233, 1, 0, 0
16600, 15761148, 1, 0, 0
16712, 13977155, 1, 0, 0
16808, 13754012, 1, 0, 0
16920, 27961178, 1, 0, 0
17021, 50246527, 1, 0, 0
17126, 52660133, 1, 0, 0
17243, 58307060, 1, 0, 0
17301, 57899603, 1, 0, 0
17409, 54162289, 1, 0, 0
17524, 57615723, 1, 0, 0
17611, 14391625, 1, 0, 0
17706, 13632150, 1, 0, 0
17806, 14288859, 1, 0, 0
17907, 14377414, 1, 0, 0
18012, 14887222, 1, 0, 0
18110, 14050845, 1, 0, 0
18212, 14517597, 1, 0, 0
18308, 13793613, 1, 0, 0
18411, 14654174, 1, 0, 0
18512, 14346783, 1, 0, 0
18606, 13517034, 1, 0, 0
18711, 14971552, 1, 0, 0
18809, 13994002, 1, 0, 0
18907, 13871865, 1, 0, 0
19009, 14642947, 1, 0, 0
19105, 13634740, 1, 0, 0
19205, 14310060, 1, 0, 0
19308, 14746633, 1, 0, 0
19403, 13548061, 1, 0, 0
19504, 14385562, 1, 0, 0
19603, 14165168, 1, 0, 0
19716, 14061179, 1, 0, 0
19801, 14190274, 1, 0, 0
19915, 14159603, 1, 0, 0
20012, 13818383, 1, 0, 0
20106, 15679818, 1, 0, 0
20205, 14193574, 1, 0, 0
20300, 13558879, 1, 0, 0
20403, 14669250, 1, 0, 0
20503, 14317789, 1, 0, 0
20615, 13929018, 1, 0, 0
20701, 14322830, 1, 0, 0
20814, 16175505, 1, 0, 0
20915, 50529191, 1, 0, 0
21018, 51369120, 1, 0, 0
21120, 50789770, 1, 0, 0
21218, 48890743, 1, 0, 0
21319, 50536526, 1, 0, 0
21419, 33293049, 1, 0, 0
21516, 32390164, 1, 0, 0
21604, 14715329, 1, 0, 0
21701, 13846184, 1, 0, 0
21805, 14708425, 1, 0, 0
21901, 13691685, 1, 0, 0
22000, 14238024, 1, 0, 0
22101, 14368694, 1, 0, 0
22214, 14090562, 1, 0, 0
22308, 13402275, 1, 0, 0
22411, 14706845, 1, 0, 0
22512, 14333318, 1, 0, 0
22609, 13938545, 1, 0, 0
22712, 14680631, 1, 0, 0
22810, 13858210, 1, 0, 0
22908, 14029039, 1, 0, 0
23009, 14487765, 1, 0, 0
23104, 13473939, 1, 0, 0
23205, 14362099, 1, 0, 0
23304, 14175960, 1, 0, 0
23417, 14094064, 1, 0, 0
23502, 14170471, 1, 0, 0
23615, 14063774, 1, 0, 0
23712, 13844849, 1, 0, 0
23810, 13984673, 1, 0, 0
23911, 14468315, 1, 0, 0
24006, 13518617, 1, 0, 0
24108, 14515956, 1, 0, 0
24207, 14109900, 1, 0, 0
24301, 13498007, 1, 0, 0
24404, 14665099, 1, 0, 0
24513, 15545099, 1, 0, 0
24607, 13383507, 1, 0, 0
24701, 13485552, 1, 0, 0
24841, 46617197, 1, 0, 0
24945, 51717269, 1, 0, 0
25047, 51384993, 1, 0, 0
25146, 49335340, 1, 0, 0
25249, 51282322, 1, 0, 0
25314, 32400174, 1, 0, 0
25419, 35054119, 1, 0, 0
25507, 14727990, 1, 0, 0
25603, 13668308, 1, 0, 0
25704, 16825059, 1, 0, 0
25801, 13880221, 1, 0, 0
25903, 14485805, 1, 0, 0
26005, 14530793, 1, 0, 0
26101, 13697055, 1, 0, 0
26207, 15221112, 1, 0, 0
26307, 16537840, 1, 0, 0
26404, 16190612, 1, 0, 0
26509, 17483024, 1, 0, 0
26610, 16756879, 1, 0, 0
26710, 16707637, 1, 0, 0
26813, 17163950, 1, 0, 0
26909, 15879944, 1, 0, 0
27010, 16923278, 1, 0, 0
27110, 16597257, 1, 0, 0
27207, 16179098, 1, 0, 0
27313, 17554293, 1, 0, 0
27410, 16162910, 1, 0, 0
27509, 16538356, 1, 0, 0
27612, 17125505, 1, 0, 0
27707, 15857830, 1, 0, 0
27809, 16915989, 1, 0, 0
27911, 16914069, 1, 0, 0
28007, 16011221, 1, 0, 0
28112, 17488761, 1, 0, 0
28209, 16216856, 1, 0, 0
28308, 16486667, 1, 0, 0
28411, 17039441, 1, 0, 0
28506, 15790619, 1, 0, 0
28608, 16988301, 1, 0, 0
28706, 16408923, 1, 0, 0
28805, 32852302, 1, 0, 0
28905, 49911539, 1, 0, 0
29005, 50062988, 1, 0, 0
29107, 50878739, 1, 0, 0
29210, 51481953, 1, 0, 0
29305, 47401339, 1, 0, 0
29403, 32834040, 1, 0, 0
29510, 21384673, 1, 0, 0
29610, 16587223, 1, 0, 0
29711, 16876343, 1, 0, 0
29807, 13602642, 1, 0, 0
29911, 14924062, 1, 0, 0
30012, 14413178, 1, 0, 0
30108, 13635439, 1, 0, 0
30211, 14655562, 1, 0, 0
30308, 13836175, 1, 0, 0
30406, 13968759, 1, 0, 0
30510, 14827580, 1, 0, 0
30605, 13593841, 1, 0, 0
30706, 14453927, 1, 0, 0
30806, 14177755, 1, 0, 0
30901, 13667280, 1, 0, 0
31004, 14679212, 1, 0, 0
31101, 13765963, 1, 0, 0
31200, 14141082, 1, 0, 0
31301, 14453948, 1, 0, 0
31415, 14168202, 1, 0, 0
31509, 13522667, 1, 0, 0
31611, 14461878, 1, 0, 0
31712, 14472162, 1, 0, 0
31805, 13325904, 1, 0, 0
31907, 14451973, 1, 0, 0
32006, 14141887, 1, 0, 0
32102, 13753677, 1, 0, 0
32204, 14535563, 1, 0, 0
32316, 13970567, 1, 0, 0
32411, 13488777, 1, 0, 0
32509, 14082266, 1, 0, 0
32607, 14008303, 1, 0, 0
32707, 33037405, 1, 0, 0
32807, 50420338, 1, 0, 0
32908, 50307714, 1, 0, 0
33008, 49880122, 1, 0, 0
33110, 51239042, 1, 0, 0
33219, 36254602, 1, 0, 0
33318, 32824152, 1, 0, 0
33404, 14266667, 1, 0, 0
33504, 14275943, 1, 0, 0
33604, 14312640, 1, 0, 0
33705, 14486980, 1, 0, 0
33805, 14220320, 1, 0, 0
33905, 14211449, 1, 0, 0
34017, 14030038, 1, 0, 0
34101, 14066180, 1, 0, 0
34214, 14030141, 1, 0, 0
34312, 13981704, 1, 0, 0
34409, 13874099, 1, 0, 0
34513, 14846982, 1, 0, 0
34609, 13696359, 1, 0, 0
34709, 14254554, 1, 0, 0
34809, 14253105, 1, 0, 0
34904, 13535441, 1, 0, 0
35007, 14726684, 1, 0, 0
35105, 14016644, 1, 0, 0
35202, 13805074, 1, 0, 0
35305, 14645922, 1, 0, 0
35417, 13989107, 1, 0, 0
35511, 13464965, 1, 0, 0
35603, 18324697, 1, 0, 0
35715, 13976288, 1, 0, 0
35809, 13488419, 1, 0, 0
35909, 14166072, 1, 0, 0
36009, 14330171, 1, 0, 0
36102, 13305977, 1, 0, 0
36205, 14599050, 1, 0, 0
36303, 13988591, 1, 0, 0
36415, 14074024, 1, 0, 0
36500, 14094753, 1, 0, 0
36625, 17807878, 1, 0, 0
36727, 51088235, 1, 0, 0
36825, 49022615, 1, 0, 0
36926, 50296182, 1, 0, 0
37027, 50651906, 1, 0, 0
37127, 49823742, 1, 0, 0
37221, 31333902, 1, 0, 0
37307, 28879867, 1, 0, 0
37406, 14112092, 1, 0, 0
37508, 14432387, 1, 0, 0
37603, 13550148, 1, 0, 0
37704, 14402428, 1, 0, 0
37803, 14176731, 1, 0, 0
37915, 14040654, 1, 0, 0
38001, 14217059, 1, 0, 0
38113, 14057964, 1, 0, 0
38210, 13741629, 1, 0, 0
38307, 13936556, 1, 0, 0
38410, 14626693, 1, 0, 0
38505, 13568728, 1, 0, 0
38606, 14409845, 1, 0, 0
38705, 14144132, 1, 0, 0
38801, 13677392, 1, 0, 0
38904, 14670543, 1, 0, 0
39000, 13774883, 1, 0, 0
39107, 15152788, 1, 0, 0
39205, 16447918, 1, 0, 0
39318, 16063274, 1, 0, 0
39402, 16891354, 1, 0, 0
39509, 17775921, 1, 0, 0
39603, 18676198, 1, 0, 0
39708, 17571042, 1, 0, 0
39816, 17879707, 1, 0, 0
39908, 18456373, 1, 0, 0
40012, 17367704, 1, 0, 0
40124, 27774321, 1, 0, 0
40263, 69833377, 1, 0, 0
40377, 113774474, 1, 0, 0
40722, 345291052, 1, 0, 0
40819, 48416683, 1, 0, 0
40907, 17567434, 1, 0, 0
41011, 17168886, 1, 0, 0
41103, 18541972, 1, 0, 0
41213, 18232738, 1, 0, 0
41305, 18335046, 1, 0, 0
41415, 18387767, 1, 0, 0
41503, 17560055, 1, 0, 0
41612, 18062497, 1, 0, 0
41712, 20049681, 1, 0, 0
41801, 14829276, 1, 0, 0
41913, 14005005, 1, 0, 0
42009, 13628819, 1, 0, 0
42109, 14350761, 1, 0, 0
42209, 14150217, 1, 0, 0
42304, 13554879, 1, 0, 0
42406, 14542300, 1, 0, 0
42502, 13719174, 1, 0, 0
42613, 13936229, 1, 0, 0
42702, 14812539, 1, 0, 0
42816, 16221669, 1, 0, 0
42911, 15726959, 1, 0, 0
43010, 16530113, 1, 0, 0
43110, 16714364, 1, 0, 0
43204, 15488919, 1, 0, 0
43315, 22255407, 1, 0, 0
43424, 15538570, 1, 0, 0
43526, 50837180, 1, 0, 0
43628, 51361724, 1, 0, 0
43729, 50509604, 1, 0, 0
43841, 55710925, 1, 0, 0
43900, 59125548, 1, 0, 0
44012, 56214726, 1, 0, 0
44109, 19344684, 1, 0, 0
44205, 13637529, 1, 0, 0
44307, 14627825, 1, 0, 0
44407, 14219382, 1, 0, 0
44504, 13812138, 1, 0, 0
44608, 14775099, 1, 0, 0
44705, 13874675, 1, 0, 0
44803, 14050714, 1, 0, 0
44906, 14592939, 1, 0, 0
45002, 13692076, 1, 0, 0
45104, 14541646, 1, 0, 0
45205, 14464353, 1, 0, 0
45302, 13786424, 1, 0, 0
45405, 14764658, 1, 0, 0
45503, 13967281, 1, 0, 0
45602, 14109026, 1, 0, 0
45705, 14625025, 1, 0, 0
45802, 13919832, 1, 0, 0
45902, 14270480, 1, 0, 0
46002, 14305661, 1, 0, 0
46116, 14150368, 1, 0, 0
46200, 13964325, 1, 0, 0
46300, 14316125, 1, 0, 0
46415, 14271902, 1, 0, 0
46508, 13345269, 1, 0, 0
46610, 14518604, 1, 0, 0
46707, 13892250, 1, 0, 0
46803, 13715662, 1, 0, 0
46905, 14528926, 1, 0, 0
47000, 13442416, 1, 0, 0
47112, 14052086, 1, 0, 0
47211, 14051319, 1, 0, 0
47304, 15493864, 1, 0, 0
47414, 22098396, 1, 0, 0
47523, 54107549, 1, 0, 0
47624, 50692952, 1, 0, 0
47732, 54056815, 1, 0, 0
47843, 55629873, 1, 0, 0
47913, 69177147, 1, 0, 0
48024, 55563713, 1, 0, 0
48110, 21435746, 1, 0, 0
48206, 13751906, 1, 0, 0
48306, 14265470, 1, 0, 0
48407, 14405607, 1, 0, 0
48502, 13593091, 1, 0, 0
48605, 14655669, 1, 0, 0
48703, 14026395, 1, 0, 0
48800, 13751727, 1, 0, 0
48902, 14595161, 1, 0, 0
49014, 14014347, 1, 0, 0
49110, 13673559, 1, 0, 0
49211, 14499919, 1, 0, 0
49312, 14320920, 1, 0, 0
49406, 13434717, 1, 0, 0
49509, 14695003, 1, 0, 0
49607, 14034546, 1, 0, 0
49700, 15497661, 1, 0, 0
49801, 14343537, 1, 0, 0
49914, 14147207, 1, 0, 0
50008, 13378794, 1, 0, 0
50110, 14572932, 1, 0, 0
50208, 13988569, 1, 0, 0
50305, 13783383, 1, 0, 0
50407, 14558527, 1, 0, 0
50501, 13450972, 1, 0, 0
50602, 14394638, 1, 0, 0
50703, 14408874, 1, 0, 0
50815, 13999243, 1, 0, 0
50909, 13382996, 1, 0, 0
51013, 14811476, 1, 0, 0
51110, 13810519, 1, 0, 0
51206, 13725176, 1, 0, 0
51309, 17110286, 1, 0, 0
51412, 51703310, 1, 0, 0
51514, 51195666, 1, 0, 0
51617, 51062483, 1, 0, 0
51714, 48824095, 1, 0, 0
51815, 50225685, 1, 0, 0
51917, 34164276, 1, 0, 0
52000, 27448416, 1, 0, 0
52104, 14824126, 1, 0, 0
52202, 14060267, 1, 0, 0
52315, 14144377, 1, 0, 0
52402, 14457814, 1, 0, 0
52515, 14081202, 1, 0, 0
52611, 13627920, 1, 0, 0
52710, 14183787, 1, 0, 0
52810, 14311191, 1, 0, 0
52908, 13842677, 1, 0, 0
53008, 14393400, 1, 0, 0
53109, 14350004, 1, 0, 0
53205, 13648486, 1, 0, 0
53306, 14521818, 1, 0, 0
53403, 13768496, 1, 0, 0
53501, 13962391, 1, 0, 0
53602, 14393151, 1, 0, 0
53714, 14031519, 1, 0, 0
53808, 13433296, 1, 0, 0
53910, 14573842, 1, 0, 0
54010, 14175293, 1, 0, 0
54106, 16021867, 1, 0, 0
54232, 25259531, 1, 0, 0
54305, 72685857, 1, 0, 0
54407, 17002692, 1, 0, 0
54514, 15248573, 1, 0, 0
54612, 13933475, 1, 0, 0
54711, 14196156, 1, 0, 0
54811, 14297171, 1, 0, 0
54905, 13410990, 1, 0, 0
55007, 14544566, 1, 0, 0
55104, 13817021, 1, 0, 0
55200, 13659577, 1, 0, 0
55343, 47803129, 1, 0, 0
55443, 49619920, 1, 0, 0
55547, 52318940, 1, 0, 0
55647, 49856697, 1, 0, 0
55747, 49687269, 1, 0, 0
55815, 34390695, 1, 0, 0
55929, 37714979, 1, 0, 0
56011, 13707671, 1, 0, 0
56112, 14338433, 1, 0, 0
56206, 13481573, 1, 0, 0
56309, 14704737, 1, 0, 0
56409, 14305484, 1, 0, 0
56505, 13607148, 1, 0, 0
56607, 14573147, 1, 0, 0
56704, 13798348, 1, 0, 0
56802, 14049468, 1, 0, 0
56903, 14398177, 1, 0, 0
57000, 13802382, 1, 0, 0
57101, 14527061, 1, 0, 0
57203, 14415004, 1, 0, 0
57315, 14036350, 1, 0, 0
57406, 15166075, 1, 0, 0
57508, 16949721, 1, 0, 0
57606, 24571789, 1, 0, 0
57706, 19962227, 1, 0, 0
57816, 21862448, 1, 0, 0
57909, 18563178, 1, 0, 0
58013, 20773302, 1, 0, 0
58108, 19125091, 1, 0, 0
58215, 21392540, 1, 0, 0
58317, 20330596, 1, 0, 0
58413, 19180879, 1, 0, 0
58506, 18672678, 1, 0, 0
58614, 17824622, 1, 0, 0
58775, 32248380, 1, 0, 0
58860, 85149108, 1, 0, 0
58950, 89958417, 1, 0, 0
59031, 81051008, 1, 0, 0
59142, 55288312, 1, 0, 0
59249, 53417196, 1, 0, 0
59301, 52902883, 1, 0, 0
59402, 33626441, 1, 0, 0
59504, 14438346, 1, 0, 0
59617, 14153756, 1, 0, 0
59702, 14122530, 1, 0, 0
59800, 14027479, 1, 0, 0
59913, 14127585, 1, 0, 0
60000, 14407041, 1, 0, 0
60113, 14125903, 1, 0, 0
60208, 13565511, 1, 0, 0
60308, 14230204, 1, 0, 0
60409, 14443489, 1, 0, 0
60507, 13961658, 1, 0, 0
60609, 14506811, 1, 0, 0
60706, 13963377, 1, 0, 0
60803, 13784584, 1, 0, 0
60906, 14696829, 1, 0, 0
61001, 13576773, 1, 0, 0
61108, 15179794, 1, 0, 0
61211, 14767853, 1, 0, 0
61309, 13937650, 1, 0, 0
61406, 13787502, 1, 0, 0
61508, 14617387, 1, 0, 0
61603, 13526783, 1, 0, 0
61703, 14229255, 1, 0, 0
61805, 14604311, 1, 0, 0
61917, 14021906, 1, 0, 0
62003, 14210546, 1, 0, 0
62106, 14646534, 1, 0, 0
62200, 13450067, 1, 0, 0
62308, 17920019, 1, 0, 0
62402, 23522412, 1, 0, 0
62505, 20638114, 1, 0, 0
62608, 34280101, 1, 0, 0
62731, 61613417, 1, 0, 0
62845, 56957441, 1, 0, 0
62917, 71851575, 1, 0, 0
63052, 67453863, 1, 0, 0
63117, 64526607, 1, 0, 0
63212, 31953084, 1, 0, 0
63316, 20734133, 1, 0, 0
63400, 20798065, 1, 0, 0
63501, 20209617, 1, 0, 0
63603, 20419061, 1, 0, 0
63706, 17137958, 1, 0, 0
63811, 17421806, 1, 0, 0
63925, 22882934, 1, 0, 0
64006, 16145608, 1, 0, 0
64110, 14799242, 1, 0, 0
64206, 13727887, 1, 0, 0
64306, 14260589, 1, 0, 0
64407, 14369446, 1, 0, 0
64504, 13850993, 1, 0, 0
64602, 16316560, 1, 0, 0
64716, 14158225, 1, 0, 0
64813, 13873868, 1, 0, 0
64911, 13952922, 1, 0, 0
65014, 14812905, 1, 0, 0
65110, 13601899, 1, 0, 0
65209, 14227983, 1, 0, 0
65310, 14334648, 1, 0, 0
65404, 13400452, 1, 0, 0
65507, 14746037, 1, 0, 0
65605, 14015238, 1, 0, 0
65703, 13869573, 1, 0, 0
65805, 14649071, 1, 0, 0
65901, 13641704, 1, 0, 0
66001, 14296937, 1, 0, 0
66101, 14255579, 1, 0, 0
66216, 14344051, 1, 0, 0
66316, 20059387, 1, 0, 0
66415, 32848442, 1, 0, 0
66546, 43643230, 1, 0, 0
66649, 51599561, 1, 0, 0
66702, 53106553, 1, 0, 0
66807, 52310582, 1, 0, 0
66912, 52750863, 1, 0, 0
67012, 16639573, 1, 0, 0
67108, 13622130, 1, 0, 0
67208, 14291176, 1, 0, 0
67308, 14332881, 1, 0, 0
67403, 13516059, 1, 0, 0
67500, 16117773, 1, 0, 0
67615, 14425234, 1, 0, 0
67711, 13612136, 1, 0, 0
67811, 14289514, 1, 0, 0
67914, 14677251, 1, 0, 0
68009, 13576149, 1, 0, 0
68111, 14552882, 1, 0, 0
68213, 14514394, 1, 0, 0
68309, 13689700, 1, 0, 0
68412, 14718548, 1, 0, 0
68511, 14221138, 1, 0, 0
68608, 13809190, 1, 0, 0
68711, 14687945, 1, 0, 0
68806, 13539064, 1, 0, 0
68906, 14286548, 1, 0, 0
69007, 14359425, 1, 0, 0
69107, 14274528, 1, 0, 0
69208, 14355395, 1, 0, 0
69304, 16104941, 1, 0, 0
69417, 14082524, 1, 0, 0
69502, 14116033, 1, 0, 0
69614, 13974545, 1, 0, 0
69711, 13924702, 1, 0, 0
69809, 13888984, 1, 0, 0
69910, 14422567, 1, 0, 0
70005, 13584575, 1, 0, 0
70106, 14383700, 1, 0, 0
70205, 14095873, 1, 0, 0
70300, 13585217, 1, 0, 0
70403, 25825216, 1, 0, 0
70507, 51919466, 1, 0, 0
70609, 50941036, 1, 0, 0
70713, 52145739, 1, 0, 0
70816, 51298345, 1, 0, 0
70908, 45842290, 1, 0, 0
71004, 32098519, 1, 0, 0
71100, 23985477, 1, 0, 0
71203, 14641143, 1, 0, 0
71308, 15061448, 1, 0, 0
71406, 14017808, 1, 0, 0
71511, 14993529, 1, 0, 0
71614, 14613584, 1, 0, 0
71703, 14793378, 1, 0, 0
71808, 15029553, 1, 0, 0
71907, 14062359, 1, 0, 0
72012, 15099168, 1, 0, 0
72112, 14269612, 1, 0, 0
72207, 15815770, 1, 0, 0
72306, 14026692, 1, 0, 0
72410, 14895510, 1, 0, 0
72512, 14497544, 1, 0, 0
72600, 14642326, 1, 0, 0
72715, 14430562, 1, 0, 0
72800, 14051997, 1, 0, 0
72910, 15672369, 1, 0, 0
73010, 14385245, 1, 0, 0
73110, 14148948, 1, 0, 0
73215, 14954925, 1, 0, 0
73312, 13922967, 1, 0, 0
73401, 14821402, 1, 0, 0
73516, 14318558, 1, 0, 0
73601, 14228067, 1, 0, 0
73704, 14648855, 1, 0, 0
73803, 14091740, 1, 0, 0
73907, 14880158, 1, 0, 0
74005, 13992807, 1, 0, 0
74107, 14517865, 1, 0, 0
74211, 14827311, 1, 0, 0
74308, 13876211, 1, 0, 0
74435, 21043235, 1, 0, 0
74533, 49076364, 1, 0, 0
74637, 51773798, 1, 0, 0
74739, 51132332, 1, 0, 0
74839, 49946808, 1, 0, 0
74930, 45358269, 1, 0, 0
75008, 39154245, 1, 0, 0
75118, 27479008, 1, 0, 0
75203, 14098363, 1, 0, 0
75302, 14147349, 1, 0, 0
75415, 14144546, 1, 0, 0
75502, 14503395, 1, 0, 0
75615, 14083421, 1, 0, 0
75714, 14086825, 1, 0, 0
75801, 14451663, 1, 0, 0
75913, 14064331, 1, 0, 0
76011, 13943683, 1, 0, 0
76112, 14377000, 1, 0, 0
76214, 14595280, 1, 0, 0
76300, 14202749, 1, 0, 0
76412, 14065647, 1, 0, 0
76512, 14175059, 1, 0, 0
76619, 15258566, 1, 0, 0
76705, 14388770, 1, 0, 0
76800, 13493552, 1, 0, 0
76905, 14962492, 1, 0, 0
77006, 14520147, 1, 0, 0
77101, 13520132, 1, 0, 0
77202, 14434224, 1, 0, 0
77301, 14136036, 1, 0, 0
77414, 14030003, 1, 0, 0
77501, 14505943, 1, 0, 0
77614, 14136246, 1, 0, 0
77717, 14644022, 1, 0, 0
77802, 14220031, 1, 0, 0
77915, 14077760, 1, 0, 0
78012, 13861949, 1, 0, 0
78101, 14747980, 1, 0, 0
78213, 14019585, 1, 0, 0
78326, 16174112, 1, 0, 0
78429, 51497911, 1, 0, 0
78533, 51616360, 1, 0, 0
78635, 51216950, 1, 0, 0
78733, 49117241, 1, 0, 0
78835, 50567420, 1, 0, 0
78902, 33695642, 1, 0, 0
79007, 34847704, 1, 0, 0
79104, 16137893, 1, 0, 0
79207, 14734090, 1, 0, 0
79315, 15369743, 1, 0, 0
79409, 13476654, 1, 0, 0
79500, 15172586, 1, 0, 0
79613, 14102877, 1, 0, 0
79708, 13586301, 1, 0, 0
79811, 14671589, 1, 0, 0
79908, 13830182, 1, 0, 0
80007, 14079977, 1, 0, 0
80111, 14864595, 1, 0, 0
80206, 13502667, 1, 0, 0
80306, 14358614, 1, 0, 0
80406, 14160096, 1, 0, 0
80501, 13612020, 1, 0, 0
80603, 14627581, 1, 0, 0
80701, 13896991, 1, 0, 0
80814, 14068929, 1, 0, 0
80900, 14411718, 1, 0, 0
81013, 14058492, 1, 0, 0
81107, 13447186, 1, 0, 0
81204, 16120853, 1, 0, 0
81300, 13739494, 1, 0, 0
81413, 14051840, 1, 0, 0
81501, 14710742, 1, 0, 0
81615, 14140491, 1, 0, 0
81709, 13453671, 1, 0, 0
81808, 14140185, 1, 0, 0
81908, 14287444, 1, 0, 0
82002, 13336048, 1, 0, 0
82104, 14665883, 1, 0, 0
82210, 15125915, 1, 0, 0
82328, 39228327, 1, 0, 0
82431, 51550503, 1, 0, 0
82536, 52505219, 1, 0, 0
82648, 55943363, 1, 0, 0
82707, 58953936, 1, 0, 0
82823, 57911403, 1, 0, 0
82908, 28396434, 1, 0, 0
83012, 14739435, 1, 0, 0
83113, 14404282, 1, 0, 0
83200, 14601830, 1, 0, 0
83315, 14283808, 1, 0, 0
83414, 14185509, 1, 0, 0
83502, 14652626, 1, 0, 0
83617, 14309398, 1, 0, 0
83700, 13888177, 1, 0, 0
83810, 15705978, 1, 0, 0
83910, 14270704, 1, 0, 0
84008, 13972307, 1, 0, 0
84114, 15139995, 1, 0, 0
84213, 14128439, 1, 0, 0
84301, 14592656, 1, 0, 0
84414, 14162750, 1, 0, 0
84510, 13690297, 1, 0, 0
84614, 14733254, 1, 0, 0
84715, 14458867, 1, 0, 0
84800, 14120977, 1, 0, 0
84913, 14128352, 1, 0, 0
85012, 14168391, 1, 0, 0
85109, 13853745, 1, 0, 0
85212, 14643812, 1, 0, 0
85307, 13636415, 1, 0, 0
85408, 14288569, 1, 0, 0
85509, 14447494, 1, 0, 0
85605, 13725132, 1, 0, 0
85708, 14713774, 1, 0, 0
85807, 14036395, 1, 0, 0
85905, 14083001, 1, 0, 0
86008, 14661957, 1, 0, 0
86104, 13667953, 1, 0, 0
86239, 16817456, 1, 0, 0
86339, 50378280, 1, 0, 0
86444, 52233427, 1, 0, 0
86544, 49908402, 1, 0, 0
86643, 49646018, 1, 0, 0
86746, 51368632, 1, 0, 0
86830, 42139176, 1, 0, 0
86924, 31348126, 1, 0, 0
87015, 18036792, 1, 0, 0
87104, 14792396, 1, 0, 0
87202, 14036722, 1, 0, 0
87302, 14245031, 1, 0, 0
87405, 14695004, 1, 0, 0
87501, 13751803, 1, 0, 0
87605, 14731112, 1, 0, 0
87705, 14328519, 1, 0, 0
87801, 15972179, 1, 0, 0
87907, 15070558, 1, 0, 0
88010, 14712897, 1, 0, 0
88107, 13828997, 1, 0, 0
88210, 14721050, 1, 0, 0
88308, 13934210, 1, 0, 0
88407, 14211191, 1, 0, 0
88511, 14711293, 1, 0, 0
88609, 14104298, 1, 0, 0
88711, 14521440, 1, 0, 0
88813, 14568320, 1, 0, 0
88909, 13587375, 1, 0, 0
89012, 14760983, 1, 0, 0
89112, 14196958, 1, 0, 0
89209, 13889397, 1, 0, 0
89313, 14796328, 1, 0, 0
89409, 13702906, 1, 0, 0
89510, 14455758, 1, 0, 0
89612, 14617109, 1, 0, 0
89701, 14782685, 1, 0, 0
89806, 15002522, 1, 0, 0
89903, 13715010, 1, 0, 0
90003, 14316068, 1, 0, 0
