250, 12544, 1, 0, 0
350, 4160, 1, 0, 0
450, 5440, 1, 0, 0
550, 5440, 1, 0, 0
650, 2560, 1, 0, 0
749, 9373, 1, 0, 0
850, 5440, 1, 0, 0
950, 13760, 1, 0, 0
1050, 13440, 1, 0, 0
1150, 16320, 1, 0, 0
1249, 15515, 1, 0, 0
1349, 16320, 1, 0, 0
1449, 13120, 1, 0, 0
1549, 16320, 1, 0, 0
1649, 16640, 1, 0, 0
1750, 18560, 1, 0, 0
1850, 14400, 1, 0, 0
1950, 16320, 1, 0, 0
2050, 18240, 1, 0, 0
2150, 15040, 1, 0, 0
2249, 14545, 1, 0, 0
2349, 16960, 1, 0, 0
2449, 17280, 1, 0, 0
2549, 16640, 1, 0, 0
2650, 16000, 1, 0, 0
2749, 17777, 1, 0, 0
2849, 17600, 1, 0, 0
2949, 21120, 1, 0, 0
3049, 17600, 1, 0, 0
3149, 11840, 1, 0, 0
3249, 5760, 1, 0, 0
3349, 2880, 1, 0, 0
3449, 5440, 1, 0, 0
3549, 6080, 1, 0, 0
3649, 3200, 1, 0, 0
3750, 10880, 1, 0, 0
3850, 16000, 1, 0, 0
3950, 19840, 1, 0, 0
4050, 16320, 1, 0, 0
4150, 16320, 1, 0, 0
4249, 16484, 1, 0, 0
4349, 18880, 1, 0, 0
4449, 16320, 1, 0, 0
4549, 17600, 1, 0, 0
4649, 16960, 1, 0, 0
4749, 19200, 1, 0, 0
4849, 16320, 1, 0, 0
4949, 16960, 1, 0, 0
5050, 19840, 1, 0, 0
5150, 16320, 1, 0, 0
5249, 16484, 1, 0, 0
5349, 20160, 1, 0, 0
5449, 16640, 1, 0, 0
5549, 16320, 1, 0, 0
5649, 16320, 1, 0, 0
5749, 22080, 1, 0, 0
5849, 16640, 1, 0, 0
5949, 16320, 1, 0, 0
6049, 16320, 1, 0, 0
6149, 16320, 1, 0, 0
6250, 6400, 1, 0, 0
6350, 9280, 1, 0, 0
6450, 5440, 1, 0, 0
6550, 5760, 1, 0, 0
6650, 1920, 1, 0, 0
6749, 5494, 1, 0, 0
6849, 7680, 1, 0, 0
6949, 13440, 1, 0, 0
7049, 15360, 1, 0, 0
7149, 19840, 1, 0, 0
7250, 17280, 1, 0, 0
7350, 16640, 1, 0, 0
7450, 18880, 1, 0, 0
7550, 16640, 1, 0, 0
7650, 15040, 1, 0, 0
7749, 16484, 1, 0, 0
7849, 17280, 1, 0, 0
7949, 18240, 1, 0, 0
8049, 17600, 1, 0, 0
8149, 19840, 1, 0, 0
8249, 14400, 1, 0, 0
8350, 21440, 1, 0, 0
8450, 16320, 1, 0, 0
8550, 18240, 1, 0, 0
8650, 17600, 1, 0, 0
8749, 16808, 1, 0, 0
8849, 16960, 1, 0, 0
8949, 16640, 1, 0, 0
9049, 17280, 1, 0, 0
9149, 5440, 1, 0, 0
9250, 8640, 1, 0, 0
9350, 5440, 1, 0, 0
9450, 5440, 1, 0, 0
9550, 4160, 1, 0, 0
9650, 5440, 1, 0, 0
9749, 8404, 1, 0, 0
9849, 16960, 1, 0, 0
9949, 16320, 1, 0, 0
10049, 17280, 1, 0, 0
10149, 16640, 1, 0, 0
10249, 16320, 1, 0, 0
10349, 16320, 1, 0, 0
10449, 17920, 1, 0, 0
10550, 16960, 1, 0, 0
10650, 16320, 1, 0, 0
10749, 16484, 1, 0, 0
10849, 16320, 1, 0, 0
10949, 16640, 1, 0, 0
11049, 16000, 1, 0, 0
11149, 17600, 1, 0, 0
11249, 16320, 1, 0, 0
11349, 16960, 1, 0, 0
11449, 20480, 1, 0, 0
11549, 16320, 1, 0, 0
11650, 17600, 1, 0, 0
11749, 16808, 1, 0, 0
11849, 16960, 1, 0, 0
11949, 16320, 1, 0, 0
12049, 24320, 1, 0, 0
12149, 5440, 1, 0, 0
12249, 5760, 1, 0, 0
12349, 6080, 1, 0, 0
12449, 5440, 1, 0, 0
12549, 5440, 1, 0, 0
12650, 3840, 1, 0, 0
12749, 5818, 1, 0, 0
12849, 10880, 1, 0, 0
12949, 16320, 1, 0, 0
13049, 16640, 1, 0, 0
13149, 16960, 1, 0, 0
13249, 17280, 1, 0, 0
13349, 17280, 1, 0, 0
13449, 16320, 1, 0, 0
13549, 19840, 1, 0, 0
13650, 16320, 1, 0, 0
13750, 19840, 1, 0, 0
13850, 16320, 1, 0, 0
13950, 16320, 1, 0, 0
14050, 17280, 1, 0, 0
14150, 17280, 1, 0, 0
14249, 16484, 1, 0, 0
14349, 18560, 1, 0, 0
14449, 16640, 1, 0, 0
14549, 16320, 1, 0, 0
14649, 16640, 1, 0, 0
14749, 16960, 1, 0, 0
14850, 16320, 1, 0, 0
14950, 17600, 1, 0, 0
15050, 10880, 1, 0, 0
15150, 5440, 1, 0, 0
15249, 5494, 1, 0, 0
15349, 5440, 1, 0, 0
15449, 3520, 1, 0, 0
15549, 6080, 1, 0, 0
15649, 5440, 1, 0, 0
15750, 6720, 1, 0, 0
15850, 16320, 1, 0, 0
15950, 18240, 1, 0, 0
16050, 18240, 1, 0, 0
16150, 18560, 1, 0, 0
16249, 17131, 1, 0, 0
16349, 16640, 1, 0, 0
16449, 16640, 1, 0, 0
16549, 18560, 1, 0, 0
16649, 16960, 1, 0, 0
16750, 16640, 1, 0, 0
16850, 18880, 1, 0, 0
16950, 16640, 1, 0, 0
17050, 16640, 1, 0, 0
17150, 20800, 1, 0, 0
17249, 19393, 1, 0, 0
17349, 20480, 1, 0, 0
17449, 17280, 1, 0, 0
17549, 17280, 1, 0, 0
17649, 24000, 1, 0, 0
17749, 17280, 1, 0, 0
17849, 16320, 1, 0, 0
17949, 11200, 1, 0, 0
18049, 11520, 1, 0, 0
18150, 6400, 1, 0, 0
18249, 9373, 1, 0, 0
18349, 5440, 1, 0, 0
18449, 5120, 1, 0, 0
18549, 9280, 1, 0, 0
18649, 5440, 1, 0, 0
18749, 10880, 1, 0, 0
18849, 16320, 1, 0, 0
18949, 10880, 1, 0, 0
19049, 16320, 1, 0, 0
19150, 18240, 1, 0, 0
19249, 16161, 1, 0, 0
19349, 16000, 1, 0, 0
19449, 20160, 1, 0, 0
19549, 12160, 1, 0, 0
19649, 15040, 1, 0, 0
19749, 16320, 1, 0, 0
19849, 12800, 1, 0, 0
19949, 16000, 1, 0, 0
20049, 16320, 1, 0, 0
20150, 13760, 1, 0, 0
20249, 19070, 1, 0, 0
20349, 13120, 1, 0, 0
20449, 16640, 1, 0, 0
20549, 16320, 1, 0, 0
20649, 16320, 1, 0, 0
20749, 18560, 1, 0, 0
20849, 17920, 1, 0, 0
20949, 16320, 1, 0, 0
21050, 14720, 1, 0, 0
21150, 5440, 1, 0, 0
21249, 1939, 1, 0, 0
21349, 5440, 1, 0, 0
21449, 5440, 1, 0, 0
21549, 5440, 1, 0, 0
21649, 6080, 1, 0, 0
21750, 13120, 1, 0, 0
21850, 16320, 1, 0, 0
21950, 16960, 1, 0, 0
22050, 19200, 1, 0, 0
22150, 16640, 1, 0, 0
22249, 17777, 1, 0, 0
22349, 18880, 1, 0, 0
22449, 19520, 1, 0, 0
22549, 17920, 1, 0, 0
22649, 19200, 1, 0, 0
22749, 17920, 1, 0, 0
22850, 16960, 1, 0, 0
22950, 17920, 1, 0, 0
23050, 16320, 1, 0, 0
23150, 22080, 1, 0, 0
23249, 13252, 1, 0, 0
23349, 18240, 1, 0, 0
23449, 17280, 1, 0, 0
23549, 14720, 1, 0, 0
23649, 19840, 1, 0, 0
23750, 18240, 1, 0, 0
23850, 14720, 1, 0, 0
23950, 20160, 1, 0, 0
24050, 8960, 1, 0, 0
24150, 5440, 1, 0, 0
24249, 3555, 1, 0, 0
24349, 5440, 1, 0, 0
24449, 5440, 1, 0, 0
24550, 5440, 1, 0, 0
24650, 1920, 1, 0, 0
24749, 11313, 1, 0, 0
24849, 19520, 1, 0, 0
24949, 16960, 1, 0, 0
25049, 17600, 1, 0, 0
25149, 16960, 1, 0, 0
25249, 17280, 1, 0, 0
25349, 12800, 1, 0, 0
25449, 16320, 1, 0, 0
25550, 21760, 1, 0, 0
25650, 16320, 1, 0, 0
25749, 17454, 1, 0, 0
25849, 17280, 1, 0, 0
25949, 15680, 1, 0, 0
26049, 22400, 1, 0, 0
26149, 18240, 1, 0, 0
26249, 16960, 1, 0, 0
26349, 17280, 1, 0, 0
26449, 17600, 1, 0, 0
26549, 19200, 1, 0, 0
26649, 10880, 1, 0, 0
26750, 14400, 1, 0, 0
26850, 18240, 1, 0, 0
26950, 14400, 1, 0, 0
27050, 10880, 1, 0, 0
27150, 6080, 1, 0, 0
27249, 9696, 1, 0, 0
27349, 320, 1, 0, 0
27449, 6080, 1, 0, 0
27549, 6080, 1, 0, 0
27649, 15040, 1, 0, 0
27750, 21120, 1, 0, 0
27850, 16320, 1, 0, 0
27950, 14720, 1, 0, 0
28050, 16960, 1, 0, 0
28150, 16640, 1, 0, 0
28249, 16161, 1, 0, 0
28349, 19200, 1, 0, 0
28449, 14720, 1, 0, 0
28549, 16640, 1, 0, 0
28649, 20800, 1, 0, 0
28749, 17280, 1, 0, 0
28850, 12160, 1, 0, 0
28950, 16640, 1, 0, 0
29050, 16320, 1, 0, 0
29150, 22720, 1, 0, 0
29249, 18101, 1, 0, 0
29349, 16320, 1, 0, 0
29449, 17600, 1, 0, 0
29549, 16640, 1, 0, 0
29649, 18240, 1, 0, 0
29749, 16960, 1, 0, 0
29849, 17600, 1, 0, 0
29949, 21120, 1, 0, 0
30049, 16000, 1, 0, 0
30149, 17600, 1, 0, 0
30250, 5440, 1, 0, 0
30350, 5440, 1, 0, 0
30450, 7040, 1, 0, 0
30550, 5440, 1, 0, 0
30650, 2560, 1, 0, 0
30749, 5494, 1, 0, 0
30849, 14720, 1, 0, 0
30949, 16000, 1, 0, 0
31049, 16640, 1, 0, 0
31149, 16960, 1, 0, 0
31250, 16960, 1, 0, 0
31350, 16640, 1, 0, 0
31450, 16640, 1, 0, 0
31550, 18240, 1, 0, 0
31650, 18560, 1, 0, 0
31749, 18101, 1, 0, 0
31849, 14400, 1, 0, 0
31949, 20160, 1, 0, 0
32049, 16000, 1, 0, 0
32149, 17600, 1, 0, 0
32249, 20480, 1, 0, 0
32350, 16320, 1, 0, 0
32450, 16640, 1, 0, 0
32550, 16640, 1, 0, 0
32650, 19840, 1, 0, 0
32749, 16808, 1, 0, 0
32849, 16320, 1, 0, 0
32949, 17280, 1, 0, 0
33049, 21760, 1, 0, 0
33149, 16960, 1, 0, 0
33249, 15040, 1, 0, 0
33350, 5440, 1, 0, 0
33450, 5440, 1, 0, 0
33550, 320, 1, 0, 0
33650, 6400, 1, 0, 0
33749, 5818, 1, 0, 0
33849, 5440, 1, 0, 0
33949, 5440, 1, 0, 0
34049, 14720, 1, 0, 0
34149, 19520, 1, 0, 0
34249, 16320, 1, 0, 0
34350, 18560, 1, 0, 0
34450, 18880, 1, 0, 0
34550, 18560, 1, 0, 0
34650, 13440, 1, 0, 0
34749, 19717, 1, 0, 0
34849, 10880, 1, 0, 0
34949, 22080, 1, 0, 0
35049, 16320, 1, 0, 0
35149, 16320, 1, 0, 0
35249, 16320, 1, 0, 0
35349, 18880, 1, 0, 0
35449, 16640, 1, 0, 0
35550, 16960, 1, 0, 0
35650, 17600, 1, 0, 0
35749, 11959, 1, 0, 0
35849, 16000, 1, 0, 0
35949, 17600, 1, 0, 0
36049, 17920, 1, 0, 0
36149, 16320, 1, 0, 0
36249, 5440, 1, 0, 0
36349, 6080, 1, 0, 0
36450, 5440, 1, 0, 0
36550, 5440, 1, 0, 0
36650, 5760, 1, 0, 0
36749, 5171, 1, 0, 0
36849, 5760, 1, 0, 0
36949, 16960, 1, 0, 0
37049, 16320, 1, 0, 0
37149, 16320, 1, 0, 0
37249, 16320, 1, 0, 0
37349, 22400, 1, 0, 0
37449, 11840, 1, 0, 0
37550, 17920, 1, 0, 0
37650, 16320, 1, 0, 0
37749, 17777, 1, 0, 0
37849, 17600, 1, 0, 0
37949, 16320, 1, 0, 0
38049, 21440, 1, 0, 0
38149, 16320, 1, 0, 0
38249, 12800, 1, 0, 0
38349, 19840, 1, 0, 0
38449, 18880, 1, 0, 0
38550, 16000, 1, 0, 0
38650, 16320, 1, 0, 0
38749, 16808, 1, 0, 0
38849, 16640, 1, 0, 0
38949, 16000, 1, 0, 0
39049, 16640, 1, 0, 0
39149, 16320, 1, 0, 0
39249, 7040, 1, 0, 0
39349, 7360, 1, 0, 0
39449, 5440, 1, 0, 0
39550, 5440, 1, 0, 0
39650, 5440, 1, 0, 0
39749, 5494, 1, 0, 0
39849, 5440, 1, 0, 0
39949, 10240, 1, 0, 0
40049, 16320, 1, 0, 0
40149, 16320, 1, 0, 0
40249, 19200, 1, 0, 0
40349, 16000, 1, 0, 0
40449, 16320, 1, 0, 0
40549, 17600, 1, 0, 0
40649, 16320, 1, 0, 0
40749, 18880, 1, 0, 0
40849, 20480, 1, 0, 0
40950, 17280, 1, 0, 0
41050, 19520, 1, 0, 0
41150, 13440, 1, 0, 0
41249, 17777, 1, 0, 0
41349, 17280, 1, 0, 0
41449, 14080, 1, 0, 0
41549, 16640, 1, 0, 0
41649, 16640, 1, 0, 0
41749, 16320, 1, 0, 0
41849, 17280, 1, 0, 0
41949, 20480, 1, 0, 0
42050, 16320, 1, 0, 0
42150, 16000, 1, 0, 0
42249, 10989, 1, 0, 0
42349, 5440, 1, 0, 0
42449, 5440, 1, 0, 0
42549, 5120, 1, 0, 0
42649, 5440, 1, 0, 0
42749, 5440, 1, 0, 0
42849, 5440, 1, 0, 0
42950, 6080, 1, 0, 0
43050, 16320, 1, 0, 0
43150, 19520, 1, 0, 0
43249, 18747, 1, 0, 0
43349, 16640, 1, 0, 0
43449, 16320, 1, 0, 0
43549, 19840, 1, 0, 0
43649, 16320, 1, 0, 0
43749, 16960, 1, 0, 0
43849, 16640, 1, 0, 0
43949, 19200, 1, 0, 0
44050, 17280, 1, 0, 0
44150, 16000, 1, 0, 0
44249, 17454, 1, 0, 0
44349, 16960, 1, 0, 0
44449, 16320, 1, 0, 0
44549, 17280, 1, 0, 0
44649, 16320, 1, 0, 0
44749, 16640, 1, 0, 0
44849, 16960, 1, 0, 0
44949, 16320, 1, 0, 0
45049, 19200, 1, 0, 0
45150, 19840, 1, 0, 0
45249, 5494, 1, 0, 0
45349, 2880, 1, 0, 0
45449, 5440, 1, 0, 0
45549, 5760, 1, 0, 0
45649, 5440, 1, 0, 0
45749, 5440, 1, 0, 0
45850, 2880, 1, 0, 0
45950, 18880, 1, 0, 0
46050, 16320, 1, 0, 0
46150, 16320, 1, 0, 0
46249, 19070, 1, 0, 0
46349, 16320, 1, 0, 0
46449, 19200, 1, 0, 0
46549, 18560, 1, 0, 0
46649, 14080, 1, 0, 0
46749, 23040, 1, 0, 0
46849, 17280, 1, 0, 0
46949, 16320, 1, 0, 0
47049, 16960, 1, 0, 0
47150, 16640, 1, 0, 0
47250, 18560, 1, 0, 0
47350, 19200, 1, 0, 0
47450, 16960, 1, 0, 0
47550, 15040, 1, 0, 0
47650, 19840, 1, 0, 0
47749, 18424, 1, 0, 0
47849, 16000, 1, 0, 0
47949, 11200, 1, 0, 0
48049, 16000, 1, 0, 0
48150, 11200, 1, 0, 0
48249, 2262, 1, 0, 0
48349, 5440, 1, 0, 0
48449, 5440, 1, 0, 0
48549, 3200, 1, 0, 0
48649, 5440, 1, 0, 0
48749, 5440, 1, 0, 0
48850, 5440, 1, 0, 0
48950, 15680, 1, 0, 0
49050, 16640, 1, 0, 0
49150, 11520, 1, 0, 0
49249, 16161, 1, 0, 0
49349, 16640, 1, 0, 0
49449, 15680, 1, 0, 0
49549, 17280, 1, 0, 0
49649, 18240, 1, 0, 0
49749, 16320, 1, 0, 0
49849, 14400, 1, 0, 0
49950, 15680, 1, 0, 0
50050, 17600, 1, 0, 0
50150, 17600, 1, 0, 0
50249, 16161, 1, 0, 0
50349, 17920, 1, 0, 0
50449, 16960, 1, 0, 0
50549, 16320, 1, 0, 0
50649, 20160, 1, 0, 0
50749, 16320, 1, 0, 0
50849, 21120, 1, 0, 0
50949, 17920, 1, 0, 0
51050, 11200, 1, 0, 0
51150, 5760, 1, 0, 0
51249, 5494, 1, 0, 0
51349, 5760, 1, 0, 0
51449, 3840, 1, 0, 0
51549, 9600, 1, 0, 0
51649, 5440, 1, 0, 0
51749, 12160, 1, 0, 0
51849, 16640, 1, 0, 0
51949, 16320, 1, 0, 0
52050, 16320, 1, 0, 0
52150, 17280, 1, 0, 0
52249, 18424, 1, 0, 0
52349, 20160, 1, 0, 0
52449, 16320, 1, 0, 0
52549, 16320, 1, 0, 0
52649, 18240, 1, 0, 0
52749, 16320, 1, 0, 0
52849, 16320, 1, 0, 0
52949, 16320, 1, 0, 0
53049, 16320, 1, 0, 0
53149, 16320, 1, 0, 0
53250, 17280, 1, 0, 0
53350, 17920, 1, 0, 0
53450, 17920, 1, 0, 0
53550, 16320, 1, 0, 0
53650, 16320, 1, 0, 0
53749, 18747, 1, 0, 0
53849, 16960, 1, 0, 0
53949, 19200, 1, 0, 0
54049, 5440, 1, 0, 0
54149, 5440, 1, 0, 0
54250, 5440, 1, 0, 0
54350, 2880, 1, 0, 0
54450, 5440, 1, 0, 0
54550, 5440, 1, 0, 0
54650, 2880, 1, 0, 0
54749, 18747, 1, 0, 0
54849, 17600, 1, 0, 0
54949, 17600, 1, 0, 0
55049, 16640, 1, 0, 0
55149, 16960, 1, 0, 0
55249, 19520, 1, 0, 0
55349, 16640, 1, 0, 0
55450, 18240, 1, 0, 0
55550, 17600, 1, 0, 0
55650, 21120, 1, 0, 0
55749, 16484, 1, 0, 0
55849, 20480, 1, 0, 0
55949, 18880, 1, 0, 0
56049, 16320, 1, 0, 0
56149, 16000, 1, 0, 0
56249, 19840, 1, 0, 0
56349, 17280, 1, 0, 0
56449, 15360, 1, 0, 0
56550, 19840, 1, 0, 0
56650, 21120, 1, 0, 0
56749, 15515, 1, 0, 0
56849, 16320, 1, 0, 0
56949, 10880, 1, 0, 0
57049, 5760, 1, 0, 0
57149, 5440, 1, 0, 0
57249, 5440, 1, 0, 0
57350, 6080, 1, 0, 0
57450, 5440, 1, 0, 0
57550, 2560, 1, 0, 0
57650, 8000, 1, 0, 0
57749, 17131, 1, 0, 0
57849, 17600, 1, 0, 0
57949, 16640, 1, 0, 0
58049, 5440, 1, 0, 0
58149, 5440, 1, 0, 0
58249, 16960, 1, 0, 0
58350, 17280, 1, 0, 0
58450, 16320, 1, 0, 0
58550, 16640, 1, 0, 0
58650, 19200, 1, 0, 0
58749, 16161, 1, 0, 0
58849, 23040, 1, 0, 0
58949, 16320, 1, 0, 0
59049, 18880, 1, 0, 0
59149, 16320, 1, 0, 0
59249, 20160, 1, 0, 0
59349, 16960, 1, 0, 0
59449, 19520, 1, 0, 0
59549, 16320, 1, 0, 0
59650, 16320, 1, 0, 0
59750, 17600, 1, 0, 0
59850, 16000, 1, 0, 0
59950, 5440, 1, 0, 0
60050, 5440, 1, 0, 0
60150, 5440, 1, 0, 0
60249, 5494, 1, 0, 0
60349, 5440, 1, 0, 0
60450, 3200, 1, 0, 0
60550, 5440, 1, 0, 0
60650, 16320, 1, 0, 0
60749, 16161, 1, 0, 0
60849, 16320, 1, 0, 0
60949, 20480, 1, 0, 0
61049, 14080, 1, 0, 0
61149, 20480, 1, 0, 0
61249, 17280, 1, 0, 0
61349, 16320, 1, 0, 0
61449, 14080, 1, 0, 0
61550, 19200, 1, 0, 0
61650, 16640, 1, 0, 0
61749, 14222, 1, 0, 0
61849, 20480, 1, 0, 0
61949, 13760, 1, 0, 0
62049, 16320, 1, 0, 0
62149, 14400, 1, 0, 0
62249, 16320, 1, 0, 0
62349, 17280, 1, 0, 0
62449, 13760, 1, 0, 0
62550, 16320, 1, 0, 0
62650, 16000, 1, 0, 0
62749, 15838, 1, 0, 0
62849, 8640, 1, 0, 0
62949, 5440, 1, 0, 0
63049, 10240, 1, 0, 0
63150, 5440, 1, 0, 0
63250, 1600, 1, 0, 0
63350, 5440, 1, 0, 0
63450, 5440, 1, 0, 0
63550, 10560, 1, 0, 0
63650, 16640, 1, 0, 0
63749, 16161, 1, 0, 0
63849, 15040, 1, 0, 0
63949, 13120, 1, 0, 0
64050, 18880, 1, 0, 0
64150, 16320, 1, 0, 0
64249, 14222, 1, 0, 0
64349, 13120, 1, 0, 0
64449, 14400, 1, 0, 0
64549, 17920, 1, 0, 0
64649, 16320, 1, 0, 0
64749, 20800, 1, 0, 0
64849, 16000, 1, 0, 0
64949, 17280, 1, 0, 0
65049, 16000, 1, 0, 0
65150, 16000, 1, 0, 0
65249, 16484, 1, 0, 0
65349, 14720, 1, 0, 0
65449, 18880, 1, 0, 0
65549, 11200, 1, 0, 0
65649, 16000, 1, 0, 0
65749, 11200, 1, 0, 0
65849, 2880, 1, 0, 0
65949, 6720, 1, 0, 0
66050, 5440, 1, 0, 0
66150, 5440, 1, 0, 0
66249, 6787, 1, 0, 0
66349, 5440, 1, 0, 0
66449, 10560, 1, 0, 0
66549, 15360, 1, 0, 0
66649, 16000, 1, 0, 0
66749, 16640, 1, 0, 0
66849, 15680, 1, 0, 0
66950, 16320, 1, 0, 0
67050, 15360, 1, 0, 0
67150, 15040, 1, 0, 0
67249, 16161, 1, 0, 0
67349, 14080, 1, 0, 0
67449, 18560, 1, 0, 0
67550, 5440, 1, 0, 0
67650, 2880, 1, 0, 0
67749, 8727, 1, 0, 0
67849, 13120, 1, 0, 0
67949, 16320, 1, 0, 0
68049, 16000, 1, 0, 0
68149, 18560, 1, 0, 0
68249, 16640, 1, 0, 0
68349, 16320, 1, 0, 0
68449, 18880, 1, 0, 0
68550, 18560, 1, 0, 0
68650, 13440, 1, 0, 0
68749, 16484, 1, 0, 0
68849, 6400, 1, 0, 0
68949, 5440, 1, 0, 0
69049, 4160, 1, 0, 0
69149, 7680, 1, 0, 0
69249, 5440, 1, 0, 0
69350, 5120, 1, 0, 0
69450, 5440, 1, 0, 0
69550, 16320, 1, 0, 0
69650, 17600, 1, 0, 0
69749, 18101, 1, 0, 0
69849, 20160, 1, 0, 0
69949, 16320, 1, 0, 0
70049, 17920, 1, 0, 0
70149, 18240, 1, 0, 0
70249, 16960, 1, 0, 0
70349, 17920, 1, 0, 0
70449, 16320, 1, 0, 0
70550, 18880, 1, 0, 0
70650, 17600, 1, 0, 0
70749, 18101, 1, 0, 0
70849, 16320, 1, 0, 0
70949, 16320, 1, 0, 0
71049, 18560, 1, 0, 0
71149, 16640, 1, 0, 0
71249, 19840, 1, 0, 0
71349, 17920, 1, 0, 0
71449, 16640, 1, 0, 0
71549, 17280, 1, 0, 0
71650, 16640, 1, 0, 0
71750, 19200, 1, 0, 0
71850, 2240, 1, 0, 0
71950, 5440, 1, 0, 0
72050, 6400, 1, 0, 0
72150, 5440, 1, 0, 0
72249, 5494, 1, 0, 0
72349, 5440, 1, 0, 0
72449, 2880, 1, 0, 0
72550, 16960, 1, 0, 0
72650, 17600, 1, 0, 0
72749, 16484, 1, 0, 0
72849, 20480, 1, 0, 0
72949, 16320, 1, 0, 0
73049, 16320, 1, 0, 0
73149, 17280, 1, 0, 0
73249, 16320, 1, 0, 0
73349, 17920, 1, 0, 0
73449, 18560, 1, 0, 0
73549, 16640, 1, 0, 0
73649, 16320, 1, 0, 0
73750, 20160, 1, 0, 0
73850, 16960, 1, 0, 0
73950, 17600, 1, 0, 0
74050, 21440, 1, 0, 0
74150, 16320, 1, 0, 0
74249, 16484, 1, 0, 0
74349, 16000, 1, 0, 0
74449, 18880, 1, 0, 0
74549, 19200, 1, 0, 0
74649, 14400, 1, 0, 0
74750, 7360, 1, 0, 0
74850, 5440, 1, 0, 0
74950, 5120, 1, 0, 0
75050, 5440, 1, 0, 0
75150, 5440, 1, 0, 0
75249, 8404, 1, 0, 0
75349, 5440, 1, 0, 0
75449, 10880, 1, 0, 0
75550, 18880, 1, 0, 0
75650, 13440, 1, 0, 0
75749, 16808, 1, 0, 0
75849, 15680, 1, 0, 0
75949, 16320, 1, 0, 0
76049, 15040, 1, 0, 0
76149, 19840, 1, 0, 0
76249, 15680, 1, 0, 0
76349, 18880, 1, 0, 0
76449, 14720, 1, 0, 0
76549, 16320, 1, 0, 0
76650, 12800, 1, 0, 0
76749, 17131, 1, 0, 0
76849, 14720, 1, 0, 0
76949, 14720, 1, 0, 0
77049, 16960, 1, 0, 0
77149, 14080, 1, 0, 0
77249, 16320, 1, 0, 0
77349, 16000, 1, 0, 0
77449, 12480, 1, 0, 0
77550, 19840, 1, 0, 0
77650, 10560, 1, 0, 0
77749, 5494, 1, 0, 0
77849, 5440, 1, 0, 0
77949, 320, 1, 0, 0
78049, 5440, 1, 0, 0
78150, 6720, 1, 0, 0
78249, 6464, 1, 0, 0
78349, 9280, 1, 0, 0
78449, 11840, 1, 0, 0
78549, 20480, 1, 0, 0
78649, 16320, 1, 0, 0
78749, 21760, 1, 0, 0
78849, 16640, 1, 0, 0
78949, 16640, 1, 0, 0
79049, 17600, 1, 0, 0
79149, 16320, 1, 0, 0
79250, 16640, 1, 0, 0
79350, 20160, 1, 0, 0
79450, 17280, 1, 0, 0
79550, 16320, 1, 0, 0
79650, 17600, 1, 0, 0
79749, 21010, 1, 0, 0
79849, 17280, 1, 0, 0
79949, 14400, 1, 0, 0
80049, 18560, 1, 0, 0
80149, 16320, 1, 0, 0
80249, 16960, 1, 0, 0
80349, 16640, 1, 0, 0
80450, 18560, 1, 0, 0
80550, 13760, 1, 0, 0
80650, 6400, 1, 0, 0
80749, 5494, 1, 0, 0
80849, 4160, 1, 0, 0
80949, 6080, 1, 0, 0
81049, 5440, 1, 0, 0
81149, 5440, 1, 0, 0
81249, 6080, 1, 0, 0
81350, 18240, 1, 0, 0
81450, 14720, 1, 0, 0
81550, 16640, 1, 0, 0
81650, 19520, 1, 0, 0
81749, 16484, 1, 0, 0
81849, 21120, 1, 0, 0
81949, 16320, 1, 0, 0
82049, 16320, 1, 0, 0
82149, 17600, 1, 0, 0
82249, 17600, 1, 0, 0
82349, 18560, 1, 0, 0
82449, 16320, 1, 0, 0
82550, 13440, 1, 0, 0
82650, 16320, 1, 0, 0
82749, 16484, 1, 0, 0
82849, 17600, 1, 0, 0
82949, 16320, 1, 0, 0
83049, 16320, 1, 0, 0
83149, 19200, 1, 0, 0
83249, 16320, 1, 0, 0
83349, 16320, 1, 0, 0
83449, 11520, 1, 0, 0
83549, 5440, 1, 0, 0
83650, 10240, 1, 0, 0
83750, 5440, 1, 0, 0
83850, 5440, 1, 0, 0
83950, 5440, 1, 0, 0
84050, 3840, 1, 0, 0
84150, 5440, 1, 0, 0
84250, 10989, 1, 0, 0
84350, 17920, 1, 0, 0
84450, 12800, 1, 0, 0
84550, 16000, 1, 0, 0
84650, 18880, 1, 0, 0
84749, 16161, 1, 0, 0
84849, 12800, 1, 0, 0
84949, 17280, 1, 0, 0
85050, 16000, 1, 0, 0
85150, 17280, 1, 0, 0
85249, 19070, 1, 0, 0
85349, 11840, 1, 0, 0
85449, 16000, 1, 0, 0
85549, 16960, 1, 0, 0
85649, 14400, 1, 0, 0
85750, 16320, 1, 0, 0
85850, 16000, 1, 0, 0
85950, 11840, 1, 0, 0
86050, 21760, 1, 0, 0
86150, 13120, 1, 0, 0
86249, 16808, 1, 0, 0
86349, 17280, 1, 0, 0
86449, 5440, 1, 0, 0
86549, 5440, 1, 0, 0
86650, 5440, 1, 0, 0
86750, 3200, 1, 0, 0
86850, 5440, 1, 0, 0
86950, 5440, 1, 0, 0
87050, 2240, 1, 0, 0
87150, 8640, 1, 0, 0
87249, 16484, 1, 0, 0
87349, 13440, 1, 0, 0
87449, 14080, 1, 0, 0
87549, 15680, 1, 0, 0
87649, 20160, 1, 0, 0
87750, 16000, 1, 0, 0
87850, 16320, 1, 0, 0
87950, 16320, 1, 0, 0
88050, 16960, 1, 0, 0
88150, 16640, 1, 0, 0
88249, 14222, 1, 0, 0
88349, 20160, 1, 0, 0
88449, 16320, 1, 0, 0
88549, 16000, 1, 0, 0
88649, 18240, 1, 0, 0
88749, 16000, 1, 0, 0
88850, 16320, 1, 0, 0
88950, 12800, 1, 0, 0
89050, 15360, 1, 0, 0
89150, 16320, 1, 0, 0
89249, 13575, 1, 0, 0
89349, 11200, 1, 0, 0
89449, 4800, 1, 0, 0
89549, 5440, 1, 0, 0
89649, 5440, 1, 0, 0
89750, 5440, 1, 0, 0
89850, 5440, 1, 0, 0
89950, 7680, 1, 0, 0
90050, 3520, 1, 0, 0
