110, 29911597, 1, 0, 0
240, 43706737, 1, 0, 0
357, 62873272, 1, 0, 0
417, 110487131, 1, 0, 0
531, 110734250, 1, 0, 0
600, 78634631, 1, 0, 0
717, 113509480, 1, 0, 0
831, 107173119, 1, 0, 0
904, 76329820, 1, 0, 0
1015, 27522017, 1, 0, 0
1111, 27162507, 1, 0, 0
1201, 30442155, 1, 0, 0
1312, 32353901, 1, 0, 0
1405, 29642781, 1, 0, 0
1515, 32403265, 1, 0, 0
1600, 28230960, 1, 0, 0
1705, 28080791, 1, 0, 0
1803, 30991851, 1, 0, 0
1905, 32274912, 1, 0, 0
2013, 31446862, 1, 0, 0
2105, 30179754, 1, 0, 0
2201, 33727322, 1, 0, 0
2313, 31438673, 1, 0, 0
2403, 29275351, 1, 0, 0
2512, 30586409, 1, 0, 0
2614, 35269100, 1, 0, 0
2705, 33124692, 1, 0, 0
2816, 33723233, 1, 0, 0
2909, 35170190, 1, 0, 0
3015, 33574319, 1, 0, 0
3135, 30480653, 1, 0, 0
3242, 71799034, 1, 0, 0
3358, 91526524, 1, 0, 0
3418, 108054687, 1, 0, 0
3549, 103906878, 1, 0, 0
3604, 120014965, 1, 0, 0
3700, 103502827, 1, 0, 0
3812, 42283968, 1, 0, 0
3902, 24713673, 1, 0, 0
4005, 31793013, 1, 0, 0
4105, 27333419, 1, 0, 0
4204, 28037423, 1, 0, 0
4300, 28801375, 1, 0, 0
4410, 25699874, 1, 0, 0
4506, 29766290, 1, 0, 0
4605, 28585260, 1, 0, 0
4706, 31255214, 1, 0, 0
4803, 30934529, 1, 0, 0
4903, 23373453, 1, 0, 0
5004, 25427908, 1, 0, 0
5106, 33276553, 1, 0, 0
5202, 24543854, 1, 0, 0
5314, 29365562, 1, 0, 0
5422, 29490815, 1, 0, 0
5508, 35297453, 1, 0, 0
5608, 27444925, 1, 0, 0
5701, 28580054, 1, 0, 0
5813, 25379404, 1, 0, 0
5902, 30490565, 1, 0, 0
6013, 29420973, 1, 0, 0
6105, 27183073, 1, 0, 0
6205, 39645377, 1, 0, 0
6321, 88596185, 1, 0, 0
6432, 111837267, 1, 0, 0
6547, 105589813, 1, 0, 0
6602, 103503359, 1, 0, 0
6726, 110018718, 1, 0, 0
6841, 113390920, 1, 0, 0
6900, 99856175, 1, 0, 0
7017, 31263593, 1, 0, 0
7111, 22480128, 1, 0, 0
7212, 28944667, 1, 0, 0
7306, 29333321, 1, 0, 0
7405, 24600320, 1, 0, 0
7500, 29826491, 1, 0, 0
7613, 28936927, 1, 0, 0
7715, 31487884, 1, 0, 0
7814, 26449641, 1, 0, 0
7909, 28699647, 1, 0, 0
8012, 29040595, 1, 0, 0
8109, 31103019, 1, 0, 0
8212, 32812168, 1, 0, 0
8305, 28977282, 1, 0, 0
8400, 26114546, 1, 0, 0
8510, 25609852, 1, 0, 0
8607, 27997164, 1, 0, 0
8703, 30086463, 1, 0, 0
8800, 30128035, 1, 0, 0
8904, 30798145, 1, 0, 0
9016, 29268642, 1, 0, 0
9135, 38017591, 1, 0, 0
9237, 83417266, 1, 0, 0
9351, 102291060, 1, 0, 0
9421, 107121598, 1, 0, 0
9536, 116236585, 1, 0, 0
9651, 109300279, 1, 0, 0
9709, 109308987, 1, 0, 0
9806, 56949332, 1, 0, 0
9903, 28996041, 1, 0, 0
10017, 29122123, 1, 0, 0
10102, 30673395, 1, 0, 0
10201, 27151694, 1, 0, 0
10315, 29967190, 1, 0, 0
10423, 28934193, 1, 0, 0
10502, 31998613, 1, 0, 0
10614, 30356685, 1, 0, 0
10718, 31713477, 1, 0, 0
10800, 26078744, 1, 0, 0
10912, 27669867, 1, 0, 0
11012, 32499697, 1, 0, 0
11105, 31061986, 1, 0, 0
11203, 30812400, 1, 0, 0
11302, 30468680, 1, 0, 0
11402, 26133653, 1, 0, 0
11514, 29393460, 1, 0, 0
11604, 25822548, 1, 0, 0
11706, 28312747, 1, 0, 0
11800, 26374038, 1, 0, 0
11910, 32530869, 1, 0, 0
12005, 29620402, 1, 0, 0
12134, 35111167, 1, 0, 0
12242, 83867656, 1, 0, 0
12346, 101844897, 1, 0, 0
12406, 98275380, 1, 0, 0
12518, 100704167, 1, 0, 0
12625, 99362895, 1, 0, 0
12747, 96746306, 1, 0, 0
12801, 116789491, 1, 0, 0
12913, 42361218, 1, 0, 0
13015, 30716195, 1, 0, 0
13101, 29118766, 1, 0, 0
13201, 30108042, 1, 0, 0
13312, 28372107, 1, 0, 0
13408, 29866343, 1, 0, 0
13506, 31046056, 1, 0, 0
13607, 30209293, 1, 0, 0
13713, 30453266, 1, 0, 0
13803, 29125616, 1, 0, 0
13904, 31655562, 1, 0, 0
14002, 29789235, 1, 0, 0
14104, 32166518, 1, 0, 0
14202, 30242211, 1, 0, 0
14312, 24452839, 1, 0, 0
14412, 28119217, 1, 0, 0
14504, 25111308, 1, 0, 0
14613, 32940678, 1, 0, 0
14711, 30747258, 1, 0, 0
14804, 29551985, 1, 0, 0
14906, 30081514, 1, 0, 0
15014, 26816784, 1, 0, 0
15128, 62355182, 1, 0, 0
15236, 103719552, 1, 0, 0
15347, 100600800, 1, 0, 0
15407, 105314293, 1, 0, 0
15520, 102169068, 1, 0, 0
15629, 78168422, 1, 0, 0
15725, 101435522, 1, 0, 0
15809, 33517525, 1, 0, 0
15911, 28056227, 1, 0, 0
16000, 32576514, 1, 0, 0
16114, 30292934, 1, 0, 0
16212, 30408222, 1, 0, 0
16304, 29191762, 1, 0, 0
16400, 27383962, 1, 0, 0
16501, 29597247, 1, 0, 0
16603, 31864435, 1, 0, 0
16701, 26800998, 1, 0, 0
16813, 28808645, 1, 0, 0
16915, 30638972, 1, 0, 0
17013, 27642860, 1, 0, 0
17110, 29232070, 1, 0, 0
17216, 32876123, 1, 0, 0
17302, 34398537, 1, 0, 0
17400, 23363085, 1, 0, 0
17512, 27954245, 1, 0, 0
17605, 30286676, 1, 0, 0
17707, 29012459, 1, 0, 0
17810, 29833548, 1, 0, 0
17909, 31112470, 1, 0, 0
18019, 34267554, 1, 0, 0
18130, 61480859, 1, 0, 0
18236, 87267401, 1, 0, 0
18342, 98220985, 1, 0, 0
18452, 102628072, 1, 0, 0
18535, 76713720, 1, 0, 0
18625, 78245677, 1, 0, 0
18715, 66754237, 1, 0, 0
18813, 33471221, 1, 0, 0
18904, 33490871, 1, 0, 0
19010, 32830820, 1, 0, 0
19104, 31301078, 1, 0, 0
19216, 31276573, 1, 0, 0
19310, 28961997, 1, 0, 0
19405, 35902023, 1, 0, 0
19506, 35599474, 1, 0, 0
19617, 33082550, 1, 0, 0
19709, 33852341, 1, 0, 0
19802, 34983412, 1, 0, 0
19913, 31333521, 1, 0, 0
20006, 34778758, 1, 0, 0
20118, 34523688, 1, 0, 0
20207, 27331876, 1, 0, 0
20317, 30593412, 1, 0, 0
20407, 33881834, 1, 0, 0
20506, 30857102, 1, 0, 0
20603, 24750048, 1, 0, 0
20716, 24620453, 1, 0, 0
20807, 28879460, 1, 0, 0
20907, 28544639, 1, 0, 0
21002, 27650902, 1, 0, 0
21148, 59828601, 1, 0, 0
21255, 99391697, 1, 0, 0
21305, 76523130, 1, 0, 0
21413, 99716586, 1, 0, 0
21517, 98625678, 1, 0, 0
21619, 97022279, 1, 0, 0
21710, 93241502, 1, 0, 0
21809, 43166581, 1, 0, 0
21902, 28719310, 1, 0, 0
22000, 26870715, 1, 0, 0
22110, 27894791, 1, 0, 0
22207, 28903318, 1, 0, 0
22306, 30627947, 1, 0, 0
22402, 30319965, 1, 0, 0
22507, 32553496, 1, 0, 0
22601, 29522323, 1, 0, 0
22713, 29606691, 1, 0, 0
22807, 25129277, 1, 0, 0
22908, 30392627, 1, 0, 0
23016, 25633408, 1, 0, 0
23105, 29741846, 1, 0, 0
23216, 33482269, 1, 0, 0
23305, 32297759, 1, 0, 0
23415, 35379251, 1, 0, 0
23518, 26861936, 1, 0, 0
23612, 31492348, 1, 0, 0
23705, 27959840, 1, 0, 0
23809, 29139704, 1, 0, 0
23916, 31657488, 1, 0, 0
24044, 36915262, 1, 0, 0
24104, 76538596, 1, 0, 0
24201, 99056970, 1, 0, 0
24315, 92657029, 1, 0, 0
24428, 88291344, 1, 0, 0
24542, 102715667, 1, 0, 0
24652, 107098059, 1, 0, 0
24716, 94678856, 1, 0, 0
24817, 33203011, 1, 0, 0
24900, 26773604, 1, 0, 0
25010, 29974182, 1, 0, 0
25103, 26058195, 1, 0, 0
25202, 31662881, 1, 0, 0
25312, 34099476, 1, 0, 0
25413, 29302284, 1, 0, 0
25509, 30518056, 1, 0, 0
25607, 28752663, 1, 0, 0
25710, 33630943, 1, 0, 0
25807, 33486949, 1, 0, 0
25910, 29088872, 1, 0, 0
26008, 31022656, 1, 0, 0
26102, 30444044, 1, 0, 0
26210, 26396624, 1, 0, 0
26304, 29128505, 1, 0, 0
26408, 31524133, 1, 0, 0
26501, 27325194, 1, 0, 0
26618, 31628665, 1, 0, 0
26712, 36886934, 1, 0, 0
26809, 34281735, 1, 0, 0
26902, 32138501, 1, 0, 0
27014, 34590577, 1, 0, 0
27112, 58882868, 1, 0, 0
27239, 77337140, 1, 0, 0
27359, 119910319, 1, 0, 0
27417, 114030449, 1, 0, 0
27541, 118889921, 1, 0, 0
27607, 73671007, 1, 0, 0
27703, 33601064, 1, 0, 0
27803, 31242449, 1, 0, 0
27914, 34077853, 1, 0, 0
28009, 32568446, 1, 0, 0
28103, 34379925, 1, 0, 0
28213, 33330842, 1, 0, 0
28307, 32869256, 1, 0, 0
28403, 32055957, 1, 0, 0
28516, 35365126, 1, 0, 0
28609, 34266317, 1, 0, 0
28714, 38949114, 1, 0, 0
28804, 31615673, 1, 0, 0
28911, 34083909, 1, 0, 0
29014, 31319286, 1, 0, 0
29115, 31668555, 1, 0, 0
29209, 30640782, 1, 0, 0
29312, 28285722, 1, 0, 0
29414, 30631270, 1, 0, 0
29509, 26997219, 1, 0, 0
29616, 31691170, 1, 0, 0
29711, 30933372, 1, 0, 0
29808, 28138768, 1, 0, 0
29908, 30859338, 1, 0, 0
30002, 25282817, 1, 0, 0
30109, 33651706, 1, 0, 0
30228, 27837309, 1, 0, 0
30341, 92064137, 1, 0, 0
30400, 104571461, 1, 0, 0
30513, 106836071, 1, 0, 0
30630, 108282500, 1, 0, 0
30747, 105989065, 1, 0, 0
30810, 99804050, 1, 0, 0
30904, 32800016, 1, 0, 0
31012, 26474148, 1, 0, 0
31112, 28551792, 1, 0, 0
31206, 30235395, 1, 0, 0
31306, 30985479, 1, 0, 0
31406, 29728637, 1, 0, 0
31502, 28205539, 1, 0, 0
31600, 28959199, 1, 0, 0
31718, 31491074, 1, 0, 0
31802, 32056984, 1, 0, 0
31900, 27215492, 1, 0, 0
32014, 29370758, 1, 0, 0
32112, 27812889, 1, 0, 0
32211, 29615373, 1, 0, 0
32304, 30096074, 1, 0, 0
32402, 22231843, 1, 0, 0
32515, 29974061, 1, 0, 0
32607, 27260394, 1, 0, 0
32713, 28936790, 1, 0, 0
32812, 29452862, 1, 0, 0
32906, 29980507, 1, 0, 0
33000, 27865402, 1, 0, 0
33113, 27328435, 1, 0, 0
33212, 30711902, 1, 0, 0
33305, 52337662, 1, 0, 0
33423, 75956905, 1, 0, 0
33528, 70103634, 1, 0, 0
33643, 75156928, 1, 0, 0
33768, 92621645, 1, 0, 0
33821, 125150375, 1, 0, 0
33935, 108277210, 1, 0, 0
34005, 52094298, 1, 0, 0
34104, 28747357, 1, 0, 0
34208, 26108564, 1, 0, 0
34307, 29653196, 1, 0, 0
34411, 30209885, 1, 0, 0
34511, 23658157, 1, 0, 0
34609, 28818157, 1, 0, 0
34716, 30621145, 1, 0, 0
34806, 33647529, 1, 0, 0
34909, 31928259, 1, 0, 0
35004, 31460830, 1, 0, 0
35101, 25291483, 1, 0, 0
35215, 30724502, 1, 0, 0
35309, 29369361, 1, 0, 0
35401, 29497903, 1, 0, 0
35512, 25920909, 1, 0, 0
35613, 31774914, 1, 0, 0
35713, 32550373, 1, 0, 0
35810, 33268347, 1, 0, 0
35906, 34640758, 1, 0, 0
36010, 30317179, 1, 0, 0
36114, 25684651, 1, 0, 0
36230, 35685063, 1, 0, 0
36338, 98379012, 1, 0, 0
36445, 97408123, 1, 0, 0
36504, 114058511, 1, 0, 0
36619, 107735478, 1, 0, 0
36735, 107921380, 1, 0, 0
36851, 108982236, 1, 0, 0
36900, 65163364, 1, 0, 0
37000, 27184451, 1, 0, 0
37114, 30556906, 1, 0, 0
37211, 30189982, 1, 0, 0
37306, 28832429, 1, 0, 0
37411, 32743856, 1, 0, 0
37509, 28124368, 1, 0, 0
37610, 26919081, 1, 0, 0
37709, 28235628, 1, 0, 0
37801, 29493581, 1, 0, 0
37902, 27926852, 1, 0, 0
38016, 31940627, 1, 0, 0
38111, 27678187, 1, 0, 0
38210, 30339393, 1, 0, 0
38307, 31359859, 1, 0, 0
38405, 29763099, 1, 0, 0
38514, 31882236, 1, 0, 0
38602, 25822484, 1, 0, 0
38701, 28421359, 1, 0, 0
38800, 29266638, 1, 0, 0
38910, 30956396, 1, 0, 0
39016, 33111737, 1, 0, 0
39109, 29639871, 1, 0, 0
39216, 26888375, 1, 0, 0
39331, 58267346, 1, 0, 0
39439, 105195154, 1, 0, 0
39543, 100165033, 1, 0, 0
39643, 89700468, 1, 0, 0
39751, 87302644, 1, 0, 0
39831, 88519870, 1, 0, 0
39915, 58653849, 1, 0, 0
40001, 51033843, 1, 0, 0
40100, 26497508, 1, 0, 0
40212, 27605604, 1, 0, 0
40309, 28361374, 1, 0, 0
40407, 26565223, 1, 0, 0
40513, 32387842, 1, 0, 0
40609, 29697342, 1, 0, 0
40710, 30818641, 1, 0, 0
40808, 28171794, 1, 0, 0
40903, 27910513, 1, 0, 0
41006, 29410961, 1, 0, 0
41104, 31303000, 1, 0, 0
41231, 33752264, 1, 0, 0
41318, 35756269, 1, 0, 0
41408, 30356385, 1, 0, 0
41511, 30712784, 1, 0, 0
41608, 33691645, 1, 0, 0
41708, 25909602, 1, 0, 0
41801, 29937907, 1, 0, 0
41900, 28806315, 1, 0, 0
42014, 30894455, 1, 0, 0
42114, 30395491, 1, 0, 0
42215, 30744664, 1, 0, 0
42316, 68655286, 1, 0, 0
42417, 98819979, 1, 0, 0
42527, 98552306, 1, 0, 0
42636, 104757549, 1, 0, 0
42745, 102534105, 1, 0, 0
42806, 101618757, 1, 0, 0
42920, 108127204, 1, 0, 0
43015, 56134305, 1, 0, 0
43104, 31350745, 1, 0, 0
43206, 31376748, 1, 0, 0
43310, 29273756, 1, 0, 0
43406, 31150269, 1, 0, 0
43513, 27510319, 1, 0, 0
43611, 31020450, 1, 0, 0
43708, 29553512, 1, 0, 0
43801, 30033593, 1, 0, 0
43901, 30631954, 1, 0, 0
44013, 28256073, 1, 0, 0
44109, 30382388, 1, 0, 0
44209, 30239440, 1, 0, 0
44305, 30821547, 1, 0, 0
44406, 31064592, 1, 0, 0
44514, 28508293, 1, 0, 0
44614, 24438314, 1, 0, 0
44711, 31503045, 1, 0, 0
44808, 29606942, 1, 0, 0
44910, 31182524, 1, 0, 0
45015, 31726890, 1, 0, 0
45110, 30820273, 1, 0, 0
45202, 27376949, 1, 0, 0
45325, 101181581, 1, 0, 0
45432, 110087558, 1, 0, 0
45543, 97838142, 1, 0, 0
45656, 97290036, 1, 0, 0
45709, 74467604, 1, 0, 0
45832, 102231813, 1, 0, 0
45906, 66550197, 1, 0, 0
46006, 26489635, 1, 0, 0
46103, 29512396, 1, 0, 0
46200, 25578350, 1, 0, 0
46314, 28067422, 1, 0, 0
46405, 28551593, 1, 0, 0
46504, 27825538, 1, 0, 0
46608, 29220124, 1, 0, 0
46709, 31819333, 1, 0, 0
46804, 28768601, 1, 0, 0
46900, 23716143, 1, 0, 0
47015, 27055766, 1, 0, 0
47112, 29426673, 1, 0, 0
47208, 29271453, 1, 0, 0
47305, 29401247, 1, 0, 0
47418, 29962273, 1, 0, 0
47518, 30436883, 1, 0, 0
47606, 28130053, 1, 0, 0
47715, 29302078, 1, 0, 0
47810, 28707245, 1, 0, 0
47909, 31629082, 1, 0, 0
48017, 42474169, 1, 0, 0
48101, 34107817, 1, 0, 0
48204, 65977524, 1, 0, 0
48320, 102281652, 1, 0, 0
48438, 82521672, 1, 0, 0
48557, 98903050, 1, 0, 0
48610, 107267608, 1, 0, 0
48726, 103137675, 1, 0, 0
48835, 111119247, 1, 0, 0
48910, 50246964, 1, 0, 0
49006, 28802272, 1, 0, 0
49103, 28970422, 1, 0, 0
49200, 26451577, 1, 0, 0
49311, 32027845, 1, 0, 0
49404, 34089246, 1, 0, 0
49515, 28175246, 1, 0, 0
49611, 34038134, 1, 0, 0
49706, 30254729, 1, 0, 0
49814, 32028069, 1, 0, 0
49914, 38034061, 1, 0, 0
50006, 29308092, 1, 0, 0
50114, 29000237, 1, 0, 0
50205, 27449501, 1, 0, 0
50307, 35071342, 1, 0, 0
50418, 27993267, 1, 0, 0
50501, 32658942, 1, 0, 0
50610, 27348231, 1, 0, 0
50710, 25567732, 1, 0, 0
50804, 30090013, 1, 0, 0
50908, 26695051, 1, 0, 0
51004, 33248656, 1, 0, 0
51101, 54740446, 1, 0, 0
51205, 61469826, 1, 0, 0
51314, 99079172, 1, 0, 0
51426, 99051949, 1, 0, 0
51544, 105216242, 1, 0, 0
51601, 112248363, 1, 0, 0
51710, 105964573, 1, 0, 0
51804, 44436533, 1, 0, 0
51905, 30335509, 1, 0, 0
52015, 24789831, 1, 0, 0
52114, 30260749, 1, 0, 0
52208, 29890022, 1, 0, 0
52305, 28999480, 1, 0, 0
52417, 26779918, 1, 0, 0
52513, 29583901, 1, 0, 0
52616, 30851649, 1, 0, 0
52708, 28631564, 1, 0, 0
52813, 31968044, 1, 0, 0
52911, 29680599, 1, 0, 0
53009, 31183582, 1, 0, 0
53110, 27680606, 1, 0, 0
53212, 28024555, 1, 0, 0
53304, 28240214, 1, 0, 0
53404, 28558484, 1, 0, 0
53513, 26259446, 1, 0, 0
53617, 30046224, 1, 0, 0
53711, 32309580, 1, 0, 0
53812, 30843312, 1, 0, 0
53909, 30417219, 1, 0, 0
54050, 31936497, 1, 0, 0
54105, 90840385, 1, 0, 0
54217, 105945237, 1, 0, 0
54330, 92518835, 1, 0, 0
54440, 106471661, 1, 0, 0
54502, 80037447, 1, 0, 0
54627, 107170954, 1, 0, 0
54705, 85337982, 1, 0, 0
54806, 29358345, 1, 0, 0
54902, 30538823, 1, 0, 0
55015, 29660358, 1, 0, 0
55110, 29136657, 1, 0, 0
55205, 28854124, 1, 0, 0
55301, 29372871, 1, 0, 0
55400, 30240605, 1, 0, 0
55507, 27072444, 1, 0, 0
55600, 23765413, 1, 0, 0
55708, 22625674, 1, 0, 0
55801, 32891579, 1, 0, 0
55917, 29039005, 1, 0, 0
56019, 28750693, 1, 0, 0
56101, 26302626, 1, 0, 0
56216, 31214382, 1, 0, 0
56300, 32249722, 1, 0, 0
56403, 26438595, 1, 0, 0
56500, 30204515, 1, 0, 0
56604, 28716092, 1, 0, 0
56712, 28514565, 1, 0, 0
56810, 29142974, 1, 0, 0
56902, 28736560, 1, 0, 0
57031, 52138604, 1, 0, 0
57136, 92601832, 1, 0, 0
57253, 102079827, 1, 0, 0
57307, 108462068, 1, 0, 0
57414, 96052952, 1, 0, 0
57532, 91322138, 1, 0, 0
57643, 71201533, 1, 0, 0
57710, 55156485, 1, 0, 0
57804, 29638497, 1, 0, 0
57900, 31683884, 1, 0, 0
58063, 29490120, 1, 0, 0
58134, 99346303, 1, 0, 0
58214, 63088857, 1, 0, 0
58312, 31889881, 1, 0, 0
58408, 29729766, 1, 0, 0
58506, 27071568, 1, 0, 0
58602, 27191808, 1, 0, 0
58700, 31404616, 1, 0, 0
58807, 30614958, 1, 0, 0
58925, 29657206, 1, 0, 0
59008, 30630632, 1, 0, 0
59105, 28678363, 1, 0, 0
59210, 27761275, 1, 0, 0
59305, 27586539, 1, 0, 0
59405, 29045608, 1, 0, 0
59513, 31037989, 1, 0, 0
59611, 31095135, 1, 0, 0
59708, 28600812, 1, 0, 0
59804, 29660205, 1, 0, 0
59908, 36286483, 1, 0, 0
60015, 91479332, 1, 0, 0
60125, 102036842, 1, 0, 0
60234, 102934610, 1, 0, 0
60347, 98238783, 1, 0, 0
60400, 106238176, 1, 0, 0
60511, 100609133, 1, 0, 0
60614, 69688028, 1, 0, 0
60713, 29468678, 1, 0, 0
60811, 30881174, 1, 0, 0
60912, 30364057, 1, 0, 0
61009, 29747492, 1, 0, 0
61105, 31115338, 1, 0, 0
61202, 29802875, 1, 0, 0
61300, 28444370, 1, 0, 0
61413, 32655303, 1, 0, 0
61508, 32106198, 1, 0, 0
61602, 29402761, 1, 0, 0
61716, 34334205, 1, 0, 0
61809, 28414240, 1, 0, 0
61901, 23639523, 1, 0, 0
62010, 30629128, 1, 0, 0
62102, 27298853, 1, 0, 0
62214, 32183087, 1, 0, 0
62306, 35854759, 1, 0, 0
62418, 35247672, 1, 0, 0
62511, 33780357, 1, 0, 0
62602, 34217375, 1, 0, 0
62711, 33591968, 1, 0, 0
62800, 34476285, 1, 0, 0
62919, 79296406, 1, 0, 0
63023, 85803310, 1, 0, 0
63138, 106672406, 1, 0, 0
63258, 108799855, 1, 0, 0
63313, 64677805, 1, 0, 0
63438, 112131483, 1, 0, 0
63515, 82737459, 1, 0, 0
63612, 34697833, 1, 0, 0
63703, 32159324, 1, 0, 0
63800, 23905346, 1, 0, 0
63913, 27413705, 1, 0, 0
64008, 26592947, 1, 0, 0
64102, 35092064, 1, 0, 0
64226, 34042688, 1, 0, 0
64317, 33914877, 1, 0, 0
64407, 31914645, 1, 0, 0
64503, 30387982, 1, 0, 0
64619, 26076853, 1, 0, 0
64712, 34441845, 1, 0, 0
64807, 35970435, 1, 0, 0
64906, 29694088, 1, 0, 0
65019, 35883371, 1, 0, 0
65114, 33528659, 1, 0, 0
65207, 32840037, 1, 0, 0
65300, 30746822, 1, 0, 0
65409, 30444155, 1, 0, 0
65501, 32235954, 1, 0, 0
65602, 31991713, 1, 0, 0
65741, 30612257, 1, 0, 0
65858, 64476870, 1, 0, 0
65913, 109231450, 1, 0, 0
66020, 104693155, 1, 0, 0
66133, 107653761, 1, 0, 0
66239, 52762703, 1, 0, 0
66327, 80377654, 1, 0, 0
66423, 55174794, 1, 0, 0
66517, 50482896, 1, 0, 0
66612, 29252992, 1, 0, 0
66708, 34355987, 1, 0, 0
66800, 28239655, 1, 0, 0
66909, 34679830, 1, 0, 0
67004, 32311731, 1, 0, 0
67118, 35253830, 1, 0, 0
67212, 36173339, 1, 0, 0
67306, 28001049, 1, 0, 0
67403, 28761375, 1, 0, 0
67509, 44566184, 1, 0, 0
67669, 66353372, 1, 0, 0
67744, 126921161, 1, 0, 0
67817, 41587186, 1, 0, 0
67912, 34953622, 1, 0, 0
68005, 36093353, 1, 0, 0
68117, 35494247, 1, 0, 0
68211, 29893146, 1, 0, 0
68308, 30479401, 1, 0, 0
68401, 31820114, 1, 0, 0
68511, 33892952, 1, 0, 0
68601, 33362019, 1, 0, 0
68713, 33919851, 1, 0, 0
68823, 31357928, 1, 0, 0
68933, 78403109, 1, 0, 0
69069, 104701429, 1, 0, 0
69124, 128413442, 1, 0, 0
69240, 109818145, 1, 0, 0
69300, 83980989, 1, 0, 0
69423, 104496252, 1, 0, 0
69513, 60659858, 1, 0, 0
69612, 24579322, 1, 0, 0
69712, 29834713, 1, 0, 0
69806, 28916951, 1, 0, 0
69900, 27445217, 1, 0, 0
70011, 29976033, 1, 0, 0
70111, 28435963, 1, 0, 0
70211, 31260907, 1, 0, 0
70308, 31639125, 1, 0, 0
70403, 28531147, 1, 0, 0
70516, 28956870, 1, 0, 0
70607, 26296958, 1, 0, 0
70710, 30723931, 1, 0, 0
70803, 29040097, 1, 0, 0
70900, 30882999, 1, 0, 0
71000, 30026886, 1, 0, 0
71115, 27905298, 1, 0, 0
71204, 27692407, 1, 0, 0
71304, 29766869, 1, 0, 0
71416, 28745872, 1, 0, 0
71513, 30976549, 1, 0, 0
71600, 30808317, 1, 0, 0
71711, 31496056, 1, 0, 0
71821, 40147148, 1, 0, 0
71924, 78664904, 1, 0, 0
72028, 97801386, 1, 0, 0
72135, 90830721, 1, 0, 0
72250, 101074954, 1, 0, 0
72306, 110239165, 1, 0, 0
72427, 108630867, 1, 0, 0
72505, 84078747, 1, 0, 0
72605, 30383318, 1, 0, 0
72708, 29921716, 1, 0, 0
72810, 32602601, 1, 0, 0
72916, 31191393, 1, 0, 0
73008, 29211927, 1, 0, 0
73104, 30202474, 1, 0, 0
73214, 28931944, 1, 0, 0
73309, 29700812, 1, 0, 0
73406, 29901752, 1, 0, 0
73518, 29495924, 1, 0, 0
73612, 30594847, 1, 0, 0
73711, 29801517, 1, 0, 0
73804, 30616168, 1, 0, 0
73902, 29292170, 1, 0, 0
74013, 29918297, 1, 0, 0
74105, 26158266, 1, 0, 0
74208, 23042272, 1, 0, 0
74303, 33187013, 1, 0, 0
74416, 29095104, 1, 0, 0
74506, 27844841, 1, 0, 0
74613, 28137071, 1, 0, 0
74734, 40334438, 1, 0, 0
74842, 97397397, 1, 0, 0
74953, 101126907, 1, 0, 0
75003, 108237347, 1, 0, 0
75109, 81233749, 1, 0, 0
75238, 80437482, 1, 0, 0
75322, 63068195, 1, 0, 0
75411, 47380706, 1, 0, 0
75508, 28593472, 1, 0, 0
75616, 33890206, 1, 0, 0
75707, 34730039, 1, 0, 0
75802, 31915832, 1, 0, 0
75915, 30242650, 1, 0, 0
76005, 25489199, 1, 0, 0
76104, 29235453, 1, 0, 0
76217, 29858461, 1, 0, 0
76308, 31061408, 1, 0, 0
76401, 33550450, 1, 0, 0
76511, 28330165, 1, 0, 0
76601, 31141051, 1, 0, 0
76710, 30271849, 1, 0, 0
76800, 28255423, 1, 0, 0
76911, 33547871, 1, 0, 0
77008, 33299071, 1, 0, 0
77100, 32637860, 1, 0, 0
77214, 34393441, 1, 0, 0
77306, 32649779, 1, 0, 0
77418, 32903158, 1, 0, 0
77508, 32977890, 1, 0, 0
77617, 35685005, 1, 0, 0
77732, 70574309, 1, 0, 0
77846, 103800749, 1, 0, 0
77949, 105418742, 1, 0, 0
78002, 99164518, 1, 0, 0
78114, 98388832, 1, 0, 0
78206, 104187681, 1, 0, 0
78340, 66523292, 1, 0, 0
78400, 89130836, 1, 0, 0
78512, 28618858, 1, 0, 0
78611, 29068291, 1, 0, 0
78710, 28932292, 1, 0, 0
78800, 27296312, 1, 0, 0
78905, 23985152, 1, 0, 0
79002, 22480395, 1, 0, 0
79120, 29147969, 1, 0, 0
79210, 29882574, 1, 0, 0
79309, 27956484, 1, 0, 0
79406, 30872926, 1, 0, 0
79501, 28304783, 1, 0, 0
79614, 29756093, 1, 0, 0
79710, 29672661, 1, 0, 0
79804, 29725577, 1, 0, 0
79904, 30227282, 1, 0, 0
80015, 28869543, 1, 0, 0
80113, 30428273, 1, 0, 0
80211, 28084210, 1, 0, 0
80309, 31322063, 1, 0, 0
80408, 31790369, 1, 0, 0
80501, 27214258, 1, 0, 0
80605, 65190027, 1, 0, 0
80714, 97743386, 1, 0, 0
80828, 106721179, 1, 0, 0
80941, 107345286, 1, 0, 0
81051, 98042980, 1, 0, 0
81101, 96681761, 1, 0, 0
81210, 101159633, 1, 0, 0
81317, 59981096, 1, 0, 0
81400, 31328273, 1, 0, 0
81501, 29183476, 1, 0, 0
81612, 27424044, 1, 0, 0
81711, 29501637, 1, 0, 0
81805, 27783491, 1, 0, 0
81903, 23551971, 1, 0, 0
82002, 29902480, 1, 0, 0
82102, 29425882, 1, 0, 0
82210, 29970278, 1, 0, 0
82311, 29274776, 1, 0, 0
82406, 28338979, 1, 0, 0
82514, 32270156, 1, 0, 0
82616, 34584951, 1, 0, 0
82700, 34610410, 1, 0, 0
82801, 31290461, 1, 0, 0
82911, 29120910, 1, 0, 0
83005, 30272669, 1, 0, 0
83105, 28895105, 1, 0, 0
83217, 28842798, 1, 0, 0
83310, 25216882, 1, 0, 0
83414, 32989252, 1, 0, 0
83502, 53736313, 1, 0, 0
83622, 100339164, 1, 0, 0
83730, 97857571, 1, 0, 0
83845, 101282879, 1, 0, 0
83949, 103646824, 1, 0, 0
84005, 50912475, 1, 0, 0
84117, 104760238, 1, 0, 0
84216, 103537325, 1, 0, 0
84311, 30002930, 1, 0, 0
84404, 35518697, 1, 0, 0
84500, 33195625, 1, 0, 0
84608, 33985700, 1, 0, 0
84717, 34685732, 1, 0, 0
84811, 35532421, 1, 0, 0
84908, 33865424, 1, 0, 0
85001, 32649773, 1, 0, 0
85110, 33548195, 1, 0, 0
85207, 29887814, 1, 0, 0
85320, 35069760, 1, 0, 0
85413, 35215888, 1, 0, 0
85505, 35493233, 1, 0, 0
85602, 27573936, 1, 0, 0
85712, 33524163, 1, 0, 0
85803, 33714520, 1, 0, 0
85914, 30492697, 1, 0, 0
86009, 34442276, 1, 0, 0
86101, 35130101, 1, 0, 0
86215, 35359598, 1, 0, 0
86310, 35361968, 1, 0, 0
86426, 37888401, 1, 0, 0
86535, 79766898, 1, 0, 0
86641, 99148528, 1, 0, 0
86758, 86026579, 1, 0, 0
86817, 100183182, 1, 0, 0
86934, 61328995, 1, 0, 0
87055, 93002784, 1, 0, 0
87117, 115346088, 1, 0, 0
87209, 54158843, 1, 0, 0
87305, 32663672, 1, 0, 0
87419, 33441594, 1, 0, 0
87513, 35429280, 1, 0, 0
87613, 34667121, 1, 0, 0
87712, 30959494, 1, 0, 0
87812, 30294237, 1, 0, 0
87903, 29204974, 1, 0, 0
88007, 28066568, 1, 0, 0
88109, 33077153, 1, 0, 0
88202, 27101240, 1, 0, 0
88312, 34488506, 1, 0, 0
88401, 35291625, 1, 0, 0
88510, 29996886, 1, 0, 0
88609, 30259135, 1, 0, 0
88718, 25927981, 1, 0, 0
88810, 34749306, 1, 0, 0
88901, 34981693, 1, 0, 0
89013, 33644074, 1, 0, 0
89112, 32738792, 1, 0, 0
89203, 35231554, 1, 0, 0
89318, 35668175, 1, 0, 0
89424, 59383966, 1, 0, 0
89528, 98749597, 1, 0, 0
89631, 95538543, 1, 0, 0
89730, 96090802, 1, 0, 0
89837, 89016995, 1, 0, 0
89924, 94739442, 1, 0, 0
90005, 76581228, 1, 0, 0
90047, 103748545, 1, 0, 0
