111, 18708, 1, 0, 0
240, 23235, 1, 0, 0
357, 17904, 1, 0, 0
417, 21389, 1, 0, 0
531, 17470, 1, 0, 0
600, 26208, 1, 0, 0
717, 18705, 1, 0, 0
831, 15917, 1, 0, 0
904, 20194, 1, 0, 0
1015, 17514, 1, 0, 0
1111, 12041, 1, 0, 0
1201, 17812, 1, 0, 0
1312, 24427, 1, 0, 0
1405, 26557, 1, 0, 0
1515, 19874, 1, 0, 0
1600, 18750, 1, 0, 0
1705, 18945, 1, 0, 0
1803, 16202, 1, 0, 0
1905, 20189, 1, 0, 0
2013, 26341, 1, 0, 0
2105, 14913, 1, 0, 0
2201, 18879, 1, 0, 0
2313, 19660, 1, 0, 0
2403, 19184, 1, 0, 0
2512, 19095, 1, 0, 0
2614, 20677, 1, 0, 0
2705, 17902, 1, 0, 0
2816, 20557, 1, 0, 0
2909, 13980, 1, 0, 0
3015, 16852, 1, 0, 0
3135, 16104, 1, 0, 0
3242, 12099, 1, 0, 0
3358, 13492, 1, 0, 0
3418, 12430, 1, 0, 0
3549, 20634, 1, 0, 0
3604, 19274, 1, 0, 0
3700, 19217, 1, 0, 0
3812, 16035, 1, 0, 0
3902, 16906, 1, 0, 0
4005, 18428, 1, 0, 0
4105, 16868, 1, 0, 0
4204, 17586, 1, 0, 0
4300, 18985, 1, 0, 0
4410, 14735, 1, 0, 0
4506, 19061, 1, 0, 0
4605, 14976, 1, 0, 0
4706, 17303, 1, 0, 0
4803, 16815, 1, 0, 0
4903, 17335, 1, 0, 0
5004, 14753, 1, 0, 0
5106, 15486, 1, 0, 0
5202, 17576, 1, 0, 0
5314, 17932, 1, 0, 0
5422, 17592, 1, 0, 0
5508, 17730, 1, 0, 0
5608, 18171, 1, 0, 0
5701, 19602, 1, 0, 0
5814, 14370, 1, 0, 0
5902, 13255, 1, 0, 0
6013, 13542, 1, 0, 0
6105, 11974, 1, 0, 0
6205, 17126, 1, 0, 0
6321, 15749, 1, 0, 0
6432, 14391, 1, 0, 0
6547, 12639, 1, 0, 0
6602, 14989, 1, 0, 0
6726, 17125, 1, 0, 0
6841, 15350, 1, 0, 0
6900, 14879, 1, 0, 0
7017, 13393, 1, 0, 0
7111, 17049, 1, 0, 0
7212, 14310, 1, 0, 0
7306, 11924, 1, 0, 0
7405, 10886, 1, 0, 0
7500, 18231, 1, 0, 0
7613, 15697, 1, 0, 0
7715, 18057, 1, 0, 0
7814, 12414, 1, 0, 0
7909, 17287, 1, 0, 0
8012, 14477, 1, 0, 0
8109, 18009, 1, 0, 0
8212, 18212, 1, 0, 0
8305, 11524, 1, 0, 0
8400, 12072, 1, 0, 0
8510, 14277, 1, 0, 0
8607, 14823, 1, 0, 0
8703, 20335, 1, 0, 0
8800, 20881, 1, 0, 0
8904, 18905, 1, 0, 0
9016, 19295, 1, 0, 0
9135, 17866, 1, 0, 0
9237, 16082, 1, 0, 0
9351, 13583, 1, 0, 0
9421, 20931, 1, 0, 0
9536, 21578, 1, 0, 0
9651, 18411, 1, 0, 0
9709, 19060, 1, 0, 0
9806, 15748, 1, 0, 0
9903, 19274, 1, 0, 0
10017, 16973, 1, 0, 0
10102, 18451, 1, 0, 0
10201, 16905, 1, 0, 0
10315, 16208, 1, 0, 0
10423, 15832, 1, 0, 0
10502, 15998, 1, 0, 0
10614, 18690, 1, 0, 0
10718, 16660, 1, 0, 0
10800, 17050, 1, 0, 0
10912, 12471, 1, 0, 0
11012, 13456, 1, 0, 0
11105, 15243, 1, 0, 0
11203, 16015, 1, 0, 0
11302, 13574, 1, 0, 0
11402, 17176, 1, 0, 0
11514, 14789, 1, 0, 0
11604, 17398, 1, 0, 0
11706, 17861, 1, 0, 0
11800, 20193, 1, 0, 0
11910, 19267, 1, 0, 0
12005, 18193, 1, 0, 0
12134, 16772, 1, 0, 0
12242, 13998, 1, 0, 0
12346, 16547, 1, 0, 0
12406, 13476, 1, 0, 0
12518, 12649, 1, 0, 0
12625, 15617, 1, 0, 0
12747, 21961, 1, 0, 0
12801, 15797, 1, 0, 0
12913, 15821, 1, 0, 0
13016, 16892, 1, 0, 0
13101, 17944, 1, 0, 0
13201, 17081, 1, 0, 0
13312, 16834, 1, 0, 0
13408, 15227, 1, 0, 0
13506, 13998, 1, 0, 0
13607, 17198, 1, 0, 0
13713, 16881, 1, 0, 0
13803, 18236, 1, 0, 0
13904, 18602, 1, 0, 0
14002, 17669, 1, 0, 0
14104, 17321, 1, 0, 0
14202, 18184, 1, 0, 0
14312, 15810, 1, 0, 0
14412, 18807, 1, 0, 0
14504, 16858, 1, 0, 0
14613, 18558, 1, 0, 0
14711, 17110, 1, 0, 0
14804, 16184, 1, 0, 0
14906, 15481, 1, 0, 0
15014, 11924, 1, 0, 0
15128, 22603, 1, 0, 0
15236, 19260, 1, 0, 0
15347, 18269, 1, 0, 0
15407, 22663, 1, 0, 0
15520, 14654, 1, 0, 0
15629, 20709, 1, 0, 0
15725, 20447, 1, 0, 0
15809, 17814, 1, 0, 0
15911, 14928, 1, 0, 0
16000, 21139, 1, 0, 0
16114, 16037, 1, 0, 0
16212, 15734, 1, 0, 0
16304, 20202, 1, 0, 0
16400, 18142, 1, 0, 0
16501, 14353, 1, 0, 0
16603, 13163, 1, 0, 0
16701, 16912, 1, 0, 0
16800, 16213, 1, 0, 0
16915, 14110, 1, 0, 0
17013, 17400, 1, 0, 0
17110, 17999, 1, 0, 0
17216, 16843, 1, 0, 0
17302, 16170, 1, 0, 0
17400, 13557, 1, 0, 0
17512, 13229, 1, 0, 0
17605, 11742, 1, 0, 0
17707, 11843, 1, 0, 0
17810, 16300, 1, 0, 0
17909, 14013, 1, 0, 0
18019, 12762, 1, 0, 0
18130, 13540, 1, 0, 0
18236, 14489, 1, 0, 0
18342, 18024, 1, 0, 0
18452, 13872, 1, 0, 0
18536, 14230, 1, 0, 0
18625, 21865, 1, 0, 0
18715, 18987, 1, 0, 0
18813, 18875, 1, 0, 0
18904, 16395, 1, 0, 0
19010, 15147, 1, 0, 0
19104, 16945, 1, 0, 0
19216, 16756, 1, 0, 0
19310, 11992, 1, 0, 0
19405, 15309, 1, 0, 0
19506, 13734, 1, 0, 0
19617, 12407, 1, 0, 0
19709, 15342, 1, 0, 0
19802, 16347, 1, 0, 0
19913, 16983, 1, 0, 0
20006, 16349, 1, 0, 0
20118, 20198, 1, 0, 0
20207, 18577, 1, 0, 0
20317, 19566, 1, 0, 0
20407, 18544, 1, 0, 0
20506, 15945, 1, 0, 0
20603, 16716, 1, 0, 0
20716, 13486, 1, 0, 0
20807, 17767, 1, 0, 0
20907, 16980, 1, 0, 0
21002, 17148, 1, 0, 0
21148, 16655, 1, 0, 0
21255, 16174, 1, 0, 0
21305, 18254, 1, 0, 0
21413, 17416, 1, 0, 0
21517, 20632, 1, 0, 0
21619, 14380, 1, 0, 0
21710, 13619, 1, 0, 0
21809, 19698, 1, 0, 0
21902, 17942, 1, 0, 0
22000, 15904, 1, 0, 0
22110, 17244, 1, 0, 0
22207, 19532, 1, 0, 0
22306, 20156, 1, 0, 0
22402, 17390, 1, 0, 0
22507, 14593, 1, 0, 0
22601, 15092, 1, 0, 0
22713, 17467, 1, 0, 0
22807, 16060, 1, 0, 0
22908, 16192, 1, 0, 0
23016, 14948, 1, 0, 0
23105, 19782, 1, 0, 0
23216, 17275, 1, 0, 0
23305, 21207, 1, 0, 0
23415, 16199, 1, 0, 0
23518, 19217, 1, 0, 0
23612, 16486, 1, 0, 0
23705, 15147, 1, 0, 0
23809, 18718, 1, 0, 0
23916, 16133, 1, 0, 0
24044, 15188, 1, 0, 0
24104, 16528, 1, 0, 0
24201, 17973, 1, 0, 0
24315, 16040, 1, 0, 0
24428, 14080, 1, 0, 0
24543, 11943, 1, 0, 0
24652, 15642, 1, 0, 0
24716, 15189, 1, 0, 0
24817, 19476, 1, 0, 0
24900, 16528, 1, 0, 0
25010, 15696, 1, 0, 0
25103, 15816, 1, 0, 0
25202, 17012, 1, 0, 0
25312, 16026, 1, 0, 0
25413, 18002, 1, 0, 0
25509, 15347, 1, 0, 0
25607, 18502, 1, 0, 0
25710, 13795, 1, 0, 0
25807, 17013, 1, 0, 0
25910, 16762, 1, 0, 0
26008, 16890, 1, 0, 0
26102, 18042, 1, 0, 0
26210, 16146, 1, 0, 0
26304, 18495, 1, 0, 0
26408, 17937, 1, 0, 0
26501, 19074, 1, 0, 0
26618, 13687, 1, 0, 0
26712, 16313, 1, 0, 0
26809, 16554, 1, 0, 0
26902, 20533, 1, 0, 0
27014, 25508, 1, 0, 0
27112, 21348, 1, 0, 0
27239, 16854, 1, 0, 0
27359, 18753, 1, 0, 0
27417, 19763, 1, 0, 0
27541, 16383, 1, 0, 0
27607, 17761, 1, 0, 0
27703, 14155, 1, 0, 0
27803, 13722, 1, 0, 0
27914, 17588, 1, 0, 0
28009, 17908, 1, 0, 0
28103, 18962, 1, 0, 0
28213, 19935, 1, 0, 0
28307, 17258, 1, 0, 0
28403, 17189, 1, 0, 0
28516, 18624, 1, 0, 0
28609, 14392, 1, 0, 0
28714, 16198, 1, 0, 0
28804, 13812, 1, 0, 0
28911, 18391, 1, 0, 0
29014, 16934, 1, 0, 0
29115, 15499, 1, 0, 0
29209, 13386, 1, 0, 0
29312, 16266, 1, 0, 0
29414, 19188, 1, 0, 0
29509, 18087, 1, 0, 0
29616, 19096, 1, 0, 0
29711, 19210, 1, 0, 0
29808, 16877, 1, 0, 0
29908, 18136, 1, 0, 0
30002, 17376, 1, 0, 0
30109, 17883, 1, 0, 0
30228, 16034, 1, 0, 0
30341, 18320, 1, 0, 0
30400, 18598, 1, 0, 0
30513, 13868, 1, 0, 0
30630, 13048, 1, 0, 0
30747, 14442, 1, 0, 0
30810, 18905, 1, 0, 0
30904, 17444, 1, 0, 0
31012, 16423, 1, 0, 0
31112, 19482, 1, 0, 0
31206, 16951, 1, 0, 0
31306, 20313, 1, 0, 0
31406, 15644, 1, 0, 0
31502, 16001, 1, 0, 0
31600, 16218, 1, 0, 0
31718, 19090, 1, 0, 0
31802, 18543, 1, 0, 0
31900, 16469, 1, 0, 0
32014, 16781, 1, 0, 0
32112, 15041, 1, 0, 0
32211, 18482, 1, 0, 0
32304, 16902, 1, 0, 0
32402, 17394, 1, 0, 0
32515, 18628, 1, 0, 0
32607, 17233, 1, 0, 0
32713, 18081, 1, 0, 0
32812, 15328, 1, 0, 0
32906, 13792, 1, 0, 0
33000, 15359, 1, 0, 0
33113, 15207, 1, 0, 0
33212, 17394, 1, 0, 0
33305, 20390, 1, 0, 0
33423, 17336, 1, 0, 0
33528, 17232, 1, 0, 0
33643, 16813, 1, 0, 0
33769, 15248, 1, 0, 0
33821, 19579, 1, 0, 0
33935, 19106, 1, 0, 0
34005, 15547, 1, 0, 0
34105, 16329, 1, 0, 0
34208, 16953, 1, 0, 0
34308, 16186, 1, 0, 0
34411, 19151, 1, 0, 0
34511, 14690, 1, 0, 0
34609, 14553, 1, 0, 0
34716, 15013, 1, 0, 0
34806, 14724, 1, 0, 0
34909, 17844, 1, 0, 0
35004, 16649, 1, 0, 0
35101, 18864, 1, 0, 0
35215, 16097, 1, 0, 0
35309, 23645, 1, 0, 0
35401, 16413, 1, 0, 0
35512, 14289, 1, 0, 0
35613, 11887, 1, 0, 0
35713, 14639, 1, 0, 0
35810, 13313, 1, 0, 0
35906, 14270, 1, 0, 0
36010, 20032, 1, 0, 0
36114, 17035, 1, 0, 0
36230, 20451, 1, 0, 0
36338, 21723, 1, 0, 0
36445, 20023, 1, 0, 0
36505, 28756, 1, 0, 0
36619, 25847, 1, 0, 0
36735, 14376, 1, 0, 0
36851, 14254, 1, 0, 0
36900, 12075, 1, 0, 0
37000, 16938, 1, 0, 0
37114, 21381, 1, 0, 0
37211, 15451, 1, 0, 0
37306, 17087, 1, 0, 0
37411, 18111, 1, 0, 0
37509, 18608, 1, 0, 0
37610, 12199, 1, 0, 0
37709, 13001, 1, 0, 0
37801, 12267, 1, 0, 0
37902, 16768, 1, 0, 0
38016, 20471, 1, 0, 0
38111, 17715, 1, 0, 0
38210, 14857, 1, 0, 0
38307, 13948, 1, 0, 0
38405, 14546, 1, 0, 0
38514, 18856, 1, 0, 0
38602, 12700, 1, 0, 0
38701, 16788, 1, 0, 0
38800, 13109, 1, 0, 0
38910, 12986, 1, 0, 0
39016, 12303, 1, 0, 0
39109, 11238, 1, 0, 0
39216, 15179, 1, 0, 0
39331, 16158, 1, 0, 0
39439, 16801, 1, 0, 0
39543, 15317, 1, 0, 0
39643, 21642, 1, 0, 0
39751, 20486, 1, 0, 0
39831, 15234, 1, 0, 0
39915, 17641, 1, 0, 0
40001, 16723, 1, 0, 0
40100, 18993, 1, 0, 0
40212, 13616, 1, 0, 0
40310, 16177, 1, 0, 0
40407, 16535, 1, 0, 0
40513, 18140, 1, 0, 0
40609, 14323, 1, 0, 0
40710, 14541, 1, 0, 0
40808, 16565, 1, 0, 0
40903, 20369, 1, 0, 0
41006, 16613, 1, 0, 0
41104, 14330, 1, 0, 0
41231, 18559, 1, 0, 0
41318, 21039, 1, 0, 0
41408, 19890, 1, 0, 0
41511, 16339, 1, 0, 0
41608, 16304, 1, 0, 0
41708, 17472, 1, 0, 0
41801, 18036, 1, 0, 0
41900, 19072, 1, 0, 0
42014, 16752, 1, 0, 0
42114, 20142, 1, 0, 0
42215, 17212, 1, 0, 0
42316, 15362, 1, 0, 0
42417, 18235, 1, 0, 0
42527, 18690, 1, 0, 0
42636, 12279, 1, 0, 0
42745, 12883, 1, 0, 0
42806, 12722, 1, 0, 0
42920, 17769, 1, 0, 0
43015, 12958, 1, 0, 0
43104, 14810, 1, 0, 0
43206, 17535, 1, 0, 0
43310, 17206, 1, 0, 0
43406, 16582, 1, 0, 0
43513, 16895, 1, 0, 0
43611, 16077, 1, 0, 0
43708, 16254, 1, 0, 0
43801, 15619, 1, 0, 0
43901, 15337, 1, 0, 0
44013, 17465, 1, 0, 0
44109, 12541, 1, 0, 0
44209, 15698, 1, 0, 0
44305, 18647, 1, 0, 0
44406, 16065, 1, 0, 0
44514, 14988, 1, 0, 0
44614, 14924, 1, 0, 0
44711, 14538, 1, 0, 0
44808, 12450, 1, 0, 0
44910, 13252, 1, 0, 0
45015, 12987, 1, 0, 0
45110, 13630, 1, 0, 0
45202, 14704, 1, 0, 0
45325, 21371, 1, 0, 0
45432, 19905, 1, 0, 0
45543, 16519, 1, 0, 0
45656, 15285, 1, 0, 0
45709, 15370, 1, 0, 0
45832, 15531, 1, 0, 0
45906, 18557, 1, 0, 0
46006, 17444, 1, 0, 0
46103, 16338, 1, 0, 0
46200, 18132, 1, 0, 0
46314, 17248, 1, 0, 0
46405, 16308, 1, 0, 0
46504, 19149, 1, 0, 0
46608, 16598, 1, 0, 0
46709, 17106, 1, 0, 0
46804, 12311, 1, 0, 0
46900, 10946, 1, 0, 0
47015, 16260, 1, 0, 0
47112, 16243, 1, 0, 0
47208, 13051, 1, 0, 0
47305, 13891, 1, 0, 0
47418, 15755, 1, 0, 0
47518, 17238, 1, 0, 0
47606, 17013, 1, 0, 0
47715, 17530, 1, 0, 0
47810, 17601, 1, 0, 0
47909, 17586, 1, 0, 0
48017, 18228, 1, 0, 0
48101, 17275, 1, 0, 0
48204, 15775, 1, 0, 0
48321, 20703, 1, 0, 0
48438, 23511, 1, 0, 0
48557, 20760, 1, 0, 0
48610, 16502, 1, 0, 0
48726, 18600, 1, 0, 0
48835, 20444, 1, 0, 0
48910, 17820, 1, 0, 0
49006, 18186, 1, 0, 0
49103, 14954, 1, 0, 0
49200, 18944, 1, 0, 0
49311, 16804, 1, 0, 0
49404, 20197, 1, 0, 0
49515, 16506, 1, 0, 0
49611, 14784, 1, 0, 0
49706, 19427, 1, 0, 0
49814, 15640, 1, 0, 0
49914, 17306, 1, 0, 0
50006, 20548, 1, 0, 0
50114, 15418, 1, 0, 0
50205, 17090, 1, 0, 0
50307, 16596, 1, 0, 0
50418, 19356, 1, 0, 0
50501, 15855, 1, 0, 0
50610, 14074, 1, 0, 0
50710, 16197, 1, 0, 0
50804, 12454, 1, 0, 0
50908, 13294, 1, 0, 0
51004, 14397, 1, 0, 0
51101, 15747, 1, 0, 0
51205, 15062, 1, 0, 0
51314, 13454, 1, 0, 0
51426, 15520, 1, 0, 0
51544, 14728, 1, 0, 0
51601, 19238, 1, 0, 0
51710, 20313, 1, 0, 0
51804, 18316, 1, 0, 0
51905, 16478, 1, 0, 0
52015, 16432, 1, 0, 0
52114, 18456, 1, 0, 0
52208, 20122, 1, 0, 0
52305, 15409, 1, 0, 0
52417, 19652, 1, 0, 0
52513, 16265, 1, 0, 0
52616, 23570, 1, 0, 0
52708, 14368, 1, 0, 0
52813, 18518, 1, 0, 0
52911, 13409, 1, 0, 0
53009, 13024, 1, 0, 0
53110, 10860, 1, 0, 0
53212, 12584, 1, 0, 0
53304, 18260, 1, 0, 0
53404, 15962, 1, 0, 0
53513, 22091, 1, 0, 0
53617, 15395, 1, 0, 0
53711, 13708, 1, 0, 0
53812, 18829, 1, 0, 0
53909, 16082, 1, 0, 0
54050, 13589, 1, 0, 0
54105, 12459, 1, 0, 0
54217, 12964, 1, 0, 0
54331, 12788, 1, 0, 0
54440, 16501, 1, 0, 0
54502, 13329, 1, 0, 0
54627, 14050, 1, 0, 0
54705, 12299, 1, 0, 0
54807, 13795, 1, 0, 0
54902, 17162, 1, 0, 0
55015, 16800, 1, 0, 0
55110, 13141, 1, 0, 0
55205, 13911, 1, 0, 0
55301, 16814, 1, 0, 0
55400, 15656, 1, 0, 0
55507, 13363, 1, 0, 0
55600, 16771, 1, 0, 0
55708, 12930, 1, 0, 0
55801, 14153, 1, 0, 0
55917, 14151, 1, 0, 0
56019, 16969, 1, 0, 0
56101, 20883, 1, 0, 0
56216, 15527, 1, 0, 0
56300, 17463, 1, 0, 0
56403, 13575, 1, 0, 0
56500, 14215, 1, 0, 0
56604, 12779, 1, 0, 0
56712, 13237, 1, 0, 0
56810, 12791, 1, 0, 0
56902, 10720, 1, 0, 0
57031, 14728, 1, 0, 0
57136, 17537, 1, 0, 0
57253, 17031, 1, 0, 0
57307, 20364, 1, 0, 0
57415, 21452, 1, 0, 0
57532, 16770, 1, 0, 0
57643, 13579, 1, 0, 0
57710, 16057, 1, 0, 0
57804, 18767, 1, 0, 0
57900, 16942, 1, 0, 0
58063, 16452, 1, 0, 0
58134, 14499, 1, 0, 0
58214, 14129, 1, 0, 0
58312, 17172, 1, 0, 0
58408, 11912, 1, 0, 0
58506, 14542, 1, 0, 0
58602, 17472, 1, 0, 0
58700, 14279, 1, 0, 0
58807, 12745, 1, 0, 0
58925, 11988, 1, 0, 0
59008, 18239, 1, 0, 0
59105, 13322, 1, 0, 0
59210, 12339, 1, 0, 0
59306, 14565, 1, 0, 0
59405, 17927, 1, 0, 0
59513, 16552, 1, 0, 0
59611, 17931, 1, 0, 0
59708, 20499, 1, 0, 0
59804, 14856, 1, 0, 0
59908, 13284, 1, 0, 0
60015, 13495, 1, 0, 0
60125, 15806, 1, 0, 0
60234, 15922, 1, 0, 0
60347, 16760, 1, 0, 0
60400, 17526, 1, 0, 0
60511, 16664, 1, 0, 0
60614, 18548, 1, 0, 0
60713, 19416, 1, 0, 0
60811, 13841, 1, 0, 0
60912, 14104, 1, 0, 0
61009, 16343, 1, 0, 0
61105, 17462, 1, 0, 0
61202, 17128, 1, 0, 0
61300, 17372, 1, 0, 0
61413, 14921, 1, 0, 0
61508, 22680, 1, 0, 0
61602, 17631, 1, 0, 0
61716, 21623, 1, 0, 0
61809, 18409, 1, 0, 0
61901, 16766, 1, 0, 0
62010, 18566, 1, 0, 0
62102, 16588, 1, 0, 0
62214, 18763, 1, 0, 0
62306, 14751, 1, 0, 0
62418, 17115, 1, 0, 0
62511, 12467, 1, 0, 0
62602, 15478, 1, 0, 0
62711, 13276, 1, 0, 0
62800, 13023, 1, 0, 0
62919, 11958, 1, 0, 0
63024, 23408, 1, 0, 0
63138, 25696, 1, 0, 0
63258, 14247, 1, 0, 0
63313, 13224, 1, 0, 0
63438, 14946, 1, 0, 0
63515, 16650, 1, 0, 0
63612, 19116, 1, 0, 0
63703, 21344, 1, 0, 0
63800, 17508, 1, 0, 0
63913, 17572, 1, 0, 0
64008, 17133, 1, 0, 0
64102, 19675, 1, 0, 0
64226, 15280, 1, 0, 0
64317, 17243, 1, 0, 0
64407, 14141, 1, 0, 0
64503, 20351, 1, 0, 0
64619, 16792, 1, 0, 0
64712, 17113, 1, 0, 0
64807, 26646, 1, 0, 0
64906, 19061, 1, 0, 0
65019, 18503, 1, 0, 0
65114, 14204, 1, 0, 0
65207, 13132, 1, 0, 0
65300, 22970, 1, 0, 0
65409, 15034, 1, 0, 0
65501, 15110, 1, 0, 0
65602, 16478, 1, 0, 0
65741, 20743, 1, 0, 0
65858, 27399, 1, 0, 0
65913, 20013, 1, 0, 0
66020, 20208, 1, 0, 0
66133, 27407, 1, 0, 0
66239, 18668, 1, 0, 0
66327, 16852, 1, 0, 0
66423, 21904, 1, 0, 0
66517, 16153, 1, 0, 0
66612, 21288, 1, 0, 0
66708, 21898, 1, 0, 0
66800, 17330, 1, 0, 0
66909, 14219, 1, 0, 0
67004, 16677, 1, 0, 0
67118, 18706, 1, 0, 0
67212, 17402, 1, 0, 0
67306, 16912, 1, 0, 0
67403, 17737, 1, 0, 0
67509, 16029, 1, 0, 0
67669, 19372, 1, 0, 0
67744, 24866, 1, 0, 0
67817, 15102, 1, 0, 0
67912, 20969, 1, 0, 0
68005, 15033, 1, 0, 0
68118, 22285, 1, 0, 0
68211, 17188, 1, 0, 0
68308, 13113, 1, 0, 0
68401, 15365, 1, 0, 0
68512, 18592, 1, 0, 0
68601, 15596, 1, 0, 0
68713, 13798, 1, 0, 0
68823, 22528, 1, 0, 0
68933, 19132, 1, 0, 0
69070, 17007, 1, 0, 0
69124, 17962, 1, 0, 0
69241, 16288, 1, 0, 0
69300, 24243, 1, 0, 0
69423, 19692, 1, 0, 0
69513, 15777, 1, 0, 0
69612, 16891, 1, 0, 0
69712, 19401, 1, 0, 0
69806, 18759, 1, 0, 0
69901, 17310, 1, 0, 0
70011, 18837, 1, 0, 0
70111, 11620, 1, 0, 0
70211, 11845, 1, 0, 0
70308, 13404, 1, 0, 0
70403, 14157, 1, 0, 0
70516, 13962, 1, 0, 0
70607, 14963, 1, 0, 0
70710, 15381, 1, 0, 0
70804, 19737, 1, 0, 0
70900, 20477, 1, 0, 0
71000, 15919, 1, 0, 0
71115, 17231, 1, 0, 0
71204, 18453, 1, 0, 0
71304, 16703, 1, 0, 0
71416, 16487, 1, 0, 0
71513, 18652, 1, 0, 0
71600, 13949, 1, 0, 0
71711, 14007, 1, 0, 0
71821, 21245, 1, 0, 0
71924, 18630, 1, 0, 0
72028, 17701, 1, 0, 0
72135, 16796, 1, 0, 0
72250, 17780, 1, 0, 0
72306, 16361, 1, 0, 0
72427, 17593, 1, 0, 0
72505, 17180, 1, 0, 0
72605, 21012, 1, 0, 0
72708, 21693, 1, 0, 0
72810, 16886, 1, 0, 0
72916, 15911, 1, 0, 0
73008, 13130, 1, 0, 0
73104, 12098, 1, 0, 0
73214, 14088, 1, 0, 0
73309, 14459, 1, 0, 0
73406, 13111, 1, 0, 0
73518, 13867, 1, 0, 0
73612, 17115, 1, 0, 0
73711, 17091, 1, 0, 0
73804, 15034, 1, 0, 0
73902, 19582, 1, 0, 0
74013, 16448, 1, 0, 0
74105, 14262, 1, 0, 0
74208, 14770, 1, 0, 0
74303, 14712, 1, 0, 0
74416, 20590, 1, 0, 0
74506, 17234, 1, 0, 0
74613, 18483, 1, 0, 0
74734, 15868, 1, 0, 0
74842, 17333, 1, 0, 0
74953, 14044, 1, 0, 0
75003, 20441, 1, 0, 0
75109, 14428, 1, 0, 0
75238, 18383, 1, 0, 0
75322, 19157, 1, 0, 0
75411, 16236, 1, 0, 0
75508, 22747, 1, 0, 0
75616, 17031, 1, 0, 0
75707, 13111, 1, 0, 0
75802, 33631, 1, 0, 0
75915, 17998, 1, 0, 0
76005, 13872, 1, 0, 0
76104, 12466, 1, 0, 0
76217, 11794, 1, 0, 0
76308, 17614, 1, 0, 0
76401, 22592, 1, 0, 0
76511, 33797, 1, 0, 0
76601, 18968, 1, 0, 0
76710, 15885, 1, 0, 0
76801, 18953, 1, 0, 0
76911, 15965, 1, 0, 0
77008, 19299, 1, 0, 0
77100, 18911, 1, 0, 0
77214, 15001, 1, 0, 0
77307, 13597, 1, 0, 0
77418, 18485, 1, 0, 0
77508, 20210, 1, 0, 0
77617, 20904, 1, 0, 0
77732, 21912, 1, 0, 0
77846, 18909, 1, 0, 0
77949, 20318, 1, 0, 0
78002, 22477, 1, 0, 0
78114, 20224, 1, 0, 0
78206, 21145, 1, 0, 0
78340, 18515, 1, 0, 0
78400, 15522, 1, 0, 0
78512, 17776, 1, 0, 0
78611, 18682, 1, 0, 0
78710, 18611, 1, 0, 0
78800, 18632, 1, 0, 0
78906, 19547, 1, 0, 0
79002, 18220, 1, 0, 0
79120, 16551, 1, 0, 0
79210, 14510, 1, 0, 0
79309, 21602, 1, 0, 0
79406, 17720, 1, 0, 0
79501, 15707, 1, 0, 0
79614, 11673, 1, 0, 0
79710, 16467, 1, 0, 0
79804, 17330, 1, 0, 0
79904, 17914, 1, 0, 0
80015, 17568, 1, 0, 0
80113, 19696, 1, 0, 0
80211, 15551, 1, 0, 0
80309, 13860, 1, 0, 0
80408, 16232, 1, 0, 0
80501, 18436, 1, 0, 0
80605, 12380, 1, 0, 0
80714, 12333, 1, 0, 0
80828, 20768, 1, 0, 0
80941, 15588, 1, 0, 0
81051, 14940, 1, 0, 0
81101, 12358, 1, 0, 0
81210, 12689, 1, 0, 0
81317, 12344, 1, 0, 0
81400, 15396, 1, 0, 0
81501, 15814, 1, 0, 0
81612, 15948, 1, 0, 0
81711, 14803, 1, 0, 0
81805, 15023, 1, 0, 0
81903, 14505, 1, 0, 0
82002, 14822, 1, 0, 0
82102, 22078, 1, 0, 0
82210, 14912, 1, 0, 0
82311, 14881, 1, 0, 0
82406, 14756, 1, 0, 0
82514, 19279, 1, 0, 0
82616, 16029, 1, 0, 0
82700, 17721, 1, 0, 0
82801, 21325, 1, 0, 0
82911, 17116, 1, 0, 0
83005, 15602, 1, 0, 0
83105, 16324, 1, 0, 0
83217, 16974, 1, 0, 0
83310, 18629, 1, 0, 0
83414, 17451, 1, 0, 0
83502, 23679, 1, 0, 0
83622, 17702, 1, 0, 0
83730, 19041, 1, 0, 0
83845, 13892, 1, 0, 0
83949, 19623, 1, 0, 0
84005, 13307, 1, 0, 0
84117, 18744, 1, 0, 0
84216, 19374, 1, 0, 0
84311, 20415, 1, 0, 0
84404, 20154, 1, 0, 0
84500, 18330, 1, 0, 0
84608, 20345, 1, 0, 0
84717, 17198, 1, 0, 0
84811, 20948, 1, 0, 0
84908, 15172, 1, 0, 0
85001, 20036, 1, 0, 0
85110, 19389, 1, 0, 0
85207, 19972, 1, 0, 0
85320, 14667, 1, 0, 0
85413, 21232, 1, 0, 0
85505, 17596, 1, 0, 0
85602, 15657, 1, 0, 0
85712, 20984, 1, 0, 0
85803, 22949, 1, 0, 0
85914, 18176, 1, 0, 0
86009, 26048, 1, 0, 0
86101, 18954, 1, 0, 0
86215, 18985, 1, 0, 0
86310, 16199, 1, 0, 0
86426, 20124, 1, 0, 0
86535, 19773, 1, 0, 0
86641, 20876, 1, 0, 0
86758, 18671, 1, 0, 0
86817, 17250, 1, 0, 0
86934, 13652, 1, 0, 0
87055, 19280, 1, 0, 0
87117, 18191, 1, 0, 0
87209, 18620, 1, 0, 0
87305, 17131, 1, 0, 0
87419, 17122, 1, 0, 0
87513, 19849, 1, 0, 0
87613, 17446, 1, 0, 0
87712, 16043, 1, 0, 0
87812, 12682, 1, 0, 0
87903, 16904, 1, 0, 0
88007, 18531, 1, 0, 0
88109, 17501, 1, 0, 0
88202, 14584, 1, 0, 0
88312, 14394, 1, 0, 0
88401, 15098, 1, 0, 0
88510, 17778, 1, 0, 0
88609, 19262, 1, 0, 0
88718, 14642, 1, 0, 0
88810, 17525, 1, 0, 0
88901, 18443, 1, 0, 0
89013, 15920, 1, 0, 0
89112, 16418, 1, 0, 0
89204, 19113, 1, 0, 0
89319, 19585, 1, 0, 0
89424, 18867, 1, 0, 0
89528, 14675, 1, 0, 0
89631, 13449, 1, 0, 0
89730, 12848, 1, 0, 0
89837, 12412, 1, 0, 0
89924, 15128, 1, 0, 0
90047, 11191, 1, 0, 0
