116, 9505, 1, 0, 0
207, 7490, 1, 0, 0
311, 6917, 1, 0, 0
413, 8355, 1, 0, 0
516, 8405, 1, 0, 0
602, 7053, 1, 0, 0
704, 8343, 1, 0, 0
815, 7639, 1, 0, 0
910, 7024, 1, 0, 0
1009, 9473, 1, 0, 0
1100, 7810, 1, 0, 0
1209, 7823, 1, 0, 0
1300, 7541, 1, 0, 0
1401, 6591, 1, 0, 0
1506, 6582, 1, 0, 0
1614, 6306, 1, 0, 0
1708, 6699, 1, 0, 0
1810, 8543, 1, 0, 0
1909, 6656, 1, 0, 0
2005, 6950, 1, 0, 0
2102, 7067, 1, 0, 0
2211, 7055, 1, 0, 0
2300, 6773, 1, 0, 0
2400, 6835, 1, 0, 0
2514, 7854, 1, 0, 0
2605, 7481, 1, 0, 0
2700, 7094, 1, 0, 0
2800, 5675, 1, 0, 0
2913, 7091, 1, 0, 0
3008, 6482, 1, 0, 0
3130, 5664, 1, 0, 0
3235, 7834, 1, 0, 0
3338, 7120, 1, 0, 0
3454, 5752, 1, 0, 0
3503, 6239, 1, 0, 0
3606, 7267, 1, 0, 0
3705, 6930, 1, 0, 0
3830, 8291, 1, 0, 0
3919, 7154, 1, 0, 0
4001, 7140, 1, 0, 0
4105, 6238, 1, 0, 0
4202, 7236, 1, 0, 0
4319, 6020, 1, 0, 0
4402, 6629, 1, 0, 0
4510, 6906, 1, 0, 0
4615, 6484, 1, 0, 0
4717, 7068, 1, 0, 0
4804, 6857, 1, 0, 0
4902, 6604, 1, 0, 0
5000, 7861, 1, 0, 0
5103, 7189, 1, 0, 0
5200, 6643, 1, 0, 0
5314, 6962, 1, 0, 0
5416, 7678, 1, 0, 0
5500, 8032, 1, 0, 0
5609, 6833, 1, 0, 0
5710, 6656, 1, 0, 0
5806, 7438, 1, 0, 0
5902, 6942, 1, 0, 0
6013, 7866, 1, 0, 0
6106, 7131, 1, 0, 0
6204, 6730, 1, 0, 0
6306, 7260, 1, 0, 0
6406, 7886, 1, 0, 0
6503, 7896, 1, 0, 0
6600, 8262, 1, 0, 0
6711, 5921, 1, 0, 0
6811, 8347, 1, 0, 0
6937, 5635, 1, 0, 0
7028, 13657, 1, 0, 0
7132, 6791, 1, 0, 0
7235, 7627, 1, 0, 0
7340, 7353, 1, 0, 0
7439, 6215, 1, 0, 0
7527, 6722, 1, 0, 0
7613, 11015, 1, 0, 0
7707, 5383, 1, 0, 0
7805, 8276, 1, 0, 0
7916, 7781, 1, 0, 0
8008, 6870, 1, 0, 0
8107, 7226, 1, 0, 0
8203, 8649, 1, 0, 0
8319, 7798, 1, 0, 0
8402, 5729, 1, 0, 0
8502, 11536, 1, 0, 0
8643, 8057, 1, 0, 0
8703, 8281, 1, 0, 0
8820, 6524, 1, 0, 0
8916, 8472, 1, 0, 0
9001, 7499, 1, 0, 0
9111, 8345, 1, 0, 0
9205, 8436, 1, 0, 0
9301, 6917, 1, 0, 0
9411, 10791, 1, 0, 0
9506, 6714, 1, 0, 0
9617, 6011, 1, 0, 0
9711, 6955, 1, 0, 0
9807, 10702, 1, 0, 0
9915, 6407, 1, 0, 0
10007, 7592, 1, 0, 0
10102, 6804, 1, 0, 0
10209, 6010, 1, 0, 0
10300, 7176, 1, 0, 0
10415, 6082, 1, 0, 0
10507, 7302, 1, 0, 0
10603, 8082, 1, 0, 0
10711, 7598, 1, 0, 0
10826, 8159, 1, 0, 0
10929, 9529, 1, 0, 0
11035, 9253, 1, 0, 0
11137, 7807, 1, 0, 0
11241, 7586, 1, 0, 0
11341, 5995, 1, 0, 0
11424, 6961, 1, 0, 0
11502, 6188, 1, 0, 0
11608, 7984, 1, 0, 0
11714, 8969, 1, 0, 0
11802, 8079, 1, 0, 0
11906, 8904, 1, 0, 0
12011, 9565, 1, 0, 0
12100, 6543, 1, 0, 0
12208, 6483, 1, 0, 0
12318, 6496, 1, 0, 0
12400, 5614, 1, 0, 0
12501, 6044, 1, 0, 0
12610, 7968, 1, 0, 0
12707, 8429, 1, 0, 0
12808, 5919, 1, 0, 0
12904, 6276, 1, 0, 0
13015, 7436, 1, 0, 0
13106, 6406, 1, 0, 0
13206, 8822, 1, 0, 0
13300, 6674, 1, 0, 0
13413, 5981, 1, 0, 0
13503, 5761, 1, 0, 0
13611, 6886, 1, 0, 0
13706, 5451, 1, 0, 0
13814, 7251, 1, 0, 0
13906, 7465, 1, 0, 0
14007, 10511, 1, 0, 0
14119, 7841, 1, 0, 0
14202, 6686, 1, 0, 0
14302, 7576, 1, 0, 0
14415, 6108, 1, 0, 0
14527, 6092, 1, 0, 0
14635, 8301, 1, 0, 0
14738, 6591, 1, 0, 0
14844, 6687, 1, 0, 0
14950, 11392, 1, 0, 0
15007, 5423, 1, 0, 0
15117, 10493, 1, 0, 0
15231, 12330, 1, 0, 0
15311, 8359, 1, 0, 0
15409, 7703, 1, 0, 0
15500, 8720, 1, 0, 0
15607, 7221, 1, 0, 0
15701, 6372, 1, 0, 0
15812, 7032, 1, 0, 0
15916, 6793, 1, 0, 0
16010, 8241, 1, 0, 0
16114, 7596, 1, 0, 0
16211, 6816, 1, 0, 0
16301, 6887, 1, 0, 0
16420, 6721, 1, 0, 0
16508, 8763, 1, 0, 0
16605, 7300, 1, 0, 0
16700, 6938, 1, 0, 0
16807, 6639, 1, 0, 0
16902, 6942, 1, 0, 0
17002, 6741, 1, 0, 0
17112, 6375, 1, 0, 0
17206, 6197, 1, 0, 0
17305, 7047, 1, 0, 0
17405, 6529, 1, 0, 0
17520, 6959, 1, 0, 0
17617, 6188, 1, 0, 0
17700, 5820, 1, 0, 0
17811, 7221, 1, 0, 0
17906, 7092, 1, 0, 0
18003, 6946, 1, 0, 0
18110, 6762, 1, 0, 0
18207, 6207, 1, 0, 0
18324, 7060, 1, 0, 0
18400, 7138, 1, 0, 0
18501, 8118, 1, 0, 0
18636, 7914, 1, 0, 0
18714, 7209, 1, 0, 0
18817, 6696, 1, 0, 0
18925, 6444, 1, 0, 0
19032, 6551, 1, 0, 0
19115, 6979, 1, 0, 0
19217, 8076, 1, 0, 0
19306, 6344, 1, 0, 0
19412, 6298, 1, 0, 0
19513, 6612, 1, 0, 0
19613, 6535, 1, 0, 0
19726, 6240, 1, 0, 0
19804, 7021, 1, 0, 0
19919, 6681, 1, 0, 0
20001, 8610, 1, 0, 0
20112, 7707, 1, 0, 0
20209, 7236, 1, 0, 0
20310, 7832, 1, 0, 0
20402, 8393, 1, 0, 0
20502, 8016, 1, 0, 0
20615, 9377, 1, 0, 0
20718, 7847, 1, 0, 0
20802, 7387, 1, 0, 0
20905, 7112, 1, 0, 0
21004, 7714, 1, 0, 0
21121, 6643, 1, 0, 0
21203, 6121, 1, 0, 0
21309, 6731, 1, 0, 0
21416, 6282, 1, 0, 0
21505, 6650, 1, 0, 0
21601, 7808, 1, 0, 0
21704, 7134, 1, 0, 0
21808, 6100, 1, 0, 0
21906, 7494, 1, 0, 0
22002, 7513, 1, 0, 0
22100, 6681, 1, 0, 0
22208, 7371, 1, 0, 0
22313, 11903, 1, 0, 0
22418, 7695, 1, 0, 0
22521, 6851, 1, 0, 0
22611, 6978, 1, 0, 0
22701, 7444, 1, 0, 0
22804, 7786, 1, 0, 0
22903, 6253, 1, 0, 0
23019, 7567, 1, 0, 0
23110, 6790, 1, 0, 0
23213, 6835, 1, 0, 0
23315, 8060, 1, 0, 0
23404, 6521, 1, 0, 0
23503, 7746, 1, 0, 0
23613, 7858, 1, 0, 0
23716, 7836, 1, 0, 0
23864, 8076, 1, 0, 0
23919, 7503, 1, 0, 0
24002, 8726, 1, 0, 0
24102, 7148, 1, 0, 0
24218, 8588, 1, 0, 0
24310, 7775, 1, 0, 0
24401, 6673, 1, 0, 0
24512, 8469, 1, 0, 0
24612, 8884, 1, 0, 0
24702, 7832, 1, 0, 0
24803, 8095, 1, 0, 0
24915, 7718, 1, 0, 0
25011, 7604, 1, 0, 0
25109, 7789, 1, 0, 0
25212, 7175, 1, 0, 0
25320, 7027, 1, 0, 0
25412, 7494, 1, 0, 0
25512, 10160, 1, 0, 0
25614, 6926, 1, 0, 0
25703, 6645, 1, 0, 0
25802, 7276, 1, 0, 0
25911, 7961, 1, 0, 0
26017, 9360, 1, 0, 0
26120, 13708, 1, 0, 0
26226, 10691, 1, 0, 0
26328, 7123, 1, 0, 0
26431, 7300, 1, 0, 0
26522, 7732, 1, 0, 0
26616, 8738, 1, 0, 0
26713, 8656, 1, 0, 0
26813, 9040, 1, 0, 0
26911, 6680, 1, 0, 0
27002, 6769, 1, 0, 0
27111, 6458, 1, 0, 0
27214, 9276, 1, 0, 0
27308, 6232, 1, 0, 0
27400, 8867, 1, 0, 0
27507, 9521, 1, 0, 0
27611, 6893, 1, 0, 0
27702, 6693, 1, 0, 0
27813, 6732, 1, 0, 0
27907, 5819, 1, 0, 0
28013, 8226, 1, 0, 0
28107, 7079, 1, 0, 0
28201, 7246, 1, 0, 0
28311, 8228, 1, 0, 0
28405, 7719, 1, 0, 0
28506, 6979, 1, 0, 0
28613, 6264, 1, 0, 0
28706, 7194, 1, 0, 0
28806, 6723, 1, 0, 0
28910, 8112, 1, 0, 0
29012, 8046, 1, 0, 0
29100, 7821, 1, 0, 0
29209, 8226, 1, 0, 0
29312, 7078, 1, 0, 0
29414, 7576, 1, 0, 0
29504, 8120, 1, 0, 0
29641, 6979, 1, 0, 0
29742, 6418, 1, 0, 0
29847, 5454, 1, 0, 0
29947, 7155, 1, 0, 0
30002, 9429, 1, 0, 0
30104, 7393, 1, 0, 0
30204, 6388, 1, 0, 0
30320, 6248, 1, 0, 0
30401, 8340, 1, 0, 0
30509, 6834, 1, 0, 0
30618, 6471, 1, 0, 0
30706, 8023, 1, 0, 0
30813, 10173, 1, 0, 0
30918, 6824, 1, 0, 0
31008, 7258, 1, 0, 0
31105, 7219, 1, 0, 0
31224, 7798, 1, 0, 0
31322, 7419, 1, 0, 0
31404, 7059, 1, 0, 0
31556, 7063, 1, 0, 0
31603, 6284, 1, 0, 0
31708, 7509, 1, 0, 0
31811, 8137, 1, 0, 0
31916, 7884, 1, 0, 0
32000, 7860, 1, 0, 0
32109, 6353, 1, 0, 0
32217, 6567, 1, 0, 0
32314, 7031, 1, 0, 0
32401, 7159, 1, 0, 0
32516, 6605, 1, 0, 0
32606, 6792, 1, 0, 0
32715, 6174, 1, 0, 0
32801, 7519, 1, 0, 0
32912, 7703, 1, 0, 0
33015, 6825, 1, 0, 0
33115, 7621, 1, 0, 0
33205, 7631, 1, 0, 0
33319, 7216, 1, 0, 0
33452, 5842, 1, 0, 0
33528, 6136, 1, 0, 0
33604, 8955, 1, 0, 0
33707, 7360, 1, 0, 0
33862, 6520, 1, 0, 0
33915, 5611, 1, 0, 0
34012, 6394, 1, 0, 0
34153, 7775, 1, 0, 0
34216, 5951, 1, 0, 0
34316, 6672, 1, 0, 0
34414, 6621, 1, 0, 0
34512, 6786, 1, 0, 0
34606, 6008, 1, 0, 0
34703, 5993, 1, 0, 0
34810, 6854, 1, 0, 0
34920, 7115, 1, 0, 0
35004, 6834, 1, 0, 0
35107, 8923, 1, 0, 0
35201, 6927, 1, 0, 0
35316, 7563, 1, 0, 0
35412, 8380, 1, 0, 0
35516, 7061, 1, 0, 0
35600, 6021, 1, 0, 0
35702, 8364, 1, 0, 0
35800, 6821, 1, 0, 0
35901, 6524, 1, 0, 0
36020, 6446, 1, 0, 0
36115, 7394, 1, 0, 0
36206, 5921, 1, 0, 0
36300, 6446, 1, 0, 0
36400, 6723, 1, 0, 0
36500, 6227, 1, 0, 0
36600, 6764, 1, 0, 0
36701, 7260, 1, 0, 0
36800, 5996, 1, 0, 0
36906, 7914, 1, 0, 0
37010, 7380, 1, 0, 0
37105, 6967, 1, 0, 0
37208, 6317, 1, 0, 0
37311, 7894, 1, 0, 0
37420, 17223, 1, 0, 0
37524, 9023, 1, 0, 0
37628, 10455, 1, 0, 0
37732, 7192, 1, 0, 0
37831, 7481, 1, 0, 0
37912, 7134, 1, 0, 0
38010, 6849, 1, 0, 0
38108, 6168, 1, 0, 0
38211, 7690, 1, 0, 0
38301, 8117, 1, 0, 0
38418, 6701, 1, 0, 0
38509, 7174, 1, 0, 0
38608, 6207, 1, 0, 0
38717, 6662, 1, 0, 0
38808, 6874, 1, 0, 0
38911, 6673, 1, 0, 0
39011, 7503, 1, 0, 0
39101, 6888, 1, 0, 0
39208, 5745, 1, 0, 0
39319, 7035, 1, 0, 0
39403, 7080, 1, 0, 0
39505, 6429, 1, 0, 0
39602, 6405, 1, 0, 0
39700, 6589, 1, 0, 0
39800, 6479, 1, 0, 0
39908, 6917, 1, 0, 0
40003, 6616, 1, 0, 0
40116, 6203, 1, 0, 0
40203, 6708, 1, 0, 0
40302, 7178, 1, 0, 0
40406, 6753, 1, 0, 0
40522, 7373, 1, 0, 0
40602, 8161, 1, 0, 0
40700, 7240, 1, 0, 0
40804, 7787, 1, 0, 0
40900, 7252, 1, 0, 0
41021, 7685, 1, 0, 0
41123, 7960, 1, 0, 0
41226, 8441, 1, 0, 0
41327, 8309, 1, 0, 0
41432, 6469, 1, 0, 0
41537, 5625, 1, 0, 0
41618, 6262, 1, 0, 0
41700, 6623, 1, 0, 0
41803, 7049, 1, 0, 0
41900, 7812, 1, 0, 0
42008, 7827, 1, 0, 0
42109, 6991, 1, 0, 0
42215, 7010, 1, 0, 0
42301, 6134, 1, 0, 0
42412, 7280, 1, 0, 0
42510, 6339, 1, 0, 0
42601, 8404, 1, 0, 0
42710, 6018, 1, 0, 0
42820, 7687, 1, 0, 0
42916, 6814, 1, 0, 0
43004, 6942, 1, 0, 0
43108, 6130, 1, 0, 0
43216, 6105, 1, 0, 0
43300, 7424, 1, 0, 0
43409, 6648, 1, 0, 0
43518, 7809, 1, 0, 0
43610, 6891, 1, 0, 0
43700, 6575, 1, 0, 0
43809, 7386, 1, 0, 0
43918, 6700, 1, 0, 0
44008, 6707, 1, 0, 0
44103, 7810, 1, 0, 0
44200, 8491, 1, 0, 0
44313, 6787, 1, 0, 0
44404, 6555, 1, 0, 0
44502, 8553, 1, 0, 0
44605, 6713, 1, 0, 0
44745, 7126, 1, 0, 0
44858, 8065, 1, 0, 0
44921, 6940, 1, 0, 0
45032, 8856, 1, 0, 0
45135, 13938, 1, 0, 0
45240, 6267, 1, 0, 0
45335, 6582, 1, 0, 0
45436, 6733, 1, 0, 0
45519, 9496, 1, 0, 0
45605, 5956, 1, 0, 0
45705, 6491, 1, 0, 0
45811, 6123, 1, 0, 0
45924, 7058, 1, 0, 0
46002, 6785, 1, 0, 0
46101, 7501, 1, 0, 0
46211, 7351, 1, 0, 0
46301, 8746, 1, 0, 0
46409, 7174, 1, 0, 0
46518, 7188, 1, 0, 0
46610, 6657, 1, 0, 0
46711, 7199, 1, 0, 0
46804, 6717, 1, 0, 0
46919, 5751, 1, 0, 0
47019, 6641, 1, 0, 0
47106, 6646, 1, 0, 0
47204, 5965, 1, 0, 0
47301, 6574, 1, 0, 0
47401, 6733, 1, 0, 0
47500, 6269, 1, 0, 0
47601, 6210, 1, 0, 0
47721, 8560, 1, 0, 0
47803, 8130, 1, 0, 0
47913, 8146, 1, 0, 0
48017, 9223, 1, 0, 0
48105, 9868, 1, 0, 0
48212, 6454, 1, 0, 0
48306, 6538, 1, 0, 0
48414, 8233, 1, 0, 0
48514, 5819, 1, 0, 0
48628, 5981, 1, 0, 0
48736, 6026, 1, 0, 0
48843, 5135, 1, 0, 0
48936, 6600, 1, 0, 0
49047, 12508, 1, 0, 0
49129, 5638, 1, 0, 0
49222, 7503, 1, 0, 0
49301, 8262, 1, 0, 0
49414, 9190, 1, 0, 0
49503, 7466, 1, 0, 0
49609, 6664, 1, 0, 0
49700, 8993, 1, 0, 0
49804, 8710, 1, 0, 0
49906, 8040, 1, 0, 0
50005, 7771, 1, 0, 0
50107, 6428, 1, 0, 0
50202, 7434, 1, 0, 0
50311, 6947, 1, 0, 0
50418, 8372, 1, 0, 0
50500, 10300, 1, 0, 0
50607, 5817, 1, 0, 0
50711, 7954, 1, 0, 0
50802, 6103, 1, 0, 0
50909, 7204, 1, 0, 0
51019, 6110, 1, 0, 0
51110, 5975, 1, 0, 0
51215, 6870, 1, 0, 0
51304, 7329, 1, 0, 0
51402, 6529, 1, 0, 0
51510, 6369, 1, 0, 0
51619, 6970, 1, 0, 0
51707, 6259, 1, 0, 0
51801, 12500, 1, 0, 0
51914, 8843, 1, 0, 0
52008, 7022, 1, 0, 0
52108, 6270, 1, 0, 0
52211, 8603, 1, 0, 0
52304, 6756, 1, 0, 0
52411, 6772, 1, 0, 0
52513, 6675, 1, 0, 0
52614, 7120, 1, 0, 0
52713, 6566, 1, 0, 0
52815, 7539, 1, 0, 0
52905, 7640, 1, 0, 0
53031, 7932, 1, 0, 0
53100, 6362, 1, 0, 0
53216, 5541, 1, 0, 0
53317, 7553, 1, 0, 0
53401, 6680, 1, 0, 0
53501, 8021, 1, 0, 0
53615, 5930, 1, 0, 0
53715, 6072, 1, 0, 0
53802, 6347, 1, 0, 0
53906, 6623, 1, 0, 0
54007, 6599, 1, 0, 0
54106, 8567, 1, 0, 0
54205, 6773, 1, 0, 0
54303, 7208, 1, 0, 0
54402, 6098, 1, 0, 0
54515, 9353, 1, 0, 0
54608, 7728, 1, 0, 0
54706, 6150, 1, 0, 0
54814, 9416, 1, 0, 0
54917, 8218, 1, 0, 0
55016, 6490, 1, 0, 0
55100, 10817, 1, 0, 0
55212, 6309, 1, 0, 0
55300, 6595, 1, 0, 0
55406, 6424, 1, 0, 0
55510, 6687, 1, 0, 0
55612, 6248, 1, 0, 0
55711, 6317, 1, 0, 0
55806, 7330, 1, 0, 0
55909, 6657, 1, 0, 0
56008, 9684, 1, 0, 0
56141, 9804, 1, 0, 0
56246, 7686, 1, 0, 0
56300, 5574, 1, 0, 0
56406, 6294, 1, 0, 0
56513, 7265, 1, 0, 0
56618, 6585, 1, 0, 0
56712, 10550, 1, 0, 0
56841, 6535, 1, 0, 0
56910, 10272, 1, 0, 0
57006, 7145, 1, 0, 0
57116, 9020, 1, 0, 0
57203, 7934, 1, 0, 0
57306, 6240, 1, 0, 0
57416, 6861, 1, 0, 0
57517, 8391, 1, 0, 0
57603, 7340, 1, 0, 0
57704, 6912, 1, 0, 0
57806, 6622, 1, 0, 0
57917, 8100, 1, 0, 0
58003, 7171, 1, 0, 0
58117, 6325, 1, 0, 0
58218, 7453, 1, 0, 0
58311, 7743, 1, 0, 0
58406, 8350, 1, 0, 0
58522, 6995, 1, 0, 0
58610, 6647, 1, 0, 0
58707, 6219, 1, 0, 0
58804, 7950, 1, 0, 0
58923, 7406, 1, 0, 0
59002, 6383, 1, 0, 0
59110, 7727, 1, 0, 0
59211, 6246, 1, 0, 0
59303, 7532, 1, 0, 0
59400, 6127, 1, 0, 0
59517, 7094, 1, 0, 0
59614, 6631, 1, 0, 0
59703, 5620, 1, 0, 0
59832, 6387, 1, 0, 0
59904, 10280, 1, 0, 0
60015, 7767, 1, 0, 0
60124, 7462, 1, 0, 0
60231, 8261, 1, 0, 0
60311, 6462, 1, 0, 0
60443, 6410, 1, 0, 0
60532, 7336, 1, 0, 0
60613, 7683, 1, 0, 0
60715, 6922, 1, 0, 0
60814, 7727, 1, 0, 0
60902, 6646, 1, 0, 0
61017, 7324, 1, 0, 0
61111, 6631, 1, 0, 0
61202, 6270, 1, 0, 0
61316, 6749, 1, 0, 0
61403, 6278, 1, 0, 0
61502, 7609, 1, 0, 0
61607, 6984, 1, 0, 0
61714, 6275, 1, 0, 0
61814, 6762, 1, 0, 0
61910, 6122, 1, 0, 0
62006, 7099, 1, 0, 0
62101, 7650, 1, 0, 0
62206, 7738, 1, 0, 0
62318, 7168, 1, 0, 0
62402, 7291, 1, 0, 0
62509, 7563, 1, 0, 0
62601, 7052, 1, 0, 0
62701, 6049, 1, 0, 0
62806, 7066, 1, 0, 0
62917, 8243, 1, 0, 0
63018, 6098, 1, 0, 0
63118, 6266, 1, 0, 0
63204, 6356, 1, 0, 0
63302, 5881, 1, 0, 0
63404, 7276, 1, 0, 0
63523, 6797, 1, 0, 0
63616, 5782, 1, 0, 0
63726, 7913, 1, 0, 0
63834, 6625, 1, 0, 0
63942, 6894, 1, 0, 0
64019, 6002, 1, 0, 0
64106, 8266, 1, 0, 0
64241, 7508, 1, 0, 0
64300, 8748, 1, 0, 0
64423, 6571, 1, 0, 0
64512, 8038, 1, 0, 0
64607, 8525, 1, 0, 0
64700, 6274, 1, 0, 0
64800, 5940, 1, 0, 0
64911, 9420, 1, 0, 0
65020, 6919, 1, 0, 0
65102, 6829, 1, 0, 0
65200, 7488, 1, 0, 0
65303, 6123, 1, 0, 0
65410, 7733, 1, 0, 0
65500, 7577, 1, 0, 0
65603, 5953, 1, 0, 0
65706, 6311, 1, 0, 0
65804, 8665, 1, 0, 0
65919, 6351, 1, 0, 0
66006, 5771, 1, 0, 0
66102, 6205, 1, 0, 0
66204, 8121, 1, 0, 0
66320, 6152, 1, 0, 0
66402, 6833, 1, 0, 0
66516, 6791, 1, 0, 0
66600, 7571, 1, 0, 0
66707, 7787, 1, 0, 0
66838, 6156, 1, 0, 0
66911, 6432, 1, 0, 0
67044, 6961, 1, 0, 0
67124, 7667, 1, 0, 0
67202, 5721, 1, 0, 0
67308, 6824, 1, 0, 0
67447, 9386, 1, 0, 0
67526, 6774, 1, 0, 0
67607, 7036, 1, 0, 0
67705, 7098, 1, 0, 0
67802, 7082, 1, 0, 0
67906, 6777, 1, 0, 0
68015, 6445, 1, 0, 0
68105, 6472, 1, 0, 0
68200, 6051, 1, 0, 0
68308, 6965, 1, 0, 0
68405, 6552, 1, 0, 0
68518, 6579, 1, 0, 0
68609, 7780, 1, 0, 0
68705, 10338, 1, 0, 0
68807, 6903, 1, 0, 0
68904, 7811, 1, 0, 0
69013, 6435, 1, 0, 0
69101, 6160, 1, 0, 0
69208, 8012, 1, 0, 0
69313, 6691, 1, 0, 0
69414, 8316, 1, 0, 0
69509, 6758, 1, 0, 0
69615, 8842, 1, 0, 0
69713, 6488, 1, 0, 0
69825, 6546, 1, 0, 0
69901, 8015, 1, 0, 0
70013, 7741, 1, 0, 0
70100, 7634, 1, 0, 0
70202, 7344, 1, 0, 0
70310, 7823, 1, 0, 0
70402, 7540, 1, 0, 0
70500, 6279, 1, 0, 0
70641, 5933, 1, 0, 0
70748, 5623, 1, 0, 0
70849, 6514, 1, 0, 0
70901, 5955, 1, 0, 0
71003, 5762, 1, 0, 0
71103, 7084, 1, 0, 0
71203, 7752, 1, 0, 0
71306, 8595, 1, 0, 0
71404, 6434, 1, 0, 0
71512, 6770, 1, 0, 0
71603, 6699, 1, 0, 0
71717, 7567, 1, 0, 0
71805, 7381, 1, 0, 0
71905, 8077, 1, 0, 0
72000, 7237, 1, 0, 0
72104, 8220, 1, 0, 0
72201, 7415, 1, 0, 0
72306, 7213, 1, 0, 0
72403, 6503, 1, 0, 0
72512, 6414, 1, 0, 0
72604, 5998, 1, 0, 0
72714, 6820, 1, 0, 0
72810, 7750, 1, 0, 0
72902, 6671, 1, 0, 0
73003, 8393, 1, 0, 0
73101, 7310, 1, 0, 0
73209, 7618, 1, 0, 0
73302, 7034, 1, 0, 0
73406, 8238, 1, 0, 0
73501, 8322, 1, 0, 0
73602, 7304, 1, 0, 0
73714, 6389, 1, 0, 0
73810, 7762, 1, 0, 0
73900, 7672, 1, 0, 0
74006, 7256, 1, 0, 0
74106, 7306, 1, 0, 0
74208, 7252, 1, 0, 0
74339, 6264, 1, 0, 0
74444, 10785, 1, 0, 0
74544, 12297, 1, 0, 0
74644, 6636, 1, 0, 0
74746, 7421, 1, 0, 0
74846, 7081, 1, 0, 0
74910, 8556, 1, 0, 0
75027, 7588, 1, 0, 0
75111, 6592, 1, 0, 0
75220, 6447, 1, 0, 0
75302, 6971, 1, 0, 0
75407, 6542, 1, 0, 0
75508, 7722, 1, 0, 0
75608, 6671, 1, 0, 0
75706, 6919, 1, 0, 0
75801, 7408, 1, 0, 0
75901, 6499, 1, 0, 0
76005, 7653, 1, 0, 0
76114, 5846, 1, 0, 0
76216, 6041, 1, 0, 0
76304, 8276, 1, 0, 0
76406, 7870, 1, 0, 0
76509, 8590, 1, 0, 0
76617, 6311, 1, 0, 0
76704, 6222, 1, 0, 0
76801, 8070, 1, 0, 0
76910, 6941, 1, 0, 0
77015, 6437, 1, 0, 0
77106, 7107, 1, 0, 0
77200, 7068, 1, 0, 0
77300, 7504, 1, 0, 0
77406, 7320, 1, 0, 0
77502, 7410, 1, 0, 0
77607, 7146, 1, 0, 0
77717, 8114, 1, 0, 0
77806, 7374, 1, 0, 0
77908, 8405, 1, 0, 0
78037, 7071, 1, 0, 0
78142, 6771, 1, 0, 0
78247, 5811, 1, 0, 0
78352, 9166, 1, 0, 0
78403, 10246, 1, 0, 0
78503, 8105, 1, 0, 0
78628, 8370, 1, 0, 0
78715, 7697, 1, 0, 0
78807, 6742, 1, 0, 0
78905, 6186, 1, 0, 0
79014, 7900, 1, 0, 0
79116, 7792, 1, 0, 0
79204, 5435, 1, 0, 0
79315, 7201, 1, 0, 0
79405, 6925, 1, 0, 0
79516, 8722, 1, 0, 0
79603, 7813, 1, 0, 0
79701, 7486, 1, 0, 0
79807, 6896, 1, 0, 0
79911, 7009, 1, 0, 0
80000, 6467, 1, 0, 0
80102, 7919, 1, 0, 0
80210, 6617, 1, 0, 0
80312, 10172, 1, 0, 0
80405, 6594, 1, 0, 0
80511, 6837, 1, 0, 0
80602, 8742, 1, 0, 0
80716, 6521, 1, 0, 0
80812, 6895, 1, 0, 0
80911, 9592, 1, 0, 0
81013, 7825, 1, 0, 0
81109, 7027, 1, 0, 0
81215, 7077, 1, 0, 0
81304, 8120, 1, 0, 0
81413, 6781, 1, 0, 0
81512, 7185, 1, 0, 0
81603, 7469, 1, 0, 0
81732, 8076, 1, 0, 0
81810, 13772, 1, 0, 0
81929, 7313, 1, 0, 0
82032, 9500, 1, 0, 0
82135, 9400, 1, 0, 0
82238, 10969, 1, 0, 0
82325, 7298, 1, 0, 0
82403, 6404, 1, 0, 0
82502, 8560, 1, 0, 0
82604, 7254, 1, 0, 0
82712, 7703, 1, 0, 0
82808, 10772, 1, 0, 0
82913, 7673, 1, 0, 0
83003, 7568, 1, 0, 0
83100, 7146, 1, 0, 0
83211, 7654, 1, 0, 0
83302, 6958, 1, 0, 0
83412, 6752, 1, 0, 0
83506, 8609, 1, 0, 0
83604, 6369, 1, 0, 0
83718, 7201, 1, 0, 0
83808, 8556, 1, 0, 0
83901, 7639, 1, 0, 0
84016, 9503, 1, 0, 0
84114, 6227, 1, 0, 0
84210, 7734, 1, 0, 0
84309, 6877, 1, 0, 0
84419, 7266, 1, 0, 0
84520, 7422, 1, 0, 0
84608, 7546, 1, 0, 0
84711, 8259, 1, 0, 0
84815, 7790, 1, 0, 0
84902, 8288, 1, 0, 0
85004, 6162, 1, 0, 0
85102, 7582, 1, 0, 0
85208, 9626, 1, 0, 0
85310, 7043, 1, 0, 0
85442, 6424, 1, 0, 0
85547, 6459, 1, 0, 0
85604, 7311, 1, 0, 0
85713, 9638, 1, 0, 0
85816, 5248, 1, 0, 0
85921, 6145, 1, 0, 0
86002, 6230, 1, 0, 0
86141, 6217, 1, 0, 0
86213, 6172, 1, 0, 0
86300, 7469, 1, 0, 0
86406, 6391, 1, 0, 0
86510, 5529, 1, 0, 0
86612, 6092, 1, 0, 0
86712, 7206, 1, 0, 0
86826, 6699, 1, 0, 0
86929, 5984, 1, 0, 0
87007, 6446, 1, 0, 0
87105, 7952, 1, 0, 0
87201, 6341, 1, 0, 0
87317, 7918, 1, 0, 0
87416, 7857, 1, 0, 0
87500, 7769, 1, 0, 0
87607, 6757, 1, 0, 0
87701, 6572, 1, 0, 0
87817, 6234, 1, 0, 0
87919, 6769, 1, 0, 0
88016, 7644, 1, 0, 0
88114, 6605, 1, 0, 0
88201, 8340, 1, 0, 0
88321, 6471, 1, 0, 0
88417, 7606, 1, 0, 0
88511, 7204, 1, 0, 0
88611, 7012, 1, 0, 0
88709, 8430, 1, 0, 0
88817, 6931, 1, 0, 0
88934, 7061, 1, 0, 0
89046, 6039, 1, 0, 0
89179, 6284, 1, 0, 0
89235, 7453, 1, 0, 0
89317, 6882, 1, 0, 0
89400, 6694, 1, 0, 0
89524, 6439, 1, 0, 0
89607, 5942, 1, 0, 0
89713, 6734, 1, 0, 0
89814, 6407, 1, 0, 0
89904, 6517, 1, 0, 0
90023, 6427, 1, 0, 0
