102, 5655129, 1, 0, 0
210, 6013658, 1, 0, 0
313, 5143179, 1, 0, 0
407, 5834847, 1, 0, 0
501, 5217257, 1, 0, 0
600, 5210465, 1, 0, 0
717, 6169666, 1, 0, 0
803, 5332900, 1, 0, 0
901, 5458189, 1, 0, 0
1012, 6134022, 1, 0, 0
1101, 5536280, 1, 0, 0
1219, 5912119, 1, 0, 0
1311, 5748736, 1, 0, 0
1401, 5624718, 1, 0, 0
1521, 5976324, 1, 0, 0
1601, 4977240, 1, 0, 0
1701, 6222268, 1, 0, 0
1802, 5048315, 1, 0, 0
1900, 5140952, 1, 0, 0
2017, 6896220, 1, 0, 0
2102, 6077998, 1, 0, 0
2208, 17655838, 1, 0, 0
2312, 17200505, 1, 0, 0
2406, 15769099, 1, 0, 0
2507, 16818228, 1, 0, 0
2606, 19712543, 1, 0, 0
2705, 16549293, 1, 0, 0
2826, 40432250, 1, 0, 0
2938, 55643472, 1, 0, 0
3046, 53963283, 1, 0, 0
3165, 59867173, 1, 0, 0
3237, 71671743, 1, 0, 0
3310, 72533284, 1, 0, 0
3404, 47274729, 1, 0, 0
3504, 16617251, 1, 0, 0
3603, 16414100, 1, 0, 0
3707, 17429194, 1, 0, 0
3806, 16362739, 1, 0, 0
3901, 15984691, 1, 0, 0
4002, 14391320, 1, 0, 0
4105, 14600228, 1, 0, 0
4200, 15879664, 1, 0, 0
4301, 14396766, 1, 0, 0
4405, 14932484, 1, 0, 0
4510, 14913081, 1, 0, 0
4601, 15234263, 1, 0, 0
4702, 14425075, 1, 0, 0
4803, 16703157, 1, 0, 0
4905, 14564234, 1, 0, 0
5004, 14204962, 1, 0, 0
5109, 15033677, 1, 0, 0
5202, 15454061, 1, 0, 0
5301, 14121269, 1, 0, 0
5403, 14572936, 1, 0, 0
5508, 14942468, 1, 0, 0
5618, 15761316, 1, 0, 0
5701, 13809488, 1, 0, 0
5806, 14944009, 1, 0, 0
5909, 14738329, 1, 0, 0
6016, 15204998, 1, 0, 0
6106, 14978572, 1, 0, 0
6212, 15172799, 1, 0, 0
6318, 15183487, 1, 0, 0
6404, 14256803, 1, 0, 0
6508, 14907457, 1, 0, 0
6600, 15193360, 1, 0, 0
6731, 32862182, 1, 0, 0
6834, 51500366, 1, 0, 0
6939, 52181942, 1, 0, 0
7041, 51320188, 1, 0, 0
7147, 52888902, 1, 0, 0
7234, 43351916, 1, 0, 0
7329, 31682538, 1, 0, 0
7412, 27733782, 1, 0, 0
7511, 16421439, 1, 0, 0
7603, 15423452, 1, 0, 0
7702, 16379191, 1, 0, 0
7810, 15501060, 1, 0, 0
7919, 15463543, 1, 0, 0
8005, 14442342, 1, 0, 0
8102, 16174298, 1, 0, 0
8210, 15413857, 1, 0, 0
8313, 14683063, 1, 0, 0
8407, 15622683, 1, 0, 0
8508, 16861747, 1, 0, 0
8614, 15017494, 1, 0, 0
8710, 16066343, 1, 0, 0
8807, 16186419, 1, 0, 0
8916, 18151224, 1, 0, 0
9015, 16438970, 1, 0, 0
9114, 16547287, 1, 0, 0
9204, 17859188, 1, 0, 0
9306, 17020354, 1, 0, 0
9409, 17115393, 1, 0, 0
9517, 18060661, 1, 0, 0
9609, 18443628, 1, 0, 0
9713, 17236158, 1, 0, 0
9816, 17157126, 1, 0, 0
9913, 16161080, 1, 0, 0
10004, 15203124, 1, 0, 0
10104, 16632285, 1, 0, 0
10201, 16204364, 1, 0, 0
10309, 15397857, 1, 0, 0
10402, 15408866, 1, 0, 0
10548, 29237333, 1, 0, 0
10648, 50107987, 1, 0, 0
10700, 52351203, 1, 0, 0
10803, 51309789, 1, 0, 0
10937, 44636879, 1, 0, 0
11007, 34930343, 1, 0, 0
11114, 53700479, 1, 0, 0
11202, 21877362, 1, 0, 0
11310, 15368999, 1, 0, 0
11413, 14746002, 1, 0, 0
11506, 15585184, 1, 0, 0
11611, 17335147, 1, 0, 0
11713, 17110873, 1, 0, 0
11801, 14597231, 1, 0, 0
11902, 16811104, 1, 0, 0
12002, 16601367, 1, 0, 0
12109, 15406642, 1, 0, 0
12200, 18089592, 1, 0, 0
12308, 17958531, 1, 0, 0
12416, 15434292, 1, 0, 0
12503, 14499840, 1, 0, 0
12604, 16814528, 1, 0, 0
12701, 19440596, 1, 0, 0
12817, 16453804, 1, 0, 0
12917, 16738906, 1, 0, 0
13008, 15172939, 1, 0, 0
13102, 18762431, 1, 0, 0
13203, 16755635, 1, 0, 0
13318, 16418887, 1, 0, 0
13411, 15608402, 1, 0, 0
13503, 15263889, 1, 0, 0
13605, 17071635, 1, 0, 0
13701, 15954875, 1, 0, 0
13816, 16315277, 1, 0, 0
13907, 15207530, 1, 0, 0
14007, 16687693, 1, 0, 0
14103, 15925372, 1, 0, 0
14216, 18782227, 1, 0, 0
14349, 26714899, 1, 0, 0
14403, 53885633, 1, 0, 0
14510, 53280628, 1, 0, 0
14617, 53400127, 1, 0, 0
14722, 52695083, 1, 0, 0
14830, 53934041, 1, 0, 0
14927, 48506454, 1, 0, 0
15016, 44324917, 1, 0, 0
15104, 17742819, 1, 0, 0
15211, 17703305, 1, 0, 0
15306, 19025518, 1, 0, 0
15421, 19139705, 1, 0, 0
15506, 17006258, 1, 0, 0
15611, 17445267, 1, 0, 0
15716, 17492613, 1, 0, 0
15820, 17291147, 1, 0, 0
15904, 16788580, 1, 0, 0
16013, 18154750, 1, 0, 0
16101, 17654777, 1, 0, 0
16209, 18003481, 1, 0, 0
16304, 15868912, 1, 0, 0
16414, 15622269, 1, 0, 0
16512, 16293779, 1, 0, 0
16600, 14708961, 1, 0, 0
16708, 15443300, 1, 0, 0
16802, 15647754, 1, 0, 0
16918, 16579854, 1, 0, 0
17006, 14697964, 1, 0, 0
17104, 16198016, 1, 0, 0
17214, 15735517, 1, 0, 0
17305, 15116318, 1, 0, 0
17400, 15931932, 1, 0, 0
17503, 17063381, 1, 0, 0
17600, 16127875, 1, 0, 0
17716, 16610025, 1, 0, 0
17810, 15717272, 1, 0, 0
17905, 15825113, 1, 0, 0
18015, 15705957, 1, 0, 0
18135, 19847240, 1, 0, 0
18239, 52093349, 1, 0, 0
18344, 52730447, 1, 0, 0
18445, 50369960, 1, 0, 0
18545, 50046699, 1, 0, 0
18646, 50209209, 1, 0, 0
18721, 37534620, 1, 0, 0
18812, 30357157, 1, 0, 0
18913, 20182734, 1, 0, 0
19000, 14499935, 1, 0, 0
19105, 14981903, 1, 0, 0
19205, 16656615, 1, 0, 0
19309, 17294593, 1, 0, 0
19400, 15248570, 1, 0, 0
19509, 15458287, 1, 0, 0
19603, 15762890, 1, 0, 0
19711, 15413317, 1, 0, 0
19801, 14998392, 1, 0, 0
19911, 15646006, 1, 0, 0
20001, 14949860, 1, 0, 0
20106, 15026830, 1, 0, 0
20203, 16217737, 1, 0, 0
20311, 15386401, 1, 0, 0
20416, 15007669, 1, 0, 0
20505, 14799374, 1, 0, 0
20613, 15336116, 1, 0, 0
20711, 16325224, 1, 0, 0
20802, 15317069, 1, 0, 0
20901, 16401651, 1, 0, 0
21013, 9343189, 1, 0, 0
21111, 6097805, 1, 0, 0
21200, 5541281, 1, 0, 0
21300, 6281495, 1, 0, 0
21417, 5838453, 1, 0, 0
21508, 5675790, 1, 0, 0
21606, 6070685, 1, 0, 0
21707, 6348563, 1, 0, 0
21815, 5368588, 1, 0, 0
21902, 5436286, 1, 0, 0
22045, 11847737, 1, 0, 0
22122, 19475181, 1, 0, 0
22203, 20226434, 1, 0, 0
22304, 14335924, 1, 0, 0
22433, 25731970, 1, 0, 0
22510, 19392688, 1, 0, 0
22602, 11411190, 1, 0, 0
22713, 9277937, 1, 0, 0
22811, 6104161, 1, 0, 0
22908, 6081183, 1, 0, 0
23006, 6116522, 1, 0, 0
23101, 5878876, 1, 0, 0
23215, 5685749, 1, 0, 0
23300, 4756825, 1, 0, 0
23417, 6483188, 1, 0, 0
23515, 6103974, 1, 0, 0
23606, 5653076, 1, 0, 0
23700, 5888302, 1, 0, 0
23814, 5676474, 1, 0, 0
23907, 5793376, 1, 0, 0
24000, 5166061, 1, 0, 0
24111, 6139294, 1, 0, 0
24213, 6376049, 1, 0, 0
24317, 6510800, 1, 0, 0
24406, 5522283, 1, 0, 0
24516, 5503781, 1, 0, 0
24613, 6074699, 1, 0, 0
24701, 5474217, 1, 0, 0
24800, 6155032, 1, 0, 0
24916, 5793789, 1, 0, 0
25008, 5781309, 1, 0, 0
25100, 5076795, 1, 0, 0
25213, 6249790, 1, 0, 0
25309, 6017843, 1, 0, 0
25406, 6037935, 1, 0, 0
25504, 6116827, 1, 0, 0
25606, 6375373, 1, 0, 0
25719, 5626298, 1, 0, 0
25802, 5545210, 1, 0, 0
25914, 22300095, 1, 0, 0
26018, 14845898, 1, 0, 0
26100, 20486516, 1, 0, 0
26233, 26572994, 1, 0, 0
26309, 19075090, 1, 0, 0
26432, 15402259, 1, 0, 0
26525, 11628112, 1, 0, 0
26600, 8248875, 1, 0, 0
26701, 6301663, 1, 0, 0
26815, 6014670, 1, 0, 0
26910, 5888905, 1, 0, 0
27005, 5946912, 1, 0, 0
27105, 6241786, 1, 0, 0
27204, 6176776, 1, 0, 0
27308, 6465842, 1, 0, 0
27408, 6294080, 1, 0, 0
27510, 6331945, 1, 0, 0
27612, 6344046, 1, 0, 0
27707, 5947370, 1, 0, 0
27800, 5489700, 1, 0, 0
27900, 6183331, 1, 0, 0
28009, 6074243, 1, 0, 0
28102, 15409895, 1, 0, 0
28212, 15809005, 1, 0, 0
28307, 15779621, 1, 0, 0
28410, 14690892, 1, 0, 0
28506, 16026252, 1, 0, 0
28616, 15679333, 1, 0, 0
28709, 15425999, 1, 0, 0
28803, 15742964, 1, 0, 0
28910, 15220057, 1, 0, 0
29004, 15698873, 1, 0, 0
29108, 17228787, 1, 0, 0
29218, 15725306, 1, 0, 0
29310, 15296542, 1, 0, 0
29414, 17427461, 1, 0, 0
29502, 14629173, 1, 0, 0
29601, 16524158, 1, 0, 0
29704, 14582996, 1, 0, 0
29842, 34478497, 1, 0, 0
29945, 51877220, 1, 0, 0
30051, 52739607, 1, 0, 0
30101, 49724679, 1, 0, 0
30203, 51289339, 1, 0, 0
30305, 51040935, 1, 0, 0
30427, 30459333, 1, 0, 0
30500, 24359000, 1, 0, 0
30605, 14910508, 1, 0, 0
30700, 15915887, 1, 0, 0
30806, 15101906, 1, 0, 0
30911, 14945779, 1, 0, 0
31004, 15453551, 1, 0, 0
31112, 15448678, 1, 0, 0
31202, 14989348, 1, 0, 0
31306, 14868760, 1, 0, 0
31401, 15768290, 1, 0, 0
31508, 15278881, 1, 0, 0
31613, 15028605, 1, 0, 0
31706, 15474722, 1, 0, 0
31814, 15370544, 1, 0, 0
31902, 14654802, 1, 0, 0
32005, 14712321, 1, 0, 0
32111, 15071173, 1, 0, 0
32219, 15516697, 1, 0, 0
32305, 14289702, 1, 0, 0
32404, 16482537, 1, 0, 0
32509, 15001488, 1, 0, 0
32600, 15106900, 1, 0, 0
32710, 15654978, 1, 0, 0
32810, 16741568, 1, 0, 0
32919, 15625345, 1, 0, 0
33010, 15055070, 1, 0, 0
33104, 15742748, 1, 0, 0
33200, 15844177, 1, 0, 0
33307, 15375718, 1, 0, 0
33400, 15468490, 1, 0, 0
33512, 15936263, 1, 0, 0
33631, 19887448, 1, 0, 0
33736, 52385104, 1, 0, 0
33843, 53697473, 1, 0, 0
33951, 53543994, 1, 0, 0
34000, 48981793, 1, 0, 0
34102, 51204572, 1, 0, 0
34229, 42173149, 1, 0, 0
34338, 36316574, 1, 0, 0
34417, 15967450, 1, 0, 0
34504, 17267815, 1, 0, 0
34612, 15505695, 1, 0, 0
34709, 16046954, 1, 0, 0
34812, 14690448, 1, 0, 0
34902, 18096986, 1, 0, 0
35008, 17595587, 1, 0, 0
35115, 17762230, 1, 0, 0
35217, 17027675, 1, 0, 0
35303, 17303216, 1, 0, 0
35408, 17491851, 1, 0, 0
35507, 16414449, 1, 0, 0
35619, 15972902, 1, 0, 0
35700, 16313401, 1, 0, 0
35807, 17805025, 1, 0, 0
35914, 17759564, 1, 0, 0
36002, 17506730, 1, 0, 0
36108, 17771130, 1, 0, 0
36202, 15589974, 1, 0, 0
36310, 15457624, 1, 0, 0
36403, 15433494, 1, 0, 0
36504, 14500430, 1, 0, 0
36601, 16060855, 1, 0, 0
36715, 16264088, 1, 0, 0
36814, 16484402, 1, 0, 0
36902, 14672919, 1, 0, 0
37004, 17074954, 1, 0, 0
37114, 15681581, 1, 0, 0
37209, 15700357, 1, 0, 0
37311, 17046776, 1, 0, 0
37417, 15081749, 1, 0, 0
37504, 43691030, 1, 0, 0
37612, 53806859, 1, 0, 0
37718, 53304219, 1, 0, 0
37830, 55902355, 1, 0, 0
37942, 56152711, 1, 0, 0
38051, 54102234, 1, 0, 0
38104, 53411970, 1, 0, 0
38210, 21258539, 1, 0, 0
38312, 16933632, 1, 0, 0
38408, 16034768, 1, 0, 0
38506, 16248911, 1, 0, 0
38606, 16705270, 1, 0, 0
38701, 15808230, 1, 0, 0
38816, 16437747, 1, 0, 0
38909, 15486724, 1, 0, 0
39013, 12897709, 1, 0, 0
39118, 17594756, 1, 0, 0
39205, 17235664, 1, 0, 0
39303, 16338845, 1, 0, 0
39411, 15494393, 1, 0, 0
39517, 17613354, 1, 0, 0
39602, 14117659, 1, 0, 0
39709, 15247010, 1, 0, 0
39811, 17021757, 1, 0, 0
39914, 17214652, 1, 0, 0
40002, 14573821, 1, 0, 0
40102, 19980285, 1, 0, 0
40209, 15257050, 1, 0, 0
40317, 15435182, 1, 0, 0
40405, 14658657, 1, 0, 0
40504, 16498928, 1, 0, 0
40615, 15849505, 1, 0, 0
40706, 15250077, 1, 0, 0
40805, 16347756, 1, 0, 0
40914, 15571224, 1, 0, 0
41007, 15567892, 1, 0, 0
41102, 15771480, 1, 0, 0
41228, 18037179, 1, 0, 0
41331, 51283585, 1, 0, 0
41435, 52138139, 1, 0, 0
41544, 54399923, 1, 0, 0
41646, 51035901, 1, 0, 0
41752, 53015734, 1, 0, 0
41802, 49841375, 1, 0, 0
41911, 36442029, 1, 0, 0
42005, 23452635, 1, 0, 0
42107, 16978966, 1, 0, 0
42202, 15781760, 1, 0, 0
42300, 16293699, 1, 0, 0
42402, 17084634, 1, 0, 0
42504, 16941002, 1, 0, 0
42612, 15407988, 1, 0, 0
42704, 15250882, 1, 0, 0
42801, 16275803, 1, 0, 0
42910, 15489025, 1, 0, 0
43015, 14956313, 1, 0, 0
43106, 15242796, 1, 0, 0
43209, 17071541, 1, 0, 0
43308, 16525056, 1, 0, 0
43403, 15774535, 1, 0, 0
43501, 16349133, 1, 0, 0
43601, 16679534, 1, 0, 0
43715, 16217855, 1, 0, 0
43808, 15578429, 1, 0, 0
43904, 15915754, 1, 0, 0
44001, 19382333, 1, 0, 0
44113, 16067863, 1, 0, 0
44212, 16490166, 1, 0, 0
44309, 16100725, 1, 0, 0
44405, 16024989, 1, 0, 0
44507, 17000268, 1, 0, 0
44604, 16106751, 1, 0, 0
44700, 16052362, 1, 0, 0
44804, 17293330, 1, 0, 0
44905, 16852130, 1, 0, 0
45008, 14577309, 1, 0, 0
45136, 42751433, 1, 0, 0
45238, 51243269, 1, 0, 0
45341, 51377629, 1, 0, 0
45440, 49347516, 1, 0, 0
45542, 51130991, 1, 0, 0
45603, 60866526, 1, 0, 0
45710, 53369204, 1, 0, 0
45819, 36509494, 1, 0, 0
45914, 47197443, 1, 0, 0
46011, 32229521, 1, 0, 0
46109, 24507824, 1, 0, 0
46211, 25512711, 1, 0, 0
46313, 25582532, 1, 0, 0
46413, 24834882, 1, 0, 0
46502, 22475216, 1, 0, 0
46611, 27167752, 1, 0, 0
46700, 14846737, 1, 0, 0
46809, 15503614, 1, 0, 0
46905, 16014355, 1, 0, 0
47012, 15297314, 1, 0, 0
47101, 14802007, 1, 0, 0
47201, 9949328, 1, 0, 0
47301, 6225852, 1, 0, 0
47400, 5487549, 1, 0, 0
47501, 6742040, 1, 0, 0
47601, 6691101, 1, 0, 0
47704, 6378906, 1, 0, 0
47816, 6997289, 1, 0, 0
47900, 5588679, 1, 0, 0
48009, 8396676, 1, 0, 0
48100, 6070244, 1, 0, 0
48216, 6779914, 1, 0, 0
48304, 6333448, 1, 0, 0
48437, 22080723, 1, 0, 0
48514, 19126907, 1, 0, 0
48614, 16720551, 1, 0, 0
48747, 22232788, 1, 0, 0
48829, 20303692, 1, 0, 0
48906, 12930384, 1, 0, 0
49007, 12592606, 1, 0, 0
49113, 10564850, 1, 0, 0
49216, 6428677, 1, 0, 0
49301, 6069277, 1, 0, 0
49400, 6188900, 1, 0, 0
49514, 6325227, 1, 0, 0
49606, 5701937, 1, 0, 0
49700, 5508399, 1, 0, 0
49804, 6137928, 1, 0, 0
49901, 6901733, 1, 0, 0
50002, 5060868, 1, 0, 0
50100, 5748407, 1, 0, 0
50203, 6005435, 1, 0, 0
50301, 5803402, 1, 0, 0
50400, 6156703, 1, 0, 0
50501, 6709832, 1, 0, 0
50600, 6583052, 1, 0, 0
50714, 5996941, 1, 0, 0
50804, 5595365, 1, 0, 0
50900, 5664375, 1, 0, 0
51000, 5556226, 1, 0, 0
51117, 6823426, 1, 0, 0
51223, 6668468, 1, 0, 0
51300, 6405520, 1, 0, 0
51407, 6644423, 1, 0, 0
51512, 6540308, 1, 0, 0
51613, 6293388, 1, 0, 0
51707, 5879783, 1, 0, 0
51801, 5520789, 1, 0, 0
51905, 6937747, 1, 0, 0
52010, 6560385, 1, 0, 0
52130, 7481505, 1, 0, 0
52206, 18980897, 1, 0, 0
52310, 17348987, 1, 0, 0
52447, 22710609, 1, 0, 0
52520, 12152698, 1, 0, 0
52653, 22255483, 1, 0, 0
52709, 13857834, 1, 0, 0
52814, 13189165, 1, 0, 0
52913, 8198354, 1, 0, 0
53003, 5628856, 1, 0, 0
53105, 6380253, 1, 0, 0
53203, 6125144, 1, 0, 0
53300, 5687833, 1, 0, 0
53401, 6730130, 1, 0, 0
53501, 6194843, 1, 0, 0
53604, 5737321, 1, 0, 0
53701, 6035231, 1, 0, 0
53816, 6413748, 1, 0, 0
53914, 6087307, 1, 0, 0
54017, 6427888, 1, 0, 0
54123, 6621316, 1, 0, 0
54200, 6407566, 1, 0, 0
54302, 5638906, 1, 0, 0
54418, 6424004, 1, 0, 0
54516, 7038819, 1, 0, 0
54613, 24112839, 1, 0, 0
54713, 16627148, 1, 0, 0
54806, 18707156, 1, 0, 0
54903, 16050247, 1, 0, 0
55004, 16775411, 1, 0, 0
55101, 16262700, 1, 0, 0
55202, 16720803, 1, 0, 0
55301, 16589479, 1, 0, 0
55413, 15967712, 1, 0, 0
55511, 16379069, 1, 0, 0
55613, 17002051, 1, 0, 0
55702, 14719469, 1, 0, 0
55805, 14727454, 1, 0, 0
55917, 15971857, 1, 0, 0
56017, 50076229, 1, 0, 0
56118, 50514550, 1, 0, 0
56221, 51293743, 1, 0, 0
56324, 51842505, 1, 0, 0
56429, 52122691, 1, 0, 0
56515, 42890297, 1, 0, 0
56623, 36163679, 1, 0, 0
56716, 23098976, 1, 0, 0
56810, 15755410, 1, 0, 0
56907, 16123299, 1, 0, 0
57005, 16319011, 1, 0, 0
57117, 15948996, 1, 0, 0
57200, 16688427, 1, 0, 0
57301, 16752048, 1, 0, 0
57412, 15895173, 1, 0, 0
57511, 16458115, 1, 0, 0
57602, 15170820, 1, 0, 0
57701, 16552036, 1, 0, 0
57811, 15577819, 1, 0, 0
57919, 15405778, 1, 0, 0
58006, 14505665, 1, 0, 0
58107, 16903178, 1, 0, 0
58217, 15626261, 1, 0, 0
58314, 16245214, 1, 0, 0
58404, 15041960, 1, 0, 0
58514, 15573697, 1, 0, 0
58609, 15849282, 1, 0, 0
58727, 16926327, 1, 0, 0
58805, 15459924, 1, 0, 0
58903, 16324211, 1, 0, 0
59012, 15553811, 1, 0, 0
59103, 15175781, 1, 0, 0
59203, 16630077, 1, 0, 0
59313, 15729032, 1, 0, 0
59404, 15184401, 1, 0, 0
59510, 15186224, 1, 0, 0
59604, 15585323, 1, 0, 0
59710, 15070359, 1, 0, 0
59834, 41521941, 1, 0, 0
59939, 52534045, 1, 0, 0
60043, 51679145, 1, 0, 0
60144, 50629703, 1, 0, 0
60243, 49773834, 1, 0, 0
60330, 43139705, 1, 0, 0
60420, 29984171, 1, 0, 0
60511, 22815214, 1, 0, 0
60604, 15544800, 1, 0, 0
60701, 16160450, 1, 0, 0
60818, 16709547, 1, 0, 0
60911, 15385149, 1, 0, 0
61008, 16141335, 1, 0, 0
61103, 15849579, 1, 0, 0
61208, 15035985, 1, 0, 0
61300, 15201535, 1, 0, 0
61409, 15603083, 1, 0, 0
61507, 16396998, 1, 0, 0
61602, 15779121, 1, 0, 0
61700, 16350956, 1, 0, 0
61806, 15075379, 1, 0, 0
61914, 15475098, 1, 0, 0
62007, 15468556, 1, 0, 0
62104, 16076465, 1, 0, 0
62207, 14710968, 1, 0, 0
62301, 15645536, 1, 0, 0
62408, 17814083, 1, 0, 0
62503, 15956737, 1, 0, 0
62619, 16463290, 1, 0, 0
62715, 16080002, 1, 0, 0
62809, 15668951, 1, 0, 0
62908, 16377516, 1, 0, 0
63013, 14997791, 1, 0, 0
63105, 15313539, 1, 0, 0
63205, 16619904, 1, 0, 0
63313, 15493554, 1, 0, 0
63400, 14369115, 1, 0, 0
63506, 15264112, 1, 0, 0
63631, 31052902, 1, 0, 0
63732, 50653304, 1, 0, 0
63834, 50822146, 1, 0, 0
63937, 51540331, 1, 0, 0
64037, 50314449, 1, 0, 0
64136, 49235716, 1, 0, 0
64229, 30935737, 1, 0, 0
64316, 29016052, 1, 0, 0
64406, 14985493, 1, 0, 0
64511, 14995929, 1, 0, 0
64612, 14485599, 1, 0, 0
64703, 15077739, 1, 0, 0
64807, 14907918, 1, 0, 0
64912, 14876383, 1, 0, 0
65006, 15730223, 1, 0, 0
65112, 15147883, 1, 0, 0
65217, 14953115, 1, 0, 0
65306, 14766274, 1, 0, 0
65412, 15133841, 1, 0, 0
65516, 14933798, 1, 0, 0
65603, 14410791, 1, 0, 0
65711, 15417159, 1, 0, 0
65817, 15176752, 1, 0, 0
65901, 13953106, 1, 0, 0
66007, 15190911, 1, 0, 0
66110, 14713333, 1, 0, 0
66213, 14639497, 1, 0, 0
66303, 15059104, 1, 0, 0
66410, 15163569, 1, 0, 0
66505, 13563652, 1, 0, 0
66605, 14361418, 1, 0, 0
66704, 14087826, 1, 0, 0
66800, 13787360, 1, 0, 0
66902, 14479086, 1, 0, 0
67015, 14085292, 1, 0, 0
67112, 13907120, 1, 0, 0
67201, 14736636, 1, 0, 0
67313, 13994743, 1, 0, 0
67423, 15695982, 1, 0, 0
67531, 27177661, 1, 0, 0
67632, 50241278, 1, 0, 0
67737, 52469439, 1, 0, 0
67842, 52362691, 1, 0, 0
67941, 49815324, 1, 0, 0
68043, 50630613, 1, 0, 0
68130, 43783160, 1, 0, 0
68200, 13879929, 1, 0, 0
68313, 14128127, 1, 0, 0
68402, 14817060, 1, 0, 0
68515, 14091475, 1, 0, 0
68611, 13744361, 1, 0, 0
68709, 13972803, 1, 0, 0
68810, 14498291, 1, 0, 0
68906, 13617686, 1, 0, 0
69007, 14457972, 1, 0, 0
69107, 14224447, 1, 0, 0
69203, 13778823, 1, 0, 0
69307, 14733877, 1, 0, 0
69403, 13767756, 1, 0, 0
69501, 13973796, 1, 0, 0
69602, 14418392, 1, 0, 0
69715, 14117166, 1, 0, 0
69810, 13538885, 1, 0, 0
69911, 14464613, 1, 0, 0
70010, 14049074, 1, 0, 0
70105, 13604100, 1, 0, 0
70209, 14795322, 1, 0, 0
70308, 14207463, 1, 0, 0
70404, 13677950, 1, 0, 0
70507, 17119375, 1, 0, 0
70608, 14512598, 1, 0, 0
70702, 13411256, 1, 0, 0
70806, 14831624, 1, 0, 0
70913, 15164300, 1, 0, 0
71011, 14033598, 1, 0, 0
71109, 13950869, 1, 0, 0
71211, 14646452, 1, 0, 0
71306, 13548666, 1, 0, 0
71426, 29976402, 1, 0, 0
71526, 49926842, 1, 0, 0
71629, 51633926, 1, 0, 0
71733, 51725531, 1, 0, 0
71831, 49340581, 1, 0, 0
71918, 43137024, 1, 0, 0
72015, 32486955, 1, 0, 0
72105, 22353463, 1, 0, 0
72203, 13991539, 1, 0, 0
72307, 14957318, 1, 0, 0
72407, 14179388, 1, 0, 0
72507, 14374398, 1, 0, 0
72610, 7295224, 1, 0, 0
72705, 5572367, 1, 0, 0
72800, 5938563, 1, 0, 0
72911, 5817171, 1, 0, 0
73001, 5319541, 1, 0, 0
73110, 5712495, 1, 0, 0
73210, 6247272, 1, 0, 0
73300, 5007771, 1, 0, 0
73413, 6237156, 1, 0, 0
73510, 6034474, 1, 0, 0
73600, 5658304, 1, 0, 0
73700, 5221789, 1, 0, 0
73810, 6496961, 1, 0, 0
73919, 5414475, 1, 0, 0
74010, 5672750, 1, 0, 0
74112, 5091488, 1, 0, 0
74205, 5795179, 1, 0, 0
74300, 5608677, 1, 0, 0
74400, 6226250, 1, 0, 0
74513, 5934618, 1, 0, 0
74610, 6033862, 1, 0, 0
74704, 5877293, 1, 0, 0
74801, 6062836, 1, 0, 0
74917, 5771428, 1, 0, 0
75007, 5618373, 1, 0, 0
75101, 5857060, 1, 0, 0
75211, 5505736, 1, 0, 0
75322, 9249036, 1, 0, 0
75401, 19744500, 1, 0, 0
75500, 19840777, 1, 0, 0
75629, 18393429, 1, 0, 0
75704, 18833076, 1, 0, 0
75803, 19646872, 1, 0, 0
75903, 12523454, 1, 0, 0
76013, 10019675, 1, 0, 0
76119, 6622467, 1, 0, 0
76207, 5468280, 1, 0, 0
76307, 6242219, 1, 0, 0
76401, 5504338, 1, 0, 0
76510, 5753577, 1, 0, 0
76603, 5777626, 1, 0, 0
76700, 5083095, 1, 0, 0
76815, 6760606, 1, 0, 0
76903, 5507930, 1, 0, 0
77003, 6261750, 1, 0, 0
77105, 5943395, 1, 0, 0
77221, 6102404, 1, 0, 0
77310, 5571557, 1, 0, 0
77408, 6110439, 1, 0, 0
77507, 6159650, 1, 0, 0
77604, 6095501, 1, 0, 0
77710, 5286954, 1, 0, 0
77801, 5338073, 1, 0, 0
77907, 5574017, 1, 0, 0
78010, 5141270, 1, 0, 0
78107, 6049518, 1, 0, 0
78203, 5597850, 1, 0, 0
78310, 5622763, 1, 0, 0
78416, 5292667, 1, 0, 0
78502, 5352088, 1, 0, 0
78604, 6005030, 1, 0, 0
78713, 5758239, 1, 0, 0
78800, 5078331, 1, 0, 0
78905, 5541311, 1, 0, 0
79000, 5919276, 1, 0, 0
79116, 7710372, 1, 0, 0
79219, 17173891, 1, 0, 0
79349, 21666880, 1, 0, 0
79428, 19590475, 1, 0, 0
79503, 18918896, 1, 0, 0
79601, 16208511, 1, 0, 0
79701, 16701359, 1, 0, 0
79813, 14040272, 1, 0, 0
79905, 5708731, 1, 0, 0
80006, 6298480, 1, 0, 0
80120, 5688987, 1, 0, 0
80212, 5746832, 1, 0, 0
80303, 5702736, 1, 0, 0
80418, 5701459, 1, 0, 0
80508, 5642750, 1, 0, 0
80600, 5421914, 1, 0, 0
80713, 5903258, 1, 0, 0
80808, 5934119, 1, 0, 0
80900, 5738017, 1, 0, 0
81013, 5638186, 1, 0, 0
81108, 5927278, 1, 0, 0
81200, 5133643, 1, 0, 0
81300, 5868946, 1, 0, 0
81409, 6402993, 1, 0, 0
81507, 6100207, 1, 0, 0
81612, 6520684, 1, 0, 0
81705, 5847843, 1, 0, 0
81807, 6317330, 1, 0, 0
81909, 6379184, 1, 0, 0
82000, 5319487, 1, 0, 0
82116, 6093036, 1, 0, 0
82209, 5855331, 1, 0, 0
82320, 5540113, 1, 0, 0
82417, 6014309, 1, 0, 0
82509, 5754090, 1, 0, 0
82611, 6349065, 1, 0, 0
82711, 6264818, 1, 0, 0
82801, 5612396, 1, 0, 0
82903, 6345905, 1, 0, 0
83017, 9505896, 1, 0, 0
83122, 17567818, 1, 0, 0
83200, 19460860, 1, 0, 0
83335, 22421084, 1, 0, 0
83416, 20348790, 1, 0, 0
83518, 16970130, 1, 0, 0
83613, 15768378, 1, 0, 0
83721, 13498993, 1, 0, 0
83803, 6778900, 1, 0, 0
83901, 6155669, 1, 0, 0
84002, 5029262, 1, 0, 0
84103, 6304866, 1, 0, 0
84217, 5669153, 1, 0, 0
84321, 6507629, 1, 0, 0
84418, 6030761, 1, 0, 0
84512, 5913462, 1, 0, 0
84615, 6407472, 1, 0, 0
84704, 5522999, 1, 0, 0
84804, 6251281, 1, 0, 0
84904, 6241155, 1, 0, 0
85013, 6845032, 1, 0, 0
85105, 5693331, 1, 0, 0
85200, 5923720, 1, 0, 0
85304, 6506703, 1, 0, 0
85401, 6055488, 1, 0, 0
85508, 6665430, 1, 0, 0
85621, 7048753, 1, 0, 0
85702, 5757656, 1, 0, 0
85803, 7241975, 1, 0, 0
85907, 6459817, 1, 0, 0
86010, 6459452, 1, 0, 0
86117, 5333991, 1, 0, 0
86204, 5429348, 1, 0, 0
86306, 6324796, 1, 0, 0
86407, 6361464, 1, 0, 0
86500, 5449464, 1, 0, 0
86600, 5875979, 1, 0, 0
86711, 6889583, 1, 0, 0
86817, 17732198, 1, 0, 0
86911, 15603550, 1, 0, 0
87034, 20460615, 1, 0, 0
87120, 21550147, 1, 0, 0
87207, 21704918, 1, 0, 0
87304, 16247732, 1, 0, 0
87441, 22743450, 1, 0, 0
87500, 5920836, 1, 0, 0
87603, 7330654, 1, 0, 0
87710, 6648994, 1, 0, 0
87815, 6575489, 1, 0, 0
87917, 6335691, 1, 0, 0
88000, 5559084, 1, 0, 0
88100, 7657748, 1, 0, 0
88204, 6523806, 1, 0, 0
88309, 6519492, 1, 0, 0
88418, 6823962, 1, 0, 0
88509, 5689832, 1, 0, 0
88615, 6592004, 1, 0, 0
88718, 6442450, 1, 0, 0
88800, 5844701, 1, 0, 0
88901, 6282395, 1, 0, 0
89004, 7356134, 1, 0, 0
89111, 6640695, 1, 0, 0
89201, 5635313, 1, 0, 0
89302, 6331912, 1, 0, 0
89409, 6674064, 1, 0, 0
89500, 7513113, 1, 0, 0
89604, 6523920, 1, 0, 0
89705, 6299760, 1, 0, 0
89806, 6300884, 1, 0, 0
89910, 6476481, 1, 0, 0
90014, 6497517, 1, 0, 0
