118, 16961285, 1, 0, 0
207, 17672152, 1, 0, 0
312, 17552624, 1, 0, 0
412, 16545828, 1, 0, 0
514, 20439809, 1, 0, 0
616, 20383719, 1, 0, 0
702, 17183282, 1, 0, 0
802, 19933569, 1, 0, 0
913, 18538879, 1, 0, 0
1009, 15979767, 1, 0, 0
1109, 16602882, 1, 0, 0
1215, 17739733, 1, 0, 0
1300, 16961944, 1, 0, 0
1418, 19579201, 1, 0, 0
1519, 16824821, 1, 0, 0
1613, 18861877, 1, 0, 0
1718, 17520882, 1, 0, 0
1818, 20041029, 1, 0, 0
1904, 17023990, 1, 0, 0
2003, 16584915, 1, 0, 0
2112, 18082105, 1, 0, 0
2217, 17510984, 1, 0, 0
2302, 16931756, 1, 0, 0
2402, 16692882, 1, 0, 0
2510, 18015787, 1, 0, 0
2618, 17988594, 1, 0, 0
2706, 17579580, 1, 0, 0
2804, 49189426, 1, 0, 0
2916, 55620770, 1, 0, 0
3024, 53972022, 1, 0, 0
3143, 59794554, 1, 0, 0
3215, 71776266, 1, 0, 0
3359, 71798809, 1, 0, 0
3403, 21991524, 1, 0, 0
3500, 16148734, 1, 0, 0
3617, 16775787, 1, 0, 0
3703, 17114700, 1, 0, 0
3810, 15278132, 1, 0, 0
3917, 15258222, 1, 0, 0
4003, 14321495, 1, 0, 0
4110, 15311270, 1, 0, 0
4213, 14667042, 1, 0, 0
4301, 14749943, 1, 0, 0
4408, 15197393, 1, 0, 0
4516, 15419441, 1, 0, 0
4602, 14264276, 1, 0, 0
4711, 15661462, 1, 0, 0
4808, 16145810, 1, 0, 0
4910, 14561492, 1, 0, 0
5003, 15361025, 1, 0, 0
5106, 14755913, 1, 0, 0
5205, 14207639, 1, 0, 0
5310, 14884222, 1, 0, 0
5412, 14586748, 1, 0, 0
5513, 14371946, 1, 0, 0
5602, 17785543, 1, 0, 0
5705, 14790048, 1, 0, 0
5805, 14179433, 1, 0, 0
5904, 14223637, 1, 0, 0
6002, 16371146, 1, 0, 0
6105, 14594818, 1, 0, 0
6207, 14535222, 1, 0, 0
6303, 16129055, 1, 0, 0
6404, 14368084, 1, 0, 0
6505, 14411429, 1, 0, 0
6631, 18033958, 1, 0, 0
6735, 51984025, 1, 0, 0
6839, 51737110, 1, 0, 0
6943, 51984235, 1, 0, 0
7047, 51991939, 1, 0, 0
7153, 52832675, 1, 0, 0
7229, 38185554, 1, 0, 0
7319, 30079359, 1, 0, 0
7416, 24079510, 1, 0, 0
7508, 15329903, 1, 0, 0
7608, 16674087, 1, 0, 0
7703, 15906297, 1, 0, 0
7808, 14951037, 1, 0, 0
7906, 16386348, 1, 0, 0
8010, 17301443, 1, 0, 0
8100, 14910351, 1, 0, 0
8207, 15324822, 1, 0, 0
8302, 15778734, 1, 0, 0
8409, 15322050, 1, 0, 0
8515, 15035816, 1, 0, 0
8606, 15233702, 1, 0, 0
8708, 16994733, 1, 0, 0
8815, 17846232, 1, 0, 0
8900, 16940191, 1, 0, 0
9002, 17029350, 1, 0, 0
9112, 8414811, 1, 0, 0
9203, 5699259, 1, 0, 0
9300, 5650280, 1, 0, 0
9400, 5896814, 1, 0, 0
9508, 6015675, 1, 0, 0
9601, 5105198, 1, 0, 0
9700, 5829423, 1, 0, 0
9800, 7680761, 1, 0, 0
9902, 6346284, 1, 0, 0
10002, 5569161, 1, 0, 0
10100, 5730570, 1, 0, 0
10200, 6687081, 1, 0, 0
10309, 6040278, 1, 0, 0
10402, 5815368, 1, 0, 0
10501, 12320645, 1, 0, 0
10600, 14156822, 1, 0, 0
10728, 25666968, 1, 0, 0
10805, 19059400, 1, 0, 0
10930, 15671845, 1, 0, 0
11008, 13032228, 1, 0, 0
11131, 20494903, 1, 0, 0
11200, 5284937, 1, 0, 0
11316, 6079765, 1, 0, 0
11407, 5674484, 1, 0, 0
11503, 5996660, 1, 0, 0
11600, 5406659, 1, 0, 0
11700, 6200866, 1, 0, 0
11811, 6154485, 1, 0, 0
11913, 6360608, 1, 0, 0
12011, 6099334, 1, 0, 0
12102, 5696892, 1, 0, 0
12202, 5542475, 1, 0, 0
12309, 5955541, 1, 0, 0
12400, 5311953, 1, 0, 0
12514, 5993061, 1, 0, 0
12617, 6457943, 1, 0, 0
12721, 6458377, 1, 0, 0
12820, 6199689, 1, 0, 0
12913, 5828455, 1, 0, 0
13013, 6194363, 1, 0, 0
13115, 6394757, 1, 0, 0
13214, 6131841, 1, 0, 0
13310, 6009823, 1, 0, 0
13412, 6354535, 1, 0, 0
13513, 6303556, 1, 0, 0
13615, 6377203, 1, 0, 0
13709, 5870543, 1, 0, 0
13808, 6164518, 1, 0, 0
13905, 6042303, 1, 0, 0
14000, 5305898, 1, 0, 0
14113, 6262482, 1, 0, 0
14200, 5773654, 1, 0, 0
14300, 11096612, 1, 0, 0
14405, 17538118, 1, 0, 0
14542, 22796909, 1, 0, 0
14622, 19820888, 1, 0, 0
14700, 19496189, 1, 0, 0
14804, 17418014, 1, 0, 0
14900, 12034469, 1, 0, 0
15003, 17072143, 1, 0, 0
15109, 5307530, 1, 0, 0
15202, 5155044, 1, 0, 0
15303, 5579185, 1, 0, 0
15400, 5677127, 1, 0, 0
15504, 6934808, 1, 0, 0
15606, 6374781, 1, 0, 0
15705, 6183672, 1, 0, 0
15811, 6622972, 1, 0, 0
15917, 6632410, 1, 0, 0
16000, 6837060, 1, 0, 0
16102, 6381904, 1, 0, 0
16209, 7120805, 1, 0, 0
16308, 16485989, 1, 0, 0
16418, 15769328, 1, 0, 0
16508, 15015756, 1, 0, 0
16605, 16058978, 1, 0, 0
16712, 15223996, 1, 0, 0
16817, 15011047, 1, 0, 0
16907, 15068873, 1, 0, 0
17003, 15953959, 1, 0, 0
17110, 15277912, 1, 0, 0
17203, 15490969, 1, 0, 0
17302, 16553516, 1, 0, 0
17412, 15702216, 1, 0, 0
17514, 16893145, 1, 0, 0
17610, 16062095, 1, 0, 0
17706, 15966454, 1, 0, 0
17807, 16861261, 1, 0, 0
17912, 15007778, 1, 0, 0
18010, 16261279, 1, 0, 0
18112, 20450292, 1, 0, 0
18217, 52095920, 1, 0, 0
18322, 52794049, 1, 0, 0
18423, 50349897, 1, 0, 0
18523, 49990719, 1, 0, 0
18623, 50244418, 1, 0, 0
18727, 34590739, 1, 0, 0
18825, 32576043, 1, 0, 0
18901, 15096753, 1, 0, 0
19008, 15389124, 1, 0, 0
19101, 15478193, 1, 0, 0
19214, 16075552, 1, 0, 0
19308, 15688033, 1, 0, 0
19404, 15950315, 1, 0, 0
19513, 15565425, 1, 0, 0
19600, 14482733, 1, 0, 0
19709, 15522817, 1, 0, 0
19804, 15939278, 1, 0, 0
19911, 15216137, 1, 0, 0
20003, 15286862, 1, 0, 0
20111, 15456719, 1, 0, 0
20201, 14975513, 1, 0, 0
20308, 15277586, 1, 0, 0
20404, 15953074, 1, 0, 0
20508, 14866550, 1, 0, 0
20613, 14960207, 1, 0, 0
20709, 16049695, 1, 0, 0
20808, 16549975, 1, 0, 0
20917, 15512959, 1, 0, 0
21012, 15848097, 1, 0, 0
21105, 15452628, 1, 0, 0
21201, 15989491, 1, 0, 0
21306, 15040201, 1, 0, 0
21401, 15668391, 1, 0, 0
21511, 15698441, 1, 0, 0
21611, 16726259, 1, 0, 0
21707, 16009119, 1, 0, 0
21812, 14904968, 1, 0, 0
21903, 15254601, 1, 0, 0
22022, 39742209, 1, 0, 0
22126, 51948125, 1, 0, 0
22232, 52971492, 1, 0, 0
22335, 51402382, 1, 0, 0
22437, 51037518, 1, 0, 0
22519, 40820012, 1, 0, 0
22613, 31451678, 1, 0, 0
22701, 21786926, 1, 0, 0
22811, 15740517, 1, 0, 0
22911, 16607201, 1, 0, 0
23011, 16806646, 1, 0, 0
23118, 15212251, 1, 0, 0
23205, 14504458, 1, 0, 0
23300, 15813554, 1, 0, 0
23415, 16409763, 1, 0, 0
23507, 15358056, 1, 0, 0
23601, 15594896, 1, 0, 0
23711, 15699110, 1, 0, 0
23816, 15060999, 1, 0, 0
23905, 14805093, 1, 0, 0
24001, 15853085, 1, 0, 0
24106, 14990141, 1, 0, 0
24213, 15349919, 1, 0, 0
24302, 17787355, 1, 0, 0
24411, 15511110, 1, 0, 0
24500, 14918630, 1, 0, 0
24610, 15702210, 1, 0, 0
24706, 15921600, 1, 0, 0
24816, 15668096, 1, 0, 0
24909, 15582798, 1, 0, 0
25002, 15487714, 1, 0, 0
25108, 15035397, 1, 0, 0
25214, 15206604, 1, 0, 0
25308, 15688028, 1, 0, 0
25409, 16805952, 1, 0, 0
25510, 16793977, 1, 0, 0
25611, 14410594, 1, 0, 0
25704, 15395084, 1, 0, 0
25841, 22977652, 1, 0, 0
25947, 52992607, 1, 0, 0
26051, 51592552, 1, 0, 0
26107, 56343331, 1, 0, 0
26211, 51821245, 1, 0, 0
26313, 51295401, 1, 0, 0
26427, 37946804, 1, 0, 0
26536, 36211838, 1, 0, 0
26603, 16795785, 1, 0, 0
26715, 16010202, 1, 0, 0
26808, 15430456, 1, 0, 0
26906, 16292202, 1, 0, 0
27015, 15660332, 1, 0, 0
27104, 14806533, 1, 0, 0
27210, 17523048, 1, 0, 0
27310, 16683938, 1, 0, 0
27409, 16509313, 1, 0, 0
27513, 17282708, 1, 0, 0
27618, 17472664, 1, 0, 0
27705, 14573341, 1, 0, 0
27804, 16436500, 1, 0, 0
27917, 16182278, 1, 0, 0
28007, 14978588, 1, 0, 0
28106, 16450309, 1, 0, 0
28215, 15604611, 1, 0, 0
28309, 15547794, 1, 0, 0
28406, 16205747, 1, 0, 0
28513, 15306404, 1, 0, 0
28608, 15765494, 1, 0, 0
28703, 15816038, 1, 0, 0
28809, 15224440, 1, 0, 0
28905, 15979732, 1, 0, 0
29015, 15617545, 1, 0, 0
29105, 14993766, 1, 0, 0
29204, 16542547, 1, 0, 0
29316, 16021698, 1, 0, 0
29404, 14581337, 1, 0, 0
29513, 15583786, 1, 0, 0
29608, 15830059, 1, 0, 0
29720, 15994229, 1, 0, 0
29820, 49798937, 1, 0, 0
29923, 51817908, 1, 0, 0
30029, 52722961, 1, 0, 0
30131, 51308426, 1, 0, 0
30231, 49601600, 1, 0, 0
30312, 40822331, 1, 0, 0
30405, 30944220, 1, 0, 0
30507, 20390292, 1, 0, 0
30604, 16133635, 1, 0, 0
30708, 14766643, 1, 0, 0
30812, 14910920, 1, 0, 0
30906, 15713016, 1, 0, 0
31013, 15276388, 1, 0, 0
31100, 14397957, 1, 0, 0
31209, 15545631, 1, 0, 0
31305, 16010153, 1, 0, 0
31408, 14688077, 1, 0, 0
31501, 15522242, 1, 0, 0
31607, 15156704, 1, 0, 0
31716, 15565198, 1, 0, 0
31803, 14463795, 1, 0, 0
31904, 16735028, 1, 0, 0
32009, 15020806, 1, 0, 0
32109, 14375008, 1, 0, 0
32203, 15497829, 1, 0, 0
32311, 15420152, 1, 0, 0
32402, 15158308, 1, 0, 0
32508, 15246566, 1, 0, 0
32605, 16074955, 1, 0, 0
32716, 15832949, 1, 0, 0
32809, 15559221, 1, 0, 0
32903, 15554480, 1, 0, 0
33013, 15806166, 1, 0, 0
33105, 15202903, 1, 0, 0
33200, 15918412, 1, 0, 0
33308, 15411933, 1, 0, 0
33402, 15576479, 1, 0, 0
33514, 16030355, 1, 0, 0
33636, 24375763, 1, 0, 0
33742, 53066224, 1, 0, 0
33849, 53279958, 1, 0, 0
33953, 51915320, 1, 0, 0
34003, 50340372, 1, 0, 0
34109, 52914745, 1, 0, 0
34226, 39019042, 1, 0, 0
34324, 32790694, 1, 0, 0
34404, 15934894, 1, 0, 0
34505, 16905822, 1, 0, 0
34611, 15132618, 1, 0, 0
34706, 10533082, 1, 0, 0
34800, 5510566, 1, 0, 0
34906, 7028226, 1, 0, 0
35011, 6547744, 1, 0, 0
35100, 5935114, 1, 0, 0
35200, 6273681, 1, 0, 0
35312, 8536916, 1, 0, 0
35410, 6136923, 1, 0, 0
35503, 5833350, 1, 0, 0
35604, 6300980, 1, 0, 0
35703, 5175926, 1, 0, 0
35804, 7737677, 1, 0, 0
35908, 6511646, 1, 0, 0
36015, 6678288, 1, 0, 0
36102, 5805815, 1, 0, 0
36213, 6475269, 1, 0, 0
36313, 6259016, 1, 0, 0
36402, 5548953, 1, 0, 0
36503, 6280385, 1, 0, 0
36619, 5826446, 1, 0, 0
36718, 6185932, 1, 0, 0
36800, 5406017, 1, 0, 0
36900, 7677463, 1, 0, 0
37009, 6842107, 1, 0, 0
37102, 5134468, 1, 0, 0
37201, 5801668, 1, 0, 0
37311, 6478822, 1, 0, 0
37419, 6763472, 1, 0, 0
37501, 11618730, 1, 0, 0
37644, 28598472, 1, 0, 0
37724, 19943932, 1, 0, 0
37808, 21098831, 1, 0, 0
37916, 15383635, 1, 0, 0
38056, 28073526, 1, 0, 0
38120, 15915360, 1, 0, 0
38200, 5334606, 1, 0, 0
38302, 6373768, 1, 0, 0
38401, 6136553, 1, 0, 0
38504, 6454184, 1, 0, 0
38619, 6750431, 1, 0, 0
38712, 5810612, 1, 0, 0
38809, 6058604, 1, 0, 0
38916, 6643084, 1, 0, 0
39014, 6134846, 1, 0, 0
39103, 5905410, 1, 0, 0
39200, 6085338, 1, 0, 0
39301, 6262380, 1, 0, 0
39405, 7996943, 1, 0, 0
39500, 5939736, 1, 0, 0
39606, 6579273, 1, 0, 0
39704, 6147306, 1, 0, 0
39803, 6167536, 1, 0, 0
39905, 6383084, 1, 0, 0
40000, 7854592, 1, 0, 0
40117, 7314886, 1, 0, 0
40206, 5532876, 1, 0, 0
40302, 6031538, 1, 0, 0
40415, 5605189, 1, 0, 0
40501, 5374957, 1, 0, 0
40600, 6210005, 1, 0, 0
40701, 5275924, 1, 0, 0
40801, 6238482, 1, 0, 0
40923, 7161821, 1, 0, 0
41015, 5758191, 1, 0, 0
41108, 5794634, 1, 0, 0
41229, 7539126, 1, 0, 0
41309, 20058250, 1, 0, 0
41411, 14585133, 1, 0, 0
41548, 27468250, 1, 0, 0
41624, 18921691, 1, 0, 0
41701, 19314295, 1, 0, 0
41834, 16506761, 1, 0, 0
41909, 10699168, 1, 0, 0
42018, 8388741, 1, 0, 0
42118, 5552577, 1, 0, 0
42213, 5930408, 1, 0, 0
42312, 6210000, 1, 0, 0
42414, 6369000, 1, 0, 0
42511, 6046403, 1, 0, 0
42604, 5749163, 1, 0, 0
42703, 6216772, 1, 0, 0
42802, 6142871, 1, 0, 0
42918, 5816170, 1, 0, 0
43011, 5816368, 1, 0, 0
43113, 6322784, 1, 0, 0
43211, 6144666, 1, 0, 0
43308, 6030744, 1, 0, 0
43400, 5722479, 1, 0, 0
43502, 6039741, 1, 0, 0
43619, 6101407, 1, 0, 0
43716, 6077523, 1, 0, 0
43808, 5739089, 1, 0, 0
43910, 6351551, 1, 0, 0
44010, 6263892, 1, 0, 0
44107, 6058203, 1, 0, 0
44203, 5971355, 1, 0, 0
44304, 6308423, 1, 0, 0
44402, 6106902, 1, 0, 0
44505, 6031092, 1, 0, 0
44600, 5961749, 1, 0, 0
44702, 6379305, 1, 0, 0
44800, 5402875, 1, 0, 0
44916, 6819705, 1, 0, 0
45014, 6116607, 1, 0, 0
45108, 18774259, 1, 0, 0
45243, 19245387, 1, 0, 0
45319, 19077301, 1, 0, 0
45415, 19257707, 1, 0, 0
45561, 20774062, 1, 0, 0
45634, 18268747, 1, 0, 0
45754, 14992140, 1, 0, 0
45816, 7751996, 1, 0, 0
45929, 14045431, 1, 0, 0
46012, 6934464, 1, 0, 0
46114, 6354929, 1, 0, 0
46216, 6379808, 1, 0, 0
46319, 6423222, 1, 0, 0
46415, 5967345, 1, 0, 0
46512, 6073326, 1, 0, 0
46600, 6776575, 1, 0, 0
46712, 5866948, 1, 0, 0
46814, 6348056, 1, 0, 0
46902, 5508631, 1, 0, 0
47000, 5765759, 1, 0, 0
47112, 5850254, 1, 0, 0
47201, 5580706, 1, 0, 0
47302, 6325917, 1, 0, 0
47406, 6455375, 1, 0, 0
47510, 6514368, 1, 0, 0
47619, 6767643, 1, 0, 0
47704, 7073173, 1, 0, 0
47800, 6001199, 1, 0, 0
47901, 7762219, 1, 0, 0
48012, 6519450, 1, 0, 0
48101, 6329421, 1, 0, 0
48206, 6182427, 1, 0, 0
48307, 8403467, 1, 0, 0
48441, 19155097, 1, 0, 0
48519, 19442148, 1, 0, 0
48622, 20506774, 1, 0, 0
48751, 18537168, 1, 0, 0
48832, 20042921, 1, 0, 0
48902, 14160118, 1, 0, 0
49000, 9705708, 1, 0, 0
49100, 9990877, 1, 0, 0
49202, 6787703, 1, 0, 0
49306, 6518253, 1, 0, 0
49405, 6194733, 1, 0, 0
49516, 5808890, 1, 0, 0
49606, 5627664, 1, 0, 0
49717, 5508569, 1, 0, 0
49820, 6432128, 1, 0, 0
49901, 5805270, 1, 0, 0
50005, 5739298, 1, 0, 0
50105, 6257780, 1, 0, 0
50221, 5778214, 1, 0, 0
50300, 6083990, 1, 0, 0
50401, 5913554, 1, 0, 0
50518, 6504870, 1, 0, 0
50620, 6371310, 1, 0, 0
50714, 5871091, 1, 0, 0
50807, 5794957, 1, 0, 0
50904, 5401052, 1, 0, 0
51014, 6079297, 1, 0, 0
51110, 5977259, 1, 0, 0
51200, 5981644, 1, 0, 0
51300, 7174066, 1, 0, 0
51406, 7009501, 1, 0, 0
51508, 6388013, 1, 0, 0
51619, 5545407, 1, 0, 0
51700, 5759848, 1, 0, 0
51801, 6334812, 1, 0, 0
51900, 7007893, 1, 0, 0
52022, 6091072, 1, 0, 0
52134, 9370480, 1, 0, 0
52212, 19545730, 1, 0, 0
52314, 16971018, 1, 0, 0
52449, 22352176, 1, 0, 0
52529, 20005420, 1, 0, 0
52607, 19523915, 1, 0, 0
52719, 14059640, 1, 0, 0
52834, 14299006, 1, 0, 0
52907, 6073982, 1, 0, 0
53007, 6234212, 1, 0, 0
53106, 6180523, 1, 0, 0
53204, 6107175, 1, 0, 0
53306, 6360792, 1, 0, 0
53404, 6122732, 1, 0, 0
53500, 6028730, 1, 0, 0
53600, 5866420, 1, 0, 0
53701, 6722744, 1, 0, 0
53803, 6365129, 1, 0, 0
53905, 5653793, 1, 0, 0
54000, 6753987, 1, 0, 0
54101, 6313423, 1, 0, 0
54201, 6228341, 1, 0, 0
54300, 5192909, 1, 0, 0
54400, 6639165, 1, 0, 0
54500, 6273616, 1, 0, 0
54618, 6522356, 1, 0, 0
54716, 6123101, 1, 0, 0
54815, 6167330, 1, 0, 0
54912, 6059602, 1, 0, 0
55013, 6314748, 1, 0, 0
55101, 5487991, 1, 0, 0
55200, 5202990, 1, 0, 0
55301, 7744731, 1, 0, 0
55400, 6204117, 1, 0, 0
55503, 5675315, 1, 0, 0
55603, 6246226, 1, 0, 0
55709, 5886630, 1, 0, 0
55802, 5792905, 1, 0, 0
55915, 6297151, 1, 0, 0
56046, 21844823, 1, 0, 0
56123, 19013850, 1, 0, 0
56200, 15433217, 1, 0, 0
56352, 21784799, 1, 0, 0
56407, 13527456, 1, 0, 0
56525, 14793450, 1, 0, 0
56646, 15110229, 1, 0, 0
56705, 11814089, 1, 0, 0
56804, 16518553, 1, 0, 0
56903, 16513874, 1, 0, 0
57012, 15488797, 1, 0, 0
57106, 15617687, 1, 0, 0
57211, 17592262, 1, 0, 0
57310, 16395020, 1, 0, 0
57402, 15288022, 1, 0, 0
57510, 18064704, 1, 0, 0
57608, 16241190, 1, 0, 0
57702, 15647206, 1, 0, 0
57808, 15213435, 1, 0, 0
57903, 15719026, 1, 0, 0
58012, 15622636, 1, 0, 0
58107, 15874867, 1, 0, 0
58201, 15585276, 1, 0, 0
58302, 16829889, 1, 0, 0
58408, 15163015, 1, 0, 0
58516, 15393999, 1, 0, 0
58607, 15073188, 1, 0, 0
58711, 17331145, 1, 0, 0
58808, 16297539, 1, 0, 0
58902, 15585527, 1, 0, 0
59008, 15138420, 1, 0, 0
59110, 16909250, 1, 0, 0
59202, 15457312, 1, 0, 0
59314, 15954568, 1, 0, 0
59405, 15070818, 1, 0, 0
59512, 15369041, 1, 0, 0
59602, 14878293, 1, 0, 0
59736, 19224320, 1, 0, 0
59841, 52105477, 1, 0, 0
59944, 51690370, 1, 0, 0
60046, 50842624, 1, 0, 0
60147, 50409326, 1, 0, 0
60246, 49726188, 1, 0, 0
60321, 37456308, 1, 0, 0
60423, 34014505, 1, 0, 0
60500, 19245857, 1, 0, 0
60606, 15142758, 1, 0, 0
60715, 18081010, 1, 0, 0
60807, 15332391, 1, 0, 0
60908, 16807990, 1, 0, 0
61018, 15734926, 1, 0, 0
61109, 15115370, 1, 0, 0
61203, 15612483, 1, 0, 0
61311, 15427074, 1, 0, 0
61401, 15120494, 1, 0, 0
61501, 16650494, 1, 0, 0
61612, 15790890, 1, 0, 0
61707, 15799324, 1, 0, 0
61803, 15955174, 1, 0, 0
61900, 16272850, 1, 0, 0
62012, 15998530, 1, 0, 0
62101, 14717958, 1, 0, 0
62206, 14996964, 1, 0, 0
62313, 17905542, 1, 0, 0
62411, 16302107, 1, 0, 0
62503, 15337406, 1, 0, 0
62602, 16393269, 1, 0, 0
62704, 16996629, 1, 0, 0
62814, 15774623, 1, 0, 0
62905, 15025975, 1, 0, 0
63000, 15920085, 1, 0, 0
63110, 15626094, 1, 0, 0
63204, 15706682, 1, 0, 0
63308, 14763106, 1, 0, 0
63404, 16114374, 1, 0, 0
63506, 14556527, 1, 0, 0
63609, 34122904, 1, 0, 0
63710, 50708493, 1, 0, 0
63812, 50836582, 1, 0, 0
63915, 51512886, 1, 0, 0
64015, 50244374, 1, 0, 0
64114, 49264776, 1, 0, 0
64207, 30934809, 1, 0, 0
64304, 32279016, 1, 0, 0
64415, 15847696, 1, 0, 0
64500, 14269279, 1, 0, 0
64608, 15353579, 1, 0, 0
64711, 14682183, 1, 0, 0
64812, 14400813, 1, 0, 0
64906, 15669361, 1, 0, 0
65000, 15701091, 1, 0, 0
65102, 14536495, 1, 0, 0
65208, 15093859, 1, 0, 0
65300, 15343252, 1, 0, 0
65402, 14536522, 1, 0, 0
65507, 15004149, 1, 0, 0
65614, 15378517, 1, 0, 0
65700, 14319724, 1, 0, 0
65805, 15006350, 1, 0, 0
65910, 14895204, 1, 0, 0
66014, 14864563, 1, 0, 0
66101, 14473042, 1, 0, 0
66208, 15358283, 1, 0, 0
66313, 14993827, 1, 0, 0
66414, 14298353, 1, 0, 0
66500, 14457979, 1, 0, 0
66613, 14005669, 1, 0, 0
66707, 13494562, 1, 0, 0
66809, 14507777, 1, 0, 0
66907, 14050416, 1, 0, 0
67002, 13586489, 1, 0, 0
67106, 14820285, 1, 0, 0
67213, 15214082, 1, 0, 0
67308, 13590445, 1, 0, 0
67411, 17117418, 1, 0, 0
67534, 30676985, 1, 0, 0
67637, 51487141, 1, 0, 0
67742, 52475682, 1, 0, 0
67844, 50951939, 1, 0, 0
67944, 50194006, 1, 0, 0
68047, 51373169, 1, 0, 0
68100, 52840595, 1, 0, 0
68212, 14038129, 1, 0, 0
68301, 14738092, 1, 0, 0
68415, 14318093, 1, 0, 0
68511, 13630667, 1, 0, 0
68610, 14177228, 1, 0, 0
68710, 14284772, 1, 0, 0
68805, 13510784, 1, 0, 0
68908, 14761974, 1, 0, 0
69006, 14035354, 1, 0, 0
69103, 13832228, 1, 0, 0
69208, 14877549, 1, 0, 0
69303, 13611415, 1, 0, 0
69403, 14214827, 1, 0, 0
69503, 14280809, 1, 0, 0
69615, 14022868, 1, 0, 0
69709, 13454697, 1, 0, 0
69812, 14651718, 1, 0, 0
69910, 14036254, 1, 0, 0
70006, 13739004, 1, 0, 0
70108, 14573076, 1, 0, 0
70205, 13836790, 1, 0, 0
70304, 14131178, 1, 0, 0
70408, 14722083, 1, 0, 0
70514, 15261390, 1, 0, 0
70612, 13886901, 1, 0, 0
70711, 14231778, 1, 0, 0
70821, 15700137, 1, 0, 0
70907, 14276274, 1, 0, 0
71005, 16253963, 1, 0, 0
71103, 13969589, 1, 0, 0
71215, 14033446, 1, 0, 0
71311, 13662543, 1, 0, 0
71404, 46567093, 1, 0, 0
71504, 49908046, 1, 0, 0
71607, 51655316, 1, 0, 0
71711, 51765402, 1, 0, 0
71809, 49325598, 1, 0, 0
71934, 41391093, 1, 0, 0
72037, 34616197, 1, 0, 0
72108, 14019192, 1, 0, 0
72212, 14896539, 1, 0, 0
72305, 15508515, 1, 0, 0
72406, 14454835, 1, 0, 0
72510, 14817545, 1, 0, 0
72616, 15174637, 1, 0, 0
72709, 15345034, 1, 0, 0
72806, 16258083, 1, 0, 0
72910, 14743431, 1, 0, 0
73001, 15158655, 1, 0, 0
73111, 15714854, 1, 0, 0
73208, 16175856, 1, 0, 0
73300, 15398283, 1, 0, 0
73410, 15666878, 1, 0, 0
73500, 15052266, 1, 0, 0
73607, 15227206, 1, 0, 0
73712, 17513037, 1, 0, 0
73804, 15318386, 1, 0, 0
73919, 16455198, 1, 0, 0
74012, 15423252, 1, 0, 0
74108, 16015266, 1, 0, 0
74200, 7653891, 1, 0, 0
74303, 5710805, 1, 0, 0
74401, 4230188, 1, 0, 0
74505, 6122098, 1, 0, 0
74604, 6164464, 1, 0, 0
74709, 5237808, 1, 0, 0
74800, 5071552, 1, 0, 0
74907, 5945398, 1, 0, 0
75004, 4805669, 1, 0, 0
75101, 4870376, 1, 0, 0
75210, 5417375, 1, 0, 0
75324, 9525469, 1, 0, 0
75428, 12946227, 1, 0, 0
75530, 12788030, 1, 0, 0
75633, 12777499, 1, 0, 0
75735, 12838994, 1, 0, 0
75818, 10296415, 1, 0, 0
75913, 7933227, 1, 0, 0
76004, 7574345, 1, 0, 0
76100, 5045625, 1, 0, 0
76206, 6186771, 1, 0, 0
76300, 5208549, 1, 0, 0
76412, 5088195, 1, 0, 0
76506, 4694780, 1, 0, 0
76612, 5317848, 1, 0, 0
76714, 5098005, 1, 0, 0
76812, 4866512, 1, 0, 0
76904, 5767028, 1, 0, 0
77003, 4896793, 1, 0, 0
77120, 5872212, 1, 0, 0
77200, 4669533, 1, 0, 0
77300, 4536931, 1, 0, 0
77400, 5911900, 1, 0, 0
77506, 4393533, 1, 0, 0
77606, 4979980, 1, 0, 0
77706, 4978383, 1, 0, 0
77815, 4533272, 1, 0, 0
77900, 4025224, 1, 0, 0
78007, 5667806, 1, 0, 0
78103, 4770925, 1, 0, 0
78206, 5165521, 1, 0, 0
78300, 4232060, 1, 0, 0
78401, 5603774, 1, 0, 0
78512, 4635928, 1, 0, 0
78612, 4987010, 1, 0, 0
78708, 4771382, 1, 0, 0
78800, 4355775, 1, 0, 0
78910, 4793340, 1, 0, 0
79021, 5542951, 1, 0, 0
79120, 8234487, 1, 0, 0
79227, 13421006, 1, 0, 0
79327, 12440062, 1, 0, 0
79430, 12813014, 1, 0, 0
79530, 12516199, 1, 0, 0
79632, 12759917, 1, 0, 0
79723, 7566324, 1, 0, 0
79800, 9575253, 1, 0, 0
79910, 5494487, 1, 0, 0
80000, 4719731, 1, 0, 0
80100, 6648746, 1, 0, 0
80213, 6275638, 1, 0, 0
80304, 5363429, 1, 0, 0
80400, 5293422, 1, 0, 0
80508, 6027286, 1, 0, 0
80600, 5703369, 1, 0, 0
80715, 5768422, 1, 0, 0
80806, 5658193, 1, 0, 0
80904, 6101127, 1, 0, 0
81018, 5688812, 1, 0, 0
81105, 5446816, 1, 0, 0
81201, 5994999, 1, 0, 0
81305, 6081744, 1, 0, 0
81419, 6008379, 1, 0, 0
81516, 6073392, 1, 0, 0
81611, 5884924, 1, 0, 0
81710, 6223095, 1, 0, 0
81810, 6242410, 1, 0, 0
81909, 6125367, 1, 0, 0
82003, 5894180, 1, 0, 0
82101, 5158320, 1, 0, 0
82209, 6340540, 1, 0, 0
82303, 5858437, 1, 0, 0
82403, 6225216, 1, 0, 0
82502, 5834332, 1, 0, 0
82622, 6271454, 1, 0, 0
82700, 5560804, 1, 0, 0
82801, 7219694, 1, 0, 0
82902, 5938959, 1, 0, 0
83019, 16683735, 1, 0, 0
83104, 21240956, 1, 0, 0
83207, 20691350, 1, 0, 0
83339, 18762064, 1, 0, 0
83419, 20042952, 1, 0, 0
83523, 20737562, 1, 0, 0
83610, 12384241, 1, 0, 0
83711, 12624234, 1, 0, 0
83816, 6557431, 1, 0, 0
83903, 7261301, 1, 0, 0
84001, 6092760, 1, 0, 0
84104, 6473764, 1, 0, 0
84205, 5882507, 1, 0, 0
84303, 6128946, 1, 0, 0
84401, 6140105, 1, 0, 0
84519, 6165226, 1, 0, 0
84617, 6146734, 1, 0, 0
84708, 5657908, 1, 0, 0
84800, 6154365, 1, 0, 0
84916, 6808000, 1, 0, 0
85021, 6524745, 1, 0, 0
85107, 5356238, 1, 0, 0
85213, 6626172, 1, 0, 0
85317, 6526423, 1, 0, 0
85400, 5895531, 1, 0, 0
85502, 7245800, 1, 0, 0
85606, 6514609, 1, 0, 0
85711, 6516448, 1, 0, 0
85817, 6620524, 1, 0, 0
85917, 6288547, 1, 0, 0
86000, 6370726, 1, 0, 0
86101, 6273227, 1, 0, 0
86214, 5925892, 1, 0, 0
86304, 5982846, 1, 0, 0
86407, 7905336, 1, 0, 0
86509, 6363958, 1, 0, 0
86601, 6603911, 1, 0, 0
86718, 8351584, 1, 0, 0
86819, 20129486, 1, 0, 0
86959, 19981487, 1, 0, 0
87042, 20716167, 1, 0, 0
87126, 21117981, 1, 0, 0
87213, 21539920, 1, 0, 0
87310, 19464876, 1, 0, 0
87430, 17194702, 1, 0, 0
87510, 6606687, 1, 0, 0
87617, 6653806, 1, 0, 0
87700, 5936194, 1, 0, 0
87800, 7147218, 1, 0, 0
87904, 6499774, 1, 0, 0
88009, 6528377, 1, 0, 0
88113, 6513634, 1, 0, 0
88218, 6559844, 1, 0, 0
88300, 6310772, 1, 0, 0
88402, 6351169, 1, 0, 0
88503, 6308491, 1, 0, 0
88605, 6347895, 1, 0, 0
88701, 6416610, 1, 0, 0
88806, 6508983, 1, 0, 0
88911, 6548032, 1, 0, 0
89018, 6688183, 1, 0, 0
89111, 5794261, 1, 0, 0
89214, 6452352, 1, 0, 0
89315, 6265807, 1, 0, 0
89416, 6304008, 1, 0, 0
89521, 6595386, 1, 0, 0
89602, 6200082, 1, 0, 0
89702, 6628846, 1, 0, 0
89806, 6527594, 1, 0, 0
89909, 6410599, 1, 0, 0
90008, 6155784, 1, 0, 0
