250, 704, 1, 0, 0
350, 760, 1, 0, 0
450, 680, 1, 0, 0
550, 760, 1, 0, 0
650, 760, 1, 0, 0
749, 686, 1, 0, 0
849, 640, 1, 0, 0
949, 800, 1, 0, 0
1049, 640, 1, 0, 0
1149, 640, 1, 0, 0
1249, 800, 1, 0, 0
1350, 640, 1, 0, 0
1450, 720, 1, 0, 0
1550, 720, 1, 0, 0
1650, 640, 1, 0, 0
1749, 808, 1, 0, 0
1849, 720, 1, 0, 0
1949, 640, 1, 0, 0
2049, 720, 1, 0, 0
2149, 360, 1, 0, 0
2249, 240, 1, 0, 0
2349, 240, 1, 0, 0
2449, 240, 1, 0, 0
2549, 240, 1, 0, 0
2650, 200, 1, 0, 0
2749, 202, 1, 0, 0
2849, 80, 1, 0, 0
2949, 80, 1, 0, 0
3049, 80, 1, 0, 0
3149, 40, 1, 0, 0
3249, 80, 1, 0, 0
3349, 40, 1, 0, 0
3450, 160, 1, 0, 0
3550, 240, 1, 0, 0
3650, 240, 1, 0, 0
3749, 202, 1, 0, 0
3849, 280, 1, 0, 0
3949, 280, 1, 0, 0
4049, 280, 1, 0, 0
4149, 240, 1, 0, 0
4249, 280, 1, 0, 0
4349, 280, 1, 0, 0
4449, 240, 1, 0, 0
4550, 280, 1, 0, 0
4650, 280, 1, 0, 0
4749, 242, 1, 0, 0
4849, 280, 1, 0, 0
4949, 240, 1, 0, 0
5049, 280, 1, 0, 0
5149, 280, 1, 0, 0
5249, 280, 1, 0, 0
5349, 280, 1, 0, 0
5449, 280, 1, 0, 0
5549, 240, 1, 0, 0
5649, 280, 1, 0, 0
5749, 280, 1, 0, 0
5849, 280, 1, 0, 0
5950, 240, 1, 0, 0
6050, 280, 1, 0, 0
6150, 280, 1, 0, 0
6249, 242, 1, 0, 0
6349, 280, 1, 0, 0
6449, 280, 1, 0, 0
6549, 240, 1, 0, 0
6649, 240, 1, 0, 0
6749, 80, 1, 0, 0
6849, 80, 1, 0, 0
6949, 80, 1, 0, 0
7050, 80, 1, 0, 0
7150, 80, 1, 0, 0
7249, 80, 1, 0, 0
7349, 120, 1, 0, 0
7449, 200, 1, 0, 0
7549, 240, 1, 0, 0
7649, 240, 1, 0, 0
7749, 280, 1, 0, 0
7849, 240, 1, 0, 0
7949, 240, 1, 0, 0
8049, 280, 1, 0, 0
8150, 280, 1, 0, 0
8249, 242, 1, 0, 0
8349, 280, 1, 0, 0
8449, 240, 1, 0, 0
8549, 240, 1, 0, 0
8649, 280, 1, 0, 0
8749, 240, 1, 0, 0
8849, 200, 1, 0, 0
8949, 240, 1, 0, 0
9049, 280, 1, 0, 0
9149, 240, 1, 0, 0
9250, 240, 1, 0, 0
9350, 200, 1, 0, 0
9450, 240, 1, 0, 0
9550, 200, 1, 0, 0
9650, 240, 1, 0, 0
9749, 242, 1, 0, 0
9849, 200, 1, 0, 0
9949, 280, 1, 0, 0
10049, 240, 1, 0, 0
10149, 240, 1, 0, 0
10249, 240, 1, 0, 0
10349, 280, 1, 0, 0
10449, 280, 1, 0, 0
10550, 80, 1, 0, 0
10650, 80, 1, 0, 0
10749, 40, 1, 0, 0
10849, 80, 1, 0, 0
10949, 120, 1, 0, 0
11049, 80, 1, 0, 0
11149, 80, 1, 0, 0
11249, 280, 1, 0, 0
11349, 240, 1, 0, 0
11449, 280, 1, 0, 0
11550, 240, 1, 0, 0
11650, 240, 1, 0, 0
11749, 242, 1, 0, 0
11849, 240, 1, 0, 0
11949, 280, 1, 0, 0
12049, 240, 1, 0, 0
12149, 240, 1, 0, 0
12249, 200, 1, 0, 0
12349, 240, 1, 0, 0
12449, 280, 1, 0, 0
12550, 240, 1, 0, 0
12650, 240, 1, 0, 0
12749, 242, 1, 0, 0
12849, 200, 1, 0, 0
12949, 280, 1, 0, 0
13049, 240, 1, 0, 0
13149, 240, 1, 0, 0
13249, 200, 1, 0, 0
13349, 240, 1, 0, 0
13449, 280, 1, 0, 0
13549, 280, 1, 0, 0
13650, 200, 1, 0, 0
13749, 242, 1, 0, 0
13849, 280, 1, 0, 0
13949, 240, 1, 0, 0
14049, 240, 1, 0, 0
14149, 240, 1, 0, 0
14249, 240, 1, 0, 0
14349, 120, 1, 0, 0
14449, 40, 1, 0, 0
14550, 80, 1, 0, 0
14650, 80, 1, 0, 0
14749, 80, 1, 0, 0
14849, 80, 1, 0, 0
14949, 80, 1, 0, 0
15049, 160, 1, 0, 0
15149, 200, 1, 0, 0
15249, 240, 1, 0, 0
15349, 200, 1, 0, 0
15449, 200, 1, 0, 0
15550, 240, 1, 0, 0
15650, 240, 1, 0, 0
15749, 242, 1, 0, 0
15849, 200, 1, 0, 0
15949, 240, 1, 0, 0
16049, 240, 1, 0, 0
16149, 200, 1, 0, 0
16249, 240, 1, 0, 0
16349, 240, 1, 0, 0
16449, 280, 1, 0, 0
16549, 240, 1, 0, 0
16649, 280, 1, 0, 0
16750, 240, 1, 0, 0
16850, 280, 1, 0, 0
16950, 240, 1, 0, 0
17050, 240, 1, 0, 0
17150, 280, 1, 0, 0
17249, 242, 1, 0, 0
17349, 240, 1, 0, 0
17449, 280, 1, 0, 0
17549, 240, 1, 0, 0
17649, 200, 1, 0, 0
17749, 280, 1, 0, 0
17849, 240, 1, 0, 0
17949, 280, 1, 0, 0
18049, 240, 1, 0, 0
18150, 160, 1, 0, 0
18249, 80, 1, 0, 0
18349, 80, 1, 0, 0
18449, 80, 1, 0, 0
18549, 80, 1, 0, 0
18649, 80, 1, 0, 0
18749, 80, 1, 0, 0
18849, 160, 1, 0, 0
18949, 240, 1, 0, 0
19049, 280, 1, 0, 0
19149, 240, 1, 0, 0
19250, 240, 1, 0, 0
19350, 240, 1, 0, 0
19450, 280, 1, 0, 0
19550, 240, 1, 0, 0
19650, 280, 1, 0, 0
19749, 242, 1, 0, 0
19849, 280, 1, 0, 0
19949, 240, 1, 0, 0
20049, 280, 1, 0, 0
20149, 240, 1, 0, 0
20249, 280, 1, 0, 0
20349, 240, 1, 0, 0
20449, 280, 1, 0, 0
20550, 280, 1, 0, 0
20650, 240, 1, 0, 0
20749, 242, 1, 0, 0
20849, 240, 1, 0, 0
20949, 280, 1, 0, 0
21049, 640, 1, 0, 0
21149, 640, 1, 0, 0
21249, 640, 1, 0, 0
21349, 760, 1, 0, 0
21449, 680, 1, 0, 0
21550, 640, 1, 0, 0
21650, 640, 1, 0, 0
21749, 727, 1, 0, 0
21849, 720, 1, 0, 0
21949, 640, 1, 0, 0
22049, 280, 1, 0, 0
22149, 200, 1, 0, 0
22249, 160, 1, 0, 0
22349, 160, 1, 0, 0
22449, 280, 1, 0, 0
22550, 200, 1, 0, 0
22650, 320, 1, 0, 0
22749, 646, 1, 0, 0
22849, 640, 1, 0, 0
22949, 640, 1, 0, 0
23049, 640, 1, 0, 0
23149, 760, 1, 0, 0
23249, 680, 1, 0, 0
23349, 800, 1, 0, 0
23449, 600, 1, 0, 0
23550, 680, 1, 0, 0
23650, 640, 1, 0, 0
23749, 767, 1, 0, 0
23849, 680, 1, 0, 0
23949, 640, 1, 0, 0
24049, 800, 1, 0, 0
24149, 640, 1, 0, 0
24249, 640, 1, 0, 0
24349, 640, 1, 0, 0
24449, 640, 1, 0, 0
24550, 800, 1, 0, 0
24650, 640, 1, 0, 0
24749, 646, 1, 0, 0
24849, 760, 1, 0, 0
24949, 680, 1, 0, 0
25049, 640, 1, 0, 0
25149, 760, 1, 0, 0
25249, 680, 1, 0, 0
25349, 640, 1, 0, 0
25449, 640, 1, 0, 0
25549, 640, 1, 0, 0
25650, 720, 1, 0, 0
25750, 720, 1, 0, 0
25850, 440, 1, 0, 0
25950, 200, 1, 0, 0
26050, 160, 1, 0, 0
26150, 160, 1, 0, 0
26249, 282, 1, 0, 0
26349, 200, 1, 0, 0
26449, 320, 1, 0, 0
26550, 280, 1, 0, 0
26650, 560, 1, 0, 0
26749, 727, 1, 0, 0
26849, 680, 1, 0, 0
26949, 640, 1, 0, 0
27049, 640, 1, 0, 0
27149, 640, 1, 0, 0
27249, 640, 1, 0, 0
27349, 640, 1, 0, 0
27449, 640, 1, 0, 0
27549, 640, 1, 0, 0
27649, 640, 1, 0, 0
27750, 640, 1, 0, 0
27850, 760, 1, 0, 0
27950, 640, 1, 0, 0
28050, 440, 1, 0, 0
28150, 280, 1, 0, 0
28249, 242, 1, 0, 0
28349, 240, 1, 0, 0
28449, 280, 1, 0, 0
28549, 240, 1, 0, 0
28649, 280, 1, 0, 0
28749, 240, 1, 0, 0
28850, 240, 1, 0, 0
28950, 280, 1, 0, 0
29050, 280, 1, 0, 0
29150, 200, 1, 0, 0
29249, 282, 1, 0, 0
29349, 240, 1, 0, 0
29449, 240, 1, 0, 0
29549, 240, 1, 0, 0
29649, 280, 1, 0, 0
29749, 240, 1, 0, 0
29850, 80, 1, 0, 0
29950, 80, 1, 0, 0
30050, 40, 1, 0, 0
30150, 80, 1, 0, 0
30249, 80, 1, 0, 0
30349, 120, 1, 0, 0
30449, 120, 1, 0, 0
30549, 240, 1, 0, 0
30649, 240, 1, 0, 0
30750, 280, 1, 0, 0
30850, 240, 1, 0, 0
30950, 280, 1, 0, 0
31050, 280, 1, 0, 0
31150, 240, 1, 0, 0
31249, 242, 1, 0, 0
31349, 280, 1, 0, 0
31449, 280, 1, 0, 0
31549, 240, 1, 0, 0
31649, 280, 1, 0, 0
31749, 240, 1, 0, 0
31849, 280, 1, 0, 0
31950, 280, 1, 0, 0
32050, 280, 1, 0, 0
32150, 240, 1, 0, 0
32249, 282, 1, 0, 0
32349, 240, 1, 0, 0
32449, 280, 1, 0, 0
32549, 240, 1, 0, 0
32649, 280, 1, 0, 0
32749, 240, 1, 0, 0
32849, 240, 1, 0, 0
32949, 240, 1, 0, 0
33049, 280, 1, 0, 0
33150, 240, 1, 0, 0
33249, 242, 1, 0, 0
33349, 280, 1, 0, 0
33449, 280, 1, 0, 0
33549, 240, 1, 0, 0
33649, 160, 1, 0, 0
33749, 80, 1, 0, 0
33849, 80, 1, 0, 0
33950, 40, 1, 0, 0
34050, 80, 1, 0, 0
34150, 80, 1, 0, 0
34249, 121, 1, 0, 0
34349, 120, 1, 0, 0
34449, 280, 1, 0, 0
34549, 240, 1, 0, 0
34649, 240, 1, 0, 0
34749, 240, 1, 0, 0
34849, 280, 1, 0, 0
34949, 200, 1, 0, 0
35050, 240, 1, 0, 0
35150, 240, 1, 0, 0
35249, 202, 1, 0, 0
35349, 240, 1, 0, 0
35449, 240, 1, 0, 0
35549, 240, 1, 0, 0
35649, 240, 1, 0, 0
35749, 240, 1, 0, 0
35849, 240, 1, 0, 0
35949, 240, 1, 0, 0
36049, 200, 1, 0, 0
36149, 240, 1, 0, 0
36250, 280, 1, 0, 0
36350, 240, 1, 0, 0
36450, 280, 1, 0, 0
36550, 240, 1, 0, 0
36650, 280, 1, 0, 0
36749, 242, 1, 0, 0
36849, 240, 1, 0, 0
36949, 240, 1, 0, 0
37049, 240, 1, 0, 0
37149, 280, 1, 0, 0
37249, 240, 1, 0, 0
37349, 240, 1, 0, 0
37449, 200, 1, 0, 0
37550, 80, 1, 0, 0
37650, 80, 1, 0, 0
37749, 80, 1, 0, 0
37849, 80, 1, 0, 0
37949, 80, 1, 0, 0
38049, 40, 1, 0, 0
38149, 120, 1, 0, 0
38249, 240, 1, 0, 0
38349, 240, 1, 0, 0
38449, 240, 1, 0, 0
38550, 240, 1, 0, 0
38650, 240, 1, 0, 0
38749, 242, 1, 0, 0
38849, 280, 1, 0, 0
38949, 280, 1, 0, 0
39049, 280, 1, 0, 0
39149, 200, 1, 0, 0
39249, 240, 1, 0, 0
39349, 280, 1, 0, 0
39449, 240, 1, 0, 0
39550, 240, 1, 0, 0
39650, 280, 1, 0, 0
39749, 242, 1, 0, 0
39849, 240, 1, 0, 0
39949, 240, 1, 0, 0
40049, 240, 1, 0, 0
40149, 240, 1, 0, 0
40249, 240, 1, 0, 0
40349, 280, 1, 0, 0
40449, 240, 1, 0, 0
40549, 280, 1, 0, 0
40649, 240, 1, 0, 0
40750, 240, 1, 0, 0
40850, 280, 1, 0, 0
40950, 240, 1, 0, 0
41050, 240, 1, 0, 0
41150, 240, 1, 0, 0
41249, 202, 1, 0, 0
41349, 80, 1, 0, 0
41449, 80, 1, 0, 0
41549, 80, 1, 0, 0
41649, 80, 1, 0, 0
41749, 40, 1, 0, 0
41850, 120, 1, 0, 0
41950, 80, 1, 0, 0
42050, 240, 1, 0, 0
42150, 240, 1, 0, 0
42249, 242, 1, 0, 0
42349, 240, 1, 0, 0
42449, 240, 1, 0, 0
42549, 280, 1, 0, 0
42649, 240, 1, 0, 0
42749, 240, 1, 0, 0
42849, 280, 1, 0, 0
42949, 240, 1, 0, 0
43050, 280, 1, 0, 0
43150, 240, 1, 0, 0
43249, 242, 1, 0, 0
43349, 240, 1, 0, 0
43449, 240, 1, 0, 0
43549, 240, 1, 0, 0
43649, 280, 1, 0, 0
43749, 240, 1, 0, 0
43849, 240, 1, 0, 0
43949, 240, 1, 0, 0
44049, 240, 1, 0, 0
44149, 240, 1, 0, 0
44250, 240, 1, 0, 0
44350, 240, 1, 0, 0
44450, 240, 1, 0, 0
44550, 240, 1, 0, 0
44650, 240, 1, 0, 0
44749, 242, 1, 0, 0
44849, 240, 1, 0, 0
44949, 280, 1, 0, 0
45049, 200, 1, 0, 0
45149, 80, 1, 0, 0
45250, 80, 1, 0, 0
45350, 80, 1, 0, 0
45450, 80, 1, 0, 0
45550, 80, 1, 0, 0
45650, 40, 1, 0, 0
45749, 80, 1, 0, 0
45849, 120, 1, 0, 0
45949, 80, 1, 0, 0
46050, 160, 1, 0, 0
46150, 160, 1, 0, 0
46249, 161, 1, 0, 0
46349, 160, 1, 0, 0
46449, 160, 1, 0, 0
46549, 200, 1, 0, 0
46649, 160, 1, 0, 0
46749, 240, 1, 0, 0
46849, 280, 1, 0, 0
46949, 240, 1, 0, 0
47050, 280, 1, 0, 0
47150, 280, 1, 0, 0
47249, 646, 1, 0, 0
47349, 640, 1, 0, 0
47449, 560, 1, 0, 0
47549, 640, 1, 0, 0
47649, 640, 1, 0, 0
47749, 680, 1, 0, 0
47849, 560, 1, 0, 0
47949, 520, 1, 0, 0
48049, 480, 1, 0, 0
48149, 800, 1, 0, 0
48250, 640, 1, 0, 0
48350, 320, 1, 0, 0
48450, 240, 1, 0, 0
48550, 240, 1, 0, 0
48650, 160, 1, 0, 0
48749, 242, 1, 0, 0
48849, 160, 1, 0, 0
48949, 320, 1, 0, 0
49049, 240, 1, 0, 0
49150, 640, 1, 0, 0
49250, 640, 1, 0, 0
49350, 640, 1, 0, 0
49450, 640, 1, 0, 0
49550, 640, 1, 0, 0
49650, 640, 1, 0, 0
49749, 808, 1, 0, 0
49849, 520, 1, 0, 0
49949, 720, 1, 0, 0
50049, 760, 1, 0, 0
50149, 640, 1, 0, 0
50249, 720, 1, 0, 0
50349, 520, 1, 0, 0
50450, 680, 1, 0, 0
50550, 640, 1, 0, 0
50650, 640, 1, 0, 0
50749, 727, 1, 0, 0
50849, 640, 1, 0, 0
50949, 800, 1, 0, 0
51049, 640, 1, 0, 0
51149, 560, 1, 0, 0
51249, 560, 1, 0, 0
51349, 640, 1, 0, 0
51449, 640, 1, 0, 0
51550, 640, 1, 0, 0
51650, 640, 1, 0, 0
51749, 646, 1, 0, 0
51849, 640, 1, 0, 0
51949, 640, 1, 0, 0
52049, 640, 1, 0, 0
52149, 400, 1, 0, 0
52249, 240, 1, 0, 0
52349, 160, 1, 0, 0
52450, 240, 1, 0, 0
52550, 240, 1, 0, 0
52650, 160, 1, 0, 0
52749, 323, 1, 0, 0
52849, 320, 1, 0, 0
52949, 640, 1, 0, 0
53049, 720, 1, 0, 0
53149, 560, 1, 0, 0
53249, 640, 1, 0, 0
53349, 640, 1, 0, 0
53449, 720, 1, 0, 0
53550, 640, 1, 0, 0
53650, 560, 1, 0, 0
53749, 686, 1, 0, 0
53849, 760, 1, 0, 0
53949, 640, 1, 0, 0
54049, 640, 1, 0, 0
54149, 480, 1, 0, 0
54249, 760, 1, 0, 0
54349, 640, 1, 0, 0
54449, 640, 1, 0, 0
54549, 360, 1, 0, 0
54649, 200, 1, 0, 0
54749, 200, 1, 0, 0
54849, 240, 1, 0, 0
54949, 240, 1, 0, 0
55050, 280, 1, 0, 0
55150, 240, 1, 0, 0
55249, 202, 1, 0, 0
55349, 240, 1, 0, 0
55449, 280, 1, 0, 0
55549, 240, 1, 0, 0
55649, 240, 1, 0, 0
55749, 240, 1, 0, 0
55849, 280, 1, 0, 0
55949, 200, 1, 0, 0
56050, 80, 1, 0, 0
56150, 80, 1, 0, 0
56249, 80, 1, 0, 0
56349, 80, 1, 0, 0
56449, 80, 1, 0, 0
56549, 120, 1, 0, 0
56649, 80, 1, 0, 0
56749, 240, 1, 0, 0
56849, 240, 1, 0, 0
56949, 240, 1, 0, 0
57049, 280, 1, 0, 0
57149, 200, 1, 0, 0
57250, 240, 1, 0, 0
57350, 280, 1, 0, 0
57450, 240, 1, 0, 0
57550, 240, 1, 0, 0
57650, 240, 1, 0, 0
57749, 282, 1, 0, 0
57849, 240, 1, 0, 0
57949, 280, 1, 0, 0
58049, 240, 1, 0, 0
58149, 240, 1, 0, 0
58250, 240, 1, 0, 0
58350, 280, 1, 0, 0
58450, 280, 1, 0, 0
58550, 240, 1, 0, 0
58650, 240, 1, 0, 0
58749, 242, 1, 0, 0
58849, 240, 1, 0, 0
58949, 240, 1, 0, 0
59049, 280, 1, 0, 0
59149, 240, 1, 0, 0
59249, 280, 1, 0, 0
59349, 240, 1, 0, 0
59449, 240, 1, 0, 0
59550, 280, 1, 0, 0
59650, 280, 1, 0, 0
59749, 202, 1, 0, 0
59849, 80, 1, 0, 0
59949, 80, 1, 0, 0
60049, 80, 1, 0, 0
60149, 80, 1, 0, 0
60250, 80, 1, 0, 0
60350, 80, 1, 0, 0
60450, 120, 1, 0, 0
60550, 240, 1, 0, 0
60650, 280, 1, 0, 0
60749, 202, 1, 0, 0
60849, 280, 1, 0, 0
60949, 240, 1, 0, 0
61049, 240, 1, 0, 0
61150, 240, 1, 0, 0
61249, 282, 1, 0, 0
61349, 280, 1, 0, 0
61449, 240, 1, 0, 0
61549, 240, 1, 0, 0
61649, 240, 1, 0, 0
61749, 280, 1, 0, 0
61849, 240, 1, 0, 0
61949, 280, 1, 0, 0
62050, 240, 1, 0, 0
62150, 280, 1, 0, 0
62249, 242, 1, 0, 0
62349, 240, 1, 0, 0
62449, 240, 1, 0, 0
62549, 240, 1, 0, 0
62649, 240, 1, 0, 0
62749, 280, 1, 0, 0
62849, 240, 1, 0, 0
62949, 240, 1, 0, 0
63049, 280, 1, 0, 0
63149, 240, 1, 0, 0
63250, 280, 1, 0, 0
63350, 240, 1, 0, 0
63450, 280, 1, 0, 0
63550, 240, 1, 0, 0
63650, 80, 1, 0, 0
63749, 80, 1, 0, 0
63849, 80, 1, 0, 0
63949, 80, 1, 0, 0
64050, 80, 1, 0, 0
64150, 80, 1, 0, 0
64249, 121, 1, 0, 0
64349, 200, 1, 0, 0
64449, 280, 1, 0, 0
64549, 240, 1, 0, 0
64649, 280, 1, 0, 0
64749, 280, 1, 0, 0
64849, 240, 1, 0, 0
64949, 280, 1, 0, 0
65050, 240, 1, 0, 0
65150, 280, 1, 0, 0
65249, 282, 1, 0, 0
65349, 240, 1, 0, 0
65449, 280, 1, 0, 0
65549, 280, 1, 0, 0
65649, 280, 1, 0, 0
65749, 240, 1, 0, 0
65849, 280, 1, 0, 0
65949, 280, 1, 0, 0
66050, 240, 1, 0, 0
66150, 280, 1, 0, 0
66249, 282, 1, 0, 0
66349, 280, 1, 0, 0
66449, 240, 1, 0, 0
66549, 320, 1, 0, 0
66649, 280, 1, 0, 0
66749, 280, 1, 0, 0
66849, 280, 1, 0, 0
66949, 280, 1, 0, 0
67049, 280, 1, 0, 0
67150, 280, 1, 0, 0
67249, 282, 1, 0, 0
67349, 280, 1, 0, 0
67449, 240, 1, 0, 0
67549, 120, 1, 0, 0
67649, 80, 1, 0, 0
67749, 80, 1, 0, 0
67849, 80, 1, 0, 0
67949, 80, 1, 0, 0
68050, 80, 1, 0, 0
68150, 120, 1, 0, 0
68249, 282, 1, 0, 0
68349, 280, 1, 0, 0
68449, 280, 1, 0, 0
68549, 280, 1, 0, 0
68649, 280, 1, 0, 0
68749, 280, 1, 0, 0
68849, 280, 1, 0, 0
68949, 280, 1, 0, 0
69050, 320, 1, 0, 0
69150, 240, 1, 0, 0
69249, 323, 1, 0, 0
69349, 280, 1, 0, 0
69449, 280, 1, 0, 0
69549, 280, 1, 0, 0
69649, 280, 1, 0, 0
69749, 280, 1, 0, 0
69849, 280, 1, 0, 0
69949, 280, 1, 0, 0
70050, 280, 1, 0, 0
70150, 320, 1, 0, 0
70249, 242, 1, 0, 0
70349, 280, 1, 0, 0
70449, 280, 1, 0, 0
70549, 280, 1, 0, 0
70649, 240, 1, 0, 0
70749, 320, 1, 0, 0
70849, 240, 1, 0, 0
70949, 280, 1, 0, 0
71050, 280, 1, 0, 0
71150, 320, 1, 0, 0
71249, 242, 1, 0, 0
71349, 280, 1, 0, 0
71449, 80, 1, 0, 0
71549, 80, 1, 0, 0
71649, 80, 1, 0, 0
71749, 80, 1, 0, 0
71850, 80, 1, 0, 0
71950, 80, 1, 0, 0
72050, 120, 1, 0, 0
72150, 280, 1, 0, 0
72249, 282, 1, 0, 0
72349, 240, 1, 0, 0
72449, 280, 1, 0, 0
72549, 400, 1, 0, 0
72649, 640, 1, 0, 0
72749, 640, 1, 0, 0
72850, 800, 1, 0, 0
72950, 640, 1, 0, 0
73050, 760, 1, 0, 0
73150, 680, 1, 0, 0
73249, 646, 1, 0, 0
73349, 720, 1, 0, 0
73449, 720, 1, 0, 0
73549, 640, 1, 0, 0
73649, 680, 1, 0, 0
73749, 760, 1, 0, 0
73849, 640, 1, 0, 0
73949, 800, 1, 0, 0
74050, 640, 1, 0, 0
74150, 800, 1, 0, 0
74250, 640, 1, 0, 0
74350, 680, 1, 0, 0
74450, 760, 1, 0, 0
74550, 640, 1, 0, 0
74650, 640, 1, 0, 0
74749, 646, 1, 0, 0
74849, 800, 1, 0, 0
74949, 640, 1, 0, 0
75049, 640, 1, 0, 0
75149, 800, 1, 0, 0
75249, 640, 1, 0, 0
75350, 320, 1, 0, 0
75450, 160, 1, 0, 0
75550, 160, 1, 0, 0
75650, 240, 1, 0, 0
75749, 242, 1, 0, 0
75849, 200, 1, 0, 0
75949, 360, 1, 0, 0
76049, 560, 1, 0, 0
76149, 640, 1, 0, 0
76249, 640, 1, 0, 0
76350, 640, 1, 0, 0
76450, 800, 1, 0, 0
76550, 640, 1, 0, 0
76650, 800, 1, 0, 0
76749, 565, 1, 0, 0
76849, 720, 1, 0, 0
76949, 640, 1, 0, 0
77049, 680, 1, 0, 0
77149, 600, 1, 0, 0
77249, 800, 1, 0, 0
77349, 640, 1, 0, 0
77450, 640, 1, 0, 0
77550, 640, 1, 0, 0
77650, 680, 1, 0, 0
77749, 767, 1, 0, 0
77849, 800, 1, 0, 0
77949, 800, 1, 0, 0
78049, 640, 1, 0, 0
78149, 640, 1, 0, 0
78249, 800, 1, 0, 0
78350, 640, 1, 0, 0
78450, 800, 1, 0, 0
78550, 680, 1, 0, 0
78650, 760, 1, 0, 0
78749, 646, 1, 0, 0
78849, 800, 1, 0, 0
78949, 640, 1, 0, 0
79049, 680, 1, 0, 0
79149, 400, 1, 0, 0
79250, 160, 1, 0, 0
79350, 200, 1, 0, 0
79450, 200, 1, 0, 0
79550, 240, 1, 0, 0
79650, 160, 1, 0, 0
79749, 404, 1, 0, 0
79849, 400, 1, 0, 0
79949, 640, 1, 0, 0
80049, 640, 1, 0, 0
80149, 800, 1, 0, 0
80249, 640, 1, 0, 0
80350, 720, 1, 0, 0
80450, 720, 1, 0, 0
80550, 640, 1, 0, 0
80650, 720, 1, 0, 0
80749, 727, 1, 0, 0
80849, 640, 1, 0, 0
80949, 760, 1, 0, 0
81049, 680, 1, 0, 0
81149, 640, 1, 0, 0
81249, 720, 1, 0, 0
81349, 720, 1, 0, 0
81449, 640, 1, 0, 0
81550, 640, 1, 0, 0
81650, 640, 1, 0, 0
81749, 646, 1, 0, 0
81849, 640, 1, 0, 0
81949, 640, 1, 0, 0
82049, 720, 1, 0, 0
82149, 720, 1, 0, 0
82249, 640, 1, 0, 0
82349, 720, 1, 0, 0
82449, 720, 1, 0, 0
82550, 640, 1, 0, 0
82650, 640, 1, 0, 0
82749, 646, 1, 0, 0
82849, 640, 1, 0, 0
82949, 640, 1, 0, 0
83049, 320, 1, 0, 0
83149, 160, 1, 0, 0
83249, 160, 1, 0, 0
83349, 240, 1, 0, 0
83449, 240, 1, 0, 0
83550, 160, 1, 0, 0
83650, 320, 1, 0, 0
83749, 404, 1, 0, 0
83849, 560, 1, 0, 0
83949, 640, 1, 0, 0
84049, 800, 1, 0, 0
84149, 800, 1, 0, 0
84249, 640, 1, 0, 0
84349, 560, 1, 0, 0
84449, 720, 1, 0, 0
84549, 640, 1, 0, 0
84649, 640, 1, 0, 0
84750, 640, 1, 0, 0
84850, 640, 1, 0, 0
84950, 640, 1, 0, 0
85050, 640, 1, 0, 0
85150, 640, 1, 0, 0
85249, 646, 1, 0, 0
85349, 720, 1, 0, 0
85449, 560, 1, 0, 0
85549, 640, 1, 0, 0
85649, 560, 1, 0, 0
85749, 640, 1, 0, 0
85850, 560, 1, 0, 0
85950, 640, 1, 0, 0
86050, 680, 1, 0, 0
86150, 760, 1, 0, 0
86249, 646, 1, 0, 0
86349, 640, 1, 0, 0
86449, 640, 1, 0, 0
86549, 640, 1, 0, 0
86649, 640, 1, 0, 0
86749, 560, 1, 0, 0
86850, 240, 1, 0, 0
86950, 160, 1, 0, 0
87050, 240, 1, 0, 0
87150, 240, 1, 0, 0
87249, 161, 1, 0, 0
87349, 200, 1, 0, 0
87449, 280, 1, 0, 0
87549, 560, 1, 0, 0
87649, 560, 1, 0, 0
87750, 640, 1, 0, 0
87850, 640, 1, 0, 0
87950, 640, 1, 0, 0
88050, 640, 1, 0, 0
88150, 520, 1, 0, 0
88249, 606, 1, 0, 0
88349, 640, 1, 0, 0
88449, 640, 1, 0, 0
88549, 640, 1, 0, 0
88649, 640, 1, 0, 0
88749, 600, 1, 0, 0
88849, 640, 1, 0, 0
88949, 560, 1, 0, 0
89050, 600, 1, 0, 0
89150, 640, 1, 0, 0
89249, 646, 1, 0, 0
89349, 640, 1, 0, 0
89449, 640, 1, 0, 0
89549, 480, 1, 0, 0
89649, 640, 1, 0, 0
89749, 640, 1, 0, 0
89849, 640, 1, 0, 0
89949, 640, 1, 0, 0
