250, 215040, 0, 0, 0
350, 158720, 0, 0, 0
450, 181760, 0, 0, 0
550, 243200, 0, 0, 0
650, 161280, 0, 0, 0
749, 191353, 0, 0, 0
849, 163840, 0, 0, 0
949, 212480, 0, 0, 0
1049, 197120, 0, 0, 0
1149, 232960, 0, 0, 0
1249, 217600, 0, 0, 0
1349, 197120, 0, 0, 0
1449, 181760, 0, 0, 0
1550, 202240, 0, 0, 0
1650, 179200, 0, 0, 0
1749, 214626, 0, 0, 0
1849, 215040, 0, 0, 0
1949, 207360, 0, 0, 0
2049, 189440, 0, 0, 0
2149, 207360, 0, 0, 0
2249, 171520, 0, 0, 0
2349, 184320, 0, 0, 0
2449, 222720, 0, 0, 0
2549, 238080, 0, 0, 0
2649, 215040, 0, 0, 0
2749, 204800, 0, 0, 0
2850, 207360, 0, 0, 0
2950, 215040, 0, 0, 0
3050, 217600, 0, 0, 0
3150, 192000, 0, 0, 0
3249, 170666, 0, 0, 0
3349, 184320, 0, 0, 0
3449, 202240, 0, 0, 0
3549, 184320, 0, 0, 0
3649, 199680, 0, 0, 0
3749, 220160, 0, 0, 0
3849, 217600, 0, 0, 0
3949, 209920, 0, 0, 0
4049, 215040, 0, 0, 0
4149, 207360, 0, 0, 0
4250, 189440, 0, 0, 0
4350, 166400, 0, 0, 0
4450, 184320, 0, 0, 0
4550, 220160, 0, 0, 0
4650, 168960, 0, 0, 0
4749, 206868, 0, 0, 0
4849, 199680, 0, 0, 0
4949, 202240, 0, 0, 0
5049, 220160, 0, 0, 0
5149, 199680, 0, 0, 0
5249, 199680, 0, 0, 0
5349, 156160, 0, 0, 0
5449, 161280, 0, 0, 0
5550, 204800, 0, 0, 0
5650, 204800, 0, 0, 0
5749, 134464, 0, 0, 0
5849, 243200, 0, 0, 0
5949, 199680, 0, 0, 0
6049, 171520, 0, 0, 0
6149, 197120, 0, 0, 0
6249, 192000, 0, 0, 0
6349, 171520, 0, 0, 0
6449, 151040, 0, 0, 0
6549, 197120, 0, 0, 0
6649, 202240, 0, 0, 0
6749, 151040, 0, 0, 0
6849, 186880, 0, 0, 0
6949, 199680, 0, 0, 0
7049, 168960, 0, 0, 0
7149, 230400, 0, 0, 0
7250, 235520, 0, 0, 0
7350, 166400, 0, 0, 0
7450, 215040, 0, 0, 0
7550, 192000, 0, 0, 0
7650, 202240, 0, 0, 0
7749, 175838, 0, 0, 0
7849, 186880, 0, 0, 0
7949, 217600, 0, 0, 0
8049, 217600, 0, 0, 0
8149, 204800, 0, 0, 0
8249, 166400, 0, 0, 0
8349, 230400, 0, 0, 0
8449, 194560, 0, 0, 0
8549, 202240, 0, 0, 0
8649, 204800, 0, 0, 0
8750, 222720, 0, 0, 0
8850, 186880, 0, 0, 0
8950, 189440, 0, 0, 0
9050, 217600, 0, 0, 0
9150, 220160, 0, 0, 0
9249, 214626, 0, 0, 0
9349, 202240, 0, 0, 0
9449, 204800, 0, 0, 0
9549, 204800, 0, 0, 0
9649, 174080, 0, 0, 0
9749, 204800, 0, 0, 0
9849, 207360, 0, 0, 0
9949, 181760, 0, 0, 0
10049, 230400, 0, 0, 0
10149, 186880, 0, 0, 0
10250, 220160, 0, 0, 0
10350, 199680, 0, 0, 0
10450, 189440, 0, 0, 0
10550, 204800, 0, 0, 0
10650, 227840, 0, 0, 0
10749, 224969, 0, 0, 0
10849, 207360, 0, 0, 0
10949, 199680, 0, 0, 0
11049, 199680, 0, 0, 0
11149, 192000, 0, 0, 0
11249, 161280, 0, 0, 0
11349, 227840, 0, 0, 0
11449, 212480, 0, 0, 0
11549, 186880, 0, 0, 0
11649, 151040, 0, 0, 0
11749, 204800, 0, 0, 0
11850, 194560, 0, 0, 0
11950, 207360, 0, 0, 0
12050, 194560, 0, 0, 0
12150, 222720, 0, 0, 0
12249, 224969, 0, 0, 0
12349, 243200, 0, 0, 0
12449, 230400, 0, 0, 0
12549, 179200, 0, 0, 0
12649, 192000, 0, 0, 0
12749, 202240, 0, 0, 0
12849, 212480, 0, 0, 0
12949, 199680, 0, 0, 0
13049, 197120, 0, 0, 0
13149, 171520, 0, 0, 0
13249, 207360, 0, 0, 0
13350, 194560, 0, 0, 0
13450, 143360, 0, 0, 0
13550, 153600, 0, 0, 0
13650, 176640, 0, 0, 0
13749, 181010, 0, 0, 0
13849, 204800, 0, 0, 0
13949, 148480, 0, 0, 0
14049, 192000, 0, 0, 0
14149, 199680, 0, 0, 0
14249, 220160, 0, 0, 0
14349, 184320, 0, 0, 0
14449, 181760, 0, 0, 0
14549, 209920, 0, 0, 0
14649, 217600, 0, 0, 0
14749, 192000, 0, 0, 0
14849, 194560, 0, 0, 0
14949, 153600, 0, 0, 0
15050, 202240, 0, 0, 0
15150, 158720, 0, 0, 0
15249, 186181, 0, 0, 0
15349, 202240, 0, 0, 0
15449, 184320, 0, 0, 0
15549, 215040, 0, 0, 0
15649, 166400, 0, 0, 0
15749, 133120, 0, 0, 0
15849, 197120, 0, 0, 0
15949, 153600, 0, 0, 0
16049, 181760, 0, 0, 0
16149, 171520, 0, 0, 0
16249, 197120, 0, 0, 0
16349, 171520, 0, 0, 0
16449, 171520, 0, 0, 0
16549, 133120, 0, 0, 0
16650, 207360, 0, 0, 0
16750, 151040, 0, 0, 0
16850, 135680, 0, 0, 0
16950, 197120, 0, 0, 0
17050, 135680, 0, 0, 0
17150, 194560, 0, 0, 0
17249, 199111, 0, 0, 0
17349, 227840, 0, 0, 0
17449, 148480, 0, 0, 0
17549, 135680, 0, 0, 0
17649, 189440, 0, 0, 0
17749, 186880, 0, 0, 0
17849, 174080, 0, 0, 0
17949, 209920, 0, 0, 0
18049, 151040, 0, 0, 0
18149, 199680, 0, 0, 0
18250, 202240, 0, 0, 0
18350, 220160, 0, 0, 0
18450, 174080, 0, 0, 0
18550, 197120, 0, 0, 0
18650, 145920, 0, 0, 0
18749, 217212, 0, 0, 0
18849, 197120, 0, 0, 0
18949, 179200, 0, 0, 0
19049, 135680, 0, 0, 0
19149, 199680, 0, 0, 0
19249, 209920, 0, 0, 0
19349, 215040, 0, 0, 0
19449, 202240, 0, 0, 0
19549, 145920, 0, 0, 0
19649, 174080, 0, 0, 0
19750, 166400, 0, 0, 0
19850, 158720, 0, 0, 0
19950, 192000, 0, 0, 0
20050, 199680, 0, 0, 0
20150, 197120, 0, 0, 0
20249, 175838, 0, 0, 0
20349, 184320, 0, 0, 0
20449, 212480, 0, 0, 0
20549, 168960, 0, 0, 0
20649, 217600, 0, 0, 0
20749, 217600, 0, 0, 0
20849, 176640, 0, 0, 0
20949, 181760, 0, 0, 0
21049, 207360, 0, 0, 0
21149, 186880, 0, 0, 0
21249, 207360, 0, 0, 0
21350, 204800, 0, 0, 0
21450, 217600, 0, 0, 0
21550, 181760, 0, 0, 0
21650, 232960, 0, 0, 0
21749, 201696, 0, 0, 0
21849, 189440, 0, 0, 0
21949, 202240, 0, 0, 0
22049, 204800, 0, 0, 0
22149, 176640, 0, 0, 0
22249, 168960, 0, 0, 0
22349, 217600, 0, 0, 0
22449, 215040, 0, 0, 0
22549, 189440, 0, 0, 0
22649, 161280, 0, 0, 0
22749, 163840, 0, 0, 0
22849, 212480, 0, 0, 0
22950, 197120, 0, 0, 0
23050, 176640, 0, 0, 0
23150, 186880, 0, 0, 0
23249, 224969, 0, 0, 0
23349, 220160, 0, 0, 0
23449, 220160, 0, 0, 0
23549, 174080, 0, 0, 0
23649, 204800, 0, 0, 0
23749, 199680, 0, 0, 0
23849, 171520, 0, 0, 0
23949, 202240, 0, 0, 0
24049, 176640, 0, 0, 0
24149, 194560, 0, 0, 0
24249, 194560, 0, 0, 0
24349, 204800, 0, 0, 0
24449, 212480, 0, 0, 0
24550, 225280, 0, 0, 0
24650, 222720, 0, 0, 0
24749, 191353, 0, 0, 0
24849, 166400, 0, 0, 0
24949, 215040, 0, 0, 0
25049, 176640, 0, 0, 0
25149, 207360, 0, 0, 0
25249, 227840, 0, 0, 0
25349, 202240, 0, 0, 0
25449, 181760, 0, 0, 0
25549, 186880, 0, 0, 0
25649, 163840, 0, 0, 0
25749, 186880, 0, 0, 0
25849, 209920, 0, 0, 0
25949, 186880, 0, 0, 0
26049, 197120, 0, 0, 0
26149, 194560, 0, 0, 0
26250, 161280, 0, 0, 0
26350, 197120, 0, 0, 0
26450, 189440, 0, 0, 0
26550, 202240, 0, 0, 0
26650, 204800, 0, 0, 0
26749, 193939, 0, 0, 0
26849, 194560, 0, 0, 0
26949, 197120, 0, 0, 0
27049, 209920, 0, 0, 0
27149, 222720, 0, 0, 0
27249, 215040, 0, 0, 0
27349, 215040, 0, 0, 0
27449, 217600, 0, 0, 0
27549, 181760, 0, 0, 0
27649, 217600, 0, 0, 0
27750, 181760, 0, 0, 0
27850, 215040, 0, 0, 0
27950, 161280, 0, 0, 0
28050, 179200, 0, 0, 0
28150, 212480, 0, 0, 0
28249, 193939, 0, 0, 0
28349, 168960, 0, 0, 0
28449, 202240, 0, 0, 0
28549, 202240, 0, 0, 0
28649, 215040, 0, 0, 0
28749, 174080, 0, 0, 0
28849, 220160, 0, 0, 0
28949, 209920, 0, 0, 0
29049, 171520, 0, 0, 0
29149, 204800, 0, 0, 0
29250, 209920, 0, 0, 0
29350, 163840, 0, 0, 0
29450, 151040, 0, 0, 0
29550, 215040, 0, 0, 0
29650, 220160, 0, 0, 0
29749, 199111, 0, 0, 0
29849, 171520, 0, 0, 0
29949, 209920, 0, 0, 0
30049, 207360, 0, 0, 0
30149, 189440, 0, 0, 0
30249, 181760, 0, 0, 0
30349, 207360, 0, 0, 0
30449, 220160, 0, 0, 0
30549, 161280, 0, 0, 0
30649, 204800, 0, 0, 0
30750, 156160, 0, 0, 0
30850, 179200, 0, 0, 0
30950, 168960, 0, 0, 0
31050, 151040, 0, 0, 0
31150, 217600, 0, 0, 0
31249, 204282, 0, 0, 0
31349, 212480, 0, 0, 0
31449, 225280, 0, 0, 0
31549, 166400, 0, 0, 0
31649, 209920, 0, 0, 0
31749, 174080, 0, 0, 0
31849, 217600, 0, 0, 0
31949, 192000, 0, 0, 0
32049, 166400, 0, 0, 0
32149, 158720, 0, 0, 0
32250, 189440, 0, 0, 0
32350, 197120, 0, 0, 0
32450, 184320, 0, 0, 0
32550, 179200, 0, 0, 0
32650, 174080, 0, 0, 0
32749, 193939, 0, 0, 0
32849, 197120, 0, 0, 0
32949, 176640, 0, 0, 0
33049, 215040, 0, 0, 0
33149, 232960, 0, 0, 0
33249, 174080, 0, 0, 0
33349, 212480, 0, 0, 0
33449, 189440, 0, 0, 0
33549, 179200, 0, 0, 0
33649, 204800, 0, 0, 0
33749, 161280, 0, 0, 0
33850, 176640, 0, 0, 0
33950, 215040, 0, 0, 0
34050, 143360, 0, 0, 0
34150, 194560, 0, 0, 0
34249, 201696, 0, 0, 0
34349, 202240, 0, 0, 0
34449, 197120, 0, 0, 0
34549, 197120, 0, 0, 0
34649, 151040, 0, 0, 0
34749, 156160, 0, 0, 0
34849, 215040, 0, 0, 0
34949, 197120, 0, 0, 0
35049, 168960, 0, 0, 0
35149, 161280, 0, 0, 0
35249, 166400, 0, 0, 0
35349, 204800, 0, 0, 0
35449, 163840, 0, 0, 0
35550, 189440, 0, 0, 0
35650, 194560, 0, 0, 0
35749, 204282, 0, 0, 0
35849, 232960, 0, 0, 0
35949, 194560, 0, 0, 0
36049, 212480, 0, 0, 0
36149, 202240, 0, 0, 0
36249, 189440, 0, 0, 0
36349, 151040, 0, 0, 0
36449, 222720, 0, 0, 0
36549, 207360, 0, 0, 0
36649, 202240, 0, 0, 0
36749, 209920, 0, 0, 0
36849, 174080, 0, 0, 0
36949, 161280, 0, 0, 0
37050, 209920, 0, 0, 0
37150, 204800, 0, 0, 0
37249, 199111, 0, 0, 0
37349, 207360, 0, 0, 0
37449, 204800, 0, 0, 0
37549, 207360, 0, 0, 0
37649, 209920, 0, 0, 0
37749, 215040, 0, 0, 0
37849, 199680, 0, 0, 0
37949, 189440, 0, 0, 0
38049, 174080, 0, 0, 0
38149, 209920, 0, 0, 0
38249, 222720, 0, 0, 0
38349, 197120, 0, 0, 0
38449, 194560, 0, 0, 0
38549, 171520, 0, 0, 0
38649, 202240, 0, 0, 0
38750, 189440, 0, 0, 0
38850, 192000, 0, 0, 0
38950, 171520, 0, 0, 0
39050, 215040, 0, 0, 0
39150, 176640, 0, 0, 0
39249, 219797, 0, 0, 0
39349, 212480, 0, 0, 0
39449, 181760, 0, 0, 0
39549, 197120, 0, 0, 0
39649, 212480, 0, 0, 0
39749, 204800, 0, 0, 0
39849, 179200, 0, 0, 0
39949, 199680, 0, 0, 0
40050, 171520, 0, 0, 0
40150, 199680, 0, 0, 0
40250, 168960, 0, 0, 0
40350, 220160, 0, 0, 0
40450, 174080, 0, 0, 0
40550, 171520, 0, 0, 0
40650, 176640, 0, 0, 0
40749, 222383, 0, 0, 0
40849, 212480, 0, 0, 0
40949, 179200, 0, 0, 0
41049, 166400, 0, 0, 0
41149, 194560, 0, 0, 0
41249, 194560, 0, 0, 0
41349, 204800, 0, 0, 0
41449, 186880, 0, 0, 0
41549, 209920, 0, 0, 0
41649, 209920, 0, 0, 0
41750, 204800, 0, 0, 0
41850, 158720, 0, 0, 0
41950, 184320, 0, 0, 0
42050, 168960, 0, 0, 0
42150, 181760, 0, 0, 0
42249, 175838, 0, 0, 0
42349, 174080, 0, 0, 0
42449, 158720, 0, 0, 0
42549, 179200, 0, 0, 0
42649, 184320, 0, 0, 0
42749, 192000, 0, 0, 0
42849, 204800, 0, 0, 0
42949, 184320, 0, 0, 0
43049, 168960, 0, 0, 0
43149, 217600, 0, 0, 0
43250, 186880, 0, 0, 0
43350, 204800, 0, 0, 0
43450, 199680, 0, 0, 0
43550, 192000, 0, 0, 0
43650, 158720, 0, 0, 0
43749, 209454, 0, 0, 0
43849, 151040, 0, 0, 0
43949, 199680, 0, 0, 0
44049, 151040, 0, 0, 0
44149, 184320, 0, 0, 0
44249, 161280, 0, 0, 0
44349, 207360, 0, 0, 0
44449, 225280, 0, 0, 0
44549, 156160, 0, 0, 0
44649, 209920, 0, 0, 0
44749, 197120, 0, 0, 0
44849, 186880, 0, 0, 0
44950, 204800, 0, 0, 0
45050, 184320, 0, 0, 0
45150, 192000, 0, 0, 0
45249, 204282, 0, 0, 0
45349, 215040, 0, 0, 0
45449, 192000, 0, 0, 0
45549, 207360, 0, 0, 0
45649, 161280, 0, 0, 0
45749, 220160, 0, 0, 0
45849, 140800, 0, 0, 0
45949, 163840, 0, 0, 0
46049, 166400, 0, 0, 0
46149, 176640, 0, 0, 0
46249, 179200, 0, 0, 0
46349, 197120, 0, 0, 0
46449, 217600, 0, 0, 0
46550, 238080, 0, 0, 0
46650, 202240, 0, 0, 0
46749, 204282, 0, 0, 0
46849, 235520, 0, 0, 0
46949, 230400, 0, 0, 0
47049, 207360, 0, 0, 0
47149, 176640, 0, 0, 0
47249, 235520, 0, 0, 0
47349, 161280, 0, 0, 0
47449, 217600, 0, 0, 0
47549, 189440, 0, 0, 0
47649, 194560, 0, 0, 0
47749, 220160, 0, 0, 0
47849, 192000, 0, 0, 0
47949, 184320, 0, 0, 0
48049, 209920, 0, 0, 0
48150, 166400, 0, 0, 0
48250, 212480, 0, 0, 0
48350, 207360, 0, 0, 0
48450, 186880, 0, 0, 0
48550, 192000, 0, 0, 0
48650, 202240, 0, 0, 0
48749, 209454, 0, 0, 0
48849, 207360, 0, 0, 0
48949, 207360, 0, 0, 0
49049, 199680, 0, 0, 0
49149, 168960, 0, 0, 0
49249, 222720, 0, 0, 0
49349, 161280, 0, 0, 0
49449, 199680, 0, 0, 0
49549, 174080, 0, 0, 0
49649, 202240, 0, 0, 0
49750, 207360, 0, 0, 0
49850, 189440, 0, 0, 0
49950, 138240, 0, 0, 0
50050, 204800, 0, 0, 0
50150, 186880, 0, 0, 0
50249, 170666, 0, 0, 0
50349, 148480, 0, 0, 0
50449, 171520, 0, 0, 0
50549, 199680, 0, 0, 0
50649, 209920, 0, 0, 0
50749, 168960, 0, 0, 0
50849, 212480, 0, 0, 0
50949, 204800, 0, 0, 0
51049, 209920, 0, 0, 0
51149, 189440, 0, 0, 0
51249, 202240, 0, 0, 0
51350, 145920, 0, 0, 0
51450, 207360, 0, 0, 0
51550, 202240, 0, 0, 0
51650, 168960, 0, 0, 0
51749, 206868, 0, 0, 0
51849, 184320, 0, 0, 0
51949, 189440, 0, 0, 0
52049, 138240, 0, 0, 0
52149, 186880, 0, 0, 0
52249, 212480, 0, 0, 0
52349, 215040, 0, 0, 0
52449, 207360, 0, 0, 0
52549, 168960, 0, 0, 0
52649, 138240, 0, 0, 0
52749, 171520, 0, 0, 0
52849, 199680, 0, 0, 0
52950, 197120, 0, 0, 0
53050, 235520, 0, 0, 0
53150, 192000, 0, 0, 0
53249, 188767, 0, 0, 0
53349, 197120, 0, 0, 0
53449, 181760, 0, 0, 0
53549, 194560, 0, 0, 0
53649, 186880, 0, 0, 0
53749, 174080, 0, 0, 0
53849, 209920, 0, 0, 0
53949, 194560, 0, 0, 0
54049, 194560, 0, 0, 0
54149, 222720, 0, 0, 0
54249, 222720, 0, 0, 0
54349, 230400, 0, 0, 0
54449, 176640, 0, 0, 0
54550, 217600, 0, 0, 0
54650, 181760, 0, 0, 0
54749, 206868, 0, 0, 0
54849, 166400, 0, 0, 0
54949, 166400, 0, 0, 0
55049, 199680, 0, 0, 0
55149, 179200, 0, 0, 0
55249, 181760, 0, 0, 0
55349, 194560, 0, 0, 0
55449, 156160, 0, 0, 0
55549, 179200, 0, 0, 0
55649, 192000, 0, 0, 0
55749, 209920, 0, 0, 0
55849, 194560, 0, 0, 0
55949, 202240, 0, 0, 0
56049, 158720, 0, 0, 0
56149, 189440, 0, 0, 0
56250, 186880, 0, 0, 0
56350, 204800, 0, 0, 0
56450, 194560, 0, 0, 0
56550, 238080, 0, 0, 0
56650, 176640, 0, 0, 0
56749, 222383, 0, 0, 0
56849, 192000, 0, 0, 0
56949, 192000, 0, 0, 0
57049, 212480, 0, 0, 0
57149, 204800, 0, 0, 0
57249, 204800, 0, 0, 0
57349, 179200, 0, 0, 0
57449, 215040, 0, 0, 0
57549, 217600, 0, 0, 0
57649, 197120, 0, 0, 0
57749, 168960, 0, 0, 0
57850, 145920, 0, 0, 0
57950, 212480, 0, 0, 0
58050, 204800, 0, 0, 0
58150, 202240, 0, 0, 0
58249, 186181, 0, 0, 0
58349, 189440, 0, 0, 0
58449, 207360, 0, 0, 0
58549, 181760, 0, 0, 0
58649, 184320, 0, 0, 0
58749, 186880, 0, 0, 0
58849, 156160, 0, 0, 0
58949, 220160, 0, 0, 0
59049, 181760, 0, 0, 0
59149, 184320, 0, 0, 0
59249, 194560, 0, 0, 0
59350, 186880, 0, 0, 0
59450, 215040, 0, 0, 0
59550, 166400, 0, 0, 0
59650, 197120, 0, 0, 0
59749, 201696, 0, 0, 0
59849, 217600, 0, 0, 0
59949, 199680, 0, 0, 0
60049, 215040, 0, 0, 0
60149, 225280, 0, 0, 0
60249, 174080, 0, 0, 0
60349, 194560, 0, 0, 0
60449, 179200, 0, 0, 0
60549, 184320, 0, 0, 0
60649, 212480, 0, 0, 0
60749, 122880, 0, 0, 0
60850, 197120, 0, 0, 0
60950, 192000, 0, 0, 0
61050, 156160, 0, 0, 0
61150, 186880, 0, 0, 0
61249, 193939, 0, 0, 0
61349, 202240, 0, 0, 0
61449, 192000, 0, 0, 0
61549, 189440, 0, 0, 0
61649, 158720, 0, 0, 0
61749, 215040, 0, 0, 0
61849, 209920, 0, 0, 0
61949, 197120, 0, 0, 0
62049, 184320, 0, 0, 0
62149, 204800, 0, 0, 0
62249, 156160, 0, 0, 0
62349, 230400, 0, 0, 0
62449, 189440, 0, 0, 0
62550, 217600, 0, 0, 0
62650, 227840, 0, 0, 0
62749, 212040, 0, 0, 0
62849, 194560, 0, 0, 0
62949, 227840, 0, 0, 0
63049, 181760, 0, 0, 0
63149, 181760, 0, 0, 0
63249, 199680, 0, 0, 0
63349, 204800, 0, 0, 0
63449, 212480, 0, 0, 0
63549, 166400, 0, 0, 0
63649, 227840, 0, 0, 0
63749, 220160, 0, 0, 0
63849, 199680, 0, 0, 0
63949, 181760, 0, 0, 0
64050, 212480, 0, 0, 0
64150, 153600, 0, 0, 0
64249, 204282, 0, 0, 0
64349, 230400, 0, 0, 0
64449, 168960, 0, 0, 0
64549, 194560, 0, 0, 0
64649, 184320, 0, 0, 0
64749, 186880, 0, 0, 0
64849, 166400, 0, 0, 0
64949, 176640, 0, 0, 0
65049, 179200, 0, 0, 0
65149, 189440, 0, 0, 0
65249, 197120, 0, 0, 0
65349, 220160, 0, 0, 0
65449, 166400, 0, 0, 0
65550, 217600, 0, 0, 0
65650, 202240, 0, 0, 0
65749, 214626, 0, 0, 0
65849, 212480, 0, 0, 0
65949, 181760, 0, 0, 0
66049, 192000, 0, 0, 0
66149, 199680, 0, 0, 0
66249, 204800, 0, 0, 0
66349, 161280, 0, 0, 0
66449, 204800, 0, 0, 0
66549, 230400, 0, 0, 0
66649, 207360, 0, 0, 0
66749, 199680, 0, 0, 0
66849, 189440, 0, 0, 0
66949, 197120, 0, 0, 0
67050, 186880, 0, 0, 0
67150, 207360, 0, 0, 0
67249, 168080, 0, 0, 0
67349, 202240, 0, 0, 0
67449, 230400, 0, 0, 0
67549, 168960, 0, 0, 0
67649, 174080, 0, 0, 0
67749, 204800, 0, 0, 0
67849, 199680, 0, 0, 0
67949, 189440, 0, 0, 0
68049, 197120, 0, 0, 0
68149, 207360, 0, 0, 0
68249, 148480, 0, 0, 0
68349, 197120, 0, 0, 0
68449, 207360, 0, 0, 0
68549, 174080, 0, 0, 0
68649, 197120, 0, 0, 0
68750, 212480, 0, 0, 0
68850, 176640, 0, 0, 0
68950, 232960, 0, 0, 0
69050, 202240, 0, 0, 0
69150, 204800, 0, 0, 0
69249, 199111, 0, 0, 0
69349, 215040, 0, 0, 0
69449, 186880, 0, 0, 0
69549, 202240, 0, 0, 0
69649, 194560, 0, 0, 0
69749, 186880, 0, 0, 0
69849, 204800, 0, 0, 0
69949, 209920, 0, 0, 0
70049, 194560, 0, 0, 0
70149, 225280, 0, 0, 0
70250, 199680, 0, 0, 0
70350, 197120, 0, 0, 0
70450, 207360, 0, 0, 0
70550, 197120, 0, 0, 0
70650, 207360, 0, 0, 0
70749, 196525, 0, 0, 0
70849, 235520, 0, 0, 0
70949, 199680, 0, 0, 0
71049, 158720, 0, 0, 0
71149, 209920, 0, 0, 0
71249, 197120, 0, 0, 0
71349, 176640, 0, 0, 0
71449, 199680, 0, 0, 0
71549, 120320, 0, 0, 0
71649, 222720, 0, 0, 0
71750, 194560, 0, 0, 0
71850, 194560, 0, 0, 0
71950, 197120, 0, 0, 0
72050, 163840, 0, 0, 0
72150, 179200, 0, 0, 0
72249, 206868, 0, 0, 0
72349, 220160, 0, 0, 0
72449, 202240, 0, 0, 0
72549, 230400, 0, 0, 0
72649, 217600, 0, 0, 0
72749, 217600, 0, 0, 0
72849, 222720, 0, 0, 0
72949, 194560, 0, 0, 0
73049, 179200, 0, 0, 0
73149, 225280, 0, 0, 0
73249, 186880, 0, 0, 0
73350, 192000, 0, 0, 0
73450, 217600, 0, 0, 0
73550, 209920, 0, 0, 0
73650, 194560, 0, 0, 0
73749, 173252, 0, 0, 0
73849, 220160, 0, 0, 0
73949, 163840, 0, 0, 0
74049, 171520, 0, 0, 0
74149, 171520, 0, 0, 0
74249, 235520, 0, 0, 0
74349, 186880, 0, 0, 0
74449, 181760, 0, 0, 0
74549, 212480, 0, 0, 0
74649, 176640, 0, 0, 0
74749, 181760, 0, 0, 0
74849, 186880, 0, 0, 0
74949, 181760, 0, 0, 0
75050, 204800, 0, 0, 0
75150, 176640, 0, 0, 0
75249, 170666, 0, 0, 0
75349, 189440, 0, 0, 0
75449, 194560, 0, 0, 0
75549, 140800, 0, 0, 0
75649, 189440, 0, 0, 0
75749, 217600, 0, 0, 0
75849, 227840, 0, 0, 0
75949, 194560, 0, 0, 0
76049, 235520, 0, 0, 0
76149, 202240, 0, 0, 0
76249, 212480, 0, 0, 0
76349, 202240, 0, 0, 0
76449, 179200, 0, 0, 0
76549, 194560, 0, 0, 0
76650, 194560, 0, 0, 0
76750, 189440, 0, 0, 0
76850, 194560, 0, 0, 0
76950, 207360, 0, 0, 0
77050, 212480, 0, 0, 0
77150, 199680, 0, 0, 0
77249, 201696, 0, 0, 0
77349, 189440, 0, 0, 0
77449, 199680, 0, 0, 0
77549, 194560, 0, 0, 0
77649, 235520, 0, 0, 0
77749, 209920, 0, 0, 0
77849, 194560, 0, 0, 0
77949, 168960, 0, 0, 0
78049, 192000, 0, 0, 0
78149, 192000, 0, 0, 0
78250, 212480, 0, 0, 0
78350, 174080, 0, 0, 0
78450, 243200, 0, 0, 0
78550, 215040, 0, 0, 0
78650, 181760, 0, 0, 0
78749, 173252, 0, 0, 0
78849, 202240, 0, 0, 0
78949, 184320, 0, 0, 0
79049, 192000, 0, 0, 0
79149, 133120, 0, 0, 0
79249, 207360, 0, 0, 0
79349, 192000, 0, 0, 0
79449, 194560, 0, 0, 0
79549, 158720, 0, 0, 0
79649, 207360, 0, 0, 0
79750, 171520, 0, 0, 0
79850, 184320, 0, 0, 0
79950, 171520, 0, 0, 0
80050, 186880, 0, 0, 0
80150, 151040, 0, 0, 0
80249, 170666, 0, 0, 0
80349, 176640, 0, 0, 0
80449, 225280, 0, 0, 0
80549, 207360, 0, 0, 0
80649, 186880, 0, 0, 0
80749, 148480, 0, 0, 0
80849, 215040, 0, 0, 0
80949, 204800, 0, 0, 0
81049, 186880, 0, 0, 0
81149, 158720, 0, 0, 0
81249, 215040, 0, 0, 0
81349, 222720, 0, 0, 0
81450, 197120, 0, 0, 0
81550, 217600, 0, 0, 0
81650, 179200, 0, 0, 0
81749, 206868, 0, 0, 0
81849, 145920, 0, 0, 0
81949, 171520, 0, 0, 0
82049, 199680, 0, 0, 0
82149, 179200, 0, 0, 0
82249, 163840, 0, 0, 0
82349, 179200, 0, 0, 0
82449, 230400, 0, 0, 0
82549, 179200, 0, 0, 0
82649, 220160, 0, 0, 0
82749, 202240, 0, 0, 0
82849, 186880, 0, 0, 0
82949, 194560, 0, 0, 0
83050, 217600, 0, 0, 0
83150, 168960, 0, 0, 0
83249, 157737, 0, 0, 0
83349, 209920, 0, 0, 0
83449, 171520, 0, 0, 0
83549, 176640, 0, 0, 0
83649, 163840, 0, 0, 0
83749, 212480, 0, 0, 0
83849, 197120, 0, 0, 0
83949, 202240, 0, 0, 0
84049, 204800, 0, 0, 0
84149, 215040, 0, 0, 0
84249, 158720, 0, 0, 0
84349, 199680, 0, 0, 0
84449, 209920, 0, 0, 0
84549, 181760, 0, 0, 0
84649, 207360, 0, 0, 0
84750, 209920, 0, 0, 0
84850, 184320, 0, 0, 0
84950, 202240, 0, 0, 0
85050, 199680, 0, 0, 0
85150, 184320, 0, 0, 0
85249, 237898, 0, 0, 0
85349, 227840, 0, 0, 0
85449, 209920, 0, 0, 0
85549, 207360, 0, 0, 0
85649, 222720, 0, 0, 0
85749, 168960, 0, 0, 0
85849, 192000, 0, 0, 0
85949, 156160, 0, 0, 0
86049, 194560, 0, 0, 0
86149, 217600, 0, 0, 0
86250, 176640, 0, 0, 0
86350, 174080, 0, 0, 0
86450, 148480, 0, 0, 0
86550, 171520, 0, 0, 0
86650, 192000, 0, 0, 0
86749, 170666, 0, 0, 0
86849, 166400, 0, 0, 0
86949, 156160, 0, 0, 0
87049, 232960, 0, 0, 0
87149, 174080, 0, 0, 0
87249, 179200, 0, 0, 0
87349, 179200, 0, 0, 0
87449, 186880, 0, 0, 0
87549, 184320, 0, 0, 0
87649, 227840, 0, 0, 0
87749, 217600, 0, 0, 0
87849, 230400, 0, 0, 0
87949, 204800, 0, 0, 0
88050, 174080, 0, 0, 0
88150, 222720, 0, 0, 0
88249, 209454, 0, 0, 0
88349, 184320, 0, 0, 0
88449, 220160, 0, 0, 0
88549, 202240, 0, 0, 0
88649, 194560, 0, 0, 0
88749, 192000, 0, 0, 0
88849, 222720, 0, 0, 0
88949, 204800, 0, 0, 0
89049, 145920, 0, 0, 0
89149, 199680, 0, 0, 0
89249, 225280, 0, 0, 0
89349, 212480, 0, 0, 0
89449, 168960, 0, 0, 0
89549, 181760, 0, 0, 0
89650, 186880, 0, 0, 0
89749, 212040, 0, 0, 0
89849, 179200, 0, 0, 0
89949, 176640, 0, 0, 0
