250, 840, 0, 0, 0
350, 620, 0, 0, 0
450, 710, 0, 0, 0
550, 950, 0, 0, 0
650, 630, 0, 0, 0
749, 747, 0, 0, 0
849, 640, 0, 0, 0
949, 830, 0, 0, 0
1049, 770, 0, 0, 0
1149, 910, 0, 0, 0
1249, 850, 0, 0, 0
1349, 770, 0, 0, 0
1449, 710, 0, 0, 0
1550, 790, 0, 0, 0
1650, 700, 0, 0, 0
1749, 838, 0, 0, 0
1849, 840, 0, 0, 0
1949, 810, 0, 0, 0
2049, 740, 0, 0, 0
2149, 810, 0, 0, 0
2249, 670, 0, 0, 0
2349, 720, 0, 0, 0
2449, 870, 0, 0, 0
2549, 930, 0, 0, 0
2649, 840, 0, 0, 0
2749, 800, 0, 0, 0
2850, 810, 0, 0, 0
2950, 840, 0, 0, 0
3050, 850, 0, 0, 0
3150, 750, 0, 0, 0
3249, 666, 0, 0, 0
3349, 720, 0, 0, 0
3449, 790, 0, 0, 0
3549, 720, 0, 0, 0
3649, 780, 0, 0, 0
3749, 860, 0, 0, 0
3849, 850, 0, 0, 0
3949, 820, 0, 0, 0
4049, 840, 0, 0, 0
4149, 810, 0, 0, 0
4250, 740, 0, 0, 0
4350, 650, 0, 0, 0
4450, 720, 0, 0, 0
4550, 860, 0, 0, 0
4650, 660, 0, 0, 0
4749, 808, 0, 0, 0
4849, 780, 0, 0, 0
4949, 790, 0, 0, 0
5049, 860, 0, 0, 0
5149, 780, 0, 0, 0
5249, 780, 0, 0, 0
5349, 610, 0, 0, 0
5449, 630, 0, 0, 0
5550, 800, 0, 0, 0
5650, 800, 0, 0, 0
5749, 525, 0, 0, 0
5849, 950, 0, 0, 0
5949, 780, 0, 0, 0
6049, 670, 0, 0, 0
6149, 770, 0, 0, 0
6249, 750, 0, 0, 0
6349, 670, 0, 0, 0
6449, 590, 0, 0, 0
6549, 770, 0, 0, 0
6649, 790, 0, 0, 0
6749, 590, 0, 0, 0
6849, 730, 0, 0, 0
6949, 780, 0, 0, 0
7049, 660, 0, 0, 0
7149, 900, 0, 0, 0
7250, 920, 0, 0, 0
7350, 650, 0, 0, 0
7450, 840, 0, 0, 0
7550, 750, 0, 0, 0
7650, 790, 0, 0, 0
7749, 686, 0, 0, 0
7849, 730, 0, 0, 0
7949, 850, 0, 0, 0
8049, 850, 0, 0, 0
8149, 800, 0, 0, 0
8249, 650, 0, 0, 0
8349, 900, 0, 0, 0
8449, 760, 0, 0, 0
8549, 790, 0, 0, 0
8649, 800, 0, 0, 0
8750, 870, 0, 0, 0
8850, 730, 0, 0, 0
8950, 740, 0, 0, 0
9050, 850, 0, 0, 0
9150, 860, 0, 0, 0
9249, 838, 0, 0, 0
9349, 790, 0, 0, 0
9449, 800, 0, 0, 0
9549, 800, 0, 0, 0
9649, 680, 0, 0, 0
9749, 800, 0, 0, 0
9849, 810, 0, 0, 0
9949, 710, 0, 0, 0
10049, 900, 0, 0, 0
10149, 730, 0, 0, 0
10250, 860, 0, 0, 0
10350, 780, 0, 0, 0
10450, 740, 0, 0, 0
10550, 800, 0, 0, 0
10650, 890, 0, 0, 0
10749, 878, 0, 0, 0
10849, 810, 0, 0, 0
10949, 780, 0, 0, 0
11049, 780, 0, 0, 0
11149, 750, 0, 0, 0
11249, 630, 0, 0, 0
11349, 890, 0, 0, 0
11449, 830, 0, 0, 0
11549, 730, 0, 0, 0
11649, 590, 0, 0, 0
11749, 800, 0, 0, 0
11850, 760, 0, 0, 0
11950, 810, 0, 0, 0
12050, 760, 0, 0, 0
12150, 870, 0, 0, 0
12249, 878, 0, 0, 0
12349, 950, 0, 0, 0
12449, 900, 0, 0, 0
12549, 700, 0, 0, 0
12649, 750, 0, 0, 0
12749, 790, 0, 0, 0
12849, 830, 0, 0, 0
12949, 780, 0, 0, 0
13049, 770, 0, 0, 0
13149, 670, 0, 0, 0
13249, 810, 0, 0, 0
13350, 760, 0, 0, 0
13450, 560, 0, 0, 0
13550, 600, 0, 0, 0
13650, 690, 0, 0, 0
13749, 707, 0, 0, 0
13849, 800, 0, 0, 0
13949, 580, 0, 0, 0
14049, 750, 0, 0, 0
14149, 780, 0, 0, 0
14249, 860, 0, 0, 0
14349, 720, 0, 0, 0
14449, 710, 0, 0, 0
14549, 820, 0, 0, 0
14649, 850, 0, 0, 0
14749, 750, 0, 0, 0
14849, 760, 0, 0, 0
14949, 600, 0, 0, 0
15050, 790, 0, 0, 0
15150, 620, 0, 0, 0
15249, 727, 0, 0, 0
15349, 790, 0, 0, 0
15449, 720, 0, 0, 0
15549, 840, 0, 0, 0
15649, 650, 0, 0, 0
15749, 520, 0, 0, 0
15849, 770, 0, 0, 0
15949, 600, 0, 0, 0
16049, 710, 0, 0, 0
16149, 670, 0, 0, 0
16249, 770, 0, 0, 0
16349, 670, 0, 0, 0
16449, 670, 0, 0, 0
16549, 520, 0, 0, 0
16650, 810, 0, 0, 0
16750, 590, 0, 0, 0
16850, 530, 0, 0, 0
16950, 770, 0, 0, 0
17050, 530, 0, 0, 0
17150, 760, 0, 0, 0
17249, 777, 0, 0, 0
17349, 890, 0, 0, 0
17449, 580, 0, 0, 0
17549, 530, 0, 0, 0
17649, 740, 0, 0, 0
17749, 730, 0, 0, 0
17849, 680, 0, 0, 0
17949, 820, 0, 0, 0
18049, 590, 0, 0, 0
18149, 780, 0, 0, 0
18250, 790, 0, 0, 0
18350, 860, 0, 0, 0
18450, 680, 0, 0, 0
18550, 770, 0, 0, 0
18650, 570, 0, 0, 0
18749, 848, 0, 0, 0
18849, 770, 0, 0, 0
18949, 700, 0, 0, 0
19049, 530, 0, 0, 0
19149, 780, 0, 0, 0
19249, 820, 0, 0, 0
19349, 840, 0, 0, 0
19449, 790, 0, 0, 0
19549, 570, 0, 0, 0
19649, 680, 0, 0, 0
19750, 650, 0, 0, 0
19850, 620, 0, 0, 0
19950, 750, 0, 0, 0
20050, 780, 0, 0, 0
20150, 770, 0, 0, 0
20249, 686, 0, 0, 0
20349, 720, 0, 0, 0
20449, 830, 0, 0, 0
20549, 660, 0, 0, 0
20649, 850, 0, 0, 0
20749, 850, 0, 0, 0
20849, 690, 0, 0, 0
20949, 710, 0, 0, 0
21049, 810, 0, 0, 0
21149, 730, 0, 0, 0
21249, 810, 0, 0, 0
21350, 800, 0, 0, 0
21450, 850, 0, 0, 0
21550, 710, 0, 0, 0
21650, 910, 0, 0, 0
21749, 787, 0, 0, 0
21849, 740, 0, 0, 0
21949, 790, 0, 0, 0
22049, 800, 0, 0, 0
22149, 690, 0, 0, 0
22249, 660, 0, 0, 0
22349, 850, 0, 0, 0
22449, 840, 0, 0, 0
22549, 740, 0, 0, 0
22649, 630, 0, 0, 0
22749, 640, 0, 0, 0
22849, 830, 0, 0, 0
22950, 770, 0, 0, 0
23050, 690, 0, 0, 0
23150, 730, 0, 0, 0
23249, 878, 0, 0, 0
23349, 860, 0, 0, 0
23449, 860, 0, 0, 0
23549, 680, 0, 0, 0
23649, 800, 0, 0, 0
23749, 780, 0, 0, 0
23849, 670, 0, 0, 0
23949, 790, 0, 0, 0
24049, 690, 0, 0, 0
24149, 760, 0, 0, 0
24249, 760, 0, 0, 0
24349, 800, 0, 0, 0
24449, 830, 0, 0, 0
24550, 880, 0, 0, 0
24650, 870, 0, 0, 0
24749, 747, 0, 0, 0
24849, 650, 0, 0, 0
24949, 840, 0, 0, 0
25049, 690, 0, 0, 0
25149, 810, 0, 0, 0
25249, 890, 0, 0, 0
25349, 790, 0, 0, 0
25449, 710, 0, 0, 0
25549, 730, 0, 0, 0
25649, 640, 0, 0, 0
25749, 730, 0, 0, 0
25849, 820, 0, 0, 0
25949, 730, 0, 0, 0
26049, 770, 0, 0, 0
26149, 760, 0, 0, 0
26250, 630, 0, 0, 0
26350, 770, 0, 0, 0
26450, 740, 0, 0, 0
26550, 790, 0, 0, 0
26650, 800, 0, 0, 0
26749, 757, 0, 0, 0
26849, 760, 0, 0, 0
26949, 770, 0, 0, 0
27049, 820, 0, 0, 0
27149, 870, 0, 0, 0
27249, 840, 0, 0, 0
27349, 840, 0, 0, 0
27449, 850, 0, 0, 0
27549, 710, 0, 0, 0
27649, 850, 0, 0, 0
27750, 710, 0, 0, 0
27850, 840, 0, 0, 0
27950, 630, 0, 0, 0
28050, 700, 0, 0, 0
28150, 830, 0, 0, 0
28249, 757, 0, 0, 0
28349, 660, 0, 0, 0
28449, 790, 0, 0, 0
28549, 790, 0, 0, 0
28649, 840, 0, 0, 0
28749, 680, 0, 0, 0
28849, 860, 0, 0, 0
28949, 820, 0, 0, 0
29049, 670, 0, 0, 0
29149, 800, 0, 0, 0
29250, 820, 0, 0, 0
29350, 640, 0, 0, 0
29450, 590, 0, 0, 0
29550, 840, 0, 0, 0
29650, 860, 0, 0, 0
29749, 777, 0, 0, 0
29849, 670, 0, 0, 0
29949, 820, 0, 0, 0
30049, 810, 0, 0, 0
30149, 740, 0, 0, 0
30249, 710, 0, 0, 0
30349, 810, 0, 0, 0
30449, 860, 0, 0, 0
30549, 630, 0, 0, 0
30649, 800, 0, 0, 0
30750, 610, 0, 0, 0
30850, 700, 0, 0, 0
30950, 660, 0, 0, 0
31050, 590, 0, 0, 0
31150, 850, 0, 0, 0
31249, 797, 0, 0, 0
31349, 830, 0, 0, 0
31449, 880, 0, 0, 0
31549, 650, 0, 0, 0
31649, 820, 0, 0, 0
31749, 680, 0, 0, 0
31849, 850, 0, 0, 0
31949, 750, 0, 0, 0
32049, 650, 0, 0, 0
32149, 620, 0, 0, 0
32250, 740, 0, 0, 0
32350, 770, 0, 0, 0
32450, 720, 0, 0, 0
32550, 700, 0, 0, 0
32650, 680, 0, 0, 0
32749, 757, 0, 0, 0
32849, 770, 0, 0, 0
32949, 690, 0, 0, 0
33049, 840, 0, 0, 0
33149, 910, 0, 0, 0
33249, 680, 0, 0, 0
33349, 830, 0, 0, 0
33449, 740, 0, 0, 0
33549, 700, 0, 0, 0
33649, 790, 0, 0, 0
33749, 630, 0, 0, 0
33850, 690, 0, 0, 0
33950, 840, 0, 0, 0
34050, 560, 0, 0, 0
34150, 760, 0, 0, 0
34249, 787, 0, 0, 0
34349, 790, 0, 0, 0
34449, 770, 0, 0, 0
34549, 770, 0, 0, 0
34649, 590, 0, 0, 0
34749, 610, 0, 0, 0
34849, 840, 0, 0, 0
34949, 770, 0, 0, 0
35049, 660, 0, 0, 0
35149, 630, 0, 0, 0
35249, 650, 0, 0, 0
35349, 800, 0, 0, 0
35449, 640, 0, 0, 0
35550, 740, 0, 0, 0
35650, 760, 0, 0, 0
35749, 797, 0, 0, 0
35849, 910, 0, 0, 0
35949, 760, 0, 0, 0
36049, 830, 0, 0, 0
36149, 790, 0, 0, 0
36249, 740, 0, 0, 0
36349, 590, 0, 0, 0
36449, 870, 0, 0, 0
36549, 810, 0, 0, 0
36649, 790, 0, 0, 0
36749, 820, 0, 0, 0
36849, 680, 0, 0, 0
36949, 630, 0, 0, 0
37050, 820, 0, 0, 0
37150, 800, 0, 0, 0
37249, 777, 0, 0, 0
37349, 810, 0, 0, 0
37449, 800, 0, 0, 0
37549, 810, 0, 0, 0
37649, 820, 0, 0, 0
37749, 840, 0, 0, 0
37849, 780, 0, 0, 0
37949, 740, 0, 0, 0
38049, 680, 0, 0, 0
38149, 820, 0, 0, 0
38249, 870, 0, 0, 0
38349, 770, 0, 0, 0
38449, 760, 0, 0, 0
38549, 670, 0, 0, 0
38649, 790, 0, 0, 0
38750, 740, 0, 0, 0
38850, 750, 0, 0, 0
38950, 670, 0, 0, 0
39050, 840, 0, 0, 0
39150, 690, 0, 0, 0
39249, 858, 0, 0, 0
39349, 830, 0, 0, 0
39449, 710, 0, 0, 0
39549, 770, 0, 0, 0
39649, 830, 0, 0, 0
39749, 800, 0, 0, 0
39849, 700, 0, 0, 0
39949, 780, 0, 0, 0
40050, 670, 0, 0, 0
40150, 780, 0, 0, 0
40250, 660, 0, 0, 0
40350, 860, 0, 0, 0
40450, 680, 0, 0, 0
40550, 670, 0, 0, 0
40650, 690, 0, 0, 0
40749, 868, 0, 0, 0
40849, 830, 0, 0, 0
40949, 700, 0, 0, 0
41049, 650, 0, 0, 0
41149, 760, 0, 0, 0
41249, 760, 0, 0, 0
41349, 800, 0, 0, 0
41449, 730, 0, 0, 0
41549, 820, 0, 0, 0
41649, 820, 0, 0, 0
41750, 800, 0, 0, 0
41850, 620, 0, 0, 0
41950, 720, 0, 0, 0
42050, 660, 0, 0, 0
42150, 710, 0, 0, 0
42249, 686, 0, 0, 0
42349, 680, 0, 0, 0
42449, 620, 0, 0, 0
42549, 700, 0, 0, 0
42649, 720, 0, 0, 0
42749, 750, 0, 0, 0
42849, 800, 0, 0, 0
42949, 720, 0, 0, 0
43049, 660, 0, 0, 0
43149, 850, 0, 0, 0
43250, 730, 0, 0, 0
43350, 800, 0, 0, 0
43450, 780, 0, 0, 0
43550, 750, 0, 0, 0
43650, 620, 0, 0, 0
43749, 818, 0, 0, 0
43849, 590, 0, 0, 0
43949, 780, 0, 0, 0
44049, 590, 0, 0, 0
44149, 720, 0, 0, 0
44249, 630, 0, 0, 0
44349, 810, 0, 0, 0
44449, 880, 0, 0, 0
44549, 610, 0, 0, 0
44649, 820, 0, 0, 0
44749, 770, 0, 0, 0
44849, 730, 0, 0, 0
44950, 800, 0, 0, 0
45050, 720, 0, 0, 0
45150, 750, 0, 0, 0
45249, 797, 0, 0, 0
45349, 840, 0, 0, 0
45449, 750, 0, 0, 0
45549, 810, 0, 0, 0
45649, 630, 0, 0, 0
45749, 860, 0, 0, 0
45849, 550, 0, 0, 0
45949, 640, 0, 0, 0
46049, 650, 0, 0, 0
46149, 690, 0, 0, 0
46249, 700, 0, 0, 0
46349, 770, 0, 0, 0
46449, 850, 0, 0, 0
46550, 930, 0, 0, 0
46650, 790, 0, 0, 0
46749, 797, 0, 0, 0
46849, 920, 0, 0, 0
46949, 900, 0, 0, 0
47049, 810, 0, 0, 0
47149, 690, 0, 0, 0
47249, 920, 0, 0, 0
47349, 630, 0, 0, 0
47449, 850, 0, 0, 0
47549, 740, 0, 0, 0
47649, 760, 0, 0, 0
47749, 860, 0, 0, 0
47849, 750, 0, 0, 0
47949, 720, 0, 0, 0
48049, 820, 0, 0, 0
48150, 650, 0, 0, 0
48250, 830, 0, 0, 0
48350, 810, 0, 0, 0
48450, 730, 0, 0, 0
48550, 750, 0, 0, 0
48650, 790, 0, 0, 0
48749, 818, 0, 0, 0
48849, 810, 0, 0, 0
48949, 810, 0, 0, 0
49049, 780, 0, 0, 0
49149, 660, 0, 0, 0
49249, 870, 0, 0, 0
49349, 630, 0, 0, 0
49449, 780, 0, 0, 0
49549, 680, 0, 0, 0
49649, 790, 0, 0, 0
49750, 810, 0, 0, 0
49850, 740, 0, 0, 0
49950, 540, 0, 0, 0
50050, 800, 0, 0, 0
50150, 730, 0, 0, 0
50249, 666, 0, 0, 0
50349, 580, 0, 0, 0
50449, 670, 0, 0, 0
50549, 780, 0, 0, 0
50649, 820, 0, 0, 0
50749, 660, 0, 0, 0
50849, 830, 0, 0, 0
50949, 800, 0, 0, 0
51049, 820, 0, 0, 0
51149, 740, 0, 0, 0
51249, 790, 0, 0, 0
51350, 570, 0, 0, 0
51450, 810, 0, 0, 0
51550, 790, 0, 0, 0
51650, 660, 0, 0, 0
51749, 808, 0, 0, 0
51849, 720, 0, 0, 0
51949, 740, 0, 0, 0
52049, 540, 0, 0, 0
52149, 730, 0, 0, 0
52249, 830, 0, 0, 0
52349, 840, 0, 0, 0
52449, 810, 0, 0, 0
52549, 660, 0, 0, 0
52649, 540, 0, 0, 0
52749, 670, 0, 0, 0
52849, 780, 0, 0, 0
52950, 770, 0, 0, 0
53050, 920, 0, 0, 0
53150, 750, 0, 0, 0
53249, 737, 0, 0, 0
53349, 770, 0, 0, 0
53449, 710, 0, 0, 0
53549, 760, 0, 0, 0
53649, 730, 0, 0, 0
53749, 680, 0, 0, 0
53849, 820, 0, 0, 0
53949, 760, 0, 0, 0
54049, 760, 0, 0, 0
54149, 870, 0, 0, 0
54249, 870, 0, 0, 0
54349, 900, 0, 0, 0
54449, 690, 0, 0, 0
54550, 850, 0, 0, 0
54650, 710, 0, 0, 0
54749, 808, 0, 0, 0
54849, 650, 0, 0, 0
54949, 650, 0, 0, 0
55049, 780, 0, 0, 0
55149, 700, 0, 0, 0
55249, 710, 0, 0, 0
55349, 760, 0, 0, 0
55449, 610, 0, 0, 0
55549, 700, 0, 0, 0
55649, 750, 0, 0, 0
55749, 820, 0, 0, 0
55849, 760, 0, 0, 0
55949, 790, 0, 0, 0
56049, 620, 0, 0, 0
56149, 740, 0, 0, 0
56250, 730, 0, 0, 0
56350, 800, 0, 0, 0
56450, 760, 0, 0, 0
56550, 930, 0, 0, 0
56650, 690, 0, 0, 0
56749, 868, 0, 0, 0
56849, 750, 0, 0, 0
56949, 750, 0, 0, 0
57049, 830, 0, 0, 0
57149, 800, 0, 0, 0
57249, 800, 0, 0, 0
57349, 700, 0, 0, 0
57449, 840, 0, 0, 0
57549, 850, 0, 0, 0
57649, 770, 0, 0, 0
57749, 660, 0, 0, 0
57850, 570, 0, 0, 0
57950, 830, 0, 0, 0
58050, 800, 0, 0, 0
58150, 790, 0, 0, 0
58249, 727, 0, 0, 0
58349, 740, 0, 0, 0
58449, 810, 0, 0, 0
58549, 710, 0, 0, 0
58649, 720, 0, 0, 0
58749, 730, 0, 0, 0
58849, 610, 0, 0, 0
58949, 860, 0, 0, 0
59049, 710, 0, 0, 0
59149, 720, 0, 0, 0
59250, 760, 0, 0, 0
59350, 730, 0, 0, 0
59450, 840, 0, 0, 0
59550, 650, 0, 0, 0
59650, 770, 0, 0, 0
59749, 787, 0, 0, 0
59849, 850, 0, 0, 0
59949, 780, 0, 0, 0
60049, 840, 0, 0, 0
60149, 880, 0, 0, 0
60249, 680, 0, 0, 0
60349, 760, 0, 0, 0
60449, 700, 0, 0, 0
60549, 720, 0, 0, 0
60649, 830, 0, 0, 0
60749, 480, 0, 0, 0
60850, 770, 0, 0, 0
60950, 750, 0, 0, 0
61050, 610, 0, 0, 0
61150, 730, 0, 0, 0
61249, 757, 0, 0, 0
61349, 790, 0, 0, 0
61449, 750, 0, 0, 0
61549, 740, 0, 0, 0
61649, 620, 0, 0, 0
61749, 840, 0, 0, 0
61849, 820, 0, 0, 0
61949, 770, 0, 0, 0
62049, 720, 0, 0, 0
62149, 800, 0, 0, 0
62249, 610, 0, 0, 0
62349, 900, 0, 0, 0
62449, 740, 0, 0, 0
62550, 850, 0, 0, 0
62650, 890, 0, 0, 0
62749, 828, 0, 0, 0
62849, 760, 0, 0, 0
62949, 890, 0, 0, 0
63049, 710, 0, 0, 0
63149, 710, 0, 0, 0
63249, 780, 0, 0, 0
63349, 800, 0, 0, 0
63449, 830, 0, 0, 0
63549, 650, 0, 0, 0
63649, 890, 0, 0, 0
63749, 860, 0, 0, 0
63849, 780, 0, 0, 0
63949, 710, 0, 0, 0
64050, 830, 0, 0, 0
64150, 600, 0, 0, 0
64249, 797, 0, 0, 0
64349, 900, 0, 0, 0
64449, 660, 0, 0, 0
64549, 760, 0, 0, 0
64649, 720, 0, 0, 0
64749, 730, 0, 0, 0
64849, 650, 0, 0, 0
64949, 690, 0, 0, 0
65049, 700, 0, 0, 0
65149, 740, 0, 0, 0
65249, 770, 0, 0, 0
65349, 860, 0, 0, 0
65449, 650, 0, 0, 0
65550, 850, 0, 0, 0
65650, 790, 0, 0, 0
65749, 838, 0, 0, 0
65849, 830, 0, 0, 0
65949, 710, 0, 0, 0
66049, 750, 0, 0, 0
66149, 780, 0, 0, 0
66249, 800, 0, 0, 0
66349, 630, 0, 0, 0
66449, 800, 0, 0, 0
66549, 900, 0, 0, 0
66649, 810, 0, 0, 0
66749, 780, 0, 0, 0
66849, 740, 0, 0, 0
66949, 770, 0, 0, 0
67050, 730, 0, 0, 0
67150, 810, 0, 0, 0
67249, 656, 0, 0, 0
67349, 790, 0, 0, 0
67449, 900, 0, 0, 0
67549, 660, 0, 0, 0
67649, 680, 0, 0, 0
67749, 800, 0, 0, 0
67849, 780, 0, 0, 0
67949, 740, 0, 0, 0
68049, 770, 0, 0, 0
68149, 810, 0, 0, 0
68249, 580, 0, 0, 0
68349, 770, 0, 0, 0
68449, 810, 0, 0, 0
68549, 680, 0, 0, 0
68649, 770, 0, 0, 0
68750, 830, 0, 0, 0
68850, 690, 0, 0, 0
68950, 910, 0, 0, 0
69050, 790, 0, 0, 0
69150, 800, 0, 0, 0
69249, 777, 0, 0, 0
69349, 840, 0, 0, 0
69449, 730, 0, 0, 0
69549, 790, 0, 0, 0
69649, 760, 0, 0, 0
69749, 730, 0, 0, 0
69849, 800, 0, 0, 0
69949, 830, 0, 0, 0
70049, 750, 0, 0, 0
70149, 880, 0, 0, 0
70250, 780, 0, 0, 0
70350, 770, 0, 0, 0
70450, 810, 0, 0, 0
70550, 770, 0, 0, 0
70650, 810, 0, 0, 0
70749, 767, 0, 0, 0
70849, 920, 0, 0, 0
70949, 780, 0, 0, 0
71049, 620, 0, 0, 0
71149, 820, 0, 0, 0
71249, 770, 0, 0, 0
71349, 690, 0, 0, 0
71449, 780, 0, 0, 0
71549, 470, 0, 0, 0
71649, 870, 0, 0, 0
71750, 760, 0, 0, 0
71850, 760, 0, 0, 0
71950, 770, 0, 0, 0
72050, 640, 0, 0, 0
72150, 700, 0, 0, 0
72249, 808, 0, 0, 0
72349, 860, 0, 0, 0
72449, 790, 0, 0, 0
72549, 900, 0, 0, 0
72649, 850, 0, 0, 0
72749, 850, 0, 0, 0
72849, 870, 0, 0, 0
72949, 760, 0, 0, 0
73049, 700, 0, 0, 0
73149, 880, 0, 0, 0
73249, 730, 0, 0, 0
73350, 750, 0, 0, 0
73450, 850, 0, 0, 0
73550, 820, 0, 0, 0
73650, 760, 0, 0, 0
73749, 676, 0, 0, 0
73849, 860, 0, 0, 0
73949, 640, 0, 0, 0
74049, 670, 0, 0, 0
74149, 670, 0, 0, 0
74249, 920, 0, 0, 0
74349, 730, 0, 0, 0
74449, 710, 0, 0, 0
74549, 830, 0, 0, 0
74649, 690, 0, 0, 0
74749, 710, 0, 0, 0
74849, 730, 0, 0, 0
74949, 710, 0, 0, 0
75050, 800, 0, 0, 0
75150, 690, 0, 0, 0
75249, 666, 0, 0, 0
75349, 740, 0, 0, 0
75449, 760, 0, 0, 0
75549, 550, 0, 0, 0
75649, 740, 0, 0, 0
75749, 850, 0, 0, 0
75849, 890, 0, 0, 0
75949, 760, 0, 0, 0
76049, 920, 0, 0, 0
76149, 790, 0, 0, 0
76249, 830, 0, 0, 0
76349, 790, 0, 0, 0
76449, 700, 0, 0, 0
76549, 760, 0, 0, 0
76650, 760, 0, 0, 0
76750, 740, 0, 0, 0
76850, 760, 0, 0, 0
76950, 810, 0, 0, 0
77050, 830, 0, 0, 0
77150, 780, 0, 0, 0
77249, 787, 0, 0, 0
77349, 740, 0, 0, 0
77449, 780, 0, 0, 0
77549, 760, 0, 0, 0
77649, 920, 0, 0, 0
77749, 820, 0, 0, 0
77849, 760, 0, 0, 0
77949, 660, 0, 0, 0
78049, 750, 0, 0, 0
78149, 750, 0, 0, 0
78250, 830, 0, 0, 0
78350, 680, 0, 0, 0
78450, 950, 0, 0, 0
78550, 840, 0, 0, 0
78650, 710, 0, 0, 0
78749, 676, 0, 0, 0
78849, 790, 0, 0, 0
78949, 720, 0, 0, 0
79049, 750, 0, 0, 0
79149, 520, 0, 0, 0
79249, 810, 0, 0, 0
79349, 750, 0, 0, 0
79449, 760, 0, 0, 0
79549, 620, 0, 0, 0
79649, 810, 0, 0, 0
79750, 670, 0, 0, 0
79850, 720, 0, 0, 0
79950, 670, 0, 0, 0
80050, 730, 0, 0, 0
80150, 590, 0, 0, 0
80249, 666, 0, 0, 0
80349, 690, 0, 0, 0
80449, 880, 0, 0, 0
80549, 810, 0, 0, 0
80649, 730, 0, 0, 0
80749, 580, 0, 0, 0
80849, 840, 0, 0, 0
80949, 800, 0, 0, 0
81049, 730, 0, 0, 0
81149, 620, 0, 0, 0
81249, 840, 0, 0, 0
81349, 870, 0, 0, 0
81450, 770, 0, 0, 0
81550, 850, 0, 0, 0
81650, 700, 0, 0, 0
81749, 808, 0, 0, 0
81849, 570, 0, 0, 0
81949, 670, 0, 0, 0
82049, 780, 0, 0, 0
82149, 700, 0, 0, 0
82249, 640, 0, 0, 0
82349, 700, 0, 0, 0
82449, 900, 0, 0, 0
82549, 700, 0, 0, 0
82649, 860, 0, 0, 0
82749, 790, 0, 0, 0
82849, 730, 0, 0, 0
82949, 760, 0, 0, 0
83050, 850, 0, 0, 0
83150, 660, 0, 0, 0
83249, 616, 0, 0, 0
83349, 820, 0, 0, 0
83449, 670, 0, 0, 0
83549, 690, 0, 0, 0
83649, 640, 0, 0, 0
83749, 830, 0, 0, 0
83849, 770, 0, 0, 0
83949, 790, 0, 0, 0
84049, 800, 0, 0, 0
84149, 840, 0, 0, 0
84249, 620, 0, 0, 0
84349, 780, 0, 0, 0
84449, 820, 0, 0, 0
84549, 710, 0, 0, 0
84649, 810, 0, 0, 0
84750, 820, 0, 0, 0
84850, 720, 0, 0, 0
84950, 790, 0, 0, 0
85050, 780, 0, 0, 0
85150, 720, 0, 0, 0
85249, 929, 0, 0, 0
85349, 890, 0, 0, 0
85449, 820, 0, 0, 0
85549, 810, 0, 0, 0
85649, 870, 0, 0, 0
85749, 660, 0, 0, 0
85849, 750, 0, 0, 0
85949, 610, 0, 0, 0
86049, 760, 0, 0, 0
86149, 850, 0, 0, 0
86250, 690, 0, 0, 0
86350, 680, 0, 0, 0
86450, 580, 0, 0, 0
86550, 670, 0, 0, 0
86650, 750, 0, 0, 0
86749, 666, 0, 0, 0
86849, 650, 0, 0, 0
86949, 610, 0, 0, 0
87049, 910, 0, 0, 0
87149, 680, 0, 0, 0
87249, 700, 0, 0, 0
87349, 700, 0, 0, 0
87449, 730, 0, 0, 0
87549, 720, 0, 0, 0
87649, 890, 0, 0, 0
87749, 850, 0, 0, 0
87849, 900, 0, 0, 0
87949, 800, 0, 0, 0
88050, 680, 0, 0, 0
88150, 870, 0, 0, 0
88249, 818, 0, 0, 0
88349, 720, 0, 0, 0
88449, 860, 0, 0, 0
88549, 790, 0, 0, 0
88649, 760, 0, 0, 0
88749, 750, 0, 0, 0
88849, 870, 0, 0, 0
88949, 800, 0, 0, 0
89049, 570, 0, 0, 0
89149, 780, 0, 0, 0
89249, 880, 0, 0, 0
89349, 830, 0, 0, 0
89449, 660, 0, 0, 0
89549, 710, 0, 0, 0
89650, 730, 0, 0, 0
89749, 828, 0, 0, 0
89849, 700, 0, 0, 0
89949, 690, 0, 0, 0
