250, 195584, 0, 0, 0
350, 202240, 0, 0, 0
450, 197120, 0, 0, 0
550, 189440, 0, 0, 0
650, 225280, 0, 0, 0
749, 191353, 0, 0, 0
849, 192000, 0, 0, 0
949, 192000, 0, 0, 0
1049, 204800, 0, 0, 0
1149, 220160, 0, 0, 0
1249, 174080, 0, 0, 0
1350, 186880, 0, 0, 0
1450, 209920, 0, 0, 0
1550, 168960, 0, 0, 0
1650, 184320, 0, 0, 0
1749, 222383, 0, 0, 0
1849, 194560, 0, 0, 0
1949, 207360, 0, 0, 0
2049, 204800, 0, 0, 0
2149, 161280, 0, 0, 0
2249, 171520, 0, 0, 0
2349, 204800, 0, 0, 0
2449, 171520, 0, 0, 0
2550, 199680, 0, 0, 0
2650, 166400, 0, 0, 0
2749, 186181, 0, 0, 0
2849, 158720, 0, 0, 0
2949, 215040, 0, 0, 0
3049, 207360, 0, 0, 0
3149, 199680, 0, 0, 0
3249, 202240, 0, 0, 0
3349, 209920, 0, 0, 0
3449, 207360, 0, 0, 0
3549, 171520, 0, 0, 0
3649, 207360, 0, 0, 0
3750, 192000, 0, 0, 0
3850, 212480, 0, 0, 0
3950, 166400, 0, 0, 0
4050, 220160, 0, 0, 0
4150, 215040, 0, 0, 0
4249, 175838, 0, 0, 0
4349, 220160, 0, 0, 0
4449, 192000, 0, 0, 0
4549, 202240, 0, 0, 0
4649, 207360, 0, 0, 0
4749, 176640, 0, 0, 0
4849, 176640, 0, 0, 0
4950, 207360, 0, 0, 0
5050, 179200, 0, 0, 0
5150, 220160, 0, 0, 0
5249, 204282, 0, 0, 0
5349, 227840, 0, 0, 0
5449, 186880, 0, 0, 0
5549, 189440, 0, 0, 0
5649, 171520, 0, 0, 0
5749, 225280, 0, 0, 0
5849, 186880, 0, 0, 0
5949, 176640, 0, 0, 0
6050, 209920, 0, 0, 0
6150, 163840, 0, 0, 0
6249, 209454, 0, 0, 0
6349, 181760, 0, 0, 0
6449, 245760, 0, 0, 0
6549, 212480, 0, 0, 0
6649, 181760, 0, 0, 0
6749, 204800, 0, 0, 0
6849, 197120, 0, 0, 0
6949, 212480, 0, 0, 0
7049, 184320, 0, 0, 0
7149, 176640, 0, 0, 0
7249, 176640, 0, 0, 0
7349, 212480, 0, 0, 0
7450, 212480, 0, 0, 0
7550, 215040, 0, 0, 0
7650, 189440, 0, 0, 0
7749, 227555, 0, 0, 0
7849, 174080, 0, 0, 0
7949, 174080, 0, 0, 0
8049, 194560, 0, 0, 0
8149, 161280, 0, 0, 0
8249, 186880, 0, 0, 0
8349, 184320, 0, 0, 0
8449, 171520, 0, 0, 0
8549, 179200, 0, 0, 0
8649, 227840, 0, 0, 0
8750, 222720, 0, 0, 0
8850, 199680, 0, 0, 0
8950, 184320, 0, 0, 0
9050, 151040, 0, 0, 0
9150, 174080, 0, 0, 0
9249, 199111, 0, 0, 0
9349, 207360, 0, 0, 0
9449, 207360, 0, 0, 0
9549, 207360, 0, 0, 0
9649, 220160, 0, 0, 0
9749, 192000, 0, 0, 0
9849, 215040, 0, 0, 0
9949, 199680, 0, 0, 0
10050, 181760, 0, 0, 0
10150, 184320, 0, 0, 0
10249, 204282, 0, 0, 0
10349, 192000, 0, 0, 0
10449, 199680, 0, 0, 0
10549, 199680, 0, 0, 0
10649, 168960, 0, 0, 0
10749, 192000, 0, 0, 0
10849, 220160, 0, 0, 0
10949, 207360, 0, 0, 0
11049, 197120, 0, 0, 0
11150, 207360, 0, 0, 0
11249, 212040, 0, 0, 0
11349, 179200, 0, 0, 0
11449, 192000, 0, 0, 0
11549, 184320, 0, 0, 0
11649, 176640, 0, 0, 0
11749, 217600, 0, 0, 0
11849, 199680, 0, 0, 0
11949, 163840, 0, 0, 0
12049, 166400, 0, 0, 0
12149, 168960, 0, 0, 0
12249, 145920, 0, 0, 0
12350, 238080, 0, 0, 0
12450, 192000, 0, 0, 0
12550, 204800, 0, 0, 0
12650, 194560, 0, 0, 0
12749, 165494, 0, 0, 0
12849, 212480, 0, 0, 0
12949, 197120, 0, 0, 0
13049, 217600, 0, 0, 0
13149, 179200, 0, 0, 0
13249, 204800, 0, 0, 0
13349, 209920, 0, 0, 0
13449, 215040, 0, 0, 0
13550, 184320, 0, 0, 0
13650, 212480, 0, 0, 0
13749, 212040, 0, 0, 0
13849, 171520, 0, 0, 0
13949, 189440, 0, 0, 0
14049, 207360, 0, 0, 0
14149, 189440, 0, 0, 0
14249, 192000, 0, 0, 0
14349, 207360, 0, 0, 0
14449, 181760, 0, 0, 0
14549, 212480, 0, 0, 0
14649, 158720, 0, 0, 0
14750, 166400, 0, 0, 0
14850, 184320, 0, 0, 0
14950, 171520, 0, 0, 0
15050, 186880, 0, 0, 0
15150, 202240, 0, 0, 0
15249, 204282, 0, 0, 0
15349, 184320, 0, 0, 0
15449, 184320, 0, 0, 0
15549, 163840, 0, 0, 0
15649, 202240, 0, 0, 0
15749, 158720, 0, 0, 0
15849, 166400, 0, 0, 0
15949, 232960, 0, 0, 0
16050, 207360, 0, 0, 0
16150, 192000, 0, 0, 0
16249, 193939, 0, 0, 0
16349, 207360, 0, 0, 0
16449, 181760, 0, 0, 0
16549, 145920, 0, 0, 0
16649, 222720, 0, 0, 0
16749, 148480, 0, 0, 0
16849, 235520, 0, 0, 0
16949, 184320, 0, 0, 0
17049, 158720, 0, 0, 0
17149, 202240, 0, 0, 0
17250, 186880, 0, 0, 0
17350, 186880, 0, 0, 0
17450, 217600, 0, 0, 0
17550, 166400, 0, 0, 0
17650, 220160, 0, 0, 0
17749, 191353, 0, 0, 0
17849, 186880, 0, 0, 0
17949, 215040, 0, 0, 0
18049, 161280, 0, 0, 0
18149, 207360, 0, 0, 0
18249, 174080, 0, 0, 0
18349, 204800, 0, 0, 0
18449, 194560, 0, 0, 0
18550, 174080, 0, 0, 0
18650, 166400, 0, 0, 0
18749, 214626, 0, 0, 0
18849, 212480, 0, 0, 0
18949, 220160, 0, 0, 0
19049, 197120, 0, 0, 0
19149, 217600, 0, 0, 0
19249, 220160, 0, 0, 0
19349, 181760, 0, 0, 0
19449, 192000, 0, 0, 0
19549, 171520, 0, 0, 0
19650, 217600, 0, 0, 0
19749, 186181, 0, 0, 0
19849, 189440, 0, 0, 0
19949, 192000, 0, 0, 0
20049, 192000, 0, 0, 0
20149, 186880, 0, 0, 0
20249, 197120, 0, 0, 0
20349, 225280, 0, 0, 0
20449, 184320, 0, 0, 0
20549, 194560, 0, 0, 0
20649, 212480, 0, 0, 0
20750, 181760, 0, 0, 0
20850, 217600, 0, 0, 0
20950, 189440, 0, 0, 0
21050, 225280, 0, 0, 0
21150, 186880, 0, 0, 0
21249, 204282, 0, 0, 0
21349, 202240, 0, 0, 0
21449, 184320, 0, 0, 0
21549, 199680, 0, 0, 0
21649, 156160, 0, 0, 0
21750, 212480, 0, 0, 0
21850, 197120, 0, 0, 0
21950, 179200, 0, 0, 0
22050, 212480, 0, 0, 0
22150, 163840, 0, 0, 0
22249, 224969, 0, 0, 0
22349, 186880, 0, 0, 0
22449, 176640, 0, 0, 0
22549, 197120, 0, 0, 0
22649, 192000, 0, 0, 0
22749, 176640, 0, 0, 0
22849, 194560, 0, 0, 0
22949, 222720, 0, 0, 0
23050, 204800, 0, 0, 0
23150, 209920, 0, 0, 0
23249, 191353, 0, 0, 0
23349, 212480, 0, 0, 0
23449, 181760, 0, 0, 0
23549, 235520, 0, 0, 0
23649, 194560, 0, 0, 0
23749, 217600, 0, 0, 0
23849, 174080, 0, 0, 0
23949, 222720, 0, 0, 0
24049, 181760, 0, 0, 0
24149, 184320, 0, 0, 0
24250, 176640, 0, 0, 0
24350, 148480, 0, 0, 0
24450, 204800, 0, 0, 0
24550, 225280, 0, 0, 0
24650, 179200, 0, 0, 0
24749, 209454, 0, 0, 0
24849, 189440, 0, 0, 0
24949, 220160, 0, 0, 0
25049, 186880, 0, 0, 0
25149, 89600, 0, 0, 0
25249, 158720, 0, 0, 0
25349, 181760, 0, 0, 0
25449, 194560, 0, 0, 0
25550, 168960, 0, 0, 0
25650, 181760, 0, 0, 0
25749, 199111, 0, 0, 0
25849, 199680, 0, 0, 0
25949, 199680, 0, 0, 0
26049, 194560, 0, 0, 0
26149, 222720, 0, 0, 0
26249, 181760, 0, 0, 0
26349, 215040, 0, 0, 0
26449, 171520, 0, 0, 0
26549, 215040, 0, 0, 0
26649, 197120, 0, 0, 0
26750, 184320, 0, 0, 0
26850, 209920, 0, 0, 0
26950, 222720, 0, 0, 0
27050, 181760, 0, 0, 0
27150, 166400, 0, 0, 0
27249, 165494, 0, 0, 0
27349, 199680, 0, 0, 0
27449, 184320, 0, 0, 0
27549, 197120, 0, 0, 0
27649, 197120, 0, 0, 0
27749, 209920, 0, 0, 0
27850, 189440, 0, 0, 0
27950, 189440, 0, 0, 0
28050, 189440, 0, 0, 0
28150, 181760, 0, 0, 0
28249, 144808, 0, 0, 0
28349, 227840, 0, 0, 0
28449, 199680, 0, 0, 0
28549, 181760, 0, 0, 0
28649, 204800, 0, 0, 0
28749, 209920, 0, 0, 0
28849, 212480, 0, 0, 0
28949, 168960, 0, 0, 0
29050, 209920, 0, 0, 0
29150, 174080, 0, 0, 0
29249, 191353, 0, 0, 0
29349, 181760, 0, 0, 0
29449, 222720, 0, 0, 0
29549, 204800, 0, 0, 0
29649, 204800, 0, 0, 0
29749, 189440, 0, 0, 0
29849, 197120, 0, 0, 0
29949, 181760, 0, 0, 0
30050, 194560, 0, 0, 0
30150, 222720, 0, 0, 0
30249, 196525, 0, 0, 0
30349, 186880, 0, 0, 0
30449, 197120, 0, 0, 0
30549, 189440, 0, 0, 0
30649, 189440, 0, 0, 0
30749, 166400, 0, 0, 0
30849, 186880, 0, 0, 0
30949, 222720, 0, 0, 0
31049, 194560, 0, 0, 0
31149, 222720, 0, 0, 0
31250, 158720, 0, 0, 0
31350, 174080, 0, 0, 0
31450, 179200, 0, 0, 0
31550, 156160, 0, 0, 0
31650, 197120, 0, 0, 0
31749, 219797, 0, 0, 0
31849, 171520, 0, 0, 0
31949, 186880, 0, 0, 0
32049, 197120, 0, 0, 0
32149, 215040, 0, 0, 0
32249, 204800, 0, 0, 0
32349, 212480, 0, 0, 0
32449, 215040, 0, 0, 0
32550, 209920, 0, 0, 0
32650, 189440, 0, 0, 0
32749, 175838, 0, 0, 0
32849, 171520, 0, 0, 0
32949, 212480, 0, 0, 0
33049, 189440, 0, 0, 0
33149, 174080, 0, 0, 0
33249, 168960, 0, 0, 0
33349, 197120, 0, 0, 0
33449, 184320, 0, 0, 0
33549, 130560, 0, 0, 0
33649, 192000, 0, 0, 0
33749, 153600, 0, 0, 0
33850, 186880, 0, 0, 0
33950, 179200, 0, 0, 0
34050, 207360, 0, 0, 0
34150, 161280, 0, 0, 0
34249, 196525, 0, 0, 0
34349, 217600, 0, 0, 0
34449, 197120, 0, 0, 0
34549, 209920, 0, 0, 0
34649, 222720, 0, 0, 0
34749, 220160, 0, 0, 0
34849, 186880, 0, 0, 0
34949, 232960, 0, 0, 0
35049, 189440, 0, 0, 0
35149, 166400, 0, 0, 0
35250, 235520, 0, 0, 0
35350, 194560, 0, 0, 0
35450, 222720, 0, 0, 0
35550, 217600, 0, 0, 0
35650, 225280, 0, 0, 0
35749, 162909, 0, 0, 0
35849, 143360, 0, 0, 0
35949, 189440, 0, 0, 0
36049, 212480, 0, 0, 0
36149, 189440, 0, 0, 0
36249, 174080, 0, 0, 0
36349, 186880, 0, 0, 0
36449, 179200, 0, 0, 0
36550, 168960, 0, 0, 0
36650, 235520, 0, 0, 0
36749, 175838, 0, 0, 0
36849, 209920, 0, 0, 0
36949, 212480, 0, 0, 0
37049, 220160, 0, 0, 0
37149, 171520, 0, 0, 0
37249, 148480, 0, 0, 0
37349, 225280, 0, 0, 0
37449, 212480, 0, 0, 0
37549, 192000, 0, 0, 0
37649, 166400, 0, 0, 0
37750, 199680, 0, 0, 0
37850, 197120, 0, 0, 0
37950, 207360, 0, 0, 0
38050, 199680, 0, 0, 0
38150, 168960, 0, 0, 0
38249, 160323, 0, 0, 0
38349, 176640, 0, 0, 0
38449, 168960, 0, 0, 0
38549, 217600, 0, 0, 0
38649, 209920, 0, 0, 0
38749, 199680, 0, 0, 0
38849, 212480, 0, 0, 0
38949, 179200, 0, 0, 0
39050, 171520, 0, 0, 0
39150, 202240, 0, 0, 0
39249, 178424, 0, 0, 0
39349, 133120, 0, 0, 0
39449, 176640, 0, 0, 0
39549, 171520, 0, 0, 0
39649, 174080, 0, 0, 0
39749, 174080, 0, 0, 0
39849, 192000, 0, 0, 0
39949, 217600, 0, 0, 0
40049, 179200, 0, 0, 0
40149, 194560, 0, 0, 0
40249, 163840, 0, 0, 0
40350, 209920, 0, 0, 0
40450, 199680, 0, 0, 0
40550, 220160, 0, 0, 0
40650, 176640, 0, 0, 0
40749, 206868, 0, 0, 0
40849, 179200, 0, 0, 0
40949, 204800, 0, 0, 0
41049, 186880, 0, 0, 0
41149, 215040, 0, 0, 0
41249, 181760, 0, 0, 0
41349, 181760, 0, 0, 0
41449, 176640, 0, 0, 0
41550, 148480, 0, 0, 0
41650, 181760, 0, 0, 0
41749, 209454, 0, 0, 0
41849, 217600, 0, 0, 0
41949, 168960, 0, 0, 0
42049, 217600, 0, 0, 0
42149, 184320, 0, 0, 0
42249, 163840, 0, 0, 0
42349, 217600, 0, 0, 0
42449, 171520, 0, 0, 0
42549, 192000, 0, 0, 0
42649, 186880, 0, 0, 0
42749, 209920, 0, 0, 0
42849, 168960, 0, 0, 0
42950, 209920, 0, 0, 0
43050, 245760, 0, 0, 0
43150, 189440, 0, 0, 0
43249, 170666, 0, 0, 0
43349, 189440, 0, 0, 0
43449, 184320, 0, 0, 0
43549, 225280, 0, 0, 0
43649, 171520, 0, 0, 0
43749, 125440, 0, 0, 0
43849, 171520, 0, 0, 0
43949, 207360, 0, 0, 0
44049, 204800, 0, 0, 0
44150, 158720, 0, 0, 0
44249, 165494, 0, 0, 0
44349, 184320, 0, 0, 0
44449, 232960, 0, 0, 0
44549, 202240, 0, 0, 0
44649, 186880, 0, 0, 0
44749, 202240, 0, 0, 0
44849, 166400, 0, 0, 0
44949, 176640, 0, 0, 0
45049, 204800, 0, 0, 0
45149, 194560, 0, 0, 0
45249, 194560, 0, 0, 0
45349, 194560, 0, 0, 0
45449, 184320, 0, 0, 0
45550, 171520, 0, 0, 0
45650, 197120, 0, 0, 0
45749, 199111, 0, 0, 0
45849, 161280, 0, 0, 0
45949, 209920, 0, 0, 0
46049, 197120, 0, 0, 0
46149, 207360, 0, 0, 0
46249, 215040, 0, 0, 0
46349, 225280, 0, 0, 0
46449, 161280, 0, 0, 0
46549, 199680, 0, 0, 0
46649, 166400, 0, 0, 0
46750, 209920, 0, 0, 0
46850, 181760, 0, 0, 0
46950, 166400, 0, 0, 0
47050, 184320, 0, 0, 0
47150, 181760, 0, 0, 0
47249, 162909, 0, 0, 0
47349, 186880, 0, 0, 0
47449, 179200, 0, 0, 0
47549, 174080, 0, 0, 0
47649, 215040, 0, 0, 0
47749, 168960, 0, 0, 0
47850, 166400, 0, 0, 0
47950, 217600, 0, 0, 0
48050, 171520, 0, 0, 0
48150, 197120, 0, 0, 0
48249, 137050, 0, 0, 0
48349, 217600, 0, 0, 0
48449, 168960, 0, 0, 0
48549, 153600, 0, 0, 0
48649, 209920, 0, 0, 0
48749, 179200, 0, 0, 0
48849, 158720, 0, 0, 0
48949, 179200, 0, 0, 0
49050, 176640, 0, 0, 0
49150, 176640, 0, 0, 0
49249, 206868, 0, 0, 0
49349, 192000, 0, 0, 0
49449, 204800, 0, 0, 0
49549, 184320, 0, 0, 0
49649, 161280, 0, 0, 0
49749, 189440, 0, 0, 0
49849, 215040, 0, 0, 0
49949, 225280, 0, 0, 0
50050, 184320, 0, 0, 0
50150, 207360, 0, 0, 0
50249, 214626, 0, 0, 0
50349, 212480, 0, 0, 0
50449, 112640, 0, 0, 0
50549, 199680, 0, 0, 0
50649, 230400, 0, 0, 0
50749, 204800, 0, 0, 0
50849, 192000, 0, 0, 0
50949, 184320, 0, 0, 0
51049, 171520, 0, 0, 0
51149, 204800, 0, 0, 0
51249, 163840, 0, 0, 0
51350, 189440, 0, 0, 0
51450, 161280, 0, 0, 0
51550, 194560, 0, 0, 0
51650, 220160, 0, 0, 0
51749, 196525, 0, 0, 0
51849, 204800, 0, 0, 0
51949, 197120, 0, 0, 0
52049, 204800, 0, 0, 0
52149, 181760, 0, 0, 0
52249, 222720, 0, 0, 0
52349, 166400, 0, 0, 0
52449, 192000, 0, 0, 0
52550, 192000, 0, 0, 0
52650, 189440, 0, 0, 0
52749, 149979, 0, 0, 0
52849, 204800, 0, 0, 0
52949, 156160, 0, 0, 0
53049, 199680, 0, 0, 0
53149, 212480, 0, 0, 0
53249, 192000, 0, 0, 0
53349, 179200, 0, 0, 0
53449, 217600, 0, 0, 0
53549, 181760, 0, 0, 0
53649, 197120, 0, 0, 0
53749, 179200, 0, 0, 0
53850, 140800, 0, 0, 0
53950, 179200, 0, 0, 0
54050, 174080, 0, 0, 0
54150, 184320, 0, 0, 0
54249, 181010, 0, 0, 0
54349, 199680, 0, 0, 0
54449, 202240, 0, 0, 0
54549, 189440, 0, 0, 0
54649, 197120, 0, 0, 0
54749, 174080, 0, 0, 0
54849, 204800, 0, 0, 0
54949, 204800, 0, 0, 0
55049, 220160, 0, 0, 0
55149, 176640, 0, 0, 0
55250, 184320, 0, 0, 0
55350, 171520, 0, 0, 0
55450, 204800, 0, 0, 0
55550, 161280, 0, 0, 0
55650, 225280, 0, 0, 0
55749, 152565, 0, 0, 0
55849, 209920, 0, 0, 0
55949, 199680, 0, 0, 0
56049, 207360, 0, 0, 0
56149, 184320, 0, 0, 0
56249, 158720, 0, 0, 0
56350, 176640, 0, 0, 0
56450, 176640, 0, 0, 0
56550, 186880, 0, 0, 0
56650, 184320, 0, 0, 0
56749, 219797, 0, 0, 0
56849, 202240, 0, 0, 0
56949, 204800, 0, 0, 0
57049, 94720, 0, 0, 0
57149, 174080, 0, 0, 0
57249, 212480, 0, 0, 0
57349, 202240, 0, 0, 0
57449, 212480, 0, 0, 0
57550, 209920, 0, 0, 0
57650, 186880, 0, 0, 0
57749, 212040, 0, 0, 0
57849, 197120, 0, 0, 0
57949, 176640, 0, 0, 0
58049, 174080, 0, 0, 0
58149, 204800, 0, 0, 0
58249, 194560, 0, 0, 0
58349, 199680, 0, 0, 0
58449, 179200, 0, 0, 0
58549, 145920, 0, 0, 0
58649, 197120, 0, 0, 0
58750, 184320, 0, 0, 0
58850, 184320, 0, 0, 0
58950, 204800, 0, 0, 0
59050, 192000, 0, 0, 0
59150, 222720, 0, 0, 0
59249, 206868, 0, 0, 0
59349, 168960, 0, 0, 0
59449, 194560, 0, 0, 0
59549, 176640, 0, 0, 0
59649, 202240, 0, 0, 0
59749, 215040, 0, 0, 0
59849, 197120, 0, 0, 0
59949, 222720, 0, 0, 0
60050, 227840, 0, 0, 0
60150, 207360, 0, 0, 0
60249, 183595, 0, 0, 0
60349, 202240, 0, 0, 0
60449, 227840, 0, 0, 0
60549, 176640, 0, 0, 0
60649, 168960, 0, 0, 0
60749, 202240, 0, 0, 0
60849, 199680, 0, 0, 0
60949, 207360, 0, 0, 0
61050, 199680, 0, 0, 0
61150, 204800, 0, 0, 0
61249, 170666, 0, 0, 0
61349, 156160, 0, 0, 0
61449, 151040, 0, 0, 0
61549, 240640, 0, 0, 0
61649, 232960, 0, 0, 0
61749, 225280, 0, 0, 0
61849, 174080, 0, 0, 0
61949, 192000, 0, 0, 0
62049, 184320, 0, 0, 0
62150, 189440, 0, 0, 0
62249, 206868, 0, 0, 0
62349, 192000, 0, 0, 0
62449, 184320, 0, 0, 0
62549, 189440, 0, 0, 0
62649, 168960, 0, 0, 0
62749, 207360, 0, 0, 0
62849, 204800, 0, 0, 0
62949, 184320, 0, 0, 0
63049, 212480, 0, 0, 0
63149, 197120, 0, 0, 0
63250, 204800, 0, 0, 0
63350, 189440, 0, 0, 0
63450, 197120, 0, 0, 0
63550, 179200, 0, 0, 0
63650, 166400, 0, 0, 0
63749, 201696, 0, 0, 0
63849, 161280, 0, 0, 0
63949, 207360, 0, 0, 0
64049, 174080, 0, 0, 0
64149, 220160, 0, 0, 0
64249, 156160, 0, 0, 0
64349, 230400, 0, 0, 0
64449, 161280, 0, 0, 0
64550, 184320, 0, 0, 0
64650, 135680, 0, 0, 0
64749, 206868, 0, 0, 0
64849, 184320, 0, 0, 0
64949, 122880, 0, 0, 0
65049, 212480, 0, 0, 0
65149, 209920, 0, 0, 0
65249, 220160, 0, 0, 0
65349, 199680, 0, 0, 0
65449, 204800, 0, 0, 0
65549, 212480, 0, 0, 0
65649, 212480, 0, 0, 0
65749, 189440, 0, 0, 0
65850, 171520, 0, 0, 0
65950, 202240, 0, 0, 0
66050, 145920, 0, 0, 0
66150, 197120, 0, 0, 0
66249, 204282, 0, 0, 0
66349, 176640, 0, 0, 0
66449, 184320, 0, 0, 0
66549, 209920, 0, 0, 0
66649, 209920, 0, 0, 0
66749, 225280, 0, 0, 0
66849, 215040, 0, 0, 0
66949, 179200, 0, 0, 0
67050, 166400, 0, 0, 0
67150, 184320, 0, 0, 0
67249, 222383, 0, 0, 0
67349, 194560, 0, 0, 0
67449, 194560, 0, 0, 0
67549, 186880, 0, 0, 0
67649, 209920, 0, 0, 0
67749, 171520, 0, 0, 0
67849, 204800, 0, 0, 0
67949, 199680, 0, 0, 0
68050, 194560, 0, 0, 0
68150, 151040, 0, 0, 0
68249, 199111, 0, 0, 0
68349, 151040, 0, 0, 0
68449, 204800, 0, 0, 0
68549, 145920, 0, 0, 0
68649, 217600, 0, 0, 0
68749, 204800, 0, 0, 0
68849, 189440, 0, 0, 0
68949, 166400, 0, 0, 0
69049, 184320, 0, 0, 0
69149, 212480, 0, 0, 0
69250, 212480, 0, 0, 0
69350, 197120, 0, 0, 0
69450, 197120, 0, 0, 0
69550, 186880, 0, 0, 0
69650, 199680, 0, 0, 0
69749, 201696, 0, 0, 0
69849, 151040, 0, 0, 0
69949, 194560, 0, 0, 0
70049, 217600, 0, 0, 0
70149, 174080, 0, 0, 0
70249, 174080, 0, 0, 0
70349, 122880, 0, 0, 0
70450, 209920, 0, 0, 0
70550, 215040, 0, 0, 0
70650, 171520, 0, 0, 0
70749, 181010, 0, 0, 0
70849, 179200, 0, 0, 0
70949, 194560, 0, 0, 0
71049, 209920, 0, 0, 0
71149, 168960, 0, 0, 0
71249, 199680, 0, 0, 0
71349, 215040, 0, 0, 0
71449, 197120, 0, 0, 0
71549, 212480, 0, 0, 0
71650, 197120, 0, 0, 0
71749, 175838, 0, 0, 0
71849, 181760, 0, 0, 0
71949, 207360, 0, 0, 0
72049, 215040, 0, 0, 0
72149, 184320, 0, 0, 0
72249, 222720, 0, 0, 0
72349, 189440, 0, 0, 0
72449, 220160, 0, 0, 0
72549, 232960, 0, 0, 0
72649, 148480, 0, 0, 0
72750, 156160, 0, 0, 0
72850, 194560, 0, 0, 0
72950, 204800, 0, 0, 0
73050, 181760, 0, 0, 0
73150, 230400, 0, 0, 0
73249, 212040, 0, 0, 0
73349, 202240, 0, 0, 0
73449, 204800, 0, 0, 0
73549, 194560, 0, 0, 0
73649, 202240, 0, 0, 0
73749, 209920, 0, 0, 0
73849, 168960, 0, 0, 0
73950, 204800, 0, 0, 0
74050, 135680, 0, 0, 0
74150, 186880, 0, 0, 0
74249, 149979, 0, 0, 0
74349, 171520, 0, 0, 0
74449, 186880, 0, 0, 0
74549, 158720, 0, 0, 0
74649, 207360, 0, 0, 0
74749, 189440, 0, 0, 0
74849, 199680, 0, 0, 0
74949, 192000, 0, 0, 0
75050, 199680, 0, 0, 0
75150, 222720, 0, 0, 0
75249, 181010, 0, 0, 0
75349, 217600, 0, 0, 0
75449, 212480, 0, 0, 0
75549, 207360, 0, 0, 0
75649, 192000, 0, 0, 0
75749, 186880, 0, 0, 0
75849, 143360, 0, 0, 0
75949, 202240, 0, 0, 0
76049, 181760, 0, 0, 0
76149, 181760, 0, 0, 0
76249, 175838, 0, 0, 0
76349, 189440, 0, 0, 0
76449, 168960, 0, 0, 0
76549, 202240, 0, 0, 0
76649, 176640, 0, 0, 0
76749, 238080, 0, 0, 0
76849, 184320, 0, 0, 0
76949, 192000, 0, 0, 0
77049, 163840, 0, 0, 0
77149, 220160, 0, 0, 0
77249, 230400, 0, 0, 0
77350, 204800, 0, 0, 0
77450, 197120, 0, 0, 0
77550, 189440, 0, 0, 0
77650, 171520, 0, 0, 0
77749, 201696, 0, 0, 0
77849, 179200, 0, 0, 0
77949, 222720, 0, 0, 0
78049, 163840, 0, 0, 0
78149, 207360, 0, 0, 0
78249, 197120, 0, 0, 0
78349, 181760, 0, 0, 0
78450, 189440, 0, 0, 0
78550, 212480, 0, 0, 0
78650, 217600, 0, 0, 0
78749, 175838, 0, 0, 0
78849, 202240, 0, 0, 0
78949, 202240, 0, 0, 0
79049, 222720, 0, 0, 0
79149, 220160, 0, 0, 0
79249, 197120, 0, 0, 0
79349, 181760, 0, 0, 0
79449, 212480, 0, 0, 0
79550, 202240, 0, 0, 0
79650, 186880, 0, 0, 0
79749, 209454, 0, 0, 0
79849, 217600, 0, 0, 0
79949, 197120, 0, 0, 0
80049, 225280, 0, 0, 0
80149, 184320, 0, 0, 0
80249, 161280, 0, 0, 0
80349, 217600, 0, 0, 0
80449, 176640, 0, 0, 0
80549, 194560, 0, 0, 0
80649, 194560, 0, 0, 0
80750, 209920, 0, 0, 0
80850, 204800, 0, 0, 0
80950, 171520, 0, 0, 0
81050, 166400, 0, 0, 0
81150, 197120, 0, 0, 0
81249, 217212, 0, 0, 0
81349, 227840, 0, 0, 0
81449, 202240, 0, 0, 0
81549, 166400, 0, 0, 0
81649, 176640, 0, 0, 0
81749, 181760, 0, 0, 0
81849, 199680, 0, 0, 0
81949, 202240, 0, 0, 0
82050, 194560, 0, 0, 0
82150, 176640, 0, 0, 0
82249, 201696, 0, 0, 0
82349, 209920, 0, 0, 0
82449, 202240, 0, 0, 0
82549, 184320, 0, 0, 0
82649, 204800, 0, 0, 0
82749, 184320, 0, 0, 0
82849, 192000, 0, 0, 0
82949, 194560, 0, 0, 0
83049, 174080, 0, 0, 0
83149, 220160, 0, 0, 0
83250, 207360, 0, 0, 0
83350, 197120, 0, 0, 0
83450, 217600, 0, 0, 0
83550, 209920, 0, 0, 0
83650, 230400, 0, 0, 0
83749, 170666, 0, 0, 0
83849, 202240, 0, 0, 0
83949, 199680, 0, 0, 0
84049, 204800, 0, 0, 0
84149, 199680, 0, 0, 0
84249, 184320, 0, 0, 0
84349, 189440, 0, 0, 0
84450, 209920, 0, 0, 0
84550, 186880, 0, 0, 0
84650, 202240, 0, 0, 0
84749, 165494, 0, 0, 0
84849, 171520, 0, 0, 0
84949, 199680, 0, 0, 0
85049, 194560, 0, 0, 0
85149, 207360, 0, 0, 0
85249, 215040, 0, 0, 0
85349, 153600, 0, 0, 0
85449, 176640, 0, 0, 0
85549, 225280, 0, 0, 0
85650, 204800, 0, 0, 0
85749, 193939, 0, 0, 0
85849, 179200, 0, 0, 0
85949, 133120, 0, 0, 0
86049, 194560, 0, 0, 0
86149, 186880, 0, 0, 0
86249, 192000, 0, 0, 0
86349, 207360, 0, 0, 0
86449, 217600, 0, 0, 0
86549, 176640, 0, 0, 0
86649, 215040, 0, 0, 0
86749, 209920, 0, 0, 0
86849, 171520, 0, 0, 0
86950, 192000, 0, 0, 0
87050, 222720, 0, 0, 0
87150, 215040, 0, 0, 0
87249, 178424, 0, 0, 0
87349, 163840, 0, 0, 0
87449, 192000, 0, 0, 0
87549, 202240, 0, 0, 0
87649, 128000, 0, 0, 0
87749, 199680, 0, 0, 0
87849, 171520, 0, 0, 0
87949, 181760, 0, 0, 0
88049, 194560, 0, 0, 0
88149, 184320, 0, 0, 0
88250, 217600, 0, 0, 0
88350, 204800, 0, 0, 0
88450, 199680, 0, 0, 0
88550, 189440, 0, 0, 0
88650, 217600, 0, 0, 0
88749, 201696, 0, 0, 0
88849, 192000, 0, 0, 0
88949, 192000, 0, 0, 0
89049, 212480, 0, 0, 0
89149, 186880, 0, 0, 0
89249, 189440, 0, 0, 0
89349, 212480, 0, 0, 0
89450, 215040, 0, 0, 0
89550, 176640, 0, 0, 0
89650, 176640, 0, 0, 0
89749, 201696, 0, 0, 0
89849, 158720, 0, 0, 0
89949, 235520, 0, 0, 0
