250, 190464, 0, 0, 0
350, 225280, 0, 0, 0
450, 215040, 0, 0, 0
550, 215040, 0, 0, 0
650, 189440, 0, 0, 0
749, 227555, 0, 0, 0
849, 197120, 0, 0, 0
949, 192000, 0, 0, 0
1049, 151040, 0, 0, 0
1149, 189440, 0, 0, 0
1249, 222720, 0, 0, 0
1350, 192000, 0, 0, 0
1450, 197120, 0, 0, 0
1550, 197120, 0, 0, 0
1650, 222720, 0, 0, 0
1749, 183595, 0, 0, 0
1849, 197120, 0, 0, 0
1949, 184320, 0, 0, 0
2049, 143360, 0, 0, 0
2149, 202240, 0, 0, 0
2249, 225280, 0, 0, 0
2349, 202240, 0, 0, 0
2449, 212480, 0, 0, 0
2549, 186880, 0, 0, 0
2649, 161280, 0, 0, 0
2750, 192000, 0, 0, 0
2850, 166400, 0, 0, 0
2950, 192000, 0, 0, 0
3050, 217600, 0, 0, 0
3150, 202240, 0, 0, 0
3249, 191353, 0, 0, 0
3349, 222720, 0, 0, 0
3449, 166400, 0, 0, 0
3549, 209920, 0, 0, 0
3649, 212480, 0, 0, 0
3749, 202240, 0, 0, 0
3849, 166400, 0, 0, 0
3949, 202240, 0, 0, 0
4049, 222720, 0, 0, 0
4150, 192000, 0, 0, 0
4250, 197120, 0, 0, 0
4350, 192000, 0, 0, 0
4450, 199680, 0, 0, 0
4550, 189440, 0, 0, 0
4650, 207360, 0, 0, 0
4749, 183595, 0, 0, 0
4849, 184320, 0, 0, 0
4949, 207360, 0, 0, 0
5049, 194560, 0, 0, 0
5149, 166400, 0, 0, 0
5249, 163840, 0, 0, 0
5349, 209920, 0, 0, 0
5449, 212480, 0, 0, 0
5549, 212480, 0, 0, 0
5649, 192000, 0, 0, 0
5750, 248320, 0, 0, 0
5850, 197120, 0, 0, 0
5950, 148480, 0, 0, 0
6050, 220160, 0, 0, 0
6150, 199680, 0, 0, 0
6249, 199111, 0, 0, 0
6349, 168960, 0, 0, 0
6449, 217600, 0, 0, 0
6549, 181760, 0, 0, 0
6649, 222720, 0, 0, 0
6749, 156160, 0, 0, 0
6849, 176640, 0, 0, 0
6949, 174080, 0, 0, 0
7050, 189440, 0, 0, 0
7150, 202240, 0, 0, 0
7250, 202240, 0, 0, 0
7350, 197120, 0, 0, 0
7450, 204800, 0, 0, 0
7550, 217600, 0, 0, 0
7650, 197120, 0, 0, 0
7749, 224969, 0, 0, 0
7849, 186880, 0, 0, 0
7949, 189440, 0, 0, 0
8049, 204800, 0, 0, 0
8149, 204800, 0, 0, 0
8249, 204800, 0, 0, 0
8349, 186880, 0, 0, 0
8449, 181760, 0, 0, 0
8550, 184320, 0, 0, 0
8650, 174080, 0, 0, 0
8750, 207360, 0, 0, 0
8850, 163840, 0, 0, 0
8950, 197120, 0, 0, 0
9050, 174080, 0, 0, 0
9150, 176640, 0, 0, 0
9249, 160323, 0, 0, 0
9349, 179200, 0, 0, 0
9449, 207360, 0, 0, 0
9549, 174080, 0, 0, 0
9649, 176640, 0, 0, 0
9749, 217600, 0, 0, 0
9849, 192000, 0, 0, 0
9950, 192000, 0, 0, 0
10050, 176640, 0, 0, 0
10150, 202240, 0, 0, 0
10249, 186181, 0, 0, 0
10349, 179200, 0, 0, 0
10449, 181760, 0, 0, 0
10549, 194560, 0, 0, 0
10649, 217600, 0, 0, 0
10749, 184320, 0, 0, 0
10849, 199680, 0, 0, 0
10949, 204800, 0, 0, 0
11049, 217600, 0, 0, 0
11149, 184320, 0, 0, 0
11249, 179200, 0, 0, 0
11350, 148480, 0, 0, 0
11450, 222720, 0, 0, 0
11550, 197120, 0, 0, 0
11650, 209920, 0, 0, 0
11749, 149979, 0, 0, 0
11849, 181760, 0, 0, 0
11949, 204800, 0, 0, 0
12049, 209920, 0, 0, 0
12149, 189440, 0, 0, 0
12249, 161280, 0, 0, 0
12349, 225280, 0, 0, 0
12449, 215040, 0, 0, 0
12549, 194560, 0, 0, 0
12649, 168960, 0, 0, 0
12750, 215040, 0, 0, 0
12850, 204800, 0, 0, 0
12950, 179200, 0, 0, 0
13050, 186880, 0, 0, 0
13150, 230400, 0, 0, 0
13249, 196525, 0, 0, 0
13349, 179200, 0, 0, 0
13449, 207360, 0, 0, 0
13549, 204800, 0, 0, 0
13649, 204800, 0, 0, 0
13749, 194560, 0, 0, 0
13849, 179200, 0, 0, 0
13949, 130560, 0, 0, 0
14050, 202240, 0, 0, 0
14150, 176640, 0, 0, 0
14249, 149979, 0, 0, 0
14349, 199680, 0, 0, 0
14449, 156160, 0, 0, 0
14549, 197120, 0, 0, 0
14649, 202240, 0, 0, 0
14749, 158720, 0, 0, 0
14849, 212480, 0, 0, 0
14949, 156160, 0, 0, 0
15049, 128000, 0, 0, 0
15149, 217600, 0, 0, 0
15249, 207360, 0, 0, 0
15349, 125440, 0, 0, 0
15450, 133120, 0, 0, 0
15550, 166400, 0, 0, 0
15650, 197120, 0, 0, 0
15749, 217212, 0, 0, 0
15849, 189440, 0, 0, 0
15949, 189440, 0, 0, 0
16049, 163840, 0, 0, 0
16149, 217600, 0, 0, 0
16249, 199680, 0, 0, 0
16349, 220160, 0, 0, 0
16449, 222720, 0, 0, 0
16549, 253440, 0, 0, 0
16649, 189440, 0, 0, 0
16750, 181760, 0, 0, 0
16850, 153600, 0, 0, 0
16950, 202240, 0, 0, 0
17050, 140800, 0, 0, 0
17150, 197120, 0, 0, 0
17249, 193939, 0, 0, 0
17349, 186880, 0, 0, 0
17449, 156160, 0, 0, 0
17549, 171520, 0, 0, 0
17649, 202240, 0, 0, 0
17749, 202240, 0, 0, 0
17849, 174080, 0, 0, 0
17949, 171520, 0, 0, 0
18049, 181760, 0, 0, 0
18150, 209920, 0, 0, 0
18250, 163840, 0, 0, 0
18350, 202240, 0, 0, 0
18450, 179200, 0, 0, 0
18550, 184320, 0, 0, 0
18650, 186880, 0, 0, 0
18749, 214626, 0, 0, 0
18849, 171520, 0, 0, 0
18949, 176640, 0, 0, 0
19049, 179200, 0, 0, 0
19149, 199680, 0, 0, 0
19249, 166400, 0, 0, 0
19349, 192000, 0, 0, 0
19449, 179200, 0, 0, 0
19550, 135680, 0, 0, 0
19650, 176640, 0, 0, 0
19749, 196525, 0, 0, 0
19849, 212480, 0, 0, 0
19949, 197120, 0, 0, 0
20049, 161280, 0, 0, 0
20149, 202240, 0, 0, 0
20249, 202240, 0, 0, 0
20349, 192000, 0, 0, 0
20449, 163840, 0, 0, 0
20549, 238080, 0, 0, 0
20649, 217600, 0, 0, 0
20749, 204800, 0, 0, 0
20849, 197120, 0, 0, 0
20949, 171520, 0, 0, 0
21050, 181760, 0, 0, 0
21150, 199680, 0, 0, 0
21249, 175838, 0, 0, 0
21349, 171520, 0, 0, 0
21449, 189440, 0, 0, 0
21549, 143360, 0, 0, 0
21649, 189440, 0, 0, 0
21749, 194560, 0, 0, 0
21849, 184320, 0, 0, 0
21949, 184320, 0, 0, 0
22049, 174080, 0, 0, 0
22149, 217600, 0, 0, 0
22249, 194560, 0, 0, 0
22349, 163840, 0, 0, 0
22449, 215040, 0, 0, 0
22550, 204800, 0, 0, 0
22650, 171520, 0, 0, 0
22749, 178424, 0, 0, 0
22849, 153600, 0, 0, 0
22949, 194560, 0, 0, 0
23049, 202240, 0, 0, 0
23149, 189440, 0, 0, 0
23249, 174080, 0, 0, 0
23349, 197120, 0, 0, 0
23449, 181760, 0, 0, 0
23549, 207360, 0, 0, 0
23649, 179200, 0, 0, 0
23749, 168960, 0, 0, 0
23849, 189440, 0, 0, 0
23950, 153600, 0, 0, 0
24050, 217600, 0, 0, 0
24150, 212480, 0, 0, 0
24249, 162909, 0, 0, 0
24349, 217600, 0, 0, 0
24449, 168960, 0, 0, 0
24549, 199680, 0, 0, 0
24649, 151040, 0, 0, 0
24749, 212480, 0, 0, 0
24849, 204800, 0, 0, 0
24949, 194560, 0, 0, 0
25049, 161280, 0, 0, 0
25149, 189440, 0, 0, 0
25250, 179200, 0, 0, 0
25350, 192000, 0, 0, 0
25450, 222720, 0, 0, 0
25550, 202240, 0, 0, 0
25650, 184320, 0, 0, 0
25749, 178424, 0, 0, 0
25849, 222720, 0, 0, 0
25949, 227840, 0, 0, 0
26049, 189440, 0, 0, 0
26149, 161280, 0, 0, 0
26249, 215040, 0, 0, 0
26349, 176640, 0, 0, 0
26449, 192000, 0, 0, 0
26549, 186880, 0, 0, 0
26649, 204800, 0, 0, 0
26750, 207360, 0, 0, 0
26850, 197120, 0, 0, 0
26950, 179200, 0, 0, 0
27050, 192000, 0, 0, 0
27150, 222720, 0, 0, 0
27249, 188767, 0, 0, 0
27349, 189440, 0, 0, 0
27449, 207360, 0, 0, 0
27549, 168960, 0, 0, 0
27649, 174080, 0, 0, 0
27749, 192000, 0, 0, 0
27849, 212480, 0, 0, 0
27949, 204800, 0, 0, 0
28049, 197120, 0, 0, 0
28149, 140800, 0, 0, 0
28250, 189440, 0, 0, 0
28350, 225280, 0, 0, 0
28450, 209920, 0, 0, 0
28550, 202240, 0, 0, 0
28650, 207360, 0, 0, 0
28749, 204282, 0, 0, 0
28849, 166400, 0, 0, 0
28949, 217600, 0, 0, 0
29049, 212480, 0, 0, 0
29149, 184320, 0, 0, 0
29249, 230400, 0, 0, 0
29349, 186880, 0, 0, 0
29449, 192000, 0, 0, 0
29549, 220160, 0, 0, 0
29650, 207360, 0, 0, 0
29750, 163840, 0, 0, 0
29850, 204800, 0, 0, 0
29950, 179200, 0, 0, 0
30050, 140800, 0, 0, 0
30150, 176640, 0, 0, 0
30249, 204282, 0, 0, 0
30349, 179200, 0, 0, 0
30449, 161280, 0, 0, 0
30549, 179200, 0, 0, 0
30649, 176640, 0, 0, 0
30749, 194560, 0, 0, 0
30849, 189440, 0, 0, 0
30949, 197120, 0, 0, 0
31049, 171520, 0, 0, 0
31150, 171520, 0, 0, 0
31250, 161280, 0, 0, 0
31350, 168960, 0, 0, 0
31450, 179200, 0, 0, 0
31550, 207360, 0, 0, 0
31650, 204800, 0, 0, 0
31749, 162909, 0, 0, 0
31849, 207360, 0, 0, 0
31949, 186880, 0, 0, 0
32049, 192000, 0, 0, 0
32149, 189440, 0, 0, 0
32249, 158720, 0, 0, 0
32349, 212480, 0, 0, 0
32449, 207360, 0, 0, 0
32550, 209920, 0, 0, 0
32650, 163840, 0, 0, 0
32749, 170666, 0, 0, 0
32849, 225280, 0, 0, 0
32949, 192000, 0, 0, 0
33049, 166400, 0, 0, 0
33149, 166400, 0, 0, 0
33249, 199680, 0, 0, 0
33349, 151040, 0, 0, 0
33449, 207360, 0, 0, 0
33549, 168960, 0, 0, 0
33649, 166400, 0, 0, 0
33749, 220160, 0, 0, 0
33849, 217600, 0, 0, 0
33950, 192000, 0, 0, 0
34050, 184320, 0, 0, 0
34150, 250880, 0, 0, 0
34249, 162909, 0, 0, 0
34349, 189440, 0, 0, 0
34449, 204800, 0, 0, 0
34549, 138240, 0, 0, 0
34649, 140800, 0, 0, 0
34749, 202240, 0, 0, 0
34849, 192000, 0, 0, 0
34949, 248320, 0, 0, 0
35049, 215040, 0, 0, 0
35149, 153600, 0, 0, 0
35249, 161280, 0, 0, 0
35350, 209920, 0, 0, 0
35450, 163840, 0, 0, 0
35550, 179200, 0, 0, 0
35650, 184320, 0, 0, 0
35749, 191353, 0, 0, 0
35849, 176640, 0, 0, 0
35949, 209920, 0, 0, 0
36049, 192000, 0, 0, 0
36149, 192000, 0, 0, 0
36249, 192000, 0, 0, 0
36349, 199680, 0, 0, 0
36449, 220160, 0, 0, 0
36549, 197120, 0, 0, 0
36649, 181760, 0, 0, 0
36749, 148480, 0, 0, 0
36849, 212480, 0, 0, 0
36950, 207360, 0, 0, 0
37050, 174080, 0, 0, 0
37150, 230400, 0, 0, 0
37249, 186181, 0, 0, 0
37349, 202240, 0, 0, 0
37449, 153600, 0, 0, 0
37549, 207360, 0, 0, 0
37649, 189440, 0, 0, 0
37749, 189440, 0, 0, 0
37849, 204800, 0, 0, 0
37949, 179200, 0, 0, 0
38049, 212480, 0, 0, 0
38149, 194560, 0, 0, 0
38250, 204800, 0, 0, 0
38350, 189440, 0, 0, 0
38450, 209920, 0, 0, 0
38550, 209920, 0, 0, 0
38650, 209920, 0, 0, 0
38749, 219797, 0, 0, 0
38849, 204800, 0, 0, 0
38949, 192000, 0, 0, 0
39049, 158720, 0, 0, 0
39149, 222720, 0, 0, 0
39249, 209920, 0, 0, 0
39349, 189440, 0, 0, 0
39449, 215040, 0, 0, 0
39549, 189440, 0, 0, 0
39649, 184320, 0, 0, 0
39750, 184320, 0, 0, 0
39850, 186880, 0, 0, 0
39950, 184320, 0, 0, 0
40050, 217600, 0, 0, 0
40150, 181760, 0, 0, 0
40249, 209454, 0, 0, 0
40349, 168960, 0, 0, 0
40449, 215040, 0, 0, 0
40549, 217600, 0, 0, 0
40649, 161280, 0, 0, 0
40749, 194560, 0, 0, 0
40849, 176640, 0, 0, 0
40949, 199680, 0, 0, 0
41050, 186880, 0, 0, 0
41150, 197120, 0, 0, 0
41249, 201696, 0, 0, 0
41349, 189440, 0, 0, 0
41449, 212480, 0, 0, 0
41549, 161280, 0, 0, 0
41649, 204800, 0, 0, 0
41749, 217600, 0, 0, 0
41849, 179200, 0, 0, 0
41949, 202240, 0, 0, 0
42049, 212480, 0, 0, 0
42149, 209920, 0, 0, 0
42249, 209920, 0, 0, 0
42350, 197120, 0, 0, 0
42450, 171520, 0, 0, 0
42550, 215040, 0, 0, 0
42650, 227840, 0, 0, 0
42749, 188767, 0, 0, 0
42849, 197120, 0, 0, 0
42949, 207360, 0, 0, 0
43049, 181760, 0, 0, 0
43149, 174080, 0, 0, 0
43249, 166400, 0, 0, 0
43349, 197120, 0, 0, 0
43449, 174080, 0, 0, 0
43549, 189440, 0, 0, 0
43649, 199680, 0, 0, 0
43750, 225280, 0, 0, 0
43850, 186880, 0, 0, 0
43950, 166400, 0, 0, 0
44050, 197120, 0, 0, 0
44150, 176640, 0, 0, 0
44249, 204282, 0, 0, 0
44349, 174080, 0, 0, 0
44449, 161280, 0, 0, 0
44549, 171520, 0, 0, 0
44649, 189440, 0, 0, 0
44749, 199680, 0, 0, 0
44849, 161280, 0, 0, 0
44949, 194560, 0, 0, 0
45050, 161280, 0, 0, 0
45150, 194560, 0, 0, 0
45250, 171520, 0, 0, 0
45350, 145920, 0, 0, 0
45450, 168960, 0, 0, 0
45550, 197120, 0, 0, 0
45650, 174080, 0, 0, 0
45749, 170666, 0, 0, 0
45849, 179200, 0, 0, 0
45949, 179200, 0, 0, 0
46049, 171520, 0, 0, 0
46149, 207360, 0, 0, 0
46249, 199680, 0, 0, 0
46349, 232960, 0, 0, 0
46449, 194560, 0, 0, 0
46550, 176640, 0, 0, 0
46650, 212480, 0, 0, 0
46749, 201696, 0, 0, 0
46849, 209920, 0, 0, 0
46949, 199680, 0, 0, 0
47049, 189440, 0, 0, 0
47149, 197120, 0, 0, 0
47249, 161280, 0, 0, 0
47349, 189440, 0, 0, 0
47449, 161280, 0, 0, 0
47549, 199680, 0, 0, 0
47649, 199680, 0, 0, 0
47749, 207360, 0, 0, 0
47849, 227840, 0, 0, 0
47950, 174080, 0, 0, 0
48050, 179200, 0, 0, 0
48150, 217600, 0, 0, 0
48249, 206868, 0, 0, 0
48349, 166400, 0, 0, 0
48449, 197120, 0, 0, 0
48549, 202240, 0, 0, 0
48649, 174080, 0, 0, 0
48749, 179200, 0, 0, 0
48849, 156160, 0, 0, 0
48949, 189440, 0, 0, 0
49049, 215040, 0, 0, 0
49149, 194560, 0, 0, 0
49249, 174080, 0, 0, 0
49350, 163840, 0, 0, 0
49450, 189440, 0, 0, 0
49550, 235520, 0, 0, 0
49650, 207360, 0, 0, 0
49749, 214626, 0, 0, 0
49849, 189440, 0, 0, 0
49949, 212480, 0, 0, 0
50049, 204800, 0, 0, 0
50149, 199680, 0, 0, 0
50249, 151040, 0, 0, 0
50349, 235520, 0, 0, 0
50449, 232960, 0, 0, 0
50549, 199680, 0, 0, 0
50649, 179200, 0, 0, 0
50750, 209920, 0, 0, 0
50850, 179200, 0, 0, 0
50950, 197120, 0, 0, 0
51050, 207360, 0, 0, 0
51150, 199680, 0, 0, 0
51249, 168080, 0, 0, 0
51349, 227840, 0, 0, 0
51449, 192000, 0, 0, 0
51549, 202240, 0, 0, 0
51649, 225280, 0, 0, 0
51749, 199680, 0, 0, 0
51849, 204800, 0, 0, 0
51949, 204800, 0, 0, 0
52049, 202240, 0, 0, 0
52149, 220160, 0, 0, 0
52250, 179200, 0, 0, 0
52350, 192000, 0, 0, 0
52450, 220160, 0, 0, 0
52550, 230400, 0, 0, 0
52650, 215040, 0, 0, 0
52749, 212040, 0, 0, 0
52849, 161280, 0, 0, 0
52949, 209920, 0, 0, 0
53049, 168960, 0, 0, 0
53149, 168960, 0, 0, 0
53249, 212480, 0, 0, 0
53349, 186880, 0, 0, 0
53449, 215040, 0, 0, 0
53549, 199680, 0, 0, 0
53649, 179200, 0, 0, 0
53750, 192000, 0, 0, 0
53850, 217600, 0, 0, 0
53950, 184320, 0, 0, 0
54050, 209920, 0, 0, 0
54150, 220160, 0, 0, 0
54249, 181010, 0, 0, 0
54349, 156160, 0, 0, 0
54449, 153600, 0, 0, 0
54549, 215040, 0, 0, 0
54649, 204800, 0, 0, 0
54749, 189440, 0, 0, 0
54849, 207360, 0, 0, 0
54949, 199680, 0, 0, 0
55049, 186880, 0, 0, 0
55150, 209920, 0, 0, 0
55250, 227840, 0, 0, 0
55350, 176640, 0, 0, 0
55450, 215040, 0, 0, 0
55550, 215040, 0, 0, 0
55650, 184320, 0, 0, 0
55749, 196525, 0, 0, 0
55849, 192000, 0, 0, 0
55949, 184320, 0, 0, 0
56049, 217600, 0, 0, 0
56149, 197120, 0, 0, 0
56249, 186880, 0, 0, 0
56349, 189440, 0, 0, 0
56449, 207360, 0, 0, 0
56549, 181760, 0, 0, 0
56650, 171520, 0, 0, 0
56750, 189440, 0, 0, 0
56850, 189440, 0, 0, 0
56950, 215040, 0, 0, 0
57050, 207360, 0, 0, 0
57150, 197120, 0, 0, 0
57249, 186181, 0, 0, 0
57349, 189440, 0, 0, 0
57449, 174080, 0, 0, 0
57549, 189440, 0, 0, 0
57649, 192000, 0, 0, 0
57749, 197120, 0, 0, 0
57849, 163840, 0, 0, 0
57949, 186880, 0, 0, 0
58050, 168960, 0, 0, 0
58150, 192000, 0, 0, 0
58250, 222720, 0, 0, 0
58350, 199680, 0, 0, 0
58450, 209920, 0, 0, 0
58550, 184320, 0, 0, 0
58650, 209920, 0, 0, 0
58749, 206868, 0, 0, 0
58849, 202240, 0, 0, 0
58949, 215040, 0, 0, 0
59049, 181760, 0, 0, 0
59149, 207360, 0, 0, 0
59249, 209920, 0, 0, 0
59349, 192000, 0, 0, 0
59449, 181760, 0, 0, 0
59550, 192000, 0, 0, 0
59650, 181760, 0, 0, 0
59750, 189440, 0, 0, 0
59850, 204800, 0, 0, 0
59950, 176640, 0, 0, 0
60050, 207360, 0, 0, 0
60150, 148480, 0, 0, 0
60249, 193939, 0, 0, 0
60349, 199680, 0, 0, 0
60449, 192000, 0, 0, 0
60549, 222720, 0, 0, 0
60649, 197120, 0, 0, 0
60749, 194560, 0, 0, 0
60849, 179200, 0, 0, 0
60950, 207360, 0, 0, 0
61050, 145920, 0, 0, 0
61150, 204800, 0, 0, 0
61249, 199111, 0, 0, 0
61349, 189440, 0, 0, 0
61449, 176640, 0, 0, 0
61549, 215040, 0, 0, 0
61649, 179200, 0, 0, 0
61749, 184320, 0, 0, 0
61849, 192000, 0, 0, 0
61949, 168960, 0, 0, 0
62049, 181760, 0, 0, 0
62149, 217600, 0, 0, 0
62249, 181760, 0, 0, 0
62349, 168960, 0, 0, 0
62449, 168960, 0, 0, 0
62550, 192000, 0, 0, 0
62650, 197120, 0, 0, 0
62749, 206868, 0, 0, 0
62849, 212480, 0, 0, 0
62949, 194560, 0, 0, 0
63049, 192000, 0, 0, 0
63149, 227840, 0, 0, 0
63249, 171520, 0, 0, 0
63349, 217600, 0, 0, 0
63449, 192000, 0, 0, 0
63549, 186880, 0, 0, 0
63649, 166400, 0, 0, 0
63749, 166400, 0, 0, 0
63849, 176640, 0, 0, 0
63949, 209920, 0, 0, 0
64050, 176640, 0, 0, 0
64150, 197120, 0, 0, 0
64249, 212040, 0, 0, 0
64349, 174080, 0, 0, 0
64449, 202240, 0, 0, 0
64549, 192000, 0, 0, 0
64649, 217600, 0, 0, 0
64749, 192000, 0, 0, 0
64849, 163840, 0, 0, 0
64949, 222720, 0, 0, 0
65049, 204800, 0, 0, 0
65149, 181760, 0, 0, 0
65249, 202240, 0, 0, 0
65349, 168960, 0, 0, 0
65450, 181760, 0, 0, 0
65550, 184320, 0, 0, 0
65650, 166400, 0, 0, 0
65749, 181010, 0, 0, 0
65849, 168960, 0, 0, 0
65949, 158720, 0, 0, 0
66049, 184320, 0, 0, 0
66149, 202240, 0, 0, 0
66249, 158720, 0, 0, 0
66349, 204800, 0, 0, 0
66449, 202240, 0, 0, 0
66549, 166400, 0, 0, 0
66649, 212480, 0, 0, 0
66750, 158720, 0, 0, 0
66850, 197120, 0, 0, 0
66950, 192000, 0, 0, 0
67050, 215040, 0, 0, 0
67150, 192000, 0, 0, 0
67249, 152565, 0, 0, 0
67349, 184320, 0, 0, 0
67449, 204800, 0, 0, 0
67549, 199680, 0, 0, 0
67649, 192000, 0, 0, 0
67749, 186880, 0, 0, 0
67849, 176640, 0, 0, 0
67949, 186880, 0, 0, 0
68050, 199680, 0, 0, 0
68150, 140800, 0, 0, 0
68250, 202240, 0, 0, 0
68350, 202240, 0, 0, 0
68450, 194560, 0, 0, 0
68550, 168960, 0, 0, 0
68650, 199680, 0, 0, 0
68749, 212040, 0, 0, 0
68849, 207360, 0, 0, 0
68949, 174080, 0, 0, 0
69049, 181760, 0, 0, 0
69149, 199680, 0, 0, 0
69249, 156160, 0, 0, 0
69349, 199680, 0, 0, 0
69449, 186880, 0, 0, 0
69550, 184320, 0, 0, 0
69650, 207360, 0, 0, 0
69750, 186880, 0, 0, 0
69850, 209920, 0, 0, 0
69950, 189440, 0, 0, 0
70050, 209920, 0, 0, 0
70150, 176640, 0, 0, 0
70249, 235313, 0, 0, 0
70349, 225280, 0, 0, 0
70449, 186880, 0, 0, 0
70549, 186880, 0, 0, 0
70649, 168960, 0, 0, 0
70749, 168960, 0, 0, 0
70849, 153600, 0, 0, 0
70950, 176640, 0, 0, 0
71050, 174080, 0, 0, 0
71150, 176640, 0, 0, 0
71249, 201696, 0, 0, 0
71349, 158720, 0, 0, 0
71449, 161280, 0, 0, 0
71549, 135680, 0, 0, 0
71649, 168960, 0, 0, 0
71749, 194560, 0, 0, 0
71849, 209920, 0, 0, 0
71949, 217600, 0, 0, 0
72049, 212480, 0, 0, 0
72149, 207360, 0, 0, 0
72249, 179200, 0, 0, 0
72350, 171520, 0, 0, 0
72450, 179200, 0, 0, 0
72550, 153600, 0, 0, 0
72650, 163840, 0, 0, 0
72749, 191353, 0, 0, 0
72849, 194560, 0, 0, 0
72949, 176640, 0, 0, 0
73049, 204800, 0, 0, 0
73149, 199680, 0, 0, 0
73249, 197120, 0, 0, 0
73349, 176640, 0, 0, 0
73449, 184320, 0, 0, 0
73549, 179200, 0, 0, 0
73649, 209920, 0, 0, 0
73749, 207360, 0, 0, 0
73849, 166400, 0, 0, 0
73949, 225280, 0, 0, 0
74050, 217600, 0, 0, 0
74150, 199680, 0, 0, 0
74249, 170666, 0, 0, 0
74349, 192000, 0, 0, 0
74449, 204800, 0, 0, 0
74549, 163840, 0, 0, 0
74649, 179200, 0, 0, 0
74749, 217600, 0, 0, 0
74849, 212480, 0, 0, 0
74949, 217600, 0, 0, 0
75049, 199680, 0, 0, 0
75149, 171520, 0, 0, 0
75249, 179200, 0, 0, 0
75349, 189440, 0, 0, 0
75449, 194560, 0, 0, 0
75550, 202240, 0, 0, 0
75650, 202240, 0, 0, 0
75749, 209454, 0, 0, 0
75849, 174080, 0, 0, 0
75949, 156160, 0, 0, 0
76049, 166400, 0, 0, 0
76149, 156160, 0, 0, 0
76249, 171520, 0, 0, 0
76349, 189440, 0, 0, 0
76449, 220160, 0, 0, 0
76549, 161280, 0, 0, 0
76649, 186880, 0, 0, 0
76749, 184320, 0, 0, 0
76849, 207360, 0, 0, 0
76949, 145920, 0, 0, 0
77050, 192000, 0, 0, 0
77150, 181760, 0, 0, 0
77249, 193939, 0, 0, 0
77349, 192000, 0, 0, 0
77449, 199680, 0, 0, 0
77549, 186880, 0, 0, 0
77649, 217600, 0, 0, 0
77749, 204800, 0, 0, 0
77849, 217600, 0, 0, 0
77949, 204800, 0, 0, 0
78049, 204800, 0, 0, 0
78149, 215040, 0, 0, 0
78250, 212480, 0, 0, 0
78350, 204800, 0, 0, 0
78450, 168960, 0, 0, 0
78550, 171520, 0, 0, 0
78650, 212480, 0, 0, 0
78749, 188767, 0, 0, 0
78849, 192000, 0, 0, 0
78949, 192000, 0, 0, 0
79049, 181760, 0, 0, 0
79149, 181760, 0, 0, 0
79249, 204800, 0, 0, 0
79349, 209920, 0, 0, 0
79449, 197120, 0, 0, 0
79549, 199680, 0, 0, 0
79649, 174080, 0, 0, 0
79750, 215040, 0, 0, 0
79850, 202240, 0, 0, 0
79950, 186880, 0, 0, 0
80050, 209920, 0, 0, 0
80150, 204800, 0, 0, 0
80249, 227555, 0, 0, 0
80349, 163840, 0, 0, 0
80449, 184320, 0, 0, 0
80549, 199680, 0, 0, 0
80649, 212480, 0, 0, 0
80749, 202240, 0, 0, 0
80849, 174080, 0, 0, 0
80949, 204800, 0, 0, 0
81049, 230400, 0, 0, 0
81150, 212480, 0, 0, 0
81250, 174080, 0, 0, 0
81350, 171520, 0, 0, 0
81450, 179200, 0, 0, 0
81550, 133120, 0, 0, 0
81650, 225280, 0, 0, 0
81749, 201696, 0, 0, 0
81849, 148480, 0, 0, 0
81949, 186880, 0, 0, 0
82049, 197120, 0, 0, 0
82149, 202240, 0, 0, 0
82249, 220160, 0, 0, 0
82349, 186880, 0, 0, 0
82449, 181760, 0, 0, 0
82550, 207360, 0, 0, 0
82650, 207360, 0, 0, 0
82750, 202240, 0, 0, 0
82850, 199680, 0, 0, 0
82950, 217600, 0, 0, 0
83050, 179200, 0, 0, 0
83150, 168960, 0, 0, 0
83249, 178424, 0, 0, 0
83349, 135680, 0, 0, 0
83449, 194560, 0, 0, 0
83549, 209920, 0, 0, 0
83649, 215040, 0, 0, 0
83749, 179200, 0, 0, 0
83849, 209920, 0, 0, 0
83949, 184320, 0, 0, 0
84050, 158720, 0, 0, 0
84150, 176640, 0, 0, 0
84250, 184320, 0, 0, 0
84350, 209920, 0, 0, 0
84450, 166400, 0, 0, 0
84550, 217600, 0, 0, 0
84650, 158720, 0, 0, 0
84749, 191353, 0, 0, 0
84849, 202240, 0, 0, 0
84949, 204800, 0, 0, 0
85049, 204800, 0, 0, 0
85149, 181760, 0, 0, 0
85249, 194560, 0, 0, 0
85349, 186880, 0, 0, 0
85449, 202240, 0, 0, 0
85550, 181760, 0, 0, 0
85650, 89600, 0, 0, 0
85749, 206868, 0, 0, 0
85849, 215040, 0, 0, 0
85949, 189440, 0, 0, 0
86049, 199680, 0, 0, 0
86149, 202240, 0, 0, 0
86249, 184320, 0, 0, 0
86349, 181760, 0, 0, 0
86449, 145920, 0, 0, 0
86549, 192000, 0, 0, 0
86649, 168960, 0, 0, 0
86749, 207360, 0, 0, 0
86849, 207360, 0, 0, 0
86950, 227840, 0, 0, 0
87050, 192000, 0, 0, 0
87150, 189440, 0, 0, 0
87249, 209454, 0, 0, 0
87349, 222720, 0, 0, 0
87449, 194560, 0, 0, 0
87549, 171520, 0, 0, 0
87649, 171520, 0, 0, 0
87749, 197120, 0, 0, 0
87849, 156160, 0, 0, 0
87949, 212480, 0, 0, 0
88049, 199680, 0, 0, 0
88149, 171520, 0, 0, 0
88249, 197120, 0, 0, 0
88350, 220160, 0, 0, 0
88450, 204800, 0, 0, 0
88550, 202240, 0, 0, 0
88650, 207360, 0, 0, 0
88749, 160323, 0, 0, 0
88849, 161280, 0, 0, 0
88949, 166400, 0, 0, 0
89049, 171520, 0, 0, 0
89149, 184320, 0, 0, 0
89249, 192000, 0, 0, 0
89349, 209920, 0, 0, 0
89449, 204800, 0, 0, 0
89549, 184320, 0, 0, 0
89649, 194560, 0, 0, 0
89749, 230400, 0, 0, 0
89850, 209920, 0, 0, 0
89950, 220160, 0, 0, 0
