101, 2875421, 0, 0, 0
200, 3040682, 0, 0, 0
300, 2070325, 0, 0, 0
400, 2336213, 0, 0, 0
500, 2621259, 0, 0, 0
601, 2509197, 0, 0, 0
700, 2321496, 0, 0, 0
801, 2492023, 0, 0, 0
900, 2726858, 0, 0, 0
1000, 2656382, 0, 0, 0
1101, 3224780, 0, 0, 0
1201, 2527737, 0, 0, 0
1300, 2456956, 0, 0, 0
1400, 2459002, 0, 0, 0
1501, 2650328, 0, 0, 0
1600, 2524257, 0, 0, 0
1702, 2313911, 0, 0, 0
1800, 2895702, 0, 0, 0
1901, 2568021, 0, 0, 0
2000, 3451279, 0, 0, 0
2102, 2726303, 0, 0, 0
2200, 2479291, 0, 0, 0
2300, 2299463, 0, 0, 0
2400, 2610349, 0, 0, 0
2501, 2893226, 0, 0, 0
2600, 2582474, 0, 0, 0
2700, 2652444, 0, 0, 0
2800, 3448206, 0, 0, 0
2900, 2630783, 0, 0, 0
3000, 2486691, 0, 0, 0
3100, 2426600, 0, 0, 0
3201, 2529339, 0, 0, 0
3300, 2624265, 0, 0, 0
3400, 2558322, 0, 0, 0
3500, 2910105, 0, 0, 0
3600, 2303901, 0, 0, 0
3701, 2425728, 0, 0, 0
3801, 2690551, 0, 0, 0
3901, 2946902, 0, 0, 0
4000, 2428139, 0, 0, 0
4100, 2292265, 0, 0, 0
4203, 2920204, 0, 0, 0
4302, 2410626, 0, 0, 0
4400, 2881723, 0, 0, 0
4500, 2463701, 0, 0, 0
4600, 2889661, 0, 0, 0
4700, 2563634, 0, 0, 0
4801, 2481909, 0, 0, 0
4900, 2772889, 0, 0, 0
5000, 2439378, 0, 0, 0
5100, 2954333, 0, 0, 0
5200, 3350182, 0, 0, 0
5300, 2593109, 0, 0, 0
5400, 2346367, 0, 0, 0
5501, 2601695, 0, 0, 0
5600, 2417849, 0, 0, 0
5701, 2406966, 0, 0, 0
5800, 2441793, 0, 0, 0
5901, 2616505, 0, 0, 0
6000, 2970795, 0, 0, 0
6100, 2428359, 0, 0, 0
6202, 2388014, 0, 0, 0
6300, 3081020, 0, 0, 0
6401, 2712272, 0, 0, 0
6502, 2290642, 0, 0, 0
6600, 2654186, 0, 0, 0
6700, 2651419, 0, 0, 0
6801, 3393863, 0, 0, 0
6901, 3072492, 0, 0, 0
7000, 2725038, 0, 0, 0
7101, 2284625, 0, 0, 0
7200, 2761913, 0, 0, 0
7300, 2455534, 0, 0, 0
7403, 2643401, 0, 0, 0
7502, 2367293, 0, 0, 0
7601, 2422772, 0, 0, 0
7700, 2471764, 0, 0, 0
7800, 2610597, 0, 0, 0
7903, 2784523, 0, 0, 0
8002, 2476743, 0, 0, 0
8101, 2460080, 0, 0, 0
8200, 2475042, 0, 0, 0
8300, 2480371, 0, 0, 0
8404, 3119778, 0, 0, 0
8503, 2770754, 0, 0, 0
8600, 2410506, 0, 0, 0
8700, 3283353, 0, 0, 0
8801, 2469963, 0, 0, 0
8900, 3218054, 0, 0, 0
9001, 2673848, 0, 0, 0
9100, 2763654, 0, 0, 0
9200, 3552542, 0, 0, 0
9300, 2740193, 0, 0, 0
9400, 2662650, 0, 0, 0
9505, 2721827, 0, 0, 0
9601, 3239950, 0, 0, 0
9700, 2323718, 0, 0, 0
9800, 2802247, 0, 0, 0
9900, 2577313, 0, 0, 0
10003, 2589251, 0, 0, 0
10100, 3017955, 0, 0, 0
10200, 2419228, 0, 0, 0
10300, 2960675, 0, 0, 0
10401, 2966721, 0, 0, 0
10500, 2513463, 0, 0, 0
10601, 2537544, 0, 0, 0
10702, 2645521, 0, 0, 0
10800, 2504104, 0, 0, 0
10901, 2365816, 0, 0, 0
11000, 2843835, 0, 0, 0
11100, 2332962, 0, 0, 0
11202, 3149655, 0, 0, 0
11301, 3001598, 0, 0, 0
11400, 2621266, 0, 0, 0
11500, 2575217, 0, 0, 0
11601, 2375683, 0, 0, 0
11702, 2749679, 0, 0, 0
11800, 3444789, 0, 0, 0
11901, 2389819, 0, 0, 0
12000, 2665956, 0, 0, 0
12102, 2572897, 0, 0, 0
12200, 2896287, 0, 0, 0
12300, 2747685, 0, 0, 0
12401, 2221059, 0, 0, 0
12500, 2583609, 0, 0, 0
12603, 2821163, 0, 0, 0
12700, 2692108, 0, 0, 0
12801, 2374392, 0, 0, 0
12900, 2624094, 0, 0, 0
13000, 2804748, 0, 0, 0
13100, 2581957, 0, 0, 0
13200, 2332447, 0, 0, 0
13300, 2490104, 0, 0, 0
13401, 3039627, 0, 0, 0
13501, 2312054, 0, 0, 0
13600, 2571869, 0, 0, 0
13700, 2738143, 0, 0, 0
13802, 2495941, 0, 0, 0
13901, 2938026, 0, 0, 0
14000, 3556392, 0, 0, 0
14101, 2655709, 0, 0, 0
14200, 3545509, 0, 0, 0
14300, 2983814, 0, 0, 0
14400, 2453172, 0, 0, 0
14501, 3157859, 0, 0, 0
14600, 2445553, 0, 0, 0
14708, 2945729, 0, 0, 0
14801, 2909636, 0, 0, 0
14900, 2552756, 0, 0, 0
15000, 5102218, 0, 0, 0
15101, 2491951, 0, 0, 0
15200, 2380675, 0, 0, 0
15301, 2974038, 0, 0, 0
15401, 4035808, 0, 0, 0
15500, 3857160, 0, 0, 0
15600, 2751821, 0, 0, 0
15700, 2072601, 0, 0, 0
15800, 2990625, 0, 0, 0
15901, 2647508, 0, 0, 0
16000, 3211045, 0, 0, 0
16101, 2533957, 0, 0, 0
16201, 2474056, 0, 0, 0
16300, 2350416, 0, 0, 0
16400, 2707656, 0, 0, 0
16501, 1853706, 0, 0, 0
16600, 2592298, 0, 0, 0
16709, 2722416, 0, 0, 0
16800, 3301928, 0, 0, 0
16900, 2664762, 0, 0, 0
17018, 2958450, 0, 0, 0
17100, 2906050, 0, 0, 0
17201, 2573228, 0, 0, 0
17300, 2880921, 0, 0, 0
17400, 2608839, 0, 0, 0
17505, 3511923, 0, 0, 0
17600, 2750578, 0, 0, 0
17700, 2457822, 0, 0, 0
17800, 2892932, 0, 0, 0
17900, 3019601, 0, 0, 0
18000, 2909177, 0, 0, 0
18100, 2487569, 0, 0, 0
18200, 2817226, 0, 0, 0
18301, 2578627, 0, 0, 0
18401, 2703441, 0, 0, 0
18501, 2766063, 0, 0, 0
18600, 3101824, 0, 0, 0
18701, 2460090, 0, 0, 0
18801, 2731357, 0, 0, 0
18900, 2884846, 0, 0, 0
19005, 2666983, 0, 0, 0
19100, 2774457, 0, 0, 0
19201, 2911319, 0, 0, 0
19300, 2893290, 0, 0, 0
19401, 2719507, 0, 0, 0
19501, 3356638, 0, 0, 0
19600, 3488296, 0, 0, 0
19700, 2577132, 0, 0, 0
19800, 2341266, 0, 0, 0
19900, 2615174, 0, 0, 0
20000, 2724469, 0, 0, 0
20100, 3019530, 0, 0, 0
20200, 2715857, 0, 0, 0
20300, 2699154, 0, 0, 0
20401, 2634385, 0, 0, 0
20501, 2380275, 0, 0, 0
20600, 2397249, 0, 0, 0
20700, 2412097, 0, 0, 0
20800, 2589872, 0, 0, 0
20902, 2579690, 0, 0, 0
21002, 2906280, 0, 0, 0
21100, 2788613, 0, 0, 0
21206, 2663465, 0, 0, 0
21300, 2965695, 0, 0, 0
21401, 2838754, 0, 0, 0
21513, 3134552, 0, 0, 0
21601, 3031732, 0, 0, 0
21701, 2590376, 0, 0, 0
21802, 2672879, 0, 0, 0
21902, 2996259, 0, 0, 0
22002, 3126583, 0, 0, 0
22100, 2266430, 0, 0, 0
22200, 2609923, 0, 0, 0
22301, 2790216, 0, 0, 0
22400, 2736383, 0, 0, 0
22500, 2569256, 0, 0, 0
22601, 2410287, 0, 0, 0
22700, 3139237, 0, 0, 0
22800, 3256550, 0, 0, 0
22901, 2870384, 0, 0, 0
23000, 2654726, 0, 0, 0
23100, 2389362, 0, 0, 0
23200, 2986039, 0, 0, 0
23300, 2667798, 0, 0, 0
23400, 2998959, 0, 0, 0
23500, 2476817, 0, 0, 0
23600, 2760949, 0, 0, 0
23700, 2722186, 0, 0, 0
23800, 2909042, 0, 0, 0
23900, 2829195, 0, 0, 0
24000, 2921461, 0, 0, 0
24100, 2340117, 0, 0, 0
24200, 2950183, 0, 0, 0
24300, 2620471, 0, 0, 0
24401, 2458358, 0, 0, 0
24501, 2987753, 0, 0, 0
24601, 3167256, 0, 0, 0
24700, 2659536, 0, 0, 0
24800, 2389985, 0, 0, 0
24900, 2743939, 0, 0, 0
25002, 2565808, 0, 0, 0
25100, 2932100, 0, 0, 0
25201, 3021157, 0, 0, 0
25301, 2642369, 0, 0, 0
25400, 2589743, 0, 0, 0
25500, 2481224, 0, 0, 0
25601, 2558518, 0, 0, 0
25702, 2870023, 0, 0, 0
25800, 2384091, 0, 0, 0
25900, 2310690, 0, 0, 0
26000, 2391544, 0, 0, 0
26104, 2979294, 0, 0, 0
26201, 2602437, 0, 0, 0
26301, 2939079, 0, 0, 0
26403, 2769422, 0, 0, 0
26500, 2460709, 0, 0, 0
26601, 2702760, 0, 0, 0
26700, 2512897, 0, 0, 0
26800, 2485904, 0, 0, 0
26900, 3070353, 0, 0, 0
27001, 2616733, 0, 0, 0
27102, 2233754, 0, 0, 0
27202, 2616723, 0, 0, 0
27300, 2878680, 0, 0, 0
27400, 2514780, 0, 0, 0
27500, 2678368, 0, 0, 0
27600, 2950167, 0, 0, 0
27700, 3012902, 0, 0, 0
27800, 2423513, 0, 0, 0
27900, 2462058, 0, 0, 0
28001, 2442870, 0, 0, 0
28100, 2965451, 0, 0, 0
28200, 3581124, 0, 0, 0
28301, 2362841, 0, 0, 0
28400, 2293807, 0, 0, 0
28500, 2712177, 0, 0, 0
28600, 2300043, 0, 0, 0
28701, 2569687, 0, 0, 0
28801, 2637473, 0, 0, 0
28900, 2876166, 0, 0, 0
29000, 2319920, 0, 0, 0
29100, 2411570, 0, 0, 0
29200, 2693446, 0, 0, 0
29300, 2418070, 0, 0, 0
29400, 2971564, 0, 0, 0
29500, 2174247, 0, 0, 0
29600, 2535489, 0, 0, 0
29701, 2873110, 0, 0, 0
29800, 2718661, 0, 0, 0
29900, 2669013, 0, 0, 0
30001, 3782992, 0, 0, 0
30100, 2572921, 0, 0, 0
30200, 2853095, 0, 0, 0
30302, 2697061, 0, 0, 0
30400, 3222938, 0, 0, 0
30500, 3044532, 0, 0, 0
30601, 2511169, 0, 0, 0
30700, 3361816, 0, 0, 0
30800, 2448597, 0, 0, 0
30901, 2575265, 0, 0, 0
31000, 2572082, 0, 0, 0
31100, 3531385, 0, 0, 0
31201, 2669178, 0, 0, 0
31301, 3384561, 0, 0, 0
31402, 2994864, 0, 0, 0
31500, 2518795, 0, 0, 0
31600, 2521821, 0, 0, 0
31700, 2971136, 0, 0, 0
31800, 2694000, 0, 0, 0
31900, 2451095, 0, 0, 0
32001, 2678819, 0, 0, 0
32100, 2892365, 0, 0, 0
32202, 2848299, 0, 0, 0
32300, 2680490, 0, 0, 0
32400, 2604629, 0, 0, 0
32500, 2378331, 0, 0, 0
32600, 2872578, 0, 0, 0
32700, 2998236, 0, 0, 0
32800, 2483536, 0, 0, 0
32901, 2543088, 0, 0, 0
33001, 2781566, 0, 0, 0
33100, 3350150, 0, 0, 0
33201, 2401756, 0, 0, 0
33300, 3120719, 0, 0, 0
33400, 2810882, 0, 0, 0
33501, 3324883, 0, 0, 0
33602, 2920137, 0, 0, 0
33700, 2401683, 0, 0, 0
33800, 2353486, 0, 0, 0
33900, 2825993, 0, 0, 0
34000, 2331560, 0, 0, 0
34101, 2502932, 0, 0, 0
34200, 2407429, 0, 0, 0
34300, 3098332, 0, 0, 0
34401, 2418911, 0, 0, 0
34500, 3688985, 0, 0, 0
34600, 3012935, 0, 0, 0
34701, 3031524, 0, 0, 0
34800, 2609703, 0, 0, 0
34901, 2361067, 0, 0, 0
35000, 2271959, 0, 0, 0
35101, 2410164, 0, 0, 0
35200, 3736714, 0, 0, 0
35300, 2716667, 0, 0, 0
35401, 2626847, 0, 0, 0
35500, 3348530, 0, 0, 0
35600, 2561886, 0, 0, 0
35700, 2792408, 0, 0, 0
35800, 2498672, 0, 0, 0
35900, 2869332, 0, 0, 0
36002, 2522854, 0, 0, 0
36100, 2736639, 0, 0, 0
36200, 2941995, 0, 0, 0
36305, 2501552, 0, 0, 0
36401, 2477058, 0, 0, 0
36500, 2431717, 0, 0, 0
36600, 2768046, 0, 0, 0
36702, 3243465, 0, 0, 0
36800, 2568314, 0, 0, 0
36900, 2639305, 0, 0, 0
37000, 2343356, 0, 0, 0
37100, 2727665, 0, 0, 0
37200, 2372045, 0, 0, 0
37300, 3161918, 0, 0, 0
37400, 2598239, 0, 0, 0
37500, 2680081, 0, 0, 0
37601, 2616507, 0, 0, 0
37701, 2784126, 0, 0, 0
37800, 2593937, 0, 0, 0
37900, 2846762, 0, 0, 0
38000, 2347716, 0, 0, 0
38100, 2590039, 0, 0, 0
38201, 2597592, 0, 0, 0
38300, 2618166, 0, 0, 0
38401, 2615791, 0, 0, 0
38500, 2590039, 0, 0, 0
38600, 2235930, 0, 0, 0
38701, 2345411, 0, 0, 0
38800, 2338529, 0, 0, 0
38900, 2717535, 0, 0, 0
39001, 2939905, 0, 0, 0
39101, 2610940, 0, 0, 0
39200, 2443817, 0, 0, 0
39300, 2396372, 0, 0, 0
39400, 2658307, 0, 0, 0
39500, 2529069, 0, 0, 0
39601, 2943459, 0, 0, 0
39700, 2740400, 0, 0, 0
39804, 2612786, 0, 0, 0
39901, 2689485, 0, 0, 0
40000, 2569440, 0, 0, 0
40101, 2548603, 0, 0, 0
40200, 2653185, 0, 0, 0
40301, 2740264, 0, 0, 0
40401, 2723097, 0, 0, 0
40501, 2400187, 0, 0, 0
40600, 2802175, 0, 0, 0
40700, 2626695, 0, 0, 0
40801, 2818371, 0, 0, 0
40901, 2830951, 0, 0, 0
41000, 2307524, 0, 0, 0
41100, 2821242, 0, 0, 0
41200, 2646755, 0, 0, 0
41301, 2576195, 0, 0, 0
41401, 2706189, 0, 0, 0
41502, 2680344, 0, 0, 0
41600, 2891138, 0, 0, 0
41701, 2400677, 0, 0, 0
41802, 2511384, 0, 0, 0
41902, 2671637, 0, 0, 0
42000, 2428377, 0, 0, 0
42100, 2513074, 0, 0, 0
42200, 2365568, 0, 0, 0
42302, 2780710, 0, 0, 0
42400, 2458148, 0, 0, 0
42501, 2691318, 0, 0, 0
42600, 2280945, 0, 0, 0
42700, 2404974, 0, 0, 0
42803, 2698724, 0, 0, 0
42900, 2567732, 0, 0, 0
43000, 2788242, 0, 0, 0
43100, 2869895, 0, 0, 0
43200, 2629442, 0, 0, 0
43300, 3518435, 0, 0, 0
43401, 2587546, 0, 0, 0
43501, 2709454, 0, 0, 0
43601, 2645532, 0, 0, 0
43700, 2376953, 0, 0, 0
43800, 2520483, 0, 0, 0
43901, 2884087, 0, 0, 0
44000, 2814962, 0, 0, 0
44100, 2796858, 0, 0, 0
44200, 2716204, 0, 0, 0
44300, 2499111, 0, 0, 0
44402, 3122827, 0, 0, 0
44500, 3436985, 0, 0, 0
44601, 2600125, 0, 0, 0
44701, 2845316, 0, 0, 0
44801, 2872158, 0, 0, 0
44901, 2843022, 0, 0, 0
45000, 2598879, 0, 0, 0
45100, 3088680, 0, 0, 0
45203, 2971535, 0, 0, 0
45302, 2759957, 0, 0, 0
45400, 3283452, 0, 0, 0
45500, 3274742, 0, 0, 0
45600, 2448978, 0, 0, 0
45700, 3689881, 0, 0, 0
45800, 2621991, 0, 0, 0
45903, 2853814, 0, 0, 0
46000, 2980192, 0, 0, 0
46101, 2586865, 0, 0, 0
46200, 2633199, 0, 0, 0
46300, 2427251, 0, 0, 0
46401, 2340491, 0, 0, 0
46501, 2958772, 0, 0, 0
46601, 2505306, 0, 0, 0
46702, 2387737, 0, 0, 0
46800, 2561040, 0, 0, 0
46901, 2269901, 0, 0, 0
47001, 2889007, 0, 0, 0
47100, 2591848, 0, 0, 0
47205, 2962245, 0, 0, 0
47301, 2717735, 0, 0, 0
47400, 3490857, 0, 0, 0
47500, 2481526, 0, 0, 0
47601, 2785650, 0, 0, 0
47700, 2351163, 0, 0, 0
47801, 2348838, 0, 0, 0
47900, 2448579, 0, 0, 0
48000, 3553555, 0, 0, 0
48100, 2353636, 0, 0, 0
48200, 2524950, 0, 0, 0
48300, 2449430, 0, 0, 0
48400, 2934328, 0, 0, 0
48501, 2687301, 0, 0, 0
48600, 2935183, 0, 0, 0
48701, 2541751, 0, 0, 0
48800, 2861549, 0, 0, 0
48900, 3456485, 0, 0, 0
49000, 2397792, 0, 0, 0
49102, 2732154, 0, 0, 0
49200, 2832740, 0, 0, 0
49300, 3155990, 0, 0, 0
49401, 2638705, 0, 0, 0
49500, 2323921, 0, 0, 0
49600, 2294507, 0, 0, 0
49700, 2535269, 0, 0, 0
49800, 2539697, 0, 0, 0
49900, 2590909, 0, 0, 0
50000, 2364935, 0, 0, 0
50100, 2496468, 0, 0, 0
50200, 2742396, 0, 0, 0
50300, 2945175, 0, 0, 0
50401, 2211580, 0, 0, 0
50500, 2297131, 0, 0, 0
50602, 2739125, 0, 0, 0
50700, 2672846, 0, 0, 0
50800, 2435231, 0, 0, 0
50900, 3113421, 0, 0, 0
51000, 2212304, 0, 0, 0
51100, 2665926, 0, 0, 0
51200, 2737062, 0, 0, 0
51300, 2832498, 0, 0, 0
51402, 2443831, 0, 0, 0
51500, 2464218, 0, 0, 0
51600, 2401682, 0, 0, 0
51700, 2486846, 0, 0, 0
51800, 2589279, 0, 0, 0
51901, 2342686, 0, 0, 0
52004, 2798061, 0, 0, 0
52100, 2292604, 0, 0, 0
52201, 2426192, 0, 0, 0
52301, 2800225, 0, 0, 0
52400, 2567632, 0, 0, 0
52500, 2175103, 0, 0, 0
52600, 2365421, 0, 0, 0
52701, 2354084, 0, 0, 0
52801, 2697693, 0, 0, 0
52900, 2891437, 0, 0, 0
53000, 2693280, 0, 0, 0
53100, 3336307, 0, 0, 0
53200, 2446746, 0, 0, 0
53301, 2777171, 0, 0, 0
53400, 2376515, 0, 0, 0
53501, 2438152, 0, 0, 0
53601, 2846211, 0, 0, 0
53700, 2618796, 0, 0, 0
53800, 2484600, 0, 0, 0
53900, 2827714, 0, 0, 0
54000, 2343595, 0, 0, 0
54100, 2406265, 0, 0, 0
54200, 2560531, 0, 0, 0
54300, 2920055, 0, 0, 0
54400, 3451600, 0, 0, 0
54500, 2929605, 0, 0, 0
54600, 2251161, 0, 0, 0
54700, 2808486, 0, 0, 0
54801, 2654190, 0, 0, 0
54901, 2294180, 0, 0, 0
55000, 2954963, 0, 0, 0
55101, 2406393, 0, 0, 0
55200, 2224294, 0, 0, 0
55301, 2720544, 0, 0, 0
55400, 2612678, 0, 0, 0
55500, 2315826, 0, 0, 0
55600, 2785595, 0, 0, 0
55700, 2505095, 0, 0, 0
55800, 2574547, 0, 0, 0
55901, 2793201, 0, 0, 0
56001, 2674675, 0, 0, 0
56103, 2353873, 0, 0, 0
56200, 2968593, 0, 0, 0
56300, 2807190, 0, 0, 0
56401, 2369398, 0, 0, 0
56500, 2610209, 0, 0, 0
56600, 3076162, 0, 0, 0
56700, 2695458, 0, 0, 0
56801, 2876859, 0, 0, 0
56900, 2360085, 0, 0, 0
57000, 2506654, 0, 0, 0
57100, 2394531, 0, 0, 0
57202, 2835434, 0, 0, 0
57301, 2657097, 0, 0, 0
57400, 2714083, 0, 0, 0
57500, 2804043, 0, 0, 0
57601, 2650453, 0, 0, 0
57700, 2871203, 0, 0, 0
57801, 2868718, 0, 0, 0
57900, 2787480, 0, 0, 0
58000, 2754751, 0, 0, 0
58100, 2870188, 0, 0, 0
58201, 2480446, 0, 0, 0
58300, 2563010, 0, 0, 0
58400, 2447064, 0, 0, 0
58500, 2454512, 0, 0, 0
58600, 2916740, 0, 0, 0
58701, 2388318, 0, 0, 0
58800, 2460278, 0, 0, 0
58900, 2405989, 0, 0, 0
59000, 2555696, 0, 0, 0
59101, 2942964, 0, 0, 0
59201, 2187443, 0, 0, 0
59301, 2846746, 0, 0, 0
59400, 2548395, 0, 0, 0
59500, 2638698, 0, 0, 0
59600, 3062931, 0, 0, 0
59700, 2524394, 0, 0, 0
59802, 2736537, 0, 0, 0
59900, 2757776, 0, 0, 0
60000, 2796100, 0, 0, 0
60100, 2929592, 0, 0, 0
60200, 2544330, 0, 0, 0
60300, 2726711, 0, 0, 0
60400, 2588040, 0, 0, 0
60501, 2474320, 0, 0, 0
60601, 2458837, 0, 0, 0
60700, 2463329, 0, 0, 0
60800, 3165960, 0, 0, 0
60900, 2776652, 0, 0, 0
61002, 2738953, 0, 0, 0
61101, 2603804, 0, 0, 0
61200, 2738775, 0, 0, 0
61300, 2319874, 0, 0, 0
61400, 2981053, 0, 0, 0
61500, 2809175, 0, 0, 0
61601, 2675516, 0, 0, 0
61700, 2585014, 0, 0, 0
61800, 3038923, 0, 0, 0
61900, 2550448, 0, 0, 0
62000, 3498072, 0, 0, 0
62100, 2348512, 0, 0, 0
62200, 2426338, 0, 0, 0
62301, 3239264, 0, 0, 0
62400, 2907272, 0, 0, 0
62500, 2939035, 0, 0, 0
62601, 2618344, 0, 0, 0
62700, 2473481, 0, 0, 0
62800, 2365680, 0, 0, 0
62900, 2652834, 0, 0, 0
63000, 2452863, 0, 0, 0
63100, 2581339, 0, 0, 0
63202, 2532176, 0, 0, 0
63301, 2650000, 0, 0, 0
63400, 2484015, 0, 0, 0
63500, 2478495, 0, 0, 0
63601, 3201332, 0, 0, 0
63700, 2753212, 0, 0, 0
63801, 3544668, 0, 0, 0
63901, 2627056, 0, 0, 0
64000, 2647746, 0, 0, 0
64100, 2537128, 0, 0, 0
64200, 2572927, 0, 0, 0
64301, 2976867, 0, 0, 0
64400, 2837157, 0, 0, 0
64500, 2269500, 0, 0, 0
64600, 2731896, 0, 0, 0
64700, 2339482, 0, 0, 0
64801, 2981690, 0, 0, 0
64900, 2611340, 0, 0, 0
65001, 2340802, 0, 0, 0
65100, 2673436, 0, 0, 0
65200, 2786968, 0, 0, 0
65301, 2639119, 0, 0, 0
65403, 2803618, 0, 0, 0
65501, 3044032, 0, 0, 0
65600, 2486724, 0, 0, 0
65700, 3235482, 0, 0, 0
65800, 2917508, 0, 0, 0
65902, 2710756, 0, 0, 0
66001, 4408855, 0, 0, 0
66100, 2383364, 0, 0, 0
66200, 2588083, 0, 0, 0
66300, 2905189, 0, 0, 0
66400, 2503406, 0, 0, 0
66501, 3143663, 0, 0, 0
66600, 2655665, 0, 0, 0
66701, 2551239, 0, 0, 0
66800, 3057513, 0, 0, 0
66900, 2553283, 0, 0, 0
67000, 2717840, 0, 0, 0
67100, 2398954, 0, 0, 0
67201, 2639261, 0, 0, 0
67300, 3321224, 0, 0, 0
67401, 2752443, 0, 0, 0
67500, 2294978, 0, 0, 0
67600, 2953421, 0, 0, 0
67701, 2711037, 0, 0, 0
67802, 2518895, 0, 0, 0
67901, 3083148, 0, 0, 0
68001, 2675154, 0, 0, 0
68114, 2987878, 0, 0, 0
68200, 2861059, 0, 0, 0
68300, 2511512, 0, 0, 0
68400, 2680706, 0, 0, 0
68500, 3194223, 0, 0, 0
68600, 2496624, 0, 0, 0
68701, 2676609, 0, 0, 0
68800, 2208944, 0, 0, 0
68900, 2641498, 0, 0, 0
69000, 3369496, 0, 0, 0
69100, 2291864, 0, 0, 0
69200, 3149345, 0, 0, 0
69300, 2769122, 0, 0, 0
69402, 2622653, 0, 0, 0
69500, 2878438, 0, 0, 0
69600, 2827543, 0, 0, 0
69703, 2500456, 0, 0, 0
69800, 2517764, 0, 0, 0
69900, 2502628, 0, 0, 0
70001, 2572579, 0, 0, 0
70100, 2573762, 0, 0, 0
70201, 2661975, 0, 0, 0
70300, 2083503, 0, 0, 0
70400, 2586162, 0, 0, 0
70500, 2761245, 0, 0, 0
70601, 2708936, 0, 0, 0
70700, 3553451, 0, 0, 0
70805, 2728644, 0, 0, 0
70901, 3638802, 0, 0, 0
71000, 2871320, 0, 0, 0
71100, 3065475, 0, 0, 0
71200, 2417928, 0, 0, 0
71301, 2954527, 0, 0, 0
71401, 3505781, 0, 0, 0
71502, 3641193, 0, 0, 0
71600, 3175221, 0, 0, 0
71701, 2779775, 0, 0, 0
71800, 2454744, 0, 0, 0
71900, 2482288, 0, 0, 0
72000, 2202668, 0, 0, 0
72101, 2654424, 0, 0, 0
72200, 2460215, 0, 0, 0
72302, 2739762, 0, 0, 0
72400, 3350987, 0, 0, 0
72500, 3128791, 0, 0, 0
72600, 2951789, 0, 0, 0
72700, 2934101, 0, 0, 0
72801, 2546737, 0, 0, 0
72900, 3068989, 0, 0, 0
73001, 2356147, 0, 0, 0
73100, 3002554, 0, 0, 0
73200, 2480467, 0, 0, 0
73300, 2524611, 0, 0, 0
73400, 2981080, 0, 0, 0
73500, 2927826, 0, 0, 0
73600, 2690133, 0, 0, 0
73700, 2136550, 0, 0, 0
73800, 3074116, 0, 0, 0
73901, 2606322, 0, 0, 0
74000, 2509928, 0, 0, 0
74100, 2275362, 0, 0, 0
74200, 2683332, 0, 0, 0
74300, 3014295, 0, 0, 0
74400, 2506155, 0, 0, 0
74500, 3266911, 0, 0, 0
74600, 2749192, 0, 0, 0
74700, 2485485, 0, 0, 0
74800, 2358690, 0, 0, 0
74900, 2328667, 0, 0, 0
75000, 2559388, 0, 0, 0
75100, 2509186, 0, 0, 0
75201, 3262772, 0, 0, 0
75300, 2812316, 0, 0, 0
75401, 2482511, 0, 0, 0
75500, 2586523, 0, 0, 0
75600, 2653565, 0, 0, 0
75700, 2347564, 0, 0, 0
75801, 2959092, 0, 0, 0
75901, 3233172, 0, 0, 0
76001, 2799314, 0, 0, 0
76100, 3371653, 0, 0, 0
76202, 3350310, 0, 0, 0
76301, 2412190, 0, 0, 0
76400, 2460898, 0, 0, 0
76501, 3141920, 0, 0, 0
76600, 2771267, 0, 0, 0
76701, 2941021, 0, 0, 0
76800, 2456040, 0, 0, 0
76902, 3011637, 0, 0, 0
77000, 2698794, 0, 0, 0
77102, 3171557, 0, 0, 0
77200, 2566577, 0, 0, 0
77300, 2776804, 0, 0, 0
77400, 2472172, 0, 0, 0
77500, 2681936, 0, 0, 0
77600, 2793947, 0, 0, 0
77700, 2279448, 0, 0, 0
77800, 2345764, 0, 0, 0
77902, 2336786, 0, 0, 0
78000, 2483564, 0, 0, 0
78101, 2467167, 0, 0, 0
78200, 2605395, 0, 0, 0
78301, 2191134, 0, 0, 0
78401, 3124052, 0, 0, 0
78501, 3028750, 0, 0, 0
78600, 2542952, 0, 0, 0
78701, 2615552, 0, 0, 0
78800, 2689913, 0, 0, 0
78900, 2507972, 0, 0, 0
79000, 2844525, 0, 0, 0
79100, 2734360, 0, 0, 0
79200, 2834103, 0, 0, 0
79300, 2564549, 0, 0, 0
79400, 2316961, 0, 0, 0
79500, 2833685, 0, 0, 0
79600, 2601201, 0, 0, 0
79700, 2655606, 0, 0, 0
79800, 2391580, 0, 0, 0
79901, 2536867, 0, 0, 0
80001, 2805583, 0, 0, 0
80100, 2354887, 0, 0, 0
80200, 2402726, 0, 0, 0
80301, 2830525, 0, 0, 0
80400, 2656750, 0, 0, 0
80500, 2788345, 0, 0, 0
80600, 2479725, 0, 0, 0
80700, 2299561, 0, 0, 0
80800, 2567091, 0, 0, 0
80900, 3116973, 0, 0, 0
81001, 2222117, 0, 0, 0
81101, 2598918, 0, 0, 0
81200, 2329854, 0, 0, 0
81301, 3020416, 0, 0, 0
81400, 3290098, 0, 0, 0
81500, 3054740, 0, 0, 0
81601, 2834502, 0, 0, 0
81702, 2525334, 0, 0, 0
81800, 2723387, 0, 0, 0
81901, 3443465, 0, 0, 0
82000, 2435443, 0, 0, 0
82100, 2518470, 0, 0, 0
82200, 2506079, 0, 0, 0
82300, 2662724, 0, 0, 0
82400, 2796900, 0, 0, 0
82500, 2537185, 0, 0, 0
82601, 2432491, 0, 0, 0
82700, 2419814, 0, 0, 0
82800, 2656565, 0, 0, 0
82901, 2488212, 0, 0, 0
83000, 2515463, 0, 0, 0
83101, 2828771, 0, 0, 0
83200, 3004915, 0, 0, 0
83301, 3602591, 0, 0, 0
83400, 2867826, 0, 0, 0
83501, 2487843, 0, 0, 0
83600, 2677669, 0, 0, 0
83700, 2242581, 0, 0, 0
83800, 2938267, 0, 0, 0
83900, 2404948, 0, 0, 0
84000, 3687168, 0, 0, 0
84100, 2917146, 0, 0, 0
84200, 2813979, 0, 0, 0
84300, 2331297, 0, 0, 0
84400, 2965208, 0, 0, 0
84500, 2636292, 0, 0, 0
84601, 2801690, 0, 0, 0
84700, 2927951, 0, 0, 0
84800, 2427507, 0, 0, 0
84900, 2738042, 0, 0, 0
85001, 2266948, 0, 0, 0
85101, 2893395, 0, 0, 0
85200, 2637925, 0, 0, 0
85300, 2700569, 0, 0, 0
85400, 2716858, 0, 0, 0
85502, 2544937, 0, 0, 0
85615, 3821642, 0, 0, 0
85700, 3386564, 0, 0, 0
85800, 2466592, 0, 0, 0
85900, 2432262, 0, 0, 0
86000, 2748162, 0, 0, 0
86100, 2567822, 0, 0, 0
86201, 2396659, 0, 0, 0
86300, 2922591, 0, 0, 0
86401, 3627571, 0, 0, 0
86500, 2785349, 0, 0, 0
86600, 3088452, 0, 0, 0
86700, 2496317, 0, 0, 0
86800, 2555025, 0, 0, 0
86900, 2296513, 0, 0, 0
87000, 2354349, 0, 0, 0
87100, 3012224, 0, 0, 0
87200, 2342155, 0, 0, 0
87301, 2389955, 0, 0, 0
87400, 2554083, 0, 0, 0
87501, 3172864, 0, 0, 0
87600, 2478804, 0, 0, 0
87700, 2941987, 0, 0, 0
87800, 2652196, 0, 0, 0
87901, 3100101, 0, 0, 0
88000, 2337661, 0, 0, 0
88100, 3462724, 0, 0, 0
88200, 2509038, 0, 0, 0
88300, 2503436, 0, 0, 0
88400, 2340701, 0, 0, 0
88500, 2447623, 0, 0, 0
88600, 2416017, 0, 0, 0
88700, 3071882, 0, 0, 0
88800, 3381915, 0, 0, 0
88900, 2660348, 0, 0, 0
89001, 3486036, 0, 0, 0
89100, 2823421, 0, 0, 0
89201, 2573736, 0, 0, 0
89300, 2589720, 0, 0, 0
89402, 2460183, 0, 0, 0
89502, 2818008, 0, 0, 0
89600, 2415649, 0, 0, 0
89701, 2444735, 0, 0, 0
89800, 2448715, 0, 0, 0
89900, 2333220, 0, 0, 0
90000, 2362491, 0, 0, 0
90002, 3977648, 0, 0, 0
