100, 6217, 0, 0, 0
200, 6791, 0, 0, 0
300, 6046, 0, 0, 0
400, 6689, 0, 0, 0
500, 5473, 0, 0, 0
601, 5765, 0, 0, 0
709, 6453, 0, 0, 0
801, 5838, 0, 0, 0
900, 5473, 0, 0, 0
1000, 5382, 0, 0, 0
1104, 6362, 0, 0, 0
1201, 6579, 0, 0, 0
1301, 6426, 0, 0, 0
1401, 5935, 0, 0, 0
1500, 5957, 0, 0, 0
1601, 6481, 0, 0, 0
1700, 5590, 0, 0, 0
1800, 6458, 0, 0, 0
1900, 5767, 0, 0, 0
2000, 5642, 0, 0, 0
2103, 5698, 0, 0, 0
2254, 5859, 0, 0, 0
2301, 6220, 0, 0, 0
2400, 5848, 0, 0, 0
2522, 5736, 0, 0, 0
2601, 6362, 0, 0, 0
2700, 5941, 0, 0, 0
2800, 6190, 0, 0, 0
2900, 5491, 0, 0, 0
3000, 5790, 0, 0, 0
3101, 5516, 0, 0, 0
3201, 5745, 0, 0, 0
3304, 5877, 0, 0, 0
3400, 5739, 0, 0, 0
3501, 5959, 0, 0, 0
3600, 6140, 0, 0, 0
3700, 5955, 0, 0, 0
3802, 5763, 0, 0, 0
3900, 5798, 0, 0, 0
4000, 5936, 0, 0, 0
4100, 5651, 0, 0, 0
4201, 5448, 0, 0, 0
4300, 5659, 0, 0, 0
4400, 5718, 0, 0, 0
4500, 6182, 0, 0, 0
4601, 6513, 0, 0, 0
4700, 5516, 0, 0, 0
4800, 5710, 0, 0, 0
4901, 5988, 0, 0, 0
5004, 5534, 0, 0, 0
5127, 5856, 0, 0, 0
5200, 6081, 0, 0, 0
5300, 5582, 0, 0, 0
5400, 5849, 0, 0, 0
5501, 5685, 0, 0, 0
5600, 6196, 0, 0, 0
5702, 5558, 0, 0, 0
5800, 5773, 0, 0, 0
5901, 5519, 0, 0, 0
6010, 6027, 0, 0, 0
6100, 5608, 0, 0, 0
6201, 6220, 0, 0, 0
6300, 5904, 0, 0, 0
6401, 5636, 0, 0, 0
6500, 5734, 0, 0, 0
6601, 6174, 0, 0, 0
6700, 5755, 0, 0, 0
6803, 5653, 0, 0, 0
6901, 5505, 0, 0, 0
7000, 5553, 0, 0, 0
7100, 5454, 0, 0, 0
7200, 5562, 0, 0, 0
7300, 5559, 0, 0, 0
7400, 5300, 0, 0, 0
7502, 5705, 0, 0, 0
7600, 6075, 0, 0, 0
7701, 6031, 0, 0, 0
7801, 5810, 0, 0, 0
7915, 5960, 0, 0, 0
8000, 6069, 0, 0, 0
8100, 6130, 0, 0, 0
8200, 6577, 0, 0, 0
8302, 5837, 0, 0, 0
8400, 5942, 0, 0, 0
8500, 6373, 0, 0, 0
8600, 5724, 0, 0, 0
8700, 5814, 0, 0, 0
8800, 6470, 0, 0, 0
8902, 5302, 0, 0, 0
9001, 5894, 0, 0, 0
9102, 5781, 0, 0, 0
9201, 5615, 0, 0, 0
9300, 5617, 0, 0, 0
9400, 6073, 0, 0, 0
9501, 5588, 0, 0, 0
9600, 6230, 0, 0, 0
9701, 5846, 0, 0, 0
9800, 5610, 0, 0, 0
9900, 6375, 0, 0, 0
10000, 5212, 0, 0, 0
10103, 5944, 0, 0, 0
10200, 5746, 0, 0, 0
10302, 5591, 0, 0, 0
10400, 5428, 0, 0, 0
10500, 6407, 0, 0, 0
10600, 5615, 0, 0, 0
10700, 5344, 0, 0, 0
10800, 5880, 0, 0, 0
10901, 5663, 0, 0, 0
11001, 5849, 0, 0, 0
11101, 5998, 0, 0, 0
11200, 5483, 0, 0, 0
11301, 5765, 0, 0, 0
11400, 6060, 0, 0, 0
11501, 5425, 0, 0, 0
11601, 6120, 0, 0, 0
11700, 5860, 0, 0, 0
11800, 5830, 0, 0, 0
11900, 5941, 0, 0, 0
12004, 6458, 0, 0, 0
12101, 5818, 0, 0, 0
12202, 5858, 0, 0, 0
12300, 6024, 0, 0, 0
12401, 6215, 0, 0, 0
12500, 6531, 0, 0, 0
12600, 5720, 0, 0, 0
12705, 5950, 0, 0, 0
12800, 6049, 0, 0, 0
12906, 5659, 0, 0, 0
13001, 6099, 0, 0, 0
13100, 5732, 0, 0, 0
13211, 5723, 0, 0, 0
13301, 6034, 0, 0, 0
13400, 6231, 0, 0, 0
13500, 6420, 0, 0, 0
13600, 6389, 0, 0, 0
13700, 5994, 0, 0, 0
13800, 6656, 0, 0, 0
13900, 5758, 0, 0, 0
14003, 5690, 0, 0, 0
14104, 5612, 0, 0, 0
14200, 5697, 0, 0, 0
14301, 6435, 0, 0, 0
14401, 6355, 0, 0, 0
14500, 6044, 0, 0, 0
14601, 5751, 0, 0, 0
14700, 5508, 0, 0, 0
14800, 5573, 0, 0, 0
14902, 6112, 0, 0, 0
15001, 5305, 0, 0, 0
15101, 6222, 0, 0, 0
15210, 5804, 0, 0, 0
15300, 5906, 0, 0, 0
15404, 6029, 0, 0, 0
15500, 6674, 0, 0, 0
15607, 5916, 0, 0, 0
15700, 5578, 0, 0, 0
15800, 5519, 0, 0, 0
15900, 6222, 0, 0, 0
16000, 5531, 0, 0, 0
16100, 5624, 0, 0, 0
16201, 5849, 0, 0, 0
16300, 6230, 0, 0, 0
16400, 6077, 0, 0, 0
16502, 6139, 0, 0, 0
16603, 6055, 0, 0, 0
16712, 5819, 0, 0, 0
16800, 6640, 0, 0, 0
16900, 5577, 0, 0, 0
17000, 5483, 0, 0, 0
17100, 6001, 0, 0, 0
17208, 5854, 0, 0, 0
17300, 5740, 0, 0, 0
17433, 6026, 0, 0, 0
17508, 5992, 0, 0, 0
17622, 6217, 0, 0, 0
17700, 5914, 0, 0, 0
17800, 6071, 0, 0, 0
17901, 5586, 0, 0, 0
18000, 5627, 0, 0, 0
18100, 5972, 0, 0, 0
18200, 5417, 0, 0, 0
18300, 6056, 0, 0, 0
18400, 6583, 0, 0, 0
18500, 5706, 0, 0, 0
18604, 5781, 0, 0, 0
18700, 6105, 0, 0, 0
18800, 6229, 0, 0, 0
18902, 6302, 0, 0, 0
19000, 6062, 0, 0, 0
19104, 5956, 0, 0, 0
19200, 5752, 0, 0, 0
19300, 6670, 0, 0, 0
19402, 5940, 0, 0, 0
19500, 6138, 0, 0, 0
19600, 5931, 0, 0, 0
19700, 7095, 0, 0, 0
19805, 5801, 0, 0, 0
19901, 6319, 0, 0, 0
20000, 5404, 0, 0, 0
20121, 5689, 0, 0, 0
20201, 5816, 0, 0, 0
20302, 6315, 0, 0, 0
20402, 5910, 0, 0, 0
20500, 6308, 0, 0, 0
20612, 5700, 0, 0, 0
20700, 6305, 0, 0, 0
20803, 5763, 0, 0, 0
20900, 6027, 0, 0, 0
21000, 5947, 0, 0, 0
21101, 5615, 0, 0, 0
21201, 5209, 0, 0, 0
21300, 5497, 0, 0, 0
21406, 6142, 0, 0, 0
21500, 5802, 0, 0, 0
21602, 5770, 0, 0, 0
21700, 5563, 0, 0, 0
21801, 5759, 0, 0, 0
21900, 5800, 0, 0, 0
22000, 5422, 0, 0, 0
22100, 5950, 0, 0, 0
22205, 5680, 0, 0, 0
22303, 5657, 0, 0, 0
22400, 6033, 0, 0, 0
22501, 6148, 0, 0, 0
22600, 5743, 0, 0, 0
22700, 5911, 0, 0, 0
22800, 5876, 0, 0, 0
22900, 5431, 0, 0, 0
23000, 6130, 0, 0, 0
23100, 5564, 0, 0, 0
23200, 5940, 0, 0, 0
23300, 6042, 0, 0, 0
23402, 6356, 0, 0, 0
23500, 6012, 0, 0, 0
23601, 6797, 0, 0, 0
23700, 5527, 0, 0, 0
23800, 6016, 0, 0, 0
23900, 5553, 0, 0, 0
24000, 5478, 0, 0, 0
24111, 6422, 0, 0, 0
24218, 6046, 0, 0, 0
24301, 6010, 0, 0, 0
24400, 5664, 0, 0, 0
24501, 5729, 0, 0, 0
24600, 5917, 0, 0, 0
24700, 5594, 0, 0, 0
24800, 5866, 0, 0, 0
24901, 5723, 0, 0, 0
25000, 6025, 0, 0, 0
25102, 5796, 0, 0, 0
25201, 5683, 0, 0, 0
25301, 5838, 0, 0, 0
25401, 5520, 0, 0, 0
25500, 5544, 0, 0, 0
25600, 5953, 0, 0, 0
25702, 5596, 0, 0, 0
25800, 6214, 0, 0, 0
25900, 5682, 0, 0, 0
26006, 5930, 0, 0, 0
26100, 5475, 0, 0, 0
26200, 5531, 0, 0, 0
26300, 5524, 0, 0, 0
26401, 5729, 0, 0, 0
26501, 6219, 0, 0, 0
26600, 5552, 0, 0, 0
26702, 5548, 0, 0, 0
26800, 6011, 0, 0, 0
26902, 5602, 0, 0, 0
27023, 6086, 0, 0, 0
27102, 6531, 0, 0, 0
27202, 5791, 0, 0, 0
27300, 6200, 0, 0, 0
27400, 6056, 0, 0, 0
27500, 6047, 0, 0, 0
27601, 5784, 0, 0, 0
27701, 5890, 0, 0, 0
27801, 5747, 0, 0, 0
27900, 5483, 0, 0, 0
28000, 5671, 0, 0, 0
28100, 5530, 0, 0, 0
28201, 5644, 0, 0, 0
28300, 6828, 0, 0, 0
28400, 6300, 0, 0, 0
28500, 5794, 0, 0, 0
28600, 6318, 0, 0, 0
28700, 6676, 0, 0, 0
28800, 5783, 0, 0, 0
28900, 5844, 0, 0, 0
29000, 5276, 0, 0, 0
29100, 5719, 0, 0, 0
29201, 5893, 0, 0, 0
29300, 6041, 0, 0, 0
29400, 6140, 0, 0, 0
29500, 6147, 0, 0, 0
29601, 5932, 0, 0, 0
29700, 6009, 0, 0, 0
29801, 5632, 0, 0, 0
29901, 5921, 0, 0, 0
30001, 5843, 0, 0, 0
30101, 5914, 0, 0, 0
30200, 5338, 0, 0, 0
30301, 6061, 0, 0, 0
30401, 6282, 0, 0, 0
30500, 6192, 0, 0, 0
30601, 6641, 0, 0, 0
30700, 6149, 0, 0, 0
30806, 5601, 0, 0, 0
30901, 5598, 0, 0, 0
31000, 6142, 0, 0, 0
31100, 5895, 0, 0, 0
31200, 5839, 0, 0, 0
31300, 6498, 0, 0, 0
31400, 6400, 0, 0, 0
31500, 5499, 0, 0, 0
31600, 5746, 0, 0, 0
31700, 5672, 0, 0, 0
31801, 5710, 0, 0, 0
31900, 6183, 0, 0, 0
32000, 5585, 0, 0, 0
32100, 5432, 0, 0, 0
32200, 5915, 0, 0, 0
32300, 5676, 0, 0, 0
32402, 5423, 0, 0, 0
32521, 5747, 0, 0, 0
32600, 5738, 0, 0, 0
32700, 6407, 0, 0, 0
32800, 5763, 0, 0, 0
32909, 5670, 0, 0, 0
33000, 5320, 0, 0, 0
33100, 5616, 0, 0, 0
33200, 5706, 0, 0, 0
33304, 5523, 0, 0, 0
33400, 6034, 0, 0, 0
33500, 5910, 0, 0, 0
33600, 5638, 0, 0, 0
33701, 5702, 0, 0, 0
33802, 5600, 0, 0, 0
33901, 5889, 0, 0, 0
34001, 5982, 0, 0, 0
34101, 5520, 0, 0, 0
34201, 5949, 0, 0, 0
34301, 5922, 0, 0, 0
34400, 5634, 0, 0, 0
34500, 5785, 0, 0, 0
34600, 5991, 0, 0, 0
34700, 6090, 0, 0, 0
34801, 5717, 0, 0, 0
34900, 5587, 0, 0, 0
35001, 6224, 0, 0, 0
35102, 5547, 0, 0, 0
35200, 5678, 0, 0, 0
35310, 5952, 0, 0, 0
35401, 5521, 0, 0, 0
35500, 6325, 0, 0, 0
35600, 5818, 0, 0, 0
35704, 5856, 0, 0, 0
35800, 5957, 0, 0, 0
35900, 5854, 0, 0, 0
36003, 5697, 0, 0, 0
36100, 5852, 0, 0, 0
36200, 5906, 0, 0, 0
36301, 5587, 0, 0, 0
36400, 5730, 0, 0, 0
36506, 5734, 0, 0, 0
36601, 6248, 0, 0, 0
36700, 5563, 0, 0, 0
36800, 5849, 0, 0, 0
36900, 5718, 0, 0, 0
37000, 5367, 0, 0, 0
37100, 5808, 0, 0, 0
37200, 5670, 0, 0, 0
37302, 5856, 0, 0, 0
37404, 6753, 0, 0, 0
37500, 6209, 0, 0, 0
37600, 5760, 0, 0, 0
37700, 6341, 0, 0, 0
37800, 5809, 0, 0, 0
37900, 5844, 0, 0, 0
38000, 5765, 0, 0, 0
38101, 5747, 0, 0, 0
38202, 5484, 0, 0, 0
38302, 6498, 0, 0, 0
38401, 5663, 0, 0, 0
38503, 5365, 0, 0, 0
38601, 5696, 0, 0, 0
38705, 6542, 0, 0, 0
38801, 6314, 0, 0, 0
38905, 6108, 0, 0, 0
39000, 5516, 0, 0, 0
39100, 5712, 0, 0, 0
39200, 6146, 0, 0, 0
39301, 5869, 0, 0, 0
39402, 5554, 0, 0, 0
39500, 5857, 0, 0, 0
39600, 5615, 0, 0, 0
39700, 5572, 0, 0, 0
39800, 6287, 0, 0, 0
39900, 6134, 0, 0, 0
40000, 5737, 0, 0, 0
40101, 5986, 0, 0, 0
40201, 5599, 0, 0, 0
40313, 5905, 0, 0, 0
40400, 5622, 0, 0, 0
40500, 6499, 0, 0, 0
40600, 5537, 0, 0, 0
40700, 5615, 0, 0, 0
40806, 6247, 0, 0, 0
40901, 6207, 0, 0, 0
41000, 5805, 0, 0, 0
41101, 5801, 0, 0, 0
41201, 6282, 0, 0, 0
41300, 6026, 0, 0, 0
41400, 6064, 0, 0, 0
41500, 5717, 0, 0, 0
41600, 5865, 0, 0, 0
41700, 5989, 0, 0, 0
41803, 6279, 0, 0, 0
41900, 6207, 0, 0, 0
42004, 5992, 0, 0, 0
42100, 6490, 0, 0, 0
42201, 5796, 0, 0, 0
42300, 6134, 0, 0, 0
42400, 6098, 0, 0, 0
42500, 5795, 0, 0, 0
42601, 5995, 0, 0, 0
42701, 6056, 0, 0, 0
42800, 6416, 0, 0, 0
42901, 5585, 0, 0, 0
43000, 5490, 0, 0, 0
43100, 5767, 0, 0, 0
43200, 5203, 0, 0, 0
43300, 6173, 0, 0, 0
43400, 5816, 0, 0, 0
43501, 5520, 0, 0, 0
43601, 5962, 0, 0, 0
43700, 5735, 0, 0, 0
43800, 6324, 0, 0, 0
43901, 6176, 0, 0, 0
44001, 5991, 0, 0, 0
44100, 5969, 0, 0, 0
44200, 5809, 0, 0, 0
44308, 5514, 0, 0, 0
44400, 5809, 0, 0, 0
44500, 5722, 0, 0, 0
44600, 6147, 0, 0, 0
44701, 6078, 0, 0, 0
44801, 6289, 0, 0, 0
44900, 5560, 0, 0, 0
45001, 5352, 0, 0, 0
45102, 5544, 0, 0, 0
45202, 5544, 0, 0, 0
45301, 5599, 0, 0, 0
45438, 6013, 0, 0, 0
45500, 6191, 0, 0, 0
45601, 5253, 0, 0, 0
45705, 5697, 0, 0, 0
45801, 5857, 0, 0, 0
45900, 5692, 0, 0, 0
46000, 5434, 0, 0, 0
46100, 5453, 0, 0, 0
46200, 6351, 0, 0, 0
46301, 6106, 0, 0, 0
46400, 5550, 0, 0, 0
46500, 5637, 0, 0, 0
46600, 6133, 0, 0, 0
46701, 5683, 0, 0, 0
46819, 5962, 0, 0, 0
46900, 6045, 0, 0, 0
47000, 6225, 0, 0, 0
47102, 5851, 0, 0, 0
47200, 5699, 0, 0, 0
47300, 5395, 0, 0, 0
47400, 5627, 0, 0, 0
47500, 6090, 0, 0, 0
47601, 5845, 0, 0, 0
47701, 5800, 0, 0, 0
47801, 5781, 0, 0, 0
47900, 6150, 0, 0, 0
48001, 5523, 0, 0, 0
48100, 6050, 0, 0, 0
48200, 5470, 0, 0, 0
48300, 5436, 0, 0, 0
48400, 5629, 0, 0, 0
48500, 5765, 0, 0, 0
48618, 5959, 0, 0, 0
48702, 6262, 0, 0, 0
48801, 6510, 0, 0, 0
48900, 6236, 0, 0, 0
49003, 5788, 0, 0, 0
49104, 5986, 0, 0, 0
49201, 6008, 0, 0, 0
49300, 6029, 0, 0, 0
49400, 5479, 0, 0, 0
49500, 5792, 0, 0, 0
49601, 6346, 0, 0, 0
49700, 5980, 0, 0, 0
49800, 5632, 0, 0, 0
49901, 5868, 0, 0, 0
50000, 5679, 0, 0, 0
50116, 5456, 0, 0, 0
50200, 5952, 0, 0, 0
50301, 6565, 0, 0, 0
50400, 5546, 0, 0, 0
50500, 6047, 0, 0, 0
50600, 6440, 0, 0, 0
50700, 6244, 0, 0, 0
50803, 6962, 0, 0, 0
50901, 6209, 0, 0, 0
51006, 5820, 0, 0, 0
51100, 5719, 0, 0, 0
51200, 5393, 0, 0, 0
51300, 5813, 0, 0, 0
51400, 5653, 0, 0, 0
51501, 5466, 0, 0, 0
51600, 5986, 0, 0, 0
51700, 5959, 0, 0, 0
51800, 5469, 0, 0, 0
51900, 5845, 0, 0, 0
52000, 5608, 0, 0, 0
52113, 5828, 0, 0, 0
52201, 5729, 0, 0, 0
52300, 5960, 0, 0, 0
52401, 6094, 0, 0, 0
52500, 5819, 0, 0, 0
52600, 5895, 0, 0, 0
52701, 5651, 0, 0, 0
52800, 5618, 0, 0, 0
52902, 5758, 0, 0, 0
53000, 5977, 0, 0, 0
53100, 6075, 0, 0, 0
53200, 5855, 0, 0, 0
53301, 6251, 0, 0, 0
53405, 6077, 0, 0, 0
53500, 7122, 0, 0, 0
53606, 6026, 0, 0, 0
53700, 6332, 0, 0, 0
53800, 5826, 0, 0, 0
53902, 6049, 0, 0, 0
54000, 5921, 0, 0, 0
54101, 5288, 0, 0, 0
54200, 5596, 0, 0, 0
54300, 6264, 0, 0, 0
54400, 5855, 0, 0, 0
54500, 6005, 0, 0, 0
54600, 6663, 0, 0, 0
54700, 5395, 0, 0, 0
54800, 5593, 0, 0, 0
54900, 6102, 0, 0, 0
55000, 5664, 0, 0, 0
55100, 5455, 0, 0, 0
55200, 5488, 0, 0, 0
55300, 6042, 0, 0, 0
55400, 5723, 0, 0, 0
55500, 5849, 0, 0, 0
55612, 5177, 0, 0, 0
55701, 6013, 0, 0, 0
55800, 5964, 0, 0, 0
55902, 5654, 0, 0, 0
56000, 6043, 0, 0, 0
56100, 5646, 0, 0, 0
56200, 6245, 0, 0, 0
56300, 6212, 0, 0, 0
56400, 6419, 0, 0, 0
56502, 6165, 0, 0, 0
56600, 5633, 0, 0, 0
56723, 6205, 0, 0, 0
56800, 5799, 0, 0, 0
56900, 5521, 0, 0, 0
57000, 5771, 0, 0, 0
57100, 5503, 0, 0, 0
57200, 5989, 0, 0, 0
57300, 5948, 0, 0, 0
57409, 6555, 0, 0, 0
57501, 5947, 0, 0, 0
57600, 6173, 0, 0, 0
57700, 5865, 0, 0, 0
57812, 6169, 0, 0, 0
57901, 5735, 0, 0, 0
58001, 5641, 0, 0, 0
58101, 5792, 0, 0, 0
58200, 6007, 0, 0, 0
58300, 5961, 0, 0, 0
58400, 6293, 0, 0, 0
58501, 5980, 0, 0, 0
58601, 6079, 0, 0, 0
58701, 5837, 0, 0, 0
58801, 5824, 0, 0, 0
58900, 5681, 0, 0, 0
59000, 6121, 0, 0, 0
59106, 5742, 0, 0, 0
59200, 6027, 0, 0, 0
59303, 6013, 0, 0, 0
59400, 5926, 0, 0, 0
59500, 5858, 0, 0, 0
59604, 6028, 0, 0, 0
59701, 6685, 0, 0, 0
59800, 6070, 0, 0, 0
59900, 5825, 0, 0, 0
60000, 5859, 0, 0, 0
60101, 6142, 0, 0, 0
60201, 6499, 0, 0, 0
60302, 6306, 0, 0, 0
60400, 5636, 0, 0, 0
60500, 5674, 0, 0, 0
60601, 5837, 0, 0, 0
60700, 5615, 0, 0, 0
60801, 6078, 0, 0, 0
60900, 5761, 0, 0, 0
61000, 6413, 0, 0, 0
61101, 5754, 0, 0, 0
61201, 7294, 0, 0, 0
61300, 5695, 0, 0, 0
61400, 6305, 0, 0, 0
61500, 6681, 0, 0, 0
61605, 6515, 0, 0, 0
61700, 6035, 0, 0, 0
61801, 5564, 0, 0, 0
61901, 5622, 0, 0, 0
62008, 6293, 0, 0, 0
62101, 5774, 0, 0, 0
62201, 5650, 0, 0, 0
62300, 6085, 0, 0, 0
62400, 6054, 0, 0, 0
62501, 6148, 0, 0, 0
62601, 6449, 0, 0, 0
62701, 6182, 0, 0, 0
62800, 6595, 0, 0, 0
62901, 6397, 0, 0, 0
63000, 6857, 0, 0, 0
63101, 6330, 0, 0, 0
63200, 6177, 0, 0, 0
63301, 6128, 0, 0, 0
63400, 5740, 0, 0, 0
63500, 6744, 0, 0, 0
63601, 6466, 0, 0, 0
63700, 5630, 0, 0, 0
63800, 5975, 0, 0, 0
63901, 5756, 0, 0, 0
64000, 6989, 0, 0, 0
64100, 6084, 0, 0, 0
64200, 5972, 0, 0, 0
64301, 6359, 0, 0, 0
64400, 6213, 0, 0, 0
64500, 6281, 0, 0, 0
64600, 5809, 0, 0, 0
64705, 6577, 0, 0, 0
64800, 6748, 0, 0, 0
64900, 6226, 0, 0, 0
65000, 6294, 0, 0, 0
65100, 6282, 0, 0, 0
65200, 6166, 0, 0, 0
65300, 6098, 0, 0, 0
65400, 6066, 0, 0, 0
65500, 5726, 0, 0, 0
65600, 6464, 0, 0, 0
65702, 6306, 0, 0, 0
65800, 6255, 0, 0, 0
65900, 6682, 0, 0, 0
66000, 5738, 0, 0, 0
66100, 6450, 0, 0, 0
66200, 5994, 0, 0, 0
66302, 6701, 0, 0, 0
66400, 6593, 0, 0, 0
66500, 5436, 0, 0, 0
66600, 5861, 0, 0, 0
66700, 5645, 0, 0, 0
66800, 5712, 0, 0, 0
66904, 5660, 0, 0, 0
67001, 5351, 0, 0, 0
67101, 5812, 0, 0, 0
67200, 5815, 0, 0, 0
67300, 5931, 0, 0, 0
67400, 6240, 0, 0, 0
67505, 5645, 0, 0, 0
67600, 5826, 0, 0, 0
67700, 6087, 0, 0, 0
67800, 5878, 0, 0, 0
67900, 6038, 0, 0, 0
68000, 5586, 0, 0, 0
68101, 5620, 0, 0, 0
68201, 6032, 0, 0, 0
68300, 5742, 0, 0, 0
68402, 5378, 0, 0, 0
68500, 5443, 0, 0, 0
68600, 5564, 0, 0, 0
68701, 6246, 0, 0, 0
68800, 5624, 0, 0, 0
68900, 5875, 0, 0, 0
69000, 6166, 0, 0, 0
69100, 5304, 0, 0, 0
69200, 5790, 0, 0, 0
69302, 5717, 0, 0, 0
69414, 6159, 0, 0, 0
69502, 5850, 0, 0, 0
69600, 5701, 0, 0, 0
69700, 5642, 0, 0, 0
69801, 5748, 0, 0, 0
69902, 6094, 0, 0, 0
70000, 5711, 0, 0, 0
70102, 6137, 0, 0, 0
70200, 5959, 0, 0, 0
70300, 5987, 0, 0, 0
70400, 6126, 0, 0, 0
70500, 5855, 0, 0, 0
70602, 6581, 0, 0, 0
70703, 6338, 0, 0, 0
70804, 6078, 0, 0, 0
70901, 6340, 0, 0, 0
71000, 5707, 0, 0, 0
71100, 6234, 0, 0, 0
71201, 5937, 0, 0, 0
71300, 5856, 0, 0, 0
71400, 6695, 0, 0, 0
71500, 6202, 0, 0, 0
71600, 6106, 0, 0, 0
71700, 6150, 0, 0, 0
71801, 5880, 0, 0, 0
71900, 5803, 0, 0, 0
72011, 5583, 0, 0, 0
72100, 5653, 0, 0, 0
72200, 5404, 0, 0, 0
72301, 6034, 0, 0, 0
72404, 6208, 0, 0, 0
72501, 6047, 0, 0, 0
72613, 5841, 0, 0, 0
72701, 5390, 0, 0, 0
72800, 5481, 0, 0, 0
72900, 5481, 0, 0, 0
73000, 5788, 0, 0, 0
73100, 5438, 0, 0, 0
73200, 6256, 0, 0, 0
73300, 5502, 0, 0, 0
73400, 6165, 0, 0, 0
73500, 6229, 0, 0, 0
73600, 5703, 0, 0, 0
73701, 6001, 0, 0, 0
73800, 5727, 0, 0, 0
73901, 5234, 0, 0, 0
74001, 5753, 0, 0, 0
74114, 5599, 0, 0, 0
74207, 6204, 0, 0, 0
74300, 6703, 0, 0, 0
74401, 6197, 0, 0, 0
74501, 7406, 0, 0, 0
74600, 6576, 0, 0, 0
74702, 5870, 0, 0, 0
74800, 5942, 0, 0, 0
74901, 5584, 0, 0, 0
75000, 6300, 0, 0, 0
75100, 5676, 0, 0, 0
75203, 6695, 0, 0, 0
75300, 6359, 0, 0, 0
75401, 5891, 0, 0, 0
75501, 5888, 0, 0, 0
75600, 5476, 0, 0, 0
75700, 5398, 0, 0, 0
75800, 5898, 0, 0, 0
75900, 6074, 0, 0, 0
76000, 5536, 0, 0, 0
76103, 5829, 0, 0, 0
76201, 5359, 0, 0, 0
76300, 5743, 0, 0, 0
76403, 5246, 0, 0, 0
76502, 6447, 0, 0, 0
76600, 5463, 0, 0, 0
76700, 5352, 0, 0, 0
76810, 6032, 0, 0, 0
76900, 5749, 0, 0, 0
77000, 5919, 0, 0, 0
77100, 5700, 0, 0, 0
77200, 5902, 0, 0, 0
77301, 5970, 0, 0, 0
77400, 6096, 0, 0, 0
77501, 5709, 0, 0, 0
77601, 5823, 0, 0, 0
77710, 5660, 0, 0, 0
77800, 6333, 0, 0, 0
77930, 5544, 0, 0, 0
78000, 5854, 0, 0, 0
78100, 5665, 0, 0, 0
78201, 5720, 0, 0, 0
78300, 5470, 0, 0, 0
78400, 5581, 0, 0, 0
78500, 6336, 0, 0, 0
78601, 5534, 0, 0, 0
78700, 6611, 0, 0, 0
78801, 5879, 0, 0, 0
78900, 5324, 0, 0, 0
79000, 6281, 0, 0, 0
79104, 6115, 0, 0, 0
79200, 6806, 0, 0, 0
79301, 6361, 0, 0, 0
79400, 5690, 0, 0, 0
79500, 5564, 0, 0, 0
79600, 5359, 0, 0, 0
79700, 5832, 0, 0, 0
79800, 6048, 0, 0, 0
79901, 5422, 0, 0, 0
80001, 5819, 0, 0, 0
80101, 6086, 0, 0, 0
80200, 6932, 0, 0, 0
80300, 5715, 0, 0, 0
80402, 5564, 0, 0, 0
80500, 5523, 0, 0, 0
80600, 6491, 0, 0, 0
80701, 6028, 0, 0, 0
80801, 6074, 0, 0, 0
80900, 5984, 0, 0, 0
81000, 6658, 0, 0, 0
81100, 5395, 0, 0, 0
81200, 5797, 0, 0, 0
81302, 5692, 0, 0, 0
81401, 5642, 0, 0, 0
81501, 6010, 0, 0, 0
81600, 5995, 0, 0, 0
81700, 5933, 0, 0, 0
81800, 6314, 0, 0, 0
81900, 6182, 0, 0, 0
82001, 6234, 0, 0, 0
82100, 6261, 0, 0, 0
82200, 5874, 0, 0, 0
82312, 5617, 0, 0, 0
82401, 6035, 0, 0, 0
82501, 6351, 0, 0, 0
82600, 5878, 0, 0, 0
82703, 6148, 0, 0, 0
82800, 6366, 0, 0, 0
82900, 5948, 0, 0, 0
83000, 5819, 0, 0, 0
83101, 5791, 0, 0, 0
83201, 6285, 0, 0, 0
83300, 6288, 0, 0, 0
83400, 5539, 0, 0, 0
83500, 6317, 0, 0, 0
83617, 5521, 0, 0, 0
83700, 5581, 0, 0, 0
83800, 5399, 0, 0, 0
83900, 5959, 0, 0, 0
84001, 6720, 0, 0, 0
84100, 6554, 0, 0, 0
84202, 5753, 0, 0, 0
84300, 5801, 0, 0, 0
84400, 6116, 0, 0, 0
84501, 6110, 0, 0, 0
84603, 6115, 0, 0, 0
84700, 5480, 0, 0, 0
84800, 5549, 0, 0, 0
84900, 6106, 0, 0, 0
85001, 6125, 0, 0, 0
85100, 5914, 0, 0, 0
85201, 5822, 0, 0, 0
85300, 5960, 0, 0, 0
85400, 6086, 0, 0, 0
85516, 6098, 0, 0, 0
85600, 5669, 0, 0, 0
85701, 5727, 0, 0, 0
85801, 5640, 0, 0, 0
85900, 6261, 0, 0, 0
86002, 6201, 0, 0, 0
86101, 6753, 0, 0, 0
86200, 6307, 0, 0, 0
86302, 6122, 0, 0, 0
86401, 5756, 0, 0, 0
86501, 5643, 0, 0, 0
86600, 5665, 0, 0, 0
86701, 5582, 0, 0, 0
86800, 5674, 0, 0, 0
86905, 5404, 0, 0, 0
87001, 5717, 0, 0, 0
87102, 5781, 0, 0, 0
87200, 5999, 0, 0, 0
87300, 5901, 0, 0, 0
87408, 5715, 0, 0, 0
87500, 5954, 0, 0, 0
87600, 5782, 0, 0, 0
87701, 5704, 0, 0, 0
87800, 5900, 0, 0, 0
87900, 5947, 0, 0, 0
88000, 6008, 0, 0, 0
88100, 5848, 0, 0, 0
88200, 5787, 0, 0, 0
88300, 5646, 0, 0, 0
88409, 6289, 0, 0, 0
88500, 6044, 0, 0, 0
88611, 5796, 0, 0, 0
88710, 5633, 0, 0, 0
88800, 5838, 0, 0, 0
88900, 5551, 0, 0, 0
89000, 5904, 0, 0, 0
89100, 6072, 0, 0, 0
89202, 6119, 0, 0, 0
89301, 5945, 0, 0, 0
89400, 5554, 0, 0, 0
89500, 5772, 0, 0, 0
89600, 5877, 0, 0, 0
89701, 6659, 0, 0, 0
89800, 5859, 0, 0, 0
89900, 6270, 0, 0, 0
90003, 5700, 0, 0, 0
