100, 5449293, 0, 0, 0
200, 5059638, 0, 0, 0
300, 4372518, 0, 0, 0
400, 5881859, 0, 0, 0
500, 3715394, 0, 0, 0
601, 4921679, 0, 0, 0
709, 6186981, 0, 0, 0
801, 4794642, 0, 0, 0
900, 4662508, 0, 0, 0
1000, 3425426, 0, 0, 0
1104, 7498379, 0, 0, 0
1201, 5590839, 0, 0, 0
1301, 5717573, 0, 0, 0
1401, 5518205, 0, 0, 0
1500, 5144488, 0, 0, 0
1601, 5316507, 0, 0, 0
1700, 4365892, 0, 0, 0
1800, 5490027, 0, 0, 0
1900, 5787127, 0, 0, 0
2000, 4054607, 0, 0, 0
2102, 5921393, 0, 0, 0
2254, 6815532, 0, 0, 0
2301, 10563182, 0, 0, 0
2400, 5141155, 0, 0, 0
2522, 4461218, 0, 0, 0
2601, 8223590, 0, 0, 0
2700, 7847300, 0, 0, 0
2800, 7237303, 0, 0, 0
2900, 3973673, 0, 0, 0
3000, 5018842, 0, 0, 0
3101, 5193829, 0, 0, 0
3201, 6622018, 0, 0, 0
3304, 5220560, 0, 0, 0
3400, 5891889, 0, 0, 0
3501, 5021357, 0, 0, 0
3600, 4776307, 0, 0, 0
3700, 6324440, 0, 0, 0
3802, 5921220, 0, 0, 0
3900, 4516125, 0, 0, 0
4000, 5548520, 0, 0, 0
4101, 4907244, 0, 0, 0
4201, 6131259, 0, 0, 0
4300, 4865067, 0, 0, 0
4400, 4416919, 0, 0, 0
4500, 6070730, 0, 0, 0
4601, 7943872, 0, 0, 0
4700, 5934696, 0, 0, 0
4800, 4738261, 0, 0, 0
4901, 5419041, 0, 0, 0
5004, 4535526, 0, 0, 0
5127, 6445588, 0, 0, 0
5200, 5694904, 0, 0, 0
5300, 4455160, 0, 0, 0
5400, 4317856, 0, 0, 0
5501, 5506316, 0, 0, 0
5600, 9977801, 0, 0, 0
5702, 4643361, 0, 0, 0
5800, 4543176, 0, 0, 0
5901, 4629387, 0, 0, 0
6010, 5224485, 0, 0, 0
6100, 4586504, 0, 0, 0
6201, 5442891, 0, 0, 0
6300, 3948188, 0, 0, 0
6401, 4864078, 0, 0, 0
6500, 4774109, 0, 0, 0
6601, 4603830, 0, 0, 0
6700, 5028336, 0, 0, 0
6803, 5077203, 0, 0, 0
6901, 6609989, 0, 0, 0
7000, 4843970, 0, 0, 0
7100, 4224511, 0, 0, 0
7200, 6021326, 0, 0, 0
7300, 5998857, 0, 0, 0
7400, 4326691, 0, 0, 0
7502, 4993795, 0, 0, 0
7600, 6241030, 0, 0, 0
7701, 5019481, 0, 0, 0
7801, 4632899, 0, 0, 0
7915, 5786549, 0, 0, 0
8000, 7911280, 0, 0, 0
8100, 5480263, 0, 0, 0
8200, 4700384, 0, 0, 0
8302, 4903156, 0, 0, 0
8400, 6214996, 0, 0, 0
8500, 4927818, 0, 0, 0
8600, 4702840, 0, 0, 0
8700, 4308948, 0, 0, 0
8800, 5745159, 0, 0, 0
8902, 4487317, 0, 0, 0
9001, 7674040, 0, 0, 0
9102, 5726942, 0, 0, 0
9201, 5629669, 0, 0, 0
9300, 6303965, 0, 0, 0
9400, 5249918, 0, 0, 0
9501, 4293925, 0, 0, 0
9600, 5407457, 0, 0, 0
9701, 5001680, 0, 0, 0
9800, 4065230, 0, 0, 0
9900, 4600909, 0, 0, 0
10000, 3567651, 0, 0, 0
10103, 7428901, 0, 0, 0
10200, 5404251, 0, 0, 0
10302, 5180786, 0, 0, 0
10400, 4434204, 0, 0, 0
10500, 5854499, 0, 0, 0
10600, 5536970, 0, 0, 0
10700, 4406022, 0, 0, 0
10800, 3858339, 0, 0, 0
10901, 5154414, 0, 0, 0
11001, 7236613, 0, 0, 0
11101, 5686387, 0, 0, 0
11200, 4754150, 0, 0, 0
11301, 5451706, 0, 0, 0
11400, 4552493, 0, 0, 0
11501, 4340290, 0, 0, 0
11601, 4870576, 0, 0, 0
11700, 3756030, 0, 0, 0
11800, 4734783, 0, 0, 0
11900, 4696294, 0, 0, 0
12004, 6096823, 0, 0, 0
12101, 5551135, 0, 0, 0
12202, 4249309, 0, 0, 0
12300, 4540854, 0, 0, 0
12401, 4962207, 0, 0, 0
12500, 6669920, 0, 0, 0
12600, 4294761, 0, 0, 0
12705, 4866596, 0, 0, 0
12800, 8547826, 0, 0, 0
12906, 5420128, 0, 0, 0
13001, 5567029, 0, 0, 0
13100, 4415908, 0, 0, 0
13211, 8605412, 0, 0, 0
13301, 5353010, 0, 0, 0
13400, 9098754, 0, 0, 0
13500, 7317361, 0, 0, 0
13600, 6497956, 0, 0, 0
13700, 6175556, 0, 0, 0
13800, 5576452, 0, 0, 0
13900, 4875379, 0, 0, 0
14003, 4438246, 0, 0, 0
14104, 6738502, 0, 0, 0
14200, 6959575, 0, 0, 0
14301, 4421672, 0, 0, 0
14401, 5195136, 0, 0, 0
14500, 5595144, 0, 0, 0
14601, 4214717, 0, 0, 0
14700, 4264830, 0, 0, 0
14800, 4292420, 0, 0, 0
14902, 5131937, 0, 0, 0
15001, 4979819, 0, 0, 0
15100, 4781147, 0, 0, 0
15210, 9040036, 0, 0, 0
15300, 6356510, 0, 0, 0
15404, 4974062, 0, 0, 0
15500, 7055167, 0, 0, 0
15607, 4949023, 0, 0, 0
15700, 5703356, 0, 0, 0
15800, 5541592, 0, 0, 0
15900, 6296614, 0, 0, 0
16000, 5335112, 0, 0, 0
16100, 4858047, 0, 0, 0
16201, 6279483, 0, 0, 0
16300, 5723837, 0, 0, 0
16400, 6035872, 0, 0, 0
16502, 4855565, 0, 0, 0
16603, 5393550, 0, 0, 0
16712, 7066709, 0, 0, 0
16800, 7926389, 0, 0, 0
16900, 4725168, 0, 0, 0
17000, 4799930, 0, 0, 0
17100, 6730930, 0, 0, 0
17208, 5424602, 0, 0, 0
17300, 5555818, 0, 0, 0
17433, 5091295, 0, 0, 0
17508, 5753065, 0, 0, 0
17622, 6302697, 0, 0, 0
17700, 9190636, 0, 0, 0
17800, 4269417, 0, 0, 0
17901, 6462475, 0, 0, 0
18000, 4646064, 0, 0, 0
18100, 5570205, 0, 0, 0
18200, 4595954, 0, 0, 0
18300, 5560946, 0, 0, 0
18400, 4608184, 0, 0, 0
18500, 5114679, 0, 0, 0
18604, 4723628, 0, 0, 0
18700, 6484509, 0, 0, 0
18800, 4417897, 0, 0, 0
18902, 6014917, 0, 0, 0
19000, 5853955, 0, 0, 0
19104, 4697631, 0, 0, 0
19200, 7048328, 0, 0, 0
19300, 10558765, 0, 0, 0
19402, 5373184, 0, 0, 0
19500, 5285375, 0, 0, 0
19600, 4273979, 0, 0, 0
19700, 6436995, 0, 0, 0
19805, 5737409, 0, 0, 0
19901, 5293927, 0, 0, 0
20000, 5795500, 0, 0, 0
20121, 4349272, 0, 0, 0
20201, 7011467, 0, 0, 0
20302, 4198762, 0, 0, 0
20402, 5726727, 0, 0, 0
20500, 5650974, 0, 0, 0
20612, 4932954, 0, 0, 0
20700, 7228233, 0, 0, 0
20803, 5522388, 0, 0, 0
20900, 4590487, 0, 0, 0
21000, 4928874, 0, 0, 0
21101, 4969980, 0, 0, 0
21201, 4687544, 0, 0, 0
21300, 5696355, 0, 0, 0
21406, 5668267, 0, 0, 0
21500, 5991361, 0, 0, 0
21602, 5757872, 0, 0, 0
21700, 5040800, 0, 0, 0
21801, 4515630, 0, 0, 0
21900, 4107698, 0, 0, 0
22000, 4638331, 0, 0, 0
22100, 4904363, 0, 0, 0
22205, 4989977, 0, 0, 0
22303, 5669636, 0, 0, 0
22400, 5174628, 0, 0, 0
22501, 4823250, 0, 0, 0
22600, 5418151, 0, 0, 0
22700, 6741667, 0, 0, 0
22800, 4645752, 0, 0, 0
22900, 4408609, 0, 0, 0
23000, 4508842, 0, 0, 0
23100, 5274340, 0, 0, 0
23200, 5207542, 0, 0, 0
23300, 5152605, 0, 0, 0
23402, 5008138, 0, 0, 0
23500, 4879778, 0, 0, 0
23601, 5089322, 0, 0, 0
23700, 3922897, 0, 0, 0
23800, 5349320, 0, 0, 0
23900, 4444144, 0, 0, 0
24000, 4481119, 0, 0, 0
24111, 6561021, 0, 0, 0
24218, 5552717, 0, 0, 0
24301, 6860345, 0, 0, 0
24400, 4287649, 0, 0, 0
24501, 4528250, 0, 0, 0
24600, 5224273, 0, 0, 0
24700, 5333120, 0, 0, 0
24800, 5214815, 0, 0, 0
24901, 6437107, 0, 0, 0
25000, 4275014, 0, 0, 0
25102, 6173200, 0, 0, 0
25201, 5466385, 0, 0, 0
25301, 4956228, 0, 0, 0
25401, 5983782, 0, 0, 0
25500, 6161379, 0, 0, 0
25600, 6319601, 0, 0, 0
25702, 4613057, 0, 0, 0
25800, 6169541, 0, 0, 0
25900, 4531191, 0, 0, 0
26006, 5229638, 0, 0, 0
26100, 4579236, 0, 0, 0
26200, 6187147, 0, 0, 0
26300, 4548590, 0, 0, 0
26401, 4524489, 0, 0, 0
26501, 4886138, 0, 0, 0
26600, 5134300, 0, 0, 0
26702, 5005660, 0, 0, 0
26800, 5555645, 0, 0, 0
26902, 4498340, 0, 0, 0
27023, 7200262, 0, 0, 0
27102, 6377741, 0, 0, 0
27202, 5017558, 0, 0, 0
27300, 6232625, 0, 0, 0
27400, 4844857, 0, 0, 0
27500, 5080116, 0, 0, 0
27601, 6454134, 0, 0, 0
27701, 4455127, 0, 0, 0
27801, 3940718, 0, 0, 0
27900, 5114521, 0, 0, 0
28000, 5998195, 0, 0, 0
28100, 4835709, 0, 0, 0
28201, 5783735, 0, 0, 0
28300, 6951344, 0, 0, 0
28400, 4890585, 0, 0, 0
28500, 4374736, 0, 0, 0
28600, 5316877, 0, 0, 0
28700, 4631266, 0, 0, 0
28800, 4605644, 0, 0, 0
28900, 3870629, 0, 0, 0
29000, 4047889, 0, 0, 0
29100, 6601122, 0, 0, 0
29201, 5527247, 0, 0, 0
29300, 5448338, 0, 0, 0
29400, 4942771, 0, 0, 0
29500, 5346683, 0, 0, 0
29601, 4671680, 0, 0, 0
29700, 7475868, 0, 0, 0
29801, 5590499, 0, 0, 0
29901, 4088344, 0, 0, 0
30001, 5407507, 0, 0, 0
30101, 5788999, 0, 0, 0
30200, 4875173, 0, 0, 0
30301, 6885234, 0, 0, 0
30401, 4437853, 0, 0, 0
30500, 5891232, 0, 0, 0
30601, 6614460, 0, 0, 0
30700, 9593311, 0, 0, 0
30806, 5851547, 0, 0, 0
30901, 6522097, 0, 0, 0
31000, 5778585, 0, 0, 0
31100, 5180486, 0, 0, 0
31200, 4559365, 0, 0, 0
31300, 5632193, 0, 0, 0
31400, 5429948, 0, 0, 0
31500, 3940252, 0, 0, 0
31600, 5323334, 0, 0, 0
31700, 4906714, 0, 0, 0
31801, 6566336, 0, 0, 0
31900, 6907667, 0, 0, 0
32000, 5310244, 0, 0, 0
32100, 5327719, 0, 0, 0
32200, 6421755, 0, 0, 0
32300, 4164464, 0, 0, 0
32402, 5392230, 0, 0, 0
32521, 5460803, 0, 0, 0
32600, 6456240, 0, 0, 0
32700, 12042324, 0, 0, 0
32800, 5010537, 0, 0, 0
32909, 6425934, 0, 0, 0
33000, 4788356, 0, 0, 0
33100, 6553025, 0, 0, 0
33200, 5653076, 0, 0, 0
33304, 3986554, 0, 0, 0
33400, 7285155, 0, 0, 0
33500, 5165345, 0, 0, 0
33600, 5264306, 0, 0, 0
33701, 4573412, 0, 0, 0
33802, 4253566, 0, 0, 0
33901, 6668856, 0, 0, 0
34001, 5182137, 0, 0, 0
34101, 4498131, 0, 0, 0
34201, 7127737, 0, 0, 0
34301, 5219281, 0, 0, 0
34400, 4191403, 0, 0, 0
34500, 4493438, 0, 0, 0
34600, 6372459, 0, 0, 0
34700, 4142870, 0, 0, 0
34801, 7709220, 0, 0, 0
34900, 4813190, 0, 0, 0
35001, 4681936, 0, 0, 0
35102, 4842571, 0, 0, 0
35200, 4770043, 0, 0, 0
35310, 5127981, 0, 0, 0
35401, 4806143, 0, 0, 0
35500, 7033058, 0, 0, 0
35600, 5608447, 0, 0, 0
35704, 4098930, 0, 0, 0
35800, 5535716, 0, 0, 0
35900, 6542840, 0, 0, 0
36003, 4584683, 0, 0, 0
36100, 4796667, 0, 0, 0
36200, 7233245, 0, 0, 0
36301, 4587929, 0, 0, 0
36400, 4473724, 0, 0, 0
36506, 5658123, 0, 0, 0
36601, 6613268, 0, 0, 0
36700, 5380349, 0, 0, 0
36800, 4974337, 0, 0, 0
36900, 4489456, 0, 0, 0
37000, 3897760, 0, 0, 0
37100, 6071928, 0, 0, 0
37200, 4267828, 0, 0, 0
37302, 4958871, 0, 0, 0
37404, 7985075, 0, 0, 0
37500, 6115106, 0, 0, 0
37600, 4038196, 0, 0, 0
37700, 6346223, 0, 0, 0
37800, 4994149, 0, 0, 0
37900, 5289074, 0, 0, 0
38000, 5033233, 0, 0, 0
38101, 4973305, 0, 0, 0
38202, 6387086, 0, 0, 0
38302, 4735302, 0, 0, 0
38401, 5686891, 0, 0, 0
38503, 5264626, 0, 0, 0
38601, 4833345, 0, 0, 0
38705, 7207729, 0, 0, 0
38801, 5990354, 0, 0, 0
38905, 5781764, 0, 0, 0
39000, 6698434, 0, 0, 0
39100, 3963026, 0, 0, 0
39200, 7898861, 0, 0, 0
39301, 5034189, 0, 0, 0
39402, 4311850, 0, 0, 0
39500, 4310381, 0, 0, 0
39600, 4466250, 0, 0, 0
39702, 4093751, 0, 0, 0
39800, 5772679, 0, 0, 0
39900, 4196105, 0, 0, 0
40000, 5264181, 0, 0, 0
40101, 5348606, 0, 0, 0
40201, 5336207, 0, 0, 0
40313, 4836150, 0, 0, 0
40400, 4928585, 0, 0, 0
40500, 6490623, 0, 0, 0
40600, 4141250, 0, 0, 0
40701, 5044404, 0, 0, 0
40806, 4482827, 0, 0, 0
40901, 5480867, 0, 0, 0
41000, 5497730, 0, 0, 0
41101, 4329697, 0, 0, 0
41201, 6938765, 0, 0, 0
41300, 4489238, 0, 0, 0
41400, 4699690, 0, 0, 0
41500, 5198569, 0, 0, 0
41600, 4678200, 0, 0, 0
41700, 5069596, 0, 0, 0
41803, 6075122, 0, 0, 0
41900, 4773325, 0, 0, 0
42004, 6783466, 0, 0, 0
42100, 5076713, 0, 0, 0
42201, 4441579, 0, 0, 0
42300, 5471368, 0, 0, 0
42400, 5576899, 0, 0, 0
42500, 3979288, 0, 0, 0
42601, 4477748, 0, 0, 0
42701, 4206939, 0, 0, 0
42800, 6757239, 0, 0, 0
42901, 4241753, 0, 0, 0
43000, 4621753, 0, 0, 0
43100, 6756069, 0, 0, 0
43200, 3609116, 0, 0, 0
43300, 4578589, 0, 0, 0
43400, 4043034, 0, 0, 0
43501, 4855010, 0, 0, 0
43601, 6034661, 0, 0, 0
43700, 4290489, 0, 0, 0
43800, 5755774, 0, 0, 0
43901, 5175820, 0, 0, 0
44001, 6677362, 0, 0, 0
44100, 4960258, 0, 0, 0
44200, 4684792, 0, 0, 0
44308, 4906673, 0, 0, 0
44400, 5967101, 0, 0, 0
44500, 5528677, 0, 0, 0
44600, 4811302, 0, 0, 0
44701, 5177149, 0, 0, 0
44801, 5482665, 0, 0, 0
44900, 4801145, 0, 0, 0
45001, 5033616, 0, 0, 0
45102, 5633707, 0, 0, 0
45202, 4908958, 0, 0, 0
45301, 4920482, 0, 0, 0
45438, 4875507, 0, 0, 0
45500, 7363653, 0, 0, 0
45601, 4272675, 0, 0, 0
45705, 6384784, 0, 0, 0
45801, 5369375, 0, 0, 0
45900, 6008873, 0, 0, 0
46000, 4540843, 0, 0, 0
46100, 5486191, 0, 0, 0
46200, 5058904, 0, 0, 0
46301, 4687845, 0, 0, 0
46400, 5333731, 0, 0, 0
46500, 4302274, 0, 0, 0
46600, 4417058, 0, 0, 0
46701, 4995974, 0, 0, 0
46819, 5809410, 0, 0, 0
46900, 12847021, 0, 0, 0
47000, 4819508, 0, 0, 0
47102, 4236486, 0, 0, 0
47200, 5046121, 0, 0, 0
47300, 4146800, 0, 0, 0
47400, 4660473, 0, 0, 0
47500, 6214263, 0, 0, 0
47601, 4652141, 0, 0, 0
47701, 7188166, 0, 0, 0
47801, 5820009, 0, 0, 0
47900, 7469237, 0, 0, 0
48001, 4793590, 0, 0, 0
48100, 5055047, 0, 0, 0
48200, 4816735, 0, 0, 0
48300, 6249797, 0, 0, 0
48400, 4023766, 0, 0, 0
48500, 3976245, 0, 0, 0
48618, 5984308, 0, 0, 0
48702, 6158688, 0, 0, 0
48801, 12790551, 0, 0, 0
48900, 5680206, 0, 0, 0
49003, 6546611, 0, 0, 0
49104, 5776629, 0, 0, 0
49201, 6338898, 0, 0, 0
49300, 5034504, 0, 0, 0
49400, 5618010, 0, 0, 0
49500, 4881664, 0, 0, 0
49601, 7145614, 0, 0, 0
49700, 5113140, 0, 0, 0
49800, 4682419, 0, 0, 0
49901, 6222550, 0, 0, 0
50000, 7285439, 0, 0, 0
50116, 4392107, 0, 0, 0
50200, 7265380, 0, 0, 0
50301, 5264565, 0, 0, 0
50400, 6321963, 0, 0, 0
50500, 5760352, 0, 0, 0
50600, 6319933, 0, 0, 0
50700, 4651058, 0, 0, 0
50803, 7200248, 0, 0, 0
50901, 6772710, 0, 0, 0
51006, 8181179, 0, 0, 0
51100, 7541377, 0, 0, 0
51200, 5116266, 0, 0, 0
51300, 5293743, 0, 0, 0
51400, 5016623, 0, 0, 0
51501, 4868869, 0, 0, 0
51600, 8863681, 0, 0, 0
51700, 4604220, 0, 0, 0
51800, 4844741, 0, 0, 0
51900, 4717511, 0, 0, 0
52000, 4288236, 0, 0, 0
52113, 5541125, 0, 0, 0
52201, 7314341, 0, 0, 0
52300, 5940767, 0, 0, 0
52401, 3855511, 0, 0, 0
52500, 6186138, 0, 0, 0
52600, 4608745, 0, 0, 0
52701, 4259787, 0, 0, 0
52800, 5410950, 0, 0, 0
52902, 6281395, 0, 0, 0
53000, 4686353, 0, 0, 0
53100, 5629894, 0, 0, 0
53200, 4709241, 0, 0, 0
53301, 5822037, 0, 0, 0
53405, 5385926, 0, 0, 0
53500, 4363318, 0, 0, 0
53606, 5416662, 0, 0, 0
53700, 6121733, 0, 0, 0
53800, 5007965, 0, 0, 0
53902, 4315276, 0, 0, 0
54000, 4257857, 0, 0, 0
54101, 4530373, 0, 0, 0
54200, 5044701, 0, 0, 0
54300, 6658253, 0, 0, 0
54400, 5111113, 0, 0, 0
54500, 5920990, 0, 0, 0
54600, 5180702, 0, 0, 0
54700, 4300282, 0, 0, 0
54800, 6876298, 0, 0, 0
54900, 8078593, 0, 0, 0
55000, 4449649, 0, 0, 0
55100, 4129805, 0, 0, 0
55200, 4519988, 0, 0, 0
55300, 5074557, 0, 0, 0
55400, 4473816, 0, 0, 0
55500, 4180468, 0, 0, 0
55612, 3978237, 0, 0, 0
55701, 7229063, 0, 0, 0
55800, 5197033, 0, 0, 0
55902, 4709764, 0, 0, 0
56000, 5090343, 0, 0, 0
56100, 4595579, 0, 0, 0
56200, 5252860, 0, 0, 0
56300, 5765476, 0, 0, 0
56400, 6832268, 0, 0, 0
56502, 5953863, 0, 0, 0
56600, 6009990, 0, 0, 0
56723, 5759233, 0, 0, 0
56800, 5660210, 0, 0, 0
56900, 4634394, 0, 0, 0
57000, 3733921, 0, 0, 0
57100, 5343806, 0, 0, 0
57200, 4771290, 0, 0, 0
57300, 6658341, 0, 0, 0
57409, 5419818, 0, 0, 0
57501, 6828286, 0, 0, 0
57600, 5328884, 0, 0, 0
57700, 6674686, 0, 0, 0
57812, 4584727, 0, 0, 0
57901, 4963361, 0, 0, 0
58001, 4448372, 0, 0, 0
58101, 4752168, 0, 0, 0
58200, 3920054, 0, 0, 0
58300, 4830002, 0, 0, 0
58400, 7414063, 0, 0, 0
58501, 4655077, 0, 0, 0
58601, 5539361, 0, 0, 0
58701, 4295324, 0, 0, 0
58801, 4284165, 0, 0, 0
58900, 4147268, 0, 0, 0
59000, 5570805, 0, 0, 0
59106, 4020204, 0, 0, 0
59200, 4698942, 0, 0, 0
59303, 7240490, 0, 0, 0
59400, 5388911, 0, 0, 0
59500, 5228182, 0, 0, 0
59604, 4332875, 0, 0, 0
59701, 4650261, 0, 0, 0
59800, 4230230, 0, 0, 0
59900, 4179160, 0, 0, 0
60000, 4179550, 0, 0, 0
60101, 6529178, 0, 0, 0
60201, 5725151, 0, 0, 0
60302, 5264653, 0, 0, 0
60400, 6269337, 0, 0, 0
60500, 4890753, 0, 0, 0
60601, 5805056, 0, 0, 0
60700, 5076356, 0, 0, 0
60801, 4252409, 0, 0, 0
60900, 4477101, 0, 0, 0
61000, 6982624, 0, 0, 0
61101, 3851414, 0, 0, 0
61201, 6046490, 0, 0, 0
61300, 5363289, 0, 0, 0
61400, 4866392, 0, 0, 0
61500, 4370770, 0, 0, 0
61605, 5171218, 0, 0, 0
61700, 4784541, 0, 0, 0
61801, 5656045, 0, 0, 0
61901, 4784723, 0, 0, 0
62008, 7194359, 0, 0, 0
62101, 5589069, 0, 0, 0
62201, 4293369, 0, 0, 0
62300, 4210304, 0, 0, 0
62400, 4984395, 0, 0, 0
62501, 6099170, 0, 0, 0
62601, 4756479, 0, 0, 0
62701, 4811768, 0, 0, 0
62800, 5525146, 0, 0, 0
62901, 5525938, 0, 0, 0
63000, 5062664, 0, 0, 0
63101, 5075945, 0, 0, 0
63200, 4462174, 0, 0, 0
63301, 6655744, 0, 0, 0
63400, 4706972, 0, 0, 0
63500, 6430002, 0, 0, 0
63601, 5215186, 0, 0, 0
63700, 4117573, 0, 0, 0
63800, 5160351, 0, 0, 0
63900, 6760336, 0, 0, 0
64000, 5199728, 0, 0, 0
64100, 5267088, 0, 0, 0
64200, 4837189, 0, 0, 0
64301, 4896151, 0, 0, 0
64400, 5530428, 0, 0, 0
64500, 4410610, 0, 0, 0
64600, 5192355, 0, 0, 0
64705, 4880188, 0, 0, 0
64800, 7358053, 0, 0, 0
64900, 10003952, 0, 0, 0
65000, 4865840, 0, 0, 0
65100, 4684344, 0, 0, 0
65200, 5067909, 0, 0, 0
65300, 4291389, 0, 0, 0
65400, 5384473, 0, 0, 0
65500, 4641586, 0, 0, 0
65600, 5240847, 0, 0, 0
65702, 6000821, 0, 0, 0
65800, 5136636, 0, 0, 0
65900, 5491842, 0, 0, 0
66000, 5234814, 0, 0, 0
66100, 4698708, 0, 0, 0
66200, 4285971, 0, 0, 0
66302, 11060710, 0, 0, 0
66400, 4463216, 0, 0, 0
66500, 4767633, 0, 0, 0
66600, 4219501, 0, 0, 0
66700, 4956379, 0, 0, 0
66800, 9982108, 0, 0, 0
66904, 4820697, 0, 0, 0
67001, 5773711, 0, 0, 0
67101, 8044509, 0, 0, 0
67200, 4774713, 0, 0, 0
67300, 4706765, 0, 0, 0
67400, 4563099, 0, 0, 0
67505, 4418525, 0, 0, 0
67600, 4916709, 0, 0, 0
67700, 4135400, 0, 0, 0
67800, 4762804, 0, 0, 0
67900, 4726400, 0, 0, 0
68000, 4686545, 0, 0, 0
68101, 4887424, 0, 0, 0
68201, 6288784, 0, 0, 0
68300, 5083242, 0, 0, 0
68402, 4923759, 0, 0, 0
68500, 4441174, 0, 0, 0
68600, 4716409, 0, 0, 0
68700, 6195542, 0, 0, 0
68800, 6322933, 0, 0, 0
68900, 4388643, 0, 0, 0
69000, 4252872, 0, 0, 0
69100, 4388925, 0, 0, 0
69200, 4152069, 0, 0, 0
69302, 7600269, 0, 0, 0
69414, 7434145, 0, 0, 0
69502, 6473108, 0, 0, 0
69600, 4769794, 0, 0, 0
69700, 4043893, 0, 0, 0
69801, 7085071, 0, 0, 0
69902, 5465431, 0, 0, 0
70000, 4518622, 0, 0, 0
70102, 4849959, 0, 0, 0
70200, 5635242, 0, 0, 0
70300, 4338341, 0, 0, 0
70400, 4990072, 0, 0, 0
70500, 4872951, 0, 0, 0
70602, 5190698, 0, 0, 0
70703, 5466462, 0, 0, 0
70804, 5652022, 0, 0, 0
70901, 5051778, 0, 0, 0
71000, 4835492, 0, 0, 0
71100, 4539083, 0, 0, 0
71201, 6217190, 0, 0, 0
71300, 4556396, 0, 0, 0
71400, 6492675, 0, 0, 0
71500, 5887588, 0, 0, 0
71600, 4335677, 0, 0, 0
71700, 5293180, 0, 0, 0
71801, 6948224, 0, 0, 0
71900, 4455904, 0, 0, 0
72011, 5855204, 0, 0, 0
72100, 5075763, 0, 0, 0
72200, 4696230, 0, 0, 0
72301, 4904297, 0, 0, 0
72404, 5968403, 0, 0, 0
72501, 7284752, 0, 0, 0
72613, 5753598, 0, 0, 0
72701, 6117695, 0, 0, 0
72800, 5048821, 0, 0, 0
72900, 5151087, 0, 0, 0
73000, 4209180, 0, 0, 0
73100, 5473533, 0, 0, 0
73200, 5479018, 0, 0, 0
73300, 5173163, 0, 0, 0
73400, 6193222, 0, 0, 0
73500, 5014608, 0, 0, 0
73600, 3904827, 0, 0, 0
73701, 4961970, 0, 0, 0
73800, 6085310, 0, 0, 0
73901, 4614069, 0, 0, 0
74001, 5088406, 0, 0, 0
74114, 5180570, 0, 0, 0
74207, 5470585, 0, 0, 0
74300, 4833059, 0, 0, 0
74401, 5431370, 0, 0, 0
74501, 8421663, 0, 0, 0
74600, 6312672, 0, 0, 0
74702, 6646543, 0, 0, 0
74800, 4933380, 0, 0, 0
74901, 5049981, 0, 0, 0
75000, 4008283, 0, 0, 0
75100, 4483697, 0, 0, 0
75203, 6974804, 0, 0, 0
75300, 6703101, 0, 0, 0
75401, 4002537, 0, 0, 0
75501, 4541341, 0, 0, 0
75600, 4942076, 0, 0, 0
75700, 6163172, 0, 0, 0
75800, 5973194, 0, 0, 0
75900, 4046905, 0, 0, 0
76000, 4768194, 0, 0, 0
76103, 5850621, 0, 0, 0
76201, 5345611, 0, 0, 0
76300, 5243224, 0, 0, 0
76403, 5082110, 0, 0, 0
76502, 6594079, 0, 0, 0
76600, 4341941, 0, 0, 0
76700, 4005821, 0, 0, 0
76810, 5018648, 0, 0, 0
76900, 4814243, 0, 0, 0
77000, 3821916, 0, 0, 0
77100, 4135330, 0, 0, 0
77200, 5704733, 0, 0, 0
77301, 5881994, 0, 0, 0
77400, 4977004, 0, 0, 0
77501, 5914812, 0, 0, 0
77601, 5404860, 0, 0, 0
77710, 4629427, 0, 0, 0
77800, 8437162, 0, 0, 0
77930, 6323510, 0, 0, 0
78000, 8791122, 0, 0, 0
78100, 5386652, 0, 0, 0
78201, 4705057, 0, 0, 0
78300, 4929287, 0, 0, 0
78400, 4457248, 0, 0, 0
78500, 5656804, 0, 0, 0
78601, 3617758, 0, 0, 0
78700, 6899927, 0, 0, 0
78801, 5429530, 0, 0, 0
78900, 3944208, 0, 0, 0
79000, 5207473, 0, 0, 0
79104, 4034162, 0, 0, 0
79200, 7558684, 0, 0, 0
79301, 6913795, 0, 0, 0
79400, 4724992, 0, 0, 0
79500, 4494755, 0, 0, 0
79600, 4756644, 0, 0, 0
79700, 5507097, 0, 0, 0
79800, 4758047, 0, 0, 0
79901, 4342492, 0, 0, 0
80001, 5523899, 0, 0, 0
80101, 6812471, 0, 0, 0
80200, 9085699, 0, 0, 0
80300, 6327689, 0, 0, 0
80402, 6686355, 0, 0, 0
80500, 5361249, 0, 0, 0
80600, 5927684, 0, 0, 0
80701, 5669500, 0, 0, 0
80801, 4324876, 0, 0, 0
80900, 4407677, 0, 0, 0
81000, 5433569, 0, 0, 0
81100, 4651038, 0, 0, 0
81200, 4807683, 0, 0, 0
81302, 6599192, 0, 0, 0
81401, 10827001, 0, 0, 0
81501, 4216873, 0, 0, 0
81600, 7677589, 0, 0, 0
81700, 4743475, 0, 0, 0
81800, 6392750, 0, 0, 0
81900, 6033770, 0, 0, 0
82001, 5576498, 0, 0, 0
82100, 5765811, 0, 0, 0
82200, 5513712, 0, 0, 0
82312, 6798490, 0, 0, 0
82401, 6852887, 0, 0, 0
82501, 5033947, 0, 0, 0
82600, 4517970, 0, 0, 0
82703, 4836433, 0, 0, 0
82800, 5796202, 0, 0, 0
82900, 3803640, 0, 0, 0
83000, 5115269, 0, 0, 0
83101, 4400378, 0, 0, 0
83201, 5787848, 0, 0, 0
83300, 5220962, 0, 0, 0
83400, 4409459, 0, 0, 0
83500, 4211985, 0, 0, 0
83617, 4295567, 0, 0, 0
83700, 6056403, 0, 0, 0
83800, 4187704, 0, 0, 0
83900, 4910113, 0, 0, 0
84001, 7145794, 0, 0, 0
84100, 4505418, 0, 0, 0
84202, 4760177, 0, 0, 0
84300, 3854873, 0, 0, 0
84400, 4435280, 0, 0, 0
84501, 5408068, 0, 0, 0
84603, 6407430, 0, 0, 0
84700, 4633225, 0, 0, 0
84800, 5609426, 0, 0, 0
84900, 4282564, 0, 0, 0
85001, 4872838, 0, 0, 0
85100, 6526369, 0, 0, 0
85201, 7145609, 0, 0, 0
85300, 4855783, 0, 0, 0
85400, 6344497, 0, 0, 0
85516, 7577957, 0, 0, 0
85600, 5850446, 0, 0, 0
85701, 4891275, 0, 0, 0
85801, 6276340, 0, 0, 0
85900, 6133483, 0, 0, 0
86002, 6723580, 0, 0, 0
86101, 6411325, 0, 0, 0
86200, 5560919, 0, 0, 0
86302, 6172055, 0, 0, 0
86401, 5423317, 0, 0, 0
86501, 4839862, 0, 0, 0
86600, 5187301, 0, 0, 0
86701, 5459725, 0, 0, 0
86800, 4668495, 0, 0, 0
86905, 5369254, 0, 0, 0
87001, 4792985, 0, 0, 0
87102, 5482727, 0, 0, 0
87200, 7678493, 0, 0, 0
87300, 4877346, 0, 0, 0
87408, 4202708, 0, 0, 0
87500, 5154998, 0, 0, 0
87600, 5683325, 0, 0, 0
87701, 4582382, 0, 0, 0
87800, 4890880, 0, 0, 0
87900, 4198858, 0, 0, 0
88000, 4205329, 0, 0, 0
88100, 3648623, 0, 0, 0
88200, 4821803, 0, 0, 0
88300, 5350975, 0, 0, 0
88409, 4294338, 0, 0, 0
88500, 9827677, 0, 0, 0
88611, 5362162, 0, 0, 0
88710, 4951844, 0, 0, 0
88800, 7838736, 0, 0, 0
88900, 4783544, 0, 0, 0
89000, 4556862, 0, 0, 0
89100, 4701388, 0, 0, 0
89201, 10514879, 0, 0, 0
89301, 5399592, 0, 0, 0
89400, 5037299, 0, 0, 0
89500, 4731051, 0, 0, 0
89600, 5145303, 0, 0, 0
89701, 5130858, 0, 0, 0
89800, 4880116, 0, 0, 0
89900, 4620613, 0, 0, 0
90000, 3851495, 0, 0, 0
90003, 5869022, 0, 0, 0
