250, 206848, 0, 0, 0
350, 207360, 0, 0, 0
450, 243200, 0, 0, 0
550, 240640, 0, 0, 0
650, 192000, 0, 0, 0
749, 155151, 0, 0, 0
849, 227840, 0, 0, 0
949, 271360, 0, 0, 0
1049, 184320, 0, 0, 0
1150, 204800, 0, 0, 0
1249, 129292, 0, 0, 0
1349, 204800, 0, 0, 0
1449, 204800, 0, 0, 0
1549, 184320, 0, 0, 0
1649, 227840, 0, 0, 0
1749, 199680, 0, 0, 0
1849, 197120, 0, 0, 0
1949, 197120, 0, 0, 0
2049, 184320, 0, 0, 0
2149, 202240, 0, 0, 0
2250, 84480, 0, 0, 0
2350, 176640, 0, 0, 0
2450, 235520, 0, 0, 0
2550, 145920, 0, 0, 0
2650, 140800, 0, 0, 0
2749, 152565, 0, 0, 0
2849, 197120, 0, 0, 0
2949, 256000, 0, 0, 0
3049, 186880, 0, 0, 0
3149, 161280, 0, 0, 0
3249, 163840, 0, 0, 0
3349, 176640, 0, 0, 0
3450, 181760, 0, 0, 0
3550, 225280, 0, 0, 0
3650, 199680, 0, 0, 0
3749, 175838, 0, 0, 0
3849, 158720, 0, 0, 0
3949, 266240, 0, 0, 0
4049, 166400, 0, 0, 0
4149, 215040, 0, 0, 0
4249, 143360, 0, 0, 0
4349, 240640, 0, 0, 0
4449, 174080, 0, 0, 0
4549, 168960, 0, 0, 0
4649, 156160, 0, 0, 0
4750, 209920, 0, 0, 0
4850, 192000, 0, 0, 0
4950, 199680, 0, 0, 0
5050, 166400, 0, 0, 0
5150, 145920, 0, 0, 0
5249, 256000, 0, 0, 0
5349, 240640, 0, 0, 0
5449, 215040, 0, 0, 0
5549, 122880, 0, 0, 0
5649, 176640, 0, 0, 0
5749, 207360, 0, 0, 0
5849, 250880, 0, 0, 0
5950, 189440, 0, 0, 0
6050, 186880, 0, 0, 0
6150, 238080, 0, 0, 0
6249, 209454, 0, 0, 0
6349, 227840, 0, 0, 0
6449, 245760, 0, 0, 0
6549, 181760, 0, 0, 0
6649, 238080, 0, 0, 0
6749, 207360, 0, 0, 0
6849, 156160, 0, 0, 0
6949, 207360, 0, 0, 0
7049, 197120, 0, 0, 0
7150, 227840, 0, 0, 0
7249, 157737, 0, 0, 0
7349, 212480, 0, 0, 0
7449, 209920, 0, 0, 0
7549, 189440, 0, 0, 0
7649, 199680, 0, 0, 0
7749, 215040, 0, 0, 0
7849, 192000, 0, 0, 0
7949, 163840, 0, 0, 0
8049, 138240, 0, 0, 0
8149, 189440, 0, 0, 0
8249, 245760, 0, 0, 0
8350, 143360, 0, 0, 0
8450, 238080, 0, 0, 0
8550, 184320, 0, 0, 0
8650, 245760, 0, 0, 0
8749, 201696, 0, 0, 0
8849, 207360, 0, 0, 0
8949, 179200, 0, 0, 0
9049, 128000, 0, 0, 0
9149, 189440, 0, 0, 0
9249, 171520, 0, 0, 0
9349, 197120, 0, 0, 0
9449, 204800, 0, 0, 0
9549, 227840, 0, 0, 0
9650, 197120, 0, 0, 0
9750, 222720, 0, 0, 0
9850, 245760, 0, 0, 0
9950, 240640, 0, 0, 0
10050, 235520, 0, 0, 0
10150, 145920, 0, 0, 0
10249, 188767, 0, 0, 0
10349, 215040, 0, 0, 0
10449, 217600, 0, 0, 0
10549, 158720, 0, 0, 0
10649, 202240, 0, 0, 0
10750, 266240, 0, 0, 0
10850, 227840, 0, 0, 0
10950, 176640, 0, 0, 0
11050, 158720, 0, 0, 0
11150, 189440, 0, 0, 0
11249, 224969, 0, 0, 0
11349, 194560, 0, 0, 0
11449, 250880, 0, 0, 0
11549, 194560, 0, 0, 0
11649, 240640, 0, 0, 0
11750, 263680, 0, 0, 0
11850, 215040, 0, 0, 0
11950, 207360, 0, 0, 0
12050, 122880, 0, 0, 0
12150, 240640, 0, 0, 0
12249, 219797, 0, 0, 0
12349, 227840, 0, 0, 0
12449, 184320, 0, 0, 0
12549, 194560, 0, 0, 0
12649, 227840, 0, 0, 0
12749, 138240, 0, 0, 0
12850, 181760, 0, 0, 0
12950, 174080, 0, 0, 0
13050, 215040, 0, 0, 0
13150, 163840, 0, 0, 0
13249, 155151, 0, 0, 0
13349, 135680, 0, 0, 0
13449, 156160, 0, 0, 0
13549, 112640, 0, 0, 0
13649, 179200, 0, 0, 0
13749, 179200, 0, 0, 0
13849, 215040, 0, 0, 0
13949, 207360, 0, 0, 0
14050, 184320, 0, 0, 0
14150, 143360, 0, 0, 0
14249, 196525, 0, 0, 0
14349, 227840, 0, 0, 0
14449, 151040, 0, 0, 0
14549, 227840, 0, 0, 0
14649, 250880, 0, 0, 0
14749, 261120, 0, 0, 0
14849, 197120, 0, 0, 0
14949, 199680, 0, 0, 0
15050, 227840, 0, 0, 0
15150, 168960, 0, 0, 0
15249, 80161, 0, 0, 0
15349, 250880, 0, 0, 0
15449, 158720, 0, 0, 0
15549, 161280, 0, 0, 0
15649, 176640, 0, 0, 0
15749, 215040, 0, 0, 0
15849, 138240, 0, 0, 0
15949, 197120, 0, 0, 0
16049, 189440, 0, 0, 0
16149, 202240, 0, 0, 0
16250, 156160, 0, 0, 0
16350, 220160, 0, 0, 0
16450, 153600, 0, 0, 0
16550, 186880, 0, 0, 0
16650, 184320, 0, 0, 0
16749, 116363, 0, 0, 0
16849, 179200, 0, 0, 0
16949, 199680, 0, 0, 0
17049, 176640, 0, 0, 0
17149, 217600, 0, 0, 0
17250, 168960, 0, 0, 0
17350, 215040, 0, 0, 0
17450, 143360, 0, 0, 0
17550, 199680, 0, 0, 0
17650, 102400, 0, 0, 0
17749, 217212, 0, 0, 0
17849, 174080, 0, 0, 0
17949, 230400, 0, 0, 0
18049, 179200, 0, 0, 0
18149, 189440, 0, 0, 0
18249, 215040, 0, 0, 0
18349, 222720, 0, 0, 0
18450, 166400, 0, 0, 0
18550, 266240, 0, 0, 0
18650, 153600, 0, 0, 0
18749, 204282, 0, 0, 0
18849, 204800, 0, 0, 0
18949, 161280, 0, 0, 0
19049, 215040, 0, 0, 0
19149, 174080, 0, 0, 0
19249, 87040, 0, 0, 0
19349, 194560, 0, 0, 0
19449, 135680, 0, 0, 0
19550, 227840, 0, 0, 0
19650, 227840, 0, 0, 0
19749, 168080, 0, 0, 0
19849, 174080, 0, 0, 0
19949, 168960, 0, 0, 0
20049, 243200, 0, 0, 0
20149, 151040, 0, 0, 0
20249, 212480, 0, 0, 0
20349, 202240, 0, 0, 0
20449, 163840, 0, 0, 0
20549, 225280, 0, 0, 0
20649, 179200, 0, 0, 0
20750, 145920, 0, 0, 0
20850, 199680, 0, 0, 0
20950, 263680, 0, 0, 0
21050, 148480, 0, 0, 0
21150, 289280, 0, 0, 0
21249, 162909, 0, 0, 0
21349, 156160, 0, 0, 0
21449, 184320, 0, 0, 0
21549, 197120, 0, 0, 0
21649, 171520, 0, 0, 0
21749, 209920, 0, 0, 0
21850, 250880, 0, 0, 0
21950, 212480, 0, 0, 0
22050, 199680, 0, 0, 0
22150, 230400, 0, 0, 0
22249, 178424, 0, 0, 0
22349, 240640, 0, 0, 0
22449, 197120, 0, 0, 0
22549, 138240, 0, 0, 0
22649, 232960, 0, 0, 0
22749, 140800, 0, 0, 0
22849, 240640, 0, 0, 0
22950, 238080, 0, 0, 0
23050, 192000, 0, 0, 0
23150, 204800, 0, 0, 0
23249, 212040, 0, 0, 0
23349, 217600, 0, 0, 0
23449, 184320, 0, 0, 0
23549, 230400, 0, 0, 0
23649, 204800, 0, 0, 0
23749, 204800, 0, 0, 0
23849, 240640, 0, 0, 0
23949, 227840, 0, 0, 0
24050, 204800, 0, 0, 0
24150, 148480, 0, 0, 0
24249, 178424, 0, 0, 0
24349, 176640, 0, 0, 0
24449, 245760, 0, 0, 0
24549, 212480, 0, 0, 0
24649, 202240, 0, 0, 0
24749, 189440, 0, 0, 0
24849, 199680, 0, 0, 0
24949, 171520, 0, 0, 0
25049, 209920, 0, 0, 0
25149, 166400, 0, 0, 0
25250, 209920, 0, 0, 0
25350, 207360, 0, 0, 0
25450, 156160, 0, 0, 0
25550, 153600, 0, 0, 0
25650, 179200, 0, 0, 0
25749, 204282, 0, 0, 0
25849, 189440, 0, 0, 0
25949, 240640, 0, 0, 0
26049, 186880, 0, 0, 0
26149, 209920, 0, 0, 0
26249, 186880, 0, 0, 0
26349, 220160, 0, 0, 0
26449, 207360, 0, 0, 0
26550, 199680, 0, 0, 0
26650, 217600, 0, 0, 0
26749, 175838, 0, 0, 0
26849, 230400, 0, 0, 0
26949, 161280, 0, 0, 0
27049, 143360, 0, 0, 0
27149, 227840, 0, 0, 0
27249, 148480, 0, 0, 0
27349, 212480, 0, 0, 0
27449, 189440, 0, 0, 0
27549, 158720, 0, 0, 0
27649, 225280, 0, 0, 0
27750, 235520, 0, 0, 0
27850, 217600, 0, 0, 0
27950, 199680, 0, 0, 0
28050, 202240, 0, 0, 0
28150, 189440, 0, 0, 0
28249, 149979, 0, 0, 0
28349, 156160, 0, 0, 0
28449, 248320, 0, 0, 0
28549, 217600, 0, 0, 0
28649, 186880, 0, 0, 0
28749, 230400, 0, 0, 0
28849, 256000, 0, 0, 0
28949, 261120, 0, 0, 0
29050, 225280, 0, 0, 0
29150, 140800, 0, 0, 0
29249, 173252, 0, 0, 0
29349, 212480, 0, 0, 0
29449, 194560, 0, 0, 0
29549, 217600, 0, 0, 0
29649, 110080, 0, 0, 0
29749, 202240, 0, 0, 0
29849, 209920, 0, 0, 0
29949, 199680, 0, 0, 0
30049, 194560, 0, 0, 0
30149, 199680, 0, 0, 0
30250, 199680, 0, 0, 0
30350, 153600, 0, 0, 0
30450, 220160, 0, 0, 0
30550, 161280, 0, 0, 0
30650, 130560, 0, 0, 0
30749, 181010, 0, 0, 0
30849, 128000, 0, 0, 0
30949, 156160, 0, 0, 0
31049, 215040, 0, 0, 0
31149, 202240, 0, 0, 0
31249, 199680, 0, 0, 0
31349, 207360, 0, 0, 0
31449, 207360, 0, 0, 0
31550, 243200, 0, 0, 0
31650, 204800, 0, 0, 0
31749, 152565, 0, 0, 0
31849, 138240, 0, 0, 0
31949, 163840, 0, 0, 0
32049, 256000, 0, 0, 0
32149, 143360, 0, 0, 0
32249, 215040, 0, 0, 0
32349, 207360, 0, 0, 0
32449, 186880, 0, 0, 0
32549, 148480, 0, 0, 0
32650, 135680, 0, 0, 0
32750, 156160, 0, 0, 0
32850, 174080, 0, 0, 0
32950, 163840, 0, 0, 0
33050, 207360, 0, 0, 0
33150, 168960, 0, 0, 0
33249, 230141, 0, 0, 0
33349, 174080, 0, 0, 0
33449, 179200, 0, 0, 0
33549, 194560, 0, 0, 0
33649, 227840, 0, 0, 0
33749, 232960, 0, 0, 0
33850, 204800, 0, 0, 0
33950, 135680, 0, 0, 0
34050, 243200, 0, 0, 0
34150, 192000, 0, 0, 0
34249, 147393, 0, 0, 0
34349, 222720, 0, 0, 0
34449, 238080, 0, 0, 0
34549, 217600, 0, 0, 0
34649, 179200, 0, 0, 0
34749, 204800, 0, 0, 0
34849, 158720, 0, 0, 0
34949, 227840, 0, 0, 0
35049, 222720, 0, 0, 0
35149, 192000, 0, 0, 0
35250, 225280, 0, 0, 0
35350, 189440, 0, 0, 0
35450, 184320, 0, 0, 0
35550, 197120, 0, 0, 0
35650, 192000, 0, 0, 0
35749, 232727, 0, 0, 0
35849, 184320, 0, 0, 0
35949, 179200, 0, 0, 0
36049, 171520, 0, 0, 0
36149, 212480, 0, 0, 0
36249, 171520, 0, 0, 0
36349, 202240, 0, 0, 0
36449, 253440, 0, 0, 0
36550, 148480, 0, 0, 0
36650, 166400, 0, 0, 0
36749, 201696, 0, 0, 0
36849, 189440, 0, 0, 0
36949, 258560, 0, 0, 0
37049, 220160, 0, 0, 0
37149, 197120, 0, 0, 0
37249, 263680, 0, 0, 0
37349, 130560, 0, 0, 0
37449, 117760, 0, 0, 0
37549, 258560, 0, 0, 0
37649, 184320, 0, 0, 0
37750, 207360, 0, 0, 0
37850, 207360, 0, 0, 0
37950, 181760, 0, 0, 0
38050, 225280, 0, 0, 0
38150, 202240, 0, 0, 0
38249, 137050, 0, 0, 0
38349, 215040, 0, 0, 0
38449, 207360, 0, 0, 0
38549, 161280, 0, 0, 0
38649, 202240, 0, 0, 0
38749, 120320, 0, 0, 0
38849, 217600, 0, 0, 0
38949, 104960, 0, 0, 0
39050, 261120, 0, 0, 0
39150, 166400, 0, 0, 0
39249, 162909, 0, 0, 0
39349, 232960, 0, 0, 0
39449, 230400, 0, 0, 0
39549, 232960, 0, 0, 0
39649, 232960, 0, 0, 0
39749, 238080, 0, 0, 0
39849, 189440, 0, 0, 0
39949, 256000, 0, 0, 0
40049, 158720, 0, 0, 0
40149, 217600, 0, 0, 0
40249, 215040, 0, 0, 0
40350, 158720, 0, 0, 0
40450, 215040, 0, 0, 0
40550, 220160, 0, 0, 0
40650, 181760, 0, 0, 0
40749, 243070, 0, 0, 0
40849, 176640, 0, 0, 0
40949, 227840, 0, 0, 0
41049, 197120, 0, 0, 0
41149, 222720, 0, 0, 0
41249, 140800, 0, 0, 0
41350, 212480, 0, 0, 0
41450, 207360, 0, 0, 0
41550, 225280, 0, 0, 0
41650, 238080, 0, 0, 0
41749, 188767, 0, 0, 0
41849, 163840, 0, 0, 0
41949, 192000, 0, 0, 0
42049, 176640, 0, 0, 0
42149, 179200, 0, 0, 0
42250, 268800, 0, 0, 0
42350, 145920, 0, 0, 0
42450, 230400, 0, 0, 0
42550, 248320, 0, 0, 0
42650, 238080, 0, 0, 0
42749, 178424, 0, 0, 0
42849, 212480, 0, 0, 0
42949, 232960, 0, 0, 0
43049, 135680, 0, 0, 0
43149, 279040, 0, 0, 0
43249, 256000, 0, 0, 0
43349, 232960, 0, 0, 0
43450, 204800, 0, 0, 0
43550, 235520, 0, 0, 0
43650, 186880, 0, 0, 0
43749, 196525, 0, 0, 0
43849, 192000, 0, 0, 0
43949, 192000, 0, 0, 0
44049, 145920, 0, 0, 0
44149, 207360, 0, 0, 0
44249, 256000, 0, 0, 0
44349, 168960, 0, 0, 0
44449, 151040, 0, 0, 0
44550, 222720, 0, 0, 0
44650, 184320, 0, 0, 0
44749, 199111, 0, 0, 0
44849, 222720, 0, 0, 0
44949, 232960, 0, 0, 0
45049, 122880, 0, 0, 0
45149, 261120, 0, 0, 0
45249, 194560, 0, 0, 0
45349, 202240, 0, 0, 0
45449, 130560, 0, 0, 0
45549, 212480, 0, 0, 0
45649, 204800, 0, 0, 0
45750, 171520, 0, 0, 0
45850, 181760, 0, 0, 0
45950, 209920, 0, 0, 0
46050, 209920, 0, 0, 0
46150, 197120, 0, 0, 0
46249, 224969, 0, 0, 0
46349, 186880, 0, 0, 0
46449, 220160, 0, 0, 0
46549, 227840, 0, 0, 0
46649, 217600, 0, 0, 0
46749, 202240, 0, 0, 0
46849, 97280, 0, 0, 0
46950, 145920, 0, 0, 0
47050, 263680, 0, 0, 0
47150, 163840, 0, 0, 0
47249, 250828, 0, 0, 0
47349, 261120, 0, 0, 0
47449, 176640, 0, 0, 0
47549, 220160, 0, 0, 0
47649, 151040, 0, 0, 0
47749, 176640, 0, 0, 0
47849, 128000, 0, 0, 0
47949, 212480, 0, 0, 0
48050, 181760, 0, 0, 0
48150, 186880, 0, 0, 0
48249, 232727, 0, 0, 0
48349, 192000, 0, 0, 0
48449, 268800, 0, 0, 0
48549, 227840, 0, 0, 0
48649, 115200, 0, 0, 0
48749, 138240, 0, 0, 0
48849, 140800, 0, 0, 0
48949, 148480, 0, 0, 0
49049, 181760, 0, 0, 0
49149, 145920, 0, 0, 0
49250, 215040, 0, 0, 0
49350, 166400, 0, 0, 0
49450, 215040, 0, 0, 0
49550, 181760, 0, 0, 0
49650, 166400, 0, 0, 0
49749, 219797, 0, 0, 0
49849, 179200, 0, 0, 0
49949, 168960, 0, 0, 0
50049, 186880, 0, 0, 0
50149, 192000, 0, 0, 0
50249, 158720, 0, 0, 0
50350, 215040, 0, 0, 0
50450, 112640, 0, 0, 0
50550, 194560, 0, 0, 0
50650, 181760, 0, 0, 0
50749, 160323, 0, 0, 0
50849, 181760, 0, 0, 0
50949, 133120, 0, 0, 0
51049, 135680, 0, 0, 0
51149, 161280, 0, 0, 0
51249, 194560, 0, 0, 0
51349, 181760, 0, 0, 0
51449, 238080, 0, 0, 0
51550, 153600, 0, 0, 0
51650, 189440, 0, 0, 0
51749, 201696, 0, 0, 0
51849, 186880, 0, 0, 0
51949, 263680, 0, 0, 0
52049, 220160, 0, 0, 0
52149, 71680, 0, 0, 0
52249, 209920, 0, 0, 0
52349, 238080, 0, 0, 0
52449, 197120, 0, 0, 0
52550, 179200, 0, 0, 0
52650, 261120, 0, 0, 0
52749, 191353, 0, 0, 0
52849, 197120, 0, 0, 0
52949, 140800, 0, 0, 0
53049, 256000, 0, 0, 0
53149, 181760, 0, 0, 0
53249, 192000, 0, 0, 0
53349, 171520, 0, 0, 0
53449, 207360, 0, 0, 0
53549, 220160, 0, 0, 0
53649, 194560, 0, 0, 0
53750, 184320, 0, 0, 0
53850, 209920, 0, 0, 0
53950, 235520, 0, 0, 0
54050, 250880, 0, 0, 0
54150, 215040, 0, 0, 0
54249, 165494, 0, 0, 0
54349, 171520, 0, 0, 0
54449, 176640, 0, 0, 0
54549, 212480, 0, 0, 0
54649, 209920, 0, 0, 0
54749, 197120, 0, 0, 0
54850, 130560, 0, 0, 0
54950, 166400, 0, 0, 0
55050, 245760, 0, 0, 0
55150, 256000, 0, 0, 0
55249, 188767, 0, 0, 0
55349, 209920, 0, 0, 0
55449, 245760, 0, 0, 0
55549, 286720, 0, 0, 0
55649, 104960, 0, 0, 0
55749, 207360, 0, 0, 0
55849, 209920, 0, 0, 0
55949, 202240, 0, 0, 0
56050, 199680, 0, 0, 0
56150, 240640, 0, 0, 0
56249, 191353, 0, 0, 0
56349, 135680, 0, 0, 0
56449, 204800, 0, 0, 0
56549, 138240, 0, 0, 0
56649, 179200, 0, 0, 0
56749, 166400, 0, 0, 0
56849, 250880, 0, 0, 0
56949, 209920, 0, 0, 0
57050, 232960, 0, 0, 0
57150, 222720, 0, 0, 0
57249, 160323, 0, 0, 0
57349, 184320, 0, 0, 0
57449, 148480, 0, 0, 0
57549, 204800, 0, 0, 0
57649, 133120, 0, 0, 0
57749, 240640, 0, 0, 0
57849, 168960, 0, 0, 0
57949, 232960, 0, 0, 0
58049, 225280, 0, 0, 0
58149, 232960, 0, 0, 0
58250, 250880, 0, 0, 0
58350, 189440, 0, 0, 0
58450, 166400, 0, 0, 0
58550, 217600, 0, 0, 0
58650, 194560, 0, 0, 0
58749, 237898, 0, 0, 0
58849, 238080, 0, 0, 0
58949, 232960, 0, 0, 0
59049, 235520, 0, 0, 0
59149, 204800, 0, 0, 0
59250, 179200, 0, 0, 0
59350, 163840, 0, 0, 0
59450, 189440, 0, 0, 0
59550, 238080, 0, 0, 0
59650, 207360, 0, 0, 0
59749, 256000, 0, 0, 0
59849, 238080, 0, 0, 0
59949, 240640, 0, 0, 0
60049, 186880, 0, 0, 0
60149, 174080, 0, 0, 0
60249, 181760, 0, 0, 0
60349, 161280, 0, 0, 0
60449, 197120, 0, 0, 0
60550, 243200, 0, 0, 0
60650, 130560, 0, 0, 0
60749, 253414, 0, 0, 0
60849, 230400, 0, 0, 0
60949, 176640, 0, 0, 0
61049, 222720, 0, 0, 0
61149, 186880, 0, 0, 0
61249, 179200, 0, 0, 0
61349, 215040, 0, 0, 0
61449, 248320, 0, 0, 0
61549, 243200, 0, 0, 0
61650, 153600, 0, 0, 0
61749, 193939, 0, 0, 0
61849, 209920, 0, 0, 0
61949, 186880, 0, 0, 0
62049, 117760, 0, 0, 0
62149, 238080, 0, 0, 0
62249, 250880, 0, 0, 0
62349, 245760, 0, 0, 0
62449, 143360, 0, 0, 0
62549, 199680, 0, 0, 0
62650, 217600, 0, 0, 0
62749, 181010, 0, 0, 0
62849, 248320, 0, 0, 0
62949, 158720, 0, 0, 0
63049, 209920, 0, 0, 0
63149, 207360, 0, 0, 0
63249, 197120, 0, 0, 0
63349, 168960, 0, 0, 0
63449, 197120, 0, 0, 0
63549, 174080, 0, 0, 0
63649, 240640, 0, 0, 0
63750, 230400, 0, 0, 0
63850, 145920, 0, 0, 0
63950, 194560, 0, 0, 0
64050, 186880, 0, 0, 0
64150, 184320, 0, 0, 0
64249, 235313, 0, 0, 0
64349, 186880, 0, 0, 0
64449, 225280, 0, 0, 0
64549, 186880, 0, 0, 0
64649, 220160, 0, 0, 0
64749, 194560, 0, 0, 0
64849, 56320, 0, 0, 0
64949, 186880, 0, 0, 0
65050, 209920, 0, 0, 0
65150, 215040, 0, 0, 0
65249, 212040, 0, 0, 0
65349, 220160, 0, 0, 0
65449, 204800, 0, 0, 0
65549, 204800, 0, 0, 0
65649, 220160, 0, 0, 0
65749, 133120, 0, 0, 0
65849, 220160, 0, 0, 0
65949, 186880, 0, 0, 0
66049, 184320, 0, 0, 0
66149, 243200, 0, 0, 0
66250, 166400, 0, 0, 0
66350, 166400, 0, 0, 0
66450, 225280, 0, 0, 0
66550, 212480, 0, 0, 0
66650, 250880, 0, 0, 0
66749, 144808, 0, 0, 0
66849, 171520, 0, 0, 0
66949, 168960, 0, 0, 0
67049, 148480, 0, 0, 0
67149, 158720, 0, 0, 0
67249, 245760, 0, 0, 0
67349, 212480, 0, 0, 0
67449, 232960, 0, 0, 0
67550, 207360, 0, 0, 0
67650, 243200, 0, 0, 0
67749, 222383, 0, 0, 0
67849, 215040, 0, 0, 0
67949, 189440, 0, 0, 0
68049, 248320, 0, 0, 0
68149, 179200, 0, 0, 0
68249, 184320, 0, 0, 0
68349, 222720, 0, 0, 0
68449, 207360, 0, 0, 0
68549, 235520, 0, 0, 0
68650, 179200, 0, 0, 0
68749, 129292, 0, 0, 0
68849, 227840, 0, 0, 0
68949, 220160, 0, 0, 0
69049, 253440, 0, 0, 0
69149, 238080, 0, 0, 0
69249, 184320, 0, 0, 0
69349, 120320, 0, 0, 0
69449, 168960, 0, 0, 0
69549, 192000, 0, 0, 0
69649, 227840, 0, 0, 0
69749, 197120, 0, 0, 0
69849, 168960, 0, 0, 0
69950, 199680, 0, 0, 0
70050, 215040, 0, 0, 0
70150, 207360, 0, 0, 0
70249, 206868, 0, 0, 0
70349, 225280, 0, 0, 0
70449, 174080, 0, 0, 0
70549, 240640, 0, 0, 0
70649, 207360, 0, 0, 0
70749, 174080, 0, 0, 0
70849, 171520, 0, 0, 0
70949, 227840, 0, 0, 0
71049, 189440, 0, 0, 0
71149, 232960, 0, 0, 0
71250, 166400, 0, 0, 0
71350, 202240, 0, 0, 0
71450, 166400, 0, 0, 0
71550, 207360, 0, 0, 0
71650, 204800, 0, 0, 0
71749, 149979, 0, 0, 0
71849, 194560, 0, 0, 0
71949, 238080, 0, 0, 0
72049, 161280, 0, 0, 0
72149, 222720, 0, 0, 0
72250, 225280, 0, 0, 0
72350, 199680, 0, 0, 0
72450, 112640, 0, 0, 0
72550, 207360, 0, 0, 0
72650, 117760, 0, 0, 0
72749, 214626, 0, 0, 0
72849, 209920, 0, 0, 0
72949, 227840, 0, 0, 0
73049, 220160, 0, 0, 0
73149, 171520, 0, 0, 0
73249, 156160, 0, 0, 0
73349, 227840, 0, 0, 0
73449, 168960, 0, 0, 0
73550, 240640, 0, 0, 0
73650, 258560, 0, 0, 0
73749, 126707, 0, 0, 0
73849, 240640, 0, 0, 0
73949, 194560, 0, 0, 0
74049, 202240, 0, 0, 0
74149, 158720, 0, 0, 0
74249, 222720, 0, 0, 0
74349, 238080, 0, 0, 0
74449, 128000, 0, 0, 0
74549, 125440, 0, 0, 0
74649, 171520, 0, 0, 0
74750, 174080, 0, 0, 0
74850, 199680, 0, 0, 0
74950, 243200, 0, 0, 0
75050, 248320, 0, 0, 0
75150, 197120, 0, 0, 0
75249, 142222, 0, 0, 0
75349, 186880, 0, 0, 0
75449, 248320, 0, 0, 0
75549, 220160, 0, 0, 0
75649, 186880, 0, 0, 0
75749, 189440, 0, 0, 0
75849, 192000, 0, 0, 0
75949, 235520, 0, 0, 0
76050, 209920, 0, 0, 0
76150, 161280, 0, 0, 0
76249, 181010, 0, 0, 0
76349, 243200, 0, 0, 0
76449, 130560, 0, 0, 0
76549, 204800, 0, 0, 0
76649, 281600, 0, 0, 0
76749, 209920, 0, 0, 0
76849, 163840, 0, 0, 0
76949, 273920, 0, 0, 0
77049, 248320, 0, 0, 0
77150, 222720, 0, 0, 0
77249, 183595, 0, 0, 0
77349, 174080, 0, 0, 0
77449, 212480, 0, 0, 0
77549, 148480, 0, 0, 0
77649, 232960, 0, 0, 0
77749, 163840, 0, 0, 0
77849, 115200, 0, 0, 0
77949, 133120, 0, 0, 0
78049, 168960, 0, 0, 0
78149, 227840, 0, 0, 0
78250, 158720, 0, 0, 0
78350, 256000, 0, 0, 0
78450, 202240, 0, 0, 0
78550, 217600, 0, 0, 0
78650, 232960, 0, 0, 0
78749, 183595, 0, 0, 0
78849, 194560, 0, 0, 0
78949, 243200, 0, 0, 0
79049, 248320, 0, 0, 0
79149, 194560, 0, 0, 0
79249, 87040, 0, 0, 0
79349, 207360, 0, 0, 0
79450, 230400, 0, 0, 0
79550, 225280, 0, 0, 0
79650, 225280, 0, 0, 0
79749, 149979, 0, 0, 0
79849, 250880, 0, 0, 0
79949, 197120, 0, 0, 0
80049, 184320, 0, 0, 0
80149, 145920, 0, 0, 0
80249, 140800, 0, 0, 0
80349, 128000, 0, 0, 0
80449, 171520, 0, 0, 0
80550, 197120, 0, 0, 0
80650, 174080, 0, 0, 0
80749, 222383, 0, 0, 0
80849, 220160, 0, 0, 0
80949, 212480, 0, 0, 0
81049, 215040, 0, 0, 0
81149, 189440, 0, 0, 0
81249, 199680, 0, 0, 0
81349, 102400, 0, 0, 0
81449, 192000, 0, 0, 0
81549, 197120, 0, 0, 0
81649, 148480, 0, 0, 0
81750, 197120, 0, 0, 0
81850, 166400, 0, 0, 0
81950, 207360, 0, 0, 0
82050, 151040, 0, 0, 0
82150, 192000, 0, 0, 0
82249, 137050, 0, 0, 0
82349, 184320, 0, 0, 0
82449, 189440, 0, 0, 0
82549, 199680, 0, 0, 0
82649, 217600, 0, 0, 0
82749, 181760, 0, 0, 0
82849, 225280, 0, 0, 0
82949, 253440, 0, 0, 0
83050, 199680, 0, 0, 0
83150, 222720, 0, 0, 0
83249, 160323, 0, 0, 0
83349, 261120, 0, 0, 0
83449, 207360, 0, 0, 0
83549, 245760, 0, 0, 0
83649, 166400, 0, 0, 0
83749, 227840, 0, 0, 0
83849, 217600, 0, 0, 0
83949, 199680, 0, 0, 0
84049, 135680, 0, 0, 0
84149, 268800, 0, 0, 0
84250, 227840, 0, 0, 0
84350, 258560, 0, 0, 0
84450, 225280, 0, 0, 0
84550, 158720, 0, 0, 0
84650, 161280, 0, 0, 0
84749, 217212, 0, 0, 0
84849, 212480, 0, 0, 0
84949, 261120, 0, 0, 0
85049, 133120, 0, 0, 0
85149, 171520, 0, 0, 0
85249, 192000, 0, 0, 0
85350, 143360, 0, 0, 0
85450, 186880, 0, 0, 0
85550, 138240, 0, 0, 0
85650, 194560, 0, 0, 0
85749, 193939, 0, 0, 0
85849, 151040, 0, 0, 0
85949, 204800, 0, 0, 0
86049, 104960, 0, 0, 0
86149, 176640, 0, 0, 0
86249, 186880, 0, 0, 0
86349, 189440, 0, 0, 0
86449, 179200, 0, 0, 0
86550, 212480, 0, 0, 0
86650, 194560, 0, 0, 0
86749, 201696, 0, 0, 0
86849, 243200, 0, 0, 0
86949, 163840, 0, 0, 0
87049, 209920, 0, 0, 0
87149, 158720, 0, 0, 0
87249, 171520, 0, 0, 0
87349, 225280, 0, 0, 0
87449, 189440, 0, 0, 0
87549, 222720, 0, 0, 0
87649, 192000, 0, 0, 0
87750, 217600, 0, 0, 0
87850, 250880, 0, 0, 0
87950, 212480, 0, 0, 0
88050, 271360, 0, 0, 0
88150, 266240, 0, 0, 0
88249, 196525, 0, 0, 0
88349, 197120, 0, 0, 0
88449, 166400, 0, 0, 0
88549, 171520, 0, 0, 0
88649, 192000, 0, 0, 0
88749, 151040, 0, 0, 0
88850, 194560, 0, 0, 0
88950, 209920, 0, 0, 0
89050, 232960, 0, 0, 0
89150, 140800, 0, 0, 0
89249, 160323, 0, 0, 0
89349, 194560, 0, 0, 0
89449, 204800, 0, 0, 0
89549, 209920, 0, 0, 0
89649, 189440, 0, 0, 0
89749, 192000, 0, 0, 0
89849, 273920, 0, 0, 0
89949, 197120, 0, 0, 0
