250, 1092, 1, 0, 0
350, 1290, 1, 0, 0
450, 1290, 1, 0, 0
550, 1290, 1, 0, 0
650, 1130, 1, 0, 0
749, 2777, 1, 0, 0
849, 3720, 1, 0, 0
950, 2580, 1, 0, 0
1050, 1450, 1, 0, 0
1150, 3720, 1, 0, 0
1249, 2606, 1, 0, 0
1349, 3200, 1, 0, 0
1449, 3210, 1, 0, 0
1549, 1970, 1, 0, 0
1649, 2580, 1, 0, 0
1749, 2710, 1, 0, 0
1849, 3200, 1, 0, 0
1949, 2580, 1, 0, 0
2050, 2580, 1, 0, 0
2150, 2010, 1, 0, 0
2249, 3191, 1, 0, 0
2349, 3870, 1, 0, 0
2449, 2580, 1, 0, 0
2549, 4260, 1, 0, 0
2649, 2580, 1, 0, 0
2749, 2790, 1, 0, 0
2849, 3920, 1, 0, 0
2949, 3640, 1, 0, 0
3050, 3030, 1, 0, 0
3150, 2590, 1, 0, 0
3249, 838, 1, 0, 0
3349, 1290, 1, 0, 0
3449, 1290, 1, 0, 0
3549, 1290, 1, 0, 0
3649, 1290, 1, 0, 0
3749, 1290, 1, 0, 0
3849, 460, 1, 0, 0
3949, 1290, 1, 0, 0
4050, 1300, 1, 0, 0
4150, 2610, 1, 0, 0
4249, 3464, 1, 0, 0
4349, 3130, 1, 0, 0
4449, 3870, 1, 0, 0
4549, 2590, 1, 0, 0
4649, 3860, 1, 0, 0
4749, 2720, 1, 0, 0
4849, 3870, 1, 0, 0
4949, 3730, 1, 0, 0
5050, 3950, 1, 0, 0
5150, 3100, 1, 0, 0
5249, 4101, 1, 0, 0
5349, 2580, 1, 0, 0
5449, 2630, 1, 0, 0
5549, 2580, 1, 0, 0
5649, 3870, 1, 0, 0
5749, 3970, 1, 0, 0
5849, 1370, 1, 0, 0
5949, 4930, 1, 0, 0
6050, 2810, 1, 0, 0
6150, 2580, 1, 0, 0
6249, 1252, 1, 0, 0
6349, 1290, 1, 0, 0
6449, 340, 1, 0, 0
6549, 1290, 1, 0, 0
6649, 1290, 1, 0, 0
6750, 1290, 1, 0, 0
6850, 2250, 1, 0, 0
6950, 3020, 1, 0, 0
7050, 4240, 1, 0, 0
7150, 2650, 1, 0, 0
7249, 2606, 1, 0, 0
7349, 3390, 1, 0, 0
7449, 3010, 1, 0, 0
7549, 2590, 1, 0, 0
7649, 2600, 1, 0, 0
7749, 2690, 1, 0, 0
7850, 3930, 1, 0, 0
7950, 2580, 1, 0, 0
8050, 3870, 1, 0, 0
8150, 2700, 1, 0, 0
8249, 3888, 1, 0, 0
8349, 2930, 1, 0, 0
8449, 2580, 1, 0, 0
8549, 2580, 1, 0, 0
8649, 2580, 1, 0, 0
8749, 3880, 1, 0, 0
8849, 2580, 1, 0, 0
8949, 3530, 1, 0, 0
9050, 3240, 1, 0, 0
9150, 2590, 1, 0, 0
9249, 3242, 1, 0, 0
9349, 4510, 1, 0, 0
9449, 1290, 1, 0, 0
9549, 1290, 1, 0, 0
9649, 1290, 1, 0, 0
9749, 140, 1, 0, 0
9850, 1150, 1, 0, 0
9950, 140, 1, 0, 0
10050, 1150, 1, 0, 0
10150, 1290, 1, 0, 0
10249, 2939, 1, 0, 0
10349, 3550, 1, 0, 0
10449, 3220, 1, 0, 0
10549, 3380, 1, 0, 0
10649, 3710, 1, 0, 0
10749, 3870, 1, 0, 0
10849, 2900, 1, 0, 0
10949, 2730, 1, 0, 0
11050, 2590, 1, 0, 0
11150, 3550, 1, 0, 0
11249, 3202, 1, 0, 0
11349, 3120, 1, 0, 0
11449, 3410, 1, 0, 0
11549, 3800, 1, 0, 0
11649, 3860, 1, 0, 0
11749, 4250, 1, 0, 0
11849, 3860, 1, 0, 0
11949, 3870, 1, 0, 0
12049, 3860, 1, 0, 0
12150, 3870, 1, 0, 0
12250, 3080, 1, 0, 0
12350, 2450, 1, 0, 0
12450, 3510, 1, 0, 0
12550, 2590, 1, 0, 0
12650, 1960, 1, 0, 0
12749, 1050, 1, 0, 0
12849, 1290, 1, 0, 0
12949, 1290, 1, 0, 0
13050, 1320, 1, 0, 0
13150, 850, 1, 0, 0
13249, 444, 1, 0, 0
13349, 1290, 1, 0, 0
13449, 1290, 1, 0, 0
13549, 1300, 1, 0, 0
13649, 2580, 1, 0, 0
13749, 2580, 1, 0, 0
13849, 2580, 1, 0, 0
13949, 3010, 1, 0, 0
14050, 2590, 1, 0, 0
14150, 2580, 1, 0, 0
14249, 1727, 1, 0, 0
14349, 3510, 1, 0, 0
14449, 2580, 1, 0, 0
14549, 2580, 1, 0, 0
14649, 3040, 1, 0, 0
14749, 2710, 1, 0, 0
14849, 2690, 1, 0, 0
14949, 1880, 1, 0, 0
15049, 3290, 1, 0, 0
15149, 3170, 1, 0, 0
15249, 3400, 1, 0, 0
15349, 3860, 1, 0, 0
15449, 2700, 1, 0, 0
15550, 2580, 1, 0, 0
15650, 2500, 1, 0, 0
15749, 101, 1, 0, 0
15849, 1290, 1, 0, 0
15949, 1230, 1, 0, 0
16049, 1290, 1, 0, 0
16149, 1290, 1, 0, 0
16249, 140, 1, 0, 0
16349, 1300, 1, 0, 0
16449, 1150, 1, 0, 0
16549, 180, 1, 0, 0
16650, 1290, 1, 0, 0
16749, 3737, 1, 0, 0
16849, 3500, 1, 0, 0
16949, 3870, 1, 0, 0
17049, 2900, 1, 0, 0
17149, 3010, 1, 0, 0
17249, 2410, 1, 0, 0
17349, 3420, 1, 0, 0
17449, 3340, 1, 0, 0
17549, 3220, 1, 0, 0
17649, 3230, 1, 0, 0
17749, 4180, 1, 0, 0
17850, 3870, 1, 0, 0
17950, 3690, 1, 0, 0
18050, 2760, 1, 0, 0
18150, 2990, 1, 0, 0
18249, 4595, 1, 0, 0
18349, 3870, 1, 0, 0
18449, 2630, 1, 0, 0
18549, 2780, 1, 0, 0
18649, 1300, 1, 0, 0
18749, 1280, 1, 0, 0
18849, 1040, 1, 0, 0
18950, 1290, 1, 0, 0
19050, 250, 1, 0, 0
19150, 1040, 1, 0, 0
19249, 1313, 1, 0, 0
19349, 1290, 1, 0, 0
19449, 2590, 1, 0, 0
19549, 2970, 1, 0, 0
19649, 3470, 1, 0, 0
19749, 2580, 1, 0, 0
19849, 3860, 1, 0, 0
19949, 3870, 1, 0, 0
20050, 2600, 1, 0, 0
20150, 3090, 1, 0, 0
20249, 3393, 1, 0, 0
20349, 2780, 1, 0, 0
20449, 3670, 1, 0, 0
20549, 2580, 1, 0, 0
20649, 2580, 1, 0, 0
20749, 3430, 1, 0, 0
20849, 3120, 1, 0, 0
20949, 2520, 1, 0, 0
21049, 2580, 1, 0, 0
21149, 2790, 1, 0, 0
21250, 3660, 1, 0, 0
21350, 3870, 1, 0, 0
21450, 2590, 1, 0, 0
21550, 2570, 1, 0, 0
21650, 2890, 1, 0, 0
21749, 3595, 1, 0, 0
21849, 430, 1, 0, 0
21949, 1300, 1, 0, 0
22049, 1070, 1, 0, 0
22149, 1070, 1, 0, 0
22249, 590, 1, 0, 0
22349, 1290, 1, 0, 0
22449, 1290, 1, 0, 0
22550, 700, 1, 0, 0
22650, 2580, 1, 0, 0
22749, 2717, 1, 0, 0
22849, 1800, 1, 0, 0
22949, 2580, 1, 0, 0
23049, 3370, 1, 0, 0
23149, 3110, 1, 0, 0
23249, 3480, 1, 0, 0
23349, 3730, 1, 0, 0
23449, 2890, 1, 0, 0
23550, 3570, 1, 0, 0
23650, 2580, 1, 0, 0
23749, 2616, 1, 0, 0
23849, 2970, 1, 0, 0
23949, 2590, 1, 0, 0
24049, 2580, 1, 0, 0
24149, 1270, 1, 0, 0
24249, 80, 1, 0, 0
24349, 1280, 1, 0, 0
24449, 2850, 1, 0, 0
24549, 3890, 1, 0, 0
24650, 3100, 1, 0, 0
24749, 3383, 1, 0, 0
24849, 3100, 1, 0, 0
24949, 3870, 1, 0, 0
25049, 2500, 1, 0, 0
25149, 1600, 1, 0, 0
25249, 1290, 1, 0, 0
25349, 1290, 1, 0, 0
25449, 1290, 1, 0, 0
25549, 1240, 1, 0, 0
25649, 1340, 1, 0, 0
25750, 1290, 1, 0, 0
25850, 2930, 1, 0, 0
25950, 3860, 1, 0, 0
26050, 3870, 1, 0, 0
26150, 3220, 1, 0, 0
26249, 2606, 1, 0, 0
26349, 3860, 1, 0, 0
26449, 2760, 1, 0, 0
26549, 2910, 1, 0, 0
26649, 2940, 1, 0, 0
26749, 3020, 1, 0, 0
26849, 2580, 1, 0, 0
26949, 2590, 1, 0, 0
27049, 3670, 1, 0, 0
27149, 2580, 1, 0, 0
27250, 2840, 1, 0, 0
27350, 2630, 1, 0, 0
27450, 3560, 1, 0, 0
27550, 3200, 1, 0, 0
27650, 3960, 1, 0, 0
27749, 2606, 1, 0, 0
27849, 2580, 1, 0, 0
27949, 2580, 1, 0, 0
28049, 2590, 1, 0, 0
28149, 3320, 1, 0, 0
28249, 2790, 1, 0, 0
28350, 2580, 1, 0, 0
28450, 2300, 1, 0, 0
28550, 1550, 1, 0, 0
28650, 1300, 1, 0, 0
28749, 121, 1, 0, 0
28849, 1170, 1, 0, 0
28949, 1290, 1, 0, 0
29049, 1290, 1, 0, 0
29149, 120, 1, 0, 0
29249, 1170, 1, 0, 0
29350, 120, 1, 0, 0
29450, 2530, 1, 0, 0
29550, 2580, 1, 0, 0
29650, 2580, 1, 0, 0
29749, 2626, 1, 0, 0
29849, 4000, 1, 0, 0
29949, 2580, 1, 0, 0
30049, 3770, 1, 0, 0
30149, 2670, 1, 0, 0
30249, 2740, 1, 0, 0
30349, 3710, 1, 0, 0
30449, 3860, 1, 0, 0
30550, 3860, 1, 0, 0
30650, 2620, 1, 0, 0
30749, 2616, 1, 0, 0
30849, 3860, 1, 0, 0
30949, 5120, 1, 0, 0
31049, 2590, 1, 0, 0
31149, 3860, 1, 0, 0
31249, 3860, 1, 0, 0
31349, 2570, 1, 0, 0
31449, 330, 1, 0, 0
31549, 970, 1, 0, 0
31649, 1290, 1, 0, 0
31750, 320, 1, 0, 0
31850, 970, 1, 0, 0
31950, 1290, 1, 0, 0
32050, 380, 1, 0, 0
32150, 910, 1, 0, 0
32249, 1303, 1, 0, 0
32349, 2970, 1, 0, 0
32449, 5120, 1, 0, 0
32549, 2600, 1, 0, 0
32649, 2990, 1, 0, 0
32750, 3850, 1, 0, 0
32850, 2660, 1, 0, 0
32950, 3860, 1, 0, 0
33050, 3860, 1, 0, 0
33150, 3660, 1, 0, 0
33249, 2606, 1, 0, 0
33349, 2590, 1, 0, 0
33449, 2910, 1, 0, 0
33549, 2680, 1, 0, 0
33649, 3780, 1, 0, 0
33749, 2580, 1, 0, 0
33849, 2620, 1, 0, 0
33949, 4070, 1, 0, 0
34050, 3220, 1, 0, 0
34150, 3650, 1, 0, 0
34249, 2828, 1, 0, 0
34349, 3250, 1, 0, 0
34449, 1290, 1, 0, 0
34549, 1290, 1, 0, 0
34649, 1300, 1, 0, 0
34749, 640, 1, 0, 0
34849, 1300, 1, 0, 0
34949, 1290, 1, 0, 0
35050, 2190, 1, 0, 0
35150, 1310, 1, 0, 0
35249, 1303, 1, 0, 0
35349, 110, 1, 0, 0
35449, 1300, 1, 0, 0
35549, 2590, 1, 0, 0
35649, 4380, 1, 0, 0
35749, 3360, 1, 0, 0
35849, 3650, 1, 0, 0
35949, 4050, 1, 0, 0
36050, 3870, 1, 0, 0
36150, 2580, 1, 0, 0
36249, 3898, 1, 0, 0
36349, 2810, 1, 0, 0
36449, 3730, 1, 0, 0
36549, 2650, 1, 0, 0
36649, 2440, 1, 0, 0
36750, 2870, 1, 0, 0
36850, 4840, 1, 0, 0
36950, 3870, 1, 0, 0
37050, 3930, 1, 0, 0
37150, 1310, 1, 0, 0
37249, 1313, 1, 0, 0
37349, 1290, 1, 0, 0
37449, 1290, 1, 0, 0
37549, 1340, 1, 0, 0
37650, 190, 1, 0, 0
37749, 2585, 1, 0, 0
37849, 10, 1, 0, 0
37949, 3860, 1, 0, 0
38049, 4210, 1, 0, 0
38149, 3510, 1, 0, 0
38249, 2960, 1, 0, 0
38349, 4080, 1, 0, 0
38449, 3980, 1, 0, 0
38549, 2940, 1, 0, 0
38649, 3530, 1, 0, 0
38749, 2600, 1, 0, 0
38850, 3130, 1, 0, 0
38950, 2590, 1, 0, 0
39050, 3320, 1, 0, 0
39150, 3200, 1, 0, 0
39249, 2606, 1, 0, 0
39349, 2840, 1, 0, 0
39449, 3570, 1, 0, 0
39549, 3860, 1, 0, 0
39649, 3880, 1, 0, 0
39749, 2600, 1, 0, 0
39849, 2590, 1, 0, 0
39949, 2620, 1, 0, 0
40049, 3010, 1, 0, 0
40149, 2580, 1, 0, 0
40250, 2580, 1, 0, 0
40350, 2160, 1, 0, 0
40450, 430, 1, 0, 0
40550, 1290, 1, 0, 0
40650, 1290, 1, 0, 0
40749, 1303, 1, 0, 0
40849, 1290, 1, 0, 0
40949, 1290, 1, 0, 0
41049, 1060, 1, 0, 0
41149, 2590, 1, 0, 0
41249, 2570, 1, 0, 0
41349, 2830, 1, 0, 0
41449, 3630, 1, 0, 0
41550, 3390, 1, 0, 0
41650, 3860, 1, 0, 0
41749, 3202, 1, 0, 0
41849, 3280, 1, 0, 0
41949, 3880, 1, 0, 0
42049, 2700, 1, 0, 0
42149, 3140, 1, 0, 0
42249, 2580, 1, 0, 0
42349, 2450, 1, 0, 0
42449, 2050, 1, 0, 0
42549, 3790, 1, 0, 0
42649, 2580, 1, 0, 0
42749, 2590, 1, 0, 0
42849, 3600, 1, 0, 0
42950, 2840, 1, 0, 0
43050, 3910, 1, 0, 0
43150, 3820, 1, 0, 0
43249, 3888, 1, 0, 0
43349, 3950, 1, 0, 0
43449, 2580, 1, 0, 0
43549, 2280, 1, 0, 0
43649, 1590, 1, 0, 0
43749, 740, 1, 0, 0
43849, 820, 1, 0, 0
43949, 1290, 1, 0, 0
44049, 1290, 1, 0, 0
44150, 1310, 1, 0, 0
44249, 3909, 1, 0, 0
44349, 2750, 1, 0, 0
44449, 2610, 1, 0, 0
44549, 5150, 1, 0, 0
44649, 2590, 1, 0, 0
44749, 1330, 1, 0, 0
44849, 3890, 1, 0, 0
44949, 2760, 1, 0, 0
45049, 2590, 1, 0, 0
45149, 3420, 1, 0, 0
45249, 2920, 1, 0, 0
45349, 2630, 1, 0, 0
45449, 2580, 1, 0, 0
45549, 3490, 1, 0, 0
45650, 2680, 1, 0, 0
45749, 4020, 1, 0, 0
45849, 4220, 1, 0, 0
45949, 3510, 1, 0, 0
46049, 2580, 1, 0, 0
46149, 2960, 1, 0, 0
46249, 3500, 1, 0, 0
46349, 2950, 1, 0, 0
46449, 3850, 1, 0, 0
46549, 2580, 1, 0, 0
46649, 3060, 1, 0, 0
46749, 3710, 1, 0, 0
46849, 1570, 1, 0, 0
46950, 730, 1, 0, 0
47050, 1290, 1, 0, 0
47150, 1290, 1, 0, 0
47249, 1484, 1, 0, 0
47349, 1350, 1, 0, 0
47449, 390, 1, 0, 0
47549, 1630, 1, 0, 0
47649, 1290, 1, 0, 0
47750, 560, 1, 0, 0
47850, 3860, 1, 0, 0
47950, 3860, 1, 0, 0
48050, 2630, 1, 0, 0
48150, 2700, 1, 0, 0
48249, 3787, 1, 0, 0
48349, 2920, 1, 0, 0
48449, 2580, 1, 0, 0
48549, 5130, 1, 0, 0
48649, 3330, 1, 0, 0
48749, 3190, 1, 0, 0
48849, 3270, 1, 0, 0
48949, 3200, 1, 0, 0
49050, 2530, 1, 0, 0
49150, 3830, 1, 0, 0
49249, 3888, 1, 0, 0
49349, 2590, 1, 0, 0
49449, 2580, 1, 0, 0
49549, 2770, 1, 0, 0
49649, 2840, 1, 0, 0
49749, 2590, 1, 0, 0
49849, 1290, 1, 0, 0
49949, 890, 1, 0, 0
50049, 400, 1, 0, 0
50149, 1300, 1, 0, 0
50250, 880, 1, 0, 0
50350, 410, 1, 0, 0
50450, 1290, 1, 0, 0
50550, 1290, 1, 0, 0
50650, 1290, 1, 0, 0
50749, 1303, 1, 0, 0
50849, 2580, 1, 0, 0
50949, 3970, 1, 0, 0
51049, 2580, 1, 0, 0
51150, 2580, 1, 0, 0
51249, 4838, 1, 0, 0
51349, 3080, 1, 0, 0
51449, 3370, 1, 0, 0
51549, 2840, 1, 0, 0
51649, 2580, 1, 0, 0
51749, 2580, 1, 0, 0
51849, 2610, 1, 0, 0
51949, 2590, 1, 0, 0
52049, 3490, 1, 0, 0
52149, 2580, 1, 0, 0
52250, 3880, 1, 0, 0
52350, 2740, 1, 0, 0
52450, 2940, 1, 0, 0
52550, 3360, 1, 0, 0
52650, 3110, 1, 0, 0
52749, 3373, 1, 0, 0
52849, 1450, 1, 0, 0
52949, 1290, 1, 0, 0
53049, 1300, 1, 0, 0
53149, 860, 1, 0, 0
53250, 1400, 1, 0, 0
53350, 1290, 1, 0, 0
53450, 1290, 1, 0, 0
53550, 1300, 1, 0, 0
53650, 1410, 1, 0, 0
53749, 353, 1, 0, 0
53849, 2610, 1, 0, 0
53949, 3890, 1, 0, 0
54049, 2580, 1, 0, 0
54149, 3600, 1, 0, 0
54249, 3880, 1, 0, 0
54350, 2580, 1, 0, 0
54450, 2980, 1, 0, 0
54550, 4160, 1, 0, 0
54650, 4040, 1, 0, 0
54749, 3878, 1, 0, 0
54849, 3860, 1, 0, 0
54949, 3560, 1, 0, 0
55049, 3880, 1, 0, 0
55149, 2580, 1, 0, 0
55249, 2830, 1, 0, 0
55349, 2740, 1, 0, 0
55449, 3770, 1, 0, 0
55550, 3870, 1, 0, 0
55650, 2580, 1, 0, 0
55749, 2606, 1, 0, 0
55849, 1290, 1, 0, 0
55949, 400, 1, 0, 0
56049, 890, 1, 0, 0
56149, 1290, 1, 0, 0
56249, 400, 1, 0, 0
56349, 910, 1, 0, 0
56449, 1290, 1, 0, 0
56549, 1820, 1, 0, 0
56650, 3340, 1, 0, 0
56749, 3929, 1, 0, 0
56849, 2840, 1, 0, 0
56949, 2620, 1, 0, 0
57049, 4100, 1, 0, 0
57149, 3600, 1, 0, 0
57249, 3880, 1, 0, 0
57349, 3860, 1, 0, 0
57449, 2590, 1, 0, 0
57549, 2680, 1, 0, 0
57649, 2500, 1, 0, 0
57750, 2580, 1, 0, 0
57850, 2580, 1, 0, 0
57950, 1400, 1, 0, 0
58050, 2590, 1, 0, 0
58150, 2470, 1, 0, 0
58249, 2696, 1, 0, 0
58349, 2580, 1, 0, 0
58449, 2770, 1, 0, 0
58549, 290, 1, 0, 0
58649, 1320, 1, 0, 0
58750, 970, 1, 0, 0
58850, 1300, 1, 0, 0
58950, 540, 1, 0, 0
59050, 1290, 1, 0, 0
59150, 750, 1, 0, 0
59249, 1303, 1, 0, 0
59349, 1320, 1, 0, 0
59450, 2580, 1, 0, 0
59550, 3260, 1, 0, 0
59650, 3890, 1, 0, 0
59749, 2616, 1, 0, 0
59849, 2580, 1, 0, 0
59949, 2610, 1, 0, 0
60049, 3780, 1, 0, 0
60149, 3480, 1, 0, 0
60249, 3250, 1, 0, 0
60349, 2570, 1, 0, 0
60449, 3230, 1, 0, 0
60549, 2580, 1, 0, 0
60649, 3050, 1, 0, 0
60750, 3410, 1, 0, 0
60850, 2580, 1, 0, 0
60950, 2580, 1, 0, 0
61050, 3240, 1, 0, 0
61150, 2580, 1, 0, 0
61249, 2616, 1, 0, 0
61349, 2580, 1, 0, 0
61449, 3800, 1, 0, 0
61549, 2730, 1, 0, 0
61649, 2430, 1, 0, 0
61749, 1290, 1, 0, 0
61850, 1290, 1, 0, 0
61950, 1300, 1, 0, 0
62050, 1290, 1, 0, 0
62150, 150, 1, 0, 0
62249, 1303, 1, 0, 0
62349, 1290, 1, 0, 0
62449, 2580, 1, 0, 0
62549, 3780, 1, 0, 0
62649, 3170, 1, 0, 0
62749, 3280, 1, 0, 0
62849, 3230, 1, 0, 0
62949, 1940, 1, 0, 0
63050, 2700, 1, 0, 0
63150, 2580, 1, 0, 0
63249, 3141, 1, 0, 0
63349, 3400, 1, 0, 0
63449, 3610, 1, 0, 0
63549, 3870, 1, 0, 0
63649, 2580, 1, 0, 0
63749, 3850, 1, 0, 0
63849, 3640, 1, 0, 0
63949, 2830, 1, 0, 0
64049, 2340, 1, 0, 0
64150, 3870, 1, 0, 0
64250, 3860, 1, 0, 0
64350, 3860, 1, 0, 0
64450, 3930, 1, 0, 0
64550, 3050, 1, 0, 0
64650, 3850, 1, 0, 0
64749, 3737, 1, 0, 0
64849, 1290, 1, 0, 0
64949, 2340, 1, 0, 0
65049, 1300, 1, 0, 0
65150, 1290, 1, 0, 0
65249, 1313, 1, 0, 0
65349, 1290, 1, 0, 0
65449, 1520, 1, 0, 0
65549, 2580, 1, 0, 0
65649, 3870, 1, 0, 0
65749, 2840, 1, 0, 0
65849, 2580, 1, 0, 0
65949, 2580, 1, 0, 0
66049, 2640, 1, 0, 0
66149, 3850, 1, 0, 0
66250, 3550, 1, 0, 0
66350, 4770, 1, 0, 0
66450, 2950, 1, 0, 0
66550, 3510, 1, 0, 0
66650, 2950, 1, 0, 0
66749, 2616, 1, 0, 0
66849, 3500, 1, 0, 0
66949, 2580, 1, 0, 0
67049, 2990, 1, 0, 0
67149, 2580, 1, 0, 0
67249, 2680, 1, 0, 0
67349, 4150, 1, 0, 0
67450, 2580, 1, 0, 0
67550, 3090, 1, 0, 0
67650, 3520, 1, 0, 0
67749, 2696, 1, 0, 0
67849, 2590, 1, 0, 0
67949, 2910, 1, 0, 0
68049, 3540, 1, 0, 0
68149, 3870, 1, 0, 0
68249, 1420, 1, 0, 0
68350, 1510, 1, 0, 0
68450, 1300, 1, 0, 0
68550, 1140, 1, 0, 0
68650, 1290, 1, 0, 0
68749, 1303, 1, 0, 0
68849, 1290, 1, 0, 0
68949, 1300, 1, 0, 0
69049, 300, 1, 0, 0
69149, 2400, 1, 0, 0
69250, 2640, 1, 0, 0
69350, 3380, 1, 0, 0
69450, 1790, 1, 0, 0
69550, 2580, 1, 0, 0
69650, 3860, 1, 0, 0
69749, 3909, 1, 0, 0
69849, 3870, 1, 0, 0
69949, 2610, 1, 0, 0
70049, 3820, 1, 0, 0
70149, 2620, 1, 0, 0
70250, 2600, 1, 0, 0
70350, 2580, 1, 0, 0
70450, 2580, 1, 0, 0
70550, 2580, 1, 0, 0
70650, 4070, 1, 0, 0
70749, 3727, 1, 0, 0
70849, 3200, 1, 0, 0
70949, 3010, 1, 0, 0
71049, 2580, 1, 0, 0
71149, 2580, 1, 0, 0
71249, 1340, 1, 0, 0
71349, 810, 1, 0, 0
71450, 1360, 1, 0, 0
71550, 1020, 1, 0, 0
71650, 1290, 1, 0, 0
71749, 303, 1, 0, 0
71849, 1290, 1, 0, 0
71949, 1000, 1, 0, 0
72049, 1290, 1, 0, 0
72149, 1580, 1, 0, 0
72249, 3270, 1, 0, 0
72349, 3460, 1, 0, 0
72449, 3330, 1, 0, 0
72550, 2590, 1, 0, 0
72650, 3880, 1, 0, 0
72749, 3888, 1, 0, 0
72849, 3870, 1, 0, 0
72949, 2710, 1, 0, 0
73049, 3770, 1, 0, 0
73149, 3870, 1, 0, 0
73249, 2580, 1, 0, 0
73349, 2890, 1, 0, 0
73449, 2590, 1, 0, 0
73550, 3790, 1, 0, 0
73650, 3620, 1, 0, 0
73749, 2969, 1, 0, 0
73849, 2750, 1, 0, 0
73949, 2400, 1, 0, 0
74049, 2590, 1, 0, 0
74149, 2910, 1, 0, 0
74249, 3870, 1, 0, 0
74349, 1290, 1, 0, 0
74449, 330, 1, 0, 0
74550, 1290, 1, 0, 0
74650, 1290, 1, 0, 0
74749, 1313, 1, 0, 0
74849, 1290, 1, 0, 0
74949, 1020, 1, 0, 0
75049, 1290, 1, 0, 0
75149, 280, 1, 0, 0
75249, 2600, 1, 0, 0
75349, 2640, 1, 0, 0
75450, 3260, 1, 0, 0
75550, 2580, 1, 0, 0
75650, 2910, 1, 0, 0
75749, 3575, 1, 0, 0
75849, 2910, 1, 0, 0
75949, 2260, 1, 0, 0
76049, 2580, 1, 0, 0
76149, 3040, 1, 0, 0
76249, 3410, 1, 0, 0
76349, 3040, 1, 0, 0
76449, 3870, 1, 0, 0
76550, 2800, 1, 0, 0
76650, 3640, 1, 0, 0
76749, 3898, 1, 0, 0
76849, 2620, 1, 0, 0
76949, 3870, 1, 0, 0
77049, 3890, 1, 0, 0
77149, 3860, 1, 0, 0
77249, 2790, 1, 0, 0
77349, 3660, 1, 0, 0
77449, 590, 1, 0, 0
77549, 1290, 1, 0, 0
77649, 1290, 1, 0, 0
77750, 1290, 1, 0, 0
77850, 1310, 1, 0, 0
77950, 1000, 1, 0, 0
78050, 1310, 1, 0, 0
78150, 1280, 1, 0, 0
78249, 2101, 1, 0, 0
78349, 1800, 1, 0, 0
78449, 2640, 1, 0, 0
78550, 2730, 1, 0, 0
78650, 4230, 1, 0, 0
78749, 2888, 1, 0, 0
78849, 4020, 1, 0, 0
78949, 3770, 1, 0, 0
79049, 3040, 1, 0, 0
79149, 3410, 1, 0, 0
79249, 3860, 1, 0, 0
79349, 3870, 1, 0, 0
79449, 2960, 1, 0, 0
79549, 3860, 1, 0, 0
79649, 3860, 1, 0, 0
79749, 3880, 1, 0, 0
79849, 3870, 1, 0, 0
79949, 2580, 1, 0, 0
80050, 3930, 1, 0, 0
80150, 3880, 1, 0, 0
80249, 2595, 1, 0, 0
80349, 3830, 1, 0, 0
80449, 2580, 1, 0, 0
80549, 1290, 1, 0, 0
80649, 1690, 1, 0, 0
80749, 1290, 1, 0, 0
80849, 1190, 1, 0, 0
80949, 230, 1, 0, 0
81049, 1160, 1, 0, 0
81150, 1290, 1, 0, 0
81249, 151, 1, 0, 0
81349, 2440, 1, 0, 0
81449, 2590, 1, 0, 0
81549, 2600, 1, 0, 0
81649, 3460, 1, 0, 0
81749, 2580, 1, 0, 0
81849, 3130, 1, 0, 0
81949, 3320, 1, 0, 0
82049, 3130, 1, 0, 0
82149, 2580, 1, 0, 0
82250, 3860, 1, 0, 0
82350, 3180, 1, 0, 0
82450, 4010, 1, 0, 0
82550, 3150, 1, 0, 0
82650, 2730, 1, 0, 0
82749, 3808, 1, 0, 0
82849, 3850, 1, 0, 0
82949, 3870, 1, 0, 0
83049, 2740, 1, 0, 0
83149, 5150, 1, 0, 0
83249, 3870, 1, 0, 0
83349, 3170, 1, 0, 0
83449, 4650, 1, 0, 0
83549, 3860, 1, 0, 0
83649, 2580, 1, 0, 0
83750, 3860, 1, 0, 0
83850, 1290, 1, 0, 0
83950, 1290, 1, 0, 0
84050, 1300, 1, 0, 0
84150, 720, 1, 0, 0
84249, 1303, 1, 0, 0
84349, 630, 1, 0, 0
84449, 1300, 1, 0, 0
84549, 1300, 1, 0, 0
84649, 640, 1, 0, 0
84749, 3240, 1, 0, 0
84849, 3870, 1, 0, 0
84950, 2640, 1, 0, 0
85050, 4300, 1, 0, 0
85150, 3550, 1, 0, 0
85249, 3151, 1, 0, 0
85349, 2860, 1, 0, 0
85449, 4980, 1, 0, 0
85549, 2750, 1, 0, 0
85649, 3920, 1, 0, 0
85749, 4300, 1, 0, 0
85849, 2590, 1, 0, 0
85949, 3870, 1, 0, 0
86050, 2610, 1, 0, 0
86150, 3660, 1, 0, 0
86249, 2808, 1, 0, 0
86349, 2590, 1, 0, 0
86449, 3030, 1, 0, 0
86549, 3470, 1, 0, 0
86649, 3870, 1, 0, 0
86749, 3850, 1, 0, 0
86849, 1290, 1, 0, 0
86949, 1290, 1, 0, 0
87049, 1290, 1, 0, 0
87149, 1290, 1, 0, 0
87250, 1290, 1, 0, 0
87350, 30, 1, 0, 0
87450, 1290, 1, 0, 0
87550, 2570, 1, 0, 0
87650, 10, 1, 0, 0
87749, 2606, 1, 0, 0
87849, 2570, 1, 0, 0
87949, 2670, 1, 0, 0
88049, 3780, 1, 0, 0
88149, 3870, 1, 0, 0
88249, 2960, 1, 0, 0
88349, 3790, 1, 0, 0
88449, 4800, 1, 0, 0
88550, 3480, 1, 0, 0
88650, 3850, 1, 0, 0
88749, 5232, 1, 0, 0
88849, 3930, 1, 0, 0
88949, 3880, 1, 0, 0
89049, 1540, 1, 0, 0
89149, 2950, 1, 0, 0
89249, 2580, 1, 0, 0
89349, 3260, 1, 0, 0
89449, 2790, 1, 0, 0
89550, 3310, 1, 0, 0
89650, 3860, 1, 0, 0
89749, 1303, 1, 0, 0
89849, 1290, 1, 0, 0
89949, 1290, 1, 0, 0
90049, 410, 1, 0, 0
90149, 1270, 1, 0, 0
