250, 5472, 1, 0, 0
350, 1800, 1, 0, 0
450, 3360, 1, 0, 0
550, 1800, 1, 0, 0
650, 5160, 1, 0, 0
749, 10545, 1, 0, 0
849, 10360, 1, 0, 0
950, 14120, 1, 0, 0
1050, 11880, 1, 0, 0
1150, 19000, 1, 0, 0
1249, 13333, 1, 0, 0
1349, 12840, 1, 0, 0
1449, 18120, 1, 0, 0
1549, 12800, 1, 0, 0
1649, 15520, 1, 0, 0
1749, 15480, 1, 0, 0
1849, 10320, 1, 0, 0
1949, 10320, 1, 0, 0
2050, 10360, 1, 0, 0
2150, 10440, 1, 0, 0
2249, 10424, 1, 0, 0
2349, 12360, 1, 0, 0
2449, 13600, 1, 0, 0
2549, 20480, 1, 0, 0
2649, 10360, 1, 0, 0
2749, 15440, 1, 0, 0
2849, 15400, 1, 0, 0
2949, 15560, 1, 0, 0
3050, 12800, 1, 0, 0
3150, 7880, 1, 0, 0
3249, 5212, 1, 0, 0
3349, 3080, 1, 0, 0
3449, 2080, 1, 0, 0
3549, 5440, 1, 0, 0
3649, 2840, 1, 0, 0
3749, 5160, 1, 0, 0
3849, 5160, 1, 0, 0
3950, 5440, 1, 0, 0
4050, 2680, 1, 0, 0
4150, 10360, 1, 0, 0
4249, 18787, 1, 0, 0
4349, 11280, 1, 0, 0
4449, 14520, 1, 0, 0
4549, 11280, 1, 0, 0
4649, 15440, 1, 0, 0
4749, 15400, 1, 0, 0
4849, 12000, 1, 0, 0
4949, 15040, 1, 0, 0
5050, 14280, 1, 0, 0
5150, 15440, 1, 0, 0
5249, 10424, 1, 0, 0
5349, 10320, 1, 0, 0
5449, 10320, 1, 0, 0
5549, 13400, 1, 0, 0
5649, 10360, 1, 0, 0
5749, 15520, 1, 0, 0
5849, 15680, 1, 0, 0
5949, 15440, 1, 0, 0
6050, 15520, 1, 0, 0
6150, 7040, 1, 0, 0
6249, 6101, 1, 0, 0
6349, 5160, 1, 0, 0
6449, 5160, 1, 0, 0
6549, 5160, 1, 0, 0
6649, 5160, 1, 0, 0
6750, 5200, 1, 0, 0
6850, 5160, 1, 0, 0
6950, 12720, 1, 0, 0
7050, 10320, 1, 0, 0
7150, 13160, 1, 0, 0
7249, 15636, 1, 0, 0
7349, 12640, 1, 0, 0
7449, 13640, 1, 0, 0
7549, 15480, 1, 0, 0
7649, 15600, 1, 0, 0
7749, 15640, 1, 0, 0
7849, 10400, 1, 0, 0
7950, 15400, 1, 0, 0
8050, 15680, 1, 0, 0
8150, 15800, 1, 0, 0
8249, 15636, 1, 0, 0
8349, 10320, 1, 0, 0
8449, 14560, 1, 0, 0
8549, 13280, 1, 0, 0
8649, 14160, 1, 0, 0
8749, 12040, 1, 0, 0
8849, 10320, 1, 0, 0
8949, 10360, 1, 0, 0
9050, 13920, 1, 0, 0
9150, 10600, 1, 0, 0
9249, 15353, 1, 0, 0
9349, 15440, 1, 0, 0
9449, 7560, 1, 0, 0
9549, 5160, 1, 0, 0
9649, 5720, 1, 0, 0
9749, 2240, 1, 0, 0
9850, 5200, 1, 0, 0
9950, 5440, 1, 0, 0
10050, 2600, 1, 0, 0
10150, 5160, 1, 0, 0
10249, 10424, 1, 0, 0
10349, 12880, 1, 0, 0
10449, 10400, 1, 0, 0
10549, 15400, 1, 0, 0
10649, 11120, 1, 0, 0
10749, 14880, 1, 0, 0
10849, 15480, 1, 0, 0
10949, 10320, 1, 0, 0
11050, 12480, 1, 0, 0
11150, 13440, 1, 0, 0
11249, 12040, 1, 0, 0
11349, 11480, 1, 0, 0
11449, 14360, 1, 0, 0
11549, 15440, 1, 0, 0
11649, 12200, 1, 0, 0
11749, 14240, 1, 0, 0
11849, 14800, 1, 0, 0
11949, 15520, 1, 0, 0
12049, 10320, 1, 0, 0
12150, 10320, 1, 0, 0
12249, 10464, 1, 0, 0
12349, 12360, 1, 0, 0
12449, 10960, 1, 0, 0
12549, 13400, 1, 0, 0
12649, 8040, 1, 0, 0
12749, 4920, 1, 0, 0
12849, 4560, 1, 0, 0
12949, 600, 1, 0, 0
13050, 5160, 1, 0, 0
13150, 4600, 1, 0, 0
13249, 5212, 1, 0, 0
13349, 560, 1, 0, 0
13449, 4600, 1, 0, 0
13549, 560, 1, 0, 0
13649, 14920, 1, 0, 0
13749, 10360, 1, 0, 0
13849, 16120, 1, 0, 0
13949, 10400, 1, 0, 0
14050, 15320, 1, 0, 0
14150, 15440, 1, 0, 0
14249, 15636, 1, 0, 0
14349, 15480, 1, 0, 0
14449, 10280, 1, 0, 0
14549, 10520, 1, 0, 0
14649, 13240, 1, 0, 0
14749, 20480, 1, 0, 0
14850, 10400, 1, 0, 0
14950, 15400, 1, 0, 0
15050, 15440, 1, 0, 0
15150, 10600, 1, 0, 0
15249, 10424, 1, 0, 0
15349, 15480, 1, 0, 0
15449, 11280, 1, 0, 0
15549, 14880, 1, 0, 0
15649, 10720, 1, 0, 0
15749, 5160, 1, 0, 0
15850, 4480, 1, 0, 0
15950, 5840, 1, 0, 0
16050, 5160, 1, 0, 0
16150, 2960, 1, 0, 0
16249, 5212, 1, 0, 0
16349, 5160, 1, 0, 0
16449, 2200, 1, 0, 0
16549, 5160, 1, 0, 0
16649, 2960, 1, 0, 0
16750, 15160, 1, 0, 0
16850, 13200, 1, 0, 0
16950, 13680, 1, 0, 0
17050, 20520, 1, 0, 0
17150, 11680, 1, 0, 0
17249, 9414, 1, 0, 0
17349, 15440, 1, 0, 0
17449, 10680, 1, 0, 0
17549, 10600, 1, 0, 0
17649, 10760, 1, 0, 0
17749, 16080, 1, 0, 0
17850, 13880, 1, 0, 0
17950, 7080, 1, 0, 0
18050, 13640, 1, 0, 0
18150, 11720, 1, 0, 0
18249, 14464, 1, 0, 0
18349, 16600, 1, 0, 0
18449, 10640, 1, 0, 0
18549, 15440, 1, 0, 0
18649, 5160, 1, 0, 0
18749, 5160, 1, 0, 0
18849, 5160, 1, 0, 0
18949, 120, 1, 0, 0
19050, 5160, 1, 0, 0
19150, 5160, 1, 0, 0
19249, 5212, 1, 0, 0
19349, 10200, 1, 0, 0
19449, 11000, 1, 0, 0
19549, 10440, 1, 0, 0
19649, 14680, 1, 0, 0
19749, 15480, 1, 0, 0
19849, 16800, 1, 0, 0
19949, 11040, 1, 0, 0
20050, 12640, 1, 0, 0
20150, 11600, 1, 0, 0
20249, 13656, 1, 0, 0
20349, 14920, 1, 0, 0
20449, 16400, 1, 0, 0
20549, 14480, 1, 0, 0
20649, 15480, 1, 0, 0
20749, 15480, 1, 0, 0
20849, 10320, 1, 0, 0
20949, 10440, 1, 0, 0
21049, 15520, 1, 0, 0
21149, 15480, 1, 0, 0
21249, 15960, 1, 0, 0
21350, 10360, 1, 0, 0
21450, 15560, 1, 0, 0
21550, 11360, 1, 0, 0
21650, 15400, 1, 0, 0
21749, 15595, 1, 0, 0
21849, 5160, 1, 0, 0
21949, 5160, 1, 0, 0
22049, 3800, 1, 0, 0
22149, 2000, 1, 0, 0
22249, 5160, 1, 0, 0
22349, 5160, 1, 0, 0
22450, 9680, 1, 0, 0
22550, 5160, 1, 0, 0
22650, 10360, 1, 0, 0
22749, 15676, 1, 0, 0
22849, 15520, 1, 0, 0
22949, 12440, 1, 0, 0
23049, 10320, 1, 0, 0
23149, 10400, 1, 0, 0
23249, 10320, 1, 0, 0
23349, 13320, 1, 0, 0
23449, 13240, 1, 0, 0
23550, 17200, 1, 0, 0
23650, 10400, 1, 0, 0
23749, 20808, 1, 0, 0
23849, 10320, 1, 0, 0
23949, 10680, 1, 0, 0
24049, 10680, 1, 0, 0
24149, 4520, 1, 0, 0
24249, 1640, 1, 0, 0
24349, 4160, 1, 0, 0
24449, 13240, 1, 0, 0
24549, 12600, 1, 0, 0
24650, 15400, 1, 0, 0
24749, 11151, 1, 0, 0
24849, 10480, 1, 0, 0
24949, 10320, 1, 0, 0
25049, 9880, 1, 0, 0
25149, 5720, 1, 0, 0
25249, 5040, 1, 0, 0
25349, 5160, 1, 0, 0
25449, 5160, 1, 0, 0
25549, 4680, 1, 0, 0
25649, 5160, 1, 0, 0
25750, 720, 1, 0, 0
25850, 16440, 1, 0, 0
25950, 10320, 1, 0, 0
26050, 13960, 1, 0, 0
26150, 7080, 1, 0, 0
26249, 10464, 1, 0, 0
26349, 13560, 1, 0, 0
26449, 13680, 1, 0, 0
26549, 14080, 1, 0, 0
26649, 10360, 1, 0, 0
26749, 13480, 1, 0, 0
26849, 10320, 1, 0, 0
26949, 10320, 1, 0, 0
27049, 15440, 1, 0, 0
27149, 15400, 1, 0, 0
27250, 15440, 1, 0, 0
27350, 10520, 1, 0, 0
27450, 14880, 1, 0, 0
27550, 15520, 1, 0, 0
27650, 15840, 1, 0, 0
27749, 15676, 1, 0, 0
27849, 15440, 1, 0, 0
27949, 10640, 1, 0, 0
28049, 15520, 1, 0, 0
28149, 13280, 1, 0, 0
28249, 12440, 1, 0, 0
28349, 15440, 1, 0, 0
28450, 5160, 1, 0, 0
28550, 5160, 1, 0, 0
28650, 5200, 1, 0, 0
28749, 1979, 1, 0, 0
28849, 5160, 1, 0, 0
28949, 5280, 1, 0, 0
29049, 5160, 1, 0, 0
29149, 5160, 1, 0, 0
29249, 3720, 1, 0, 0
29349, 5160, 1, 0, 0
29449, 6600, 1, 0, 0
29549, 15720, 1, 0, 0
29649, 15440, 1, 0, 0
29750, 6120, 1, 0, 0
29850, 14520, 1, 0, 0
29950, 10480, 1, 0, 0
30050, 10320, 1, 0, 0
30150, 15040, 1, 0, 0
30249, 10868, 1, 0, 0
30349, 20200, 1, 0, 0
30449, 10520, 1, 0, 0
30549, 10400, 1, 0, 0
30649, 10560, 1, 0, 0
30749, 10360, 1, 0, 0
30849, 20600, 1, 0, 0
30950, 10320, 1, 0, 0
31050, 10640, 1, 0, 0
31150, 15160, 1, 0, 0
31249, 15595, 1, 0, 0
31349, 10320, 1, 0, 0
31449, 5160, 1, 0, 0
31549, 5160, 1, 0, 0
31649, 5160, 1, 0, 0
31749, 200, 1, 0, 0
31850, 5400, 1, 0, 0
31950, 5160, 1, 0, 0
32050, 5200, 1, 0, 0
32150, 5120, 1, 0, 0
32249, 5858, 1, 0, 0
32349, 14880, 1, 0, 0
32449, 16280, 1, 0, 0
32549, 15680, 1, 0, 0
32649, 10400, 1, 0, 0
32749, 15360, 1, 0, 0
32850, 20480, 1, 0, 0
32950, 10360, 1, 0, 0
33050, 15440, 1, 0, 0
33150, 10320, 1, 0, 0
33249, 10424, 1, 0, 0
33349, 11480, 1, 0, 0
33449, 16920, 1, 0, 0
33549, 10920, 1, 0, 0
33649, 15520, 1, 0, 0
33749, 15360, 1, 0, 0
33849, 15440, 1, 0, 0
33949, 10840, 1, 0, 0
34049, 14960, 1, 0, 0
34149, 15480, 1, 0, 0
34250, 15440, 1, 0, 0
34350, 5360, 1, 0, 0
34450, 10160, 1, 0, 0
34550, 1320, 1, 0, 0
34650, 3840, 1, 0, 0
34749, 1333, 1, 0, 0
34849, 5160, 1, 0, 0
34949, 5200, 1, 0, 0
35049, 5360, 1, 0, 0
35149, 5160, 1, 0, 0
35249, 5160, 1, 0, 0
35349, 3640, 1, 0, 0
35449, 5160, 1, 0, 0
35550, 11800, 1, 0, 0
35650, 15480, 1, 0, 0
35749, 13575, 1, 0, 0
35849, 15480, 1, 0, 0
35949, 11520, 1, 0, 0
36049, 14320, 1, 0, 0
36149, 10320, 1, 0, 0
36249, 12080, 1, 0, 0
36349, 13720, 1, 0, 0
36449, 15400, 1, 0, 0
36549, 19800, 1, 0, 0
36649, 15400, 1, 0, 0
36750, 15200, 1, 0, 0
36850, 12720, 1, 0, 0
36950, 14000, 1, 0, 0
37050, 15760, 1, 0, 0
37150, 5160, 1, 0, 0
37249, 5252, 1, 0, 0
37349, 5080, 1, 0, 0
37449, 200, 1, 0, 0
37549, 4960, 1, 0, 0
37650, 200, 1, 0, 0
37749, 5494, 1, 0, 0
37849, 4840, 1, 0, 0
37949, 10320, 1, 0, 0
38049, 12680, 1, 0, 0
38149, 8320, 1, 0, 0
38249, 11120, 1, 0, 0
38349, 14560, 1, 0, 0
38449, 10320, 1, 0, 0
38549, 13920, 1, 0, 0
38649, 13160, 1, 0, 0
38749, 13480, 1, 0, 0
38849, 10520, 1, 0, 0
38949, 20440, 1, 0, 0
39050, 15480, 1, 0, 0
39150, 12040, 1, 0, 0
39249, 8929, 1, 0, 0
39349, 19560, 1, 0, 0
39449, 10320, 1, 0, 0
39549, 10320, 1, 0, 0
39649, 15760, 1, 0, 0
39749, 11760, 1, 0, 0
39849, 16640, 1, 0, 0
39949, 14280, 1, 0, 0
40049, 10760, 1, 0, 0
40149, 15560, 1, 0, 0
40249, 11880, 1, 0, 0
40349, 5160, 1, 0, 0
40450, 3600, 1, 0, 0
40550, 5160, 1, 0, 0
40650, 5160, 1, 0, 0
40749, 5212, 1, 0, 0
40849, 1600, 1, 0, 0
40949, 5160, 1, 0, 0
41049, 8640, 1, 0, 0
41149, 6320, 1, 0, 0
41249, 14360, 1, 0, 0
41349, 11480, 1, 0, 0
41450, 15480, 1, 0, 0
41550, 10320, 1, 0, 0
41650, 15600, 1, 0, 0
41749, 13494, 1, 0, 0
41849, 12440, 1, 0, 0
41949, 13360, 1, 0, 0
42049, 7920, 1, 0, 0
42149, 13320, 1, 0, 0
42249, 9760, 1, 0, 0
42349, 16040, 1, 0, 0
42449, 11240, 1, 0, 0
42549, 20640, 1, 0, 0
42649, 10400, 1, 0, 0
42749, 10360, 1, 0, 0
42849, 10360, 1, 0, 0
42949, 12920, 1, 0, 0
43050, 10280, 1, 0, 0
43150, 15440, 1, 0, 0
43249, 15555, 1, 0, 0
43349, 15400, 1, 0, 0
43449, 10320, 1, 0, 0
43549, 8880, 1, 0, 0
43649, 6640, 1, 0, 0
43749, 2280, 1, 0, 0
43849, 5080, 1, 0, 0
43949, 5200, 1, 0, 0
44049, 2920, 1, 0, 0
44150, 5160, 1, 0, 0
44249, 12727, 1, 0, 0
44349, 10320, 1, 0, 0
44449, 10360, 1, 0, 0
44549, 13200, 1, 0, 0
44649, 10360, 1, 0, 0
44749, 15480, 1, 0, 0
44849, 14640, 1, 0, 0
44949, 15440, 1, 0, 0
45049, 11400, 1, 0, 0
45149, 14400, 1, 0, 0
45249, 15520, 1, 0, 0
45349, 12080, 1, 0, 0
45449, 11800, 1, 0, 0
45549, 14360, 1, 0, 0
45649, 15560, 1, 0, 0
45750, 13720, 1, 0, 0
45850, 15480, 1, 0, 0
45950, 12160, 1, 0, 0
46050, 10320, 1, 0, 0
46150, 10520, 1, 0, 0
46249, 13575, 1, 0, 0
46349, 15680, 1, 0, 0
46449, 15440, 1, 0, 0
46549, 10320, 1, 0, 0
46649, 10320, 1, 0, 0
46749, 10320, 1, 0, 0
46850, 400, 1, 0, 0
46950, 4880, 1, 0, 0
47050, 5440, 1, 0, 0
47150, 5160, 1, 0, 0
47249, 4161, 1, 0, 0
47349, 5160, 1, 0, 0
47449, 1040, 1, 0, 0
47549, 5160, 1, 0, 0
47649, 5280, 1, 0, 0
47750, 5160, 1, 0, 0
47850, 15480, 1, 0, 0
47950, 19080, 1, 0, 0
48050, 10360, 1, 0, 0
48150, 10560, 1, 0, 0
48249, 8444, 1, 0, 0
48349, 10320, 1, 0, 0
48449, 10320, 1, 0, 0
48549, 13680, 1, 0, 0
48649, 7080, 1, 0, 0
48749, 15600, 1, 0, 0
48849, 15480, 1, 0, 0
48949, 10360, 1, 0, 0
49050, 15440, 1, 0, 0
49150, 16040, 1, 0, 0
49249, 10747, 1, 0, 0
49349, 15400, 1, 0, 0
49449, 11680, 1, 0, 0
49549, 15480, 1, 0, 0
49649, 13600, 1, 0, 0
49749, 11880, 1, 0, 0
49849, 5160, 1, 0, 0
49949, 3600, 1, 0, 0
50049, 5160, 1, 0, 0
50149, 5520, 1, 0, 0
50250, 5160, 1, 0, 0
50350, 5160, 1, 0, 0
50450, 5200, 1, 0, 0
50550, 6480, 1, 0, 0
50650, 5160, 1, 0, 0
50749, 121, 1, 0, 0
50849, 11640, 1, 0, 0
50949, 15640, 1, 0, 0
51049, 14120, 1, 0, 0
51150, 15440, 1, 0, 0
51249, 10545, 1, 0, 0
51349, 15840, 1, 0, 0
51449, 15040, 1, 0, 0
51549, 11120, 1, 0, 0
51649, 11920, 1, 0, 0
51749, 10200, 1, 0, 0
51849, 14320, 1, 0, 0
51949, 10320, 1, 0, 0
52049, 13360, 1, 0, 0
52150, 11320, 1, 0, 0
52249, 13171, 1, 0, 0
52349, 12800, 1, 0, 0
52449, 11560, 1, 0, 0
52549, 19400, 1, 0, 0
52649, 10640, 1, 0, 0
52749, 10320, 1, 0, 0
52849, 5160, 1, 0, 0
52949, 1880, 1, 0, 0
53050, 5240, 1, 0, 0
53150, 3240, 1, 0, 0
53249, 5212, 1, 0, 0
53349, 5880, 1, 0, 0
53449, 5160, 1, 0, 0
53549, 5160, 1, 0, 0
53649, 5000, 1, 0, 0
53749, 1520, 1, 0, 0
53849, 10320, 1, 0, 0
53950, 15560, 1, 0, 0
54050, 14800, 1, 0, 0
54150, 15520, 1, 0, 0
54249, 15595, 1, 0, 0
54349, 15880, 1, 0, 0
54449, 10800, 1, 0, 0
54549, 14440, 1, 0, 0
54649, 11560, 1, 0, 0
54749, 10520, 1, 0, 0
54849, 14080, 1, 0, 0
54950, 15520, 1, 0, 0
55050, 15600, 1, 0, 0
55150, 15480, 1, 0, 0
55249, 15717, 1, 0, 0
55349, 13160, 1, 0, 0
55449, 10360, 1, 0, 0
55549, 13280, 1, 0, 0
55649, 10640, 1, 0, 0
55749, 10360, 1, 0, 0
55850, 5160, 1, 0, 0
55950, 5160, 1, 0, 0
56050, 2160, 1, 0, 0
56150, 5160, 1, 0, 0
56249, 5252, 1, 0, 0
56349, 5160, 1, 0, 0
56449, 5160, 1, 0, 0
56550, 10720, 1, 0, 0
56650, 14080, 1, 0, 0
56749, 15595, 1, 0, 0
56849, 15440, 1, 0, 0
56949, 11600, 1, 0, 0
57049, 15400, 1, 0, 0
57149, 11520, 1, 0, 0
57249, 17040, 1, 0, 0
57349, 13160, 1, 0, 0
57449, 15480, 1, 0, 0
57550, 15760, 1, 0, 0
57650, 15840, 1, 0, 0
57749, 10424, 1, 0, 0
57849, 7400, 1, 0, 0
57949, 10840, 1, 0, 0
58049, 10320, 1, 0, 0
58149, 10040, 1, 0, 0
58249, 5440, 1, 0, 0
58349, 10040, 1, 0, 0
58449, 7840, 1, 0, 0
58550, 5160, 1, 0, 0
58650, 2480, 1, 0, 0
58749, 6626, 1, 0, 0
58849, 5160, 1, 0, 0
58949, 5160, 1, 0, 0
59049, 7560, 1, 0, 0
59149, 720, 1, 0, 0
59250, 5200, 1, 0, 0
59350, 5120, 1, 0, 0
59450, 10680, 1, 0, 0
59550, 10320, 1, 0, 0
59650, 14760, 1, 0, 0
59749, 17171, 1, 0, 0
59849, 10320, 1, 0, 0
59949, 10520, 1, 0, 0
60049, 10840, 1, 0, 0
60149, 15440, 1, 0, 0
60249, 10440, 1, 0, 0
60350, 14440, 1, 0, 0
60450, 11360, 1, 0, 0
60550, 10960, 1, 0, 0
60650, 10360, 1, 0, 0
60749, 14989, 1, 0, 0
60849, 12400, 1, 0, 0
60949, 13400, 1, 0, 0
61049, 10360, 1, 0, 0
61149, 15440, 1, 0, 0
61249, 15400, 1, 0, 0
61349, 15440, 1, 0, 0
61449, 10320, 1, 0, 0
61550, 6520, 1, 0, 0
61650, 10000, 1, 0, 0
61749, 5212, 1, 0, 0
61849, 4200, 1, 0, 0
61949, 5160, 1, 0, 0
62050, 5560, 1, 0, 0
62150, 5400, 1, 0, 0
62249, 5414, 1, 0, 0
62349, 4280, 1, 0, 0
62449, 11280, 1, 0, 0
62549, 14520, 1, 0, 0
62649, 10600, 1, 0, 0
62749, 15160, 1, 0, 0
62849, 10360, 1, 0, 0
62949, 10320, 1, 0, 0
63050, 5520, 1, 0, 0
63150, 11600, 1, 0, 0
63249, 14060, 1, 0, 0
63349, 12680, 1, 0, 0
63449, 13160, 1, 0, 0
63549, 12760, 1, 0, 0
63649, 15600, 1, 0, 0
63750, 16800, 1, 0, 0
63850, 10600, 1, 0, 0
63950, 12720, 1, 0, 0
64050, 13360, 1, 0, 0
64150, 10280, 1, 0, 0
64249, 10424, 1, 0, 0
64349, 11680, 1, 0, 0
64449, 8960, 1, 0, 0
64549, 13280, 1, 0, 0
64649, 12480, 1, 0, 0
64749, 11080, 1, 0, 0
64849, 5320, 1, 0, 0
64950, 7960, 1, 0, 0
65050, 2320, 1, 0, 0
65150, 2840, 1, 0, 0
65249, 5212, 1, 0, 0
65349, 2320, 1, 0, 0
65449, 5160, 1, 0, 0
65549, 10320, 1, 0, 0
65650, 15520, 1, 0, 0
65749, 13535, 1, 0, 0
65849, 12720, 1, 0, 0
65949, 15400, 1, 0, 0
66049, 11600, 1, 0, 0
66149, 14320, 1, 0, 0
66249, 11520, 1, 0, 0
66349, 15480, 1, 0, 0
66449, 10480, 1, 0, 0
66550, 15760, 1, 0, 0
66650, 11800, 1, 0, 0
66749, 10424, 1, 0, 0
66849, 13880, 1, 0, 0
66949, 10320, 1, 0, 0
67049, 10360, 1, 0, 0
67149, 10360, 1, 0, 0
67249, 11960, 1, 0, 0
67349, 13880, 1, 0, 0
67449, 12160, 1, 0, 0
67550, 15240, 1, 0, 0
67650, 10480, 1, 0, 0
67749, 12565, 1, 0, 0
67849, 13880, 1, 0, 0
67949, 9840, 1, 0, 0
68049, 12400, 1, 0, 0
68149, 10320, 1, 0, 0
68249, 8280, 1, 0, 0
68349, 6400, 1, 0, 0
68450, 5160, 1, 0, 0
68550, 4280, 1, 0, 0
68650, 6000, 1, 0, 0
68749, 5212, 1, 0, 0
68849, 5160, 1, 0, 0
68949, 5160, 1, 0, 0
69049, 440, 1, 0, 0
69149, 9880, 1, 0, 0
69250, 10320, 1, 0, 0
69350, 15480, 1, 0, 0
69450, 11000, 1, 0, 0
69550, 10320, 1, 0, 0
69650, 10320, 1, 0, 0
69749, 10424, 1, 0, 0
69849, 16480, 1, 0, 0
69949, 15520, 1, 0, 0
70049, 11960, 1, 0, 0
70149, 14840, 1, 0, 0
70249, 11760, 1, 0, 0
70349, 10720, 1, 0, 0
70449, 15720, 1, 0, 0
70550, 15080, 1, 0, 0
70650, 10960, 1, 0, 0
70749, 15757, 1, 0, 0
70849, 10600, 1, 0, 0
70949, 15200, 1, 0, 0
71049, 10920, 1, 0, 0
71149, 11640, 1, 0, 0
71249, 3240, 1, 0, 0
71349, 1920, 1, 0, 0
71450, 5160, 1, 0, 0
71550, 5160, 1, 0, 0
71650, 3240, 1, 0, 0
71749, 1939, 1, 0, 0
71849, 3280, 1, 0, 0
71949, 5120, 1, 0, 0
72049, 5160, 1, 0, 0
72150, 10760, 1, 0, 0
72249, 13373, 1, 0, 0
72349, 15480, 1, 0, 0
72449, 12640, 1, 0, 0
72549, 15400, 1, 0, 0
72649, 15520, 1, 0, 0
72749, 15440, 1, 0, 0
72849, 10320, 1, 0, 0
72949, 15440, 1, 0, 0
73050, 15480, 1, 0, 0
73150, 10320, 1, 0, 0
73249, 12080, 1, 0, 0
73349, 10320, 1, 0, 0
73449, 10320, 1, 0, 0
73549, 10720, 1, 0, 0
73649, 14960, 1, 0, 0
73749, 10320, 1, 0, 0
73849, 10680, 1, 0, 0
73949, 15200, 1, 0, 0
74049, 10320, 1, 0, 0
74149, 11880, 1, 0, 0
74249, 12000, 1, 0, 0
74349, 10320, 1, 0, 0
74450, 40, 1, 0, 0
74550, 5160, 1, 0, 0
74650, 10320, 1, 0, 0
74749, 5171, 1, 0, 0
74849, 40, 1, 0, 0
74949, 5240, 1, 0, 0
75049, 5120, 1, 0, 0
75149, 5160, 1, 0, 0
75250, 10320, 1, 0, 0
75350, 10320, 1, 0, 0
75450, 15480, 1, 0, 0
75550, 15080, 1, 0, 0
75650, 11760, 1, 0, 0
75749, 14141, 1, 0, 0
75849, 15400, 1, 0, 0
75949, 15800, 1, 0, 0
76049, 15160, 1, 0, 0
76149, 14960, 1, 0, 0
76249, 11200, 1, 0, 0
76349, 17320, 1, 0, 0
76449, 10920, 1, 0, 0
76549, 14880, 1, 0, 0
76650, 12760, 1, 0, 0
76749, 10787, 1, 0, 0
76849, 16480, 1, 0, 0
76949, 14320, 1, 0, 0
77049, 10320, 1, 0, 0
77149, 12520, 1, 0, 0
77249, 13280, 1, 0, 0
77349, 11640, 1, 0, 0
77449, 5120, 1, 0, 0
77549, 5160, 1, 0, 0
77649, 5160, 1, 0, 0
77750, 5160, 1, 0, 0
77850, 5280, 1, 0, 0
77950, 920, 1, 0, 0
78050, 5200, 1, 0, 0
78150, 5160, 1, 0, 0
78249, 9575, 1, 0, 0
78349, 15440, 1, 0, 0
78449, 10560, 1, 0, 0
78549, 15200, 1, 0, 0
78649, 13480, 1, 0, 0
78750, 13600, 1, 0, 0
78850, 14400, 1, 0, 0
78950, 10320, 1, 0, 0
79050, 11480, 1, 0, 0
79150, 15200, 1, 0, 0
79249, 10707, 1, 0, 0
79349, 15520, 1, 0, 0
79449, 20160, 1, 0, 0
79549, 15520, 1, 0, 0
79649, 10920, 1, 0, 0
79749, 10320, 1, 0, 0
79849, 10320, 1, 0, 0
79949, 13920, 1, 0, 0
80050, 10320, 1, 0, 0
80150, 10520, 1, 0, 0
80249, 7474, 1, 0, 0
80349, 13240, 1, 0, 0
80449, 10360, 1, 0, 0
80549, 5160, 1, 0, 0
80649, 5160, 1, 0, 0
80749, 5160, 1, 0, 0
80849, 2360, 1, 0, 0
80949, 5520, 1, 0, 0
81049, 3440, 1, 0, 0
81150, 5680, 1, 0, 0
81249, 5212, 1, 0, 0
81349, 8600, 1, 0, 0
81449, 10320, 1, 0, 0
81549, 10360, 1, 0, 0
81649, 13120, 1, 0, 0
81749, 10320, 1, 0, 0
81849, 7520, 1, 0, 0
81949, 13240, 1, 0, 0
82049, 11240, 1, 0, 0
82149, 10320, 1, 0, 0
82249, 10320, 1, 0, 0
82349, 13680, 1, 0, 0
82449, 15480, 1, 0, 0
82550, 15480, 1, 0, 0
82650, 19240, 1, 0, 0
82749, 11878, 1, 0, 0
82849, 15480, 1, 0, 0
82949, 10320, 1, 0, 0
83049, 10640, 1, 0, 0
83149, 10720, 1, 0, 0
83249, 15080, 1, 0, 0
83349, 10400, 1, 0, 0
83449, 10320, 1, 0, 0
83549, 10360, 1, 0, 0
83649, 12600, 1, 0, 0
83750, 10320, 1, 0, 0
83850, 5440, 1, 0, 0
83950, 5160, 1, 0, 0
84050, 5160, 1, 0, 0
84150, 2880, 1, 0, 0
84249, 5171, 1, 0, 0
84349, 2680, 1, 0, 0
84449, 2480, 1, 0, 0
84549, 5160, 1, 0, 0
84649, 2680, 1, 0, 0
84750, 10640, 1, 0, 0
84850, 10320, 1, 0, 0
84950, 13960, 1, 0, 0
85050, 10440, 1, 0, 0
85150, 15520, 1, 0, 0
85249, 10989, 1, 0, 0
85349, 11760, 1, 0, 0
85449, 14040, 1, 0, 0
85549, 15560, 1, 0, 0
85649, 15360, 1, 0, 0
85749, 15440, 1, 0, 0
85849, 11040, 1, 0, 0
85949, 10320, 1, 0, 0
86049, 11160, 1, 0, 0
86149, 10360, 1, 0, 0
86249, 15757, 1, 0, 0
86349, 10800, 1, 0, 0
86449, 10440, 1, 0, 0
86549, 15200, 1, 0, 0
86649, 10320, 1, 0, 0
86749, 12160, 1, 0, 0
86849, 5160, 1, 0, 0
86949, 3840, 1, 0, 0
87049, 5120, 1, 0, 0
87149, 5160, 1, 0, 0
87249, 5160, 1, 0, 0
87350, 5200, 1, 0, 0
87450, 2320, 1, 0, 0
87550, 6600, 1, 0, 0
87650, 5480, 1, 0, 0
87749, 5212, 1, 0, 0
87849, 10360, 1, 0, 0
87949, 10320, 1, 0, 0
88049, 6840, 1, 0, 0
88149, 10880, 1, 0, 0
88249, 15960, 1, 0, 0
88349, 12920, 1, 0, 0
88449, 15440, 1, 0, 0
88549, 15400, 1, 0, 0
88650, 10560, 1, 0, 0
88749, 15595, 1, 0, 0
88849, 15480, 1, 0, 0
88949, 10880, 1, 0, 0
89049, 15480, 1, 0, 0
89149, 12960, 1, 0, 0
89249, 13480, 1, 0, 0
89349, 10320, 1, 0, 0
89449, 13320, 1, 0, 0
89549, 10320, 1, 0, 0
89649, 13560, 1, 0, 0
89750, 1920, 1, 0, 0
89850, 6440, 1, 0, 0
89950, 5160, 1, 0, 0
90050, 2040, 1, 0, 0
90150, 40, 1, 0, 0
