250, 4624, 1, 0, 0
350, 5160, 1, 0, 0
450, 5160, 1, 0, 0
550, 2040, 1, 0, 0
650, 5160, 1, 0, 0
749, 10424, 1, 0, 0
849, 10320, 1, 0, 0
949, 10320, 1, 0, 0
1050, 13480, 1, 0, 0
1150, 12320, 1, 0, 0
1249, 15636, 1, 0, 0
1349, 10920, 1, 0, 0
1449, 14920, 1, 0, 0
1549, 10320, 1, 0, 0
1649, 11680, 1, 0, 0
1749, 15480, 1, 0, 0
1849, 10840, 1, 0, 0
1949, 15840, 1, 0, 0
2049, 14640, 1, 0, 0
2150, 10320, 1, 0, 0
2249, 15676, 1, 0, 0
2349, 15560, 1, 0, 0
2449, 15560, 1, 0, 0
2549, 13600, 1, 0, 0
2649, 12200, 1, 0, 0
2749, 10320, 1, 0, 0
2849, 10360, 1, 0, 0
2949, 12120, 1, 0, 0
3049, 10320, 1, 0, 0
3149, 5160, 1, 0, 0
3250, 5160, 1, 0, 0
3350, 3480, 1, 0, 0
3450, 6080, 1, 0, 0
3550, 4280, 1, 0, 0
3650, 5160, 1, 0, 0
3749, 1737, 1, 0, 0
3849, 5160, 1, 0, 0
3949, 3440, 1, 0, 0
4049, 1720, 1, 0, 0
4150, 13760, 1, 0, 0
4249, 12161, 1, 0, 0
4349, 10320, 1, 0, 0
4449, 10320, 1, 0, 0
4549, 10360, 1, 0, 0
4649, 11120, 1, 0, 0
4749, 19720, 1, 0, 0
4849, 15240, 1, 0, 0
4949, 13840, 1, 0, 0
5049, 11720, 1, 0, 0
5149, 15480, 1, 0, 0
5250, 15480, 1, 0, 0
5350, 15480, 1, 0, 0
5450, 13520, 1, 0, 0
5550, 15440, 1, 0, 0
5650, 15440, 1, 0, 0
5749, 10707, 1, 0, 0
5849, 10080, 1, 0, 0
5949, 11000, 1, 0, 0
6049, 10360, 1, 0, 0
6149, 9640, 1, 0, 0
6250, 5160, 1, 0, 0
6350, 5160, 1, 0, 0
6450, 720, 1, 0, 0
6550, 5160, 1, 0, 0
6650, 5440, 1, 0, 0
6749, 5212, 1, 0, 0
6849, 10360, 1, 0, 0
6949, 10320, 1, 0, 0
7050, 10560, 1, 0, 0
7150, 10320, 1, 0, 0
7249, 14383, 1, 0, 0
7349, 11640, 1, 0, 0
7449, 14160, 1, 0, 0
7549, 12280, 1, 0, 0
7649, 18160, 1, 0, 0
7749, 12200, 1, 0, 0
7849, 14440, 1, 0, 0
7949, 15440, 1, 0, 0
8050, 15480, 1, 0, 0
8150, 11480, 1, 0, 0
8249, 10424, 1, 0, 0
8349, 15160, 1, 0, 0
8449, 16400, 1, 0, 0
8549, 14480, 1, 0, 0
8649, 10360, 1, 0, 0
8749, 12040, 1, 0, 0
8849, 13760, 1, 0, 0
8949, 20520, 1, 0, 0
9049, 11240, 1, 0, 0
9149, 15480, 1, 0, 0
9250, 10320, 1, 0, 0
9350, 15160, 1, 0, 0
9450, 5160, 1, 0, 0
9550, 5160, 1, 0, 0
9650, 5160, 1, 0, 0
9749, 1131, 1, 0, 0
9849, 5160, 1, 0, 0
9949, 5200, 1, 0, 0
10050, 4000, 1, 0, 0
10150, 1480, 1, 0, 0
10249, 10545, 1, 0, 0
10349, 10320, 1, 0, 0
10449, 10320, 1, 0, 0
10549, 10360, 1, 0, 0
10649, 10320, 1, 0, 0
10749, 10320, 1, 0, 0
10849, 10320, 1, 0, 0
10949, 14200, 1, 0, 0
11050, 15400, 1, 0, 0
11150, 10840, 1, 0, 0
11249, 15111, 1, 0, 0
11349, 10880, 1, 0, 0
11449, 10320, 1, 0, 0
11549, 16040, 1, 0, 0
11649, 15400, 1, 0, 0
11749, 16400, 1, 0, 0
11849, 14480, 1, 0, 0
11949, 11360, 1, 0, 0
12049, 14480, 1, 0, 0
12149, 11320, 1, 0, 0
12250, 10360, 1, 0, 0
12350, 15480, 1, 0, 0
12450, 15960, 1, 0, 0
12550, 14960, 1, 0, 0
12650, 5160, 1, 0, 0
12749, 5212, 1, 0, 0
12849, 5160, 1, 0, 0
12949, 520, 1, 0, 0
13049, 5160, 1, 0, 0
13149, 5160, 1, 0, 0
13250, 5160, 1, 0, 0
13350, 5160, 1, 0, 0
13450, 5160, 1, 0, 0
13550, 5160, 1, 0, 0
13650, 15480, 1, 0, 0
13749, 11555, 1, 0, 0
13849, 19400, 1, 0, 0
13949, 15480, 1, 0, 0
14049, 11080, 1, 0, 0
14150, 10320, 1, 0, 0
14249, 10505, 1, 0, 0
14349, 15720, 1, 0, 0
14449, 10640, 1, 0, 0
14549, 10320, 1, 0, 0
14649, 15160, 1, 0, 0
14749, 10320, 1, 0, 0
14849, 10320, 1, 0, 0
14949, 10360, 1, 0, 0
15049, 17160, 1, 0, 0
15149, 10320, 1, 0, 0
15250, 15480, 1, 0, 0
15350, 15400, 1, 0, 0
15450, 15440, 1, 0, 0
15550, 15480, 1, 0, 0
15650, 10320, 1, 0, 0
15749, 929, 1, 0, 0
15849, 5160, 1, 0, 0
15949, 5160, 1, 0, 0
16049, 5160, 1, 0, 0
16149, 5200, 1, 0, 0
16250, 6000, 1, 0, 0
16350, 4080, 1, 0, 0
16450, 5160, 1, 0, 0
16550, 6240, 1, 0, 0
16650, 6320, 1, 0, 0
16749, 15272, 1, 0, 0
16849, 15520, 1, 0, 0
16949, 10320, 1, 0, 0
17049, 15480, 1, 0, 0
17149, 10280, 1, 0, 0
17250, 11360, 1, 0, 0
17350, 15520, 1, 0, 0
17450, 12160, 1, 0, 0
17550, 10360, 1, 0, 0
17650, 15920, 1, 0, 0
17749, 15636, 1, 0, 0
17849, 14320, 1, 0, 0
17949, 15440, 1, 0, 0
18049, 15880, 1, 0, 0
18149, 13360, 1, 0, 0
18250, 15160, 1, 0, 0
18350, 13560, 1, 0, 0
18450, 15440, 1, 0, 0
18550, 10280, 1, 0, 0
18650, 5160, 1, 0, 0
18749, 5212, 1, 0, 0
18849, 5160, 1, 0, 0
18949, 5160, 1, 0, 0
19050, 5160, 1, 0, 0
19150, 440, 1, 0, 0
19249, 5858, 1, 0, 0
19349, 10400, 1, 0, 0
19449, 14400, 1, 0, 0
19549, 15440, 1, 0, 0
19649, 12840, 1, 0, 0
19749, 19320, 1, 0, 0
19849, 13640, 1, 0, 0
19949, 11240, 1, 0, 0
20050, 10320, 1, 0, 0
20150, 11040, 1, 0, 0
20249, 10424, 1, 0, 0
20349, 13880, 1, 0, 0
20449, 11880, 1, 0, 0
20549, 10320, 1, 0, 0
20649, 10360, 1, 0, 0
20749, 15720, 1, 0, 0
20849, 15120, 1, 0, 0
20949, 15520, 1, 0, 0
21050, 14240, 1, 0, 0
21150, 10520, 1, 0, 0
21249, 16404, 1, 0, 0
21349, 10320, 1, 0, 0
21449, 14840, 1, 0, 0
21549, 11440, 1, 0, 0
21649, 9200, 1, 0, 0
21749, 10400, 1, 0, 0
21849, 5160, 1, 0, 0
21949, 5160, 1, 0, 0
22049, 1320, 1, 0, 0
22149, 5200, 1, 0, 0
22250, 5160, 1, 0, 0
22350, 4000, 1, 0, 0
22450, 10320, 1, 0, 0
22550, 1960, 1, 0, 0
22650, 13520, 1, 0, 0
22749, 12606, 1, 0, 0
22849, 15840, 1, 0, 0
22949, 11400, 1, 0, 0
23049, 14440, 1, 0, 0
23149, 10320, 1, 0, 0
23249, 10320, 1, 0, 0
23349, 15600, 1, 0, 0
23450, 11680, 1, 0, 0
23550, 15480, 1, 0, 0
23650, 14160, 1, 0, 0
23749, 15272, 1, 0, 0
23849, 10920, 1, 0, 0
23949, 10600, 1, 0, 0
24049, 5160, 1, 0, 0
24149, 5160, 1, 0, 0
24249, 4520, 1, 0, 0
24350, 5160, 1, 0, 0
24450, 15440, 1, 0, 0
24550, 14640, 1, 0, 0
24650, 15480, 1, 0, 0
24749, 10666, 1, 0, 0
24849, 11840, 1, 0, 0
24949, 14040, 1, 0, 0
25049, 6800, 1, 0, 0
25149, 5160, 1, 0, 0
25249, 3520, 1, 0, 0
25350, 5160, 1, 0, 0
25450, 1720, 1, 0, 0
25550, 4320, 1, 0, 0
25650, 5160, 1, 0, 0
25749, 3353, 1, 0, 0
25849, 10320, 1, 0, 0
25949, 10320, 1, 0, 0
26049, 13120, 1, 0, 0
26149, 10400, 1, 0, 0
26249, 12000, 1, 0, 0
26349, 10400, 1, 0, 0
26450, 13800, 1, 0, 0
26550, 10320, 1, 0, 0
26650, 7000, 1, 0, 0
26749, 10424, 1, 0, 0
26849, 15440, 1, 0, 0
26949, 15440, 1, 0, 0
27049, 15440, 1, 0, 0
27149, 11400, 1, 0, 0
27249, 14400, 1, 0, 0
27349, 15520, 1, 0, 0
27450, 20640, 1, 0, 0
27550, 15520, 1, 0, 0
27650, 15840, 1, 0, 0
27749, 11353, 1, 0, 0
27849, 14160, 1, 0, 0
27949, 11600, 1, 0, 0
28049, 14400, 1, 0, 0
28149, 15480, 1, 0, 0
28249, 15480, 1, 0, 0
28349, 5360, 1, 0, 0
28449, 4960, 1, 0, 0
28550, 200, 1, 0, 0
28650, 5160, 1, 0, 0
28749, 5010, 1, 0, 0
28849, 5160, 1, 0, 0
28949, 2880, 1, 0, 0
29049, 2440, 1, 0, 0
29149, 5120, 1, 0, 0
29249, 280, 1, 0, 0
29349, 4880, 1, 0, 0
29449, 10320, 1, 0, 0
29550, 10320, 1, 0, 0
29650, 10320, 1, 0, 0
29749, 10424, 1, 0, 0
29849, 14600, 1, 0, 0
29949, 13960, 1, 0, 0
30049, 11920, 1, 0, 0
30149, 10600, 1, 0, 0
30249, 15440, 1, 0, 0
30349, 15480, 1, 0, 0
30449, 15480, 1, 0, 0
30549, 15600, 1, 0, 0
30649, 15520, 1, 0, 0
30750, 10320, 1, 0, 0
30850, 10320, 1, 0, 0
30950, 11480, 1, 0, 0
31050, 14960, 1, 0, 0
31150, 14920, 1, 0, 0
31249, 11232, 1, 0, 0
31349, 10320, 1, 0, 0
31449, 4360, 1, 0, 0
31549, 5160, 1, 0, 0
31649, 5160, 1, 0, 0
31750, 5200, 1, 0, 0
31850, 5400, 1, 0, 0
31950, 1000, 1, 0, 0
32050, 5160, 1, 0, 0
32150, 5160, 1, 0, 0
32249, 9656, 1, 0, 0
32349, 15480, 1, 0, 0
32449, 11480, 1, 0, 0
32549, 15560, 1, 0, 0
32649, 10360, 1, 0, 0
32750, 13520, 1, 0, 0
32850, 12240, 1, 0, 0
32950, 20520, 1, 0, 0
33050, 11560, 1, 0, 0
33150, 10320, 1, 0, 0
33249, 10424, 1, 0, 0
33349, 10400, 1, 0, 0
33449, 14360, 1, 0, 0
33549, 10320, 1, 0, 0
33649, 12040, 1, 0, 0
33750, 10320, 1, 0, 0
33850, 13800, 1, 0, 0
33950, 10320, 1, 0, 0
34050, 12120, 1, 0, 0
34150, 13680, 1, 0, 0
34249, 15595, 1, 0, 0
34349, 15480, 1, 0, 0
34449, 240, 1, 0, 0
34549, 5160, 1, 0, 0
34649, 4960, 1, 0, 0
34750, 320, 1, 0, 0
34850, 5160, 1, 0, 0
34950, 5160, 1, 0, 0
35050, 4840, 1, 0, 0
35150, 5160, 1, 0, 0
35249, 363, 1, 0, 0
35349, 5160, 1, 0, 0
35449, 5160, 1, 0, 0
35550, 15120, 1, 0, 0
35650, 15440, 1, 0, 0
35749, 15636, 1, 0, 0
35849, 15480, 1, 0, 0
35949, 15560, 1, 0, 0
36049, 15560, 1, 0, 0
36149, 10320, 1, 0, 0
36249, 12600, 1, 0, 0
36349, 10720, 1, 0, 0
36449, 15040, 1, 0, 0
36549, 10360, 1, 0, 0
36649, 11240, 1, 0, 0
36749, 15393, 1, 0, 0
36849, 10720, 1, 0, 0
36949, 15160, 1, 0, 0
37049, 15400, 1, 0, 0
37149, 5160, 1, 0, 0
37249, 5160, 1, 0, 0
37349, 5160, 1, 0, 0
37449, 5160, 1, 0, 0
37550, 5160, 1, 0, 0
37650, 520, 1, 0, 0
37749, 5212, 1, 0, 0
37849, 9800, 1, 0, 0
37949, 15440, 1, 0, 0
38049, 15440, 1, 0, 0
38149, 10440, 1, 0, 0
38249, 10320, 1, 0, 0
38349, 11280, 1, 0, 0
38449, 15480, 1, 0, 0
38550, 15520, 1, 0, 0
38650, 10320, 1, 0, 0
38749, 15515, 1, 0, 0
38849, 11680, 1, 0, 0
38949, 16320, 1, 0, 0
39049, 14560, 1, 0, 0
39149, 15440, 1, 0, 0
39249, 15480, 1, 0, 0
39349, 10480, 1, 0, 0
39449, 10600, 1, 0, 0
39549, 15240, 1, 0, 0
39649, 10360, 1, 0, 0
39749, 10320, 1, 0, 0
39849, 10400, 1, 0, 0
39950, 11000, 1, 0, 0
40050, 11440, 1, 0, 0
40150, 15440, 1, 0, 0
40249, 7151, 1, 0, 0
40349, 5160, 1, 0, 0
40449, 5280, 1, 0, 0
40549, 5240, 1, 0, 0
40649, 5240, 1, 0, 0
40750, 5160, 1, 0, 0
40850, 5160, 1, 0, 0
40950, 3120, 1, 0, 0
41050, 7600, 1, 0, 0
41150, 10440, 1, 0, 0
41249, 10424, 1, 0, 0
41349, 10320, 1, 0, 0
41449, 16000, 1, 0, 0
41549, 10320, 1, 0, 0
41649, 10320, 1, 0, 0
41750, 10360, 1, 0, 0
41850, 15480, 1, 0, 0
41950, 12680, 1, 0, 0
42050, 18120, 1, 0, 0
42150, 13680, 1, 0, 0
42249, 14707, 1, 0, 0
42349, 11400, 1, 0, 0
42449, 10320, 1, 0, 0
42549, 14520, 1, 0, 0
42649, 10320, 1, 0, 0
42749, 10360, 1, 0, 0
42849, 12240, 1, 0, 0
42949, 12960, 1, 0, 0
43050, 10960, 1, 0, 0
43150, 14880, 1, 0, 0
43249, 10424, 1, 0, 0
43349, 10360, 1, 0, 0
43449, 9400, 1, 0, 0
43549, 6240, 1, 0, 0
43649, 5160, 1, 0, 0
43749, 5320, 1, 0, 0
43849, 3960, 1, 0, 0
43949, 5160, 1, 0, 0
44050, 5160, 1, 0, 0
44150, 6240, 1, 0, 0
44249, 10464, 1, 0, 0
44349, 13120, 1, 0, 0
44449, 14320, 1, 0, 0
44549, 16880, 1, 0, 0
44649, 15520, 1, 0, 0
44749, 11400, 1, 0, 0
44849, 15440, 1, 0, 0
44949, 15480, 1, 0, 0
45049, 15480, 1, 0, 0
45149, 5640, 1, 0, 0
45250, 10400, 1, 0, 0
45350, 10360, 1, 0, 0
45450, 14040, 1, 0, 0
45550, 20480, 1, 0, 0
45650, 15560, 1, 0, 0
45749, 11515, 1, 0, 0
45849, 14360, 1, 0, 0
45949, 14720, 1, 0, 0
46049, 12400, 1, 0, 0
46149, 10480, 1, 0, 0
46250, 13240, 1, 0, 0
46350, 12520, 1, 0, 0
46450, 10320, 1, 0, 0
46550, 12520, 1, 0, 0
46650, 16040, 1, 0, 0
46749, 10505, 1, 0, 0
46849, 5160, 1, 0, 0
46949, 5160, 1, 0, 0
47049, 2640, 1, 0, 0
47149, 5200, 1, 0, 0
47250, 5120, 1, 0, 0
47350, 5160, 1, 0, 0
47450, 2640, 1, 0, 0
47550, 5160, 1, 0, 0
47650, 5160, 1, 0, 0
47749, 5212, 1, 0, 0
47849, 10640, 1, 0, 0
47949, 11480, 1, 0, 0
48050, 12360, 1, 0, 0
48150, 13600, 1, 0, 0
48249, 15555, 1, 0, 0
48349, 11600, 1, 0, 0
48449, 15400, 1, 0, 0
48549, 15520, 1, 0, 0
48649, 10320, 1, 0, 0
48749, 10320, 1, 0, 0
48849, 11000, 1, 0, 0
48949, 14800, 1, 0, 0
49050, 15480, 1, 0, 0
49150, 12680, 1, 0, 0
49249, 13252, 1, 0, 0
49349, 10480, 1, 0, 0
49449, 11600, 1, 0, 0
49549, 14920, 1, 0, 0
49649, 9600, 1, 0, 0
49749, 10320, 1, 0, 0
49849, 5160, 1, 0, 0
49949, 720, 1, 0, 0
50049, 5200, 1, 0, 0
50149, 5160, 1, 0, 0
50250, 5160, 1, 0, 0
50350, 5200, 1, 0, 0
50450, 4360, 1, 0, 0
50550, 6040, 1, 0, 0
50650, 5120, 1, 0, 0
50749, 5171, 1, 0, 0
50849, 11960, 1, 0, 0
50949, 14000, 1, 0, 0
51049, 6840, 1, 0, 0
51149, 13800, 1, 0, 0
51250, 12200, 1, 0, 0
51350, 12800, 1, 0, 0
51450, 14760, 1, 0, 0
51550, 13320, 1, 0, 0
51650, 12520, 1, 0, 0
51749, 15636, 1, 0, 0
51849, 15520, 1, 0, 0
51949, 18560, 1, 0, 0
52049, 12880, 1, 0, 0
52149, 15040, 1, 0, 0
52249, 11600, 1, 0, 0
52349, 10840, 1, 0, 0
52450, 14960, 1, 0, 0
52550, 16080, 1, 0, 0
52650, 14840, 1, 0, 0
52749, 10424, 1, 0, 0
52849, 5160, 1, 0, 0
52949, 5160, 1, 0, 0
53049, 5280, 1, 0, 0
53149, 5680, 1, 0, 0
53249, 5320, 1, 0, 0
53349, 4640, 1, 0, 0
53450, 5400, 1, 0, 0
53550, 5160, 1, 0, 0
53650, 5160, 1, 0, 0
53749, 5212, 1, 0, 0
53849, 10320, 1, 0, 0
53949, 15480, 1, 0, 0
54049, 10320, 1, 0, 0
54149, 15440, 1, 0, 0
54249, 15680, 1, 0, 0
54349, 11320, 1, 0, 0
54449, 14400, 1, 0, 0
54549, 15520, 1, 0, 0
54650, 10360, 1, 0, 0
54749, 11191, 1, 0, 0
54849, 10360, 1, 0, 0
54949, 10480, 1, 0, 0
55049, 10320, 1, 0, 0
55149, 15480, 1, 0, 0
55249, 10720, 1, 0, 0
55349, 10320, 1, 0, 0
55449, 9920, 1, 0, 0
55549, 11240, 1, 0, 0
55649, 15160, 1, 0, 0
55750, 10280, 1, 0, 0
55850, 5160, 1, 0, 0
55950, 5200, 1, 0, 0
56050, 560, 1, 0, 0
56150, 5160, 1, 0, 0
56249, 5212, 1, 0, 0
56349, 5160, 1, 0, 0
56449, 5200, 1, 0, 0
56549, 10320, 1, 0, 0
56649, 15960, 1, 0, 0
56749, 14400, 1, 0, 0
56850, 11400, 1, 0, 0
56950, 14520, 1, 0, 0
57050, 15480, 1, 0, 0
57150, 10320, 1, 0, 0
57249, 11515, 1, 0, 0
57349, 12200, 1, 0, 0
57449, 7360, 1, 0, 0
57549, 10360, 1, 0, 0
57649, 10360, 1, 0, 0
57749, 10320, 1, 0, 0
57849, 10320, 1, 0, 0
57949, 8040, 1, 0, 0
58050, 10320, 1, 0, 0
58150, 8120, 1, 0, 0
58249, 10424, 1, 0, 0
58349, 7480, 1, 0, 0
58449, 8000, 1, 0, 0
58549, 2320, 1, 0, 0
58649, 2840, 1, 0, 0
58749, 6280, 1, 0, 0
58849, 5200, 1, 0, 0
58949, 1280, 1, 0, 0
59050, 5160, 1, 0, 0
59150, 3880, 1, 0, 0
59249, 1292, 1, 0, 0
59349, 5160, 1, 0, 0
59449, 10520, 1, 0, 0
59549, 10400, 1, 0, 0
59649, 10600, 1, 0, 0
59749, 10360, 1, 0, 0
59849, 10360, 1, 0, 0
59949, 10960, 1, 0, 0
60049, 10320, 1, 0, 0
60150, 12160, 1, 0, 0
60249, 10464, 1, 0, 0
60349, 11160, 1, 0, 0
60449, 15440, 1, 0, 0
60549, 10360, 1, 0, 0
60649, 15840, 1, 0, 0
60749, 13800, 1, 0, 0
60849, 11360, 1, 0, 0
60949, 14120, 1, 0, 0
61049, 12080, 1, 0, 0
61149, 10440, 1, 0, 0
61250, 15600, 1, 0, 0
61350, 13160, 1, 0, 0
61450, 13200, 1, 0, 0
61550, 12480, 1, 0, 0
61650, 8400, 1, 0, 0
61749, 1939, 1, 0, 0
61849, 5160, 1, 0, 0
61949, 5160, 1, 0, 0
62049, 5640, 1, 0, 0
62149, 8080, 1, 0, 0
62250, 5160, 1, 0, 0
62350, 4920, 1, 0, 0
62450, 10560, 1, 0, 0
62550, 11600, 1, 0, 0
62650, 14680, 1, 0, 0
62749, 11232, 1, 0, 0
62849, 10320, 1, 0, 0
62949, 10320, 1, 0, 0
63049, 14520, 1, 0, 0
63149, 12240, 1, 0, 0
63250, 8400, 1, 0, 0
63350, 10560, 1, 0, 0
63450, 12120, 1, 0, 0
63550, 13520, 1, 0, 0
63650, 17520, 1, 0, 0
63749, 10666, 1, 0, 0
63849, 10680, 1, 0, 0
63949, 10400, 1, 0, 0
64049, 14920, 1, 0, 0
64149, 10360, 1, 0, 0
64249, 10320, 1, 0, 0
64349, 10320, 1, 0, 0
64450, 11200, 1, 0, 0
64550, 14600, 1, 0, 0
64650, 16240, 1, 0, 0
64749, 10424, 1, 0, 0
64849, 6240, 1, 0, 0
64949, 9240, 1, 0, 0
65049, 5160, 1, 0, 0
65149, 2800, 1, 0, 0
65250, 5280, 1, 0, 0
65350, 6240, 1, 0, 0
65450, 8600, 1, 0, 0
65550, 11360, 1, 0, 0
65650, 10560, 1, 0, 0
65749, 10464, 1, 0, 0
65849, 14160, 1, 0, 0
65949, 10360, 1, 0, 0
66049, 15440, 1, 0, 0
66149, 10600, 1, 0, 0
66249, 15160, 1, 0, 0
66349, 15480, 1, 0, 0
66449, 15400, 1, 0, 0
66550, 15400, 1, 0, 0
66650, 10320, 1, 0, 0
66749, 11595, 1, 0, 0
66849, 10320, 1, 0, 0
66949, 10320, 1, 0, 0
67049, 15440, 1, 0, 0
67149, 10360, 1, 0, 0
67249, 11280, 1, 0, 0
67349, 13080, 1, 0, 0
67449, 12760, 1, 0, 0
67549, 12160, 1, 0, 0
67650, 10360, 1, 0, 0
67750, 10360, 1, 0, 0
67850, 10320, 1, 0, 0
67950, 13400, 1, 0, 0
68050, 11080, 1, 0, 0
68150, 11680, 1, 0, 0
68249, 3838, 1, 0, 0
68349, 5160, 1, 0, 0
68449, 1400, 1, 0, 0
68549, 3800, 1, 0, 0
68650, 1360, 1, 0, 0
68749, 5212, 1, 0, 0
68849, 3800, 1, 0, 0
68949, 5200, 1, 0, 0
69049, 3600, 1, 0, 0
69149, 6720, 1, 0, 0
69249, 6880, 1, 0, 0
69349, 14880, 1, 0, 0
69450, 10360, 1, 0, 0
69550, 15440, 1, 0, 0
69650, 10360, 1, 0, 0
69749, 10424, 1, 0, 0
69849, 11760, 1, 0, 0
69949, 10360, 1, 0, 0
70049, 14520, 1, 0, 0
70149, 10680, 1, 0, 0
70249, 12000, 1, 0, 0
70349, 10320, 1, 0, 0
70449, 10440, 1, 0, 0
70550, 13640, 1, 0, 0
70650, 20440, 1, 0, 0
70749, 11191, 1, 0, 0
70849, 14720, 1, 0, 0
70949, 10720, 1, 0, 0
71049, 10320, 1, 0, 0
71149, 6480, 1, 0, 0
71249, 5160, 1, 0, 0
71350, 4000, 1, 0, 0
71450, 5160, 1, 0, 0
71550, 5160, 1, 0, 0
71650, 3960, 1, 0, 0
71749, 2666, 1, 0, 0
71849, 3680, 1, 0, 0
71949, 2160, 1, 0, 0
72050, 5160, 1, 0, 0
72150, 11040, 1, 0, 0
72249, 10464, 1, 0, 0
72349, 10560, 1, 0, 0
72449, 10320, 1, 0, 0
72549, 13400, 1, 0, 0
72649, 15480, 1, 0, 0
72749, 10320, 1, 0, 0
72849, 15560, 1, 0, 0
72949, 12120, 1, 0, 0
73049, 16040, 1, 0, 0
73150, 14040, 1, 0, 0
73250, 15280, 1, 0, 0
73350, 10360, 1, 0, 0
73450, 11760, 1, 0, 0
73550, 10320, 1, 0, 0
73650, 15520, 1, 0, 0
73749, 11151, 1, 0, 0
73849, 10440, 1, 0, 0
73949, 10320, 1, 0, 0
74049, 10360, 1, 0, 0
74149, 14760, 1, 0, 0
74250, 11080, 1, 0, 0
74350, 4400, 1, 0, 0
74450, 5160, 1, 0, 0
74550, 5160, 1, 0, 0
74650, 5160, 1, 0, 0
74749, 5212, 1, 0, 0
74849, 5160, 1, 0, 0
74949, 800, 1, 0, 0
75049, 5160, 1, 0, 0
75149, 5160, 1, 0, 0
75250, 14680, 1, 0, 0
75350, 12120, 1, 0, 0
75450, 15480, 1, 0, 0
75550, 14480, 1, 0, 0
75650, 11800, 1, 0, 0
75749, 14828, 1, 0, 0
75849, 15800, 1, 0, 0
75949, 10920, 1, 0, 0
76049, 14880, 1, 0, 0
76149, 15440, 1, 0, 0
76249, 15520, 1, 0, 0
76350, 15320, 1, 0, 0
76450, 15440, 1, 0, 0
76550, 15440, 1, 0, 0
76650, 15480, 1, 0, 0
76749, 15070, 1, 0, 0
76849, 15440, 1, 0, 0
76949, 10400, 1, 0, 0
77049, 15520, 1, 0, 0
77149, 10360, 1, 0, 0
77249, 10360, 1, 0, 0
77349, 5880, 1, 0, 0
77449, 4520, 1, 0, 0
77550, 5840, 1, 0, 0
77650, 880, 1, 0, 0
77749, 5212, 1, 0, 0
77849, 5160, 1, 0, 0
77949, 4520, 1, 0, 0
78049, 640, 1, 0, 0
78149, 5360, 1, 0, 0
78249, 10600, 1, 0, 0
78349, 12360, 1, 0, 0
78449, 11000, 1, 0, 0
78549, 15040, 1, 0, 0
78650, 15360, 1, 0, 0
78750, 14920, 1, 0, 0
78850, 15440, 1, 0, 0
78950, 15480, 1, 0, 0
79050, 10320, 1, 0, 0
79150, 14480, 1, 0, 0
79249, 15595, 1, 0, 0
79349, 15480, 1, 0, 0
79449, 15440, 1, 0, 0
79549, 15480, 1, 0, 0
79649, 10680, 1, 0, 0
79749, 15480, 1, 0, 0
79849, 10320, 1, 0, 0
79949, 14960, 1, 0, 0
80050, 11080, 1, 0, 0
80150, 15520, 1, 0, 0
80249, 15555, 1, 0, 0
80349, 15800, 1, 0, 0
80449, 5200, 1, 0, 0
80549, 8600, 1, 0, 0
80649, 1720, 1, 0, 0
80749, 5160, 1, 0, 0
80850, 5160, 1, 0, 0
80950, 3960, 1, 0, 0
81050, 5160, 1, 0, 0
81150, 5480, 1, 0, 0
81249, 969, 1, 0, 0
81349, 14520, 1, 0, 0
81449, 12880, 1, 0, 0
81549, 13000, 1, 0, 0
81649, 15480, 1, 0, 0
81749, 15440, 1, 0, 0
81850, 15560, 1, 0, 0
81950, 13920, 1, 0, 0
82050, 10320, 1, 0, 0
82150, 10320, 1, 0, 0
82249, 13010, 1, 0, 0
82349, 15480, 1, 0, 0
82449, 12920, 1, 0, 0
82549, 12920, 1, 0, 0
82649, 15480, 1, 0, 0
82749, 15440, 1, 0, 0
82849, 10320, 1, 0, 0
82949, 5600, 1, 0, 0
83049, 15160, 1, 0, 0
83149, 10360, 1, 0, 0
83250, 15480, 1, 0, 0
83350, 11200, 1, 0, 0
83450, 15520, 1, 0, 0
83550, 15520, 1, 0, 0
83650, 15440, 1, 0, 0
83749, 10424, 1, 0, 0
83849, 5160, 1, 0, 0
83949, 5160, 1, 0, 0
84049, 5160, 1, 0, 0
84149, 1480, 1, 0, 0
84250, 5160, 1, 0, 0
84350, 5160, 1, 0, 0
84450, 5200, 1, 0, 0
84550, 5120, 1, 0, 0
84650, 5160, 1, 0, 0
84749, 11353, 1, 0, 0
84849, 10320, 1, 0, 0
84949, 16960, 1, 0, 0
85050, 19040, 1, 0, 0
85150, 10480, 1, 0, 0
85249, 15555, 1, 0, 0
85349, 10320, 1, 0, 0
85449, 10320, 1, 0, 0
85549, 10720, 1, 0, 0
85649, 15440, 1, 0, 0
85749, 10360, 1, 0, 0
85849, 15520, 1, 0, 0
85949, 10360, 1, 0, 0
86050, 15440, 1, 0, 0
86150, 15160, 1, 0, 0
86249, 10787, 1, 0, 0
86349, 15400, 1, 0, 0
86449, 10880, 1, 0, 0
86549, 19360, 1, 0, 0
86649, 10360, 1, 0, 0
86749, 15440, 1, 0, 0
86849, 5160, 1, 0, 0
86949, 5160, 1, 0, 0
87049, 4960, 1, 0, 0
87150, 5160, 1, 0, 0
87249, 5212, 1, 0, 0
87349, 5160, 1, 0, 0
87449, 200, 1, 0, 0
87549, 5520, 1, 0, 0
87649, 4840, 1, 0, 0
87749, 4920, 1, 0, 0
87849, 10320, 1, 0, 0
87949, 10560, 1, 0, 0
88050, 19760, 1, 0, 0
88150, 11200, 1, 0, 0
88249, 19919, 1, 0, 0
88349, 10360, 1, 0, 0
88449, 15240, 1, 0, 0
88549, 10560, 1, 0, 0
88649, 16080, 1, 0, 0
88749, 14880, 1, 0, 0
88849, 11320, 1, 0, 0
88949, 15480, 1, 0, 0
89049, 15480, 1, 0, 0
89149, 12120, 1, 0, 0
89250, 13680, 1, 0, 0
89350, 17200, 1, 0, 0
89450, 15440, 1, 0, 0
89550, 15400, 1, 0, 0
89650, 10360, 1, 0, 0
89749, 6383, 1, 0, 0
89849, 5200, 1, 0, 0
89949, 9120, 1, 0, 0
90049, 40, 1, 0, 0
90149, 5080, 1, 0, 0
