114, 49194737, 1, 0, 0
220, 44194045, 1, 0, 0
306, 46342776, 1, 0, 0
433, 50516262, 1, 0, 0
521, 41628449, 1, 0, 0
608, 46546223, 1, 0, 0
754, 88768752, 1, 0, 0
824, 131041222, 1, 0, 0
970, 119941250, 1, 0, 0
1044, 135428617, 1, 0, 0
1128, 127733605, 1, 0, 0
1219, 148310225, 1, 0, 0
1302, 96633189, 1, 0, 0
1415, 39814112, 1, 0, 0
1501, 45669834, 1, 0, 0
1610, 36795708, 1, 0, 0
1725, 48218100, 1, 0, 0
1804, 41701418, 1, 0, 0
1920, 46372557, 1, 0, 0
2002, 47984274, 1, 0, 0
2112, 46557557, 1, 0, 0
2223, 46562618, 1, 0, 0
2305, 45798966, 1, 0, 0
2400, 42585854, 1, 0, 0
2519, 49030501, 1, 0, 0
2611, 42843748, 1, 0, 0
2708, 38533094, 1, 0, 0
2845, 75243198, 1, 0, 0
2915, 122359144, 1, 0, 0
3068, 126936511, 1, 0, 0
3140, 109007588, 1, 0, 0
3223, 131211915, 1, 0, 0
3370, 119870323, 1, 0, 0
3425, 143844958, 1, 0, 0
3509, 65547350, 1, 0, 0
3621, 46089676, 1, 0, 0
3723, 54543705, 1, 0, 0
3831, 47518128, 1, 0, 0
3906, 38359822, 1, 0, 0
4019, 33373220, 1, 0, 0
4100, 46345952, 1, 0, 0
4208, 45983284, 1, 0, 0
4322, 46529098, 1, 0, 0
4406, 42577102, 1, 0, 0
4514, 45647102, 1, 0, 0
4623, 46136773, 1, 0, 0
4703, 48996415, 1, 0, 0
4827, 46044839, 1, 0, 0
4940, 66787136, 1, 0, 0
5057, 94885759, 1, 0, 0
5112, 105650137, 1, 0, 0
5231, 81542410, 1, 0, 0
5319, 49028529, 1, 0, 0
5418, 51993969, 1, 0, 0
5500, 50539663, 1, 0, 0
5609, 45477300, 1, 0, 0
5728, 42254127, 1, 0, 0
5814, 50592539, 1, 0, 0
5900, 50287568, 1, 0, 0
6002, 39855083, 1, 0, 0
6114, 47171891, 1, 0, 0
6200, 47047812, 1, 0, 0
6304, 47246051, 1, 0, 0
6413, 37270451, 1, 0, 0
6514, 40847177, 1, 0, 0
6622, 39885979, 1, 0, 0
6724, 43891312, 1, 0, 0
6824, 40404451, 1, 0, 0
6909, 43202665, 1, 0, 0
7020, 48565338, 1, 0, 0
7109, 45981222, 1, 0, 0
7227, 57589382, 1, 0, 0
7378, 92453782, 1, 0, 0
7450, 125939643, 1, 0, 0
7521, 115373954, 1, 0, 0
7600, 145276485, 1, 0, 0
7751, 114096472, 1, 0, 0
7840, 120262445, 1, 0, 0
7918, 85135070, 1, 0, 0
8003, 45369889, 1, 0, 0
8108, 45644196, 1, 0, 0
8200, 43124842, 1, 0, 0
8312, 42356898, 1, 0, 0
8412, 37495503, 1, 0, 0
8507, 40481696, 1, 0, 0
8614, 41286222, 1, 0, 0
8725, 40059022, 1, 0, 0
8825, 41859578, 1, 0, 0
8918, 48689921, 1, 0, 0
9016, 48370341, 1, 0, 0
9100, 38022298, 1, 0, 0
9211, 47281926, 1, 0, 0
9323, 43605740, 1, 0, 0
9408, 49034701, 1, 0, 0
9539, 97197328, 1, 0, 0
9610, 107104389, 1, 0, 0
9754, 117581371, 1, 0, 0
9829, 133309760, 1, 0, 0
9902, 100014141, 1, 0, 0
10021, 117253096, 1, 0, 0
10108, 57119906, 1, 0, 0
10222, 47452289, 1, 0, 0
10305, 34241339, 1, 0, 0
10408, 44355089, 1, 0, 0
10531, 49266145, 1, 0, 0
10602, 59890304, 1, 0, 0
10723, 43533233, 1, 0, 0
10805, 47241884, 1, 0, 0
10924, 46199688, 1, 0, 0
11002, 51980664, 1, 0, 0
11106, 38947526, 1, 0, 0
11225, 49425265, 1, 0, 0
11312, 49453183, 1, 0, 0
11417, 44083487, 1, 0, 0
11525, 41612585, 1, 0, 0
11628, 65468853, 1, 0, 0
11781, 109520003, 1, 0, 0
11856, 132050325, 1, 0, 0
11928, 116383308, 1, 0, 0
12007, 97954052, 1, 0, 0
12146, 131171239, 1, 0, 0
12231, 121902897, 1, 0, 0
12302, 101962334, 1, 0, 0
12415, 49299485, 1, 0, 0
12531, 45706534, 1, 0, 0
12629, 38341461, 1, 0, 0
12718, 50486688, 1, 0, 0
12804, 48332197, 1, 0, 0
12914, 42440458, 1, 0, 0
13021, 44312082, 1, 0, 0
13108, 47280474, 1, 0, 0
13216, 38099410, 1, 0, 0
13325, 48913405, 1, 0, 0
13408, 41893193, 1, 0, 0
13503, 50201733, 1, 0, 0
13618, 41491562, 1, 0, 0
13710, 48344966, 1, 0, 0
13812, 50951760, 1, 0, 0
13958, 103148765, 1, 0, 0
14017, 125782254, 1, 0, 0
14163, 122403009, 1, 0, 0
14230, 102215684, 1, 0, 0
14350, 110842988, 1, 0, 0
14413, 90686794, 1, 0, 0
14508, 62785561, 1, 0, 0
14600, 48681696, 1, 0, 0
14723, 47440427, 1, 0, 0
14808, 51556329, 1, 0, 0
14900, 52218668, 1, 0, 0
15015, 43553554, 1, 0, 0
15122, 46391352, 1, 0, 0
15207, 48368652, 1, 0, 0
15317, 45008972, 1, 0, 0
15425, 45759563, 1, 0, 0
15514, 42374633, 1, 0, 0
15604, 47000221, 1, 0, 0
15723, 42427533, 1, 0, 0
15806, 47702252, 1, 0, 0
15901, 48034683, 1, 0, 0
16014, 73394585, 1, 0, 0
16143, 108118152, 1, 0, 0
16223, 118105329, 1, 0, 0
16300, 123310496, 1, 0, 0
16443, 120963281, 1, 0, 0
16501, 78202978, 1, 0, 0
16603, 45313511, 1, 0, 0
16718, 47683281, 1, 0, 0
16806, 51758970, 1, 0, 0
16918, 49177742, 1, 0, 0
17007, 50644810, 1, 0, 0
17100, 46672748, 1, 0, 0
17221, 52321831, 1, 0, 0
17301, 48638777, 1, 0, 0
17407, 42317090, 1, 0, 0
17520, 41264913, 1, 0, 0
17604, 49792441, 1, 0, 0
17720, 48410977, 1, 0, 0
17805, 40246432, 1, 0, 0
17928, 43756434, 1, 0, 0
18022, 50548796, 1, 0, 0
18103, 48641563, 1, 0, 0
18226, 54733987, 1, 0, 0
18305, 101334878, 1, 0, 0
18448, 112416927, 1, 0, 0
18518, 124857403, 1, 0, 0
18600, 119461669, 1, 0, 0
18720, 87339900, 1, 0, 0
18822, 86531460, 1, 0, 0
18922, 58540254, 1, 0, 0
19008, 40940115, 1, 0, 0
19120, 46659015, 1, 0, 0
19202, 46965630, 1, 0, 0
19323, 48594270, 1, 0, 0
19410, 45770782, 1, 0, 0
19523, 49796003, 1, 0, 0
19612, 45318235, 1, 0, 0
19726, 46190762, 1, 0, 0
19807, 40304936, 1, 0, 0
19916, 38088676, 1, 0, 0
20002, 45746697, 1, 0, 0
20102, 53055124, 1, 0, 0
20216, 51889979, 1, 0, 0
20326, 48501732, 1, 0, 0
20412, 54110695, 1, 0, 0
20553, 87064422, 1, 0, 0
20620, 132051813, 1, 0, 0
20759, 114203070, 1, 0, 0
20830, 115198754, 1, 0, 0
20927, 102133153, 1, 0, 0
21025, 85423796, 1, 0, 0
21112, 51749407, 1, 0, 0
21224, 44141214, 1, 0, 0
21302, 43743074, 1, 0, 0
21417, 46962427, 1, 0, 0
21504, 43936283, 1, 0, 0
21616, 46390569, 1, 0, 0
21703, 48060869, 1, 0, 0
21813, 47521582, 1, 0, 0
21910, 50378777, 1, 0, 0
22024, 42607368, 1, 0, 0
22110, 42854450, 1, 0, 0
22216, 44695592, 1, 0, 0
22325, 44729601, 1, 0, 0
22409, 45510157, 1, 0, 0
22548, 47288660, 1, 0, 0
22615, 84960929, 1, 0, 0
22745, 106530063, 1, 0, 0
22819, 117790034, 1, 0, 0
22901, 109119127, 1, 0, 0
23050, 113355980, 1, 0, 0
23132, 138769572, 1, 0, 0
23227, 112405757, 1, 0, 0
23306, 44569346, 1, 0, 0
23417, 44168844, 1, 0, 0
23502, 43274415, 1, 0, 0
23622, 38229959, 1, 0, 0
23711, 44345446, 1, 0, 0
23805, 40903716, 1, 0, 0
23914, 43474549, 1, 0, 0
24018, 44100665, 1, 0, 0
24102, 40801598, 1, 0, 0
24215, 43232125, 1, 0, 0
24303, 49385989, 1, 0, 0
24408, 45500683, 1, 0, 0
24522, 48466188, 1, 0, 0
24605, 43448351, 1, 0, 0
24769, 54785965, 1, 0, 0
24841, 149340459, 1, 0, 0
24911, 129951887, 1, 0, 0
25061, 107554142, 1, 0, 0
25112, 127393259, 1, 0, 0
25232, 101148776, 1, 0, 0
25326, 72981560, 1, 0, 0
25409, 46107236, 1, 0, 0
25519, 46573251, 1, 0, 0
25607, 47030016, 1, 0, 0
25703, 38448998, 1, 0, 0
25820, 44433728, 1, 0, 0
25908, 48648038, 1, 0, 0
26020, 47695926, 1, 0, 0
26105, 42177775, 1, 0, 0
26214, 43497607, 1, 0, 0
26300, 49000198, 1, 0, 0
26413, 42695309, 1, 0, 0
26525, 42794598, 1, 0, 0
26611, 37800214, 1, 0, 0
26721, 47411270, 1, 0, 0
26807, 44539498, 1, 0, 0
26945, 56094166, 1, 0, 0
27013, 107615166, 1, 0, 0
27170, 110602532, 1, 0, 0
27240, 116246745, 1, 0, 0
27313, 137364987, 1, 0, 0
27470, 128424006, 1, 0, 0
27513, 101177851, 1, 0, 0
27617, 54973039, 1, 0, 0
27720, 38537114, 1, 0, 0
27806, 48935034, 1, 0, 0
27921, 43907015, 1, 0, 0
28004, 47197835, 1, 0, 0
28121, 49265463, 1, 0, 0
28208, 44637373, 1, 0, 0
28315, 42886818, 1, 0, 0
28430, 45298201, 1, 0, 0
28528, 48219189, 1, 0, 0
28627, 40229354, 1, 0, 0
28709, 48917016, 1, 0, 0
28826, 46659142, 1, 0, 0
28916, 46617158, 1, 0, 0
29002, 45048819, 1, 0, 0
29107, 41554948, 1, 0, 0
29266, 96189219, 1, 0, 0
29337, 158135751, 1, 0, 0
29411, 124052249, 1, 0, 0
29568, 128986891, 1, 0, 0
29640, 105130011, 1, 0, 0
29702, 68423839, 1, 0, 0
29815, 68908154, 1, 0, 0
29922, 47535300, 1, 0, 0
30005, 43550691, 1, 0, 0
30113, 40248398, 1, 0, 0
30221, 45559097, 1, 0, 0
30313, 46969059, 1, 0, 0
30421, 38761720, 1, 0, 0
30504, 43863982, 1, 0, 0
30612, 48177442, 1, 0, 0
30720, 46527685, 1, 0, 0
30808, 47321188, 1, 0, 0
30922, 51530323, 1, 0, 0
31004, 48473754, 1, 0, 0
31126, 46623002, 1, 0, 0
31239, 49214324, 1, 0, 0
31331, 119244720, 1, 0, 0
31400, 119210548, 1, 0, 0
31536, 116608353, 1, 0, 0
31616, 104627585, 1, 0, 0
31767, 130508996, 1, 0, 0
31815, 137552767, 1, 0, 0
31927, 92793812, 1, 0, 0
32013, 66772537, 1, 0, 0
32122, 44704463, 1, 0, 0
32206, 45629730, 1, 0, 0
32313, 44019977, 1, 0, 0
32420, 45408082, 1, 0, 0
32509, 48976854, 1, 0, 0
32608, 45976190, 1, 0, 0
32700, 42539237, 1, 0, 0
32804, 39007766, 1, 0, 0
32914, 42249344, 1, 0, 0
33020, 43615935, 1, 0, 0
33102, 45645101, 1, 0, 0
33201, 47918631, 1, 0, 0
33353, 46201333, 1, 0, 0
33417, 63026219, 1, 0, 0
33578, 124841123, 1, 0, 0
33654, 105857834, 1, 0, 0
33714, 140207747, 1, 0, 0
33852, 108374419, 1, 0, 0
33923, 125505299, 1, 0, 0
34008, 76928793, 1, 0, 0
34104, 45460762, 1, 0, 0
34200, 46143864, 1, 0, 0
34324, 44148515, 1, 0, 0
34408, 43933248, 1, 0, 0
34517, 41695894, 1, 0, 0
34605, 45054241, 1, 0, 0
34711, 45860384, 1, 0, 0
34821, 45966560, 1, 0, 0
34903, 34462206, 1, 0, 0
35020, 42952077, 1, 0, 0
35121, 38555113, 1, 0, 0
35215, 40560994, 1, 0, 0
35313, 48648977, 1, 0, 0
35403, 48350852, 1, 0, 0
35535, 46827800, 1, 0, 0
35600, 66194536, 1, 0, 0
35735, 129197114, 1, 0, 0
35810, 99491193, 1, 0, 0
35960, 116101634, 1, 0, 0
36035, 135182469, 1, 0, 0
36106, 130402242, 1, 0, 0
36206, 118612617, 1, 0, 0
36319, 46239430, 1, 0, 0
36404, 46506112, 1, 0, 0
36519, 41269786, 1, 0, 0
36608, 49733576, 1, 0, 0
36718, 40356988, 1, 0, 0
36803, 45761948, 1, 0, 0
36917, 49204669, 1, 0, 0
37001, 48829740, 1, 0, 0
37129, 46377992, 1, 0, 0
37220, 51418284, 1, 0, 0
37325, 44623082, 1, 0, 0
37406, 47617668, 1, 0, 0
37509, 44466759, 1, 0, 0
37616, 43329558, 1, 0, 0
37704, 49503710, 1, 0, 0
37843, 80308851, 1, 0, 0
37913, 117805753, 1, 0, 0
38000, 119275542, 1, 0, 0
38142, 100743265, 1, 0, 0
38215, 131789174, 1, 0, 0
38321, 64249135, 1, 0, 0
38410, 46601066, 1, 0, 0
38521, 43812837, 1, 0, 0
38604, 47821945, 1, 0, 0
38706, 51865897, 1, 0, 0
38826, 40615492, 1, 0, 0
38917, 42626707, 1, 0, 0
39003, 47862540, 1, 0, 0
39100, 39758422, 1, 0, 0
39220, 52309531, 1, 0, 0
39300, 38558572, 1, 0, 0
39422, 44979238, 1, 0, 0
39502, 52622208, 1, 0, 0
39602, 39873114, 1, 0, 0
39719, 42183553, 1, 0, 0
39807, 42173958, 1, 0, 0
39929, 49206069, 1, 0, 0
40045, 63454785, 1, 0, 0
40118, 116629470, 1, 0, 0
40264, 119943711, 1, 0, 0
40344, 108016947, 1, 0, 0
40419, 139288234, 1, 0, 0
40528, 122240399, 1, 0, 0
40610, 43491032, 1, 0, 0
40702, 43764996, 1, 0, 0
40822, 51959851, 1, 0, 0
40900, 41988846, 1, 0, 0
41012, 42613722, 1, 0, 0
41126, 41959072, 1, 0, 0
41207, 50574691, 1, 0, 0
41314, 43420876, 1, 0, 0
41400, 44720061, 1, 0, 0
41515, 49515684, 1, 0, 0
41609, 43966797, 1, 0, 0
41711, 53564214, 1, 0, 0
41805, 42307563, 1, 0, 0
41910, 44875907, 1, 0, 0
42000, 48059115, 1, 0, 0
42110, 43463090, 1, 0, 0
42208, 44461036, 1, 0, 0
42360, 94005180, 1, 0, 0
42432, 119150650, 1, 0, 0
42504, 107570944, 1, 0, 0
42653, 122078349, 1, 0, 0
42701, 95104181, 1, 0, 0
42823, 39120915, 1, 0, 0
42912, 48195710, 1, 0, 0
43032, 49340283, 1, 0, 0
43117, 45453425, 1, 0, 0
43225, 44315455, 1, 0, 0
43306, 36781972, 1, 0, 0
43413, 41293126, 1, 0, 0
43523, 43868959, 1, 0, 0
43607, 45232989, 1, 0, 0
43722, 45783061, 1, 0, 0
43800, 49181282, 1, 0, 0
43924, 48825550, 1, 0, 0
44007, 47097261, 1, 0, 0
44122, 49748051, 1, 0, 0
44209, 47161155, 1, 0, 0
44322, 49288543, 1, 0, 0
44403, 53677135, 1, 0, 0
44558, 91633968, 1, 0, 0
44631, 126840852, 1, 0, 0
44706, 110160391, 1, 0, 0
44864, 117496138, 1, 0, 0
44902, 91476561, 1, 0, 0
45015, 53958847, 1, 0, 0
45102, 44192147, 1, 0, 0
45213, 46776835, 1, 0, 0
45317, 48325384, 1, 0, 0
45400, 40150529, 1, 0, 0
45516, 46798905, 1, 0, 0
45602, 49279522, 1, 0, 0
45710, 46796724, 1, 0, 0
45822, 45859141, 1, 0, 0
45910, 46065265, 1, 0, 0
46016, 43722106, 1, 0, 0
46100, 45128693, 1, 0, 0
46215, 45585504, 1, 0, 0
46324, 42585171, 1, 0, 0
46412, 43466133, 1, 0, 0
46516, 42286598, 1, 0, 0
46653, 57168620, 1, 0, 0
46731, 104612181, 1, 0, 0
46804, 110393564, 1, 0, 0
46970, 130876190, 1, 0, 0
47045, 135506061, 1, 0, 0
47119, 132354840, 1, 0, 0
47203, 81056018, 1, 0, 0
47315, 47477346, 1, 0, 0
47427, 41160196, 1, 0, 0
47509, 41460525, 1, 0, 0
47621, 43081526, 1, 0, 0
47729, 49106372, 1, 0, 0
47809, 40601815, 1, 0, 0
47916, 44478463, 1, 0, 0
48018, 40031437, 1, 0, 0
48123, 40049481, 1, 0, 0
48211, 43717210, 1, 0, 0
48327, 45762996, 1, 0, 0
48409, 45022480, 1, 0, 0
48523, 40008779, 1, 0, 0
48609, 48936411, 1, 0, 0
48711, 46410357, 1, 0, 0
48811, 44462971, 1, 0, 0
48928, 82367246, 1, 0, 0
49001, 107584300, 1, 0, 0
49115, 130038723, 1, 0, 0
49274, 129877681, 1, 0, 0
49347, 109908036, 1, 0, 0
49417, 142023447, 1, 0, 0
49507, 72800963, 1, 0, 0
49618, 49113614, 1, 0, 0
49704, 48032301, 1, 0, 0
49817, 48670201, 1, 0, 0
49909, 50643518, 1, 0, 0
50006, 60111903, 1, 0, 0
50128, 44450243, 1, 0, 0
50215, 57755693, 1, 0, 0
50300, 43289296, 1, 0, 0
50407, 45808635, 1, 0, 0
50519, 46363806, 1, 0, 0
50603, 43417318, 1, 0, 0
50708, 44070746, 1, 0, 0
50823, 48856910, 1, 0, 0
50908, 43613714, 1, 0, 0
51030, 44590337, 1, 0, 0
51153, 84037176, 1, 0, 0
51208, 114701711, 1, 0, 0
51345, 115700716, 1, 0, 0
51416, 65175068, 1, 0, 0
51534, 126088923, 1, 0, 0
51661, 95784588, 1, 0, 0
51723, 86294124, 1, 0, 0
51804, 46697273, 1, 0, 0
51920, 48860733, 1, 0, 0
52001, 42108880, 1, 0, 0
52109, 45493210, 1, 0, 0
52220, 48067493, 1, 0, 0
52304, 43024352, 1, 0, 0
52414, 42369360, 1, 0, 0
52528, 47568425, 1, 0, 0
52618, 48816359, 1, 0, 0
52702, 46997191, 1, 0, 0
52826, 53658212, 1, 0, 0
52917, 46440694, 1, 0, 0
53001, 49966939, 1, 0, 0
53112, 46386719, 1, 0, 0
53234, 42596115, 1, 0, 0
53377, 74960580, 1, 0, 0
53444, 134584622, 1, 0, 0
53515, 67835478, 1, 0, 0
53665, 128253898, 1, 0, 0
53723, 120819641, 1, 0, 0
53825, 98982361, 1, 0, 0
53917, 83509301, 1, 0, 0
54007, 48162720, 1, 0, 0
54122, 47021645, 1, 0, 0
54201, 46408090, 1, 0, 0
54322, 43810287, 1, 0, 0
54405, 49869383, 1, 0, 0
54519, 40658666, 1, 0, 0
54606, 48133136, 1, 0, 0
54718, 47290841, 1, 0, 0
54832, 41984544, 1, 0, 0
54916, 49355024, 1, 0, 0
55025, 39462154, 1, 0, 0
55118, 48319110, 1, 0, 0
55205, 50083560, 1, 0, 0
55301, 39841336, 1, 0, 0
55425, 51458171, 1, 0, 0
55568, 70534208, 1, 0, 0
55640, 113698266, 1, 0, 0
55717, 97078835, 1, 0, 0
55881, 135437526, 1, 0, 0
55958, 151444871, 1, 0, 0
56011, 87049118, 1, 0, 0
56125, 42982427, 1, 0, 0
56211, 47314298, 1, 0, 0
56320, 48105216, 1, 0, 0
56403, 40883517, 1, 0, 0
56512, 43086861, 1, 0, 0
56624, 46890539, 1, 0, 0
56709, 47852349, 1, 0, 0
56823, 44851336, 1, 0, 0
56905, 48849814, 1, 0, 0
57000, 49761465, 1, 0, 0
57106, 40998726, 1, 0, 0
57213, 44364104, 1, 0, 0
57307, 49615999, 1, 0, 0
57401, 47932520, 1, 0, 0
57506, 44216597, 1, 0, 0
57619, 42316915, 1, 0, 0
57750, 53827843, 1, 0, 0
57826, 117229735, 1, 0, 0
57900, 112294222, 1, 0, 0
58061, 131515974, 1, 0, 0
58139, 118364861, 1, 0, 0
58200, 87848200, 1, 0, 0
58308, 43474288, 1, 0, 0
58417, 40068487, 1, 0, 0
58501, 49098622, 1, 0, 0
58613, 46745640, 1, 0, 0
58723, 47440906, 1, 0, 0
58802, 48167510, 1, 0, 0
58905, 51634873, 1, 0, 0
59018, 37672845, 1, 0, 0
59100, 39396687, 1, 0, 0
59201, 45656108, 1, 0, 0
59322, 52774054, 1, 0, 0
59421, 45729881, 1, 0, 0
59500, 44305362, 1, 0, 0
59609, 43862931, 1, 0, 0
59719, 44947141, 1, 0, 0
59806, 46468960, 1, 0, 0
59936, 66082843, 1, 0, 0
60029, 124086371, 1, 0, 0
60104, 130452840, 1, 0, 0
60259, 136644449, 1, 0, 0
60335, 143008850, 1, 0, 0
60420, 107409043, 1, 0, 0
60500, 47726407, 1, 0, 0
60617, 46160199, 1, 0, 0
60704, 38864496, 1, 0, 0
60815, 49671448, 1, 0, 0
60910, 51267079, 1, 0, 0
61021, 48473056, 1, 0, 0
61101, 34669910, 1, 0, 0
61202, 43323611, 1, 0, 0
61314, 44262166, 1, 0, 0
61400, 45929935, 1, 0, 0
61513, 46778927, 1, 0, 0
61626, 42111948, 1, 0, 0
61713, 45794896, 1, 0, 0
61824, 47161768, 1, 0, 0
61905, 38929912, 1, 0, 0
62150, 61916497, 1, 0, 0
62234, 195146405, 1, 0, 0
62324, 129616605, 1, 0, 0
62489, 127262742, 1, 0, 0
62519, 148629375, 1, 0, 0
62605, 43982177, 1, 0, 0
62716, 47541538, 1, 0, 0
62801, 45571453, 1, 0, 0
62909, 42421436, 1, 0, 0
63029, 46937372, 1, 0, 0
63112, 50556590, 1, 0, 0
63222, 47812732, 1, 0, 0
63326, 43321870, 1, 0, 0
63412, 40751743, 1, 0, 0
63501, 51991833, 1, 0, 0
63613, 47167815, 1, 0, 0
63701, 49112442, 1, 0, 0
63801, 56276789, 1, 0, 0
63915, 46325835, 1, 0, 0
64000, 49141910, 1, 0, 0
64107, 47941817, 1, 0, 0
64210, 39694235, 1, 0, 0
64308, 38195878, 1, 0, 0
64445, 85750235, 1, 0, 0
64519, 116983135, 1, 0, 0
64679, 134093388, 1, 0, 0
64750, 118750015, 1, 0, 0
64824, 154639663, 1, 0, 0
64914, 79650330, 1, 0, 0
65012, 50728951, 1, 0, 0
65126, 38564877, 1, 0, 0
65200, 39845473, 1, 0, 0
65301, 40018087, 1, 0, 0
65404, 37416144, 1, 0, 0
65507, 38514649, 1, 0, 0
65616, 43760016, 1, 0, 0
65727, 35697870, 1, 0, 0
65807, 42555850, 1, 0, 0
65917, 40321464, 1, 0, 0
66022, 44258803, 1, 0, 0
66108, 46144360, 1, 0, 0
66217, 43114138, 1, 0, 0
66304, 35787344, 1, 0, 0
66400, 48744045, 1, 0, 0
66533, 49242554, 1, 0, 0
66607, 49663797, 1, 0, 0
66769, 123063883, 1, 0, 0
66846, 143035779, 1, 0, 0
66922, 127771106, 1, 0, 0
67012, 122666383, 1, 0, 0
67100, 48733187, 1, 0, 0
67206, 47169523, 1, 0, 0
67320, 39638808, 1, 0, 0
67401, 50016647, 1, 0, 0
67512, 46179431, 1, 0, 0
67602, 49182722, 1, 0, 0
67712, 39848864, 1, 0, 0
67801, 42248317, 1, 0, 0
67907, 41732168, 1, 0, 0
68005, 50998729, 1, 0, 0
68112, 43397224, 1, 0, 0
68214, 48070821, 1, 0, 0
68311, 40508890, 1, 0, 0
68409, 41200596, 1, 0, 0
68522, 47357939, 1, 0, 0
68610, 45271298, 1, 0, 0
68743, 45737470, 1, 0, 0
68864, 83215379, 1, 0, 0
68936, 112157713, 1, 0, 0
69015, 128590142, 1, 0, 0
69168, 106544879, 1, 0, 0
69219, 83390588, 1, 0, 0
69307, 57240802, 1, 0, 0
69416, 47350144, 1, 0, 0
69522, 41476445, 1, 0, 0
69609, 41409889, 1, 0, 0
69724, 43616549, 1, 0, 0
69824, 48552432, 1, 0, 0
69915, 48553840, 1, 0, 0
70034, 41372926, 1, 0, 0
70128, 55277785, 1, 0, 0
70210, 51889121, 1, 0, 0
70319, 43612359, 1, 0, 0
70402, 42589654, 1, 0, 0
70515, 46756724, 1, 0, 0
70625, 43687115, 1, 0, 0
70705, 42674541, 1, 0, 0
70813, 44176248, 1, 0, 0
70901, 42335169, 1, 0, 0
71022, 47623471, 1, 0, 0
71161, 84140155, 1, 0, 0
71235, 126858654, 1, 0, 0
71367, 117339870, 1, 0, 0
71444, 114867197, 1, 0, 0
71515, 121503895, 1, 0, 0
71608, 78358578, 1, 0, 0
71717, 43593134, 1, 0, 0
71802, 49655911, 1, 0, 0
71917, 42784760, 1, 0, 0
72010, 52833698, 1, 0, 0
72121, 39511931, 1, 0, 0
72211, 49716624, 1, 0, 0
72314, 37171688, 1, 0, 0
72400, 45230779, 1, 0, 0
72513, 40067140, 1, 0, 0
72619, 43438723, 1, 0, 0
72701, 43483912, 1, 0, 0
72815, 49065160, 1, 0, 0
72900, 43707801, 1, 0, 0
73046, 41029807, 1, 0, 0
73102, 67339380, 1, 0, 0
73246, 89020312, 1, 0, 0
73317, 126194592, 1, 0, 0
73461, 110930195, 1, 0, 0
73533, 76184665, 1, 0, 0
73607, 83899252, 1, 0, 0
73700, 37947037, 1, 0, 0
73815, 42539964, 1, 0, 0
73916, 47487428, 1, 0, 0
74024, 42888276, 1, 0, 0
74104, 46465997, 1, 0, 0
74214, 47407028, 1, 0, 0
74320, 39670046, 1, 0, 0
74403, 45722183, 1, 0, 0
74519, 47145495, 1, 0, 0
74608, 39300811, 1, 0, 0
74701, 36253613, 1, 0, 0
74808, 44072010, 1, 0, 0
74919, 43125323, 1, 0, 0
75003, 46792251, 1, 0, 0
75119, 47553135, 1, 0, 0
75205, 46657378, 1, 0, 0
75307, 52789082, 1, 0, 0
75455, 110766343, 1, 0, 0
75543, 102738199, 1, 0, 0
75621, 150040426, 1, 0, 0
75761, 136349380, 1, 0, 0
75817, 75115864, 1, 0, 0
75902, 44713820, 1, 0, 0
76010, 44964445, 1, 0, 0
76102, 45784142, 1, 0, 0
76215, 44305321, 1, 0, 0
76310, 44237833, 1, 0, 0
76422, 39744460, 1, 0, 0
76511, 45819121, 1, 0, 0
76621, 49282620, 1, 0, 0
76709, 47721812, 1, 0, 0
76820, 48610386, 1, 0, 0
76922, 41819556, 1, 0, 0
77004, 39083392, 1, 0, 0
77119, 44131309, 1, 0, 0
77201, 43604466, 1, 0, 0
77310, 43418206, 1, 0, 0
77425, 47900263, 1, 0, 0
77520, 62217465, 1, 0, 0
77652, 94408671, 1, 0, 0
77743, 127218523, 1, 0, 0
77816, 112256276, 1, 0, 0
77974, 140134920, 1, 0, 0
78004, 105228907, 1, 0, 0
78119, 57752633, 1, 0, 0
78227, 46463037, 1, 0, 0
78329, 41770128, 1, 0, 0
78419, 39351110, 1, 0, 0
78502, 45166170, 1, 0, 0
78608, 43970013, 1, 0, 0
78725, 46648914, 1, 0, 0
78810, 51516849, 1, 0, 0
78921, 35937324, 1, 0, 0
79005, 43756549, 1, 0, 0
79117, 47479150, 1, 0, 0
79202, 44199369, 1, 0, 0
79312, 47912791, 1, 0, 0
79417, 42973757, 1, 0, 0
79505, 40719672, 1, 0, 0
79616, 46321520, 1, 0, 0
79753, 41614059, 1, 0, 0
79840, 114948874, 1, 0, 0
79917, 124987525, 1, 0, 0
80000, 151119672, 1, 0, 0
80150, 123941143, 1, 0, 0
80219, 80386607, 1, 0, 0
80307, 45769499, 1, 0, 0
80402, 47826844, 1, 0, 0
80510, 42043330, 1, 0, 0
80617, 43385944, 1, 0, 0
80719, 46115770, 1, 0, 0
80806, 44095237, 1, 0, 0
80913, 41465043, 1, 0, 0
81007, 53331161, 1, 0, 0
81119, 43984027, 1, 0, 0
81209, 48689155, 1, 0, 0
81320, 48968471, 1, 0, 0
81404, 42701757, 1, 0, 0
81529, 42991229, 1, 0, 0
81613, 53404031, 1, 0, 0
81721, 47530730, 1, 0, 0
81827, 47131698, 1, 0, 0
81945, 59727094, 1, 0, 0
82023, 57458904, 1, 0, 0
82183, 119539627, 1, 0, 0
82259, 130047384, 1, 0, 0
82336, 137581088, 1, 0, 0
82406, 136255764, 1, 0, 0
82509, 59842769, 1, 0, 0
82607, 43115894, 1, 0, 0
82728, 42282086, 1, 0, 0
82821, 48451408, 1, 0, 0
82913, 49797775, 1, 0, 0
83000, 50217464, 1, 0, 0
83114, 35420047, 1, 0, 0
83219, 46720141, 1, 0, 0
83300, 46109823, 1, 0, 0
83413, 49925849, 1, 0, 0
83512, 47496134, 1, 0, 0
83610, 45944353, 1, 0, 0
83718, 37244955, 1, 0, 0
83804, 49744503, 1, 0, 0
83900, 42043109, 1, 0, 0
84018, 49145654, 1, 0, 0
84109, 40990999, 1, 0, 0
84235, 65234182, 1, 0, 0
84325, 117969975, 1, 0, 0
84402, 129173924, 1, 0, 0
84554, 119922115, 1, 0, 0
84629, 112203299, 1, 0, 0
84700, 90353983, 1, 0, 0
84809, 46463318, 1, 0, 0
84900, 44735534, 1, 0, 0
85012, 45267416, 1, 0, 0
85103, 48846979, 1, 0, 0
85214, 45818306, 1, 0, 0
85302, 40230014, 1, 0, 0
85413, 44539989, 1, 0, 0
85522, 43835991, 1, 0, 0
85600, 40775783, 1, 0, 0
85706, 45027248, 1, 0, 0
85817, 40461247, 1, 0, 0
85903, 45291965, 1, 0, 0
86016, 40581733, 1, 0, 0
86123, 46217216, 1, 0, 0
86200, 45387373, 1, 0, 0
86303, 41880726, 1, 0, 0
86481, 65341636, 1, 0, 0
86557, 114647205, 1, 0, 0
86630, 126133720, 1, 0, 0
86714, 131977153, 1, 0, 0
86871, 132041812, 1, 0, 0
86937, 110078428, 1, 0, 0
87012, 48664513, 1, 0, 0
87102, 45269178, 1, 0, 0
87200, 43790281, 1, 0, 0
87304, 46897008, 1, 0, 0
87445, 70852741, 1, 0, 0
87526, 143464957, 1, 0, 0
87604, 68244199, 1, 0, 0
87717, 46770156, 1, 0, 0
87802, 44782934, 1, 0, 0
87915, 50072943, 1, 0, 0
88014, 39497131, 1, 0, 0
88115, 46370104, 1, 0, 0
88225, 42908929, 1, 0, 0
88322, 42273577, 1, 0, 0
88406, 51508243, 1, 0, 0
88507, 41738340, 1, 0, 0
88601, 39038272, 1, 0, 0
88737, 48500810, 1, 0, 0
88861, 71550722, 1, 0, 0
88948, 131938425, 1, 0, 0
89023, 144437488, 1, 0, 0
89170, 102178356, 1, 0, 0
89237, 130596638, 1, 0, 0
89316, 66016156, 1, 0, 0
89422, 43940686, 1, 0, 0
89504, 35154021, 1, 0, 0
89627, 45658849, 1, 0, 0
89713, 49862157, 1, 0, 0
89805, 37343376, 1, 0, 0
89900, 57645214, 1, 0, 0
90011, 38074420, 1, 0, 0
90038, 71816737, 1, 0, 0
