114, 43832963, 1, 0, 0
220, 48952366, 1, 0, 0
307, 50367492, 1, 0, 0
423, 44120019, 1, 0, 0
521, 35820894, 1, 0, 0
607, 50360508, 1, 0, 0
755, 94513590, 1, 0, 0
824, 123590895, 1, 0, 0
970, 110789226, 1, 0, 0
1044, 135895606, 1, 0, 0
1128, 106555293, 1, 0, 0
1220, 104042696, 1, 0, 0
1305, 97447677, 1, 0, 0
1416, 49332017, 1, 0, 0
1502, 48141136, 1, 0, 0
1610, 44632026, 1, 0, 0
1725, 43324409, 1, 0, 0
1804, 40721453, 1, 0, 0
1921, 47015900, 1, 0, 0
2003, 49618517, 1, 0, 0
2113, 48741070, 1, 0, 0
2223, 47273983, 1, 0, 0
2313, 47682437, 1, 0, 0
2401, 41780791, 1, 0, 0
2520, 44271947, 1, 0, 0
2612, 37989248, 1, 0, 0
2708, 43323982, 1, 0, 0
2845, 86151356, 1, 0, 0
2915, 122219484, 1, 0, 0
3000, 124171564, 1, 0, 0
3141, 130868179, 1, 0, 0
3221, 115419111, 1, 0, 0
3370, 135446024, 1, 0, 0
3424, 130074922, 1, 0, 0
3509, 71553667, 1, 0, 0
3622, 44736009, 1, 0, 0
3723, 40008422, 1, 0, 0
3832, 42140142, 1, 0, 0
3907, 42225246, 1, 0, 0
4019, 47401215, 1, 0, 0
4100, 47166612, 1, 0, 0
4209, 46598248, 1, 0, 0
4322, 47915863, 1, 0, 0
4405, 41180863, 1, 0, 0
4514, 48198268, 1, 0, 0
4623, 47149401, 1, 0, 0
4703, 46012414, 1, 0, 0
4827, 44270772, 1, 0, 0
4940, 80972127, 1, 0, 0
5057, 67890319, 1, 0, 0
5112, 102243483, 1, 0, 0
5231, 65304386, 1, 0, 0
5320, 50208472, 1, 0, 0
5418, 51210206, 1, 0, 0
5500, 48140225, 1, 0, 0
5610, 47014530, 1, 0, 0
5728, 45432634, 1, 0, 0
5815, 48025150, 1, 0, 0
5924, 46047003, 1, 0, 0
6003, 43591634, 1, 0, 0
6114, 48572951, 1, 0, 0
6200, 42034347, 1, 0, 0
6304, 50859017, 1, 0, 0
6422, 51001603, 1, 0, 0
6515, 53804415, 1, 0, 0
6622, 43910527, 1, 0, 0
6724, 40946523, 1, 0, 0
6825, 42425009, 1, 0, 0
6909, 49232819, 1, 0, 0
7020, 44101874, 1, 0, 0
7109, 50010406, 1, 0, 0
7227, 53362932, 1, 0, 0
7378, 89934159, 1, 0, 0
7450, 158042861, 1, 0, 0
7522, 136586597, 1, 0, 0
7600, 97392073, 1, 0, 0
7751, 134405941, 1, 0, 0
7841, 131840309, 1, 0, 0
7918, 79814684, 1, 0, 0
8004, 45849876, 1, 0, 0
8109, 43414881, 1, 0, 0
8200, 53417113, 1, 0, 0
8312, 39156573, 1, 0, 0
8414, 45980639, 1, 0, 0
8507, 48427396, 1, 0, 0
8613, 39056971, 1, 0, 0
8700, 42506074, 1, 0, 0
8825, 39616690, 1, 0, 0
8919, 42017684, 1, 0, 0
9016, 52879247, 1, 0, 0
9101, 47282818, 1, 0, 0
9211, 46989698, 1, 0, 0
9322, 46800639, 1, 0, 0
9408, 56450124, 1, 0, 0
9539, 97311536, 1, 0, 0
9610, 109305813, 1, 0, 0
9754, 112641340, 1, 0, 0
9829, 117266284, 1, 0, 0
9902, 130980799, 1, 0, 0
10021, 117640611, 1, 0, 0
10108, 73714190, 1, 0, 0
10222, 41327341, 1, 0, 0
10306, 45353762, 1, 0, 0
10408, 51720459, 1, 0, 0
10514, 45159889, 1, 0, 0
10615, 42715276, 1, 0, 0
10723, 42999841, 1, 0, 0
10805, 47189751, 1, 0, 0
10917, 48415494, 1, 0, 0
11014, 38615225, 1, 0, 0
11106, 53242505, 1, 0, 0
11225, 47694247, 1, 0, 0
11312, 46011941, 1, 0, 0
11417, 43821122, 1, 0, 0
11525, 41906996, 1, 0, 0
11629, 54891111, 1, 0, 0
11781, 68576167, 1, 0, 0
11856, 158322567, 1, 0, 0
11928, 137319812, 1, 0, 0
12007, 110607841, 1, 0, 0
12146, 101817550, 1, 0, 0
12231, 114340526, 1, 0, 0
12302, 117584046, 1, 0, 0
12415, 52474877, 1, 0, 0
12500, 41051108, 1, 0, 0
12629, 53392356, 1, 0, 0
12718, 53518767, 1, 0, 0
12804, 50681214, 1, 0, 0
12914, 41484863, 1, 0, 0
13021, 47614431, 1, 0, 0
13108, 45354457, 1, 0, 0
13217, 40090393, 1, 0, 0
13326, 45437744, 1, 0, 0
13408, 49588762, 1, 0, 0
13532, 48356448, 1, 0, 0
13618, 50942777, 1, 0, 0
13710, 46305014, 1, 0, 0
13841, 71696356, 1, 0, 0
13914, 119401066, 1, 0, 0
14053, 122394200, 1, 0, 0
14121, 109424523, 1, 0, 0
14261, 105726128, 1, 0, 0
14317, 112914087, 1, 0, 0
14438, 101819495, 1, 0, 0
14508, 95185785, 1, 0, 0
14600, 53915994, 1, 0, 0
14700, 44855608, 1, 0, 0
14801, 38400767, 1, 0, 0
14918, 51137996, 1, 0, 0
15015, 48825857, 1, 0, 0
15123, 42369166, 1, 0, 0
15207, 43194520, 1, 0, 0
15317, 44358553, 1, 0, 0
15425, 46951567, 1, 0, 0
15514, 44548279, 1, 0, 0
15612, 43813815, 1, 0, 0
15724, 47302416, 1, 0, 0
15804, 42600835, 1, 0, 0
15901, 37989059, 1, 0, 0
16039, 67432346, 1, 0, 0
16110, 83839961, 1, 0, 0
16256, 123775863, 1, 0, 0
16332, 129374486, 1, 0, 0
16415, 119873053, 1, 0, 0
16501, 111085649, 1, 0, 0
16603, 46887736, 1, 0, 0
16719, 43536864, 1, 0, 0
16806, 51024709, 1, 0, 0
16919, 45207293, 1, 0, 0
17007, 42538250, 1, 0, 0
17101, 43796410, 1, 0, 0
17220, 48692362, 1, 0, 0
17300, 47450050, 1, 0, 0
17407, 37654562, 1, 0, 0
17521, 46906204, 1, 0, 0
17605, 43914220, 1, 0, 0
17721, 48491045, 1, 0, 0
17805, 47904867, 1, 0, 0
17928, 50451353, 1, 0, 0
18013, 52658847, 1, 0, 0
18103, 39253099, 1, 0, 0
18227, 50123484, 1, 0, 0
18306, 95242886, 1, 0, 0
18448, 123395866, 1, 0, 0
18518, 119308232, 1, 0, 0
18666, 125283994, 1, 0, 0
18720, 126494544, 1, 0, 0
18822, 95476381, 1, 0, 0
18922, 60454882, 1, 0, 0
19008, 52988235, 1, 0, 0
19120, 46842216, 1, 0, 0
19202, 37924170, 1, 0, 0
19322, 51654906, 1, 0, 0
19410, 41764778, 1, 0, 0
19523, 48260004, 1, 0, 0
19612, 42075057, 1, 0, 0
19740, 46087496, 1, 0, 0
19807, 48189409, 1, 0, 0
19918, 50700661, 1, 0, 0
20003, 49050101, 1, 0, 0
20103, 46448591, 1, 0, 0
20217, 45537124, 1, 0, 0
20326, 42513713, 1, 0, 0
20412, 54020849, 1, 0, 0
20553, 78435068, 1, 0, 0
20620, 131323284, 1, 0, 0
20759, 122608603, 1, 0, 0
20830, 103800819, 1, 0, 0
20927, 103838217, 1, 0, 0
21025, 97420681, 1, 0, 0
21112, 53816140, 1, 0, 0
21224, 48585126, 1, 0, 0
21302, 46311947, 1, 0, 0
21419, 40411087, 1, 0, 0
21504, 53067470, 1, 0, 0
21615, 43105980, 1, 0, 0
21703, 41889944, 1, 0, 0
21813, 48819707, 1, 0, 0
21910, 52294610, 1, 0, 0
22025, 51273488, 1, 0, 0
22111, 42022156, 1, 0, 0
22216, 40045820, 1, 0, 0
22325, 37153884, 1, 0, 0
22410, 48469697, 1, 0, 0
22549, 46682552, 1, 0, 0
22615, 84901779, 1, 0, 0
22746, 107817413, 1, 0, 0
22820, 113634509, 1, 0, 0
22901, 109443603, 1, 0, 0
23050, 138455342, 1, 0, 0
23132, 100010536, 1, 0, 0
23227, 122418377, 1, 0, 0
23306, 54162254, 1, 0, 0
23417, 43901265, 1, 0, 0
23503, 37387225, 1, 0, 0
23623, 40254402, 1, 0, 0
23711, 55104111, 1, 0, 0
23805, 48067378, 1, 0, 0
23914, 43240227, 1, 0, 0
24019, 45458767, 1, 0, 0
24102, 39931242, 1, 0, 0
24215, 47511236, 1, 0, 0
24303, 44514857, 1, 0, 0
24408, 45623041, 1, 0, 0
24523, 46437076, 1, 0, 0
24606, 41902628, 1, 0, 0
24769, 61859905, 1, 0, 0
24841, 111258308, 1, 0, 0
24912, 132337189, 1, 0, 0
25061, 132749633, 1, 0, 0
25113, 110892454, 1, 0, 0
25233, 77555271, 1, 0, 0
25326, 72453905, 1, 0, 0
25409, 49887201, 1, 0, 0
25518, 44859229, 1, 0, 0
25614, 53852325, 1, 0, 0
25703, 46615116, 1, 0, 0
25820, 50795233, 1, 0, 0
25908, 45870619, 1, 0, 0
26021, 44381096, 1, 0, 0
26105, 41760968, 1, 0, 0
26214, 48185417, 1, 0, 0
26300, 45787871, 1, 0, 0
26403, 39131570, 1, 0, 0
26525, 52797762, 1, 0, 0
26611, 48910223, 1, 0, 0
26722, 48051705, 1, 0, 0
26808, 45918234, 1, 0, 0
26945, 48118777, 1, 0, 0
27013, 70765067, 1, 0, 0
27170, 128073989, 1, 0, 0
27241, 100015016, 1, 0, 0
27314, 134689852, 1, 0, 0
27471, 104236712, 1, 0, 0
27513, 132131066, 1, 0, 0
27625, 52587628, 1, 0, 0
27721, 56098790, 1, 0, 0
27806, 50276701, 1, 0, 0
27921, 45309729, 1, 0, 0
28005, 41628219, 1, 0, 0
28121, 50357798, 1, 0, 0
28208, 44513566, 1, 0, 0
28316, 45045578, 1, 0, 0
28430, 46934318, 1, 0, 0
28509, 50417334, 1, 0, 0
28628, 42874449, 1, 0, 0
28709, 48814887, 1, 0, 0
28826, 46620826, 1, 0, 0
28916, 53298873, 1, 0, 0
29002, 43776680, 1, 0, 0
29107, 61125691, 1, 0, 0
29267, 103001492, 1, 0, 0
29337, 143958913, 1, 0, 0
29411, 114221141, 1, 0, 0
29569, 133873245, 1, 0, 0
29640, 132539563, 1, 0, 0
29703, 80563362, 1, 0, 0
29815, 60771218, 1, 0, 0
29922, 45998890, 1, 0, 0
30006, 40816081, 1, 0, 0
30114, 42573315, 1, 0, 0
30222, 39955551, 1, 0, 0
30306, 44074490, 1, 0, 0
30421, 51106547, 1, 0, 0
30504, 44250851, 1, 0, 0
30613, 45835342, 1, 0, 0
30720, 46440215, 1, 0, 0
30808, 43321263, 1, 0, 0
30922, 47789828, 1, 0, 0
31019, 45635774, 1, 0, 0
31127, 47057639, 1, 0, 0
31260, 49155690, 1, 0, 0
31330, 101270297, 1, 0, 0
31400, 103761702, 1, 0, 0
31536, 117625185, 1, 0, 0
31616, 125777583, 1, 0, 0
31766, 133102912, 1, 0, 0
31815, 103748503, 1, 0, 0
31928, 78021615, 1, 0, 0
32014, 67426833, 1, 0, 0
32122, 48017135, 1, 0, 0
32206, 42348618, 1, 0, 0
32313, 45348953, 1, 0, 0
32420, 44132722, 1, 0, 0
32511, 41486456, 1, 0, 0
32600, 43253602, 1, 0, 0
32721, 37805735, 1, 0, 0
32804, 35761499, 1, 0, 0
32926, 46062269, 1, 0, 0
33021, 48378466, 1, 0, 0
33103, 46422586, 1, 0, 0
33202, 51100996, 1, 0, 0
33354, 51402007, 1, 0, 0
33417, 82198872, 1, 0, 0
33578, 116356422, 1, 0, 0
33655, 102794584, 1, 0, 0
33714, 131650216, 1, 0, 0
33852, 123505720, 1, 0, 0
33923, 117014477, 1, 0, 0
34008, 81470867, 1, 0, 0
34105, 47670640, 1, 0, 0
34207, 47640698, 1, 0, 0
34324, 39327816, 1, 0, 0
34408, 47739702, 1, 0, 0
34518, 45713213, 1, 0, 0
34607, 49315148, 1, 0, 0
34712, 45315061, 1, 0, 0
34821, 44231290, 1, 0, 0
34913, 47437408, 1, 0, 0
35020, 44502403, 1, 0, 0
35132, 51279380, 1, 0, 0
35215, 55929594, 1, 0, 0
35313, 51105840, 1, 0, 0
35403, 52777311, 1, 0, 0
35536, 40936372, 1, 0, 0
35600, 78292709, 1, 0, 0
35735, 106854067, 1, 0, 0
35811, 80626062, 1, 0, 0
35960, 122635753, 1, 0, 0
36035, 120575850, 1, 0, 0
36107, 94371258, 1, 0, 0
36206, 111560832, 1, 0, 0
36319, 46577935, 1, 0, 0
36404, 46980116, 1, 0, 0
36519, 49516223, 1, 0, 0
36608, 50696497, 1, 0, 0
36719, 43917526, 1, 0, 0
36803, 41288879, 1, 0, 0
36918, 47451036, 1, 0, 0
37002, 52886405, 1, 0, 0
37102, 50200714, 1, 0, 0
37219, 33657425, 1, 0, 0
37325, 44297374, 1, 0, 0
37406, 39556222, 1, 0, 0
37509, 42380423, 1, 0, 0
37616, 42838837, 1, 0, 0
37704, 45902865, 1, 0, 0
37844, 70469784, 1, 0, 0
37913, 72628799, 1, 0, 0
38072, 133846060, 1, 0, 0
38142, 138014332, 1, 0, 0
38215, 113958614, 1, 0, 0
38322, 78389215, 1, 0, 0
38410, 40812580, 1, 0, 0
38522, 47798906, 1, 0, 0
38604, 41734024, 1, 0, 0
38717, 49969300, 1, 0, 0
38826, 43813937, 1, 0, 0
38917, 40591086, 1, 0, 0
39003, 46194457, 1, 0, 0
39100, 40204573, 1, 0, 0
39221, 44219857, 1, 0, 0
39300, 47766156, 1, 0, 0
39422, 46239153, 1, 0, 0
39502, 41092465, 1, 0, 0
39602, 41883621, 1, 0, 0
39720, 47600383, 1, 0, 0
39806, 50342681, 1, 0, 0
39930, 44840534, 1, 0, 0
40046, 66582001, 1, 0, 0
40117, 106574165, 1, 0, 0
40265, 124155679, 1, 0, 0
40344, 86754023, 1, 0, 0
40420, 136357964, 1, 0, 0
40528, 131279604, 1, 0, 0
40609, 44463261, 1, 0, 0
40703, 51494413, 1, 0, 0
40822, 44169285, 1, 0, 0
40900, 50054700, 1, 0, 0
41013, 44382248, 1, 0, 0
41126, 40807208, 1, 0, 0
41207, 48685315, 1, 0, 0
41315, 46057914, 1, 0, 0
41400, 45431326, 1, 0, 0
41515, 49192968, 1, 0, 0
41610, 48635182, 1, 0, 0
41721, 55029596, 1, 0, 0
41806, 42256087, 1, 0, 0
41911, 39217723, 1, 0, 0
42000, 35368991, 1, 0, 0
42112, 36917675, 1, 0, 0
42209, 78573126, 1, 0, 0
42360, 84248165, 1, 0, 0
42432, 129385594, 1, 0, 0
42505, 134708398, 1, 0, 0
42653, 116968992, 1, 0, 0
42711, 80347431, 1, 0, 0
42823, 47225010, 1, 0, 0
42912, 47571262, 1, 0, 0
43024, 50776348, 1, 0, 0
43117, 40303481, 1, 0, 0
43225, 48162496, 1, 0, 0
43306, 46768460, 1, 0, 0
43414, 43122259, 1, 0, 0
43523, 36154070, 1, 0, 0
43607, 48637190, 1, 0, 0
43720, 45406293, 1, 0, 0
43801, 39369370, 1, 0, 0
43924, 48632056, 1, 0, 0
44007, 47797206, 1, 0, 0
44122, 46616645, 1, 0, 0
44210, 45684826, 1, 0, 0
44322, 49392066, 1, 0, 0
44404, 53721071, 1, 0, 0
44558, 99217970, 1, 0, 0
44631, 111646363, 1, 0, 0
44706, 129171743, 1, 0, 0
44864, 131508960, 1, 0, 0
44902, 124636138, 1, 0, 0
45015, 59300188, 1, 0, 0
45102, 43287739, 1, 0, 0
45213, 47037413, 1, 0, 0
45318, 43122106, 1, 0, 0
45405, 45294649, 1, 0, 0
45516, 46970388, 1, 0, 0
45602, 45165846, 1, 0, 0
45711, 39994445, 1, 0, 0
45823, 49290953, 1, 0, 0
45911, 47458413, 1, 0, 0
46017, 50112165, 1, 0, 0
46101, 39610367, 1, 0, 0
46215, 44480882, 1, 0, 0
46324, 38618943, 1, 0, 0
46412, 51195138, 1, 0, 0
46517, 38503580, 1, 0, 0
46653, 54011655, 1, 0, 0
46731, 115678651, 1, 0, 0
46804, 126279118, 1, 0, 0
46970, 136955737, 1, 0, 0
47046, 131591948, 1, 0, 0
47119, 126204984, 1, 0, 0
47204, 71682008, 1, 0, 0
47316, 39361316, 1, 0, 0
47427, 47375626, 1, 0, 0
47509, 41861378, 1, 0, 0
47621, 47665744, 1, 0, 0
47707, 53328833, 1, 0, 0
47810, 41345140, 1, 0, 0
47916, 40593694, 1, 0, 0
48017, 54981119, 1, 0, 0
48123, 41019445, 1, 0, 0
48211, 46710701, 1, 0, 0
48327, 48277638, 1, 0, 0
48409, 40122422, 1, 0, 0
48523, 47338239, 1, 0, 0
48610, 42041305, 1, 0, 0
48712, 43621442, 1, 0, 0
48812, 45109226, 1, 0, 0
48928, 73025789, 1, 0, 0
49002, 104888144, 1, 0, 0
49115, 108577506, 1, 0, 0
49274, 138260532, 1, 0, 0
49348, 149043494, 1, 0, 0
49417, 87655837, 1, 0, 0
49505, 64286373, 1, 0, 0
49618, 49365240, 1, 0, 0
49704, 44310355, 1, 0, 0
49817, 41939086, 1, 0, 0
49909, 45681735, 1, 0, 0
50001, 52796320, 1, 0, 0
50128, 39031282, 1, 0, 0
50200, 52456417, 1, 0, 0
50300, 39578057, 1, 0, 0
50408, 47707550, 1, 0, 0
50519, 48343620, 1, 0, 0
50603, 46635326, 1, 0, 0
50708, 47160593, 1, 0, 0
50824, 42255026, 1, 0, 0
50908, 49845611, 1, 0, 0
51030, 46219720, 1, 0, 0
51113, 73535156, 1, 0, 0
51245, 134921469, 1, 0, 0
51308, 80982793, 1, 0, 0
51444, 116687081, 1, 0, 0
51513, 113577188, 1, 0, 0
51623, 84464117, 1, 0, 0
51708, 80731707, 1, 0, 0
51804, 48389702, 1, 0, 0
51920, 42326157, 1, 0, 0
52001, 47953582, 1, 0, 0
52109, 46294234, 1, 0, 0
52220, 35956723, 1, 0, 0
52303, 46200079, 1, 0, 0
52414, 45573885, 1, 0, 0
52528, 45527775, 1, 0, 0
52619, 50734579, 1, 0, 0
52702, 49104258, 1, 0, 0
52827, 52214204, 1, 0, 0
52917, 39706844, 1, 0, 0
53001, 50736102, 1, 0, 0
53112, 47313411, 1, 0, 0
53234, 42938351, 1, 0, 0
53377, 93192824, 1, 0, 0
53444, 123112020, 1, 0, 0
53515, 132200135, 1, 0, 0
53664, 114863686, 1, 0, 0
53723, 115175199, 1, 0, 0
53824, 101867383, 1, 0, 0
53918, 86537614, 1, 0, 0
54008, 62875899, 1, 0, 0
54122, 39859805, 1, 0, 0
54236, 46088177, 1, 0, 0
54322, 48745457, 1, 0, 0
54405, 48144011, 1, 0, 0
54520, 46830673, 1, 0, 0
54606, 46624330, 1, 0, 0
54718, 41542933, 1, 0, 0
54832, 40528413, 1, 0, 0
54916, 52156169, 1, 0, 0
55026, 48555243, 1, 0, 0
55105, 41311057, 1, 0, 0
55205, 49120619, 1, 0, 0
55301, 46072056, 1, 0, 0
55425, 54628537, 1, 0, 0
55568, 87553833, 1, 0, 0
55640, 111452177, 1, 0, 0
55717, 132791656, 1, 0, 0
55882, 130358103, 1, 0, 0
55959, 137942970, 1, 0, 0
56012, 84719689, 1, 0, 0
56125, 47976990, 1, 0, 0
56212, 46358096, 1, 0, 0
56320, 49111629, 1, 0, 0
56403, 43937338, 1, 0, 0
56512, 41035189, 1, 0, 0
56600, 41050523, 1, 0, 0
56710, 38875927, 1, 0, 0
56823, 43800150, 1, 0, 0
56905, 45353033, 1, 0, 0
57000, 45942334, 1, 0, 0
57105, 42732884, 1, 0, 0
57213, 48304659, 1, 0, 0
57314, 38448371, 1, 0, 0
57401, 44772105, 1, 0, 0
57506, 44708619, 1, 0, 0
57619, 44774761, 1, 0, 0
57750, 73757299, 1, 0, 0
57827, 118754501, 1, 0, 0
57900, 139062027, 1, 0, 0
58061, 130816063, 1, 0, 0
58139, 138070452, 1, 0, 0
58200, 92355566, 1, 0, 0
58308, 41445885, 1, 0, 0
58417, 41953724, 1, 0, 0
58501, 36642573, 1, 0, 0
58613, 45576106, 1, 0, 0
58723, 47544248, 1, 0, 0
58802, 49929320, 1, 0, 0
58905, 49284743, 1, 0, 0
59018, 49440160, 1, 0, 0
59100, 47250222, 1, 0, 0
59201, 49087111, 1, 0, 0
59323, 49470078, 1, 0, 0
59422, 55924111, 1, 0, 0
59500, 46919059, 1, 0, 0
59609, 43523063, 1, 0, 0
59719, 41958388, 1, 0, 0
59806, 49480646, 1, 0, 0
59936, 81118874, 1, 0, 0
60029, 108877762, 1, 0, 0
60106, 107367482, 1, 0, 0
60259, 105115380, 1, 0, 0
60335, 136031934, 1, 0, 0
60420, 112972548, 1, 0, 0
60500, 52082528, 1, 0, 0
60617, 50795430, 1, 0, 0
60705, 41493866, 1, 0, 0
60816, 38356014, 1, 0, 0
60910, 44103610, 1, 0, 0
61021, 43503274, 1, 0, 0
61101, 45721930, 1, 0, 0
61203, 44873128, 1, 0, 0
61315, 43828201, 1, 0, 0
61429, 48003551, 1, 0, 0
61514, 40011143, 1, 0, 0
61600, 44743204, 1, 0, 0
61713, 41179749, 1, 0, 0
61823, 46181319, 1, 0, 0
61905, 49263232, 1, 0, 0
62150, 58976054, 1, 0, 0
62235, 209472065, 1, 0, 0
62324, 172077572, 1, 0, 0
62489, 135372737, 1, 0, 0
62520, 120499887, 1, 0, 0
62605, 39629560, 1, 0, 0
62716, 43100123, 1, 0, 0
62801, 47589177, 1, 0, 0
62910, 47988905, 1, 0, 0
63029, 47396549, 1, 0, 0
63112, 52757960, 1, 0, 0
63223, 43309032, 1, 0, 0
63326, 42073517, 1, 0, 0
63400, 45397088, 1, 0, 0
63501, 39662943, 1, 0, 0
63614, 39110039, 1, 0, 0
63701, 44813199, 1, 0, 0
63801, 51122807, 1, 0, 0
63915, 41689514, 1, 0, 0
64001, 47300011, 1, 0, 0
64108, 49200905, 1, 0, 0
64211, 47017639, 1, 0, 0
64308, 43612827, 1, 0, 0
64445, 84429537, 1, 0, 0
64520, 115598305, 1, 0, 0
64678, 127564540, 1, 0, 0
64750, 138479349, 1, 0, 0
64825, 96480997, 1, 0, 0
64914, 82628424, 1, 0, 0
65024, 46270043, 1, 0, 0
65126, 38919380, 1, 0, 0
65200, 40326204, 1, 0, 0
65301, 45994284, 1, 0, 0
65404, 35511759, 1, 0, 0
65507, 39672124, 1, 0, 0
65616, 42885173, 1, 0, 0
65727, 45416716, 1, 0, 0
65807, 42032829, 1, 0, 0
65917, 46341106, 1, 0, 0
66022, 45854099, 1, 0, 0
66108, 44434445, 1, 0, 0
66218, 47319771, 1, 0, 0
66304, 44877495, 1, 0, 0
66400, 44521812, 1, 0, 0
66533, 52821385, 1, 0, 0
66607, 82552364, 1, 0, 0
66770, 121631017, 1, 0, 0
66847, 111787372, 1, 0, 0
66923, 119956504, 1, 0, 0
67012, 106151557, 1, 0, 0
67100, 50688471, 1, 0, 0
67207, 44973834, 1, 0, 0
67320, 43555184, 1, 0, 0
67401, 37705916, 1, 0, 0
67514, 46123600, 1, 0, 0
67602, 48115377, 1, 0, 0
67713, 48184307, 1, 0, 0
67801, 43730935, 1, 0, 0
67909, 43653375, 1, 0, 0
68031, 39442502, 1, 0, 0
68112, 50830666, 1, 0, 0
68214, 48266826, 1, 0, 0
68311, 40588232, 1, 0, 0
68410, 39999706, 1, 0, 0
68522, 47498531, 1, 0, 0
68610, 44017320, 1, 0, 0
68744, 50425944, 1, 0, 0
68864, 79324968, 1, 0, 0
68936, 113961152, 1, 0, 0
69016, 96146198, 1, 0, 0
69168, 128366273, 1, 0, 0
69219, 132042020, 1, 0, 0
69307, 66135336, 1, 0, 0
69415, 42587240, 1, 0, 0
69522, 44063527, 1, 0, 0
69610, 45520702, 1, 0, 0
69725, 50532964, 1, 0, 0
69824, 50928621, 1, 0, 0
69916, 47613128, 1, 0, 0
70035, 42419458, 1, 0, 0
70128, 51462834, 1, 0, 0
70210, 50997500, 1, 0, 0
70319, 42560076, 1, 0, 0
70403, 39698898, 1, 0, 0
70515, 43795950, 1, 0, 0
70626, 44875185, 1, 0, 0
70705, 47899428, 1, 0, 0
70814, 47055172, 1, 0, 0
70901, 46518238, 1, 0, 0
71000, 46562465, 1, 0, 0
71131, 85232919, 1, 0, 0
71268, 117190800, 1, 0, 0
71337, 123131923, 1, 0, 0
71487, 110523037, 1, 0, 0
71540, 135818759, 1, 0, 0
71624, 58325095, 1, 0, 0
71718, 41510025, 1, 0, 0
71803, 48265999, 1, 0, 0
71917, 46327153, 1, 0, 0
72010, 49946898, 1, 0, 0
72100, 40808899, 1, 0, 0
72210, 40328489, 1, 0, 0
72315, 45025620, 1, 0, 0
72401, 42133165, 1, 0, 0
72513, 40942640, 1, 0, 0
72619, 45954130, 1, 0, 0
72701, 41810375, 1, 0, 0
72816, 45623695, 1, 0, 0
72900, 49840480, 1, 0, 0
73025, 44814246, 1, 0, 0
73144, 74317234, 1, 0, 0
73218, 101188306, 1, 0, 0
73353, 119487559, 1, 0, 0
73431, 123522927, 1, 0, 0
73505, 144154247, 1, 0, 0
73617, 77085238, 1, 0, 0
73710, 39284347, 1, 0, 0
73805, 35817912, 1, 0, 0
73905, 43884972, 1, 0, 0
74001, 44145667, 1, 0, 0
74104, 37629070, 1, 0, 0
74214, 46305297, 1, 0, 0
74320, 44930655, 1, 0, 0
74403, 42453298, 1, 0, 0
74519, 43526288, 1, 0, 0
74609, 40891687, 1, 0, 0
74700, 41173867, 1, 0, 0
74809, 44734430, 1, 0, 0
74919, 43583462, 1, 0, 0
75004, 43104992, 1, 0, 0
75120, 46541941, 1, 0, 0
75206, 51742352, 1, 0, 0
75307, 67004678, 1, 0, 0
75456, 89557826, 1, 0, 0
75543, 160819030, 1, 0, 0
75621, 141510143, 1, 0, 0
75761, 118555989, 1, 0, 0
75817, 82647203, 1, 0, 0
75902, 45727598, 1, 0, 0
76011, 43102357, 1, 0, 0
76102, 51507301, 1, 0, 0
76216, 52902169, 1, 0, 0
76300, 46985540, 1, 0, 0
76415, 45500062, 1, 0, 0
76512, 41915900, 1, 0, 0
76621, 46268969, 1, 0, 0
76709, 43783468, 1, 0, 0
76820, 42965173, 1, 0, 0
76923, 40924282, 1, 0, 0
77004, 43314672, 1, 0, 0
77120, 49099866, 1, 0, 0
77201, 46275248, 1, 0, 0
77310, 48877422, 1, 0, 0
77426, 46213405, 1, 0, 0
77520, 51618658, 1, 0, 0
77653, 98564723, 1, 0, 0
77742, 87434727, 1, 0, 0
77816, 126147768, 1, 0, 0
77900, 129762467, 1, 0, 0
78023, 113787721, 1, 0, 0
78120, 55762680, 1, 0, 0
78227, 44192703, 1, 0, 0
78300, 45130456, 1, 0, 0
78420, 37802353, 1, 0, 0
78502, 49790968, 1, 0, 0
78608, 47978023, 1, 0, 0
78726, 42158010, 1, 0, 0
78810, 43261797, 1, 0, 0
78921, 46238224, 1, 0, 0
79006, 45565157, 1, 0, 0
79117, 45210398, 1, 0, 0
79202, 49994434, 1, 0, 0
79312, 46281962, 1, 0, 0
79417, 45500298, 1, 0, 0
79505, 43428871, 1, 0, 0
79616, 46439645, 1, 0, 0
79754, 42581865, 1, 0, 0
79840, 101126584, 1, 0, 0
79917, 124536319, 1, 0, 0
80000, 131501505, 1, 0, 0
80150, 130471961, 1, 0, 0
80219, 92943048, 1, 0, 0
80308, 51411857, 1, 0, 0
80402, 38749962, 1, 0, 0
80510, 44028966, 1, 0, 0
80617, 43710877, 1, 0, 0
80720, 45711937, 1, 0, 0
80806, 39976007, 1, 0, 0
80913, 44835634, 1, 0, 0
81007, 47012782, 1, 0, 0
81119, 46116277, 1, 0, 0
81210, 48350003, 1, 0, 0
81320, 43543339, 1, 0, 0
81405, 46034072, 1, 0, 0
81520, 43562758, 1, 0, 0
81614, 46841270, 1, 0, 0
81700, 46888241, 1, 0, 0
81826, 47433073, 1, 0, 0
81946, 57767666, 1, 0, 0
82025, 69003806, 1, 0, 0
82183, 125585242, 1, 0, 0
82259, 140358502, 1, 0, 0
82336, 142284998, 1, 0, 0
82406, 108763412, 1, 0, 0
82510, 59185652, 1, 0, 0
82621, 48343842, 1, 0, 0
82728, 44849114, 1, 0, 0
82822, 43935946, 1, 0, 0
82914, 41458253, 1, 0, 0
83000, 45898504, 1, 0, 0
83114, 43272800, 1, 0, 0
83220, 40020865, 1, 0, 0
83301, 47689995, 1, 0, 0
83413, 44050166, 1, 0, 0
83513, 47485401, 1, 0, 0
83610, 50576298, 1, 0, 0
83718, 47636453, 1, 0, 0
83804, 45620964, 1, 0, 0
83900, 41250642, 1, 0, 0
84018, 42884838, 1, 0, 0
84109, 43036721, 1, 0, 0
84236, 69324055, 1, 0, 0
84326, 112103709, 1, 0, 0
84403, 167868103, 1, 0, 0
84554, 133579885, 1, 0, 0
84629, 140272021, 1, 0, 0
84700, 95383941, 1, 0, 0
84809, 44556897, 1, 0, 0
84927, 43587418, 1, 0, 0
85012, 40241612, 1, 0, 0
85104, 51308688, 1, 0, 0
85214, 47289363, 1, 0, 0
85302, 47840258, 1, 0, 0
85414, 48826284, 1, 0, 0
85523, 46786342, 1, 0, 0
85623, 51341582, 1, 0, 0
85707, 44210921, 1, 0, 0
85818, 49919399, 1, 0, 0
85904, 44409965, 1, 0, 0
86017, 48410949, 1, 0, 0
86123, 42104477, 1, 0, 0
86200, 41897059, 1, 0, 0
86304, 47288022, 1, 0, 0
86481, 63852662, 1, 0, 0
86557, 135428849, 1, 0, 0
86631, 130118468, 1, 0, 0
86714, 124185476, 1, 0, 0
86871, 140836627, 1, 0, 0
86929, 78320725, 1, 0, 0
87012, 48148948, 1, 0, 0
87102, 50000510, 1, 0, 0
87200, 51080922, 1, 0, 0
87304, 54220914, 1, 0, 0
87446, 95587808, 1, 0, 0
87526, 117245551, 1, 0, 0
87600, 68940954, 1, 0, 0
87718, 52583786, 1, 0, 0
87802, 44891339, 1, 0, 0
87916, 46095773, 1, 0, 0
88000, 44793091, 1, 0, 0
88114, 42385844, 1, 0, 0
88226, 43598052, 1, 0, 0
88322, 43774220, 1, 0, 0
88406, 54104520, 1, 0, 0
88514, 45719819, 1, 0, 0
88601, 45989109, 1, 0, 0
88737, 52565715, 1, 0, 0
88861, 87494453, 1, 0, 0
88948, 94296362, 1, 0, 0
89023, 143760311, 1, 0, 0
89170, 129719817, 1, 0, 0
89238, 109922002, 1, 0, 0
89317, 60348696, 1, 0, 0
89423, 45756840, 1, 0, 0
89505, 41294514, 1, 0, 0
89628, 47678113, 1, 0, 0
89713, 39894495, 1, 0, 0
89805, 50804791, 1, 0, 0
89900, 48288044, 1, 0, 0
90012, 42691306, 1, 0, 0
90038, 53921856, 1, 0, 0
