250, 2080, 1, 0, 0
350, 2600, 1, 0, 0
450, 4440, 1, 0, 0
550, 6040, 1, 0, 0
650, 8160, 1, 0, 0
749, 9414, 1, 0, 0
849, 7760, 1, 0, 0
949, 8400, 1, 0, 0
1049, 7200, 1, 0, 0
1150, 5800, 1, 0, 0
1249, 7353, 1, 0, 0
1349, 7800, 1, 0, 0
1449, 5800, 1, 0, 0
1549, 5240, 1, 0, 0
1649, 8080, 1, 0, 0
1749, 8960, 1, 0, 0
1849, 7800, 1, 0, 0
1949, 7800, 1, 0, 0
2049, 7800, 1, 0, 0
2149, 7800, 1, 0, 0
2249, 8440, 1, 0, 0
2349, 8400, 1, 0, 0
2450, 7800, 1, 0, 0
2550, 7840, 1, 0, 0
2650, 7920, 1, 0, 0
2749, 4363, 1, 0, 0
2849, 2600, 1, 0, 0
2949, 2600, 1, 0, 0
3049, 2600, 1, 0, 0
3149, 2600, 1, 0, 0
3250, 2600, 1, 0, 0
3350, 680, 1, 0, 0
3450, 2600, 1, 0, 0
3550, 2600, 1, 0, 0
3650, 4520, 1, 0, 0
3749, 6626, 1, 0, 0
3849, 5680, 1, 0, 0
3949, 5960, 1, 0, 0
4049, 5240, 1, 0, 0
4149, 5200, 1, 0, 0
4250, 5200, 1, 0, 0
4350, 5200, 1, 0, 0
4450, 5200, 1, 0, 0
4550, 7280, 1, 0, 0
4650, 10400, 1, 0, 0
4749, 7878, 1, 0, 0
4849, 7800, 1, 0, 0
4949, 7760, 1, 0, 0
5049, 7800, 1, 0, 0
5149, 5560, 1, 0, 0
5249, 10000, 1, 0, 0
5350, 7800, 1, 0, 0
5450, 7800, 1, 0, 0
5550, 7840, 1, 0, 0
5650, 7720, 1, 0, 0
5749, 7838, 1, 0, 0
5849, 7800, 1, 0, 0
5949, 8000, 1, 0, 0
6049, 2600, 1, 0, 0
6149, 2600, 1, 0, 0
6250, 1440, 1, 0, 0
6350, 3480, 1, 0, 0
6450, 280, 1, 0, 0
6550, 2600, 1, 0, 0
6650, 2560, 1, 0, 0
6749, 2626, 1, 0, 0
6849, 5240, 1, 0, 0
6949, 7800, 1, 0, 0
7049, 7800, 1, 0, 0
7150, 10440, 1, 0, 0
7249, 6060, 1, 0, 0
7349, 5200, 1, 0, 0
7449, 7000, 1, 0, 0
7549, 6000, 1, 0, 0
7649, 7000, 1, 0, 0
7749, 6000, 1, 0, 0
7849, 7920, 1, 0, 0
7949, 7880, 1, 0, 0
8049, 7760, 1, 0, 0
8149, 10040, 1, 0, 0
8250, 7800, 1, 0, 0
8350, 8080, 1, 0, 0
8450, 8160, 1, 0, 0
8550, 7240, 1, 0, 0
8650, 7800, 1, 0, 0
8749, 6222, 1, 0, 0
8849, 8440, 1, 0, 0
8949, 6200, 1, 0, 0
9049, 6800, 1, 0, 0
9149, 6200, 1, 0, 0
9250, 6800, 1, 0, 0
9350, 7080, 1, 0, 0
9450, 2600, 1, 0, 0
9550, 2640, 1, 0, 0
9650, 2600, 1, 0, 0
9749, 686, 1, 0, 0
9849, 3680, 1, 0, 0
9949, 2600, 1, 0, 0
10050, 5200, 1, 0, 0
10150, 7920, 1, 0, 0
10249, 6141, 1, 0, 0
10349, 7800, 1, 0, 0
10449, 7600, 1, 0, 0
10549, 5200, 1, 0, 0
10649, 7840, 1, 0, 0
10749, 10400, 1, 0, 0
10849, 7760, 1, 0, 0
10949, 6600, 1, 0, 0
11049, 6600, 1, 0, 0
11149, 7760, 1, 0, 0
11249, 5252, 1, 0, 0
11349, 5240, 1, 0, 0
11449, 5960, 1, 0, 0
11549, 5760, 1, 0, 0
11649, 7800, 1, 0, 0
11749, 7800, 1, 0, 0
11849, 7800, 1, 0, 0
11949, 6560, 1, 0, 0
12049, 7800, 1, 0, 0
12149, 6480, 1, 0, 0
12250, 7920, 1, 0, 0
12350, 5240, 1, 0, 0
12450, 5200, 1, 0, 0
12550, 7640, 1, 0, 0
12650, 2920, 1, 0, 0
12749, 7636, 1, 0, 0
12849, 5240, 1, 0, 0
12949, 5480, 1, 0, 0
13049, 7800, 1, 0, 0
13149, 2600, 1, 0, 0
13249, 2600, 1, 0, 0
13350, 2600, 1, 0, 0
13450, 2760, 1, 0, 0
13550, 2240, 1, 0, 0
13650, 2600, 1, 0, 0
13749, 2626, 1, 0, 0
13849, 2600, 1, 0, 0
13949, 360, 1, 0, 0
14049, 4840, 1, 0, 0
14149, 5640, 1, 0, 0
14249, 7800, 1, 0, 0
14350, 7360, 1, 0, 0
14450, 5640, 1, 0, 0
14550, 7400, 1, 0, 0
14650, 5600, 1, 0, 0
14749, 7919, 1, 0, 0
14849, 6200, 1, 0, 0
14949, 6840, 1, 0, 0
15049, 6200, 1, 0, 0
15149, 7560, 1, 0, 0
15249, 5640, 1, 0, 0
15350, 9840, 1, 0, 0
15450, 7960, 1, 0, 0
15550, 7800, 1, 0, 0
15650, 7800, 1, 0, 0
15749, 5292, 1, 0, 0
15849, 7880, 1, 0, 0
15949, 7760, 1, 0, 0
16049, 9200, 1, 0, 0
16149, 7760, 1, 0, 0
16249, 7800, 1, 0, 0
16349, 8120, 1, 0, 0
16449, 2600, 1, 0, 0
16550, 2360, 1, 0, 0
16650, 2800, 1, 0, 0
16749, 40, 1, 0, 0
16849, 5200, 1, 0, 0
16949, 2600, 1, 0, 0
17049, 2600, 1, 0, 0
17149, 2600, 1, 0, 0
17249, 2800, 1, 0, 0
17350, 2360, 1, 0, 0
17450, 6440, 1, 0, 0
17550, 5200, 1, 0, 0
17650, 7840, 1, 0, 0
17749, 7838, 1, 0, 0
17849, 6160, 1, 0, 0
17949, 10280, 1, 0, 0
18049, 6080, 1, 0, 0
18149, 8280, 1, 0, 0
18249, 7760, 1, 0, 0
18349, 7760, 1, 0, 0
18449, 7800, 1, 0, 0
18549, 7360, 1, 0, 0
18649, 5760, 1, 0, 0
18750, 10160, 1, 0, 0
18850, 10240, 1, 0, 0
18950, 5760, 1, 0, 0
19050, 7240, 1, 0, 0
19150, 5800, 1, 0, 0
19249, 6262, 1, 0, 0
19349, 5840, 1, 0, 0
19449, 7120, 1, 0, 0
19549, 2600, 1, 0, 0
19649, 2600, 1, 0, 0
19749, 2560, 1, 0, 0
19850, 2600, 1, 0, 0
19950, 2560, 1, 0, 0
20050, 2600, 1, 0, 0
20150, 40, 1, 0, 0
20249, 2585, 1, 0, 0
20449, 40, 1, 0, 0
20549, 2560, 1, 0, 0
20650, 5200, 1, 0, 0
20749, 5252, 1, 0, 0
20849, 5120, 1, 0, 0
20949, 7720, 1, 0, 0
21049, 5200, 1, 0, 0
21149, 5720, 1, 0, 0
21249, 5200, 1, 0, 0
21349, 7840, 1, 0, 0
21449, 5200, 1, 0, 0
21549, 7240, 1, 0, 0
21649, 5760, 1, 0, 0
21749, 7280, 1, 0, 0
21850, 5760, 1, 0, 0
21950, 5200, 1, 0, 0
22050, 7360, 1, 0, 0
22150, 7440, 1, 0, 0
22249, 3111, 1, 0, 0
22349, 2400, 1, 0, 0
22449, 2600, 1, 0, 0
22549, 2640, 1, 0, 0
22649, 160, 1, 0, 0
22750, 2600, 1, 0, 0
22850, 2600, 1, 0, 0
22950, 2760, 1, 0, 0
23050, 2600, 1, 0, 0
23150, 2600, 1, 0, 0
23249, 7878, 1, 0, 0
23349, 7840, 1, 0, 0
23449, 7840, 1, 0, 0
23549, 5720, 1, 0, 0
23649, 7280, 1, 0, 0
23749, 7840, 1, 0, 0
23849, 7800, 1, 0, 0
23949, 5760, 1, 0, 0
24049, 7320, 1, 0, 0
24150, 5200, 1, 0, 0
24249, 7878, 1, 0, 0
24349, 6320, 1, 0, 0
24449, 6760, 1, 0, 0
24549, 6760, 1, 0, 0
24649, 9200, 1, 0, 0
24749, 7840, 1, 0, 0
24849, 7720, 1, 0, 0
24949, 7880, 1, 0, 0
25049, 10360, 1, 0, 0
25149, 7840, 1, 0, 0
25250, 5200, 1, 0, 0
25350, 5240, 1, 0, 0
25450, 5960, 1, 0, 0
25550, 3480, 1, 0, 0
25650, 2960, 1, 0, 0
25749, 2626, 1, 0, 0
25849, 2600, 1, 0, 0
25949, 680, 1, 0, 0
26049, 1920, 1, 0, 0
26149, 680, 1, 0, 0
26250, 2600, 1, 0, 0
26350, 2600, 1, 0, 0
26450, 2600, 1, 0, 0
26550, 5200, 1, 0, 0
26650, 10400, 1, 0, 0
26749, 7919, 1, 0, 0
26849, 5400, 1, 0, 0
26949, 5400, 1, 0, 0
27049, 5200, 1, 0, 0
27149, 7800, 1, 0, 0
27249, 5240, 1, 0, 0
27350, 5240, 1, 0, 0
27450, 6040, 1, 0, 0
27550, 4680, 1, 0, 0
27650, 5800, 1, 0, 0
27749, 5252, 1, 0, 0
27849, 5240, 1, 0, 0
27949, 7360, 1, 0, 0
28049, 7840, 1, 0, 0
28149, 7720, 1, 0, 0
28249, 7800, 1, 0, 0
28349, 7720, 1, 0, 0
28449, 7800, 1, 0, 0
28550, 7800, 1, 0, 0
28650, 6040, 1, 0, 0
28749, 10060, 1, 0, 0
28849, 2760, 1, 0, 0
28949, 5160, 1, 0, 0
29049, 2600, 1, 0, 0
29149, 2600, 1, 0, 0
29249, 840, 1, 0, 0
29349, 3360, 1, 0, 0
29449, 2600, 1, 0, 0
29549, 2600, 1, 0, 0
29649, 5200, 1, 0, 0
29749, 8565, 1, 0, 0
29849, 7800, 1, 0, 0
29949, 6960, 1, 0, 0
30049, 7440, 1, 0, 0
30149, 7800, 1, 0, 0
30249, 8600, 1, 0, 0
30349, 7720, 1, 0, 0
30449, 5360, 1, 0, 0
30549, 10160, 1, 0, 0
30649, 7800, 1, 0, 0
30750, 7840, 1, 0, 0
30850, 7800, 1, 0, 0
30950, 6400, 1, 0, 0
31050, 9320, 1, 0, 0
31150, 9240, 1, 0, 0
31249, 5535, 1, 0, 0
31349, 7960, 1, 0, 0
31449, 10080, 1, 0, 0
31549, 5240, 1, 0, 0
31649, 10480, 1, 0, 0
31749, 7920, 1, 0, 0
31849, 5520, 1, 0, 0
31949, 10000, 1, 0, 0
32050, 7800, 1, 0, 0
32150, 7800, 1, 0, 0
32249, 7878, 1, 0, 0
32349, 5280, 1, 0, 0
32449, 2600, 1, 0, 0
32549, 2600, 1, 0, 0
32649, 2600, 1, 0, 0
32749, 2600, 1, 0, 0
32849, 2560, 1, 0, 0
32949, 2600, 1, 0, 0
33050, 2600, 1, 0, 0
33150, 2600, 1, 0, 0
33249, 40, 1, 0, 0
33349, 7800, 1, 0, 0
33449, 7760, 1, 0, 0
33549, 5920, 1, 0, 0
33649, 7160, 1, 0, 0
33749, 6040, 1, 0, 0
33849, 5200, 1, 0, 0
33949, 6960, 1, 0, 0
34050, 5200, 1, 0, 0
34150, 7080, 1, 0, 0
34249, 6222, 1, 0, 0
34349, 9480, 1, 0, 0
34449, 7800, 1, 0, 0
34549, 5440, 1, 0, 0
34649, 10360, 1, 0, 0
34749, 7840, 1, 0, 0
34849, 5320, 1, 0, 0
34949, 5240, 1, 0, 0
35049, 10440, 1, 0, 0
35150, 7800, 1, 0, 0
35249, 7878, 1, 0, 0
35349, 7640, 1, 0, 0
35449, 7800, 1, 0, 0
35549, 7760, 1, 0, 0
35649, 5880, 1, 0, 0
35749, 3120, 1, 0, 0
35849, 2920, 1, 0, 0
35949, 2600, 1, 0, 0
36049, 2640, 1, 0, 0
36149, 2600, 1, 0, 0
36250, 5200, 1, 0, 0
36350, 2560, 1, 0, 0
36450, 2640, 1, 0, 0
36550, 5160, 1, 0, 0
36650, 2600, 1, 0, 0
36749, 10505, 1, 0, 0
36849, 9800, 1, 0, 0
36949, 5840, 1, 0, 0
37049, 5200, 1, 0, 0
37149, 5240, 1, 0, 0
37250, 5200, 1, 0, 0
37350, 5200, 1, 0, 0
37450, 5240, 1, 0, 0
37550, 5400, 1, 0, 0
37650, 6640, 1, 0, 0
37749, 7919, 1, 0, 0
37849, 7880, 1, 0, 0
37949, 10240, 1, 0, 0
38049, 7840, 1, 0, 0
38149, 7800, 1, 0, 0
38249, 7800, 1, 0, 0
38349, 6080, 1, 0, 0
38449, 7840, 1, 0, 0
38550, 7800, 1, 0, 0
38650, 7880, 1, 0, 0
38749, 4686, 1, 0, 0
38849, 5800, 1, 0, 0
38949, 4600, 1, 0, 0
39049, 600, 1, 0, 0
39149, 2600, 1, 0, 0
39249, 2080, 1, 0, 0
39350, 2640, 1, 0, 0
39450, 480, 1, 0, 0
39550, 2120, 1, 0, 0
39650, 2600, 1, 0, 0
39749, 484, 1, 0, 0
39849, 2160, 1, 0, 0
39949, 5240, 1, 0, 0
40049, 8160, 1, 0, 0
40149, 7360, 1, 0, 0
40249, 5760, 1, 0, 0
40349, 7280, 1, 0, 0
40450, 5240, 1, 0, 0
40550, 10400, 1, 0, 0
40650, 7760, 1, 0, 0
40749, 7878, 1, 0, 0
40849, 7800, 1, 0, 0
40949, 6080, 1, 0, 0
41049, 8760, 1, 0, 0
41149, 7840, 1, 0, 0
41249, 5200, 1, 0, 0
41349, 5240, 1, 0, 0
41449, 5880, 1, 0, 0
41550, 5200, 1, 0, 0
41650, 7120, 1, 0, 0
41749, 6020, 1, 0, 0
41849, 9520, 1, 0, 0
41949, 7760, 1, 0, 0
42049, 7760, 1, 0, 0
42149, 7800, 1, 0, 0
42249, 8000, 1, 0, 0
42349, 7800, 1, 0, 0
42449, 5200, 1, 0, 0
42550, 2600, 1, 0, 0
42650, 2600, 1, 0, 0
42749, 2424, 1, 0, 0
42849, 2600, 1, 0, 0
42949, 2600, 1, 0, 0
43049, 2600, 1, 0, 0
43149, 2600, 1, 0, 0
43249, 2600, 1, 0, 0
43350, 5160, 1, 0, 0
43450, 7840, 1, 0, 0
43550, 7880, 1, 0, 0
43650, 5280, 1, 0, 0
43749, 8525, 1, 0, 0
43849, 7760, 1, 0, 0
43949, 7800, 1, 0, 0
44049, 5600, 1, 0, 0
44149, 7400, 1, 0, 0
44249, 7880, 1, 0, 0
44349, 8040, 1, 0, 0
44449, 8440, 1, 0, 0
44549, 9560, 1, 0, 0
44649, 7760, 1, 0, 0
44750, 5520, 1, 0, 0
44850, 8840, 1, 0, 0
44950, 9120, 1, 0, 0
45050, 5800, 1, 0, 0
45150, 7960, 1, 0, 0
45249, 7111, 1, 0, 0
45349, 6200, 1, 0, 0
45449, 6800, 1, 0, 0
45549, 3600, 1, 0, 0
45649, 5200, 1, 0, 0
45749, 2760, 1, 0, 0
45849, 2600, 1, 0, 0
45949, 3360, 1, 0, 0
46050, 1200, 1, 0, 0
46150, 1800, 1, 0, 0
46249, 2626, 1, 0, 0
46349, 800, 1, 0, 0
46449, 2600, 1, 0, 0
46549, 1800, 1, 0, 0
46649, 800, 1, 0, 0
46749, 7040, 1, 0, 0
46849, 7760, 1, 0, 0
46949, 5320, 1, 0, 0
47049, 8760, 1, 0, 0
47149, 4200, 1, 0, 0
47249, 6200, 1, 0, 0
47349, 6840, 1, 0, 0
47449, 5240, 1, 0, 0
47550, 5200, 1, 0, 0
47650, 5240, 1, 0, 0
47749, 5696, 1, 0, 0
47849, 7800, 1, 0, 0
47949, 7400, 1, 0, 0
48049, 5200, 1, 0, 0
48149, 7840, 1, 0, 0
48249, 7800, 1, 0, 0
48349, 5760, 1, 0, 0
48449, 5200, 1, 0, 0
48549, 5200, 1, 0, 0
48649, 5200, 1, 0, 0
48750, 4640, 1, 0, 0
48850, 1120, 1, 0, 0
48950, 2600, 1, 0, 0
49050, 1480, 1, 0, 0
49150, 1120, 1, 0, 0
49249, 2626, 1, 0, 0
49349, 1560, 1, 0, 0
49449, 1040, 1, 0, 0
49549, 1560, 1, 0, 0
49649, 3240, 1, 0, 0
49750, 4640, 1, 0, 0
49850, 5240, 1, 0, 0
49950, 6160, 1, 0, 0
50050, 5200, 1, 0, 0
50150, 6840, 1, 0, 0
50249, 5333, 1, 0, 0
50349, 5240, 1, 0, 0
50449, 6280, 1, 0, 0
50549, 6680, 1, 0, 0
50649, 6360, 1, 0, 0
50749, 5240, 1, 0, 0
50849, 6600, 1, 0, 0
50949, 5200, 1, 0, 0
51050, 6440, 1, 0, 0
51150, 7800, 1, 0, 0
51249, 7838, 1, 0, 0
51349, 2840, 1, 0, 0
51449, 7800, 1, 0, 0
51549, 7760, 1, 0, 0
51649, 3160, 1, 0, 0
51749, 5200, 1, 0, 0
51849, 8080, 1, 0, 0
51949, 7720, 1, 0, 0
52049, 5120, 1, 0, 0
52149, 2600, 1, 0, 0
52250, 2640, 1, 0, 0
52350, 40, 1, 0, 0
52450, 2600, 1, 0, 0
52550, 3040, 1, 0, 0
52650, 3000, 1, 0, 0
52749, 2787, 1, 0, 0
52849, 1840, 1, 0, 0
52949, 2400, 1, 0, 0
53049, 6160, 1, 0, 0
53149, 5200, 1, 0, 0
53249, 5200, 1, 0, 0
53349, 5200, 1, 0, 0
53450, 5200, 1, 0, 0
53550, 6840, 1, 0, 0
53650, 6280, 1, 0, 0
53749, 7838, 1, 0, 0
53849, 7360, 1, 0, 0
53949, 5640, 1, 0, 0
54049, 5200, 1, 0, 0
54149, 5200, 1, 0, 0
54249, 7680, 1, 0, 0
54349, 7800, 1, 0, 0
54449, 8960, 1, 0, 0
54549, 7800, 1, 0, 0
54650, 7800, 1, 0, 0
54749, 7838, 1, 0, 0
54849, 7840, 1, 0, 0
54949, 9160, 1, 0, 0
55049, 7760, 1, 0, 0
55149, 7760, 1, 0, 0
55249, 2880, 1, 0, 0
55349, 2600, 1, 0, 0
55449, 2640, 1, 0, 0
55549, 2640, 1, 0, 0
55649, 2600, 1, 0, 0
55750, 5160, 1, 0, 0
55850, 2600, 1, 0, 0
55950, 2600, 1, 0, 0
56050, 480, 1, 0, 0
56150, 2600, 1, 0, 0
56249, 7434, 1, 0, 0
56349, 5200, 1, 0, 0
56449, 5640, 1, 0, 0
56549, 6280, 1, 0, 0
56650, 6320, 1, 0, 0
56749, 5252, 1, 0, 0
56849, 5680, 1, 0, 0
56949, 5200, 1, 0, 0
57049, 5200, 1, 0, 0
57149, 5200, 1, 0, 0
57249, 5200, 1, 0, 0
57349, 7360, 1, 0, 0
57449, 7920, 1, 0, 0
57549, 7760, 1, 0, 0
57649, 10280, 1, 0, 0
57750, 7760, 1, 0, 0
57850, 8440, 1, 0, 0
57950, 7800, 1, 0, 0
58050, 7760, 1, 0, 0
58150, 7880, 1, 0, 0
58249, 7838, 1, 0, 0
58349, 5640, 1, 0, 0
58449, 4880, 1, 0, 0
58549, 320, 1, 0, 0
58649, 2600, 1, 0, 0
58750, 2280, 1, 0, 0
58850, 320, 1, 0, 0
58950, 2600, 1, 0, 0
59050, 2280, 1, 0, 0
59150, 2600, 1, 0, 0
59249, 323, 1, 0, 0
59349, 2280, 1, 0, 0
59449, 5240, 1, 0, 0
59549, 5880, 1, 0, 0
59649, 4520, 1, 0, 0
59750, 6240, 1, 0, 0
59850, 7800, 1, 0, 0
59950, 7800, 1, 0, 0
60050, 9320, 1, 0, 0
60150, 7800, 1, 0, 0
60249, 5818, 1, 0, 0
60349, 7800, 1, 0, 0
60449, 7280, 1, 0, 0
60549, 10360, 1, 0, 0
60649, 5240, 1, 0, 0
60749, 10400, 1, 0, 0
60849, 7880, 1, 0, 0
60950, 7760, 1, 0, 0
61050, 5440, 1, 0, 0
61150, 7800, 1, 0, 0
61249, 8323, 1, 0, 0
61349, 9120, 1, 0, 0
61449, 6280, 1, 0, 0
61549, 5600, 1, 0, 0
61649, 6440, 1, 0, 0
61749, 3560, 1, 0, 0
61849, 2600, 1, 0, 0
61949, 2600, 1, 0, 0
62049, 1640, 1, 0, 0
62150, 960, 1, 0, 0
62249, 1656, 1, 0, 0
62349, 2640, 1, 0, 0
62449, 3600, 1, 0, 0
62549, 6840, 1, 0, 0
62649, 7800, 1, 0, 0
62749, 7920, 1, 0, 0
62849, 7840, 1, 0, 0
62949, 8240, 1, 0, 0
63049, 7440, 1, 0, 0
63149, 7800, 1, 0, 0
63250, 7760, 1, 0, 0
63350, 5520, 1, 0, 0
63450, 7800, 1, 0, 0
63550, 7880, 1, 0, 0
63650, 5320, 1, 0, 0
63749, 10464, 1, 0, 0
63849, 7840, 1, 0, 0
63949, 5360, 1, 0, 0
64049, 7600, 1, 0, 0
64149, 5200, 1, 0, 0
64249, 5200, 1, 0, 0
64349, 5200, 1, 0, 0
64449, 3040, 1, 0, 0
64550, 5480, 1, 0, 0
64650, 7080, 1, 0, 0
64749, 6020, 1, 0, 0
64849, 5240, 1, 0, 0
64949, 7280, 1, 0, 0
65049, 5200, 1, 0, 0
65149, 7800, 1, 0, 0
65249, 3160, 1, 0, 0
65349, 2600, 1, 0, 0
65449, 2600, 1, 0, 0
65549, 2040, 1, 0, 0
65649, 560, 1, 0, 0
65750, 2600, 1, 0, 0
65850, 2600, 1, 0, 0
65950, 2040, 1, 0, 0
66050, 2600, 1, 0, 0
66150, 2600, 1, 0, 0
66249, 2626, 1, 0, 0
66349, 2600, 1, 0, 0
66549, 7800, 1, 0, 0
66649, 10000, 1, 0, 0
66749, 7800, 1, 0, 0
66849, 7240, 1, 0, 0
66950, 5800, 1, 0, 0
67050, 5320, 1, 0, 0
67150, 7080, 1, 0, 0
67249, 7838, 1, 0, 0
67349, 5200, 1, 0, 0
67449, 7840, 1, 0, 0
67549, 7200, 1, 0, 0
67649, 6720, 1, 0, 0
67749, 7800, 1, 0, 0
67849, 7800, 1, 0, 0
67949, 6280, 1, 0, 0
68049, 7120, 1, 0, 0
68149, 8240, 1, 0, 0
68249, 8000, 1, 0, 0
68350, 7960, 1, 0, 0
68450, 8200, 1, 0, 0
68550, 4760, 1, 0, 0
68650, 2640, 1, 0, 0
68749, 2626, 1, 0, 0
68849, 2520, 1, 0, 0
68949, 2600, 1, 0, 0
69049, 2600, 1, 0, 0
69149, 2600, 1, 0, 0
69250, 120, 1, 0, 0
69350, 2600, 1, 0, 0
69450, 2760, 1, 0, 0
69550, 5200, 1, 0, 0
69650, 10040, 1, 0, 0
69749, 7878, 1, 0, 0
69849, 7720, 1, 0, 0
69949, 8000, 1, 0, 0
70049, 7880, 1, 0, 0
70149, 7800, 1, 0, 0
70249, 8920, 1, 0, 0
70349, 7760, 1, 0, 0
70449, 5480, 1, 0, 0
70549, 11720, 1, 0, 0
70649, 7800, 1, 0, 0
70750, 7800, 1, 0, 0
70850, 7800, 1, 0, 0
70950, 7840, 1, 0, 0
71050, 7800, 1, 0, 0
71150, 7800, 1, 0, 0
71249, 6060, 1, 0, 0
71349, 7920, 1, 0, 0
71449, 10360, 1, 0, 0
71549, 5520, 1, 0, 0
71649, 7480, 1, 0, 0
71749, 5840, 1, 0, 0
71850, 1960, 1, 0, 0
71950, 2600, 1, 0, 0
72050, 760, 1, 0, 0
72150, 2680, 1, 0, 0
72249, 2666, 1, 0, 0
72349, 1720, 1, 0, 0
72449, 2200, 1, 0, 0
72549, 1280, 1, 0, 0
72649, 1720, 1, 0, 0
72750, 2600, 1, 0, 0
72850, 5200, 1, 0, 0
72950, 6520, 1, 0, 0
73050, 5200, 1, 0, 0
73150, 6520, 1, 0, 0
73249, 6666, 1, 0, 0
73349, 6440, 1, 0, 0
73449, 5200, 1, 0, 0
73549, 6640, 1, 0, 0
73649, 7800, 1, 0, 0
73749, 7360, 1, 0, 0
73849, 5200, 1, 0, 0
73949, 10000, 1, 0, 0
74049, 7720, 1, 0, 0
74150, 7960, 1, 0, 0
74249, 7878, 1, 0, 0
74349, 10640, 1, 0, 0
74449, 5360, 1, 0, 0
74549, 5200, 1, 0, 0
74649, 5200, 1, 0, 0
74749, 6880, 1, 0, 0
74849, 3520, 1, 0, 0
74949, 6960, 1, 0, 0
75049, 3440, 1, 0, 0
75149, 1800, 1, 0, 0
75250, 3480, 1, 0, 0
75350, 1720, 1, 0, 0
75450, 2920, 1, 0, 0
75550, 2600, 1, 0, 0
75650, 2800, 1, 0, 0
75749, 5252, 1, 0, 0
75849, 7120, 1, 0, 0
75949, 7920, 1, 0, 0
76049, 8800, 1, 0, 0
76149, 7880, 1, 0, 0
76249, 7760, 1, 0, 0
76350, 7800, 1, 0, 0
76450, 7840, 1, 0, 0
76550, 10400, 1, 0, 0
76650, 7840, 1, 0, 0
76749, 10505, 1, 0, 0
76849, 7880, 1, 0, 0
76949, 7840, 1, 0, 0
77049, 9080, 1, 0, 0
77149, 7840, 1, 0, 0
77249, 7800, 1, 0, 0
77349, 8280, 1, 0, 0
77449, 6120, 1, 0, 0
77549, 7200, 1, 0, 0
77649, 7840, 1, 0, 0
77750, 8440, 1, 0, 0
77850, 7240, 1, 0, 0
77950, 6520, 1, 0, 0
78050, 8040, 1, 0, 0
78150, 7000, 1, 0, 0
78249, 7838, 1, 0, 0
78349, 7760, 1, 0, 0
78449, 7800, 1, 0, 0
78549, 7800, 1, 0, 0
78649, 7800, 1, 0, 0
78749, 5600, 1, 0, 0
78850, 2600, 1, 0, 0
78950, 2600, 1, 0, 0
79050, 2600, 1, 0, 0
79150, 2600, 1, 0, 0
79249, 2626, 1, 0, 0
79349, 1440, 1, 0, 0
79449, 2600, 1, 0, 0
79549, 2600, 1, 0, 0
79649, 2600, 1, 0, 0
79750, 3800, 1, 0, 0
79850, 7840, 1, 0, 0
79950, 6680, 1, 0, 0
80050, 6320, 1, 0, 0
80150, 7800, 1, 0, 0
80249, 6747, 1, 0, 0
80349, 7760, 1, 0, 0
80449, 7760, 1, 0, 0
80549, 5200, 1, 0, 0
80649, 5200, 1, 0, 0
80749, 5200, 1, 0, 0
80849, 5200, 1, 0, 0
80949, 5200, 1, 0, 0
81050, 5200, 1, 0, 0
81150, 5200, 1, 0, 0
81249, 6505, 1, 0, 0
81349, 7800, 1, 0, 0
81449, 6600, 1, 0, 0
81549, 7800, 1, 0, 0
81649, 7840, 1, 0, 0
81749, 7800, 1, 0, 0
81849, 8400, 1, 0, 0
81949, 8000, 1, 0, 0
82049, 4320, 1, 0, 0
82149, 2600, 1, 0, 0
82250, 2600, 1, 0, 0
82350, 2640, 1, 0, 0
82450, 2600, 1, 0, 0
82550, 920, 1, 0, 0
82650, 3200, 1, 0, 0
82749, 2626, 1, 0, 0
82849, 2640, 1, 0, 0
82949, 1360, 1, 0, 0
83050, 6440, 1, 0, 0
83150, 7800, 1, 0, 0
83249, 7878, 1, 0, 0
83349, 7760, 1, 0, 0
83449, 7840, 1, 0, 0
83549, 6040, 1, 0, 0
83649, 7040, 1, 0, 0
83749, 6000, 1, 0, 0
83849, 5200, 1, 0, 0
83949, 7440, 1, 0, 0
84049, 5560, 1, 0, 0
84149, 7000, 1, 0, 0
84249, 7760, 1, 0, 0
84349, 5800, 1, 0, 0
84449, 7240, 1, 0, 0
84550, 5760, 1, 0, 0
84650, 8400, 1, 0, 0
84749, 9737, 1, 0, 0
84849, 5280, 1, 0, 0
84949, 7720, 1, 0, 0
85049, 8000, 1, 0, 0
85149, 7600, 1, 0, 0
85249, 8160, 1, 0, 0
85349, 4800, 1, 0, 0
85449, 120, 1, 0, 0
85550, 2600, 1, 0, 0
85650, 2600, 1, 0, 0
85749, 5252, 1, 0, 0
85849, 2600, 1, 0, 0
85949, 2560, 1, 0, 0
86049, 2600, 1, 0, 0
86149, 2600, 1, 0, 0
86250, 2600, 1, 0, 0
86350, 3280, 1, 0, 0
86450, 7120, 1, 0, 0
86550, 8200, 1, 0, 0
86650, 7600, 1, 0, 0
86749, 7878, 1, 0, 0
86849, 7760, 1, 0, 0
86949, 7800, 1, 0, 0
87049, 7800, 1, 0, 0
87149, 8080, 1, 0, 0
87249, 10040, 1, 0, 0
87349, 7800, 1, 0, 0
87449, 5320, 1, 0, 0
87550, 7720, 1, 0, 0
87650, 7720, 1, 0, 0
87749, 7878, 1, 0, 0
87849, 7800, 1, 0, 0
87949, 7960, 1, 0, 0
88049, 7840, 1, 0, 0
88149, 7960, 1, 0, 0
88249, 9080, 1, 0, 0
88349, 7720, 1, 0, 0
88449, 10280, 1, 0, 0
88549, 2600, 1, 0, 0
88649, 360, 1, 0, 0
88749, 2520, 1, 0, 0
88849, 2600, 1, 0, 0
88950, 2600, 1, 0, 0
89050, 2400, 1, 0, 0
89150, 200, 1, 0, 0
89249, 2585, 1, 0, 0
89349, 2640, 1, 0, 0
89449, 5200, 1, 0, 0
89549, 7880, 1, 0, 0
89649, 7840, 1, 0, 0
89750, 9560, 1, 0, 0
89850, 7800, 1, 0, 0
89950, 7800, 1, 0, 0
