250, 764, 1, 0, 0
350, 650, 1, 0, 0
450, 850, 1, 0, 0
550, 1950, 1, 0, 0
650, 2580, 1, 0, 0
749, 1636, 1, 0, 0
849, 1960, 1, 0, 0
949, 1950, 1, 0, 0
1050, 2100, 1, 0, 0
1150, 1320, 1, 0, 0
1249, 1464, 1, 0, 0
1349, 1620, 1, 0, 0
1449, 1980, 1, 0, 0
1549, 1850, 1, 0, 0
1649, 1400, 1, 0, 0
1749, 1950, 1, 0, 0
1849, 2070, 1, 0, 0
1949, 1880, 1, 0, 0
2050, 1460, 1, 0, 0
2150, 1300, 1, 0, 0
2249, 1888, 1, 0, 0
2349, 1300, 1, 0, 0
2449, 1390, 1, 0, 0
2549, 1300, 1, 0, 0
2649, 1970, 1, 0, 0
2749, 1280, 1, 0, 0
2849, 750, 1, 0, 0
2949, 650, 1, 0, 0
3049, 650, 1, 0, 0
3149, 650, 1, 0, 0
3250, 650, 1, 0, 0
3350, 650, 1, 0, 0
3450, 650, 1, 0, 0
3550, 650, 1, 0, 0
3650, 660, 1, 0, 0
3749, 1888, 1, 0, 0
3849, 1300, 1, 0, 0
3949, 1650, 1, 0, 0
4049, 1300, 1, 0, 0
4150, 1310, 1, 0, 0
4249, 1313, 1, 0, 0
4349, 1300, 1, 0, 0
4449, 1820, 1, 0, 0
4549, 1460, 1, 0, 0
4649, 1830, 1, 0, 0
4749, 1950, 1, 0, 0
4849, 2170, 1, 0, 0
4949, 1830, 1, 0, 0
5049, 2090, 1, 0, 0
5149, 1300, 1, 0, 0
5249, 1383, 1, 0, 0
5349, 1340, 1, 0, 0
5449, 1410, 1, 0, 0
5549, 1830, 1, 0, 0
5649, 1300, 1, 0, 0
5749, 1300, 1, 0, 0
5849, 1650, 1, 0, 0
5949, 1970, 1, 0, 0
6049, 930, 1, 0, 0
6150, 650, 1, 0, 0
6249, 818, 1, 0, 0
6349, 660, 1, 0, 0
6449, 650, 1, 0, 0
6549, 650, 1, 0, 0
6649, 300, 1, 0, 0
6749, 650, 1, 0, 0
6849, 1010, 1, 0, 0
6949, 1590, 1, 0, 0
7049, 1940, 1, 0, 0
7150, 1950, 1, 0, 0
7249, 1969, 1, 0, 0
7349, 1940, 1, 0, 0
7449, 1960, 1, 0, 0
7549, 1940, 1, 0, 0
7649, 1530, 1, 0, 0
7749, 1950, 1, 0, 0
7849, 2570, 1, 0, 0
7949, 1970, 1, 0, 0
8049, 1990, 1, 0, 0
8150, 1990, 1, 0, 0
8249, 1979, 1, 0, 0
8349, 1910, 1, 0, 0
8449, 1610, 1, 0, 0
8549, 2400, 1, 0, 0
8649, 2040, 1, 0, 0
8749, 2060, 1, 0, 0
8849, 2160, 1, 0, 0
8949, 1340, 1, 0, 0
9049, 2570, 1, 0, 0
9149, 1320, 1, 0, 0
9250, 2590, 1, 0, 0
9350, 1960, 1, 0, 0
9450, 770, 1, 0, 0
9550, 10, 1, 0, 0
9650, 830, 1, 0, 0
9749, 656, 1, 0, 0
9849, 650, 1, 0, 0
9949, 500, 1, 0, 0
10049, 800, 1, 0, 0
10149, 1950, 1, 0, 0
10250, 2150, 1, 0, 0
10350, 1900, 1, 0, 0
10450, 1950, 1, 0, 0
10550, 1700, 1, 0, 0
10650, 1560, 1, 0, 0
10749, 1969, 1, 0, 0
10849, 1450, 1, 0, 0
10949, 1640, 1, 0, 0
11049, 1730, 1, 0, 0
11149, 1670, 1, 0, 0
11250, 2010, 1, 0, 0
11350, 1940, 1, 0, 0
11450, 1650, 1, 0, 0
11550, 1720, 1, 0, 0
11650, 1710, 1, 0, 0
11749, 2262, 1, 0, 0
11849, 1950, 1, 0, 0
11949, 1950, 1, 0, 0
12049, 1950, 1, 0, 0
12149, 1970, 1, 0, 0
12249, 1430, 1, 0, 0
12349, 1820, 1, 0, 0
12449, 1300, 1, 0, 0
12550, 1520, 1, 0, 0
12650, 1800, 1, 0, 0
12749, 1313, 1, 0, 0
12849, 1950, 1, 0, 0
12949, 1510, 1, 0, 0
13049, 1860, 1, 0, 0
13149, 1170, 1, 0, 0
13249, 140, 1, 0, 0
13349, 650, 1, 0, 0
13449, 650, 1, 0, 0
13550, 680, 1, 0, 0
13650, 480, 1, 0, 0
13749, 656, 1, 0, 0
13849, 180, 1, 0, 0
13949, 650, 1, 0, 0
14049, 480, 1, 0, 0
14149, 1680, 1, 0, 0
14249, 1570, 1, 0, 0
14349, 1300, 1, 0, 0
14449, 1690, 1, 0, 0
14550, 1560, 1, 0, 0
14650, 1300, 1, 0, 0
14749, 1727, 1, 0, 0
14849, 1310, 1, 0, 0
14949, 1300, 1, 0, 0
15049, 1750, 1, 0, 0
15149, 1300, 1, 0, 0
15249, 1300, 1, 0, 0
15349, 1300, 1, 0, 0
15449, 1580, 1, 0, 0
15549, 1950, 1, 0, 0
15650, 1940, 1, 0, 0
15749, 1969, 1, 0, 0
15849, 1950, 1, 0, 0
15949, 1650, 1, 0, 0
16049, 2190, 1, 0, 0
16149, 1370, 1, 0, 0
16249, 1950, 1, 0, 0
16349, 1340, 1, 0, 0
16449, 1300, 1, 0, 0
16549, 330, 1, 0, 0
16649, 650, 1, 0, 0
16750, 650, 1, 0, 0
16850, 650, 1, 0, 0
16950, 760, 1, 0, 0
17050, 650, 1, 0, 0
17150, 650, 1, 0, 0
17249, 656, 1, 0, 0
17349, 650, 1, 0, 0
17449, 1950, 1, 0, 0
17549, 1960, 1, 0, 0
17650, 1320, 1, 0, 0
17749, 1393, 1, 0, 0
17849, 1310, 1, 0, 0
17949, 2570, 1, 0, 0
18049, 1950, 1, 0, 0
18149, 1950, 1, 0, 0
18249, 2140, 1, 0, 0
18349, 1960, 1, 0, 0
18449, 1740, 1, 0, 0
18550, 1520, 1, 0, 0
18650, 1730, 1, 0, 0
18749, 1979, 1, 0, 0
18849, 1300, 1, 0, 0
18949, 1790, 1, 0, 0
19049, 1950, 1, 0, 0
19149, 1460, 1, 0, 0
19249, 1780, 1, 0, 0
19349, 870, 1, 0, 0
19449, 1820, 1, 0, 0
19550, 1290, 1, 0, 0
19650, 660, 1, 0, 0
19749, 555, 1, 0, 0
19849, 110, 1, 0, 0
19949, 750, 1, 0, 0
20049, 540, 1, 0, 0
20149, 110, 1, 0, 0
20249, 540, 1, 0, 0
20349, 110, 1, 0, 0
20450, 540, 1, 0, 0
20650, 760, 1, 0, 0
20749, 1202, 1, 0, 0
20849, 650, 1, 0, 0
20949, 1300, 1, 0, 0
21049, 1320, 1, 0, 0
21149, 1120, 1, 0, 0
21249, 1480, 1, 0, 0
21349, 1410, 1, 0, 0
21449, 1830, 1, 0, 0
21550, 2580, 1, 0, 0
21650, 1940, 1, 0, 0
21749, 2232, 1, 0, 0
21849, 1680, 1, 0, 0
21949, 1950, 1, 0, 0
22049, 1950, 1, 0, 0
22149, 1950, 1, 0, 0
22249, 1940, 1, 0, 0
22349, 650, 1, 0, 0
22449, 650, 1, 0, 0
22549, 650, 1, 0, 0
22650, 650, 1, 0, 0
22749, 70, 1, 0, 0
22849, 760, 1, 0, 0
22949, 650, 1, 0, 0
23049, 470, 1, 0, 0
23149, 830, 1, 0, 0
23249, 800, 1, 0, 0
23349, 1620, 1, 0, 0
23449, 1630, 1, 0, 0
23549, 1370, 1, 0, 0
23650, 1840, 1, 0, 0
23749, 1979, 1, 0, 0
23849, 1940, 1, 0, 0
23949, 1460, 1, 0, 0
24049, 1800, 1, 0, 0
24149, 1460, 1, 0, 0
24249, 1990, 1, 0, 0
24349, 1780, 1, 0, 0
24449, 1960, 1, 0, 0
24549, 2380, 1, 0, 0
24649, 1440, 1, 0, 0
24749, 1950, 1, 0, 0
24849, 1950, 1, 0, 0
24950, 2570, 1, 0, 0
25050, 1950, 1, 0, 0
25150, 1950, 1, 0, 0
25249, 2121, 1, 0, 0
25349, 1950, 1, 0, 0
25449, 1930, 1, 0, 0
25549, 1300, 1, 0, 0
25649, 650, 1, 0, 0
25749, 650, 1, 0, 0
25849, 650, 1, 0, 0
25949, 650, 1, 0, 0
26049, 460, 1, 0, 0
26149, 840, 1, 0, 0
26250, 650, 1, 0, 0
26350, 650, 1, 0, 0
26450, 650, 1, 0, 0
26550, 1310, 1, 0, 0
26650, 1950, 1, 0, 0
26749, 1969, 1, 0, 0
26849, 1960, 1, 0, 0
26949, 1950, 1, 0, 0
27049, 1950, 1, 0, 0
27149, 1710, 1, 0, 0
27250, 2180, 1, 0, 0
27350, 1370, 1, 0, 0
27450, 1960, 1, 0, 0
27550, 1300, 1, 0, 0
27650, 1880, 1, 0, 0
27749, 1979, 1, 0, 0
27849, 2590, 1, 0, 0
27949, 1560, 1, 0, 0
28049, 1690, 1, 0, 0
28149, 1310, 1, 0, 0
28250, 1300, 1, 0, 0
28350, 1300, 1, 0, 0
28450, 1840, 1, 0, 0
28550, 1300, 1, 0, 0
28650, 1740, 1, 0, 0
28749, 1545, 1, 0, 0
28849, 1300, 1, 0, 0
28949, 1060, 1, 0, 0
29049, 240, 1, 0, 0
29149, 650, 1, 0, 0
29250, 650, 1, 0, 0
29350, 420, 1, 0, 0
29450, 230, 1, 0, 0
29550, 650, 1, 0, 0
29650, 650, 1, 0, 0
29749, 1747, 1, 0, 0
29849, 1970, 1, 0, 0
29949, 1300, 1, 0, 0
30049, 1300, 1, 0, 0
30149, 1300, 1, 0, 0
30249, 1300, 1, 0, 0
30350, 1710, 1, 0, 0
30450, 1300, 1, 0, 0
30550, 1300, 1, 0, 0
30650, 1950, 1, 0, 0
30749, 1585, 1, 0, 0
30849, 1950, 1, 0, 0
30949, 1950, 1, 0, 0
31049, 1950, 1, 0, 0
31149, 1950, 1, 0, 0
31249, 1950, 1, 0, 0
31349, 1950, 1, 0, 0
31449, 1950, 1, 0, 0
31550, 1950, 1, 0, 0
31650, 1620, 1, 0, 0
31749, 1343, 1, 0, 0
31849, 2030, 1, 0, 0
31949, 1950, 1, 0, 0
32049, 1950, 1, 0, 0
32149, 1420, 1, 0, 0
32249, 2210, 1, 0, 0
32349, 1300, 1, 0, 0
32449, 650, 1, 0, 0
32549, 380, 1, 0, 0
32649, 270, 1, 0, 0
32750, 650, 1, 0, 0
32850, 380, 1, 0, 0
32950, 280, 1, 0, 0
33050, 370, 1, 0, 0
33150, 650, 1, 0, 0
33249, 282, 1, 0, 0
33349, 1100, 1, 0, 0
33449, 1490, 1, 0, 0
33549, 1840, 1, 0, 0
33650, 1570, 1, 0, 0
33749, 1393, 1, 0, 0
33849, 1950, 1, 0, 0
33949, 1750, 1, 0, 0
34049, 1300, 1, 0, 0
34149, 1510, 1, 0, 0
34249, 1950, 1, 0, 0
34349, 1750, 1, 0, 0
34449, 2580, 1, 0, 0
34549, 1420, 1, 0, 0
34649, 1860, 1, 0, 0
34750, 1950, 1, 0, 0
34850, 1950, 1, 0, 0
34950, 1510, 1, 0, 0
35050, 1960, 1, 0, 0
35150, 1950, 1, 0, 0
35249, 2171, 1, 0, 0
35349, 1990, 1, 0, 0
35449, 2600, 1, 0, 0
35549, 700, 1, 0, 0
35649, 2600, 1, 0, 0
35749, 710, 1, 0, 0
35850, 600, 1, 0, 0
35950, 730, 1, 0, 0
36050, 660, 1, 0, 0
36150, 660, 1, 0, 0
36249, 656, 1, 0, 0
36349, 420, 1, 0, 0
36449, 650, 1, 0, 0
36549, 650, 1, 0, 0
36649, 230, 1, 0, 0
36750, 1720, 1, 0, 0
36850, 1530, 1, 0, 0
36950, 1720, 1, 0, 0
37050, 1950, 1, 0, 0
37150, 1300, 1, 0, 0
37249, 1666, 1, 0, 0
37349, 1300, 1, 0, 0
37449, 1620, 1, 0, 0
37549, 1310, 1, 0, 0
37649, 1620, 1, 0, 0
37749, 1650, 1, 0, 0
37850, 1600, 1, 0, 0
37950, 1300, 1, 0, 0
38050, 1650, 1, 0, 0
38150, 1870, 1, 0, 0
38249, 1313, 1, 0, 0
38349, 1430, 1, 0, 0
38449, 1690, 1, 0, 0
38549, 2460, 1, 0, 0
38649, 1950, 1, 0, 0
38749, 1310, 1, 0, 0
38850, 1950, 1, 0, 0
38950, 1390, 1, 0, 0
39050, 750, 1, 0, 0
39150, 560, 1, 0, 0
39249, 90, 1, 0, 0
39349, 760, 1, 0, 0
39449, 480, 1, 0, 0
39549, 180, 1, 0, 0
39650, 650, 1, 0, 0
39749, 474, 1, 0, 0
39849, 180, 1, 0, 0
39949, 1300, 1, 0, 0
40049, 1300, 1, 0, 0
40149, 1300, 1, 0, 0
40249, 1770, 1, 0, 0
40349, 1310, 1, 0, 0
40449, 1950, 1, 0, 0
40549, 1680, 1, 0, 0
40649, 1440, 1, 0, 0
40750, 1820, 1, 0, 0
40850, 1300, 1, 0, 0
40950, 1840, 1, 0, 0
41050, 1300, 1, 0, 0
41150, 1450, 1, 0, 0
41249, 1313, 1, 0, 0
41349, 1300, 1, 0, 0
41449, 1800, 1, 0, 0
41549, 1300, 1, 0, 0
41649, 1950, 1, 0, 0
41749, 1480, 1, 0, 0
41850, 1790, 1, 0, 0
41950, 1960, 1, 0, 0
42050, 1460, 1, 0, 0
42150, 1800, 1, 0, 0
42249, 1969, 1, 0, 0
42349, 1900, 1, 0, 0
42449, 1420, 1, 0, 0
42549, 670, 1, 0, 0
42649, 650, 1, 0, 0
42749, 740, 1, 0, 0
42849, 650, 1, 0, 0
42950, 650, 1, 0, 0
43050, 660, 1, 0, 0
43150, 410, 1, 0, 0
43249, 656, 1, 0, 0
43349, 660, 1, 0, 0
43449, 2040, 1, 0, 0
43549, 1950, 1, 0, 0
43649, 1950, 1, 0, 0
43749, 1880, 1, 0, 0
43849, 1950, 1, 0, 0
43950, 1520, 1, 0, 0
44050, 1330, 1, 0, 0
44150, 1300, 1, 0, 0
44249, 1555, 1, 0, 0
44349, 1500, 1, 0, 0
44449, 1310, 1, 0, 0
44549, 1300, 1, 0, 0
44649, 1570, 1, 0, 0
44749, 1680, 1, 0, 0
44849, 1560, 1, 0, 0
44950, 1310, 1, 0, 0
45050, 1300, 1, 0, 0
45150, 2590, 1, 0, 0
45249, 1979, 1, 0, 0
45349, 1940, 1, 0, 0
45449, 1950, 1, 0, 0
45549, 1310, 1, 0, 0
45649, 790, 1, 0, 0
45749, 1170, 1, 0, 0
45850, 650, 1, 0, 0
45950, 650, 1, 0, 0
46050, 250, 1, 0, 0
46150, 420, 1, 0, 0
46249, 636, 1, 0, 0
46349, 650, 1, 0, 0
46449, 270, 1, 0, 0
46549, 660, 1, 0, 0
46650, 370, 1, 0, 0
46749, 949, 1, 0, 0
46849, 1010, 1, 0, 0
46949, 1600, 1, 0, 0
47049, 1310, 1, 0, 0
47149, 1300, 1, 0, 0
47249, 1300, 1, 0, 0
47349, 1640, 1, 0, 0
47449, 1620, 1, 0, 0
47549, 1640, 1, 0, 0
47649, 1960, 1, 0, 0
47750, 1940, 1, 0, 0
47850, 1950, 1, 0, 0
47950, 1990, 1, 0, 0
48050, 2620, 1, 0, 0
48150, 1950, 1, 0, 0
48249, 1979, 1, 0, 0
48349, 1950, 1, 0, 0
48449, 1410, 1, 0, 0
48549, 1840, 1, 0, 0
48649, 1410, 1, 0, 0
48749, 1200, 1, 0, 0
48850, 700, 1, 0, 0
48950, 580, 1, 0, 0
49050, 660, 1, 0, 0
49150, 650, 1, 0, 0
49249, 70, 1, 0, 0
49349, 650, 1, 0, 0
49449, 630, 1, 0, 0
49550, 680, 1, 0, 0
49650, 610, 1, 0, 0
49749, 686, 1, 0, 0
49849, 1580, 1, 0, 0
49949, 1680, 1, 0, 0
50049, 1300, 1, 0, 0
50149, 1700, 1, 0, 0
50249, 1340, 1, 0, 0
50349, 1570, 1, 0, 0
50449, 1740, 1, 0, 0
50549, 1730, 1, 0, 0
50649, 1540, 1, 0, 0
50750, 1300, 1, 0, 0
50850, 2030, 1, 0, 0
50950, 990, 1, 0, 0
51050, 1950, 1, 0, 0
51150, 1790, 1, 0, 0
51249, 1343, 1, 0, 0
51349, 1310, 1, 0, 0
51449, 1310, 1, 0, 0
51549, 1300, 1, 0, 0
51649, 1600, 1, 0, 0
51749, 1300, 1, 0, 0
51849, 1940, 1, 0, 0
51950, 1340, 1, 0, 0
52050, 1280, 1, 0, 0
52150, 650, 1, 0, 0
52249, 666, 1, 0, 0
52349, 650, 1, 0, 0
52449, 1280, 1, 0, 0
52549, 70, 1, 0, 0
52649, 660, 1, 0, 0
52749, 650, 1, 0, 0
52850, 650, 1, 0, 0
52950, 650, 1, 0, 0
53050, 1300, 1, 0, 0
53150, 1980, 1, 0, 0
53249, 1969, 1, 0, 0
53349, 1940, 1, 0, 0
53449, 1950, 1, 0, 0
53549, 1350, 1, 0, 0
53649, 1900, 1, 0, 0
53749, 1380, 1, 0, 0
53849, 1940, 1, 0, 0
53949, 1890, 1, 0, 0
54049, 1430, 1, 0, 0
54149, 1250, 1, 0, 0
54250, 1440, 1, 0, 0
54350, 1870, 1, 0, 0
54450, 1410, 1, 0, 0
54550, 1440, 1, 0, 0
54650, 1300, 1, 0, 0
54749, 1848, 1, 0, 0
54849, 1950, 1, 0, 0
54949, 1940, 1, 0, 0
55049, 1950, 1, 0, 0
55149, 1950, 1, 0, 0
55249, 1300, 1, 0, 0
55349, 650, 1, 0, 0
55450, 650, 1, 0, 0
55550, 650, 1, 0, 0
55650, 190, 1, 0, 0
55749, 464, 1, 0, 0
55849, 650, 1, 0, 0
55949, 190, 1, 0, 0
56049, 460, 1, 0, 0
56149, 650, 1, 0, 0
56249, 840, 1, 0, 0
56349, 1300, 1, 0, 0
56449, 1300, 1, 0, 0
56550, 1310, 1, 0, 0
56650, 2370, 1, 0, 0
56749, 1969, 1, 0, 0
56849, 1940, 1, 0, 0
56949, 2580, 1, 0, 0
57049, 1950, 1, 0, 0
57149, 1640, 1, 0, 0
57249, 1950, 1, 0, 0
57349, 1950, 1, 0, 0
57449, 1950, 1, 0, 0
57549, 2080, 1, 0, 0
57649, 1970, 1, 0, 0
57750, 1810, 1, 0, 0
57850, 1300, 1, 0, 0
57950, 1970, 1, 0, 0
58050, 1450, 1, 0, 0
58150, 1800, 1, 0, 0
58249, 1787, 1, 0, 0
58349, 2140, 1, 0, 0
58449, 1620, 1, 0, 0
58550, 650, 1, 0, 0
58650, 650, 1, 0, 0
58749, 686, 1, 0, 0
58849, 300, 1, 0, 0
58949, 660, 1, 0, 0
59049, 650, 1, 0, 0
59149, 660, 1, 0, 0
59249, 650, 1, 0, 0
59349, 340, 1, 0, 0
59449, 1960, 1, 0, 0
59550, 1310, 1, 0, 0
59650, 1300, 1, 0, 0
59749, 1636, 1, 0, 0
59849, 1330, 1, 0, 0
59949, 1600, 1, 0, 0
60049, 1300, 1, 0, 0
60149, 1970, 1, 0, 0
60249, 1300, 1, 0, 0
60349, 1690, 1, 0, 0
60449, 1560, 1, 0, 0
60549, 1970, 1, 0, 0
60649, 1860, 1, 0, 0
60750, 1520, 1, 0, 0
60850, 1950, 1, 0, 0
60950, 1940, 1, 0, 0
61050, 1950, 1, 0, 0
61150, 1950, 1, 0, 0
61249, 2121, 1, 0, 0
61349, 2410, 1, 0, 0
61449, 1950, 1, 0, 0
61549, 1310, 1, 0, 0
61649, 2590, 1, 0, 0
61750, 660, 1, 0, 0
61850, 1300, 1, 0, 0
61950, 650, 1, 0, 0
62050, 650, 1, 0, 0
62150, 180, 1, 0, 0
62249, 838, 1, 0, 0
62349, 650, 1, 0, 0
62449, 650, 1, 0, 0
62549, 1650, 1, 0, 0
62649, 1950, 1, 0, 0
62749, 1616, 1, 0, 0
62849, 1910, 1, 0, 0
62949, 1810, 1, 0, 0
63049, 2150, 1, 0, 0
63149, 2250, 1, 0, 0
63249, 1860, 1, 0, 0
63349, 2240, 1, 0, 0
63449, 1310, 1, 0, 0
63549, 1980, 1, 0, 0
63649, 1960, 1, 0, 0
63749, 1940, 1, 0, 0
63849, 1960, 1, 0, 0
63949, 1590, 1, 0, 0
64050, 1300, 1, 0, 0
64150, 1300, 1, 0, 0
64249, 1313, 1, 0, 0
64349, 1300, 1, 0, 0
64449, 1710, 1, 0, 0
64549, 2110, 1, 0, 0
64649, 1960, 1, 0, 0
64749, 1950, 1, 0, 0
64849, 1950, 1, 0, 0
64949, 1950, 1, 0, 0
65049, 1780, 1, 0, 0
65149, 1970, 1, 0, 0
65250, 1520, 1, 0, 0
65350, 650, 1, 0, 0
65450, 660, 1, 0, 0
65550, 650, 1, 0, 0
65650, 430, 1, 0, 0
65749, 656, 1, 0, 0
65849, 650, 1, 0, 0
65949, 220, 1, 0, 0
66049, 650, 1, 0, 0
66149, 430, 1, 0, 0
66249, 666, 1, 0, 0
66349, 860, 1, 0, 0
66549, 1740, 1, 0, 0
66649, 1530, 1, 0, 0
66749, 1920, 1, 0, 0
66849, 1380, 1, 0, 0
66949, 1890, 1, 0, 0
67049, 1450, 1, 0, 0
67150, 1300, 1, 0, 0
67249, 1848, 1, 0, 0
67349, 1940, 1, 0, 0
67449, 1370, 1, 0, 0
67549, 2580, 1, 0, 0
67649, 1380, 1, 0, 0
67749, 1870, 1, 0, 0
67849, 1390, 1, 0, 0
67949, 1300, 1, 0, 0
68049, 1980, 1, 0, 0
68149, 1300, 1, 0, 0
68249, 1870, 1, 0, 0
68349, 1860, 1, 0, 0
68449, 1600, 1, 0, 0
68550, 1300, 1, 0, 0
68650, 470, 1, 0, 0
68749, 656, 1, 0, 0
68849, 190, 1, 0, 0
68949, 650, 1, 0, 0
69049, 650, 1, 0, 0
69149, 470, 1, 0, 0
69249, 650, 1, 0, 0
69349, 650, 1, 0, 0
69449, 1290, 1, 0, 0
69550, 660, 1, 0, 0
69650, 2100, 1, 0, 0
69749, 1969, 1, 0, 0
69849, 1810, 1, 0, 0
69949, 1970, 1, 0, 0
70049, 1430, 1, 0, 0
70149, 2470, 1, 0, 0
70249, 1310, 1, 0, 0
70349, 1520, 1, 0, 0
70449, 1110, 1, 0, 0
70549, 1950, 1, 0, 0
70650, 1520, 1, 0, 0
70749, 1313, 1, 0, 0
70849, 1860, 1, 0, 0
70949, 1520, 1, 0, 0
71049, 2530, 1, 0, 0
71149, 1940, 1, 0, 0
71249, 1960, 1, 0, 0
71349, 1950, 1, 0, 0
71449, 2600, 1, 0, 0
71549, 2590, 1, 0, 0
71649, 1340, 1, 0, 0
71750, 1950, 1, 0, 0
71850, 1300, 1, 0, 0
71950, 650, 1, 0, 0
72050, 720, 1, 0, 0
72150, 650, 1, 0, 0
72249, 696, 1, 0, 0
72349, 650, 1, 0, 0
72449, 410, 1, 0, 0
72550, 660, 1, 0, 0
72650, 650, 1, 0, 0
72749, 656, 1, 0, 0
72849, 1310, 1, 0, 0
72949, 1970, 1, 0, 0
73049, 1560, 1, 0, 0
73149, 1690, 1, 0, 0
73249, 1350, 1, 0, 0
73349, 2180, 1, 0, 0
73449, 1320, 1, 0, 0
73549, 2370, 1, 0, 0
73649, 1960, 1, 0, 0
73749, 2000, 1, 0, 0
73850, 1320, 1, 0, 0
73950, 1950, 1, 0, 0
74050, 1970, 1, 0, 0
74150, 1870, 1, 0, 0
74249, 1555, 1, 0, 0
74349, 1300, 1, 0, 0
74449, 1300, 1, 0, 0
74549, 1300, 1, 0, 0
74649, 1730, 1, 0, 0
74749, 1300, 1, 0, 0
74849, 1400, 1, 0, 0
74949, 2070, 1, 0, 0
75050, 2020, 1, 0, 0
75150, 650, 1, 0, 0
75249, 656, 1, 0, 0
75349, 150, 1, 0, 0
75449, 650, 1, 0, 0
75549, 650, 1, 0, 0
75649, 650, 1, 0, 0
75749, 1150, 1, 0, 0
75849, 1950, 1, 0, 0
75949, 1710, 1, 0, 0
76050, 1300, 1, 0, 0
76150, 1630, 1, 0, 0
76249, 1646, 1, 0, 0
76349, 1300, 1, 0, 0
76449, 1620, 1, 0, 0
76549, 1650, 1, 0, 0
76649, 1950, 1, 0, 0
76749, 1960, 1, 0, 0
76849, 1950, 1, 0, 0
76949, 2000, 1, 0, 0
77049, 1880, 1, 0, 0
77149, 1380, 1, 0, 0
77249, 1300, 1, 0, 0
77350, 1900, 1, 0, 0
77450, 1340, 1, 0, 0
77550, 1300, 1, 0, 0
77650, 1350, 1, 0, 0
77749, 1909, 1, 0, 0
77849, 1950, 1, 0, 0
77949, 2570, 1, 0, 0
78049, 1460, 1, 0, 0
78149, 1840, 1, 0, 0
78249, 1890, 1, 0, 0
78349, 1950, 1, 0, 0
78449, 1940, 1, 0, 0
78550, 2080, 1, 0, 0
78650, 1830, 1, 0, 0
78749, 1989, 1, 0, 0
78849, 650, 1, 0, 0
78949, 660, 1, 0, 0
79049, 1290, 1, 0, 0
79149, 10, 1, 0, 0
79249, 1310, 1, 0, 0
79349, 10, 1, 0, 0
79449, 1290, 1, 0, 0
79550, 660, 1, 0, 0
79650, 640, 1, 0, 0
79749, 656, 1, 0, 0
79849, 1300, 1, 0, 0
79949, 1300, 1, 0, 0
80049, 1660, 1, 0, 0
80149, 1410, 1, 0, 0
80249, 1290, 1, 0, 0
80349, 1450, 1, 0, 0
80449, 1800, 1, 0, 0
80549, 1310, 1, 0, 0
80649, 1440, 1, 0, 0
80750, 1160, 1, 0, 0
80850, 1400, 1, 0, 0
80950, 1300, 1, 0, 0
81050, 1300, 1, 0, 0
81150, 1300, 1, 0, 0
81249, 1313, 1, 0, 0
81349, 1360, 1, 0, 0
81449, 1300, 1, 0, 0
81549, 1670, 1, 0, 0
81649, 1860, 1, 0, 0
81749, 1430, 1, 0, 0
81849, 1340, 1, 0, 0
81949, 1800, 1, 0, 0
82050, 1310, 1, 0, 0
82150, 650, 1, 0, 0
82249, 686, 1, 0, 0
82349, 650, 1, 0, 0
82449, 650, 1, 0, 0
82549, 290, 1, 0, 0
82649, 360, 1, 0, 0
82749, 290, 1, 0, 0
82849, 650, 1, 0, 0
82949, 360, 1, 0, 0
83050, 940, 1, 0, 0
83150, 1300, 1, 0, 0
83249, 1676, 1, 0, 0
83349, 1300, 1, 0, 0
83449, 1620, 1, 0, 0
83549, 1730, 1, 0, 0
83649, 1650, 1, 0, 0
83749, 1300, 1, 0, 0
83849, 2110, 1, 0, 0
83949, 1300, 1, 0, 0
84050, 1800, 1, 0, 0
84150, 1450, 1, 0, 0
84249, 1969, 1, 0, 0
84349, 1950, 1, 0, 0
84449, 1950, 1, 0, 0
84549, 1940, 1, 0, 0
84649, 1950, 1, 0, 0
84749, 1950, 1, 0, 0
84849, 1810, 1, 0, 0
84949, 2560, 1, 0, 0
85049, 1940, 1, 0, 0
85149, 1930, 1, 0, 0
85250, 1960, 1, 0, 0
85350, 1300, 1, 0, 0
85450, 110, 1, 0, 0
85550, 1190, 1, 0, 0
85650, 20, 1, 0, 0
85749, 727, 1, 0, 0
85849, 650, 1, 0, 0
85949, 650, 1, 0, 0
86050, 560, 1, 0, 0
86150, 650, 1, 0, 0
86249, 161, 1, 0, 0
86349, 1300, 1, 0, 0
86449, 1800, 1, 0, 0
86549, 1950, 1, 0, 0
86649, 1500, 1, 0, 0
86749, 2150, 1, 0, 0
86849, 1550, 1, 0, 0
86949, 1950, 1, 0, 0
87049, 1490, 1, 0, 0
87149, 1750, 1, 0, 0
87250, 1300, 1, 0, 0
87350, 1950, 1, 0, 0
87450, 1950, 1, 0, 0
87550, 3250, 1, 0, 0
87650, 1960, 1, 0, 0
87749, 1969, 1, 0, 0
87849, 1990, 1, 0, 0
87949, 1300, 1, 0, 0
88049, 1910, 1, 0, 0
88149, 1950, 1, 0, 0
88250, 1950, 1, 0, 0
88350, 1950, 1, 0, 0
88450, 1940, 1, 0, 0
88550, 750, 1, 0, 0
88650, 550, 1, 0, 0
88749, 666, 1, 0, 0
88849, 650, 1, 0, 0
88949, 650, 1, 0, 0
89049, 650, 1, 0, 0
89150, 640, 1, 0, 0
89249, 656, 1, 0, 0
89349, 650, 1, 0, 0
89449, 650, 1, 0, 0
89549, 1440, 1, 0, 0
89649, 1960, 1, 0, 0
89749, 1950, 1, 0, 0
89849, 1960, 1, 0, 0
89949, 1320, 1, 0, 0
