250, 2496, 1, 0, 0
350, 1680, 1, 0, 0
450, 4240, 1, 0, 0
550, 5200, 1, 0, 0
650, 6280, 1, 0, 0
749, 5252, 1, 0, 0
849, 5440, 1, 0, 0
949, 6840, 1, 0, 0
1049, 5480, 1, 0, 0
1149, 5200, 1, 0, 0
1249, 6560, 1, 0, 0
1350, 5200, 1, 0, 0
1450, 6480, 1, 0, 0
1550, 5200, 1, 0, 0
1650, 5440, 1, 0, 0
1749, 6868, 1, 0, 0
1849, 7800, 1, 0, 0
1949, 5200, 1, 0, 0
2049, 6320, 1, 0, 0
2149, 5880, 1, 0, 0
2249, 6000, 1, 0, 0
2349, 7880, 1, 0, 0
2449, 7840, 1, 0, 0
2549, 8120, 1, 0, 0
2650, 7480, 1, 0, 0
2749, 2626, 1, 0, 0
2849, 2600, 1, 0, 0
2949, 320, 1, 0, 0
3049, 2280, 1, 0, 0
3149, 2600, 1, 0, 0
3249, 2600, 1, 0, 0
3349, 360, 1, 0, 0
3449, 3000, 1, 0, 0
3550, 2600, 1, 0, 0
3650, 1840, 1, 0, 0
3749, 6020, 1, 0, 0
3849, 6000, 1, 0, 0
3949, 6480, 1, 0, 0
4049, 3960, 1, 0, 0
4149, 6440, 1, 0, 0
4249, 5200, 1, 0, 0
4349, 6040, 1, 0, 0
4449, 5240, 1, 0, 0
4549, 5200, 1, 0, 0
4649, 7760, 1, 0, 0
4750, 7840, 1, 0, 0
4850, 7800, 1, 0, 0
4950, 8320, 1, 0, 0
5050, 7440, 1, 0, 0
5150, 7840, 1, 0, 0
5249, 5898, 1, 0, 0
5349, 9800, 1, 0, 0
5449, 6520, 1, 0, 0
5549, 5520, 1, 0, 0
5649, 5200, 1, 0, 0
5749, 5200, 1, 0, 0
5849, 5200, 1, 0, 0
5949, 7480, 1, 0, 0
6050, 440, 1, 0, 0
6150, 2200, 1, 0, 0
6249, 404, 1, 0, 0
6349, 2600, 1, 0, 0
6449, 2200, 1, 0, 0
6549, 440, 1, 0, 0
6649, 2200, 1, 0, 0
6749, 2680, 1, 0, 0
6849, 4000, 1, 0, 0
6949, 5200, 1, 0, 0
7050, 5320, 1, 0, 0
7150, 6360, 1, 0, 0
7249, 4080, 1, 0, 0
7349, 6400, 1, 0, 0
7449, 5200, 1, 0, 0
7549, 8520, 1, 0, 0
7649, 5200, 1, 0, 0
7749, 8520, 1, 0, 0
7849, 5200, 1, 0, 0
7949, 7800, 1, 0, 0
8050, 5920, 1, 0, 0
8150, 8040, 1, 0, 0
8249, 6909, 1, 0, 0
8349, 6240, 1, 0, 0
8449, 7800, 1, 0, 0
8549, 7800, 1, 0, 0
8649, 7400, 1, 0, 0
8749, 5200, 1, 0, 0
8849, 6800, 1, 0, 0
8949, 5200, 1, 0, 0
9049, 5200, 1, 0, 0
9149, 5240, 1, 0, 0
9249, 6200, 1, 0, 0
9350, 5200, 1, 0, 0
9450, 2760, 1, 0, 0
9550, 2600, 1, 0, 0
9650, 2600, 1, 0, 0
9749, 2181, 1, 0, 0
9849, 2600, 1, 0, 0
9949, 2600, 1, 0, 0
10049, 5200, 1, 0, 0
10149, 6640, 1, 0, 0
10249, 6400, 1, 0, 0
10349, 8000, 1, 0, 0
10449, 7800, 1, 0, 0
10550, 7760, 1, 0, 0
10650, 5520, 1, 0, 0
10749, 7676, 1, 0, 0
10849, 7840, 1, 0, 0
10949, 5840, 1, 0, 0
11049, 7800, 1, 0, 0
11149, 7640, 1, 0, 0
11249, 5560, 1, 0, 0
11349, 9040, 1, 0, 0
11449, 7800, 1, 0, 0
11549, 7800, 1, 0, 0
11649, 7800, 1, 0, 0
11749, 7800, 1, 0, 0
11849, 7800, 1, 0, 0
11950, 5600, 1, 0, 0
12050, 7760, 1, 0, 0
12150, 5520, 1, 0, 0
12249, 7838, 1, 0, 0
12349, 5480, 1, 0, 0
12449, 7640, 1, 0, 0
12549, 8000, 1, 0, 0
12649, 7840, 1, 0, 0
12749, 7960, 1, 0, 0
12849, 7600, 1, 0, 0
12949, 6160, 1, 0, 0
13049, 7800, 1, 0, 0
13150, 2600, 1, 0, 0
13249, 2626, 1, 0, 0
13349, 2640, 1, 0, 0
13449, 2600, 1, 0, 0
13549, 2600, 1, 0, 0
13649, 2600, 1, 0, 0
13749, 2600, 1, 0, 0
13849, 1840, 1, 0, 0
13949, 2600, 1, 0, 0
14050, 2600, 1, 0, 0
14150, 5960, 1, 0, 0
14249, 7878, 1, 0, 0
14349, 7800, 1, 0, 0
14449, 7720, 1, 0, 0
14549, 5200, 1, 0, 0
14649, 5200, 1, 0, 0
14749, 7040, 1, 0, 0
14849, 5200, 1, 0, 0
14949, 5240, 1, 0, 0
15049, 5200, 1, 0, 0
15149, 5240, 1, 0, 0
15249, 5760, 1, 0, 0
15349, 7080, 1, 0, 0
15449, 5200, 1, 0, 0
15550, 5200, 1, 0, 0
15650, 5920, 1, 0, 0
15749, 5252, 1, 0, 0
15849, 7120, 1, 0, 0
15949, 6080, 1, 0, 0
16049, 7880, 1, 0, 0
16149, 5920, 1, 0, 0
16249, 7080, 1, 0, 0
16349, 7840, 1, 0, 0
16449, 3640, 1, 0, 0
16549, 1560, 1, 0, 0
16649, 2600, 1, 0, 0
16749, 2626, 1, 0, 0
16849, 2600, 1, 0, 0
16949, 2600, 1, 0, 0
17049, 2600, 1, 0, 0
17149, 2600, 1, 0, 0
17249, 2600, 1, 0, 0
17349, 2600, 1, 0, 0
17449, 6240, 1, 0, 0
17549, 7800, 1, 0, 0
17649, 7760, 1, 0, 0
17750, 7800, 1, 0, 0
17850, 7840, 1, 0, 0
17950, 7840, 1, 0, 0
18050, 6960, 1, 0, 0
18150, 7800, 1, 0, 0
18249, 8161, 1, 0, 0
18349, 7800, 1, 0, 0
18449, 6760, 1, 0, 0
18549, 7800, 1, 0, 0
18649, 8040, 1, 0, 0
18749, 7800, 1, 0, 0
18849, 8600, 1, 0, 0
18949, 5240, 1, 0, 0
19049, 7760, 1, 0, 0
19150, 5240, 1, 0, 0
19249, 7838, 1, 0, 0
19349, 4160, 1, 0, 0
19449, 5200, 1, 0, 0
19549, 2600, 1, 0, 0
19649, 2600, 1, 0, 0
19749, 1120, 1, 0, 0
19849, 1480, 1, 0, 0
19949, 1120, 1, 0, 0
20049, 2600, 1, 0, 0
20150, 2560, 1, 0, 0
20349, 40, 1, 0, 0
20449, 2560, 1, 0, 0
20649, 5320, 1, 0, 0
20749, 5680, 1, 0, 0
20849, 5240, 1, 0, 0
20949, 7760, 1, 0, 0
21049, 5760, 1, 0, 0
21150, 5200, 1, 0, 0
21249, 6181, 1, 0, 0
21349, 7080, 1, 0, 0
21449, 6160, 1, 0, 0
21549, 10400, 1, 0, 0
21649, 7760, 1, 0, 0
21749, 7760, 1, 0, 0
21849, 5480, 1, 0, 0
21949, 7800, 1, 0, 0
22049, 7840, 1, 0, 0
22149, 10360, 1, 0, 0
22249, 5200, 1, 0, 0
22349, 2640, 1, 0, 0
22450, 2600, 1, 0, 0
22550, 5160, 1, 0, 0
22650, 80, 1, 0, 0
22749, 2909, 1, 0, 0
22849, 4880, 1, 0, 0
22949, 40, 1, 0, 0
23049, 3760, 1, 0, 0
23150, 2600, 1, 0, 0
23249, 5333, 1, 0, 0
23349, 7800, 1, 0, 0
23449, 7800, 1, 0, 0
23549, 6200, 1, 0, 0
23649, 6800, 1, 0, 0
23749, 7800, 1, 0, 0
23849, 5200, 1, 0, 0
23949, 5200, 1, 0, 0
24049, 6440, 1, 0, 0
24149, 6560, 1, 0, 0
24249, 6440, 1, 0, 0
24349, 6680, 1, 0, 0
24450, 6360, 1, 0, 0
24550, 7880, 1, 0, 0
24650, 7840, 1, 0, 0
24749, 6585, 1, 0, 0
24849, 5280, 1, 0, 0
24949, 7840, 1, 0, 0
25049, 7800, 1, 0, 0
25149, 7800, 1, 0, 0
25249, 7800, 1, 0, 0
25349, 7840, 1, 0, 0
25449, 7800, 1, 0, 0
25549, 2600, 1, 0, 0
25650, 2600, 1, 0, 0
25749, 1494, 1, 0, 0
25849, 1120, 1, 0, 0
25949, 1480, 1, 0, 0
26049, 2600, 1, 0, 0
26149, 1120, 1, 0, 0
26249, 2600, 1, 0, 0
26349, 1480, 1, 0, 0
26449, 1120, 1, 0, 0
26550, 6720, 1, 0, 0
26650, 6320, 1, 0, 0
26749, 5252, 1, 0, 0
26849, 5240, 1, 0, 0
26949, 9040, 1, 0, 0
27049, 6520, 1, 0, 0
27149, 6480, 1, 0, 0
27249, 5200, 1, 0, 0
27349, 7280, 1, 0, 0
27449, 5760, 1, 0, 0
27549, 7280, 1, 0, 0
27649, 5200, 1, 0, 0
27750, 5200, 1, 0, 0
27850, 5200, 1, 0, 0
27950, 6240, 1, 0, 0
28050, 5200, 1, 0, 0
28150, 5440, 1, 0, 0
28249, 8484, 1, 0, 0
28349, 6080, 1, 0, 0
28449, 7800, 1, 0, 0
28549, 10240, 1, 0, 0
28649, 7800, 1, 0, 0
28749, 7800, 1, 0, 0
28849, 5240, 1, 0, 0
28950, 2960, 1, 0, 0
29050, 2600, 1, 0, 0
29150, 2600, 1, 0, 0
29249, 2303, 1, 0, 0
29349, 2600, 1, 0, 0
29449, 2600, 1, 0, 0
29549, 2600, 1, 0, 0
29649, 5240, 1, 0, 0
29750, 7800, 1, 0, 0
29850, 7920, 1, 0, 0
29950, 7600, 1, 0, 0
30050, 7800, 1, 0, 0
30150, 7760, 1, 0, 0
30249, 7878, 1, 0, 0
30349, 5320, 1, 0, 0
30449, 7800, 1, 0, 0
30549, 10480, 1, 0, 0
30649, 5880, 1, 0, 0
30749, 7160, 1, 0, 0
30849, 7800, 1, 0, 0
30949, 6120, 1, 0, 0
31050, 9400, 1, 0, 0
31150, 7800, 1, 0, 0
31249, 7797, 1, 0, 0
31349, 7880, 1, 0, 0
31449, 7800, 1, 0, 0
31549, 7800, 1, 0, 0
31649, 7680, 1, 0, 0
31749, 7880, 1, 0, 0
31849, 5240, 1, 0, 0
31949, 7880, 1, 0, 0
32049, 7760, 1, 0, 0
32149, 6440, 1, 0, 0
32250, 5200, 1, 0, 0
32350, 5200, 1, 0, 0
32450, 1360, 1, 0, 0
32550, 2040, 1, 0, 0
32650, 2640, 1, 0, 0
32749, 2626, 1, 0, 0
32849, 1360, 1, 0, 0
32949, 1240, 1, 0, 0
33049, 1400, 1, 0, 0
33150, 2600, 1, 0, 0
33250, 2080, 1, 0, 0
33350, 5240, 1, 0, 0
33450, 5200, 1, 0, 0
33550, 7800, 1, 0, 0
33650, 5200, 1, 0, 0
33749, 10464, 1, 0, 0
33849, 6840, 1, 0, 0
33949, 6720, 1, 0, 0
34049, 7800, 1, 0, 0
34149, 8600, 1, 0, 0
34249, 7760, 1, 0, 0
34350, 7880, 1, 0, 0
34450, 10400, 1, 0, 0
34550, 5960, 1, 0, 0
34650, 6600, 1, 0, 0
34749, 5737, 1, 0, 0
34849, 5200, 1, 0, 0
34949, 5200, 1, 0, 0
35049, 7080, 1, 0, 0
35149, 7800, 1, 0, 0
35249, 7800, 1, 0, 0
35349, 7800, 1, 0, 0
35449, 9240, 1, 0, 0
35549, 7880, 1, 0, 0
35649, 7800, 1, 0, 0
35750, 2600, 1, 0, 0
35850, 5200, 1, 0, 0
35950, 40, 1, 0, 0
36050, 5200, 1, 0, 0
36150, 2600, 1, 0, 0
36249, 2626, 1, 0, 0
36349, 2600, 1, 0, 0
36449, 2640, 1, 0, 0
36549, 2640, 1, 0, 0
36649, 3160, 1, 0, 0
36750, 7760, 1, 0, 0
36850, 5200, 1, 0, 0
36950, 3840, 1, 0, 0
37050, 5240, 1, 0, 0
37150, 7120, 1, 0, 0
37249, 3636, 1, 0, 0
37349, 6840, 1, 0, 0
37449, 6160, 1, 0, 0
37549, 7800, 1, 0, 0
37649, 6840, 1, 0, 0
37749, 7800, 1, 0, 0
37849, 7760, 1, 0, 0
37949, 7800, 1, 0, 0
38049, 8160, 1, 0, 0
38150, 6080, 1, 0, 0
38249, 9818, 1, 0, 0
38349, 7760, 1, 0, 0
38449, 9400, 1, 0, 0
38549, 7800, 1, 0, 0
38649, 8480, 1, 0, 0
38749, 9440, 1, 0, 0
38849, 5920, 1, 0, 0
38949, 6080, 1, 0, 0
39049, 3160, 1, 0, 0
39149, 2600, 1, 0, 0
39249, 1160, 1, 0, 0
39350, 1440, 1, 0, 0
39450, 2640, 1, 0, 0
39550, 1120, 1, 0, 0
39650, 2600, 1, 0, 0
39749, 1494, 1, 0, 0
39849, 1160, 1, 0, 0
39949, 6680, 1, 0, 0
40049, 3760, 1, 0, 0
40149, 6640, 1, 0, 0
40250, 5440, 1, 0, 0
40350, 7800, 1, 0, 0
40450, 7800, 1, 0, 0
40550, 7760, 1, 0, 0
40650, 7800, 1, 0, 0
40749, 7878, 1, 0, 0
40849, 5600, 1, 0, 0
40949, 5240, 1, 0, 0
41049, 7520, 1, 0, 0
41149, 5280, 1, 0, 0
41249, 5200, 1, 0, 0
41349, 5240, 1, 0, 0
41449, 5280, 1, 0, 0
41549, 7440, 1, 0, 0
41649, 8360, 1, 0, 0
41750, 5840, 1, 0, 0
41850, 7760, 1, 0, 0
41950, 7800, 1, 0, 0
42050, 8240, 1, 0, 0
42150, 5760, 1, 0, 0
42249, 7272, 1, 0, 0
42349, 7880, 1, 0, 0
42449, 3280, 1, 0, 0
42549, 1920, 1, 0, 0
42649, 680, 1, 0, 0
42750, 2600, 1, 0, 0
42850, 2040, 1, 0, 0
42950, 2640, 1, 0, 0
43050, 520, 1, 0, 0
43150, 2600, 1, 0, 0
43249, 2626, 1, 0, 0
43349, 4040, 1, 0, 0
43449, 5200, 1, 0, 0
43550, 5200, 1, 0, 0
43650, 6440, 1, 0, 0
43749, 5252, 1, 0, 0
43849, 5200, 1, 0, 0
43949, 5240, 1, 0, 0
44049, 7920, 1, 0, 0
44149, 6680, 1, 0, 0
44249, 6360, 1, 0, 0
44349, 6640, 1, 0, 0
44449, 5800, 1, 0, 0
44549, 7640, 1, 0, 0
44649, 6560, 1, 0, 0
44749, 5360, 1, 0, 0
44849, 7040, 1, 0, 0
44950, 5960, 1, 0, 0
45050, 5200, 1, 0, 0
45150, 4520, 1, 0, 0
45249, 5939, 1, 0, 0
45349, 8840, 1, 0, 0
45449, 6720, 1, 0, 0
45549, 2720, 1, 0, 0
45649, 5400, 1, 0, 0
45749, 3040, 1, 0, 0
45849, 2600, 1, 0, 0
45949, 2600, 1, 0, 0
46050, 1920, 1, 0, 0
46150, 680, 1, 0, 0
46249, 2626, 1, 0, 0
46349, 1920, 1, 0, 0
46449, 2600, 1, 0, 0
46549, 680, 1, 0, 0
46649, 1920, 1, 0, 0
46749, 5880, 1, 0, 0
46849, 7640, 1, 0, 0
46949, 7800, 1, 0, 0
47049, 5240, 1, 0, 0
47149, 7760, 1, 0, 0
47249, 7800, 1, 0, 0
47350, 5680, 1, 0, 0
47450, 5200, 1, 0, 0
47550, 5200, 1, 0, 0
47650, 5200, 1, 0, 0
47749, 7434, 1, 0, 0
47849, 5200, 1, 0, 0
47949, 5880, 1, 0, 0
48049, 9200, 1, 0, 0
48149, 5720, 1, 0, 0
48249, 7440, 1, 0, 0
48349, 7800, 1, 0, 0
48449, 7920, 1, 0, 0
48549, 5920, 1, 0, 0
48650, 7360, 1, 0, 0
48749, 5171, 1, 0, 0
48849, 3880, 1, 0, 0
48949, 2600, 1, 0, 0
49049, 3560, 1, 0, 0
49149, 2600, 1, 0, 0
49249, 1440, 1, 0, 0
49349, 2640, 1, 0, 0
49449, 2600, 1, 0, 0
49549, 2600, 1, 0, 0
49650, 2600, 1, 0, 0
49749, 5252, 1, 0, 0
49849, 7840, 1, 0, 0
49949, 6800, 1, 0, 0
50049, 8320, 1, 0, 0
50149, 7760, 1, 0, 0
50249, 7800, 1, 0, 0
50349, 7800, 1, 0, 0
50449, 5240, 1, 0, 0
50549, 10280, 1, 0, 0
50649, 10320, 1, 0, 0
50749, 5520, 1, 0, 0
50849, 7520, 1, 0, 0
50950, 7400, 1, 0, 0
51050, 5600, 1, 0, 0
51150, 7600, 1, 0, 0
51249, 10505, 1, 0, 0
51349, 7880, 1, 0, 0
51449, 5720, 1, 0, 0
51549, 7480, 1, 0, 0
51649, 10160, 1, 0, 0
51749, 7800, 1, 0, 0
51849, 7800, 1, 0, 0
51949, 5680, 1, 0, 0
52049, 2120, 1, 0, 0
52149, 2600, 1, 0, 0
52250, 2600, 1, 0, 0
52350, 1080, 1, 0, 0
52450, 2000, 1, 0, 0
52550, 2120, 1, 0, 0
52650, 2600, 1, 0, 0
52749, 484, 1, 0, 0
52849, 2600, 1, 0, 0
52949, 2160, 1, 0, 0
53049, 7800, 1, 0, 0
53149, 6560, 1, 0, 0
53249, 8960, 1, 0, 0
53349, 7760, 1, 0, 0
53450, 7800, 1, 0, 0
53550, 7760, 1, 0, 0
53650, 9520, 1, 0, 0
53749, 6060, 1, 0, 0
53849, 5240, 1, 0, 0
53949, 5680, 1, 0, 0
54049, 5200, 1, 0, 0
54149, 5880, 1, 0, 0
54249, 5200, 1, 0, 0
54349, 7040, 1, 0, 0
54449, 7800, 1, 0, 0
54550, 8480, 1, 0, 0
54650, 7800, 1, 0, 0
54749, 5292, 1, 0, 0
54849, 7760, 1, 0, 0
54949, 6360, 1, 0, 0
55049, 6680, 1, 0, 0
55149, 5200, 1, 0, 0
55249, 2600, 1, 0, 0
55349, 2600, 1, 0, 0
55449, 1200, 1, 0, 0
55550, 2600, 1, 0, 0
55650, 1400, 1, 0, 0
55749, 1212, 1, 0, 0
55849, 2600, 1, 0, 0
55949, 1400, 1, 0, 0
56049, 1200, 1, 0, 0
56149, 2600, 1, 0, 0
56249, 5200, 1, 0, 0
56349, 7800, 1, 0, 0
56449, 7880, 1, 0, 0
56550, 7760, 1, 0, 0
56650, 7800, 1, 0, 0
56749, 7838, 1, 0, 0
56849, 7840, 1, 0, 0
56949, 7800, 1, 0, 0
57049, 7160, 1, 0, 0
57149, 7840, 1, 0, 0
57249, 7760, 1, 0, 0
57349, 8880, 1, 0, 0
57449, 7800, 1, 0, 0
57549, 7760, 1, 0, 0
57650, 10280, 1, 0, 0
57749, 7838, 1, 0, 0
57849, 7840, 1, 0, 0
57949, 8080, 1, 0, 0
58049, 7920, 1, 0, 0
58149, 9280, 1, 0, 0
58249, 7840, 1, 0, 0
58349, 8040, 1, 0, 0
58449, 4800, 1, 0, 0
58550, 2600, 1, 0, 0
58650, 2680, 1, 0, 0
58749, 2626, 1, 0, 0
58849, 2600, 1, 0, 0
58949, 2600, 1, 0, 0
59049, 2600, 1, 0, 0
59149, 2600, 1, 0, 0
59249, 1400, 1, 0, 0
59349, 2600, 1, 0, 0
59449, 7800, 1, 0, 0
59550, 6840, 1, 0, 0
59650, 5200, 1, 0, 0
59749, 5252, 1, 0, 0
59849, 5200, 1, 0, 0
59949, 5200, 1, 0, 0
60049, 5240, 1, 0, 0
60149, 7240, 1, 0, 0
60249, 7040, 1, 0, 0
60349, 7800, 1, 0, 0
60449, 7800, 1, 0, 0
60549, 8040, 1, 0, 0
60649, 5760, 1, 0, 0
60749, 7920, 1, 0, 0
60849, 8280, 1, 0, 0
60950, 7200, 1, 0, 0
61050, 7800, 1, 0, 0
61150, 6560, 1, 0, 0
61249, 7878, 1, 0, 0
61349, 7800, 1, 0, 0
61449, 5200, 1, 0, 0
61549, 7920, 1, 0, 0
61649, 3440, 1, 0, 0
61749, 5240, 1, 0, 0
61849, 1760, 1, 0, 0
61949, 3440, 1, 0, 0
62050, 2600, 1, 0, 0
62150, 2600, 1, 0, 0
62249, 3070, 1, 0, 0
62349, 2240, 1, 0, 0
62449, 5160, 1, 0, 0
62549, 5200, 1, 0, 0
62649, 5360, 1, 0, 0
62749, 7840, 1, 0, 0
62849, 7800, 1, 0, 0
62949, 7840, 1, 0, 0
63050, 7760, 1, 0, 0
63150, 5360, 1, 0, 0
63249, 5858, 1, 0, 0
63349, 5440, 1, 0, 0
63449, 5240, 1, 0, 0
63549, 6960, 1, 0, 0
63649, 5920, 1, 0, 0
63749, 7120, 1, 0, 0
63849, 7760, 1, 0, 0
63949, 7880, 1, 0, 0
64049, 7920, 1, 0, 0
64149, 6800, 1, 0, 0
64249, 10400, 1, 0, 0
64349, 7840, 1, 0, 0
64449, 7840, 1, 0, 0
64550, 10400, 1, 0, 0
64650, 10280, 1, 0, 0
64749, 5373, 1, 0, 0
64849, 9480, 1, 0, 0
64949, 7800, 1, 0, 0
65049, 7760, 1, 0, 0
65149, 7800, 1, 0, 0
65249, 7840, 1, 0, 0
65349, 2600, 1, 0, 0
65449, 2600, 1, 0, 0
65549, 1360, 1, 0, 0
65650, 2640, 1, 0, 0
65749, 2828, 1, 0, 0
65849, 3240, 1, 0, 0
65949, 2880, 1, 0, 0
66049, 2600, 1, 0, 0
66149, 1360, 1, 0, 0
66249, 2640, 1, 0, 0
66349, 2600, 1, 0, 0
66449, 1200, 1, 0, 0
66549, 8160, 1, 0, 0
66649, 6280, 1, 0, 0
66750, 6800, 1, 0, 0
66850, 5200, 1, 0, 0
66950, 6720, 1, 0, 0
67050, 5200, 1, 0, 0
67150, 7080, 1, 0, 0
67249, 5575, 1, 0, 0
67349, 7520, 1, 0, 0
67449, 10360, 1, 0, 0
67549, 6120, 1, 0, 0
67649, 8160, 1, 0, 0
67749, 7760, 1, 0, 0
67849, 7800, 1, 0, 0
67949, 7760, 1, 0, 0
68049, 7920, 1, 0, 0
68149, 8000, 1, 0, 0
68250, 8040, 1, 0, 0
68350, 5720, 1, 0, 0
68450, 8160, 1, 0, 0
68550, 4120, 1, 0, 0
68650, 1080, 1, 0, 0
68749, 2626, 1, 0, 0
68849, 1520, 1, 0, 0
68949, 2600, 1, 0, 0
69049, 1080, 1, 0, 0
69150, 2600, 1, 0, 0
69249, 2585, 1, 0, 0
69349, 40, 1, 0, 0
69449, 3640, 1, 0, 0
69549, 5200, 1, 0, 0
69649, 6760, 1, 0, 0
69749, 5200, 1, 0, 0
69849, 5200, 1, 0, 0
69949, 5200, 1, 0, 0
70049, 6240, 1, 0, 0
70149, 5200, 1, 0, 0
70249, 7800, 1, 0, 0
70349, 9320, 1, 0, 0
70450, 10440, 1, 0, 0
70550, 10000, 1, 0, 0
70650, 7840, 1, 0, 0
70749, 7878, 1, 0, 0
70849, 5920, 1, 0, 0
70949, 7080, 1, 0, 0
71049, 6000, 1, 0, 0
71149, 7120, 1, 0, 0
71249, 5920, 1, 0, 0
71349, 7080, 1, 0, 0
71449, 5920, 1, 0, 0
71549, 5200, 1, 0, 0
71649, 7160, 1, 0, 0
71750, 5200, 1, 0, 0
71850, 2600, 1, 0, 0
71950, 2600, 1, 0, 0
72050, 640, 1, 0, 0
72150, 1960, 1, 0, 0
72249, 2626, 1, 0, 0
72349, 2600, 1, 0, 0
72449, 1520, 1, 0, 0
72549, 1760, 1, 0, 0
72650, 2600, 1, 0, 0
72749, 2747, 1, 0, 0
72849, 7000, 1, 0, 0
72949, 7840, 1, 0, 0
73049, 6960, 1, 0, 0
73149, 6120, 1, 0, 0
73249, 7800, 1, 0, 0
73349, 7800, 1, 0, 0
73449, 5560, 1, 0, 0
73549, 8240, 1, 0, 0
73649, 8040, 1, 0, 0
73749, 5880, 1, 0, 0
73849, 7840, 1, 0, 0
73950, 7800, 1, 0, 0
74050, 6480, 1, 0, 0
74150, 7840, 1, 0, 0
74249, 8040, 1, 0, 0
74349, 6800, 1, 0, 0
74449, 7320, 1, 0, 0
74549, 7760, 1, 0, 0
74649, 7760, 1, 0, 0
74749, 7800, 1, 0, 0
74849, 7080, 1, 0, 0
74949, 9160, 1, 0, 0
75049, 5240, 1, 0, 0
75149, 2600, 1, 0, 0
75250, 2640, 1, 0, 0
75350, 2640, 1, 0, 0
75450, 2680, 1, 0, 0
75550, 2600, 1, 0, 0
75650, 2560, 1, 0, 0
75749, 2868, 1, 0, 0
75849, 5200, 1, 0, 0
75949, 7600, 1, 0, 0
76049, 5200, 1, 0, 0
76150, 5520, 1, 0, 0
76249, 5252, 1, 0, 0
76349, 5200, 1, 0, 0
76449, 7480, 1, 0, 0
76549, 5200, 1, 0, 0
76649, 7760, 1, 0, 0
76749, 8200, 1, 0, 0
76849, 7840, 1, 0, 0
76949, 7800, 1, 0, 0
77049, 5320, 1, 0, 0
77149, 9320, 1, 0, 0
77249, 5240, 1, 0, 0
77349, 7400, 1, 0, 0
77449, 5640, 1, 0, 0
77550, 5200, 1, 0, 0
77650, 7440, 1, 0, 0
77749, 8202, 1, 0, 0
77849, 7880, 1, 0, 0
77949, 7720, 1, 0, 0
78049, 8160, 1, 0, 0
78149, 7800, 1, 0, 0
78249, 7360, 1, 0, 0
78349, 7840, 1, 0, 0
78449, 7800, 1, 0, 0
78549, 7760, 1, 0, 0
78649, 7800, 1, 0, 0
78750, 7720, 1, 0, 0
78850, 2680, 1, 0, 0
78950, 2640, 1, 0, 0
79050, 2080, 1, 0, 0
79150, 2600, 1, 0, 0
79249, 525, 1, 0, 0
79349, 2080, 1, 0, 0
79449, 2600, 1, 0, 0
79550, 560, 1, 0, 0
79650, 2040, 1, 0, 0
79749, 3393, 1, 0, 0
79849, 5320, 1, 0, 0
79949, 5200, 1, 0, 0
80049, 5200, 1, 0, 0
80149, 5280, 1, 0, 0
80249, 7200, 1, 0, 0
80349, 7760, 1, 0, 0
80449, 7760, 1, 0, 0
80549, 8040, 1, 0, 0
80649, 8000, 1, 0, 0
80749, 7880, 1, 0, 0
80849, 7840, 1, 0, 0
80950, 7800, 1, 0, 0
81050, 8120, 1, 0, 0
81150, 7760, 1, 0, 0
81249, 3434, 1, 0, 0
81349, 7800, 1, 0, 0
81449, 7800, 1, 0, 0
81549, 7760, 1, 0, 0
81649, 10320, 1, 0, 0
81749, 7800, 1, 0, 0
81849, 7800, 1, 0, 0
81949, 7760, 1, 0, 0
82050, 5200, 1, 0, 0
82150, 2600, 1, 0, 0
82249, 2626, 1, 0, 0
82349, 2600, 1, 0, 0
82449, 2600, 1, 0, 0
82549, 80, 1, 0, 0
82649, 2600, 1, 0, 0
82749, 2600, 1, 0, 0
82849, 2600, 1, 0, 0
82949, 2560, 1, 0, 0
83050, 7800, 1, 0, 0
83150, 7760, 1, 0, 0
83249, 7878, 1, 0, 0
83349, 5320, 1, 0, 0
83449, 7840, 1, 0, 0
83549, 8040, 1, 0, 0
83649, 7440, 1, 0, 0
83749, 5200, 1, 0, 0
83849, 8280, 1, 0, 0
83949, 8240, 1, 0, 0
84049, 7800, 1, 0, 0
84149, 7840, 1, 0, 0
84250, 7800, 1, 0, 0
84350, 5440, 1, 0, 0
84450, 7800, 1, 0, 0
84550, 7800, 1, 0, 0
84650, 9760, 1, 0, 0
84749, 5252, 1, 0, 0
84849, 5200, 1, 0, 0
84949, 5200, 1, 0, 0
85049, 5800, 1, 0, 0
85149, 4680, 1, 0, 0
85249, 5200, 1, 0, 0
85349, 2600, 1, 0, 0
85450, 1760, 1, 0, 0
85550, 4600, 1, 0, 0
85650, 600, 1, 0, 0
85749, 2747, 1, 0, 0
85849, 1880, 1, 0, 0
85949, 720, 1, 0, 0
86049, 2600, 1, 0, 0
86149, 1880, 1, 0, 0
86250, 2640, 1, 0, 0
86350, 3280, 1, 0, 0
86450, 5200, 1, 0, 0
86550, 5200, 1, 0, 0
86650, 5200, 1, 0, 0
86749, 7919, 1, 0, 0
86849, 8080, 1, 0, 0
86949, 7560, 1, 0, 0
87049, 5440, 1, 0, 0
87149, 5200, 1, 0, 0
87249, 7720, 1, 0, 0
87349, 7920, 1, 0, 0
87450, 10400, 1, 0, 0
87550, 7800, 1, 0, 0
87650, 7880, 1, 0, 0
87749, 7919, 1, 0, 0
87849, 10360, 1, 0, 0
87949, 5240, 1, 0, 0
88049, 7800, 1, 0, 0
88149, 8120, 1, 0, 0
88249, 7800, 1, 0, 0
88349, 10000, 1, 0, 0
88449, 7800, 1, 0, 0
88549, 2720, 1, 0, 0
88649, 40, 1, 0, 0
88750, 2600, 1, 0, 0
88850, 2600, 1, 0, 0
88950, 3360, 1, 0, 0
89050, 1800, 1, 0, 0
89150, 2640, 1, 0, 0
89249, 2626, 1, 0, 0
89349, 2600, 1, 0, 0
89449, 3360, 1, 0, 0
89549, 7200, 1, 0, 0
89650, 7800, 1, 0, 0
89749, 7636, 1, 0, 0
89849, 8760, 1, 0, 0
89949, 7800, 1, 0, 0
