134, 152399, 1, 0, 0
203, 148070, 1, 0, 0
300, 179656, 1, 0, 0
405, 153504, 1, 0, 0
504, 186539, 1, 0, 0
630, 159882, 1, 0, 0
704, 178747, 1, 0, 0
808, 127606, 1, 0, 0
912, 136694, 1, 0, 0
1006, 154612, 1, 0, 0
1105, 133488, 1, 0, 0
1225, 132492, 1, 0, 0
1300, 146491, 1, 0, 0
1438, 143792, 1, 0, 0
1514, 171647, 1, 0, 0
1606, 130462, 1, 0, 0
1786, 136666, 1, 0, 0
1859, 126901, 1, 0, 0
1927, 146975, 1, 0, 0
2022, 144521, 1, 0, 0
2123, 139869, 1, 0, 0
2213, 124147, 1, 0, 0
2309, 177555, 1, 0, 0
2404, 143868, 1, 0, 0
2503, 143680, 1, 0, 0
2600, 139069, 1, 0, 0
2710, 152101, 1, 0, 0
2804, 112270, 1, 0, 0
2921, 111421, 1, 0, 0
3016, 125277, 1, 0, 0
3110, 158395, 1, 0, 0
3200, 135762, 1, 0, 0
3330, 155414, 1, 0, 0
3420, 150978, 1, 0, 0
3585, 129046, 1, 0, 0
3675, 123579, 1, 0, 0
3763, 109692, 1, 0, 0
3825, 129845, 1, 0, 0
3922, 161658, 1, 0, 0
4005, 128695, 1, 0, 0
4103, 130991, 1, 0, 0
4228, 155958, 1, 0, 0
4320, 140800, 1, 0, 0
4423, 138188, 1, 0, 0
4514, 150761, 1, 0, 0
4600, 128946, 1, 0, 0
4732, 129705, 1, 0, 0
4812, 124336, 1, 0, 0
4936, 151912, 1, 0, 0
5031, 170177, 1, 0, 0
5123, 145143, 1, 0, 0
5202, 145801, 1, 0, 0
5348, 139288, 1, 0, 0
5439, 227979, 1, 0, 0
5501, 155665, 1, 0, 0
5649, 168540, 1, 0, 0
5711, 130685, 1, 0, 0
5820, 170867, 1, 0, 0
5910, 143363, 1, 0, 0
6013, 121889, 1, 0, 0
6117, 140331, 1, 0, 0
6220, 125867, 1, 0, 0
6325, 99469, 1, 0, 0
6419, 116589, 1, 0, 0
6512, 153535, 1, 0, 0
6620, 126398, 1, 0, 0
6717, 154257, 1, 0, 0
6815, 175590, 1, 0, 0
6912, 137530, 1, 0, 0
7007, 129656, 1, 0, 0
7144, 157340, 1, 0, 0
7204, 125679, 1, 0, 0
7300, 131460, 1, 0, 0
7436, 192128, 1, 0, 0
7535, 190438, 1, 0, 0
7613, 125621, 1, 0, 0
7704, 150594, 1, 0, 0
7805, 177210, 1, 0, 0
7923, 150501, 1, 0, 0
8028, 155349, 1, 0, 0
8123, 174629, 1, 0, 0
8201, 176628, 1, 0, 0
8323, 152480, 1, 0, 0
8420, 118376, 1, 0, 0
8529, 122841, 1, 0, 0
8630, 142079, 1, 0, 0
8700, 126858, 1, 0, 0
8809, 169623, 1, 0, 0
8916, 136381, 1, 0, 0
9026, 164577, 1, 0, 0
9134, 184277, 1, 0, 0
9203, 166612, 1, 0, 0
9311, 163158, 1, 0, 0
9406, 171224, 1, 0, 0
9533, 205935, 1, 0, 0
9607, 753304, 1, 0, 0
9700, 215799, 1, 0, 0
9882, 176834, 1, 0, 0
9971, 192058, 1, 0, 0
10019, 206394, 1, 0, 0
10113, 181277, 1, 0, 0
10203, 133116, 1, 0, 0
10320, 161606, 1, 0, 0
10417, 146880, 1, 0, 0
10516, 148460, 1, 0, 0
10606, 148929, 1, 0, 0
10704, 166448, 1, 0, 0
10810, 194776, 1, 0, 0
10916, 169766, 1, 0, 0
11016, 144959, 1, 0, 0
11127, 128128, 1, 0, 0
11233, 148374, 1, 0, 0
11332, 176397, 1, 0, 0
11401, 184143, 1, 0, 0
11513, 139816, 1, 0, 0
11689, 154659, 1, 0, 0
11766, 148400, 1, 0, 0
11869, 173675, 1, 0, 0
11955, 185854, 1, 0, 0
12035, 154012, 1, 0, 0
12130, 106298, 1, 0, 0
12225, 122226, 1, 0, 0
12330, 137523, 1, 0, 0
12423, 136374, 1, 0, 0
12519, 169884, 1, 0, 0
12612, 177955, 1, 0, 0
12707, 134535, 1, 0, 0
12804, 146922, 1, 0, 0
12927, 145347, 1, 0, 0
13038, 160470, 1, 0, 0
13135, 178908, 1, 0, 0
13200, 144515, 1, 0, 0
13313, 122779, 1, 0, 0
13414, 155885, 1, 0, 0
13539, 161674, 1, 0, 0
13668, 168225, 1, 0, 0
13728, 142978, 1, 0, 0
13849, 152881, 1, 0, 0
13923, 126183, 1, 0, 0
14024, 172795, 1, 0, 0
14137, 174799, 1, 0, 0
14211, 164269, 1, 0, 0
14321, 171477, 1, 0, 0
14419, 169991, 1, 0, 0
14526, 156795, 1, 0, 0
14632, 181890, 1, 0, 0
14704, 158862, 1, 0, 0
14808, 181960, 1, 0, 0
14910, 149832, 1, 0, 0
15027, 142833, 1, 0, 0
15106, 153602, 1, 0, 0
15214, 149269, 1, 0, 0
15319, 164454, 1, 0, 0
15421, 152124, 1, 0, 0
15544, 173203, 1, 0, 0
15606, 160615, 1, 0, 0
15783, 152705, 1, 0, 0
15825, 151410, 1, 0, 0
15906, 184012, 1, 0, 0
16033, 144274, 1, 0, 0
16104, 130537, 1, 0, 0
16227, 143896, 1, 0, 0
16326, 166263, 1, 0, 0
16407, 103455, 1, 0, 0
16500, 125431, 1, 0, 0
16603, 163436, 1, 0, 0
16730, 153244, 1, 0, 0
16804, 134947, 1, 0, 0
16901, 187685, 1, 0, 0
17006, 180584, 1, 0, 0
17110, 150133, 1, 0, 0
17212, 169535, 1, 0, 0
17304, 144598, 1, 0, 0
17400, 143435, 1, 0, 0
17519, 143062, 1, 0, 0
17641, 143328, 1, 0, 0
17733, 173780, 1, 0, 0
17826, 176131, 1, 0, 0
17900, 159245, 1, 0, 0
18010, 157995, 1, 0, 0
18119, 159430, 1, 0, 0
18233, 163588, 1, 0, 0
18307, 146572, 1, 0, 0
18410, 149911, 1, 0, 0
18500, 130466, 1, 0, 0
18600, 125636, 1, 0, 0
18705, 130461, 1, 0, 0
18800, 164076, 1, 0, 0
18929, 156929, 1, 0, 0
19034, 198832, 1, 0, 0
19124, 145182, 1, 0, 0
19226, 150903, 1, 0, 0
19303, 137503, 1, 0, 0
19402, 154990, 1, 0, 0
19514, 156804, 1, 0, 0
19624, 175222, 1, 0, 0
19729, 143268, 1, 0, 0
19825, 162600, 1, 0, 0
19925, 151608, 1, 0, 0
20016, 177475, 1, 0, 0
20104, 179773, 1, 0, 0
20214, 127970, 1, 0, 0
20317, 133364, 1, 0, 0
20412, 130229, 1, 0, 0
20508, 153272, 1, 0, 0
20610, 177645, 1, 0, 0
20720, 141383, 1, 0, 0
20824, 150018, 1, 0, 0
20933, 151259, 1, 0, 0
21006, 138585, 1, 0, 0
21111, 142677, 1, 0, 0
21211, 150193, 1, 0, 0
21308, 148167, 1, 0, 0
21403, 121875, 1, 0, 0
21506, 149660, 1, 0, 0
21600, 188013, 1, 0, 0
21708, 167592, 1, 0, 0
21801, 124159, 1, 0, 0
21920, 131551, 1, 0, 0
22007, 132287, 1, 0, 0
22182, 238963, 1, 0, 0
22261, 161427, 1, 0, 0
22350, 227971, 1, 0, 0
22403, 176290, 1, 0, 0
22535, 187194, 1, 0, 0
22600, 134126, 1, 0, 0
22707, 88573, 1, 0, 0
22816, 89242, 1, 0, 0
22906, 149474, 1, 0, 0
23002, 153626, 1, 0, 0
23123, 190937, 1, 0, 0
23213, 156720, 1, 0, 0
23302, 158926, 1, 0, 0
23402, 129396, 1, 0, 0
23526, 146910, 1, 0, 0
23639, 207511, 1, 0, 0
23711, 177283, 1, 0, 0
23833, 150131, 1, 0, 0
23997, 142480, 1, 0, 0
24085, 215732, 1, 0, 0
24166, 197600, 1, 0, 0
24267, 206381, 1, 0, 0
24345, 148537, 1, 0, 0
24424, 168783, 1, 0, 0
24527, 209683, 1, 0, 0
24604, 176185, 1, 0, 0
24711, 169635, 1, 0, 0
24803, 160296, 1, 0, 0
24907, 144596, 1, 0, 0
25014, 141093, 1, 0, 0
25116, 192471, 1, 0, 0
25202, 120003, 1, 0, 0
25324, 155597, 1, 0, 0
25403, 142957, 1, 0, 0
25520, 152610, 1, 0, 0
25628, 147499, 1, 0, 0
25725, 195664, 1, 0, 0
25848, 169002, 1, 0, 0
25915, 168894, 1, 0, 0
26070, 168526, 1, 0, 0
26145, 202876, 1, 0, 0
26253, 173939, 1, 0, 0
26317, 199913, 1, 0, 0
26417, 148123, 1, 0, 0
26526, 118377, 1, 0, 0
26600, 168636, 1, 0, 0
26710, 147550, 1, 0, 0
26821, 157916, 1, 0, 0
26927, 195314, 1, 0, 0
27003, 191608, 1, 0, 0
27123, 154246, 1, 0, 0
27216, 161273, 1, 0, 0
27300, 151544, 1, 0, 0
27434, 185619, 1, 0, 0
27519, 133717, 1, 0, 0
27622, 171761, 1, 0, 0
27727, 140160, 1, 0, 0
27834, 191360, 1, 0, 0
27908, 155450, 1, 0, 0
28027, 162637, 1, 0, 0
28115, 170546, 1, 0, 0
28293, 140366, 1, 0, 0
28372, 214984, 1, 0, 0
28460, 230154, 1, 0, 0
28500, 155336, 1, 0, 0
28611, 124570, 1, 0, 0
28703, 167830, 1, 0, 0
28831, 120843, 1, 0, 0
28909, 164173, 1, 0, 0
29011, 157474, 1, 0, 0
29111, 142409, 1, 0, 0
29216, 163969, 1, 0, 0
29317, 127203, 1, 0, 0
29416, 143825, 1, 0, 0
29533, 122457, 1, 0, 0
29625, 156938, 1, 0, 0
29733, 203581, 1, 0, 0
29800, 160931, 1, 0, 0
29915, 156205, 1, 0, 0
30058, 170817, 1, 0, 0
30140, 146981, 1, 0, 0
30217, 161352, 1, 0, 0
30383, 170869, 1, 0, 0
30496, 156623, 1, 0, 0
30569, 151229, 1, 0, 0
30601, 110413, 1, 0, 0
30714, 143236, 1, 0, 0
30824, 146106, 1, 0, 0
30925, 149095, 1, 0, 0
31009, 163175, 1, 0, 0
31105, 132393, 1, 0, 0
31202, 139422, 1, 0, 0
31325, 142863, 1, 0, 0
31434, 179342, 1, 0, 0
31508, 163276, 1, 0, 0
31618, 174625, 1, 0, 0
31728, 161672, 1, 0, 0
31826, 162041, 1, 0, 0
31921, 146395, 1, 0, 0
32013, 167778, 1, 0, 0
32139, 136485, 1, 0, 0
32207, 191374, 1, 0, 0
32386, 140698, 1, 0, 0
32470, 183960, 1, 0, 0
32559, 141834, 1, 0, 0
32626, 134825, 1, 0, 0
32723, 156544, 1, 0, 0
32825, 129095, 1, 0, 0
32935, 141260, 1, 0, 0
33005, 161387, 1, 0, 0
33106, 131306, 1, 0, 0
33211, 163957, 1, 0, 0
33311, 140147, 1, 0, 0
33414, 158816, 1, 0, 0
33514, 167048, 1, 0, 0
33622, 175233, 1, 0, 0
33711, 191425, 1, 0, 0
33821, 166969, 1, 0, 0
33926, 188389, 1, 0, 0
34014, 142989, 1, 0, 0
34107, 177641, 1, 0, 0
34269, 164868, 1, 0, 0
34363, 201056, 1, 0, 0
34452, 152799, 1, 0, 0
34541, 141710, 1, 0, 0
34630, 162493, 1, 0, 0
34729, 153036, 1, 0, 0
34834, 164695, 1, 0, 0
34904, 177666, 1, 0, 0
35006, 165454, 1, 0, 0
35113, 146247, 1, 0, 0
35206, 168011, 1, 0, 0
35302, 147053, 1, 0, 0
35422, 147190, 1, 0, 0
35525, 151826, 1, 0, 0
35605, 150088, 1, 0, 0
35717, 124523, 1, 0, 0
35822, 149436, 1, 0, 0
35917, 160223, 1, 0, 0
36009, 161309, 1, 0, 0
36103, 127236, 1, 0, 0
36270, 114583, 1, 0, 0
36354, 110967, 1, 0, 0
36436, 129472, 1, 0, 0
36500, 109487, 1, 0, 0
36632, 118292, 1, 0, 0
36702, 102995, 1, 0, 0
36825, 158068, 1, 0, 0
36913, 94958, 1, 0, 0
37002, 123381, 1, 0, 0
37104, 184164, 1, 0, 0
37200, 149711, 1, 0, 0
37305, 178477, 1, 0, 0
37409, 191812, 1, 0, 0
37534, 159972, 1, 0, 0
37606, 176550, 1, 0, 0
37706, 196166, 1, 0, 0
37828, 151629, 1, 0, 0
37942, 174592, 1, 0, 0
38004, 115995, 1, 0, 0
38176, 118781, 1, 0, 0
38261, 118259, 1, 0, 0
38341, 152535, 1, 0, 0
38413, 102747, 1, 0, 0
38551, 118251, 1, 0, 0
38618, 188249, 1, 0, 0
38723, 138540, 1, 0, 0
38805, 129876, 1, 0, 0
38902, 155344, 1, 0, 0
39021, 162466, 1, 0, 0
39121, 176238, 1, 0, 0
39221, 133431, 1, 0, 0
39330, 146954, 1, 0, 0
39421, 127712, 1, 0, 0
39505, 129752, 1, 0, 0
39614, 144592, 1, 0, 0
39715, 142396, 1, 0, 0
39812, 147665, 1, 0, 0
39915, 161765, 1, 0, 0
40020, 176319, 1, 0, 0
40137, 150901, 1, 0, 0
40222, 258580, 1, 0, 0
40304, 152906, 1, 0, 0
40474, 184981, 1, 0, 0
40565, 218057, 1, 0, 0
40657, 166893, 1, 0, 0
40719, 185348, 1, 0, 0
40816, 174308, 1, 0, 0
40922, 177569, 1, 0, 0
41028, 167224, 1, 0, 0
41100, 144385, 1, 0, 0
41223, 155242, 1, 0, 0
41313, 112194, 1, 0, 0
41414, 141615, 1, 0, 0
41507, 149658, 1, 0, 0
41607, 169094, 1, 0, 0
41708, 186897, 1, 0, 0
41819, 119267, 1, 0, 0
41900, 154512, 1, 0, 0
42037, 160668, 1, 0, 0
42100, 186711, 1, 0, 0
42258, 195895, 1, 0, 0
42351, 178043, 1, 0, 0
42428, 172000, 1, 0, 0
42530, 199684, 1, 0, 0
42602, 166883, 1, 0, 0
42702, 168544, 1, 0, 0
42808, 172558, 1, 0, 0
42905, 149166, 1, 0, 0
43010, 150924, 1, 0, 0
43108, 135268, 1, 0, 0
43206, 145721, 1, 0, 0
43320, 150705, 1, 0, 0
43419, 145594, 1, 0, 0
43523, 163503, 1, 0, 0
43622, 169662, 1, 0, 0
43704, 140445, 1, 0, 0
43805, 138120, 1, 0, 0
43909, 135741, 1, 0, 0
44004, 158975, 1, 0, 0
44131, 146932, 1, 0, 0
44213, 174182, 1, 0, 0
44373, 167658, 1, 0, 0
44453, 149665, 1, 0, 0
44526, 165484, 1, 0, 0
44649, 137461, 1, 0, 0
44711, 146134, 1, 0, 0
44818, 151319, 1, 0, 0
44920, 142156, 1, 0, 0
45013, 143645, 1, 0, 0
45133, 171366, 1, 0, 0
45204, 145936, 1, 0, 0
45319, 131679, 1, 0, 0
45415, 134427, 1, 0, 0
45516, 159454, 1, 0, 0
45625, 167169, 1, 0, 0
45724, 147647, 1, 0, 0
45822, 163393, 1, 0, 0
45927, 252158, 1, 0, 0
46046, 197045, 1, 0, 0
46114, 157894, 1, 0, 0
46260, 203048, 1, 0, 0
46347, 204858, 1, 0, 0
46434, 171554, 1, 0, 0
46522, 170083, 1, 0, 0
46604, 136906, 1, 0, 0
46712, 202041, 1, 0, 0
46816, 171105, 1, 0, 0
46918, 134418, 1, 0, 0
47028, 148585, 1, 0, 0
47128, 182995, 1, 0, 0
47200, 165644, 1, 0, 0
47314, 164312, 1, 0, 0
47424, 197252, 1, 0, 0
47535, 151630, 1, 0, 0
47640, 159261, 1, 0, 0
47700, 146429, 1, 0, 0
47807, 223007, 1, 0, 0
47915, 162435, 1, 0, 0
48018, 136324, 1, 0, 0
48150, 181041, 1, 0, 0
48201, 188199, 1, 0, 0
48328, 175215, 1, 0, 0
48409, 206387, 1, 0, 0
48501, 235866, 1, 0, 0
48633, 189313, 1, 0, 0
48703, 203230, 1, 0, 0
48824, 153327, 1, 0, 0
48922, 197600, 1, 0, 0
49013, 149656, 1, 0, 0
49121, 141589, 1, 0, 0
49213, 169458, 1, 0, 0
49319, 203628, 1, 0, 0
49421, 188482, 1, 0, 0
49500, 163372, 1, 0, 0
49621, 184580, 1, 0, 0
49742, 209563, 1, 0, 0
49811, 143332, 1, 0, 0
49912, 133737, 1, 0, 0
50011, 142144, 1, 0, 0
50107, 156959, 1, 0, 0
50252, 186727, 1, 0, 0
50300, 197908, 1, 0, 0
50410, 147082, 1, 0, 0
50500, 157668, 1, 0, 0
50643, 234362, 1, 0, 0
50718, 207998, 1, 0, 0
50801, 167070, 1, 0, 0
50930, 167824, 1, 0, 0
51034, 170716, 1, 0, 0
51121, 175090, 1, 0, 0
51217, 164029, 1, 0, 0
51324, 163149, 1, 0, 0
51412, 147525, 1, 0, 0
51518, 167303, 1, 0, 0
51603, 155456, 1, 0, 0
51709, 146184, 1, 0, 0
51811, 185449, 1, 0, 0
51909, 167893, 1, 0, 0
52001, 195885, 1, 0, 0
52129, 134392, 1, 0, 0
52215, 180773, 1, 0, 0
52342, 147400, 1, 0, 0
52430, 139175, 1, 0, 0
52518, 119122, 1, 0, 0
52687, 105155, 1, 0, 0
52738, 115406, 1, 0, 0
52823, 155533, 1, 0, 0
52920, 143585, 1, 0, 0
53004, 154294, 1, 0, 0
53102, 199028, 1, 0, 0
53218, 138309, 1, 0, 0
53329, 151892, 1, 0, 0
53430, 166724, 1, 0, 0
53509, 154231, 1, 0, 0
53619, 158567, 1, 0, 0
53730, 158391, 1, 0, 0
53824, 192841, 1, 0, 0
53905, 188444, 1, 0, 0
54004, 93795, 1, 0, 0
54102, 210077, 1, 0, 0
54203, 164254, 1, 0, 0
54307, 154994, 1, 0, 0
54435, 174258, 1, 0, 0
54500, 189534, 1, 0, 0
54653, 197277, 1, 0, 0
54729, 188575, 1, 0, 0
54800, 168600, 1, 0, 0
54907, 187155, 1, 0, 0
55023, 170879, 1, 0, 0
55120, 177964, 1, 0, 0
55225, 119859, 1, 0, 0
55307, 162563, 1, 0, 0
55407, 116630, 1, 0, 0
55504, 124332, 1, 0, 0
55601, 161941, 1, 0, 0
55702, 171086, 1, 0, 0
55803, 128199, 1, 0, 0
55905, 173264, 1, 0, 0
56028, 195613, 1, 0, 0
56105, 165435, 1, 0, 0
56202, 146328, 1, 0, 0
56306, 187316, 1, 0, 0
56415, 206717, 1, 0, 0
56580, 178948, 1, 0, 0
56663, 205150, 1, 0, 0
56737, 139674, 1, 0, 0
56800, 156250, 1, 0, 0
56903, 152781, 1, 0, 0
57025, 169827, 1, 0, 0
57120, 196470, 1, 0, 0
57215, 160083, 1, 0, 0
57303, 149163, 1, 0, 0
57410, 129841, 1, 0, 0
57521, 156580, 1, 0, 0
57606, 139644, 1, 0, 0
57719, 146129, 1, 0, 0
57822, 176968, 1, 0, 0
57921, 186843, 1, 0, 0
58034, 132360, 1, 0, 0
58100, 237572, 1, 0, 0
58228, 172779, 1, 0, 0
58320, 151259, 1, 0, 0
58423, 177844, 1, 0, 0
58502, 228706, 1, 0, 0
58679, 151823, 1, 0, 0
58761, 161171, 1, 0, 0
58817, 193424, 1, 0, 0
58906, 154544, 1, 0, 0
59002, 207629, 1, 0, 0
59105, 118574, 1, 0, 0
59201, 151679, 1, 0, 0
59319, 144884, 1, 0, 0
59421, 120941, 1, 0, 0
59526, 143074, 1, 0, 0
59610, 121092, 1, 0, 0
59706, 155668, 1, 0, 0
59814, 165036, 1, 0, 0
59924, 146701, 1, 0, 0
60019, 166095, 1, 0, 0
60127, 221994, 1, 0, 0
60221, 183597, 1, 0, 0
60346, 175059, 1, 0, 0
60403, 180150, 1, 0, 0
60502, 150894, 1, 0, 0
60604, 156683, 1, 0, 0
60725, 168591, 1, 0, 0
60809, 103986, 1, 0, 0
60907, 184521, 1, 0, 0
61012, 117588, 1, 0, 0
61104, 103060, 1, 0, 0
61229, 107550, 1, 0, 0
61302, 118795, 1, 0, 0
61425, 131457, 1, 0, 0
61523, 132864, 1, 0, 0
61616, 173508, 1, 0, 0
61713, 150114, 1, 0, 0
61821, 148747, 1, 0, 0
61932, 179881, 1, 0, 0
62026, 168683, 1, 0, 0
62127, 169442, 1, 0, 0
62200, 169070, 1, 0, 0
62309, 209497, 1, 0, 0
62426, 189911, 1, 0, 0
62511, 132556, 1, 0, 0
62647, 152175, 1, 0, 0
62714, 218808, 1, 0, 0
62868, 165026, 1, 0, 0
62931, 231484, 1, 0, 0
63052, 137147, 1, 0, 0
63119, 161594, 1, 0, 0
63207, 130376, 1, 0, 0
63319, 166298, 1, 0, 0
63425, 144341, 1, 0, 0
63531, 145704, 1, 0, 0
63603, 166498, 1, 0, 0
63715, 175013, 1, 0, 0
63837, 135938, 1, 0, 0
63920, 140273, 1, 0, 0
64030, 158229, 1, 0, 0
64103, 156566, 1, 0, 0
64214, 101059, 1, 0, 0
64336, 164718, 1, 0, 0
64419, 131943, 1, 0, 0
64548, 103973, 1, 0, 0
64642, 102279, 1, 0, 0
64746, 153630, 1, 0, 0
64831, 126533, 1, 0, 0
64956, 162021, 1, 0, 0
65022, 139960, 1, 0, 0
65167, 120508, 1, 0, 0
65202, 117321, 1, 0, 0
65318, 126060, 1, 0, 0
65428, 172071, 1, 0, 0
65506, 152633, 1, 0, 0
65619, 129482, 1, 0, 0
65736, 146616, 1, 0, 0
65817, 174264, 1, 0, 0
65934, 149896, 1, 0, 0
66004, 166704, 1, 0, 0
66124, 160217, 1, 0, 0
66203, 200602, 1, 0, 0
66331, 201631, 1, 0, 0
66401, 136530, 1, 0, 0
66551, 181591, 1, 0, 0
66652, 157066, 1, 0, 0
66734, 159651, 1, 0, 0
66821, 137745, 1, 0, 0
66901, 207995, 1, 0, 0
67004, 179739, 1, 0, 0
67101, 204380, 1, 0, 0
67223, 158628, 1, 0, 0
67327, 171383, 1, 0, 0
67421, 172052, 1, 0, 0
67505, 171939, 1, 0, 0
67605, 204694, 1, 0, 0
67701, 160852, 1, 0, 0
67810, 186546, 1, 0, 0
67926, 137826, 1, 0, 0
68036, 148977, 1, 0, 0
68109, 162534, 1, 0, 0
68216, 189710, 1, 0, 0
68324, 162470, 1, 0, 0
68405, 128752, 1, 0, 0
68501, 169823, 1, 0, 0
68676, 181236, 1, 0, 0
68769, 199276, 1, 0, 0
68852, 168935, 1, 0, 0
68963, 185044, 1, 0, 0
69028, 148556, 1, 0, 0
69139, 162879, 1, 0, 0
69203, 155535, 1, 0, 0
69303, 171211, 1, 0, 0
69414, 164277, 1, 0, 0
69512, 165727, 1, 0, 0
69621, 194211, 1, 0, 0
69700, 211596, 1, 0, 0
69828, 253352, 1, 0, 0
69921, 153264, 1, 0, 0
70003, 145168, 1, 0, 0
70107, 146662, 1, 0, 0
70205, 139239, 1, 0, 0
70325, 146457, 1, 0, 0
70405, 99822, 1, 0, 0
70516, 117730, 1, 0, 0
70600, 243460, 1, 0, 0
70776, 171607, 1, 0, 0
70865, 184662, 1, 0, 0
70955, 169324, 1, 0, 0
71029, 189112, 1, 0, 0
71100, 150338, 1, 0, 0
71223, 152589, 1, 0, 0
71331, 150298, 1, 0, 0
71432, 144442, 1, 0, 0
71531, 155509, 1, 0, 0
71605, 145802, 1, 0, 0
71715, 128434, 1, 0, 0
71829, 122984, 1, 0, 0
71900, 133484, 1, 0, 0
72000, 133170, 1, 0, 0
72127, 160866, 1, 0, 0
72206, 123038, 1, 0, 0
72303, 165374, 1, 0, 0
72400, 174652, 1, 0, 0
72556, 149143, 1, 0, 0
72640, 134093, 1, 0, 0
72747, 109954, 1, 0, 0
72822, 110869, 1, 0, 0
72927, 97992, 1, 0, 0
73011, 92969, 1, 0, 0
73103, 100245, 1, 0, 0
73209, 97210, 1, 0, 0
73310, 100300, 1, 0, 0
73415, 119800, 1, 0, 0
73502, 104218, 1, 0, 0
73611, 97109, 1, 0, 0
73788, 100382, 1, 0, 0
73891, 91719, 1, 0, 0
73980, 91151, 1, 0, 0
74048, 95433, 1, 0, 0
74100, 91139, 1, 0, 0
74257, 92416, 1, 0, 0
74343, 104798, 1, 0, 0
74434, 90216, 1, 0, 0
74514, 92089, 1, 0, 0
74628, 95215, 1, 0, 0
74703, 96524, 1, 0, 0
74856, 105569, 1, 0, 0
74936, 94176, 1, 0, 0
75015, 99607, 1, 0, 0
75117, 109173, 1, 0, 0
75213, 200659, 1, 0, 0
75306, 175732, 1, 0, 0
75418, 169894, 1, 0, 0
75517, 142365, 1, 0, 0
75620, 173329, 1, 0, 0
75706, 167520, 1, 0, 0
75820, 132161, 1, 0, 0
75925, 159621, 1, 0, 0
76034, 175236, 1, 0, 0
76110, 200157, 1, 0, 0
76217, 161816, 1, 0, 0
76307, 346167, 1, 0, 0
76486, 166139, 1, 0, 0
76514, 182357, 1, 0, 0
76615, 146099, 1, 0, 0
76722, 131799, 1, 0, 0
76800, 200506, 1, 0, 0
76910, 146946, 1, 0, 0
77007, 162325, 1, 0, 0
77107, 121763, 1, 0, 0
77211, 157615, 1, 0, 0
77315, 144716, 1, 0, 0
77415, 170917, 1, 0, 0
77525, 178802, 1, 0, 0
77600, 166178, 1, 0, 0
77724, 144300, 1, 0, 0
77816, 162738, 1, 0, 0
77919, 199203, 1, 0, 0
78051, 178763, 1, 0, 0
78100, 141522, 1, 0, 0
78265, 166474, 1, 0, 0
78327, 161336, 1, 0, 0
78406, 222952, 1, 0, 0
78505, 140019, 1, 0, 0
78619, 172522, 1, 0, 0
78716, 154894, 1, 0, 0
78816, 110627, 1, 0, 0
78919, 145998, 1, 0, 0
79012, 129201, 1, 0, 0
79114, 135886, 1, 0, 0
79215, 209931, 1, 0, 0
79326, 188250, 1, 0, 0
79433, 188055, 1, 0, 0
79504, 172882, 1, 0, 0
79607, 137252, 1, 0, 0
79704, 172659, 1, 0, 0
79813, 140489, 1, 0, 0
79913, 168313, 1, 0, 0
80008, 166685, 1, 0, 0
80103, 155588, 1, 0, 0
80211, 184012, 1, 0, 0
80394, 189225, 1, 0, 0
80479, 180531, 1, 0, 0
80570, 122816, 1, 0, 0
80648, 154794, 1, 0, 0
80742, 156404, 1, 0, 0
80809, 124815, 1, 0, 0
80920, 178157, 1, 0, 0
81022, 150388, 1, 0, 0
81124, 183948, 1, 0, 0
81202, 172870, 1, 0, 0
81312, 176187, 1, 0, 0
81422, 172635, 1, 0, 0
81521, 166812, 1, 0, 0
81612, 195877, 1, 0, 0
81704, 190578, 1, 0, 0
81806, 153414, 1, 0, 0
81919, 153797, 1, 0, 0
82029, 190699, 1, 0, 0
82101, 239877, 1, 0, 0
82216, 184099, 1, 0, 0
82326, 171771, 1, 0, 0
82467, 144940, 1, 0, 0
82543, 179412, 1, 0, 0
82624, 177905, 1, 0, 0
82737, 168878, 1, 0, 0
82806, 144210, 1, 0, 0
82902, 143726, 1, 0, 0
83006, 170729, 1, 0, 0
83108, 112740, 1, 0, 0
83209, 124982, 1, 0, 0
83319, 132471, 1, 0, 0
83429, 172255, 1, 0, 0
83500, 161018, 1, 0, 0
83601, 132961, 1, 0, 0
83700, 131287, 1, 0, 0
83806, 98242, 1, 0, 0
83921, 162937, 1, 0, 0
84021, 149457, 1, 0, 0
84138, 191850, 1, 0, 0
84210, 156160, 1, 0, 0
84342, 128291, 1, 0, 0
84468, 130577, 1, 0, 0
84522, 93009, 1, 0, 0
84673, 99864, 1, 0, 0
84763, 119946, 1, 0, 0
84854, 116479, 1, 0, 0
84918, 117804, 1, 0, 0
85007, 121586, 1, 0, 0
85104, 131813, 1, 0, 0
85207, 162624, 1, 0, 0
85307, 111919, 1, 0, 0
85435, 142372, 1, 0, 0
85501, 130586, 1, 0, 0
85601, 150589, 1, 0, 0
85713, 180317, 1, 0, 0
85806, 178899, 1, 0, 0
85934, 140118, 1, 0, 0
86005, 187400, 1, 0, 0
86115, 158321, 1, 0, 0
86230, 153161, 1, 0, 0
86326, 153234, 1, 0, 0
86402, 149984, 1, 0, 0
86500, 156984, 1, 0, 0
86600, 139394, 1, 0, 0
86780, 163951, 1, 0, 0
86841, 164559, 1, 0, 0
86915, 171502, 1, 0, 0
87023, 153978, 1, 0, 0
87124, 124494, 1, 0, 0
87217, 192183, 1, 0, 0
87313, 195925, 1, 0, 0
87416, 208334, 1, 0, 0
87500, 127273, 1, 0, 0
87600, 167969, 1, 0, 0
87701, 165983, 1, 0, 0
87807, 130255, 1, 0, 0
87911, 158584, 1, 0, 0
88021, 168138, 1, 0, 0
88120, 150961, 1, 0, 0
88220, 140566, 1, 0, 0
88310, 218574, 1, 0, 0
88407, 151583, 1, 0, 0
88518, 199848, 1, 0, 0
88608, 225334, 1, 0, 0
88713, 205943, 1, 0, 0
88813, 187748, 1, 0, 0
88911, 151929, 1, 0, 0
89028, 131663, 1, 0, 0
89126, 129156, 1, 0, 0
89203, 178944, 1, 0, 0
89308, 183960, 1, 0, 0
89412, 153961, 1, 0, 0
89528, 167384, 1, 0, 0
89600, 189182, 1, 0, 0
89704, 189968, 1, 0, 0
89808, 159911, 1, 0, 0
89914, 203318, 1, 0, 0
90026, 167192, 1, 0, 0
