250, 228, 1, 0, 0
350, 190, 1, 0, 0
450, 200, 1, 0, 0
550, 220, 1, 0, 0
650, 150, 1, 0, 0
749, 262, 1, 0, 0
849, 140, 1, 0, 0
949, 180, 1, 0, 0
1049, 250, 1, 0, 0
1150, 240, 1, 0, 0
1249, 222, 1, 0, 0
1349, 240, 1, 0, 0
1449, 30, 1, 0, 0
1549, 100, 1, 0, 0
1649, 40, 1, 0, 0
1749, 160, 1, 0, 0
1849, 60, 1, 0, 0
1949, 130, 1, 0, 0
2049, 250, 1, 0, 0
2149, 200, 1, 0, 0
2250, 250, 1, 0, 0
2350, 190, 1, 0, 0
2450, 260, 1, 0, 0
2550, 230, 1, 0, 0
2650, 190, 1, 0, 0
2749, 151, 1, 0, 0
2849, 290, 1, 0, 0
2949, 200, 1, 0, 0
3049, 190, 1, 0, 0
3149, 230, 1, 0, 0
3249, 260, 1, 0, 0
3349, 130, 1, 0, 0
3450, 120, 1, 0, 0
3550, 150, 1, 0, 0
3650, 40, 1, 0, 0
3749, 90, 1, 0, 0
3849, 50, 1, 0, 0
3949, 210, 1, 0, 0
4049, 190, 1, 0, 0
4149, 260, 1, 0, 0
4250, 160, 1, 0, 0
4350, 310, 1, 0, 0
4450, 170, 1, 0, 0
4550, 250, 1, 0, 0
4650, 220, 1, 0, 0
4749, 171, 1, 0, 0
4849, 260, 1, 0, 0
4949, 260, 1, 0, 0
5049, 220, 1, 0, 0
5149, 200, 1, 0, 0
5249, 190, 1, 0, 0
5350, 150, 1, 0, 0
5450, 100, 1, 0, 0
5550, 130, 1, 0, 0
5650, 90, 1, 0, 0
5749, 40, 1, 0, 0
5849, 130, 1, 0, 0
5949, 150, 1, 0, 0
6049, 230, 1, 0, 0
6150, 250, 1, 0, 0
6249, 161, 1, 0, 0
6349, 230, 1, 0, 0
6449, 230, 1, 0, 0
6549, 180, 1, 0, 0
6649, 210, 1, 0, 0
6749, 250, 1, 0, 0
6849, 180, 1, 0, 0
6949, 250, 1, 0, 0
7049, 230, 1, 0, 0
7149, 160, 1, 0, 0
7250, 250, 1, 0, 0
7350, 220, 1, 0, 0
7450, 170, 1, 0, 0
7550, 10, 1, 0, 0
7650, 120, 1, 0, 0
7749, 131, 1, 0, 0
7849, 60, 1, 0, 0
7949, 200, 1, 0, 0
8049, 250, 1, 0, 0
8149, 190, 1, 0, 0
8250, 220, 1, 0, 0
8350, 220, 1, 0, 0
8450, 200, 1, 0, 0
8550, 280, 1, 0, 0
8650, 190, 1, 0, 0
8749, 222, 1, 0, 0
8849, 130, 1, 0, 0
8949, 220, 1, 0, 0
9049, 220, 1, 0, 0
9149, 180, 1, 0, 0
9250, 210, 1, 0, 0
9350, 130, 1, 0, 0
9450, 290, 1, 0, 0
9550, 60, 1, 0, 0
9650, 130, 1, 0, 0
9749, 111, 1, 0, 0
9850, 30, 1, 0, 0
9950, 100, 1, 0, 0
10050, 40, 1, 0, 0
10150, 220, 1, 0, 0
10249, 252, 1, 0, 0
10349, 190, 1, 0, 0
10449, 200, 1, 0, 0
10549, 210, 1, 0, 0
10650, 260, 1, 0, 0
10749, 131, 1, 0, 0
10849, 230, 1, 0, 0
10949, 220, 1, 0, 0
11049, 190, 1, 0, 0
11149, 200, 1, 0, 0
11249, 280, 1, 0, 0
11349, 210, 1, 0, 0
11449, 250, 1, 0, 0
11549, 20, 1, 0, 0
11650, 150, 1, 0, 0
11749, 90, 1, 0, 0
11849, 60, 1, 0, 0
11949, 70, 1, 0, 0
12049, 130, 1, 0, 0
12149, 240, 1, 0, 0
12249, 260, 1, 0, 0
12349, 240, 1, 0, 0
12449, 200, 1, 0, 0
12550, 190, 1, 0, 0
12650, 250, 1, 0, 0
12749, 202, 1, 0, 0
12849, 280, 1, 0, 0
12949, 200, 1, 0, 0
13049, 220, 1, 0, 0
13149, 130, 1, 0, 0
13249, 210, 1, 0, 0
13349, 220, 1, 0, 0
13449, 180, 1, 0, 0
13549, 140, 1, 0, 0
13650, 150, 1, 0, 0
13749, 60, 1, 0, 0
13849, 130, 1, 0, 0
13949, 70, 1, 0, 0
14049, 240, 1, 0, 0
14149, 160, 1, 0, 0
14249, 160, 1, 0, 0
14349, 210, 1, 0, 0
14450, 230, 1, 0, 0
14550, 190, 1, 0, 0
14650, 200, 1, 0, 0
14749, 242, 1, 0, 0
14849, 130, 1, 0, 0
14949, 260, 1, 0, 0
15049, 240, 1, 0, 0
15149, 220, 1, 0, 0
15250, 220, 1, 0, 0
15350, 240, 1, 0, 0
15450, 180, 1, 0, 0
15550, 220, 1, 0, 0
15650, 130, 1, 0, 0
15749, 111, 1, 0, 0
15849, 30, 1, 0, 0
15949, 110, 1, 0, 0
16050, 30, 1, 0, 0
16150, 150, 1, 0, 0
16249, 212, 1, 0, 0
16349, 140, 1, 0, 0
16449, 320, 1, 0, 0
16549, 170, 1, 0, 0
16649, 230, 1, 0, 0
16749, 230, 1, 0, 0
16849, 170, 1, 0, 0
16950, 240, 1, 0, 0
17050, 220, 1, 0, 0
17150, 180, 1, 0, 0
17249, 222, 1, 0, 0
17349, 260, 1, 0, 0
17449, 180, 1, 0, 0
17549, 220, 1, 0, 0
17649, 210, 1, 0, 0
17749, 140, 1, 0, 0
17849, 150, 1, 0, 0
17950, 200, 1, 0, 0
18050, 150, 1, 0, 0
18150, 250, 1, 0, 0
18249, 262, 1, 0, 0
18349, 160, 1, 0, 0
18449, 290, 1, 0, 0
18549, 260, 1, 0, 0
18649, 230, 1, 0, 0
18749, 180, 1, 0, 0
18850, 210, 1, 0, 0
18950, 220, 1, 0, 0
19050, 190, 1, 0, 0
19150, 260, 1, 0, 0
19249, 242, 1, 0, 0
19349, 180, 1, 0, 0
19449, 230, 1, 0, 0
19549, 200, 1, 0, 0
19649, 190, 1, 0, 0
19750, 210, 1, 0, 0
19850, 130, 1, 0, 0
19950, 140, 1, 0, 0
20050, 110, 1, 0, 0
20150, 130, 1, 0, 0
20249, 70, 1, 0, 0
20349, 230, 1, 0, 0
20449, 220, 1, 0, 0
20550, 200, 1, 0, 0
20650, 220, 1, 0, 0
20749, 212, 1, 0, 0
20849, 210, 1, 0, 0
20949, 180, 1, 0, 0
21049, 180, 1, 0, 0
21149, 210, 1, 0, 0
21249, 220, 1, 0, 0
21349, 170, 1, 0, 0
21450, 230, 1, 0, 0
21550, 210, 1, 0, 0
21650, 200, 1, 0, 0
21749, 151, 1, 0, 0
21849, 170, 1, 0, 0
21949, 150, 1, 0, 0
22050, 100, 1, 0, 0
22150, 140, 1, 0, 0
22249, 70, 1, 0, 0
22349, 60, 1, 0, 0
22449, 130, 1, 0, 0
22549, 210, 1, 0, 0
22649, 230, 1, 0, 0
22749, 180, 1, 0, 0
22849, 230, 1, 0, 0
22950, 260, 1, 0, 0
23050, 210, 1, 0, 0
23150, 240, 1, 0, 0
23249, 181, 1, 0, 0
23349, 280, 1, 0, 0
23449, 200, 1, 0, 0
23549, 280, 1, 0, 0
23649, 190, 1, 0, 0
23749, 150, 1, 0, 0
23850, 240, 1, 0, 0
23950, 140, 1, 0, 0
24050, 60, 1, 0, 0
24150, 70, 1, 0, 0
24249, 60, 1, 0, 0
24349, 90, 1, 0, 0
24449, 130, 1, 0, 0
24550, 190, 1, 0, 0
24650, 200, 1, 0, 0
24749, 131, 1, 0, 0
24849, 240, 1, 0, 0
24949, 250, 1, 0, 0
25049, 230, 1, 0, 0
25149, 240, 1, 0, 0
25249, 160, 1, 0, 0
25350, 230, 1, 0, 0
25450, 210, 1, 0, 0
25550, 190, 1, 0, 0
25650, 200, 1, 0, 0
25749, 232, 1, 0, 0
25849, 210, 1, 0, 0
25949, 50, 1, 0, 0
26049, 130, 1, 0, 0
26149, 100, 1, 0, 0
26250, 130, 1, 0, 0
26350, 70, 1, 0, 0
26450, 190, 1, 0, 0
26550, 210, 1, 0, 0
26650, 230, 1, 0, 0
26749, 181, 1, 0, 0
26849, 220, 1, 0, 0
26949, 260, 1, 0, 0
27050, 220, 1, 0, 0
27150, 230, 1, 0, 0
27249, 181, 1, 0, 0
27349, 220, 1, 0, 0
27449, 220, 1, 0, 0
27549, 130, 1, 0, 0
27649, 200, 1, 0, 0
27749, 240, 1, 0, 0
27849, 170, 1, 0, 0
27950, 230, 1, 0, 0
28050, 140, 1, 0, 0
28150, 60, 1, 0, 0
28249, 161, 1, 0, 0
28349, 40, 1, 0, 0
28449, 110, 1, 0, 0
28549, 130, 1, 0, 0
28650, 130, 1, 0, 0
28749, 262, 1, 0, 0
28849, 130, 1, 0, 0
28949, 210, 1, 0, 0
29049, 240, 1, 0, 0
29149, 190, 1, 0, 0
29249, 220, 1, 0, 0
29350, 210, 1, 0, 0
29450, 200, 1, 0, 0
29550, 190, 1, 0, 0
29650, 210, 1, 0, 0
29749, 242, 1, 0, 0
29849, 170, 1, 0, 0
29949, 150, 1, 0, 0
30049, 200, 1, 0, 0
30149, 120, 1, 0, 0
30250, 10, 1, 0, 0
30350, 140, 1, 0, 0
30450, 110, 1, 0, 0
30550, 50, 1, 0, 0
30650, 170, 1, 0, 0
30749, 181, 1, 0, 0
30849, 230, 1, 0, 0
30949, 220, 1, 0, 0
31049, 160, 1, 0, 0
31150, 260, 1, 0, 0
31249, 141, 1, 0, 0
31349, 260, 1, 0, 0
31449, 300, 1, 0, 0
31549, 140, 1, 0, 0
31649, 250, 1, 0, 0
31749, 200, 1, 0, 0
31849, 230, 1, 0, 0
31950, 160, 1, 0, 0
32050, 260, 1, 0, 0
32150, 180, 1, 0, 0
32249, 40, 1, 0, 0
32349, 160, 1, 0, 0
32449, 80, 1, 0, 0
32550, 80, 1, 0, 0
32650, 50, 1, 0, 0
32749, 242, 1, 0, 0
32849, 190, 1, 0, 0
32949, 220, 1, 0, 0
33049, 220, 1, 0, 0
33149, 140, 1, 0, 0
33249, 220, 1, 0, 0
33349, 190, 1, 0, 0
33449, 230, 1, 0, 0
33550, 220, 1, 0, 0
33650, 170, 1, 0, 0
33749, 232, 1, 0, 0
33849, 260, 1, 0, 0
33949, 240, 1, 0, 0
34049, 220, 1, 0, 0
34149, 140, 1, 0, 0
34249, 130, 1, 0, 0
34349, 50, 1, 0, 0
34450, 80, 1, 0, 0
34550, 80, 1, 0, 0
34650, 120, 1, 0, 0
34749, 202, 1, 0, 0
34849, 200, 1, 0, 0
34949, 270, 1, 0, 0
35049, 200, 1, 0, 0
35149, 160, 1, 0, 0
35249, 290, 1, 0, 0
35349, 190, 1, 0, 0
35449, 210, 1, 0, 0
35550, 220, 1, 0, 0
35650, 180, 1, 0, 0
35749, 151, 1, 0, 0
35849, 230, 1, 0, 0
35949, 210, 1, 0, 0
36049, 210, 1, 0, 0
36149, 140, 1, 0, 0
36249, 50, 1, 0, 0
36349, 80, 1, 0, 0
36449, 130, 1, 0, 0
36550, 60, 1, 0, 0
36650, 160, 1, 0, 0
36749, 151, 1, 0, 0
36849, 190, 1, 0, 0
36949, 220, 1, 0, 0
37049, 250, 1, 0, 0
37149, 170, 1, 0, 0
37249, 230, 1, 0, 0
37349, 220, 1, 0, 0
37450, 130, 1, 0, 0
37550, 260, 1, 0, 0
37650, 240, 1, 0, 0
37749, 141, 1, 0, 0
37849, 260, 1, 0, 0
37949, 240, 1, 0, 0
38049, 180, 1, 0, 0
38149, 150, 1, 0, 0
38249, 70, 1, 0, 0
38349, 70, 1, 0, 0
38449, 60, 1, 0, 0
38550, 150, 1, 0, 0
38650, 50, 1, 0, 0
38749, 131, 1, 0, 0
38849, 280, 1, 0, 0
38949, 210, 1, 0, 0
39049, 210, 1, 0, 0
39149, 210, 1, 0, 0
39249, 190, 1, 0, 0
39349, 220, 1, 0, 0
39449, 230, 1, 0, 0
39549, 170, 1, 0, 0
39650, 180, 1, 0, 0
39749, 212, 1, 0, 0
39849, 230, 1, 0, 0
39949, 200, 1, 0, 0
40049, 190, 1, 0, 0
40149, 130, 1, 0, 0
40249, 110, 1, 0, 0
40349, 130, 1, 0, 0
40449, 80, 1, 0, 0
40549, 50, 1, 0, 0
40650, 90, 1, 0, 0
40749, 131, 1, 0, 0
40849, 190, 1, 0, 0
40949, 230, 1, 0, 0
41049, 270, 1, 0, 0
41149, 160, 1, 0, 0
41249, 240, 1, 0, 0
41349, 240, 1, 0, 0
41449, 160, 1, 0, 0
41549, 260, 1, 0, 0
41649, 230, 1, 0, 0
41750, 260, 1, 0, 0
41850, 190, 1, 0, 0
41950, 250, 1, 0, 0
42050, 250, 1, 0, 0
42150, 130, 1, 0, 0
42249, 30, 1, 0, 0
42349, 100, 1, 0, 0
42449, 50, 1, 0, 0
42549, 80, 1, 0, 0
42650, 130, 1, 0, 0
42749, 282, 1, 0, 0
42849, 160, 1, 0, 0
42949, 240, 1, 0, 0
43049, 190, 1, 0, 0
43149, 200, 1, 0, 0
43249, 210, 1, 0, 0
43349, 210, 1, 0, 0
43449, 230, 1, 0, 0
43550, 160, 1, 0, 0
43650, 230, 1, 0, 0
43749, 242, 1, 0, 0
43849, 220, 1, 0, 0
43949, 130, 1, 0, 0
44049, 240, 1, 0, 0
44149, 130, 1, 0, 0
44249, 90, 1, 0, 0
44349, 150, 1, 0, 0
44449, 20, 1, 0, 0
44550, 110, 1, 0, 0
44650, 150, 1, 0, 0
44749, 50, 1, 0, 0
44849, 210, 1, 0, 0
44949, 220, 1, 0, 0
45049, 190, 1, 0, 0
45149, 250, 1, 0, 0
45249, 230, 1, 0, 0
45349, 180, 1, 0, 0
45450, 240, 1, 0, 0
45550, 220, 1, 0, 0
45650, 180, 1, 0, 0
45749, 262, 1, 0, 0
45849, 200, 1, 0, 0
45949, 190, 1, 0, 0
46049, 240, 1, 0, 0
46149, 70, 1, 0, 0
46249, 140, 1, 0, 0
46350, 50, 1, 0, 0
46450, 100, 1, 0, 0
46550, 30, 1, 0, 0
46650, 160, 1, 0, 0
46749, 161, 1, 0, 0
46849, 210, 1, 0, 0
46949, 260, 1, 0, 0
47049, 300, 1, 0, 0
47149, 180, 1, 0, 0
47249, 212, 1, 0, 0
47349, 130, 1, 0, 0
47449, 200, 1, 0, 0
47549, 230, 1, 0, 0
47649, 180, 1, 0, 0
47749, 270, 1, 0, 0
47849, 150, 1, 0, 0
47949, 230, 1, 0, 0
48050, 170, 1, 0, 0
48150, 220, 1, 0, 0
48249, 131, 1, 0, 0
48349, 100, 1, 0, 0
48449, 130, 1, 0, 0
48549, 260, 1, 0, 0
48649, 240, 1, 0, 0
48750, 200, 1, 0, 0
48850, 160, 1, 0, 0
48950, 260, 1, 0, 0
49050, 220, 1, 0, 0
49150, 280, 1, 0, 0
49249, 202, 1, 0, 0
49349, 190, 1, 0, 0
49449, 230, 1, 0, 0
49549, 210, 1, 0, 0
49649, 190, 1, 0, 0
49749, 220, 1, 0, 0
49850, 230, 1, 0, 0
49950, 170, 1, 0, 0
50050, 230, 1, 0, 0
50150, 250, 1, 0, 0
50249, 161, 1, 0, 0
50349, 160, 1, 0, 0
50449, 90, 1, 0, 0
50549, 130, 1, 0, 0
50649, 80, 1, 0, 0
50750, 160, 1, 0, 0
50850, 240, 1, 0, 0
50950, 260, 1, 0, 0
51050, 250, 1, 0, 0
51150, 130, 1, 0, 0
51249, 262, 1, 0, 0
51349, 160, 1, 0, 0
51449, 160, 1, 0, 0
51549, 220, 1, 0, 0
51649, 250, 1, 0, 0
51750, 140, 1, 0, 0
51850, 190, 1, 0, 0
51950, 200, 1, 0, 0
52050, 280, 1, 0, 0
52150, 210, 1, 0, 0
52249, 222, 1, 0, 0
52349, 130, 1, 0, 0
52449, 80, 1, 0, 0
52550, 50, 1, 0, 0
52650, 90, 1, 0, 0
52749, 40, 1, 0, 0
52849, 220, 1, 0, 0
52949, 240, 1, 0, 0
53049, 160, 1, 0, 0
53149, 160, 1, 0, 0
53250, 230, 1, 0, 0
53350, 230, 1, 0, 0
53450, 280, 1, 0, 0
53550, 140, 1, 0, 0
53650, 250, 1, 0, 0
53749, 222, 1, 0, 0
53849, 230, 1, 0, 0
53949, 170, 1, 0, 0
54049, 220, 1, 0, 0
54150, 130, 1, 0, 0
54250, 300, 1, 0, 0
54350, 90, 1, 0, 0
54450, 120, 1, 0, 0
54550, 220, 1, 0, 0
54650, 40, 1, 0, 0
54749, 171, 1, 0, 0
54849, 200, 1, 0, 0
54949, 130, 1, 0, 0
55050, 310, 1, 0, 0
55150, 180, 1, 0, 0
55249, 242, 1, 0, 0
55349, 200, 1, 0, 0
55449, 190, 1, 0, 0
55550, 290, 1, 0, 0
55650, 200, 1, 0, 0
55749, 242, 1, 0, 0
55849, 220, 1, 0, 0
55949, 170, 1, 0, 0
56049, 250, 1, 0, 0
56149, 130, 1, 0, 0
56249, 350, 1, 0, 0
56349, 200, 1, 0, 0
56449, 60, 1, 0, 0
56550, 130, 1, 0, 0
56650, 120, 1, 0, 0
56749, 30, 1, 0, 0
56849, 160, 1, 0, 0
56949, 160, 1, 0, 0
57049, 180, 1, 0, 0
57149, 240, 1, 0, 0
57249, 200, 1, 0, 0
57349, 260, 1, 0, 0
57450, 230, 1, 0, 0
57550, 130, 1, 0, 0
57650, 180, 1, 0, 0
57749, 242, 1, 0, 0
57849, 230, 1, 0, 0
57949, 190, 1, 0, 0
58049, 210, 1, 0, 0
58149, 220, 1, 0, 0
58249, 190, 1, 0, 0
58349, 200, 1, 0, 0
58450, 140, 1, 0, 0
58550, 160, 1, 0, 0
58650, 50, 1, 0, 0
58749, 111, 1, 0, 0
58849, 20, 1, 0, 0
58949, 260, 1, 0, 0
59049, 200, 1, 0, 0
59149, 320, 1, 0, 0
59249, 220, 1, 0, 0
59349, 240, 1, 0, 0
59450, 170, 1, 0, 0
59550, 240, 1, 0, 0
59650, 130, 1, 0, 0
59749, 252, 1, 0, 0
59849, 170, 1, 0, 0
59949, 220, 1, 0, 0
60049, 250, 1, 0, 0
60149, 190, 1, 0, 0
60249, 250, 1, 0, 0
60349, 260, 1, 0, 0
60450, 130, 1, 0, 0
60550, 250, 1, 0, 0
60650, 230, 1, 0, 0
60749, 202, 1, 0, 0
60849, 130, 1, 0, 0
60949, 260, 1, 0, 0
61049, 200, 1, 0, 0
61149, 190, 1, 0, 0
61249, 290, 1, 0, 0
61349, 190, 1, 0, 0
61449, 140, 1, 0, 0
61550, 240, 1, 0, 0
61650, 240, 1, 0, 0
61749, 161, 1, 0, 0
61849, 230, 1, 0, 0
61949, 240, 1, 0, 0
62049, 260, 1, 0, 0
62149, 230, 1, 0, 0
62249, 220, 1, 0, 0
62350, 130, 1, 0, 0
62450, 230, 1, 0, 0
62550, 150, 1, 0, 0
62650, 160, 1, 0, 0
62749, 101, 1, 0, 0
62849, 130, 1, 0, 0
62949, 40, 1, 0, 0
63050, 130, 1, 0, 0
63150, 150, 1, 0, 0
63249, 232, 1, 0, 0
63349, 230, 1, 0, 0
63449, 140, 1, 0, 0
63549, 250, 1, 0, 0
63649, 240, 1, 0, 0
63749, 130, 1, 0, 0
63849, 220, 1, 0, 0
63949, 160, 1, 0, 0
64049, 160, 1, 0, 0
64150, 230, 1, 0, 0
64249, 212, 1, 0, 0
64349, 190, 1, 0, 0
64449, 170, 1, 0, 0
64549, 130, 1, 0, 0
64649, 30, 1, 0, 0
64749, 100, 1, 0, 0
64849, 60, 1, 0, 0
65050, 140, 1, 0, 0
65150, 110, 1, 0, 0
65249, 131, 1, 0, 0
65349, 230, 1, 0, 0
65449, 190, 1, 0, 0
65549, 210, 1, 0, 0
65650, 130, 1, 0, 0
65749, 252, 1, 0, 0
65849, 50, 1, 0, 0
65949, 210, 1, 0, 0
66049, 200, 1, 0, 0
66149, 160, 1, 0, 0
66249, 230, 1, 0, 0
66349, 150, 1, 0, 0
66449, 130, 1, 0, 0
66550, 40, 1, 0, 0
66650, 90, 1, 0, 0
66749, 50, 1, 0, 0
66849, 80, 1, 0, 0
66949, 130, 1, 0, 0
67049, 240, 1, 0, 0
67149, 210, 1, 0, 0
67249, 190, 1, 0, 0
67349, 230, 1, 0, 0
67449, 220, 1, 0, 0
67550, 310, 1, 0, 0
67650, 190, 1, 0, 0
67749, 232, 1, 0, 0
67849, 140, 1, 0, 0
67949, 250, 1, 0, 0
68049, 240, 1, 0, 0
68149, 150, 1, 0, 0
68249, 250, 1, 0, 0
68349, 160, 1, 0, 0
68449, 240, 1, 0, 0
68550, 130, 1, 0, 0
68650, 90, 1, 0, 0
68749, 40, 1, 0, 0
68849, 120, 1, 0, 0
68949, 20, 1, 0, 0
69049, 150, 1, 0, 0
69149, 270, 1, 0, 0
69250, 260, 1, 0, 0
69350, 230, 1, 0, 0
69450, 210, 1, 0, 0
69550, 180, 1, 0, 0
69650, 230, 1, 0, 0
69749, 232, 1, 0, 0
69849, 160, 1, 0, 0
69949, 250, 1, 0, 0
70049, 220, 1, 0, 0
70149, 170, 1, 0, 0
70250, 310, 1, 0, 0
70350, 210, 1, 0, 0
70450, 210, 1, 0, 0
70550, 120, 1, 0, 0
70650, 130, 1, 0, 0
70749, 111, 1, 0, 0
70849, 30, 1, 0, 0
70949, 100, 1, 0, 0
71050, 130, 1, 0, 0
71150, 250, 1, 0, 0
71249, 161, 1, 0, 0
71349, 270, 1, 0, 0
71449, 210, 1, 0, 0
71549, 180, 1, 0, 0
71649, 230, 1, 0, 0
71749, 230, 1, 0, 0
71849, 170, 1, 0, 0
71949, 240, 1, 0, 0
72050, 240, 1, 0, 0
72150, 230, 1, 0, 0
72249, 171, 1, 0, 0
72349, 250, 1, 0, 0
72449, 240, 1, 0, 0
72549, 120, 1, 0, 0
72649, 20, 1, 0, 0
72749, 120, 1, 0, 0
72849, 120, 1, 0, 0
72949, 10, 1, 0, 0
73050, 120, 1, 0, 0
73150, 30, 1, 0, 0
73249, 121, 1, 0, 0
73349, 20, 1, 0, 0
73449, 110, 1, 0, 0
73549, 70, 1, 0, 0
73649, 60, 1, 0, 0
73749, 100, 1, 0, 0
73849, 30, 1, 0, 0
73949, 100, 1, 0, 0
74050, 30, 1, 0, 0
74150, 160, 1, 0, 0
74249, 161, 1, 0, 0
74349, 50, 1, 0, 0
74449, 90, 1, 0, 0
74549, 40, 1, 0, 0
74649, 140, 1, 0, 0
74749, 160, 1, 0, 0
74849, 60, 1, 0, 0
74950, 130, 1, 0, 0
75050, 80, 1, 0, 0
75150, 130, 1, 0, 0
75249, 232, 1, 0, 0
75349, 210, 1, 0, 0
75449, 200, 1, 0, 0
75549, 250, 1, 0, 0
75649, 230, 1, 0, 0
75749, 260, 1, 0, 0
75850, 140, 1, 0, 0
75950, 220, 1, 0, 0
76050, 130, 1, 0, 0
76150, 90, 1, 0, 0
76249, 40, 1, 0, 0
76349, 160, 1, 0, 0
76449, 60, 1, 0, 0
76550, 80, 1, 0, 0
76650, 180, 1, 0, 0
76749, 212, 1, 0, 0
76849, 270, 1, 0, 0
76949, 160, 1, 0, 0
77049, 190, 1, 0, 0
77149, 210, 1, 0, 0
77249, 220, 1, 0, 0
77349, 180, 1, 0, 0
77449, 250, 1, 0, 0
77549, 300, 1, 0, 0
77650, 230, 1, 0, 0
77749, 181, 1, 0, 0
77849, 230, 1, 0, 0
77949, 210, 1, 0, 0
78049, 290, 1, 0, 0
78149, 140, 1, 0, 0
78249, 130, 1, 0, 0
78349, 130, 1, 0, 0
78449, 220, 1, 0, 0
78550, 270, 1, 0, 0
78650, 140, 1, 0, 0
78749, 232, 1, 0, 0
78849, 210, 1, 0, 0
78949, 250, 1, 0, 0
79049, 240, 1, 0, 0
79149, 190, 1, 0, 0
79249, 250, 1, 0, 0
79349, 210, 1, 0, 0
79449, 180, 1, 0, 0
79550, 230, 1, 0, 0
79650, 140, 1, 0, 0
79749, 323, 1, 0, 0
79849, 130, 1, 0, 0
79949, 230, 1, 0, 0
80049, 260, 1, 0, 0
80149, 270, 1, 0, 0
80249, 90, 1, 0, 0
80349, 130, 1, 0, 0
80449, 100, 1, 0, 0
80550, 90, 1, 0, 0
80650, 90, 1, 0, 0
80749, 141, 1, 0, 0
80849, 180, 1, 0, 0
80949, 160, 1, 0, 0
81049, 250, 1, 0, 0
81149, 220, 1, 0, 0
81250, 260, 1, 0, 0
81350, 170, 1, 0, 0
81450, 220, 1, 0, 0
81550, 170, 1, 0, 0
81650, 300, 1, 0, 0
81749, 262, 1, 0, 0
81849, 200, 1, 0, 0
81949, 190, 1, 0, 0
82049, 200, 1, 0, 0
82150, 260, 1, 0, 0
82249, 181, 1, 0, 0
82349, 150, 1, 0, 0
82449, 130, 1, 0, 0
82549, 40, 1, 0, 0
82649, 90, 1, 0, 0
82749, 210, 1, 0, 0
82849, 250, 1, 0, 0
82950, 250, 1, 0, 0
83050, 160, 1, 0, 0
83150, 160, 1, 0, 0
83249, 282, 1, 0, 0
83349, 190, 1, 0, 0
83449, 200, 1, 0, 0
83549, 270, 1, 0, 0
83649, 250, 1, 0, 0
83749, 250, 1, 0, 0
83849, 160, 1, 0, 0
83949, 290, 1, 0, 0
84050, 170, 1, 0, 0
84150, 230, 1, 0, 0
84249, 131, 1, 0, 0
84349, 300, 1, 0, 0
84449, 60, 1, 0, 0
84549, 130, 1, 0, 0
84649, 100, 1, 0, 0
84749, 30, 1, 0, 0
84849, 110, 1, 0, 0
84949, 120, 1, 0, 0
85050, 280, 1, 0, 0
85150, 240, 1, 0, 0
85249, 212, 1, 0, 0
85349, 180, 1, 0, 0
85449, 290, 1, 0, 0
85549, 200, 1, 0, 0
85649, 230, 1, 0, 0
85749, 130, 1, 0, 0
85849, 260, 1, 0, 0
85949, 250, 1, 0, 0
86050, 210, 1, 0, 0
86150, 140, 1, 0, 0
86249, 252, 1, 0, 0
86349, 230, 1, 0, 0
86449, 170, 1, 0, 0
86549, 150, 1, 0, 0
86649, 100, 1, 0, 0
86749, 90, 1, 0, 0
86849, 40, 1, 0, 0
86950, 130, 1, 0, 0
87050, 250, 1, 0, 0
87150, 200, 1, 0, 0
87249, 191, 1, 0, 0
87349, 260, 1, 0, 0
87449, 180, 1, 0, 0
87549, 210, 1, 0, 0
87649, 240, 1, 0, 0
87750, 130, 1, 0, 0
87850, 240, 1, 0, 0
87950, 170, 1, 0, 0
88050, 220, 1, 0, 0
88150, 260, 1, 0, 0
88249, 212, 1, 0, 0
88349, 240, 1, 0, 0
88449, 180, 1, 0, 0
88549, 170, 1, 0, 0
88650, 140, 1, 0, 0
88749, 181, 1, 0, 0
88849, 210, 1, 0, 0
88949, 250, 1, 0, 0
89049, 160, 1, 0, 0
89149, 230, 1, 0, 0
89249, 250, 1, 0, 0
89349, 130, 1, 0, 0
89449, 210, 1, 0, 0
89550, 200, 1, 0, 0
89650, 250, 1, 0, 0
89749, 181, 1, 0, 0
89849, 160, 1, 0, 0
89949, 190, 1, 0, 0
90049, 260, 1, 0, 0
