110, 169199, 1, 0, 0
206, 141841, 1, 0, 0
313, 136531, 1, 0, 0
417, 156298, 1, 0, 0
517, 139087, 1, 0, 0
635, 201172, 1, 0, 0
708, 165825, 1, 0, 0
812, 220825, 1, 0, 0
929, 149634, 1, 0, 0
1021, 160038, 1, 0, 0
1107, 156889, 1, 0, 0
1201, 94113, 1, 0, 0
1307, 116430, 1, 0, 0
1453, 93194, 1, 0, 0
1527, 105318, 1, 0, 0
1617, 88943, 1, 0, 0
1789, 99535, 1, 0, 0
1878, 95443, 1, 0, 0
1907, 96166, 1, 0, 0
2001, 128136, 1, 0, 0
2106, 153972, 1, 0, 0
2225, 133588, 1, 0, 0
2322, 174863, 1, 0, 0
2421, 188538, 1, 0, 0
2510, 180345, 1, 0, 0
2615, 177729, 1, 0, 0
2724, 154901, 1, 0, 0
2821, 131177, 1, 0, 0
2900, 123082, 1, 0, 0
3000, 118154, 1, 0, 0
3121, 153582, 1, 0, 0
3221, 120267, 1, 0, 0
3305, 150042, 1, 0, 0
3463, 142944, 1, 0, 0
3539, 175107, 1, 0, 0
3629, 143626, 1, 0, 0
3718, 135779, 1, 0, 0
3807, 113783, 1, 0, 0
3901, 141936, 1, 0, 0
4000, 160580, 1, 0, 0
4118, 133962, 1, 0, 0
4209, 158057, 1, 0, 0
4303, 165170, 1, 0, 0
4403, 191186, 1, 0, 0
4531, 138562, 1, 0, 0
4629, 176709, 1, 0, 0
4703, 142373, 1, 0, 0
4822, 179793, 1, 0, 0
4910, 125926, 1, 0, 0
5008, 153189, 1, 0, 0
5105, 201028, 1, 0, 0
5205, 162260, 1, 0, 0
5332, 148296, 1, 0, 0
5483, 148509, 1, 0, 0
5541, 167044, 1, 0, 0
5615, 127838, 1, 0, 0
5756, 145843, 1, 0, 0
5809, 139772, 1, 0, 0
5919, 123834, 1, 0, 0
6026, 130495, 1, 0, 0
6128, 122372, 1, 0, 0
6202, 162453, 1, 0, 0
6329, 159919, 1, 0, 0
6430, 167190, 1, 0, 0
6535, 188929, 1, 0, 0
6600, 148674, 1, 0, 0
6730, 170975, 1, 0, 0
6828, 173929, 1, 0, 0
6925, 264878, 1, 0, 0
7022, 131732, 1, 0, 0
7134, 159358, 1, 0, 0
7215, 158387, 1, 0, 0
7310, 156638, 1, 0, 0
7425, 174233, 1, 0, 0
7579, 166525, 1, 0, 0
7657, 147155, 1, 0, 0
7747, 144570, 1, 0, 0
7818, 207233, 1, 0, 0
7929, 191747, 1, 0, 0
8004, 152482, 1, 0, 0
8102, 184723, 1, 0, 0
8245, 158826, 1, 0, 0
8308, 189073, 1, 0, 0
8424, 187627, 1, 0, 0
8506, 112092, 1, 0, 0
8608, 119146, 1, 0, 0
8710, 135647, 1, 0, 0
8815, 149777, 1, 0, 0
8924, 151797, 1, 0, 0
9034, 188033, 1, 0, 0
9107, 148147, 1, 0, 0
9210, 176017, 1, 0, 0
9316, 168003, 1, 0, 0
9423, 156674, 1, 0, 0
9514, 140958, 1, 0, 0
9651, 101687, 1, 0, 0
9744, 121211, 1, 0, 0
9833, 95655, 1, 0, 0
9927, 112656, 1, 0, 0
10015, 103600, 1, 0, 0
10122, 110031, 1, 0, 0
10226, 152948, 1, 0, 0
10317, 161593, 1, 0, 0
10434, 160994, 1, 0, 0
10527, 137794, 1, 0, 0
10620, 119235, 1, 0, 0
10718, 196972, 1, 0, 0
10817, 160018, 1, 0, 0
10927, 169584, 1, 0, 0
11031, 131555, 1, 0, 0
11100, 156181, 1, 0, 0
11209, 141970, 1, 0, 0
11303, 147070, 1, 0, 0
11409, 168069, 1, 0, 0
11557, 173819, 1, 0, 0
11633, 138965, 1, 0, 0
11733, 211480, 1, 0, 0
11810, 112409, 1, 0, 0
11913, 143744, 1, 0, 0
12000, 121730, 1, 0, 0
12118, 132507, 1, 0, 0
12231, 132091, 1, 0, 0
12303, 122506, 1, 0, 0
12406, 147439, 1, 0, 0
12534, 117746, 1, 0, 0
12622, 132440, 1, 0, 0
12717, 113192, 1, 0, 0
12808, 114190, 1, 0, 0
12909, 151803, 1, 0, 0
13004, 113080, 1, 0, 0
13111, 124790, 1, 0, 0
13211, 146023, 1, 0, 0
13302, 135312, 1, 0, 0
13401, 194542, 1, 0, 0
13501, 151191, 1, 0, 0
13633, 157150, 1, 0, 0
13712, 117353, 1, 0, 0
13830, 146252, 1, 0, 0
13967, 167603, 1, 0, 0
14001, 110033, 1, 0, 0
14100, 150295, 1, 0, 0
14217, 166405, 1, 0, 0
14328, 177729, 1, 0, 0
14432, 121076, 1, 0, 0
14500, 155958, 1, 0, 0
14606, 145608, 1, 0, 0
14709, 164331, 1, 0, 0
14820, 146613, 1, 0, 0
14919, 186791, 1, 0, 0
15035, 131392, 1, 0, 0
15102, 106437, 1, 0, 0
15228, 128146, 1, 0, 0
15300, 142947, 1, 0, 0
15431, 138832, 1, 0, 0
15504, 103888, 1, 0, 0
15650, 195393, 1, 0, 0
15726, 156039, 1, 0, 0
15828, 180765, 1, 0, 0
15950, 195383, 1, 0, 0
16012, 173315, 1, 0, 0
16148, 137350, 1, 0, 0
16200, 111200, 1, 0, 0
16310, 146301, 1, 0, 0
16412, 118662, 1, 0, 0
16507, 199407, 1, 0, 0
16617, 165658, 1, 0, 0
16711, 188260, 1, 0, 0
16815, 138061, 1, 0, 0
16911, 176666, 1, 0, 0
17007, 198007, 1, 0, 0
17120, 140087, 1, 0, 0
17220, 153733, 1, 0, 0
17317, 145859, 1, 0, 0
17415, 161503, 1, 0, 0
17501, 123740, 1, 0, 0
17601, 144951, 1, 0, 0
17733, 137018, 1, 0, 0
17824, 165998, 1, 0, 0
17904, 144658, 1, 0, 0
18022, 157747, 1, 0, 0
18132, 154981, 1, 0, 0
18207, 151012, 1, 0, 0
18310, 173336, 1, 0, 0
18425, 154201, 1, 0, 0
18520, 154660, 1, 0, 0
18602, 111608, 1, 0, 0
18704, 130610, 1, 0, 0
18814, 127313, 1, 0, 0
18910, 124495, 1, 0, 0
19009, 163414, 1, 0, 0
19102, 107829, 1, 0, 0
19204, 174429, 1, 0, 0
19313, 146035, 1, 0, 0
19414, 161634, 1, 0, 0
19500, 148204, 1, 0, 0
19604, 140443, 1, 0, 0
19705, 125509, 1, 0, 0
19819, 139978, 1, 0, 0
19905, 140440, 1, 0, 0
20060, 111389, 1, 0, 0
20148, 149187, 1, 0, 0
20231, 186784, 1, 0, 0
20304, 125037, 1, 0, 0
20425, 146632, 1, 0, 0
20500, 182220, 1, 0, 0
20622, 160373, 1, 0, 0
20718, 160553, 1, 0, 0
20802, 102977, 1, 0, 0
20906, 156647, 1, 0, 0
21011, 179010, 1, 0, 0
21122, 186252, 1, 0, 0
21224, 151824, 1, 0, 0
21320, 119526, 1, 0, 0
21447, 163965, 1, 0, 0
21514, 163956, 1, 0, 0
21611, 155245, 1, 0, 0
21707, 142887, 1, 0, 0
21816, 138706, 1, 0, 0
21901, 132500, 1, 0, 0
22051, 169344, 1, 0, 0
22139, 142212, 1, 0, 0
22226, 213451, 1, 0, 0
22305, 170876, 1, 0, 0
22446, 162077, 1, 0, 0
22517, 166901, 1, 0, 0
22610, 142787, 1, 0, 0
22721, 135502, 1, 0, 0
22824, 138740, 1, 0, 0
22918, 121280, 1, 0, 0
23012, 146637, 1, 0, 0
23106, 105162, 1, 0, 0
23228, 105783, 1, 0, 0
23316, 173437, 1, 0, 0
23413, 179529, 1, 0, 0
23509, 126498, 1, 0, 0
23612, 172336, 1, 0, 0
23712, 170195, 1, 0, 0
23829, 155673, 1, 0, 0
23939, 115307, 1, 0, 0
24041, 168571, 1, 0, 0
24129, 229082, 1, 0, 0
24210, 204369, 1, 0, 0
24311, 156086, 1, 0, 0
24436, 166385, 1, 0, 0
24502, 116157, 1, 0, 0
24610, 195122, 1, 0, 0
24722, 113308, 1, 0, 0
24818, 137283, 1, 0, 0
24903, 136657, 1, 0, 0
25028, 143081, 1, 0, 0
25128, 154810, 1, 0, 0
25209, 141322, 1, 0, 0
25308, 110467, 1, 0, 0
25410, 127337, 1, 0, 0
25520, 154259, 1, 0, 0
25630, 148885, 1, 0, 0
25701, 158217, 1, 0, 0
25803, 161125, 1, 0, 0
25958, 131060, 1, 0, 0
26029, 115383, 1, 0, 0
26114, 177202, 1, 0, 0
26242, 111349, 1, 0, 0
26361, 152602, 1, 0, 0
26433, 200250, 1, 0, 0
26502, 134792, 1, 0, 0
26607, 134558, 1, 0, 0
26723, 168042, 1, 0, 0
26820, 138619, 1, 0, 0
26935, 135263, 1, 0, 0
27005, 178400, 1, 0, 0
27102, 134120, 1, 0, 0
27203, 126993, 1, 0, 0
27306, 121432, 1, 0, 0
27414, 177617, 1, 0, 0
27517, 156027, 1, 0, 0
27626, 146949, 1, 0, 0
27704, 167651, 1, 0, 0
27811, 171205, 1, 0, 0
27913, 211686, 1, 0, 0
28072, 170251, 1, 0, 0
28159, 152286, 1, 0, 0
28235, 158112, 1, 0, 0
28337, 106583, 1, 0, 0
28416, 130544, 1, 0, 0
28503, 119989, 1, 0, 0
28605, 136797, 1, 0, 0
28718, 135938, 1, 0, 0
28832, 176204, 1, 0, 0
28907, 114256, 1, 0, 0
29019, 136852, 1, 0, 0
29120, 144954, 1, 0, 0
29224, 136555, 1, 0, 0
29332, 146410, 1, 0, 0
29401, 169804, 1, 0, 0
29501, 115066, 1, 0, 0
29600, 128064, 1, 0, 0
29707, 153045, 1, 0, 0
29815, 159144, 1, 0, 0
29916, 129105, 1, 0, 0
30031, 131130, 1, 0, 0
30102, 144838, 1, 0, 0
30261, 158467, 1, 0, 0
30339, 208256, 1, 0, 0
30427, 168600, 1, 0, 0
30540, 121748, 1, 0, 0
30613, 202035, 1, 0, 0
30723, 124240, 1, 0, 0
30834, 188476, 1, 0, 0
30910, 96014, 1, 0, 0
31008, 162400, 1, 0, 0
31118, 127192, 1, 0, 0
31213, 164240, 1, 0, 0
31336, 159464, 1, 0, 0
31408, 148514, 1, 0, 0
31513, 115808, 1, 0, 0
31625, 176916, 1, 0, 0
31733, 166236, 1, 0, 0
31838, 169158, 1, 0, 0
31908, 143054, 1, 0, 0
32025, 156982, 1, 0, 0
32113, 192638, 1, 0, 0
32252, 177545, 1, 0, 0
32341, 148031, 1, 0, 0
32430, 177544, 1, 0, 0
32515, 155756, 1, 0, 0
32601, 143231, 1, 0, 0
32703, 123459, 1, 0, 0
32813, 141030, 1, 0, 0
32900, 124632, 1, 0, 0
33012, 133683, 1, 0, 0
33118, 130445, 1, 0, 0
33215, 136163, 1, 0, 0
33314, 152880, 1, 0, 0
33422, 170302, 1, 0, 0
33531, 165422, 1, 0, 0
33600, 137800, 1, 0, 0
33726, 209115, 1, 0, 0
33820, 157218, 1, 0, 0
33930, 146678, 1, 0, 0
34029, 114208, 1, 0, 0
34100, 152690, 1, 0, 0
34237, 180902, 1, 0, 0
34312, 136667, 1, 0, 0
34407, 133710, 1, 0, 0
34586, 105675, 1, 0, 0
34674, 144593, 1, 0, 0
34706, 235088, 1, 0, 0
34803, 156556, 1, 0, 0
34909, 149103, 1, 0, 0
35003, 174588, 1, 0, 0
35123, 113919, 1, 0, 0
35220, 166811, 1, 0, 0
35312, 146437, 1, 0, 0
35406, 156057, 1, 0, 0
35508, 170539, 1, 0, 0
35605, 154763, 1, 0, 0
35725, 150857, 1, 0, 0
35832, 158747, 1, 0, 0
35900, 180809, 1, 0, 0
36022, 170716, 1, 0, 0
36104, 139376, 1, 0, 0
36271, 121722, 1, 0, 0
36356, 155594, 1, 0, 0
36438, 175574, 1, 0, 0
36518, 174996, 1, 0, 0
36640, 147891, 1, 0, 0
36709, 139577, 1, 0, 0
36808, 146840, 1, 0, 0
36915, 146947, 1, 0, 0
37011, 132498, 1, 0, 0
37111, 135167, 1, 0, 0
37222, 170237, 1, 0, 0
37315, 144569, 1, 0, 0
37411, 180346, 1, 0, 0
37503, 159713, 1, 0, 0
37611, 162087, 1, 0, 0
37717, 153027, 1, 0, 0
37814, 140647, 1, 0, 0
37902, 125116, 1, 0, 0
38023, 157411, 1, 0, 0
38101, 151659, 1, 0, 0
38261, 119386, 1, 0, 0
38345, 137995, 1, 0, 0
38417, 112402, 1, 0, 0
38501, 179637, 1, 0, 0
38627, 133364, 1, 0, 0
38751, 136944, 1, 0, 0
38820, 123319, 1, 0, 0
38917, 131044, 1, 0, 0
39030, 145331, 1, 0, 0
39134, 166764, 1, 0, 0
39204, 156422, 1, 0, 0
39340, 158655, 1, 0, 0
39409, 159297, 1, 0, 0
39524, 158558, 1, 0, 0
39625, 126139, 1, 0, 0
39721, 158783, 1, 0, 0
39828, 132778, 1, 0, 0
39925, 110845, 1, 0, 0
40029, 108283, 1, 0, 0
40109, 183274, 1, 0, 0
40265, 167140, 1, 0, 0
40347, 187192, 1, 0, 0
40428, 199451, 1, 0, 0
40519, 130362, 1, 0, 0
40608, 176475, 1, 0, 0
40701, 120284, 1, 0, 0
40829, 139805, 1, 0, 0
40927, 161846, 1, 0, 0
41005, 120259, 1, 0, 0
41103, 141630, 1, 0, 0
41206, 115012, 1, 0, 0
41308, 155095, 1, 0, 0
41427, 147393, 1, 0, 0
41520, 168737, 1, 0, 0
41612, 164926, 1, 0, 0
41717, 148138, 1, 0, 0
41829, 131832, 1, 0, 0
41934, 151947, 1, 0, 0
42000, 105611, 1, 0, 0
42143, 137963, 1, 0, 0
42222, 143914, 1, 0, 0
42302, 131387, 1, 0, 0
42472, 150009, 1, 0, 0
42574, 136774, 1, 0, 0
42646, 127578, 1, 0, 0
42717, 151095, 1, 0, 0
42812, 171152, 1, 0, 0
42920, 174960, 1, 0, 0
43017, 157673, 1, 0, 0
43118, 106216, 1, 0, 0
43216, 102130, 1, 0, 0
43316, 130643, 1, 0, 0
43427, 135586, 1, 0, 0
43532, 159569, 1, 0, 0
43600, 161922, 1, 0, 0
43713, 138735, 1, 0, 0
43822, 118329, 1, 0, 0
43920, 164842, 1, 0, 0
44016, 167088, 1, 0, 0
44109, 147367, 1, 0, 0
44257, 149434, 1, 0, 0
44337, 117172, 1, 0, 0
44416, 104182, 1, 0, 0
44570, 133640, 1, 0, 0
44634, 164736, 1, 0, 0
44755, 173091, 1, 0, 0
44828, 139121, 1, 0, 0
44900, 131396, 1, 0, 0
45025, 150011, 1, 0, 0
45140, 165804, 1, 0, 0
45217, 127125, 1, 0, 0
45301, 111996, 1, 0, 0
45426, 128891, 1, 0, 0
45527, 180327, 1, 0, 0
45629, 158378, 1, 0, 0
45739, 132235, 1, 0, 0
45804, 123469, 1, 0, 0
45902, 119740, 1, 0, 0
46008, 192085, 1, 0, 0
46158, 178790, 1, 0, 0
46231, 206514, 1, 0, 0
46303, 145433, 1, 0, 0
46478, 177352, 1, 0, 0
46566, 200139, 1, 0, 0
46648, 151609, 1, 0, 0
46727, 213980, 1, 0, 0
46821, 134222, 1, 0, 0
46900, 134739, 1, 0, 0
47004, 110503, 1, 0, 0
47105, 124191, 1, 0, 0
47205, 130233, 1, 0, 0
47312, 128157, 1, 0, 0
47429, 162160, 1, 0, 0
47504, 129308, 1, 0, 0
47617, 104361, 1, 0, 0
47710, 124880, 1, 0, 0
47806, 126402, 1, 0, 0
47925, 120138, 1, 0, 0
48030, 147388, 1, 0, 0
48120, 145995, 1, 0, 0
48245, 133919, 1, 0, 0
48312, 139969, 1, 0, 0
48423, 128672, 1, 0, 0
48514, 158381, 1, 0, 0
48606, 177511, 1, 0, 0
48708, 179393, 1, 0, 0
48824, 122591, 1, 0, 0
48916, 126630, 1, 0, 0
49009, 138712, 1, 0, 0
49102, 98854, 1, 0, 0
49207, 189028, 1, 0, 0
49319, 181482, 1, 0, 0
49428, 182563, 1, 0, 0
49508, 131980, 1, 0, 0
49604, 145367, 1, 0, 0
49715, 147470, 1, 0, 0
49818, 119306, 1, 0, 0
49914, 155692, 1, 0, 0
50026, 138429, 1, 0, 0
50119, 200672, 1, 0, 0
50228, 145682, 1, 0, 0
50342, 130686, 1, 0, 0
50401, 140278, 1, 0, 0
50541, 113658, 1, 0, 0
50623, 127850, 1, 0, 0
50715, 146667, 1, 0, 0
50806, 175070, 1, 0, 0
50909, 131950, 1, 0, 0
51012, 163713, 1, 0, 0
51129, 124242, 1, 0, 0
51237, 152921, 1, 0, 0
51302, 155350, 1, 0, 0
51425, 137330, 1, 0, 0
51526, 120464, 1, 0, 0
51622, 142482, 1, 0, 0
51706, 158465, 1, 0, 0
51818, 118871, 1, 0, 0
51917, 124614, 1, 0, 0
52016, 144230, 1, 0, 0
52114, 201458, 1, 0, 0
52201, 125286, 1, 0, 0
52313, 158959, 1, 0, 0
52431, 113830, 1, 0, 0
52504, 122292, 1, 0, 0
52682, 114659, 1, 0, 0
52776, 114374, 1, 0, 0
52802, 106708, 1, 0, 0
52930, 138047, 1, 0, 0
53010, 216381, 1, 0, 0
53115, 136112, 1, 0, 0
53220, 117133, 1, 0, 0
53335, 137802, 1, 0, 0
53409, 144352, 1, 0, 0
53509, 165290, 1, 0, 0
53600, 131071, 1, 0, 0
53706, 149395, 1, 0, 0
53800, 178875, 1, 0, 0
53907, 130598, 1, 0, 0
54011, 119172, 1, 0, 0
54110, 124767, 1, 0, 0
54215, 123902, 1, 0, 0
54350, 123526, 1, 0, 0
54479, 115762, 1, 0, 0
54543, 281377, 1, 0, 0
54608, 148399, 1, 0, 0
54737, 175091, 1, 0, 0
54808, 159732, 1, 0, 0
54908, 121431, 1, 0, 0
55004, 145332, 1, 0, 0
55133, 148341, 1, 0, 0
55240, 137477, 1, 0, 0
55317, 138302, 1, 0, 0
55414, 119342, 1, 0, 0
55504, 119854, 1, 0, 0
55613, 95049, 1, 0, 0
55706, 153248, 1, 0, 0
55816, 104086, 1, 0, 0
55915, 148764, 1, 0, 0
56011, 187402, 1, 0, 0
56118, 128165, 1, 0, 0
56215, 131919, 1, 0, 0
56314, 187533, 1, 0, 0
56458, 165104, 1, 0, 0
56541, 136864, 1, 0, 0
56624, 224261, 1, 0, 0
56707, 181492, 1, 0, 0
56842, 159677, 1, 0, 0
56947, 151590, 1, 0, 0
57008, 142778, 1, 0, 0
57101, 128302, 1, 0, 0
57227, 126151, 1, 0, 0
57327, 127665, 1, 0, 0
57414, 125932, 1, 0, 0
57515, 149977, 1, 0, 0
57606, 125080, 1, 0, 0
57704, 109794, 1, 0, 0
57829, 119624, 1, 0, 0
57905, 132112, 1, 0, 0
58003, 174492, 1, 0, 0
58107, 108755, 1, 0, 0
58204, 116984, 1, 0, 0
58307, 120089, 1, 0, 0
58411, 138370, 1, 0, 0
58545, 196409, 1, 0, 0
58629, 148876, 1, 0, 0
58722, 126125, 1, 0, 0
58805, 170246, 1, 0, 0
58950, 114660, 1, 0, 0
59016, 128779, 1, 0, 0
59116, 113552, 1, 0, 0
59211, 124789, 1, 0, 0
59300, 114799, 1, 0, 0
59404, 134809, 1, 0, 0
59513, 127600, 1, 0, 0
59623, 146240, 1, 0, 0
59723, 152947, 1, 0, 0
59823, 136395, 1, 0, 0
59917, 129183, 1, 0, 0
60032, 154817, 1, 0, 0
60106, 116926, 1, 0, 0
60202, 172979, 1, 0, 0
60308, 140827, 1, 0, 0
60418, 142956, 1, 0, 0
60516, 128000, 1, 0, 0
60614, 142163, 1, 0, 0
60712, 149413, 1, 0, 0
60810, 126726, 1, 0, 0
60922, 128618, 1, 0, 0
61025, 146376, 1, 0, 0
61100, 130618, 1, 0, 0
61218, 138990, 1, 0, 0
61315, 156840, 1, 0, 0
61422, 148796, 1, 0, 0
61538, 114112, 1, 0, 0
61600, 126883, 1, 0, 0
61724, 126503, 1, 0, 0
61822, 145325, 1, 0, 0
61933, 128216, 1, 0, 0
62005, 136389, 1, 0, 0
62100, 138544, 1, 0, 0
62208, 158582, 1, 0, 0
62314, 171638, 1, 0, 0
62424, 137811, 1, 0, 0
62554, 122539, 1, 0, 0
62611, 124507, 1, 0, 0
62757, 103781, 1, 0, 0
62842, 120782, 1, 0, 0
62912, 100446, 1, 0, 0
63027, 139145, 1, 0, 0
63128, 128227, 1, 0, 0
63213, 116696, 1, 0, 0
63330, 107717, 1, 0, 0
63400, 139133, 1, 0, 0
63503, 119634, 1, 0, 0
63604, 122706, 1, 0, 0
63723, 116477, 1, 0, 0
63802, 102766, 1, 0, 0
63917, 122464, 1, 0, 0
64000, 143260, 1, 0, 0
64111, 162707, 1, 0, 0
64208, 163394, 1, 0, 0
64302, 119580, 1, 0, 0
64415, 176456, 1, 0, 0
64504, 120018, 1, 0, 0
64639, 114257, 1, 0, 0
64741, 100765, 1, 0, 0
64824, 103354, 1, 0, 0
64953, 118169, 1, 0, 0
65030, 97175, 1, 0, 0
65102, 102298, 1, 0, 0
65232, 107461, 1, 0, 0
65334, 111863, 1, 0, 0
65434, 127060, 1, 0, 0
65510, 163701, 1, 0, 0
65629, 136318, 1, 0, 0
65706, 118358, 1, 0, 0
65841, 155534, 1, 0, 0
65907, 118157, 1, 0, 0
66011, 135663, 1, 0, 0
66125, 129224, 1, 0, 0
66203, 185934, 1, 0, 0
66309, 122503, 1, 0, 0
66445, 112758, 1, 0, 0
66514, 118040, 1, 0, 0
66696, 179610, 1, 0, 0
66778, 143186, 1, 0, 0
66864, 131858, 1, 0, 0
66944, 159617, 1, 0, 0
67013, 129169, 1, 0, 0
67113, 138338, 1, 0, 0
67206, 234467, 1, 0, 0
67306, 146825, 1, 0, 0
67437, 138592, 1, 0, 0
67510, 157214, 1, 0, 0
67615, 161511, 1, 0, 0
67715, 145523, 1, 0, 0
67810, 166087, 1, 0, 0
67900, 150353, 1, 0, 0
68002, 117136, 1, 0, 0
68116, 122973, 1, 0, 0
68224, 150524, 1, 0, 0
68334, 146852, 1, 0, 0
68449, 174317, 1, 0, 0
68546, 144453, 1, 0, 0
68631, 128394, 1, 0, 0
68720, 139974, 1, 0, 0
68812, 131522, 1, 0, 0
68976, 115604, 1, 0, 0
69007, 206904, 1, 0, 0
69113, 103584, 1, 0, 0
69216, 111058, 1, 0, 0
69313, 126456, 1, 0, 0
69409, 101518, 1, 0, 0
69520, 144561, 1, 0, 0
69632, 161147, 1, 0, 0
69700, 150533, 1, 0, 0
69812, 163801, 1, 0, 0
69910, 132944, 1, 0, 0
70000, 118664, 1, 0, 0
70117, 121152, 1, 0, 0
70217, 164016, 1, 0, 0
70303, 96920, 1, 0, 0
70409, 116330, 1, 0, 0
70560, 157293, 1, 0, 0
70644, 170553, 1, 0, 0
70735, 128940, 1, 0, 0
70819, 137190, 1, 0, 0
70909, 129416, 1, 0, 0
71000, 152453, 1, 0, 0
71104, 92808, 1, 0, 0
71206, 114624, 1, 0, 0
71324, 143820, 1, 0, 0
71414, 118987, 1, 0, 0
71508, 122299, 1, 0, 0
71605, 161914, 1, 0, 0
71700, 120183, 1, 0, 0
71828, 121722, 1, 0, 0
71907, 103609, 1, 0, 0
72012, 128652, 1, 0, 0
72121, 172446, 1, 0, 0
72218, 108489, 1, 0, 0
72319, 99229, 1, 0, 0
72412, 147082, 1, 0, 0
72548, 127676, 1, 0, 0
72600, 152781, 1, 0, 0
72714, 125917, 1, 0, 0
72822, 117032, 1, 0, 0
73002, 166214, 1, 0, 0
73178, 108989, 1, 0, 0
73283, 117813, 1, 0, 0
73387, 140483, 1, 0, 0
73491, 104794, 1, 0, 0
73578, 115264, 1, 0, 0
73685, 125580, 1, 0, 0
73771, 166359, 1, 0, 0
73865, 143007, 1, 0, 0
73965, 127596, 1, 0, 0
74054, 134941, 1, 0, 0
74112, 122937, 1, 0, 0
74244, 202187, 1, 0, 0
74330, 117501, 1, 0, 0
74419, 122493, 1, 0, 0
74506, 165899, 1, 0, 0
74646, 159005, 1, 0, 0
74727, 167024, 1, 0, 0
74822, 118114, 1, 0, 0
74926, 119857, 1, 0, 0
75006, 121058, 1, 0, 0
75127, 119426, 1, 0, 0
75229, 125788, 1, 0, 0
75309, 136708, 1, 0, 0
75415, 147488, 1, 0, 0
75526, 125520, 1, 0, 0
75623, 161272, 1, 0, 0
75717, 138981, 1, 0, 0
75819, 117330, 1, 0, 0
75926, 108138, 1, 0, 0
76008, 115199, 1, 0, 0
76154, 144039, 1, 0, 0
76261, 247833, 1, 0, 0
76350, 153613, 1, 0, 0
76438, 136417, 1, 0, 0
76530, 132774, 1, 0, 0
76601, 130251, 1, 0, 0
76710, 120040, 1, 0, 0
76808, 121570, 1, 0, 0
76918, 156131, 1, 0, 0
77018, 132176, 1, 0, 0
77112, 155170, 1, 0, 0
77211, 100703, 1, 0, 0
77329, 122126, 1, 0, 0
77400, 124243, 1, 0, 0
77518, 142966, 1, 0, 0
77600, 119361, 1, 0, 0
77720, 110498, 1, 0, 0
77804, 112504, 1, 0, 0
77927, 146043, 1, 0, 0
78042, 135709, 1, 0, 0
78144, 119367, 1, 0, 0
78240, 177338, 1, 0, 0
78309, 144979, 1, 0, 0
78403, 104905, 1, 0, 0
78515, 132179, 1, 0, 0
78625, 145442, 1, 0, 0
78731, 123570, 1, 0, 0
78817, 114057, 1, 0, 0
78925, 113699, 1, 0, 0
79009, 133610, 1, 0, 0
79114, 101831, 1, 0, 0
79228, 104172, 1, 0, 0
79331, 148706, 1, 0, 0
79402, 139739, 1, 0, 0
79509, 134055, 1, 0, 0
79619, 167464, 1, 0, 0
79711, 149767, 1, 0, 0
79813, 147860, 1, 0, 0
79928, 149204, 1, 0, 0
80022, 117000, 1, 0, 0
80116, 137724, 1, 0, 0
80255, 139206, 1, 0, 0
80341, 122198, 1, 0, 0
80437, 126375, 1, 0, 0
80523, 109335, 1, 0, 0
80614, 109787, 1, 0, 0
80735, 124112, 1, 0, 0
80823, 131902, 1, 0, 0
80918, 147243, 1, 0, 0
81034, 126447, 1, 0, 0
81101, 189497, 1, 0, 0
81215, 144868, 1, 0, 0
81317, 126987, 1, 0, 0
81420, 163786, 1, 0, 0
81532, 116290, 1, 0, 0
81626, 145265, 1, 0, 0
81711, 172876, 1, 0, 0
81826, 135442, 1, 0, 0
81928, 166958, 1, 0, 0
82000, 162332, 1, 0, 0
82108, 169090, 1, 0, 0
82218, 143449, 1, 0, 0
82311, 117791, 1, 0, 0
82431, 147766, 1, 0, 0
82511, 168898, 1, 0, 0
82668, 162048, 1, 0, 0
82705, 177724, 1, 0, 0
82812, 111046, 1, 0, 0
82916, 157906, 1, 0, 0
83008, 139665, 1, 0, 0
83117, 142548, 1, 0, 0
83214, 128186, 1, 0, 0
83328, 150062, 1, 0, 0
83403, 137661, 1, 0, 0
83506, 144577, 1, 0, 0
83602, 120820, 1, 0, 0
83709, 122375, 1, 0, 0
83816, 162561, 1, 0, 0
83934, 144817, 1, 0, 0
84003, 196969, 1, 0, 0
84108, 91589, 1, 0, 0
84215, 162214, 1, 0, 0
84311, 145483, 1, 0, 0
84408, 149724, 1, 0, 0
84539, 118125, 1, 0, 0
84667, 126811, 1, 0, 0
84759, 123200, 1, 0, 0
84851, 115477, 1, 0, 0
84921, 95763, 1, 0, 0
85021, 133452, 1, 0, 0
85115, 153005, 1, 0, 0
85221, 170550, 1, 0, 0
85322, 113259, 1, 0, 0
85402, 103209, 1, 0, 0
85511, 128668, 1, 0, 0
85607, 103224, 1, 0, 0
85720, 110152, 1, 0, 0
85816, 143414, 1, 0, 0
85910, 171728, 1, 0, 0
86008, 122173, 1, 0, 0
86123, 151608, 1, 0, 0
86206, 119731, 1, 0, 0
86312, 116775, 1, 0, 0
86400, 131533, 1, 0, 0
86542, 165463, 1, 0, 0
86644, 195414, 1, 0, 0
86722, 162613, 1, 0, 0
86824, 129611, 1, 0, 0
86923, 140866, 1, 0, 0
87033, 134999, 1, 0, 0
87100, 128256, 1, 0, 0
87200, 145094, 1, 0, 0
87325, 150421, 1, 0, 0
87426, 143126, 1, 0, 0
87514, 124060, 1, 0, 0
87613, 122051, 1, 0, 0
87709, 118837, 1, 0, 0
87810, 114817, 1, 0, 0
87924, 162904, 1, 0, 0
88015, 140223, 1, 0, 0
88129, 166842, 1, 0, 0
88229, 124188, 1, 0, 0
88324, 147785, 1, 0, 0
88422, 140543, 1, 0, 0
88500, 104863, 1, 0, 0
88605, 136405, 1, 0, 0
88721, 152929, 1, 0, 0
88822, 149895, 1, 0, 0
88927, 132146, 1, 0, 0
89000, 142122, 1, 0, 0
89102, 132954, 1, 0, 0
89200, 196746, 1, 0, 0
89321, 118157, 1, 0, 0
89423, 183327, 1, 0, 0
89505, 146664, 1, 0, 0
89644, 171531, 1, 0, 0
89712, 133033, 1, 0, 0
89822, 177349, 1, 0, 0
89919, 126569, 1, 0, 0
90049, 110557, 1, 0, 0
