109, 61911321, 1, 0, 0
205, 61647270, 1, 0, 0
312, 48594161, 1, 0, 0
416, 59518003, 1, 0, 0
516, 59581798, 1, 0, 0
616, 54159253, 1, 0, 0
706, 62614463, 1, 0, 0
819, 55224638, 1, 0, 0
921, 66013388, 1, 0, 0
1019, 56835339, 1, 0, 0
1111, 48171764, 1, 0, 0
1200, 57454834, 1, 0, 0
1300, 54156443, 1, 0, 0
1480, 63607237, 1, 0, 0
1557, 135890912, 1, 0, 0
1650, 122333549, 1, 0, 0
1741, 152039997, 1, 0, 0
1829, 143518680, 1, 0, 0
1901, 145651778, 1, 0, 0
2035, 86396417, 1, 0, 0
2105, 54580645, 1, 0, 0
2224, 54489765, 1, 0, 0
2320, 46616881, 1, 0, 0
2420, 57391602, 1, 0, 0
2508, 56604703, 1, 0, 0
2613, 57286309, 1, 0, 0
2717, 59337944, 1, 0, 0
2821, 49201879, 1, 0, 0
2900, 53775304, 1, 0, 0
3028, 56064829, 1, 0, 0
3120, 56263730, 1, 0, 0
3210, 53070114, 1, 0, 0
3304, 51308485, 1, 0, 0
3462, 91322915, 1, 0, 0
3538, 114423086, 1, 0, 0
3628, 136314100, 1, 0, 0
3718, 111890831, 1, 0, 0
3806, 159538973, 1, 0, 0
3900, 139431983, 1, 0, 0
4000, 62877171, 1, 0, 0
4117, 59988403, 1, 0, 0
4207, 48444380, 1, 0, 0
4303, 52250455, 1, 0, 0
4402, 46867072, 1, 0, 0
4529, 57204271, 1, 0, 0
4627, 49420400, 1, 0, 0
4702, 61755716, 1, 0, 0
4800, 63562072, 1, 0, 0
4916, 45049751, 1, 0, 0
5006, 50567219, 1, 0, 0
5104, 57235662, 1, 0, 0
5212, 55153288, 1, 0, 0
5331, 65609670, 1, 0, 0
5481, 87564284, 1, 0, 0
5540, 120285356, 1, 0, 0
5613, 124961613, 1, 0, 0
5754, 113535625, 1, 0, 0
5807, 130311311, 1, 0, 0
5917, 93395265, 1, 0, 0
6009, 69789621, 1, 0, 0
6118, 48480644, 1, 0, 0
6200, 68450345, 1, 0, 0
6328, 62558565, 1, 0, 0
6429, 52739584, 1, 0, 0
6523, 56785663, 1, 0, 0
6600, 57529450, 1, 0, 0
6730, 56060424, 1, 0, 0
6826, 57818582, 1, 0, 0
6924, 48021743, 1, 0, 0
7020, 50993728, 1, 0, 0
7133, 60087247, 1, 0, 0
7214, 83556203, 1, 0, 0
7309, 49015236, 1, 0, 0
7425, 57190019, 1, 0, 0
7578, 68314586, 1, 0, 0
7655, 142018292, 1, 0, 0
7746, 107526289, 1, 0, 0
7817, 150103164, 1, 0, 0
7927, 81715370, 1, 0, 0
8002, 61570132, 1, 0, 0
8106, 60603905, 1, 0, 0
8234, 54200028, 1, 0, 0
8307, 61344797, 1, 0, 0
8423, 54362474, 1, 0, 0
8504, 54946507, 1, 0, 0
8606, 49381836, 1, 0, 0
8708, 57846428, 1, 0, 0
8813, 55748098, 1, 0, 0
8922, 64635985, 1, 0, 0
9032, 59629713, 1, 0, 0
9106, 67039842, 1, 0, 0
9209, 64780942, 1, 0, 0
9315, 59737502, 1, 0, 0
9422, 61197044, 1, 0, 0
9512, 59040602, 1, 0, 0
9650, 98100207, 1, 0, 0
9742, 126358930, 1, 0, 0
9831, 146512391, 1, 0, 0
9926, 151104206, 1, 0, 0
10013, 174120861, 1, 0, 0
10121, 89427815, 1, 0, 0
10227, 59276057, 1, 0, 0
10315, 52925840, 1, 0, 0
10427, 61808603, 1, 0, 0
10526, 57887437, 1, 0, 0
10618, 55967870, 1, 0, 0
10716, 53480298, 1, 0, 0
10816, 56843277, 1, 0, 0
10925, 61408981, 1, 0, 0
11029, 61771824, 1, 0, 0
11125, 57621871, 1, 0, 0
11208, 61610732, 1, 0, 0
11302, 46250369, 1, 0, 0
11408, 55453505, 1, 0, 0
11556, 61872412, 1, 0, 0
11631, 104462722, 1, 0, 0
11732, 118662484, 1, 0, 0
11809, 167813690, 1, 0, 0
11912, 127060384, 1, 0, 0
12000, 157990684, 1, 0, 0
12118, 63673478, 1, 0, 0
12206, 52956073, 1, 0, 0
12301, 50768977, 1, 0, 0
12405, 47337911, 1, 0, 0
12533, 57633306, 1, 0, 0
12626, 58358357, 1, 0, 0
12721, 51753094, 1, 0, 0
12812, 53220299, 1, 0, 0
12908, 51794883, 1, 0, 0
13002, 54481973, 1, 0, 0
13110, 59049655, 1, 0, 0
13215, 62657156, 1, 0, 0
13326, 61870442, 1, 0, 0
13400, 61178838, 1, 0, 0
13500, 59783967, 1, 0, 0
13632, 91321486, 1, 0, 0
13711, 107791317, 1, 0, 0
13829, 118984513, 1, 0, 0
13966, 111629300, 1, 0, 0
14000, 112691757, 1, 0, 0
14139, 60645770, 1, 0, 0
14216, 73660495, 1, 0, 0
14327, 56597593, 1, 0, 0
14431, 64153783, 1, 0, 0
14532, 60713368, 1, 0, 0
14605, 56589431, 1, 0, 0
14708, 60817852, 1, 0, 0
14818, 57749364, 1, 0, 0
14918, 59963445, 1, 0, 0
15014, 55424302, 1, 0, 0
15101, 49438140, 1, 0, 0
15201, 54992732, 1, 0, 0
15332, 46241841, 1, 0, 0
15430, 60074747, 1, 0, 0
15503, 54082959, 1, 0, 0
15648, 66113674, 1, 0, 0
15724, 100037287, 1, 0, 0
15826, 136048821, 1, 0, 0
15924, 134068008, 1, 0, 0
16051, 158271258, 1, 0, 0
16119, 114639893, 1, 0, 0
16203, 114817377, 1, 0, 0
16308, 52577550, 1, 0, 0
16411, 65106215, 1, 0, 0
16512, 46402564, 1, 0, 0
16609, 59152033, 1, 0, 0
16709, 58182807, 1, 0, 0
16813, 53298987, 1, 0, 0
16909, 62301318, 1, 0, 0
17006, 48729373, 1, 0, 0
17119, 49337667, 1, 0, 0
17218, 59019471, 1, 0, 0
17310, 57532798, 1, 0, 0
17403, 53266010, 1, 0, 0
17522, 53560468, 1, 0, 0
17629, 58922343, 1, 0, 0
17732, 74538124, 1, 0, 0
17823, 83845809, 1, 0, 0
17903, 71630208, 1, 0, 0
18001, 62635045, 1, 0, 0
18131, 52323218, 1, 0, 0
18205, 60680199, 1, 0, 0
18309, 50495580, 1, 0, 0
18422, 57310378, 1, 0, 0
18519, 49816241, 1, 0, 0
18601, 50034777, 1, 0, 0
18711, 51135566, 1, 0, 0
18812, 63111064, 1, 0, 0
18900, 52158770, 1, 0, 0
19001, 55136905, 1, 0, 0
19100, 57454626, 1, 0, 0
19203, 46726335, 1, 0, 0
19312, 50802569, 1, 0, 0
19412, 66187135, 1, 0, 0
19501, 54978347, 1, 0, 0
19602, 47679170, 1, 0, 0
19703, 66247404, 1, 0, 0
19818, 56513650, 1, 0, 0
19904, 78483929, 1, 0, 0
20027, 96534145, 1, 0, 0
20106, 146067774, 1, 0, 0
20228, 151238227, 1, 0, 0
20303, 86262977, 1, 0, 0
20423, 49978442, 1, 0, 0
20500, 63246293, 1, 0, 0
20620, 51275811, 1, 0, 0
20728, 55494720, 1, 0, 0
20801, 70834055, 1, 0, 0
20905, 59009114, 1, 0, 0
21010, 64149547, 1, 0, 0
21121, 55272251, 1, 0, 0
21223, 62040187, 1, 0, 0
21318, 56453458, 1, 0, 0
21418, 55840339, 1, 0, 0
21513, 77516006, 1, 0, 0
21610, 55937581, 1, 0, 0
21718, 57712031, 1, 0, 0
21815, 62455345, 1, 0, 0
21900, 58766371, 1, 0, 0
22049, 99310643, 1, 0, 0
22138, 129986395, 1, 0, 0
22225, 141472269, 1, 0, 0
22304, 123389517, 1, 0, 0
22445, 140306138, 1, 0, 0
22515, 95817667, 1, 0, 0
22600, 58268208, 1, 0, 0
22720, 45092453, 1, 0, 0
22823, 55761809, 1, 0, 0
22917, 56803146, 1, 0, 0
23016, 58111350, 1, 0, 0
23105, 52183416, 1, 0, 0
23226, 53240829, 1, 0, 0
23314, 53783382, 1, 0, 0
23406, 50923903, 1, 0, 0
23507, 49030700, 1, 0, 0
23611, 48395240, 1, 0, 0
23710, 58260485, 1, 0, 0
23827, 56394034, 1, 0, 0
23937, 73389072, 1, 0, 0
24040, 104295801, 1, 0, 0
24128, 158708955, 1, 0, 0
24208, 172751608, 1, 0, 0
24309, 142340992, 1, 0, 0
24435, 156466492, 1, 0, 0
24501, 96776881, 1, 0, 0
24616, 57715386, 1, 0, 0
24721, 66039346, 1, 0, 0
24817, 58280386, 1, 0, 0
24902, 50250785, 1, 0, 0
25026, 46047168, 1, 0, 0
25127, 62949287, 1, 0, 0
25207, 53800320, 1, 0, 0
25307, 67849851, 1, 0, 0
25408, 52910301, 1, 0, 0
25509, 66125088, 1, 0, 0
25629, 50578069, 1, 0, 0
25700, 67834120, 1, 0, 0
25802, 55842341, 1, 0, 0
25957, 61725712, 1, 0, 0
26028, 107260653, 1, 0, 0
26113, 143042152, 1, 0, 0
26241, 133149042, 1, 0, 0
26361, 102156289, 1, 0, 0
26432, 91998870, 1, 0, 0
26502, 66114066, 1, 0, 0
26601, 56887922, 1, 0, 0
26720, 51962600, 1, 0, 0
26819, 57158191, 1, 0, 0
26901, 55811714, 1, 0, 0
27004, 51302265, 1, 0, 0
27102, 54845590, 1, 0, 0
27201, 56160387, 1, 0, 0
27304, 56140278, 1, 0, 0
27411, 60585642, 1, 0, 0
27516, 59756108, 1, 0, 0
27625, 69649376, 1, 0, 0
27702, 54182916, 1, 0, 0
27809, 62881615, 1, 0, 0
27912, 62230274, 1, 0, 0
28070, 53245746, 1, 0, 0
28158, 103366260, 1, 0, 0
28234, 150732470, 1, 0, 0
28335, 126898545, 1, 0, 0
28415, 158399230, 1, 0, 0
28502, 151441198, 1, 0, 0
28604, 99695404, 1, 0, 0
28717, 59342197, 1, 0, 0
28800, 59020672, 1, 0, 0
28905, 72094577, 1, 0, 0
29023, 54465915, 1, 0, 0
29118, 53313272, 1, 0, 0
29223, 57307163, 1, 0, 0
29331, 52340239, 1, 0, 0
29400, 68289637, 1, 0, 0
29500, 58703290, 1, 0, 0
29600, 62753178, 1, 0, 0
29706, 58595896, 1, 0, 0
29814, 57822188, 1, 0, 0
29920, 61068118, 1, 0, 0
30024, 61063017, 1, 0, 0
30100, 69641701, 1, 0, 0
30260, 100776922, 1, 0, 0
30338, 145802196, 1, 0, 0
30425, 121306304, 1, 0, 0
30539, 161401537, 1, 0, 0
30611, 127681427, 1, 0, 0
30714, 88528530, 1, 0, 0
30835, 50482108, 1, 0, 0
30903, 64811569, 1, 0, 0
31017, 60201185, 1, 0, 0
31116, 63579876, 1, 0, 0
31212, 54907462, 1, 0, 0
31305, 59243801, 1, 0, 0
31400, 48739640, 1, 0, 0
31501, 44300558, 1, 0, 0
31624, 50636268, 1, 0, 0
31731, 65388843, 1, 0, 0
31836, 60126703, 1, 0, 0
31907, 58136558, 1, 0, 0
32024, 56300219, 1, 0, 0
32112, 46898634, 1, 0, 0
32250, 74474626, 1, 0, 0
32340, 132053417, 1, 0, 0
32430, 122365262, 1, 0, 0
32513, 133960550, 1, 0, 0
32600, 142229297, 1, 0, 0
32702, 125424775, 1, 0, 0
32800, 57112007, 1, 0, 0
32934, 53554723, 1, 0, 0
33011, 67304437, 1, 0, 0
33116, 62513333, 1, 0, 0
33213, 55610572, 1, 0, 0
33312, 55016396, 1, 0, 0
33422, 60529497, 1, 0, 0
33529, 58281077, 1, 0, 0
33623, 59100688, 1, 0, 0
33725, 58840008, 1, 0, 0
33819, 50984119, 1, 0, 0
33929, 47437311, 1, 0, 0
34028, 54636714, 1, 0, 0
34100, 57675281, 1, 0, 0
34236, 82438945, 1, 0, 0
34311, 124613562, 1, 0, 0
34406, 145983785, 1, 0, 0
34584, 148245529, 1, 0, 0
34673, 112341551, 1, 0, 0
34721, 100510866, 1, 0, 0
34802, 70342063, 1, 0, 0
34907, 56856918, 1, 0, 0
35002, 43902617, 1, 0, 0
35122, 61194044, 1, 0, 0
35219, 61184541, 1, 0, 0
35311, 53315221, 1, 0, 0
35404, 57364689, 1, 0, 0
35506, 52289706, 1, 0, 0
35615, 61440961, 1, 0, 0
35722, 66705066, 1, 0, 0
35829, 62729794, 1, 0, 0
35900, 49981232, 1, 0, 0
36020, 57968407, 1, 0, 0
36102, 48687896, 1, 0, 0
36232, 125636121, 1, 0, 0
36354, 121441762, 1, 0, 0
36437, 148552361, 1, 0, 0
36516, 145441971, 1, 0, 0
36639, 132406922, 1, 0, 0
36708, 98167878, 1, 0, 0
36807, 82323956, 1, 0, 0
36913, 52936634, 1, 0, 0
37003, 58959635, 1, 0, 0
37110, 53077708, 1, 0, 0
37219, 58434580, 1, 0, 0
37313, 56660065, 1, 0, 0
37409, 57984108, 1, 0, 0
37501, 57450000, 1, 0, 0
37610, 53220302, 1, 0, 0
37721, 62955308, 1, 0, 0
37812, 54388745, 1, 0, 0
37901, 52107047, 1, 0, 0
38022, 51468071, 1, 0, 0
38100, 59399393, 1, 0, 0
38219, 107754069, 1, 0, 0
38303, 145543046, 1, 0, 0
38456, 144978853, 1, 0, 0
38539, 131128377, 1, 0, 0
38661, 124220021, 1, 0, 0
38732, 112497549, 1, 0, 0
38817, 92675802, 1, 0, 0
38915, 48113523, 1, 0, 0
39029, 57494408, 1, 0, 0
39132, 52580842, 1, 0, 0
39203, 60542351, 1, 0, 0
39339, 58649900, 1, 0, 0
39402, 56187040, 1, 0, 0
39523, 60211984, 1, 0, 0
39623, 62234394, 1, 0, 0
39720, 53355510, 1, 0, 0
39827, 58519034, 1, 0, 0
39923, 56986224, 1, 0, 0
40026, 58125140, 1, 0, 0
40108, 60377486, 1, 0, 0
40264, 105785982, 1, 0, 0
40347, 105139665, 1, 0, 0
40427, 147402882, 1, 0, 0
40516, 123017530, 1, 0, 0
40607, 155053073, 1, 0, 0
40700, 162242648, 1, 0, 0
40827, 83340845, 1, 0, 0
40924, 48481792, 1, 0, 0
41003, 62718559, 1, 0, 0
41108, 54382391, 1, 0, 0
41205, 57903061, 1, 0, 0
41307, 53721940, 1, 0, 0
41426, 53390352, 1, 0, 0
41518, 53747212, 1, 0, 0
41611, 49035469, 1, 0, 0
41707, 53034056, 1, 0, 0
41828, 50925441, 1, 0, 0
41932, 48040711, 1, 0, 0
42000, 69672200, 1, 0, 0
42142, 52647832, 1, 0, 0
42220, 95903958, 1, 0, 0
42300, 146270206, 1, 0, 0
42470, 143072896, 1, 0, 0
42573, 149705145, 1, 0, 0
42645, 144727753, 1, 0, 0
42715, 98712847, 1, 0, 0
42810, 40844951, 1, 0, 0
42920, 52786627, 1, 0, 0
43016, 60898017, 1, 0, 0
43117, 61374549, 1, 0, 0
43215, 55030016, 1, 0, 0
43336, 59265261, 1, 0, 0
43426, 63591302, 1, 0, 0
43530, 55775257, 1, 0, 0
43638, 60695016, 1, 0, 0
43706, 60827510, 1, 0, 0
43821, 55051395, 1, 0, 0
43918, 55741737, 1, 0, 0
44015, 61572064, 1, 0, 0
44108, 52884982, 1, 0, 0
44256, 91418645, 1, 0, 0
44335, 113958045, 1, 0, 0
44415, 139230927, 1, 0, 0
44569, 153366728, 1, 0, 0
44632, 88850777, 1, 0, 0
44754, 101937264, 1, 0, 0
44826, 87772421, 1, 0, 0
44929, 62657386, 1, 0, 0
45023, 58060636, 1, 0, 0
45139, 57927688, 1, 0, 0
45210, 55409931, 1, 0, 0
45307, 59012772, 1, 0, 0
45425, 50273130, 1, 0, 0
45526, 48365964, 1, 0, 0
45628, 62505837, 1, 0, 0
45736, 62305314, 1, 0, 0
45803, 47368086, 1, 0, 0
45901, 57256952, 1, 0, 0
46006, 59349702, 1, 0, 0
46158, 62579915, 1, 0, 0
46230, 102680586, 1, 0, 0
46302, 133231499, 1, 0, 0
46477, 130887415, 1, 0, 0
46565, 174880481, 1, 0, 0
46647, 157347974, 1, 0, 0
46726, 114440761, 1, 0, 0
46819, 51424725, 1, 0, 0
46931, 51411524, 1, 0, 0
47003, 51903251, 1, 0, 0
47105, 45631784, 1, 0, 0
47203, 57072166, 1, 0, 0
47311, 61971897, 1, 0, 0
47430, 68567613, 1, 0, 0
47533, 62805004, 1, 0, 0
47607, 62726713, 1, 0, 0
47726, 57412269, 1, 0, 0
47810, 48738969, 1, 0, 0
47924, 60497584, 1, 0, 0
48029, 64157125, 1, 0, 0
48139, 50895154, 1, 0, 0
48244, 81395986, 1, 0, 0
48311, 91424240, 1, 0, 0
48422, 110766031, 1, 0, 0
48513, 74240816, 1, 0, 0
48604, 49891712, 1, 0, 0
48706, 54055308, 1, 0, 0
48823, 58033555, 1, 0, 0
48915, 58057980, 1, 0, 0
49018, 50357128, 1, 0, 0
49101, 53873214, 1, 0, 0
49206, 45651045, 1, 0, 0
49317, 51218102, 1, 0, 0
49427, 66465098, 1, 0, 0
49507, 61189185, 1, 0, 0
49603, 59161933, 1, 0, 0
49715, 57555841, 1, 0, 0
49816, 56906152, 1, 0, 0
49913, 46593779, 1, 0, 0
50014, 60397846, 1, 0, 0
50118, 56867720, 1, 0, 0
50227, 51829553, 1, 0, 0
50341, 96109803, 1, 0, 0
50452, 86326497, 1, 0, 0
50540, 88422214, 1, 0, 0
50621, 138486845, 1, 0, 0
50714, 101892729, 1, 0, 0
50804, 56697511, 1, 0, 0
50914, 57102867, 1, 0, 0
51010, 44642466, 1, 0, 0
51128, 59232117, 1, 0, 0
51235, 61661406, 1, 0, 0
51300, 60298038, 1, 0, 0
51415, 65399734, 1, 0, 0
51516, 54996111, 1, 0, 0
51645, 55437866, 1, 0, 0
51719, 78068293, 1, 0, 0
51817, 59769655, 1, 0, 0
51916, 55288543, 1, 0, 0
52015, 54196230, 1, 0, 0
52113, 57368409, 1, 0, 0
52200, 53088651, 1, 0, 0
52333, 54365478, 1, 0, 0
52430, 98317895, 1, 0, 0
52502, 142632927, 1, 0, 0
52681, 149042025, 1, 0, 0
52775, 156206895, 1, 0, 0
52806, 153926825, 1, 0, 0
52900, 60923307, 1, 0, 0
53011, 54190609, 1, 0, 0
53114, 68958877, 1, 0, 0
53228, 53899790, 1, 0, 0
53334, 58561091, 1, 0, 0
53401, 62970302, 1, 0, 0
53500, 44973102, 1, 0, 0
53600, 54215403, 1, 0, 0
53704, 57325750, 1, 0, 0
53837, 59177902, 1, 0, 0
53906, 59673693, 1, 0, 0
54010, 61957431, 1, 0, 0
54108, 56208255, 1, 0, 0
54219, 62304779, 1, 0, 0
54349, 53074101, 1, 0, 0
54478, 99446695, 1, 0, 0
54542, 112803296, 1, 0, 0
54607, 64297185, 1, 0, 0
54735, 131327848, 1, 0, 0
54806, 62141558, 1, 0, 0
54907, 57117243, 1, 0, 0
55003, 60894767, 1, 0, 0
55107, 50080145, 1, 0, 0
55232, 55152326, 1, 0, 0
55320, 55172184, 1, 0, 0
55412, 54194337, 1, 0, 0
55512, 56479929, 1, 0, 0
55612, 55427542, 1, 0, 0
55705, 53223925, 1, 0, 0
55802, 56997485, 1, 0, 0
55914, 56858551, 1, 0, 0
56010, 62044901, 1, 0, 0
56116, 49262927, 1, 0, 0
56213, 60552904, 1, 0, 0
56312, 43229040, 1, 0, 0
56457, 60463418, 1, 0, 0
56540, 93368675, 1, 0, 0
56622, 164683780, 1, 0, 0
56705, 151068456, 1, 0, 0
56841, 131862542, 1, 0, 0
56945, 99628177, 1, 0, 0
57007, 68735285, 1, 0, 0
57100, 56277717, 1, 0, 0
57201, 53349868, 1, 0, 0
57314, 51509068, 1, 0, 0
57412, 56253215, 1, 0, 0
57514, 58136816, 1, 0, 0
57605, 66314775, 1, 0, 0
57728, 60970630, 1, 0, 0
57828, 49231021, 1, 0, 0
57904, 63728866, 1, 0, 0
58001, 60513806, 1, 0, 0
58104, 58454625, 1, 0, 0
58205, 57688539, 1, 0, 0
58300, 56939577, 1, 0, 0
58409, 55698647, 1, 0, 0
58544, 85162677, 1, 0, 0
58628, 119010721, 1, 0, 0
58721, 132624940, 1, 0, 0
58804, 152307708, 1, 0, 0
58928, 109258056, 1, 0, 0
59015, 52190388, 1, 0, 0
59127, 45690097, 1, 0, 0
59210, 50224734, 1, 0, 0
59303, 59274926, 1, 0, 0
59406, 42868637, 1, 0, 0
59504, 58281273, 1, 0, 0
59621, 60182803, 1, 0, 0
59727, 57238808, 1, 0, 0
59822, 63155142, 1, 0, 0
59924, 53319113, 1, 0, 0
60030, 58247042, 1, 0, 0
60105, 55893358, 1, 0, 0
60201, 57620133, 1, 0, 0
60307, 47167636, 1, 0, 0
60445, 53256653, 1, 0, 0
60514, 87386630, 1, 0, 0
60612, 48900956, 1, 0, 0
60710, 50732036, 1, 0, 0
60808, 58864856, 1, 0, 0
60920, 63688916, 1, 0, 0
61024, 51715468, 1, 0, 0
61100, 61721774, 1, 0, 0
61217, 55068517, 1, 0, 0
61314, 53464687, 1, 0, 0
61420, 59313705, 1, 0, 0
61504, 63166196, 1, 0, 0
61630, 57841797, 1, 0, 0
61724, 54892676, 1, 0, 0
61825, 53930558, 1, 0, 0
61932, 59505275, 1, 0, 0
62004, 57179623, 1, 0, 0
62138, 45665828, 1, 0, 0
62207, 51321295, 1, 0, 0
62312, 56761445, 1, 0, 0
62423, 59835159, 1, 0, 0
62502, 57759729, 1, 0, 0
62609, 69625585, 1, 0, 0
62756, 112221603, 1, 0, 0
62840, 90963841, 1, 0, 0
62911, 151595264, 1, 0, 0
63026, 108865455, 1, 0, 0
63127, 111008927, 1, 0, 0
63211, 58748612, 1, 0, 0
63329, 51360117, 1, 0, 0
63414, 64525491, 1, 0, 0
63501, 63022035, 1, 0, 0
63603, 54616336, 1, 0, 0
63736, 65618810, 1, 0, 0
63801, 70358483, 1, 0, 0
63925, 61588418, 1, 0, 0
64000, 64735161, 1, 0, 0
64109, 66682813, 1, 0, 0
64207, 61565491, 1, 0, 0
64300, 52679528, 1, 0, 0
64414, 60608919, 1, 0, 0
64544, 68306819, 1, 0, 0
64638, 121179526, 1, 0, 0
64739, 182255822, 1, 0, 0
64822, 174660776, 1, 0, 0
64951, 138433731, 1, 0, 0
65029, 199263615, 1, 0, 0
65101, 161443848, 1, 0, 0
65231, 104097310, 1, 0, 0
65333, 71791145, 1, 0, 0
65433, 58453986, 1, 0, 0
65508, 64765912, 1, 0, 0
65627, 61895536, 1, 0, 0
65705, 64309020, 1, 0, 0
65860, 65370249, 1, 0, 0
65928, 101070276, 1, 0, 0
66000, 62937098, 1, 0, 0
66124, 62686523, 1, 0, 0
66202, 68428391, 1, 0, 0
66329, 61834947, 1, 0, 0
66444, 83449717, 1, 0, 0
66512, 106030427, 1, 0, 0
66694, 138599550, 1, 0, 0
66776, 148950520, 1, 0, 0
66863, 157987592, 1, 0, 0
66943, 127668115, 1, 0, 0
67012, 94585021, 1, 0, 0
67111, 58146271, 1, 0, 0
67204, 53029159, 1, 0, 0
67305, 53766303, 1, 0, 0
67408, 59762063, 1, 0, 0
67508, 47738241, 1, 0, 0
67614, 46627129, 1, 0, 0
67714, 58624246, 1, 0, 0
67809, 54962542, 1, 0, 0
67928, 51078174, 1, 0, 0
68001, 63021038, 1, 0, 0
68114, 60989763, 1, 0, 0
68223, 55984480, 1, 0, 0
68324, 62686541, 1, 0, 0
68448, 55045703, 1, 0, 0
68544, 72931328, 1, 0, 0
68629, 96298295, 1, 0, 0
68718, 131228388, 1, 0, 0
68811, 154677337, 1, 0, 0
69005, 143024885, 1, 0, 0
69102, 112835421, 1, 0, 0
69208, 48130022, 1, 0, 0
69306, 45584540, 1, 0, 0
69419, 46013644, 1, 0, 0
69519, 56595306, 1, 0, 0
69631, 59327097, 1, 0, 0
69700, 63703256, 1, 0, 0
69812, 61430240, 1, 0, 0
69909, 57279760, 1, 0, 0
70036, 52561320, 1, 0, 0
70116, 51238032, 1, 0, 0
70216, 57090342, 1, 0, 0
70308, 49345205, 1, 0, 0
70408, 51430902, 1, 0, 0
70559, 55222167, 1, 0, 0
70642, 95394299, 1, 0, 0
70733, 128411164, 1, 0, 0
70818, 158648471, 1, 0, 0
70907, 145142969, 1, 0, 0
71032, 145057137, 1, 0, 0
71103, 74684693, 1, 0, 0
71219, 54284074, 1, 0, 0
71333, 52235680, 1, 0, 0
71412, 55436496, 1, 0, 0
71506, 57899592, 1, 0, 0
71603, 57493883, 1, 0, 0
71700, 60716316, 1, 0, 0
71827, 47171387, 1, 0, 0
71906, 68412835, 1, 0, 0
72005, 57572991, 1, 0, 0
72106, 46943093, 1, 0, 0
72210, 52807446, 1, 0, 0
72318, 55758682, 1, 0, 0
72413, 58750109, 1, 0, 0
72547, 57429039, 1, 0, 0
72636, 103962910, 1, 0, 0
72712, 174902078, 1, 0, 0
72821, 115696403, 1, 0, 0
73001, 130658532, 1, 0, 0
73178, 154764683, 1, 0, 0
73282, 149540822, 1, 0, 0
73382, 154328847, 1, 0, 0
73489, 186201295, 1, 0, 0
73575, 133002800, 1, 0, 0
73684, 160202801, 1, 0, 0
73770, 169043922, 1, 0, 0
73864, 153279228, 1, 0, 0
73963, 163530829, 1, 0, 0
74052, 191819679, 1, 0, 0
74110, 173907025, 1, 0, 0
74242, 93806729, 1, 0, 0
74328, 113022688, 1, 0, 0
74418, 118854062, 1, 0, 0
74505, 165667014, 1, 0, 0
74643, 149083752, 1, 0, 0
74725, 97959181, 1, 0, 0
74856, 63426164, 1, 0, 0
74924, 129756167, 1, 0, 0
75005, 139087700, 1, 0, 0
75125, 139748530, 1, 0, 0
75228, 72796786, 1, 0, 0
75307, 61133842, 1, 0, 0
75414, 52548722, 1, 0, 0
75525, 48150803, 1, 0, 0
75622, 55870051, 1, 0, 0
75722, 55543576, 1, 0, 0
75800, 52696089, 1, 0, 0
75919, 61947506, 1, 0, 0
76007, 60338345, 1, 0, 0
76153, 94216026, 1, 0, 0
76260, 155848557, 1, 0, 0
76348, 164308076, 1, 0, 0
76437, 146454931, 1, 0, 0
76528, 162067332, 1, 0, 0
76600, 123897068, 1, 0, 0
76709, 64865672, 1, 0, 0
76806, 51838518, 1, 0, 0
76917, 51528835, 1, 0, 0
77016, 61125313, 1, 0, 0
77120, 58408157, 1, 0, 0
77215, 57053712, 1, 0, 0
77327, 60709464, 1, 0, 0
77415, 56280389, 1, 0, 0
77526, 46331046, 1, 0, 0
77600, 46455340, 1, 0, 0
77719, 54641616, 1, 0, 0
77803, 59836130, 1, 0, 0
77925, 54279645, 1, 0, 0
78042, 48625914, 1, 0, 0
78142, 67166198, 1, 0, 0
78239, 76614573, 1, 0, 0
78308, 77295858, 1, 0, 0
78402, 80624693, 1, 0, 0
78500, 62216240, 1, 0, 0
78623, 46212392, 1, 0, 0
78730, 59970857, 1, 0, 0
78807, 60831337, 1, 0, 0
78923, 46179954, 1, 0, 0
79027, 51782028, 1, 0, 0
79119, 60925491, 1, 0, 0
79227, 43743438, 1, 0, 0
79329, 59350678, 1, 0, 0
79401, 63099116, 1, 0, 0
79508, 63563992, 1, 0, 0
79611, 60161777, 1, 0, 0
79718, 54944077, 1, 0, 0
79812, 48284269, 1, 0, 0
79922, 61027741, 1, 0, 0
80014, 55857730, 1, 0, 0
80117, 49605929, 1, 0, 0
80254, 52873649, 1, 0, 0
80340, 93794237, 1, 0, 0
80436, 142627074, 1, 0, 0
80522, 153944762, 1, 0, 0
80612, 96773989, 1, 0, 0
80734, 130235955, 1, 0, 0
80821, 78178138, 1, 0, 0
80916, 62205105, 1, 0, 0
81033, 58922463, 1, 0, 0
81100, 58330558, 1, 0, 0
81214, 48789875, 1, 0, 0
81315, 62740566, 1, 0, 0
81418, 56562699, 1, 0, 0
81501, 57228589, 1, 0, 0
81600, 46044156, 1, 0, 0
81709, 40349965, 1, 0, 0
81824, 71084743, 1, 0, 0
81927, 56343176, 1, 0, 0
82000, 52805573, 1, 0, 0
82108, 60213232, 1, 0, 0
82216, 48874777, 1, 0, 0
82310, 57442209, 1, 0, 0
82430, 88661534, 1, 0, 0
82510, 109635592, 1, 0, 0
82667, 135613203, 1, 0, 0
82703, 119822867, 1, 0, 0
82810, 63856805, 1, 0, 0
82915, 53236077, 1, 0, 0
83019, 52115527, 1, 0, 0
83116, 62370314, 1, 0, 0
83212, 48387229, 1, 0, 0
83327, 55715524, 1, 0, 0
83402, 56369577, 1, 0, 0
83506, 54647593, 1, 0, 0
83601, 49224740, 1, 0, 0
83707, 50263485, 1, 0, 0
83816, 50843186, 1, 0, 0
83902, 61322283, 1, 0, 0
84002, 40879755, 1, 0, 0
84106, 56897067, 1, 0, 0
84214, 63255365, 1, 0, 0
84309, 72629831, 1, 0, 0
84407, 45957020, 1, 0, 0
84537, 85911021, 1, 0, 0
84666, 123256962, 1, 0, 0
84758, 126596609, 1, 0, 0
84849, 155844729, 1, 0, 0
84921, 134669922, 1, 0, 0
85019, 89767376, 1, 0, 0
85108, 49331562, 1, 0, 0
85220, 48874927, 1, 0, 0
85302, 52791902, 1, 0, 0
85401, 61445651, 1, 0, 0
85515, 51471400, 1, 0, 0
85606, 58800633, 1, 0, 0
85724, 56771002, 1, 0, 0
85815, 59822529, 1, 0, 0
85908, 52923133, 1, 0, 0
86007, 52643116, 1, 0, 0
86122, 59266558, 1, 0, 0
86204, 55388143, 1, 0, 0
86302, 57602320, 1, 0, 0
86400, 59121120, 1, 0, 0
86541, 65460006, 1, 0, 0
86643, 85440647, 1, 0, 0
86721, 140955971, 1, 0, 0
86823, 112401875, 1, 0, 0
86922, 127888026, 1, 0, 0
87032, 64158317, 1, 0, 0
87107, 65327792, 1, 0, 0
87231, 56561276, 1, 0, 0
87330, 55089570, 1, 0, 0
87441, 56084844, 1, 0, 0
87507, 66638953, 1, 0, 0
87604, 52177628, 1, 0, 0
87707, 56053099, 1, 0, 0
87820, 65777298, 1, 0, 0
87922, 57561801, 1, 0, 0
88020, 55396441, 1, 0, 0
88115, 56989729, 1, 0, 0
88228, 48992294, 1, 0, 0
88323, 53974230, 1, 0, 0
88418, 57404846, 1, 0, 0
88561, 59408213, 1, 0, 0
88604, 81705305, 1, 0, 0
88719, 83192254, 1, 0, 0
88821, 60061325, 1, 0, 0
88944, 58781359, 1, 0, 0
89025, 59355159, 1, 0, 0
89101, 62231358, 1, 0, 0
89245, 54023226, 1, 0, 0
89320, 61580787, 1, 0, 0
89422, 62966430, 1, 0, 0
89503, 54891336, 1, 0, 0
89643, 58687177, 1, 0, 0
89711, 61581857, 1, 0, 0
89821, 62545099, 1, 0, 0
89918, 56216524, 1, 0, 0
90020, 61109609, 1, 0, 0
90047, 74597318, 1, 0, 0
