250, 956, 0, 0, 0
350, 950, 0, 0, 0
450, 990, 0, 0, 0
550, 950, 0, 0, 0
650, 940, 0, 0, 0
749, 969, 0, 0, 0
849, 930, 0, 0, 0
949, 980, 0, 0, 0
1049, 960, 0, 0, 0
1149, 950, 0, 0, 0
1249, 880, 0, 0, 0
1349, 980, 0, 0, 0
1449, 910, 0, 0, 0
1550, 970, 0, 0, 0
1650, 920, 0, 0, 0
1749, 898, 0, 0, 0
1849, 930, 0, 0, 0
1949, 950, 0, 0, 0
2049, 990, 0, 0, 0
2149, 960, 0, 0, 0
2249, 980, 0, 0, 0
2349, 950, 0, 0, 0
2449, 930, 0, 0, 0
2549, 970, 0, 0, 0
2649, 930, 0, 0, 0
2749, 960, 0, 0, 0
2849, 980, 0, 0, 0
2949, 970, 0, 0, 0
3050, 970, 0, 0, 0
3150, 970, 0, 0, 0
3250, 980, 0, 0, 0
3350, 930, 0, 0, 0
3450, 930, 0, 0, 0
3550, 960, 0, 0, 0
3650, 910, 0, 0, 0
3749, 959, 0, 0, 0
3849, 950, 0, 0, 0
3949, 960, 0, 0, 0
4049, 930, 0, 0, 0
4149, 950, 0, 0, 0
4249, 990, 0, 0, 0
4349, 910, 0, 0, 0
4449, 950, 0, 0, 0
4549, 940, 0, 0, 0
4650, 930, 0, 0, 0
4750, 940, 0, 0, 0
4850, 930, 0, 0, 0
4950, 940, 0, 0, 0
5050, 970, 0, 0, 0
5150, 950, 0, 0, 0
5249, 888, 0, 0, 0
5349, 910, 0, 0, 0
5449, 940, 0, 0, 0
5549, 960, 0, 0, 0
5649, 970, 0, 0, 0
5749, 980, 0, 0, 0
5850, 880, 0, 0, 0
5950, 950, 0, 0, 0
6050, 940, 0, 0, 0
6150, 930, 0, 0, 0
6249, 919, 0, 0, 0
6349, 920, 0, 0, 0
6449, 900, 0, 0, 0
6549, 940, 0, 0, 0
6649, 840, 0, 0, 0
6749, 920, 0, 0, 0
6849, 920, 0, 0, 0
6949, 850, 0, 0, 0
7050, 930, 0, 0, 0
7150, 960, 0, 0, 0
7250, 830, 0, 0, 0
7350, 910, 0, 0, 0
7450, 940, 0, 0, 0
7550, 970, 0, 0, 0
7650, 930, 0, 0, 0
7749, 868, 0, 0, 0
7849, 840, 0, 0, 0
7949, 850, 0, 0, 0
8049, 900, 0, 0, 0
8149, 940, 0, 0, 0
8249, 850, 0, 0, 0
8350, 920, 0, 0, 0
8450, 840, 0, 0, 0
8550, 920, 0, 0, 0
8650, 950, 0, 0, 0
8749, 808, 0, 0, 0
8849, 850, 0, 0, 0
8949, 950, 0, 0, 0
9049, 810, 0, 0, 0
9149, 960, 0, 0, 0
9249, 860, 0, 0, 0
9349, 950, 0, 0, 0
9449, 930, 0, 0, 0
9550, 950, 0, 0, 0
9650, 940, 0, 0, 0
9749, 838, 0, 0, 0
9849, 910, 0, 0, 0
9949, 930, 0, 0, 0
10049, 850, 0, 0, 0
10149, 970, 0, 0, 0
10249, 940, 0, 0, 0
10349, 890, 0, 0, 0
10449, 830, 0, 0, 0
10549, 900, 0, 0, 0
10649, 890, 0, 0, 0
10750, 770, 0, 0, 0
10850, 940, 0, 0, 0
10950, 860, 0, 0, 0
11050, 720, 0, 0, 0
11150, 930, 0, 0, 0
11249, 919, 0, 0, 0
11349, 940, 0, 0, 0
11449, 870, 0, 0, 0
11549, 910, 0, 0, 0
11649, 960, 0, 0, 0
11749, 860, 0, 0, 0
11849, 960, 0, 0, 0
11949, 800, 0, 0, 0
12050, 820, 0, 0, 0
12150, 800, 0, 0, 0
12249, 939, 0, 0, 0
12349, 940, 0, 0, 0
12449, 890, 0, 0, 0
12549, 940, 0, 0, 0
12649, 900, 0, 0, 0
12749, 930, 0, 0, 0
12849, 960, 0, 0, 0
12949, 890, 0, 0, 0
13049, 900, 0, 0, 0
13149, 820, 0, 0, 0
13250, 930, 0, 0, 0
13350, 960, 0, 0, 0
13450, 760, 0, 0, 0
13550, 890, 0, 0, 0
13650, 960, 0, 0, 0
13749, 777, 0, 0, 0
13849, 960, 0, 0, 0
13949, 930, 0, 0, 0
14049, 900, 0, 0, 0
14149, 940, 0, 0, 0
14249, 980, 0, 0, 0
14349, 830, 0, 0, 0
14450, 920, 0, 0, 0
14550, 770, 0, 0, 0
14650, 950, 0, 0, 0
14749, 848, 0, 0, 0
14849, 910, 0, 0, 0
14949, 910, 0, 0, 0
15049, 860, 0, 0, 0
15149, 930, 0, 0, 0
15249, 910, 0, 0, 0
15349, 870, 0, 0, 0
15449, 960, 0, 0, 0
15550, 880, 0, 0, 0
15650, 930, 0, 0, 0
15750, 920, 0, 0, 0
15850, 940, 0, 0, 0
15950, 980, 0, 0, 0
16050, 940, 0, 0, 0
16150, 950, 0, 0, 0
16249, 828, 0, 0, 0
16349, 930, 0, 0, 0
16449, 940, 0, 0, 0
16549, 850, 0, 0, 0
16649, 960, 0, 0, 0
16749, 800, 0, 0, 0
16849, 950, 0, 0, 0
16950, 930, 0, 0, 0
17050, 810, 0, 0, 0
17150, 930, 0, 0, 0
17249, 939, 0, 0, 0
17349, 960, 0, 0, 0
17449, 940, 0, 0, 0
17549, 800, 0, 0, 0
17649, 950, 0, 0, 0
17749, 950, 0, 0, 0
17849, 910, 0, 0, 0
17949, 920, 0, 0, 0
18049, 920, 0, 0, 0
18149, 910, 0, 0, 0
18250, 950, 0, 0, 0
18350, 940, 0, 0, 0
18450, 950, 0, 0, 0
18550, 930, 0, 0, 0
18650, 940, 0, 0, 0
18749, 898, 0, 0, 0
18849, 940, 0, 0, 0
18949, 950, 0, 0, 0
19049, 970, 0, 0, 0
19149, 860, 0, 0, 0
19249, 940, 0, 0, 0
19349, 940, 0, 0, 0
19449, 960, 0, 0, 0
19550, 940, 0, 0, 0
19650, 950, 0, 0, 0
19749, 898, 0, 0, 0
19849, 950, 0, 0, 0
19949, 970, 0, 0, 0
20049, 850, 0, 0, 0
20149, 950, 0, 0, 0
20249, 780, 0, 0, 0
20349, 950, 0, 0, 0
20449, 960, 0, 0, 0
20549, 940, 0, 0, 0
20650, 920, 0, 0, 0
20750, 880, 0, 0, 0
20850, 950, 0, 0, 0
20950, 970, 0, 0, 0
21050, 880, 0, 0, 0
21150, 890, 0, 0, 0
21249, 909, 0, 0, 0
21349, 940, 0, 0, 0
21449, 930, 0, 0, 0
21549, 930, 0, 0, 0
21649, 990, 0, 0, 0
21750, 930, 0, 0, 0
21850, 940, 0, 0, 0
21950, 890, 0, 0, 0
22050, 910, 0, 0, 0
22150, 970, 0, 0, 0
22249, 959, 0, 0, 0
22349, 970, 0, 0, 0
22449, 920, 0, 0, 0
22549, 920, 0, 0, 0
22649, 930, 0, 0, 0
22749, 950, 0, 0, 0
22849, 940, 0, 0, 0
22949, 900, 0, 0, 0
23050, 940, 0, 0, 0
23150, 930, 0, 0, 0
23249, 909, 0, 0, 0
23349, 970, 0, 0, 0
23449, 950, 0, 0, 0
23549, 920, 0, 0, 0
23649, 950, 0, 0, 0
23749, 960, 0, 0, 0
23849, 900, 0, 0, 0
23949, 960, 0, 0, 0
24049, 950, 0, 0, 0
24149, 930, 0, 0, 0
24250, 970, 0, 0, 0
24350, 820, 0, 0, 0
24450, 970, 0, 0, 0
24550, 960, 0, 0, 0
24650, 950, 0, 0, 0
24749, 939, 0, 0, 0
24849, 910, 0, 0, 0
24949, 970, 0, 0, 0
25049, 950, 0, 0, 0
25149, 900, 0, 0, 0
25249, 940, 0, 0, 0
25349, 920, 0, 0, 0
25450, 950, 0, 0, 0
25550, 920, 0, 0, 0
25650, 980, 0, 0, 0
25749, 939, 0, 0, 0
25849, 950, 0, 0, 0
25949, 930, 0, 0, 0
26049, 910, 0, 0, 0
26149, 900, 0, 0, 0
26249, 930, 0, 0, 0
26349, 900, 0, 0, 0
26449, 920, 0, 0, 0
26549, 910, 0, 0, 0
26649, 950, 0, 0, 0
26750, 910, 0, 0, 0
26850, 920, 0, 0, 0
26950, 800, 0, 0, 0
27050, 930, 0, 0, 0
27150, 950, 0, 0, 0
27249, 939, 0, 0, 0
27349, 910, 0, 0, 0
27449, 910, 0, 0, 0
27549, 970, 0, 0, 0
27649, 960, 0, 0, 0
27749, 920, 0, 0, 0
27849, 860, 0, 0, 0
27949, 950, 0, 0, 0
28050, 850, 0, 0, 0
28150, 920, 0, 0, 0
28250, 930, 0, 0, 0
28350, 950, 0, 0, 0
28450, 950, 0, 0, 0
28550, 970, 0, 0, 0
28650, 910, 0, 0, 0
28749, 909, 0, 0, 0
28849, 940, 0, 0, 0
28949, 990, 0, 0, 0
29049, 950, 0, 0, 0
29149, 950, 0, 0, 0
29249, 950, 0, 0, 0
29349, 950, 0, 0, 0
29450, 970, 0, 0, 0
29550, 940, 0, 0, 0
29650, 920, 0, 0, 0
29749, 979, 0, 0, 0
29849, 920, 0, 0, 0
29949, 940, 0, 0, 0
30049, 930, 0, 0, 0
30149, 940, 0, 0, 0
30249, 900, 0, 0, 0
30349, 960, 0, 0, 0
30449, 950, 0, 0, 0
30549, 900, 0, 0, 0
30649, 910, 0, 0, 0
30750, 960, 0, 0, 0
30850, 960, 0, 0, 0
30950, 940, 0, 0, 0
31050, 940, 0, 0, 0
31150, 980, 0, 0, 0
31249, 959, 0, 0, 0
31349, 940, 0, 0, 0
31449, 930, 0, 0, 0
31549, 960, 0, 0, 0
31649, 920, 0, 0, 0
31749, 940, 0, 0, 0
31850, 950, 0, 0, 0
31950, 930, 0, 0, 0
32050, 930, 0, 0, 0
32150, 920, 0, 0, 0
32249, 949, 0, 0, 0
32349, 950, 0, 0, 0
32449, 950, 0, 0, 0
32549, 900, 0, 0, 0
32649, 930, 0, 0, 0
32749, 970, 0, 0, 0
32849, 940, 0, 0, 0
32949, 940, 0, 0, 0
33050, 960, 0, 0, 0
33150, 960, 0, 0, 0
33250, 960, 0, 0, 0
33350, 980, 0, 0, 0
33450, 830, 0, 0, 0
33550, 930, 0, 0, 0
33650, 910, 0, 0, 0
33749, 959, 0, 0, 0
33849, 940, 0, 0, 0
33949, 970, 0, 0, 0
34049, 930, 0, 0, 0
34149, 930, 0, 0, 0
34250, 940, 0, 0, 0
34350, 950, 0, 0, 0
34450, 970, 0, 0, 0
34550, 980, 0, 0, 0
34650, 850, 0, 0, 0
34749, 969, 0, 0, 0
34849, 950, 0, 0, 0
34949, 950, 0, 0, 0
35049, 930, 0, 0, 0
35149, 970, 0, 0, 0
35249, 970, 0, 0, 0
35349, 940, 0, 0, 0
35449, 940, 0, 0, 0
35550, 880, 0, 0, 0
35650, 930, 0, 0, 0
35749, 969, 0, 0, 0
35849, 950, 0, 0, 0
35949, 920, 0, 0, 0
36049, 910, 0, 0, 0
36149, 930, 0, 0, 0
36249, 960, 0, 0, 0
36349, 930, 0, 0, 0
36449, 960, 0, 0, 0
36549, 970, 0, 0, 0
36649, 970, 0, 0, 0
36749, 940, 0, 0, 0
36850, 950, 0, 0, 0
36950, 920, 0, 0, 0
37050, 960, 0, 0, 0
37150, 880, 0, 0, 0
37249, 949, 0, 0, 0
37349, 930, 0, 0, 0
37449, 960, 0, 0, 0
37549, 970, 0, 0, 0
37649, 940, 0, 0, 0
37749, 920, 0, 0, 0
37849, 920, 0, 0, 0
37949, 950, 0, 0, 0
38049, 940, 0, 0, 0
38150, 960, 0, 0, 0
38250, 930, 0, 0, 0
38350, 950, 0, 0, 0
38450, 900, 0, 0, 0
38550, 960, 0, 0, 0
38650, 930, 0, 0, 0
38749, 949, 0, 0, 0
38849, 950, 0, 0, 0
38949, 930, 0, 0, 0
39049, 910, 0, 0, 0
39149, 920, 0, 0, 0
39249, 960, 0, 0, 0
39349, 880, 0, 0, 0
39449, 940, 0, 0, 0
39550, 960, 0, 0, 0
39650, 970, 0, 0, 0
39749, 939, 0, 0, 0
39849, 900, 0, 0, 0
39949, 950, 0, 0, 0
40049, 920, 0, 0, 0
40149, 860, 0, 0, 0
40249, 930, 0, 0, 0
40349, 970, 0, 0, 0
40449, 940, 0, 0, 0
40549, 910, 0, 0, 0
40649, 920, 0, 0, 0
40750, 960, 0, 0, 0
40850, 940, 0, 0, 0
40950, 900, 0, 0, 0
41050, 940, 0, 0, 0
41150, 940, 0, 0, 0
41249, 979, 0, 0, 0
41349, 880, 0, 0, 0
41449, 930, 0, 0, 0
41549, 930, 0, 0, 0
41649, 970, 0, 0, 0
41749, 940, 0, 0, 0
41850, 810, 0, 0, 0
41950, 560, 0, 0, 0
42050, 970, 0, 0, 0
42150, 780, 0, 0, 0
42249, 828, 0, 0, 0
42349, 940, 0, 0, 0
42449, 950, 0, 0, 0
42549, 890, 0, 0, 0
42649, 910, 0, 0, 0
42749, 930, 0, 0, 0
42849, 940, 0, 0, 0
42949, 970, 0, 0, 0
43049, 950, 0, 0, 0
43150, 950, 0, 0, 0
43250, 940, 0, 0, 0
43350, 940, 0, 0, 0
43450, 920, 0, 0, 0
43550, 950, 0, 0, 0
43650, 960, 0, 0, 0
43749, 929, 0, 0, 0
43849, 950, 0, 0, 0
43949, 900, 0, 0, 0
44049, 730, 0, 0, 0
44149, 940, 0, 0, 0
44250, 970, 0, 0, 0
44350, 920, 0, 0, 0
44450, 920, 0, 0, 0
44550, 990, 0, 0, 0
44650, 960, 0, 0, 0
44749, 939, 0, 0, 0
44849, 960, 0, 0, 0
44949, 940, 0, 0, 0
45049, 900, 0, 0, 0
45149, 970, 0, 0, 0
45249, 940, 0, 0, 0
45349, 960, 0, 0, 0
45449, 970, 0, 0, 0
45550, 960, 0, 0, 0
45650, 950, 0, 0, 0
45750, 900, 0, 0, 0
45850, 670, 0, 0, 0
45950, 970, 0, 0, 0
46050, 980, 0, 0, 0
46150, 960, 0, 0, 0
46249, 909, 0, 0, 0
46349, 920, 0, 0, 0
46449, 870, 0, 0, 0
46549, 920, 0, 0, 0
46649, 940, 0, 0, 0
46749, 940, 0, 0, 0
46849, 870, 0, 0, 0
46950, 910, 0, 0, 0
47050, 950, 0, 0, 0
47150, 940, 0, 0, 0
47249, 888, 0, 0, 0
47349, 960, 0, 0, 0
47449, 920, 0, 0, 0
47549, 920, 0, 0, 0
47649, 970, 0, 0, 0
47749, 910, 0, 0, 0
47849, 950, 0, 0, 0
47949, 920, 0, 0, 0
48049, 940, 0, 0, 0
48149, 990, 0, 0, 0
48250, 970, 0, 0, 0
48350, 930, 0, 0, 0
48450, 920, 0, 0, 0
48550, 880, 0, 0, 0
48650, 970, 0, 0, 0
48749, 959, 0, 0, 0
48849, 920, 0, 0, 0
48949, 960, 0, 0, 0
49049, 940, 0, 0, 0
49149, 940, 0, 0, 0
49249, 950, 0, 0, 0
49349, 950, 0, 0, 0
49449, 870, 0, 0, 0
49550, 940, 0, 0, 0
49650, 970, 0, 0, 0
49749, 949, 0, 0, 0
49849, 960, 0, 0, 0
49949, 940, 0, 0, 0
50049, 950, 0, 0, 0
50149, 900, 0, 0, 0
50249, 930, 0, 0, 0
50349, 950, 0, 0, 0
50449, 930, 0, 0, 0
50549, 880, 0, 0, 0
50649, 930, 0, 0, 0
50750, 910, 0, 0, 0
50850, 950, 0, 0, 0
50950, 940, 0, 0, 0
51050, 940, 0, 0, 0
51150, 920, 0, 0, 0
51249, 959, 0, 0, 0
51349, 890, 0, 0, 0
51449, 940, 0, 0, 0
51549, 920, 0, 0, 0
51649, 910, 0, 0, 0
51749, 910, 0, 0, 0
51849, 940, 0, 0, 0
51949, 930, 0, 0, 0
52050, 940, 0, 0, 0
52150, 930, 0, 0, 0
52249, 949, 0, 0, 0
52349, 900, 0, 0, 0
52449, 910, 0, 0, 0
52549, 920, 0, 0, 0
52649, 910, 0, 0, 0
52749, 930, 0, 0, 0
52849, 770, 0, 0, 0
52949, 940, 0, 0, 0
53049, 890, 0, 0, 0
53149, 910, 0, 0, 0
53250, 890, 0, 0, 0
53350, 930, 0, 0, 0
53450, 910, 0, 0, 0
53550, 950, 0, 0, 0
53650, 910, 0, 0, 0
53749, 919, 0, 0, 0
53849, 910, 0, 0, 0
53949, 920, 0, 0, 0
54049, 900, 0, 0, 0
54149, 940, 0, 0, 0
54249, 920, 0, 0, 0
54349, 910, 0, 0, 0
54449, 920, 0, 0, 0
54549, 920, 0, 0, 0
54650, 920, 0, 0, 0
54750, 930, 0, 0, 0
54850, 970, 0, 0, 0
54950, 950, 0, 0, 0
55050, 910, 0, 0, 0
55150, 950, 0, 0, 0
55249, 959, 0, 0, 0
55349, 980, 0, 0, 0
55449, 920, 0, 0, 0
55549, 960, 0, 0, 0
55649, 960, 0, 0, 0
55749, 900, 0, 0, 0
55849, 940, 0, 0, 0
55949, 940, 0, 0, 0
56050, 920, 0, 0, 0
56150, 910, 0, 0, 0
56249, 929, 0, 0, 0
56349, 900, 0, 0, 0
56449, 920, 0, 0, 0
56549, 910, 0, 0, 0
56649, 940, 0, 0, 0
56749, 920, 0, 0, 0
56849, 910, 0, 0, 0
56949, 940, 0, 0, 0
57049, 930, 0, 0, 0
57149, 940, 0, 0, 0
57250, 970, 0, 0, 0
57350, 910, 0, 0, 0
57450, 930, 0, 0, 0
57550, 930, 0, 0, 0
57650, 890, 0, 0, 0
57749, 939, 0, 0, 0
57849, 940, 0, 0, 0
57949, 960, 0, 0, 0
58049, 940, 0, 0, 0
58149, 940, 0, 0, 0
58249, 950, 0, 0, 0
58349, 950, 0, 0, 0
58449, 940, 0, 0, 0
58550, 920, 0, 0, 0
58650, 940, 0, 0, 0
58750, 950, 0, 0, 0
58850, 970, 0, 0, 0
58950, 960, 0, 0, 0
59050, 950, 0, 0, 0
59150, 950, 0, 0, 0
59249, 929, 0, 0, 0
59349, 970, 0, 0, 0
59449, 930, 0, 0, 0
59549, 930, 0, 0, 0
59649, 930, 0, 0, 0
59749, 940, 0, 0, 0
59850, 920, 0, 0, 0
59950, 950, 0, 0, 0
60050, 900, 0, 0, 0
60150, 980, 0, 0, 0
60249, 919, 0, 0, 0
60349, 980, 0, 0, 0
60449, 910, 0, 0, 0
60549, 960, 0, 0, 0
60649, 920, 0, 0, 0
60749, 880, 0, 0, 0
60849, 960, 0, 0, 0
60949, 920, 0, 0, 0
61049, 960, 0, 0, 0
61149, 960, 0, 0, 0
61250, 950, 0, 0, 0
61350, 900, 0, 0, 0
61450, 980, 0, 0, 0
61550, 940, 0, 0, 0
61650, 950, 0, 0, 0
61749, 939, 0, 0, 0
61849, 950, 0, 0, 0
61949, 920, 0, 0, 0
62049, 930, 0, 0, 0
62149, 970, 0, 0, 0
62249, 930, 0, 0, 0
62349, 870, 0, 0, 0
62450, 850, 0, 0, 0
62550, 900, 0, 0, 0
62650, 960, 0, 0, 0
62749, 949, 0, 0, 0
62849, 900, 0, 0, 0
62949, 920, 0, 0, 0
63049, 590, 0, 0, 0
63149, 950, 0, 0, 0
63249, 940, 0, 0, 0
63349, 920, 0, 0, 0
63449, 920, 0, 0, 0
63550, 940, 0, 0, 0
63650, 920, 0, 0, 0
63750, 910, 0, 0, 0
63850, 940, 0, 0, 0
63950, 960, 0, 0, 0
64050, 950, 0, 0, 0
64150, 930, 0, 0, 0
64249, 929, 0, 0, 0
64349, 950, 0, 0, 0
64449, 940, 0, 0, 0
64549, 930, 0, 0, 0
64649, 940, 0, 0, 0
64749, 940, 0, 0, 0
64850, 930, 0, 0, 0
64950, 890, 0, 0, 0
65050, 920, 0, 0, 0
65150, 940, 0, 0, 0
65249, 939, 0, 0, 0
65349, 930, 0, 0, 0
65449, 950, 0, 0, 0
65549, 940, 0, 0, 0
65649, 950, 0, 0, 0
65749, 940, 0, 0, 0
65849, 920, 0, 0, 0
65949, 930, 0, 0, 0
66050, 950, 0, 0, 0
66150, 940, 0, 0, 0
66250, 980, 0, 0, 0
66350, 940, 0, 0, 0
66450, 730, 0, 0, 0
66550, 940, 0, 0, 0
66650, 930, 0, 0, 0
66749, 979, 0, 0, 0
66849, 950, 0, 0, 0
66949, 940, 0, 0, 0
67049, 910, 0, 0, 0
67149, 910, 0, 0, 0
67250, 930, 0, 0, 0
67350, 890, 0, 0, 0
67450, 950, 0, 0, 0
67550, 910, 0, 0, 0
67650, 940, 0, 0, 0
67749, 949, 0, 0, 0
67849, 930, 0, 0, 0
67949, 940, 0, 0, 0
68049, 860, 0, 0, 0
68149, 910, 0, 0, 0
68249, 920, 0, 0, 0
68349, 920, 0, 0, 0
68449, 940, 0, 0, 0
68550, 900, 0, 0, 0
68650, 930, 0, 0, 0
68750, 950, 0, 0, 0
68850, 970, 0, 0, 0
68950, 960, 0, 0, 0
69050, 910, 0, 0, 0
69150, 940, 0, 0, 0
69249, 898, 0, 0, 0
69349, 920, 0, 0, 0
69449, 940, 0, 0, 0
69549, 950, 0, 0, 0
69649, 920, 0, 0, 0
69750, 910, 0, 0, 0
69850, 920, 0, 0, 0
69950, 930, 0, 0, 0
70050, 950, 0, 0, 0
70150, 930, 0, 0, 0
70249, 949, 0, 0, 0
70349, 950, 0, 0, 0
70449, 940, 0, 0, 0
70549, 880, 0, 0, 0
70649, 930, 0, 0, 0
70749, 920, 0, 0, 0
70849, 940, 0, 0, 0
70949, 920, 0, 0, 0
71050, 980, 0, 0, 0
71150, 940, 0, 0, 0
71249, 929, 0, 0, 0
71349, 940, 0, 0, 0
71449, 930, 0, 0, 0
71549, 930, 0, 0, 0
71649, 930, 0, 0, 0
71749, 920, 0, 0, 0
71849, 950, 0, 0, 0
71949, 940, 0, 0, 0
72049, 970, 0, 0, 0
72149, 960, 0, 0, 0
72250, 950, 0, 0, 0
72350, 930, 0, 0, 0
72450, 910, 0, 0, 0
72550, 900, 0, 0, 0
72650, 940, 0, 0, 0
72749, 959, 0, 0, 0
72849, 970, 0, 0, 0
72949, 920, 0, 0, 0
73049, 940, 0, 0, 0
73149, 950, 0, 0, 0
73249, 960, 0, 0, 0
73349, 950, 0, 0, 0
73449, 950, 0, 0, 0
73550, 910, 0, 0, 0
73650, 910, 0, 0, 0
73749, 919, 0, 0, 0
73849, 970, 0, 0, 0
73949, 890, 0, 0, 0
74049, 940, 0, 0, 0
74149, 920, 0, 0, 0
74249, 910, 0, 0, 0
74349, 950, 0, 0, 0
74449, 980, 0, 0, 0
74549, 950, 0, 0, 0
74649, 950, 0, 0, 0
74750, 960, 0, 0, 0
74850, 950, 0, 0, 0
74950, 900, 0, 0, 0
75050, 930, 0, 0, 0
75150, 940, 0, 0, 0
75249, 929, 0, 0, 0
75349, 930, 0, 0, 0
75449, 920, 0, 0, 0
75549, 880, 0, 0, 0
75649, 950, 0, 0, 0
75749, 920, 0, 0, 0
75849, 960, 0, 0, 0
75949, 930, 0, 0, 0
76049, 900, 0, 0, 0
76150, 940, 0, 0, 0
76250, 940, 0, 0, 0
76350, 950, 0, 0, 0
76450, 940, 0, 0, 0
76550, 930, 0, 0, 0
76650, 930, 0, 0, 0
76749, 949, 0, 0, 0
76849, 940, 0, 0, 0
76949, 920, 0, 0, 0
77049, 910, 0, 0, 0
77149, 940, 0, 0, 0
77249, 950, 0, 0, 0
77349, 960, 0, 0, 0
77450, 930, 0, 0, 0
77550, 950, 0, 0, 0
77650, 890, 0, 0, 0
77749, 909, 0, 0, 0
77849, 800, 0, 0, 0
77949, 950, 0, 0, 0
78049, 960, 0, 0, 0
78149, 860, 0, 0, 0
78249, 930, 0, 0, 0
78349, 940, 0, 0, 0
78449, 890, 0, 0, 0
78549, 930, 0, 0, 0
78649, 940, 0, 0, 0
78750, 900, 0, 0, 0
78850, 910, 0, 0, 0
78950, 920, 0, 0, 0
79050, 870, 0, 0, 0
79150, 930, 0, 0, 0
79249, 909, 0, 0, 0
79349, 920, 0, 0, 0
79449, 890, 0, 0, 0
79549, 910, 0, 0, 0
79649, 940, 0, 0, 0
79749, 950, 0, 0, 0
79849, 940, 0, 0, 0
79950, 970, 0, 0, 0
80050, 910, 0, 0, 0
80150, 930, 0, 0, 0
80249, 919, 0, 0, 0
80349, 920, 0, 0, 0
80449, 920, 0, 0, 0
80549, 960, 0, 0, 0
80649, 940, 0, 0, 0
80749, 900, 0, 0, 0
80849, 930, 0, 0, 0
80949, 950, 0, 0, 0
81049, 930, 0, 0, 0
81149, 940, 0, 0, 0
81250, 910, 0, 0, 0
81350, 910, 0, 0, 0
81450, 930, 0, 0, 0
81550, 950, 0, 0, 0
81650, 760, 0, 0, 0
81749, 585, 0, 0, 0
81849, 760, 0, 0, 0
81949, 920, 0, 0, 0
82049, 870, 0, 0, 0
82149, 830, 0, 0, 0
82249, 830, 0, 0, 0
82349, 950, 0, 0, 0
82449, 920, 0, 0, 0
82550, 950, 0, 0, 0
82650, 800, 0, 0, 0
82749, 808, 0, 0, 0
82849, 730, 0, 0, 0
82949, 970, 0, 0, 0
83049, 940, 0, 0, 0
83149, 880, 0, 0, 0
83249, 960, 0, 0, 0
83349, 960, 0, 0, 0
83449, 830, 0, 0, 0
83549, 960, 0, 0, 0
83649, 890, 0, 0, 0
83750, 940, 0, 0, 0
83850, 870, 0, 0, 0
83950, 970, 0, 0, 0
84050, 920, 0, 0, 0
84150, 850, 0, 0, 0
84249, 929, 0, 0, 0
84349, 830, 0, 0, 0
84449, 930, 0, 0, 0
84549, 940, 0, 0, 0
84649, 940, 0, 0, 0
84749, 910, 0, 0, 0
84849, 910, 0, 0, 0
84949, 930, 0, 0, 0
85049, 980, 0, 0, 0
85150, 940, 0, 0, 0
85250, 910, 0, 0, 0
85350, 910, 0, 0, 0
85450, 890, 0, 0, 0
85550, 930, 0, 0, 0
85650, 940, 0, 0, 0
85749, 929, 0, 0, 0
85849, 940, 0, 0, 0
85949, 870, 0, 0, 0
86049, 940, 0, 0, 0
86149, 880, 0, 0, 0
86250, 950, 0, 0, 0
86350, 840, 0, 0, 0
86450, 740, 0, 0, 0
86550, 950, 0, 0, 0
86650, 840, 0, 0, 0
86749, 909, 0, 0, 0
86849, 910, 0, 0, 0
86949, 950, 0, 0, 0
87049, 960, 0, 0, 0
87149, 930, 0, 0, 0
87249, 970, 0, 0, 0
87349, 920, 0, 0, 0
87449, 970, 0, 0, 0
87550, 960, 0, 0, 0
87650, 960, 0, 0, 0
87749, 959, 0, 0, 0
87849, 890, 0, 0, 0
87949, 970, 0, 0, 0
88049, 910, 0, 0, 0
88149, 950, 0, 0, 0
88249, 950, 0, 0, 0
88349, 920, 0, 0, 0
88449, 870, 0, 0, 0
88549, 940, 0, 0, 0
88649, 950, 0, 0, 0
88750, 960, 0, 0, 0
88850, 890, 0, 0, 0
88950, 960, 0, 0, 0
89050, 960, 0, 0, 0
89150, 880, 0, 0, 0
89249, 939, 0, 0, 0
89349, 970, 0, 0, 0
89449, 880, 0, 0, 0
89549, 930, 0, 0, 0
89649, 840, 0, 0, 0
89749, 930, 0, 0, 0
89849, 940, 0, 0, 0
89949, 900, 0, 0, 0
