250, 948, 0, 0, 0
350, 930, 0, 0, 0
450, 950, 0, 0, 0
550, 970, 0, 0, 0
650, 960, 0, 0, 0
749, 969, 0, 0, 0
849, 960, 0, 0, 0
949, 990, 0, 0, 0
1049, 990, 0, 0, 0
1149, 960, 0, 0, 0
1249, 920, 0, 0, 0
1349, 960, 0, 0, 0
1449, 900, 0, 0, 0
1550, 960, 0, 0, 0
1650, 950, 0, 0, 0
1749, 949, 0, 0, 0
1849, 930, 0, 0, 0
1949, 990, 0, 0, 0
2049, 980, 0, 0, 0
2149, 990, 0, 0, 0
2249, 980, 0, 0, 0
2349, 970, 0, 0, 0
2449, 910, 0, 0, 0
2549, 970, 0, 0, 0
2649, 940, 0, 0, 0
2749, 970, 0, 0, 0
2849, 980, 0, 0, 0
2949, 960, 0, 0, 0
3050, 970, 0, 0, 0
3150, 980, 0, 0, 0
3249, 959, 0, 0, 0
3349, 920, 0, 0, 0
3449, 940, 0, 0, 0
3549, 950, 0, 0, 0
3649, 930, 0, 0, 0
3749, 980, 0, 0, 0
3849, 960, 0, 0, 0
3949, 990, 0, 0, 0
4049, 950, 0, 0, 0
4149, 980, 0, 0, 0
4249, 990, 0, 0, 0
4349, 910, 0, 0, 0
4449, 960, 0, 0, 0
4550, 950, 0, 0, 0
4650, 950, 0, 0, 0
4749, 949, 0, 0, 0
4849, 930, 0, 0, 0
4949, 960, 0, 0, 0
5049, 950, 0, 0, 0
5149, 950, 0, 0, 0
5249, 930, 0, 0, 0
5349, 940, 0, 0, 0
5449, 950, 0, 0, 0
5549, 960, 0, 0, 0
5649, 950, 0, 0, 0
5749, 980, 0, 0, 0
5849, 910, 0, 0, 0
5949, 950, 0, 0, 0
6050, 890, 0, 0, 0
6150, 950, 0, 0, 0
6249, 949, 0, 0, 0
6349, 920, 0, 0, 0
6449, 950, 0, 0, 0
6549, 940, 0, 0, 0
6649, 910, 0, 0, 0
6749, 910, 0, 0, 0
6849, 930, 0, 0, 0
6949, 870, 0, 0, 0
7049, 850, 0, 0, 0
7149, 910, 0, 0, 0
7249, 900, 0, 0, 0
7349, 940, 0, 0, 0
7449, 950, 0, 0, 0
7549, 960, 0, 0, 0
7649, 940, 0, 0, 0
7750, 960, 0, 0, 0
7850, 950, 0, 0, 0
7950, 930, 0, 0, 0
8050, 830, 0, 0, 0
8150, 860, 0, 0, 0
8249, 858, 0, 0, 0
8349, 960, 0, 0, 0
8449, 870, 0, 0, 0
8549, 930, 0, 0, 0
8649, 950, 0, 0, 0
8749, 900, 0, 0, 0
8849, 930, 0, 0, 0
8949, 940, 0, 0, 0
9049, 820, 0, 0, 0
9149, 910, 0, 0, 0
9250, 910, 0, 0, 0
9350, 940, 0, 0, 0
9450, 950, 0, 0, 0
9550, 890, 0, 0, 0
9650, 960, 0, 0, 0
9749, 949, 0, 0, 0
9849, 940, 0, 0, 0
9949, 930, 0, 0, 0
10049, 830, 0, 0, 0
10149, 950, 0, 0, 0
10249, 950, 0, 0, 0
10349, 950, 0, 0, 0
10449, 890, 0, 0, 0
10549, 910, 0, 0, 0
10649, 860, 0, 0, 0
10749, 900, 0, 0, 0
10850, 940, 0, 0, 0
10950, 850, 0, 0, 0
11050, 830, 0, 0, 0
11150, 950, 0, 0, 0
11249, 949, 0, 0, 0
11349, 960, 0, 0, 0
11449, 880, 0, 0, 0
11549, 930, 0, 0, 0
11649, 940, 0, 0, 0
11749, 860, 0, 0, 0
11849, 960, 0, 0, 0
11949, 960, 0, 0, 0
12049, 870, 0, 0, 0
12149, 860, 0, 0, 0
12250, 930, 0, 0, 0
12350, 950, 0, 0, 0
12450, 960, 0, 0, 0
12550, 900, 0, 0, 0
12650, 910, 0, 0, 0
12749, 888, 0, 0, 0
12849, 920, 0, 0, 0
12949, 920, 0, 0, 0
13049, 870, 0, 0, 0
13149, 900, 0, 0, 0
13249, 940, 0, 0, 0
13349, 950, 0, 0, 0
13449, 940, 0, 0, 0
13549, 930, 0, 0, 0
13649, 970, 0, 0, 0
13749, 880, 0, 0, 0
13850, 960, 0, 0, 0
13950, 850, 0, 0, 0
14050, 860, 0, 0, 0
14150, 880, 0, 0, 0
14249, 979, 0, 0, 0
14349, 860, 0, 0, 0
14449, 920, 0, 0, 0
14549, 910, 0, 0, 0
14649, 960, 0, 0, 0
14749, 880, 0, 0, 0
14849, 910, 0, 0, 0
14949, 930, 0, 0, 0
15049, 830, 0, 0, 0
15149, 860, 0, 0, 0
15249, 890, 0, 0, 0
15350, 910, 0, 0, 0
15450, 960, 0, 0, 0
15550, 900, 0, 0, 0
15650, 940, 0, 0, 0
15749, 929, 0, 0, 0
15849, 860, 0, 0, 0
15949, 960, 0, 0, 0
16049, 970, 0, 0, 0
16149, 900, 0, 0, 0
16249, 980, 0, 0, 0
16349, 920, 0, 0, 0
16449, 970, 0, 0, 0
16549, 930, 0, 0, 0
16649, 930, 0, 0, 0
16749, 920, 0, 0, 0
16849, 950, 0, 0, 0
16950, 950, 0, 0, 0
17050, 860, 0, 0, 0
17150, 870, 0, 0, 0
17249, 939, 0, 0, 0
17349, 950, 0, 0, 0
17449, 980, 0, 0, 0
17549, 960, 0, 0, 0
17649, 930, 0, 0, 0
17749, 970, 0, 0, 0
17849, 950, 0, 0, 0
17949, 980, 0, 0, 0
18049, 940, 0, 0, 0
18149, 900, 0, 0, 0
18249, 960, 0, 0, 0
18349, 970, 0, 0, 0
18450, 970, 0, 0, 0
18550, 950, 0, 0, 0
18650, 930, 0, 0, 0
18749, 949, 0, 0, 0
18849, 950, 0, 0, 0
18949, 970, 0, 0, 0
19049, 930, 0, 0, 0
19149, 850, 0, 0, 0
19249, 920, 0, 0, 0
19349, 970, 0, 0, 0
19449, 960, 0, 0, 0
19549, 930, 0, 0, 0
19649, 940, 0, 0, 0
19749, 960, 0, 0, 0
19850, 910, 0, 0, 0
19950, 990, 0, 0, 0
20050, 970, 0, 0, 0
20150, 920, 0, 0, 0
20249, 909, 0, 0, 0
20349, 960, 0, 0, 0
20449, 970, 0, 0, 0
20549, 950, 0, 0, 0
20649, 930, 0, 0, 0
20749, 920, 0, 0, 0
20849, 950, 0, 0, 0
20949, 980, 0, 0, 0
21049, 920, 0, 0, 0
21149, 930, 0, 0, 0
21249, 940, 0, 0, 0
21350, 950, 0, 0, 0
21450, 930, 0, 0, 0
21550, 950, 0, 0, 0
21650, 970, 0, 0, 0
21749, 949, 0, 0, 0
21849, 960, 0, 0, 0
21949, 970, 0, 0, 0
22049, 960, 0, 0, 0
22149, 960, 0, 0, 0
22249, 950, 0, 0, 0
22349, 960, 0, 0, 0
22449, 950, 0, 0, 0
22549, 940, 0, 0, 0
22649, 940, 0, 0, 0
22749, 950, 0, 0, 0
22850, 940, 0, 0, 0
22950, 950, 0, 0, 0
23050, 990, 0, 0, 0
23150, 990, 0, 0, 0
23249, 898, 0, 0, 0
23349, 970, 0, 0, 0
23449, 980, 0, 0, 0
23549, 890, 0, 0, 0
23649, 980, 0, 0, 0
23749, 970, 0, 0, 0
23849, 920, 0, 0, 0
23949, 960, 0, 0, 0
24049, 970, 0, 0, 0
24149, 980, 0, 0, 0
24250, 960, 0, 0, 0
24350, 960, 0, 0, 0
24450, 960, 0, 0, 0
24550, 930, 0, 0, 0
24650, 950, 0, 0, 0
24749, 929, 0, 0, 0
24849, 950, 0, 0, 0
24949, 970, 0, 0, 0
25049, 960, 0, 0, 0
25149, 940, 0, 0, 0
25249, 960, 0, 0, 0
25349, 940, 0, 0, 0
25449, 900, 0, 0, 0
25549, 930, 0, 0, 0
25649, 960, 0, 0, 0
25749, 960, 0, 0, 0
25850, 940, 0, 0, 0
25950, 950, 0, 0, 0
26050, 940, 0, 0, 0
26150, 950, 0, 0, 0
26249, 939, 0, 0, 0
26349, 910, 0, 0, 0
26449, 910, 0, 0, 0
26549, 940, 0, 0, 0
26649, 960, 0, 0, 0
26749, 960, 0, 0, 0
26849, 930, 0, 0, 0
26949, 920, 0, 0, 0
27049, 950, 0, 0, 0
27149, 900, 0, 0, 0
27249, 920, 0, 0, 0
27350, 950, 0, 0, 0
27450, 920, 0, 0, 0
27550, 960, 0, 0, 0
27650, 960, 0, 0, 0
27749, 969, 0, 0, 0
27849, 860, 0, 0, 0
27949, 950, 0, 0, 0
28049, 910, 0, 0, 0
28149, 900, 0, 0, 0
28249, 900, 0, 0, 0
28349, 930, 0, 0, 0
28449, 940, 0, 0, 0
28549, 970, 0, 0, 0
28649, 930, 0, 0, 0
28749, 860, 0, 0, 0
28849, 980, 0, 0, 0
28949, 930, 0, 0, 0
29050, 950, 0, 0, 0
29150, 940, 0, 0, 0
29249, 929, 0, 0, 0
29349, 950, 0, 0, 0
29449, 970, 0, 0, 0
29549, 960, 0, 0, 0
29649, 950, 0, 0, 0
29749, 960, 0, 0, 0
29849, 920, 0, 0, 0
29949, 950, 0, 0, 0
30049, 960, 0, 0, 0
30149, 960, 0, 0, 0
30249, 910, 0, 0, 0
30349, 970, 0, 0, 0
30449, 970, 0, 0, 0
30549, 910, 0, 0, 0
30650, 880, 0, 0, 0
30749, 949, 0, 0, 0
30849, 960, 0, 0, 0
30949, 960, 0, 0, 0
31049, 900, 0, 0, 0
31149, 960, 0, 0, 0
31249, 970, 0, 0, 0
31349, 970, 0, 0, 0
31449, 940, 0, 0, 0
31549, 970, 0, 0, 0
31649, 970, 0, 0, 0
31749, 960, 0, 0, 0
31849, 940, 0, 0, 0
31949, 940, 0, 0, 0
32049, 960, 0, 0, 0
32150, 900, 0, 0, 0
32249, 939, 0, 0, 0
32349, 950, 0, 0, 0
32449, 910, 0, 0, 0
32549, 940, 0, 0, 0
32649, 930, 0, 0, 0
32749, 950, 0, 0, 0
32849, 940, 0, 0, 0
32949, 870, 0, 0, 0
33049, 940, 0, 0, 0
33149, 990, 0, 0, 0
33249, 960, 0, 0, 0
33349, 970, 0, 0, 0
33449, 880, 0, 0, 0
33549, 930, 0, 0, 0
33649, 930, 0, 0, 0
33750, 920, 0, 0, 0
33850, 970, 0, 0, 0
33950, 960, 0, 0, 0
34050, 940, 0, 0, 0
34150, 970, 0, 0, 0
34249, 939, 0, 0, 0
34349, 960, 0, 0, 0
34449, 950, 0, 0, 0
34549, 980, 0, 0, 0
34649, 970, 0, 0, 0
34749, 950, 0, 0, 0
34849, 970, 0, 0, 0
34949, 990, 0, 0, 0
35049, 900, 0, 0, 0
35149, 910, 0, 0, 0
35249, 970, 0, 0, 0
35350, 950, 0, 0, 0
35450, 980, 0, 0, 0
35550, 900, 0, 0, 0
35650, 960, 0, 0, 0
35749, 919, 0, 0, 0
35849, 970, 0, 0, 0
35949, 910, 0, 0, 0
36049, 900, 0, 0, 0
36149, 950, 0, 0, 0
36249, 950, 0, 0, 0
36349, 920, 0, 0, 0
36449, 980, 0, 0, 0
36549, 960, 0, 0, 0
36649, 950, 0, 0, 0
36749, 910, 0, 0, 0
36849, 910, 0, 0, 0
36950, 910, 0, 0, 0
37050, 930, 0, 0, 0
37150, 910, 0, 0, 0
37249, 949, 0, 0, 0
37349, 980, 0, 0, 0
37449, 980, 0, 0, 0
37549, 970, 0, 0, 0
37649, 980, 0, 0, 0
37749, 930, 0, 0, 0
37849, 930, 0, 0, 0
37949, 950, 0, 0, 0
38049, 980, 0, 0, 0
38149, 960, 0, 0, 0
38249, 950, 0, 0, 0
38349, 910, 0, 0, 0
38450, 960, 0, 0, 0
38550, 920, 0, 0, 0
38650, 910, 0, 0, 0
38749, 949, 0, 0, 0
38849, 950, 0, 0, 0
38949, 940, 0, 0, 0
39049, 940, 0, 0, 0
39149, 920, 0, 0, 0
39249, 910, 0, 0, 0
39349, 930, 0, 0, 0
39449, 950, 0, 0, 0
39549, 980, 0, 0, 0
39649, 950, 0, 0, 0
39749, 960, 0, 0, 0
39849, 920, 0, 0, 0
39949, 930, 0, 0, 0
40050, 960, 0, 0, 0
40150, 1000, 0, 0, 0
40249, 919, 0, 0, 0
40349, 960, 0, 0, 0
40449, 920, 0, 0, 0
40549, 930, 0, 0, 0
40649, 940, 0, 0, 0
40749, 940, 0, 0, 0
40849, 960, 0, 0, 0
40949, 890, 0, 0, 0
41049, 950, 0, 0, 0
41149, 910, 0, 0, 0
41249, 950, 0, 0, 0
41349, 960, 0, 0, 0
41449, 930, 0, 0, 0
41550, 990, 0, 0, 0
41650, 960, 0, 0, 0
41749, 939, 0, 0, 0
41849, 960, 0, 0, 0
41949, 940, 0, 0, 0
42049, 950, 0, 0, 0
42149, 970, 0, 0, 0
42249, 980, 0, 0, 0
42349, 950, 0, 0, 0
42449, 910, 0, 0, 0
42549, 970, 0, 0, 0
42649, 930, 0, 0, 0
42749, 950, 0, 0, 0
42849, 960, 0, 0, 0
42949, 940, 0, 0, 0
43050, 950, 0, 0, 0
43150, 920, 0, 0, 0
43249, 929, 0, 0, 0
43349, 960, 0, 0, 0
43449, 900, 0, 0, 0
43549, 960, 0, 0, 0
43649, 950, 0, 0, 0
43749, 930, 0, 0, 0
43849, 970, 0, 0, 0
43949, 950, 0, 0, 0
44049, 960, 0, 0, 0
44149, 970, 0, 0, 0
44249, 950, 0, 0, 0
44349, 960, 0, 0, 0
44449, 960, 0, 0, 0
44549, 950, 0, 0, 0
44650, 950, 0, 0, 0
44749, 949, 0, 0, 0
44849, 930, 0, 0, 0
44949, 930, 0, 0, 0
45049, 930, 0, 0, 0
45149, 960, 0, 0, 0
45249, 950, 0, 0, 0
45349, 950, 0, 0, 0
45449, 960, 0, 0, 0
45549, 910, 0, 0, 0
45649, 920, 0, 0, 0
45749, 900, 0, 0, 0
45849, 950, 0, 0, 0
45949, 960, 0, 0, 0
46050, 980, 0, 0, 0
46150, 950, 0, 0, 0
46249, 868, 0, 0, 0
46349, 930, 0, 0, 0
46449, 950, 0, 0, 0
46549, 900, 0, 0, 0
46649, 940, 0, 0, 0
46749, 970, 0, 0, 0
46849, 880, 0, 0, 0
46949, 930, 0, 0, 0
47049, 950, 0, 0, 0
47149, 970, 0, 0, 0
47249, 890, 0, 0, 0
47349, 950, 0, 0, 0
47449, 970, 0, 0, 0
47550, 920, 0, 0, 0
47650, 950, 0, 0, 0
47749, 919, 0, 0, 0
47849, 970, 0, 0, 0
47949, 950, 0, 0, 0
48049, 960, 0, 0, 0
48149, 970, 0, 0, 0
48249, 980, 0, 0, 0
48349, 970, 0, 0, 0
48449, 970, 0, 0, 0
48549, 930, 0, 0, 0
48649, 950, 0, 0, 0
48749, 950, 0, 0, 0
48849, 960, 0, 0, 0
48949, 960, 0, 0, 0
49050, 940, 0, 0, 0
49150, 940, 0, 0, 0
49249, 959, 0, 0, 0
49349, 970, 0, 0, 0
49449, 890, 0, 0, 0
49549, 930, 0, 0, 0
49649, 970, 0, 0, 0
49749, 950, 0, 0, 0
49849, 980, 0, 0, 0
49949, 930, 0, 0, 0
50049, 970, 0, 0, 0
50149, 970, 0, 0, 0
50249, 940, 0, 0, 0
50349, 910, 0, 0, 0
50449, 940, 0, 0, 0
50550, 880, 0, 0, 0
50650, 940, 0, 0, 0
50749, 919, 0, 0, 0
50849, 930, 0, 0, 0
50949, 920, 0, 0, 0
51049, 900, 0, 0, 0
51149, 940, 0, 0, 0
51249, 940, 0, 0, 0
51349, 930, 0, 0, 0
51449, 910, 0, 0, 0
51549, 940, 0, 0, 0
51649, 950, 0, 0, 0
51749, 940, 0, 0, 0
51849, 950, 0, 0, 0
51949, 920, 0, 0, 0
52050, 910, 0, 0, 0
52150, 930, 0, 0, 0
52249, 939, 0, 0, 0
52349, 940, 0, 0, 0
52449, 920, 0, 0, 0
52549, 900, 0, 0, 0
52649, 930, 0, 0, 0
52749, 900, 0, 0, 0
52849, 920, 0, 0, 0
52949, 940, 0, 0, 0
53049, 900, 0, 0, 0
53149, 930, 0, 0, 0
53249, 900, 0, 0, 0
53349, 940, 0, 0, 0
53449, 900, 0, 0, 0
53549, 940, 0, 0, 0
53650, 930, 0, 0, 0
53749, 909, 0, 0, 0
53849, 940, 0, 0, 0
53949, 890, 0, 0, 0
54049, 920, 0, 0, 0
54149, 940, 0, 0, 0
54249, 960, 0, 0, 0
54349, 950, 0, 0, 0
54449, 960, 0, 0, 0
54549, 950, 0, 0, 0
54649, 910, 0, 0, 0
54749, 950, 0, 0, 0
54849, 950, 0, 0, 0
54949, 950, 0, 0, 0
55049, 940, 0, 0, 0
55149, 940, 0, 0, 0
55250, 960, 0, 0, 0
55350, 920, 0, 0, 0
55450, 980, 0, 0, 0
55550, 970, 0, 0, 0
55650, 920, 0, 0, 0
55749, 878, 0, 0, 0
55849, 950, 0, 0, 0
55949, 940, 0, 0, 0
56049, 880, 0, 0, 0
56149, 970, 0, 0, 0
56249, 940, 0, 0, 0
56349, 890, 0, 0, 0
56449, 900, 0, 0, 0
56549, 940, 0, 0, 0
56649, 930, 0, 0, 0
56749, 939, 0, 0, 0
56849, 930, 0, 0, 0
56949, 930, 0, 0, 0
57049, 950, 0, 0, 0
57149, 950, 0, 0, 0
57249, 940, 0, 0, 0
57349, 870, 0, 0, 0
57449, 920, 0, 0, 0
57549, 920, 0, 0, 0
57649, 890, 0, 0, 0
57749, 920, 0, 0, 0
57849, 950, 0, 0, 0
57949, 930, 0, 0, 0
58049, 950, 0, 0, 0
58149, 920, 0, 0, 0
58249, 950, 0, 0, 0
58349, 970, 0, 0, 0
58450, 900, 0, 0, 0
58550, 880, 0, 0, 0
58650, 940, 0, 0, 0
58749, 909, 0, 0, 0
58849, 970, 0, 0, 0
58949, 960, 0, 0, 0
59049, 990, 0, 0, 0
59149, 960, 0, 0, 0
59249, 980, 0, 0, 0
59349, 940, 0, 0, 0
59449, 950, 0, 0, 0
59549, 920, 0, 0, 0
59649, 900, 0, 0, 0
59749, 940, 0, 0, 0
59849, 910, 0, 0, 0
59949, 940, 0, 0, 0
60050, 930, 0, 0, 0
60150, 960, 0, 0, 0
60249, 949, 0, 0, 0
60349, 970, 0, 0, 0
60449, 1000, 0, 0, 0
60549, 940, 0, 0, 0
60649, 940, 0, 0, 0
60749, 930, 0, 0, 0
60849, 960, 0, 0, 0
60949, 960, 0, 0, 0
61049, 940, 0, 0, 0
61149, 980, 0, 0, 0
61249, 960, 0, 0, 0
61349, 930, 0, 0, 0
61449, 910, 0, 0, 0
61550, 930, 0, 0, 0
61650, 970, 0, 0, 0
61749, 939, 0, 0, 0
61849, 970, 0, 0, 0
61949, 950, 0, 0, 0
62049, 940, 0, 0, 0
62149, 910, 0, 0, 0
62249, 950, 0, 0, 0
62349, 930, 0, 0, 0
62449, 950, 0, 0, 0
62549, 940, 0, 0, 0
62649, 930, 0, 0, 0
62749, 960, 0, 0, 0
62849, 950, 0, 0, 0
62950, 920, 0, 0, 0
63050, 930, 0, 0, 0
63150, 940, 0, 0, 0
63249, 909, 0, 0, 0
63349, 960, 0, 0, 0
63449, 870, 0, 0, 0
63549, 960, 0, 0, 0
63649, 950, 0, 0, 0
63749, 940, 0, 0, 0
63849, 920, 0, 0, 0
63949, 970, 0, 0, 0
64049, 960, 0, 0, 0
64149, 960, 0, 0, 0
64249, 930, 0, 0, 0
64350, 950, 0, 0, 0
64450, 920, 0, 0, 0
64550, 950, 0, 0, 0
64650, 930, 0, 0, 0
64749, 959, 0, 0, 0
64849, 940, 0, 0, 0
64949, 880, 0, 0, 0
65049, 930, 0, 0, 0
65149, 980, 0, 0, 0
65249, 980, 0, 0, 0
65349, 920, 0, 0, 0
65449, 960, 0, 0, 0
65549, 980, 0, 0, 0
65649, 960, 0, 0, 0
65749, 970, 0, 0, 0
65849, 920, 0, 0, 0
65949, 910, 0, 0, 0
66050, 940, 0, 0, 0
66150, 950, 0, 0, 0
66249, 959, 0, 0, 0
66349, 910, 0, 0, 0
66449, 900, 0, 0, 0
66549, 930, 0, 0, 0
66649, 910, 0, 0, 0
66749, 970, 0, 0, 0
66849, 970, 0, 0, 0
66949, 920, 0, 0, 0
67049, 950, 0, 0, 0
67149, 900, 0, 0, 0
67249, 970, 0, 0, 0
67349, 880, 0, 0, 0
67449, 940, 0, 0, 0
67549, 960, 0, 0, 0
67649, 960, 0, 0, 0
67750, 950, 0, 0, 0
67850, 910, 0, 0, 0
67950, 940, 0, 0, 0
68050, 860, 0, 0, 0
68150, 920, 0, 0, 0
68249, 909, 0, 0, 0
68349, 940, 0, 0, 0
68449, 920, 0, 0, 0
68549, 860, 0, 0, 0
68649, 950, 0, 0, 0
68749, 890, 0, 0, 0
68849, 940, 0, 0, 0
68949, 860, 0, 0, 0
69049, 910, 0, 0, 0
69149, 940, 0, 0, 0
69249, 940, 0, 0, 0
69350, 910, 0, 0, 0
69450, 880, 0, 0, 0
69550, 930, 0, 0, 0
69650, 910, 0, 0, 0
69749, 919, 0, 0, 0
69849, 950, 0, 0, 0
69949, 930, 0, 0, 0
70049, 930, 0, 0, 0
70149, 950, 0, 0, 0
70249, 950, 0, 0, 0
70349, 980, 0, 0, 0
70449, 970, 0, 0, 0
70549, 910, 0, 0, 0
70649, 960, 0, 0, 0
70749, 920, 0, 0, 0
70849, 900, 0, 0, 0
70950, 940, 0, 0, 0
71050, 970, 0, 0, 0
71150, 940, 0, 0, 0
71249, 939, 0, 0, 0
71349, 930, 0, 0, 0
71449, 930, 0, 0, 0
71549, 940, 0, 0, 0
71649, 900, 0, 0, 0
71749, 960, 0, 0, 0
71849, 970, 0, 0, 0
71949, 920, 0, 0, 0
72049, 980, 0, 0, 0
72149, 940, 0, 0, 0
72249, 940, 0, 0, 0
72349, 920, 0, 0, 0
72449, 930, 0, 0, 0
72549, 920, 0, 0, 0
72650, 940, 0, 0, 0
72749, 929, 0, 0, 0
72849, 960, 0, 0, 0
72949, 950, 0, 0, 0
73049, 960, 0, 0, 0
73149, 980, 0, 0, 0
73249, 920, 0, 0, 0
73349, 940, 0, 0, 0
73449, 940, 0, 0, 0
73549, 920, 0, 0, 0
73649, 880, 0, 0, 0
73749, 940, 0, 0, 0
73849, 940, 0, 0, 0
73949, 970, 0, 0, 0
74050, 910, 0, 0, 0
74150, 950, 0, 0, 0
74249, 949, 0, 0, 0
74349, 940, 0, 0, 0
74449, 970, 0, 0, 0
74549, 960, 0, 0, 0
74649, 980, 0, 0, 0
74749, 900, 0, 0, 0
74849, 960, 0, 0, 0
74949, 940, 0, 0, 0
75049, 890, 0, 0, 0
75149, 920, 0, 0, 0
75249, 950, 0, 0, 0
75349, 960, 0, 0, 0
75449, 930, 0, 0, 0
75550, 870, 0, 0, 0
75650, 950, 0, 0, 0
75749, 939, 0, 0, 0
75849, 970, 0, 0, 0
75949, 930, 0, 0, 0
76049, 950, 0, 0, 0
76149, 900, 0, 0, 0
76249, 960, 0, 0, 0
76349, 940, 0, 0, 0
76449, 860, 0, 0, 0
76549, 910, 0, 0, 0
76649, 930, 0, 0, 0
76749, 930, 0, 0, 0
76849, 960, 0, 0, 0
76949, 930, 0, 0, 0
77050, 920, 0, 0, 0
77150, 960, 0, 0, 0
77249, 949, 0, 0, 0
77349, 920, 0, 0, 0
77449, 940, 0, 0, 0
77549, 950, 0, 0, 0
77649, 890, 0, 0, 0
77749, 920, 0, 0, 0
77849, 870, 0, 0, 0
77949, 920, 0, 0, 0
78049, 920, 0, 0, 0
78149, 870, 0, 0, 0
78249, 940, 0, 0, 0
78349, 950, 0, 0, 0
78449, 950, 0, 0, 0
78549, 970, 0, 0, 0
78650, 940, 0, 0, 0
78749, 929, 0, 0, 0
78849, 940, 0, 0, 0
78949, 900, 0, 0, 0
79049, 940, 0, 0, 0
79149, 930, 0, 0, 0
79249, 930, 0, 0, 0
79349, 930, 0, 0, 0
79449, 910, 0, 0, 0
79549, 950, 0, 0, 0
79649, 920, 0, 0, 0
79749, 970, 0, 0, 0
79849, 940, 0, 0, 0
79949, 960, 0, 0, 0
80049, 910, 0, 0, 0
80150, 950, 0, 0, 0
80249, 898, 0, 0, 0
80349, 950, 0, 0, 0
80449, 940, 0, 0, 0
80549, 940, 0, 0, 0
80649, 920, 0, 0, 0
80749, 920, 0, 0, 0
80849, 890, 0, 0, 0
80949, 940, 0, 0, 0
81049, 940, 0, 0, 0
81149, 950, 0, 0, 0
81249, 940, 0, 0, 0
81349, 920, 0, 0, 0
81449, 900, 0, 0, 0
81549, 930, 0, 0, 0
81650, 890, 0, 0, 0
81749, 959, 0, 0, 0
81849, 900, 0, 0, 0
81949, 950, 0, 0, 0
82049, 930, 0, 0, 0
82149, 930, 0, 0, 0
82249, 970, 0, 0, 0
82349, 950, 0, 0, 0
82449, 890, 0, 0, 0
82549, 940, 0, 0, 0
82649, 920, 0, 0, 0
82749, 930, 0, 0, 0
82849, 910, 0, 0, 0
82949, 900, 0, 0, 0
83049, 910, 0, 0, 0
83149, 870, 0, 0, 0
83250, 900, 0, 0, 0
83350, 950, 0, 0, 0
83450, 940, 0, 0, 0
83550, 920, 0, 0, 0
83650, 880, 0, 0, 0
83749, 919, 0, 0, 0
83849, 930, 0, 0, 0
83949, 910, 0, 0, 0
84049, 930, 0, 0, 0
84149, 950, 0, 0, 0
84249, 900, 0, 0, 0
84349, 960, 0, 0, 0
84449, 940, 0, 0, 0
84549, 930, 0, 0, 0
84649, 950, 0, 0, 0
84749, 950, 0, 0, 0
84849, 920, 0, 0, 0
84949, 920, 0, 0, 0
85050, 930, 0, 0, 0
85150, 930, 0, 0, 0
85249, 919, 0, 0, 0
85349, 960, 0, 0, 0
85449, 940, 0, 0, 0
85549, 940, 0, 0, 0
85649, 960, 0, 0, 0
85749, 930, 0, 0, 0
85849, 890, 0, 0, 0
85949, 900, 0, 0, 0
86049, 940, 0, 0, 0
86149, 920, 0, 0, 0
86249, 920, 0, 0, 0
86349, 940, 0, 0, 0
86449, 920, 0, 0, 0
86549, 940, 0, 0, 0
86650, 930, 0, 0, 0
86749, 959, 0, 0, 0
86849, 950, 0, 0, 0
86949, 970, 0, 0, 0
87049, 970, 0, 0, 0
87149, 950, 0, 0, 0
87249, 980, 0, 0, 0
87349, 940, 0, 0, 0
87449, 940, 0, 0, 0
87549, 950, 0, 0, 0
87649, 960, 0, 0, 0
87749, 960, 0, 0, 0
87849, 940, 0, 0, 0
87949, 960, 0, 0, 0
88050, 930, 0, 0, 0
88150, 930, 0, 0, 0
88249, 949, 0, 0, 0
88349, 930, 0, 0, 0
88449, 870, 0, 0, 0
88549, 910, 0, 0, 0
88649, 950, 0, 0, 0
88749, 920, 0, 0, 0
88849, 910, 0, 0, 0
88949, 950, 0, 0, 0
89049, 940, 0, 0, 0
89149, 870, 0, 0, 0
89249, 930, 0, 0, 0
89349, 960, 0, 0, 0
89449, 930, 0, 0, 0
89550, 970, 0, 0, 0
89650, 860, 0, 0, 0
89749, 939, 0, 0, 0
89849, 910, 0, 0, 0
89949, 910, 0, 0, 0
