250, 242688, 0, 0, 0
350, 238080, 0, 0, 0
450, 243200, 0, 0, 0
550, 248320, 0, 0, 0
650, 245760, 0, 0, 0
749, 248242, 0, 0, 0
849, 245760, 0, 0, 0
949, 253440, 0, 0, 0
1049, 253440, 0, 0, 0
1149, 245760, 0, 0, 0
1249, 235520, 0, 0, 0
1349, 245760, 0, 0, 0
1449, 230400, 0, 0, 0
1550, 245760, 0, 0, 0
1650, 243200, 0, 0, 0
1749, 243070, 0, 0, 0
1849, 238080, 0, 0, 0
1949, 253440, 0, 0, 0
2049, 250880, 0, 0, 0
2149, 253440, 0, 0, 0
2249, 250880, 0, 0, 0
2349, 248320, 0, 0, 0
2449, 232960, 0, 0, 0
2549, 248320, 0, 0, 0
2649, 240640, 0, 0, 0
2749, 248320, 0, 0, 0
2849, 250880, 0, 0, 0
2949, 245760, 0, 0, 0
3050, 248320, 0, 0, 0
3150, 250880, 0, 0, 0
3249, 245656, 0, 0, 0
3349, 235520, 0, 0, 0
3449, 240640, 0, 0, 0
3549, 243200, 0, 0, 0
3649, 238080, 0, 0, 0
3749, 250880, 0, 0, 0
3849, 245760, 0, 0, 0
3949, 253440, 0, 0, 0
4049, 243200, 0, 0, 0
4149, 250880, 0, 0, 0
4249, 253440, 0, 0, 0
4349, 232960, 0, 0, 0
4449, 245760, 0, 0, 0
4550, 243200, 0, 0, 0
4650, 243200, 0, 0, 0
4749, 243070, 0, 0, 0
4849, 238080, 0, 0, 0
4949, 245760, 0, 0, 0
5049, 243200, 0, 0, 0
5149, 243200, 0, 0, 0
5249, 238080, 0, 0, 0
5349, 240640, 0, 0, 0
5449, 243200, 0, 0, 0
5549, 245760, 0, 0, 0
5649, 243200, 0, 0, 0
5749, 250880, 0, 0, 0
5849, 232960, 0, 0, 0
5949, 243200, 0, 0, 0
6050, 227840, 0, 0, 0
6150, 243200, 0, 0, 0
6249, 243070, 0, 0, 0
6349, 235520, 0, 0, 0
6449, 243200, 0, 0, 0
6549, 240640, 0, 0, 0
6649, 232960, 0, 0, 0
6749, 232960, 0, 0, 0
6849, 238080, 0, 0, 0
6949, 222720, 0, 0, 0
7049, 217600, 0, 0, 0
7149, 232960, 0, 0, 0
7249, 230400, 0, 0, 0
7349, 240640, 0, 0, 0
7449, 243200, 0, 0, 0
7549, 245760, 0, 0, 0
7649, 240640, 0, 0, 0
7750, 245760, 0, 0, 0
7850, 243200, 0, 0, 0
7950, 238080, 0, 0, 0
8050, 212480, 0, 0, 0
8150, 220160, 0, 0, 0
8249, 219797, 0, 0, 0
8349, 245760, 0, 0, 0
8449, 222720, 0, 0, 0
8549, 238080, 0, 0, 0
8649, 243200, 0, 0, 0
8749, 230400, 0, 0, 0
8849, 238080, 0, 0, 0
8949, 240640, 0, 0, 0
9049, 209920, 0, 0, 0
9149, 232960, 0, 0, 0
9250, 232960, 0, 0, 0
9350, 240640, 0, 0, 0
9450, 243200, 0, 0, 0
9550, 227840, 0, 0, 0
9650, 245760, 0, 0, 0
9749, 243070, 0, 0, 0
9849, 240640, 0, 0, 0
9949, 238080, 0, 0, 0
10049, 212480, 0, 0, 0
10149, 243200, 0, 0, 0
10249, 243200, 0, 0, 0
10349, 243200, 0, 0, 0
10449, 227840, 0, 0, 0
10549, 232960, 0, 0, 0
10649, 220160, 0, 0, 0
10749, 230400, 0, 0, 0
10850, 240640, 0, 0, 0
10950, 217600, 0, 0, 0
11050, 212480, 0, 0, 0
11150, 243200, 0, 0, 0
11249, 243070, 0, 0, 0
11349, 245760, 0, 0, 0
11449, 225280, 0, 0, 0
11549, 238080, 0, 0, 0
11649, 240640, 0, 0, 0
11749, 220160, 0, 0, 0
11849, 245760, 0, 0, 0
11949, 245760, 0, 0, 0
12049, 222720, 0, 0, 0
12149, 220160, 0, 0, 0
12250, 238080, 0, 0, 0
12350, 243200, 0, 0, 0
12450, 245760, 0, 0, 0
12550, 230400, 0, 0, 0
12650, 232960, 0, 0, 0
12749, 224969, 0, 0, 0
12849, 235520, 0, 0, 0
12949, 235520, 0, 0, 0
13049, 222720, 0, 0, 0
13149, 230400, 0, 0, 0
13249, 240640, 0, 0, 0
13349, 243200, 0, 0, 0
13449, 240640, 0, 0, 0
13549, 238080, 0, 0, 0
13649, 248320, 0, 0, 0
13749, 225280, 0, 0, 0
13850, 245760, 0, 0, 0
13950, 217600, 0, 0, 0
14050, 220160, 0, 0, 0
14150, 225280, 0, 0, 0
14249, 250828, 0, 0, 0
14349, 220160, 0, 0, 0
14449, 235520, 0, 0, 0
14549, 232960, 0, 0, 0
14649, 245760, 0, 0, 0
14749, 225280, 0, 0, 0
14849, 232960, 0, 0, 0
14949, 238080, 0, 0, 0
15049, 212480, 0, 0, 0
15149, 220160, 0, 0, 0
15249, 227840, 0, 0, 0
15350, 232960, 0, 0, 0
15450, 245760, 0, 0, 0
15550, 230400, 0, 0, 0
15650, 240640, 0, 0, 0
15749, 237898, 0, 0, 0
15849, 220160, 0, 0, 0
15949, 245760, 0, 0, 0
16049, 248320, 0, 0, 0
16149, 230400, 0, 0, 0
16249, 250880, 0, 0, 0
16349, 235520, 0, 0, 0
16449, 248320, 0, 0, 0
16549, 238080, 0, 0, 0
16649, 238080, 0, 0, 0
16749, 235520, 0, 0, 0
16849, 243200, 0, 0, 0
16950, 243200, 0, 0, 0
17050, 220160, 0, 0, 0
17150, 222720, 0, 0, 0
17249, 240484, 0, 0, 0
17349, 243200, 0, 0, 0
17449, 250880, 0, 0, 0
17549, 245760, 0, 0, 0
17649, 238080, 0, 0, 0
17749, 248320, 0, 0, 0
17849, 243200, 0, 0, 0
17949, 250880, 0, 0, 0
18049, 240640, 0, 0, 0
18149, 230400, 0, 0, 0
18249, 245760, 0, 0, 0
18349, 248320, 0, 0, 0
18450, 248320, 0, 0, 0
18550, 243200, 0, 0, 0
18650, 238080, 0, 0, 0
18749, 243070, 0, 0, 0
18849, 243200, 0, 0, 0
18949, 248320, 0, 0, 0
19049, 238080, 0, 0, 0
19149, 217600, 0, 0, 0
19249, 235520, 0, 0, 0
19349, 248320, 0, 0, 0
19449, 245760, 0, 0, 0
19549, 238080, 0, 0, 0
19649, 240640, 0, 0, 0
19749, 245760, 0, 0, 0
19850, 232960, 0, 0, 0
19950, 253440, 0, 0, 0
20050, 248320, 0, 0, 0
20150, 235520, 0, 0, 0
20249, 232727, 0, 0, 0
20349, 245760, 0, 0, 0
20449, 248320, 0, 0, 0
20549, 243200, 0, 0, 0
20649, 238080, 0, 0, 0
20749, 235520, 0, 0, 0
20849, 243200, 0, 0, 0
20949, 250880, 0, 0, 0
21049, 235520, 0, 0, 0
21149, 238080, 0, 0, 0
21249, 240640, 0, 0, 0
21350, 243200, 0, 0, 0
21450, 238080, 0, 0, 0
21550, 243200, 0, 0, 0
21650, 248320, 0, 0, 0
21749, 243070, 0, 0, 0
21849, 245760, 0, 0, 0
21949, 248320, 0, 0, 0
22049, 245760, 0, 0, 0
22149, 245760, 0, 0, 0
22249, 243200, 0, 0, 0
22349, 245760, 0, 0, 0
22449, 243200, 0, 0, 0
22549, 240640, 0, 0, 0
22649, 240640, 0, 0, 0
22749, 243200, 0, 0, 0
22850, 240640, 0, 0, 0
22950, 243200, 0, 0, 0
23050, 253440, 0, 0, 0
23150, 253440, 0, 0, 0
23249, 230141, 0, 0, 0
23349, 248320, 0, 0, 0
23449, 250880, 0, 0, 0
23549, 227840, 0, 0, 0
23649, 250880, 0, 0, 0
23749, 248320, 0, 0, 0
23849, 235520, 0, 0, 0
23949, 245760, 0, 0, 0
24049, 248320, 0, 0, 0
24149, 250880, 0, 0, 0
24250, 245760, 0, 0, 0
24350, 245760, 0, 0, 0
24450, 245760, 0, 0, 0
24550, 238080, 0, 0, 0
24650, 243200, 0, 0, 0
24749, 237898, 0, 0, 0
24849, 243200, 0, 0, 0
24949, 248320, 0, 0, 0
25049, 245760, 0, 0, 0
25149, 240640, 0, 0, 0
25249, 245760, 0, 0, 0
25349, 240640, 0, 0, 0
25449, 230400, 0, 0, 0
25549, 238080, 0, 0, 0
25649, 245760, 0, 0, 0
25749, 245760, 0, 0, 0
25850, 240640, 0, 0, 0
25950, 243200, 0, 0, 0
26050, 240640, 0, 0, 0
26150, 243200, 0, 0, 0
26249, 240484, 0, 0, 0
26349, 232960, 0, 0, 0
26449, 232960, 0, 0, 0
26549, 240640, 0, 0, 0
26649, 245760, 0, 0, 0
26749, 245760, 0, 0, 0
26849, 238080, 0, 0, 0
26949, 235520, 0, 0, 0
27049, 243200, 0, 0, 0
27149, 230400, 0, 0, 0
27249, 235520, 0, 0, 0
27350, 243200, 0, 0, 0
27450, 235520, 0, 0, 0
27550, 245760, 0, 0, 0
27650, 245760, 0, 0, 0
27749, 248242, 0, 0, 0
27849, 220160, 0, 0, 0
27949, 243200, 0, 0, 0
28049, 232960, 0, 0, 0
28149, 230400, 0, 0, 0
28249, 230400, 0, 0, 0
28349, 238080, 0, 0, 0
28449, 240640, 0, 0, 0
28549, 248320, 0, 0, 0
28649, 238080, 0, 0, 0
28749, 220160, 0, 0, 0
28849, 250880, 0, 0, 0
28949, 238080, 0, 0, 0
29050, 243200, 0, 0, 0
29150, 240640, 0, 0, 0
29249, 237898, 0, 0, 0
29349, 243200, 0, 0, 0
29449, 248320, 0, 0, 0
29549, 245760, 0, 0, 0
29649, 243200, 0, 0, 0
29749, 245760, 0, 0, 0
29849, 235520, 0, 0, 0
29949, 243200, 0, 0, 0
30049, 245760, 0, 0, 0
30149, 245760, 0, 0, 0
30249, 232960, 0, 0, 0
30349, 248320, 0, 0, 0
30449, 248320, 0, 0, 0
30549, 232960, 0, 0, 0
30650, 225280, 0, 0, 0
30749, 243070, 0, 0, 0
30849, 245760, 0, 0, 0
30949, 245760, 0, 0, 0
31049, 230400, 0, 0, 0
31149, 245760, 0, 0, 0
31249, 248320, 0, 0, 0
31349, 248320, 0, 0, 0
31449, 240640, 0, 0, 0
31549, 248320, 0, 0, 0
31649, 248320, 0, 0, 0
31749, 245760, 0, 0, 0
31849, 240640, 0, 0, 0
31949, 240640, 0, 0, 0
32049, 245760, 0, 0, 0
32150, 230400, 0, 0, 0
32249, 240484, 0, 0, 0
32349, 243200, 0, 0, 0
32449, 232960, 0, 0, 0
32549, 240640, 0, 0, 0
32649, 238080, 0, 0, 0
32749, 243200, 0, 0, 0
32849, 240640, 0, 0, 0
32949, 222720, 0, 0, 0
33049, 240640, 0, 0, 0
33149, 253440, 0, 0, 0
33249, 245760, 0, 0, 0
33349, 248320, 0, 0, 0
33449, 225280, 0, 0, 0
33549, 238080, 0, 0, 0
33649, 238080, 0, 0, 0
33750, 235520, 0, 0, 0
33850, 248320, 0, 0, 0
33950, 245760, 0, 0, 0
34050, 240640, 0, 0, 0
34150, 248320, 0, 0, 0
34249, 240484, 0, 0, 0
34349, 245760, 0, 0, 0
34449, 243200, 0, 0, 0
34549, 250880, 0, 0, 0
34649, 248320, 0, 0, 0
34749, 243200, 0, 0, 0
34849, 248320, 0, 0, 0
34949, 253440, 0, 0, 0
35049, 230400, 0, 0, 0
35149, 232960, 0, 0, 0
35249, 248320, 0, 0, 0
35350, 243200, 0, 0, 0
35450, 250880, 0, 0, 0
35550, 230400, 0, 0, 0
35650, 245760, 0, 0, 0
35749, 235313, 0, 0, 0
35849, 248320, 0, 0, 0
35949, 232960, 0, 0, 0
36049, 230400, 0, 0, 0
36149, 243200, 0, 0, 0
36249, 243200, 0, 0, 0
36349, 235520, 0, 0, 0
36449, 250880, 0, 0, 0
36549, 245760, 0, 0, 0
36649, 243200, 0, 0, 0
36749, 232960, 0, 0, 0
36849, 232960, 0, 0, 0
36950, 232960, 0, 0, 0
37050, 238080, 0, 0, 0
37150, 232960, 0, 0, 0
37249, 243070, 0, 0, 0
37349, 250880, 0, 0, 0
37449, 250880, 0, 0, 0
37549, 248320, 0, 0, 0
37649, 250880, 0, 0, 0
37749, 238080, 0, 0, 0
37849, 238080, 0, 0, 0
37949, 243200, 0, 0, 0
38049, 250880, 0, 0, 0
38149, 245760, 0, 0, 0
38249, 243200, 0, 0, 0
38349, 232960, 0, 0, 0
38450, 245760, 0, 0, 0
38550, 235520, 0, 0, 0
38650, 232960, 0, 0, 0
38749, 243070, 0, 0, 0
38849, 243200, 0, 0, 0
38949, 240640, 0, 0, 0
39049, 240640, 0, 0, 0
39149, 235520, 0, 0, 0
39249, 232960, 0, 0, 0
39349, 238080, 0, 0, 0
39449, 243200, 0, 0, 0
39549, 250880, 0, 0, 0
39649, 243200, 0, 0, 0
39749, 245760, 0, 0, 0
39849, 235520, 0, 0, 0
39949, 238080, 0, 0, 0
40050, 245760, 0, 0, 0
40150, 256000, 0, 0, 0
40249, 235313, 0, 0, 0
40349, 245760, 0, 0, 0
40449, 235520, 0, 0, 0
40549, 238080, 0, 0, 0
40649, 240640, 0, 0, 0
40749, 240640, 0, 0, 0
40849, 245760, 0, 0, 0
40949, 227840, 0, 0, 0
41049, 243200, 0, 0, 0
41149, 232960, 0, 0, 0
41249, 243200, 0, 0, 0
41349, 245760, 0, 0, 0
41449, 238080, 0, 0, 0
41550, 253440, 0, 0, 0
41650, 245760, 0, 0, 0
41749, 240484, 0, 0, 0
41849, 245760, 0, 0, 0
41949, 240640, 0, 0, 0
42049, 243200, 0, 0, 0
42149, 248320, 0, 0, 0
42249, 250880, 0, 0, 0
42349, 243200, 0, 0, 0
42449, 232960, 0, 0, 0
42549, 248320, 0, 0, 0
42649, 238080, 0, 0, 0
42749, 243200, 0, 0, 0
42849, 245760, 0, 0, 0
42949, 240640, 0, 0, 0
43050, 243200, 0, 0, 0
43150, 235520, 0, 0, 0
43249, 237898, 0, 0, 0
43349, 245760, 0, 0, 0
43449, 230400, 0, 0, 0
43549, 245760, 0, 0, 0
43649, 243200, 0, 0, 0
43749, 238080, 0, 0, 0
43849, 248320, 0, 0, 0
43949, 243200, 0, 0, 0
44049, 245760, 0, 0, 0
44149, 248320, 0, 0, 0
44249, 243200, 0, 0, 0
44349, 245760, 0, 0, 0
44449, 245760, 0, 0, 0
44549, 243200, 0, 0, 0
44650, 243200, 0, 0, 0
44749, 243070, 0, 0, 0
44849, 238080, 0, 0, 0
44949, 238080, 0, 0, 0
45049, 238080, 0, 0, 0
45149, 245760, 0, 0, 0
45249, 243200, 0, 0, 0
45349, 243200, 0, 0, 0
45449, 245760, 0, 0, 0
45549, 232960, 0, 0, 0
45649, 235520, 0, 0, 0
45749, 230400, 0, 0, 0
45849, 243200, 0, 0, 0
45949, 245760, 0, 0, 0
46050, 250880, 0, 0, 0
46150, 243200, 0, 0, 0
46249, 222383, 0, 0, 0
46349, 238080, 0, 0, 0
46449, 243200, 0, 0, 0
46549, 230400, 0, 0, 0
46649, 240640, 0, 0, 0
46749, 248320, 0, 0, 0
46849, 225280, 0, 0, 0
46949, 238080, 0, 0, 0
47049, 243200, 0, 0, 0
47149, 248320, 0, 0, 0
47249, 227840, 0, 0, 0
47349, 243200, 0, 0, 0
47449, 248320, 0, 0, 0
47550, 235520, 0, 0, 0
47650, 243200, 0, 0, 0
47749, 235313, 0, 0, 0
47849, 248320, 0, 0, 0
47949, 243200, 0, 0, 0
48049, 245760, 0, 0, 0
48149, 248320, 0, 0, 0
48249, 250880, 0, 0, 0
48349, 248320, 0, 0, 0
48449, 248320, 0, 0, 0
48549, 238080, 0, 0, 0
48649, 243200, 0, 0, 0
48749, 243200, 0, 0, 0
48849, 245760, 0, 0, 0
48949, 245760, 0, 0, 0
49050, 240640, 0, 0, 0
49150, 240640, 0, 0, 0
49249, 245656, 0, 0, 0
49349, 248320, 0, 0, 0
49449, 227840, 0, 0, 0
49549, 238080, 0, 0, 0
49649, 248320, 0, 0, 0
49749, 243200, 0, 0, 0
49849, 250880, 0, 0, 0
49949, 238080, 0, 0, 0
50049, 248320, 0, 0, 0
50149, 248320, 0, 0, 0
50249, 240640, 0, 0, 0
50349, 232960, 0, 0, 0
50449, 240640, 0, 0, 0
50550, 225280, 0, 0, 0
50650, 240640, 0, 0, 0
50749, 235313, 0, 0, 0
50849, 238080, 0, 0, 0
50949, 235520, 0, 0, 0
51049, 230400, 0, 0, 0
51149, 240640, 0, 0, 0
51249, 240640, 0, 0, 0
51349, 238080, 0, 0, 0
51449, 232960, 0, 0, 0
51549, 240640, 0, 0, 0
51649, 243200, 0, 0, 0
51749, 240640, 0, 0, 0
51849, 243200, 0, 0, 0
51949, 235520, 0, 0, 0
52050, 232960, 0, 0, 0
52150, 238080, 0, 0, 0
52249, 240484, 0, 0, 0
52349, 240640, 0, 0, 0
52449, 235520, 0, 0, 0
52549, 230400, 0, 0, 0
52649, 238080, 0, 0, 0
52749, 230400, 0, 0, 0
52849, 235520, 0, 0, 0
52949, 240640, 0, 0, 0
53049, 230400, 0, 0, 0
53149, 238080, 0, 0, 0
53249, 230400, 0, 0, 0
53349, 240640, 0, 0, 0
53449, 230400, 0, 0, 0
53549, 240640, 0, 0, 0
53650, 238080, 0, 0, 0
53749, 232727, 0, 0, 0
53849, 240640, 0, 0, 0
53949, 227840, 0, 0, 0
54049, 235520, 0, 0, 0
54149, 240640, 0, 0, 0
54249, 245760, 0, 0, 0
54349, 243200, 0, 0, 0
54449, 245760, 0, 0, 0
54549, 243200, 0, 0, 0
54649, 232960, 0, 0, 0
54749, 243200, 0, 0, 0
54849, 243200, 0, 0, 0
54949, 243200, 0, 0, 0
55049, 240640, 0, 0, 0
55149, 240640, 0, 0, 0
55250, 245760, 0, 0, 0
55350, 235520, 0, 0, 0
55450, 250880, 0, 0, 0
55550, 248320, 0, 0, 0
55650, 235520, 0, 0, 0
55749, 224969, 0, 0, 0
55849, 243200, 0, 0, 0
55949, 240640, 0, 0, 0
56049, 225280, 0, 0, 0
56149, 248320, 0, 0, 0
56249, 240640, 0, 0, 0
56349, 227840, 0, 0, 0
56449, 230400, 0, 0, 0
56549, 240640, 0, 0, 0
56649, 238080, 0, 0, 0
56749, 240484, 0, 0, 0
56849, 238080, 0, 0, 0
56949, 238080, 0, 0, 0
57049, 243200, 0, 0, 0
57149, 243200, 0, 0, 0
57249, 240640, 0, 0, 0
57349, 222720, 0, 0, 0
57449, 235520, 0, 0, 0
57549, 235520, 0, 0, 0
57649, 227840, 0, 0, 0
57749, 235520, 0, 0, 0
57849, 243200, 0, 0, 0
57949, 238080, 0, 0, 0
58049, 243200, 0, 0, 0
58149, 235520, 0, 0, 0
58249, 243200, 0, 0, 0
58349, 248320, 0, 0, 0
58450, 230400, 0, 0, 0
58550, 225280, 0, 0, 0
58650, 240640, 0, 0, 0
58749, 232727, 0, 0, 0
58849, 248320, 0, 0, 0
58949, 245760, 0, 0, 0
59049, 253440, 0, 0, 0
59149, 245760, 0, 0, 0
59249, 250880, 0, 0, 0
59349, 240640, 0, 0, 0
59449, 243200, 0, 0, 0
59549, 235520, 0, 0, 0
59649, 230400, 0, 0, 0
59749, 240640, 0, 0, 0
59849, 232960, 0, 0, 0
59949, 240640, 0, 0, 0
60050, 238080, 0, 0, 0
60150, 245760, 0, 0, 0
60249, 243070, 0, 0, 0
60349, 248320, 0, 0, 0
60449, 256000, 0, 0, 0
60549, 240640, 0, 0, 0
60649, 240640, 0, 0, 0
60749, 238080, 0, 0, 0
60849, 245760, 0, 0, 0
60949, 245760, 0, 0, 0
61049, 240640, 0, 0, 0
61149, 250880, 0, 0, 0
61249, 245760, 0, 0, 0
61349, 238080, 0, 0, 0
61449, 232960, 0, 0, 0
61550, 238080, 0, 0, 0
61650, 248320, 0, 0, 0
61749, 240484, 0, 0, 0
61849, 248320, 0, 0, 0
61949, 243200, 0, 0, 0
62049, 240640, 0, 0, 0
62149, 232960, 0, 0, 0
62249, 243200, 0, 0, 0
62349, 238080, 0, 0, 0
62449, 243200, 0, 0, 0
62549, 240640, 0, 0, 0
62649, 238080, 0, 0, 0
62749, 245760, 0, 0, 0
62849, 243200, 0, 0, 0
62950, 235520, 0, 0, 0
63050, 238080, 0, 0, 0
63150, 240640, 0, 0, 0
63249, 232727, 0, 0, 0
63349, 245760, 0, 0, 0
63449, 222720, 0, 0, 0
63549, 245760, 0, 0, 0
63649, 243200, 0, 0, 0
63749, 240640, 0, 0, 0
63849, 235520, 0, 0, 0
63949, 248320, 0, 0, 0
64049, 245760, 0, 0, 0
64149, 245760, 0, 0, 0
64249, 238080, 0, 0, 0
64350, 243200, 0, 0, 0
64450, 235520, 0, 0, 0
64550, 243200, 0, 0, 0
64650, 238080, 0, 0, 0
64749, 245656, 0, 0, 0
64849, 240640, 0, 0, 0
64949, 225280, 0, 0, 0
65049, 238080, 0, 0, 0
65149, 250880, 0, 0, 0
65249, 250880, 0, 0, 0
65349, 235520, 0, 0, 0
65449, 245760, 0, 0, 0
65549, 250880, 0, 0, 0
65649, 245760, 0, 0, 0
65749, 248320, 0, 0, 0
65849, 235520, 0, 0, 0
65949, 232960, 0, 0, 0
66050, 240640, 0, 0, 0
66150, 243200, 0, 0, 0
66249, 245656, 0, 0, 0
66349, 232960, 0, 0, 0
66449, 230400, 0, 0, 0
66549, 238080, 0, 0, 0
66649, 232960, 0, 0, 0
66749, 248320, 0, 0, 0
66849, 248320, 0, 0, 0
66949, 235520, 0, 0, 0
67049, 243200, 0, 0, 0
67149, 230400, 0, 0, 0
67249, 248320, 0, 0, 0
67349, 225280, 0, 0, 0
67449, 240640, 0, 0, 0
67549, 245760, 0, 0, 0
67649, 245760, 0, 0, 0
67750, 243200, 0, 0, 0
67850, 232960, 0, 0, 0
67950, 240640, 0, 0, 0
68050, 220160, 0, 0, 0
68150, 235520, 0, 0, 0
68249, 232727, 0, 0, 0
68349, 240640, 0, 0, 0
68449, 235520, 0, 0, 0
68549, 220160, 0, 0, 0
68649, 243200, 0, 0, 0
68749, 227840, 0, 0, 0
68849, 240640, 0, 0, 0
68949, 220160, 0, 0, 0
69049, 232960, 0, 0, 0
69149, 240640, 0, 0, 0
69249, 240640, 0, 0, 0
69350, 232960, 0, 0, 0
69450, 225280, 0, 0, 0
69550, 238080, 0, 0, 0
69650, 232960, 0, 0, 0
69749, 235313, 0, 0, 0
69849, 243200, 0, 0, 0
69949, 238080, 0, 0, 0
70049, 238080, 0, 0, 0
70149, 243200, 0, 0, 0
70249, 243200, 0, 0, 0
70349, 250880, 0, 0, 0
70449, 248320, 0, 0, 0
70549, 232960, 0, 0, 0
70649, 245760, 0, 0, 0
70749, 235520, 0, 0, 0
70849, 230400, 0, 0, 0
70950, 240640, 0, 0, 0
71050, 248320, 0, 0, 0
71150, 240640, 0, 0, 0
71249, 240484, 0, 0, 0
71349, 238080, 0, 0, 0
71449, 238080, 0, 0, 0
71549, 240640, 0, 0, 0
71649, 230400, 0, 0, 0
71749, 245760, 0, 0, 0
71849, 248320, 0, 0, 0
71949, 235520, 0, 0, 0
72049, 250880, 0, 0, 0
72149, 240640, 0, 0, 0
72249, 240640, 0, 0, 0
72349, 235520, 0, 0, 0
72449, 238080, 0, 0, 0
72549, 235520, 0, 0, 0
72650, 240640, 0, 0, 0
72749, 237898, 0, 0, 0
72849, 245760, 0, 0, 0
72949, 243200, 0, 0, 0
73049, 245760, 0, 0, 0
73149, 250880, 0, 0, 0
73249, 235520, 0, 0, 0
73349, 240640, 0, 0, 0
73449, 240640, 0, 0, 0
73549, 235520, 0, 0, 0
73649, 225280, 0, 0, 0
73749, 240640, 0, 0, 0
73849, 240640, 0, 0, 0
73949, 248320, 0, 0, 0
74050, 232960, 0, 0, 0
74150, 243200, 0, 0, 0
74249, 243070, 0, 0, 0
74349, 240640, 0, 0, 0
74449, 248320, 0, 0, 0
74549, 245760, 0, 0, 0
74649, 250880, 0, 0, 0
74749, 230400, 0, 0, 0
74849, 245760, 0, 0, 0
74949, 240640, 0, 0, 0
75049, 227840, 0, 0, 0
75149, 235520, 0, 0, 0
75249, 243200, 0, 0, 0
75349, 245760, 0, 0, 0
75449, 238080, 0, 0, 0
75550, 222720, 0, 0, 0
75650, 243200, 0, 0, 0
75749, 240484, 0, 0, 0
75849, 248320, 0, 0, 0
75949, 238080, 0, 0, 0
76049, 243200, 0, 0, 0
76149, 230400, 0, 0, 0
76249, 245760, 0, 0, 0
76349, 240640, 0, 0, 0
76449, 220160, 0, 0, 0
76549, 232960, 0, 0, 0
76649, 238080, 0, 0, 0
76749, 238080, 0, 0, 0
76849, 245760, 0, 0, 0
76949, 238080, 0, 0, 0
77050, 235520, 0, 0, 0
77150, 245760, 0, 0, 0
77249, 243070, 0, 0, 0
77349, 235520, 0, 0, 0
77449, 240640, 0, 0, 0
77549, 243200, 0, 0, 0
77649, 227840, 0, 0, 0
77749, 235520, 0, 0, 0
77849, 222720, 0, 0, 0
77949, 235520, 0, 0, 0
78049, 235520, 0, 0, 0
78149, 222720, 0, 0, 0
78249, 240640, 0, 0, 0
78349, 243200, 0, 0, 0
78449, 243200, 0, 0, 0
78549, 248320, 0, 0, 0
78650, 240640, 0, 0, 0
78749, 237898, 0, 0, 0
78849, 240640, 0, 0, 0
78949, 230400, 0, 0, 0
79049, 240640, 0, 0, 0
79149, 238080, 0, 0, 0
79249, 238080, 0, 0, 0
79349, 238080, 0, 0, 0
79449, 232960, 0, 0, 0
79549, 243200, 0, 0, 0
79649, 235520, 0, 0, 0
79749, 248320, 0, 0, 0
79849, 240640, 0, 0, 0
79949, 245760, 0, 0, 0
80049, 232960, 0, 0, 0
80150, 243200, 0, 0, 0
80249, 230141, 0, 0, 0
80349, 243200, 0, 0, 0
80449, 240640, 0, 0, 0
80549, 240640, 0, 0, 0
80649, 235520, 0, 0, 0
80749, 235520, 0, 0, 0
80849, 227840, 0, 0, 0
80949, 240640, 0, 0, 0
81049, 240640, 0, 0, 0
81149, 243200, 0, 0, 0
81249, 240640, 0, 0, 0
81349, 235520, 0, 0, 0
81449, 230400, 0, 0, 0
81549, 238080, 0, 0, 0
81650, 227840, 0, 0, 0
81749, 245656, 0, 0, 0
81849, 230400, 0, 0, 0
81949, 243200, 0, 0, 0
82049, 238080, 0, 0, 0
82149, 238080, 0, 0, 0
82249, 248320, 0, 0, 0
82349, 243200, 0, 0, 0
82449, 227840, 0, 0, 0
82549, 240640, 0, 0, 0
82649, 235520, 0, 0, 0
82749, 238080, 0, 0, 0
82849, 232960, 0, 0, 0
82949, 230400, 0, 0, 0
83049, 232960, 0, 0, 0
83149, 222720, 0, 0, 0
83250, 230400, 0, 0, 0
83350, 243200, 0, 0, 0
83450, 240640, 0, 0, 0
83550, 235520, 0, 0, 0
83650, 227840, 0, 0, 0
83749, 235313, 0, 0, 0
83849, 238080, 0, 0, 0
83949, 232960, 0, 0, 0
84049, 238080, 0, 0, 0
84149, 243200, 0, 0, 0
84249, 230400, 0, 0, 0
84349, 245760, 0, 0, 0
84449, 240640, 0, 0, 0
84549, 238080, 0, 0, 0
84649, 243200, 0, 0, 0
84749, 243200, 0, 0, 0
84849, 235520, 0, 0, 0
84949, 235520, 0, 0, 0
85050, 238080, 0, 0, 0
85150, 238080, 0, 0, 0
85249, 235313, 0, 0, 0
85349, 245760, 0, 0, 0
85449, 240640, 0, 0, 0
85549, 240640, 0, 0, 0
85649, 245760, 0, 0, 0
85749, 238080, 0, 0, 0
85849, 227840, 0, 0, 0
85949, 230400, 0, 0, 0
86049, 240640, 0, 0, 0
86149, 235520, 0, 0, 0
86249, 235520, 0, 0, 0
86349, 240640, 0, 0, 0
86449, 235520, 0, 0, 0
86549, 240640, 0, 0, 0
86650, 238080, 0, 0, 0
86749, 245656, 0, 0, 0
86849, 243200, 0, 0, 0
86949, 248320, 0, 0, 0
87049, 248320, 0, 0, 0
87149, 243200, 0, 0, 0
87249, 250880, 0, 0, 0
87349, 240640, 0, 0, 0
87449, 240640, 0, 0, 0
87549, 243200, 0, 0, 0
87649, 245760, 0, 0, 0
87749, 245760, 0, 0, 0
87849, 240640, 0, 0, 0
87949, 245760, 0, 0, 0
88050, 238080, 0, 0, 0
88150, 238080, 0, 0, 0
88249, 243070, 0, 0, 0
88349, 238080, 0, 0, 0
88449, 222720, 0, 0, 0
88549, 232960, 0, 0, 0
88649, 243200, 0, 0, 0
88749, 235520, 0, 0, 0
88849, 232960, 0, 0, 0
88949, 243200, 0, 0, 0
89049, 240640, 0, 0, 0
89149, 222720, 0, 0, 0
89249, 238080, 0, 0, 0
89349, 245760, 0, 0, 0
89449, 238080, 0, 0, 0
89550, 248320, 0, 0, 0
89650, 220160, 0, 0, 0
89749, 240484, 0, 0, 0
89849, 232960, 0, 0, 0
89949, 232960, 0, 0, 0
