108, 18356, 1, 0, 0
204, 24844, 1, 0, 0
316, 24462, 1, 0, 0
403, 25069, 1, 0, 0
518, 26839, 1, 0, 0
607, 22501, 1, 0, 0
728, 31470, 1, 0, 0
808, 26346, 1, 0, 0
900, 32300, 1, 0, 0
1063, 35177, 1, 0, 0
1131, 19040, 1, 0, 0
1211, 19024, 1, 0, 0
1357, 21857, 1, 0, 0
1430, 47754, 1, 0, 0
1510, 34429, 1, 0, 0
1614, 22455, 1, 0, 0
1710, 25325, 1, 0, 0
1819, 24097, 1, 0, 0
1900, 22088, 1, 0, 0
2007, 23043, 1, 0, 0
2114, 22489, 1, 0, 0
2205, 19349, 1, 0, 0
2300, 21006, 1, 0, 0
2415, 17386, 1, 0, 0
2503, 22394, 1, 0, 0
2609, 22954, 1, 0, 0
2704, 22089, 1, 0, 0
2829, 19445, 1, 0, 0
2901, 25714, 1, 0, 0
3043, 18705, 1, 0, 0
3111, 21899, 1, 0, 0
3251, 22372, 1, 0, 0
3333, 17538, 1, 0, 0
3405, 18202, 1, 0, 0
3570, 18850, 1, 0, 0
3638, 29502, 1, 0, 0
3711, 18661, 1, 0, 0
3823, 16820, 1, 0, 0
3902, 15967, 1, 0, 0
4012, 19466, 1, 0, 0
4125, 21520, 1, 0, 0
4203, 23209, 1, 0, 0
4309, 23133, 1, 0, 0
4422, 21950, 1, 0, 0
4500, 25554, 1, 0, 0
4605, 18539, 1, 0, 0
4727, 15566, 1, 0, 0
4814, 18182, 1, 0, 0
4924, 25795, 1, 0, 0
5005, 30406, 1, 0, 0
5124, 19039, 1, 0, 0
5224, 18369, 1, 0, 0
5300, 21251, 1, 0, 0
5436, 23789, 1, 0, 0
5507, 23095, 1, 0, 0
5657, 26587, 1, 0, 0
5734, 25507, 1, 0, 0
5809, 23920, 1, 0, 0
5904, 23204, 1, 0, 0
6013, 20702, 1, 0, 0
6125, 25531, 1, 0, 0
6209, 17716, 1, 0, 0
6300, 21296, 1, 0, 0
6407, 20267, 1, 0, 0
6519, 24157, 1, 0, 0
6622, 18103, 1, 0, 0
6713, 20794, 1, 0, 0
6809, 24660, 1, 0, 0
6919, 22880, 1, 0, 0
7000, 18148, 1, 0, 0
7103, 17801, 1, 0, 0
7204, 19385, 1, 0, 0
7329, 19128, 1, 0, 0
7451, 20989, 1, 0, 0
7536, 15042, 1, 0, 0
7609, 30857, 1, 0, 0
7748, 25974, 1, 0, 0
7830, 22239, 1, 0, 0
7901, 24339, 1, 0, 0
8042, 22038, 1, 0, 0
8121, 19266, 1, 0, 0
8220, 23422, 1, 0, 0
8301, 23489, 1, 0, 0
8421, 21589, 1, 0, 0
8519, 16757, 1, 0, 0
8612, 12693, 1, 0, 0
8700, 17669, 1, 0, 0
8826, 47093, 1, 0, 0
8908, 20111, 1, 0, 0
9022, 19261, 1, 0, 0
9104, 19881, 1, 0, 0
9217, 21287, 1, 0, 0
9300, 23235, 1, 0, 0
9406, 22555, 1, 0, 0
9518, 23449, 1, 0, 0
9613, 23118, 1, 0, 0
9710, 16664, 1, 0, 0
9848, 21006, 1, 0, 0
9916, 20884, 1, 0, 0
10054, 20272, 1, 0, 0
10137, 22684, 1, 0, 0
10243, 26369, 1, 0, 0
10345, 22328, 1, 0, 0
10414, 18367, 1, 0, 0
10507, 17730, 1, 0, 0
10618, 25614, 1, 0, 0
10725, 23127, 1, 0, 0
10804, 23978, 1, 0, 0
10914, 25310, 1, 0, 0
11029, 21309, 1, 0, 0
11113, 22697, 1, 0, 0
11218, 24931, 1, 0, 0
11304, 26809, 1, 0, 0
11402, 18273, 1, 0, 0
11513, 19011, 1, 0, 0
11621, 21385, 1, 0, 0
11703, 18847, 1, 0, 0
11815, 21032, 1, 0, 0
11960, 24894, 1, 0, 0
12031, 23284, 1, 0, 0
12100, 22221, 1, 0, 0
12236, 26452, 1, 0, 0
12313, 23938, 1, 0, 0
12417, 17933, 1, 0, 0
12515, 29096, 1, 0, 0
12611, 24842, 1, 0, 0
12705, 22618, 1, 0, 0
12823, 19495, 1, 0, 0
12914, 25595, 1, 0, 0
13008, 19229, 1, 0, 0
13119, 18885, 1, 0, 0
13202, 23647, 1, 0, 0
13317, 19020, 1, 0, 0
13405, 20141, 1, 0, 0
13514, 21026, 1, 0, 0
13600, 18542, 1, 0, 0
13722, 24679, 1, 0, 0
13805, 22327, 1, 0, 0
13902, 20960, 1, 0, 0
14002, 18249, 1, 0, 0
14118, 20512, 1, 0, 0
14250, 15122, 1, 0, 0
14313, 21061, 1, 0, 0
14443, 17214, 1, 0, 0
14507, 15254, 1, 0, 0
14619, 16677, 1, 0, 0
14720, 19005, 1, 0, 0
14816, 21071, 1, 0, 0
14909, 14457, 1, 0, 0
15010, 20681, 1, 0, 0
15130, 19835, 1, 0, 0
15208, 25081, 1, 0, 0
15306, 22267, 1, 0, 0
15409, 21787, 1, 0, 0
15500, 19296, 1, 0, 0
15600, 18832, 1, 0, 0
15708, 17055, 1, 0, 0
15817, 17236, 1, 0, 0
15902, 20792, 1, 0, 0
16014, 20479, 1, 0, 0
16119, 22006, 1, 0, 0
16245, 22912, 1, 0, 0
16312, 21232, 1, 0, 0
16459, 21424, 1, 0, 0
16537, 28326, 1, 0, 0
16620, 20313, 1, 0, 0
16764, 22414, 1, 0, 0
16837, 23722, 1, 0, 0
16925, 21517, 1, 0, 0
17008, 25807, 1, 0, 0
17122, 19084, 1, 0, 0
17207, 19519, 1, 0, 0
17328, 21850, 1, 0, 0
17434, 19032, 1, 0, 0
17515, 17918, 1, 0, 0
17605, 17079, 1, 0, 0
17711, 20128, 1, 0, 0
17809, 20149, 1, 0, 0
17917, 16670, 1, 0, 0
18004, 22511, 1, 0, 0
18121, 20766, 1, 0, 0
18214, 22568, 1, 0, 0
18300, 23166, 1, 0, 0
18466, 24186, 1, 0, 0
18538, 21224, 1, 0, 0
18608, 21601, 1, 0, 0
18756, 25293, 1, 0, 0
18825, 21717, 1, 0, 0
18950, 23820, 1, 0, 0
19015, 22901, 1, 0, 0
19110, 23429, 1, 0, 0
19218, 22683, 1, 0, 0
19302, 19846, 1, 0, 0
19412, 19948, 1, 0, 0
19518, 20323, 1, 0, 0
19608, 21409, 1, 0, 0
19716, 22582, 1, 0, 0
19806, 22291, 1, 0, 0
19916, 20300, 1, 0, 0
20000, 17025, 1, 0, 0
20111, 22442, 1, 0, 0
20222, 24773, 1, 0, 0
20304, 18603, 1, 0, 0
20408, 21438, 1, 0, 0
20529, 18703, 1, 0, 0
20660, 21233, 1, 0, 0
20726, 22766, 1, 0, 0
20867, 19277, 1, 0, 0
20936, 18925, 1, 0, 0
21007, 17469, 1, 0, 0
21144, 23301, 1, 0, 0
21212, 21839, 1, 0, 0
21300, 18135, 1, 0, 0
21409, 19613, 1, 0, 0
21514, 22943, 1, 0, 0
21625, 20700, 1, 0, 0
21720, 21790, 1, 0, 0
21805, 21710, 1, 0, 0
21915, 21305, 1, 0, 0
22015, 23366, 1, 0, 0
22105, 20209, 1, 0, 0
22210, 19841, 1, 0, 0
22313, 18407, 1, 0, 0
22400, 23177, 1, 0, 0
22511, 20917, 1, 0, 0
22606, 21476, 1, 0, 0
22713, 21743, 1, 0, 0
22821, 23712, 1, 0, 0
22964, 20573, 1, 0, 0
23045, 16991, 1, 0, 0
23116, 15004, 1, 0, 0
23264, 25670, 1, 0, 0
23340, 25922, 1, 0, 0
23410, 22736, 1, 0, 0
23520, 25527, 1, 0, 0
23602, 27064, 1, 0, 0
23718, 21559, 1, 0, 0
23829, 21058, 1, 0, 0
23910, 22593, 1, 0, 0
24020, 22939, 1, 0, 0
24101, 21890, 1, 0, 0
24215, 22751, 1, 0, 0
24308, 20225, 1, 0, 0
24403, 26142, 1, 0, 0
24521, 23230, 1, 0, 0
24609, 26321, 1, 0, 0
24702, 20376, 1, 0, 0
24808, 18588, 1, 0, 0
24926, 24172, 1, 0, 0
25055, 23162, 1, 0, 0
25134, 21538, 1, 0, 0
25223, 20811, 1, 0, 0
25363, 17970, 1, 0, 0
25431, 15998, 1, 0, 0
25568, 18400, 1, 0, 0
25641, 16178, 1, 0, 0
25727, 19296, 1, 0, 0
25805, 22842, 1, 0, 0
25921, 18631, 1, 0, 0
26016, 25229, 1, 0, 0
26100, 22316, 1, 0, 0
26213, 23279, 1, 0, 0
26301, 24670, 1, 0, 0
26429, 20197, 1, 0, 0
26509, 19463, 1, 0, 0
26601, 19125, 1, 0, 0
26710, 24122, 1, 0, 0
26831, 21040, 1, 0, 0
26912, 22697, 1, 0, 0
27022, 23310, 1, 0, 0
27114, 18573, 1, 0, 0
27214, 19230, 1, 0, 0
27310, 13195, 1, 0, 0
27460, 15245, 1, 0, 0
27521, 16848, 1, 0, 0
27658, 15050, 1, 0, 0
27712, 13281, 1, 0, 0
27847, 16156, 1, 0, 0
27909, 19819, 1, 0, 0
28019, 21652, 1, 0, 0
28122, 17659, 1, 0, 0
28201, 19484, 1, 0, 0
28317, 21857, 1, 0, 0
28400, 21916, 1, 0, 0
28506, 19908, 1, 0, 0
28629, 17523, 1, 0, 0
28711, 17772, 1, 0, 0
28808, 17854, 1, 0, 0
28900, 24053, 1, 0, 0
29012, 21728, 1, 0, 0
29125, 23882, 1, 0, 0
29209, 24071, 1, 0, 0
29314, 19851, 1, 0, 0
29445, 20320, 1, 0, 0
29535, 18261, 1, 0, 0
29669, 19708, 1, 0, 0
29736, 20999, 1, 0, 0
29806, 22971, 1, 0, 0
29934, 22814, 1, 0, 0
30003, 22055, 1, 0, 0
30116, 22133, 1, 0, 0
30207, 22315, 1, 0, 0
30332, 19373, 1, 0, 0
30417, 21050, 1, 0, 0
30509, 18774, 1, 0, 0
30621, 24002, 1, 0, 0
30707, 24516, 1, 0, 0
30817, 18766, 1, 0, 0
30924, 15513, 1, 0, 0
31019, 19300, 1, 0, 0
31102, 23356, 1, 0, 0
31212, 21973, 1, 0, 0
31321, 27674, 1, 0, 0
31404, 24644, 1, 0, 0
31504, 23344, 1, 0, 0
31604, 19988, 1, 0, 0
31736, 19401, 1, 0, 0
31802, 25524, 1, 0, 0
31954, 20942, 1, 0, 0
32028, 27898, 1, 0, 0
32167, 20798, 1, 0, 0
32231, 22413, 1, 0, 0
32318, 22713, 1, 0, 0
32415, 23340, 1, 0, 0
32505, 16717, 1, 0, 0
32612, 22202, 1, 0, 0
32716, 17245, 1, 0, 0
32824, 21865, 1, 0, 0
32905, 20965, 1, 0, 0
33015, 19125, 1, 0, 0
33118, 22578, 1, 0, 0
33208, 22741, 1, 0, 0
33318, 21611, 1, 0, 0
33402, 23633, 1, 0, 0
33515, 21412, 1, 0, 0
33624, 21037, 1, 0, 0
33709, 23119, 1, 0, 0
33808, 21696, 1, 0, 0
33939, 19658, 1, 0, 0
34004, 20522, 1, 0, 0
34142, 22852, 1, 0, 0
34215, 21741, 1, 0, 0
34360, 21919, 1, 0, 0
34429, 24197, 1, 0, 0
34504, 21425, 1, 0, 0
34620, 23370, 1, 0, 0
34710, 19132, 1, 0, 0
34809, 20308, 1, 0, 0
34909, 20669, 1, 0, 0
35027, 21345, 1, 0, 0
35103, 17412, 1, 0, 0
35222, 20032, 1, 0, 0
35307, 22109, 1, 0, 0
35415, 20778, 1, 0, 0
35524, 26608, 1, 0, 0
35607, 14981, 1, 0, 0
35712, 21094, 1, 0, 0
35818, 20682, 1, 0, 0
35905, 21498, 1, 0, 0
36000, 19313, 1, 0, 0
36142, 28178, 1, 0, 0
36216, 27518, 1, 0, 0
36369, 22605, 1, 0, 0
36439, 20458, 1, 0, 0
36501, 22898, 1, 0, 0
36639, 20379, 1, 0, 0
36718, 23176, 1, 0, 0
36827, 15735, 1, 0, 0
36900, 16047, 1, 0, 0
37024, 18293, 1, 0, 0
37118, 24461, 1, 0, 0
37214, 22309, 1, 0, 0
37308, 21859, 1, 0, 0
37409, 25246, 1, 0, 0
37504, 20000, 1, 0, 0
37627, 23470, 1, 0, 0
37709, 22230, 1, 0, 0
37820, 23104, 1, 0, 0
37907, 19398, 1, 0, 0
38002, 16548, 1, 0, 0
38101, 19797, 1, 0, 0
38231, 21833, 1, 0, 0
38303, 22748, 1, 0, 0
38451, 24855, 1, 0, 0
38509, 23615, 1, 0, 0
38649, 24280, 1, 0, 0
38719, 22384, 1, 0, 0
38867, 19379, 1, 0, 0
38921, 25211, 1, 0, 0
39028, 19666, 1, 0, 0
39108, 17713, 1, 0, 0
39231, 17905, 1, 0, 0
39317, 19045, 1, 0, 0
39403, 22429, 1, 0, 0
39506, 22621, 1, 0, 0
39626, 19754, 1, 0, 0
39702, 18732, 1, 0, 0
39817, 14656, 1, 0, 0
39925, 20239, 1, 0, 0
40002, 22975, 1, 0, 0
40109, 23844, 1, 0, 0
40220, 20088, 1, 0, 0
40306, 18596, 1, 0, 0
40450, 22957, 1, 0, 0
40522, 20853, 1, 0, 0
40657, 21281, 1, 0, 0
40734, 25672, 1, 0, 0
40800, 22852, 1, 0, 0
40918, 23047, 1, 0, 0
41012, 21624, 1, 0, 0
41124, 24193, 1, 0, 0
41203, 24210, 1, 0, 0
41318, 20804, 1, 0, 0
41403, 19980, 1, 0, 0
41506, 18829, 1, 0, 0
41600, 21633, 1, 0, 0
41710, 21726, 1, 0, 0
41806, 20811, 1, 0, 0
41914, 21652, 1, 0, 0
42008, 22058, 1, 0, 0
42116, 23100, 1, 0, 0
42227, 20683, 1, 0, 0
42309, 22579, 1, 0, 0
42415, 19439, 1, 0, 0
42550, 20402, 1, 0, 0
42621, 15756, 1, 0, 0
42761, 18788, 1, 0, 0
42831, 16841, 1, 0, 0
42900, 21470, 1, 0, 0
43040, 15839, 1, 0, 0
43140, 19572, 1, 0, 0
43246, 15792, 1, 0, 0
43331, 15399, 1, 0, 0
43410, 22087, 1, 0, 0
43501, 20859, 1, 0, 0
43601, 21112, 1, 0, 0
43713, 20564, 1, 0, 0
43800, 21477, 1, 0, 0
43906, 22580, 1, 0, 0
44027, 25803, 1, 0, 0
44111, 20807, 1, 0, 0
44224, 22521, 1, 0, 0
44327, 21322, 1, 0, 0
44400, 25387, 1, 0, 0
44511, 19618, 1, 0, 0
44616, 18116, 1, 0, 0
44718, 19674, 1, 0, 0
44849, 24112, 1, 0, 0
44914, 20760, 1, 0, 0
45060, 23938, 1, 0, 0
45127, 22879, 1, 0, 0
45240, 22597, 1, 0, 0
45356, 21758, 1, 0, 0
45405, 24555, 1, 0, 0
45508, 20968, 1, 0, 0
45621, 19571, 1, 0, 0
45713, 25367, 1, 0, 0
45829, 20351, 1, 0, 0
45908, 23895, 1, 0, 0
46021, 27265, 1, 0, 0
46100, 26122, 1, 0, 0
46201, 22019, 1, 0, 0
46320, 19760, 1, 0, 0
46402, 18993, 1, 0, 0
46513, 19852, 1, 0, 0
46626, 22858, 1, 0, 0
46702, 24072, 1, 0, 0
46819, 21626, 1, 0, 0
46925, 22855, 1, 0, 0
47062, 16286, 1, 0, 0
47130, 15542, 1, 0, 0
47263, 22947, 1, 0, 0
47330, 18524, 1, 0, 0
47407, 21387, 1, 0, 0
47561, 15957, 1, 0, 0
47611, 20699, 1, 0, 0
47720, 17671, 1, 0, 0
47819, 13793, 1, 0, 0
47911, 19659, 1, 0, 0
48014, 25053, 1, 0, 0
48103, 36841, 1, 0, 0
48216, 28838, 1, 0, 0
48302, 16913, 1, 0, 0
48430, 18051, 1, 0, 0
48509, 16155, 1, 0, 0
48604, 20319, 1, 0, 0
48720, 21944, 1, 0, 0
48802, 22258, 1, 0, 0
48913, 23640, 1, 0, 0
49028, 18756, 1, 0, 0
49109, 16899, 1, 0, 0
49245, 17051, 1, 0, 0
49317, 14224, 1, 0, 0
49469, 15181, 1, 0, 0
49548, 16189, 1, 0, 0
49623, 16726, 1, 0, 0
49758, 15102, 1, 0, 0
49825, 15282, 1, 0, 0
49907, 15053, 1, 0, 0
50004, 16853, 1, 0, 0
50114, 19613, 1, 0, 0
50212, 17694, 1, 0, 0
50306, 23116, 1, 0, 0
50410, 23067, 1, 0, 0
50501, 17342, 1, 0, 0
50612, 20696, 1, 0, 0
50709, 17265, 1, 0, 0
50821, 19216, 1, 0, 0
50900, 18859, 1, 0, 0
51015, 22553, 1, 0, 0
51101, 19488, 1, 0, 0
51205, 19295, 1, 0, 0
51342, 21383, 1, 0, 0
51408, 27875, 1, 0, 0
51544, 21796, 1, 0, 0
51614, 25266, 1, 0, 0
51761, 22374, 1, 0, 0
51824, 18195, 1, 0, 0
51937, 22825, 1, 0, 0
52023, 22022, 1, 0, 0
52108, 22940, 1, 0, 0
52217, 20594, 1, 0, 0
52318, 22264, 1, 0, 0
52406, 19076, 1, 0, 0
52521, 20069, 1, 0, 0
52613, 18649, 1, 0, 0
52700, 20975, 1, 0, 0
52805, 22873, 1, 0, 0
52914, 18583, 1, 0, 0
53020, 20553, 1, 0, 0
53105, 22039, 1, 0, 0
53219, 21157, 1, 0, 0
53301, 20258, 1, 0, 0
53418, 18841, 1, 0, 0
53512, 16394, 1, 0, 0
53637, 17324, 1, 0, 0
53715, 15369, 1, 0, 0
53845, 24012, 1, 0, 0
53909, 19298, 1, 0, 0
54036, 19933, 1, 0, 0
54123, 22311, 1, 0, 0
54219, 21965, 1, 0, 0
54308, 20637, 1, 0, 0
54417, 20470, 1, 0, 0
54520, 20253, 1, 0, 0
54614, 19164, 1, 0, 0
54707, 24710, 1, 0, 0
54811, 25732, 1, 0, 0
54923, 24161, 1, 0, 0
55010, 24799, 1, 0, 0
55116, 28490, 1, 0, 0
55228, 22779, 1, 0, 0
55312, 18562, 1, 0, 0
55416, 18023, 1, 0, 0
55500, 19802, 1, 0, 0
55617, 24477, 1, 0, 0
55700, 19908, 1, 0, 0
55831, 32223, 1, 0, 0
55900, 31701, 1, 0, 0
56046, 30128, 1, 0, 0
56115, 21988, 1, 0, 0
56255, 23215, 1, 0, 0
56311, 27390, 1, 0, 0
56425, 32519, 1, 0, 0
56514, 25515, 1, 0, 0
56608, 25382, 1, 0, 0
56722, 28309, 1, 0, 0
56804, 28028, 1, 0, 0
56912, 16529, 1, 0, 0
57000, 29410, 1, 0, 0
57120, 18696, 1, 0, 0
57210, 20322, 1, 0, 0
57300, 25167, 1, 0, 0
57410, 21997, 1, 0, 0
57500, 20745, 1, 0, 0
57604, 19170, 1, 0, 0
57719, 17905, 1, 0, 0
57807, 25841, 1, 0, 0
57944, 17157, 1, 0, 0
58010, 16981, 1, 0, 0
58152, 17825, 1, 0, 0
58226, 15186, 1, 0, 0
58352, 15388, 1, 0, 0
58429, 15858, 1, 0, 0
58507, 17052, 1, 0, 0
58600, 24485, 1, 0, 0
58719, 17288, 1, 0, 0
58809, 15799, 1, 0, 0
58918, 17649, 1, 0, 0
59016, 21621, 1, 0, 0
59121, 21715, 1, 0, 0
59206, 17643, 1, 0, 0
59330, 21842, 1, 0, 0
59400, 21548, 1, 0, 0
59524, 22216, 1, 0, 0
59611, 19557, 1, 0, 0
59700, 20476, 1, 0, 0
59802, 19741, 1, 0, 0
59905, 20075, 1, 0, 0
60010, 21830, 1, 0, 0
60116, 25414, 1, 0, 0
60205, 34496, 1, 0, 0
60384, 23487, 1, 0, 0
60483, 26943, 1, 0, 0
60568, 23133, 1, 0, 0
60639, 25367, 1, 0, 0
60723, 23681, 1, 0, 0
60808, 23555, 1, 0, 0
60911, 20307, 1, 0, 0
61006, 20511, 1, 0, 0
61127, 19311, 1, 0, 0
61216, 22131, 1, 0, 0
61300, 22522, 1, 0, 0
61417, 22324, 1, 0, 0
61503, 24135, 1, 0, 0
61609, 25095, 1, 0, 0
61713, 22945, 1, 0, 0
61817, 23777, 1, 0, 0
61907, 21423, 1, 0, 0
62021, 24682, 1, 0, 0
62109, 19832, 1, 0, 0
62216, 23408, 1, 0, 0
62363, 19950, 1, 0, 0
62430, 20313, 1, 0, 0
62500, 19382, 1, 0, 0
62636, 17003, 1, 0, 0
62703, 13994, 1, 0, 0
62842, 21208, 1, 0, 0
62913, 17153, 1, 0, 0
63018, 20943, 1, 0, 0
63132, 20445, 1, 0, 0
63219, 23073, 1, 0, 0
63307, 23620, 1, 0, 0
63424, 17344, 1, 0, 0
63526, 22303, 1, 0, 0
63600, 17996, 1, 0, 0
63718, 18708, 1, 0, 0
63829, 17608, 1, 0, 0
63914, 21207, 1, 0, 0
64013, 17586, 1, 0, 0
64100, 25240, 1, 0, 0
64211, 22773, 1, 0, 0
64345, 23870, 1, 0, 0
64425, 25679, 1, 0, 0
64508, 27407, 1, 0, 0
64603, 18756, 1, 0, 0
64723, 17670, 1, 0, 0
64832, 21107, 1, 0, 0
64901, 20053, 1, 0, 0
65033, 20383, 1, 0, 0
65100, 25230, 1, 0, 0
65200, 20005, 1, 0, 0
65328, 22067, 1, 0, 0
65414, 20745, 1, 0, 0
65515, 18235, 1, 0, 0
65606, 21569, 1, 0, 0
65727, 23137, 1, 0, 0
65805, 18886, 1, 0, 0
65914, 23974, 1, 0, 0
66030, 22416, 1, 0, 0
66113, 21303, 1, 0, 0
66200, 19941, 1, 0, 0
66303, 21621, 1, 0, 0
66464, 20544, 1, 0, 0
66536, 21415, 1, 0, 0
66620, 17369, 1, 0, 0
66761, 16075, 1, 0, 0
66837, 26761, 1, 0, 0
66909, 21731, 1, 0, 0
67008, 18782, 1, 0, 0
67108, 17641, 1, 0, 0
67217, 24237, 1, 0, 0
67325, 20871, 1, 0, 0
67407, 41560, 1, 0, 0
67511, 34342, 1, 0, 0
67619, 25296, 1, 0, 0
67708, 20563, 1, 0, 0
67824, 22831, 1, 0, 0
67925, 20420, 1, 0, 0
68024, 20770, 1, 0, 0
68103, 21344, 1, 0, 0
68200, 22334, 1, 0, 0
68305, 22850, 1, 0, 0
68413, 26115, 1, 0, 0
68536, 29220, 1, 0, 0
68606, 25016, 1, 0, 0
68743, 24215, 1, 0, 0
68816, 20805, 1, 0, 0
68973, 24015, 1, 0, 0
69050, 21574, 1, 0, 0
69106, 21557, 1, 0, 0
69225, 24890, 1, 0, 0
69315, 21260, 1, 0, 0
69405, 21364, 1, 0, 0
69513, 23241, 1, 0, 0
69607, 23928, 1, 0, 0
69702, 17083, 1, 0, 0
69811, 19752, 1, 0, 0
69902, 25035, 1, 0, 0
70017, 21559, 1, 0, 0
70115, 19792, 1, 0, 0
70215, 16917, 1, 0, 0
70337, 21151, 1, 0, 0
70425, 19386, 1, 0, 0
70511, 17124, 1, 0, 0
70622, 21628, 1, 0, 0
70756, 23463, 1, 0, 0
70828, 27131, 1, 0, 0
70915, 23724, 1, 0, 0
71063, 21122, 1, 0, 0
71134, 23380, 1, 0, 0
71216, 19855, 1, 0, 0
71362, 21469, 1, 0, 0
71415, 17397, 1, 0, 0
71500, 22241, 1, 0, 0
71619, 19658, 1, 0, 0
71702, 22518, 1, 0, 0
71800, 22334, 1, 0, 0
71915, 21521, 1, 0, 0
72012, 17922, 1, 0, 0
72106, 22296, 1, 0, 0
72214, 23022, 1, 0, 0
72319, 17617, 1, 0, 0
72430, 24945, 1, 0, 0
72501, 20730, 1, 0, 0
72638, 21145, 1, 0, 0
72703, 21204, 1, 0, 0
72831, 20564, 1, 0, 0
72909, 19285, 1, 0, 0
73064, 19057, 1, 0, 0
73149, 16254, 1, 0, 0
73236, 17679, 1, 0, 0
73313, 19931, 1, 0, 0
73400, 17468, 1, 0, 0
73575, 17487, 1, 0, 0
73627, 17047, 1, 0, 0
73728, 19457, 1, 0, 0
73823, 17060, 1, 0, 0
73921, 21392, 1, 0, 0
74019, 16326, 1, 0, 0
74117, 14177, 1, 0, 0
74230, 16765, 1, 0, 0
74310, 17045, 1, 0, 0
74429, 14819, 1, 0, 0
74514, 21358, 1, 0, 0
74603, 19776, 1, 0, 0
74713, 21975, 1, 0, 0
74801, 23245, 1, 0, 0
74944, 19716, 1, 0, 0
75013, 20122, 1, 0, 0
75142, 25934, 1, 0, 0
75215, 23402, 1, 0, 0
75353, 19370, 1, 0, 0
75421, 23599, 1, 0, 0
75505, 18361, 1, 0, 0
75621, 18385, 1, 0, 0
75729, 22748, 1, 0, 0
75820, 20496, 1, 0, 0
75919, 21617, 1, 0, 0
76002, 16913, 1, 0, 0
76110, 20024, 1, 0, 0
76210, 19713, 1, 0, 0
76319, 23475, 1, 0, 0
76409, 21070, 1, 0, 0
76520, 17921, 1, 0, 0
76607, 21742, 1, 0, 0
76714, 17574, 1, 0, 0
76808, 16286, 1, 0, 0
76916, 19000, 1, 0, 0
77009, 21680, 1, 0, 0
77124, 18382, 1, 0, 0
77264, 22721, 1, 0, 0
77347, 20026, 1, 0, 0
77420, 22543, 1, 0, 0
77568, 19767, 1, 0, 0
77643, 23102, 1, 0, 0
77706, 17552, 1, 0, 0
77817, 23456, 1, 0, 0
77921, 23808, 1, 0, 0
78015, 22649, 1, 0, 0
78121, 21176, 1, 0, 0
78209, 25005, 1, 0, 0
78303, 17746, 1, 0, 0
78402, 21899, 1, 0, 0
78509, 16177, 1, 0, 0
78616, 21243, 1, 0, 0
78708, 16855, 1, 0, 0
78812, 17159, 1, 0, 0
78923, 20563, 1, 0, 0
79022, 20432, 1, 0, 0
79100, 16862, 1, 0, 0
79251, 23046, 1, 0, 0
79304, 18573, 1, 0, 0
79431, 23678, 1, 0, 0
79501, 28332, 1, 0, 0
79652, 20101, 1, 0, 0
79725, 19418, 1, 0, 0
79807, 17819, 1, 0, 0
79946, 19169, 1, 0, 0
80017, 17819, 1, 0, 0
80104, 23893, 1, 0, 0
80230, 22477, 1, 0, 0
80306, 21511, 1, 0, 0
80414, 19383, 1, 0, 0
80522, 24086, 1, 0, 0
80614, 19827, 1, 0, 0
80709, 23237, 1, 0, 0
80824, 22610, 1, 0, 0
80914, 17037, 1, 0, 0
81002, 19594, 1, 0, 0
81106, 20908, 1, 0, 0
81212, 20669, 1, 0, 0
81305, 16892, 1, 0, 0
81400, 21302, 1, 0, 0
81501, 20413, 1, 0, 0
81608, 17203, 1, 0, 0
81745, 24875, 1, 0, 0
81816, 23226, 1, 0, 0
81965, 21936, 1, 0, 0
82032, 22082, 1, 0, 0
82109, 27149, 1, 0, 0
82247, 21734, 1, 0, 0
82300, 17977, 1, 0, 0
82415, 22197, 1, 0, 0
82514, 16592, 1, 0, 0
82600, 21488, 1, 0, 0
82713, 24272, 1, 0, 0
82801, 21199, 1, 0, 0
82911, 17239, 1, 0, 0
83019, 18335, 1, 0, 0
83124, 17963, 1, 0, 0
83209, 18754, 1, 0, 0
83305, 22452, 1, 0, 0
83412, 20269, 1, 0, 0
83500, 21262, 1, 0, 0
83625, 20069, 1, 0, 0
83700, 18518, 1, 0, 0
83835, 23346, 1, 0, 0
83903, 19239, 1, 0, 0
84046, 19138, 1, 0, 0
84118, 29471, 1, 0, 0
84229, 23587, 1, 0, 0
84328, 22538, 1, 0, 0
84400, 24667, 1, 0, 0
84512, 21841, 1, 0, 0
84608, 26686, 1, 0, 0
84722, 20262, 1, 0, 0
84817, 18527, 1, 0, 0
84900, 26504, 1, 0, 0
85018, 24196, 1, 0, 0
85106, 19532, 1, 0, 0
85218, 18931, 1, 0, 0
85301, 19894, 1, 0, 0
85411, 19492, 1, 0, 0
85511, 20128, 1, 0, 0
85629, 20593, 1, 0, 0
85712, 20685, 1, 0, 0
85800, 21775, 1, 0, 0
85919, 21550, 1, 0, 0
86000, 28206, 1, 0, 0
86139, 15584, 1, 0, 0
86207, 17846, 1, 0, 0
86349, 13689, 1, 0, 0
86427, 17596, 1, 0, 0
86564, 14230, 1, 0, 0
86600, 20552, 1, 0, 0
86711, 23225, 1, 0, 0
86827, 19700, 1, 0, 0
86902, 15243, 1, 0, 0
87021, 17688, 1, 0, 0
87105, 29771, 1, 0, 0
87202, 19623, 1, 0, 0
87318, 18496, 1, 0, 0
87410, 24703, 1, 0, 0
87516, 19698, 1, 0, 0
87623, 21485, 1, 0, 0
87704, 31134, 1, 0, 0
87801, 20237, 1, 0, 0
87925, 20730, 1, 0, 0
88012, 21981, 1, 0, 0
88116, 21984, 1, 0, 0
88220, 23202, 1, 0, 0
88384, 19065, 1, 0, 0
88457, 18423, 1, 0, 0
88530, 24219, 1, 0, 0
88613, 14963, 1, 0, 0
88756, 25308, 1, 0, 0
88815, 24422, 1, 0, 0
88914, 21388, 1, 0, 0
89000, 20593, 1, 0, 0
89102, 24582, 1, 0, 0
89204, 21858, 1, 0, 0
89301, 17523, 1, 0, 0
89402, 21403, 1, 0, 0
89520, 23447, 1, 0, 0
89600, 24489, 1, 0, 0
89711, 21949, 1, 0, 0
89823, 17026, 1, 0, 0
89908, 19810, 1, 0, 0
90042, 22403, 1, 0, 0
