116, 20683, 1, 0, 0
200, 22342, 1, 0, 0
300, 23684, 1, 0, 0
407, 20712, 1, 0, 0
527, 27752, 1, 0, 0
603, 26009, 1, 0, 0
728, 23634, 1, 0, 0
842, 21054, 1, 0, 0
933, 20375, 1, 0, 0
1027, 20164, 1, 0, 0
1164, 20154, 1, 0, 0
1243, 18125, 1, 0, 0
1316, 22448, 1, 0, 0
1463, 25784, 1, 0, 0
1521, 22244, 1, 0, 0
1626, 18588, 1, 0, 0
1704, 23935, 1, 0, 0
1821, 25327, 1, 0, 0
1905, 24665, 1, 0, 0
2008, 23061, 1, 0, 0
2121, 23196, 1, 0, 0
2201, 21912, 1, 0, 0
2301, 21195, 1, 0, 0
2415, 21845, 1, 0, 0
2504, 18276, 1, 0, 0
2617, 19232, 1, 0, 0
2700, 19119, 1, 0, 0
2808, 18976, 1, 0, 0
2922, 22077, 1, 0, 0
3004, 24828, 1, 0, 0
3144, 20848, 1, 0, 0
3215, 28559, 1, 0, 0
3366, 18674, 1, 0, 0
3437, 25426, 1, 0, 0
3514, 21960, 1, 0, 0
3602, 18325, 1, 0, 0
3717, 19002, 1, 0, 0
3819, 20451, 1, 0, 0
3908, 19471, 1, 0, 0
4020, 17653, 1, 0, 0
4104, 20683, 1, 0, 0
4207, 22222, 1, 0, 0
4316, 19158, 1, 0, 0
4400, 19217, 1, 0, 0
4507, 17355, 1, 0, 0
4613, 25064, 1, 0, 0
4706, 25140, 1, 0, 0
4817, 20937, 1, 0, 0
4900, 22943, 1, 0, 0
5011, 20674, 1, 0, 0
5125, 20631, 1, 0, 0
5257, 16162, 1, 0, 0
5332, 16249, 1, 0, 0
5468, 18466, 1, 0, 0
5540, 18593, 1, 0, 0
5615, 23574, 1, 0, 0
5767, 20209, 1, 0, 0
5842, 23809, 1, 0, 0
5908, 20278, 1, 0, 0
6021, 21200, 1, 0, 0
6105, 21600, 1, 0, 0
6215, 20618, 1, 0, 0
6305, 22197, 1, 0, 0
6409, 20513, 1, 0, 0
6500, 19171, 1, 0, 0
6614, 22131, 1, 0, 0
6721, 18092, 1, 0, 0
6807, 22904, 1, 0, 0
6900, 17360, 1, 0, 0
7001, 22092, 1, 0, 0
7109, 24855, 1, 0, 0
7208, 20514, 1, 0, 0
7304, 20918, 1, 0, 0
7427, 18614, 1, 0, 0
7569, 21039, 1, 0, 0
7641, 31096, 1, 0, 0
7713, 147201, 1, 0, 0
7863, 19311, 1, 0, 0
7933, 21620, 1, 0, 0
8004, 23800, 1, 0, 0
8131, 22849, 1, 0, 0
8207, 21490, 1, 0, 0
8310, 20638, 1, 0, 0
8426, 20350, 1, 0, 0
8504, 22057, 1, 0, 0
8614, 21856, 1, 0, 0
8710, 20546, 1, 0, 0
8806, 18080, 1, 0, 0
8915, 25541, 1, 0, 0
9000, 18312, 1, 0, 0
9110, 19995, 1, 0, 0
9215, 18952, 1, 0, 0
9331, 16211, 1, 0, 0
9409, 22542, 1, 0, 0
9501, 22968, 1, 0, 0
9646, 20109, 1, 0, 0
9713, 19726, 1, 0, 0
9852, 17514, 1, 0, 0
9920, 18522, 1, 0, 0
10057, 18895, 1, 0, 0
10130, 18759, 1, 0, 0
10201, 21101, 1, 0, 0
10346, 19257, 1, 0, 0
10411, 20112, 1, 0, 0
10509, 16603, 1, 0, 0
10615, 21277, 1, 0, 0
10706, 24625, 1, 0, 0
10809, 20188, 1, 0, 0
10918, 20836, 1, 0, 0
11003, 22094, 1, 0, 0
11120, 25705, 1, 0, 0
11200, 23762, 1, 0, 0
11308, 23524, 1, 0, 0
11413, 20902, 1, 0, 0
11517, 17437, 1, 0, 0
11601, 17330, 1, 0, 0
11712, 20952, 1, 0, 0
11847, 20564, 1, 0, 0
11926, 19785, 1, 0, 0
12063, 20898, 1, 0, 0
12133, 18486, 1, 0, 0
12213, 20263, 1, 0, 0
12346, 22673, 1, 0, 0
12403, 22744, 1, 0, 0
12547, 19362, 1, 0, 0
12616, 18050, 1, 0, 0
12703, 24178, 1, 0, 0
12823, 20063, 1, 0, 0
12917, 20150, 1, 0, 0
13010, 30264, 1, 0, 0
13115, 21128, 1, 0, 0
13212, 19973, 1, 0, 0
13324, 21504, 1, 0, 0
13405, 21964, 1, 0, 0
13523, 21130, 1, 0, 0
13605, 18996, 1, 0, 0
13728, 20589, 1, 0, 0
13806, 22353, 1, 0, 0
13902, 19487, 1, 0, 0
14035, 20321, 1, 0, 0
14108, 20201, 1, 0, 0
14243, 23489, 1, 0, 0
14309, 22020, 1, 0, 0
14435, 21519, 1, 0, 0
14500, 20393, 1, 0, 0
14614, 21785, 1, 0, 0
14740, 23873, 1, 0, 0
14811, 20435, 1, 0, 0
14902, 16444, 1, 0, 0
15015, 16602, 1, 0, 0
15106, 19561, 1, 0, 0
15223, 20304, 1, 0, 0
15311, 18235, 1, 0, 0
15403, 17773, 1, 0, 0
15503, 15766, 1, 0, 0
15604, 16515, 1, 0, 0
15717, 24044, 1, 0, 0
15826, 20885, 1, 0, 0
15910, 21550, 1, 0, 0
16017, 21682, 1, 0, 0
16126, 19629, 1, 0, 0
16211, 19958, 1, 0, 0
16345, 17423, 1, 0, 0
16416, 24644, 1, 0, 0
16566, 19776, 1, 0, 0
16652, 22097, 1, 0, 0
16727, 21900, 1, 0, 0
16870, 19714, 1, 0, 0
16903, 21095, 1, 0, 0
17020, 20700, 1, 0, 0
17117, 18151, 1, 0, 0
17208, 20550, 1, 0, 0
17301, 20540, 1, 0, 0
17428, 17999, 1, 0, 0
17518, 20185, 1, 0, 0
17606, 19023, 1, 0, 0
17719, 22245, 1, 0, 0
17835, 21888, 1, 0, 0
17923, 20806, 1, 0, 0
18012, 19644, 1, 0, 0
18117, 23369, 1, 0, 0
18222, 20694, 1, 0, 0
18303, 17781, 1, 0, 0
18431, 17758, 1, 0, 0
18500, 23616, 1, 0, 0
18640, 22248, 1, 0, 0
18720, 22994, 1, 0, 0
18857, 21441, 1, 0, 0
18923, 17530, 1, 0, 0
19048, 21493, 1, 0, 0
19108, 25520, 1, 0, 0
19200, 17765, 1, 0, 0
19304, 14406, 1, 0, 0
19416, 16615, 1, 0, 0
19513, 21497, 1, 0, 0
19608, 17918, 1, 0, 0
19700, 21889, 1, 0, 0
19807, 19384, 1, 0, 0
19900, 20455, 1, 0, 0
20005, 19725, 1, 0, 0
20108, 18174, 1, 0, 0
20230, 15568, 1, 0, 0
20314, 17365, 1, 0, 0
20411, 18670, 1, 0, 0
20517, 23658, 1, 0, 0
20600, 21109, 1, 0, 0
20731, 15591, 1, 0, 0
20800, 16620, 1, 0, 0
20940, 16244, 1, 0, 0
21012, 16750, 1, 0, 0
21135, 17170, 1, 0, 0
21210, 13988, 1, 0, 0
21301, 18406, 1, 0, 0
21413, 20660, 1, 0, 0
21517, 22896, 1, 0, 0
21623, 18285, 1, 0, 0
21723, 18441, 1, 0, 0
21808, 19610, 1, 0, 0
21918, 20511, 1, 0, 0
22023, 24106, 1, 0, 0
22100, 19232, 1, 0, 0
22204, 21082, 1, 0, 0
22324, 20660, 1, 0, 0
22406, 23149, 1, 0, 0
22514, 22735, 1, 0, 0
22606, 19199, 1, 0, 0
22720, 20418, 1, 0, 0
22854, 19970, 1, 0, 0
22926, 25293, 1, 0, 0
23077, 21089, 1, 0, 0
23149, 20376, 1, 0, 0
23224, 24170, 1, 0, 0
23372, 19029, 1, 0, 0
23443, 16582, 1, 0, 0
23503, 19349, 1, 0, 0
23607, 20759, 1, 0, 0
23722, 18531, 1, 0, 0
23809, 23953, 1, 0, 0
23919, 20840, 1, 0, 0
24001, 21657, 1, 0, 0
24106, 23263, 1, 0, 0
24211, 20235, 1, 0, 0
24321, 20032, 1, 0, 0
24402, 23596, 1, 0, 0
24525, 19632, 1, 0, 0
24612, 23168, 1, 0, 0
24724, 20051, 1, 0, 0
24814, 21666, 1, 0, 0
24916, 20803, 1, 0, 0
25021, 15988, 1, 0, 0
25138, 17902, 1, 0, 0
25256, 22557, 1, 0, 0
25329, 20902, 1, 0, 0
25463, 20370, 1, 0, 0
25530, 19282, 1, 0, 0
25601, 23557, 1, 0, 0
25702, 19310, 1, 0, 0
25812, 20125, 1, 0, 0
25904, 18138, 1, 0, 0
26014, 20429, 1, 0, 0
26104, 21136, 1, 0, 0
26218, 23201, 1, 0, 0
26302, 23342, 1, 0, 0
26404, 20239, 1, 0, 0
26519, 20876, 1, 0, 0
26604, 20645, 1, 0, 0
26706, 20882, 1, 0, 0
26807, 13168, 1, 0, 0
26920, 15731, 1, 0, 0
27002, 21230, 1, 0, 0
27111, 19143, 1, 0, 0
27247, 22006, 1, 0, 0
27313, 18864, 1, 0, 0
27453, 17968, 1, 0, 0
27523, 24872, 1, 0, 0
27652, 20923, 1, 0, 0
27720, 17712, 1, 0, 0
27805, 19063, 1, 0, 0
27908, 23552, 1, 0, 0
28003, 20687, 1, 0, 0
28108, 19331, 1, 0, 0
28208, 21963, 1, 0, 0
28313, 22452, 1, 0, 0
28409, 20254, 1, 0, 0
28515, 19245, 1, 0, 0
28620, 21170, 1, 0, 0
28708, 18877, 1, 0, 0
28819, 19629, 1, 0, 0
28910, 24471, 1, 0, 0
29019, 21487, 1, 0, 0
29121, 21212, 1, 0, 0
29219, 20506, 1, 0, 0
29324, 22015, 1, 0, 0
29421, 18075, 1, 0, 0
29568, 17233, 1, 0, 0
29631, 17703, 1, 0, 0
29702, 19044, 1, 0, 0
29839, 21057, 1, 0, 0
29967, 19514, 1, 0, 0
30036, 20718, 1, 0, 0
30102, 20411, 1, 0, 0
30209, 21785, 1, 0, 0
30328, 21921, 1, 0, 0
30412, 22758, 1, 0, 0
30509, 20620, 1, 0, 0
30600, 18637, 1, 0, 0
30713, 20351, 1, 0, 0
30820, 21603, 1, 0, 0
30903, 23432, 1, 0, 0
31022, 20900, 1, 0, 0
31106, 17730, 1, 0, 0
31218, 21580, 1, 0, 0
31300, 23252, 1, 0, 0
31411, 22272, 1, 0, 0
31508, 21860, 1, 0, 0
31637, 22493, 1, 0, 0
31700, 18043, 1, 0, 0
31835, 17614, 1, 0, 0
31904, 25124, 1, 0, 0
32059, 22640, 1, 0, 0
32131, 22193, 1, 0, 0
32200, 19765, 1, 0, 0
32321, 20251, 1, 0, 0
32422, 20271, 1, 0, 0
32509, 21139, 1, 0, 0
32611, 19357, 1, 0, 0
32711, 20276, 1, 0, 0
32803, 18361, 1, 0, 0
32913, 19546, 1, 0, 0
33018, 20846, 1, 0, 0
33112, 21998, 1, 0, 0
33210, 16637, 1, 0, 0
33323, 21608, 1, 0, 0
33404, 21172, 1, 0, 0
33519, 20141, 1, 0, 0
33603, 22342, 1, 0, 0
33720, 23016, 1, 0, 0
33840, 21807, 1, 0, 0
33912, 21740, 1, 0, 0
34036, 19432, 1, 0, 0
34106, 23648, 1, 0, 0
34249, 17941, 1, 0, 0
34318, 22085, 1, 0, 0
34461, 19655, 1, 0, 0
34536, 21900, 1, 0, 0
34619, 18877, 1, 0, 0
34707, 16816, 1, 0, 0
34804, 14629, 1, 0, 0
34916, 18847, 1, 0, 0
35002, 17980, 1, 0, 0
35109, 19430, 1, 0, 0
35201, 19925, 1, 0, 0
35311, 19221, 1, 0, 0
35425, 20649, 1, 0, 0
35503, 26242, 1, 0, 0
35615, 22277, 1, 0, 0
35714, 21035, 1, 0, 0
35826, 24718, 1, 0, 0
35906, 20555, 1, 0, 0
36032, 21014, 1, 0, 0
36175, 20050, 1, 0, 0
36249, 23435, 1, 0, 0
36318, 22101, 1, 0, 0
36401, 19823, 1, 0, 0
36534, 23928, 1, 0, 0
36605, 24412, 1, 0, 0
36726, 21886, 1, 0, 0
36822, 20339, 1, 0, 0
36906, 25018, 1, 0, 0
37008, 22432, 1, 0, 0
37116, 18558, 1, 0, 0
37204, 21637, 1, 0, 0
37306, 18704, 1, 0, 0
37419, 17958, 1, 0, 0
37511, 17349, 1, 0, 0
37609, 17994, 1, 0, 0
37711, 20278, 1, 0, 0
37822, 20850, 1, 0, 0
37912, 28743, 1, 0, 0
38012, 18451, 1, 0, 0
38101, 19557, 1, 0, 0
38264, 20058, 1, 0, 0
38336, 22397, 1, 0, 0
38409, 20673, 1, 0, 0
38542, 25623, 1, 0, 0
38613, 24185, 1, 0, 0
38752, 18398, 1, 0, 0
38822, 17282, 1, 0, 0
38901, 22156, 1, 0, 0
39020, 19032, 1, 0, 0
39116, 17374, 1, 0, 0
39202, 27175, 1, 0, 0
39317, 21065, 1, 0, 0
39409, 19799, 1, 0, 0
39510, 20364, 1, 0, 0
39600, 20658, 1, 0, 0
39729, 22347, 1, 0, 0
39819, 17618, 1, 0, 0
39905, 19561, 1, 0, 0
40012, 21670, 1, 0, 0
40121, 20422, 1, 0, 0
40226, 26249, 1, 0, 0
40308, 20219, 1, 0, 0
40412, 24585, 1, 0, 0
40555, 22597, 1, 0, 0
40624, 20342, 1, 0, 0
40766, 20272, 1, 0, 0
40831, 21693, 1, 0, 0
40951, 21245, 1, 0, 0
41000, 18078, 1, 0, 0
41123, 21475, 1, 0, 0
41210, 17572, 1, 0, 0
41327, 15192, 1, 0, 0
41407, 20164, 1, 0, 0
41503, 19482, 1, 0, 0
41600, 18983, 1, 0, 0
41718, 15586, 1, 0, 0
41811, 20487, 1, 0, 0
41926, 17321, 1, 0, 0
42008, 17169, 1, 0, 0
42123, 21596, 1, 0, 0
42205, 19796, 1, 0, 0
42311, 20298, 1, 0, 0
42421, 19957, 1, 0, 0
42517, 20151, 1, 0, 0
42654, 21569, 1, 0, 0
42722, 22271, 1, 0, 0
42864, 19917, 1, 0, 0
42933, 27624, 1, 0, 0
43013, 17709, 1, 0, 0
43125, 18199, 1, 0, 0
43222, 17849, 1, 0, 0
43313, 20726, 1, 0, 0
43420, 19859, 1, 0, 0
43512, 21904, 1, 0, 0
43612, 20065, 1, 0, 0
43725, 20642, 1, 0, 0
43805, 19412, 1, 0, 0
43907, 19705, 1, 0, 0
44000, 24673, 1, 0, 0
44118, 21842, 1, 0, 0
44203, 21202, 1, 0, 0
44306, 22328, 1, 0, 0
44408, 23692, 1, 0, 0
44520, 24312, 1, 0, 0
44600, 20488, 1, 0, 0
44751, 21100, 1, 0, 0
44815, 19794, 1, 0, 0
44947, 16773, 1, 0, 0
45025, 16825, 1, 0, 0
45160, 16570, 1, 0, 0
45220, 25007, 1, 0, 0
45332, 22060, 1, 0, 0
45438, 21962, 1, 0, 0
45517, 21620, 1, 0, 0
45628, 24214, 1, 0, 0
45711, 20937, 1, 0, 0
45805, 19990, 1, 0, 0
45914, 19846, 1, 0, 0
46025, 19740, 1, 0, 0
46104, 24613, 1, 0, 0
46203, 21211, 1, 0, 0
46320, 21079, 1, 0, 0
46404, 22764, 1, 0, 0
46521, 25627, 1, 0, 0
46603, 20644, 1, 0, 0
46706, 21264, 1, 0, 0
46827, 22051, 1, 0, 0
46927, 21262, 1, 0, 0
47057, 15002, 1, 0, 0
47125, 20442, 1, 0, 0
47258, 18867, 1, 0, 0
47324, 16091, 1, 0, 0
47474, 17395, 1, 0, 0
47563, 18798, 1, 0, 0
47621, 14025, 1, 0, 0
47700, 15968, 1, 0, 0
47818, 18957, 1, 0, 0
47908, 20794, 1, 0, 0
48023, 18928, 1, 0, 0
48104, 22624, 1, 0, 0
48223, 20154, 1, 0, 0
48305, 19335, 1, 0, 0
48401, 17054, 1, 0, 0
48511, 18977, 1, 0, 0
48603, 21422, 1, 0, 0
48719, 19649, 1, 0, 0
48808, 20568, 1, 0, 0
48916, 20971, 1, 0, 0
49005, 22451, 1, 0, 0
49114, 19015, 1, 0, 0
49238, 21532, 1, 0, 0
49307, 22184, 1, 0, 0
49459, 21912, 1, 0, 0
49535, 20400, 1, 0, 0
49623, 20143, 1, 0, 0
49760, 22655, 1, 0, 0
49829, 21293, 1, 0, 0
49917, 18405, 1, 0, 0
50030, 21217, 1, 0, 0
50125, 19322, 1, 0, 0
50203, 20859, 1, 0, 0
50305, 17616, 1, 0, 0
50419, 22017, 1, 0, 0
50504, 18799, 1, 0, 0
50625, 20194, 1, 0, 0
50705, 20331, 1, 0, 0
50818, 20829, 1, 0, 0
50908, 24132, 1, 0, 0
51013, 17447, 1, 0, 0
51103, 18952, 1, 0, 0
51203, 20824, 1, 0, 0
51311, 32745, 1, 0, 0
51440, 17148, 1, 0, 0
51508, 21892, 1, 0, 0
51646, 18647, 1, 0, 0
51715, 21464, 1, 0, 0
51856, 32379, 1, 0, 0
51914, 20346, 1, 0, 0
52028, 18090, 1, 0, 0
52129, 19117, 1, 0, 0
52230, 15154, 1, 0, 0
52318, 19975, 1, 0, 0
52408, 19788, 1, 0, 0
52519, 21013, 1, 0, 0
52600, 19891, 1, 0, 0
52706, 18883, 1, 0, 0
52806, 19298, 1, 0, 0
52917, 21861, 1, 0, 0
53001, 20597, 1, 0, 0
53112, 17826, 1, 0, 0
53219, 17461, 1, 0, 0
53303, 21311, 1, 0, 0
53411, 22234, 1, 0, 0
53506, 20696, 1, 0, 0
53616, 19891, 1, 0, 0
53711, 15951, 1, 0, 0
53841, 17388, 1, 0, 0
53908, 13021, 1, 0, 0
54043, 16963, 1, 0, 0
54135, 18091, 1, 0, 0
54230, 16783, 1, 0, 0
54310, 16357, 1, 0, 0
54420, 21122, 1, 0, 0
54503, 39961, 1, 0, 0
54620, 22554, 1, 0, 0
54709, 23813, 1, 0, 0
54800, 20317, 1, 0, 0
54902, 20178, 1, 0, 0
55012, 21418, 1, 0, 0
55109, 25244, 1, 0, 0
55200, 19585, 1, 0, 0
55311, 24610, 1, 0, 0
55405, 26215, 1, 0, 0
55502, 31445, 1, 0, 0
55620, 18591, 1, 0, 0
55732, 25950, 1, 0, 0
55864, 20456, 1, 0, 0
55932, 20422, 1, 0, 0
56001, 20747, 1, 0, 0
56148, 20704, 1, 0, 0
56214, 20893, 1, 0, 0
56344, 23784, 1, 0, 0
56403, 21295, 1, 0, 0
56517, 24505, 1, 0, 0
56610, 19051, 1, 0, 0
56700, 25332, 1, 0, 0
56809, 21243, 1, 0, 0
56914, 28028, 1, 0, 0
57006, 17248, 1, 0, 0
57129, 19900, 1, 0, 0
57213, 19803, 1, 0, 0
57303, 19567, 1, 0, 0
57412, 19234, 1, 0, 0
57500, 21066, 1, 0, 0
57615, 19721, 1, 0, 0
57729, 20982, 1, 0, 0
57810, 19553, 1, 0, 0
57925, 20611, 1, 0, 0
58043, 18514, 1, 0, 0
58113, 17504, 1, 0, 0
58258, 20061, 1, 0, 0
58324, 22580, 1, 0, 0
58462, 21154, 1, 0, 0
58518, 16561, 1, 0, 0
58601, 18727, 1, 0, 0
58725, 21559, 1, 0, 0
58814, 22791, 1, 0, 0
58925, 21909, 1, 0, 0
59022, 21724, 1, 0, 0
59104, 22802, 1, 0, 0
59212, 21678, 1, 0, 0
59326, 21961, 1, 0, 0
59400, 19202, 1, 0, 0
59509, 19850, 1, 0, 0
59602, 23950, 1, 0, 0
59702, 20372, 1, 0, 0
59804, 21452, 1, 0, 0
59904, 22395, 1, 0, 0
60010, 22206, 1, 0, 0
60149, 20164, 1, 0, 0
60237, 23098, 1, 0, 0
60322, 29875, 1, 0, 0
60418, 21845, 1, 0, 0
60515, 19466, 1, 0, 0
60600, 30734, 1, 0, 0
60726, 26609, 1, 0, 0
60841, 20522, 1, 0, 0
60913, 19835, 1, 0, 0
61005, 25579, 1, 0, 0
61101, 18362, 1, 0, 0
61218, 19987, 1, 0, 0
61304, 21719, 1, 0, 0
61423, 21559, 1, 0, 0
61509, 27666, 1, 0, 0
61611, 23879, 1, 0, 0
61721, 20694, 1, 0, 0
61828, 20399, 1, 0, 0
61909, 22268, 1, 0, 0
62020, 22263, 1, 0, 0
62108, 18245, 1, 0, 0
62202, 22549, 1, 0, 0
62353, 23241, 1, 0, 0
62426, 22059, 1, 0, 0
62562, 19666, 1, 0, 0
62628, 18606, 1, 0, 0
62763, 20675, 1, 0, 0
62835, 20141, 1, 0, 0
62901, 20301, 1, 0, 0
63023, 20474, 1, 0, 0
63103, 20830, 1, 0, 0
63222, 19260, 1, 0, 0
63311, 18462, 1, 0, 0
63403, 22335, 1, 0, 0
63500, 19965, 1, 0, 0
63617, 21871, 1, 0, 0
63727, 19019, 1, 0, 0
63817, 20563, 1, 0, 0
63914, 20031, 1, 0, 0
64015, 20518, 1, 0, 0
64103, 21311, 1, 0, 0
64200, 19933, 1, 0, 0
64324, 17971, 1, 0, 0
64412, 19595, 1, 0, 0
64578, 22587, 1, 0, 0
64693, 20452, 1, 0, 0
64808, 19165, 1, 0, 0
64959, 20629, 1, 0, 0
65035, 22392, 1, 0, 0
65106, 21038, 1, 0, 0
65232, 20038, 1, 0, 0
65360, 21276, 1, 0, 0
65421, 24263, 1, 0, 0
65511, 20094, 1, 0, 0
65611, 20388, 1, 0, 0
65700, 18481, 1, 0, 0
65805, 19644, 1, 0, 0
65934, 17342, 1, 0, 0
66004, 17440, 1, 0, 0
66105, 20569, 1, 0, 0
66207, 17087, 1, 0, 0
66335, 19644, 1, 0, 0
66425, 21513, 1, 0, 0
66568, 23596, 1, 0, 0
66652, 19147, 1, 0, 0
66724, 28574, 1, 0, 0
66869, 21488, 1, 0, 0
66941, 19672, 1, 0, 0
67004, 21337, 1, 0, 0
67118, 18154, 1, 0, 0
67224, 21024, 1, 0, 0
67305, 20921, 1, 0, 0
67412, 19750, 1, 0, 0
67514, 20917, 1, 0, 0
67605, 29829, 1, 0, 0
67714, 21177, 1, 0, 0
67800, 21283, 1, 0, 0
67917, 21200, 1, 0, 0
68006, 21754, 1, 0, 0
68101, 19713, 1, 0, 0
68223, 19855, 1, 0, 0
68307, 18256, 1, 0, 0
68420, 22964, 1, 0, 0
68569, 20916, 1, 0, 0
68639, 20824, 1, 0, 0
68706, 34865, 1, 0, 0
68848, 20154, 1, 0, 0
68930, 25478, 1, 0, 0
69006, 18575, 1, 0, 0
69117, 21672, 1, 0, 0
69228, 18918, 1, 0, 0
69312, 19882, 1, 0, 0
69411, 22353, 1, 0, 0
69520, 22287, 1, 0, 0
69614, 20002, 1, 0, 0
69702, 20272, 1, 0, 0
69818, 22108, 1, 0, 0
69900, 29628, 1, 0, 0
70021, 17605, 1, 0, 0
70127, 21040, 1, 0, 0
70220, 22297, 1, 0, 0
70309, 20156, 1, 0, 0
70409, 20653, 1, 0, 0
70517, 19406, 1, 0, 0
70600, 19714, 1, 0, 0
70724, 27570, 1, 0, 0
70860, 23955, 1, 0, 0
70948, 23666, 1, 0, 0
71022, 21671, 1, 0, 0
71166, 20729, 1, 0, 0
71249, 17740, 1, 0, 0
71320, 22484, 1, 0, 0
71419, 20645, 1, 0, 0
71500, 16353, 1, 0, 0
71614, 21535, 1, 0, 0
71706, 18898, 1, 0, 0
71801, 20617, 1, 0, 0
71917, 22102, 1, 0, 0
72022, 18943, 1, 0, 0
72113, 18988, 1, 0, 0
72225, 20098, 1, 0, 0
72304, 18904, 1, 0, 0
72410, 20284, 1, 0, 0
72516, 17356, 1, 0, 0
72604, 19306, 1, 0, 0
72700, 21833, 1, 0, 0
72825, 20131, 1, 0, 0
72942, 19024, 1, 0, 0
73005, 18210, 1, 0, 0
73182, 17182, 1, 0, 0
73269, 20335, 1, 0, 0
73346, 17246, 1, 0, 0
73433, 22884, 1, 0, 0
73526, 17411, 1, 0, 0
73608, 26111, 1, 0, 0
73724, 21541, 1, 0, 0
73825, 20480, 1, 0, 0
73924, 18468, 1, 0, 0
74016, 18995, 1, 0, 0
74100, 20356, 1, 0, 0
74204, 20840, 1, 0, 0
74324, 18179, 1, 0, 0
74405, 20289, 1, 0, 0
74523, 21854, 1, 0, 0
74602, 18917, 1, 0, 0
74717, 19208, 1, 0, 0
74801, 22680, 1, 0, 0
74903, 18643, 1, 0, 0
75006, 22469, 1, 0, 0
75147, 16608, 1, 0, 0
75217, 19779, 1, 0, 0
75357, 16148, 1, 0, 0
75427, 16078, 1, 0, 0
75570, 16669, 1, 0, 0
75627, 16505, 1, 0, 0
75731, 22261, 1, 0, 0
75828, 16943, 1, 0, 0
75913, 19277, 1, 0, 0
76009, 15243, 1, 0, 0
76119, 17665, 1, 0, 0
76209, 25678, 1, 0, 0
76300, 18399, 1, 0, 0
76411, 22986, 1, 0, 0
76526, 20064, 1, 0, 0
76605, 21756, 1, 0, 0
76706, 18652, 1, 0, 0
76804, 21039, 1, 0, 0
76900, 20072, 1, 0, 0
77010, 22161, 1, 0, 0
77157, 21265, 1, 0, 0
77226, 20512, 1, 0, 0
77380, 23404, 1, 0, 0
77452, 18446, 1, 0, 0
77528, 32880, 1, 0, 0
77601, 26223, 1, 0, 0
77739, 19794, 1, 0, 0
77823, 20793, 1, 0, 0
77902, 23050, 1, 0, 0
78010, 25259, 1, 0, 0
78100, 21307, 1, 0, 0
78213, 22032, 1, 0, 0
78310, 19678, 1, 0, 0
78400, 18910, 1, 0, 0
78518, 18623, 1, 0, 0
78627, 30585, 1, 0, 0
78705, 21432, 1, 0, 0
78811, 24668, 1, 0, 0
78919, 19316, 1, 0, 0
79008, 23647, 1, 0, 0
79101, 18985, 1, 0, 0
79216, 21996, 1, 0, 0
79337, 19298, 1, 0, 0
79464, 19967, 1, 0, 0
79534, 23727, 1, 0, 0
79610, 20842, 1, 0, 0
79757, 20673, 1, 0, 0
79839, 21228, 1, 0, 0
79909, 21940, 1, 0, 0
80050, 17196, 1, 0, 0
80113, 20327, 1, 0, 0
80221, 20751, 1, 0, 0
80313, 21712, 1, 0, 0
80414, 22200, 1, 0, 0
80503, 18866, 1, 0, 0
80609, 26853, 1, 0, 0
80719, 23930, 1, 0, 0
80821, 23828, 1, 0, 0
80910, 17017, 1, 0, 0
81016, 20806, 1, 0, 0
81107, 19633, 1, 0, 0
81219, 18129, 1, 0, 0
81300, 20691, 1, 0, 0
81410, 19052, 1, 0, 0
81504, 19553, 1, 0, 0
81640, 20009, 1, 0, 0
81709, 19755, 1, 0, 0
81848, 20859, 1, 0, 0
81926, 18969, 1, 0, 0
82065, 19426, 1, 0, 0
82142, 22983, 1, 0, 0
82214, 22138, 1, 0, 0
82303, 22730, 1, 0, 0
82403, 20401, 1, 0, 0
82512, 18232, 1, 0, 0
82601, 18976, 1, 0, 0
82711, 18747, 1, 0, 0
82805, 20466, 1, 0, 0
82911, 22555, 1, 0, 0
83012, 18643, 1, 0, 0
83102, 17970, 1, 0, 0
83217, 20808, 1, 0, 0
83303, 21017, 1, 0, 0
83413, 19130, 1, 0, 0
83507, 20658, 1, 0, 0
83601, 20098, 1, 0, 0
83732, 21580, 1, 0, 0
83867, 19113, 1, 0, 0
83936, 21493, 1, 0, 0
84012, 21230, 1, 0, 0
84151, 29048, 1, 0, 0
84218, 28363, 1, 0, 0
84308, 19486, 1, 0, 0
84401, 21103, 1, 0, 0
84509, 20321, 1, 0, 0
84608, 21351, 1, 0, 0
84726, 20013, 1, 0, 0
84819, 18710, 1, 0, 0
84906, 22250, 1, 0, 0
85013, 20890, 1, 0, 0
85112, 22088, 1, 0, 0
85201, 21081, 1, 0, 0
85300, 19740, 1, 0, 0
85412, 19722, 1, 0, 0
85509, 21722, 1, 0, 0
85602, 17572, 1, 0, 0
85713, 20931, 1, 0, 0
85807, 20544, 1, 0, 0
85917, 21450, 1, 0, 0
86059, 20465, 1, 0, 0
86132, 20184, 1, 0, 0
86265, 20947, 1, 0, 0
86334, 19212, 1, 0, 0
86413, 22979, 1, 0, 0
86560, 18655, 1, 0, 0
86605, 17187, 1, 0, 0
86709, 21585, 1, 0, 0
86802, 18612, 1, 0, 0
86909, 20325, 1, 0, 0
87000, 21405, 1, 0, 0
87123, 18242, 1, 0, 0
87204, 20024, 1, 0, 0
87300, 19278, 1, 0, 0
87411, 17911, 1, 0, 0
87524, 20573, 1, 0, 0
87605, 16076, 1, 0, 0
87707, 21075, 1, 0, 0
87810, 27147, 1, 0, 0
87924, 25412, 1, 0, 0
88017, 18786, 1, 0, 0
88100, 21331, 1, 0, 0
88204, 23219, 1, 0, 0
88332, 23155, 1, 0, 0
88415, 19142, 1, 0, 0
88562, 20832, 1, 0, 0
88646, 33101, 1, 0, 0
88718, 25623, 1, 0, 0
88848, 22278, 1, 0, 0
88917, 20234, 1, 0, 0
89006, 19201, 1, 0, 0
89106, 19050, 1, 0, 0
89213, 18720, 1, 0, 0
89301, 21889, 1, 0, 0
89415, 20117, 1, 0, 0
89522, 20095, 1, 0, 0
89611, 21660, 1, 0, 0
89716, 20166, 1, 0, 0
89800, 18939, 1, 0, 0
89914, 21241, 1, 0, 0
90052, 21868, 1, 0, 0
