100, 49920, 1, 0, 0
200, 26240, 1, 0, 0
300, 47040, 1, 0, 0
400, 43840, 1, 0, 0
499, 50747, 1, 0, 0
599, 34880, 1, 0, 0
699, 51200, 1, 0, 0
799, 20800, 1, 0, 0
899, 27840, 1, 0, 0
1000, 20800, 1, 0, 0
1100, 9920, 1, 0, 0
1200, 11200, 1, 0, 0
1300, 28800, 1, 0, 0
1400, 1920, 1, 0, 0
1499, 40080, 1, 0, 0
1599, 46080, 1, 0, 0
1699, 40000, 1, 0, 0
1799, 42240, 1, 0, 0
1899, 37120, 1, 0, 0
2000, 44160, 1, 0, 0
2100, 41600, 1, 0, 0
2200, 32960, 1, 0, 0
2300, 42240, 1, 0, 0
2400, 44160, 1, 0, 0
2499, 36848, 1, 0, 0
2599, 44160, 1, 0, 0
2699, 28480, 1, 0, 0
2799, 54720, 1, 0, 0
2899, 48000, 1, 0, 0
2999, 24000, 1, 0, 0
3100, 12160, 1, 0, 0
3200, 24640, 1, 0, 0
3300, 11200, 1, 0, 0
3400, 12480, 1, 0, 0
3499, 21010, 1, 0, 0
3599, 17920, 1, 0, 0
3699, 20800, 1, 0, 0
3799, 41920, 1, 0, 0
3899, 41920, 1, 0, 0
3999, 43200, 1, 0, 0
4099, 31040, 1, 0, 0
4200, 40000, 1, 0, 0
4300, 49280, 1, 0, 0
4400, 46080, 1, 0, 0
4499, 40404, 1, 0, 0
4599, 40960, 1, 0, 0
4699, 44480, 1, 0, 0
4799, 42240, 1, 0, 0
4899, 58880, 1, 0, 0
5000, 23360, 1, 0, 0
5100, 62400, 1, 0, 0
5200, 20800, 1, 0, 0
5300, 16960, 1, 0, 0
5400, 9920, 1, 0, 0
5499, 15838, 1, 0, 0
5599, 21760, 1, 0, 0
5699, 8320, 1, 0, 0
5799, 17920, 1, 0, 0
5899, 20800, 1, 0, 0
6000, 42880, 1, 0, 0
6100, 48960, 1, 0, 0
6200, 46080, 1, 0, 0
6300, 38080, 1, 0, 0
6400, 39680, 1, 0, 0
6499, 52040, 1, 0, 0
6599, 37760, 1, 0, 0
6699, 41920, 1, 0, 0
6799, 49600, 1, 0, 0
6899, 41920, 1, 0, 0
6999, 27520, 1, 0, 0
7099, 56320, 1, 0, 0
7199, 26560, 1, 0, 0
7300, 43840, 1, 0, 0
7400, 43840, 1, 0, 0
7499, 16484, 1, 0, 0
7599, 5120, 1, 0, 0
7699, 21760, 1, 0, 0
7799, 15360, 1, 0, 0
7899, 9280, 1, 0, 0
8000, 20800, 1, 0, 0
8100, 23360, 1, 0, 0
8200, 38080, 1, 0, 0
8300, 31680, 1, 0, 0
8400, 43520, 1, 0, 0
8499, 47515, 1, 0, 0
8599, 41920, 1, 0, 0
8699, 36480, 1, 0, 0
8799, 62400, 1, 0, 0
8899, 25600, 1, 0, 0
9000, 42560, 1, 0, 0
9100, 37760, 1, 0, 0
9200, 42560, 1, 0, 0
9300, 44160, 1, 0, 0
9400, 31040, 1, 0, 0
9499, 46868, 1, 0, 0
9599, 20800, 1, 0, 0
9699, 20800, 1, 0, 0
9799, 11200, 1, 0, 0
9899, 20800, 1, 0, 0
9999, 10240, 1, 0, 0
10100, 20800, 1, 0, 0
10200, 11520, 1, 0, 0
10300, 22080, 1, 0, 0
10400, 31360, 1, 0, 0
10500, 34560, 1, 0, 0
10600, 51520, 1, 0, 0
10700, 47680, 1, 0, 0
10800, 24000, 1, 0, 0
10900, 54720, 1, 0, 0
10999, 45575, 1, 0, 0
11099, 41920, 1, 0, 0
11199, 41600, 1, 0, 0
11299, 35520, 1, 0, 0
11400, 44480, 1, 0, 0
11500, 41280, 1, 0, 0
11600, 42240, 1, 0, 0
11700, 32320, 1, 0, 0
11800, 40960, 1, 0, 0
11900, 20800, 1, 0, 0
11999, 6464, 1, 0, 0
12099, 20480, 1, 0, 0
12199, 20800, 1, 0, 0
12299, 3840, 1, 0, 0
12399, 20800, 1, 0, 0
12500, 20800, 1, 0, 0
12600, 38400, 1, 0, 0
12700, 27200, 1, 0, 0
12800, 44800, 1, 0, 0
12900, 43520, 1, 0, 0
12999, 34585, 1, 0, 0
13099, 50560, 1, 0, 0
13199, 27520, 1, 0, 0
13299, 45440, 1, 0, 0
13399, 38400, 1, 0, 0
13499, 42240, 1, 0, 0
13599, 39040, 1, 0, 0
13699, 59200, 1, 0, 0
13800, 40320, 1, 0, 0
13900, 44800, 1, 0, 0
13999, 32000, 1, 0, 0
14099, 23680, 1, 0, 0
14199, 20160, 1, 0, 0
14299, 21760, 1, 0, 0
14399, 3520, 1, 0, 0
14499, 31680, 1, 0, 0
14599, 20800, 1, 0, 0
14700, 9600, 1, 0, 0
14800, 47360, 1, 0, 0
14900, 41920, 1, 0, 0
14999, 46545, 1, 0, 0
15099, 42880, 1, 0, 0
15199, 41280, 1, 0, 0
15299, 42560, 1, 0, 0
15399, 33280, 1, 0, 0
15499, 29440, 1, 0, 0
15599, 41280, 1, 0, 0
15699, 41600, 1, 0, 0
15800, 50560, 1, 0, 0
15900, 46080, 1, 0, 0
16000, 37440, 1, 0, 0
16100, 48000, 1, 0, 0
16200, 24960, 1, 0, 0
16300, 5440, 1, 0, 0
16400, 20800, 1, 0, 0
16499, 16484, 1, 0, 0
16599, 12480, 1, 0, 0
16699, 20800, 1, 0, 0
16800, 11200, 1, 0, 0
16900, 35520, 1, 0, 0
17000, 27200, 1, 0, 0
17100, 57280, 1, 0, 0
17200, 32960, 1, 0, 0
17300, 47040, 1, 0, 0
17400, 45120, 1, 0, 0
17499, 41696, 1, 0, 0
17599, 25280, 1, 0, 0
17699, 48960, 1, 0, 0
17799, 37120, 1, 0, 0
17899, 63040, 1, 0, 0
18000, 25280, 1, 0, 0
18100, 42240, 1, 0, 0
18200, 52480, 1, 0, 0
18300, 48320, 1, 0, 0
18400, 20800, 1, 0, 0
18499, 14868, 1, 0, 0
18599, 11840, 1, 0, 0
18699, 21440, 1, 0, 0
18799, 13440, 1, 0, 0
18899, 21440, 1, 0, 0
19000, 15360, 1, 0, 0
19100, 20800, 1, 0, 0
19200, 41600, 1, 0, 0
19300, 32000, 1, 0, 0
19400, 50880, 1, 0, 0
19499, 42020, 1, 0, 0
19599, 31680, 1, 0, 0
19699, 45760, 1, 0, 0
19799, 30400, 1, 0, 0
19899, 53760, 1, 0, 0
19999, 41600, 1, 0, 0
20100, 52160, 1, 0, 0
20200, 48000, 1, 0, 0
20300, 36800, 1, 0, 0
20400, 43840, 1, 0, 0
20499, 43959, 1, 0, 0
20599, 21120, 1, 0, 0
20699, 11200, 1, 0, 0
20799, 20800, 1, 0, 0
20899, 10880, 1, 0, 0
20999, 12800, 1, 0, 0
21099, 21440, 1, 0, 0
21199, 21120, 1, 0, 0
21300, 44480, 1, 0, 0
21400, 32960, 1, 0, 0
21499, 49454, 1, 0, 0
21599, 41600, 1, 0, 0
21699, 41920, 1, 0, 0
21799, 31360, 1, 0, 0
21899, 48960, 1, 0, 0
21999, 43840, 1, 0, 0
22099, 38080, 1, 0, 0
22199, 40960, 1, 0, 0
22299, 44480, 1, 0, 0
22399, 39360, 1, 0, 0
22500, 43840, 1, 0, 0
22600, 36160, 1, 0, 0
22700, 41600, 1, 0, 0
22800, 32000, 1, 0, 0
22900, 20800, 1, 0, 0
22999, 6787, 1, 0, 0
23099, 14080, 1, 0, 0
23199, 20800, 1, 0, 0
23299, 14080, 1, 0, 0
23400, 7040, 1, 0, 0
23500, 34880, 1, 0, 0
23600, 40320, 1, 0, 0
23700, 41600, 1, 0, 0
23800, 45120, 1, 0, 0
23900, 29440, 1, 0, 0
23999, 47515, 1, 0, 0
24099, 31360, 1, 0, 0
24199, 51520, 1, 0, 0
24299, 46080, 1, 0, 0
24399, 33600, 1, 0, 0
24500, 55360, 1, 0, 0
24600, 41280, 1, 0, 0
24700, 21440, 1, 0, 0
24800, 41920, 1, 0, 0
24900, 46720, 1, 0, 0
24999, 21010, 1, 0, 0
25099, 20480, 1, 0, 0
25199, 1920, 1, 0, 0
25299, 37440, 1, 0, 0
25399, 4160, 1, 0, 0
25500, 21440, 1, 0, 0
25600, 16000, 1, 0, 0
25700, 34880, 1, 0, 0
25800, 41280, 1, 0, 0
25900, 44160, 1, 0, 0
25999, 21656, 1, 0, 0
26099, 41280, 1, 0, 0
26199, 45440, 1, 0, 0
26299, 48640, 1, 0, 0
26399, 44480, 1, 0, 0
26499, 38400, 1, 0, 0
26599, 41920, 1, 0, 0
26699, 44160, 1, 0, 0
26800, 42240, 1, 0, 0
26900, 42560, 1, 0, 0
27000, 43520, 1, 0, 0
27100, 38400, 1, 0, 0
27200, 20160, 1, 0, 0
27300, 15680, 1, 0, 0
27400, 20800, 1, 0, 0
27499, 8080, 1, 0, 0
27599, 21120, 1, 0, 0
27699, 12480, 1, 0, 0
27800, 29440, 1, 0, 0
27900, 21120, 1, 0, 0
28000, 52800, 1, 0, 0
28100, 41600, 1, 0, 0
28200, 32640, 1, 0, 0
28300, 47360, 1, 0, 0
28400, 40960, 1, 0, 0
28499, 33292, 1, 0, 0
28599, 43840, 1, 0, 0
28699, 41280, 1, 0, 0
28799, 45760, 1, 0, 0
28899, 41280, 1, 0, 0
28999, 41600, 1, 0, 0
29099, 41920, 1, 0, 0
29200, 32960, 1, 0, 0
29300, 46080, 1, 0, 0
29400, 21120, 1, 0, 0
29499, 21333, 1, 0, 0
29599, 15360, 1, 0, 0
29699, 20800, 1, 0, 0
29799, 5760, 1, 0, 0
29899, 15360, 1, 0, 0
29999, 20800, 1, 0, 0
30099, 27200, 1, 0, 0
30199, 37440, 1, 0, 0
30299, 43200, 1, 0, 0
30399, 47360, 1, 0, 0
30499, 34240, 1, 0, 0
30600, 41600, 1, 0, 0
30700, 32640, 1, 0, 0
30800, 49920, 1, 0, 0
30900, 41600, 1, 0, 0
30999, 35232, 1, 0, 0
31099, 47680, 1, 0, 0
31199, 42240, 1, 0, 0
31299, 43200, 1, 0, 0
31399, 42240, 1, 0, 0
31499, 36480, 1, 0, 0
31599, 30720, 1, 0, 0
31699, 21440, 1, 0, 0
31800, 5120, 1, 0, 0
31900, 20800, 1, 0, 0
31999, 16161, 1, 0, 0
32099, 16640, 1, 0, 0
32199, 11200, 1, 0, 0
32299, 39040, 1, 0, 0
32399, 39040, 1, 0, 0
32499, 35840, 1, 0, 0
32599, 28800, 1, 0, 0
32699, 42880, 1, 0, 0
32799, 41920, 1, 0, 0
32900, 35840, 1, 0, 0
33000, 50240, 1, 0, 0
33100, 41600, 1, 0, 0
33200, 42240, 1, 0, 0
33300, 47040, 1, 0, 0
33400, 35840, 1, 0, 0
33499, 42989, 1, 0, 0
33599, 32000, 1, 0, 0
33699, 41280, 1, 0, 0
33799, 20800, 1, 0, 0
33899, 24960, 1, 0, 0
33999, 13760, 1, 0, 0
34099, 20800, 1, 0, 0
34200, 13440, 1, 0, 0
34300, 22080, 1, 0, 0
34400, 13760, 1, 0, 0
34499, 7434, 1, 0, 0
34599, 50560, 1, 0, 0
34699, 32320, 1, 0, 0
34799, 43200, 1, 0, 0
34899, 42240, 1, 0, 0
34999, 41920, 1, 0, 0
35099, 43840, 1, 0, 0
35199, 53120, 1, 0, 0
35299, 32320, 1, 0, 0
35399, 58560, 1, 0, 0
35500, 41920, 1, 0, 0
35600, 32320, 1, 0, 0
35700, 50240, 1, 0, 0
35800, 41920, 1, 0, 0
35900, 33280, 1, 0, 0
35999, 21010, 1, 0, 0
36099, 27840, 1, 0, 0
36199, 9600, 1, 0, 0
36299, 23680, 1, 0, 0
36399, 16960, 1, 0, 0
36500, 3840, 1, 0, 0
36600, 37120, 1, 0, 0
36700, 31680, 1, 0, 0
36800, 33600, 1, 0, 0
36900, 57280, 1, 0, 0
36999, 21979, 1, 0, 0
37099, 41600, 1, 0, 0
37199, 45440, 1, 0, 0
37299, 28800, 1, 0, 0
37399, 45440, 1, 0, 0
37499, 31040, 1, 0, 0
37599, 43840, 1, 0, 0
37699, 32640, 1, 0, 0
37799, 52160, 1, 0, 0
37900, 42240, 1, 0, 0
38000, 44800, 1, 0, 0
38100, 41920, 1, 0, 0
38200, 30080, 1, 0, 0
38300, 3840, 1, 0, 0
38400, 21120, 1, 0, 0
38499, 20686, 1, 0, 0
38599, 26560, 1, 0, 0
38699, 13120, 1, 0, 0
38800, 21120, 1, 0, 0
38900, 21120, 1, 0, 0
39000, 32960, 1, 0, 0
39100, 42240, 1, 0, 0
39200, 42560, 1, 0, 0
39300, 32320, 1, 0, 0
39400, 38400, 1, 0, 0
39499, 43959, 1, 0, 0
39599, 41600, 1, 0, 0
39699, 39040, 1, 0, 0
39799, 41600, 1, 0, 0
39899, 50560, 1, 0, 0
39999, 32640, 1, 0, 0
40099, 41920, 1, 0, 0
40199, 45760, 1, 0, 0
40300, 27520, 1, 0, 0
40400, 22720, 1, 0, 0
40500, 18560, 1, 0, 0
40600, 22080, 1, 0, 0
40700, 9280, 1, 0, 0
40800, 20800, 1, 0, 0
40900, 14400, 1, 0, 0
40999, 21333, 1, 0, 0
41099, 41280, 1, 0, 0
41199, 26880, 1, 0, 0
41299, 55680, 1, 0, 0
41399, 29760, 1, 0, 0
41499, 46080, 1, 0, 0
41599, 47360, 1, 0, 0
41700, 51200, 1, 0, 0
41800, 31040, 1, 0, 0
41900, 41920, 1, 0, 0
41999, 42020, 1, 0, 0
42099, 38720, 1, 0, 0
42199, 61120, 1, 0, 0
42299, 32320, 1, 0, 0
42399, 50560, 1, 0, 0
42499, 40000, 1, 0, 0
42599, 5120, 1, 0, 0
42699, 20800, 1, 0, 0
42800, 16320, 1, 0, 0
42900, 4800, 1, 0, 0
43000, 20800, 1, 0, 0
43100, 23680, 1, 0, 0
43200, 20800, 1, 0, 0
43300, 25280, 1, 0, 0
43400, 40960, 1, 0, 0
43499, 40727, 1, 0, 0
43599, 47040, 1, 0, 0
43699, 45760, 1, 0, 0
43799, 42240, 1, 0, 0
43899, 41600, 1, 0, 0
44000, 34240, 1, 0, 0
44100, 41600, 1, 0, 0
44200, 41600, 1, 0, 0
44300, 41920, 1, 0, 0
44400, 44480, 1, 0, 0
44499, 39111, 1, 0, 0
44599, 43200, 1, 0, 0
44699, 25280, 1, 0, 0
44799, 20800, 1, 0, 0
44899, 16000, 1, 0, 0
44999, 20800, 1, 0, 0
45099, 5120, 1, 0, 0
45200, 23360, 1, 0, 0
45300, 15680, 1, 0, 0
45400, 23040, 1, 0, 0
45500, 48960, 1, 0, 0
45600, 41600, 1, 0, 0
45700, 31040, 1, 0, 0
45800, 54720, 1, 0, 0
45900, 43840, 1, 0, 0
45999, 54626, 1, 0, 0
46099, 32960, 1, 0, 0
46199, 61760, 1, 0, 0
46299, 48000, 1, 0, 0
46399, 22400, 1, 0, 0
46499, 57600, 1, 0, 0
46599, 43520, 1, 0, 0
46699, 31360, 1, 0, 0
46800, 41920, 1, 0, 0
46900, 20800, 1, 0, 0
47000, 22080, 1, 0, 0
47100, 15360, 1, 0, 0
47200, 20800, 1, 0, 0
47300, 10880, 1, 0, 0
47400, 9920, 1, 0, 0
47499, 22626, 1, 0, 0
47599, 11200, 1, 0, 0
47700, 42560, 1, 0, 0
47800, 36480, 1, 0, 0
47900, 41920, 1, 0, 0
47999, 44282, 1, 0, 0
48099, 35520, 1, 0, 0
48199, 43520, 1, 0, 0
48299, 41600, 1, 0, 0
48399, 37440, 1, 0, 0
48499, 44480, 1, 0, 0
48599, 41600, 1, 0, 0
48699, 43520, 1, 0, 0
48799, 40000, 1, 0, 0
48900, 44480, 1, 0, 0
49000, 36160, 1, 0, 0
49100, 42560, 1, 0, 0
49200, 18880, 1, 0, 0
49300, 20800, 1, 0, 0
49400, 3200, 1, 0, 0
49499, 17777, 1, 0, 0
49599, 20800, 1, 0, 0
49699, 5120, 1, 0, 0
49800, 22080, 1, 0, 0
49900, 36160, 1, 0, 0
50000, 41920, 1, 0, 0
50100, 42240, 1, 0, 0
50200, 40320, 1, 0, 0
50300, 32640, 1, 0, 0
50400, 53760, 1, 0, 0
50499, 25858, 1, 0, 0
50599, 54080, 1, 0, 0
50699, 39680, 1, 0, 0
50800, 47360, 1, 0, 0
50900, 38400, 1, 0, 0
51000, 40000, 1, 0, 0
51100, 32960, 1, 0, 0
51200, 45440, 1, 0, 0
51300, 43200, 1, 0, 0
51400, 16320, 1, 0, 0
51499, 21333, 1, 0, 0
51599, 15040, 1, 0, 0
51699, 20800, 1, 0, 0
51799, 6400, 1, 0, 0
51899, 40640, 1, 0, 0
52000, 20800, 1, 0, 0
52100, 24320, 1, 0, 0
52200, 48000, 1, 0, 0
52300, 35840, 1, 0, 0
52400, 30720, 1, 0, 0
52499, 53979, 1, 0, 0
52599, 31040, 1, 0, 0
52699, 52160, 1, 0, 0
52799, 45440, 1, 0, 0
52899, 41920, 1, 0, 0
52999, 42240, 1, 0, 0
53099, 40320, 1, 0, 0
53200, 46400, 1, 0, 0
53300, 41280, 1, 0, 0
53400, 41600, 1, 0, 0
53499, 33292, 1, 0, 0
53599, 9280, 1, 0, 0
53699, 23360, 1, 0, 0
53799, 20480, 1, 0, 0
53899, 20800, 1, 0, 0
53999, 8000, 1, 0, 0
54100, 22400, 1, 0, 0
54200, 32320, 1, 0, 0
54300, 30080, 1, 0, 0
54400, 44160, 1, 0, 0
54499, 42343, 1, 0, 0
54599, 44160, 1, 0, 0
54699, 35200, 1, 0, 0
54799, 36800, 1, 0, 0
54899, 51200, 1, 0, 0
54999, 51200, 1, 0, 0
55099, 41600, 1, 0, 0
55199, 47680, 1, 0, 0
55300, 37120, 1, 0, 0
55400, 47040, 1, 0, 0
55500, 39680, 1, 0, 0
55600, 41600, 1, 0, 0
55700, 20800, 1, 0, 0
55800, 21120, 1, 0, 0
55900, 15680, 1, 0, 0
55999, 16484, 1, 0, 0
56099, 11200, 1, 0, 0
56199, 20800, 1, 0, 0
56299, 9920, 1, 0, 0
56400, 20800, 1, 0, 0
56500, 38720, 1, 0, 0
56600, 35520, 1, 0, 0
56700, 49280, 1, 0, 0
56800, 38080, 1, 0, 0
56900, 41600, 1, 0, 0
56999, 41696, 1, 0, 0
57099, 46400, 1, 0, 0
57199, 32320, 1, 0, 0
57299, 31040, 1, 0, 0
57400, 43200, 1, 0, 0
57500, 45760, 1, 0, 0
57600, 37440, 1, 0, 0
57700, 50240, 1, 0, 0
57800, 33920, 1, 0, 0
57900, 42560, 1, 0, 0
57999, 21010, 1, 0, 0
58099, 2560, 1, 0, 0
58199, 22400, 1, 0, 0
58300, 16640, 1, 0, 0
58400, 21120, 1, 0, 0
58500, 20800, 1, 0, 0
58600, 31680, 1, 0, 0
58700, 51840, 1, 0, 0
58800, 28160, 1, 0, 0
58900, 41920, 1, 0, 0
58999, 42343, 1, 0, 0
59099, 41920, 1, 0, 0
59199, 34880, 1, 0, 0
59299, 47680, 1, 0, 0
59399, 26240, 1, 0, 0
59500, 32000, 1, 0, 0
59600, 20800, 1, 0, 0
59700, 28480, 1, 0, 0
59800, 26560, 1, 0, 0
59900, 31040, 1, 0, 0
59999, 31676, 1, 0, 0
60099, 31040, 1, 0, 0
60199, 8960, 1, 0, 0
60299, 22400, 1, 0, 0
60399, 11200, 1, 0, 0
60499, 9600, 1, 0, 0
60599, 11200, 1, 0, 0
60700, 9600, 1, 0, 0
60800, 15680, 1, 0, 0
60900, 31040, 1, 0, 0
60999, 40404, 1, 0, 0
61099, 35840, 1, 0, 0
61199, 41280, 1, 0, 0
61299, 40640, 1, 0, 0
61399, 56000, 1, 0, 0
61499, 32640, 1, 0, 0
61599, 52160, 1, 0, 0
61700, 41600, 1, 0, 0
61800, 49920, 1, 0, 0
61900, 24320, 1, 0, 0
62000, 49600, 1, 0, 0
62100, 39040, 1, 0, 0
62200, 30400, 1, 0, 0
62300, 18560, 1, 0, 0
62400, 29760, 1, 0, 0
62499, 11636, 1, 0, 0
62599, 20800, 1, 0, 0
62699, 9920, 1, 0, 0
62800, 10880, 1, 0, 0
62900, 23360, 1, 0, 0
63000, 42560, 1, 0, 0
63100, 41920, 1, 0, 0
63200, 32960, 1, 0, 0
63300, 36800, 1, 0, 0
63400, 45120, 1, 0, 0
63499, 38787, 1, 0, 0
63599, 41600, 1, 0, 0
63699, 41920, 1, 0, 0
63799, 30400, 1, 0, 0
63899, 40960, 1, 0, 0
63999, 34240, 1, 0, 0
64099, 42240, 1, 0, 0
64200, 37440, 1, 0, 0
64300, 22720, 1, 0, 0
64400, 6720, 1, 0, 0
64499, 16484, 1, 0, 0
64599, 11520, 1, 0, 0
64699, 12480, 1, 0, 0
64799, 8320, 1, 0, 0
64899, 12480, 1, 0, 0
65000, 9600, 1, 0, 0
65100, 42560, 1, 0, 0
65200, 35840, 1, 0, 0
65300, 28480, 1, 0, 0
65400, 35840, 1, 0, 0
65499, 33292, 1, 0, 0
65599, 34880, 1, 0, 0
65699, 41920, 1, 0, 0
65799, 33920, 1, 0, 0
65899, 30720, 1, 0, 0
66000, 47680, 1, 0, 0
66100, 44160, 1, 0, 0
66200, 31680, 1, 0, 0
66300, 26240, 1, 0, 0
66400, 30080, 1, 0, 0
66499, 9373, 1, 0, 0
66599, 11520, 1, 0, 0
66699, 21440, 1, 0, 0
66800, 14720, 1, 0, 0
66900, 9280, 1, 0, 0
66999, 42343, 1, 0, 0
67099, 41920, 1, 0, 0
67199, 45440, 1, 0, 0
67299, 50240, 1, 0, 0
67399, 32960, 1, 0, 0
67499, 48000, 1, 0, 0
67599, 41600, 1, 0, 0
67699, 32960, 1, 0, 0
67800, 41600, 1, 0, 0
67900, 37120, 1, 0, 0
68000, 41920, 1, 0, 0
68100, 29440, 1, 0, 0
68200, 59200, 1, 0, 0
68300, 36800, 1, 0, 0
68400, 41600, 1, 0, 0
68499, 21010, 1, 0, 0
68599, 6080, 1, 0, 0
68699, 21120, 1, 0, 0
68799, 16640, 1, 0, 0
68900, 21760, 1, 0, 0
69000, 19520, 1, 0, 0
69100, 20800, 1, 0, 0
69200, 41920, 1, 0, 0
69300, 31680, 1, 0, 0
69400, 31360, 1, 0, 0
69499, 57858, 1, 0, 0
69599, 33600, 1, 0, 0
69699, 30080, 1, 0, 0
69799, 41920, 1, 0, 0
69899, 34560, 1, 0, 0
70000, 43840, 1, 0, 0
70100, 56320, 1, 0, 0
70200, 23680, 1, 0, 0
70300, 45440, 1, 0, 0
70400, 42880, 1, 0, 0
70499, 35878, 1, 0, 0
70599, 43520, 1, 0, 0
70699, 40000, 1, 0, 0
70799, 14080, 1, 0, 0
70899, 8960, 1, 0, 0
70999, 20800, 1, 0, 0
71099, 13120, 1, 0, 0
71199, 8320, 1, 0, 0
71300, 20800, 1, 0, 0
71400, 22400, 1, 0, 0
71500, 44160, 1, 0, 0
71600, 43840, 1, 0, 0
71700, 41280, 1, 0, 0
71800, 41920, 1, 0, 0
71900, 43840, 1, 0, 0
71999, 32646, 1, 0, 0
72099, 41920, 1, 0, 0
72199, 47360, 1, 0, 0
72299, 41280, 1, 0, 0
72399, 41280, 1, 0, 0
72500, 52800, 1, 0, 0
72600, 29120, 1, 0, 0
72700, 35200, 1, 0, 0
72800, 50560, 1, 0, 0
72900, 4160, 1, 0, 0
72999, 24565, 1, 0, 0
73099, 13120, 1, 0, 0
73199, 7680, 1, 0, 0
73299, 13120, 1, 0, 0
73399, 8000, 1, 0, 0
73500, 21440, 1, 0, 0
73600, 15680, 1, 0, 0
73700, 26240, 1, 0, 0
73800, 36160, 1, 0, 0
73900, 41600, 1, 0, 0
73999, 35878, 1, 0, 0
74099, 32000, 1, 0, 0
74199, 48640, 1, 0, 0
74299, 43200, 1, 0, 0
74399, 41920, 1, 0, 0
74499, 44160, 1, 0, 0
74599, 30720, 1, 0, 0
74699, 42560, 1, 0, 0
74800, 39360, 1, 0, 0
74900, 36800, 1, 0, 0
75000, 11520, 1, 0, 0
75100, 21120, 1, 0, 0
75200, 10240, 1, 0, 0
75300, 21440, 1, 0, 0
75400, 10880, 1, 0, 0
75499, 10989, 1, 0, 0
75599, 40960, 1, 0, 0
75699, 47040, 1, 0, 0
75800, 35840, 1, 0, 0
75900, 41600, 1, 0, 0
75999, 39757, 1, 0, 0
76099, 58880, 1, 0, 0
76199, 32960, 1, 0, 0
76299, 60800, 1, 0, 0
76399, 41280, 1, 0, 0
76499, 51840, 1, 0, 0
76599, 33600, 1, 0, 0
76700, 42880, 1, 0, 0
76800, 29760, 1, 0, 0
76900, 41600, 1, 0, 0
76999, 37818, 1, 0, 0
77099, 31040, 1, 0, 0
77199, 23360, 1, 0, 0
77299, 6080, 1, 0, 0
77399, 14720, 1, 0, 0
77499, 21120, 1, 0, 0
77600, 16000, 1, 0, 0
77700, 12800, 1, 0, 0
77800, 55040, 1, 0, 0
77900, 44160, 1, 0, 0
77999, 34585, 1, 0, 0
78099, 41920, 1, 0, 0
78199, 32640, 1, 0, 0
78299, 31680, 1, 0, 0
78399, 32320, 1, 0, 0
78499, 52800, 1, 0, 0
78600, 41920, 1, 0, 0
78700, 43840, 1, 0, 0
78800, 21440, 1, 0, 0
78900, 45120, 1, 0, 0
78999, 42020, 1, 0, 0
79099, 20800, 1, 0, 0
79199, 24960, 1, 0, 0
79299, 16640, 1, 0, 0
79399, 24960, 1, 0, 0
79499, 7680, 1, 0, 0
79599, 20800, 1, 0, 0
79700, 13440, 1, 0, 0
79800, 12160, 1, 0, 0
79900, 20800, 1, 0, 0
79999, 10020, 1, 0, 0
80099, 41280, 1, 0, 0
80199, 42560, 1, 0, 0
80299, 41600, 1, 0, 0
80399, 41600, 1, 0, 0
80499, 41600, 1, 0, 0
80600, 41280, 1, 0, 0
80700, 41600, 1, 0, 0
80800, 47680, 1, 0, 0
80900, 32000, 1, 0, 0
80999, 62383, 1, 0, 0
81099, 28160, 1, 0, 0
81199, 40000, 1, 0, 0
81299, 45120, 1, 0, 0
81399, 36480, 1, 0, 0
81499, 43200, 1, 0, 0
81599, 20800, 1, 0, 0
81699, 21120, 1, 0, 0
81800, 12800, 1, 0, 0
81900, 20800, 1, 0, 0
82000, 9280, 1, 0, 0
82100, 11520, 1, 0, 0
82200, 22080, 1, 0, 0
82300, 20800, 1, 0, 0
82400, 46400, 1, 0, 0
82499, 42666, 1, 0, 0
82599, 31040, 1, 0, 0
82699, 33280, 1, 0, 0
82799, 42240, 1, 0, 0
82899, 43200, 1, 0, 0
83000, 60480, 1, 0, 0
83100, 32640, 1, 0, 0
83200, 39360, 1, 0, 0
83300, 41920, 1, 0, 0
83400, 33920, 1, 0, 0
83499, 42020, 1, 0, 0
83599, 60480, 1, 0, 0
83699, 23680, 1, 0, 0
83799, 29120, 1, 0, 0
83899, 12800, 1, 0, 0
83999, 22080, 1, 0, 0
84099, 14400, 1, 0, 0
84200, 20800, 1, 0, 0
84300, 20800, 1, 0, 0
84400, 35840, 1, 0, 0
84499, 32000, 1, 0, 0
84599, 39680, 1, 0, 0
84699, 56000, 1, 0, 0
84799, 29440, 1, 0, 0
84899, 42560, 1, 0, 0
84999, 43520, 1, 0, 0
85099, 34240, 1, 0, 0
85199, 49280, 1, 0, 0
85300, 33920, 1, 0, 0
85400, 53120, 1, 0, 0
85500, 43520, 1, 0, 0
85600, 41920, 1, 0, 0
85700, 39360, 1, 0, 0
85800, 31040, 1, 0, 0
85900, 42240, 1, 0, 0
85999, 24888, 1, 0, 0
86099, 13440, 1, 0, 0
86199, 20800, 1, 0, 0
86300, 14720, 1, 0, 0
86400, 20800, 1, 0, 0
86499, 8080, 1, 0, 0
86599, 22400, 1, 0, 0
86699, 45760, 1, 0, 0
86799, 43520, 1, 0, 0
86899, 33920, 1, 0, 0
86999, 46080, 1, 0, 0
87099, 40320, 1, 0, 0
87199, 30720, 1, 0, 0
87299, 60800, 1, 0, 0
87400, 41920, 1, 0, 0
87500, 42880, 1, 0, 0
87600, 48320, 1, 0, 0
87700, 37760, 1, 0, 0
87800, 42240, 1, 0, 0
87900, 41920, 1, 0, 0
87999, 28121, 1, 0, 0
88099, 46080, 1, 0, 0
88199, 38720, 1, 0, 0
88299, 5440, 1, 0, 0
88399, 19200, 1, 0, 0
88500, 17280, 1, 0, 0
88600, 4160, 1, 0, 0
88700, 27200, 1, 0, 0
88800, 10240, 1, 0, 0
88900, 31360, 1, 0, 0
88999, 41696, 1, 0, 0
89099, 46080, 1, 0, 0
89199, 43520, 1, 0, 0
89299, 42560, 1, 0, 0
89399, 51840, 1, 0, 0
89500, 43200, 1, 0, 0
89600, 38400, 1, 0, 0
89700, 44480, 1, 0, 0
89800, 41600, 1, 0, 0
89900, 23680, 1, 0, 0
89999, 60444, 1, 0, 0
