108, 53087879, 1, 0, 0
221, 48558028, 1, 0, 0
316, 48238719, 1, 0, 0
403, 51631595, 1, 0, 0
518, 55375447, 1, 0, 0
607, 53088450, 1, 0, 0
729, 54993636, 1, 0, 0
809, 65768755, 1, 0, 0
900, 63253210, 1, 0, 0
1063, 107143663, 1, 0, 0
1131, 133771994, 1, 0, 0
1211, 135677777, 1, 0, 0
1357, 125743924, 1, 0, 0
1430, 92063908, 1, 0, 0
1510, 99973851, 1, 0, 0
1614, 44034172, 1, 0, 0
1709, 46158003, 1, 0, 0
1819, 57436172, 1, 0, 0
1900, 56473810, 1, 0, 0
2007, 41382331, 1, 0, 0
2114, 52741766, 1, 0, 0
2205, 38908979, 1, 0, 0
2300, 46419093, 1, 0, 0
2414, 55293798, 1, 0, 0
2503, 53993009, 1, 0, 0
2609, 53613048, 1, 0, 0
2704, 50656325, 1, 0, 0
2800, 45666788, 1, 0, 0
2901, 47536524, 1, 0, 0
3043, 57349821, 1, 0, 0
3112, 110296884, 1, 0, 0
3252, 139028052, 1, 0, 0
3334, 138941051, 1, 0, 0
3404, 99981610, 1, 0, 0
3569, 103970188, 1, 0, 0
3637, 117912530, 1, 0, 0
3710, 117398053, 1, 0, 0
3823, 45046022, 1, 0, 0
3902, 48161376, 1, 0, 0
4012, 53054431, 1, 0, 0
4100, 46685984, 1, 0, 0
4203, 51347918, 1, 0, 0
4310, 50834389, 1, 0, 0
4422, 52952878, 1, 0, 0
4500, 53305349, 1, 0, 0
4605, 43993848, 1, 0, 0
4703, 48326316, 1, 0, 0
4814, 49506622, 1, 0, 0
4924, 48682715, 1, 0, 0
5005, 47806097, 1, 0, 0
5115, 52814745, 1, 0, 0
5224, 46119848, 1, 0, 0
5300, 97971973, 1, 0, 0
5436, 134766613, 1, 0, 0
5507, 123600236, 1, 0, 0
5657, 131786412, 1, 0, 0
5734, 107282251, 1, 0, 0
5809, 135297863, 1, 0, 0
5904, 142212588, 1, 0, 0
6013, 64130956, 1, 0, 0
6106, 51303282, 1, 0, 0
6209, 46242020, 1, 0, 0
6300, 52189533, 1, 0, 0
6407, 48682336, 1, 0, 0
6520, 49478489, 1, 0, 0
6602, 50253071, 1, 0, 0
6719, 41076555, 1, 0, 0
6809, 46207655, 1, 0, 0
6919, 55648501, 1, 0, 0
7022, 45567371, 1, 0, 0
7113, 56438041, 1, 0, 0
7214, 57186946, 1, 0, 0
7329, 51075724, 1, 0, 0
7451, 56556484, 1, 0, 0
7536, 63678951, 1, 0, 0
7609, 141266589, 1, 0, 0
7748, 131491495, 1, 0, 0
7830, 108889955, 1, 0, 0
7900, 149680659, 1, 0, 0
8042, 138823569, 1, 0, 0
8121, 117259283, 1, 0, 0
8220, 42467510, 1, 0, 0
8301, 55792787, 1, 0, 0
8416, 50465508, 1, 0, 0
8519, 48521763, 1, 0, 0
8612, 51751745, 1, 0, 0
8712, 50260007, 1, 0, 0
8826, 47981569, 1, 0, 0
8911, 50268297, 1, 0, 0
9022, 43685286, 1, 0, 0
9104, 53221960, 1, 0, 0
9217, 48895615, 1, 0, 0
9300, 50369050, 1, 0, 0
9406, 45957957, 1, 0, 0
9518, 47240331, 1, 0, 0
9613, 50897464, 1, 0, 0
9710, 96346826, 1, 0, 0
9848, 106872995, 1, 0, 0
9916, 136826165, 1, 0, 0
10054, 140633758, 1, 0, 0
10137, 125517841, 1, 0, 0
10243, 97304947, 1, 0, 0
10345, 90074778, 1, 0, 0
10414, 67441851, 1, 0, 0
10521, 44445790, 1, 0, 0
10619, 45154514, 1, 0, 0
10726, 52655445, 1, 0, 0
10803, 49934954, 1, 0, 0
10914, 52709452, 1, 0, 0
11029, 46368171, 1, 0, 0
11113, 50962073, 1, 0, 0
11218, 50561517, 1, 0, 0
11300, 50262331, 1, 0, 0
11423, 48238331, 1, 0, 0
11508, 58329700, 1, 0, 0
11622, 52379556, 1, 0, 0
11703, 52387798, 1, 0, 0
11815, 49523260, 1, 0, 0
11960, 125614274, 1, 0, 0
12031, 97776875, 1, 0, 0
12100, 133857257, 1, 0, 0
12235, 134958291, 1, 0, 0
12313, 131380073, 1, 0, 0
12417, 124731065, 1, 0, 0
12514, 96484076, 1, 0, 0
12611, 71167651, 1, 0, 0
12704, 43119152, 1, 0, 0
12823, 40867499, 1, 0, 0
12908, 54716933, 1, 0, 0
13008, 60304943, 1, 0, 0
13119, 52043462, 1, 0, 0
13202, 48413667, 1, 0, 0
13317, 50838793, 1, 0, 0
13402, 44826992, 1, 0, 0
13522, 53603028, 1, 0, 0
13600, 52744004, 1, 0, 0
13723, 59407636, 1, 0, 0
13804, 50303374, 1, 0, 0
13902, 48267569, 1, 0, 0
14003, 46171385, 1, 0, 0
14144, 91490846, 1, 0, 0
14211, 118097559, 1, 0, 0
14338, 130914945, 1, 0, 0
14403, 123469026, 1, 0, 0
14528, 125237986, 1, 0, 0
14641, 114984085, 1, 0, 0
14708, 111156469, 1, 0, 0
14816, 68134017, 1, 0, 0
14904, 45698225, 1, 0, 0
15010, 41665082, 1, 0, 0
15100, 52230737, 1, 0, 0
15208, 41365377, 1, 0, 0
15306, 42912796, 1, 0, 0
15409, 56303214, 1, 0, 0
15500, 45619771, 1, 0, 0
15600, 45581521, 1, 0, 0
15708, 55001353, 1, 0, 0
15802, 47650976, 1, 0, 0
15900, 50910365, 1, 0, 0
16014, 42204355, 1, 0, 0
16119, 45616792, 1, 0, 0
16245, 62238402, 1, 0, 0
16312, 122869428, 1, 0, 0
16459, 121794738, 1, 0, 0
16534, 105453817, 1, 0, 0
16620, 148488501, 1, 0, 0
16766, 145085330, 1, 0, 0
16837, 108227807, 1, 0, 0
16925, 97801216, 1, 0, 0
17008, 49122156, 1, 0, 0
17122, 45157243, 1, 0, 0
17207, 50887383, 1, 0, 0
17327, 40703476, 1, 0, 0
17425, 50743679, 1, 0, 0
17515, 50921842, 1, 0, 0
17605, 43080244, 1, 0, 0
17711, 51720098, 1, 0, 0
17802, 50308615, 1, 0, 0
17917, 50119644, 1, 0, 0
18002, 51773366, 1, 0, 0
18121, 45994521, 1, 0, 0
18214, 54215564, 1, 0, 0
18339, 52803373, 1, 0, 0
18400, 67614266, 1, 0, 0
18538, 113494817, 1, 0, 0
18608, 132345386, 1, 0, 0
18756, 130194819, 1, 0, 0
18825, 125028424, 1, 0, 0
18950, 132392294, 1, 0, 0
19015, 121633960, 1, 0, 0
19110, 112314684, 1, 0, 0
19217, 55020236, 1, 0, 0
19302, 51902439, 1, 0, 0
19401, 70873906, 1, 0, 0
19509, 47184664, 1, 0, 0
19608, 45366201, 1, 0, 0
19721, 57320166, 1, 0, 0
19805, 53836420, 1, 0, 0
19916, 53343050, 1, 0, 0
20001, 54303143, 1, 0, 0
20111, 49844284, 1, 0, 0
20222, 52690812, 1, 0, 0
20304, 51351349, 1, 0, 0
20408, 45237405, 1, 0, 0
20529, 51440059, 1, 0, 0
20660, 86458823, 1, 0, 0
20726, 125152225, 1, 0, 0
20867, 131267014, 1, 0, 0
20936, 138647001, 1, 0, 0
21006, 124396761, 1, 0, 0
21144, 125388627, 1, 0, 0
21212, 108080479, 1, 0, 0
21327, 53617304, 1, 0, 0
21408, 48339709, 1, 0, 0
21514, 47067271, 1, 0, 0
21620, 43639152, 1, 0, 0
21720, 57743007, 1, 0, 0
21810, 59863334, 1, 0, 0
21913, 40969290, 1, 0, 0
22015, 48053869, 1, 0, 0
22105, 48352886, 1, 0, 0
22201, 49308047, 1, 0, 0
22314, 50933460, 1, 0, 0
22400, 38334238, 1, 0, 0
22505, 51412343, 1, 0, 0
22606, 44137309, 1, 0, 0
22718, 52689083, 1, 0, 0
22821, 56022186, 1, 0, 0
22964, 118135450, 1, 0, 0
23044, 105055120, 1, 0, 0
23116, 101472802, 1, 0, 0
23265, 148870066, 1, 0, 0
23340, 135451146, 1, 0, 0
23411, 110752212, 1, 0, 0
23519, 103806591, 1, 0, 0
23601, 44178435, 1, 0, 0
23709, 46186199, 1, 0, 0
23829, 46185086, 1, 0, 0
23910, 51414318, 1, 0, 0
24020, 44637303, 1, 0, 0
24101, 52635452, 1, 0, 0
24207, 51623766, 1, 0, 0
24308, 52650383, 1, 0, 0
24430, 52744518, 1, 0, 0
24522, 41558796, 1, 0, 0
24603, 56226428, 1, 0, 0
24701, 51806075, 1, 0, 0
24808, 54527440, 1, 0, 0
24926, 51566135, 1, 0, 0
25055, 86202694, 1, 0, 0
25134, 124395153, 1, 0, 0
25223, 137262268, 1, 0, 0
25363, 160675559, 1, 0, 0
25431, 134821470, 1, 0, 0
25568, 131340883, 1, 0, 0
25640, 135047446, 1, 0, 0
25727, 78860929, 1, 0, 0
25812, 54360772, 1, 0, 0
25921, 52714614, 1, 0, 0
26007, 50571245, 1, 0, 0
26100, 42110538, 1, 0, 0
26213, 52914212, 1, 0, 0
26319, 52290568, 1, 0, 0
26421, 47712020, 1, 0, 0
26510, 43742206, 1, 0, 0
26601, 49641196, 1, 0, 0
26710, 50292662, 1, 0, 0
26804, 55749912, 1, 0, 0
26912, 49179838, 1, 0, 0
27021, 51189625, 1, 0, 0
27140, 58925071, 1, 0, 0
27214, 81366728, 1, 0, 0
27351, 112409191, 1, 0, 0
27420, 134579627, 1, 0, 0
27550, 135804598, 1, 0, 0
27620, 127642436, 1, 0, 0
27732, 129895081, 1, 0, 0
27826, 98428938, 1, 0, 0
27909, 91856482, 1, 0, 0
28019, 63514893, 1, 0, 0
28112, 53588109, 1, 0, 0
28201, 42612592, 1, 0, 0
28316, 50374637, 1, 0, 0
28400, 53988374, 1, 0, 0
28506, 49382221, 1, 0, 0
28629, 39742650, 1, 0, 0
28711, 56051403, 1, 0, 0
28807, 50961416, 1, 0, 0
28900, 48045674, 1, 0, 0
29012, 47860604, 1, 0, 0
29118, 54071279, 1, 0, 0
29210, 57450092, 1, 0, 0
29313, 50892871, 1, 0, 0
29417, 56767092, 1, 0, 0
29566, 117870696, 1, 0, 0
29630, 140953993, 1, 0, 0
29767, 133530347, 1, 0, 0
29834, 117999115, 1, 0, 0
29902, 104945585, 1, 0, 0
30038, 119293275, 1, 0, 0
30116, 83591047, 1, 0, 0
30207, 55967975, 1, 0, 0
30308, 54726207, 1, 0, 0
30417, 44044031, 1, 0, 0
30510, 49183145, 1, 0, 0
30621, 51261458, 1, 0, 0
30715, 48452751, 1, 0, 0
30817, 43624259, 1, 0, 0
30924, 42608744, 1, 0, 0
31019, 44179696, 1, 0, 0
31102, 50283913, 1, 0, 0
31211, 51486790, 1, 0, 0
31320, 49703002, 1, 0, 0
31404, 52725961, 1, 0, 0
31504, 39948203, 1, 0, 0
31604, 51936645, 1, 0, 0
31737, 99128702, 1, 0, 0
31802, 129123466, 1, 0, 0
31954, 133068083, 1, 0, 0
32027, 89272035, 1, 0, 0
32168, 123883853, 1, 0, 0
32231, 136759442, 1, 0, 0
32327, 81092221, 1, 0, 0
32425, 51998861, 1, 0, 0
32505, 48126812, 1, 0, 0
32603, 39439539, 1, 0, 0
32716, 46817482, 1, 0, 0
32824, 46225285, 1, 0, 0
32905, 54736174, 1, 0, 0
33016, 50322829, 1, 0, 0
33106, 45626315, 1, 0, 0
33207, 50983841, 1, 0, 0
33318, 45584780, 1, 0, 0
33401, 51177449, 1, 0, 0
33515, 54793443, 1, 0, 0
33614, 47669749, 1, 0, 0
33709, 49611513, 1, 0, 0
33808, 58149696, 1, 0, 0
33938, 97588396, 1, 0, 0
34003, 127580174, 1, 0, 0
34141, 127128889, 1, 0, 0
34215, 130902960, 1, 0, 0
34360, 140403288, 1, 0, 0
34428, 116050494, 1, 0, 0
34505, 143406327, 1, 0, 0
34613, 87622659, 1, 0, 0
34711, 41548796, 1, 0, 0
34800, 54812454, 1, 0, 0
34914, 49329967, 1, 0, 0
35019, 48847703, 1, 0, 0
35114, 52828419, 1, 0, 0
35222, 51561933, 1, 0, 0
35307, 49399068, 1, 0, 0
35414, 39702202, 1, 0, 0
35523, 44126890, 1, 0, 0
35607, 55497516, 1, 0, 0
35712, 49101588, 1, 0, 0
35818, 50547864, 1, 0, 0
35905, 52932712, 1, 0, 0
36000, 50806436, 1, 0, 0
36142, 102672869, 1, 0, 0
36216, 138614036, 1, 0, 0
36368, 128037618, 1, 0, 0
36439, 125130191, 1, 0, 0
36501, 150733447, 1, 0, 0
36640, 131964949, 1, 0, 0
36718, 83157303, 1, 0, 0
36827, 44445413, 1, 0, 0
36927, 45732738, 1, 0, 0
37000, 50453402, 1, 0, 0
37118, 48749632, 1, 0, 0
37213, 56189360, 1, 0, 0
37308, 59007671, 1, 0, 0
37408, 51443167, 1, 0, 0
37504, 49100230, 1, 0, 0
37626, 51887816, 1, 0, 0
37709, 51812509, 1, 0, 0
37819, 49805945, 1, 0, 0
37907, 52695472, 1, 0, 0
38008, 60724349, 1, 0, 0
38102, 44962880, 1, 0, 0
38231, 80935882, 1, 0, 0
38304, 114811362, 1, 0, 0
38450, 124094227, 1, 0, 0
38509, 143495888, 1, 0, 0
38649, 123998921, 1, 0, 0
38719, 127058564, 1, 0, 0
38867, 130152377, 1, 0, 0
38921, 135081151, 1, 0, 0
39016, 56532727, 1, 0, 0
39108, 45495024, 1, 0, 0
39231, 47226516, 1, 0, 0
39317, 45596939, 1, 0, 0
39403, 46423090, 1, 0, 0
39511, 46817976, 1, 0, 0
39619, 48825089, 1, 0, 0
39723, 40460854, 1, 0, 0
39817, 53855004, 1, 0, 0
39925, 53110208, 1, 0, 0
40002, 52423830, 1, 0, 0
40108, 45116888, 1, 0, 0
40220, 40502111, 1, 0, 0
40306, 51578038, 1, 0, 0
40450, 85859076, 1, 0, 0
40522, 130240393, 1, 0, 0
40657, 138971877, 1, 0, 0
40734, 128598806, 1, 0, 0
40800, 130660678, 1, 0, 0
40919, 136537718, 1, 0, 0
41013, 103717114, 1, 0, 0
41124, 87051249, 1, 0, 0
41203, 53476767, 1, 0, 0
41318, 55017691, 1, 0, 0
41403, 45307797, 1, 0, 0
41506, 54666904, 1, 0, 0
41621, 46899627, 1, 0, 0
41715, 54263339, 1, 0, 0
41806, 45263265, 1, 0, 0
41915, 49260400, 1, 0, 0
42003, 53222100, 1, 0, 0
42116, 50060314, 1, 0, 0
42201, 48823350, 1, 0, 0
42310, 42941761, 1, 0, 0
42415, 48270425, 1, 0, 0
42550, 57796833, 1, 0, 0
42622, 101493277, 1, 0, 0
42761, 125193421, 1, 0, 0
42831, 137678927, 1, 0, 0
42901, 121184958, 1, 0, 0
43041, 126101045, 1, 0, 0
43140, 102564222, 1, 0, 0
43246, 92110266, 1, 0, 0
43303, 75089183, 1, 0, 0
43420, 47101067, 1, 0, 0
43501, 48436091, 1, 0, 0
43602, 48328219, 1, 0, 0
43713, 45671176, 1, 0, 0
43800, 43369935, 1, 0, 0
43906, 47505990, 1, 0, 0
44027, 53186054, 1, 0, 0
44110, 54471928, 1, 0, 0
44223, 53427235, 1, 0, 0
44327, 49220118, 1, 0, 0
44430, 49281202, 1, 0, 0
44511, 52538881, 1, 0, 0
44615, 44193914, 1, 0, 0
44719, 50799944, 1, 0, 0
44849, 95269657, 1, 0, 0
44914, 98621575, 1, 0, 0
45060, 116983967, 1, 0, 0
45127, 142748960, 1, 0, 0
45240, 98832648, 1, 0, 0
45300, 103333419, 1, 0, 0
45406, 96497171, 1, 0, 0
45508, 72232223, 1, 0, 0
45621, 51763937, 1, 0, 0
45713, 55814698, 1, 0, 0
45800, 58325230, 1, 0, 0
45908, 51371606, 1, 0, 0
46021, 51533555, 1, 0, 0
46100, 53168827, 1, 0, 0
46201, 49287364, 1, 0, 0
46323, 46465515, 1, 0, 0
46402, 47963449, 1, 0, 0
46513, 49042921, 1, 0, 0
46625, 39164743, 1, 0, 0
46700, 49657184, 1, 0, 0
46800, 52711754, 1, 0, 0
46955, 47527622, 1, 0, 0
47025, 106494104, 1, 0, 0
47159, 117623705, 1, 0, 0
47226, 121611998, 1, 0, 0
47363, 130584078, 1, 0, 0
47442, 120776872, 1, 0, 0
47530, 142084265, 1, 0, 0
47619, 153170887, 1, 0, 0
47726, 55555568, 1, 0, 0
47819, 58536814, 1, 0, 0
47911, 47872319, 1, 0, 0
48014, 44852379, 1, 0, 0
48103, 48864624, 1, 0, 0
48224, 52560969, 1, 0, 0
48302, 51076005, 1, 0, 0
48430, 53701789, 1, 0, 0
48510, 47417999, 1, 0, 0
48604, 48085413, 1, 0, 0
48720, 43917720, 1, 0, 0
48802, 53176092, 1, 0, 0
48913, 53914856, 1, 0, 0
49026, 48638762, 1, 0, 0
49109, 50876833, 1, 0, 0
49245, 88767006, 1, 0, 0
49317, 132097800, 1, 0, 0
49469, 145014383, 1, 0, 0
49548, 126894130, 1, 0, 0
49623, 152672856, 1, 0, 0
49758, 141502471, 1, 0, 0
49825, 128434472, 1, 0, 0
49907, 75292337, 1, 0, 0
50004, 49886592, 1, 0, 0
50119, 45953830, 1, 0, 0
50212, 52347520, 1, 0, 0
50305, 58538235, 1, 0, 0
50411, 55664498, 1, 0, 0
50501, 54815456, 1, 0, 0
50619, 43589496, 1, 0, 0
50709, 53048973, 1, 0, 0
50820, 46342280, 1, 0, 0
50900, 47436401, 1, 0, 0
51015, 48786420, 1, 0, 0
51101, 48360759, 1, 0, 0
51205, 48137110, 1, 0, 0
51342, 48331592, 1, 0, 0
51407, 86387813, 1, 0, 0
51544, 130958083, 1, 0, 0
51613, 72611210, 1, 0, 0
51761, 124934447, 1, 0, 0
51824, 146362301, 1, 0, 0
51937, 105890697, 1, 0, 0
52023, 59403468, 1, 0, 0
52107, 64728514, 1, 0, 0
52217, 50914079, 1, 0, 0
52315, 50867511, 1, 0, 0
52406, 57961947, 1, 0, 0
52509, 44155260, 1, 0, 0
52603, 50722274, 1, 0, 0
52724, 45543539, 1, 0, 0
52805, 39495226, 1, 0, 0
52914, 39699545, 1, 0, 0
53019, 46887149, 1, 0, 0
53105, 51173840, 1, 0, 0
53219, 46582990, 1, 0, 0
53300, 49636728, 1, 0, 0
53418, 44837566, 1, 0, 0
53512, 59672629, 1, 0, 0
53612, 92617690, 1, 0, 0
53715, 119382744, 1, 0, 0
53845, 111329648, 1, 0, 0
53909, 127987262, 1, 0, 0
54036, 121267252, 1, 0, 0
54122, 96051848, 1, 0, 0
54219, 85613306, 1, 0, 0
54308, 76702040, 1, 0, 0
54417, 53798702, 1, 0, 0
54520, 49109506, 1, 0, 0
54620, 42293266, 1, 0, 0
54707, 51001361, 1, 0, 0
54811, 46391052, 1, 0, 0
54922, 44060056, 1, 0, 0
55010, 44874839, 1, 0, 0
55110, 49037724, 1, 0, 0
55222, 48231725, 1, 0, 0
55302, 53410212, 1, 0, 0
55415, 47362561, 1, 0, 0
55500, 44714798, 1, 0, 0
55626, 54312773, 1, 0, 0
55700, 55937703, 1, 0, 0
55831, 86688014, 1, 0, 0
55900, 121270371, 1, 0, 0
56046, 129673320, 1, 0, 0
56115, 143903079, 1, 0, 0
56255, 99925903, 1, 0, 0
56311, 133280606, 1, 0, 0
56424, 98358818, 1, 0, 0
56525, 75015794, 1, 0, 0
56608, 58796101, 1, 0, 0
56723, 52855172, 1, 0, 0
56804, 50770966, 1, 0, 0
56912, 50554394, 1, 0, 0
57001, 55809528, 1, 0, 0
57120, 49216800, 1, 0, 0
57200, 52886058, 1, 0, 0
57300, 40611007, 1, 0, 0
57409, 49522720, 1, 0, 0
57500, 53283998, 1, 0, 0
57604, 55347685, 1, 0, 0
57719, 53844909, 1, 0, 0
57807, 44649921, 1, 0, 0
57944, 52540358, 1, 0, 0
58010, 83404954, 1, 0, 0
58152, 122756935, 1, 0, 0
58226, 135376916, 1, 0, 0
58351, 124796180, 1, 0, 0
58429, 124288759, 1, 0, 0
58507, 129736316, 1, 0, 0
58602, 60910251, 1, 0, 0
58724, 57818418, 1, 0, 0
58809, 58201527, 1, 0, 0
58918, 52486947, 1, 0, 0
59016, 51663856, 1, 0, 0
59121, 42428342, 1, 0, 0
59205, 51563919, 1, 0, 0
59330, 50417141, 1, 0, 0
59400, 63508813, 1, 0, 0
59523, 67978036, 1, 0, 0
59611, 81131592, 1, 0, 0
59734, 89066513, 1, 0, 0
59803, 68147779, 1, 0, 0
59905, 64570055, 1, 0, 0
60010, 65189163, 1, 0, 0
60116, 64338202, 1, 0, 0
60204, 106972436, 1, 0, 0
60358, 158958150, 1, 0, 0
60483, 178271392, 1, 0, 0
60568, 183450681, 1, 0, 0
60639, 177046788, 1, 0, 0
60724, 126065464, 1, 0, 0
60808, 154303013, 1, 0, 0
60911, 104360980, 1, 0, 0
61012, 57025284, 1, 0, 0
61121, 46831895, 1, 0, 0
61216, 49103495, 1, 0, 0
61324, 56751084, 1, 0, 0
61417, 54721868, 1, 0, 0
61503, 49606586, 1, 0, 0
61609, 44700977, 1, 0, 0
61713, 48019630, 1, 0, 0
61807, 53589351, 1, 0, 0
61907, 49385757, 1, 0, 0
62021, 44733343, 1, 0, 0
62100, 42818608, 1, 0, 0
62252, 38961812, 1, 0, 0
62320, 107023712, 1, 0, 0
62457, 136305188, 1, 0, 0
62529, 130688433, 1, 0, 0
62665, 132116140, 1, 0, 0
62730, 135168924, 1, 0, 0
62802, 128512502, 1, 0, 0
62906, 123708601, 1, 0, 0
63018, 72116607, 1, 0, 0
63132, 45859550, 1, 0, 0
63219, 47557972, 1, 0, 0
63307, 58720370, 1, 0, 0
63424, 55051927, 1, 0, 0
63526, 56859737, 1, 0, 0
63630, 51353200, 1, 0, 0
63728, 54877578, 1, 0, 0
63829, 62702395, 1, 0, 0
63913, 45545391, 1, 0, 0
64013, 62764298, 1, 0, 0
64100, 56937046, 1, 0, 0
64211, 63023979, 1, 0, 0
64379, 84135671, 1, 0, 0
64463, 124078371, 1, 0, 0
64545, 134776247, 1, 0, 0
64660, 164689323, 1, 0, 0
64775, 150511769, 1, 0, 0
64865, 153828953, 1, 0, 0
64926, 201600638, 1, 0, 0
65003, 143713687, 1, 0, 0
65139, 92760016, 1, 0, 0
65200, 62895589, 1, 0, 0
65328, 54838343, 1, 0, 0
65419, 71936251, 1, 0, 0
65534, 41946093, 1, 0, 0
65606, 55603607, 1, 0, 0
65726, 49966692, 1, 0, 0
65805, 55045070, 1, 0, 0
65914, 57119768, 1, 0, 0
66029, 56955232, 1, 0, 0
66112, 54293548, 1, 0, 0
66200, 56381881, 1, 0, 0
66303, 40382737, 1, 0, 0
66464, 112845793, 1, 0, 0
66536, 145351529, 1, 0, 0
66620, 108522823, 1, 0, 0
66761, 153440648, 1, 0, 0
66837, 135769754, 1, 0, 0
66909, 119609343, 1, 0, 0
67008, 83943101, 1, 0, 0
67108, 48372882, 1, 0, 0
67217, 47120951, 1, 0, 0
67325, 49884154, 1, 0, 0
67407, 48547801, 1, 0, 0
67511, 43647528, 1, 0, 0
67618, 48624511, 1, 0, 0
67708, 57899981, 1, 0, 0
67824, 52087990, 1, 0, 0
67901, 45793580, 1, 0, 0
68033, 45553399, 1, 0, 0
68103, 45597188, 1, 0, 0
68200, 44401997, 1, 0, 0
68306, 42372297, 1, 0, 0
68413, 51851652, 1, 0, 0
68536, 55716714, 1, 0, 0
68606, 122793477, 1, 0, 0
68743, 106533118, 1, 0, 0
68816, 134579156, 1, 0, 0
68973, 127700444, 1, 0, 0
69051, 155462268, 1, 0, 0
69107, 80495135, 1, 0, 0
69218, 52935057, 1, 0, 0
69315, 46825511, 1, 0, 0
69405, 49053812, 1, 0, 0
69513, 44500572, 1, 0, 0
69608, 51986336, 1, 0, 0
69702, 41403783, 1, 0, 0
69811, 55742729, 1, 0, 0
69902, 41158885, 1, 0, 0
70017, 51027790, 1, 0, 0
70122, 52813632, 1, 0, 0
70215, 44185881, 1, 0, 0
70300, 50269048, 1, 0, 0
70429, 53490561, 1, 0, 0
70511, 53599889, 1, 0, 0
70622, 49559181, 1, 0, 0
70756, 50842273, 1, 0, 0
70827, 108353934, 1, 0, 0
70915, 121427966, 1, 0, 0
71064, 148544638, 1, 0, 0
71134, 146992476, 1, 0, 0
71218, 139396654, 1, 0, 0
71363, 151042321, 1, 0, 0
71415, 102629932, 1, 0, 0
71500, 52216775, 1, 0, 0
71619, 37307347, 1, 0, 0
71702, 58341831, 1, 0, 0
71800, 58466115, 1, 0, 0
71914, 57241034, 1, 0, 0
72004, 45589527, 1, 0, 0
72106, 47839925, 1, 0, 0
72214, 53081677, 1, 0, 0
72300, 51098916, 1, 0, 0
72403, 43764237, 1, 0, 0
72512, 41497946, 1, 0, 0
72638, 51294827, 1, 0, 0
72703, 50095516, 1, 0, 0
72830, 59074638, 1, 0, 0
72909, 67566157, 1, 0, 0
73064, 100935515, 1, 0, 0
73149, 150350494, 1, 0, 0
73236, 173343417, 1, 0, 0
73313, 167184339, 1, 0, 0
73400, 157606524, 1, 0, 0
73576, 167566420, 1, 0, 0
73628, 167999038, 1, 0, 0
73728, 90771466, 1, 0, 0
73824, 58649981, 1, 0, 0
73922, 55726851, 1, 0, 0
74019, 54435786, 1, 0, 0
74117, 67317556, 1, 0, 0
74230, 51142525, 1, 0, 0
74317, 57133179, 1, 0, 0
74429, 45840336, 1, 0, 0
74514, 54094914, 1, 0, 0
74603, 50392296, 1, 0, 0
74713, 47911804, 1, 0, 0
74800, 55714260, 1, 0, 0
74943, 53588583, 1, 0, 0
75013, 110963589, 1, 0, 0
75142, 117194267, 1, 0, 0
75215, 125161896, 1, 0, 0
75353, 131121203, 1, 0, 0
75421, 135921717, 1, 0, 0
75505, 135517478, 1, 0, 0
75621, 121393733, 1, 0, 0
75729, 51313925, 1, 0, 0
75825, 45889150, 1, 0, 0
75909, 54842274, 1, 0, 0
76002, 53291474, 1, 0, 0
76120, 43831708, 1, 0, 0
76210, 57207526, 1, 0, 0
76319, 45429675, 1, 0, 0
76403, 42460704, 1, 0, 0
76520, 44876135, 1, 0, 0
76608, 40637560, 1, 0, 0
76714, 41427049, 1, 0, 0
76800, 54795657, 1, 0, 0
76916, 44938042, 1, 0, 0
77014, 43421334, 1, 0, 0
77124, 64266141, 1, 0, 0
77264, 80720734, 1, 0, 0
77347, 139509241, 1, 0, 0
77420, 147500941, 1, 0, 0
77569, 142630902, 1, 0, 0
77643, 144211344, 1, 0, 0
77706, 78723082, 1, 0, 0
77817, 79261380, 1, 0, 0
77921, 46272649, 1, 0, 0
78006, 49800099, 1, 0, 0
78121, 53428792, 1, 0, 0
78209, 51711466, 1, 0, 0
78303, 58849766, 1, 0, 0
78402, 60302502, 1, 0, 0
78509, 53318238, 1, 0, 0
78617, 42081170, 1, 0, 0
78708, 43706872, 1, 0, 0
78812, 68453124, 1, 0, 0
78913, 45881208, 1, 0, 0
79022, 43410170, 1, 0, 0
79125, 65555871, 1, 0, 0
79233, 75937682, 1, 0, 0
79344, 107838213, 1, 0, 0
79473, 97885987, 1, 0, 0
79546, 128247082, 1, 0, 0
79622, 147397803, 1, 0, 0
79779, 142751868, 1, 0, 0
79849, 141640537, 1, 0, 0
79919, 112601340, 1, 0, 0
80042, 135996202, 1, 0, 0
80103, 76014445, 1, 0, 0
80230, 40975680, 1, 0, 0
80306, 43929913, 1, 0, 0
80413, 45524926, 1, 0, 0
80522, 49467638, 1, 0, 0
80606, 45621444, 1, 0, 0
80710, 47467925, 1, 0, 0
80824, 46630758, 1, 0, 0
80914, 43208121, 1, 0, 0
81002, 57701753, 1, 0, 0
81105, 47169608, 1, 0, 0
81211, 43240397, 1, 0, 0
81328, 44768046, 1, 0, 0
81413, 49120971, 1, 0, 0
81501, 48197799, 1, 0, 0
81608, 61833910, 1, 0, 0
81745, 112166404, 1, 0, 0
81816, 134672055, 1, 0, 0
81964, 108788701, 1, 0, 0
82032, 133306825, 1, 0, 0
82109, 135979186, 1, 0, 0
82247, 110754727, 1, 0, 0
82306, 110496040, 1, 0, 0
82406, 51927341, 1, 0, 0
82509, 46565367, 1, 0, 0
82610, 43957030, 1, 0, 0
82705, 46725151, 1, 0, 0
82800, 54150421, 1, 0, 0
82912, 54129279, 1, 0, 0
83020, 48513940, 1, 0, 0
83100, 47191494, 1, 0, 0
83208, 52204510, 1, 0, 0
83305, 42096289, 1, 0, 0
83412, 50457691, 1, 0, 0
83500, 56232996, 1, 0, 0
83603, 52347712, 1, 0, 0
83700, 42836996, 1, 0, 0
83837, 78109572, 1, 0, 0
83904, 135485077, 1, 0, 0
84046, 140044241, 1, 0, 0
84118, 137498121, 1, 0, 0
84229, 120201984, 1, 0, 0
84328, 94138500, 1, 0, 0
84422, 80107764, 1, 0, 0
84512, 36913374, 1, 0, 0
84608, 56107997, 1, 0, 0
84722, 49347156, 1, 0, 0
84807, 43799174, 1, 0, 0
84901, 46758785, 1, 0, 0
85007, 45026927, 1, 0, 0
85118, 53626665, 1, 0, 0
85219, 54376458, 1, 0, 0
85302, 42560675, 1, 0, 0
85411, 50303170, 1, 0, 0
85517, 48453796, 1, 0, 0
85629, 40078405, 1, 0, 0
85711, 49122264, 1, 0, 0
85800, 56517111, 1, 0, 0
85919, 53788389, 1, 0, 0
86000, 53027911, 1, 0, 0
86139, 89322726, 1, 0, 0
86207, 75613148, 1, 0, 0
86349, 124357016, 1, 0, 0
86427, 140410506, 1, 0, 0
86565, 142374095, 1, 0, 0
86600, 107445542, 1, 0, 0
86706, 36051718, 1, 0, 0
86814, 53550499, 1, 0, 0
86912, 47774798, 1, 0, 0
87021, 48764534, 1, 0, 0
87114, 52987800, 1, 0, 0
87212, 44225590, 1, 0, 0
87318, 41072566, 1, 0, 0
87410, 54152337, 1, 0, 0
87516, 42836918, 1, 0, 0
87623, 50482854, 1, 0, 0
87704, 51875754, 1, 0, 0
87802, 52207106, 1, 0, 0
87927, 47967166, 1, 0, 0
88012, 51768134, 1, 0, 0
88117, 49949840, 1, 0, 0
88220, 53512893, 1, 0, 0
88383, 84260216, 1, 0, 0
88457, 160866192, 1, 0, 0
88529, 149932960, 1, 0, 0
88613, 143977898, 1, 0, 0
88756, 147034240, 1, 0, 0
88815, 137989881, 1, 0, 0
88913, 96934069, 1, 0, 0
89000, 39608905, 1, 0, 0
89102, 46183663, 1, 0, 0
89204, 46313854, 1, 0, 0
89301, 53770701, 1, 0, 0
89423, 40244899, 1, 0, 0
89520, 39816168, 1, 0, 0
89600, 53534510, 1, 0, 0
89711, 46686789, 1, 0, 0
89823, 46636074, 1, 0, 0
89909, 49389764, 1, 0, 0
90019, 52466317, 1, 0, 0
90042, 60791093, 1, 0, 0
