250, 48640, 1, 0, 0
350, 42240, 1, 0, 0
450, 28480, 1, 0, 0
550, 41920, 1, 0, 0
650, 35520, 1, 0, 0
749, 30707, 1, 0, 0
849, 34560, 1, 0, 0
949, 7680, 1, 0, 0
1049, 13120, 1, 0, 0
1150, 21760, 1, 0, 0
1249, 14545, 1, 0, 0
1349, 6400, 1, 0, 0
1449, 27200, 1, 0, 0
1549, 44160, 1, 0, 0
1649, 44160, 1, 0, 0
1749, 31040, 1, 0, 0
1850, 45120, 1, 0, 0
1950, 47680, 1, 0, 0
2050, 36480, 1, 0, 0
2150, 44800, 1, 0, 0
2249, 42020, 1, 0, 0
2349, 37440, 1, 0, 0
2449, 46080, 1, 0, 0
2549, 39360, 1, 0, 0
2649, 41600, 1, 0, 0
2749, 44160, 1, 0, 0
2850, 39680, 1, 0, 0
2950, 50560, 1, 0, 0
3050, 21120, 1, 0, 0
3150, 9280, 1, 0, 0
3249, 12929, 1, 0, 0
3349, 26560, 1, 0, 0
3449, 13120, 1, 0, 0
3550, 9600, 1, 0, 0
3650, 20800, 1, 0, 0
3749, 33616, 1, 0, 0
3849, 44800, 1, 0, 0
3949, 28480, 1, 0, 0
4049, 41920, 1, 0, 0
4149, 34240, 1, 0, 0
4250, 47040, 1, 0, 0
4350, 41920, 1, 0, 0
4450, 48640, 1, 0, 0
4550, 34560, 1, 0, 0
4650, 47680, 1, 0, 0
4749, 43636, 1, 0, 0
4849, 50240, 1, 0, 0
4949, 29760, 1, 0, 0
5049, 45120, 1, 0, 0
5150, 35200, 1, 0, 0
5250, 20160, 1, 0, 0
5350, 21120, 1, 0, 0
5450, 8000, 1, 0, 0
5550, 12800, 1, 0, 0
5650, 21760, 1, 0, 0
5749, 8727, 1, 0, 0
5849, 12800, 1, 0, 0
5949, 44480, 1, 0, 0
6050, 47680, 1, 0, 0
6150, 41280, 1, 0, 0
6249, 50424, 1, 0, 0
6349, 40640, 1, 0, 0
6449, 45120, 1, 0, 0
6549, 42880, 1, 0, 0
6649, 32960, 1, 0, 0
6749, 50560, 1, 0, 0
6849, 39680, 1, 0, 0
6949, 47040, 1, 0, 0
7049, 32640, 1, 0, 0
7149, 41920, 1, 0, 0
7250, 41600, 1, 0, 0
7350, 39360, 1, 0, 0
7450, 21760, 1, 0, 0
7550, 20800, 1, 0, 0
7650, 12160, 1, 0, 0
7749, 25535, 1, 0, 0
7849, 5440, 1, 0, 0
7949, 17280, 1, 0, 0
8050, 24640, 1, 0, 0
8150, 21120, 1, 0, 0
8249, 42343, 1, 0, 0
8349, 56640, 1, 0, 0
8449, 48640, 1, 0, 0
8549, 37440, 1, 0, 0
8649, 47680, 1, 0, 0
8749, 47040, 1, 0, 0
8849, 41280, 1, 0, 0
8949, 43200, 1, 0, 0
9050, 41600, 1, 0, 0
9150, 41600, 1, 0, 0
9249, 49131, 1, 0, 0
9349, 32640, 1, 0, 0
9449, 43840, 1, 0, 0
9549, 41600, 1, 0, 0
9649, 18240, 1, 0, 0
9749, 16000, 1, 0, 0
9849, 22720, 1, 0, 0
9949, 15360, 1, 0, 0
10049, 20480, 1, 0, 0
10150, 20800, 1, 0, 0
10249, 21010, 1, 0, 0
10349, 20800, 1, 0, 0
10449, 27200, 1, 0, 0
10549, 41920, 1, 0, 0
10649, 48320, 1, 0, 0
10749, 45120, 1, 0, 0
10849, 32960, 1, 0, 0
10949, 42880, 1, 0, 0
11050, 38720, 1, 0, 0
11150, 41600, 1, 0, 0
11249, 46868, 1, 0, 0
11349, 29760, 1, 0, 0
11449, 40960, 1, 0, 0
11549, 49920, 1, 0, 0
11649, 32960, 1, 0, 0
11749, 48000, 1, 0, 0
11849, 31360, 1, 0, 0
11949, 9920, 1, 0, 0
12050, 24960, 1, 0, 0
12150, 6720, 1, 0, 0
12249, 21010, 1, 0, 0
12349, 19520, 1, 0, 0
12449, 20800, 1, 0, 0
12549, 22080, 1, 0, 0
12649, 41600, 1, 0, 0
12750, 28480, 1, 0, 0
12850, 42240, 1, 0, 0
12950, 42880, 1, 0, 0
13050, 29440, 1, 0, 0
13150, 38720, 1, 0, 0
13249, 52040, 1, 0, 0
13349, 40640, 1, 0, 0
13449, 33600, 1, 0, 0
13549, 42560, 1, 0, 0
13649, 38720, 1, 0, 0
13749, 26240, 1, 0, 0
13849, 44160, 1, 0, 0
13949, 50560, 1, 0, 0
14050, 20800, 1, 0, 0
14150, 21120, 1, 0, 0
14249, 14868, 1, 0, 0
14349, 23360, 1, 0, 0
14449, 5440, 1, 0, 0
14549, 20800, 1, 0, 0
14649, 23680, 1, 0, 0
14750, 21440, 1, 0, 0
14850, 42560, 1, 0, 0
14950, 38080, 1, 0, 0
15050, 41600, 1, 0, 0
15150, 33280, 1, 0, 0
15249, 50424, 1, 0, 0
15349, 29120, 1, 0, 0
15449, 33920, 1, 0, 0
15549, 43520, 1, 0, 0
15649, 48320, 1, 0, 0
15750, 41600, 1, 0, 0
15850, 42560, 1, 0, 0
15950, 42560, 1, 0, 0
16050, 45440, 1, 0, 0
16150, 37760, 1, 0, 0
16249, 21010, 1, 0, 0
16349, 12800, 1, 0, 0
16449, 8000, 1, 0, 0
16550, 24640, 1, 0, 0
16650, 12800, 1, 0, 0
16749, 9696, 1, 0, 0
16849, 21120, 1, 0, 0
16949, 32960, 1, 0, 0
17049, 57600, 1, 0, 0
17149, 41920, 1, 0, 0
17249, 27200, 1, 0, 0
17349, 44800, 1, 0, 0
17449, 25280, 1, 0, 0
17550, 43840, 1, 0, 0
17650, 51840, 1, 0, 0
17749, 42343, 1, 0, 0
17849, 48640, 1, 0, 0
17949, 44160, 1, 0, 0
18049, 35840, 1, 0, 0
18149, 34560, 1, 0, 0
18249, 51520, 1, 0, 0
18349, 33920, 1, 0, 0
18449, 7680, 1, 0, 0
18550, 23040, 1, 0, 0
18650, 11520, 1, 0, 0
18749, 9373, 1, 0, 0
18849, 22080, 1, 0, 0
18949, 10560, 1, 0, 0
19049, 23360, 1, 0, 0
19149, 32000, 1, 0, 0
19249, 45120, 1, 0, 0
19349, 29760, 1, 0, 0
19450, 35520, 1, 0, 0
19550, 47680, 1, 0, 0
19650, 36480, 1, 0, 0
19749, 41050, 1, 0, 0
19849, 43520, 1, 0, 0
19949, 40960, 1, 0, 0
20049, 41920, 1, 0, 0
20149, 52800, 1, 0, 0
20249, 43200, 1, 0, 0
20350, 28800, 1, 0, 0
20450, 51200, 1, 0, 0
20550, 31680, 1, 0, 0
20650, 20800, 1, 0, 0
20749, 10666, 1, 0, 0
20849, 20800, 1, 0, 0
20949, 10240, 1, 0, 0
21049, 20800, 1, 0, 0
21149, 10880, 1, 0, 0
21250, 41920, 1, 0, 0
21350, 30400, 1, 0, 0
21450, 47040, 1, 0, 0
21550, 45760, 1, 0, 0
21650, 41280, 1, 0, 0
21749, 41696, 1, 0, 0
21849, 41920, 1, 0, 0
21949, 49600, 1, 0, 0
22049, 43520, 1, 0, 0
22150, 36160, 1, 0, 0
22249, 39434, 1, 0, 0
22349, 52160, 1, 0, 0
22449, 26240, 1, 0, 0
22549, 53120, 1, 0, 0
22649, 41920, 1, 0, 0
22749, 42880, 1, 0, 0
22849, 20800, 1, 0, 0
22949, 20480, 1, 0, 0
23050, 20800, 1, 0, 0
23150, 15040, 1, 0, 0
23249, 8727, 1, 0, 0
23349, 22080, 1, 0, 0
23449, 16640, 1, 0, 0
23549, 28800, 1, 0, 0
23649, 48000, 1, 0, 0
23749, 49600, 1, 0, 0
23850, 39680, 1, 0, 0
23950, 41600, 1, 0, 0
24050, 48000, 1, 0, 0
24150, 33280, 1, 0, 0
24249, 42020, 1, 0, 0
24349, 54400, 1, 0, 0
24449, 47360, 1, 0, 0
24549, 28800, 1, 0, 0
24649, 36480, 1, 0, 0
24750, 40320, 1, 0, 0
24850, 53440, 1, 0, 0
24950, 32000, 1, 0, 0
25050, 17600, 1, 0, 0
25150, 20800, 1, 0, 0
25249, 15515, 1, 0, 0
25349, 10880, 1, 0, 0
25450, 20800, 1, 0, 0
25550, 12480, 1, 0, 0
25650, 20800, 1, 0, 0
25749, 30707, 1, 0, 0
25849, 45120, 1, 0, 0
25949, 38080, 1, 0, 0
26049, 48320, 1, 0, 0
26149, 40320, 1, 0, 0
26249, 41600, 1, 0, 0
26349, 44160, 1, 0, 0
26449, 37760, 1, 0, 0
26549, 42880, 1, 0, 0
26650, 28800, 1, 0, 0
26749, 51070, 1, 0, 0
26849, 33600, 1, 0, 0
26949, 42240, 1, 0, 0
27049, 41920, 1, 0, 0
27149, 25920, 1, 0, 0
27249, 9920, 1, 0, 0
27349, 10880, 1, 0, 0
27449, 20800, 1, 0, 0
27550, 19520, 1, 0, 0
27650, 20800, 1, 0, 0
27749, 21010, 1, 0, 0
27849, 20800, 1, 0, 0
27949, 41600, 1, 0, 0
28049, 26240, 1, 0, 0
28149, 65920, 1, 0, 0
28249, 30080, 1, 0, 0
28350, 53120, 1, 0, 0
28450, 28480, 1, 0, 0
28550, 60800, 1, 0, 0
28650, 35200, 1, 0, 0
28749, 46545, 1, 0, 0
28849, 52480, 1, 0, 0
28949, 41600, 1, 0, 0
29049, 41920, 1, 0, 0
29149, 41280, 1, 0, 0
29249, 50880, 1, 0, 0
29349, 27200, 1, 0, 0
29449, 21760, 1, 0, 0
29550, 15680, 1, 0, 0
29650, 5120, 1, 0, 0
29749, 24888, 1, 0, 0
29849, 11840, 1, 0, 0
29949, 20800, 1, 0, 0
30049, 10240, 1, 0, 0
30149, 54080, 1, 0, 0
30249, 35520, 1, 0, 0
30350, 37120, 1, 0, 0
30450, 41600, 1, 0, 0
30550, 37760, 1, 0, 0
30650, 43520, 1, 0, 0
30749, 43313, 1, 0, 0
30849, 41920, 1, 0, 0
30949, 44480, 1, 0, 0
31049, 42240, 1, 0, 0
31149, 36160, 1, 0, 0
31249, 47360, 1, 0, 0
31349, 45120, 1, 0, 0
31450, 28800, 1, 0, 0
31550, 35520, 1, 0, 0
31650, 20800, 1, 0, 0
31749, 19393, 1, 0, 0
31849, 22400, 1, 0, 0
31949, 2560, 1, 0, 0
32049, 18240, 1, 0, 0
32149, 20800, 1, 0, 0
32250, 21120, 1, 0, 0
32350, 32960, 1, 0, 0
32450, 42880, 1, 0, 0
32550, 43200, 1, 0, 0
32650, 42560, 1, 0, 0
32749, 45575, 1, 0, 0
32849, 39360, 1, 0, 0
32949, 41280, 1, 0, 0
33049, 51200, 1, 0, 0
33149, 35200, 1, 0, 0
33249, 44160, 1, 0, 0
33349, 36480, 1, 0, 0
33449, 37440, 1, 0, 0
33550, 44800, 1, 0, 0
33650, 46720, 1, 0, 0
33749, 33292, 1, 0, 0
33849, 12480, 1, 0, 0
33949, 21760, 1, 0, 0
34049, 10240, 1, 0, 0
34149, 23360, 1, 0, 0
34249, 9600, 1, 0, 0
34349, 11200, 1, 0, 0
34450, 20800, 1, 0, 0
34550, 20800, 1, 0, 0
34650, 43840, 1, 0, 0
34749, 43313, 1, 0, 0
34849, 37760, 1, 0, 0
34949, 49600, 1, 0, 0
35049, 45440, 1, 0, 0
35149, 43520, 1, 0, 0
35249, 41920, 1, 0, 0
35349, 41600, 1, 0, 0
35450, 44800, 1, 0, 0
35550, 31680, 1, 0, 0
35650, 41600, 1, 0, 0
35749, 45898, 1, 0, 0
35849, 32960, 1, 0, 0
35949, 44160, 1, 0, 0
36049, 20480, 1, 0, 0
36149, 20800, 1, 0, 0
36249, 14720, 1, 0, 0
36350, 6080, 1, 0, 0
36450, 20800, 1, 0, 0
36550, 15040, 1, 0, 0
36650, 20800, 1, 0, 0
36749, 27474, 1, 0, 0
36849, 43200, 1, 0, 0
36949, 37120, 1, 0, 0
37049, 42560, 1, 0, 0
37149, 46400, 1, 0, 0
37250, 36160, 1, 0, 0
37350, 33600, 1, 0, 0
37450, 47680, 1, 0, 0
37550, 37760, 1, 0, 0
37650, 40960, 1, 0, 0
37749, 45898, 1, 0, 0
37849, 58240, 1, 0, 0
37949, 20800, 1, 0, 0
38049, 42560, 1, 0, 0
38149, 26240, 1, 0, 0
38249, 28480, 1, 0, 0
38349, 20480, 1, 0, 0
38450, 640, 1, 0, 0
38550, 28800, 1, 0, 0
38650, 19520, 1, 0, 0
38749, 15191, 1, 0, 0
38849, 8960, 1, 0, 0
38949, 33280, 1, 0, 0
39049, 33600, 1, 0, 0
39149, 50880, 1, 0, 0
39250, 41280, 1, 0, 0
39350, 41600, 1, 0, 0
39450, 40640, 1, 0, 0
39550, 50560, 1, 0, 0
39650, 34560, 1, 0, 0
39749, 41050, 1, 0, 0
39849, 42880, 1, 0, 0
39949, 45440, 1, 0, 0
40049, 32320, 1, 0, 0
40149, 60480, 1, 0, 0
40250, 42240, 1, 0, 0
40350, 24960, 1, 0, 0
40450, 20480, 1, 0, 0
40550, 24320, 1, 0, 0
40650, 13440, 1, 0, 0
40749, 21010, 1, 0, 0
40849, 14400, 1, 0, 0
40949, 20800, 1, 0, 0
41050, 21120, 1, 0, 0
41150, 42560, 1, 0, 0
41249, 40080, 1, 0, 0
41349, 45440, 1, 0, 0
41449, 28800, 1, 0, 0
41549, 42880, 1, 0, 0
41649, 49600, 1, 0, 0
41749, 51840, 1, 0, 0
41850, 41280, 1, 0, 0
41950, 46400, 1, 0, 0
42050, 41600, 1, 0, 0
42150, 48320, 1, 0, 0
42249, 34585, 1, 0, 0
42349, 44160, 1, 0, 0
42449, 47040, 1, 0, 0
42549, 9600, 1, 0, 0
42649, 20800, 1, 0, 0
42749, 19520, 1, 0, 0
42850, 21440, 1, 0, 0
42950, 1280, 1, 0, 0
43050, 20800, 1, 0, 0
43150, 24320, 1, 0, 0
43249, 23919, 1, 0, 0
43349, 39360, 1, 0, 0
43449, 47680, 1, 0, 0
43549, 44160, 1, 0, 0
43649, 44480, 1, 0, 0
43749, 49600, 1, 0, 0
43849, 43520, 1, 0, 0
43950, 41920, 1, 0, 0
44050, 45440, 1, 0, 0
44150, 44480, 1, 0, 0
44249, 24242, 1, 0, 0
44349, 62080, 1, 0, 0
44449, 37760, 1, 0, 0
44549, 43520, 1, 0, 0
44649, 41920, 1, 0, 0
44749, 20800, 1, 0, 0
44849, 15680, 1, 0, 0
44950, 20800, 1, 0, 0
45050, 7680, 1, 0, 0
45150, 21120, 1, 0, 0
45249, 26828, 1, 0, 0
45349, 8320, 1, 0, 0
45449, 38400, 1, 0, 0
45549, 41600, 1, 0, 0
45649, 40320, 1, 0, 0
45750, 51840, 1, 0, 0
45850, 37120, 1, 0, 0
45950, 41600, 1, 0, 0
46050, 48320, 1, 0, 0
46150, 32960, 1, 0, 0
46249, 49454, 1, 0, 0
46349, 43520, 1, 0, 0
46449, 34880, 1, 0, 0
46549, 60160, 1, 0, 0
46649, 31360, 1, 0, 0
46750, 42560, 1, 0, 0
46850, 42240, 1, 0, 0
46950, 20480, 1, 0, 0
47050, 20800, 1, 0, 0
47150, 3520, 1, 0, 0
47249, 21010, 1, 0, 0
47349, 17280, 1, 0, 0
47449, 20800, 1, 0, 0
47550, 5440, 1, 0, 0
47650, 36160, 1, 0, 0
47749, 34909, 1, 0, 0
47849, 41920, 1, 0, 0
47949, 40960, 1, 0, 0
48049, 45120, 1, 0, 0
48149, 37120, 1, 0, 0
48249, 52160, 1, 0, 0
48349, 42560, 1, 0, 0
48449, 31360, 1, 0, 0
48550, 55360, 1, 0, 0
48650, 31040, 1, 0, 0
48749, 54303, 1, 0, 0
48849, 30080, 1, 0, 0
48949, 52800, 1, 0, 0
49049, 36480, 1, 0, 0
49149, 24960, 1, 0, 0
49249, 18560, 1, 0, 0
49349, 21120, 1, 0, 0
49449, 8960, 1, 0, 0
49550, 11840, 1, 0, 0
49650, 11200, 1, 0, 0
49749, 21010, 1, 0, 0
49849, 23680, 1, 0, 0
49949, 41920, 1, 0, 0
50049, 29440, 1, 0, 0
50149, 41920, 1, 0, 0
50249, 42560, 1, 0, 0
50349, 41920, 1, 0, 0
50449, 45120, 1, 0, 0
50550, 34560, 1, 0, 0
50650, 55680, 1, 0, 0
50749, 29090, 1, 0, 0
50849, 44160, 1, 0, 0
50949, 31680, 1, 0, 0
51049, 42560, 1, 0, 0
51149, 34560, 1, 0, 0
51249, 47040, 1, 0, 0
51349, 35840, 1, 0, 0
51449, 5760, 1, 0, 0
51550, 20800, 1, 0, 0
51650, 17600, 1, 0, 0
51749, 5818, 1, 0, 0
51849, 21120, 1, 0, 0
51949, 23360, 1, 0, 0
52049, 22400, 1, 0, 0
52149, 50560, 1, 0, 0
52250, 39360, 1, 0, 0
52350, 46080, 1, 0, 0
52450, 39360, 1, 0, 0
52550, 57600, 1, 0, 0
52650, 41920, 1, 0, 0
52749, 29737, 1, 0, 0
52849, 50880, 1, 0, 0
52949, 42240, 1, 0, 0
53049, 33600, 1, 0, 0
53149, 47680, 1, 0, 0
53250, 46720, 1, 0, 0
53350, 43200, 1, 0, 0
53450, 26880, 1, 0, 0
53550, 20480, 1, 0, 0
53650, 21440, 1, 0, 0
53749, 24242, 1, 0, 0
53849, 6720, 1, 0, 0
53949, 20800, 1, 0, 0
54050, 15040, 1, 0, 0
54150, 27840, 1, 0, 0
54249, 21979, 1, 0, 0
54349, 48000, 1, 0, 0
54449, 45760, 1, 0, 0
54549, 25600, 1, 0, 0
54649, 51200, 1, 0, 0
54749, 41280, 1, 0, 0
54849, 31040, 1, 0, 0
54949, 36160, 1, 0, 0
55050, 41920, 1, 0, 0
55150, 43520, 1, 0, 0
55249, 42343, 1, 0, 0
55349, 41920, 1, 0, 0
55449, 41920, 1, 0, 0
55549, 35840, 1, 0, 0
55649, 42880, 1, 0, 0
55750, 29120, 1, 0, 0
55850, 20800, 1, 0, 0
55950, 7360, 1, 0, 0
56050, 23040, 1, 0, 0
56150, 17600, 1, 0, 0
56249, 4525, 1, 0, 0
56349, 32640, 1, 0, 0
56450, 22400, 1, 0, 0
56550, 42880, 1, 0, 0
56650, 41600, 1, 0, 0
56749, 42343, 1, 0, 0
56849, 40640, 1, 0, 0
56949, 44800, 1, 0, 0
57049, 24000, 1, 0, 0
57149, 40960, 1, 0, 0
57249, 43840, 1, 0, 0
57349, 39040, 1, 0, 0
57449, 46080, 1, 0, 0
57550, 42560, 1, 0, 0
57650, 40320, 1, 0, 0
57749, 25858, 1, 0, 0
57849, 57280, 1, 0, 0
57949, 21120, 1, 0, 0
58049, 9920, 1, 0, 0
58149, 22720, 1, 0, 0
58249, 15360, 1, 0, 0
58350, 20800, 1, 0, 0
58450, 5760, 1, 0, 0
58550, 41920, 1, 0, 0
58650, 41280, 1, 0, 0
58749, 45898, 1, 0, 0
58849, 46080, 1, 0, 0
58949, 30720, 1, 0, 0
59049, 65280, 1, 0, 0
59149, 23360, 1, 0, 0
59250, 44480, 1, 0, 0
59350, 38400, 1, 0, 0
59450, 36800, 1, 0, 0
59550, 21120, 1, 0, 0
59650, 21120, 1, 0, 0
59749, 31353, 1, 0, 0
59849, 36160, 1, 0, 0
59949, 38720, 1, 0, 0
60050, 23680, 1, 0, 0
60150, 19200, 1, 0, 0
60249, 7111, 1, 0, 0
60349, 13760, 1, 0, 0
60449, 7040, 1, 0, 0
60549, 16320, 1, 0, 0
60649, 20800, 1, 0, 0
60750, 16320, 1, 0, 0
60850, 12480, 1, 0, 0
60950, 43840, 1, 0, 0
61050, 39360, 1, 0, 0
61150, 41280, 1, 0, 0
61249, 42343, 1, 0, 0
61349, 28160, 1, 0, 0
61449, 44480, 1, 0, 0
61549, 37440, 1, 0, 0
61649, 56960, 1, 0, 0
61750, 43840, 1, 0, 0
61850, 35200, 1, 0, 0
61950, 52160, 1, 0, 0
62050, 41600, 1, 0, 0
62150, 35520, 1, 0, 0
62249, 7111, 1, 0, 0
62349, 21440, 1, 0, 0
62449, 13120, 1, 0, 0
62550, 20800, 1, 0, 0
62650, 8000, 1, 0, 0
62749, 21010, 1, 0, 0
62849, 12800, 1, 0, 0
62949, 30080, 1, 0, 0
63049, 49600, 1, 0, 0
63149, 33280, 1, 0, 0
63249, 37760, 1, 0, 0
63350, 49600, 1, 0, 0
63450, 33280, 1, 0, 0
63550, 31040, 1, 0, 0
63650, 39680, 1, 0, 0
63749, 34585, 1, 0, 0
63849, 41600, 1, 0, 0
63949, 36160, 1, 0, 0
64049, 42560, 1, 0, 0
64149, 38080, 1, 0, 0
64250, 24960, 1, 0, 0
64350, 24000, 1, 0, 0
64450, 6080, 1, 0, 0
64550, 14720, 1, 0, 0
64650, 6080, 1, 0, 0
64749, 15191, 1, 0, 0
64849, 5760, 1, 0, 0
64949, 15040, 1, 0, 0
65050, 21120, 1, 0, 0
65150, 41920, 1, 0, 0
65249, 23272, 1, 0, 0
65349, 20800, 1, 0, 0
65449, 40000, 1, 0, 0
65549, 51520, 1, 0, 0
65649, 30400, 1, 0, 0
65749, 32960, 1, 0, 0
65849, 47360, 1, 0, 0
65949, 34240, 1, 0, 0
66049, 33280, 1, 0, 0
66150, 43520, 1, 0, 0
66249, 34262, 1, 0, 0
66349, 8000, 1, 0, 0
66449, 12800, 1, 0, 0
66549, 21440, 1, 0, 0
66649, 11840, 1, 0, 0
66750, 8960, 1, 0, 0
66850, 20800, 1, 0, 0
66950, 20800, 1, 0, 0
67050, 43840, 1, 0, 0
67150, 39680, 1, 0, 0
67249, 42020, 1, 0, 0
67349, 30400, 1, 0, 0
67449, 47040, 1, 0, 0
67549, 43200, 1, 0, 0
67649, 41920, 1, 0, 0
67750, 41600, 1, 0, 0
67850, 37120, 1, 0, 0
67950, 41600, 1, 0, 0
68050, 36160, 1, 0, 0
68150, 37760, 1, 0, 0
68249, 35555, 1, 0, 0
68349, 41920, 1, 0, 0
68449, 33920, 1, 0, 0
68550, 20800, 1, 0, 0
68650, 9920, 1, 0, 0
68749, 25858, 1, 0, 0
68849, 7040, 1, 0, 0
68949, 13760, 1, 0, 0
69049, 12480, 1, 0, 0
69149, 43200, 1, 0, 0
69249, 35520, 1, 0, 0
69350, 47680, 1, 0, 0
69450, 41280, 1, 0, 0
69550, 35200, 1, 0, 0
69650, 43520, 1, 0, 0
69749, 32000, 1, 0, 0
69849, 56640, 1, 0, 0
69949, 27840, 1, 0, 0
70049, 54400, 1, 0, 0
70149, 34240, 1, 0, 0
70249, 43200, 1, 0, 0
70349, 41280, 1, 0, 0
70450, 29440, 1, 0, 0
70550, 41920, 1, 0, 0
70650, 43520, 1, 0, 0
70749, 16484, 1, 0, 0
70849, 20800, 1, 0, 0
70949, 4800, 1, 0, 0
71049, 16320, 1, 0, 0
71149, 23680, 1, 0, 0
71249, 15680, 1, 0, 0
71350, 18560, 1, 0, 0
71450, 24640, 1, 0, 0
71550, 54720, 1, 0, 0
71650, 43200, 1, 0, 0
71749, 33292, 1, 0, 0
71849, 38400, 1, 0, 0
71949, 44160, 1, 0, 0
72049, 39040, 1, 0, 0
72149, 41280, 1, 0, 0
72250, 53120, 1, 0, 0
72350, 24000, 1, 0, 0
72450, 52480, 1, 0, 0
72550, 43200, 1, 0, 0
72650, 29440, 1, 0, 0
72749, 35878, 1, 0, 0
72849, 27840, 1, 0, 0
72949, 20800, 1, 0, 0
73049, 16960, 1, 0, 0
73150, 4480, 1, 0, 0
73249, 16484, 1, 0, 0
73349, 4480, 1, 0, 0
73449, 22080, 1, 0, 0
73549, 15040, 1, 0, 0
73649, 23680, 1, 0, 0
73749, 32640, 1, 0, 0
73849, 31360, 1, 0, 0
73949, 32960, 1, 0, 0
74049, 33600, 1, 0, 0
74150, 44160, 1, 0, 0
74249, 28121, 1, 0, 0
74349, 43520, 1, 0, 0
74449, 34560, 1, 0, 0
74549, 50880, 1, 0, 0
74649, 46720, 1, 0, 0
74749, 42560, 1, 0, 0
74850, 30080, 1, 0, 0
74950, 20800, 1, 0, 0
75050, 21760, 1, 0, 0
75150, 13120, 1, 0, 0
75249, 7757, 1, 0, 0
75349, 21120, 1, 0, 0
75449, 14400, 1, 0, 0
75549, 20800, 1, 0, 0
75649, 40000, 1, 0, 0
75750, 41600, 1, 0, 0
75850, 35200, 1, 0, 0
75950, 61120, 1, 0, 0
76050, 41280, 1, 0, 0
76150, 24960, 1, 0, 0
76249, 59151, 1, 0, 0
76349, 42240, 1, 0, 0
76449, 36800, 1, 0, 0
76549, 28480, 1, 0, 0
76649, 44480, 1, 0, 0
76750, 42560, 1, 0, 0
76850, 44160, 1, 0, 0
76950, 36160, 1, 0, 0
77050, 37120, 1, 0, 0
77150, 22400, 1, 0, 0
77249, 18101, 1, 0, 0
77349, 21120, 1, 0, 0
77449, 3520, 1, 0, 0
77550, 17280, 1, 0, 0
77650, 21120, 1, 0, 0
77749, 30060, 1, 0, 0
77849, 41920, 1, 0, 0
77949, 40320, 1, 0, 0
78049, 44480, 1, 0, 0
78149, 41280, 1, 0, 0
78249, 44160, 1, 0, 0
78349, 44480, 1, 0, 0
78449, 22080, 1, 0, 0
78550, 57920, 1, 0, 0
78650, 45440, 1, 0, 0
78749, 21979, 1, 0, 0
78849, 50560, 1, 0, 0
78949, 38720, 1, 0, 0
79049, 36480, 1, 0, 0
79149, 29440, 1, 0, 0
79249, 12480, 1, 0, 0
79349, 25600, 1, 0, 0
79449, 21120, 1, 0, 0
79549, 9280, 1, 0, 0
79650, 11520, 1, 0, 0
79750, 20800, 1, 0, 0
79850, 10880, 1, 0, 0
79950, 25280, 1, 0, 0
80050, 20800, 1, 0, 0
80150, 41600, 1, 0, 0
80249, 44929, 1, 0, 0
80349, 41600, 1, 0, 0
80449, 45120, 1, 0, 0
80550, 43840, 1, 0, 0
80650, 33920, 1, 0, 0
80749, 42020, 1, 0, 0
80849, 32320, 1, 0, 0
80949, 44800, 1, 0, 0
81049, 31360, 1, 0, 0
81149, 36160, 1, 0, 0
81249, 41600, 1, 0, 0
81349, 37440, 1, 0, 0
81449, 63680, 1, 0, 0
81549, 25280, 1, 0, 0
81649, 16320, 1, 0, 0
81750, 20800, 1, 0, 0
81850, 6080, 1, 0, 0
81950, 21120, 1, 0, 0
82050, 14400, 1, 0, 0
82150, 6400, 1, 0, 0
82249, 21656, 1, 0, 0
82349, 45440, 1, 0, 0
82449, 48960, 1, 0, 0
82550, 50560, 1, 0, 0
82650, 48960, 1, 0, 0
82749, 31030, 1, 0, 0
82849, 50880, 1, 0, 0
82949, 43520, 1, 0, 0
83049, 42240, 1, 0, 0
83149, 30400, 1, 0, 0
83249, 48960, 1, 0, 0
83349, 28480, 1, 0, 0
83449, 47040, 1, 0, 0
83550, 34560, 1, 0, 0
83650, 32000, 1, 0, 0
83749, 26181, 1, 0, 0
83849, 20800, 1, 0, 0
83949, 18240, 1, 0, 0
84049, 20800, 1, 0, 0
84149, 7360, 1, 0, 0
84250, 21120, 1, 0, 0
84350, 21440, 1, 0, 0
84450, 39040, 1, 0, 0
84550, 48960, 1, 0, 0
84650, 22720, 1, 0, 0
84749, 45252, 1, 0, 0
84849, 40320, 1, 0, 0
84949, 34560, 1, 0, 0
85049, 48960, 1, 0, 0
85149, 62400, 1, 0, 0
85250, 41600, 1, 0, 0
85350, 24960, 1, 0, 0
85450, 42240, 1, 0, 0
85550, 54400, 1, 0, 0
85650, 33600, 1, 0, 0
85749, 51070, 1, 0, 0
85849, 43840, 1, 0, 0
85949, 49920, 1, 0, 0
86050, 21760, 1, 0, 0
86150, 17600, 1, 0, 0
86249, 21010, 1, 0, 0
86349, 3520, 1, 0, 0
86449, 17600, 1, 0, 0
86549, 20800, 1, 0, 0
86649, 25600, 1, 0, 0
86749, 57920, 1, 0, 0
86849, 41600, 1, 0, 0
86949, 41920, 1, 0, 0
87049, 53120, 1, 0, 0
87149, 30080, 1, 0, 0
87250, 42560, 1, 0, 0
87350, 42240, 1, 0, 0
87450, 41600, 1, 0, 0
87550, 41920, 1, 0, 0
87650, 35520, 1, 0, 0
87749, 44282, 1, 0, 0
87849, 43520, 1, 0, 0
87949, 34880, 1, 0, 0
88049, 48000, 1, 0, 0
88149, 52800, 1, 0, 0
88250, 20800, 1, 0, 0
88350, 10880, 1, 0, 0
88450, 9920, 1, 0, 0
88550, 21120, 1, 0, 0
88650, 18880, 1, 0, 0
88749, 1939, 1, 0, 0
88849, 21760, 1, 0, 0
88949, 59520, 1, 0, 0
89049, 26240, 1, 0, 0
89149, 42880, 1, 0, 0
89250, 47040, 1, 0, 0
89350, 22720, 1, 0, 0
89450, 44480, 1, 0, 0
89550, 41600, 1, 0, 0
89650, 49920, 1, 0, 0
89749, 46868, 1, 0, 0
89849, 31040, 1, 0, 0
89949, 50240, 1, 0, 0
90049, 41280, 1, 0, 0
