250, 105472, 0, 0, 0
350, 104320, 0, 0, 0
450, 94400, 0, 0, 0
550, 84480, 0, 0, 0
650, 70400, 0, 0, 0
749, 71434, 0, 0, 0
849, 66880, 0, 0, 0
949, 42240, 0, 0, 0
1050, 88320, 0, 0, 0
1150, 98240, 0, 0, 0
1249, 78545, 0, 0, 0
1349, 93760, 0, 0, 0
1449, 80960, 0, 0, 0
1549, 106880, 0, 0, 0
1649, 72960, 0, 0, 0
1749, 85440, 0, 0, 0
1849, 102400, 0, 0, 0
1949, 103040, 0, 0, 0
2050, 61120, 0, 0, 0
2150, 81280, 0, 0, 0
2249, 60767, 0, 0, 0
2349, 40000, 0, 0, 0
2449, 80640, 0, 0, 0
2549, 113280, 0, 0, 0
2649, 59840, 0, 0, 0
2749, 71360, 0, 0, 0
2849, 81600, 0, 0, 0
2950, 73920, 0, 0, 0
3050, 37120, 0, 0, 0
3150, 80960, 0, 0, 0
3249, 85010, 0, 0, 0
3349, 105920, 0, 0, 0
3449, 86720, 0, 0, 0
3549, 114240, 0, 0, 0
3649, 66560, 0, 0, 0
3749, 75840, 0, 0, 0
3850, 92800, 0, 0, 0
3950, 116480, 0, 0, 0
4050, 52480, 0, 0, 0
4150, 117440, 0, 0, 0
4249, 99555, 0, 0, 0
4349, 62720, 0, 0, 0
4449, 96320, 0, 0, 0
4549, 108480, 0, 0, 0
4649, 59840, 0, 0, 0
4749, 85440, 0, 0, 0
4850, 106560, 0, 0, 0
4950, 74560, 0, 0, 0
5050, 88960, 0, 0, 0
5150, 99840, 0, 0, 0
5249, 74989, 0, 0, 0
5349, 30720, 0, 0, 0
5449, 71040, 0, 0, 0
5549, 73920, 0, 0, 0
5649, 52480, 0, 0, 0
5749, 66240, 0, 0, 0
5849, 46720, 0, 0, 0
5950, 102080, 0, 0, 0
6050, 95040, 0, 0, 0
6150, 68160, 0, 0, 0
6249, 63676, 0, 0, 0
6349, 80000, 0, 0, 0
6449, 74240, 0, 0, 0
6549, 74560, 0, 0, 0
6649, 71680, 0, 0, 0
6749, 106240, 0, 0, 0
6850, 71360, 0, 0, 0
6950, 63680, 0, 0, 0
7050, 47040, 0, 0, 0
7150, 69440, 0, 0, 0
7249, 81131, 0, 0, 0
7349, 43200, 0, 0, 0
7449, 48640, 0, 0, 0
7549, 38720, 0, 0, 0
7649, 72640, 0, 0, 0
7750, 42560, 0, 0, 0
7850, 54080, 0, 0, 0
7950, 75520, 0, 0, 0
8050, 122880, 0, 0, 0
8150, 70720, 0, 0, 0
8249, 63353, 0, 0, 0
8349, 80640, 0, 0, 0
8449, 72000, 0, 0, 0
8550, 92160, 0, 0, 0
8650, 70080, 0, 0, 0
8750, 109120, 0, 0, 0
8850, 104000, 0, 0, 0
8950, 71360, 0, 0, 0
9050, 90560, 0, 0, 0
9150, 119360, 0, 0, 0
9249, 84040, 0, 0, 0
9349, 73280, 0, 0, 0
9449, 36480, 0, 0, 0
9550, 56000, 0, 0, 0
9650, 75840, 0, 0, 0
9750, 46400, 0, 0, 0
9850, 99200, 0, 0, 0
9950, 79360, 0, 0, 0
10050, 90240, 0, 0, 0
10150, 76160, 0, 0, 0
10249, 92121, 0, 0, 0
10349, 83200, 0, 0, 0
10449, 91200, 0, 0, 0
10550, 72320, 0, 0, 0
10650, 48640, 0, 0, 0
10749, 42020, 0, 0, 0
10849, 84160, 0, 0, 0
10949, 96320, 0, 0, 0
11049, 101760, 0, 0, 0
11149, 69440, 0, 0, 0
11249, 48320, 0, 0, 0
11349, 78080, 0, 0, 0
11449, 65920, 0, 0, 0
11550, 63680, 0, 0, 0
11650, 97280, 0, 0, 0
11749, 114424, 0, 0, 0
11849, 44800, 0, 0, 0
11949, 99840, 0, 0, 0
12049, 84800, 0, 0, 0
12149, 86720, 0, 0, 0
12249, 67200, 0, 0, 0
12349, 98880, 0, 0, 0
12449, 92800, 0, 0, 0
12550, 109440, 0, 0, 0
12650, 96000, 0, 0, 0
12749, 91797, 0, 0, 0
12849, 71040, 0, 0, 0
12949, 53440, 0, 0, 0
13049, 112960, 0, 0, 0
13149, 98240, 0, 0, 0
13249, 74240, 0, 0, 0
13350, 108800, 0, 0, 0
13450, 121920, 0, 0, 0
13550, 101440, 0, 0, 0
13650, 110080, 0, 0, 0
13749, 68848, 0, 0, 0
13849, 72640, 0, 0, 0
13949, 64960, 0, 0, 0
14049, 107200, 0, 0, 0
14149, 100800, 0, 0, 0
14249, 65920, 0, 0, 0
14350, 71360, 0, 0, 0
14450, 111680, 0, 0, 0
14550, 108160, 0, 0, 0
14650, 55680, 0, 0, 0
14749, 94707, 0, 0, 0
14849, 59520, 0, 0, 0
14949, 43840, 0, 0, 0
15049, 75520, 0, 0, 0
15149, 55680, 0, 0, 0
15250, 67200, 0, 0, 0
15350, 47040, 0, 0, 0
15450, 86080, 0, 0, 0
15550, 107840, 0, 0, 0
15650, 113280, 0, 0, 0
15749, 58505, 0, 0, 0
15849, 81600, 0, 0, 0
15949, 88960, 0, 0, 0
16049, 94080, 0, 0, 0
16150, 110720, 0, 0, 0
16250, 104640, 0, 0, 0
16350, 96320, 0, 0, 0
16450, 68480, 0, 0, 0
16550, 40320, 0, 0, 0
16650, 95680, 0, 0, 0
16749, 109898, 0, 0, 0
16849, 108160, 0, 0, 0
16949, 89920, 0, 0, 0
17050, 23040, 0, 0, 0
17150, 66560, 0, 0, 0
17249, 83717, 0, 0, 0
17349, 99840, 0, 0, 0
17449, 80320, 0, 0, 0
17549, 50240, 0, 0, 0
17649, 71360, 0, 0, 0
17750, 93760, 0, 0, 0
17850, 93120, 0, 0, 0
17950, 72000, 0, 0, 0
18050, 102720, 0, 0, 0
18150, 67200, 0, 0, 0
18249, 35232, 0, 0, 0
18349, 59520, 0, 0, 0
18449, 73920, 0, 0, 0
18549, 70720, 0, 0, 0
18649, 99200, 0, 0, 0
18749, 58240, 0, 0, 0
18850, 100800, 0, 0, 0
18950, 39360, 0, 0, 0
19050, 76160, 0, 0, 0
19150, 112000, 0, 0, 0
19249, 114101, 0, 0, 0
19349, 74880, 0, 0, 0
19449, 109760, 0, 0, 0
19549, 66240, 0, 0, 0
19649, 74560, 0, 0, 0
19750, 79360, 0, 0, 0
19850, 77760, 0, 0, 0
19950, 50560, 0, 0, 0
20050, 78720, 0, 0, 0
20150, 56000, 0, 0, 0
20249, 64969, 0, 0, 0
20349, 69440, 0, 0, 0
20449, 29440, 0, 0, 0
20549, 112640, 0, 0, 0
20649, 86720, 0, 0, 0
20750, 63680, 0, 0, 0
20850, 85120, 0, 0, 0
20950, 83520, 0, 0, 0
21050, 56960, 0, 0, 0
21150, 93120, 0, 0, 0
21249, 67878, 0, 0, 0
21349, 90240, 0, 0, 0
21449, 74560, 0, 0, 0
21549, 75200, 0, 0, 0
21649, 84160, 0, 0, 0
21750, 103680, 0, 0, 0
21850, 93440, 0, 0, 0
21950, 92480, 0, 0, 0
22050, 110720, 0, 0, 0
22150, 73280, 0, 0, 0
22249, 101171, 0, 0, 0
22349, 102400, 0, 0, 0
22449, 116800, 0, 0, 0
22549, 43840, 0, 0, 0
22649, 57920, 0, 0, 0
22750, 63040, 0, 0, 0
22850, 85440, 0, 0, 0
22950, 92800, 0, 0, 0
23050, 115520, 0, 0, 0
23150, 101120, 0, 0, 0
23249, 74666, 0, 0, 0
23349, 95680, 0, 0, 0
23449, 115840, 0, 0, 0
23549, 96320, 0, 0, 0
23650, 48960, 0, 0, 0
23750, 104960, 0, 0, 0
23850, 100800, 0, 0, 0
23950, 48960, 0, 0, 0
24050, 22080, 0, 0, 0
24150, 59840, 0, 0, 0
24249, 90181, 0, 0, 0
24350, 74880, 0, 0, 0
24450, 119360, 0, 0, 0
24550, 62080, 0, 0, 0
24650, 99200, 0, 0, 0
24749, 88565, 0, 0, 0
24849, 79360, 0, 0, 0
24949, 46400, 0, 0, 0
25049, 36160, 0, 0, 0
25149, 42240, 0, 0, 0
25250, 90560, 0, 0, 0
25350, 109440, 0, 0, 0
25450, 92160, 0, 0, 0
25550, 99200, 0, 0, 0
25650, 60480, 0, 0, 0
25749, 80161, 0, 0, 0
25849, 63040, 0, 0, 0
25949, 73920, 0, 0, 0
26050, 65600, 0, 0, 0
26150, 105280, 0, 0, 0
26249, 100202, 0, 0, 0
26349, 87360, 0, 0, 0
26449, 60800, 0, 0, 0
26549, 55040, 0, 0, 0
26649, 96000, 0, 0, 0
26749, 80320, 0, 0, 0
26849, 76800, 0, 0, 0
26949, 44800, 0, 0, 0
27050, 91840, 0, 0, 0
27150, 67200, 0, 0, 0
27249, 82101, 0, 0, 0
27349, 98240, 0, 0, 0
27449, 87680, 0, 0, 0
27549, 47680, 0, 0, 0
27649, 19520, 0, 0, 0
27749, 42240, 0, 0, 0
27849, 70400, 0, 0, 0
27949, 73280, 0, 0, 0
28050, 75520, 0, 0, 0
28150, 46720, 0, 0, 0
28249, 69494, 0, 0, 0
28349, 69440, 0, 0, 0
28449, 80960, 0, 0, 0
28549, 73920, 0, 0, 0
28649, 89920, 0, 0, 0
28750, 60160, 0, 0, 0
28850, 95040, 0, 0, 0
28950, 96320, 0, 0, 0
29050, 57920, 0, 0, 0
29150, 73280, 0, 0, 0
29249, 38141, 0, 0, 0
29349, 45120, 0, 0, 0
29449, 110080, 0, 0, 0
29549, 98240, 0, 0, 0
29649, 56640, 0, 0, 0
29750, 56000, 0, 0, 0
29850, 96640, 0, 0, 0
29950, 58240, 0, 0, 0
30050, 92160, 0, 0, 0
30150, 47680, 0, 0, 0
30249, 113777, 0, 0, 0
30349, 72960, 0, 0, 0
30449, 115840, 0, 0, 0
30549, 100480, 0, 0, 0
30649, 40960, 0, 0, 0
30750, 58880, 0, 0, 0
30850, 62080, 0, 0, 0
30950, 71040, 0, 0, 0
31050, 17600, 0, 0, 0
31150, 98240, 0, 0, 0
31249, 69171, 0, 0, 0
31349, 86720, 0, 0, 0
31449, 107840, 0, 0, 0
31549, 68800, 0, 0, 0
31649, 119360, 0, 0, 0
31750, 57280, 0, 0, 0
31850, 115200, 0, 0, 0
31950, 125120, 0, 0, 0
32050, 52800, 0, 0, 0
32150, 79680, 0, 0, 0
32249, 86949, 0, 0, 0
32349, 96320, 0, 0, 0
32449, 108480, 0, 0, 0
32549, 130880, 0, 0, 0
32649, 54400, 0, 0, 0
32750, 91520, 0, 0, 0
32850, 90880, 0, 0, 0
32950, 114240, 0, 0, 0
33050, 88000, 0, 0, 0
33150, 52800, 0, 0, 0
33249, 96646, 0, 0, 0
33349, 52480, 0, 0, 0
33449, 93120, 0, 0, 0
33549, 37440, 0, 0, 0
33649, 76800, 0, 0, 0
33750, 76480, 0, 0, 0
33850, 98880, 0, 0, 0
33950, 106560, 0, 0, 0
34050, 96000, 0, 0, 0
34150, 102400, 0, 0, 0
34249, 93414, 0, 0, 0
34349, 128000, 0, 0, 0
34449, 111680, 0, 0, 0
34549, 114560, 0, 0, 0
34649, 91200, 0, 0, 0
34750, 96000, 0, 0, 0
34850, 102080, 0, 0, 0
34950, 110720, 0, 0, 0
35050, 113920, 0, 0, 0
35150, 45440, 0, 0, 0
35249, 53979, 0, 0, 0
35349, 76480, 0, 0, 0
35449, 92480, 0, 0, 0
35549, 97600, 0, 0, 0
35650, 94720, 0, 0, 0
35750, 31040, 0, 0, 0
35850, 111040, 0, 0, 0
35950, 29440, 0, 0, 0
36050, 29760, 0, 0, 0
36150, 105600, 0, 0, 0
36249, 74989, 0, 0, 0
36349, 80320, 0, 0, 0
36449, 116160, 0, 0, 0
36550, 104640, 0, 0, 0
36650, 92160, 0, 0, 0
36749, 39111, 0, 0, 0
36849, 49920, 0, 0, 0
36949, 48000, 0, 0, 0
37049, 91200, 0, 0, 0
37149, 88000, 0, 0, 0
37249, 88320, 0, 0, 0
37349, 88640, 0, 0, 0
37450, 53440, 0, 0, 0
37550, 96640, 0, 0, 0
37650, 49920, 0, 0, 0
37749, 34585, 0, 0, 0
37849, 121920, 0, 0, 0
37949, 46720, 0, 0, 0
38049, 101440, 0, 0, 0
38149, 71360, 0, 0, 0
38249, 94080, 0, 0, 0
38349, 114240, 0, 0, 0
38449, 79040, 0, 0, 0
38550, 87360, 0, 0, 0
38650, 105280, 0, 0, 0
38749, 42343, 0, 0, 0
38849, 73920, 0, 0, 0
38949, 62400, 0, 0, 0
39049, 28160, 0, 0, 0
39149, 84480, 0, 0, 0
39249, 100480, 0, 0, 0
39349, 90560, 0, 0, 0
39449, 59520, 0, 0, 0
39550, 101760, 0, 0, 0
39650, 69440, 0, 0, 0
39749, 41373, 0, 0, 0
39849, 93440, 0, 0, 0
39949, 90880, 0, 0, 0
40049, 94080, 0, 0, 0
40149, 86720, 0, 0, 0
40249, 55040, 0, 0, 0
40349, 75520, 0, 0, 0
40449, 38400, 0, 0, 0
40550, 72960, 0, 0, 0
40650, 112320, 0, 0, 0
40749, 61414, 0, 0, 0
40849, 75840, 0, 0, 0
40949, 29760, 0, 0, 0
41049, 52160, 0, 0, 0
41149, 72960, 0, 0, 0
41249, 80960, 0, 0, 0
41349, 115840, 0, 0, 0
41449, 60480, 0, 0, 0
41550, 96320, 0, 0, 0
41650, 53760, 0, 0, 0
41749, 67878, 0, 0, 0
41849, 96640, 0, 0, 0
41949, 70080, 0, 0, 0
42049, 102080, 0, 0, 0
42149, 111360, 0, 0, 0
42249, 90880, 0, 0, 0
42349, 74880, 0, 0, 0
42449, 96960, 0, 0, 0
42550, 105920, 0, 0, 0
42650, 105920, 0, 0, 0
42749, 47191, 0, 0, 0
42849, 52480, 0, 0, 0
42949, 104320, 0, 0, 0
43049, 90880, 0, 0, 0
43149, 78400, 0, 0, 0
43249, 72640, 0, 0, 0
43349, 99200, 0, 0, 0
43449, 83200, 0, 0, 0
43550, 83200, 0, 0, 0
43650, 90560, 0, 0, 0
43749, 65939, 0, 0, 0
43849, 43520, 0, 0, 0
43949, 33280, 0, 0, 0
44049, 42240, 0, 0, 0
44149, 69120, 0, 0, 0
44249, 40960, 0, 0, 0
44349, 30720, 0, 0, 0
44449, 91200, 0, 0, 0
44550, 88320, 0, 0, 0
44650, 46080, 0, 0, 0
44749, 96323, 0, 0, 0
44849, 78400, 0, 0, 0
44949, 95040, 0, 0, 0
45049, 82240, 0, 0, 0
45149, 67520, 0, 0, 0
45249, 81600, 0, 0, 0
45349, 81280, 0, 0, 0
45449, 53760, 0, 0, 0
45550, 109760, 0, 0, 0
45650, 65600, 0, 0, 0
45749, 60121, 0, 0, 0
45849, 81600, 0, 0, 0
45949, 87680, 0, 0, 0
46049, 102080, 0, 0, 0
46149, 67840, 0, 0, 0
46249, 73600, 0, 0, 0
46349, 68480, 0, 0, 0
46450, 56960, 0, 0, 0
46550, 49920, 0, 0, 0
46650, 66560, 0, 0, 0
46749, 66585, 0, 0, 0
46849, 49600, 0, 0, 0
46949, 87040, 0, 0, 0
47049, 65600, 0, 0, 0
47149, 85760, 0, 0, 0
47250, 81920, 0, 0, 0
47350, 70400, 0, 0, 0
47450, 101120, 0, 0, 0
47550, 100480, 0, 0, 0
47650, 40640, 0, 0, 0
47749, 46222, 0, 0, 0
47849, 52480, 0, 0, 0
47949, 49280, 0, 0, 0
48049, 70720, 0, 0, 0
48149, 89280, 0, 0, 0
48250, 74240, 0, 0, 0
48350, 93120, 0, 0, 0
48450, 58560, 0, 0, 0
48550, 109120, 0, 0, 0
48650, 112000, 0, 0, 0
48749, 81777, 0, 0, 0
48849, 83840, 0, 0, 0
48949, 96640, 0, 0, 0
49049, 114880, 0, 0, 0
49149, 70080, 0, 0, 0
49250, 89920, 0, 0, 0
49350, 103680, 0, 0, 0
49450, 89600, 0, 0, 0
49550, 67200, 0, 0, 0
49650, 49920, 0, 0, 0
49749, 58505, 0, 0, 0
49849, 101440, 0, 0, 0
49949, 107520, 0, 0, 0
50049, 88960, 0, 0, 0
50150, 72000, 0, 0, 0
50250, 102080, 0, 0, 0
50350, 112960, 0, 0, 0
50450, 91520, 0, 0, 0
50550, 71680, 0, 0, 0
50650, 64320, 0, 0, 0
50749, 85979, 0, 0, 0
50849, 94720, 0, 0, 0
50949, 96000, 0, 0, 0
51049, 105600, 0, 0, 0
51149, 84160, 0, 0, 0
51250, 93760, 0, 0, 0
51350, 87040, 0, 0, 0
51450, 94400, 0, 0, 0
51550, 71040, 0, 0, 0
51650, 84800, 0, 0, 0
51749, 49131, 0, 0, 0
51849, 77440, 0, 0, 0
51949, 65280, 0, 0, 0
52050, 78400, 0, 0, 0
52150, 44800, 0, 0, 0
52249, 54949, 0, 0, 0
52349, 89920, 0, 0, 0
52449, 72320, 0, 0, 0
52549, 84160, 0, 0, 0
52649, 95680, 0, 0, 0
52749, 56960, 0, 0, 0
52849, 103360, 0, 0, 0
52949, 94080, 0, 0, 0
53050, 48960, 0, 0, 0
53150, 103040, 0, 0, 0
53249, 97939, 0, 0, 0
53349, 84480, 0, 0, 0
53449, 102720, 0, 0, 0
53549, 104960, 0, 0, 0
53649, 66560, 0, 0, 0
53749, 100160, 0, 0, 0
53849, 79040, 0, 0, 0
53949, 76480, 0, 0, 0
54050, 62720, 0, 0, 0
54150, 66560, 0, 0, 0
54249, 71757, 0, 0, 0
54349, 89280, 0, 0, 0
54449, 66880, 0, 0, 0
54549, 74560, 0, 0, 0
54649, 103040, 0, 0, 0
54749, 69120, 0, 0, 0
54849, 65920, 0, 0, 0
54950, 101760, 0, 0, 0
55050, 103040, 0, 0, 0
55150, 62080, 0, 0, 0
55249, 53979, 0, 0, 0
55349, 114240, 0, 0, 0
55449, 110400, 0, 0, 0
55549, 85120, 0, 0, 0
55649, 73920, 0, 0, 0
55750, 81600, 0, 0, 0
55850, 64960, 0, 0, 0
55950, 57280, 0, 0, 0
56050, 64320, 0, 0, 0
56150, 35840, 0, 0, 0
56249, 60121, 0, 0, 0
56349, 93760, 0, 0, 0
56449, 46400, 0, 0, 0
56549, 45120, 0, 0, 0
56649, 74560, 0, 0, 0
56749, 96320, 0, 0, 0
56850, 84480, 0, 0, 0
56950, 60800, 0, 0, 0
57050, 70080, 0, 0, 0
57150, 52480, 0, 0, 0
57249, 117010, 0, 0, 0
57349, 53440, 0, 0, 0
57449, 78720, 0, 0, 0
57549, 58560, 0, 0, 0
57649, 95040, 0, 0, 0
57749, 94720, 0, 0, 0
57850, 69440, 0, 0, 0
57950, 88640, 0, 0, 0
58050, 57920, 0, 0, 0
58150, 34560, 0, 0, 0
58249, 34909, 0, 0, 0
58349, 40960, 0, 0, 0
58449, 57600, 0, 0, 0
58549, 35840, 0, 0, 0
58649, 57280, 0, 0, 0
58750, 84800, 0, 0, 0
58850, 89280, 0, 0, 0
58950, 72000, 0, 0, 0
59050, 64960, 0, 0, 0
59150, 85440, 0, 0, 0
59249, 83393, 0, 0, 0
59349, 80960, 0, 0, 0
59449, 43840, 0, 0, 0
59549, 102400, 0, 0, 0
59649, 52160, 0, 0, 0
59750, 81920, 0, 0, 0
59850, 83200, 0, 0, 0
59950, 89600, 0, 0, 0
60050, 80320, 0, 0, 0
60150, 67520, 0, 0, 0
60249, 56242, 0, 0, 0
60349, 73280, 0, 0, 0
60449, 75200, 0, 0, 0
60549, 79040, 0, 0, 0
60649, 78080, 0, 0, 0
60750, 67840, 0, 0, 0
60850, 61120, 0, 0, 0
60950, 93120, 0, 0, 0
61050, 64000, 0, 0, 0
61150, 51520, 0, 0, 0
61249, 37818, 0, 0, 0
61349, 51520, 0, 0, 0
61449, 81600, 0, 0, 0
61549, 97920, 0, 0, 0
61649, 72320, 0, 0, 0
61750, 103360, 0, 0, 0
61850, 66240, 0, 0, 0
61950, 53440, 0, 0, 0
62050, 49920, 0, 0, 0
62150, 57280, 0, 0, 0
62249, 56242, 0, 0, 0
62349, 67520, 0, 0, 0
62449, 106240, 0, 0, 0
62550, 83840, 0, 0, 0
62650, 96320, 0, 0, 0
62750, 86400, 0, 0, 0
62850, 47040, 0, 0, 0
62950, 88000, 0, 0, 0
63050, 84800, 0, 0, 0
63150, 80640, 0, 0, 0
63249, 64323, 0, 0, 0
63349, 65920, 0, 0, 0
63449, 68800, 0, 0, 0
63550, 88640, 0, 0, 0
63650, 103040, 0, 0, 0
63750, 67520, 0, 0, 0
63850, 95040, 0, 0, 0
63950, 99520, 0, 0, 0
64050, 83520, 0, 0, 0
64150, 77120, 0, 0, 0
64249, 50424, 0, 0, 0
64349, 80320, 0, 0, 0
64449, 76480, 0, 0, 0
64549, 103040, 0, 0, 0
64650, 63680, 0, 0, 0
64750, 62400, 0, 0, 0
64850, 62080, 0, 0, 0
64950, 88960, 0, 0, 0
65050, 60480, 0, 0, 0
65150, 88320, 0, 0, 0
65249, 84040, 0, 0, 0
65349, 99200, 0, 0, 0
65449, 103360, 0, 0, 0
65549, 96000, 0, 0, 0
65649, 81600, 0, 0, 0
65750, 91840, 0, 0, 0
65850, 97920, 0, 0, 0
65950, 64960, 0, 0, 0
66050, 93120, 0, 0, 0
66150, 71040, 0, 0, 0
66249, 111515, 0, 0, 0
66349, 52160, 0, 0, 0
66449, 73920, 0, 0, 0
66549, 46720, 0, 0, 0
66650, 72320, 0, 0, 0
66750, 102080, 0, 0, 0
66850, 67840, 0, 0, 0
66950, 63680, 0, 0, 0
67050, 70720, 0, 0, 0
67150, 71040, 0, 0, 0
67249, 85333, 0, 0, 0
67349, 93440, 0, 0, 0
67449, 76160, 0, 0, 0
67550, 80640, 0, 0, 0
67650, 88320, 0, 0, 0
67750, 111360, 0, 0, 0
67850, 74880, 0, 0, 0
67950, 76800, 0, 0, 0
68050, 74560, 0, 0, 0
68150, 92800, 0, 0, 0
68249, 78222, 0, 0, 0
68349, 103360, 0, 0, 0
68449, 64320, 0, 0, 0
68549, 83520, 0, 0, 0
68650, 78080, 0, 0, 0
68749, 53010, 0, 0, 0
68849, 68160, 0, 0, 0
68949, 55360, 0, 0, 0
69049, 77440, 0, 0, 0
69149, 81600, 0, 0, 0
69250, 90560, 0, 0, 0
69350, 91200, 0, 0, 0
69450, 64640, 0, 0, 0
69550, 93120, 0, 0, 0
69650, 99520, 0, 0, 0
69749, 77575, 0, 0, 0
69849, 50880, 0, 0, 0
69949, 92160, 0, 0, 0
70049, 77120, 0, 0, 0
70149, 82560, 0, 0, 0
70250, 88320, 0, 0, 0
70350, 86400, 0, 0, 0
70450, 62720, 0, 0, 0
70550, 103680, 0, 0, 0
70650, 116160, 0, 0, 0
70749, 88888, 0, 0, 0
70849, 73280, 0, 0, 0
70949, 106240, 0, 0, 0
71049, 60800, 0, 0, 0
71150, 91200, 0, 0, 0
71250, 90560, 0, 0, 0
71350, 81600, 0, 0, 0
71450, 51840, 0, 0, 0
71550, 48640, 0, 0, 0
71650, 73600, 0, 0, 0
71749, 85333, 0, 0, 0
71849, 91840, 0, 0, 0
71949, 93760, 0, 0, 0
72049, 91520, 0, 0, 0
72150, 37440, 0, 0, 0
72250, 36800, 0, 0, 0
72350, 98880, 0, 0, 0
72450, 105600, 0, 0, 0
72550, 104320, 0, 0, 0
72650, 70720, 0, 0, 0
72749, 100202, 0, 0, 0
72849, 62720, 0, 0, 0
72949, 48640, 0, 0, 0
73049, 100800, 0, 0, 0
73149, 39680, 0, 0, 0
73250, 86720, 0, 0, 0
73350, 54720, 0, 0, 0
73450, 67200, 0, 0, 0
73550, 90880, 0, 0, 0
73650, 83200, 0, 0, 0
73749, 47191, 0, 0, 0
73849, 66240, 0, 0, 0
73950, 63040, 0, 0, 0
74050, 69120, 0, 0, 0
74150, 58880, 0, 0, 0
74249, 95353, 0, 0, 0
74349, 109120, 0, 0, 0
74449, 97920, 0, 0, 0
74549, 93440, 0, 0, 0
74649, 94720, 0, 0, 0
74750, 74880, 0, 0, 0
74850, 38080, 0, 0, 0
74950, 60480, 0, 0, 0
75050, 104640, 0, 0, 0
75150, 68800, 0, 0, 0
75249, 57858, 0, 0, 0
75349, 30400, 0, 0, 0
75449, 81920, 0, 0, 0
75549, 72000, 0, 0, 0
75649, 109440, 0, 0, 0
75750, 75520, 0, 0, 0
75850, 82560, 0, 0, 0
75950, 56640, 0, 0, 0
76050, 76800, 0, 0, 0
76150, 84480, 0, 0, 0
76249, 75959, 0, 0, 0
76349, 69120, 0, 0, 0
76449, 23040, 0, 0, 0
76549, 88640, 0, 0, 0
76649, 87040, 0, 0, 0
76750, 62720, 0, 0, 0
76850, 72960, 0, 0, 0
76950, 88000, 0, 0, 0
77050, 86720, 0, 0, 0
77150, 55360, 0, 0, 0
77249, 80484, 0, 0, 0
77349, 56960, 0, 0, 0
77449, 74240, 0, 0, 0
77549, 42880, 0, 0, 0
77649, 32320, 0, 0, 0
77750, 90560, 0, 0, 0
77850, 67520, 0, 0, 0
77950, 56320, 0, 0, 0
78050, 87360, 0, 0, 0
78150, 91200, 0, 0, 0
78249, 50101, 0, 0, 0
78349, 66880, 0, 0, 0
78449, 93760, 0, 0, 0
78549, 86080, 0, 0, 0
78649, 72640, 0, 0, 0
78750, 42560, 0, 0, 0
78850, 105280, 0, 0, 0
78950, 62720, 0, 0, 0
79050, 94400, 0, 0, 0
79150, 40960, 0, 0, 0
79249, 15515, 0, 0, 0
79349, 74240, 0, 0, 0
79449, 58240, 0, 0, 0
79549, 29120, 0, 0, 0
79650, 17600, 0, 0, 0
79749, 95676, 0, 0, 0
79849, 80320, 0, 0, 0
79949, 111680, 0, 0, 0
80049, 86400, 0, 0, 0
80149, 91840, 0, 0, 0
80250, 59840, 0, 0, 0
80350, 46400, 0, 0, 0
80450, 80960, 0, 0, 0
80550, 102720, 0, 0, 0
80650, 90880, 0, 0, 0
80749, 91797, 0, 0, 0
80849, 84480, 0, 0, 0
80949, 93440, 0, 0, 0
81050, 84480, 0, 0, 0
81150, 111040, 0, 0, 0
81249, 66585, 0, 0, 0
81349, 83200, 0, 0, 0
81449, 39040, 0, 0, 0
81549, 76160, 0, 0, 0
81649, 68160, 0, 0, 0
81749, 84480, 0, 0, 0
81850, 43200, 0, 0, 0
81950, 94080, 0, 0, 0
82050, 89280, 0, 0, 0
82150, 71360, 0, 0, 0
82249, 66909, 0, 0, 0
82349, 102400, 0, 0, 0
82449, 70720, 0, 0, 0
82549, 84480, 0, 0, 0
82649, 66240, 0, 0, 0
82749, 106880, 0, 0, 0
82849, 95680, 0, 0, 0
82950, 103360, 0, 0, 0
83050, 96000, 0, 0, 0
83150, 54400, 0, 0, 0
83249, 96323, 0, 0, 0
83349, 89600, 0, 0, 0
83449, 122880, 0, 0, 0
83549, 93120, 0, 0, 0
83649, 78400, 0, 0, 0
83749, 96640, 0, 0, 0
83850, 72960, 0, 0, 0
83950, 71680, 0, 0, 0
84050, 98560, 0, 0, 0
84150, 88640, 0, 0, 0
84249, 100202, 0, 0, 0
84349, 59520, 0, 0, 0
84449, 59200, 0, 0, 0
84549, 56960, 0, 0, 0
84649, 64960, 0, 0, 0
84749, 43520, 0, 0, 0
84850, 60480, 0, 0, 0
84950, 93760, 0, 0, 0
85050, 52160, 0, 0, 0
85150, 78720, 0, 0, 0
85249, 86303, 0, 0, 0
85349, 117760, 0, 0, 0
85449, 80320, 0, 0, 0
85549, 104960, 0, 0, 0
85649, 73920, 0, 0, 0
85749, 107200, 0, 0, 0
85850, 94720, 0, 0, 0
85950, 83840, 0, 0, 0
86050, 101440, 0, 0, 0
86150, 106880, 0, 0, 0
86249, 83393, 0, 0, 0
86349, 72320, 0, 0, 0
86449, 84800, 0, 0, 0
86549, 50880, 0, 0, 0
86649, 36160, 0, 0, 0
86749, 67840, 0, 0, 0
86849, 40640, 0, 0, 0
86950, 78080, 0, 0, 0
87050, 99520, 0, 0, 0
87150, 96640, 0, 0, 0
87249, 83717, 0, 0, 0
87349, 47040, 0, 0, 0
87449, 47040, 0, 0, 0
87549, 77760, 0, 0, 0
87649, 89280, 0, 0, 0
87749, 82240, 0, 0, 0
87849, 51520, 0, 0, 0
87950, 51200, 0, 0, 0
88050, 79360, 0, 0, 0
88150, 77120, 0, 0, 0
88249, 47191, 0, 0, 0
88349, 67520, 0, 0, 0
88449, 91840, 0, 0, 0
88549, 106560, 0, 0, 0
88649, 93440, 0, 0, 0
88749, 76480, 0, 0, 0
88849, 69120, 0, 0, 0
88950, 86720, 0, 0, 0
89050, 84800, 0, 0, 0
89150, 52160, 0, 0, 0
89249, 85333, 0, 0, 0
89349, 100160, 0, 0, 0
89449, 67520, 0, 0, 0
89549, 71360, 0, 0, 0
89649, 42880, 0, 0, 0
89750, 71360, 0, 0, 0
89850, 88640, 0, 0, 0
89950, 96000, 0, 0, 0
