250, 70784, 0, 0, 0
350, 63680, 0, 0, 0
450, 78400, 0, 0, 0
550, 79360, 0, 0, 0
650, 70080, 0, 0, 0
749, 38464, 0, 0, 0
849, 78400, 0, 0, 0
949, 82240, 0, 0, 0
1049, 70080, 0, 0, 0
1149, 53120, 0, 0, 0
1250, 108160, 0, 0, 0
1350, 98880, 0, 0, 0
1450, 87040, 0, 0, 0
1550, 68160, 0, 0, 0
1650, 76480, 0, 0, 0
1749, 129292, 0, 0, 0
1849, 98880, 0, 0, 0
1949, 105280, 0, 0, 0
2049, 37120, 0, 0, 0
2149, 94720, 0, 0, 0
2250, 101760, 0, 0, 0
2350, 40640, 0, 0, 0
2450, 84480, 0, 0, 0
2550, 96960, 0, 0, 0
2650, 53440, 0, 0, 0
2749, 79191, 0, 0, 0
2849, 82240, 0, 0, 0
2949, 81920, 0, 0, 0
3049, 60800, 0, 0, 0
3149, 104000, 0, 0, 0
3249, 71360, 0, 0, 0
3349, 99840, 0, 0, 0
3450, 74240, 0, 0, 0
3550, 98880, 0, 0, 0
3650, 97280, 0, 0, 0
3749, 49454, 0, 0, 0
3849, 88960, 0, 0, 0
3949, 38080, 0, 0, 0
4049, 105280, 0, 0, 0
4149, 72960, 0, 0, 0
4249, 90240, 0, 0, 0
4349, 98560, 0, 0, 0
4450, 32320, 0, 0, 0
4550, 91200, 0, 0, 0
4650, 66240, 0, 0, 0
4749, 74343, 0, 0, 0
4849, 98240, 0, 0, 0
4949, 94080, 0, 0, 0
5049, 47360, 0, 0, 0
5149, 64640, 0, 0, 0
5249, 43520, 0, 0, 0
5349, 100800, 0, 0, 0
5450, 74880, 0, 0, 0
5550, 45120, 0, 0, 0
5650, 72960, 0, 0, 0
5749, 117333, 0, 0, 0
5849, 112960, 0, 0, 0
5949, 90560, 0, 0, 0
6049, 40960, 0, 0, 0
6149, 80000, 0, 0, 0
6249, 48640, 0, 0, 0
6349, 95040, 0, 0, 0
6450, 98560, 0, 0, 0
6550, 104960, 0, 0, 0
6650, 63040, 0, 0, 0
6749, 92767, 0, 0, 0
6849, 95040, 0, 0, 0
6949, 86720, 0, 0, 0
7049, 111680, 0, 0, 0
7149, 106560, 0, 0, 0
7249, 76480, 0, 0, 0
7349, 56000, 0, 0, 0
7449, 48640, 0, 0, 0
7549, 86400, 0, 0, 0
7649, 73280, 0, 0, 0
7750, 96960, 0, 0, 0
7850, 112000, 0, 0, 0
7950, 62720, 0, 0, 0
8050, 100480, 0, 0, 0
8150, 93120, 0, 0, 0
8249, 111191, 0, 0, 0
8349, 95680, 0, 0, 0
8449, 82240, 0, 0, 0
8549, 82880, 0, 0, 0
8649, 86080, 0, 0, 0
8750, 97280, 0, 0, 0
8850, 71680, 0, 0, 0
8950, 65600, 0, 0, 0
9050, 99840, 0, 0, 0
9150, 96640, 0, 0, 0
9249, 94060, 0, 0, 0
9349, 74240, 0, 0, 0
9449, 109120, 0, 0, 0
9549, 53760, 0, 0, 0
9649, 82880, 0, 0, 0
9749, 44800, 0, 0, 0
9849, 42560, 0, 0, 0
9950, 73920, 0, 0, 0
10050, 94080, 0, 0, 0
10150, 126080, 0, 0, 0
10249, 106343, 0, 0, 0
10349, 89600, 0, 0, 0
10449, 76160, 0, 0, 0
10549, 108800, 0, 0, 0
10649, 73600, 0, 0, 0
10749, 75840, 0, 0, 0
10850, 48320, 0, 0, 0
10950, 79680, 0, 0, 0
11050, 105920, 0, 0, 0
11150, 58880, 0, 0, 0
11249, 58181, 0, 0, 0
11349, 21440, 0, 0, 0
11449, 99840, 0, 0, 0
11549, 85120, 0, 0, 0
11649, 64320, 0, 0, 0
11749, 118720, 0, 0, 0
11849, 69760, 0, 0, 0
11949, 89280, 0, 0, 0
12050, 80640, 0, 0, 0
12150, 117760, 0, 0, 0
12250, 66880, 0, 0, 0
12350, 33280, 0, 0, 0
12450, 96000, 0, 0, 0
12550, 103040, 0, 0, 0
12650, 77760, 0, 0, 0
12749, 39434, 0, 0, 0
12849, 57280, 0, 0, 0
12949, 69120, 0, 0, 0
13049, 30720, 0, 0, 0
13150, 82240, 0, 0, 0
13250, 79040, 0, 0, 0
13350, 94720, 0, 0, 0
13450, 125440, 0, 0, 0
13550, 70080, 0, 0, 0
13650, 88640, 0, 0, 0
13749, 42343, 0, 0, 0
13849, 71360, 0, 0, 0
13949, 61760, 0, 0, 0
14049, 71360, 0, 0, 0
14149, 88960, 0, 0, 0
14250, 58880, 0, 0, 0
14350, 101120, 0, 0, 0
14450, 61440, 0, 0, 0
14550, 111680, 0, 0, 0
14650, 113600, 0, 0, 0
14749, 103111, 0, 0, 0
14849, 32320, 0, 0, 0
14949, 96000, 0, 0, 0
15049, 132160, 0, 0, 0
15149, 96000, 0, 0, 0
15249, 104320, 0, 0, 0
15350, 101760, 0, 0, 0
15450, 98560, 0, 0, 0
15550, 96000, 0, 0, 0
15650, 88960, 0, 0, 0
15749, 106343, 0, 0, 0
15849, 94400, 0, 0, 0
15949, 73280, 0, 0, 0
16049, 64320, 0, 0, 0
16149, 58240, 0, 0, 0
16249, 94720, 0, 0, 0
16349, 75840, 0, 0, 0
16449, 101760, 0, 0, 0
16550, 95680, 0, 0, 0
16650, 103040, 0, 0, 0
16750, 84480, 0, 0, 0
16850, 104960, 0, 0, 0
16950, 79040, 0, 0, 0
17050, 77440, 0, 0, 0
17150, 97280, 0, 0, 0
17249, 112808, 0, 0, 0
17349, 110080, 0, 0, 0
17449, 105280, 0, 0, 0
17549, 119680, 0, 0, 0
17649, 101440, 0, 0, 0
17749, 80320, 0, 0, 0
17850, 94400, 0, 0, 0
17950, 104640, 0, 0, 0
18050, 78720, 0, 0, 0
18150, 96320, 0, 0, 0
18249, 52363, 0, 0, 0
18349, 78720, 0, 0, 0
18449, 80320, 0, 0, 0
18549, 85120, 0, 0, 0
18649, 88000, 0, 0, 0
18749, 45120, 0, 0, 0
18849, 64960, 0, 0, 0
18949, 44160, 0, 0, 0
19050, 74560, 0, 0, 0
19150, 59520, 0, 0, 0
19250, 66880, 0, 0, 0
19350, 79360, 0, 0, 0
19450, 64320, 0, 0, 0
19550, 62080, 0, 0, 0
19650, 91520, 0, 0, 0
19749, 51070, 0, 0, 0
19849, 90880, 0, 0, 0
19949, 115200, 0, 0, 0
20049, 85120, 0, 0, 0
20149, 41920, 0, 0, 0
20250, 73280, 0, 0, 0
20350, 113280, 0, 0, 0
20450, 95040, 0, 0, 0
20550, 110400, 0, 0, 0
20650, 99520, 0, 0, 0
20749, 109898, 0, 0, 0
20849, 56640, 0, 0, 0
20949, 78080, 0, 0, 0
21049, 48320, 0, 0, 0
21149, 62720, 0, 0, 0
21249, 81920, 0, 0, 0
21349, 79040, 0, 0, 0
21449, 54720, 0, 0, 0
21550, 66560, 0, 0, 0
21650, 95040, 0, 0, 0
21749, 79515, 0, 0, 0
21849, 94080, 0, 0, 0
21949, 59520, 0, 0, 0
22049, 98240, 0, 0, 0
22149, 108800, 0, 0, 0
22249, 89600, 0, 0, 0
22349, 82880, 0, 0, 0
22449, 84160, 0, 0, 0
22549, 114880, 0, 0, 0
22650, 98880, 0, 0, 0
22750, 54720, 0, 0, 0
22850, 68480, 0, 0, 0
22950, 82880, 0, 0, 0
23050, 89600, 0, 0, 0
23150, 53760, 0, 0, 0
23249, 25212, 0, 0, 0
23349, 30720, 0, 0, 0
23449, 81920, 0, 0, 0
23549, 78720, 0, 0, 0
23649, 84160, 0, 0, 0
23750, 105600, 0, 0, 0
23850, 76800, 0, 0, 0
23950, 55040, 0, 0, 0
24050, 72320, 0, 0, 0
24150, 97280, 0, 0, 0
24249, 64323, 0, 0, 0
24349, 129600, 0, 0, 0
24449, 87360, 0, 0, 0
24550, 77760, 0, 0, 0
24650, 91840, 0, 0, 0
24749, 108929, 0, 0, 0
24849, 63360, 0, 0, 0
24949, 108480, 0, 0, 0
25050, 87680, 0, 0, 0
25150, 80320, 0, 0, 0
25250, 96640, 0, 0, 0
25350, 90240, 0, 0, 0
25450, 57920, 0, 0, 0
25550, 58880, 0, 0, 0
25650, 60480, 0, 0, 0
25749, 81777, 0, 0, 0
25849, 52160, 0, 0, 0
25949, 91200, 0, 0, 0
26050, 66880, 0, 0, 0
26150, 53120, 0, 0, 0
26249, 101494, 0, 0, 0
26349, 83200, 0, 0, 0
26449, 97280, 0, 0, 0
26549, 101440, 0, 0, 0
26649, 54720, 0, 0, 0
26749, 60800, 0, 0, 0
26849, 48960, 0, 0, 0
26949, 46720, 0, 0, 0
27050, 59520, 0, 0, 0
27150, 94080, 0, 0, 0
27249, 100202, 0, 0, 0
27349, 66880, 0, 0, 0
27449, 88960, 0, 0, 0
27549, 77120, 0, 0, 0
27649, 96640, 0, 0, 0
27749, 64320, 0, 0, 0
27849, 98560, 0, 0, 0
27950, 88000, 0, 0, 0
28050, 80000, 0, 0, 0
28150, 109120, 0, 0, 0
28249, 110222, 0, 0, 0
28349, 97920, 0, 0, 0
28449, 82240, 0, 0, 0
28549, 86400, 0, 0, 0
28650, 44160, 0, 0, 0
28750, 87360, 0, 0, 0
28850, 79680, 0, 0, 0
28950, 85760, 0, 0, 0
29050, 100160, 0, 0, 0
29150, 86080, 0, 0, 0
29249, 93090, 0, 0, 0
29349, 80960, 0, 0, 0
29449, 84160, 0, 0, 0
29549, 57920, 0, 0, 0
29649, 28800, 0, 0, 0
29750, 33920, 0, 0, 0
29850, 60480, 0, 0, 0
29950, 119040, 0, 0, 0
30050, 34560, 0, 0, 0
30150, 111680, 0, 0, 0
30249, 41050, 0, 0, 0
30349, 62400, 0, 0, 0
30449, 27520, 0, 0, 0
30549, 83840, 0, 0, 0
30649, 65280, 0, 0, 0
30750, 96320, 0, 0, 0
30850, 86080, 0, 0, 0
30950, 72960, 0, 0, 0
31050, 64640, 0, 0, 0
31150, 93120, 0, 0, 0
31249, 58181, 0, 0, 0
31349, 76800, 0, 0, 0
31449, 2560, 0, 0, 0
31549, 86080, 0, 0, 0
31649, 105600, 0, 0, 0
31749, 94080, 0, 0, 0
31849, 61120, 0, 0, 0
31949, 65600, 0, 0, 0
32050, 136640, 0, 0, 0
32150, 62720, 0, 0, 0
32249, 69494, 0, 0, 0
32349, 49600, 0, 0, 0
32449, 73280, 0, 0, 0
32549, 37440, 0, 0, 0
32649, 55040, 0, 0, 0
32749, 113280, 0, 0, 0
32849, 96640, 0, 0, 0
32949, 87360, 0, 0, 0
33050, 83520, 0, 0, 0
33150, 95680, 0, 0, 0
33250, 94080, 0, 0, 0
33350, 91200, 0, 0, 0
33450, 57920, 0, 0, 0
33550, 87040, 0, 0, 0
33650, 57600, 0, 0, 0
33749, 88242, 0, 0, 0
33849, 60480, 0, 0, 0
33949, 86400, 0, 0, 0
34049, 46080, 0, 0, 0
34149, 46400, 0, 0, 0
34249, 86400, 0, 0, 0
34350, 36480, 0, 0, 0
34450, 98880, 0, 0, 0
34550, 110080, 0, 0, 0
34650, 102720, 0, 0, 0
34749, 68202, 0, 0, 0
34849, 70080, 0, 0, 0
34949, 109760, 0, 0, 0
35049, 88000, 0, 0, 0
35149, 102080, 0, 0, 0
35249, 82560, 0, 0, 0
35349, 91200, 0, 0, 0
35449, 62080, 0, 0, 0
35550, 59200, 0, 0, 0
35650, 33920, 0, 0, 0
35750, 63040, 0, 0, 0
35850, 92160, 0, 0, 0
35950, 92160, 0, 0, 0
36050, 114560, 0, 0, 0
36150, 69120, 0, 0, 0
36249, 72727, 0, 0, 0
36349, 58240, 0, 0, 0
36449, 90240, 0, 0, 0
36549, 92800, 0, 0, 0
36649, 82560, 0, 0, 0
36750, 94080, 0, 0, 0
36850, 73600, 0, 0, 0
36950, 85120, 0, 0, 0
37050, 27840, 0, 0, 0
37150, 65600, 0, 0, 0
37249, 98909, 0, 0, 0
37349, 106560, 0, 0, 0
37449, 109120, 0, 0, 0
37549, 110720, 0, 0, 0
37649, 66560, 0, 0, 0
37749, 96640, 0, 0, 0
37849, 64320, 0, 0, 0
37949, 117440, 0, 0, 0
38050, 64000, 0, 0, 0
38150, 64960, 0, 0, 0
38249, 128323, 0, 0, 0
38349, 69120, 0, 0, 0
38449, 42560, 0, 0, 0
38549, 74560, 0, 0, 0
38649, 22720, 0, 0, 0
38749, 32000, 0, 0, 0
38849, 87680, 0, 0, 0
38949, 123520, 0, 0, 0
39049, 111360, 0, 0, 0
39149, 95680, 0, 0, 0
39250, 84160, 0, 0, 0
39350, 82560, 0, 0, 0
39450, 112320, 0, 0, 0
39550, 75520, 0, 0, 0
39650, 74240, 0, 0, 0
39749, 79838, 0, 0, 0
39849, 64640, 0, 0, 0
39949, 95040, 0, 0, 0
40049, 56320, 0, 0, 0
40149, 60800, 0, 0, 0
40249, 74560, 0, 0, 0
40350, 98560, 0, 0, 0
40450, 105920, 0, 0, 0
40550, 73920, 0, 0, 0
40650, 106240, 0, 0, 0
40749, 27474, 0, 0, 0
40849, 69760, 0, 0, 0
40949, 86720, 0, 0, 0
41049, 97600, 0, 0, 0
41149, 98240, 0, 0, 0
41250, 78400, 0, 0, 0
41350, 96000, 0, 0, 0
41450, 92480, 0, 0, 0
41550, 99200, 0, 0, 0
41650, 88960, 0, 0, 0
41749, 84363, 0, 0, 0
41849, 83520, 0, 0, 0
41949, 86080, 0, 0, 0
42049, 57920, 0, 0, 0
42149, 72000, 0, 0, 0
42249, 65920, 0, 0, 0
42349, 90880, 0, 0, 0
42449, 67520, 0, 0, 0
42550, 31360, 0, 0, 0
42650, 71680, 0, 0, 0
42749, 111838, 0, 0, 0
42849, 101440, 0, 0, 0
42949, 95040, 0, 0, 0
43049, 81600, 0, 0, 0
43149, 56000, 0, 0, 0
43249, 115200, 0, 0, 0
43349, 83520, 0, 0, 0
43449, 99200, 0, 0, 0
43549, 92160, 0, 0, 0
43649, 89280, 0, 0, 0
43750, 69120, 0, 0, 0
43850, 63040, 0, 0, 0
43950, 73920, 0, 0, 0
44050, 68480, 0, 0, 0
44150, 90240, 0, 0, 0
44249, 94383, 0, 0, 0
44349, 31040, 0, 0, 0
44449, 54400, 0, 0, 0
44549, 77120, 0, 0, 0
44649, 77440, 0, 0, 0
44749, 90880, 0, 0, 0
44849, 98880, 0, 0, 0
44949, 95680, 0, 0, 0
45050, 101120, 0, 0, 0
45150, 99840, 0, 0, 0
45249, 51393, 0, 0, 0
45349, 56960, 0, 0, 0
45449, 98560, 0, 0, 0
45549, 71360, 0, 0, 0
45649, 88640, 0, 0, 0
45749, 41280, 0, 0, 0
45849, 86080, 0, 0, 0
45949, 73280, 0, 0, 0
46050, 85120, 0, 0, 0
46150, 86400, 0, 0, 0
46249, 97939, 0, 0, 0
46349, 61120, 0, 0, 0
46449, 61440, 0, 0, 0
46549, 96640, 0, 0, 0
46649, 92480, 0, 0, 0
46749, 102080, 0, 0, 0
46849, 91200, 0, 0, 0
46949, 88960, 0, 0, 0
47049, 91840, 0, 0, 0
47149, 90560, 0, 0, 0
47250, 51840, 0, 0, 0
47350, 53760, 0, 0, 0
47450, 86400, 0, 0, 0
47550, 108800, 0, 0, 0
47650, 72640, 0, 0, 0
47749, 39757, 0, 0, 0
47849, 74560, 0, 0, 0
47949, 76800, 0, 0, 0
48049, 94400, 0, 0, 0
48149, 104320, 0, 0, 0
48249, 77760, 0, 0, 0
48349, 77440, 0, 0, 0
48449, 30720, 0, 0, 0
48550, 34240, 0, 0, 0
48650, 71040, 0, 0, 0
48749, 65939, 0, 0, 0
48849, 99520, 0, 0, 0
48949, 109440, 0, 0, 0
49049, 56320, 0, 0, 0
49149, 83200, 0, 0, 0
49249, 72960, 0, 0, 0
49349, 89920, 0, 0, 0
49449, 81280, 0, 0, 0
49549, 104960, 0, 0, 0
49649, 104000, 0, 0, 0
49750, 69440, 0, 0, 0
49850, 52480, 0, 0, 0
49950, 74240, 0, 0, 0
50050, 95680, 0, 0, 0
50150, 114880, 0, 0, 0
50249, 94060, 0, 0, 0
50349, 85120, 0, 0, 0
50449, 37120, 0, 0, 0
50549, 123520, 0, 0, 0
50649, 72320, 0, 0, 0
50749, 82880, 0, 0, 0
50850, 48960, 0, 0, 0
50950, 94720, 0, 0, 0
51050, 96640, 0, 0, 0
51150, 82240, 0, 0, 0
51249, 74666, 0, 0, 0
51349, 87360, 0, 0, 0
51449, 92800, 0, 0, 0
51549, 108800, 0, 0, 0
51649, 86080, 0, 0, 0
51749, 43520, 0, 0, 0
51849, 61760, 0, 0, 0
51950, 94720, 0, 0, 0
52050, 93120, 0, 0, 0
52150, 106240, 0, 0, 0
52249, 90828, 0, 0, 0
52349, 92160, 0, 0, 0
52449, 104960, 0, 0, 0
52549, 94400, 0, 0, 0
52649, 74560, 0, 0, 0
52749, 76800, 0, 0, 0
52849, 80000, 0, 0, 0
52949, 80640, 0, 0, 0
53050, 83200, 0, 0, 0
53150, 42560, 0, 0, 0
53249, 59797, 0, 0, 0
53349, 77760, 0, 0, 0
53449, 131840, 0, 0, 0
53549, 84160, 0, 0, 0
53649, 90240, 0, 0, 0
53749, 96640, 0, 0, 0
53849, 58880, 0, 0, 0
53949, 109120, 0, 0, 0
54049, 88000, 0, 0, 0
54149, 88320, 0, 0, 0
54250, 79040, 0, 0, 0
54350, 75200, 0, 0, 0
54450, 51520, 0, 0, 0
54550, 94400, 0, 0, 0
54650, 61120, 0, 0, 0
54749, 70141, 0, 0, 0
54849, 76160, 0, 0, 0
54949, 104960, 0, 0, 0
55049, 66240, 0, 0, 0
55149, 94720, 0, 0, 0
55249, 89920, 0, 0, 0
55350, 78400, 0, 0, 0
55450, 89280, 0, 0, 0
55550, 71360, 0, 0, 0
55650, 100480, 0, 0, 0
55749, 77898, 0, 0, 0
55849, 39360, 0, 0, 0
55949, 92160, 0, 0, 0
56049, 78400, 0, 0, 0
56149, 65600, 0, 0, 0
56249, 104320, 0, 0, 0
56349, 79040, 0, 0, 0
56449, 62080, 0, 0, 0
56550, 55360, 0, 0, 0
56650, 76480, 0, 0, 0
56749, 55595, 0, 0, 0
56849, 78400, 0, 0, 0
56949, 89600, 0, 0, 0
57049, 63360, 0, 0, 0
57149, 79360, 0, 0, 0
57249, 58560, 0, 0, 0
57349, 77440, 0, 0, 0
57449, 67520, 0, 0, 0
57549, 57600, 0, 0, 0
57649, 68800, 0, 0, 0
57750, 70720, 0, 0, 0
57850, 104320, 0, 0, 0
57950, 88000, 0, 0, 0
58050, 84160, 0, 0, 0
58150, 94080, 0, 0, 0
58249, 102141, 0, 0, 0
58349, 119360, 0, 0, 0
58449, 81280, 0, 0, 0
58549, 85440, 0, 0, 0
58649, 63360, 0, 0, 0
58749, 87360, 0, 0, 0
58850, 105280, 0, 0, 0
58950, 75200, 0, 0, 0
59050, 87360, 0, 0, 0
59150, 74240, 0, 0, 0
59249, 94060, 0, 0, 0
59349, 77760, 0, 0, 0
59449, 69120, 0, 0, 0
59549, 81280, 0, 0, 0
59649, 85760, 0, 0, 0
59749, 88000, 0, 0, 0
59849, 30720, 0, 0, 0
59949, 93120, 0, 0, 0
60050, 87360, 0, 0, 0
60150, 75200, 0, 0, 0
60249, 51717, 0, 0, 0
60349, 45120, 0, 0, 0
60449, 103040, 0, 0, 0
60549, 89920, 0, 0, 0
60649, 85440, 0, 0, 0
60749, 52480, 0, 0, 0
60849, 105920, 0, 0, 0
60949, 56000, 0, 0, 0
61049, 59200, 0, 0, 0
61150, 86400, 0, 0, 0
61250, 82560, 0, 0, 0
61350, 91520, 0, 0, 0
61450, 71360, 0, 0, 0
61550, 48320, 0, 0, 0
61650, 77760, 0, 0, 0
61749, 86303, 0, 0, 0
61849, 83520, 0, 0, 0
61949, 79360, 0, 0, 0
62049, 72640, 0, 0, 0
62150, 67200, 0, 0, 0
62250, 81280, 0, 0, 0
62350, 98560, 0, 0, 0
62450, 82560, 0, 0, 0
62550, 79040, 0, 0, 0
62650, 68800, 0, 0, 0
62749, 83393, 0, 0, 0
62849, 109120, 0, 0, 0
62949, 100160, 0, 0, 0
63049, 34240, 0, 0, 0
63149, 93440, 0, 0, 0
63250, 70720, 0, 0, 0
63350, 89920, 0, 0, 0
63450, 88320, 0, 0, 0
63550, 101440, 0, 0, 0
63650, 97280, 0, 0, 0
63749, 59474, 0, 0, 0
63849, 77120, 0, 0, 0
63949, 99520, 0, 0, 0
64049, 96000, 0, 0, 0
64149, 52800, 0, 0, 0
64249, 47680, 0, 0, 0
64349, 101760, 0, 0, 0
64449, 76480, 0, 0, 0
64550, 108160, 0, 0, 0
64650, 88960, 0, 0, 0
64749, 93090, 0, 0, 0
64849, 106880, 0, 0, 0
64949, 86720, 0, 0, 0
65049, 86400, 0, 0, 0
65149, 70720, 0, 0, 0
65249, 77120, 0, 0, 0
65349, 90880, 0, 0, 0
65450, 100800, 0, 0, 0
65550, 71680, 0, 0, 0
65650, 52800, 0, 0, 0
65749, 98909, 0, 0, 0
65849, 78080, 0, 0, 0
65949, 89920, 0, 0, 0
66049, 84160, 0, 0, 0
66149, 79040, 0, 0, 0
66249, 106240, 0, 0, 0
66349, 105600, 0, 0, 0
66449, 70400, 0, 0, 0
66550, 88960, 0, 0, 0
66650, 83520, 0, 0, 0
66750, 65600, 0, 0, 0
66850, 66240, 0, 0, 0
66950, 21440, 0, 0, 0
67050, 67520, 0, 0, 0
67150, 70080, 0, 0, 0
67249, 98262, 0, 0, 0
67349, 94400, 0, 0, 0
67449, 47680, 0, 0, 0
67550, 104000, 0, 0, 0
67650, 120640, 0, 0, 0
67749, 72727, 0, 0, 0
67849, 95360, 0, 0, 0
67949, 102080, 0, 0, 0
68049, 68160, 0, 0, 0
68149, 43520, 0, 0, 0
68249, 56000, 0, 0, 0
68349, 77760, 0, 0, 0
68449, 96320, 0, 0, 0
68550, 92800, 0, 0, 0
68650, 111680, 0, 0, 0
68749, 77898, 0, 0, 0
68849, 75520, 0, 0, 0
68949, 93760, 0, 0, 0
69049, 61120, 0, 0, 0
69149, 85440, 0, 0, 0
69249, 91840, 0, 0, 0
69349, 116480, 0, 0, 0
69449, 97280, 0, 0, 0
69549, 93440, 0, 0, 0
69649, 70080, 0, 0, 0
69749, 64640, 0, 0, 0
69850, 56640, 0, 0, 0
69950, 88320, 0, 0, 0
70050, 87360, 0, 0, 0
70150, 72320, 0, 0, 0
70249, 70787, 0, 0, 0
70349, 62080, 0, 0, 0
70449, 99840, 0, 0, 0
70549, 96960, 0, 0, 0
70649, 94080, 0, 0, 0
70749, 102080, 0, 0, 0
70849, 85760, 0, 0, 0
70949, 90560, 0, 0, 0
71049, 96320, 0, 0, 0
71150, 102720, 0, 0, 0
71250, 66560, 0, 0, 0
71350, 70400, 0, 0, 0
71450, 82560, 0, 0, 0
71550, 89280, 0, 0, 0
71650, 70080, 0, 0, 0
71749, 68202, 0, 0, 0
71849, 85440, 0, 0, 0
71949, 32320, 0, 0, 0
72049, 62080, 0, 0, 0
72149, 78400, 0, 0, 0
72249, 84480, 0, 0, 0
72349, 60800, 0, 0, 0
72450, 76480, 0, 0, 0
72550, 48000, 0, 0, 0
72650, 91200, 0, 0, 0
72749, 67878, 0, 0, 0
72849, 103360, 0, 0, 0
72949, 96000, 0, 0, 0
73049, 106880, 0, 0, 0
73149, 84160, 0, 0, 0
73249, 88960, 0, 0, 0
73349, 95040, 0, 0, 0
73449, 51840, 0, 0, 0
73549, 87360, 0, 0, 0
73650, 95040, 0, 0, 0
73750, 51200, 0, 0, 0
73850, 79040, 0, 0, 0
73950, 90560, 0, 0, 0
74050, 56960, 0, 0, 0
74150, 95360, 0, 0, 0
74249, 81131, 0, 0, 0
74349, 75200, 0, 0, 0
74449, 98560, 0, 0, 0
74549, 109760, 0, 0, 0
74649, 93440, 0, 0, 0
74750, 74880, 0, 0, 0
74850, 68160, 0, 0, 0
74950, 78720, 0, 0, 0
75050, 77440, 0, 0, 0
75150, 76800, 0, 0, 0
75249, 47515, 0, 0, 0
75349, 111040, 0, 0, 0
75449, 59520, 0, 0, 0
75549, 23680, 0, 0, 0
75649, 63360, 0, 0, 0
75749, 84480, 0, 0, 0
75849, 84480, 0, 0, 0
75950, 105920, 0, 0, 0
76050, 93120, 0, 0, 0
76150, 46080, 0, 0, 0
76249, 65292, 0, 0, 0
76349, 36160, 0, 0, 0
76449, 106560, 0, 0, 0
76549, 95040, 0, 0, 0
76649, 112960, 0, 0, 0
76749, 73600, 0, 0, 0
76849, 51520, 0, 0, 0
76949, 87680, 0, 0, 0
77050, 70400, 0, 0, 0
77150, 41920, 0, 0, 0
77249, 95030, 0, 0, 0
77349, 66240, 0, 0, 0
77449, 40960, 0, 0, 0
77549, 90240, 0, 0, 0
77649, 64320, 0, 0, 0
77749, 49600, 0, 0, 0
77849, 90880, 0, 0, 0
77949, 104960, 0, 0, 0
78049, 43520, 0, 0, 0
78149, 58560, 0, 0, 0
78250, 102080, 0, 0, 0
78350, 89920, 0, 0, 0
78450, 57600, 0, 0, 0
78550, 65600, 0, 0, 0
78650, 95680, 0, 0, 0
78749, 83717, 0, 0, 0
78849, 93760, 0, 0, 0
78949, 55680, 0, 0, 0
79049, 76480, 0, 0, 0
79149, 102720, 0, 0, 0
79249, 106240, 0, 0, 0
79349, 85120, 0, 0, 0
79450, 81600, 0, 0, 0
79550, 15040, 0, 0, 0
79650, 96640, 0, 0, 0
79749, 98909, 0, 0, 0
79849, 98880, 0, 0, 0
79949, 26560, 0, 0, 0
80049, 79360, 0, 0, 0
80149, 93120, 0, 0, 0
80249, 99840, 0, 0, 0
80349, 82240, 0, 0, 0
80449, 93120, 0, 0, 0
80549, 94720, 0, 0, 0
80650, 107840, 0, 0, 0
80750, 54080, 0, 0, 0
80850, 77760, 0, 0, 0
80950, 40320, 0, 0, 0
81050, 60160, 0, 0, 0
81150, 83200, 0, 0, 0
81249, 99232, 0, 0, 0
81349, 48640, 0, 0, 0
81449, 111680, 0, 0, 0
81549, 82880, 0, 0, 0
81649, 55040, 0, 0, 0
81749, 79680, 0, 0, 0
81850, 64640, 0, 0, 0
81950, 38400, 0, 0, 0
82050, 96320, 0, 0, 0
82150, 44160, 0, 0, 0
82249, 84363, 0, 0, 0
82349, 97920, 0, 0, 0
82449, 73600, 0, 0, 0
82549, 86080, 0, 0, 0
82649, 98240, 0, 0, 0
82749, 70720, 0, 0, 0
82849, 62080, 0, 0, 0
82949, 68800, 0, 0, 0
83050, 91520, 0, 0, 0
83150, 52800, 0, 0, 0
83249, 44929, 0, 0, 0
83349, 35520, 0, 0, 0
83449, 38400, 0, 0, 0
83549, 98560, 0, 0, 0
83649, 67520, 0, 0, 0
83749, 85440, 0, 0, 0
83849, 92800, 0, 0, 0
83949, 91520, 0, 0, 0
84049, 93440, 0, 0, 0
84149, 76480, 0, 0, 0
84250, 82560, 0, 0, 0
84350, 112320, 0, 0, 0
84450, 88960, 0, 0, 0
84550, 71040, 0, 0, 0
84650, 72640, 0, 0, 0
84749, 79838, 0, 0, 0
84849, 57920, 0, 0, 0
84949, 32320, 0, 0, 0
85049, 64640, 0, 0, 0
85149, 81600, 0, 0, 0
85249, 110080, 0, 0, 0
85350, 84800, 0, 0, 0
85450, 50560, 0, 0, 0
85550, 26560, 0, 0, 0
85650, 66240, 0, 0, 0
85749, 66585, 0, 0, 0
85849, 58240, 0, 0, 0
85949, 80000, 0, 0, 0
86049, 94720, 0, 0, 0
86149, 71040, 0, 0, 0
86249, 58880, 0, 0, 0
86350, 62080, 0, 0, 0
86450, 60480, 0, 0, 0
86550, 56640, 0, 0, 0
86650, 98880, 0, 0, 0
86749, 96000, 0, 0, 0
86849, 84480, 0, 0, 0
86949, 94080, 0, 0, 0
87049, 39040, 0, 0, 0
87149, 64640, 0, 0, 0
87249, 65920, 0, 0, 0
87349, 108480, 0, 0, 0
87449, 79360, 0, 0, 0
87550, 66560, 0, 0, 0
87650, 52480, 0, 0, 0
87749, 62060, 0, 0, 0
87849, 87680, 0, 0, 0
87949, 93440, 0, 0, 0
88049, 92160, 0, 0, 0
88149, 67520, 0, 0, 0
88249, 84800, 0, 0, 0
88349, 108480, 0, 0, 0
88449, 88960, 0, 0, 0
88549, 45120, 0, 0, 0
88649, 48000, 0, 0, 0
88750, 73600, 0, 0, 0
88850, 101440, 0, 0, 0
88950, 56000, 0, 0, 0
89050, 39040, 0, 0, 0
89150, 77760, 0, 0, 0
89249, 29414, 0, 0, 0
89349, 72960, 0, 0, 0
89449, 72320, 0, 0, 0
89549, 60800, 0, 0, 0
89649, 42240, 0, 0, 0
89750, 87680, 0, 0, 0
89850, 83840, 0, 0, 0
89950, 84800, 0, 0, 0
