100, 8142125, 0, 0, 0
200, 7774553, 0, 0, 0
300, 5583531, 0, 0, 0
401, 5847430, 0, 0, 0
500, 10051006, 0, 0, 0
601, 9087620, 0, 0, 0
704, 8265617, 0, 0, 0
801, 7360676, 0, 0, 0
900, 8399239, 0, 0, 0
1001, 7826164, 0, 0, 0
1100, 15176629, 0, 0, 0
1201, 7919265, 0, 0, 0
1300, 7825454, 0, 0, 0
1400, 6845147, 0, 0, 0
1501, 5620835, 0, 0, 0
1600, 6956597, 0, 0, 0
1700, 7087996, 0, 0, 0
1800, 6702683, 0, 0, 0
1902, 7141796, 0, 0, 0
2016, 11095321, 0, 0, 0
2100, 9509112, 0, 0, 0
2200, 6342045, 0, 0, 0
2300, 7728056, 0, 0, 0
2414, 6491925, 0, 0, 0
2500, 8062677, 0, 0, 0
2600, 8264817, 0, 0, 0
2700, 8103098, 0, 0, 0
2808, 6689622, 0, 0, 0
2904, 6722130, 0, 0, 0
3001, 6389732, 0, 0, 0
3100, 9900817, 0, 0, 0
3201, 7631542, 0, 0, 0
3300, 8170002, 0, 0, 0
3400, 7446394, 0, 0, 0
3500, 5601641, 0, 0, 0
3600, 6123559, 0, 0, 0
3700, 7010281, 0, 0, 0
3801, 6313294, 0, 0, 0
3900, 8062191, 0, 0, 0
4002, 7364227, 0, 0, 0
4100, 7829006, 0, 0, 0
4204, 10660837, 0, 0, 0
4313, 8103646, 0, 0, 0
4400, 7632968, 0, 0, 0
4500, 7440653, 0, 0, 0
4608, 10642658, 0, 0, 0
4700, 9593672, 0, 0, 0
4800, 8342997, 0, 0, 0
4901, 8463745, 0, 0, 0
5000, 7097872, 0, 0, 0
5101, 5823454, 0, 0, 0
5200, 10525846, 0, 0, 0
5300, 6351974, 0, 0, 0
5413, 7983902, 0, 0, 0
5500, 13592604, 0, 0, 0
5600, 6656704, 0, 0, 0
5700, 6079783, 0, 0, 0
5800, 7385196, 0, 0, 0
5901, 7259937, 0, 0, 0
6000, 7781399, 0, 0, 0
6101, 6299965, 0, 0, 0
6200, 7695466, 0, 0, 0
6300, 6806220, 0, 0, 0
6402, 23874804, 0, 0, 0
6500, 9779330, 0, 0, 0
6603, 5902099, 0, 0, 0
6706, 7445291, 0, 0, 0
6801, 9458335, 0, 0, 0
6901, 11064003, 0, 0, 0
7018, 15467409, 0, 0, 0
7100, 8921347, 0, 0, 0
7201, 16023522, 0, 0, 0
7300, 7204713, 0, 0, 0
7401, 5668455, 0, 0, 0
7500, 9340887, 0, 0, 0
7600, 5494346, 0, 0, 0
7700, 5404766, 0, 0, 0
7801, 6235052, 0, 0, 0
7900, 6637785, 0, 0, 0
8000, 7314655, 0, 0, 0
8100, 6687440, 0, 0, 0
8200, 8682975, 0, 0, 0
8302, 8637520, 0, 0, 0
8407, 9775336, 0, 0, 0
8500, 8222686, 0, 0, 0
8601, 9417237, 0, 0, 0
8701, 7149565, 0, 0, 0
8801, 10050532, 0, 0, 0
8900, 6313450, 0, 0, 0
9002, 7067033, 0, 0, 0
9100, 5972657, 0, 0, 0
9200, 6750133, 0, 0, 0
9300, 5053405, 0, 0, 0
9400, 8099715, 0, 0, 0
9500, 8393259, 0, 0, 0
9600, 8234525, 0, 0, 0
9700, 6935452, 0, 0, 0
9800, 6046881, 0, 0, 0
9902, 5991129, 0, 0, 0
10000, 6505085, 0, 0, 0
10100, 6697745, 0, 0, 0
10200, 6585763, 0, 0, 0
10301, 11576667, 0, 0, 0
10400, 7987430, 0, 0, 0
10500, 6210561, 0, 0, 0
10602, 8495604, 0, 0, 0
10700, 7952639, 0, 0, 0
10800, 6165298, 0, 0, 0
10902, 7583574, 0, 0, 0
11000, 7230580, 0, 0, 0
11101, 7337483, 0, 0, 0
11200, 5540134, 0, 0, 0
11301, 7605050, 0, 0, 0
11401, 7794954, 0, 0, 0
11508, 6655689, 0, 0, 0
11600, 7134434, 0, 0, 0
11703, 7510369, 0, 0, 0
11802, 11920546, 0, 0, 0
11900, 9328547, 0, 0, 0
12000, 12762321, 0, 0, 0
12100, 8063208, 0, 0, 0
12200, 7659640, 0, 0, 0
12300, 5511485, 0, 0, 0
12402, 15910204, 0, 0, 0
12505, 9732176, 0, 0, 0
12600, 9163104, 0, 0, 0
12701, 7978865, 0, 0, 0
12800, 5687656, 0, 0, 0
12900, 10508041, 0, 0, 0
13001, 9029660, 0, 0, 0
13108, 8008341, 0, 0, 0
13200, 8011950, 0, 0, 0
13304, 5961043, 0, 0, 0
13405, 10223675, 0, 0, 0
13500, 9546891, 0, 0, 0
13600, 7391606, 0, 0, 0
13708, 8956405, 0, 0, 0
13800, 8506986, 0, 0, 0
13901, 6009872, 0, 0, 0
14000, 7542378, 0, 0, 0
14100, 8522875, 0, 0, 0
14204, 6222398, 0, 0, 0
14300, 9777904, 0, 0, 0
14402, 12290617, 0, 0, 0
14500, 10549175, 0, 0, 0
14602, 7976313, 0, 0, 0
14700, 7613480, 0, 0, 0
14800, 5690775, 0, 0, 0
14900, 6159270, 0, 0, 0
15001, 7575843, 0, 0, 0
15103, 7496580, 0, 0, 0
15201, 6833282, 0, 0, 0
15301, 7131535, 0, 0, 0
15401, 7276071, 0, 0, 0
15500, 8502223, 0, 0, 0
15602, 8436523, 0, 0, 0
15704, 11207944, 0, 0, 0
15801, 9366300, 0, 0, 0
15903, 7260143, 0, 0, 0
16000, 8009889, 0, 0, 0
16100, 8471929, 0, 0, 0
16200, 12287135, 0, 0, 0
16300, 5491715, 0, 0, 0
16400, 9375187, 0, 0, 0
16500, 7179557, 0, 0, 0
16602, 7897796, 0, 0, 0
16701, 7279500, 0, 0, 0
16800, 12880550, 0, 0, 0
16901, 7912043, 0, 0, 0
17010, 6380872, 0, 0, 0
17100, 9440064, 0, 0, 0
17201, 8337965, 0, 0, 0
17302, 7024703, 0, 0, 0
17400, 9475194, 0, 0, 0
17508, 5750952, 0, 0, 0
17603, 12228238, 0, 0, 0
17700, 9590184, 0, 0, 0
17801, 11573280, 0, 0, 0
17900, 8046918, 0, 0, 0
18000, 7206734, 0, 0, 0
18100, 8061200, 0, 0, 0
18201, 7533447, 0, 0, 0
18302, 5839817, 0, 0, 0
18405, 9895672, 0, 0, 0
18500, 7632303, 0, 0, 0
18609, 6505757, 0, 0, 0
18709, 11451247, 0, 0, 0
18804, 7001210, 0, 0, 0
18901, 8310031, 0, 0, 0
19000, 8350471, 0, 0, 0
19100, 8881434, 0, 0, 0
19202, 14654203, 0, 0, 0
19300, 6413422, 0, 0, 0
19400, 6609063, 0, 0, 0
19500, 4596583, 0, 0, 0
19600, 5960892, 0, 0, 0
19702, 7650655, 0, 0, 0
19800, 13264422, 0, 0, 0
19900, 13418232, 0, 0, 0
20000, 9236346, 0, 0, 0
20101, 6642054, 0, 0, 0
20200, 7148093, 0, 0, 0
20300, 8929346, 0, 0, 0
20401, 6861185, 0, 0, 0
20500, 6480778, 0, 0, 0
20601, 6220820, 0, 0, 0
20703, 6484712, 0, 0, 0
20800, 7413318, 0, 0, 0
20911, 13584620, 0, 0, 0
21000, 9019396, 0, 0, 0
21108, 6446506, 0, 0, 0
21200, 8253290, 0, 0, 0
21312, 5729711, 0, 0, 0
21402, 10654425, 0, 0, 0
21500, 7459144, 0, 0, 0
21608, 7683459, 0, 0, 0
21701, 7560619, 0, 0, 0
21800, 6345648, 0, 0, 0
21900, 6959972, 0, 0, 0
22000, 7432309, 0, 0, 0
22100, 8552086, 0, 0, 0
22201, 8202154, 0, 0, 0
22337, 11472045, 0, 0, 0
22400, 11947061, 0, 0, 0
22500, 7110162, 0, 0, 0
22600, 9984787, 0, 0, 0
22700, 9572281, 0, 0, 0
22801, 7377140, 0, 0, 0
22900, 5846418, 0, 0, 0
23000, 9424602, 0, 0, 0
23102, 5618795, 0, 0, 0
23200, 5377861, 0, 0, 0
23300, 7264047, 0, 0, 0
23400, 15329129, 0, 0, 0
23500, 6333523, 0, 0, 0
23600, 8035920, 0, 0, 0
23700, 6221870, 0, 0, 0
23800, 14375748, 0, 0, 0
23901, 5844823, 0, 0, 0
24000, 6529203, 0, 0, 0
24100, 7888915, 0, 0, 0
24200, 5836080, 0, 0, 0
24300, 6248044, 0, 0, 0
24401, 6397436, 0, 0, 0
24500, 9833416, 0, 0, 0
24600, 7813725, 0, 0, 0
24700, 9524439, 0, 0, 0
24801, 8884877, 0, 0, 0
24901, 10958620, 0, 0, 0
25000, 8294892, 0, 0, 0
25101, 9988440, 0, 0, 0
25221, 8113042, 0, 0, 0
25300, 18717178, 0, 0, 0
25400, 6699605, 0, 0, 0
25501, 7045903, 0, 0, 0
25603, 10716111, 0, 0, 0
25706, 9514144, 0, 0, 0
25800, 10063448, 0, 0, 0
25900, 7422536, 0, 0, 0
26002, 7897388, 0, 0, 0
26124, 12629527, 0, 0, 0
26203, 20960030, 0, 0, 0
26302, 7068179, 0, 0, 0
26400, 8176071, 0, 0, 0
26500, 5585744, 0, 0, 0
26601, 6615688, 0, 0, 0
26700, 6864543, 0, 0, 0
26803, 7095196, 0, 0, 0
26902, 7962477, 0, 0, 0
27003, 6770638, 0, 0, 0
27101, 7143849, 0, 0, 0
27200, 5290188, 0, 0, 0
27309, 7358943, 0, 0, 0
27400, 7544588, 0, 0, 0
27500, 7123094, 0, 0, 0
27600, 6692868, 0, 0, 0
27703, 6048333, 0, 0, 0
27800, 6248463, 0, 0, 0
27900, 7330569, 0, 0, 0
28000, 5602256, 0, 0, 0
28103, 7352813, 0, 0, 0
28200, 14278977, 0, 0, 0
28300, 6266383, 0, 0, 0
28400, 6061229, 0, 0, 0
28501, 8064938, 0, 0, 0
28608, 10214951, 0, 0, 0
28701, 8977209, 0, 0, 0
28802, 10960962, 0, 0, 0
28900, 6351203, 0, 0, 0
29001, 5808245, 0, 0, 0
29104, 6578912, 0, 0, 0
29201, 8713215, 0, 0, 0
29300, 6170335, 0, 0, 0
29400, 7474100, 0, 0, 0
29503, 7082917, 0, 0, 0
29601, 11721819, 0, 0, 0
29700, 10080283, 0, 0, 0
29803, 6265528, 0, 0, 0
29900, 8053106, 0, 0, 0
30010, 7236248, 0, 0, 0
30100, 9236000, 0, 0, 0
30200, 8070763, 0, 0, 0
30300, 5230642, 0, 0, 0
30400, 10260821, 0, 0, 0
30500, 7663028, 0, 0, 0
30600, 7201953, 0, 0, 0
30702, 6703670, 0, 0, 0
30801, 8016494, 0, 0, 0
30900, 7773849, 0, 0, 0
31000, 5656519, 0, 0, 0
31100, 5859985, 0, 0, 0
31219, 6484011, 0, 0, 0
31304, 10163942, 0, 0, 0
31400, 9185155, 0, 0, 0
31501, 8629174, 0, 0, 0
31600, 9617788, 0, 0, 0
31701, 6158307, 0, 0, 0
31800, 8851149, 0, 0, 0
31901, 7735073, 0, 0, 0
32002, 5845990, 0, 0, 0
32100, 9575631, 0, 0, 0
32202, 12022145, 0, 0, 0
32300, 5443991, 0, 0, 0
32400, 11279379, 0, 0, 0
32502, 11064039, 0, 0, 0
32600, 6829270, 0, 0, 0
32723, 11184739, 0, 0, 0
32800, 8590249, 0, 0, 0
32901, 5697328, 0, 0, 0
33010, 8243062, 0, 0, 0
33101, 11738927, 0, 0, 0
33201, 8479092, 0, 0, 0
33308, 10247653, 0, 0, 0
33400, 7395651, 0, 0, 0
33500, 5204076, 0, 0, 0
33600, 8465066, 0, 0, 0
33705, 7300644, 0, 0, 0
33800, 6893288, 0, 0, 0
33900, 7815441, 0, 0, 0
34001, 6830352, 0, 0, 0
34100, 6155459, 0, 0, 0
34200, 5852362, 0, 0, 0
34300, 5980431, 0, 0, 0
34401, 7196461, 0, 0, 0
34500, 5969676, 0, 0, 0
34600, 5802038, 0, 0, 0
34700, 6142163, 0, 0, 0
34800, 6095327, 0, 0, 0
34901, 5557081, 0, 0, 0
35026, 7689923, 0, 0, 0
35100, 11710381, 0, 0, 0
35205, 8580488, 0, 0, 0
35302, 9722180, 0, 0, 0
35400, 6914292, 0, 0, 0
35500, 6000625, 0, 0, 0
35600, 5761936, 0, 0, 0
35700, 6042830, 0, 0, 0
35800, 8373254, 0, 0, 0
35900, 8617538, 0, 0, 0
36000, 11079542, 0, 0, 0
36102, 8327259, 0, 0, 0
36202, 8002514, 0, 0, 0
36300, 7445486, 0, 0, 0
36401, 7228803, 0, 0, 0
36509, 6722616, 0, 0, 0
36600, 9901307, 0, 0, 0
36700, 6188673, 0, 0, 0
36801, 6833958, 0, 0, 0
36900, 7910839, 0, 0, 0
37000, 7430731, 0, 0, 0
37101, 7346497, 0, 0, 0
37202, 8627221, 0, 0, 0
37300, 10291853, 0, 0, 0
37400, 7840249, 0, 0, 0
37500, 9392330, 0, 0, 0
37601, 6805072, 0, 0, 0
37700, 7877977, 0, 0, 0
37806, 7253819, 0, 0, 0
37901, 12266497, 0, 0, 0
38000, 17541225, 0, 0, 0
38100, 6974667, 0, 0, 0
38203, 7350873, 0, 0, 0
38300, 6411590, 0, 0, 0
38400, 8468827, 0, 0, 0
38500, 5311662, 0, 0, 0
38601, 6127978, 0, 0, 0
38700, 13840534, 0, 0, 0
38800, 5589381, 0, 0, 0
38900, 7996395, 0, 0, 0
39000, 9992358, 0, 0, 0
39117, 8894348, 0, 0, 0
39200, 8817694, 0, 0, 0
39302, 7949067, 0, 0, 0
39400, 7152400, 0, 0, 0
39501, 6217791, 0, 0, 0
39600, 6646947, 0, 0, 0
39700, 8792048, 0, 0, 0
39800, 8245748, 0, 0, 0
39900, 7708423, 0, 0, 0
40000, 11265969, 0, 0, 0
40100, 5839207, 0, 0, 0
40201, 8240680, 0, 0, 0
40301, 9977908, 0, 0, 0
40401, 6241254, 0, 0, 0
40501, 7900304, 0, 0, 0
40600, 6180823, 0, 0, 0
40701, 7145500, 0, 0, 0
40800, 9849871, 0, 0, 0
40900, 9823996, 0, 0, 0
41000, 5986858, 0, 0, 0
41100, 8817899, 0, 0, 0
41200, 6530221, 0, 0, 0
41303, 9351545, 0, 0, 0
41408, 7496143, 0, 0, 0
41501, 6148766, 0, 0, 0
41603, 7820809, 0, 0, 0
41701, 7309639, 0, 0, 0
41803, 9348348, 0, 0, 0
41905, 7603303, 0, 0, 0
42001, 8693754, 0, 0, 0
42100, 7073905, 0, 0, 0
42200, 7353242, 0, 0, 0
42300, 6720420, 0, 0, 0
42400, 6663835, 0, 0, 0
42500, 6267606, 0, 0, 0
42600, 6414262, 0, 0, 0
42702, 5903231, 0, 0, 0
42803, 8082979, 0, 0, 0
42900, 14316882, 0, 0, 0
43001, 9207180, 0, 0, 0
43100, 7152492, 0, 0, 0
43200, 8162078, 0, 0, 0
43300, 7501201, 0, 0, 0
43401, 8661954, 0, 0, 0
43501, 6687334, 0, 0, 0
43600, 6578840, 0, 0, 0
43703, 7908149, 0, 0, 0
43801, 8510201, 0, 0, 0
43900, 7565566, 0, 0, 0
44002, 10862630, 0, 0, 0
44100, 10891134, 0, 0, 0
44200, 6285195, 0, 0, 0
44302, 7063232, 0, 0, 0
44400, 7179502, 0, 0, 0
44502, 6480243, 0, 0, 0
44601, 10722685, 0, 0, 0
44700, 7747900, 0, 0, 0
44801, 9399941, 0, 0, 0
44901, 8265512, 0, 0, 0
45000, 9397127, 0, 0, 0
45100, 8243247, 0, 0, 0
45200, 7820910, 0, 0, 0
45300, 7688951, 0, 0, 0
45442, 9457482, 0, 0, 0
45500, 15805441, 0, 0, 0
45600, 5554277, 0, 0, 0
45702, 11295122, 0, 0, 0
45800, 8012282, 0, 0, 0
45900, 6394181, 0, 0, 0
46009, 11546656, 0, 0, 0
46106, 8533589, 0, 0, 0
46218, 7721193, 0, 0, 0
46303, 6628416, 0, 0, 0
46401, 6214269, 0, 0, 0
46500, 6877220, 0, 0, 0
46600, 7579576, 0, 0, 0
46706, 10623560, 0, 0, 0
46801, 9071371, 0, 0, 0
46901, 8251630, 0, 0, 0
47000, 10156996, 0, 0, 0
47100, 6148104, 0, 0, 0
47202, 10093505, 0, 0, 0
47300, 25215606, 0, 0, 0
47400, 6265466, 0, 0, 0
47500, 6891326, 0, 0, 0
47601, 7892742, 0, 0, 0
47702, 7097840, 0, 0, 0
47800, 7915978, 0, 0, 0
47904, 7973785, 0, 0, 0
48000, 7671594, 0, 0, 0
48100, 7215900, 0, 0, 0
48200, 8195812, 0, 0, 0
48303, 7847761, 0, 0, 0
48400, 6561780, 0, 0, 0
48500, 10145719, 0, 0, 0
48600, 5833081, 0, 0, 0
48701, 7112664, 0, 0, 0
48802, 6943415, 0, 0, 0
48901, 5831734, 0, 0, 0
49000, 9048230, 0, 0, 0
49100, 6071432, 0, 0, 0
49200, 5952016, 0, 0, 0
49302, 7750668, 0, 0, 0
49400, 7120414, 0, 0, 0
49519, 6788787, 0, 0, 0
49605, 9508854, 0, 0, 0
49700, 12035613, 0, 0, 0
49800, 7794470, 0, 0, 0
49900, 7490458, 0, 0, 0
50001, 6698034, 0, 0, 0
50109, 8207964, 0, 0, 0
50200, 9050381, 0, 0, 0
50301, 8205462, 0, 0, 0
50400, 8571724, 0, 0, 0
50500, 12885735, 0, 0, 0
50601, 5800954, 0, 0, 0
50700, 6275857, 0, 0, 0
50803, 5732412, 0, 0, 0
50900, 6443950, 0, 0, 0
51000, 7217720, 0, 0, 0
51100, 6899157, 0, 0, 0
51202, 9268239, 0, 0, 0
51301, 7131067, 0, 0, 0
51401, 7247769, 0, 0, 0
51509, 9373784, 0, 0, 0
51601, 8485707, 0, 0, 0
51700, 16595699, 0, 0, 0
51800, 6076740, 0, 0, 0
51900, 6016000, 0, 0, 0
52013, 6520669, 0, 0, 0
52124, 8359297, 0, 0, 0
52213, 10186853, 0, 0, 0
52300, 10014898, 0, 0, 0
52400, 5595930, 0, 0, 0
52500, 5984414, 0, 0, 0
52601, 9259099, 0, 0, 0
52700, 8666428, 0, 0, 0
52801, 7259417, 0, 0, 0
52901, 6917489, 0, 0, 0
53003, 8926372, 0, 0, 0
53101, 6617846, 0, 0, 0
53202, 8606046, 0, 0, 0
53301, 7048581, 0, 0, 0
53400, 9373225, 0, 0, 0
53500, 8282029, 0, 0, 0
53602, 6312887, 0, 0, 0
53703, 6837967, 0, 0, 0
53802, 22743054, 0, 0, 0
53901, 8590865, 0, 0, 0
54002, 6410834, 0, 0, 0
54100, 7450229, 0, 0, 0
54200, 8902816, 0, 0, 0
54300, 6162400, 0, 0, 0
54400, 26318026, 0, 0, 0
54500, 9276491, 0, 0, 0
54600, 6113908, 0, 0, 0
54707, 9190761, 0, 0, 0
54801, 8827242, 0, 0, 0
54902, 8031855, 0, 0, 0
55000, 6454460, 0, 0, 0
55129, 6098313, 0, 0, 0
55200, 10011446, 0, 0, 0
55303, 6915538, 0, 0, 0
55400, 12422645, 0, 0, 0
55500, 17675786, 0, 0, 0
55600, 9520384, 0, 0, 0
55703, 6717897, 0, 0, 0
55800, 6792065, 0, 0, 0
55900, 7150408, 0, 0, 0
56001, 6727445, 0, 0, 0
56100, 6902901, 0, 0, 0
56201, 9520330, 0, 0, 0
56303, 6660885, 0, 0, 0
56400, 8711562, 0, 0, 0
56507, 7882309, 0, 0, 0
56600, 8098726, 0, 0, 0
56700, 8001832, 0, 0, 0
56802, 6546081, 0, 0, 0
56900, 9032035, 0, 0, 0
57005, 8141789, 0, 0, 0
57100, 8442950, 0, 0, 0
57201, 5891986, 0, 0, 0
57302, 8234091, 0, 0, 0
57400, 10065691, 0, 0, 0
57500, 11487068, 0, 0, 0
57601, 6678188, 0, 0, 0
57700, 8858865, 0, 0, 0
57802, 6267721, 0, 0, 0
57900, 8002548, 0, 0, 0
58000, 6421361, 0, 0, 0
58101, 7353235, 0, 0, 0
58200, 7057365, 0, 0, 0
58300, 13055284, 0, 0, 0
58401, 6692440, 0, 0, 0
58501, 6672061, 0, 0, 0
58601, 9064031, 0, 0, 0
58701, 6034839, 0, 0, 0
58824, 19454963, 0, 0, 0
58901, 10771353, 0, 0, 0
59000, 7980200, 0, 0, 0
59101, 6191503, 0, 0, 0
59200, 9502664, 0, 0, 0
59300, 8979308, 0, 0, 0
59401, 8304269, 0, 0, 0
59501, 5577786, 0, 0, 0
59600, 8093617, 0, 0, 0
59702, 7300956, 0, 0, 0
59801, 6700900, 0, 0, 0
59908, 8369191, 0, 0, 0
60000, 7111613, 0, 0, 0
60101, 9171277, 0, 0, 0
60201, 6687034, 0, 0, 0
60301, 15137545, 0, 0, 0
60402, 12148572, 0, 0, 0
60501, 6662900, 0, 0, 0
60600, 10760097, 0, 0, 0
60700, 8827758, 0, 0, 0
60800, 6287160, 0, 0, 0
60910, 7938631, 0, 0, 0
61000, 7874548, 0, 0, 0
61101, 8067323, 0, 0, 0
61201, 6978373, 0, 0, 0
61301, 7851911, 0, 0, 0
61400, 7606542, 0, 0, 0
61502, 7686727, 0, 0, 0
61600, 7333761, 0, 0, 0
61708, 6744466, 0, 0, 0
61800, 6315551, 0, 0, 0
61900, 10139393, 0, 0, 0
62000, 6217585, 0, 0, 0
62107, 8716973, 0, 0, 0
62201, 7423962, 0, 0, 0
62300, 8905528, 0, 0, 0
62404, 7582721, 0, 0, 0
62500, 14587571, 0, 0, 0
62601, 12760939, 0, 0, 0
62701, 9797923, 0, 0, 0
62803, 9038122, 0, 0, 0
62901, 8358701, 0, 0, 0
63007, 6534228, 0, 0, 0
63101, 9385578, 0, 0, 0
63208, 17817902, 0, 0, 0
63304, 14393628, 0, 0, 0
63400, 7328630, 0, 0, 0
63500, 7760325, 0, 0, 0
63600, 9612468, 0, 0, 0
63700, 6397526, 0, 0, 0
63800, 6824758, 0, 0, 0
63900, 10726533, 0, 0, 0
64000, 6648840, 0, 0, 0
64100, 7806684, 0, 0, 0
64200, 6429265, 0, 0, 0
64300, 6323349, 0, 0, 0
64423, 10573116, 0, 0, 0
64500, 9484743, 0, 0, 0
64601, 11318538, 0, 0, 0
64703, 6896299, 0, 0, 0
64800, 8518746, 0, 0, 0
64903, 6669990, 0, 0, 0
65000, 19165649, 0, 0, 0
65100, 5842690, 0, 0, 0
65200, 7956511, 0, 0, 0
65300, 6491236, 0, 0, 0
65400, 6600500, 0, 0, 0
65500, 6535361, 0, 0, 0
65600, 7448232, 0, 0, 0
65701, 5252094, 0, 0, 0
65800, 7972015, 0, 0, 0
65904, 6379893, 0, 0, 0
66000, 9201702, 0, 0, 0
66100, 6133557, 0, 0, 0
66200, 6293544, 0, 0, 0
66300, 8014905, 0, 0, 0
66400, 6006745, 0, 0, 0
66500, 8862177, 0, 0, 0
66600, 7546195, 0, 0, 0
66700, 9538132, 0, 0, 0
66801, 6546088, 0, 0, 0
66900, 6509077, 0, 0, 0
67000, 6396039, 0, 0, 0
67100, 6471057, 0, 0, 0
67200, 10525010, 0, 0, 0
67302, 6673118, 0, 0, 0
67400, 8462026, 0, 0, 0
67501, 6318185, 0, 0, 0
67601, 7879754, 0, 0, 0
67701, 6819631, 0, 0, 0
67800, 9568499, 0, 0, 0
67901, 8139816, 0, 0, 0
68001, 6842729, 0, 0, 0
68100, 6777888, 0, 0, 0
68201, 9892164, 0, 0, 0
68300, 6697210, 0, 0, 0
68400, 5517670, 0, 0, 0
68501, 5741440, 0, 0, 0
68601, 9004864, 0, 0, 0
68700, 6931895, 0, 0, 0
68800, 6135340, 0, 0, 0
68900, 6645001, 0, 0, 0
69001, 9048360, 0, 0, 0
69102, 8104162, 0, 0, 0
69202, 9550297, 0, 0, 0
69300, 19317433, 0, 0, 0
69401, 7769307, 0, 0, 0
69500, 6957770, 0, 0, 0
69600, 9834688, 0, 0, 0
69700, 6055714, 0, 0, 0
69801, 6335711, 0, 0, 0
69900, 12534926, 0, 0, 0
70000, 6931890, 0, 0, 0
70100, 8023025, 0, 0, 0
70200, 5969570, 0, 0, 0
70302, 8382414, 0, 0, 0
70401, 10430419, 0, 0, 0
70500, 6356623, 0, 0, 0
70602, 6786015, 0, 0, 0
70701, 6913451, 0, 0, 0
70808, 8500058, 0, 0, 0
70900, 8860889, 0, 0, 0
71000, 8046482, 0, 0, 0
71102, 5465559, 0, 0, 0
71204, 10847631, 0, 0, 0
71301, 7250970, 0, 0, 0
71414, 10227310, 0, 0, 0
71501, 10795361, 0, 0, 0
71601, 7022319, 0, 0, 0
71703, 9126812, 0, 0, 0
71800, 6373158, 0, 0, 0
71900, 6805312, 0, 0, 0
72000, 9357208, 0, 0, 0
72111, 8903346, 0, 0, 0
72200, 13303142, 0, 0, 0
72300, 9532218, 0, 0, 0
72400, 7569657, 0, 0, 0
72513, 6396226, 0, 0, 0
72601, 7880917, 0, 0, 0
72700, 6487387, 0, 0, 0
72801, 6177779, 0, 0, 0
72901, 10274252, 0, 0, 0
73001, 14136065, 0, 0, 0
73102, 9284306, 0, 0, 0
73224, 8037451, 0, 0, 0
73301, 18360546, 0, 0, 0
73401, 5696221, 0, 0, 0
73500, 9333378, 0, 0, 0
73600, 6697889, 0, 0, 0
73700, 6274174, 0, 0, 0
73801, 6230125, 0, 0, 0
73900, 6153576, 0, 0, 0
74001, 8050607, 0, 0, 0
74101, 6901224, 0, 0, 0
74200, 8261686, 0, 0, 0
74301, 6014304, 0, 0, 0
74400, 9757346, 0, 0, 0
74500, 6319449, 0, 0, 0
74600, 6182763, 0, 0, 0
74700, 6257725, 0, 0, 0
74821, 7089151, 0, 0, 0
74901, 7966436, 0, 0, 0
75002, 8295294, 0, 0, 0
75100, 7937360, 0, 0, 0
75202, 8261612, 0, 0, 0
75300, 6890733, 0, 0, 0
75401, 7599724, 0, 0, 0
75502, 8269658, 0, 0, 0
75600, 6476075, 0, 0, 0
75700, 7987575, 0, 0, 0
75800, 8409615, 0, 0, 0
75902, 7052417, 0, 0, 0
76000, 7338307, 0, 0, 0
76116, 6584054, 0, 0, 0
76200, 12115523, 0, 0, 0
76300, 8024353, 0, 0, 0
76400, 7623071, 0, 0, 0
76500, 5789353, 0, 0, 0
76601, 11089380, 0, 0, 0
76710, 8739223, 0, 0, 0
76800, 9462482, 0, 0, 0
76916, 5552325, 0, 0, 0
77001, 9107038, 0, 0, 0
77110, 6518126, 0, 0, 0
77200, 10103191, 0, 0, 0
77300, 8298002, 0, 0, 0
77400, 6042745, 0, 0, 0
77500, 5878405, 0, 0, 0
77600, 6609162, 0, 0, 0
77704, 11689530, 0, 0, 0
77802, 19277770, 0, 0, 0
77900, 8788109, 0, 0, 0
78002, 6106699, 0, 0, 0
78100, 5893627, 0, 0, 0
78201, 8516352, 0, 0, 0
78300, 6079315, 0, 0, 0
78400, 8284220, 0, 0, 0
78501, 7345384, 0, 0, 0
78600, 9157174, 0, 0, 0
78700, 6825837, 0, 0, 0
78823, 7967502, 0, 0, 0
78901, 8611438, 0, 0, 0
79000, 9688698, 0, 0, 0
79100, 8953415, 0, 0, 0
79202, 11050996, 0, 0, 0
79302, 7107760, 0, 0, 0
79402, 6968807, 0, 0, 0
79500, 8160586, 0, 0, 0
79600, 6338259, 0, 0, 0
79700, 6964129, 0, 0, 0
79802, 10147283, 0, 0, 0
79901, 6387384, 0, 0, 0
80004, 6118639, 0, 0, 0
80103, 6869034, 0, 0, 0
80201, 7770778, 0, 0, 0
80300, 6052945, 0, 0, 0
80400, 7342461, 0, 0, 0
80500, 6729246, 0, 0, 0
80600, 5977658, 0, 0, 0
80700, 6896272, 0, 0, 0
80800, 8017722, 0, 0, 0
80900, 7406893, 0, 0, 0
81000, 9253884, 0, 0, 0
81100, 8656151, 0, 0, 0
81200, 7531589, 0, 0, 0
81301, 8999007, 0, 0, 0
81401, 12329267, 0, 0, 0
81500, 8619323, 0, 0, 0
81600, 5872937, 0, 0, 0
81700, 8173742, 0, 0, 0
81802, 8956268, 0, 0, 0
81900, 6639467, 0, 0, 0
82002, 9520443, 0, 0, 0
82100, 7108667, 0, 0, 0
82202, 10786315, 0, 0, 0
82301, 9884693, 0, 0, 0
82404, 8828670, 0, 0, 0
82501, 6318274, 0, 0, 0
82600, 7950781, 0, 0, 0
82700, 11643805, 0, 0, 0
82800, 8697397, 0, 0, 0
82900, 5412352, 0, 0, 0
83002, 6540227, 0, 0, 0
83101, 9027202, 0, 0, 0
83200, 9345107, 0, 0, 0
83300, 11895432, 0, 0, 0
83401, 7931565, 0, 0, 0
83500, 6908789, 0, 0, 0
83601, 8044221, 0, 0, 0
83700, 6604431, 0, 0, 0
83800, 9754189, 0, 0, 0
83903, 8910095, 0, 0, 0
84000, 13609303, 0, 0, 0
84103, 8256176, 0, 0, 0
84200, 8032730, 0, 0, 0
84300, 9507861, 0, 0, 0
84403, 8902208, 0, 0, 0
84509, 7208498, 0, 0, 0
84600, 7454986, 0, 0, 0
84709, 7746043, 0, 0, 0
84811, 12473531, 0, 0, 0
84900, 9881115, 0, 0, 0
85001, 7068866, 0, 0, 0
85107, 11045996, 0, 0, 0
85200, 9220461, 0, 0, 0
85301, 6876223, 0, 0, 0
85400, 8727977, 0, 0, 0
85501, 8511862, 0, 0, 0
85600, 5212410, 0, 0, 0
85700, 8649566, 0, 0, 0
85801, 8416954, 0, 0, 0
85900, 10720137, 0, 0, 0
86000, 7969767, 0, 0, 0
86101, 7741491, 0, 0, 0
86200, 7757249, 0, 0, 0
86300, 6331334, 0, 0, 0
86402, 8929970, 0, 0, 0
86500, 6867252, 0, 0, 0
86600, 9602604, 0, 0, 0
86701, 6867353, 0, 0, 0
86802, 5664853, 0, 0, 0
86901, 7063394, 0, 0, 0
87000, 6725097, 0, 0, 0
87100, 5606981, 0, 0, 0
87208, 10770455, 0, 0, 0
87306, 18652308, 0, 0, 0
87400, 19069072, 0, 0, 0
87500, 8022711, 0, 0, 0
87604, 6393216, 0, 0, 0
87701, 7241997, 0, 0, 0
87801, 7142166, 0, 0, 0
87900, 7424020, 0, 0, 0
88000, 6449445, 0, 0, 0
88102, 9269606, 0, 0, 0
88202, 7145069, 0, 0, 0
88300, 7191565, 0, 0, 0
88402, 8925373, 0, 0, 0
88500, 9626710, 0, 0, 0
88600, 6810646, 0, 0, 0
88700, 9058295, 0, 0, 0
88801, 7282667, 0, 0, 0
88900, 9845280, 0, 0, 0
89004, 12020884, 0, 0, 0
89101, 7226357, 0, 0, 0
89209, 7206866, 0, 0, 0
89300, 11755767, 0, 0, 0
89401, 5500074, 0, 0, 0
89514, 8777631, 0, 0, 0
89600, 14190454, 0, 0, 0
89702, 7628122, 0, 0, 0
89800, 19833988, 0, 0, 0
89901, 7659198, 0, 0, 0
90004, 13714435, 0, 0, 0
90011, 22869097, 0, 0, 0
