100, 7219382, 0, 0, 0
200, 8740170, 0, 0, 0
308, 12387505, 0, 0, 0
400, 11611916, 0, 0, 0
500, 6744601, 0, 0, 0
600, 8065652, 0, 0, 0
701, 5933049, 0, 0, 0
800, 7422132, 0, 0, 0
902, 7281239, 0, 0, 0
1000, 5979343, 0, 0, 0
1100, 5535383, 0, 0, 0
1202, 7537290, 0, 0, 0
1300, 11545205, 0, 0, 0
1400, 9358926, 0, 0, 0
1500, 7655120, 0, 0, 0
1601, 8301012, 0, 0, 0
1700, 8783002, 0, 0, 0
1803, 8205921, 0, 0, 0
1900, 8267919, 0, 0, 0
2000, 5636799, 0, 0, 0
2100, 5807655, 0, 0, 0
2200, 8295208, 0, 0, 0
2301, 12300135, 0, 0, 0
2400, 6754744, 0, 0, 0
2505, 6035522, 0, 0, 0
2600, 8400475, 0, 0, 0
2701, 6795152, 0, 0, 0
2800, 5713537, 0, 0, 0
2902, 7147396, 0, 0, 0
3000, 11775429, 0, 0, 0
3101, 9675399, 0, 0, 0
3200, 7193675, 0, 0, 0
3301, 9028412, 0, 0, 0
3400, 6234676, 0, 0, 0
3500, 5399474, 0, 0, 0
3600, 7613878, 0, 0, 0
3700, 9425832, 0, 0, 0
3800, 6351336, 0, 0, 0
3900, 6838727, 0, 0, 0
4000, 7786137, 0, 0, 0
4101, 7047809, 0, 0, 0
4200, 8015686, 0, 0, 0
4300, 8579605, 0, 0, 0
4400, 10222919, 0, 0, 0
4501, 9882054, 0, 0, 0
4600, 6403829, 0, 0, 0
4700, 6036509, 0, 0, 0
4801, 10028283, 0, 0, 0
4901, 7497539, 0, 0, 0
5000, 7043046, 0, 0, 0
5100, 9739012, 0, 0, 0
5200, 6774360, 0, 0, 0
5300, 6433793, 0, 0, 0
5400, 6350770, 0, 0, 0
5502, 21052879, 0, 0, 0
5600, 6805889, 0, 0, 0
5701, 7443419, 0, 0, 0
5801, 6551531, 0, 0, 0
5902, 7697516, 0, 0, 0
6000, 6738230, 0, 0, 0
6100, 6615385, 0, 0, 0
6207, 8442741, 0, 0, 0
6301, 10203186, 0, 0, 0
6400, 5517415, 0, 0, 0
6500, 7381376, 0, 0, 0
6601, 7422649, 0, 0, 0
6700, 7882393, 0, 0, 0
6800, 5607926, 0, 0, 0
6900, 8572035, 0, 0, 0
7000, 7800743, 0, 0, 0
7101, 5807716, 0, 0, 0
7200, 7770717, 0, 0, 0
7300, 6084135, 0, 0, 0
7401, 13492619, 0, 0, 0
7500, 6967538, 0, 0, 0
7601, 6407442, 0, 0, 0
7739, 6845550, 0, 0, 0
7830, 15131320, 0, 0, 0
7904, 13210930, 0, 0, 0
8003, 7177438, 0, 0, 0
8100, 8166667, 0, 0, 0
8200, 9189246, 0, 0, 0
8300, 6780537, 0, 0, 0
8402, 10050141, 0, 0, 0
8500, 8132832, 0, 0, 0
8602, 7656138, 0, 0, 0
8703, 11562303, 0, 0, 0
8800, 12107402, 0, 0, 0
8929, 7644989, 0, 0, 0
9000, 10402053, 0, 0, 0
9103, 9592571, 0, 0, 0
9200, 8999572, 0, 0, 0
9300, 7211248, 0, 0, 0
9400, 6869132, 0, 0, 0
9504, 5988362, 0, 0, 0
9601, 6230649, 0, 0, 0
9700, 9328727, 0, 0, 0
9802, 7491297, 0, 0, 0
9900, 6900621, 0, 0, 0
10000, 7194201, 0, 0, 0
10101, 6521078, 0, 0, 0
10201, 7307677, 0, 0, 0
10300, 6619429, 0, 0, 0
10400, 8315791, 0, 0, 0
10500, 7314464, 0, 0, 0
10600, 10227369, 0, 0, 0
10701, 9085450, 0, 0, 0
10800, 11247146, 0, 0, 0
10900, 6483134, 0, 0, 0
11004, 6124097, 0, 0, 0
11100, 6122527, 0, 0, 0
11200, 10979510, 0, 0, 0
11303, 7778745, 0, 0, 0
11400, 7313984, 0, 0, 0
11500, 7925045, 0, 0, 0
11618, 6211936, 0, 0, 0
11701, 10654346, 0, 0, 0
11801, 8766679, 0, 0, 0
11900, 7604037, 0, 0, 0
12000, 8487532, 0, 0, 0
12100, 8825550, 0, 0, 0
12201, 7369952, 0, 0, 0
12302, 7746536, 0, 0, 0
12400, 8476653, 0, 0, 0
12500, 7461834, 0, 0, 0
12600, 9423612, 0, 0, 0
12704, 7784396, 0, 0, 0
12802, 8753897, 0, 0, 0
12906, 6173202, 0, 0, 0
13000, 8557535, 0, 0, 0
13100, 7296909, 0, 0, 0
13205, 5464900, 0, 0, 0
13300, 20110767, 0, 0, 0
13400, 18052005, 0, 0, 0
13513, 7117689, 0, 0, 0
13600, 8139070, 0, 0, 0
13700, 9889664, 0, 0, 0
13800, 7009381, 0, 0, 0
13901, 8639180, 0, 0, 0
14053, 8882677, 0, 0, 0
14104, 14626997, 0, 0, 0
14203, 8475629, 0, 0, 0
14300, 7304228, 0, 0, 0
14401, 5462441, 0, 0, 0
14500, 6748778, 0, 0, 0
14601, 6140340, 0, 0, 0
14700, 16287976, 0, 0, 0
14800, 7992246, 0, 0, 0
14900, 7593882, 0, 0, 0
15000, 7804081, 0, 0, 0
15113, 6556655, 0, 0, 0
15200, 6952774, 0, 0, 0
15300, 6731222, 0, 0, 0
15400, 8077908, 0, 0, 0
15500, 6542186, 0, 0, 0
15604, 5976491, 0, 0, 0
15701, 6424716, 0, 0, 0
15800, 12138811, 0, 0, 0
15900, 6985612, 0, 0, 0
16000, 8350823, 0, 0, 0
16100, 7188160, 0, 0, 0
16200, 8711515, 0, 0, 0
16300, 6568099, 0, 0, 0
16400, 7631176, 0, 0, 0
16500, 5560780, 0, 0, 0
16600, 8857736, 0, 0, 0
16700, 6790034, 0, 0, 0
16800, 8765463, 0, 0, 0
16902, 8748433, 0, 0, 0
17001, 6678895, 0, 0, 0
17100, 6088844, 0, 0, 0
17202, 6388803, 0, 0, 0
17301, 7909797, 0, 0, 0
17414, 8546695, 0, 0, 0
17503, 10602094, 0, 0, 0
17600, 8104925, 0, 0, 0
17700, 7876021, 0, 0, 0
17800, 8844198, 0, 0, 0
17900, 8436708, 0, 0, 0
18001, 10587542, 0, 0, 0
18100, 7447538, 0, 0, 0
18200, 7344492, 0, 0, 0
18300, 8146767, 0, 0, 0
18401, 9671033, 0, 0, 0
18502, 6248130, 0, 0, 0
18601, 8963587, 0, 0, 0
18702, 8034477, 0, 0, 0
18810, 5732762, 0, 0, 0
18900, 7994444, 0, 0, 0
19000, 10699275, 0, 0, 0
19100, 8722922, 0, 0, 0
19201, 7520184, 0, 0, 0
19354, 12503291, 0, 0, 0
19400, 14038704, 0, 0, 0
19501, 15504950, 0, 0, 0
19600, 16244928, 0, 0, 0
19703, 6765991, 0, 0, 0
19801, 6633409, 0, 0, 0
19900, 5930796, 0, 0, 0
20000, 8148621, 0, 0, 0
20106, 6822628, 0, 0, 0
20200, 9170170, 0, 0, 0
20317, 9603763, 0, 0, 0
20400, 16692796, 0, 0, 0
20504, 5257820, 0, 0, 0
20601, 7379912, 0, 0, 0
20700, 5673067, 0, 0, 0
20800, 10549673, 0, 0, 0
20900, 5759351, 0, 0, 0
21006, 6292314, 0, 0, 0
21100, 10031195, 0, 0, 0
21200, 8185325, 0, 0, 0
21300, 6366006, 0, 0, 0
21401, 5462579, 0, 0, 0
21500, 9978234, 0, 0, 0
21600, 6574412, 0, 0, 0
21725, 12010108, 0, 0, 0
21800, 11887209, 0, 0, 0
21928, 7145666, 0, 0, 0
22000, 16613716, 0, 0, 0
22102, 7505995, 0, 0, 0
22200, 8893703, 0, 0, 0
22305, 6360367, 0, 0, 0
22400, 11682090, 0, 0, 0
22501, 7511014, 0, 0, 0
22600, 6357558, 0, 0, 0
22700, 8629109, 0, 0, 0
22800, 7449533, 0, 0, 0
22900, 6976270, 0, 0, 0
23000, 6533686, 0, 0, 0
23100, 11492290, 0, 0, 0
23200, 5984180, 0, 0, 0
23301, 6873638, 0, 0, 0
23400, 5668915, 0, 0, 0
23500, 6247597, 0, 0, 0
23601, 8913941, 0, 0, 0
23703, 18910785, 0, 0, 0
23800, 6803530, 0, 0, 0
23901, 7164629, 0, 0, 0
24000, 7725481, 0, 0, 0
24103, 8144749, 0, 0, 0
24200, 6392698, 0, 0, 0
24300, 6165851, 0, 0, 0
24400, 6296048, 0, 0, 0
24501, 8909008, 0, 0, 0
24601, 9673541, 0, 0, 0
24700, 8579317, 0, 0, 0
24800, 6208041, 0, 0, 0
24902, 7459493, 0, 0, 0
25000, 8369624, 0, 0, 0
25100, 7476756, 0, 0, 0
25202, 5622824, 0, 0, 0
25310, 7942909, 0, 0, 0
25400, 9491517, 0, 0, 0
25504, 7118339, 0, 0, 0
25601, 7257458, 0, 0, 0
25700, 10492394, 0, 0, 0
25801, 9997725, 0, 0, 0
25900, 8891369, 0, 0, 0
26001, 6495051, 0, 0, 0
26100, 9152579, 0, 0, 0
26200, 12670903, 0, 0, 0
26300, 6711615, 0, 0, 0
26401, 5138484, 0, 0, 0
26500, 6630279, 0, 0, 0
26600, 7594521, 0, 0, 0
26700, 10820992, 0, 0, 0
26800, 8058027, 0, 0, 0
26900, 8371453, 0, 0, 0
27010, 7082914, 0, 0, 0
27100, 11764739, 0, 0, 0
27201, 9400433, 0, 0, 0
27304, 7979738, 0, 0, 0
27418, 6864862, 0, 0, 0
27501, 7821143, 0, 0, 0
27600, 9167372, 0, 0, 0
27701, 8030237, 0, 0, 0
27801, 7148856, 0, 0, 0
27900, 10150044, 0, 0, 0
28000, 9234650, 0, 0, 0
28100, 7016289, 0, 0, 0
28200, 7222245, 0, 0, 0
28300, 7534788, 0, 0, 0
28409, 11773428, 0, 0, 0
28501, 6583668, 0, 0, 0
28600, 6662259, 0, 0, 0
28700, 6173694, 0, 0, 0
28800, 5742897, 0, 0, 0
28901, 6814231, 0, 0, 0
29000, 14860685, 0, 0, 0
29100, 6875567, 0, 0, 0
29200, 6098947, 0, 0, 0
29300, 6792485, 0, 0, 0
29400, 6984048, 0, 0, 0
29500, 5284860, 0, 0, 0
29600, 5908172, 0, 0, 0
29702, 8651292, 0, 0, 0
29800, 7779514, 0, 0, 0
29900, 5970490, 0, 0, 0
30001, 8917388, 0, 0, 0
30100, 9402987, 0, 0, 0
30213, 6635997, 0, 0, 0
30300, 8256657, 0, 0, 0
30401, 11067463, 0, 0, 0
30526, 9241612, 0, 0, 0
30600, 12193834, 0, 0, 0
30702, 9388068, 0, 0, 0
30800, 6481786, 0, 0, 0
30901, 6722064, 0, 0, 0
31001, 6827784, 0, 0, 0
31100, 7122677, 0, 0, 0
31200, 8308357, 0, 0, 0
31300, 6683983, 0, 0, 0
31400, 12355892, 0, 0, 0
31500, 5715289, 0, 0, 0
31604, 7837494, 0, 0, 0
31700, 8108999, 0, 0, 0
31800, 6400221, 0, 0, 0
31900, 6953338, 0, 0, 0
32001, 8986058, 0, 0, 0
32100, 8363450, 0, 0, 0
32200, 7999964, 0, 0, 0
32309, 8451588, 0, 0, 0
32401, 10259473, 0, 0, 0
32500, 7239383, 0, 0, 0
32609, 6268390, 0, 0, 0
32700, 7491514, 0, 0, 0
32800, 7354715, 0, 0, 0
32901, 11292362, 0, 0, 0
33007, 9345341, 0, 0, 0
33100, 8178409, 0, 0, 0
33201, 6617490, 0, 0, 0
33301, 5541369, 0, 0, 0
33400, 7520922, 0, 0, 0
33501, 11720548, 0, 0, 0
33601, 7591693, 0, 0, 0
33700, 6825624, 0, 0, 0
33800, 7350903, 0, 0, 0
33901, 8060887, 0, 0, 0
34000, 10040852, 0, 0, 0
34101, 9163826, 0, 0, 0
34205, 10862783, 0, 0, 0
34300, 17303315, 0, 0, 0
34405, 9366167, 0, 0, 0
34500, 14155760, 0, 0, 0
34600, 6805332, 0, 0, 0
34701, 6570183, 0, 0, 0
34802, 10738280, 0, 0, 0
34908, 7474795, 0, 0, 0
35005, 7141284, 0, 0, 0
35100, 9843700, 0, 0, 0
35214, 6839760, 0, 0, 0
35300, 10733140, 0, 0, 0
35401, 9433802, 0, 0, 0
35501, 9643594, 0, 0, 0
35600, 8969197, 0, 0, 0
35700, 11887827, 0, 0, 0
35810, 7152862, 0, 0, 0
35901, 9841137, 0, 0, 0
36000, 6831477, 0, 0, 0
36100, 6639973, 0, 0, 0
36200, 8384316, 0, 0, 0
36300, 6593843, 0, 0, 0
36400, 6700311, 0, 0, 0
36500, 7072545, 0, 0, 0
36600, 6467937, 0, 0, 0
36701, 6869945, 0, 0, 0
36800, 8837665, 0, 0, 0
36902, 5460061, 0, 0, 0
37007, 11612361, 0, 0, 0
37100, 10973402, 0, 0, 0
37201, 7542024, 0, 0, 0
37302, 7356078, 0, 0, 0
37400, 6079213, 0, 0, 0
37501, 7483753, 0, 0, 0
37604, 14311104, 0, 0, 0
37707, 7083193, 0, 0, 0
37801, 9251987, 0, 0, 0
37900, 6827374, 0, 0, 0
38004, 8311997, 0, 0, 0
38100, 9243827, 0, 0, 0
38200, 6231137, 0, 0, 0
38313, 6946516, 0, 0, 0
38402, 9497154, 0, 0, 0
38501, 5644354, 0, 0, 0
38601, 5740653, 0, 0, 0
38700, 6258488, 0, 0, 0
38811, 11568444, 0, 0, 0
38908, 8716928, 0, 0, 0
39013, 10746584, 0, 0, 0
39104, 10497992, 0, 0, 0
39206, 7917027, 0, 0, 0
39300, 8103860, 0, 0, 0
39401, 5913938, 0, 0, 0
39500, 5526225, 0, 0, 0
39601, 6262172, 0, 0, 0
39700, 9085515, 0, 0, 0
39815, 7443660, 0, 0, 0
39936, 11172476, 0, 0, 0
40009, 10565432, 0, 0, 0
40101, 7260285, 0, 0, 0
40200, 7517052, 0, 0, 0
40300, 6135784, 0, 0, 0
40401, 8988478, 0, 0, 0
40500, 9749989, 0, 0, 0
40600, 7742328, 0, 0, 0
40700, 7496924, 0, 0, 0
40801, 7434830, 0, 0, 0
40900, 8925863, 0, 0, 0
41014, 7375954, 0, 0, 0
41102, 13980606, 0, 0, 0
41200, 6222579, 0, 0, 0
41301, 6434516, 0, 0, 0
41401, 8065788, 0, 0, 0
41504, 14755058, 0, 0, 0
41600, 6110118, 0, 0, 0
41701, 13576228, 0, 0, 0
41800, 8359317, 0, 0, 0
41902, 8580639, 0, 0, 0
42000, 7396150, 0, 0, 0
42102, 7503802, 0, 0, 0
42207, 6461956, 0, 0, 0
42300, 9981971, 0, 0, 0
42400, 6523272, 0, 0, 0
42500, 8162148, 0, 0, 0
42600, 7824290, 0, 0, 0
42700, 10073635, 0, 0, 0
42802, 7568680, 0, 0, 0
42900, 7028484, 0, 0, 0
43000, 5842820, 0, 0, 0
43103, 9296611, 0, 0, 0
43213, 13652094, 0, 0, 0
43300, 8849322, 0, 0, 0
43401, 8961809, 0, 0, 0
43500, 8008339, 0, 0, 0
43600, 6910346, 0, 0, 0
43700, 6598051, 0, 0, 0
43803, 6005332, 0, 0, 0
43901, 10573483, 0, 0, 0
44006, 8629132, 0, 0, 0
44100, 8737097, 0, 0, 0
44200, 7392466, 0, 0, 0
44300, 5962228, 0, 0, 0
44402, 10311998, 0, 0, 0
44505, 14880965, 0, 0, 0
44600, 6655429, 0, 0, 0
44700, 6189424, 0, 0, 0
44801, 9448035, 0, 0, 0
44900, 6116478, 0, 0, 0
45000, 11416217, 0, 0, 0
45107, 8730888, 0, 0, 0
45200, 8705902, 0, 0, 0
45300, 9815629, 0, 0, 0
45401, 7270812, 0, 0, 0
45501, 6207899, 0, 0, 0
45605, 4965873, 0, 0, 0
45700, 13460154, 0, 0, 0
45801, 9022228, 0, 0, 0
45900, 7848348, 0, 0, 0
46000, 5668721, 0, 0, 0
46100, 8290387, 0, 0, 0
46201, 6491037, 0, 0, 0
46305, 7974366, 0, 0, 0
46400, 16772062, 0, 0, 0
46500, 7571614, 0, 0, 0
46600, 7283439, 0, 0, 0
46700, 5918136, 0, 0, 0
46800, 8342208, 0, 0, 0
46900, 6193325, 0, 0, 0
47000, 6164879, 0, 0, 0
47100, 12172697, 0, 0, 0
47202, 5123673, 0, 0, 0
47300, 11014937, 0, 0, 0
47400, 14143605, 0, 0, 0
47501, 7182813, 0, 0, 0
47601, 9318297, 0, 0, 0
47701, 6373910, 0, 0, 0
47821, 8482225, 0, 0, 0
47900, 9452740, 0, 0, 0
48002, 9936107, 0, 0, 0
48100, 9032977, 0, 0, 0
48203, 9461209, 0, 0, 0
48301, 7828968, 0, 0, 0
48400, 8816952, 0, 0, 0
48500, 9585812, 0, 0, 0
48613, 12252344, 0, 0, 0
48702, 7475348, 0, 0, 0
48801, 9741534, 0, 0, 0
48900, 4825370, 0, 0, 0
49000, 12029824, 0, 0, 0
49100, 5943014, 0, 0, 0
49218, 7212744, 0, 0, 0
49301, 11054336, 0, 0, 0
49404, 8087029, 0, 0, 0
49501, 7373289, 0, 0, 0
49600, 10846182, 0, 0, 0
49711, 5719580, 0, 0, 0
49800, 7560681, 0, 0, 0
49900, 9134806, 0, 0, 0
50000, 5704728, 0, 0, 0
50101, 7922330, 0, 0, 0
50202, 7587960, 0, 0, 0
50300, 8919236, 0, 0, 0
50400, 7022950, 0, 0, 0
50502, 8788814, 0, 0, 0
50601, 5654284, 0, 0, 0
50700, 13530664, 0, 0, 0
50800, 7434706, 0, 0, 0
50900, 6855496, 0, 0, 0
51002, 6670237, 0, 0, 0
51100, 8697849, 0, 0, 0
51201, 6656522, 0, 0, 0
51300, 7321756, 0, 0, 0
51407, 9730702, 0, 0, 0
51501, 8047429, 0, 0, 0
51600, 8146252, 0, 0, 0
51700, 8164049, 0, 0, 0
51800, 16161823, 0, 0, 0
51900, 7438130, 0, 0, 0
52000, 12793978, 0, 0, 0
52100, 6822626, 0, 0, 0
52200, 5040774, 0, 0, 0
52300, 7223800, 0, 0, 0
52401, 9993955, 0, 0, 0
52500, 7760171, 0, 0, 0
52602, 6588163, 0, 0, 0
52700, 8342358, 0, 0, 0
52802, 7598393, 0, 0, 0
52900, 8431909, 0, 0, 0
53000, 6115406, 0, 0, 0
53106, 6307857, 0, 0, 0
53200, 9248911, 0, 0, 0
53311, 8078515, 0, 0, 0
53400, 12896279, 0, 0, 0
53502, 6618558, 0, 0, 0
53600, 7769609, 0, 0, 0
53700, 6835528, 0, 0, 0
53807, 7146175, 0, 0, 0
53901, 7605694, 0, 0, 0
54000, 5623544, 0, 0, 0
54100, 8166082, 0, 0, 0
54200, 5950152, 0, 0, 0
54300, 7091339, 0, 0, 0
54402, 6709104, 0, 0, 0
54500, 7427134, 0, 0, 0
54603, 8057078, 0, 0, 0
54700, 6348322, 0, 0, 0
54816, 6480847, 0, 0, 0
54900, 7503787, 0, 0, 0
55000, 6553671, 0, 0, 0
55100, 8134439, 0, 0, 0
55200, 11412844, 0, 0, 0
55302, 12690802, 0, 0, 0
55401, 6178836, 0, 0, 0
55502, 7275543, 0, 0, 0
55600, 6905179, 0, 0, 0
55703, 6654325, 0, 0, 0
55805, 12782018, 0, 0, 0
55901, 7386521, 0, 0, 0
56001, 7365313, 0, 0, 0
56105, 9464910, 0, 0, 0
56200, 8685809, 0, 0, 0
56301, 6569030, 0, 0, 0
56400, 8151823, 0, 0, 0
56513, 11773451, 0, 0, 0
56600, 12602635, 0, 0, 0
56700, 7804841, 0, 0, 0
56800, 5508168, 0, 0, 0
56906, 6315331, 0, 0, 0
57000, 8271122, 0, 0, 0
57101, 6968681, 0, 0, 0
57207, 9681480, 0, 0, 0
57301, 13775710, 0, 0, 0
57400, 7598645, 0, 0, 0
57500, 6727705, 0, 0, 0
57609, 8415432, 0, 0, 0
57700, 9384126, 0, 0, 0
57800, 7557553, 0, 0, 0
57900, 9567824, 0, 0, 0
58000, 7686185, 0, 0, 0
58100, 13525806, 0, 0, 0
58200, 9713890, 0, 0, 0
58300, 7014593, 0, 0, 0
58453, 8415187, 0, 0, 0
58500, 15618462, 0, 0, 0
58600, 5972582, 0, 0, 0
58741, 7113442, 0, 0, 0
58800, 16158816, 0, 0, 0
58902, 8814512, 0, 0, 0
59000, 6258746, 0, 0, 0
59100, 8168535, 0, 0, 0
59202, 8686358, 0, 0, 0
59300, 9011835, 0, 0, 0
59417, 7092155, 0, 0, 0
59500, 8224917, 0, 0, 0
59600, 6310024, 0, 0, 0
59707, 9654328, 0, 0, 0
59800, 8982965, 0, 0, 0
59900, 8437607, 0, 0, 0
60001, 7168155, 0, 0, 0
60101, 9162535, 0, 0, 0
60200, 7756478, 0, 0, 0
60301, 7229250, 0, 0, 0
60401, 7785867, 0, 0, 0
60501, 9413721, 0, 0, 0
60600, 5505090, 0, 0, 0
60700, 9519318, 0, 0, 0
60801, 8141809, 0, 0, 0
60900, 7186746, 0, 0, 0
61000, 8210461, 0, 0, 0
61100, 10767843, 0, 0, 0
61200, 10478519, 0, 0, 0
61300, 6541929, 0, 0, 0
61400, 6073746, 0, 0, 0
61500, 5733998, 0, 0, 0
61601, 6710378, 0, 0, 0
61700, 12740406, 0, 0, 0
61802, 6814074, 0, 0, 0
61902, 6953383, 0, 0, 0
62000, 7223769, 0, 0, 0
62100, 7187738, 0, 0, 0
62201, 10154351, 0, 0, 0
62301, 5753877, 0, 0, 0
62400, 7192122, 0, 0, 0
62500, 6187589, 0, 0, 0
62600, 6479753, 0, 0, 0
62700, 7331223, 0, 0, 0
62800, 8318002, 0, 0, 0
62900, 7594904, 0, 0, 0
63001, 6466137, 0, 0, 0
63101, 7665397, 0, 0, 0
63216, 7717751, 0, 0, 0
63302, 8159104, 0, 0, 0
63400, 7597125, 0, 0, 0
63501, 9132814, 0, 0, 0
63600, 8155293, 0, 0, 0
63700, 6342665, 0, 0, 0
63800, 21641338, 0, 0, 0
63901, 6136762, 0, 0, 0
64002, 10540234, 0, 0, 0
64109, 8574237, 0, 0, 0
64200, 8491045, 0, 0, 0
64300, 7941065, 0, 0, 0
64400, 6995630, 0, 0, 0
64500, 10181859, 0, 0, 0
64600, 5898798, 0, 0, 0
64701, 7374169, 0, 0, 0
64800, 8873912, 0, 0, 0
64900, 10059526, 0, 0, 0
65000, 8145828, 0, 0, 0
65100, 7186917, 0, 0, 0
65200, 6712169, 0, 0, 0
65300, 6382958, 0, 0, 0
65401, 6802834, 0, 0, 0
65500, 7360703, 0, 0, 0
65601, 10795856, 0, 0, 0
65704, 7865705, 0, 0, 0
65800, 15373662, 0, 0, 0
65900, 11402018, 0, 0, 0
66000, 9799094, 0, 0, 0
66100, 7216073, 0, 0, 0
66211, 7693243, 0, 0, 0
66300, 8702602, 0, 0, 0
66403, 9905323, 0, 0, 0
66502, 9133014, 0, 0, 0
66600, 8063894, 0, 0, 0
66706, 8600809, 0, 0, 0
66800, 8759064, 0, 0, 0
66902, 10774749, 0, 0, 0
67042, 6761826, 0, 0, 0
67102, 17236491, 0, 0, 0
67203, 5870614, 0, 0, 0
67300, 9011386, 0, 0, 0
67400, 5395762, 0, 0, 0
67500, 10483428, 0, 0, 0
67612, 8228988, 0, 0, 0
67700, 8808103, 0, 0, 0
67800, 6765717, 0, 0, 0
67901, 5192890, 0, 0, 0
68001, 9352320, 0, 0, 0
68100, 7748932, 0, 0, 0
68200, 7573464, 0, 0, 0
68308, 6997137, 0, 0, 0
68400, 10920637, 0, 0, 0
68501, 7522370, 0, 0, 0
68600, 7839579, 0, 0, 0
68700, 8298124, 0, 0, 0
68800, 5069166, 0, 0, 0
68900, 7668002, 0, 0, 0
69001, 6129388, 0, 0, 0
69101, 9227497, 0, 0, 0
69200, 10364351, 0, 0, 0
69300, 7766651, 0, 0, 0
69400, 7053275, 0, 0, 0
69500, 5830519, 0, 0, 0
69601, 6087950, 0, 0, 0
69700, 9432103, 0, 0, 0
69801, 11271957, 0, 0, 0
69900, 10409283, 0, 0, 0
70000, 7693578, 0, 0, 0
70102, 10090717, 0, 0, 0
70258, 11235277, 0, 0, 0
70300, 22371433, 0, 0, 0
70400, 6936380, 0, 0, 0
70500, 9407870, 0, 0, 0
70600, 5904904, 0, 0, 0
70704, 7514180, 0, 0, 0
70811, 7842657, 0, 0, 0
70901, 8011997, 0, 0, 0
71004, 11515997, 0, 0, 0
71100, 7813781, 0, 0, 0
71201, 9048958, 0, 0, 0
71302, 8790690, 0, 0, 0
71400, 7163132, 0, 0, 0
71500, 8888232, 0, 0, 0
71600, 6658587, 0, 0, 0
71703, 6664935, 0, 0, 0
71800, 8040637, 0, 0, 0
71901, 7163885, 0, 0, 0
72000, 7071739, 0, 0, 0
72100, 6531787, 0, 0, 0
72201, 11671918, 0, 0, 0
72300, 6688075, 0, 0, 0
72400, 7862713, 0, 0, 0
72500, 12764238, 0, 0, 0
72603, 8310098, 0, 0, 0
72706, 9626629, 0, 0, 0
72801, 14765894, 0, 0, 0
72900, 6681177, 0, 0, 0
73012, 12275292, 0, 0, 0
73102, 8590040, 0, 0, 0
73201, 8447248, 0, 0, 0
73302, 9315295, 0, 0, 0
73401, 6950809, 0, 0, 0
73501, 6017881, 0, 0, 0
73601, 5842862, 0, 0, 0
73702, 9147438, 0, 0, 0
73800, 8283447, 0, 0, 0
73905, 8276026, 0, 0, 0
74001, 10373586, 0, 0, 0
74101, 7322494, 0, 0, 0
74204, 6990821, 0, 0, 0
74300, 6705821, 0, 0, 0
74400, 9018798, 0, 0, 0
74502, 7080340, 0, 0, 0
74604, 6985812, 0, 0, 0
74715, 10984710, 0, 0, 0
74800, 6860627, 0, 0, 0
74905, 6257489, 0, 0, 0
75000, 10429727, 0, 0, 0
75104, 8524760, 0, 0, 0
75200, 7299417, 0, 0, 0
75300, 6433552, 0, 0, 0
75402, 7013896, 0, 0, 0
75500, 6418947, 0, 0, 0
75601, 7576050, 0, 0, 0
75701, 8053556, 0, 0, 0
75800, 16213716, 0, 0, 0
75901, 7776465, 0, 0, 0
76000, 7808714, 0, 0, 0
76100, 7584829, 0, 0, 0
76200, 6784110, 0, 0, 0
76300, 8324662, 0, 0, 0
76401, 7205550, 0, 0, 0
76500, 5419081, 0, 0, 0
76601, 11828890, 0, 0, 0
76700, 9107094, 0, 0, 0
76801, 7049070, 0, 0, 0
76901, 8879020, 0, 0, 0
77000, 6375619, 0, 0, 0
77101, 9975839, 0, 0, 0
77202, 9809459, 0, 0, 0
77303, 5816679, 0, 0, 0
77400, 8754754, 0, 0, 0
77500, 5864867, 0, 0, 0
77606, 6385733, 0, 0, 0
77701, 7449162, 0, 0, 0
77801, 6428680, 0, 0, 0
77900, 7480116, 0, 0, 0
78000, 7099782, 0, 0, 0
78102, 10733220, 0, 0, 0
78200, 7525128, 0, 0, 0
78301, 6975053, 0, 0, 0
78401, 8503717, 0, 0, 0
78500, 11056623, 0, 0, 0
78600, 8164820, 0, 0, 0
78700, 6484426, 0, 0, 0
78800, 9063607, 0, 0, 0
78900, 7113066, 0, 0, 0
79000, 11165361, 0, 0, 0
79101, 8837705, 0, 0, 0
79200, 9392536, 0, 0, 0
79304, 7595611, 0, 0, 0
79402, 7338240, 0, 0, 0
79500, 8818091, 0, 0, 0
79600, 6518486, 0, 0, 0
79704, 9813866, 0, 0, 0
79802, 7944741, 0, 0, 0
79902, 6978307, 0, 0, 0
80000, 10239043, 0, 0, 0
80100, 7408249, 0, 0, 0
80200, 8365227, 0, 0, 0
80301, 8192822, 0, 0, 0
80400, 8105469, 0, 0, 0
80500, 5913703, 0, 0, 0
80603, 8554234, 0, 0, 0
80703, 6220575, 0, 0, 0
80801, 7478506, 0, 0, 0
80903, 7102329, 0, 0, 0
81003, 9372204, 0, 0, 0
81103, 9058501, 0, 0, 0
81200, 6357970, 0, 0, 0
81310, 7621757, 0, 0, 0
81401, 7734431, 0, 0, 0
81500, 8133611, 0, 0, 0
81600, 6613548, 0, 0, 0
81701, 5804699, 0, 0, 0
81802, 6078728, 0, 0, 0
81900, 12053464, 0, 0, 0
82000, 6883761, 0, 0, 0
82100, 9039003, 0, 0, 0
82203, 4977664, 0, 0, 0
82300, 6518409, 0, 0, 0
82400, 6965846, 0, 0, 0
82500, 7261279, 0, 0, 0
82600, 9239245, 0, 0, 0
82706, 6521744, 0, 0, 0
82811, 10444168, 0, 0, 0
82900, 8901270, 0, 0, 0
83002, 6439518, 0, 0, 0
83106, 13293089, 0, 0, 0
83200, 8165760, 0, 0, 0
83300, 6441994, 0, 0, 0
83402, 7302204, 0, 0, 0
83501, 6327458, 0, 0, 0
83608, 6376747, 0, 0, 0
83700, 13973508, 0, 0, 0
83800, 6253675, 0, 0, 0
83901, 9917233, 0, 0, 0
84000, 10313855, 0, 0, 0
84101, 9122312, 0, 0, 0
84201, 6599930, 0, 0, 0
84300, 7544447, 0, 0, 0
84454, 10147080, 0, 0, 0
84500, 19801715, 0, 0, 0
84600, 7390926, 0, 0, 0
84700, 8802355, 0, 0, 0
84801, 11429883, 0, 0, 0
84900, 5894404, 0, 0, 0
85000, 5879022, 0, 0, 0
85100, 8143521, 0, 0, 0
85201, 8034266, 0, 0, 0
85303, 8204258, 0, 0, 0
85402, 6365385, 0, 0, 0
85514, 7606870, 0, 0, 0
85600, 8422032, 0, 0, 0
85700, 9248140, 0, 0, 0
85800, 11559287, 0, 0, 0
85901, 7057939, 0, 0, 0
86000, 12193284, 0, 0, 0
86100, 7113645, 0, 0, 0
86201, 7816016, 0, 0, 0
86300, 9573544, 0, 0, 0
86401, 6618782, 0, 0, 0
86500, 8103497, 0, 0, 0
86600, 7929451, 0, 0, 0
86705, 6983214, 0, 0, 0
86800, 26997708, 0, 0, 0
86901, 8506512, 0, 0, 0
87000, 6130611, 0, 0, 0
87100, 6080005, 0, 0, 0
87200, 6836790, 0, 0, 0
87303, 6572902, 0, 0, 0
87401, 9183795, 0, 0, 0
87500, 8678899, 0, 0, 0
87600, 7239220, 0, 0, 0
87700, 8970702, 0, 0, 0
87800, 6153404, 0, 0, 0
87900, 6423341, 0, 0, 0
88001, 7019992, 0, 0, 0
88100, 8036490, 0, 0, 0
88200, 6281988, 0, 0, 0
88300, 7372566, 0, 0, 0
88400, 8626461, 0, 0, 0
88501, 6580618, 0, 0, 0
88602, 8903127, 0, 0, 0
88700, 11062223, 0, 0, 0
88800, 10683757, 0, 0, 0
88902, 8102501, 0, 0, 0
89000, 8638160, 0, 0, 0
89108, 6625519, 0, 0, 0
89206, 6088642, 0, 0, 0
89300, 9393562, 0, 0, 0
89400, 9882372, 0, 0, 0
89500, 9714513, 0, 0, 0
89603, 6769803, 0, 0, 0
89700, 7179179, 0, 0, 0
89800, 5609091, 0, 0, 0
89900, 6385538, 0, 0, 0
90000, 6865227, 0, 0, 0
90004, 7333701, 0, 0, 0
