250, 272, 1, 0, 0
350, 180, 1, 0, 0
450, 180, 1, 0, 0
550, 260, 1, 0, 0
650, 220, 1, 0, 0
749, 262, 1, 0, 0
849, 270, 1, 0, 0
949, 180, 1, 0, 0
1050, 330, 1, 0, 0
1150, 190, 1, 0, 0
1249, 202, 1, 0, 0
1349, 170, 1, 0, 0
1449, 340, 1, 0, 0
1549, 170, 1, 0, 0
1649, 50, 1, 0, 0
1749, 120, 1, 0, 0
1850, 100, 1, 0, 0
1950, 170, 1, 0, 0
2050, 80, 1, 0, 0
2150, 180, 1, 0, 0
2249, 232, 1, 0, 0
2349, 330, 1, 0, 0
2449, 220, 1, 0, 0
2549, 200, 1, 0, 0
2650, 200, 1, 0, 0
2749, 242, 1, 0, 0
2849, 280, 1, 0, 0
2949, 250, 1, 0, 0
3049, 210, 1, 0, 0
3149, 180, 1, 0, 0
3249, 340, 1, 0, 0
3349, 180, 1, 0, 0
3449, 290, 1, 0, 0
3550, 170, 1, 0, 0
3650, 100, 1, 0, 0
3749, 161, 1, 0, 0
3849, 180, 1, 0, 0
3949, 180, 1, 0, 0
4049, 180, 1, 0, 0
4149, 210, 1, 0, 0
4249, 300, 1, 0, 0
4349, 240, 1, 0, 0
4449, 170, 1, 0, 0
4550, 340, 1, 0, 0
4650, 170, 1, 0, 0
4749, 171, 1, 0, 0
4849, 260, 1, 0, 0
4949, 250, 1, 0, 0
5049, 230, 1, 0, 0
5149, 320, 1, 0, 0
5249, 210, 1, 0, 0
5349, 280, 1, 0, 0
5450, 250, 1, 0, 0
5550, 110, 1, 0, 0
5650, 110, 1, 0, 0
5749, 70, 1, 0, 0
5849, 100, 1, 0, 0
5949, 80, 1, 0, 0
6050, 260, 1, 0, 0
6150, 170, 1, 0, 0
6249, 282, 1, 0, 0
6349, 240, 1, 0, 0
6449, 240, 1, 0, 0
6549, 170, 1, 0, 0
6649, 290, 1, 0, 0
6750, 220, 1, 0, 0
6850, 180, 1, 0, 0
6950, 330, 1, 0, 0
7050, 180, 1, 0, 0
7150, 290, 1, 0, 0
7249, 333, 1, 0, 0
7349, 180, 1, 0, 0
7449, 90, 1, 0, 0
7550, 170, 1, 0, 0
7650, 180, 1, 0, 0
7749, 181, 1, 0, 0
7849, 340, 1, 0, 0
7949, 250, 1, 0, 0
8049, 280, 1, 0, 0
8149, 180, 1, 0, 0
8249, 320, 1, 0, 0
8349, 210, 1, 0, 0
8449, 210, 1, 0, 0
8549, 320, 1, 0, 0
8650, 180, 1, 0, 0
8749, 232, 1, 0, 0
8849, 240, 1, 0, 0
8949, 210, 1, 0, 0
9049, 310, 1, 0, 0
9149, 170, 1, 0, 0
9249, 180, 1, 0, 0
9349, 210, 1, 0, 0
9449, 90, 1, 0, 0
9550, 90, 1, 0, 0
9650, 160, 1, 0, 0
9749, 70, 1, 0, 0
9849, 160, 1, 0, 0
9949, 290, 1, 0, 0
10049, 220, 1, 0, 0
10149, 180, 1, 0, 0
10250, 430, 1, 0, 0
10350, 180, 1, 0, 0
10450, 190, 1, 0, 0
10550, 340, 1, 0, 0
10650, 170, 1, 0, 0
10749, 242, 1, 0, 0
10849, 170, 1, 0, 0
10949, 180, 1, 0, 0
11049, 290, 1, 0, 0
11150, 170, 1, 0, 0
11249, 191, 1, 0, 0
11349, 80, 1, 0, 0
11449, 160, 1, 0, 0
11549, 180, 1, 0, 0
11649, 180, 1, 0, 0
11749, 200, 1, 0, 0
11849, 210, 1, 0, 0
11950, 280, 1, 0, 0
12050, 180, 1, 0, 0
12150, 280, 1, 0, 0
12249, 171, 1, 0, 0
12349, 170, 1, 0, 0
12449, 340, 1, 0, 0
12549, 250, 1, 0, 0
12649, 170, 1, 0, 0
12749, 290, 1, 0, 0
12849, 180, 1, 0, 0
12950, 230, 1, 0, 0
13050, 190, 1, 0, 0
13150, 220, 1, 0, 0
13249, 252, 1, 0, 0
13349, 240, 1, 0, 0
13449, 190, 1, 0, 0
13549, 280, 1, 0, 0
13649, 240, 1, 0, 0
13750, 250, 1, 0, 0
13850, 270, 1, 0, 0
13950, 190, 1, 0, 0
14050, 330, 1, 0, 0
14150, 190, 1, 0, 0
14249, 252, 1, 0, 0
14349, 190, 1, 0, 0
14449, 170, 1, 0, 0
14549, 310, 1, 0, 0
14649, 210, 1, 0, 0
14750, 300, 1, 0, 0
14850, 280, 1, 0, 0
14950, 220, 1, 0, 0
15050, 180, 1, 0, 0
15150, 180, 1, 0, 0
15249, 272, 1, 0, 0
15349, 300, 1, 0, 0
15449, 210, 1, 0, 0
15549, 260, 1, 0, 0
15649, 300, 1, 0, 0
15750, 200, 1, 0, 0
15850, 180, 1, 0, 0
15950, 210, 1, 0, 0
16050, 360, 1, 0, 0
16150, 180, 1, 0, 0
16249, 212, 1, 0, 0
16349, 290, 1, 0, 0
16449, 240, 1, 0, 0
16549, 230, 1, 0, 0
16650, 280, 1, 0, 0
16750, 180, 1, 0, 0
16850, 240, 1, 0, 0
16950, 330, 1, 0, 0
17050, 180, 1, 0, 0
17150, 330, 1, 0, 0
17249, 70, 1, 0, 0
17349, 120, 1, 0, 0
17449, 160, 1, 0, 0
17550, 190, 1, 0, 0
17650, 260, 1, 0, 0
17749, 262, 1, 0, 0
17849, 260, 1, 0, 0
17949, 180, 1, 0, 0
18049, 170, 1, 0, 0
18149, 310, 1, 0, 0
18249, 170, 1, 0, 0
18349, 310, 1, 0, 0
18449, 200, 1, 0, 0
18550, 180, 1, 0, 0
18650, 270, 1, 0, 0
18749, 171, 1, 0, 0
18849, 180, 1, 0, 0
18949, 280, 1, 0, 0
19049, 220, 1, 0, 0
19149, 170, 1, 0, 0
19249, 40, 1, 0, 0
19349, 130, 1, 0, 0
19450, 60, 1, 0, 0
19650, 180, 1, 0, 0
19749, 171, 1, 0, 0
19849, 180, 1, 0, 0
19949, 180, 1, 0, 0
20049, 180, 1, 0, 0
20149, 290, 1, 0, 0
20249, 170, 1, 0, 0
20350, 180, 1, 0, 0
20450, 190, 1, 0, 0
20550, 220, 1, 0, 0
20650, 300, 1, 0, 0
20749, 181, 1, 0, 0
20849, 210, 1, 0, 0
20949, 30, 1, 0, 0
21049, 150, 1, 0, 0
21149, 170, 1, 0, 0
21250, 170, 1, 0, 0
21350, 180, 1, 0, 0
21450, 330, 1, 0, 0
21550, 190, 1, 0, 0
21650, 230, 1, 0, 0
21749, 181, 1, 0, 0
21849, 240, 1, 0, 0
21949, 320, 1, 0, 0
22049, 180, 1, 0, 0
22150, 300, 1, 0, 0
22250, 230, 1, 0, 0
22350, 220, 1, 0, 0
22450, 290, 1, 0, 0
22550, 180, 1, 0, 0
22650, 250, 1, 0, 0
22749, 181, 1, 0, 0
22849, 250, 1, 0, 0
22949, 90, 1, 0, 0
23050, 160, 1, 0, 0
23150, 70, 1, 0, 0
23249, 111, 1, 0, 0
23349, 330, 1, 0, 0
23449, 220, 1, 0, 0
23549, 180, 1, 0, 0
23649, 300, 1, 0, 0
23750, 260, 1, 0, 0
23850, 200, 1, 0, 0
23950, 320, 1, 0, 0
24050, 190, 1, 0, 0
24150, 290, 1, 0, 0
24249, 212, 1, 0, 0
24349, 340, 1, 0, 0
24449, 170, 1, 0, 0
24549, 240, 1, 0, 0
24650, 180, 1, 0, 0
24750, 180, 1, 0, 0
24850, 160, 1, 0, 0
24950, 120, 1, 0, 0
25050, 60, 1, 0, 0
25150, 170, 1, 0, 0
25249, 252, 1, 0, 0
25349, 180, 1, 0, 0
25449, 300, 1, 0, 0
25550, 260, 1, 0, 0
25650, 250, 1, 0, 0
25749, 292, 1, 0, 0
25849, 210, 1, 0, 0
25949, 350, 1, 0, 0
26049, 180, 1, 0, 0
26149, 250, 1, 0, 0
26249, 170, 1, 0, 0
26349, 290, 1, 0, 0
26449, 250, 1, 0, 0
26549, 140, 1, 0, 0
26650, 240, 1, 0, 0
26749, 101, 1, 0, 0
26849, 70, 1, 0, 0
26949, 180, 1, 0, 0
27049, 340, 1, 0, 0
27149, 180, 1, 0, 0
27249, 180, 1, 0, 0
27349, 280, 1, 0, 0
27449, 270, 1, 0, 0
27550, 260, 1, 0, 0
27650, 260, 1, 0, 0
27749, 171, 1, 0, 0
27849, 340, 1, 0, 0
27949, 180, 1, 0, 0
28049, 340, 1, 0, 0
28149, 240, 1, 0, 0
28249, 290, 1, 0, 0
28349, 220, 1, 0, 0
28449, 260, 1, 0, 0
28549, 260, 1, 0, 0
28650, 190, 1, 0, 0
28749, 30, 1, 0, 0
28849, 170, 1, 0, 0
28949, 320, 1, 0, 0
29049, 200, 1, 0, 0
29149, 280, 1, 0, 0
29249, 260, 1, 0, 0
29350, 210, 1, 0, 0
29450, 170, 1, 0, 0
29550, 300, 1, 0, 0
29650, 330, 1, 0, 0
29749, 191, 1, 0, 0
29849, 200, 1, 0, 0
29949, 320, 1, 0, 0
30049, 200, 1, 0, 0
30149, 240, 1, 0, 0
30250, 170, 1, 0, 0
30350, 180, 1, 0, 0
30450, 340, 1, 0, 0
30550, 170, 1, 0, 0
30650, 190, 1, 0, 0
30749, 171, 1, 0, 0
30849, 190, 1, 0, 0
30949, 260, 1, 0, 0
31049, 220, 1, 0, 0
31149, 170, 1, 0, 0
31250, 310, 1, 0, 0
31350, 170, 1, 0, 0
31450, 310, 1, 0, 0
31550, 240, 1, 0, 0
31650, 240, 1, 0, 0
31749, 272, 1, 0, 0
31849, 220, 1, 0, 0
31949, 180, 1, 0, 0
32049, 330, 1, 0, 0
32149, 280, 1, 0, 0
32250, 180, 1, 0, 0
32350, 250, 1, 0, 0
32450, 280, 1, 0, 0
32550, 180, 1, 0, 0
32650, 250, 1, 0, 0
32749, 282, 1, 0, 0
32849, 340, 1, 0, 0
32949, 170, 1, 0, 0
33049, 280, 1, 0, 0
33149, 190, 1, 0, 0
33250, 250, 1, 0, 0
33350, 240, 1, 0, 0
33450, 300, 1, 0, 0
33551, 220, 1, 0, 0
33651, 320, 1, 0, 0
33751, 180, 1, 0, 0
33851, 270, 1, 0, 0
33951, 170, 1, 0, 0
34051, 300, 1, 0, 0
34151, 170, 1, 0, 0
34251, 260, 1, 0, 0
34352, 230, 1, 0, 0
34452, 220, 1, 0, 0
34552, 160, 1, 0, 0
34652, 90, 1, 0, 0
34752, 90, 1, 0, 0
34852, 200, 1, 0, 0
34952, 160, 1, 0, 0
35052, 170, 1, 0, 0
35152, 190, 1, 0, 0
35253, 310, 1, 0, 0
35353, 220, 1, 0, 0
35453, 250, 1, 0, 0
35553, 180, 1, 0, 0
35653, 330, 1, 0, 0
35753, 290, 1, 0, 0
35853, 240, 1, 0, 0
35953, 230, 1, 0, 0
36054, 320, 1, 0, 0
36154, 180, 1, 0, 0
36254, 340, 1, 0, 0
36354, 280, 1, 0, 0
36454, 40, 1, 0, 0
36554, 160, 1, 0, 0
36654, 40, 1, 0, 0
36754, 130, 1, 0, 0
36855, 200, 1, 0, 0
36955, 250, 1, 0, 0
37055, 330, 1, 0, 0
37155, 170, 1, 0, 0
37255, 170, 1, 0, 0
37355, 170, 1, 0, 0
37455, 260, 1, 0, 0
37555, 270, 1, 0, 0
37655, 260, 1, 0, 0
37756, 220, 1, 0, 0
37856, 320, 1, 0, 0
37956, 190, 1, 0, 0
38056, 200, 1, 0, 0
38156, 190, 1, 0, 0
38256, 270, 1, 0, 0
38356, 170, 1, 0, 0
38456, 170, 1, 0, 0
38556, 170, 1, 0, 0
38656, 280, 1, 0, 0
38757, 170, 1, 0, 0
38857, 170, 1, 0, 0
38957, 210, 1, 0, 0
39057, 210, 1, 0, 0
39157, 210, 1, 0, 0
39257, 170, 1, 0, 0
39357, 260, 1, 0, 0
39457, 210, 1, 0, 0
39558, 170, 1, 0, 0
39658, 170, 1, 0, 0
39758, 280, 1, 0, 0
39858, 330, 1, 0, 0
39958, 190, 1, 0, 0
40058, 180, 1, 0, 0
40158, 180, 1, 0, 0
40258, 160, 1, 0, 0
40358, 40, 1, 0, 0
40459, 130, 1, 0, 0
40559, 90, 1, 0, 0
40659, 170, 1, 0, 0
40759, 290, 1, 0, 0
40859, 180, 1, 0, 0
40959, 170, 1, 0, 0
41059, 340, 1, 0, 0
41159, 170, 1, 0, 0
41260, 280, 1, 0, 0
41360, 300, 1, 0, 0
41460, 210, 1, 0, 0
41560, 340, 1, 0, 0
41660, 200, 1, 0, 0
41760, 230, 1, 0, 0
41860, 330, 1, 0, 0
41960, 60, 1, 0, 0
42061, 280, 1, 0, 0
42161, 180, 1, 0, 0
42261, 270, 1, 0, 0
42361, 240, 1, 0, 0
42461, 250, 1, 0, 0
42561, 310, 1, 0, 0
42661, 170, 1, 0, 0
42762, 310, 1, 0, 0
42862, 190, 1, 0, 0
42962, 310, 1, 0, 0
43062, 170, 1, 0, 0
43162, 260, 1, 0, 0
43262, 260, 1, 0, 0
43362, 270, 1, 0, 0
43462, 340, 1, 0, 0
43562, 200, 1, 0, 0
43663, 280, 1, 0, 0
43763, 180, 1, 0, 0
43863, 290, 1, 0, 0
43963, 70, 1, 0, 0
44063, 200, 1, 0, 0
44263, 180, 1, 0, 0
44364, 80, 1, 0, 0
44464, 340, 1, 0, 0
44564, 220, 1, 0, 0
44664, 170, 1, 0, 0
44764, 170, 1, 0, 0
44864, 310, 1, 0, 0
44964, 190, 1, 0, 0
45064, 220, 1, 0, 0
45164, 220, 1, 0, 0
45265, 270, 1, 0, 0
45365, 210, 1, 0, 0
45465, 310, 1, 0, 0
45565, 170, 1, 0, 0
45665, 220, 1, 0, 0
45765, 260, 1, 0, 0
45865, 170, 1, 0, 0
45965, 110, 1, 0, 0
46065, 150, 1, 0, 0
46166, 50, 1, 0, 0
46266, 300, 1, 0, 0
46366, 220, 1, 0, 0
46466, 340, 1, 0, 0
46566, 240, 1, 0, 0
46666, 230, 1, 0, 0
46766, 180, 1, 0, 0
46866, 340, 1, 0, 0
46966, 180, 1, 0, 0
47066, 260, 1, 0, 0
47167, 180, 1, 0, 0
47267, 220, 1, 0, 0
47367, 320, 1, 0, 0
47467, 200, 1, 0, 0
47567, 310, 1, 0, 0
47667, 170, 1, 0, 0
47767, 300, 1, 0, 0
47867, 50, 1, 0, 0
47967, 120, 1, 0, 0
48068, 60, 1, 0, 0
48168, 110, 1, 0, 0
48268, 70, 1, 0, 0
48368, 190, 1, 0, 0
48468, 250, 1, 0, 0
48568, 180, 1, 0, 0
48668, 280, 1, 0, 0
48768, 300, 1, 0, 0
48869, 230, 1, 0, 0
48969, 330, 1, 0, 0
49069, 170, 1, 0, 0
49169, 310, 1, 0, 0
49269, 250, 1, 0, 0
49369, 220, 1, 0, 0
49469, 200, 1, 0, 0
49569, 280, 1, 0, 0
49669, 180, 1, 0, 0
49769, 100, 1, 0, 0
49869, 90, 1, 0, 0
49970, 80, 1, 0, 0
50070, 120, 1, 0, 0
50170, 60, 1, 0, 0
50270, 200, 1, 0, 0
50370, 220, 1, 0, 0
50470, 290, 1, 0, 0
50570, 190, 1, 0, 0
50670, 320, 1, 0, 0
50771, 170, 1, 0, 0
50871, 230, 1, 0, 0
50971, 230, 1, 0, 0
51071, 240, 1, 0, 0
51171, 280, 1, 0, 0
51271, 230, 1, 0, 0
51371, 230, 1, 0, 0
51471, 170, 1, 0, 0
51571, 170, 1, 0, 0
51671, 130, 1, 0, 0
51772, 50, 1, 0, 0
51872, 160, 1, 0, 0
51972, 110, 1, 0, 0
52072, 160, 1, 0, 0
52172, 260, 1, 0, 0
52272, 280, 1, 0, 0
52372, 220, 1, 0, 0
52472, 180, 1, 0, 0
52573, 230, 1, 0, 0
52673, 270, 1, 0, 0
52773, 250, 1, 0, 0
52873, 210, 1, 0, 0
52973, 300, 1, 0, 0
53073, 210, 1, 0, 0
53173, 290, 1, 0, 0
53273, 210, 1, 0, 0
53373, 180, 1, 0, 0
53473, 170, 1, 0, 0
53574, 160, 1, 0, 0
53674, 100, 1, 0, 0
53774, 80, 1, 0, 0
53874, 160, 1, 0, 0
53974, 180, 1, 0, 0
54074, 330, 1, 0, 0
54174, 180, 1, 0, 0
54274, 210, 1, 0, 0
54375, 180, 1, 0, 0
54475, 340, 1, 0, 0
54575, 180, 1, 0, 0
54675, 270, 1, 0, 0
54775, 190, 1, 0, 0
54875, 340, 1, 0, 0
54975, 200, 1, 0, 0
55075, 200, 1, 0, 0
55175, 320, 1, 0, 0
55275, 180, 1, 0, 0
55375, 160, 1, 0, 0
55476, 70, 1, 0, 0
55576, 130, 1, 0, 0
55676, 320, 1, 0, 0
55776, 210, 1, 0, 0
55876, 340, 1, 0, 0
55976, 190, 1, 0, 0
56076, 220, 1, 0, 0
56176, 190, 1, 0, 0
56276, 340, 1, 0, 0
56376, 340, 1, 0, 0
56477, 180, 1, 0, 0
56577, 210, 1, 0, 0
56677, 290, 1, 0, 0
56777, 210, 1, 0, 0
56877, 270, 1, 0, 0
56977, 170, 1, 0, 0
57077, 320, 1, 0, 0
57177, 300, 1, 0, 0
57278, 180, 1, 0, 0
57378, 20, 1, 0, 0
57478, 150, 1, 0, 0
57578, 30, 1, 0, 0
57678, 180, 1, 0, 0
57778, 310, 1, 0, 0
57878, 220, 1, 0, 0
57978, 180, 1, 0, 0
58078, 200, 1, 0, 0
58178, 340, 1, 0, 0
58279, 200, 1, 0, 0
58379, 330, 1, 0, 0
58479, 170, 1, 0, 0
58579, 220, 1, 0, 0
58679, 360, 1, 0, 0
58779, 190, 1, 0, 0
58879, 330, 1, 0, 0
58979, 180, 1, 0, 0
59079, 200, 1, 0, 0
59179, 170, 1, 0, 0
59279, 80, 1, 0, 0
59380, 90, 1, 0, 0
59480, 170, 1, 0, 0
59580, 170, 1, 0, 0
59680, 300, 1, 0, 0
59780, 240, 1, 0, 0
59880, 200, 1, 0, 0
59980, 200, 1, 0, 0
60080, 330, 1, 0, 0
60180, 330, 1, 0, 0
60280, 190, 1, 0, 0
60381, 340, 1, 0, 0
60481, 170, 1, 0, 0
60581, 250, 1, 0, 0
60681, 280, 1, 0, 0
60781, 200, 1, 0, 0
60881, 320, 1, 0, 0
60981, 190, 1, 0, 0
61081, 170, 1, 0, 0
61181, 100, 1, 0, 0
61282, 160, 1, 0, 0
61382, 90, 1, 0, 0
61482, 230, 1, 0, 0
61582, 320, 1, 0, 0
61682, 170, 1, 0, 0
61782, 310, 1, 0, 0
61882, 170, 1, 0, 0
61982, 290, 1, 0, 0
62082, 180, 1, 0, 0
62183, 330, 1, 0, 0
62283, 210, 1, 0, 0
62383, 190, 1, 0, 0
62483, 340, 1, 0, 0
62583, 180, 1, 0, 0
62683, 270, 1, 0, 0
62783, 180, 1, 0, 0
62883, 340, 1, 0, 0
62983, 180, 1, 0, 0
63084, 340, 1, 0, 0
63184, 200, 1, 0, 0
63284, 200, 1, 0, 0
63384, 270, 1, 0, 0
63484, 270, 1, 0, 0
63584, 180, 1, 0, 0
63684, 320, 1, 0, 0
63784, 200, 1, 0, 0
63884, 220, 1, 0, 0
63985, 290, 1, 0, 0
64085, 180, 1, 0, 0
64185, 200, 1, 0, 0
64285, 240, 1, 0, 0
64385, 260, 1, 0, 0
64485, 260, 1, 0, 0
64585, 350, 1, 0, 0
64685, 200, 1, 0, 0
64785, 200, 1, 0, 0
64886, 280, 1, 0, 0
64986, 230, 1, 0, 0
65086, 200, 1, 0, 0
65186, 210, 1, 0, 0
65286, 270, 1, 0, 0
65386, 210, 1, 0, 0
65486, 200, 1, 0, 0
65586, 250, 1, 0, 0
65686, 210, 1, 0, 0
65786, 340, 1, 0, 0
65886, 280, 1, 0, 0
65987, 170, 1, 0, 0
66087, 310, 1, 0, 0
66187, 190, 1, 0, 0
66287, 340, 1, 0, 0
66387, 330, 1, 0, 0
66487, 190, 1, 0, 0
66587, 250, 1, 0, 0
66687, 170, 1, 0, 0
66787, 330, 1, 0, 0
66887, 30, 1, 0, 0
66988, 230, 1, 0, 0
67088, 270, 1, 0, 0
67188, 220, 1, 0, 0
67288, 190, 1, 0, 0
67388, 340, 1, 0, 0
67488, 250, 1, 0, 0
67588, 280, 1, 0, 0
67688, 230, 1, 0, 0
67788, 300, 1, 0, 0
67888, 340, 1, 0, 0
67988, 170, 1, 0, 0
68089, 210, 1, 0, 0
68189, 220, 1, 0, 0
68289, 290, 1, 0, 0
68389, 200, 1, 0, 0
68489, 210, 1, 0, 0
68589, 310, 1, 0, 0
68689, 200, 1, 0, 0
68789, 180, 1, 0, 0
68889, 160, 1, 0, 0
68989, 270, 1, 0, 0
69090, 290, 1, 0, 0
69190, 170, 1, 0, 0
69290, 240, 1, 0, 0
69390, 240, 1, 0, 0
69490, 190, 1, 0, 0
69590, 170, 1, 0, 0
69690, 300, 1, 0, 0
69790, 180, 1, 0, 0
69891, 340, 1, 0, 0
69991, 180, 1, 0, 0
70091, 320, 1, 0, 0
70191, 240, 1, 0, 0
70291, 170, 1, 0, 0
70391, 310, 1, 0, 0
70491, 190, 1, 0, 0
70591, 350, 1, 0, 0
70691, 180, 1, 0, 0
70792, 100, 1, 0, 0
70892, 170, 1, 0, 0
70992, 180, 1, 0, 0
71092, 270, 1, 0, 0
71192, 250, 1, 0, 0
71292, 260, 1, 0, 0
71392, 190, 1, 0, 0
71492, 320, 1, 0, 0
71592, 200, 1, 0, 0
71692, 290, 1, 0, 0
71793, 250, 1, 0, 0
71893, 170, 1, 0, 0
71993, 310, 1, 0, 0
72093, 210, 1, 0, 0
72193, 220, 1, 0, 0
72293, 210, 1, 0, 0
72393, 320, 1, 0, 0
72493, 180, 1, 0, 0
72594, 220, 1, 0, 0
72694, 160, 1, 0, 0
72794, 160, 1, 0, 0
72894, 180, 1, 0, 0
72994, 340, 1, 0, 0
73094, 320, 1, 0, 0
73194, 200, 1, 0, 0
73295, 320, 1, 0, 0
73395, 210, 1, 0, 0
73495, 270, 1, 0, 0
73595, 170, 1, 0, 0
73695, 250, 1, 0, 0
73795, 230, 1, 0, 0
73895, 190, 1, 0, 0
73995, 280, 1, 0, 0
74095, 240, 1, 0, 0
74196, 340, 1, 0, 0
74296, 220, 1, 0, 0
74396, 180, 1, 0, 0
74496, 300, 1, 0, 0
74596, 210, 1, 0, 0
74696, 170, 1, 0, 0
74796, 260, 1, 0, 0
74896, 230, 1, 0, 0
74996, 210, 1, 0, 0
75097, 320, 1, 0, 0
75197, 210, 1, 0, 0
75297, 180, 1, 0, 0
75397, 330, 1, 0, 0
75497, 210, 1, 0, 0
75597, 240, 1, 0, 0
75697, 180, 1, 0, 0
75797, 330, 1, 0, 0
75897, 170, 1, 0, 0
75997, 280, 1, 0, 0
76098, 170, 1, 0, 0
76198, 300, 1, 0, 0
76298, 170, 1, 0, 0
76398, 180, 1, 0, 0
76498, 380, 1, 0, 0
76598, 180, 1, 0, 0
76698, 160, 1, 0, 0
76798, 170, 1, 0, 0
76898, 200, 1, 0, 0
76998, 300, 1, 0, 0
77098, 200, 1, 0, 0
77199, 180, 1, 0, 0
77299, 320, 1, 0, 0
77399, 280, 1, 0, 0
77499, 170, 1, 0, 0
77599, 320, 1, 0, 0
77699, 170, 1, 0, 0
77799, 300, 1, 0, 0
77899, 210, 1, 0, 0
77999, 260, 1, 0, 0
78099, 170, 1, 0, 0
78199, 290, 1, 0, 0
78300, 230, 1, 0, 0
78400, 280, 1, 0, 0
78500, 200, 1, 0, 0
78600, 200, 1, 0, 0
78700, 120, 1, 0, 0
78800, 120, 1, 0, 0
78900, 320, 1, 0, 0
78999, 171, 1, 0, 0
79099, 290, 1, 0, 0
79199, 190, 1, 0, 0
79299, 340, 1, 0, 0
79399, 200, 1, 0, 0
79499, 360, 1, 0, 0
79599, 180, 1, 0, 0
79700, 290, 1, 0, 0
79800, 230, 1, 0, 0
79900, 170, 1, 0, 0
79999, 343, 1, 0, 0
80099, 210, 1, 0, 0
80199, 170, 1, 0, 0
80299, 230, 1, 0, 0
80399, 170, 1, 0, 0
80499, 180, 1, 0, 0
80599, 180, 1, 0, 0
80700, 120, 1, 0, 0
80800, 70, 1, 0, 0
80900, 110, 1, 0, 0
80999, 343, 1, 0, 0
81099, 270, 1, 0, 0
81199, 260, 1, 0, 0
81299, 200, 1, 0, 0
81399, 200, 1, 0, 0
81499, 350, 1, 0, 0
81599, 150, 1, 0, 0
81699, 280, 1, 0, 0
81800, 310, 1, 0, 0
81900, 170, 1, 0, 0
81999, 313, 1, 0, 0
82099, 250, 1, 0, 0
82199, 230, 1, 0, 0
82299, 280, 1, 0, 0
82399, 200, 1, 0, 0
82499, 320, 1, 0, 0
82599, 170, 1, 0, 0
82699, 240, 1, 0, 0
82799, 180, 1, 0, 0
82900, 190, 1, 0, 0
83000, 260, 1, 0, 0
83100, 260, 1, 0, 0
83200, 190, 1, 0, 0
83300, 270, 1, 0, 0
83400, 260, 1, 0, 0
83499, 202, 1, 0, 0
83599, 180, 1, 0, 0
83699, 260, 1, 0, 0
83799, 180, 1, 0, 0
83899, 350, 1, 0, 0
83999, 190, 1, 0, 0
84100, 180, 1, 0, 0
84200, 280, 1, 0, 0
84300, 270, 1, 0, 0
84400, 160, 1, 0, 0
84499, 181, 1, 0, 0
84599, 40, 1, 0, 0
84699, 170, 1, 0, 0
84799, 230, 1, 0, 0
84899, 300, 1, 0, 0
84999, 120, 1, 0, 0
85099, 240, 1, 0, 0
85199, 180, 1, 0, 0
85300, 180, 1, 0, 0
85400, 170, 1, 0, 0
85500, 210, 1, 0, 0
85600, 330, 1, 0, 0
85700, 180, 1, 0, 0
85800, 170, 1, 0, 0
85900, 180, 1, 0, 0
85999, 333, 1, 0, 0
86099, 50, 1, 0, 0
86199, 310, 1, 0, 0
86299, 50, 1, 0, 0
86399, 160, 1, 0, 0
86500, 110, 1, 0, 0
86600, 70, 1, 0, 0
86700, 180, 1, 0, 0
86800, 260, 1, 0, 0
86900, 250, 1, 0, 0
86999, 212, 1, 0, 0
87099, 340, 1, 0, 0
87199, 180, 1, 0, 0
87299, 280, 1, 0, 0
87399, 190, 1, 0, 0
87499, 260, 1, 0, 0
87599, 190, 1, 0, 0
87699, 310, 1, 0, 0
87800, 180, 1, 0, 0
87900, 330, 1, 0, 0
88000, 220, 1, 0, 0
88100, 170, 1, 0, 0
88200, 190, 1, 0, 0
88300, 240, 1, 0, 0
88400, 270, 1, 0, 0
88499, 272, 1, 0, 0
88599, 210, 1, 0, 0
88699, 290, 1, 0, 0
88799, 220, 1, 0, 0
88899, 290, 1, 0, 0
89000, 170, 1, 0, 0
89100, 310, 1, 0, 0
89200, 300, 1, 0, 0
89300, 180, 1, 0, 0
89400, 170, 1, 0, 0
89499, 343, 1, 0, 0
89599, 170, 1, 0, 0
89699, 280, 1, 0, 0
89799, 220, 1, 0, 0
89899, 260, 1, 0, 0
89999, 170, 1, 0, 0
90099, 160, 1, 0, 0
