117, 102111980, 1, 0, 0
242, 57446217, 1, 0, 0
320, 68284013, 1, 0, 0
402, 74372767, 1, 0, 0
527, 64588335, 1, 0, 0
611, 60091652, 1, 0, 0
724, 65329197, 1, 0, 0
838, 68100639, 1, 0, 0
918, 67847617, 1, 0, 0
1005, 74484710, 1, 0, 0
1133, 70132123, 1, 0, 0
1213, 68753659, 1, 0, 0
1311, 79237926, 1, 0, 0
1404, 85843194, 1, 0, 0
1521, 65507240, 1, 0, 0
1671, 88631940, 1, 0, 0
1772, 137295596, 1, 0, 0
1850, 167589294, 1, 0, 0
1934, 151381983, 1, 0, 0
2029, 143364350, 1, 0, 0
2115, 136401390, 1, 0, 0
2205, 73137651, 1, 0, 0
2335, 62505163, 1, 0, 0
2407, 71640664, 1, 0, 0
2500, 72536638, 1, 0, 0
2620, 66944625, 1, 0, 0
2707, 61911122, 1, 0, 0
2829, 69577813, 1, 0, 0
2930, 71748129, 1, 0, 0
3018, 47164832, 1, 0, 0
3100, 76754825, 1, 0, 0
3226, 55896672, 1, 0, 0
3304, 60497336, 1, 0, 0
3428, 77450521, 1, 0, 0
3536, 71013210, 1, 0, 0
3673, 106889474, 1, 0, 0
3765, 124638025, 1, 0, 0
3843, 167403616, 1, 0, 0
3928, 117091100, 1, 0, 0
4003, 82236942, 1, 0, 0
4100, 68305083, 1, 0, 0
4211, 65019579, 1, 0, 0
4333, 56328495, 1, 0, 0
4407, 72217960, 1, 0, 0
4533, 73168077, 1, 0, 0
4618, 57265854, 1, 0, 0
4706, 68854844, 1, 0, 0
4826, 61407193, 1, 0, 0
4911, 64365540, 1, 0, 0
5029, 71135558, 1, 0, 0
5113, 73649105, 1, 0, 0
5214, 58140576, 1, 0, 0
5320, 68795301, 1, 0, 0
5404, 62073324, 1, 0, 0
5511, 79241351, 1, 0, 0
5610, 162643779, 1, 0, 0
5776, 126245881, 1, 0, 0
5866, 156586025, 1, 0, 0
5951, 132191840, 1, 0, 0
6001, 141178242, 1, 0, 0
6116, 61129888, 1, 0, 0
6204, 65380358, 1, 0, 0
6324, 73567187, 1, 0, 0
6403, 76525509, 1, 0, 0
6520, 73027209, 1, 0, 0
6628, 68172859, 1, 0, 0
6706, 72542819, 1, 0, 0
6817, 70977293, 1, 0, 0
6900, 49473096, 1, 0, 0
7020, 60753856, 1, 0, 0
7108, 70429423, 1, 0, 0
7230, 62503526, 1, 0, 0
7304, 80402795, 1, 0, 0
7446, 83138629, 1, 0, 0
7538, 137147228, 1, 0, 0
7624, 106998974, 1, 0, 0
7700, 67231540, 1, 0, 0
7826, 62007142, 1, 0, 0
7908, 58085304, 1, 0, 0
8025, 62724240, 1, 0, 0
8120, 61811343, 1, 0, 0
8221, 76968582, 1, 0, 0
8303, 58150540, 1, 0, 0
8412, 70537295, 1, 0, 0
8528, 64233298, 1, 0, 0
8617, 67250603, 1, 0, 0
8701, 57394454, 1, 0, 0
8809, 70496553, 1, 0, 0
8900, 49292962, 1, 0, 0
9010, 66630640, 1, 0, 0
9128, 59226563, 1, 0, 0
9207, 74227024, 1, 0, 0
9319, 78753796, 1, 0, 0
9423, 82287657, 1, 0, 0
9517, 131650013, 1, 0, 0
9621, 141318639, 1, 0, 0
9710, 144591514, 1, 0, 0
9816, 105524507, 1, 0, 0
9914, 103360452, 1, 0, 0
10000, 61725268, 1, 0, 0
10113, 70401924, 1, 0, 0
10202, 66285337, 1, 0, 0
10333, 64179151, 1, 0, 0
10419, 70775669, 1, 0, 0
10545, 71506335, 1, 0, 0
10624, 63077283, 1, 0, 0
10700, 70831898, 1, 0, 0
10832, 57341375, 1, 0, 0
10908, 72710080, 1, 0, 0
11027, 67247243, 1, 0, 0
11116, 55793230, 1, 0, 0
11211, 61181067, 1, 0, 0
11302, 80883948, 1, 0, 0
11424, 124010882, 1, 0, 0
11508, 112110105, 1, 0, 0
11625, 116268156, 1, 0, 0
11707, 69402768, 1, 0, 0
11822, 60806250, 1, 0, 0
11900, 68220549, 1, 0, 0
12026, 63221533, 1, 0, 0
12106, 68739244, 1, 0, 0
12223, 73446907, 1, 0, 0
12307, 53119596, 1, 0, 0
12420, 56648285, 1, 0, 0
12500, 67564334, 1, 0, 0
12625, 58615518, 1, 0, 0
12705, 67793990, 1, 0, 0
12833, 52320375, 1, 0, 0
12905, 62822461, 1, 0, 0
13003, 69263765, 1, 0, 0
13113, 56278959, 1, 0, 0
13219, 58057652, 1, 0, 0
13300, 89798022, 1, 0, 0
13419, 73598191, 1, 0, 0
13513, 78805319, 1, 0, 0
13611, 79780951, 1, 0, 0
13736, 64276180, 1, 0, 0
13830, 76638439, 1, 0, 0
13918, 69831134, 1, 0, 0
14034, 61843982, 1, 0, 0
14105, 70911439, 1, 0, 0
14230, 54462274, 1, 0, 0
14311, 77128958, 1, 0, 0
14405, 67004580, 1, 0, 0
14532, 66689474, 1, 0, 0
14608, 72708259, 1, 0, 0
14726, 61807746, 1, 0, 0
14810, 75312230, 1, 0, 0
14928, 65118398, 1, 0, 0
15008, 74547777, 1, 0, 0
15150, 71187154, 1, 0, 0
15226, 89564339, 1, 0, 0
15306, 65822617, 1, 0, 0
15420, 72732980, 1, 0, 0
15532, 73278193, 1, 0, 0
15611, 71384546, 1, 0, 0
15707, 72362368, 1, 0, 0
15828, 82703195, 1, 0, 0
15913, 80717525, 1, 0, 0
16030, 65138688, 1, 0, 0
16114, 67195186, 1, 0, 0
16200, 73623438, 1, 0, 0
16321, 80941212, 1, 0, 0
16426, 66428935, 1, 0, 0
16515, 66409979, 1, 0, 0
16602, 68177034, 1, 0, 0
16732, 73722856, 1, 0, 0
16821, 94541554, 1, 0, 0
16900, 64225166, 1, 0, 0
17013, 69675893, 1, 0, 0
17138, 52482950, 1, 0, 0
17223, 84401317, 1, 0, 0
17317, 130978768, 1, 0, 0
17403, 158415752, 1, 0, 0
17500, 119288510, 1, 0, 0
17605, 77372243, 1, 0, 0
17722, 57504471, 1, 0, 0
17804, 68426272, 1, 0, 0
17940, 60592791, 1, 0, 0
18012, 77450983, 1, 0, 0
18136, 71800875, 1, 0, 0
18215, 63338162, 1, 0, 0
18300, 62658497, 1, 0, 0
18415, 64755184, 1, 0, 0
18506, 63924106, 1, 0, 0
18636, 68335285, 1, 0, 0
18724, 75678551, 1, 0, 0
18807, 84801208, 1, 0, 0
18925, 59493139, 1, 0, 0
19013, 76492366, 1, 0, 0
19107, 76047626, 1, 0, 0
19218, 86108569, 1, 0, 0
19302, 99683420, 1, 0, 0
19428, 208929067, 1, 0, 0
19552, 190669431, 1, 0, 0
19600, 168753257, 1, 0, 0
19702, 142773725, 1, 0, 0
19809, 80871015, 1, 0, 0
19905, 64036463, 1, 0, 0
20045, 75929081, 1, 0, 0
20129, 79357486, 1, 0, 0
20212, 81763755, 1, 0, 0
20300, 79814300, 1, 0, 0
20411, 82298613, 1, 0, 0
20501, 66655077, 1, 0, 0
20605, 54703273, 1, 0, 0
20728, 73633101, 1, 0, 0
20803, 77595938, 1, 0, 0
20970, 78283502, 1, 0, 0
21051, 159774907, 1, 0, 0
21135, 108359781, 1, 0, 0
21205, 143271604, 1, 0, 0
21329, 107972483, 1, 0, 0
21404, 107271167, 1, 0, 0
21524, 63115615, 1, 0, 0
21602, 57703570, 1, 0, 0
21723, 74436174, 1, 0, 0
21808, 64596108, 1, 0, 0
21928, 79008026, 1, 0, 0
22002, 61754791, 1, 0, 0
22131, 66388323, 1, 0, 0
22205, 70005708, 1, 0, 0
22319, 71500544, 1, 0, 0
22400, 65665362, 1, 0, 0
22520, 62214887, 1, 0, 0
22600, 70385841, 1, 0, 0
22709, 65309935, 1, 0, 0
22846, 91895938, 1, 0, 0
22918, 110685218, 1, 0, 0
23000, 138603226, 1, 0, 0
23111, 124925633, 1, 0, 0
23203, 194285294, 1, 0, 0
23309, 131248197, 1, 0, 0
23400, 75220259, 1, 0, 0
23534, 73206162, 1, 0, 0
23601, 81439458, 1, 0, 0
23708, 71316109, 1, 0, 0
23817, 71177866, 1, 0, 0
23941, 56994854, 1, 0, 0
24012, 58952189, 1, 0, 0
24125, 59596612, 1, 0, 0
24218, 71813559, 1, 0, 0
24345, 68714309, 1, 0, 0
24433, 78347389, 1, 0, 0
24512, 79991941, 1, 0, 0
24628, 57639789, 1, 0, 0
24728, 63388591, 1, 0, 0
24807, 89548917, 1, 0, 0
24907, 135521476, 1, 0, 0
25090, 162763311, 1, 0, 0
25177, 172849346, 1, 0, 0
25218, 163649527, 1, 0, 0
25345, 79608523, 1, 0, 0
25425, 79371750, 1, 0, 0
25505, 71572821, 1, 0, 0
25623, 73392266, 1, 0, 0
25700, 69765456, 1, 0, 0
25817, 68423643, 1, 0, 0
25904, 64117155, 1, 0, 0
26020, 72283579, 1, 0, 0
26103, 68045426, 1, 0, 0
26212, 73548024, 1, 0, 0
26328, 68047191, 1, 0, 0
26408, 64684342, 1, 0, 0
26500, 58839404, 1, 0, 0
26643, 73300501, 1, 0, 0
26726, 78962576, 1, 0, 0
26882, 122307632, 1, 0, 0
26948, 131628693, 1, 0, 0
27010, 61908786, 1, 0, 0
27134, 64554330, 1, 0, 0
27213, 59153098, 1, 0, 0
27302, 73376414, 1, 0, 0
27421, 66164585, 1, 0, 0
27500, 48667007, 1, 0, 0
27610, 69586296, 1, 0, 0
27727, 64272933, 1, 0, 0
27813, 72662853, 1, 0, 0
27924, 68487993, 1, 0, 0
28017, 61571016, 1, 0, 0
28136, 74461735, 1, 0, 0
28210, 71157678, 1, 0, 0
28313, 64505531, 1, 0, 0
28432, 66837927, 1, 0, 0
28532, 69058167, 1, 0, 0
28645, 87735775, 1, 0, 0
28700, 102149482, 1, 0, 0
28817, 93436415, 1, 0, 0
28930, 79834120, 1, 0, 0
29010, 70693797, 1, 0, 0
29136, 61028758, 1, 0, 0
29212, 63576273, 1, 0, 0
29312, 73013803, 1, 0, 0
29415, 77980670, 1, 0, 0
29529, 71230014, 1, 0, 0
29609, 71810268, 1, 0, 0
29733, 68558093, 1, 0, 0
29815, 69131354, 1, 0, 0
29934, 71983244, 1, 0, 0
30011, 71596209, 1, 0, 0
30101, 62799141, 1, 0, 0
30227, 55930060, 1, 0, 0
30312, 46177336, 1, 0, 0
30429, 75864046, 1, 0, 0
30536, 77815160, 1, 0, 0
30613, 71065795, 1, 0, 0
30727, 87436096, 1, 0, 0
30806, 83693326, 1, 0, 0
30911, 65016809, 1, 0, 0
31000, 69077777, 1, 0, 0
31120, 58926451, 1, 0, 0
31203, 62863676, 1, 0, 0
31337, 73692913, 1, 0, 0
31408, 69094289, 1, 0, 0
31531, 68968152, 1, 0, 0
31626, 75067740, 1, 0, 0
31706, 54822583, 1, 0, 0
31830, 77241712, 1, 0, 0
31900, 70419886, 1, 0, 0
32013, 67522568, 1, 0, 0
32101, 50271298, 1, 0, 0
32222, 79377979, 1, 0, 0
32301, 75518657, 1, 0, 0
32420, 69260936, 1, 0, 0
32507, 63457715, 1, 0, 0
32600, 96572114, 1, 0, 0
32723, 75803194, 1, 0, 0
32804, 72206238, 1, 0, 0
32906, 65266246, 1, 0, 0
33031, 58791712, 1, 0, 0
33105, 74347290, 1, 0, 0
33207, 57320821, 1, 0, 0
33327, 61430703, 1, 0, 0
33404, 41939352, 1, 0, 0
33524, 77919241, 1, 0, 0
33607, 68788112, 1, 0, 0
33724, 63085467, 1, 0, 0
33826, 67796352, 1, 0, 0
33900, 63211104, 1, 0, 0
34004, 69287240, 1, 0, 0
34114, 67829624, 1, 0, 0
34201, 70452879, 1, 0, 0
34328, 63168349, 1, 0, 0
34449, 70278276, 1, 0, 0
34532, 80321385, 1, 0, 0
34626, 124079986, 1, 0, 0
34702, 165086509, 1, 0, 0
34804, 135502599, 1, 0, 0
34930, 123101732, 1, 0, 0
35001, 141792234, 1, 0, 0
35116, 64645843, 1, 0, 0
35228, 69259516, 1, 0, 0
35304, 68996982, 1, 0, 0
35402, 76164493, 1, 0, 0
35514, 62456212, 1, 0, 0
35629, 65825385, 1, 0, 0
35707, 70729630, 1, 0, 0
35813, 66662283, 1, 0, 0
35930, 67498150, 1, 0, 0
36008, 70550398, 1, 0, 0
36127, 66647245, 1, 0, 0
36208, 76557914, 1, 0, 0
36325, 71270518, 1, 0, 0
36413, 94426031, 1, 0, 0
36538, 91370239, 1, 0, 0
36644, 119394674, 1, 0, 0
36739, 140046733, 1, 0, 0
36805, 136151234, 1, 0, 0
36900, 74590465, 1, 0, 0
37015, 63035505, 1, 0, 0
37136, 75592761, 1, 0, 0
37220, 70191795, 1, 0, 0
37318, 48886802, 1, 0, 0
37404, 63507515, 1, 0, 0
37513, 64393887, 1, 0, 0
37630, 67665230, 1, 0, 0
37704, 75534743, 1, 0, 0
37837, 58580325, 1, 0, 0
37918, 62685239, 1, 0, 0
38001, 84004613, 1, 0, 0
38102, 53504102, 1, 0, 0
38205, 67957531, 1, 0, 0
38315, 68905911, 1, 0, 0
38413, 124589105, 1, 0, 0
38544, 63650313, 1, 0, 0
38630, 73737678, 1, 0, 0
38726, 71506694, 1, 0, 0
38819, 85761656, 1, 0, 0
38918, 89605539, 1, 0, 0
39000, 82032247, 1, 0, 0
39134, 79731727, 1, 0, 0
39222, 73116410, 1, 0, 0
39313, 63786582, 1, 0, 0
39403, 69108305, 1, 0, 0
39537, 77870395, 1, 0, 0
39625, 86196492, 1, 0, 0
39705, 76533173, 1, 0, 0
39831, 60062575, 1, 0, 0
39900, 75597672, 1, 0, 0
40019, 61314662, 1, 0, 0
40120, 65881176, 1, 0, 0
40293, 115835752, 1, 0, 0
40384, 155206066, 1, 0, 0
40485, 165546838, 1, 0, 0
40572, 159814863, 1, 0, 0
40610, 180106267, 1, 0, 0
40719, 73843723, 1, 0, 0
40842, 68638242, 1, 0, 0
40917, 53324170, 1, 0, 0
41002, 72155330, 1, 0, 0
41114, 73468014, 1, 0, 0
41211, 73001734, 1, 0, 0
41316, 58843330, 1, 0, 0
41437, 60023896, 1, 0, 0
41516, 61964389, 1, 0, 0
41603, 69113289, 1, 0, 0
41727, 44371922, 1, 0, 0
41805, 77721799, 1, 0, 0
41961, 69787544, 1, 0, 0
42002, 74920442, 1, 0, 0
42102, 79907447, 1, 0, 0
42205, 84729384, 1, 0, 0
42323, 58657348, 1, 0, 0
42440, 69870383, 1, 0, 0
42516, 69287926, 1, 0, 0
42629, 58689265, 1, 0, 0
42710, 65070678, 1, 0, 0
42806, 63298382, 1, 0, 0
42906, 57224471, 1, 0, 0
43023, 64921294, 1, 0, 0
43101, 68092443, 1, 0, 0
43215, 53593624, 1, 0, 0
43332, 67132984, 1, 0, 0
43407, 66145459, 1, 0, 0
43504, 65616946, 1, 0, 0
43620, 59964388, 1, 0, 0
43700, 77844330, 1, 0, 0
43814, 55585312, 1, 0, 0
43900, 80104118, 1, 0, 0
44013, 77317393, 1, 0, 0
44105, 111733455, 1, 0, 0
44203, 93701817, 1, 0, 0
44362, 171669511, 1, 0, 0
44402, 152588937, 1, 0, 0
44525, 69536054, 1, 0, 0
44605, 67139153, 1, 0, 0
44700, 70916114, 1, 0, 0
44812, 58662129, 1, 0, 0
44929, 57363160, 1, 0, 0
45002, 66234753, 1, 0, 0
45118, 66501239, 1, 0, 0
45209, 79174979, 1, 0, 0
45333, 66952842, 1, 0, 0
45413, 73571331, 1, 0, 0
45541, 74486439, 1, 0, 0
45619, 79153402, 1, 0, 0
45700, 70469036, 1, 0, 0
45834, 69767197, 1, 0, 0
45928, 78413687, 1, 0, 0
46017, 92477870, 1, 0, 0
46120, 175683752, 1, 0, 0
46205, 144725785, 1, 0, 0
46318, 69515938, 1, 0, 0
46401, 75149034, 1, 0, 0
46531, 61675234, 1, 0, 0
46620, 73461113, 1, 0, 0
46732, 51446284, 1, 0, 0
46812, 71445779, 1, 0, 0
46900, 70597760, 1, 0, 0
47010, 58210789, 1, 0, 0
47129, 64660951, 1, 0, 0
47221, 78125134, 1, 0, 0
47315, 71726053, 1, 0, 0
47423, 77286770, 1, 0, 0
47538, 56360241, 1, 0, 0
47618, 63750839, 1, 0, 0
47711, 64514544, 1, 0, 0
47821, 70882542, 1, 0, 0
47911, 105197411, 1, 0, 0
48005, 150318686, 1, 0, 0
48110, 106997149, 1, 0, 0
48200, 162538382, 1, 0, 0
48302, 157789848, 1, 0, 0
48415, 99196688, 1, 0, 0
48522, 65515230, 1, 0, 0
48616, 48150541, 1, 0, 0
48728, 61463394, 1, 0, 0
48815, 71382521, 1, 0, 0
48933, 70778883, 1, 0, 0
49006, 66182027, 1, 0, 0
49124, 69546376, 1, 0, 0
49203, 64026026, 1, 0, 0
49320, 68916315, 1, 0, 0
49400, 56403240, 1, 0, 0
49522, 66566124, 1, 0, 0
49629, 74501169, 1, 0, 0
49735, 72322884, 1, 0, 0
49827, 126575473, 1, 0, 0
49919, 138194725, 1, 0, 0
50023, 178032555, 1, 0, 0
50111, 112113291, 1, 0, 0
50207, 148425153, 1, 0, 0
50307, 121394661, 1, 0, 0
50416, 71705691, 1, 0, 0
50530, 59973796, 1, 0, 0
50613, 65015139, 1, 0, 0
50732, 64227574, 1, 0, 0
50815, 58933872, 1, 0, 0
50909, 52939628, 1, 0, 0
51018, 66193116, 1, 0, 0
51103, 58917106, 1, 0, 0
51209, 55038157, 1, 0, 0
51318, 61907323, 1, 0, 0
51411, 66451811, 1, 0, 0
51504, 74095852, 1, 0, 0
51602, 78857269, 1, 0, 0
51747, 130886384, 1, 0, 0
51839, 144212529, 1, 0, 0
51900, 153407063, 1, 0, 0
52049, 152777697, 1, 0, 0
52124, 92096273, 1, 0, 0
52201, 61414560, 1, 0, 0
52300, 64008883, 1, 0, 0
52453, 49376533, 1, 0, 0
52530, 85882599, 1, 0, 0
52601, 66538133, 1, 0, 0
52708, 66463955, 1, 0, 0
52802, 78848114, 1, 0, 0
52912, 68412039, 1, 0, 0
53024, 64147444, 1, 0, 0
53114, 56775096, 1, 0, 0
53203, 74421164, 1, 0, 0
53322, 56210182, 1, 0, 0
53449, 88572647, 1, 0, 0
53549, 83553862, 1, 0, 0
53635, 171222538, 1, 0, 0
53746, 121833365, 1, 0, 0
53830, 192037477, 1, 0, 0
53907, 121191177, 1, 0, 0
54017, 126678955, 1, 0, 0
54106, 80764751, 1, 0, 0
54219, 57767156, 1, 0, 0
54314, 67317526, 1, 0, 0
54425, 76484668, 1, 0, 0
54504, 74257579, 1, 0, 0
54623, 67830760, 1, 0, 0
54702, 56037215, 1, 0, 0
54821, 59561844, 1, 0, 0
54904, 73153291, 1, 0, 0
55000, 74928119, 1, 0, 0
55117, 77258566, 1, 0, 0
55206, 66129175, 1, 0, 0
55311, 65814200, 1, 0, 0
55445, 109452659, 1, 0, 0
55509, 107218010, 1, 0, 0
55613, 82485357, 1, 0, 0
55744, 48529962, 1, 0, 0
55824, 70426555, 1, 0, 0
55909, 69812826, 1, 0, 0
56027, 74146895, 1, 0, 0
56105, 70476731, 1, 0, 0
56222, 70220222, 1, 0, 0
56336, 69939604, 1, 0, 0
56412, 49590905, 1, 0, 0
56534, 73418859, 1, 0, 0
56609, 55571521, 1, 0, 0
56745, 64570531, 1, 0, 0
56824, 70214353, 1, 0, 0
56907, 72446747, 1, 0, 0
57018, 65440673, 1, 0, 0
57106, 45664689, 1, 0, 0
57269, 71833330, 1, 0, 0
57352, 122322673, 1, 0, 0
57434, 144822756, 1, 0, 0
57534, 146564046, 1, 0, 0
57603, 172233978, 1, 0, 0
57706, 111233793, 1, 0, 0
57806, 52009563, 1, 0, 0
57907, 63245479, 1, 0, 0
58002, 55681091, 1, 0, 0
58107, 71470939, 1, 0, 0
58213, 49974037, 1, 0, 0
58300, 72559136, 1, 0, 0
58413, 63958630, 1, 0, 0
58517, 59155022, 1, 0, 0
58608, 60409917, 1, 0, 0
58714, 55706049, 1, 0, 0
58838, 64573994, 1, 0, 0
58913, 78781230, 1, 0, 0
59024, 68967690, 1, 0, 0
59113, 68351272, 1, 0, 0
59232, 76953536, 1, 0, 0
59337, 97657108, 1, 0, 0
59418, 144873569, 1, 0, 0
59513, 79627747, 1, 0, 0
59623, 71173428, 1, 0, 0
59700, 65056169, 1, 0, 0
59811, 68276917, 1, 0, 0
59932, 69982669, 1, 0, 0
60012, 75420508, 1, 0, 0
60133, 65585179, 1, 0, 0
60214, 73326412, 1, 0, 0
60327, 56483165, 1, 0, 0
60408, 64223458, 1, 0, 0
60534, 76858610, 1, 0, 0
60601, 71821490, 1, 0, 0
60727, 66607692, 1, 0, 0
60817, 70454319, 1, 0, 0
60907, 61382584, 1, 0, 0
61057, 67666776, 1, 0, 0
61124, 104478918, 1, 0, 0
61215, 116673574, 1, 0, 0
61306, 153827890, 1, 0, 0
61416, 154773629, 1, 0, 0
61516, 115590839, 1, 0, 0
61614, 54129394, 1, 0, 0
61725, 67957931, 1, 0, 0
61812, 73285158, 1, 0, 0
61921, 73598696, 1, 0, 0
62009, 57646013, 1, 0, 0
62120, 57303905, 1, 0, 0
62203, 61496109, 1, 0, 0
62310, 69312283, 1, 0, 0
62425, 67959335, 1, 0, 0
62500, 62060659, 1, 0, 0
62623, 58394370, 1, 0, 0
62704, 68367520, 1, 0, 0
62816, 73029499, 1, 0, 0
62950, 66217221, 1, 0, 0
63021, 87172866, 1, 0, 0
63100, 73025259, 1, 0, 0
63221, 67392355, 1, 0, 0
63336, 59656007, 1, 0, 0
63420, 58798202, 1, 0, 0
63508, 68972722, 1, 0, 0
63619, 57754259, 1, 0, 0
63710, 57162715, 1, 0, 0
63824, 59301085, 1, 0, 0
63903, 75595886, 1, 0, 0
64027, 62690212, 1, 0, 0
64101, 62757222, 1, 0, 0
64218, 68942956, 1, 0, 0
64309, 75760138, 1, 0, 0
64424, 61287013, 1, 0, 0
64504, 65618240, 1, 0, 0
64613, 76413042, 1, 0, 0
64730, 59083556, 1, 0, 0
64802, 57083633, 1, 0, 0
64914, 82474939, 1, 0, 0
65001, 94101777, 1, 0, 0
65105, 88942342, 1, 0, 0
65233, 61231687, 1, 0, 0
65304, 74780037, 1, 0, 0
65427, 54471998, 1, 0, 0
65508, 67601538, 1, 0, 0
65616, 68325977, 1, 0, 0
65704, 57969061, 1, 0, 0
65838, 60446282, 1, 0, 0
65917, 65785044, 1, 0, 0
66028, 68217239, 1, 0, 0
66103, 71986683, 1, 0, 0
66223, 67770109, 1, 0, 0
66306, 55325380, 1, 0, 0
66423, 73671347, 1, 0, 0
66502, 73010797, 1, 0, 0
66616, 64586964, 1, 0, 0
66701, 48144086, 1, 0, 0
66856, 62302699, 1, 0, 0
66925, 112864906, 1, 0, 0
67001, 109297406, 1, 0, 0
67107, 71214223, 1, 0, 0
67250, 67598244, 1, 0, 0
67325, 78687330, 1, 0, 0
67400, 66411313, 1, 0, 0
67513, 64217336, 1, 0, 0
67631, 86180442, 1, 0, 0
67716, 57138848, 1, 0, 0
67805, 78567131, 1, 0, 0
67917, 71354165, 1, 0, 0
68000, 66326068, 1, 0, 0
68115, 73679978, 1, 0, 0
68202, 68256982, 1, 0, 0
68322, 55838801, 1, 0, 0
68400, 71395865, 1, 0, 0
68512, 67380635, 1, 0, 0
68625, 65932282, 1, 0, 0
68713, 79655788, 1, 0, 0
68825, 96387029, 1, 0, 0
68904, 94063229, 1, 0, 0
69021, 60884919, 1, 0, 0
69115, 55658787, 1, 0, 0
69202, 68909753, 1, 0, 0
69325, 61645995, 1, 0, 0
69403, 76537423, 1, 0, 0
69529, 68225679, 1, 0, 0
69602, 72482949, 1, 0, 0
69709, 72351804, 1, 0, 0
69831, 72644856, 1, 0, 0
69908, 72475296, 1, 0, 0
70019, 72760901, 1, 0, 0
70131, 66928054, 1, 0, 0
70222, 60555257, 1, 0, 0
70303, 71241523, 1, 0, 0
70425, 72273399, 1, 0, 0
70508, 71673821, 1, 0, 0
70627, 67533949, 1, 0, 0
70753, 67670445, 1, 0, 0
70805, 96458386, 1, 0, 0
70935, 95818272, 1, 0, 0
71011, 101025850, 1, 0, 0
71128, 62317352, 1, 0, 0
71205, 65370203, 1, 0, 0
71327, 58962658, 1, 0, 0
71405, 70711938, 1, 0, 0
71524, 72214934, 1, 0, 0
71628, 61708937, 1, 0, 0
71703, 73298765, 1, 0, 0
71821, 62405358, 1, 0, 0
71907, 74921919, 1, 0, 0
72042, 70896451, 1, 0, 0
72112, 55905918, 1, 0, 0
72204, 57616676, 1, 0, 0
72322, 74180651, 1, 0, 0
72421, 81544665, 1, 0, 0
72503, 57278492, 1, 0, 0
72619, 73960870, 1, 0, 0
72726, 77612333, 1, 0, 0
72805, 136654350, 1, 0, 0
72926, 83653381, 1, 0, 0
73003, 66713062, 1, 0, 0
73117, 69795994, 1, 0, 0
73203, 69035918, 1, 0, 0
73309, 58083464, 1, 0, 0
73432, 60977179, 1, 0, 0
73520, 72173106, 1, 0, 0
73608, 72447438, 1, 0, 0
73702, 65513309, 1, 0, 0
73819, 66720115, 1, 0, 0
73902, 77155936, 1, 0, 0
74000, 63816898, 1, 0, 0
74113, 55378907, 1, 0, 0
74229, 69836577, 1, 0, 0
74308, 57806419, 1, 0, 0
74403, 72780860, 1, 0, 0
74514, 56288153, 1, 0, 0
74614, 72826354, 1, 0, 0
74704, 95512689, 1, 0, 0
74825, 111139834, 1, 0, 0
74920, 52252159, 1, 0, 0
75001, 71640956, 1, 0, 0
75103, 72659084, 1, 0, 0
75226, 53718233, 1, 0, 0
75304, 68206027, 1, 0, 0
75423, 60575998, 1, 0, 0
75528, 64595864, 1, 0, 0
75622, 70896337, 1, 0, 0
75708, 61901169, 1, 0, 0
75833, 76492524, 1, 0, 0
75901, 69146561, 1, 0, 0
76022, 56243294, 1, 0, 0
76104, 64861607, 1, 0, 0
76228, 68346522, 1, 0, 0
76321, 58742998, 1, 0, 0
76400, 67492130, 1, 0, 0
76526, 56901371, 1, 0, 0
76617, 100852903, 1, 0, 0
76700, 68998384, 1, 0, 0
76806, 114862864, 1, 0, 0
76909, 90721365, 1, 0, 0
77004, 64140866, 1, 0, 0
77126, 71888307, 1, 0, 0
77216, 74159738, 1, 0, 0
77308, 82294650, 1, 0, 0
77423, 63731558, 1, 0, 0
77513, 54246491, 1, 0, 0
77625, 56166931, 1, 0, 0
77707, 66159492, 1, 0, 0
77805, 72933939, 1, 0, 0
77900, 65671592, 1, 0, 0
78022, 61065401, 1, 0, 0
78101, 74196488, 1, 0, 0
78217, 68949413, 1, 0, 0
78330, 58507699, 1, 0, 0
78408, 68549079, 1, 0, 0
78539, 91954310, 1, 0, 0
78659, 78978900, 1, 0, 0
78751, 109814940, 1, 0, 0
78804, 144451142, 1, 0, 0
78901, 72530177, 1, 0, 0
79017, 59247317, 1, 0, 0
79123, 72811484, 1, 0, 0
79208, 71720619, 1, 0, 0
79337, 63240345, 1, 0, 0
79418, 71183649, 1, 0, 0
79536, 68709524, 1, 0, 0
79630, 75836184, 1, 0, 0
79716, 51752897, 1, 0, 0
79800, 67733811, 1, 0, 0
79915, 59235985, 1, 0, 0
80000, 63010978, 1, 0, 0
80117, 79193254, 1, 0, 0
80204, 76182212, 1, 0, 0
80335, 77319849, 1, 0, 0
80405, 73203622, 1, 0, 0
80509, 70549994, 1, 0, 0
80684, 117773480, 1, 0, 0
80792, 159266626, 1, 0, 0
80852, 179958458, 1, 0, 0
80923, 109895635, 1, 0, 0
81010, 65047067, 1, 0, 0
81104, 58271568, 1, 0, 0
81219, 56023307, 1, 0, 0
81301, 74608650, 1, 0, 0
81415, 63695459, 1, 0, 0
81501, 73428798, 1, 0, 0
81600, 65298469, 1, 0, 0
81712, 78407065, 1, 0, 0
81834, 62077080, 1, 0, 0
81900, 63698677, 1, 0, 0
82017, 65257620, 1, 0, 0
82140, 72354096, 1, 0, 0
82204, 80262836, 1, 0, 0
82310, 48847674, 1, 0, 0
82402, 73844742, 1, 0, 0
82523, 79688903, 1, 0, 0
82601, 74159230, 1, 0, 0
82741, 64509360, 1, 0, 0
82821, 62628456, 1, 0, 0
82902, 65977246, 1, 0, 0
83027, 51490504, 1, 0, 0
83100, 67317665, 1, 0, 0
83224, 66688911, 1, 0, 0
83306, 76112422, 1, 0, 0
83423, 70662459, 1, 0, 0
83526, 73092586, 1, 0, 0
83610, 60697398, 1, 0, 0
83733, 75686688, 1, 0, 0
83809, 75118937, 1, 0, 0
83931, 71179809, 1, 0, 0
84024, 59336391, 1, 0, 0
84106, 59568867, 1, 0, 0
84226, 55972995, 1, 0, 0
84359, 68731999, 1, 0, 0
84402, 75738507, 1, 0, 0
84523, 96270285, 1, 0, 0
84627, 115667418, 1, 0, 0
84701, 113077565, 1, 0, 0
84828, 59790517, 1, 0, 0
84920, 60879165, 1, 0, 0
85001, 71373341, 1, 0, 0
85119, 75346375, 1, 0, 0
85215, 70129802, 1, 0, 0
85301, 58074909, 1, 0, 0
85433, 75249269, 1, 0, 0
85519, 99864733, 1, 0, 0
85661, 56048873, 1, 0, 0
85700, 105482034, 1, 0, 0
85836, 74607498, 1, 0, 0
85942, 80412756, 1, 0, 0
86035, 83709410, 1, 0, 0
86108, 88410240, 1, 0, 0
86213, 77343005, 1, 0, 0
86328, 89259475, 1, 0, 0
86451, 123141405, 1, 0, 0
86542, 162704274, 1, 0, 0
86625, 131463594, 1, 0, 0
86700, 146046529, 1, 0, 0
86821, 67606149, 1, 0, 0
86901, 56165259, 1, 0, 0
87014, 58628863, 1, 0, 0
87121, 65942012, 1, 0, 0
87210, 69945120, 1, 0, 0
87320, 60788969, 1, 0, 0
87435, 65564884, 1, 0, 0
87520, 73708237, 1, 0, 0
87607, 73538399, 1, 0, 0
87722, 74240301, 1, 0, 0
87805, 55633198, 1, 0, 0
87926, 62610909, 1, 0, 0
88002, 81666561, 1, 0, 0
88108, 69929699, 1, 0, 0
88201, 96111677, 1, 0, 0
88318, 82599510, 1, 0, 0
88402, 60172946, 1, 0, 0
88536, 60385986, 1, 0, 0
88614, 69175511, 1, 0, 0
88729, 65192867, 1, 0, 0
88838, 51538956, 1, 0, 0
88925, 76092505, 1, 0, 0
89003, 53533817, 1, 0, 0
89113, 74201217, 1, 0, 0
89237, 71210207, 1, 0, 0
89328, 55709492, 1, 0, 0
89401, 75219690, 1, 0, 0
89524, 67031792, 1, 0, 0
89602, 58513318, 1, 0, 0
89721, 77588326, 1, 0, 0
89808, 70323534, 1, 0, 0
89926, 66409931, 1, 0, 0
90016, 79141561, 1, 0, 0
90059, 94016816, 1, 0, 0
