107, 103215518, 1, 0, 0
218, 103903803, 1, 0, 0
324, 107670294, 1, 0, 0
434, 103006837, 1, 0, 0
547, 107618167, 1, 0, 0
607, 110510623, 1, 0, 0
718, 109234006, 1, 0, 0
813, 62648421, 1, 0, 0
920, 33508805, 1, 0, 0
1005, 34969372, 1, 0, 0
1109, 35052833, 1, 0, 0
1204, 32120342, 1, 0, 0
1320, 29144419, 1, 0, 0
1402, 45441644, 1, 0, 0
1518, 34524616, 1, 0, 0
1608, 30484398, 1, 0, 0
1702, 24554191, 1, 0, 0
1806, 37923429, 1, 0, 0
1903, 37735225, 1, 0, 0
2001, 39381562, 1, 0, 0
2101, 40047772, 1, 0, 0
2208, 46950769, 1, 0, 0
2318, 39679255, 1, 0, 0
2401, 28613310, 1, 0, 0
2504, 31781841, 1, 0, 0
2608, 32891217, 1, 0, 0
2706, 31818082, 1, 0, 0
2802, 33013559, 1, 0, 0
2904, 31138116, 1, 0, 0
3004, 31299477, 1, 0, 0
3107, 34617777, 1, 0, 0
3202, 33418591, 1, 0, 0
3305, 27237097, 1, 0, 0
3403, 30898304, 1, 0, 0
3501, 77612399, 1, 0, 0
3607, 102639189, 1, 0, 0
3714, 103973220, 1, 0, 0
3823, 103692800, 1, 0, 0
3925, 99911757, 1, 0, 0
4030, 100867211, 1, 0, 0
4131, 99751429, 1, 0, 0
4224, 91950522, 1, 0, 0
4318, 93752658, 1, 0, 0
4402, 45693524, 1, 0, 0
4501, 31098543, 1, 0, 0
4601, 33060490, 1, 0, 0
4715, 31590145, 1, 0, 0
4802, 35792654, 1, 0, 0
4906, 33129109, 1, 0, 0
5004, 32776657, 1, 0, 0
5102, 30508683, 1, 0, 0
5202, 31324783, 1, 0, 0
5312, 34889116, 1, 0, 0
5408, 40999806, 1, 0, 0
5510, 38385412, 1, 0, 0
5602, 35218848, 1, 0, 0
5706, 37343352, 1, 0, 0
5822, 34366320, 1, 0, 0
5914, 31426184, 1, 0, 0
6001, 25601932, 1, 0, 0
6115, 28449231, 1, 0, 0
6222, 32301871, 1, 0, 0
6304, 30989102, 1, 0, 0
6407, 23781211, 1, 0, 0
6517, 23491112, 1, 0, 0
6612, 32942088, 1, 0, 0
6710, 31851585, 1, 0, 0
6822, 32754957, 1, 0, 0
6952, 35314626, 1, 0, 0
7050, 93875831, 1, 0, 0
7136, 95453484, 1, 0, 0
7242, 131962974, 1, 0, 0
7322, 108577893, 1, 0, 0
7426, 125830865, 1, 0, 0
7530, 100714583, 1, 0, 0
7607, 103134389, 1, 0, 0
7712, 121342981, 1, 0, 0
7814, 68615892, 1, 0, 0
7906, 37551312, 1, 0, 0
8002, 39425836, 1, 0, 0
8102, 35919448, 1, 0, 0
8204, 41698057, 1, 0, 0
8300, 41578235, 1, 0, 0
8402, 40462209, 1, 0, 0
8522, 36762506, 1, 0, 0
8606, 39746620, 1, 0, 0
8710, 42119031, 1, 0, 0
8807, 36944773, 1, 0, 0
8921, 44336756, 1, 0, 0
9002, 43431386, 1, 0, 0
9109, 33786463, 1, 0, 0
9215, 35266850, 1, 0, 0
9322, 34143708, 1, 0, 0
9408, 35994296, 1, 0, 0
9511, 32590505, 1, 0, 0
9614, 35697458, 1, 0, 0
9715, 35828714, 1, 0, 0
9801, 32335665, 1, 0, 0
9906, 33124434, 1, 0, 0
10011, 34074928, 1, 0, 0
10102, 33550381, 1, 0, 0
10201, 35006056, 1, 0, 0
10303, 30630481, 1, 0, 0
10406, 32825079, 1, 0, 0
10552, 40747004, 1, 0, 0
10602, 75900056, 1, 0, 0
10706, 104251054, 1, 0, 0
10813, 100427035, 1, 0, 0
10920, 103808060, 1, 0, 0
11025, 103726059, 1, 0, 0
11130, 101514187, 1, 0, 0
11233, 102266823, 1, 0, 0
11316, 97682818, 1, 0, 0
11408, 81020351, 1, 0, 0
11509, 49594495, 1, 0, 0
11614, 30139252, 1, 0, 0
11700, 33698349, 1, 0, 0
11807, 32496755, 1, 0, 0
11904, 33496210, 1, 0, 0
12003, 36404013, 1, 0, 0
12110, 32744253, 1, 0, 0
12204, 28487686, 1, 0, 0
12315, 30594412, 1, 0, 0
12402, 29285462, 1, 0, 0
12510, 32533934, 1, 0, 0
12610, 31193941, 1, 0, 0
12709, 29765658, 1, 0, 0
12824, 30973588, 1, 0, 0
12907, 32071869, 1, 0, 0
13009, 25659485, 1, 0, 0
13107, 30411618, 1, 0, 0
13215, 34945695, 1, 0, 0
13327, 32562775, 1, 0, 0
13410, 39034568, 1, 0, 0
13503, 35838939, 1, 0, 0
13611, 38794639, 1, 0, 0
13714, 36198428, 1, 0, 0
13803, 34028770, 1, 0, 0
13903, 27932841, 1, 0, 0
14022, 42806665, 1, 0, 0
14136, 87743818, 1, 0, 0
14242, 117109793, 1, 0, 0
14349, 103240936, 1, 0, 0
14430, 104660795, 1, 0, 0
14513, 133026230, 1, 0, 0
14646, 134737274, 1, 0, 0
14727, 130017838, 1, 0, 0
14837, 145801904, 1, 0, 0
14910, 64706785, 1, 0, 0
15007, 43239939, 1, 0, 0
15126, 37304908, 1, 0, 0
15201, 46272649, 1, 0, 0
15321, 40143088, 1, 0, 0
15421, 39136319, 1, 0, 0
15515, 46349271, 1, 0, 0
15620, 38679392, 1, 0, 0
15704, 35465005, 1, 0, 0
15801, 29803670, 1, 0, 0
15907, 28638569, 1, 0, 0
16002, 30526875, 1, 0, 0
16103, 33022209, 1, 0, 0
16202, 31699027, 1, 0, 0
16303, 32630318, 1, 0, 0
16401, 31629524, 1, 0, 0
16504, 32962136, 1, 0, 0
16608, 33691444, 1, 0, 0
16705, 36808097, 1, 0, 0
16805, 33224105, 1, 0, 0
16908, 26651051, 1, 0, 0
17001, 33930946, 1, 0, 0
17114, 35441862, 1, 0, 0
17207, 30427741, 1, 0, 0
17301, 33774127, 1, 0, 0
17403, 36683918, 1, 0, 0
17513, 36461863, 1, 0, 0
17618, 33452147, 1, 0, 0
17723, 50244070, 1, 0, 0
17834, 102471519, 1, 0, 0
17940, 107591655, 1, 0, 0
18049, 103106888, 1, 0, 0
18100, 105143202, 1, 0, 0
18208, 104679172, 1, 0, 0
18317, 103779999, 1, 0, 0
18427, 105942674, 1, 0, 0
18515, 93515013, 1, 0, 0
18611, 46999443, 1, 0, 0
18710, 32664240, 1, 0, 0
18802, 34675666, 1, 0, 0
18908, 32067395, 1, 0, 0
19012, 33210686, 1, 0, 0
19106, 32070571, 1, 0, 0
19211, 28412332, 1, 0, 0
19317, 30418996, 1, 0, 0
19400, 32813899, 1, 0, 0
19503, 31645250, 1, 0, 0
19611, 32783231, 1, 0, 0
19714, 32701349, 1, 0, 0
19810, 32419286, 1, 0, 0
19905, 36086916, 1, 0, 0
20001, 36928820, 1, 0, 0
20101, 40828940, 1, 0, 0
20214, 34634559, 1, 0, 0
20302, 33561055, 1, 0, 0
20409, 30222534, 1, 0, 0
20505, 32166147, 1, 0, 0
20606, 33555305, 1, 0, 0
20707, 34869894, 1, 0, 0
20804, 27952484, 1, 0, 0
20913, 26696658, 1, 0, 0
21023, 26559627, 1, 0, 0
21122, 25949256, 1, 0, 0
21230, 52701551, 1, 0, 0
21309, 106535224, 1, 0, 0
21443, 139273706, 1, 0, 0
21502, 60066836, 1, 0, 0
21632, 113115161, 1, 0, 0
21740, 120796367, 1, 0, 0
21867, 104593870, 1, 0, 0
21920, 125591031, 1, 0, 0
22058, 107248449, 1, 0, 0
22107, 89156063, 1, 0, 0
22218, 34784211, 1, 0, 0
22304, 33926372, 1, 0, 0
22410, 34672537, 1, 0, 0
22505, 35095728, 1, 0, 0
22601, 35874429, 1, 0, 0
22720, 33846181, 1, 0, 0
22809, 27028781, 1, 0, 0
22900, 32678693, 1, 0, 0
23004, 34629693, 1, 0, 0
23102, 31593618, 1, 0, 0
23203, 31538421, 1, 0, 0
23307, 33697887, 1, 0, 0
23417, 31703987, 1, 0, 0
23511, 38265246, 1, 0, 0
23606, 40040908, 1, 0, 0
23719, 30799839, 1, 0, 0
23802, 36754983, 1, 0, 0
23911, 40892204, 1, 0, 0
24003, 35995254, 1, 0, 0
24112, 26513165, 1, 0, 0
24210, 25282209, 1, 0, 0
24307, 28514015, 1, 0, 0
24403, 28050188, 1, 0, 0
24502, 29395532, 1, 0, 0
24650, 27744287, 1, 0, 0
24701, 96851787, 1, 0, 0
24805, 98561531, 1, 0, 0
24913, 102912558, 1, 0, 0
25017, 104611966, 1, 0, 0
25128, 102388328, 1, 0, 0
25245, 112040039, 1, 0, 0
25308, 121599384, 1, 0, 0
25407, 58659687, 1, 0, 0
25512, 24745924, 1, 0, 0
25601, 30901049, 1, 0, 0
25703, 32378143, 1, 0, 0
25809, 29449885, 1, 0, 0
25913, 26685884, 1, 0, 0
26002, 30510345, 1, 0, 0
26107, 25418176, 1, 0, 0
26216, 33815068, 1, 0, 0
26320, 32368413, 1, 0, 0
26429, 33260451, 1, 0, 0
26510, 34564276, 1, 0, 0
26603, 34349383, 1, 0, 0
26704, 30698407, 1, 0, 0
26800, 31475818, 1, 0, 0
26904, 28520817, 1, 0, 0
27002, 40400773, 1, 0, 0
27106, 35112938, 1, 0, 0
27215, 38766097, 1, 0, 0
27314, 35547425, 1, 0, 0
27408, 36203434, 1, 0, 0
27515, 36428224, 1, 0, 0
27604, 26794826, 1, 0, 0
27713, 25023048, 1, 0, 0
27806, 27746706, 1, 0, 0
27905, 31660898, 1, 0, 0
28017, 37639679, 1, 0, 0
28109, 40943124, 1, 0, 0
28206, 41999245, 1, 0, 0
28327, 37736371, 1, 0, 0
28444, 111913920, 1, 0, 0
28523, 106271032, 1, 0, 0
28601, 134184672, 1, 0, 0
28733, 138012085, 1, 0, 0
28823, 130325565, 1, 0, 0
28942, 148300361, 1, 0, 0
29004, 117081101, 1, 0, 0
29107, 76738690, 1, 0, 0
29205, 37810052, 1, 0, 0
29309, 40679126, 1, 0, 0
29411, 38379858, 1, 0, 0
29500, 34305024, 1, 0, 0
29602, 30923646, 1, 0, 0
29700, 36500964, 1, 0, 0
29813, 30859446, 1, 0, 0
29900, 31397070, 1, 0, 0
30009, 33765081, 1, 0, 0
30108, 35681853, 1, 0, 0
30204, 35826606, 1, 0, 0
30308, 31912304, 1, 0, 0
30406, 25490823, 1, 0, 0
30513, 34514813, 1, 0, 0
30618, 27888594, 1, 0, 0
30702, 27654843, 1, 0, 0
30803, 23653328, 1, 0, 0
30900, 37421430, 1, 0, 0
31018, 25535341, 1, 0, 0
31105, 31329438, 1, 0, 0
31214, 26364440, 1, 0, 0
31301, 25489447, 1, 0, 0
31413, 28602188, 1, 0, 0
31503, 35664353, 1, 0, 0
31601, 36163181, 1, 0, 0
31711, 35652384, 1, 0, 0
31814, 31353120, 1, 0, 0
31913, 32372345, 1, 0, 0
32046, 37468593, 1, 0, 0
32149, 98727500, 1, 0, 0
32278, 99990968, 1, 0, 0
32336, 90956799, 1, 0, 0
32475, 130446506, 1, 0, 0
32759, 144896402, 1, 0, 0
32989, 319061008, 1, 0, 0
33036, 504870305, 1, 0, 0
33108, 58594309, 1, 0, 0
33215, 32801564, 1, 0, 0
33300, 33765746, 1, 0, 0
33410, 35532144, 1, 0, 0
33510, 30469813, 1, 0, 0
33617, 33948858, 1, 0, 0
33705, 32998839, 1, 0, 0
33810, 30530182, 1, 0, 0
33911, 32617579, 1, 0, 0
34015, 33790490, 1, 0, 0
34100, 34133998, 1, 0, 0
34214, 30758723, 1, 0, 0
34306, 39009404, 1, 0, 0
34400, 34183516, 1, 0, 0
34500, 28418446, 1, 0, 0
34614, 34141529, 1, 0, 0
34701, 23660973, 1, 0, 0
34804, 23996698, 1, 0, 0
34908, 32825362, 1, 0, 0
35014, 32129816, 1, 0, 0
35113, 32492835, 1, 0, 0
35211, 33025641, 1, 0, 0
35314, 28864320, 1, 0, 0
35406, 30081262, 1, 0, 0
35520, 28071189, 1, 0, 0
35655, 79099241, 1, 0, 0
35734, 80378095, 1, 0, 0
35864, 79403153, 1, 0, 0
35944, 122879069, 1, 0, 0
36049, 79368457, 1, 0, 0
36103, 102539600, 1, 0, 0
36248, 128098653, 1, 0, 0
36321, 139903814, 1, 0, 0
36415, 93173002, 1, 0, 0
36509, 37948568, 1, 0, 0
36623, 37241689, 1, 0, 0
36703, 43870140, 1, 0, 0
36820, 42121685, 1, 0, 0
36910, 41580571, 1, 0, 0
37000, 44545719, 1, 0, 0
37102, 39460812, 1, 0, 0
37218, 44228537, 1, 0, 0
37302, 32937143, 1, 0, 0
37406, 31413679, 1, 0, 0
37506, 30114406, 1, 0, 0
37605, 32263419, 1, 0, 0
37706, 32863926, 1, 0, 0
37807, 31051173, 1, 0, 0
37907, 29412688, 1, 0, 0
38014, 29867593, 1, 0, 0
38101, 35469519, 1, 0, 0
38210, 34062060, 1, 0, 0
38305, 31855307, 1, 0, 0
38408, 31017203, 1, 0, 0
38512, 32317466, 1, 0, 0
38605, 27773102, 1, 0, 0
38708, 32911519, 1, 0, 0
38802, 34996067, 1, 0, 0
38913, 32084223, 1, 0, 0
39001, 25149134, 1, 0, 0
39107, 75599623, 1, 0, 0
39210, 103058456, 1, 0, 0
39314, 99275036, 1, 0, 0
39422, 101543853, 1, 0, 0
39530, 104735547, 1, 0, 0
39633, 104587511, 1, 0, 0
39728, 99147860, 1, 0, 0
39823, 92097728, 1, 0, 0
39900, 87277611, 1, 0, 0
40007, 41799352, 1, 0, 0
40100, 29561880, 1, 0, 0
40201, 35221754, 1, 0, 0
40300, 32383889, 1, 0, 0
40408, 30546850, 1, 0, 0
40505, 30122612, 1, 0, 0
40613, 32957081, 1, 0, 0
40706, 29605965, 1, 0, 0
40801, 34770543, 1, 0, 0
40900, 30944775, 1, 0, 0
41010, 31636318, 1, 0, 0
41109, 29720293, 1, 0, 0
41206, 31390006, 1, 0, 0
41300, 30744122, 1, 0, 0
41418, 32244905, 1, 0, 0
41518, 32325162, 1, 0, 0
41603, 33343162, 1, 0, 0
41705, 31094949, 1, 0, 0
41805, 33298296, 1, 0, 0
41926, 33545885, 1, 0, 0
42023, 52382260, 1, 0, 0
42108, 45719939, 1, 0, 0
42220, 55068660, 1, 0, 0
42321, 60956829, 1, 0, 0
42442, 106313478, 1, 0, 0
42506, 117906521, 1, 0, 0
42640, 127344679, 1, 0, 0
42715, 125625674, 1, 0, 0
42852, 143641554, 1, 0, 0
42924, 132451474, 1, 0, 0
43033, 134176415, 1, 0, 0
43116, 69984063, 1, 0, 0
43203, 40287170, 1, 0, 0
43300, 32381436, 1, 0, 0
43400, 31641115, 1, 0, 0
43503, 32036699, 1, 0, 0
43613, 29654350, 1, 0, 0
43705, 29027810, 1, 0, 0
43807, 30379604, 1, 0, 0
43914, 42980330, 1, 0, 0
44000, 36032495, 1, 0, 0
44114, 41751352, 1, 0, 0
44207, 40709804, 1, 0, 0
44311, 41747714, 1, 0, 0
44421, 38836629, 1, 0, 0
44504, 46796516, 1, 0, 0
44618, 32870557, 1, 0, 0
44716, 29077443, 1, 0, 0
44803, 26359896, 1, 0, 0
44903, 29247054, 1, 0, 0
45000, 30261181, 1, 0, 0
45112, 29663565, 1, 0, 0
45203, 35113603, 1, 0, 0
45309, 30562611, 1, 0, 0
45402, 36797388, 1, 0, 0
45508, 28532907, 1, 0, 0
45604, 31182621, 1, 0, 0
45703, 64633210, 1, 0, 0
45806, 97017086, 1, 0, 0
45916, 105298064, 1, 0, 0
46023, 104755178, 1, 0, 0
46127, 99361107, 1, 0, 0
46232, 103062490, 1, 0, 0
46342, 101661375, 1, 0, 0
46447, 104031151, 1, 0, 0
46503, 95329022, 1, 0, 0
46618, 59339578, 1, 0, 0
46700, 30685896, 1, 0, 0
46814, 37403157, 1, 0, 0
46909, 31359365, 1, 0, 0
47002, 30741685, 1, 0, 0
47100, 30897889, 1, 0, 0
47203, 30167713, 1, 0, 0
47312, 29442549, 1, 0, 0
47408, 31149230, 1, 0, 0
47501, 29504975, 1, 0, 0
47613, 31373430, 1, 0, 0
47714, 31143984, 1, 0, 0
47801, 30891154, 1, 0, 0
47915, 34796636, 1, 0, 0
48019, 33840745, 1, 0, 0
48118, 32666244, 1, 0, 0
48201, 32373430, 1, 0, 0
48307, 32872194, 1, 0, 0
48417, 32706400, 1, 0, 0
48518, 31856248, 1, 0, 0
48601, 29812780, 1, 0, 0
48701, 29814802, 1, 0, 0
48807, 28883350, 1, 0, 0
48915, 34591881, 1, 0, 0
49007, 32865627, 1, 0, 0
49130, 31215852, 1, 0, 0
49226, 66676610, 1, 0, 0
49344, 100471766, 1, 0, 0
49449, 109987223, 1, 0, 0
49500, 102557222, 1, 0, 0
49604, 100530932, 1, 0, 0
49710, 99574135, 1, 0, 0
49814, 101901637, 1, 0, 0
49915, 63629559, 1, 0, 0
50014, 30273345, 1, 0, 0
50105, 24040827, 1, 0, 0
50200, 31007053, 1, 0, 0
50302, 26869047, 1, 0, 0
50415, 33349316, 1, 0, 0
50513, 31087406, 1, 0, 0
50605, 34290743, 1, 0, 0
50706, 31926726, 1, 0, 0
50817, 33588633, 1, 0, 0
50900, 32537529, 1, 0, 0
51005, 33003671, 1, 0, 0
51100, 32094687, 1, 0, 0
51228, 41118883, 1, 0, 0
51304, 48300227, 1, 0, 0
51409, 41826323, 1, 0, 0
51503, 49428645, 1, 0, 0
51624, 41804672, 1, 0, 0
51707, 47846520, 1, 0, 0
51815, 46304024, 1, 0, 0
51920, 37418321, 1, 0, 0
52021, 32579778, 1, 0, 0
52107, 30512096, 1, 0, 0
52208, 29944308, 1, 0, 0
52310, 28694340, 1, 0, 0
52417, 32420063, 1, 0, 0
52515, 35793975, 1, 0, 0
52604, 33841087, 1, 0, 0
52704, 33668853, 1, 0, 0
52839, 35636050, 1, 0, 0
52944, 93609358, 1, 0, 0
53050, 103064157, 1, 0, 0
53108, 110428316, 1, 0, 0
53213, 106940856, 1, 0, 0
53316, 102223950, 1, 0, 0
53424, 100450907, 1, 0, 0
53532, 104056572, 1, 0, 0
53622, 104051662, 1, 0, 0
53720, 87294144, 1, 0, 0
53804, 52533304, 1, 0, 0
53911, 33985085, 1, 0, 0
54009, 30549253, 1, 0, 0
54123, 42962002, 1, 0, 0
54215, 49237347, 1, 0, 0
54311, 43972269, 1, 0, 0
54413, 46785197, 1, 0, 0
54500, 45485361, 1, 0, 0
54607, 51098473, 1, 0, 0
54715, 42182867, 1, 0, 0
54808, 47883592, 1, 0, 0
54924, 39922608, 1, 0, 0
55006, 47279961, 1, 0, 0
55108, 41254769, 1, 0, 0
55202, 48881372, 1, 0, 0
55318, 44544148, 1, 0, 0
55401, 38550800, 1, 0, 0
55508, 39721879, 1, 0, 0
55611, 50497554, 1, 0, 0
55724, 44599544, 1, 0, 0
55800, 47711447, 1, 0, 0
55912, 43128336, 1, 0, 0
56026, 44205389, 1, 0, 0
56121, 46838488, 1, 0, 0
56212, 42937740, 1, 0, 0
56301, 45193977, 1, 0, 0
56447, 53431683, 1, 0, 0
56503, 132303922, 1, 0, 0
56661, 130413899, 1, 0, 0
56714, 153121859, 1, 0, 0
56871, 129185772, 1, 0, 0
56947, 149471765, 1, 0, 0
57025, 148393516, 1, 0, 0
57147, 135500977, 1, 0, 0
57211, 111276051, 1, 0, 0
57306, 99139124, 1, 0, 0
57403, 41327515, 1, 0, 0
57506, 36849919, 1, 0, 0
57610, 42958559, 1, 0, 0
57706, 51019095, 1, 0, 0
57803, 40346259, 1, 0, 0
57919, 45212400, 1, 0, 0
58008, 44251639, 1, 0, 0
58110, 47359754, 1, 0, 0
58211, 44487193, 1, 0, 0
58300, 26267383, 1, 0, 0
58424, 25262946, 1, 0, 0
58502, 36468626, 1, 0, 0
58602, 30608307, 1, 0, 0
58718, 29817464, 1, 0, 0
58808, 31170966, 1, 0, 0
58911, 35769488, 1, 0, 0
59012, 37379632, 1, 0, 0
59107, 31793539, 1, 0, 0
59206, 29513731, 1, 0, 0
59302, 31957856, 1, 0, 0
59418, 35034429, 1, 0, 0
59513, 29628525, 1, 0, 0
59605, 32526727, 1, 0, 0
59706, 29776413, 1, 0, 0
59800, 31587817, 1, 0, 0
59940, 38013481, 1, 0, 0
60051, 99629438, 1, 0, 0
60103, 112927480, 1, 0, 0
60215, 99213963, 1, 0, 0
60319, 106700631, 1, 0, 0
60424, 101280859, 1, 0, 0
60535, 90074358, 1, 0, 0
60627, 105541904, 1, 0, 0
60714, 85755794, 1, 0, 0
60809, 51606938, 1, 0, 0
60902, 31613714, 1, 0, 0
61005, 30314843, 1, 0, 0
61116, 28686202, 1, 0, 0
61200, 29996332, 1, 0, 0
61305, 31701402, 1, 0, 0
61416, 29817744, 1, 0, 0
61515, 31793407, 1, 0, 0
61604, 27024194, 1, 0, 0
61704, 29847970, 1, 0, 0
61816, 31030572, 1, 0, 0
61918, 31612318, 1, 0, 0
62004, 28642848, 1, 0, 0
62116, 35102552, 1, 0, 0
62201, 33343637, 1, 0, 0
62310, 26567321, 1, 0, 0
62400, 30584143, 1, 0, 0
62508, 37051613, 1, 0, 0
62606, 30364181, 1, 0, 0
62718, 32906620, 1, 0, 0
62806, 32062288, 1, 0, 0
62909, 28416410, 1, 0, 0
63001, 21083033, 1, 0, 0
63104, 24257896, 1, 0, 0
63225, 30022372, 1, 0, 0
63311, 43148406, 1, 0, 0
63414, 37624991, 1, 0, 0
63536, 35612368, 1, 0, 0
63611, 118014482, 1, 0, 0
63768, 81238516, 1, 0, 0
63824, 104182732, 1, 0, 0
63903, 135602562, 1, 0, 0
64027, 130887264, 1, 0, 0
64110, 117451812, 1, 0, 0
64229, 82184430, 1, 0, 0
64316, 113625262, 1, 0, 0
64405, 69472110, 1, 0, 0
64510, 28858046, 1, 0, 0
64606, 42721659, 1, 0, 0
64713, 39450755, 1, 0, 0
64812, 47644861, 1, 0, 0
64900, 34482197, 1, 0, 0
65004, 28465926, 1, 0, 0
65113, 31389215, 1, 0, 0
65209, 30211855, 1, 0, 0
65309, 30626684, 1, 0, 0
65406, 30325525, 1, 0, 0
65513, 31293881, 1, 0, 0
65605, 31741975, 1, 0, 0
65705, 31263614, 1, 0, 0
65806, 32270556, 1, 0, 0
65903, 30459501, 1, 0, 0
66023, 33827306, 1, 0, 0
66101, 28338352, 1, 0, 0
66202, 24927849, 1, 0, 0
66307, 23905032, 1, 0, 0
66421, 28039680, 1, 0, 0
66502, 28646381, 1, 0, 0
66604, 24303112, 1, 0, 0
66707, 25497629, 1, 0, 0
66813, 34038745, 1, 0, 0
66912, 29758778, 1, 0, 0
67035, 47982541, 1, 0, 0
67143, 100085547, 1, 0, 0
67200, 104077068, 1, 0, 0
67309, 107719018, 1, 0, 0
67414, 105025636, 1, 0, 0
67520, 100565209, 1, 0, 0
67627, 103364416, 1, 0, 0
67729, 103608293, 1, 0, 0
67820, 99354539, 1, 0, 0
67917, 79612605, 1, 0, 0
68016, 34683648, 1, 0, 0
68109, 33211376, 1, 0, 0
68211, 29614349, 1, 0, 0
68302, 28574158, 1, 0, 0
68406, 28953705, 1, 0, 0
68502, 36745237, 1, 0, 0
68600, 28315701, 1, 0, 0
68706, 28874404, 1, 0, 0
68805, 29639189, 1, 0, 0
68904, 29780196, 1, 0, 0
69008, 27569173, 1, 0, 0
69102, 30625621, 1, 0, 0
69201, 30314298, 1, 0, 0
69312, 28938843, 1, 0, 0
69401, 30578345, 1, 0, 0
69510, 34645643, 1, 0, 0
69607, 28214930, 1, 0, 0
69711, 34070103, 1, 0, 0
69825, 33832221, 1, 0, 0
69905, 34640799, 1, 0, 0
70010, 30223998, 1, 0, 0
70100, 33354313, 1, 0, 0
70216, 32231499, 1, 0, 0
70302, 27278054, 1, 0, 0
70406, 30069329, 1, 0, 0
70528, 46948257, 1, 0, 0
70616, 56441225, 1, 0, 0
70721, 85625459, 1, 0, 0
70826, 101666422, 1, 0, 0
70932, 78216879, 1, 0, 0
71038, 104398361, 1, 0, 0
71142, 98472387, 1, 0, 0
71239, 97652685, 1, 0, 0
71303, 36362556, 1, 0, 0
71416, 23232812, 1, 0, 0
71520, 29213999, 1, 0, 0
71619, 28504628, 1, 0, 0
71700, 29762931, 1, 0, 0
71811, 30566074, 1, 0, 0
71906, 36209026, 1, 0, 0
72014, 34769164, 1, 0, 0
72103, 40741087, 1, 0, 0
72213, 34454846, 1, 0, 0
72305, 35014858, 1, 0, 0
72407, 28763542, 1, 0, 0
72516, 36669184, 1, 0, 0
72605, 39634953, 1, 0, 0
72709, 43461335, 1, 0, 0
72826, 35314973, 1, 0, 0
72900, 31807294, 1, 0, 0
73000, 32098791, 1, 0, 0
73103, 40425220, 1, 0, 0
73209, 39691331, 1, 0, 0
73307, 38023438, 1, 0, 0
73417, 32610222, 1, 0, 0
73511, 28742745, 1, 0, 0
73609, 26505581, 1, 0, 0
73717, 32412209, 1, 0, 0
73807, 31552865, 1, 0, 0
73904, 28088992, 1, 0, 0
74013, 24219967, 1, 0, 0
74102, 30634486, 1, 0, 0
74207, 29962765, 1, 0, 0
74317, 98603486, 1, 0, 0
74421, 103767959, 1, 0, 0
74529, 100168829, 1, 0, 0
74634, 104148269, 1, 0, 0
74741, 102171198, 1, 0, 0
74848, 104612832, 1, 0, 0
74900, 94671145, 1, 0, 0
75041, 98228723, 1, 0, 0
75126, 83018569, 1, 0, 0
75207, 48162963, 1, 0, 0
75302, 31289086, 1, 0, 0
75404, 33896017, 1, 0, 0
75522, 31557625, 1, 0, 0
75607, 31168908, 1, 0, 0
75702, 33937543, 1, 0, 0
75815, 31351392, 1, 0, 0
75901, 34403420, 1, 0, 0
76021, 34540084, 1, 0, 0
76104, 27753692, 1, 0, 0
76227, 27978330, 1, 0, 0
76308, 30364316, 1, 0, 0
76415, 25333649, 1, 0, 0
76512, 25144086, 1, 0, 0
76617, 35003656, 1, 0, 0
76703, 33565745, 1, 0, 0
76800, 38753009, 1, 0, 0
76906, 33961200, 1, 0, 0
77018, 32951027, 1, 0, 0
77108, 35284118, 1, 0, 0
77217, 32248072, 1, 0, 0
77310, 32811979, 1, 0, 0
77404, 30050567, 1, 0, 0
77505, 32736202, 1, 0, 0
77604, 27942297, 1, 0, 0
77712, 29551324, 1, 0, 0
77851, 77955339, 1, 0, 0
77916, 107603364, 1, 0, 0
78022, 115529954, 1, 0, 0
78132, 103051278, 1, 0, 0
78216, 109312879, 1, 0, 0
78321, 133007590, 1, 0, 0
78448, 110558497, 1, 0, 0
78500, 112231583, 1, 0, 0
78607, 68514716, 1, 0, 0
78706, 37929370, 1, 0, 0
78824, 37116553, 1, 0, 0
78912, 34043469, 1, 0, 0
79009, 39698499, 1, 0, 0
79104, 35759212, 1, 0, 0
79211, 33313420, 1, 0, 0
79308, 27943029, 1, 0, 0
79401, 34085380, 1, 0, 0
79512, 28204980, 1, 0, 0
79609, 31165640, 1, 0, 0
79714, 34212335, 1, 0, 0
79813, 26753618, 1, 0, 0
79908, 31150483, 1, 0, 0
80012, 27932366, 1, 0, 0
80110, 37668509, 1, 0, 0
80205, 33715622, 1, 0, 0
80311, 28506617, 1, 0, 0
80409, 31645963, 1, 0, 0
80517, 32712950, 1, 0, 0
80601, 35204159, 1, 0, 0
80704, 32828279, 1, 0, 0
80822, 29777370, 1, 0, 0
80920, 35315241, 1, 0, 0
81011, 30364805, 1, 0, 0
81100, 28864895, 1, 0, 0
81203, 34580236, 1, 0, 0
81304, 100227192, 1, 0, 0
81404, 98246246, 1, 0, 0
81508, 97055207, 1, 0, 0
81609, 100561675, 1, 0, 0
81711, 98035275, 1, 0, 0
81813, 87902925, 1, 0, 0
81937, 104964269, 1, 0, 0
82004, 131036614, 1, 0, 0
82115, 47830088, 1, 0, 0
82225, 26647040, 1, 0, 0
82308, 29151329, 1, 0, 0
82402, 26651317, 1, 0, 0
82512, 23063496, 1, 0, 0
82601, 28834445, 1, 0, 0
82704, 28040383, 1, 0, 0
82800, 29977842, 1, 0, 0
82919, 29095606, 1, 0, 0
83005, 30572144, 1, 0, 0
83113, 26297274, 1, 0, 0
83215, 30855010, 1, 0, 0
83307, 34977422, 1, 0, 0
83415, 31681969, 1, 0, 0
83502, 32488989, 1, 0, 0
83612, 33522903, 1, 0, 0
83700, 30354688, 1, 0, 0
83817, 32374088, 1, 0, 0
83906, 28482679, 1, 0, 0
84001, 34347305, 1, 0, 0
84105, 34993024, 1, 0, 0
84204, 33999994, 1, 0, 0
84307, 38825298, 1, 0, 0
84415, 35176108, 1, 0, 0
84518, 28511703, 1, 0, 0
84600, 32870603, 1, 0, 0
84737, 57737054, 1, 0, 0
84846, 106314524, 1, 0, 0
84902, 109732978, 1, 0, 0
85009, 106315049, 1, 0, 0
85123, 103882796, 1, 0, 0
85244, 110579312, 1, 0, 0
85300, 117157345, 1, 0, 0
85406, 69532284, 1, 0, 0
85517, 43510190, 1, 0, 0
85604, 48098972, 1, 0, 0
85725, 40355092, 1, 0, 0
85814, 48421766, 1, 0, 0
85918, 45929165, 1, 0, 0
86021, 48876417, 1, 0, 0
86111, 46766920, 1, 0, 0
86212, 35644496, 1, 0, 0
86313, 43872474, 1, 0, 0
86404, 32013079, 1, 0, 0
86517, 30397668, 1, 0, 0
86606, 26921057, 1, 0, 0
86708, 28953253, 1, 0, 0
86804, 28482186, 1, 0, 0
86911, 33364194, 1, 0, 0
87009, 27869560, 1, 0, 0
87101, 31039482, 1, 0, 0
87207, 32804269, 1, 0, 0
87309, 32327553, 1, 0, 0
87403, 34418611, 1, 0, 0
87518, 36550035, 1, 0, 0
87614, 36035776, 1, 0, 0
87701, 31813522, 1, 0, 0
87804, 33591015, 1, 0, 0
87919, 26016111, 1, 0, 0
88020, 29173110, 1, 0, 0
88113, 31404768, 1, 0, 0
88208, 30388467, 1, 0, 0
88303, 27235763, 1, 0, 0
88419, 40168511, 1, 0, 0
88506, 107040264, 1, 0, 0
88667, 92237072, 1, 0, 0
88752, 86414831, 1, 0, 0
88832, 160953665, 1, 0, 0
88912, 157590025, 1, 0, 0
89019, 141946765, 1, 0, 0
89172, 111423281, 1, 0, 0
89257, 150262553, 1, 0, 0
89306, 154084932, 1, 0, 0
89407, 48179254, 1, 0, 0
89513, 30498420, 1, 0, 0
89627, 27460610, 1, 0, 0
89700, 32202537, 1, 0, 0
89808, 41958891, 1, 0, 0
89902, 47407545, 1, 0, 0
90019, 45977392, 1, 0, 0
90033, 43593773, 1, 0, 0
