107, 114097930, 1, 0, 0
243, 104405090, 1, 0, 0
324, 135009635, 1, 0, 0
463, 140993643, 1, 0, 0
520, 136035576, 1, 0, 0
660, 124886154, 1, 0, 0
718, 124832610, 1, 0, 0
802, 75657946, 1, 0, 0
926, 43534294, 1, 0, 0
1000, 37981777, 1, 0, 0
1109, 26959650, 1, 0, 0
1221, 27178646, 1, 0, 0
1320, 33514001, 1, 0, 0
1402, 41796876, 1, 0, 0
1501, 35179527, 1, 0, 0
1608, 44813390, 1, 0, 0
1702, 42112537, 1, 0, 0
1812, 44340735, 1, 0, 0
1912, 45675593, 1, 0, 0
2001, 44517605, 1, 0, 0
2102, 48559189, 1, 0, 0
2203, 46008786, 1, 0, 0
2323, 47095249, 1, 0, 0
2422, 45934784, 1, 0, 0
2509, 41361867, 1, 0, 0
2601, 26713776, 1, 0, 0
2716, 26864506, 1, 0, 0
2813, 31528810, 1, 0, 0
2904, 29733983, 1, 0, 0
3004, 32202645, 1, 0, 0
3116, 30952350, 1, 0, 0
3221, 30936900, 1, 0, 0
3300, 33169873, 1, 0, 0
3426, 33623599, 1, 0, 0
3528, 93793773, 1, 0, 0
3636, 101192126, 1, 0, 0
3745, 104240567, 1, 0, 0
3850, 103559445, 1, 0, 0
3953, 100336385, 1, 0, 0
4003, 104117999, 1, 0, 0
4107, 100880200, 1, 0, 0
4248, 95018590, 1, 0, 0
4300, 98168326, 1, 0, 0
4402, 39192351, 1, 0, 0
4519, 42413529, 1, 0, 0
4601, 42600746, 1, 0, 0
4716, 46162261, 1, 0, 0
4802, 39708927, 1, 0, 0
4902, 42719870, 1, 0, 0
5012, 44881135, 1, 0, 0
5102, 34540399, 1, 0, 0
5208, 22760389, 1, 0, 0
5305, 27872908, 1, 0, 0
5424, 32042160, 1, 0, 0
5510, 41478567, 1, 0, 0
5602, 30481386, 1, 0, 0
5706, 36056511, 1, 0, 0
5804, 35293282, 1, 0, 0
5905, 29657750, 1, 0, 0
6005, 31822971, 1, 0, 0
6115, 35034084, 1, 0, 0
6222, 33722095, 1, 0, 0
6312, 32851931, 1, 0, 0
6407, 29219879, 1, 0, 0
6517, 27719721, 1, 0, 0
6613, 32791745, 1, 0, 0
6710, 29437572, 1, 0, 0
6806, 30443075, 1, 0, 0
6901, 31620086, 1, 0, 0
7023, 67460518, 1, 0, 0
7135, 70608843, 1, 0, 0
7242, 109207171, 1, 0, 0
7347, 103506978, 1, 0, 0
7450, 99892618, 1, 0, 0
7502, 101647921, 1, 0, 0
7606, 101585492, 1, 0, 0
7712, 99501589, 1, 0, 0
7804, 64026762, 1, 0, 0
7906, 29571188, 1, 0, 0
8002, 28920234, 1, 0, 0
8114, 29887454, 1, 0, 0
8211, 31834978, 1, 0, 0
8307, 33671340, 1, 0, 0
8410, 34061858, 1, 0, 0
8506, 27342468, 1, 0, 0
8601, 30384006, 1, 0, 0
8704, 27873905, 1, 0, 0
8816, 30627512, 1, 0, 0
8921, 33196708, 1, 0, 0
9002, 33490007, 1, 0, 0
9109, 28758868, 1, 0, 0
9222, 26496266, 1, 0, 0
9311, 27256402, 1, 0, 0
9402, 29834015, 1, 0, 0
9511, 26481710, 1, 0, 0
9603, 30293082, 1, 0, 0
9715, 32361550, 1, 0, 0
9806, 22924523, 1, 0, 0
9918, 27146089, 1, 0, 0
10011, 27896209, 1, 0, 0
10115, 32294962, 1, 0, 0
10201, 31281143, 1, 0, 0
10303, 32767995, 1, 0, 0
10406, 34890381, 1, 0, 0
10533, 31597103, 1, 0, 0
10629, 87627821, 1, 0, 0
10736, 92817331, 1, 0, 0
10841, 103447533, 1, 0, 0
10901, 103263542, 1, 0, 0
11053, 101927004, 1, 0, 0
11103, 103552225, 1, 0, 0
11208, 101685952, 1, 0, 0
11337, 91953941, 1, 0, 0
11413, 79829728, 1, 0, 0
11516, 45940109, 1, 0, 0
11614, 31479783, 1, 0, 0
11707, 30095675, 1, 0, 0
11807, 35134492, 1, 0, 0
11915, 41054388, 1, 0, 0
12003, 36539059, 1, 0, 0
12103, 37217197, 1, 0, 0
12211, 29921020, 1, 0, 0
12306, 30986833, 1, 0, 0
12402, 30457390, 1, 0, 0
12509, 35008547, 1, 0, 0
12610, 33710791, 1, 0, 0
12709, 32496807, 1, 0, 0
12815, 29286789, 1, 0, 0
12907, 32001741, 1, 0, 0
13009, 31727650, 1, 0, 0
13107, 31322535, 1, 0, 0
13207, 32485596, 1, 0, 0
13303, 32603148, 1, 0, 0
13410, 28670239, 1, 0, 0
13503, 35206693, 1, 0, 0
13611, 34913428, 1, 0, 0
13701, 32283912, 1, 0, 0
13809, 32199194, 1, 0, 0
13916, 43062602, 1, 0, 0
14033, 52008663, 1, 0, 0
14111, 83080287, 1, 0, 0
14269, 96334629, 1, 0, 0
14349, 150659595, 1, 0, 0
14430, 153376889, 1, 0, 0
14513, 157829441, 1, 0, 0
14620, 138979661, 1, 0, 0
14700, 119678714, 1, 0, 0
14837, 148280997, 1, 0, 0
14903, 83204400, 1, 0, 0
15023, 44447676, 1, 0, 0
15104, 44041964, 1, 0, 0
15206, 46608740, 1, 0, 0
15316, 42036788, 1, 0, 0
15404, 46634687, 1, 0, 0
15502, 44494112, 1, 0, 0
15611, 43214834, 1, 0, 0
15704, 42917807, 1, 0, 0
15810, 29934694, 1, 0, 0
15907, 28157417, 1, 0, 0
16002, 29324715, 1, 0, 0
16110, 31757712, 1, 0, 0
16210, 29513460, 1, 0, 0
16314, 32910132, 1, 0, 0
16401, 32351624, 1, 0, 0
16504, 27160076, 1, 0, 0
16615, 34109572, 1, 0, 0
16705, 27896915, 1, 0, 0
16805, 39997428, 1, 0, 0
16903, 36330603, 1, 0, 0
17001, 41710288, 1, 0, 0
17103, 38175796, 1, 0, 0
17223, 37988523, 1, 0, 0
17301, 41583323, 1, 0, 0
17409, 38009104, 1, 0, 0
17518, 41865125, 1, 0, 0
17617, 42842013, 1, 0, 0
17751, 72424385, 1, 0, 0
17834, 132607277, 1, 0, 0
17940, 147081315, 1, 0, 0
18049, 98902028, 1, 0, 0
18100, 105390181, 1, 0, 0
18237, 119949304, 1, 0, 0
18346, 112765974, 1, 0, 0
18480, 106909354, 1, 0, 0
18515, 122229180, 1, 0, 0
18600, 53303231, 1, 0, 0
18721, 32664730, 1, 0, 0
18808, 34730300, 1, 0, 0
18908, 31394914, 1, 0, 0
19012, 33903106, 1, 0, 0
19106, 32777891, 1, 0, 0
19211, 33276993, 1, 0, 0
19317, 33073780, 1, 0, 0
19421, 32629798, 1, 0, 0
19503, 33565326, 1, 0, 0
19603, 32752157, 1, 0, 0
19719, 28851809, 1, 0, 0
19800, 42153412, 1, 0, 0
19924, 43742695, 1, 0, 0
20009, 45577151, 1, 0, 0
20112, 34769311, 1, 0, 0
20215, 35359174, 1, 0, 0
20315, 27578724, 1, 0, 0
20409, 28550497, 1, 0, 0
20514, 26878636, 1, 0, 0
20601, 41949163, 1, 0, 0
20701, 30365700, 1, 0, 0
20804, 41769844, 1, 0, 0
20913, 49373089, 1, 0, 0
21016, 40367743, 1, 0, 0
21146, 42406134, 1, 0, 0
21230, 77542313, 1, 0, 0
21309, 137806562, 1, 0, 0
21443, 156322978, 1, 0, 0
21526, 120350356, 1, 0, 0
21607, 133946182, 1, 0, 0
21740, 129835795, 1, 0, 0
21818, 129308617, 1, 0, 0
21947, 147932662, 1, 0, 0
22025, 127772918, 1, 0, 0
22101, 126573943, 1, 0, 0
22210, 45179566, 1, 0, 0
22304, 43576851, 1, 0, 0
22402, 50390613, 1, 0, 0
22512, 48125479, 1, 0, 0
22609, 42129970, 1, 0, 0
22703, 40327859, 1, 0, 0
22821, 37611680, 1, 0, 0
22912, 43010390, 1, 0, 0
23014, 47144947, 1, 0, 0
23102, 44896105, 1, 0, 0
23225, 45584327, 1, 0, 0
23307, 46853741, 1, 0, 0
23417, 39766631, 1, 0, 0
23500, 41170114, 1, 0, 0
23623, 44364201, 1, 0, 0
23709, 44883052, 1, 0, 0
23802, 41549307, 1, 0, 0
23916, 44919256, 1, 0, 0
24003, 43003569, 1, 0, 0
24103, 39713134, 1, 0, 0
24210, 26939542, 1, 0, 0
24307, 31974669, 1, 0, 0
24403, 33617357, 1, 0, 0
24511, 27360026, 1, 0, 0
24650, 39267149, 1, 0, 0
24702, 60012013, 1, 0, 0
24806, 84600740, 1, 0, 0
24913, 101388609, 1, 0, 0
25017, 104111632, 1, 0, 0
25128, 81845937, 1, 0, 0
25245, 109232191, 1, 0, 0
25309, 114917934, 1, 0, 0
25407, 57636491, 1, 0, 0
25501, 29528933, 1, 0, 0
25601, 32962938, 1, 0, 0
25703, 35098262, 1, 0, 0
25801, 31844487, 1, 0, 0
25913, 30607055, 1, 0, 0
26006, 28739393, 1, 0, 0
26107, 30768687, 1, 0, 0
26207, 32234371, 1, 0, 0
26308, 32479379, 1, 0, 0
26407, 33500791, 1, 0, 0
26510, 31449326, 1, 0, 0
26603, 34381763, 1, 0, 0
26704, 31946198, 1, 0, 0
26805, 26981866, 1, 0, 0
26904, 28184875, 1, 0, 0
27018, 31138657, 1, 0, 0
27115, 35756125, 1, 0, 0
27204, 29203732, 1, 0, 0
27309, 24113857, 1, 0, 0
27408, 24891315, 1, 0, 0
27504, 25195096, 1, 0, 0
27604, 30723020, 1, 0, 0
27707, 33814554, 1, 0, 0
27814, 31080812, 1, 0, 0
27905, 25169652, 1, 0, 0
28007, 29122875, 1, 0, 0
28103, 24367646, 1, 0, 0
28201, 32297883, 1, 0, 0
28302, 23598110, 1, 0, 0
28413, 60944427, 1, 0, 0
28576, 92680458, 1, 0, 0
28655, 77531497, 1, 0, 0
28705, 78346646, 1, 0, 0
28818, 131766197, 1, 0, 0
28909, 88506662, 1, 0, 0
29036, 111235923, 1, 0, 0
29116, 59631734, 1, 0, 0
29205, 28493599, 1, 0, 0
29303, 32222629, 1, 0, 0
29406, 30733399, 1, 0, 0
29508, 29713782, 1, 0, 0
29602, 28792552, 1, 0, 0
29705, 34861795, 1, 0, 0
29813, 31816989, 1, 0, 0
29900, 29690255, 1, 0, 0
30009, 34754336, 1, 0, 0
30113, 34376073, 1, 0, 0
30204, 28772838, 1, 0, 0
30308, 31265053, 1, 0, 0
30406, 31981553, 1, 0, 0
30512, 32249996, 1, 0, 0
30601, 34542605, 1, 0, 0
30711, 33868186, 1, 0, 0
30803, 34273053, 1, 0, 0
30900, 38753356, 1, 0, 0
31009, 31784925, 1, 0, 0
31117, 31418183, 1, 0, 0
31209, 29489375, 1, 0, 0
31315, 27573532, 1, 0, 0
31413, 21430484, 1, 0, 0
31503, 29944440, 1, 0, 0
31601, 30285962, 1, 0, 0
31717, 33548069, 1, 0, 0
31814, 27752494, 1, 0, 0
31904, 43951487, 1, 0, 0
32046, 42095677, 1, 0, 0
32122, 104478533, 1, 0, 0
32279, 82849562, 1, 0, 0
32336, 127060211, 1, 0, 0
32475, 117135035, 1, 0, 0
32759, 156821205, 1, 0, 0
32989, 363718441, 1, 0, 0
33036, 455446350, 1, 0, 0
33109, 111869389, 1, 0, 0
33215, 33005391, 1, 0, 0
33312, 35429286, 1, 0, 0
33410, 32361974, 1, 0, 0
33510, 30375956, 1, 0, 0
33617, 32485196, 1, 0, 0
33717, 32413636, 1, 0, 0
33804, 34926594, 1, 0, 0
33906, 32293494, 1, 0, 0
34006, 33060617, 1, 0, 0
34111, 33536321, 1, 0, 0
34214, 33879146, 1, 0, 0
34316, 32451227, 1, 0, 0
34407, 34137086, 1, 0, 0
34511, 32207033, 1, 0, 0
34614, 34218671, 1, 0, 0
34711, 32745331, 1, 0, 0
34803, 31818270, 1, 0, 0
34908, 36037611, 1, 0, 0
35002, 31652950, 1, 0, 0
35102, 28043111, 1, 0, 0
35205, 34470336, 1, 0, 0
35314, 28080960, 1, 0, 0
35406, 27801060, 1, 0, 0
35520, 46208126, 1, 0, 0
35627, 103699643, 1, 0, 0
35734, 105012690, 1, 0, 0
35838, 97751092, 1, 0, 0
35944, 101397718, 1, 0, 0
36049, 104166971, 1, 0, 0
36103, 77092736, 1, 0, 0
36205, 101165315, 1, 0, 0
36352, 93206894, 1, 0, 0
36410, 69864720, 1, 0, 0
36519, 30588436, 1, 0, 0
36623, 30022145, 1, 0, 0
36702, 26269402, 1, 0, 0
36820, 29821345, 1, 0, 0
36910, 29485752, 1, 0, 0
37000, 27632967, 1, 0, 0
37123, 28610480, 1, 0, 0
37218, 28455121, 1, 0, 0
37311, 28376480, 1, 0, 0
37411, 29492667, 1, 0, 0
37506, 30272850, 1, 0, 0
37613, 27482380, 1, 0, 0
37701, 33067164, 1, 0, 0
37800, 27314534, 1, 0, 0
37912, 32400476, 1, 0, 0
38003, 34041224, 1, 0, 0
38110, 31215535, 1, 0, 0
38210, 29454070, 1, 0, 0
38305, 30887604, 1, 0, 0
38415, 30940864, 1, 0, 0
38512, 29125749, 1, 0, 0
38605, 31385172, 1, 0, 0
38708, 32766839, 1, 0, 0
38812, 32151727, 1, 0, 0
38905, 30234215, 1, 0, 0
39001, 31160286, 1, 0, 0
39107, 80537558, 1, 0, 0
39210, 103030242, 1, 0, 0
39314, 97858231, 1, 0, 0
39422, 103167855, 1, 0, 0
39530, 104646337, 1, 0, 0
39633, 104633019, 1, 0, 0
39728, 99129262, 1, 0, 0
39823, 90778846, 1, 0, 0
39900, 90968935, 1, 0, 0
40007, 39947159, 1, 0, 0
40100, 35151330, 1, 0, 0
40210, 34517643, 1, 0, 0
40305, 32129794, 1, 0, 0
40408, 34750243, 1, 0, 0
40506, 28904172, 1, 0, 0
40613, 28612804, 1, 0, 0
40718, 25457265, 1, 0, 0
40801, 31992748, 1, 0, 0
40908, 30986330, 1, 0, 0
41001, 29037548, 1, 0, 0
41109, 29186684, 1, 0, 0
41212, 35096804, 1, 0, 0
41300, 42794164, 1, 0, 0
41418, 40871446, 1, 0, 0
41526, 44965825, 1, 0, 0
41603, 45885267, 1, 0, 0
41717, 45493655, 1, 0, 0
41805, 39642651, 1, 0, 0
41906, 49229426, 1, 0, 0
42023, 46289330, 1, 0, 0
42108, 49217061, 1, 0, 0
42220, 55836386, 1, 0, 0
42352, 81097949, 1, 0, 0
42413, 125925405, 1, 0, 0
42535, 116580277, 1, 0, 0
42607, 120063903, 1, 0, 0
42748, 138559638, 1, 0, 0
42822, 135113832, 1, 0, 0
42959, 134706389, 1, 0, 0
43026, 133197656, 1, 0, 0
43116, 89098733, 1, 0, 0
43211, 36627810, 1, 0, 0
43300, 32481383, 1, 0, 0
43414, 33380682, 1, 0, 0
43510, 39161833, 1, 0, 0
43614, 35444518, 1, 0, 0
43714, 41707651, 1, 0, 0
43808, 35832505, 1, 0, 0
43914, 29404910, 1, 0, 0
44009, 28202632, 1, 0, 0
44114, 25834896, 1, 0, 0
44201, 28263597, 1, 0, 0
44311, 33270180, 1, 0, 0
44408, 32180157, 1, 0, 0
44505, 30195649, 1, 0, 0
44618, 33310745, 1, 0, 0
44716, 32927422, 1, 0, 0
44812, 32827147, 1, 0, 0
44909, 31475618, 1, 0, 0
45000, 29910984, 1, 0, 0
45100, 32209771, 1, 0, 0
45216, 30286129, 1, 0, 0
45309, 34589836, 1, 0, 0
45409, 31743928, 1, 0, 0
45508, 29789850, 1, 0, 0
45628, 28667941, 1, 0, 0
45728, 60159198, 1, 0, 0
45836, 97633244, 1, 0, 0
45941, 104742199, 1, 0, 0
46049, 100022085, 1, 0, 0
46102, 104928512, 1, 0, 0
46206, 102027627, 1, 0, 0
46315, 100407623, 1, 0, 0
46421, 106017984, 1, 0, 0
46524, 95200487, 1, 0, 0
46610, 40410189, 1, 0, 0
46700, 24356185, 1, 0, 0
46809, 32944031, 1, 0, 0
46917, 27720625, 1, 0, 0
47002, 27008023, 1, 0, 0
47109, 29073348, 1, 0, 0
47212, 27754819, 1, 0, 0
47301, 30437983, 1, 0, 0
47401, 28684710, 1, 0, 0
47501, 26604355, 1, 0, 0
47613, 29381235, 1, 0, 0
47702, 32387754, 1, 0, 0
47808, 28986343, 1, 0, 0
47909, 31833065, 1, 0, 0
48024, 29059128, 1, 0, 0
48118, 38291679, 1, 0, 0
48207, 46164337, 1, 0, 0
48307, 44627121, 1, 0, 0
48417, 47406920, 1, 0, 0
48518, 43735148, 1, 0, 0
48601, 44153450, 1, 0, 0
48701, 42649255, 1, 0, 0
48816, 43780183, 1, 0, 0
48925, 39929627, 1, 0, 0
49007, 37970229, 1, 0, 0
49113, 28229605, 1, 0, 0
49259, 66742805, 1, 0, 0
49315, 107259335, 1, 0, 0
49422, 101469882, 1, 0, 0
49526, 93025463, 1, 0, 0
49631, 97610660, 1, 0, 0
49737, 90880881, 1, 0, 0
49844, 92689772, 1, 0, 0
49906, 83353646, 1, 0, 0
50014, 29686047, 1, 0, 0
50105, 29911921, 1, 0, 0
50200, 29918178, 1, 0, 0
50311, 30726874, 1, 0, 0
50406, 30210025, 1, 0, 0
50502, 30429309, 1, 0, 0
50610, 30723411, 1, 0, 0
50706, 36758438, 1, 0, 0
50805, 39503784, 1, 0, 0
50925, 36925861, 1, 0, 0
51011, 48507194, 1, 0, 0
51113, 39123615, 1, 0, 0
51210, 43625940, 1, 0, 0
51320, 38684066, 1, 0, 0
51402, 39751709, 1, 0, 0
51514, 43897381, 1, 0, 0
51624, 38763782, 1, 0, 0
51707, 45327382, 1, 0, 0
51809, 35599175, 1, 0, 0
51913, 36256951, 1, 0, 0
52010, 25580172, 1, 0, 0
52107, 31504935, 1, 0, 0
52208, 23059962, 1, 0, 0
52302, 28947073, 1, 0, 0
52406, 25999119, 1, 0, 0
52506, 27927673, 1, 0, 0
52610, 27793584, 1, 0, 0
52714, 27992077, 1, 0, 0
52816, 32858071, 1, 0, 0
52917, 84235697, 1, 0, 0
53023, 72577612, 1, 0, 0
53133, 104260158, 1, 0, 0
53238, 105224497, 1, 0, 0
53342, 100656976, 1, 0, 0
53451, 97359689, 1, 0, 0
53505, 105696392, 1, 0, 0
53600, 100363100, 1, 0, 0
53729, 87166993, 1, 0, 0
53810, 47003782, 1, 0, 0
53903, 33094730, 1, 0, 0
54009, 34218899, 1, 0, 0
54114, 34477721, 1, 0, 0
54205, 30884384, 1, 0, 0
54311, 34487049, 1, 0, 0
54404, 30348270, 1, 0, 0
54500, 31221343, 1, 0, 0
54601, 33111537, 1, 0, 0
54701, 33242832, 1, 0, 0
54818, 30445867, 1, 0, 0
54916, 31345235, 1, 0, 0
55000, 32966272, 1, 0, 0
55108, 30123791, 1, 0, 0
55201, 32505349, 1, 0, 0
55309, 29163613, 1, 0, 0
55407, 31576402, 1, 0, 0
55508, 31821719, 1, 0, 0
55611, 32150889, 1, 0, 0
55715, 34424762, 1, 0, 0
55800, 30940210, 1, 0, 0
55901, 32772828, 1, 0, 0
56017, 31960649, 1, 0, 0
56110, 30425229, 1, 0, 0
56212, 32281217, 1, 0, 0
56309, 32453610, 1, 0, 0
56423, 43200754, 1, 0, 0
56528, 81409537, 1, 0, 0
56636, 87755448, 1, 0, 0
56739, 103796321, 1, 0, 0
56844, 83582029, 1, 0, 0
56947, 75222591, 1, 0, 0
57001, 100128693, 1, 0, 0
57103, 103171243, 1, 0, 0
57235, 85813032, 1, 0, 0
57300, 51211514, 1, 0, 0
57413, 30956562, 1, 0, 0
57506, 32813022, 1, 0, 0
57610, 33792385, 1, 0, 0
57718, 30566671, 1, 0, 0
57808, 29841851, 1, 0, 0
57913, 32503983, 1, 0, 0
58008, 34455611, 1, 0, 0
58120, 44799876, 1, 0, 0
58217, 45412348, 1, 0, 0
58321, 47463585, 1, 0, 0
58424, 47519893, 1, 0, 0
58507, 45229282, 1, 0, 0
58618, 41665116, 1, 0, 0
58718, 45321505, 1, 0, 0
58803, 41688395, 1, 0, 0
58906, 38821369, 1, 0, 0
59012, 41179618, 1, 0, 0
59126, 41839707, 1, 0, 0
59206, 40149540, 1, 0, 0
59302, 43974003, 1, 0, 0
59407, 33044088, 1, 0, 0
59513, 33653064, 1, 0, 0
59605, 29125641, 1, 0, 0
59715, 31632379, 1, 0, 0
59801, 26353438, 1, 0, 0
59910, 38020746, 1, 0, 0
60023, 97391316, 1, 0, 0
60133, 109011314, 1, 0, 0
60242, 106079872, 1, 0, 0
60347, 102093506, 1, 0, 0
60451, 102861552, 1, 0, 0
60507, 109178073, 1, 0, 0
60605, 105528796, 1, 0, 0
60743, 90196036, 1, 0, 0
60809, 46159166, 1, 0, 0
60909, 32124486, 1, 0, 0
61012, 27957055, 1, 0, 0
61116, 32804903, 1, 0, 0
61200, 33396297, 1, 0, 0
61300, 36416696, 1, 0, 0
61406, 29285041, 1, 0, 0
61503, 32359272, 1, 0, 0
61614, 30646538, 1, 0, 0
61710, 28315939, 1, 0, 0
61816, 30242067, 1, 0, 0
61918, 32901597, 1, 0, 0
62010, 30489428, 1, 0, 0
62116, 32176988, 1, 0, 0
62201, 33909510, 1, 0, 0
62301, 32804771, 1, 0, 0
62400, 35448127, 1, 0, 0
62508, 36996324, 1, 0, 0
62606, 31269464, 1, 0, 0
62718, 29763487, 1, 0, 0
62800, 33815583, 1, 0, 0
62903, 32984014, 1, 0, 0
63012, 33455527, 1, 0, 0
63104, 39604472, 1, 0, 0
63204, 43481222, 1, 0, 0
63306, 42057204, 1, 0, 0
63414, 43126142, 1, 0, 0
63560, 40571653, 1, 0, 0
63611, 92988970, 1, 0, 0
63768, 117773706, 1, 0, 0
63850, 151412978, 1, 0, 0
63927, 144903939, 1, 0, 0
64027, 147853350, 1, 0, 0
64110, 99887855, 1, 0, 0
64201, 130923396, 1, 0, 0
64350, 168254407, 1, 0, 0
64400, 86043873, 1, 0, 0
64510, 24556708, 1, 0, 0
64615, 33543288, 1, 0, 0
64704, 41939006, 1, 0, 0
64804, 41992902, 1, 0, 0
64900, 28217647, 1, 0, 0
65009, 32686205, 1, 0, 0
65108, 32255845, 1, 0, 0
65200, 29266897, 1, 0, 0
65309, 30013322, 1, 0, 0
65400, 31735256, 1, 0, 0
65505, 32830730, 1, 0, 0
65605, 31586407, 1, 0, 0
65710, 34962680, 1, 0, 0
65806, 28585600, 1, 0, 0
65919, 31602059, 1, 0, 0
66015, 35894910, 1, 0, 0
66112, 34687124, 1, 0, 0
66208, 37491027, 1, 0, 0
66312, 38597567, 1, 0, 0
66421, 34234536, 1, 0, 0
66502, 37647559, 1, 0, 0
66604, 40069761, 1, 0, 0
66721, 37395392, 1, 0, 0
66806, 40581217, 1, 0, 0
66912, 37797050, 1, 0, 0
67011, 42577755, 1, 0, 0
67152, 84482626, 1, 0, 0
67200, 111541743, 1, 0, 0
67309, 103748226, 1, 0, 0
67414, 103430057, 1, 0, 0
67520, 107554409, 1, 0, 0
67627, 99480461, 1, 0, 0
67729, 103635048, 1, 0, 0
67820, 96391249, 1, 0, 0
67917, 80496612, 1, 0, 0
68004, 34619595, 1, 0, 0
68109, 33174636, 1, 0, 0
68211, 30080957, 1, 0, 0
68302, 32671027, 1, 0, 0
68406, 33176550, 1, 0, 0
68502, 29249280, 1, 0, 0
68605, 33845733, 1, 0, 0
68728, 29865711, 1, 0, 0
68824, 29455478, 1, 0, 0
68916, 29590615, 1, 0, 0
69008, 40679931, 1, 0, 0
69100, 27312892, 1, 0, 0
69206, 30465253, 1, 0, 0
69303, 22123826, 1, 0, 0
69423, 28131668, 1, 0, 0
69502, 40617042, 1, 0, 0
69607, 39843110, 1, 0, 0
69711, 27258697, 1, 0, 0
69816, 28540152, 1, 0, 0
69905, 28761433, 1, 0, 0
70010, 27972418, 1, 0, 0
70100, 31081447, 1, 0, 0
70216, 28184739, 1, 0, 0
70302, 26911219, 1, 0, 0
70411, 27344342, 1, 0, 0
70528, 31831026, 1, 0, 0
70642, 64617064, 1, 0, 0
70720, 51496240, 1, 0, 0
70826, 79114669, 1, 0, 0
70906, 77401940, 1, 0, 0
71038, 101305984, 1, 0, 0
71115, 125791918, 1, 0, 0
71215, 83975874, 1, 0, 0
71321, 40635937, 1, 0, 0
71416, 25024767, 1, 0, 0
71520, 31066424, 1, 0, 0
71608, 23886303, 1, 0, 0
71715, 26262003, 1, 0, 0
71804, 26885316, 1, 0, 0
71906, 39957151, 1, 0, 0
72002, 31122000, 1, 0, 0
72113, 36144599, 1, 0, 0
72206, 29972679, 1, 0, 0
72310, 33534776, 1, 0, 0
72407, 34421078, 1, 0, 0
72516, 33183432, 1, 0, 0
72605, 34099772, 1, 0, 0
72709, 32272460, 1, 0, 0
72809, 33620588, 1, 0, 0
72909, 32910105, 1, 0, 0
73000, 33516862, 1, 0, 0
73103, 29876597, 1, 0, 0
73209, 32276172, 1, 0, 0
73307, 35826933, 1, 0, 0
73408, 33432268, 1, 0, 0
73511, 33248228, 1, 0, 0
73609, 30724538, 1, 0, 0
73705, 28643386, 1, 0, 0
73812, 32164977, 1, 0, 0
73904, 30022217, 1, 0, 0
74013, 34245116, 1, 0, 0
74102, 28878244, 1, 0, 0
74234, 36880857, 1, 0, 0
74343, 99831167, 1, 0, 0
74445, 102580633, 1, 0, 0
74553, 90472458, 1, 0, 0
74606, 77810244, 1, 0, 0
74711, 102060442, 1, 0, 0
74820, 102521021, 1, 0, 0
74929, 102430199, 1, 0, 0
75015, 100733868, 1, 0, 0
75120, 85135613, 1, 0, 0
75207, 55524382, 1, 0, 0
75302, 33827877, 1, 0, 0
75414, 33204605, 1, 0, 0
75522, 36731831, 1, 0, 0
75601, 39701246, 1, 0, 0
75707, 33041081, 1, 0, 0
75815, 41309639, 1, 0, 0
75917, 51149927, 1, 0, 0
76021, 51684296, 1, 0, 0
76114, 48064917, 1, 0, 0
76208, 40958768, 1, 0, 0
76302, 42821026, 1, 0, 0
76400, 48545772, 1, 0, 0
76501, 49059920, 1, 0, 0
76617, 46017812, 1, 0, 0
76709, 40471729, 1, 0, 0
76816, 42187122, 1, 0, 0
76906, 46209376, 1, 0, 0
77018, 40407616, 1, 0, 0
77108, 42079457, 1, 0, 0
77217, 34872232, 1, 0, 0
77322, 34001711, 1, 0, 0
77404, 33088258, 1, 0, 0
77512, 32434434, 1, 0, 0
77604, 30377997, 1, 0, 0
77712, 28702494, 1, 0, 0
77823, 78980256, 1, 0, 0
77943, 103840135, 1, 0, 0
78050, 112754531, 1, 0, 0
78103, 100898243, 1, 0, 0
78216, 103789182, 1, 0, 0
78321, 108262811, 1, 0, 0
78448, 91515546, 1, 0, 0
78539, 114250531, 1, 0, 0
78607, 57520958, 1, 0, 0
78715, 34464199, 1, 0, 0
78807, 34114319, 1, 0, 0
78903, 28563987, 1, 0, 0
79009, 31344728, 1, 0, 0
79115, 32294948, 1, 0, 0
79211, 32493237, 1, 0, 0
79308, 30662600, 1, 0, 0
79401, 31224034, 1, 0, 0
79513, 26517208, 1, 0, 0
79609, 26108117, 1, 0, 0
79704, 33736927, 1, 0, 0
79806, 33825666, 1, 0, 0
79908, 34088080, 1, 0, 0
80017, 35507907, 1, 0, 0
80120, 44140521, 1, 0, 0
80200, 36943579, 1, 0, 0
80306, 37741732, 1, 0, 0
80401, 38568837, 1, 0, 0
80517, 39366811, 1, 0, 0
80601, 35389659, 1, 0, 0
80720, 45360357, 1, 0, 0
80807, 33081079, 1, 0, 0
80920, 38493249, 1, 0, 0
81002, 34415783, 1, 0, 0
81109, 26761628, 1, 0, 0
81203, 39214831, 1, 0, 0
81304, 93288979, 1, 0, 0
81404, 98140066, 1, 0, 0
81508, 97796194, 1, 0, 0
81609, 99838206, 1, 0, 0
81711, 92036284, 1, 0, 0
81813, 94014878, 1, 0, 0
81913, 94069072, 1, 0, 0
82004, 95174009, 1, 0, 0
82110, 50561867, 1, 0, 0
82217, 28149152, 1, 0, 0
82308, 36073486, 1, 0, 0
82405, 30712610, 1, 0, 0
82503, 30197713, 1, 0, 0
82610, 29172594, 1, 0, 0
82710, 38882295, 1, 0, 0
82823, 44924296, 1, 0, 0
82919, 38199247, 1, 0, 0
83012, 41946964, 1, 0, 0
83113, 35776233, 1, 0, 0
83210, 46397286, 1, 0, 0
83318, 26469723, 1, 0, 0
83403, 21400210, 1, 0, 0
83502, 31208229, 1, 0, 0
83605, 37896745, 1, 0, 0
83700, 36208578, 1, 0, 0
83808, 31351870, 1, 0, 0
83906, 32291251, 1, 0, 0
84001, 32760245, 1, 0, 0
84105, 32575160, 1, 0, 0
84204, 34022511, 1, 0, 0
84307, 38796324, 1, 0, 0
84410, 32882107, 1, 0, 0
84510, 32703687, 1, 0, 0
84600, 29338897, 1, 0, 0
84737, 58036101, 1, 0, 0
84846, 106276252, 1, 0, 0
84902, 81488622, 1, 0, 0
85009, 99706785, 1, 0, 0
85153, 108469407, 1, 0, 0
85244, 138926303, 1, 0, 0
85300, 87081184, 1, 0, 0
85412, 69714691, 1, 0, 0
85512, 26444071, 1, 0, 0
85604, 28773222, 1, 0, 0
85714, 25786256, 1, 0, 0
85802, 33730787, 1, 0, 0
85911, 26372393, 1, 0, 0
86027, 27872656, 1, 0, 0
86105, 30692596, 1, 0, 0
86200, 24730031, 1, 0, 0
86313, 30815431, 1, 0, 0
86410, 31632669, 1, 0, 0
86517, 34258018, 1, 0, 0
86612, 31720164, 1, 0, 0
86714, 31798635, 1, 0, 0
86812, 32202098, 1, 0, 0
86910, 31874071, 1, 0, 0
87008, 31876875, 1, 0, 0
87101, 31391287, 1, 0, 0
87218, 28847221, 1, 0, 0
87300, 38547736, 1, 0, 0
87403, 34640556, 1, 0, 0
87513, 24576226, 1, 0, 0
87621, 25549098, 1, 0, 0
87701, 25270235, 1, 0, 0
87813, 25256482, 1, 0, 0
87905, 44527597, 1, 0, 0
88025, 27942133, 1, 0, 0
88113, 32166993, 1, 0, 0
88216, 34925309, 1, 0, 0
88303, 33849966, 1, 0, 0
88477, 38704279, 1, 0, 0
88535, 128232018, 1, 0, 0
88643, 118929654, 1, 0, 0
88752, 104135558, 1, 0, 0
88804, 103789050, 1, 0, 0
88912, 102319442, 1, 0, 0
89018, 103366723, 1, 0, 0
89121, 102598763, 1, 0, 0
89232, 100226654, 1, 0, 0
89306, 112186319, 1, 0, 0
89407, 36519471, 1, 0, 0
89504, 33165854, 1, 0, 0
89620, 32822499, 1, 0, 0
89700, 31181378, 1, 0, 0
89807, 31882090, 1, 0, 0
89913, 34295307, 1, 0, 0
90019, 32452589, 1, 0, 0
90041, 49607790, 1, 0, 0
