159, 5662, 1, 0, 0
218, 6965, 1, 0, 0
324, 4402, 1, 0, 0
407, 6249, 1, 0, 0
577, 6028, 1, 0, 0
660, 6213, 1, 0, 0
718, 4833, 1, 0, 0
820, 6065, 1, 0, 0
926, 4628, 1, 0, 0
1006, 4398, 1, 0, 0
1110, 4028, 1, 0, 0
1216, 5677, 1, 0, 0
1311, 4952, 1, 0, 0
1402, 4822, 1, 0, 0
1501, 5023, 1, 0, 0
1608, 4849, 1, 0, 0
1707, 4929, 1, 0, 0
1812, 4739, 1, 0, 0
1903, 4468, 1, 0, 0
2002, 5841, 1, 0, 0
2108, 4266, 1, 0, 0
2203, 3659, 1, 0, 0
2310, 3994, 1, 0, 0
2402, 3902, 1, 0, 0
2509, 4357, 1, 0, 0
2615, 4388, 1, 0, 0
2706, 3613, 1, 0, 0
2800, 4547, 1, 0, 0
2917, 3965, 1, 0, 0
3004, 3813, 1, 0, 0
3116, 5725, 1, 0, 0
3212, 5538, 1, 0, 0
3300, 5439, 1, 0, 0
3426, 4778, 1, 0, 0
3501, 5312, 1, 0, 0
3637, 6062, 1, 0, 0
3771, 5392, 1, 0, 0
3850, 6320, 1, 0, 0
3925, 5963, 1, 0, 0
4003, 5216, 1, 0, 0
4108, 4253, 1, 0, 0
4200, 4975, 1, 0, 0
4300, 4386, 1, 0, 0
4412, 4630, 1, 0, 0
4509, 5265, 1, 0, 0
4609, 4076, 1, 0, 0
4716, 4595, 1, 0, 0
4812, 5069, 1, 0, 0
4902, 4830, 1, 0, 0
5012, 5273, 1, 0, 0
5108, 4687, 1, 0, 0
5208, 5899, 1, 0, 0
5312, 5584, 1, 0, 0
5408, 5686, 1, 0, 0
5510, 6265, 1, 0, 0
5602, 4690, 1, 0, 0
5720, 4941, 1, 0, 0
5816, 5543, 1, 0, 0
5915, 6347, 1, 0, 0
6005, 4904, 1, 0, 0
6107, 4232, 1, 0, 0
6211, 3696, 1, 0, 0
6305, 4324, 1, 0, 0
6407, 4665, 1, 0, 0
6517, 4972, 1, 0, 0
6600, 4248, 1, 0, 0
6704, 4693, 1, 0, 0
6813, 5244, 1, 0, 0
6901, 5352, 1, 0, 0
7050, 6120, 1, 0, 0
7107, 9185, 1, 0, 0
7217, 4262, 1, 0, 0
7322, 5004, 1, 0, 0
7426, 4979, 1, 0, 0
7530, 5417, 1, 0, 0
7633, 5056, 1, 0, 0
7737, 6539, 1, 0, 0
7804, 5404, 1, 0, 0
7901, 4551, 1, 0, 0
8018, 4164, 1, 0, 0
8102, 4442, 1, 0, 0
8211, 4834, 1, 0, 0
8307, 5126, 1, 0, 0
8402, 4298, 1, 0, 0
8507, 4546, 1, 0, 0
8601, 4644, 1, 0, 0
8704, 5024, 1, 0, 0
8816, 5320, 1, 0, 0
8928, 6262, 1, 0, 0
9002, 5186, 1, 0, 0
9103, 4544, 1, 0, 0
9206, 5030, 1, 0, 0
9322, 4610, 1, 0, 0
9402, 6798, 1, 0, 0
9512, 4961, 1, 0, 0
9603, 4788, 1, 0, 0
9706, 4470, 1, 0, 0
9806, 4199, 1, 0, 0
9906, 3872, 1, 0, 0
10000, 4965, 1, 0, 0
10115, 5419, 1, 0, 0
10201, 4930, 1, 0, 0
10303, 4714, 1, 0, 0
10420, 5520, 1, 0, 0
10552, 4979, 1, 0, 0
10629, 3248, 1, 0, 0
10760, 3124, 1, 0, 0
10841, 4423, 1, 0, 0
10920, 5702, 1, 0, 0
11053, 5542, 1, 0, 0
11130, 6263, 1, 0, 0
11208, 5867, 1, 0, 0
11316, 4032, 1, 0, 0
11408, 6556, 1, 0, 0
11509, 3804, 1, 0, 0
11625, 5291, 1, 0, 0
11707, 5561, 1, 0, 0
11820, 5360, 1, 0, 0
11916, 4385, 1, 0, 0
12003, 4633, 1, 0, 0
12111, 5636, 1, 0, 0
12204, 4321, 1, 0, 0
12315, 4644, 1, 0, 0
12403, 5258, 1, 0, 0
12504, 4643, 1, 0, 0
12610, 4658, 1, 0, 0
12716, 3662, 1, 0, 0
12824, 4469, 1, 0, 0
12902, 5142, 1, 0, 0
13003, 3897, 1, 0, 0
13107, 4925, 1, 0, 0
13207, 4690, 1, 0, 0
13327, 5364, 1, 0, 0
13410, 3937, 1, 0, 0
13512, 4019, 1, 0, 0
13626, 5118, 1, 0, 0
13701, 5458, 1, 0, 0
13809, 6904, 1, 0, 0
13903, 5152, 1, 0, 0
14023, 4915, 1, 0, 0
14137, 4240, 1, 0, 0
14218, 4274, 1, 0, 0
14349, 4348, 1, 0, 0
14431, 5217, 1, 0, 0
14540, 6703, 1, 0, 0
14621, 5259, 1, 0, 0
14727, 6194, 1, 0, 0
14805, 7010, 1, 0, 0
14911, 5040, 1, 0, 0
15017, 5054, 1, 0, 0
15116, 5009, 1, 0, 0
15201, 4642, 1, 0, 0
15310, 4650, 1, 0, 0
15415, 5483, 1, 0, 0
15515, 4587, 1, 0, 0
15611, 5214, 1, 0, 0
15710, 4624, 1, 0, 0
15801, 4643, 1, 0, 0
15916, 6225, 1, 0, 0
16022, 5493, 1, 0, 0
16116, 5229, 1, 0, 0
16210, 4494, 1, 0, 0
16314, 5105, 1, 0, 0
16420, 3974, 1, 0, 0
16504, 4488, 1, 0, 0
16620, 5370, 1, 0, 0
16705, 4182, 1, 0, 0
16817, 4668, 1, 0, 0
16903, 4488, 1, 0, 0
17001, 4915, 1, 0, 0
17120, 4684, 1, 0, 0
17208, 4495, 1, 0, 0
17301, 5546, 1, 0, 0
17403, 4617, 1, 0, 0
17513, 4044, 1, 0, 0
17618, 5339, 1, 0, 0
17723, 3862, 1, 0, 0
17834, 4166, 1, 0, 0
17940, 5193, 1, 0, 0
18049, 3977, 1, 0, 0
18100, 5011, 1, 0, 0
18207, 4531, 1, 0, 0
18317, 4413, 1, 0, 0
18427, 4572, 1, 0, 0
18515, 5502, 1, 0, 0
18600, 4870, 1, 0, 0
18721, 4809, 1, 0, 0
18808, 5211, 1, 0, 0
18915, 5082, 1, 0, 0
19000, 4780, 1, 0, 0
19119, 6354, 1, 0, 0
19217, 5157, 1, 0, 0
19317, 4191, 1, 0, 0
19410, 5739, 1, 0, 0
19503, 5464, 1, 0, 0
19616, 5438, 1, 0, 0
19719, 4941, 1, 0, 0
19800, 5457, 1, 0, 0
19904, 5288, 1, 0, 0
20009, 6276, 1, 0, 0
20101, 5539, 1, 0, 0
20205, 4514, 1, 0, 0
20309, 5190, 1, 0, 0
20409, 4127, 1, 0, 0
20514, 4695, 1, 0, 0
20606, 4908, 1, 0, 0
20707, 4960, 1, 0, 0
20804, 4486, 1, 0, 0
20905, 4893, 1, 0, 0
21016, 5021, 1, 0, 0
21123, 3566, 1, 0, 0
21230, 4709, 1, 0, 0
21335, 4258, 1, 0, 0
21453, 4794, 1, 0, 0
21502, 11297, 1, 0, 0
21608, 4621, 1, 0, 0
21715, 11643, 1, 0, 0
21844, 4808, 1, 0, 0
21928, 10152, 1, 0, 0
22058, 4412, 1, 0, 0
22101, 4526, 1, 0, 0
22224, 3778, 1, 0, 0
22325, 3926, 1, 0, 0
22402, 5813, 1, 0, 0
22506, 4964, 1, 0, 0
22610, 4688, 1, 0, 0
22709, 5467, 1, 0, 0
22803, 5187, 1, 0, 0
22908, 4524, 1, 0, 0
23005, 10521, 1, 0, 0
23112, 6422, 1, 0, 0
23203, 4478, 1, 0, 0
23302, 5364, 1, 0, 0
23405, 5371, 1, 0, 0
23500, 5288, 1, 0, 0
23606, 5883, 1, 0, 0
23710, 5599, 1, 0, 0
23809, 5663, 1, 0, 0
23911, 4417, 1, 0, 0
24003, 5358, 1, 0, 0
24103, 4586, 1, 0, 0
24210, 6374, 1, 0, 0
24307, 6497, 1, 0, 0
24408, 3688, 1, 0, 0
24502, 4794, 1, 0, 0
24626, 7270, 1, 0, 0
24728, 6001, 1, 0, 0
24833, 4664, 1, 0, 0
24939, 5599, 1, 0, 0
25042, 5542, 1, 0, 0
25159, 5189, 1, 0, 0
25216, 12170, 1, 0, 0
25318, 4112, 1, 0, 0
25412, 4414, 1, 0, 0
25512, 5846, 1, 0, 0
25620, 4360, 1, 0, 0
25703, 3803, 1, 0, 0
25801, 5961, 1, 0, 0
25901, 6873, 1, 0, 0
26007, 7685, 1, 0, 0
26100, 4751, 1, 0, 0
26207, 5397, 1, 0, 0
26325, 5605, 1, 0, 0
26419, 5576, 1, 0, 0
26510, 4974, 1, 0, 0
26611, 5154, 1, 0, 0
26704, 4762, 1, 0, 0
26818, 5676, 1, 0, 0
26915, 5171, 1, 0, 0
27002, 4190, 1, 0, 0
27115, 4171, 1, 0, 0
27200, 5365, 1, 0, 0
27302, 4523, 1, 0, 0
27409, 4291, 1, 0, 0
27504, 4932, 1, 0, 0
27605, 5431, 1, 0, 0
27707, 3906, 1, 0, 0
27814, 3982, 1, 0, 0
27914, 5431, 1, 0, 0
28017, 4181, 1, 0, 0
28109, 4629, 1, 0, 0
28212, 4628, 1, 0, 0
28311, 4812, 1, 0, 0
28413, 5686, 1, 0, 0
28550, 4415, 1, 0, 0
28601, 4408, 1, 0, 0
28705, 3823, 1, 0, 0
28823, 4003, 1, 0, 0
28974, 4009, 1, 0, 0
29036, 5402, 1, 0, 0
29108, 4912, 1, 0, 0
29205, 6207, 1, 0, 0
29309, 4822, 1, 0, 0
29406, 4102, 1, 0, 0
29516, 5213, 1, 0, 0
29602, 3753, 1, 0, 0
29705, 4798, 1, 0, 0
29805, 3465, 1, 0, 0
29900, 4443, 1, 0, 0
30004, 4569, 1, 0, 0
30108, 4206, 1, 0, 0
30215, 4715, 1, 0, 0
30308, 4069, 1, 0, 0
30406, 5209, 1, 0, 0
30513, 5429, 1, 0, 0
30601, 5251, 1, 0, 0
30711, 4085, 1, 0, 0
30803, 3755, 1, 0, 0
30911, 5533, 1, 0, 0
31010, 4902, 1, 0, 0
31105, 6202, 1, 0, 0
31202, 5861, 1, 0, 0
31315, 4431, 1, 0, 0
31401, 5114, 1, 0, 0
31513, 4484, 1, 0, 0
31607, 3795, 1, 0, 0
31717, 4253, 1, 0, 0
31814, 4552, 1, 0, 0
31913, 4245, 1, 0, 0
32046, 4328, 1, 0, 0
32150, 4416, 1, 0, 0
32279, 3952, 1, 0, 0
32336, 6074, 1, 0, 0
32475, 6609, 1, 0, 0
32759, 7639, 1, 0, 0
32989, 4982, 1, 0, 0
33036, 10355, 1, 0, 0
33109, 4905, 1, 0, 0
33215, 4677, 1, 0, 0
33312, 4657, 1, 0, 0
33421, 5317, 1, 0, 0
33510, 5436, 1, 0, 0
33607, 5147, 1, 0, 0
33700, 4328, 1, 0, 0
33810, 5053, 1, 0, 0
33906, 4244, 1, 0, 0
34021, 5110, 1, 0, 0
34111, 5282, 1, 0, 0
34214, 4910, 1, 0, 0
34300, 5542, 1, 0, 0
34407, 4440, 1, 0, 0
34518, 5577, 1, 0, 0
34614, 6878, 1, 0, 0
34720, 4725, 1, 0, 0
34818, 4090, 1, 0, 0
34914, 7193, 1, 0, 0
35003, 4958, 1, 0, 0
35122, 5170, 1, 0, 0
35211, 4603, 1, 0, 0
35308, 4338, 1, 0, 0
35422, 5376, 1, 0, 0
35572, 5449, 1, 0, 0
35656, 6723, 1, 0, 0
35734, 5458, 1, 0, 0
35813, 3939, 1, 0, 0
35945, 5026, 1, 0, 0
36024, 4854, 1, 0, 0
36103, 4705, 1, 0, 0
36248, 6020, 1, 0, 0
36361, 5950, 1, 0, 0
36400, 4366, 1, 0, 0
36519, 3380, 1, 0, 0
36614, 4188, 1, 0, 0
36709, 5305, 1, 0, 0
36815, 5381, 1, 0, 0
36900, 5299, 1, 0, 0
37000, 5564, 1, 0, 0
37117, 4596, 1, 0, 0
37210, 4154, 1, 0, 0
37311, 4027, 1, 0, 0
37406, 3375, 1, 0, 0
37506, 3868, 1, 0, 0
37604, 4717, 1, 0, 0
37702, 4728, 1, 0, 0
37807, 3873, 1, 0, 0
37907, 4403, 1, 0, 0
38014, 4496, 1, 0, 0
38110, 3376, 1, 0, 0
38210, 4484, 1, 0, 0
38310, 4528, 1, 0, 0
38408, 4741, 1, 0, 0
38512, 4094, 1, 0, 0
38605, 5083, 1, 0, 0
38708, 4998, 1, 0, 0
38803, 4661, 1, 0, 0
38913, 4638, 1, 0, 0
39025, 5035, 1, 0, 0
39157, 7141, 1, 0, 0
39210, 7485, 1, 0, 0
39340, 5026, 1, 0, 0
39422, 7202, 1, 0, 0
39506, 4649, 1, 0, 0
39606, 7751, 1, 0, 0
39707, 8193, 1, 0, 0
39847, 6072, 1, 0, 0
39900, 7234, 1, 0, 0
40014, 5074, 1, 0, 0
40108, 4566, 1, 0, 0
40201, 4181, 1, 0, 0
40305, 5203, 1, 0, 0
40409, 4131, 1, 0, 0
40518, 4331, 1, 0, 0
40613, 3890, 1, 0, 0
40706, 5057, 1, 0, 0
40818, 4800, 1, 0, 0
40901, 5388, 1, 0, 0
41010, 4664, 1, 0, 0
41118, 4367, 1, 0, 0
41200, 4185, 1, 0, 0
41309, 8067, 1, 0, 0
41418, 5776, 1, 0, 0
41506, 5073, 1, 0, 0
41608, 4164, 1, 0, 0
41712, 4348, 1, 0, 0
41815, 5507, 1, 0, 0
41906, 4905, 1, 0, 0
42024, 5204, 1, 0, 0
42108, 5543, 1, 0, 0
42220, 4396, 1, 0, 0
42321, 3922, 1, 0, 0
42442, 3990, 1, 0, 0
42507, 5517, 1, 0, 0
42640, 5098, 1, 0, 0
42715, 5058, 1, 0, 0
42853, 4752, 1, 0, 0
42924, 4543, 1, 0, 0
43033, 5646, 1, 0, 0
43116, 5744, 1, 0, 0
43203, 4787, 1, 0, 0
43310, 4554, 1, 0, 0
43406, 6239, 1, 0, 0
43503, 4709, 1, 0, 0
43614, 4687, 1, 0, 0
43705, 3861, 1, 0, 0
43802, 4061, 1, 0, 0
43914, 4369, 1, 0, 0
44000, 5269, 1, 0, 0
44102, 3086, 1, 0, 0
44201, 4019, 1, 0, 0
44311, 4594, 1, 0, 0
44408, 4341, 1, 0, 0
44505, 3941, 1, 0, 0
44610, 3918, 1, 0, 0
44704, 4578, 1, 0, 0
44803, 4370, 1, 0, 0
44903, 5002, 1, 0, 0
45016, 4140, 1, 0, 0
45100, 5347, 1, 0, 0
45204, 5180, 1, 0, 0
45309, 3731, 1, 0, 0
45403, 4404, 1, 0, 0
45515, 3991, 1, 0, 0
45604, 4559, 1, 0, 0
45703, 4981, 1, 0, 0
45807, 5555, 1, 0, 0
45916, 4351, 1, 0, 0
46024, 5156, 1, 0, 0
46127, 4691, 1, 0, 0
46232, 7011, 1, 0, 0
46342, 5276, 1, 0, 0
46447, 7552, 1, 0, 0
46503, 7310, 1, 0, 0
46610, 5666, 1, 0, 0
46700, 5012, 1, 0, 0
46814, 4770, 1, 0, 0
46909, 5227, 1, 0, 0
47002, 5136, 1, 0, 0
47110, 4766, 1, 0, 0
47212, 4821, 1, 0, 0
47301, 5003, 1, 0, 0
47417, 4292, 1, 0, 0
47510, 3634, 1, 0, 0
47605, 3824, 1, 0, 0
47702, 4909, 1, 0, 0
47817, 4200, 1, 0, 0
47923, 3979, 1, 0, 0
48019, 6924, 1, 0, 0
48107, 4494, 1, 0, 0
48216, 4039, 1, 0, 0
48312, 5603, 1, 0, 0
48410, 5599, 1, 0, 0
48518, 4968, 1, 0, 0
48620, 7433, 1, 0, 0
48701, 5623, 1, 0, 0
48807, 6300, 1, 0, 0
48904, 5829, 1, 0, 0
49007, 4425, 1, 0, 0
49130, 5226, 1, 0, 0
49226, 6878, 1, 0, 0
49344, 5451, 1, 0, 0
49449, 5484, 1, 0, 0
49500, 6699, 1, 0, 0
49604, 5263, 1, 0, 0
49710, 6654, 1, 0, 0
49815, 6766, 1, 0, 0
49915, 4695, 1, 0, 0
50014, 4389, 1, 0, 0
50105, 5131, 1, 0, 0
50200, 5569, 1, 0, 0
50302, 3894, 1, 0, 0
50415, 5069, 1, 0, 0
50503, 4916, 1, 0, 0
50601, 6333, 1, 0, 0
50716, 4895, 1, 0, 0
50805, 5812, 1, 0, 0
50900, 4948, 1, 0, 0
51011, 5219, 1, 0, 0
51113, 4719, 1, 0, 0
51222, 4866, 1, 0, 0
51310, 5898, 1, 0, 0
51403, 4511, 1, 0, 0
51521, 5115, 1, 0, 0
51624, 5056, 1, 0, 0
51700, 7239, 1, 0, 0
51801, 6058, 1, 0, 0
51902, 4660, 1, 0, 0
52010, 5537, 1, 0, 0
52101, 6119, 1, 0, 0
52209, 4717, 1, 0, 0
52310, 4746, 1, 0, 0
52418, 4598, 1, 0, 0
52506, 4508, 1, 0, 0
52610, 4720, 1, 0, 0
52714, 4486, 1, 0, 0
52839, 5059, 1, 0, 0
52944, 5022, 1, 0, 0
53082, 4356, 1, 0, 0
53107, 5633, 1, 0, 0
53238, 7125, 1, 0, 0
53342, 4941, 1, 0, 0
53424, 6595, 1, 0, 0
53555, 7350, 1, 0, 0
53622, 4897, 1, 0, 0
53720, 5184, 1, 0, 0
53804, 5624, 1, 0, 0
53903, 4932, 1, 0, 0
54018, 4766, 1, 0, 0
54114, 4717, 1, 0, 0
54227, 5920, 1, 0, 0
54306, 5302, 1, 0, 0
54413, 5220, 1, 0, 0
54524, 4584, 1, 0, 0
54607, 4585, 1, 0, 0
54710, 3968, 1, 0, 0
54805, 4591, 1, 0, 0
54916, 5450, 1, 0, 0
55006, 5257, 1, 0, 0
55121, 4832, 1, 0, 0
55211, 4516, 1, 0, 0
55309, 4934, 1, 0, 0
55401, 5466, 1, 0, 0
55508, 5342, 1, 0, 0
55611, 4969, 1, 0, 0
55715, 4402, 1, 0, 0
55800, 4487, 1, 0, 0
55901, 4805, 1, 0, 0
56005, 6039, 1, 0, 0
56110, 4464, 1, 0, 0
56212, 5097, 1, 0, 0
56309, 5818, 1, 0, 0
56423, 5509, 1, 0, 0
56528, 5351, 1, 0, 0
56636, 4345, 1, 0, 0
56739, 4819, 1, 0, 0
56844, 7033, 1, 0, 0
56948, 6003, 1, 0, 0
57001, 4812, 1, 0, 0
57104, 4780, 1, 0, 0
57235, 6127, 1, 0, 0
57300, 5837, 1, 0, 0
57413, 5071, 1, 0, 0
57515, 4667, 1, 0, 0
57601, 3511, 1, 0, 0
57706, 4662, 1, 0, 0
57803, 4741, 1, 0, 0
57902, 4323, 1, 0, 0
58019, 4529, 1, 0, 0
58110, 4449, 1, 0, 0
58217, 4965, 1, 0, 0
58316, 5320, 1, 0, 0
58424, 3908, 1, 0, 0
58502, 4079, 1, 0, 0
58618, 4121, 1, 0, 0
58718, 4317, 1, 0, 0
58803, 5409, 1, 0, 0
58906, 5142, 1, 0, 0
59012, 5219, 1, 0, 0
59107, 5801, 1, 0, 0
59214, 4410, 1, 0, 0
59302, 3822, 1, 0, 0
59418, 4074, 1, 0, 0
59513, 3369, 1, 0, 0
59600, 3611, 1, 0, 0
59706, 3598, 1, 0, 0
59801, 5573, 1, 0, 0
59911, 4026, 1, 0, 0
60023, 4337, 1, 0, 0
60133, 5411, 1, 0, 0
60242, 5314, 1, 0, 0
60347, 5014, 1, 0, 0
60451, 4339, 1, 0, 0
60507, 3135, 1, 0, 0
60605, 4396, 1, 0, 0
60743, 4790, 1, 0, 0
60809, 4130, 1, 0, 0
60902, 3625, 1, 0, 0
61012, 4037, 1, 0, 0
61105, 5290, 1, 0, 0
61200, 3917, 1, 0, 0
61311, 4568, 1, 0, 0
61407, 4588, 1, 0, 0
61515, 5090, 1, 0, 0
61604, 5483, 1, 0, 0
61704, 4386, 1, 0, 0
61816, 5132, 1, 0, 0
61907, 4282, 1, 0, 0
62005, 4327, 1, 0, 0
62109, 4680, 1, 0, 0
62212, 4997, 1, 0, 0
62310, 4328, 1, 0, 0
62400, 4748, 1, 0, 0
62503, 6075, 1, 0, 0
62606, 4568, 1, 0, 0
62718, 4944, 1, 0, 0
62806, 5221, 1, 0, 0
62910, 4452, 1, 0, 0
63012, 5470, 1, 0, 0
63104, 4083, 1, 0, 0
63213, 4982, 1, 0, 0
63311, 4371, 1, 0, 0
63419, 4499, 1, 0, 0
63536, 4690, 1, 0, 0
63638, 4949, 1, 0, 0
63740, 6287, 1, 0, 0
63850, 3698, 1, 0, 0
63904, 7248, 1, 0, 0
64004, 5243, 1, 0, 0
64110, 5458, 1, 0, 0
64229, 6257, 1, 0, 0
64345, 5649, 1, 0, 0
64405, 4777, 1, 0, 0
64510, 4941, 1, 0, 0
64615, 3351, 1, 0, 0
64713, 4292, 1, 0, 0
64804, 5327, 1, 0, 0
64900, 4394, 1, 0, 0
65004, 4394, 1, 0, 0
65113, 5067, 1, 0, 0
65209, 4313, 1, 0, 0
65300, 4859, 1, 0, 0
65407, 4393, 1, 0, 0
65505, 5265, 1, 0, 0
65610, 3587, 1, 0, 0
65705, 4974, 1, 0, 0
65821, 6292, 1, 0, 0
65919, 4590, 1, 0, 0
66015, 5507, 1, 0, 0
66123, 5242, 1, 0, 0
66208, 5444, 1, 0, 0
66307, 5448, 1, 0, 0
66415, 3742, 1, 0, 0
66524, 3480, 1, 0, 0
66604, 3551, 1, 0, 0
66713, 6581, 1, 0, 0
66806, 5368, 1, 0, 0
66907, 5282, 1, 0, 0
67035, 6324, 1, 0, 0
67143, 5559, 1, 0, 0
67227, 5926, 1, 0, 0
67334, 5462, 1, 0, 0
67414, 5319, 1, 0, 0
67521, 5056, 1, 0, 0
67627, 4911, 1, 0, 0
67729, 4936, 1, 0, 0
67842, 5627, 1, 0, 0
67908, 4557, 1, 0, 0
68027, 5329, 1, 0, 0
68103, 6519, 1, 0, 0
68218, 4948, 1, 0, 0
68315, 5261, 1, 0, 0
68406, 5649, 1, 0, 0
68509, 5805, 1, 0, 0
68614, 4917, 1, 0, 0
68706, 5398, 1, 0, 0
68824, 4172, 1, 0, 0
68909, 6588, 1, 0, 0
69019, 4382, 1, 0, 0
69102, 4644, 1, 0, 0
69207, 5022, 1, 0, 0
69303, 5798, 1, 0, 0
69401, 4037, 1, 0, 0
69519, 5155, 1, 0, 0
69607, 5169, 1, 0, 0
69702, 4689, 1, 0, 0
69825, 5451, 1, 0, 0
69900, 4661, 1, 0, 0
70015, 4816, 1, 0, 0
70110, 5238, 1, 0, 0
70216, 6434, 1, 0, 0
70318, 5625, 1, 0, 0
70406, 5028, 1, 0, 0
70528, 5088, 1, 0, 0
70616, 4199, 1, 0, 0
70747, 5906, 1, 0, 0
70802, 4217, 1, 0, 0
70932, 3573, 1, 0, 0
71038, 4928, 1, 0, 0
71142, 4518, 1, 0, 0
71239, 5225, 1, 0, 0
71304, 5464, 1, 0, 0
71407, 6402, 1, 0, 0
71520, 4435, 1, 0, 0
71619, 4898, 1, 0, 0
71700, 5260, 1, 0, 0
71805, 5395, 1, 0, 0
71906, 4581, 1, 0, 0
72002, 4740, 1, 0, 0
72103, 4615, 1, 0, 0
72217, 4358, 1, 0, 0
72318, 4910, 1, 0, 0
72407, 4179, 1, 0, 0
72505, 5194, 1, 0, 0
72621, 4324, 1, 0, 0
72700, 5570, 1, 0, 0
72820, 4617, 1, 0, 0
72909, 4568, 1, 0, 0
73006, 4658, 1, 0, 0
73103, 2926, 1, 0, 0
73204, 3109, 1, 0, 0
73329, 4762, 1, 0, 0
73402, 5365, 1, 0, 0
73505, 4985, 1, 0, 0
73609, 4573, 1, 0, 0
73717, 4866, 1, 0, 0
73812, 5323, 1, 0, 0
73920, 5881, 1, 0, 0
74013, 5399, 1, 0, 0
74103, 5847, 1, 0, 0
74207, 5441, 1, 0, 0
74343, 4955, 1, 0, 0
74445, 4568, 1, 0, 0
74529, 6243, 1, 0, 0
74659, 5659, 1, 0, 0
74741, 6042, 1, 0, 0
74873, 6165, 1, 0, 0
74929, 5039, 1, 0, 0
75041, 5338, 1, 0, 0
75143, 4306, 1, 0, 0
75201, 6072, 1, 0, 0
75302, 6395, 1, 0, 0
75419, 5887, 1, 0, 0
75502, 6103, 1, 0, 0
75612, 4967, 1, 0, 0
75714, 4968, 1, 0, 0
75823, 3162, 1, 0, 0
75917, 3834, 1, 0, 0
76005, 4365, 1, 0, 0
76114, 5003, 1, 0, 0
76219, 5265, 1, 0, 0
76302, 5203, 1, 0, 0
76400, 5242, 1, 0, 0
76520, 4096, 1, 0, 0
76617, 5500, 1, 0, 0
76709, 4399, 1, 0, 0
76816, 5374, 1, 0, 0
76906, 4513, 1, 0, 0
77018, 5241, 1, 0, 0
77108, 5442, 1, 0, 0
77223, 4338, 1, 0, 0
77322, 4277, 1, 0, 0
77404, 5301, 1, 0, 0
77505, 4835, 1, 0, 0
77604, 3606, 1, 0, 0
77712, 5537, 1, 0, 0
77823, 4211, 1, 0, 0
77943, 5650, 1, 0, 0
78050, 5539, 1, 0, 0
78103, 4847, 1, 0, 0
78216, 4263, 1, 0, 0
78321, 4437, 1, 0, 0
78448, 3676, 1, 0, 0
78500, 6111, 1, 0, 0
78607, 5202, 1, 0, 0
78715, 3510, 1, 0, 0
78819, 4799, 1, 0, 0
78912, 4706, 1, 0, 0
79009, 4908, 1, 0, 0
79116, 7009, 1, 0, 0
79211, 4310, 1, 0, 0
79302, 4997, 1, 0, 0
79409, 5062, 1, 0, 0
79513, 4795, 1, 0, 0
79609, 5573, 1, 0, 0
79714, 4045, 1, 0, 0
79813, 4958, 1, 0, 0
79914, 4508, 1, 0, 0
80012, 4974, 1, 0, 0
80110, 3775, 1, 0, 0
80205, 3686, 1, 0, 0
80306, 4314, 1, 0, 0
80401, 3781, 1, 0, 0
80509, 4064, 1, 0, 0
80602, 3200, 1, 0, 0
80711, 3990, 1, 0, 0
80807, 4371, 1, 0, 0
80920, 3542, 1, 0, 0
81011, 4396, 1, 0, 0
81109, 5017, 1, 0, 0
81203, 5248, 1, 0, 0
81304, 5148, 1, 0, 0
81404, 3480, 1, 0, 0
81508, 4895, 1, 0, 0
81609, 5740, 1, 0, 0
81711, 4066, 1, 0, 0
81813, 6185, 1, 0, 0
81913, 4233, 1, 0, 0
82004, 4679, 1, 0, 0
82116, 3670, 1, 0, 0
82206, 4515, 1, 0, 0
82303, 4024, 1, 0, 0
82412, 3835, 1, 0, 0
82503, 4324, 1, 0, 0
82602, 5885, 1, 0, 0
82704, 5864, 1, 0, 0
82817, 4447, 1, 0, 0
82919, 5038, 1, 0, 0
83012, 4149, 1, 0, 0
83114, 4262, 1, 0, 0
83215, 3914, 1, 0, 0
83307, 3797, 1, 0, 0
83415, 3931, 1, 0, 0
83502, 3216, 1, 0, 0
83605, 3283, 1, 0, 0
83700, 2908, 1, 0, 0
83808, 3849, 1, 0, 0
83901, 4588, 1, 0, 0
84002, 4121, 1, 0, 0
84114, 4784, 1, 0, 0
84205, 5247, 1, 0, 0
84307, 4635, 1, 0, 0
84410, 5301, 1, 0, 0
84510, 4332, 1, 0, 0
84619, 4410, 1, 0, 0
84712, 4974, 1, 0, 0
84821, 6097, 1, 0, 0
84928, 5824, 1, 0, 0
85035, 4843, 1, 0, 0
85153, 8808, 1, 0, 0
85213, 4440, 1, 0, 0
85330, 9376, 1, 0, 0
85412, 4579, 1, 0, 0
85512, 5749, 1, 0, 0
85616, 5427, 1, 0, 0
85703, 5467, 1, 0, 0
85809, 5557, 1, 0, 0
85903, 2979, 1, 0, 0
86021, 4062, 1, 0, 0
86100, 3577, 1, 0, 0
86200, 5212, 1, 0, 0
86306, 4778, 1, 0, 0
86410, 4426, 1, 0, 0
86505, 5321, 1, 0, 0
86606, 4525, 1, 0, 0
86708, 4137, 1, 0, 0
86804, 3422, 1, 0, 0
86901, 4208, 1, 0, 0
87003, 5793, 1, 0, 0
87110, 4413, 1, 0, 0
87207, 4511, 1, 0, 0
87328, 4911, 1, 0, 0
87403, 3745, 1, 0, 0
87518, 5750, 1, 0, 0
87614, 4790, 1, 0, 0
87701, 4397, 1, 0, 0
87805, 4379, 1, 0, 0
87913, 5989, 1, 0, 0
88011, 4926, 1, 0, 0
88125, 4331, 1, 0, 0
88216, 5253, 1, 0, 0
88304, 3878, 1, 0, 0
88477, 3436, 1, 0, 0
88535, 3390, 1, 0, 0
88668, 3604, 1, 0, 0
88753, 7451, 1, 0, 0
88832, 6134, 1, 0, 0
88912, 5336, 1, 0, 0
89044, 4845, 1, 0, 0
89172, 5388, 1, 0, 0
89258, 6661, 1, 0, 0
89300, 5840, 1, 0, 0
89407, 4411, 1, 0, 0
89513, 4590, 1, 0, 0
89609, 4749, 1, 0, 0
89707, 5462, 1, 0, 0
89814, 4183, 1, 0, 0
89902, 4777, 1, 0, 0
90028, 5121, 1, 0, 0
