100, 1280, 1, 0, 0
200, 1360, 1, 0, 0
300, 240, 1, 0, 0
400, 1320, 1, 0, 0
499, 1333, 1, 0, 0
599, 1120, 1, 0, 0
699, 200, 1, 0, 0
799, 2640, 1, 0, 0
899, 3760, 1, 0, 0
1000, 3960, 1, 0, 0
1100, 2640, 1, 0, 0
1200, 3960, 1, 0, 0
1300, 3840, 1, 0, 0
1400, 3960, 1, 0, 0
1499, 2909, 1, 0, 0
1599, 3960, 1, 0, 0
1699, 2640, 1, 0, 0
1799, 5280, 1, 0, 0
1899, 5320, 1, 0, 0
1999, 4000, 1, 0, 0
2099, 5280, 1, 0, 0
2199, 3960, 1, 0, 0
2299, 5280, 1, 0, 0
2399, 5280, 1, 0, 0
2500, 2960, 1, 0, 0
2600, 3960, 1, 0, 0
2700, 3960, 1, 0, 0
2800, 3960, 1, 0, 0
2900, 3960, 1, 0, 0
2999, 4000, 1, 0, 0
3099, 3960, 1, 0, 0
3199, 3920, 1, 0, 0
3299, 3960, 1, 0, 0
3399, 2680, 1, 0, 0
3499, 1320, 1, 0, 0
3599, 1360, 1, 0, 0
3699, 1320, 1, 0, 0
3800, 1400, 1, 0, 0
3900, 40, 1, 0, 0
4000, 2600, 1, 0, 0
4100, 280, 1, 0, 0
4200, 2360, 1, 0, 0
4300, 1360, 1, 0, 0
4400, 2680, 1, 0, 0
4499, 2909, 1, 0, 0
4599, 5240, 1, 0, 0
4699, 5280, 1, 0, 0
4799, 5280, 1, 0, 0
4899, 2640, 1, 0, 0
4999, 4000, 1, 0, 0
5099, 4960, 1, 0, 0
5199, 4200, 1, 0, 0
5300, 3960, 1, 0, 0
5400, 5280, 1, 0, 0
5499, 4000, 1, 0, 0
5599, 5280, 1, 0, 0
5699, 5280, 1, 0, 0
5799, 5280, 1, 0, 0
5899, 4000, 1, 0, 0
5999, 5000, 1, 0, 0
6099, 3960, 1, 0, 0
6199, 3960, 1, 0, 0
6299, 3040, 1, 0, 0
6399, 3880, 1, 0, 0
6499, 5000, 1, 0, 0
6599, 3920, 1, 0, 0
6699, 3960, 1, 0, 0
6799, 3960, 1, 0, 0
6900, 2720, 1, 0, 0
7000, 1320, 1, 0, 0
7100, 1320, 1, 0, 0
7200, 1320, 1, 0, 0
7300, 1320, 1, 0, 0
7400, 1320, 1, 0, 0
7499, 1292, 1, 0, 0
7599, 1320, 1, 0, 0
7699, 1320, 1, 0, 0
7799, 2640, 1, 0, 0
7900, 3960, 1, 0, 0
8000, 4000, 1, 0, 0
8100, 3960, 1, 0, 0
8200, 4000, 1, 0, 0
8300, 3960, 1, 0, 0
8400, 3960, 1, 0, 0
8499, 4000, 1, 0, 0
8599, 4000, 1, 0, 0
8699, 5280, 1, 0, 0
8799, 5280, 1, 0, 0
8899, 3920, 1, 0, 0
8999, 2720, 1, 0, 0
9099, 2640, 1, 0, 0
9199, 4200, 1, 0, 0
9299, 4000, 1, 0, 0
9400, 3960, 1, 0, 0
9500, 4280, 1, 0, 0
9600, 4080, 1, 0, 0
9700, 5240, 1, 0, 0
9800, 3160, 1, 0, 0
9900, 2640, 1, 0, 0
9999, 2666, 1, 0, 0
10099, 3640, 1, 0, 0
10199, 2640, 1, 0, 0
10299, 2880, 1, 0, 0
10399, 3960, 1, 0, 0
10499, 3920, 1, 0, 0
10599, 1360, 1, 0, 0
10699, 1320, 1, 0, 0
10800, 1320, 1, 0, 0
10900, 1320, 1, 0, 0
10999, 1333, 1, 0, 0
11099, 1320, 1, 0, 0
11199, 1320, 1, 0, 0
11299, 1480, 1, 0, 0
11399, 1320, 1, 0, 0
11499, 3960, 1, 0, 0
11599, 4000, 1, 0, 0
11699, 5280, 1, 0, 0
11799, 3400, 1, 0, 0
11899, 3160, 1, 0, 0
11999, 3440, 1, 0, 0
12099, 3160, 1, 0, 0
12199, 3960, 1, 0, 0
12300, 3960, 1, 0, 0
12400, 4000, 1, 0, 0
12499, 3474, 1, 0, 0
12599, 3240, 1, 0, 0
12699, 3440, 1, 0, 0
12799, 3200, 1, 0, 0
12899, 2760, 1, 0, 0
12999, 3600, 1, 0, 0
13099, 3040, 1, 0, 0
13199, 2640, 1, 0, 0
13299, 3640, 1, 0, 0
13399, 3720, 1, 0, 0
13499, 2880, 1, 0, 0
13599, 2640, 1, 0, 0
13699, 3800, 1, 0, 0
13800, 3960, 1, 0, 0
13900, 3960, 1, 0, 0
14000, 3920, 1, 0, 0
14100, 2600, 1, 0, 0
14200, 1360, 1, 0, 0
14300, 1280, 1, 0, 0
14400, 240, 1, 0, 0
14499, 1333, 1, 0, 0
14599, 1080, 1, 0, 0
14699, 1320, 1, 0, 0
14799, 240, 1, 0, 0
14899, 3960, 1, 0, 0
14999, 3960, 1, 0, 0
15099, 3960, 1, 0, 0
15200, 5240, 1, 0, 0
15300, 4120, 1, 0, 0
15400, 4880, 1, 0, 0
15499, 4000, 1, 0, 0
15599, 3960, 1, 0, 0
15699, 3960, 1, 0, 0
15799, 4400, 1, 0, 0
15899, 5200, 1, 0, 0
15999, 3960, 1, 0, 0
16099, 3960, 1, 0, 0
16199, 3960, 1, 0, 0
16299, 3960, 1, 0, 0
16399, 5360, 1, 0, 0
16499, 3960, 1, 0, 0
16599, 3960, 1, 0, 0
16699, 3760, 1, 0, 0
16800, 3960, 1, 0, 0
16900, 4080, 1, 0, 0
17000, 3920, 1, 0, 0
17100, 3960, 1, 0, 0
17200, 4080, 1, 0, 0
17300, 3560, 1, 0, 0
17400, 2640, 1, 0, 0
17499, 2666, 1, 0, 0
17599, 3080, 1, 0, 0
17699, 920, 1, 0, 0
17799, 400, 1, 0, 0
17899, 1320, 1, 0, 0
17999, 1000, 1, 0, 0
18099, 320, 1, 0, 0
18199, 1320, 1, 0, 0
18300, 2640, 1, 0, 0
18400, 1280, 1, 0, 0
18499, 40, 1, 0, 0
18599, 5240, 1, 0, 0
18699, 4000, 1, 0, 0
18799, 5280, 1, 0, 0
18899, 3960, 1, 0, 0
18999, 4000, 1, 0, 0
19099, 4120, 1, 0, 0
19199, 4040, 1, 0, 0
19299, 2960, 1, 0, 0
19399, 3640, 1, 0, 0
19499, 3240, 1, 0, 0
19599, 3440, 1, 0, 0
19700, 3240, 1, 0, 0
19800, 3360, 1, 0, 0
19900, 4080, 1, 0, 0
19999, 1858, 1, 0, 0
20099, 3960, 1, 0, 0
20199, 4000, 1, 0, 0
20299, 4280, 1, 0, 0
20399, 3960, 1, 0, 0
20499, 4000, 1, 0, 0
20599, 5160, 1, 0, 0
20699, 3960, 1, 0, 0
20799, 3960, 1, 0, 0
20899, 3920, 1, 0, 0
20999, 3960, 1, 0, 0
21099, 3960, 1, 0, 0
21200, 1360, 1, 0, 0
21300, 1360, 1, 0, 0
21400, 1320, 1, 0, 0
21499, 1333, 1, 0, 0
21599, 1360, 1, 0, 0
21699, 1400, 1, 0, 0
21799, 1320, 1, 0, 0
21899, 2600, 1, 0, 0
22000, 1360, 1, 0, 0
22100, 1320, 1, 0, 0
22200, 5280, 1, 0, 0
22300, 5240, 1, 0, 0
22400, 4000, 1, 0, 0
22499, 5333, 1, 0, 0
22599, 3960, 1, 0, 0
22699, 4400, 1, 0, 0
22799, 4880, 1, 0, 0
22899, 4880, 1, 0, 0
22999, 3000, 1, 0, 0
23099, 3680, 1, 0, 0
23199, 3960, 1, 0, 0
23299, 2680, 1, 0, 0
23399, 3960, 1, 0, 0
23500, 3080, 1, 0, 0
23600, 3800, 1, 0, 0
23700, 3960, 1, 0, 0
23800, 3960, 1, 0, 0
23900, 3960, 1, 0, 0
23999, 4040, 1, 0, 0
24099, 3920, 1, 0, 0
24199, 3920, 1, 0, 0
24299, 3960, 1, 0, 0
24399, 3960, 1, 0, 0
24499, 5240, 1, 0, 0
24599, 2680, 1, 0, 0
24699, 1320, 1, 0, 0
24799, 1320, 1, 0, 0
24899, 1320, 1, 0, 0
25000, 1320, 1, 0, 0
25100, 1320, 1, 0, 0
25200, 1280, 1, 0, 0
25300, 1320, 1, 0, 0
25400, 3920, 1, 0, 0
25499, 4000, 1, 0, 0
25599, 4400, 1, 0, 0
25699, 3960, 1, 0, 0
25799, 3960, 1, 0, 0
25899, 4400, 1, 0, 0
25999, 6360, 1, 0, 0
26099, 3920, 1, 0, 0
26200, 5320, 1, 0, 0
26300, 3960, 1, 0, 0
26400, 5280, 1, 0, 0
26499, 5292, 1, 0, 0
26599, 5280, 1, 0, 0
26699, 4000, 1, 0, 0
26799, 3960, 1, 0, 0
26899, 3960, 1, 0, 0
26999, 3920, 1, 0, 0
27099, 4000, 1, 0, 0
27199, 3960, 1, 0, 0
27299, 3960, 1, 0, 0
27399, 3960, 1, 0, 0
27499, 4800, 1, 0, 0
27599, 2720, 1, 0, 0
27700, 4000, 1, 0, 0
27800, 3960, 1, 0, 0
27900, 5160, 1, 0, 0
27999, 4000, 1, 0, 0
28099, 4280, 1, 0, 0
28199, 5320, 1, 0, 0
28299, 2720, 1, 0, 0
28399, 1320, 1, 0, 0
28499, 1320, 1, 0, 0
28599, 2640, 1, 0, 0
28699, 1280, 1, 0, 0
28799, 1360, 1, 0, 0
28900, 1320, 1, 0, 0
29000, 1320, 1, 0, 0
29100, 3960, 1, 0, 0
29200, 2600, 1, 0, 0
29300, 3960, 1, 0, 0
29400, 2760, 1, 0, 0
29499, 4000, 1, 0, 0
29599, 3960, 1, 0, 0
29699, 2720, 1, 0, 0
29799, 5280, 1, 0, 0
29899, 5320, 1, 0, 0
29999, 3960, 1, 0, 0
30099, 5240, 1, 0, 0
30200, 4000, 1, 0, 0
30300, 5280, 1, 0, 0
30400, 5280, 1, 0, 0
30499, 5333, 1, 0, 0
30599, 3960, 1, 0, 0
30699, 4920, 1, 0, 0
30799, 2960, 1, 0, 0
30899, 3640, 1, 0, 0
30999, 5200, 1, 0, 0
31099, 4000, 1, 0, 0
31199, 4080, 1, 0, 0
31299, 4080, 1, 0, 0
31399, 3960, 1, 0, 0
31499, 4800, 1, 0, 0
31599, 3000, 1, 0, 0
31700, 3720, 1, 0, 0
31800, 3960, 1, 0, 0
31900, 3000, 1, 0, 0
31999, 2666, 1, 0, 0
32099, 1320, 1, 0, 0
32199, 1320, 1, 0, 0
32299, 960, 1, 0, 0
32399, 1320, 1, 0, 0
32499, 360, 1, 0, 0
32799, 960, 1, 0, 0
33000, 360, 1, 0, 0
33100, 2640, 1, 0, 0
33200, 3760, 1, 0, 0
33300, 3000, 1, 0, 0
33400, 6440, 1, 0, 0
33499, 4000, 1, 0, 0
33599, 5080, 1, 0, 0
33699, 3960, 1, 0, 0
33799, 2720, 1, 0, 0
33899, 3960, 1, 0, 0
33999, 3960, 1, 0, 0
34099, 3920, 1, 0, 0
34199, 4120, 1, 0, 0
34299, 4240, 1, 0, 0
34400, 3920, 1, 0, 0
34500, 4040, 1, 0, 0
34600, 3960, 1, 0, 0
34700, 5240, 1, 0, 0
34800, 2680, 1, 0, 0
34900, 2840, 1, 0, 0
34999, 3959, 1, 0, 0
35099, 3120, 1, 0, 0
35199, 2640, 1, 0, 0
35299, 3520, 1, 0, 0
35399, 3080, 1, 0, 0
35499, 2200, 1, 0, 0
35599, 480, 1, 0, 0
35699, 840, 1, 0, 0
35800, 1320, 1, 0, 0
35900, 1360, 1, 0, 0
35999, 444, 1, 0, 0
36099, 1320, 1, 0, 0
36199, 920, 1, 0, 0
36299, 1760, 1, 0, 0
36399, 2600, 1, 0, 0
36499, 4040, 1, 0, 0
36599, 3960, 1, 0, 0
36699, 3920, 1, 0, 0
36799, 3960, 1, 0, 0
36899, 3960, 1, 0, 0
36999, 4000, 1, 0, 0
37099, 4000, 1, 0, 0
37199, 3920, 1, 0, 0
37300, 3960, 1, 0, 0
37400, 3960, 1, 0, 0
37499, 4000, 1, 0, 0
37599, 4000, 1, 0, 0
37699, 4160, 1, 0, 0
37799, 3960, 1, 0, 0
37899, 4160, 1, 0, 0
37999, 3960, 1, 0, 0
38099, 3920, 1, 0, 0
38199, 3960, 1, 0, 0
38299, 2680, 1, 0, 0
38399, 4000, 1, 0, 0
38499, 4320, 1, 0, 0
38600, 5160, 1, 0, 0
38700, 2720, 1, 0, 0
38800, 3960, 1, 0, 0
38900, 5200, 1, 0, 0
38999, 1535, 1, 0, 0
39099, 1440, 1, 0, 0
39199, 1320, 1, 0, 0
39299, 1320, 1, 0, 0
39399, 1320, 1, 0, 0
39499, 1320, 1, 0, 0
39599, 1320, 1, 0, 0
39699, 1320, 1, 0, 0
39800, 1320, 1, 0, 0
39900, 1320, 1, 0, 0
39999, 5252, 1, 0, 0
40099, 4040, 1, 0, 0
40199, 4000, 1, 0, 0
40299, 5280, 1, 0, 0
40399, 5280, 1, 0, 0
40499, 3960, 1, 0, 0
40599, 5280, 1, 0, 0
40699, 3960, 1, 0, 0
40800, 3960, 1, 0, 0
40900, 6040, 1, 0, 0
40999, 4565, 1, 0, 0
41099, 5280, 1, 0, 0
41199, 3960, 1, 0, 0
41299, 2640, 1, 0, 0
41399, 3000, 1, 0, 0
41499, 2640, 1, 0, 0
41599, 2640, 1, 0, 0
41699, 3640, 1, 0, 0
41799, 2640, 1, 0, 0
41899, 2640, 1, 0, 0
41999, 2920, 1, 0, 0
42099, 2680, 1, 0, 0
42199, 3960, 1, 0, 0
42300, 2680, 1, 0, 0
42400, 1320, 1, 0, 0
42500, 1320, 1, 0, 0
42600, 1360, 1, 0, 0
42700, 2600, 1, 0, 0
42800, 1280, 1, 0, 0
42900, 1360, 1, 0, 0
42999, 1333, 1, 0, 0
43099, 2640, 1, 0, 0
43199, 5240, 1, 0, 0
43299, 2880, 1, 0, 0
43399, 4040, 1, 0, 0
43499, 5280, 1, 0, 0
43599, 5280, 1, 0, 0
43699, 3960, 1, 0, 0
43800, 3960, 1, 0, 0
43900, 5240, 1, 0, 0
43999, 3959, 1, 0, 0
44099, 4000, 1, 0, 0
44199, 3920, 1, 0, 0
44299, 3960, 1, 0, 0
44399, 3960, 1, 0, 0
44499, 3960, 1, 0, 0
44599, 4000, 1, 0, 0
44699, 3920, 1, 0, 0
44799, 2880, 1, 0, 0
44899, 5240, 1, 0, 0
44999, 3560, 1, 0, 0
45099, 3040, 1, 0, 0
45199, 3600, 1, 0, 0
45299, 3960, 1, 0, 0
45399, 4200, 1, 0, 0
45500, 4000, 1, 0, 0
45600, 4160, 1, 0, 0
45700, 240, 1, 0, 0
45800, 1560, 1, 0, 0
45900, 2160, 1, 0, 0
45999, 282, 1, 0, 0
46099, 1120, 1, 0, 0
46199, 1320, 1, 0, 0
46299, 1520, 1, 0, 0
46399, 1320, 1, 0, 0
46499, 1320, 1, 0, 0
46599, 3960, 1, 0, 0
46699, 3920, 1, 0, 0
46800, 2960, 1, 0, 0
46900, 3960, 1, 0, 0
46999, 3717, 1, 0, 0
47099, 3000, 1, 0, 0
47199, 3960, 1, 0, 0
47299, 3960, 1, 0, 0
47399, 3600, 1, 0, 0
47499, 3040, 1, 0, 0
47599, 3720, 1, 0, 0
47699, 2920, 1, 0, 0
47799, 2640, 1, 0, 0
47899, 5240, 1, 0, 0
47999, 5280, 1, 0, 0
48099, 4520, 1, 0, 0
48199, 2640, 1, 0, 0
48299, 3360, 1, 0, 0
48399, 2640, 1, 0, 0
48500, 4040, 1, 0, 0
48600, 3320, 1, 0, 0
48700, 3280, 1, 0, 0
48800, 4160, 1, 0, 0
48900, 3160, 1, 0, 0
48999, 3636, 1, 0, 0
49099, 3040, 1, 0, 0
49199, 2240, 1, 0, 0
49299, 400, 1, 0, 0
49399, 1320, 1, 0, 0
49499, 960, 1, 0, 0
49599, 1320, 1, 0, 0
49699, 1320, 1, 0, 0
49800, 1360, 1, 0, 0
49900, 1640, 1, 0, 0
50000, 3720, 1, 0, 0
50100, 4040, 1, 0, 0
50200, 4000, 1, 0, 0
50300, 4120, 1, 0, 0
50400, 4000, 1, 0, 0
50499, 3959, 1, 0, 0
50599, 3960, 1, 0, 0
50699, 3960, 1, 0, 0
50799, 3960, 1, 0, 0
50899, 3920, 1, 0, 0
50999, 3960, 1, 0, 0
51099, 3960, 1, 0, 0
51199, 3960, 1, 0, 0
51299, 3760, 1, 0, 0
51399, 4120, 1, 0, 0
51500, 3960, 1, 0, 0
51600, 3960, 1, 0, 0
51700, 3920, 1, 0, 0
51800, 3960, 1, 0, 0
51900, 3960, 1, 0, 0
51999, 4000, 1, 0, 0
52099, 2680, 1, 0, 0
52199, 3960, 1, 0, 0
52299, 4120, 1, 0, 0
52399, 5240, 1, 0, 0
52499, 2720, 1, 0, 0
52599, 5280, 1, 0, 0
52699, 3960, 1, 0, 0
52799, 4000, 1, 0, 0
52899, 640, 1, 0, 0
52999, 1320, 1, 0, 0
53099, 720, 1, 0, 0
53200, 1320, 1, 0, 0
53300, 600, 1, 0, 0
53400, 1320, 1, 0, 0
53499, 727, 1, 0, 0
53599, 1320, 1, 0, 0
53699, 1320, 1, 0, 0
53799, 2680, 1, 0, 0
53899, 2640, 1, 0, 0
53999, 3280, 1, 0, 0
54099, 3360, 1, 0, 0
54199, 3960, 1, 0, 0
54299, 3920, 1, 0, 0
54399, 3200, 1, 0, 0
54499, 3960, 1, 0, 0
54599, 3400, 1, 0, 0
54699, 3960, 1, 0, 0
54800, 3960, 1, 0, 0
54900, 3960, 1, 0, 0
54999, 3919, 1, 0, 0
55099, 4360, 1, 0, 0
55199, 2640, 1, 0, 0
55299, 3560, 1, 0, 0
55399, 2680, 1, 0, 0
55499, 3000, 1, 0, 0
55599, 2640, 1, 0, 0
55699, 2640, 1, 0, 0
55799, 3920, 1, 0, 0
55899, 2680, 1, 0, 0
55999, 2920, 1, 0, 0
56099, 2640, 1, 0, 0
56199, 2640, 1, 0, 0
56300, 2640, 1, 0, 0
56400, 2440, 1, 0, 0
56499, 202, 1, 0, 0
56599, 1320, 1, 0, 0
56699, 1320, 1, 0, 0
56799, 1320, 1, 0, 0
56899, 1360, 1, 0, 0
56999, 1320, 1, 0, 0
57099, 1640, 1, 0, 0
57199, 1320, 1, 0, 0
57300, 2640, 1, 0, 0
57400, 3960, 1, 0, 0
57499, 4000, 1, 0, 0
57599, 4000, 1, 0, 0
57699, 3960, 1, 0, 0
57799, 4000, 1, 0, 0
57899, 2720, 1, 0, 0
57999, 3960, 1, 0, 0
58099, 3920, 1, 0, 0
58199, 3920, 1, 0, 0
58299, 5200, 1, 0, 0
58399, 3960, 1, 0, 0
58499, 3880, 1, 0, 0
58599, 4040, 1, 0, 0
58699, 5120, 1, 0, 0
58800, 3960, 1, 0, 0
58900, 3920, 1, 0, 0
58999, 3070, 1, 0, 0
59099, 3560, 1, 0, 0
59199, 2960, 1, 0, 0
59299, 3920, 1, 0, 0
59399, 3960, 1, 0, 0
59499, 4000, 1, 0, 0
59599, 3960, 1, 0, 0
59699, 3960, 1, 0, 0
59799, 2680, 1, 0, 0
59899, 5240, 1, 0, 0
59999, 40, 1, 0, 0
60099, 1320, 1, 0, 0
60200, 2640, 1, 0, 0
60300, 1280, 1, 0, 0
60400, 1320, 1, 0, 0
60499, 1373, 1, 0, 0
60599, 1320, 1, 0, 0
60699, 1320, 1, 0, 0
60799, 2720, 1, 0, 0
60899, 4160, 1, 0, 0
60999, 4000, 1, 0, 0
61099, 5320, 1, 0, 0
61199, 3960, 1, 0, 0
61299, 3960, 1, 0, 0
61399, 5200, 1, 0, 0
61500, 3960, 1, 0, 0
61600, 5200, 1, 0, 0
61700, 2920, 1, 0, 0
61800, 5240, 1, 0, 0
61900, 3960, 1, 0, 0
61999, 2707, 1, 0, 0
62099, 3960, 1, 0, 0
62199, 5200, 1, 0, 0
62299, 2720, 1, 0, 0
62399, 3960, 1, 0, 0
62499, 3960, 1, 0, 0
62599, 5240, 1, 0, 0
62699, 3960, 1, 0, 0
62799, 3960, 1, 0, 0
62899, 3960, 1, 0, 0
62999, 4000, 1, 0, 0
63100, 3960, 1, 0, 0
63200, 4400, 1, 0, 0
63300, 3960, 1, 0, 0
63400, 4960, 1, 0, 0
63499, 2707, 1, 0, 0
63599, 1320, 1, 0, 0
63699, 1320, 1, 0, 0
63799, 1320, 1, 0, 0
63899, 1320, 1, 0, 0
63999, 1320, 1, 0, 0
64099, 1720, 1, 0, 0
64199, 40, 1, 0, 0
64299, 1360, 1, 0, 0
64399, 2640, 1, 0, 0
64499, 3960, 1, 0, 0
64600, 3960, 1, 0, 0
64700, 5120, 1, 0, 0
64800, 3960, 1, 0, 0
64900, 4040, 1, 0, 0
64999, 2949, 1, 0, 0
65099, 4040, 1, 0, 0
65199, 5160, 1, 0, 0
65299, 4000, 1, 0, 0
65399, 4000, 1, 0, 0
65499, 3960, 1, 0, 0
65599, 3960, 1, 0, 0
65699, 3960, 1, 0, 0
65799, 5200, 1, 0, 0
65899, 3960, 1, 0, 0
66000, 3960, 1, 0, 0
66100, 3960, 1, 0, 0
66200, 3960, 1, 0, 0
66300, 3960, 1, 0, 0
66400, 4040, 1, 0, 0
66499, 2828, 1, 0, 0
66599, 3920, 1, 0, 0
66699, 2800, 1, 0, 0
66799, 3960, 1, 0, 0
66899, 5280, 1, 0, 0
66999, 2640, 1, 0, 0
67099, 1320, 1, 0, 0
67200, 1320, 1, 0, 0
67300, 1320, 1, 0, 0
67400, 1320, 1, 0, 0
67499, 2626, 1, 0, 0
67599, 40, 1, 0, 0
67699, 1320, 1, 0, 0
67799, 2640, 1, 0, 0
67899, 1320, 1, 0, 0
67999, 5200, 1, 0, 0
68099, 3920, 1, 0, 0
68199, 3960, 1, 0, 0
68300, 3920, 1, 0, 0
68400, 3920, 1, 0, 0
68499, 5292, 1, 0, 0
68599, 3960, 1, 0, 0
68699, 3960, 1, 0, 0
68799, 2680, 1, 0, 0
68899, 5240, 1, 0, 0
68999, 3920, 1, 0, 0
69099, 2760, 1, 0, 0
69199, 3920, 1, 0, 0
69299, 2680, 1, 0, 0
69399, 3960, 1, 0, 0
69500, 3920, 1, 0, 0
69600, 3480, 1, 0, 0
69700, 2640, 1, 0, 0
69800, 3520, 1, 0, 0
69900, 2640, 1, 0, 0
69999, 2666, 1, 0, 0
70099, 3080, 1, 0, 0
70199, 3520, 1, 0, 0
70299, 3920, 1, 0, 0
70399, 3960, 1, 0, 0
70499, 2840, 1, 0, 0
70599, 1320, 1, 0, 0
70699, 1320, 1, 0, 0
70800, 1320, 1, 0, 0
70900, 1320, 1, 0, 0
70999, 1333, 1, 0, 0
71099, 1320, 1, 0, 0
71199, 1920, 1, 0, 0
71299, 3160, 1, 0, 0
71399, 4040, 1, 0, 0
71499, 3920, 1, 0, 0
71599, 5200, 1, 0, 0
71699, 2680, 1, 0, 0
71800, 5360, 1, 0, 0
71900, 4000, 1, 0, 0
72000, 5280, 1, 0, 0
72100, 5280, 1, 0, 0
72200, 4040, 1, 0, 0
72300, 5280, 1, 0, 0
72400, 4120, 1, 0, 0
72499, 5333, 1, 0, 0
72599, 4840, 1, 0, 0
72699, 3160, 1, 0, 0
72799, 3960, 1, 0, 0
72899, 3960, 1, 0, 0
72999, 3720, 1, 0, 0
73099, 3960, 1, 0, 0
73199, 4360, 1, 0, 0
73299, 3600, 1, 0, 0
73399, 3960, 1, 0, 0
73500, 4120, 1, 0, 0
73600, 3960, 1, 0, 0
73700, 4840, 1, 0, 0
73800, 3960, 1, 0, 0
73900, 4000, 1, 0, 0
73999, 4000, 1, 0, 0
74099, 3960, 1, 0, 0
74199, 1720, 1, 0, 0
74299, 1320, 1, 0, 0
74399, 1320, 1, 0, 0
74499, 1320, 1, 0, 0
74599, 1320, 1, 0, 0
74699, 1320, 1, 0, 0
74800, 1320, 1, 0, 0
74900, 920, 1, 0, 0
74999, 1737, 1, 0, 0
75099, 1320, 1, 0, 0
75199, 2640, 1, 0, 0
75299, 3560, 1, 0, 0
75399, 5240, 1, 0, 0
75499, 4000, 1, 0, 0
75599, 3040, 1, 0, 0
75699, 3520, 1, 0, 0
75799, 2640, 1, 0, 0
75899, 3120, 1, 0, 0
75999, 3520, 1, 0, 0
76100, 2640, 1, 0, 0
76200, 3080, 1, 0, 0
76300, 5280, 1, 0, 0
76400, 3960, 1, 0, 0
76499, 4929, 1, 0, 0
76599, 3040, 1, 0, 0
76699, 2640, 1, 0, 0
76799, 3960, 1, 0, 0
76899, 5280, 1, 0, 0
76999, 5360, 1, 0, 0
77099, 3960, 1, 0, 0
77199, 3920, 1, 0, 0
77299, 3360, 1, 0, 0
77399, 2800, 1, 0, 0
77499, 3080, 1, 0, 0
77599, 3720, 1, 0, 0
77700, 1320, 1, 0, 0
77800, 1360, 1, 0, 0
77900, 400, 1, 0, 0
77999, 1333, 1, 0, 0
78099, 1320, 1, 0, 0
78199, 960, 1, 0, 0
78299, 1360, 1, 0, 0
78399, 320, 1, 0, 0
78499, 1320, 1, 0, 0
78599, 2320, 1, 0, 0
78699, 3960, 1, 0, 0
78800, 2640, 1, 0, 0
78900, 3960, 1, 0, 0
78999, 2666, 1, 0, 0
79099, 3000, 1, 0, 0
79199, 3600, 1, 0, 0
79299, 2640, 1, 0, 0
79399, 5320, 1, 0, 0
79499, 4080, 1, 0, 0
79599, 4000, 1, 0, 0
79699, 5280, 1, 0, 0
79799, 5280, 1, 0, 0
79899, 4040, 1, 0, 0
79999, 4000, 1, 0, 0
80099, 5280, 1, 0, 0
80200, 3960, 1, 0, 0
80300, 5280, 1, 0, 0
80400, 3960, 1, 0, 0
80499, 2828, 1, 0, 0
80599, 4040, 1, 0, 0
80699, 3560, 1, 0, 0
80799, 3080, 1, 0, 0
80899, 3920, 1, 0, 0
80999, 3600, 1, 0, 0
81099, 3960, 1, 0, 0
81199, 1440, 1, 0, 0
81299, 1320, 1, 0, 0
81400, 1360, 1, 0, 0
81500, 1320, 1, 0, 0
81600, 200, 1, 0, 0
81700, 1360, 1, 0, 0
81800, 1320, 1, 0, 0
81900, 1280, 1, 0, 0
81999, 1373, 1, 0, 0
82099, 3240, 1, 0, 0
82199, 5120, 1, 0, 0
82299, 3920, 1, 0, 0
82399, 4360, 1, 0, 0
82499, 4560, 1, 0, 0
82600, 3920, 1, 0, 0
82700, 4240, 1, 0, 0
82800, 3720, 1, 0, 0
82900, 3960, 1, 0, 0
82999, 4040, 1, 0, 0
83099, 5080, 1, 0, 0
83199, 4000, 1, 0, 0
83299, 3920, 1, 0, 0
83399, 2760, 1, 0, 0
83499, 4200, 1, 0, 0
83599, 3960, 1, 0, 0
83699, 4040, 1, 0, 0
83799, 4000, 1, 0, 0
83899, 3920, 1, 0, 0
83999, 3920, 1, 0, 0
84099, 4040, 1, 0, 0
84199, 4000, 1, 0, 0
84300, 3680, 1, 0, 0
84400, 4000, 1, 0, 0
84499, 2868, 1, 0, 0
84599, 3760, 1, 0, 0
84699, 1320, 1, 0, 0
84799, 1320, 1, 0, 0
84899, 1320, 1, 0, 0
84999, 200, 1, 0, 0
85099, 1320, 1, 0, 0
85199, 1160, 1, 0, 0
85299, 1320, 1, 0, 0
85399, 1520, 1, 0, 0
85499, 3960, 1, 0, 0
85599, 5280, 1, 0, 0
85699, 3960, 1, 0, 0
85800, 4920, 1, 0, 0
85900, 4000, 1, 0, 0
85999, 5252, 1, 0, 0
86099, 2680, 1, 0, 0
86199, 3960, 1, 0, 0
86299, 5240, 1, 0, 0
86399, 3960, 1, 0, 0
86499, 3960, 1, 0, 0
86599, 4000, 1, 0, 0
86699, 3400, 1, 0, 0
86799, 2640, 1, 0, 0
86900, 3280, 1, 0, 0
87000, 2720, 1, 0, 0
87100, 3360, 1, 0, 0
87200, 3280, 1, 0, 0
87300, 2640, 1, 0, 0
87400, 2640, 1, 0, 0
87499, 2747, 1, 0, 0
87599, 3360, 1, 0, 0
87699, 3240, 1, 0, 0
87799, 3080, 1, 0, 0
87899, 2640, 1, 0, 0
87999, 3960, 1, 0, 0
88099, 3000, 1, 0, 0
88199, 4920, 1, 0, 0
88299, 3960, 1, 0, 0
88399, 2640, 1, 0, 0
88500, 1280, 1, 0, 0
88600, 1320, 1, 0, 0
88700, 1320, 1, 0, 0
88800, 40, 1, 0, 0
88900, 1320, 1, 0, 0
88999, 1333, 1, 0, 0
89099, 1320, 1, 0, 0
89199, 1320, 1, 0, 0
89299, 1320, 1, 0, 0
89399, 3960, 1, 0, 0
89499, 3960, 1, 0, 0
89599, 3960, 1, 0, 0
89699, 5280, 1, 0, 0
89800, 4000, 1, 0, 0
89900, 3960, 1, 0, 0
89999, 4080, 1, 0, 0
