250, 46720, 0, 0, 0
350, 47680, 0, 0, 0
450, 43840, 0, 0, 0
550, 48640, 0, 0, 0
650, 46720, 0, 0, 0
749, 40727, 0, 0, 0
849, 48000, 0, 0, 0
949, 46720, 0, 0, 0
1049, 40000, 0, 0, 0
1149, 48640, 0, 0, 0
1249, 47040, 0, 0, 0
1349, 48320, 0, 0, 0
1450, 45120, 0, 0, 0
1550, 49280, 0, 0, 0
1650, 40960, 0, 0, 0
1749, 44282, 0, 0, 0
1849, 48000, 0, 0, 0
1949, 48960, 0, 0, 0
2049, 44480, 0, 0, 0
2149, 42240, 0, 0, 0
2249, 47680, 0, 0, 0
2349, 44480, 0, 0, 0
2449, 47040, 0, 0, 0
2549, 48000, 0, 0, 0
2649, 45120, 0, 0, 0
2750, 48320, 0, 0, 0
2850, 46720, 0, 0, 0
2950, 44160, 0, 0, 0
3050, 48320, 0, 0, 0
3150, 49600, 0, 0, 0
3249, 47838, 0, 0, 0
3349, 47680, 0, 0, 0
3449, 48960, 0, 0, 0
3549, 47680, 0, 0, 0
3649, 49280, 0, 0, 0
3749, 48640, 0, 0, 0
3849, 47360, 0, 0, 0
3950, 48320, 0, 0, 0
4050, 48960, 0, 0, 0
4150, 47680, 0, 0, 0
4249, 48484, 0, 0, 0
4349, 49280, 0, 0, 0
4449, 49600, 0, 0, 0
4549, 48000, 0, 0, 0
4649, 46080, 0, 0, 0
4749, 47680, 0, 0, 0
4849, 48640, 0, 0, 0
4949, 41920, 0, 0, 0
5049, 48640, 0, 0, 0
5149, 48960, 0, 0, 0
5250, 48960, 0, 0, 0
5350, 50880, 0, 0, 0
5450, 48960, 0, 0, 0
5550, 49600, 0, 0, 0
5650, 47680, 0, 0, 0
5749, 44929, 0, 0, 0
5849, 44800, 0, 0, 0
5949, 46080, 0, 0, 0
6049, 47680, 0, 0, 0
6149, 46400, 0, 0, 0
6249, 49280, 0, 0, 0
6349, 48000, 0, 0, 0
6450, 50240, 0, 0, 0
6550, 50560, 0, 0, 0
6650, 48960, 0, 0, 0
6749, 48484, 0, 0, 0
6849, 46400, 0, 0, 0
6949, 48000, 0, 0, 0
7049, 48320, 0, 0, 0
7149, 49920, 0, 0, 0
7249, 44800, 0, 0, 0
7349, 47040, 0, 0, 0
7449, 46720, 0, 0, 0
7549, 45760, 0, 0, 0
7650, 48960, 0, 0, 0
7749, 48808, 0, 0, 0
7849, 48000, 0, 0, 0
7949, 48640, 0, 0, 0
8049, 47360, 0, 0, 0
8149, 51520, 0, 0, 0
8249, 48640, 0, 0, 0
8349, 47680, 0, 0, 0
8449, 51840, 0, 0, 0
8549, 48320, 0, 0, 0
8649, 47040, 0, 0, 0
8750, 46080, 0, 0, 0
8850, 44160, 0, 0, 0
8950, 46400, 0, 0, 0
9050, 49920, 0, 0, 0
9150, 50240, 0, 0, 0
9249, 49131, 0, 0, 0
9349, 48000, 0, 0, 0
9449, 49600, 0, 0, 0
9549, 47680, 0, 0, 0
9649, 49280, 0, 0, 0
9749, 45120, 0, 0, 0
9849, 48320, 0, 0, 0
9949, 47360, 0, 0, 0
10050, 47360, 0, 0, 0
10150, 44800, 0, 0, 0
10249, 46868, 0, 0, 0
10349, 46400, 0, 0, 0
10449, 46400, 0, 0, 0
10549, 48000, 0, 0, 0
10649, 47040, 0, 0, 0
10749, 50560, 0, 0, 0
10849, 49280, 0, 0, 0
10949, 49600, 0, 0, 0
11049, 48320, 0, 0, 0
11149, 48000, 0, 0, 0
11250, 43200, 0, 0, 0
11350, 44160, 0, 0, 0
11450, 48960, 0, 0, 0
11550, 47040, 0, 0, 0
11650, 46720, 0, 0, 0
11749, 47838, 0, 0, 0
11849, 48960, 0, 0, 0
11949, 49600, 0, 0, 0
12049, 48000, 0, 0, 0
12149, 47680, 0, 0, 0
12249, 48320, 0, 0, 0
12349, 48000, 0, 0, 0
12449, 48960, 0, 0, 0
12550, 50560, 0, 0, 0
12650, 44480, 0, 0, 0
12749, 48161, 0, 0, 0
12849, 43520, 0, 0, 0
12949, 50880, 0, 0, 0
13049, 48320, 0, 0, 0
13149, 46080, 0, 0, 0
13249, 45440, 0, 0, 0
13349, 46720, 0, 0, 0
13449, 41600, 0, 0, 0
13549, 40960, 0, 0, 0
13649, 44800, 0, 0, 0
13750, 44800, 0, 0, 0
13850, 45120, 0, 0, 0
13950, 41920, 0, 0, 0
14050, 49920, 0, 0, 0
14150, 47680, 0, 0, 0
14249, 49777, 0, 0, 0
14349, 46720, 0, 0, 0
14449, 48640, 0, 0, 0
14549, 45760, 0, 0, 0
14649, 49600, 0, 0, 0
14749, 45440, 0, 0, 0
14849, 46080, 0, 0, 0
14949, 45760, 0, 0, 0
15050, 47680, 0, 0, 0
15150, 49600, 0, 0, 0
15249, 45898, 0, 0, 0
15349, 45440, 0, 0, 0
15449, 48640, 0, 0, 0
15549, 48000, 0, 0, 0
15649, 48320, 0, 0, 0
15749, 45440, 0, 0, 0
15849, 46080, 0, 0, 0
15949, 43840, 0, 0, 0
16049, 48960, 0, 0, 0
16149, 48000, 0, 0, 0
16250, 48960, 0, 0, 0
16350, 48320, 0, 0, 0
16450, 48000, 0, 0, 0
16550, 45760, 0, 0, 0
16650, 48640, 0, 0, 0
16749, 44606, 0, 0, 0
16849, 45120, 0, 0, 0
16949, 46080, 0, 0, 0
17049, 47360, 0, 0, 0
17149, 45760, 0, 0, 0
17249, 48000, 0, 0, 0
17349, 47680, 0, 0, 0
17449, 50560, 0, 0, 0
17550, 47360, 0, 0, 0
17650, 44800, 0, 0, 0
17749, 47515, 0, 0, 0
17849, 47360, 0, 0, 0
17949, 48320, 0, 0, 0
18049, 48320, 0, 0, 0
18149, 48320, 0, 0, 0
18249, 47040, 0, 0, 0
18349, 48000, 0, 0, 0
18449, 45760, 0, 0, 0
18549, 47680, 0, 0, 0
18649, 48960, 0, 0, 0
18749, 42880, 0, 0, 0
18849, 47680, 0, 0, 0
18950, 50880, 0, 0, 0
19050, 49920, 0, 0, 0
19150, 49600, 0, 0, 0
19249, 47838, 0, 0, 0
19349, 48000, 0, 0, 0
19449, 47040, 0, 0, 0
19549, 46400, 0, 0, 0
19649, 48000, 0, 0, 0
19749, 48000, 0, 0, 0
19849, 46400, 0, 0, 0
19949, 48320, 0, 0, 0
20050, 48000, 0, 0, 0
20150, 45760, 0, 0, 0
20249, 46868, 0, 0, 0
20349, 46400, 0, 0, 0
20449, 46720, 0, 0, 0
20549, 43840, 0, 0, 0
20649, 36480, 0, 0, 0
20749, 48320, 0, 0, 0
20849, 47040, 0, 0, 0
20949, 44800, 0, 0, 0
21049, 48960, 0, 0, 0
21149, 47680, 0, 0, 0
21250, 45760, 0, 0, 0
21350, 44480, 0, 0, 0
21450, 41280, 0, 0, 0
21550, 49600, 0, 0, 0
21650, 47360, 0, 0, 0
21749, 46545, 0, 0, 0
21849, 48000, 0, 0, 0
21949, 45760, 0, 0, 0
22049, 49600, 0, 0, 0
22149, 49600, 0, 0, 0
22249, 47360, 0, 0, 0
22349, 41600, 0, 0, 0
22450, 43520, 0, 0, 0
22550, 46080, 0, 0, 0
22650, 47360, 0, 0, 0
22749, 46545, 0, 0, 0
22849, 45440, 0, 0, 0
22949, 45760, 0, 0, 0
23049, 44480, 0, 0, 0
23149, 47680, 0, 0, 0
23249, 43840, 0, 0, 0
23349, 43520, 0, 0, 0
23449, 48000, 0, 0, 0
23549, 46720, 0, 0, 0
23650, 42560, 0, 0, 0
23749, 43636, 0, 0, 0
23849, 45120, 0, 0, 0
23949, 46720, 0, 0, 0
24049, 46080, 0, 0, 0
24149, 47040, 0, 0, 0
24249, 48320, 0, 0, 0
24349, 47680, 0, 0, 0
24449, 46080, 0, 0, 0
24549, 47680, 0, 0, 0
24649, 48000, 0, 0, 0
24750, 48000, 0, 0, 0
24850, 46400, 0, 0, 0
24950, 43200, 0, 0, 0
25050, 47360, 0, 0, 0
25150, 48320, 0, 0, 0
25249, 46222, 0, 0, 0
25349, 45760, 0, 0, 0
25449, 45440, 0, 0, 0
25549, 48640, 0, 0, 0
25649, 40960, 0, 0, 0
25749, 49920, 0, 0, 0
25849, 46720, 0, 0, 0
25950, 46400, 0, 0, 0
26050, 47040, 0, 0, 0
26150, 46080, 0, 0, 0
26249, 45898, 0, 0, 0
26349, 48000, 0, 0, 0
26449, 46720, 0, 0, 0
26549, 46720, 0, 0, 0
26649, 44480, 0, 0, 0
26749, 46720, 0, 0, 0
26849, 47040, 0, 0, 0
26949, 45120, 0, 0, 0
27049, 47040, 0, 0, 0
27150, 47040, 0, 0, 0
27249, 48161, 0, 0, 0
27349, 48640, 0, 0, 0
27449, 49280, 0, 0, 0
27549, 48320, 0, 0, 0
27649, 49600, 0, 0, 0
27749, 44480, 0, 0, 0
27849, 48000, 0, 0, 0
27949, 41920, 0, 0, 0
28049, 47040, 0, 0, 0
28149, 47040, 0, 0, 0
28249, 48640, 0, 0, 0
28350, 45440, 0, 0, 0
28450, 47040, 0, 0, 0
28550, 46400, 0, 0, 0
28650, 48000, 0, 0, 0
28749, 47515, 0, 0, 0
28849, 47680, 0, 0, 0
28949, 48000, 0, 0, 0
29049, 48640, 0, 0, 0
29149, 44160, 0, 0, 0
29249, 47680, 0, 0, 0
29349, 46400, 0, 0, 0
29449, 46080, 0, 0, 0
29550, 46720, 0, 0, 0
29650, 45440, 0, 0, 0
29749, 44929, 0, 0, 0
29849, 39680, 0, 0, 0
29949, 40640, 0, 0, 0
30049, 43840, 0, 0, 0
30149, 47360, 0, 0, 0
30249, 40960, 0, 0, 0
30349, 39360, 0, 0, 0
30449, 47360, 0, 0, 0
30549, 43520, 0, 0, 0
30649, 44800, 0, 0, 0
30750, 50880, 0, 0, 0
30850, 43200, 0, 0, 0
30950, 46400, 0, 0, 0
31050, 47680, 0, 0, 0
31150, 45760, 0, 0, 0
31249, 43636, 0, 0, 0
31349, 45760, 0, 0, 0
31449, 44160, 0, 0, 0
31549, 50560, 0, 0, 0
31649, 47680, 0, 0, 0
31749, 48320, 0, 0, 0
31849, 46720, 0, 0, 0
31949, 40640, 0, 0, 0
32049, 45760, 0, 0, 0
32150, 47040, 0, 0, 0
32249, 45252, 0, 0, 0
32349, 46400, 0, 0, 0
32449, 47360, 0, 0, 0
32549, 46400, 0, 0, 0
32649, 46720, 0, 0, 0
32749, 48960, 0, 0, 0
32849, 48320, 0, 0, 0
32949, 46400, 0, 0, 0
33049, 48640, 0, 0, 0
33149, 46720, 0, 0, 0
33250, 46400, 0, 0, 0
33350, 48320, 0, 0, 0
33450, 48000, 0, 0, 0
33550, 47040, 0, 0, 0
33650, 48320, 0, 0, 0
33749, 42020, 0, 0, 0
33849, 45760, 0, 0, 0
33949, 48960, 0, 0, 0
34049, 49280, 0, 0, 0
34149, 49280, 0, 0, 0
34249, 44800, 0, 0, 0
34349, 43520, 0, 0, 0
34449, 49280, 0, 0, 0
34550, 46720, 0, 0, 0
34650, 47040, 0, 0, 0
34749, 46868, 0, 0, 0
34849, 48000, 0, 0, 0
34949, 46400, 0, 0, 0
35049, 46720, 0, 0, 0
35149, 48320, 0, 0, 0
35249, 44800, 0, 0, 0
35349, 42880, 0, 0, 0
35449, 46400, 0, 0, 0
35549, 43520, 0, 0, 0
35650, 48640, 0, 0, 0
35749, 47515, 0, 0, 0
35849, 41920, 0, 0, 0
35949, 45440, 0, 0, 0
36049, 48000, 0, 0, 0
36149, 47680, 0, 0, 0
36249, 47360, 0, 0, 0
36349, 48320, 0, 0, 0
36449, 49920, 0, 0, 0
36549, 50560, 0, 0, 0
36649, 49280, 0, 0, 0
36750, 47680, 0, 0, 0
36850, 48960, 0, 0, 0
36950, 45120, 0, 0, 0
37050, 46400, 0, 0, 0
37150, 44160, 0, 0, 0
37249, 47191, 0, 0, 0
37349, 49280, 0, 0, 0
37449, 48000, 0, 0, 0
37549, 48320, 0, 0, 0
37649, 44800, 0, 0, 0
37749, 44160, 0, 0, 0
37849, 48000, 0, 0, 0
37949, 49920, 0, 0, 0
38050, 48960, 0, 0, 0
38150, 47360, 0, 0, 0
38249, 47191, 0, 0, 0
38349, 48000, 0, 0, 0
38449, 47360, 0, 0, 0
38549, 48640, 0, 0, 0
38649, 42880, 0, 0, 0
38749, 44800, 0, 0, 0
38849, 47360, 0, 0, 0
38949, 47360, 0, 0, 0
39049, 46400, 0, 0, 0
39150, 48000, 0, 0, 0
39250, 48000, 0, 0, 0
39350, 46400, 0, 0, 0
39450, 48320, 0, 0, 0
39550, 47040, 0, 0, 0
39650, 48000, 0, 0, 0
39749, 46222, 0, 0, 0
39849, 46400, 0, 0, 0
39949, 47680, 0, 0, 0
40049, 43840, 0, 0, 0
40149, 43200, 0, 0, 0
40249, 47040, 0, 0, 0
40350, 43840, 0, 0, 0
40450, 50240, 0, 0, 0
40550, 47360, 0, 0, 0
40650, 47680, 0, 0, 0
40749, 48484, 0, 0, 0
40849, 48000, 0, 0, 0
40949, 46400, 0, 0, 0
41049, 45760, 0, 0, 0
41149, 45440, 0, 0, 0
41249, 47360, 0, 0, 0
41349, 45440, 0, 0, 0
41449, 45760, 0, 0, 0
41550, 42560, 0, 0, 0
41650, 41920, 0, 0, 0
41749, 44282, 0, 0, 0
41849, 49280, 0, 0, 0
41949, 49600, 0, 0, 0
42049, 47040, 0, 0, 0
42149, 45440, 0, 0, 0
42249, 49600, 0, 0, 0
42349, 48640, 0, 0, 0
42449, 49280, 0, 0, 0
42549, 47040, 0, 0, 0
42649, 44160, 0, 0, 0
42750, 46720, 0, 0, 0
42850, 49920, 0, 0, 0
42950, 48640, 0, 0, 0
43050, 46720, 0, 0, 0
43150, 41600, 0, 0, 0
43249, 47838, 0, 0, 0
43349, 47680, 0, 0, 0
43449, 44800, 0, 0, 0
43549, 45760, 0, 0, 0
43649, 46720, 0, 0, 0
43749, 45440, 0, 0, 0
43849, 48640, 0, 0, 0
43949, 48320, 0, 0, 0
44050, 47360, 0, 0, 0
44150, 45760, 0, 0, 0
44249, 46868, 0, 0, 0
44349, 46720, 0, 0, 0
44449, 47040, 0, 0, 0
44549, 47680, 0, 0, 0
44649, 48000, 0, 0, 0
44749, 38720, 0, 0, 0
44849, 37760, 0, 0, 0
44949, 43520, 0, 0, 0
45049, 48000, 0, 0, 0
45149, 49600, 0, 0, 0
45250, 44800, 0, 0, 0
45350, 47680, 0, 0, 0
45450, 48000, 0, 0, 0
45550, 46720, 0, 0, 0
45650, 47360, 0, 0, 0
45749, 46868, 0, 0, 0
45849, 47040, 0, 0, 0
45949, 47680, 0, 0, 0
46049, 48640, 0, 0, 0
46149, 46720, 0, 0, 0
46249, 49280, 0, 0, 0
46350, 48000, 0, 0, 0
46450, 45760, 0, 0, 0
46550, 46400, 0, 0, 0
46650, 48640, 0, 0, 0
46749, 49777, 0, 0, 0
46849, 47680, 0, 0, 0
46949, 48000, 0, 0, 0
47049, 46400, 0, 0, 0
47149, 47680, 0, 0, 0
47249, 46400, 0, 0, 0
47349, 47360, 0, 0, 0
47449, 48320, 0, 0, 0
47550, 47040, 0, 0, 0
47650, 39040, 0, 0, 0
47749, 46545, 0, 0, 0
47849, 48960, 0, 0, 0
47949, 48960, 0, 0, 0
48049, 47040, 0, 0, 0
48149, 51520, 0, 0, 0
48249, 47680, 0, 0, 0
48349, 47360, 0, 0, 0
48449, 46080, 0, 0, 0
48549, 43840, 0, 0, 0
48649, 42880, 0, 0, 0
48750, 42880, 0, 0, 0
48850, 45440, 0, 0, 0
48950, 47360, 0, 0, 0
49050, 48000, 0, 0, 0
49150, 47040, 0, 0, 0
49249, 46868, 0, 0, 0
49349, 48960, 0, 0, 0
49449, 47680, 0, 0, 0
49549, 47360, 0, 0, 0
49649, 47680, 0, 0, 0
49749, 48320, 0, 0, 0
49849, 44800, 0, 0, 0
49949, 48640, 0, 0, 0
50050, 48000, 0, 0, 0
50150, 45120, 0, 0, 0
50249, 45252, 0, 0, 0
50349, 47360, 0, 0, 0
50449, 46080, 0, 0, 0
50549, 46400, 0, 0, 0
50649, 47040, 0, 0, 0
50749, 41280, 0, 0, 0
50849, 41600, 0, 0, 0
50949, 43840, 0, 0, 0
51049, 43200, 0, 0, 0
51149, 46080, 0, 0, 0
51250, 47040, 0, 0, 0
51350, 48960, 0, 0, 0
51450, 47360, 0, 0, 0
51550, 46400, 0, 0, 0
51650, 48000, 0, 0, 0
51749, 46545, 0, 0, 0
51849, 46720, 0, 0, 0
51949, 45760, 0, 0, 0
52049, 46080, 0, 0, 0
52149, 46720, 0, 0, 0
52249, 47680, 0, 0, 0
52349, 45440, 0, 0, 0
52450, 47040, 0, 0, 0
52550, 45440, 0, 0, 0
52650, 47040, 0, 0, 0
52749, 45898, 0, 0, 0
52849, 48960, 0, 0, 0
52949, 46080, 0, 0, 0
53049, 46720, 0, 0, 0
53149, 47040, 0, 0, 0
53249, 46720, 0, 0, 0
53349, 44480, 0, 0, 0
53449, 45120, 0, 0, 0
53549, 48320, 0, 0, 0
53650, 40320, 0, 0, 0
53750, 46080, 0, 0, 0
53850, 47040, 0, 0, 0
53950, 47040, 0, 0, 0
54050, 48640, 0, 0, 0
54150, 47680, 0, 0, 0
54249, 45575, 0, 0, 0
54349, 42880, 0, 0, 0
54449, 37120, 0, 0, 0
54549, 39360, 0, 0, 0
54649, 47680, 0, 0, 0
54749, 45120, 0, 0, 0
54849, 48320, 0, 0, 0
54950, 46400, 0, 0, 0
55050, 48640, 0, 0, 0
55150, 50240, 0, 0, 0
55249, 44929, 0, 0, 0
55349, 47360, 0, 0, 0
55449, 48640, 0, 0, 0
55549, 48960, 0, 0, 0
55649, 48000, 0, 0, 0
55749, 43200, 0, 0, 0
55849, 47040, 0, 0, 0
55949, 47680, 0, 0, 0
56049, 48640, 0, 0, 0
56149, 47040, 0, 0, 0
56250, 47680, 0, 0, 0
56350, 49600, 0, 0, 0
56450, 48320, 0, 0, 0
56550, 47680, 0, 0, 0
56650, 47680, 0, 0, 0
56749, 46868, 0, 0, 0
56849, 44480, 0, 0, 0
56949, 48000, 0, 0, 0
57049, 47680, 0, 0, 0
57149, 48640, 0, 0, 0
57249, 48320, 0, 0, 0
57349, 48640, 0, 0, 0
57450, 46400, 0, 0, 0
57550, 46400, 0, 0, 0
57650, 48000, 0, 0, 0
57749, 47191, 0, 0, 0
57849, 47040, 0, 0, 0
57949, 42560, 0, 0, 0
58049, 40960, 0, 0, 0
58149, 40640, 0, 0, 0
58249, 49600, 0, 0, 0
58349, 48640, 0, 0, 0
58449, 47680, 0, 0, 0
58549, 47040, 0, 0, 0
58649, 47040, 0, 0, 0
58750, 46720, 0, 0, 0
58850, 44800, 0, 0, 0
58950, 40640, 0, 0, 0
59050, 46080, 0, 0, 0
59150, 43840, 0, 0, 0
59249, 45898, 0, 0, 0
59349, 46720, 0, 0, 0
59449, 46400, 0, 0, 0
59549, 47680, 0, 0, 0
59649, 43840, 0, 0, 0
59749, 45440, 0, 0, 0
59849, 46080, 0, 0, 0
59949, 46720, 0, 0, 0
60050, 43840, 0, 0, 0
60150, 45760, 0, 0, 0
60249, 42343, 0, 0, 0
60349, 41600, 0, 0, 0
60449, 46080, 0, 0, 0
60549, 46720, 0, 0, 0
60649, 48960, 0, 0, 0
60749, 44480, 0, 0, 0
60849, 43840, 0, 0, 0
60949, 44480, 0, 0, 0
61049, 44160, 0, 0, 0
61149, 47680, 0, 0, 0
61250, 48000, 0, 0, 0
61350, 46400, 0, 0, 0
61450, 43200, 0, 0, 0
61550, 45440, 0, 0, 0
61650, 41600, 0, 0, 0
61749, 46868, 0, 0, 0
61849, 36160, 0, 0, 0
61949, 47680, 0, 0, 0
62049, 45760, 0, 0, 0
62149, 45760, 0, 0, 0
62249, 46080, 0, 0, 0
62349, 45440, 0, 0, 0
62449, 43520, 0, 0, 0
62550, 42560, 0, 0, 0
62650, 44160, 0, 0, 0
62749, 44606, 0, 0, 0
62849, 49280, 0, 0, 0
62949, 47680, 0, 0, 0
63049, 42560, 0, 0, 0
63149, 41600, 0, 0, 0
63249, 47680, 0, 0, 0
63349, 46400, 0, 0, 0
63449, 43520, 0, 0, 0
63549, 45760, 0, 0, 0
63649, 50240, 0, 0, 0
63750, 47680, 0, 0, 0
63850, 47040, 0, 0, 0
63950, 48640, 0, 0, 0
64050, 45760, 0, 0, 0
64150, 46720, 0, 0, 0
64249, 40727, 0, 0, 0
64349, 46720, 0, 0, 0
64449, 48000, 0, 0, 0
64549, 49280, 0, 0, 0
64649, 48640, 0, 0, 0
64749, 45760, 0, 0, 0
64849, 46400, 0, 0, 0
64949, 45440, 0, 0, 0
65050, 42560, 0, 0, 0
65150, 45440, 0, 0, 0
65249, 47838, 0, 0, 0
65349, 46720, 0, 0, 0
65449, 44480, 0, 0, 0
65549, 46080, 0, 0, 0
65649, 47040, 0, 0, 0
65749, 47040, 0, 0, 0
65849, 45120, 0, 0, 0
65949, 47040, 0, 0, 0
66049, 44480, 0, 0, 0
66149, 43200, 0, 0, 0
66249, 44480, 0, 0, 0
66350, 46400, 0, 0, 0
66450, 48640, 0, 0, 0
66550, 44480, 0, 0, 0
66650, 43520, 0, 0, 0
66749, 45575, 0, 0, 0
66849, 47680, 0, 0, 0
66949, 45440, 0, 0, 0
67049, 46400, 0, 0, 0
67149, 47360, 0, 0, 0
67249, 48000, 0, 0, 0
67349, 48320, 0, 0, 0
67449, 44480, 0, 0, 0
67549, 46400, 0, 0, 0
67650, 45440, 0, 0, 0
67749, 48161, 0, 0, 0
67849, 47680, 0, 0, 0
67949, 47360, 0, 0, 0
68049, 48320, 0, 0, 0
68149, 49280, 0, 0, 0
68249, 45760, 0, 0, 0
68349, 47360, 0, 0, 0
68449, 47360, 0, 0, 0
68549, 45120, 0, 0, 0
68649, 42240, 0, 0, 0
68749, 45760, 0, 0, 0
68849, 45440, 0, 0, 0
68949, 43520, 0, 0, 0
69050, 40640, 0, 0, 0
69150, 45760, 0, 0, 0
69249, 44929, 0, 0, 0
69349, 41920, 0, 0, 0
69449, 46720, 0, 0, 0
69549, 47680, 0, 0, 0
69649, 48640, 0, 0, 0
69749, 46720, 0, 0, 0
69849, 43840, 0, 0, 0
69949, 47680, 0, 0, 0
70050, 47680, 0, 0, 0
70150, 47360, 0, 0, 0
70249, 49454, 0, 0, 0
70349, 47360, 0, 0, 0
70449, 49600, 0, 0, 0
70549, 48960, 0, 0, 0
70649, 47040, 0, 0, 0
70749, 44800, 0, 0, 0
70849, 46080, 0, 0, 0
70949, 48000, 0, 0, 0
71049, 45120, 0, 0, 0
71149, 41280, 0, 0, 0
71249, 47040, 0, 0, 0
71350, 47680, 0, 0, 0
71450, 45440, 0, 0, 0
71550, 48000, 0, 0, 0
71650, 50240, 0, 0, 0
71749, 49131, 0, 0, 0
71849, 47680, 0, 0, 0
71949, 46720, 0, 0, 0
72049, 48320, 0, 0, 0
72149, 43520, 0, 0, 0
72249, 46400, 0, 0, 0
72349, 47360, 0, 0, 0
72449, 44480, 0, 0, 0
72550, 49280, 0, 0, 0
72650, 48960, 0, 0, 0
72749, 40080, 0, 0, 0
72849, 47040, 0, 0, 0
72949, 47040, 0, 0, 0
73049, 48320, 0, 0, 0
73149, 47680, 0, 0, 0
73249, 46080, 0, 0, 0
73349, 47360, 0, 0, 0
73449, 47680, 0, 0, 0
73549, 42560, 0, 0, 0
73649, 43520, 0, 0, 0
73750, 49280, 0, 0, 0
73850, 48960, 0, 0, 0
73950, 47360, 0, 0, 0
74050, 46400, 0, 0, 0
74150, 46720, 0, 0, 0
74249, 41373, 0, 0, 0
74349, 47040, 0, 0, 0
74449, 43840, 0, 0, 0
74549, 48960, 0, 0, 0
74649, 47040, 0, 0, 0
74749, 48640, 0, 0, 0
74849, 47680, 0, 0, 0
74949, 46400, 0, 0, 0
75050, 45760, 0, 0, 0
75150, 48320, 0, 0, 0
75249, 49131, 0, 0, 0
75349, 48000, 0, 0, 0
75449, 48000, 0, 0, 0
75549, 48320, 0, 0, 0
75649, 48320, 0, 0, 0
75749, 47040, 0, 0, 0
75849, 44160, 0, 0, 0
75949, 45120, 0, 0, 0
76049, 46720, 0, 0, 0
76149, 46400, 0, 0, 0
76250, 48640, 0, 0, 0
76350, 47040, 0, 0, 0
76450, 40000, 0, 0, 0
76550, 45120, 0, 0, 0
76650, 47680, 0, 0, 0
76749, 48808, 0, 0, 0
76849, 48960, 0, 0, 0
76949, 48320, 0, 0, 0
77049, 48960, 0, 0, 0
77149, 47040, 0, 0, 0
77249, 41280, 0, 0, 0
77349, 47360, 0, 0, 0
77449, 44160, 0, 0, 0
77550, 47680, 0, 0, 0
77650, 47040, 0, 0, 0
77749, 48484, 0, 0, 0
77849, 49280, 0, 0, 0
77949, 48000, 0, 0, 0
78049, 48320, 0, 0, 0
78149, 47360, 0, 0, 0
78249, 46720, 0, 0, 0
78349, 46080, 0, 0, 0
78449, 46720, 0, 0, 0
78549, 47360, 0, 0, 0
78649, 48000, 0, 0, 0
78750, 46720, 0, 0, 0
78850, 46400, 0, 0, 0
78950, 45760, 0, 0, 0
79050, 46400, 0, 0, 0
79150, 47680, 0, 0, 0
79249, 45575, 0, 0, 0
79349, 46080, 0, 0, 0
79449, 45760, 0, 0, 0
79549, 46400, 0, 0, 0
79649, 47360, 0, 0, 0
79749, 47680, 0, 0, 0
79849, 49280, 0, 0, 0
79949, 45440, 0, 0, 0
80050, 48640, 0, 0, 0
80150, 47040, 0, 0, 0
80249, 45252, 0, 0, 0
80349, 45760, 0, 0, 0
80449, 48320, 0, 0, 0
80549, 46400, 0, 0, 0
80649, 39360, 0, 0, 0
80749, 43520, 0, 0, 0
80849, 44800, 0, 0, 0
80949, 47680, 0, 0, 0
81049, 46400, 0, 0, 0
81149, 47040, 0, 0, 0
81249, 47360, 0, 0, 0
81350, 45120, 0, 0, 0
81450, 46400, 0, 0, 0
81550, 47040, 0, 0, 0
81650, 49280, 0, 0, 0
81749, 42989, 0, 0, 0
81849, 43840, 0, 0, 0
81949, 43200, 0, 0, 0
82049, 47680, 0, 0, 0
82149, 46080, 0, 0, 0
82250, 48000, 0, 0, 0
82350, 48640, 0, 0, 0
82450, 47360, 0, 0, 0
82550, 46400, 0, 0, 0
82650, 47680, 0, 0, 0
82749, 49131, 0, 0, 0
82849, 46400, 0, 0, 0
82949, 45440, 0, 0, 0
83049, 44800, 0, 0, 0
83149, 47360, 0, 0, 0
83249, 48320, 0, 0, 0
83349, 48640, 0, 0, 0
83449, 48000, 0, 0, 0
83550, 46400, 0, 0, 0
83650, 45760, 0, 0, 0
83749, 47838, 0, 0, 0
83849, 46720, 0, 0, 0
83949, 47680, 0, 0, 0
84049, 48960, 0, 0, 0
84149, 47680, 0, 0, 0
84249, 49280, 0, 0, 0
84349, 46080, 0, 0, 0
84449, 47040, 0, 0, 0
84549, 48000, 0, 0, 0
84649, 48960, 0, 0, 0
84749, 48320, 0, 0, 0
84849, 47680, 0, 0, 0
84950, 49600, 0, 0, 0
85050, 48640, 0, 0, 0
85150, 47680, 0, 0, 0
85249, 44929, 0, 0, 0
85349, 45760, 0, 0, 0
85449, 48640, 0, 0, 0
85549, 43840, 0, 0, 0
85649, 46720, 0, 0, 0
85749, 45120, 0, 0, 0
85849, 44800, 0, 0, 0
85949, 44160, 0, 0, 0
86050, 48000, 0, 0, 0
86150, 48960, 0, 0, 0
86249, 43959, 0, 0, 0
86349, 43520, 0, 0, 0
86449, 42560, 0, 0, 0
86549, 48640, 0, 0, 0
86649, 47680, 0, 0, 0
86749, 46080, 0, 0, 0
86849, 46720, 0, 0, 0
86949, 45760, 0, 0, 0
87049, 46400, 0, 0, 0
87149, 47360, 0, 0, 0
87249, 46720, 0, 0, 0
87349, 41600, 0, 0, 0
87450, 48320, 0, 0, 0
87550, 48000, 0, 0, 0
87650, 46720, 0, 0, 0
87749, 44606, 0, 0, 0
87849, 48640, 0, 0, 0
87949, 48640, 0, 0, 0
88049, 48640, 0, 0, 0
88149, 47360, 0, 0, 0
88249, 48000, 0, 0, 0
88349, 48320, 0, 0, 0
88449, 43840, 0, 0, 0
88549, 47040, 0, 0, 0
88649, 46720, 0, 0, 0
88750, 48640, 0, 0, 0
88850, 43200, 0, 0, 0
88950, 49600, 0, 0, 0
89050, 49280, 0, 0, 0
89150, 49600, 0, 0, 0
89249, 46222, 0, 0, 0
89349, 45440, 0, 0, 0
89449, 46080, 0, 0, 0
89549, 47360, 0, 0, 0
89649, 47680, 0, 0, 0
89749, 48320, 0, 0, 0
89849, 48960, 0, 0, 0
89949, 48320, 0, 0, 0
