123, 113079032, 1, 0, 0
259, 126947530, 1, 0, 0
301, 111555705, 1, 0, 0
400, 105781689, 1, 0, 0
604, 138110562, 1, 0, 0
734, 172441561, 1, 0, 0
839, 111160732, 1, 0, 0
966, 98612080, 1, 0, 0
1002, 115340686, 1, 0, 0
1125, 98864740, 1, 0, 0
1202, 71875708, 1, 0, 0
1323, 120651145, 1, 0, 0
1401, 111111291, 1, 0, 0
1516, 112697318, 1, 0, 0
1633, 107502805, 1, 0, 0
1752, 100183402, 1, 0, 0
1810, 121916499, 1, 0, 0
1928, 83225935, 1, 0, 0
2000, 108341266, 1, 0, 0
2133, 103490784, 1, 0, 0
2228, 119940558, 1, 0, 0
2326, 161079830, 1, 0, 0
2426, 155737053, 1, 0, 0
2542, 127032491, 1, 0, 0
2659, 98122733, 1, 0, 0
2701, 119717377, 1, 0, 0
2854, 96069562, 1, 0, 0
2908, 89322297, 1, 0, 0
3033, 112066960, 1, 0, 0
3109, 127338897, 1, 0, 0
3241, 121923099, 1, 0, 0
3347, 103122064, 1, 0, 0
3414, 99680793, 1, 0, 0
3550, 73722177, 1, 0, 0
3613, 113426253, 1, 0, 0
3731, 80460890, 1, 0, 0
3824, 103903974, 1, 0, 0
3900, 142612629, 1, 0, 0
4030, 165441879, 1, 0, 0
4153, 192431763, 1, 0, 0
4207, 213017656, 1, 0, 0
4337, 121177875, 1, 0, 0
4431, 107160336, 1, 0, 0
4554, 111858697, 1, 0, 0
4609, 120948023, 1, 0, 0
4726, 111512268, 1, 0, 0
4859, 102926268, 1, 0, 0
4905, 94136642, 1, 0, 0
5006, 99827047, 1, 0, 0
5123, 93814700, 1, 0, 0
5221, 113212791, 1, 0, 0
5307, 142472358, 1, 0, 0
5432, 106695329, 1, 0, 0
5503, 81765721, 1, 0, 0
5668, 121414031, 1, 0, 0
5713, 120987719, 1, 0, 0
5804, 55152110, 1, 0, 0
5923, 108312820, 1, 0, 0
6050, 93431203, 1, 0, 0
6112, 118211381, 1, 0, 0
6217, 119747651, 1, 0, 0
6336, 105647283, 1, 0, 0
6432, 101185327, 1, 0, 0
6562, 94795296, 1, 0, 0
6615, 130288240, 1, 0, 0
6700, 116839536, 1, 0, 0
6809, 101350111, 1, 0, 0
6926, 97873578, 1, 0, 0
7047, 104689714, 1, 0, 0
7111, 105339519, 1, 0, 0
7230, 71921762, 1, 0, 0
7316, 122691296, 1, 0, 0
7400, 125166059, 1, 0, 0
7509, 127644291, 1, 0, 0
7641, 128615411, 1, 0, 0
7721, 107462368, 1, 0, 0
7813, 115154556, 1, 0, 0
7927, 106165755, 1, 0, 0
8058, 88352754, 1, 0, 0
8105, 93666366, 1, 0, 0
8238, 100392262, 1, 0, 0
8305, 57518257, 1, 0, 0
8425, 114603431, 1, 0, 0
8554, 109632889, 1, 0, 0
8618, 124084434, 1, 0, 0
8746, 119823026, 1, 0, 0
8809, 109919185, 1, 0, 0
8940, 114103753, 1, 0, 0
9017, 109890508, 1, 0, 0
9168, 120611505, 1, 0, 0
9272, 208737414, 1, 0, 0
9375, 115938982, 1, 0, 0
9439, 194528427, 1, 0, 0
9572, 129793971, 1, 0, 0
9632, 100857935, 1, 0, 0
9701, 103835243, 1, 0, 0
9804, 127761218, 1, 0, 0
9904, 106734203, 1, 0, 0
10038, 95229734, 1, 0, 0
10168, 104699440, 1, 0, 0
10236, 113637359, 1, 0, 0
10378, 123655525, 1, 0, 0
10425, 131892107, 1, 0, 0
10540, 110514388, 1, 0, 0
10601, 89098115, 1, 0, 0
10799, 87607392, 1, 0, 0
10800, 115100620, 1, 0, 0
10946, 163849066, 1, 0, 0
11019, 142380511, 1, 0, 0
11158, 111141061, 1, 0, 0
11215, 128738313, 1, 0, 0
11331, 103237848, 1, 0, 0
11405, 86538208, 1, 0, 0
11500, 88611128, 1, 0, 0
11600, 113837691, 1, 0, 0
11717, 89549119, 1, 0, 0
11858, 110239510, 1, 0, 0
11931, 114439136, 1, 0, 0
12047, 111053323, 1, 0, 0
12102, 102569117, 1, 0, 0
12225, 114700125, 1, 0, 0
12301, 104557855, 1, 0, 0
12425, 105486992, 1, 0, 0
12507, 78301405, 1, 0, 0
12603, 134733832, 1, 0, 0
12700, 149639431, 1, 0, 0
12820, 111920096, 1, 0, 0
12942, 98173368, 1, 0, 0
13001, 102800167, 1, 0, 0
13112, 109405436, 1, 0, 0
13243, 102960740, 1, 0, 0
13301, 71424727, 1, 0, 0
13434, 97918879, 1, 0, 0
13548, 93106655, 1, 0, 0
13624, 95195136, 1, 0, 0
13708, 104637124, 1, 0, 0
13837, 85807611, 1, 0, 0
13900, 118239984, 1, 0, 0
14012, 87693343, 1, 0, 0
14129, 113361562, 1, 0, 0
14201, 104091058, 1, 0, 0
14321, 114083207, 1, 0, 0
14416, 140555908, 1, 0, 0
14525, 223610830, 1, 0, 0
14610, 171237036, 1, 0, 0
14738, 129226952, 1, 0, 0
14858, 136793720, 1, 0, 0
14913, 111370681, 1, 0, 0
15030, 98182063, 1, 0, 0
15100, 68883200, 1, 0, 0
15229, 97281478, 1, 0, 0
15358, 106267460, 1, 0, 0
15405, 106744552, 1, 0, 0
15535, 109979867, 1, 0, 0
15600, 108857895, 1, 0, 0
15724, 105292445, 1, 0, 0
15852, 120209719, 1, 0, 0
15908, 109200625, 1, 0, 0
16016, 91965220, 1, 0, 0
16195, 102096124, 1, 0, 0
16200, 160249586, 1, 0, 0
16330, 151334973, 1, 0, 0
16407, 130975419, 1, 0, 0
16527, 107755471, 1, 0, 0
16632, 104216296, 1, 0, 0
16748, 96128602, 1, 0, 0
16807, 104630184, 1, 0, 0
16932, 100054587, 1, 0, 0
17053, 92571370, 1, 0, 0
17120, 102756371, 1, 0, 0
17248, 113387129, 1, 0, 0
17308, 114032518, 1, 0, 0
17422, 122104370, 1, 0, 0
17553, 118299454, 1, 0, 0
17631, 117952253, 1, 0, 0
17711, 147960235, 1, 0, 0
17839, 139977620, 1, 0, 0
17911, 198103858, 1, 0, 0
18003, 166718025, 1, 0, 0
18120, 145203229, 1, 0, 0
18238, 102321845, 1, 0, 0
18309, 95790453, 1, 0, 0
18435, 99229863, 1, 0, 0
18545, 117542689, 1, 0, 0
18606, 116323142, 1, 0, 0
18717, 95881948, 1, 0, 0
18845, 114429943, 1, 0, 0
18913, 67911916, 1, 0, 0
19049, 106368408, 1, 0, 0
19103, 132303214, 1, 0, 0
19247, 115608486, 1, 0, 0
19305, 73894979, 1, 0, 0
19498, 124127521, 1, 0, 0
19500, 193091674, 1, 0, 0
19661, 154746990, 1, 0, 0
19760, 152551993, 1, 0, 0
19828, 98199982, 1, 0, 0
19953, 135633690, 1, 0, 0
20010, 120817102, 1, 0, 0
20112, 104355440, 1, 0, 0
20208, 89579405, 1, 0, 0
20327, 107591643, 1, 0, 0
20400, 120423685, 1, 0, 0
20522, 98951879, 1, 0, 0
20651, 107950050, 1, 0, 0
20707, 102439826, 1, 0, 0
20830, 114817788, 1, 0, 0
20901, 97849143, 1, 0, 0
21018, 90914235, 1, 0, 0
21136, 109732386, 1, 0, 0
21208, 102478961, 1, 0, 0
21326, 87105564, 1, 0, 0
21468, 181350162, 1, 0, 0
21549, 207000767, 1, 0, 0
21615, 197918763, 1, 0, 0
21731, 110354203, 1, 0, 0
21800, 117359297, 1, 0, 0
21914, 90892776, 1, 0, 0
22049, 110926981, 1, 0, 0
22116, 56614679, 1, 0, 0
22245, 114538736, 1, 0, 0
22370, 120793593, 1, 0, 0
22415, 114804109, 1, 0, 0
22546, 107508043, 1, 0, 0
22622, 67955710, 1, 0, 0
22739, 123118940, 1, 0, 0
22801, 114989461, 1, 0, 0
22930, 119548807, 1, 0, 0
23044, 111548640, 1, 0, 0
23105, 165744384, 1, 0, 0
23219, 210773808, 1, 0, 0
23351, 127324507, 1, 0, 0
23404, 122450072, 1, 0, 0
23531, 123514585, 1, 0, 0
23600, 120114823, 1, 0, 0
23720, 81940889, 1, 0, 0
23804, 104367242, 1, 0, 0
23901, 109714274, 1, 0, 0
24005, 109468887, 1, 0, 0
24142, 100332583, 1, 0, 0
24211, 68087618, 1, 0, 0
24338, 122041221, 1, 0, 0
24412, 116045177, 1, 0, 0
24521, 113720121, 1, 0, 0
24610, 93759296, 1, 0, 0
24708, 147288393, 1, 0, 0
24818, 120032579, 1, 0, 0
24958, 214594798, 1, 0, 0
25003, 195015414, 1, 0, 0
25126, 163781941, 1, 0, 0
25253, 111522210, 1, 0, 0
25311, 106621044, 1, 0, 0
25426, 112713396, 1, 0, 0
25551, 102762713, 1, 0, 0
25617, 106789831, 1, 0, 0
25728, 99795518, 1, 0, 0
25849, 111765658, 1, 0, 0
25931, 108332015, 1, 0, 0
26058, 78730956, 1, 0, 0
26116, 113705463, 1, 0, 0
26227, 100141317, 1, 0, 0
26321, 88176853, 1, 0, 0
26433, 125527148, 1, 0, 0
26533, 174308310, 1, 0, 0
26603, 198919443, 1, 0, 0
26726, 138708700, 1, 0, 0
26800, 115975776, 1, 0, 0
26911, 91178186, 1, 0, 0
27044, 86680937, 1, 0, 0
27156, 106406477, 1, 0, 0
27206, 105865458, 1, 0, 0
27335, 114045656, 1, 0, 0
27402, 116526368, 1, 0, 0
27520, 111704284, 1, 0, 0
27645, 112291934, 1, 0, 0
27720, 121871034, 1, 0, 0
27809, 125094841, 1, 0, 0
27929, 120467480, 1, 0, 0
28003, 64666314, 1, 0, 0
28124, 156050514, 1, 0, 0
28238, 159603695, 1, 0, 0
28307, 191600108, 1, 0, 0
28413, 154270778, 1, 0, 0
28541, 103948456, 1, 0, 0
28605, 103794709, 1, 0, 0
28723, 113224211, 1, 0, 0
28842, 108482849, 1, 0, 0
28904, 106605395, 1, 0, 0
29029, 110216277, 1, 0, 0
29105, 79772701, 1, 0, 0
29214, 100337361, 1, 0, 0
29333, 105968106, 1, 0, 0
29408, 108473499, 1, 0, 0
29525, 126143831, 1, 0, 0
29605, 106088375, 1, 0, 0
29744, 100094539, 1, 0, 0
29854, 92201526, 1, 0, 0
29927, 183785933, 1, 0, 0
30046, 172226354, 1, 0, 0
30104, 174174107, 1, 0, 0
30224, 115363688, 1, 0, 0
30321, 100702006, 1, 0, 0
30442, 121497034, 1, 0, 0
30556, 119584841, 1, 0, 0
30602, 95614469, 1, 0, 0
30738, 114761817, 1, 0, 0
30810, 104427062, 1, 0, 0
30940, 112836315, 1, 0, 0
31059, 114854540, 1, 0, 0
31115, 112518817, 1, 0, 0
31249, 107304447, 1, 0, 0
31312, 67590904, 1, 0, 0
31432, 115895765, 1, 0, 0
31513, 112189284, 1, 0, 0
31606, 125454240, 1, 0, 0
31758, 150869741, 1, 0, 0
31806, 145955572, 1, 0, 0
31902, 125420526, 1, 0, 0
32010, 110899147, 1, 0, 0
32130, 93732538, 1, 0, 0
32248, 105525559, 1, 0, 0
32300, 112297101, 1, 0, 0
32428, 115934251, 1, 0, 0
32507, 100702619, 1, 0, 0
32638, 102849664, 1, 0, 0
32709, 117881923, 1, 0, 0
32839, 117800213, 1, 0, 0
32904, 78700974, 1, 0, 0
33022, 115520283, 1, 0, 0
33137, 98331868, 1, 0, 0
33231, 97753684, 1, 0, 0
33326, 131168876, 1, 0, 0
33425, 163628539, 1, 0, 0
33534, 169757915, 1, 0, 0
33617, 127240482, 1, 0, 0
33755, 106852848, 1, 0, 0
33813, 109940456, 1, 0, 0
33933, 119034281, 1, 0, 0
34003, 113026519, 1, 0, 0
34125, 117766995, 1, 0, 0
34236, 115757170, 1, 0, 0
34301, 102440919, 1, 0, 0
34425, 93029146, 1, 0, 0
34544, 102165370, 1, 0, 0
34620, 112132172, 1, 0, 0
34739, 129136920, 1, 0, 0
34803, 112498130, 1, 0, 0
34967, 117327208, 1, 0, 0
35028, 159317754, 1, 0, 0
35100, 157115139, 1, 0, 0
35200, 111108368, 1, 0, 0
35313, 97161027, 1, 0, 0
35404, 116993095, 1, 0, 0
35511, 92708105, 1, 0, 0
35632, 104987034, 1, 0, 0
35769, 105780924, 1, 0, 0
35822, 92506922, 1, 0, 0
35952, 114781207, 1, 0, 0
36019, 120758677, 1, 0, 0
36134, 102940835, 1, 0, 0
36202, 76484619, 1, 0, 0
36326, 104837659, 1, 0, 0
36405, 111603110, 1, 0, 0
36524, 110388639, 1, 0, 0
36607, 114781598, 1, 0, 0
36707, 120366975, 1, 0, 0
36867, 140318688, 1, 0, 0
36936, 151322237, 1, 0, 0
37037, 138098866, 1, 0, 0
37100, 132792208, 1, 0, 0
37225, 115231759, 1, 0, 0
37300, 116631124, 1, 0, 0
37415, 106918481, 1, 0, 0
37543, 120766267, 1, 0, 0
37605, 104859453, 1, 0, 0
37710, 107821249, 1, 0, 0
37821, 66637534, 1, 0, 0
37944, 100567609, 1, 0, 0
38001, 112177294, 1, 0, 0
38128, 115707289, 1, 0, 0
38200, 105747024, 1, 0, 0
38327, 114645761, 1, 0, 0
38458, 124919307, 1, 0, 0
38516, 116300907, 1, 0, 0
38600, 128340657, 1, 0, 0
38713, 128787451, 1, 0, 0
38832, 98407259, 1, 0, 0
38907, 69286443, 1, 0, 0
39030, 110035743, 1, 0, 0
39148, 110877796, 1, 0, 0
39203, 105525494, 1, 0, 0
39322, 116045664, 1, 0, 0
39400, 105824166, 1, 0, 0
39509, 98620198, 1, 0, 0
39626, 110065223, 1, 0, 0
39700, 88998014, 1, 0, 0
39813, 80414517, 1, 0, 0
39940, 115306728, 1, 0, 0
40059, 97396179, 1, 0, 0
40134, 115684824, 1, 0, 0
40221, 124176109, 1, 0, 0
40314, 148970380, 1, 0, 0
40449, 110856740, 1, 0, 0
40502, 95275916, 1, 0, 0
40608, 108702217, 1, 0, 0
40764, 90932439, 1, 0, 0
40818, 123680351, 1, 0, 0
40935, 101905001, 1, 0, 0
41000, 103508246, 1, 0, 0
41137, 114922124, 1, 0, 0
41202, 125112444, 1, 0, 0
41319, 117870952, 1, 0, 0
41436, 113333258, 1, 0, 0
41506, 103068506, 1, 0, 0
41642, 87610963, 1, 0, 0
41707, 122068218, 1, 0, 0
41843, 96700363, 1, 0, 0
41910, 158137761, 1, 0, 0
42044, 91414182, 1, 0, 0
42129, 168101763, 1, 0, 0
42253, 120746666, 1, 0, 0
42320, 90129125, 1, 0, 0
42455, 116269745, 1, 0, 0
42517, 123792436, 1, 0, 0
42643, 117625344, 1, 0, 0
42731, 96332641, 1, 0, 0
42852, 87102269, 1, 0, 0
42901, 116607737, 1, 0, 0
43013, 111828968, 1, 0, 0
43142, 108609624, 1, 0, 0
43216, 62579344, 1, 0, 0
43332, 110922898, 1, 0, 0
43444, 114150257, 1, 0, 0
43517, 106773840, 1, 0, 0
43621, 68614467, 1, 0, 0
43718, 153808448, 1, 0, 0
43856, 169157853, 1, 0, 0
43934, 213819730, 1, 0, 0
44040, 142919534, 1, 0, 0
44119, 109529410, 1, 0, 0
44234, 119344287, 1, 0, 0
44301, 115165964, 1, 0, 0
44427, 73088483, 1, 0, 0
44538, 96736976, 1, 0, 0
44601, 57942290, 1, 0, 0
44730, 107105684, 1, 0, 0
44849, 86134384, 1, 0, 0
44907, 61275935, 1, 0, 0
45026, 105775082, 1, 0, 0
45101, 113598180, 1, 0, 0
45232, 115141200, 1, 0, 0
45301, 104305798, 1, 0, 0
45432, 149506509, 1, 0, 0
45533, 148136018, 1, 0, 0
45672, 131947263, 1, 0, 0
45724, 92502109, 1, 0, 0
45858, 121007318, 1, 0, 0
45931, 114417803, 1, 0, 0
46001, 116498649, 1, 0, 0
46127, 111138738, 1, 0, 0
46242, 119179486, 1, 0, 0
46306, 119973435, 1, 0, 0
46443, 101148640, 1, 0, 0
46507, 73584083, 1, 0, 0
46628, 122390087, 1, 0, 0
46746, 95167686, 1, 0, 0
46820, 111058626, 1, 0, 0
46935, 105471847, 1, 0, 0
47031, 111189355, 1, 0, 0
47100, 140103423, 1, 0, 0
47240, 79962845, 1, 0, 0
47356, 194089966, 1, 0, 0
47424, 240942036, 1, 0, 0
47538, 146727939, 1, 0, 0
47657, 112285360, 1, 0, 0
47704, 109639977, 1, 0, 0
47838, 99654199, 1, 0, 0
47902, 94025391, 1, 0, 0
48022, 106054988, 1, 0, 0
48148, 118873039, 1, 0, 0
48207, 102191071, 1, 0, 0
48328, 115872537, 1, 0, 0
48401, 120465056, 1, 0, 0
48520, 106895145, 1, 0, 0
48601, 105189939, 1, 0, 0
48727, 97107351, 1, 0, 0
48919, 115483782, 1, 0, 0
49022, 209088433, 1, 0, 0
49121, 113590110, 1, 0, 0
49235, 161822540, 1, 0, 0
49358, 107292878, 1, 0, 0
49402, 120198669, 1, 0, 0
49520, 106684428, 1, 0, 0
49605, 65784331, 1, 0, 0
49735, 115709728, 1, 0, 0
49858, 120432956, 1, 0, 0
49907, 111209648, 1, 0, 0
50003, 90972949, 1, 0, 0
50118, 106011483, 1, 0, 0
50243, 107856880, 1, 0, 0
50364, 109169943, 1, 0, 0
50453, 111447163, 1, 0, 0
50563, 106297527, 1, 0, 0
50702, 192412795, 1, 0, 0
50813, 218935266, 1, 0, 0
50927, 205048463, 1, 0, 0
51010, 121350916, 1, 0, 0
51143, 105969342, 1, 0, 0
51221, 105633240, 1, 0, 0
51352, 117372298, 1, 0, 0
51400, 129904749, 1, 0, 0
51538, 102172508, 1, 0, 0
51605, 109173810, 1, 0, 0
51927, 126486938, 1, 0, 0
52000, 304495071, 1, 0, 0
52149, 118825346, 1, 0, 0
52212, 76608334, 1, 0, 0
52308, 122925348, 1, 0, 0
52446, 152756700, 1, 0, 0
52572, 187471799, 1, 0, 0
52655, 186837875, 1, 0, 0
52709, 184782437, 1, 0, 0
52833, 118562712, 1, 0, 0
52900, 62696275, 1, 0, 0
53018, 109075756, 1, 0, 0
53134, 110321993, 1, 0, 0
53209, 112754287, 1, 0, 0
53324, 118042376, 1, 0, 0
53417, 101169856, 1, 0, 0
53534, 95873323, 1, 0, 0
53655, 101759633, 1, 0, 0
53709, 111059709, 1, 0, 0
53822, 78202606, 1, 0, 0
53914, 104521862, 1, 0, 0
54006, 122100723, 1, 0, 0
54131, 191443395, 1, 0, 0
54275, 219718859, 1, 0, 0
54333, 164719320, 1, 0, 0
54406, 209221997, 1, 0, 0
54516, 105127689, 1, 0, 0
54628, 86946784, 1, 0, 0
54701, 110453461, 1, 0, 0
54818, 109946592, 1, 0, 0
54949, 105859142, 1, 0, 0
55010, 143426657, 1, 0, 0
55122, 93625152, 1, 0, 0
55247, 110998727, 1, 0, 0
55312, 78065983, 1, 0, 0
55429, 104043044, 1, 0, 0
55557, 115814316, 1, 0, 0
55616, 109499423, 1, 0, 0
55762, 118824368, 1, 0, 0
55825, 176025662, 1, 0, 0
55919, 155156778, 1, 0, 0
56051, 234840340, 1, 0, 0
56114, 99680778, 1, 0, 0
56241, 148984478, 1, 0, 0
56305, 111622844, 1, 0, 0
56431, 81006289, 1, 0, 0
56501, 104313260, 1, 0, 0
56611, 111369519, 1, 0, 0
56750, 104914979, 1, 0, 0
56800, 83328863, 1, 0, 0
56900, 120578531, 1, 0, 0
57007, 94397045, 1, 0, 0
57132, 91780653, 1, 0, 0
57206, 98915301, 1, 0, 0
57403, 105080996, 1, 0, 0
57542, 195492843, 1, 0, 0
57683, 169247538, 1, 0, 0
57778, 279450864, 1, 0, 0
57847, 155305783, 1, 0, 0
57972, 120073242, 1, 0, 0
58028, 115779739, 1, 0, 0
58104, 85032221, 1, 0, 0
58230, 118564114, 1, 0, 0
58345, 94937559, 1, 0, 0
58467, 109072196, 1, 0, 0
58526, 112032097, 1, 0, 0
58647, 88671242, 1, 0, 0
58709, 72968690, 1, 0, 0
58832, 97683925, 1, 0, 0
58914, 97745269, 1, 0, 0
59003, 116214321, 1, 0, 0
59156, 160240028, 1, 0, 0
59303, 171716813, 1, 0, 0
59439, 259083738, 1, 0, 0
59514, 171536494, 1, 0, 0
59638, 152870076, 1, 0, 0
59702, 111433261, 1, 0, 0
59826, 107601473, 1, 0, 0
59902, 71724050, 1, 0, 0
60014, 103458633, 1, 0, 0
60141, 101064618, 1, 0, 0
60202, 121836125, 1, 0, 0
60321, 116325760, 1, 0, 0
60441, 84758385, 1, 0, 0
60516, 74926711, 1, 0, 0
60665, 104767663, 1, 0, 0
60778, 141093685, 1, 0, 0
60912, 197712005, 1, 0, 0
61048, 238885833, 1, 0, 0
61150, 190509226, 1, 0, 0
61208, 201926034, 1, 0, 0
61332, 119815354, 1, 0, 0
61457, 108676064, 1, 0, 0
61506, 105095170, 1, 0, 0
61623, 105397075, 1, 0, 0
61703, 113883521, 1, 0, 0
61815, 118706192, 1, 0, 0
61943, 88224417, 1, 0, 0
62000, 87639238, 1, 0, 0
62128, 119590409, 1, 0, 0
62249, 116046261, 1, 0, 0
62361, 116348656, 1, 0, 0
62516, 168286573, 1, 0, 0
62655, 232390024, 1, 0, 0
62794, 245311382, 1, 0, 0
62800, 265239168, 1, 0, 0
62915, 179076803, 1, 0, 0
63025, 90995150, 1, 0, 0
63139, 104424104, 1, 0, 0
63265, 109148502, 1, 0, 0
63318, 131753895, 1, 0, 0
63400, 101142085, 1, 0, 0
63517, 101063685, 1, 0, 0
63627, 104448502, 1, 0, 0
63706, 108639597, 1, 0, 0
63824, 72864247, 1, 0, 0
63947, 119688745, 1, 0, 0
64003, 117898993, 1, 0, 0
64108, 146108843, 1, 0, 0
64270, 179939271, 1, 0, 0
64318, 246352169, 1, 0, 0
64409, 299977485, 1, 0, 0
64530, 206585766, 1, 0, 0
64651, 88323016, 1, 0, 0
64709, 105047614, 1, 0, 0
64828, 106196496, 1, 0, 0
64905, 114398391, 1, 0, 0
65039, 82493654, 1, 0, 0
65103, 69655141, 1, 0, 0
65226, 83204017, 1, 0, 0
65348, 113600847, 1, 0, 0
65412, 115501063, 1, 0, 0
65531, 105479386, 1, 0, 0
65624, 111665506, 1, 0, 0
65735, 156372170, 1, 0, 0
65892, 184347932, 1, 0, 0
66000, 255922481, 1, 0, 0
66100, 231187639, 1, 0, 0
66259, 180531645, 1, 0, 0
66326, 142156747, 1, 0, 0
66447, 123953262, 1, 0, 0
66530, 110663651, 1, 0, 0
66650, 86308011, 1, 0, 0
66711, 118773980, 1, 0, 0
66840, 110956761, 1, 0, 0
66906, 70880479, 1, 0, 0
67033, 119448612, 1, 0, 0
67105, 105320327, 1, 0, 0
67222, 90707352, 1, 0, 0
67343, 120487777, 1, 0, 0
67435, 168117349, 1, 0, 0
67577, 183292336, 1, 0, 0
67611, 251412672, 1, 0, 0
67700, 158782087, 1, 0, 0
67834, 172089151, 1, 0, 0
67917, 162368109, 1, 0, 0
68002, 122909536, 1, 0, 0
68122, 98574965, 1, 0, 0
68243, 95972480, 1, 0, 0
68303, 118249509, 1, 0, 0
68424, 120785631, 1, 0, 0
68500, 80852132, 1, 0, 0
68615, 115112429, 1, 0, 0
68752, 106369260, 1, 0, 0
68819, 118764867, 1, 0, 0
68939, 109642821, 1, 0, 0
69043, 78904597, 1, 0, 0
69178, 186607765, 1, 0, 0
69214, 137011206, 1, 0, 0
69305, 254114883, 1, 0, 0
69453, 218004575, 1, 0, 0
69500, 253479312, 1, 0, 0
69618, 186374150, 1, 0, 0
69745, 89743199, 1, 0, 0
69803, 99469443, 1, 0, 0
69924, 112218341, 1, 0, 0
70045, 118023888, 1, 0, 0
70107, 102094586, 1, 0, 0
70222, 98614064, 1, 0, 0
70334, 101696965, 1, 0, 0
70431, 100189225, 1, 0, 0
70504, 83639295, 1, 0, 0
70603, 119549215, 1, 0, 0
70703, 145723482, 1, 0, 0
70812, 156562926, 1, 0, 0
70915, 202072003, 1, 0, 0
71075, 203238500, 1, 0, 0
71109, 215194842, 1, 0, 0
71236, 167014793, 1, 0, 0
71300, 80053951, 1, 0, 0
71412, 104811497, 1, 0, 0
71538, 91348332, 1, 0, 0
71615, 93098802, 1, 0, 0
71731, 101191358, 1, 0, 0
71854, 102688039, 1, 0, 0
71903, 107694872, 1, 0, 0
72044, 96211944, 1, 0, 0
72107, 111793396, 1, 0, 0
72262, 102299299, 1, 0, 0
72329, 125543399, 1, 0, 0
72473, 205483039, 1, 0, 0
72546, 311633179, 1, 0, 0
72641, 178583886, 1, 0, 0
72726, 140686676, 1, 0, 0
72875, 206072635, 1, 0, 0
72900, 135605994, 1, 0, 0
73020, 90215343, 1, 0, 0
73141, 97511754, 1, 0, 0
73212, 111917477, 1, 0, 0
73330, 97297142, 1, 0, 0
73452, 84145437, 1, 0, 0
73511, 106362913, 1, 0, 0
73632, 94530900, 1, 0, 0
73712, 93216846, 1, 0, 0
73882, 113724518, 1, 0, 0
73997, 133353797, 1, 0, 0
74000, 221789191, 1, 0, 0
74125, 185965168, 1, 0, 0
74276, 135972342, 1, 0, 0
74395, 275201594, 1, 0, 0
74471, 106605288, 1, 0, 0
74508, 183283744, 1, 0, 0
74643, 107830664, 1, 0, 0
74714, 75639039, 1, 0, 0
74844, 101655620, 1, 0, 0
74900, 114826606, 1, 0, 0
75022, 93254417, 1, 0, 0
75152, 115792605, 1, 0, 0
75209, 118298737, 1, 0, 0
75307, 94961525, 1, 0, 0
75414, 129025355, 1, 0, 0
75589, 106315542, 1, 0, 0
75685, 174211695, 1, 0, 0
75855, 209189639, 1, 0, 0
75954, 245179398, 1, 0, 0
76063, 247446978, 1, 0, 0
76150, 201589585, 1, 0, 0
76216, 179695465, 1, 0, 0
76337, 129975580, 1, 0, 0
76407, 103139989, 1, 0, 0
76526, 121688684, 1, 0, 0
76645, 99982970, 1, 0, 0
76707, 71758934, 1, 0, 0
76836, 99862146, 1, 0, 0
76901, 118083816, 1, 0, 0
77034, 108732016, 1, 0, 0
77100, 125394714, 1, 0, 0
77211, 110100946, 1, 0, 0
77305, 124590372, 1, 0, 0
77452, 192912131, 1, 0, 0
77597, 197949619, 1, 0, 0
77733, 223628909, 1, 0, 0
77801, 237674253, 1, 0, 0
77925, 154352438, 1, 0, 0
78057, 97840277, 1, 0, 0
78107, 125865357, 1, 0, 0
78241, 113833473, 1, 0, 0
78300, 76828502, 1, 0, 0
78415, 105276257, 1, 0, 0
78501, 102953539, 1, 0, 0
78616, 80799736, 1, 0, 0
78738, 115612506, 1, 0, 0
78815, 111409271, 1, 0, 0
78933, 177087655, 1, 0, 0
79000, 193389658, 1, 0, 0
79143, 202274572, 1, 0, 0
79203, 268152565, 1, 0, 0
79357, 241350049, 1, 0, 0
79421, 147818194, 1, 0, 0
79538, 161277032, 1, 0, 0
79640, 128568393, 1, 0, 0
79713, 70056946, 1, 0, 0
79834, 115570058, 1, 0, 0
79900, 106428334, 1, 0, 0
80012, 58656535, 1, 0, 0
80146, 119834695, 1, 0, 0
80257, 112656450, 1, 0, 0
80309, 108883198, 1, 0, 0
80466, 108776067, 1, 0, 0
80618, 86013043, 1, 0, 0
80754, 208269010, 1, 0, 0
80881, 279163979, 1, 0, 0
81001, 211784210, 1, 0, 0
81159, 176654043, 1, 0, 0
81225, 167826238, 1, 0, 0
81339, 104423137, 1, 0, 0
81422, 70344481, 1, 0, 0
81543, 120757664, 1, 0, 0
81606, 117535017, 1, 0, 0
81729, 98881295, 1, 0, 0
81823, 94850501, 1, 0, 0
81949, 95091166, 1, 0, 0
82009, 87029625, 1, 0, 0
82165, 120664747, 1, 0, 0
82304, 142248845, 1, 0, 0
82426, 192680607, 1, 0, 0
82542, 225242780, 1, 0, 0
82631, 108128874, 1, 0, 0
82747, 217526623, 1, 0, 0
82825, 109294803, 1, 0, 0
82941, 130477692, 1, 0, 0
83068, 109395991, 1, 0, 0
83119, 115755780, 1, 0, 0
83248, 106622473, 1, 0, 0
83306, 104546396, 1, 0, 0
83428, 91775563, 1, 0, 0
83525, 119701551, 1, 0, 0
83644, 88338423, 1, 0, 0
83778, 119658849, 1, 0, 0
83817, 115480245, 1, 0, 0
83926, 144729198, 1, 0, 0
84031, 252493170, 1, 0, 0
84154, 230245268, 1, 0, 0
84233, 161566020, 1, 0, 0
84327, 217668529, 1, 0, 0
84426, 251599333, 1, 0, 0
84558, 96201257, 1, 0, 0
84616, 122767068, 1, 0, 0
84745, 90251087, 1, 0, 0
84805, 99649978, 1, 0, 0
84919, 102354207, 1, 0, 0
85000, 104837977, 1, 0, 0
85107, 77881826, 1, 0, 0
85230, 96227081, 1, 0, 0
85302, 90255246, 1, 0, 0
85466, 103497978, 1, 0, 0
85591, 152498334, 1, 0, 0
85706, 168090451, 1, 0, 0
85839, 197943296, 1, 0, 0
85989, 242113740, 1, 0, 0
86081, 224435803, 1, 0, 0
86141, 188705702, 1, 0, 0
86207, 60759427, 1, 0, 0
86321, 117190329, 1, 0, 0
86458, 111566041, 1, 0, 0
86509, 121545427, 1, 0, 0
86635, 109676018, 1, 0, 0
86700, 67824577, 1, 0, 0
86822, 103858185, 1, 0, 0
86943, 111186303, 1, 0, 0
87003, 112430524, 1, 0, 0
87106, 86234926, 1, 0, 0
87314, 149225333, 1, 0, 0
87435, 250788680, 1, 0, 0
87616, 212082661, 1, 0, 0
87711, 250675974, 1, 0, 0
87801, 129378721, 1, 0, 0
87909, 96465785, 1, 0, 0
88031, 90181892, 1, 0, 0
88150, 97502320, 1, 0, 0
88208, 104498192, 1, 0, 0
88327, 105930333, 1, 0, 0
88401, 87888463, 1, 0, 0
88511, 116151218, 1, 0, 0
88640, 112561185, 1, 0, 0
88709, 112660993, 1, 0, 0
88838, 130739995, 1, 0, 0
88951, 170142911, 1, 0, 0
89099, 211883053, 1, 0, 0
89100, 259003431, 1, 0, 0
89214, 232341784, 1, 0, 0
89306, 231495257, 1, 0, 0
89400, 165074799, 1, 0, 0
89529, 151699654, 1, 0, 0
89651, 102282083, 1, 0, 0
89712, 96066382, 1, 0, 0
89825, 101706972, 1, 0, 0
89907, 104743017, 1, 0, 0
90027, 81356801, 1, 0, 0
90070, 152400549, 1, 0, 0
