124, 147029, 1, 0, 0
259, 137375, 1, 0, 0
301, 132362, 1, 0, 0
400, 170487, 1, 0, 0
604, 151630, 1, 0, 0
735, 166494, 1, 0, 0
839, 148016, 1, 0, 0
966, 136635, 1, 0, 0
1003, 162267, 1, 0, 0
1125, 125893, 1, 0, 0
1203, 136199, 1, 0, 0
1323, 146123, 1, 0, 0
1401, 143605, 1, 0, 0
1517, 120309, 1, 0, 0
1633, 129302, 1, 0, 0
1752, 133227, 1, 0, 0
1800, 129569, 1, 0, 0
1928, 160510, 1, 0, 0
2000, 173737, 1, 0, 0
2133, 135161, 1, 0, 0
2229, 123110, 1, 0, 0
2326, 139306, 1, 0, 0
2426, 137220, 1, 0, 0
2542, 120239, 1, 0, 0
2659, 143434, 1, 0, 0
2701, 140802, 1, 0, 0
2854, 132188, 1, 0, 0
2908, 149521, 1, 0, 0
3033, 165800, 1, 0, 0
3109, 135618, 1, 0, 0
3241, 159463, 1, 0, 0
3347, 147537, 1, 0, 0
3414, 138596, 1, 0, 0
3550, 119866, 1, 0, 0
3613, 193130, 1, 0, 0
3731, 142257, 1, 0, 0
3824, 169831, 1, 0, 0
3900, 141729, 1, 0, 0
4030, 139991, 1, 0, 0
4153, 366333, 1, 0, 0
4207, 126927, 1, 0, 0
4337, 177087, 1, 0, 0
4431, 149731, 1, 0, 0
4554, 133675, 1, 0, 0
4609, 158178, 1, 0, 0
4726, 143951, 1, 0, 0
4859, 150041, 1, 0, 0
4905, 185487, 1, 0, 0
5006, 129899, 1, 0, 0
5123, 168937, 1, 0, 0
5222, 191738, 1, 0, 0
5307, 145021, 1, 0, 0
5432, 132360, 1, 0, 0
5503, 196818, 1, 0, 0
5668, 140577, 1, 0, 0
5714, 122397, 1, 0, 0
5804, 186146, 1, 0, 0
5923, 131930, 1, 0, 0
6050, 158161, 1, 0, 0
6112, 149602, 1, 0, 0
6217, 128360, 1, 0, 0
6336, 161855, 1, 0, 0
6432, 109738, 1, 0, 0
6563, 163790, 1, 0, 0
6615, 196186, 1, 0, 0
6700, 164584, 1, 0, 0
6809, 124519, 1, 0, 0
6926, 150232, 1, 0, 0
7047, 182161, 1, 0, 0
7111, 125594, 1, 0, 0
7230, 153004, 1, 0, 0
7316, 127722, 1, 0, 0
7400, 150580, 1, 0, 0
7509, 202973, 1, 0, 0
7641, 177688, 1, 0, 0
7722, 172394, 1, 0, 0
7813, 116498, 1, 0, 0
7927, 127119, 1, 0, 0
8058, 153280, 1, 0, 0
8105, 125113, 1, 0, 0
8238, 152594, 1, 0, 0
8305, 154629, 1, 0, 0
8425, 207520, 1, 0, 0
8554, 171825, 1, 0, 0
8618, 169931, 1, 0, 0
8746, 170381, 1, 0, 0
8809, 214849, 1, 0, 0
8940, 150039, 1, 0, 0
9018, 134462, 1, 0, 0
9168, 143382, 1, 0, 0
9272, 158727, 1, 0, 0
9375, 186648, 1, 0, 0
9439, 152170, 1, 0, 0
9500, 186385, 1, 0, 0
9632, 131815, 1, 0, 0
9701, 198839, 1, 0, 0
9804, 181193, 1, 0, 0
9904, 111279, 1, 0, 0
10038, 147728, 1, 0, 0
10168, 166436, 1, 0, 0
10236, 130857, 1, 0, 0
10378, 178531, 1, 0, 0
10425, 158374, 1, 0, 0
10540, 149335, 1, 0, 0
10601, 134136, 1, 0, 0
10800, 132523, 1, 0, 0
10946, 148799, 1, 0, 0
11019, 110376, 1, 0, 0
11158, 159377, 1, 0, 0
11216, 137256, 1, 0, 0
11331, 138891, 1, 0, 0
11405, 134241, 1, 0, 0
11500, 102555, 1, 0, 0
11600, 146700, 1, 0, 0
11717, 173879, 1, 0, 0
11859, 155023, 1, 0, 0
11931, 151973, 1, 0, 0
12047, 191422, 1, 0, 0
12102, 125732, 1, 0, 0
12225, 141431, 1, 0, 0
12301, 150489, 1, 0, 0
12425, 134576, 1, 0, 0
12507, 141532, 1, 0, 0
12603, 86676, 1, 0, 0
12700, 134031, 1, 0, 0
12820, 115125, 1, 0, 0
12943, 182056, 1, 0, 0
13002, 123474, 1, 0, 0
13113, 152940, 1, 0, 0
13243, 144009, 1, 0, 0
13301, 185887, 1, 0, 0
13434, 138100, 1, 0, 0
13548, 165819, 1, 0, 0
13624, 133142, 1, 0, 0
13708, 113247, 1, 0, 0
13838, 157355, 1, 0, 0
13900, 110128, 1, 0, 0
14012, 134819, 1, 0, 0
14129, 126112, 1, 0, 0
14201, 107849, 1, 0, 0
14321, 133080, 1, 0, 0
14416, 207394, 1, 0, 0
14525, 164088, 1, 0, 0
14610, 118161, 1, 0, 0
14738, 141259, 1, 0, 0
14858, 122084, 1, 0, 0
14914, 187728, 1, 0, 0
15030, 137790, 1, 0, 0
15100, 98206, 1, 0, 0
15229, 136914, 1, 0, 0
15358, 176585, 1, 0, 0
15405, 128149, 1, 0, 0
15535, 140434, 1, 0, 0
15600, 148106, 1, 0, 0
15724, 155126, 1, 0, 0
15852, 137037, 1, 0, 0
15908, 146609, 1, 0, 0
16016, 110589, 1, 0, 0
16195, 167131, 1, 0, 0
16200, 183398, 1, 0, 0
16330, 151162, 1, 0, 0
16409, 234038, 1, 0, 0
16527, 256895, 1, 0, 0
16632, 164790, 1, 0, 0
16749, 178693, 1, 0, 0
16807, 166696, 1, 0, 0
16933, 164901, 1, 0, 0
17053, 140018, 1, 0, 0
17120, 186085, 1, 0, 0
17249, 177917, 1, 0, 0
17310, 221658, 1, 0, 0
17422, 180758, 1, 0, 0
17553, 181004, 1, 0, 0
17631, 142243, 1, 0, 0
17711, 106769, 1, 0, 0
17839, 156239, 1, 0, 0
17911, 140300, 1, 0, 0
18003, 192752, 1, 0, 0
18121, 169298, 1, 0, 0
18238, 138487, 1, 0, 0
18310, 91870, 1, 0, 0
18435, 212963, 1, 0, 0
18545, 132706, 1, 0, 0
18606, 190847, 1, 0, 0
18718, 176295, 1, 0, 0
18845, 146263, 1, 0, 0
18913, 158904, 1, 0, 0
19049, 154815, 1, 0, 0
19103, 244123, 1, 0, 0
19247, 254104, 1, 0, 0
19306, 150998, 1, 0, 0
19499, 163406, 1, 0, 0
19500, 189634, 1, 0, 0
19661, 153025, 1, 0, 0
19760, 119141, 1, 0, 0
19828, 160160, 1, 0, 0
19954, 182505, 1, 0, 0
20010, 172168, 1, 0, 0
20113, 148087, 1, 0, 0
20208, 141210, 1, 0, 0
20327, 163561, 1, 0, 0
20400, 173483, 1, 0, 0
20522, 123077, 1, 0, 0
20652, 196811, 1, 0, 0
20707, 122031, 1, 0, 0
20831, 170553, 1, 0, 0
20901, 180606, 1, 0, 0
21018, 146363, 1, 0, 0
21136, 149781, 1, 0, 0
21209, 203415, 1, 0, 0
21326, 127758, 1, 0, 0
21468, 174196, 1, 0, 0
21549, 164798, 1, 0, 0
21615, 200079, 1, 0, 0
21731, 177406, 1, 0, 0
21800, 123773, 1, 0, 0
21915, 141303, 1, 0, 0
22049, 154847, 1, 0, 0
22116, 322332, 1, 0, 0
22245, 155136, 1, 0, 0
22370, 143553, 1, 0, 0
22415, 170541, 1, 0, 0
22546, 152685, 1, 0, 0
22622, 147880, 1, 0, 0
22741, 178304, 1, 0, 0
22801, 195902, 1, 0, 0
22930, 128847, 1, 0, 0
23044, 129604, 1, 0, 0
23105, 110280, 1, 0, 0
23220, 151327, 1, 0, 0
23351, 137675, 1, 0, 0
23405, 169141, 1, 0, 0
23531, 180448, 1, 0, 0
23600, 140663, 1, 0, 0
23721, 153979, 1, 0, 0
23804, 203576, 1, 0, 0
23901, 145763, 1, 0, 0
24006, 162534, 1, 0, 0
24142, 171806, 1, 0, 0
24211, 151976, 1, 0, 0
24338, 169451, 1, 0, 0
24413, 198154, 1, 0, 0
24521, 183313, 1, 0, 0
24610, 154333, 1, 0, 0
24708, 137567, 1, 0, 0
24818, 106284, 1, 0, 0
24958, 158065, 1, 0, 0
25003, 116765, 1, 0, 0
25126, 163594, 1, 0, 0
25253, 168791, 1, 0, 0
25311, 179928, 1, 0, 0
25426, 163447, 1, 0, 0
25551, 127381, 1, 0, 0
25617, 177778, 1, 0, 0
25728, 103703, 1, 0, 0
25849, 160108, 1, 0, 0
25931, 142860, 1, 0, 0
26058, 160156, 1, 0, 0
26116, 135305, 1, 0, 0
26227, 134253, 1, 0, 0
26321, 155007, 1, 0, 0
26433, 132143, 1, 0, 0
26533, 190716, 1, 0, 0
26603, 159660, 1, 0, 0
26726, 172284, 1, 0, 0
26800, 142878, 1, 0, 0
26911, 126055, 1, 0, 0
27045, 131819, 1, 0, 0
27156, 176908, 1, 0, 0
27206, 185221, 1, 0, 0
27335, 136346, 1, 0, 0
27402, 149654, 1, 0, 0
27520, 201295, 1, 0, 0
27645, 169218, 1, 0, 0
27721, 204649, 1, 0, 0
27809, 130932, 1, 0, 0
27929, 135458, 1, 0, 0
28004, 273583, 1, 0, 0
28124, 153790, 1, 0, 0
28238, 150471, 1, 0, 0
28307, 166003, 1, 0, 0
28413, 104565, 1, 0, 0
28542, 146256, 1, 0, 0
28605, 175331, 1, 0, 0
28723, 157398, 1, 0, 0
28842, 166524, 1, 0, 0
28904, 112408, 1, 0, 0
29029, 161231, 1, 0, 0
29106, 163967, 1, 0, 0
29214, 143101, 1, 0, 0
29333, 137518, 1, 0, 0
29408, 161253, 1, 0, 0
29526, 244709, 1, 0, 0
29605, 130787, 1, 0, 0
29744, 137211, 1, 0, 0
29854, 188794, 1, 0, 0
29927, 175352, 1, 0, 0
30047, 118146, 1, 0, 0
30104, 166592, 1, 0, 0
30225, 149809, 1, 0, 0
30321, 208216, 1, 0, 0
30442, 150932, 1, 0, 0
30557, 160579, 1, 0, 0
30602, 130607, 1, 0, 0
30738, 179336, 1, 0, 0
30810, 160859, 1, 0, 0
30940, 139759, 1, 0, 0
31060, 165005, 1, 0, 0
31115, 129262, 1, 0, 0
31249, 151015, 1, 0, 0
31312, 153601, 1, 0, 0
31432, 155375, 1, 0, 0
31513, 142558, 1, 0, 0
31606, 154323, 1, 0, 0
31759, 160713, 1, 0, 0
31806, 152101, 1, 0, 0
31903, 102923, 1, 0, 0
32010, 121178, 1, 0, 0
32130, 179759, 1, 0, 0
32248, 137349, 1, 0, 0
32301, 157688, 1, 0, 0
32429, 170642, 1, 0, 0
32507, 153088, 1, 0, 0
32638, 130349, 1, 0, 0
32710, 155369, 1, 0, 0
32839, 136938, 1, 0, 0
32904, 155502, 1, 0, 0
33022, 168731, 1, 0, 0
33137, 167546, 1, 0, 0
33231, 137496, 1, 0, 0
33327, 167465, 1, 0, 0
33425, 167754, 1, 0, 0
33534, 176483, 1, 0, 0
33618, 106824, 1, 0, 0
33755, 146155, 1, 0, 0
33813, 142752, 1, 0, 0
33933, 143119, 1, 0, 0
34003, 180901, 1, 0, 0
34125, 160099, 1, 0, 0
34236, 183939, 1, 0, 0
34301, 130214, 1, 0, 0
34425, 154966, 1, 0, 0
34545, 131638, 1, 0, 0
34620, 147574, 1, 0, 0
34739, 156307, 1, 0, 0
34803, 149771, 1, 0, 0
34967, 175441, 1, 0, 0
35028, 151329, 1, 0, 0
35100, 132709, 1, 0, 0
35201, 128743, 1, 0, 0
35313, 217709, 1, 0, 0
35404, 118850, 1, 0, 0
35511, 155421, 1, 0, 0
35632, 108816, 1, 0, 0
35769, 164145, 1, 0, 0
35822, 128113, 1, 0, 0
35952, 172856, 1, 0, 0
36019, 160400, 1, 0, 0
36134, 144990, 1, 0, 0
36202, 144652, 1, 0, 0
36326, 141399, 1, 0, 0
36405, 144343, 1, 0, 0
36524, 160218, 1, 0, 0
36607, 100652, 1, 0, 0
36707, 149653, 1, 0, 0
36868, 193892, 1, 0, 0
36936, 132093, 1, 0, 0
37038, 132716, 1, 0, 0
37100, 123236, 1, 0, 0
37225, 195215, 1, 0, 0
37300, 166934, 1, 0, 0
37415, 152329, 1, 0, 0
37543, 131094, 1, 0, 0
37606, 119058, 1, 0, 0
37710, 113201, 1, 0, 0
37821, 121460, 1, 0, 0
37944, 248037, 1, 0, 0
38002, 137571, 1, 0, 0
38128, 149824, 1, 0, 0
38200, 144282, 1, 0, 0
38327, 169530, 1, 0, 0
38458, 150045, 1, 0, 0
38516, 178715, 1, 0, 0
38601, 112693, 1, 0, 0
38714, 111114, 1, 0, 0
38832, 151689, 1, 0, 0
38908, 187156, 1, 0, 0
39031, 215694, 1, 0, 0
39148, 188508, 1, 0, 0
39203, 193813, 1, 0, 0
39322, 156433, 1, 0, 0
39400, 144027, 1, 0, 0
39510, 149650, 1, 0, 0
39626, 133599, 1, 0, 0
39700, 110343, 1, 0, 0
39813, 223400, 1, 0, 0
39940, 127802, 1, 0, 0
40059, 140223, 1, 0, 0
40134, 143677, 1, 0, 0
40221, 165906, 1, 0, 0
40314, 133436, 1, 0, 0
40449, 143180, 1, 0, 0
40502, 143574, 1, 0, 0
40608, 162205, 1, 0, 0
40764, 128776, 1, 0, 0
40818, 151529, 1, 0, 0
40936, 173648, 1, 0, 0
41000, 227802, 1, 0, 0
41137, 202472, 1, 0, 0
41202, 133960, 1, 0, 0
41319, 148017, 1, 0, 0
41436, 154131, 1, 0, 0
41506, 111548, 1, 0, 0
41642, 168260, 1, 0, 0
41707, 161525, 1, 0, 0
41843, 152027, 1, 0, 0
41910, 139334, 1, 0, 0
42044, 131426, 1, 0, 0
42129, 156000, 1, 0, 0
42253, 148322, 1, 0, 0
42320, 144923, 1, 0, 0
42455, 188163, 1, 0, 0
42517, 131996, 1, 0, 0
42643, 129234, 1, 0, 0
42731, 130330, 1, 0, 0
42852, 136602, 1, 0, 0
42901, 171187, 1, 0, 0
43013, 131587, 1, 0, 0
43142, 170384, 1, 0, 0
43216, 199586, 1, 0, 0
43332, 167603, 1, 0, 0
43445, 131357, 1, 0, 0
43517, 139768, 1, 0, 0
43621, 167608, 1, 0, 0
43718, 158917, 1, 0, 0
43856, 178441, 1, 0, 0
43934, 150963, 1, 0, 0
44040, 164601, 1, 0, 0
44119, 162047, 1, 0, 0
44234, 185609, 1, 0, 0
44301, 119421, 1, 0, 0
44427, 152330, 1, 0, 0
44538, 142991, 1, 0, 0
44601, 171738, 1, 0, 0
44730, 114471, 1, 0, 0
44849, 120320, 1, 0, 0
44910, 770164, 1, 0, 0
45026, 161126, 1, 0, 0
45103, 271708, 1, 0, 0
45232, 135468, 1, 0, 0
45301, 160590, 1, 0, 0
45433, 134388, 1, 0, 0
45533, 156436, 1, 0, 0
45673, 171026, 1, 0, 0
45724, 163011, 1, 0, 0
45858, 161483, 1, 0, 0
45931, 190376, 1, 0, 0
46002, 166089, 1, 0, 0
46127, 146125, 1, 0, 0
46242, 156104, 1, 0, 0
46306, 133641, 1, 0, 0
46443, 160818, 1, 0, 0
46507, 222337, 1, 0, 0
46628, 112385, 1, 0, 0
46746, 170701, 1, 0, 0
46820, 162466, 1, 0, 0
46935, 140599, 1, 0, 0
47032, 152474, 1, 0, 0
47100, 145791, 1, 0, 0
47240, 143161, 1, 0, 0
47357, 116174, 1, 0, 0
47424, 144514, 1, 0, 0
47538, 160577, 1, 0, 0
47658, 126871, 1, 0, 0
47704, 149614, 1, 0, 0
47838, 143882, 1, 0, 0
47902, 169144, 1, 0, 0
48023, 141175, 1, 0, 0
48148, 137716, 1, 0, 0
48207, 179554, 1, 0, 0
48328, 151736, 1, 0, 0
48401, 125734, 1, 0, 0
48520, 140661, 1, 0, 0
48601, 159610, 1, 0, 0
48727, 139786, 1, 0, 0
48920, 102754, 1, 0, 0
49023, 169916, 1, 0, 0
49121, 167243, 1, 0, 0
49235, 143207, 1, 0, 0
49358, 164089, 1, 0, 0
49402, 155275, 1, 0, 0
49520, 132841, 1, 0, 0
49605, 157176, 1, 0, 0
49736, 171590, 1, 0, 0
49858, 145756, 1, 0, 0
49907, 174187, 1, 0, 0
50003, 165829, 1, 0, 0
50118, 150131, 1, 0, 0
50243, 147896, 1, 0, 0
50364, 177201, 1, 0, 0
50454, 168874, 1, 0, 0
50564, 132844, 1, 0, 0
50702, 225053, 1, 0, 0
50813, 111267, 1, 0, 0
50927, 158016, 1, 0, 0
51010, 129158, 1, 0, 0
51143, 184204, 1, 0, 0
51222, 138038, 1, 0, 0
51352, 172260, 1, 0, 0
51400, 146781, 1, 0, 0
51538, 138209, 1, 0, 0
51606, 150149, 1, 0, 0
51927, 148554, 1, 0, 0
52000, 159985, 1, 0, 0
52149, 132431, 1, 0, 0
52212, 133491, 1, 0, 0
52309, 118166, 1, 0, 0
52446, 129622, 1, 0, 0
52572, 117690, 1, 0, 0
52656, 131460, 1, 0, 0
52709, 137351, 1, 0, 0
52833, 144023, 1, 0, 0
52900, 122302, 1, 0, 0
53018, 190792, 1, 0, 0
53135, 166098, 1, 0, 0
53209, 176657, 1, 0, 0
53325, 126753, 1, 0, 0
53417, 121733, 1, 0, 0
53534, 134499, 1, 0, 0
53655, 144763, 1, 0, 0
53709, 134054, 1, 0, 0
53822, 192593, 1, 0, 0
53915, 211321, 1, 0, 0
54006, 154142, 1, 0, 0
54131, 139549, 1, 0, 0
54275, 118143, 1, 0, 0
54333, 187929, 1, 0, 0
54407, 134003, 1, 0, 0
54517, 177818, 1, 0, 0
54628, 149833, 1, 0, 0
54702, 151788, 1, 0, 0
54818, 132128, 1, 0, 0
54949, 166296, 1, 0, 0
55010, 103644, 1, 0, 0
55122, 134619, 1, 0, 0
55248, 159342, 1, 0, 0
55312, 158999, 1, 0, 0
55429, 159341, 1, 0, 0
55557, 143914, 1, 0, 0
55617, 95975, 1, 0, 0
55762, 148314, 1, 0, 0
55825, 100097, 1, 0, 0
55919, 178849, 1, 0, 0
56051, 123155, 1, 0, 0
56114, 157950, 1, 0, 0
56241, 127916, 1, 0, 0
56305, 113075, 1, 0, 0
56432, 171026, 1, 0, 0
56501, 142923, 1, 0, 0
56611, 101209, 1, 0, 0
56750, 107053, 1, 0, 0
56800, 132742, 1, 0, 0
56900, 161425, 1, 0, 0
57008, 122693, 1, 0, 0
57132, 139447, 1, 0, 0
57207, 139131, 1, 0, 0
57403, 146089, 1, 0, 0
57542, 144616, 1, 0, 0
57683, 183656, 1, 0, 0
57779, 139818, 1, 0, 0
57847, 151725, 1, 0, 0
57972, 137191, 1, 0, 0
58028, 187747, 1, 0, 0
58104, 169494, 1, 0, 0
58230, 125102, 1, 0, 0
58345, 164499, 1, 0, 0
58468, 137044, 1, 0, 0
58526, 185132, 1, 0, 0
58648, 136560, 1, 0, 0
58709, 194166, 1, 0, 0
58833, 157098, 1, 0, 0
58914, 153217, 1, 0, 0
59003, 308274, 1, 0, 0
59156, 190931, 1, 0, 0
59303, 141883, 1, 0, 0
59439, 161129, 1, 0, 0
59514, 166056, 1, 0, 0
59638, 146247, 1, 0, 0
59702, 153699, 1, 0, 0
59826, 133621, 1, 0, 0
59902, 153021, 1, 0, 0
60014, 170473, 1, 0, 0
60141, 150459, 1, 0, 0
60203, 158207, 1, 0, 0
60321, 151533, 1, 0, 0
60441, 129613, 1, 0, 0
60517, 184120, 1, 0, 0
60666, 183723, 1, 0, 0
60779, 196610, 1, 0, 0
60912, 158491, 1, 0, 0
61048, 180184, 1, 0, 0
61150, 142292, 1, 0, 0
61208, 195829, 1, 0, 0
61332, 135970, 1, 0, 0
61458, 149968, 1, 0, 0
61506, 180941, 1, 0, 0
61623, 159447, 1, 0, 0
61703, 262407, 1, 0, 0
61815, 132878, 1, 0, 0
61943, 139099, 1, 0, 0
62000, 164820, 1, 0, 0
62128, 171001, 1, 0, 0
62249, 211219, 1, 0, 0
62361, 139008, 1, 0, 0
62516, 216673, 1, 0, 0
62655, 194568, 1, 0, 0
62795, 190657, 1, 0, 0
62800, 225830, 1, 0, 0
62915, 159969, 1, 0, 0
63025, 133131, 1, 0, 0
63139, 175025, 1, 0, 0
63265, 203730, 1, 0, 0
63318, 111985, 1, 0, 0
63400, 196172, 1, 0, 0
63517, 173878, 1, 0, 0
63627, 150615, 1, 0, 0
63706, 113162, 1, 0, 0
63824, 159161, 1, 0, 0
63947, 127325, 1, 0, 0
64003, 123621, 1, 0, 0
64109, 146165, 1, 0, 0
64270, 181035, 1, 0, 0
64319, 94400, 1, 0, 0
64409, 196804, 1, 0, 0
64530, 116691, 1, 0, 0
64651, 150703, 1, 0, 0
64710, 171589, 1, 0, 0
64828, 176540, 1, 0, 0
64906, 119981, 1, 0, 0
65039, 140812, 1, 0, 0
65103, 159271, 1, 0, 0
65226, 134948, 1, 0, 0
65349, 161668, 1, 0, 0
65412, 147889, 1, 0, 0
65532, 192471, 1, 0, 0
65624, 168838, 1, 0, 0
65735, 182462, 1, 0, 0
65893, 178629, 1, 0, 0
66001, 156477, 1, 0, 0
66100, 179765, 1, 0, 0
66260, 156757, 1, 0, 0
66326, 136824, 1, 0, 0
66447, 163451, 1, 0, 0
66530, 137538, 1, 0, 0
66651, 125554, 1, 0, 0
66711, 155061, 1, 0, 0
66840, 136097, 1, 0, 0
66906, 178397, 1, 0, 0
67033, 183554, 1, 0, 0
67105, 144454, 1, 0, 0
67222, 143682, 1, 0, 0
67343, 104765, 1, 0, 0
67435, 130676, 1, 0, 0
67577, 127067, 1, 0, 0
67611, 90944, 1, 0, 0
67700, 194402, 1, 0, 0
67835, 101889, 1, 0, 0
67917, 122088, 1, 0, 0
68002, 140594, 1, 0, 0
68122, 138290, 1, 0, 0
68243, 172784, 1, 0, 0
68304, 164381, 1, 0, 0
68425, 151369, 1, 0, 0
68500, 160763, 1, 0, 0
68615, 136763, 1, 0, 0
68752, 168139, 1, 0, 0
68819, 136635, 1, 0, 0
68939, 156522, 1, 0, 0
69043, 152544, 1, 0, 0
69178, 170049, 1, 0, 0
69214, 439253, 1, 0, 0
69305, 162038, 1, 0, 0
69453, 122716, 1, 0, 0
69500, 174568, 1, 0, 0
69618, 131457, 1, 0, 0
69745, 128941, 1, 0, 0
69804, 178104, 1, 0, 0
69925, 193575, 1, 0, 0
70045, 154522, 1, 0, 0
70107, 187175, 1, 0, 0
70222, 151270, 1, 0, 0
70334, 199230, 1, 0, 0
70431, 119677, 1, 0, 0
70504, 163667, 1, 0, 0
70603, 108561, 1, 0, 0
70703, 171429, 1, 0, 0
70812, 146083, 1, 0, 0
70915, 116173, 1, 0, 0
71075, 144516, 1, 0, 0
71109, 124668, 1, 0, 0
71236, 154904, 1, 0, 0
71300, 154478, 1, 0, 0
71413, 148813, 1, 0, 0
71539, 142573, 1, 0, 0
71615, 146128, 1, 0, 0
71732, 146038, 1, 0, 0
71854, 170347, 1, 0, 0
71903, 141937, 1, 0, 0
72044, 125435, 1, 0, 0
72107, 155869, 1, 0, 0
72262, 120669, 1, 0, 0
72329, 153012, 1, 0, 0
72473, 141675, 1, 0, 0
72546, 115167, 1, 0, 0
72642, 135878, 1, 0, 0
72726, 103501, 1, 0, 0
72875, 110741, 1, 0, 0
72901, 110498, 1, 0, 0
73020, 135453, 1, 0, 0
73141, 135543, 1, 0, 0
73200, 146264, 1, 0, 0
73330, 164146, 1, 0, 0
73453, 101964, 1, 0, 0
73511, 102219, 1, 0, 0
73632, 130609, 1, 0, 0
73712, 162380, 1, 0, 0
73882, 156936, 1, 0, 0
73997, 163888, 1, 0, 0
74000, 156193, 1, 0, 0
74127, 247791, 1, 0, 0
74277, 254791, 1, 0, 0
74395, 148992, 1, 0, 0
74471, 171402, 1, 0, 0
74508, 158346, 1, 0, 0
74643, 220999, 1, 0, 0
74715, 145392, 1, 0, 0
74844, 123762, 1, 0, 0
74900, 152164, 1, 0, 0
75022, 152534, 1, 0, 0
75152, 159718, 1, 0, 0
75209, 146446, 1, 0, 0
75307, 143337, 1, 0, 0
75414, 157361, 1, 0, 0
75589, 164252, 1, 0, 0
75686, 138566, 1, 0, 0
75855, 205399, 1, 0, 0
75954, 121789, 1, 0, 0
76063, 169935, 1, 0, 0
76150, 172781, 1, 0, 0
76216, 181308, 1, 0, 0
76337, 141378, 1, 0, 0
76407, 139295, 1, 0, 0
76526, 136304, 1, 0, 0
76646, 159030, 1, 0, 0
76708, 145069, 1, 0, 0
76836, 218515, 1, 0, 0
76902, 147505, 1, 0, 0
77034, 140191, 1, 0, 0
77100, 116023, 1, 0, 0
77212, 143684, 1, 0, 0
77305, 125127, 1, 0, 0
77453, 179899, 1, 0, 0
77597, 173934, 1, 0, 0
77733, 123185, 1, 0, 0
77802, 175247, 1, 0, 0
77925, 140153, 1, 0, 0
78057, 171398, 1, 0, 0
78107, 168902, 1, 0, 0
78242, 129814, 1, 0, 0
78300, 139596, 1, 0, 0
78415, 140044, 1, 0, 0
78501, 132965, 1, 0, 0
78617, 140624, 1, 0, 0
78739, 146499, 1, 0, 0
78815, 153429, 1, 0, 0
78933, 161616, 1, 0, 0
79000, 182697, 1, 0, 0
79143, 160983, 1, 0, 0
79203, 112259, 1, 0, 0
79358, 141043, 1, 0, 0
79422, 192629, 1, 0, 0
79538, 149179, 1, 0, 0
79640, 125396, 1, 0, 0
79713, 189794, 1, 0, 0
79835, 144409, 1, 0, 0
79900, 161851, 1, 0, 0
80012, 140813, 1, 0, 0
80147, 163029, 1, 0, 0
80258, 146713, 1, 0, 0
80310, 164894, 1, 0, 0
80466, 140007, 1, 0, 0
80618, 165201, 1, 0, 0
80755, 134887, 1, 0, 0
80882, 217078, 1, 0, 0
81001, 156871, 1, 0, 0
81159, 173083, 1, 0, 0
81225, 176866, 1, 0, 0
81340, 138403, 1, 0, 0
81422, 205945, 1, 0, 0
81543, 145926, 1, 0, 0
81606, 118815, 1, 0, 0
81729, 172654, 1, 0, 0
81823, 201864, 1, 0, 0
81949, 209236, 1, 0, 0
82009, 180444, 1, 0, 0
82165, 159733, 1, 0, 0
82304, 164220, 1, 0, 0
82426, 152151, 1, 0, 0
82542, 146728, 1, 0, 0
82631, 143826, 1, 0, 0
82747, 173706, 1, 0, 0
82826, 184706, 1, 0, 0
82941, 138039, 1, 0, 0
83068, 257471, 1, 0, 0
83119, 162143, 1, 0, 0
83248, 135216, 1, 0, 0
83306, 153484, 1, 0, 0
83428, 167415, 1, 0, 0
83525, 123349, 1, 0, 0
83644, 176650, 1, 0, 0
83778, 160033, 1, 0, 0
83818, 109516, 1, 0, 0
83926, 156632, 1, 0, 0
84031, 110494, 1, 0, 0
84154, 124829, 1, 0, 0
84233, 116095, 1, 0, 0
84327, 151934, 1, 0, 0
84427, 106677, 1, 0, 0
84559, 163328, 1, 0, 0
84616, 147619, 1, 0, 0
84746, 173198, 1, 0, 0
84805, 149219, 1, 0, 0
84919, 161210, 1, 0, 0
85001, 112349, 1, 0, 0
85107, 151791, 1, 0, 0
85230, 187518, 1, 0, 0
85302, 147313, 1, 0, 0
85466, 139555, 1, 0, 0
85591, 210580, 1, 0, 0
85706, 210435, 1, 0, 0
85840, 209072, 1, 0, 0
85989, 162146, 1, 0, 0
86081, 148647, 1, 0, 0
86141, 159789, 1, 0, 0
86208, 233026, 1, 0, 0
86321, 134065, 1, 0, 0
86458, 163243, 1, 0, 0
86509, 150186, 1, 0, 0
86635, 180787, 1, 0, 0
86701, 112496, 1, 0, 0
86822, 196158, 1, 0, 0
86943, 159495, 1, 0, 0
87003, 172764, 1, 0, 0
87107, 157887, 1, 0, 0
87314, 158747, 1, 0, 0
87435, 135414, 1, 0, 0
87616, 129290, 1, 0, 0
87711, 144622, 1, 0, 0
87801, 124189, 1, 0, 0
87909, 147650, 1, 0, 0
88031, 208284, 1, 0, 0
88150, 141454, 1, 0, 0
88208, 154926, 1, 0, 0
88327, 160430, 1, 0, 0
88402, 194871, 1, 0, 0
88511, 134592, 1, 0, 0
88640, 164412, 1, 0, 0
88709, 154371, 1, 0, 0
88839, 138200, 1, 0, 0
88951, 148588, 1, 0, 0
89099, 171836, 1, 0, 0
89100, 130470, 1, 0, 0
89214, 143844, 1, 0, 0
89307, 243642, 1, 0, 0
89400, 194261, 1, 0, 0
89529, 120942, 1, 0, 0
89651, 149311, 1, 0, 0
89712, 111453, 1, 0, 0
89825, 183797, 1, 0, 0
89907, 114015, 1, 0, 0
90070, 161595, 1, 0, 0
