117, 25664217, 1, 0, 0
215, 24592686, 1, 0, 0
310, 24206248, 1, 0, 0
407, 27511430, 1, 0, 0
506, 24471627, 1, 0, 0
606, 24777752, 1, 0, 0
700, 27559320, 1, 0, 0
815, 22904830, 1, 0, 0
913, 24041715, 1, 0, 0
1011, 24702582, 1, 0, 0
1107, 21712538, 1, 0, 0
1202, 26881962, 1, 0, 0
1306, 25154599, 1, 0, 0
1406, 25468620, 1, 0, 0
1502, 21565405, 1, 0, 0
1615, 25164420, 1, 0, 0
1711, 27062730, 1, 0, 0
1810, 24513653, 1, 0, 0
1906, 24460862, 1, 0, 0
2001, 27395302, 1, 0, 0
2102, 25000136, 1, 0, 0
2203, 28725433, 1, 0, 0
2302, 22222773, 1, 0, 0
2402, 26770232, 1, 0, 0
2556, 67703977, 1, 0, 0
2612, 59923624, 1, 0, 0
2741, 81199889, 1, 0, 0
2803, 131649389, 1, 0, 0
2925, 79866062, 1, 0, 0
3026, 74881583, 1, 0, 0
3104, 29741380, 1, 0, 0
3217, 22840756, 1, 0, 0
3314, 24124201, 1, 0, 0
3411, 24316365, 1, 0, 0
3505, 23814342, 1, 0, 0
3600, 23664067, 1, 0, 0
3719, 23337145, 1, 0, 0
3817, 24756555, 1, 0, 0
3913, 24526574, 1, 0, 0
4010, 27128789, 1, 0, 0
4107, 21659189, 1, 0, 0
4214, 22704572, 1, 0, 0
4316, 23943231, 1, 0, 0
4414, 24249055, 1, 0, 0
4512, 21829906, 1, 0, 0
4614, 22422688, 1, 0, 0
4717, 20845088, 1, 0, 0
4817, 27972632, 1, 0, 0
4912, 24413700, 1, 0, 0
5008, 27306869, 1, 0, 0
5103, 21035732, 1, 0, 0
5207, 29886415, 1, 0, 0
5330, 29758321, 1, 0, 0
5432, 68830965, 1, 0, 0
5549, 75167558, 1, 0, 0
5607, 59265955, 1, 0, 0
5722, 76821501, 1, 0, 0
5842, 59233342, 1, 0, 0
5954, 96430797, 1, 0, 0
6005, 53040797, 1, 0, 0
6108, 26718307, 1, 0, 0
6214, 23640422, 1, 0, 0
6306, 22527845, 1, 0, 0
6413, 23996970, 1, 0, 0
6511, 21761937, 1, 0, 0
6612, 22398983, 1, 0, 0
6710, 21808966, 1, 0, 0
6807, 23803227, 1, 0, 0
6904, 27747570, 1, 0, 0
7016, 22531855, 1, 0, 0
7114, 24436035, 1, 0, 0
7222, 29305138, 1, 0, 0
7321, 22959652, 1, 0, 0
7408, 22605822, 1, 0, 0
7505, 23960250, 1, 0, 0
7610, 23451434, 1, 0, 0
7703, 22853500, 1, 0, 0
7808, 21133823, 1, 0, 0
7908, 22120711, 1, 0, 0
8008, 20060178, 1, 0, 0
8148, 40658686, 1, 0, 0
8200, 106267600, 1, 0, 0
8312, 71573279, 1, 0, 0
8415, 71615810, 1, 0, 0
8534, 76753235, 1, 0, 0
8641, 56145658, 1, 0, 0
8718, 54312107, 1, 0, 0
8815, 43762131, 1, 0, 0
8901, 24626048, 1, 0, 0
9006, 20963133, 1, 0, 0
9111, 20629029, 1, 0, 0
9212, 22620571, 1, 0, 0
9317, 23184164, 1, 0, 0
9417, 20076972, 1, 0, 0
9501, 24711340, 1, 0, 0
9609, 23713647, 1, 0, 0
9716, 21013814, 1, 0, 0
9818, 22437832, 1, 0, 0
9913, 21807890, 1, 0, 0
10014, 22502765, 1, 0, 0
10113, 21869741, 1, 0, 0
10210, 21456458, 1, 0, 0
10306, 21203554, 1, 0, 0
10403, 19511457, 1, 0, 0
10508, 23062924, 1, 0, 0
10608, 22416394, 1, 0, 0
10707, 21791121, 1, 0, 0
10832, 22498690, 1, 0, 0
10914, 56967722, 1, 0, 0
11027, 68753452, 1, 0, 0
11145, 78410081, 1, 0, 0
11206, 59810887, 1, 0, 0
11303, 39423540, 1, 0, 0
11403, 22395278, 1, 0, 0
11503, 20328113, 1, 0, 0
11605, 20096471, 1, 0, 0
11708, 23031002, 1, 0, 0
11811, 20667678, 1, 0, 0
11917, 25941125, 1, 0, 0
12015, 21768752, 1, 0, 0
12114, 24383555, 1, 0, 0
12211, 27813445, 1, 0, 0
12307, 24515226, 1, 0, 0
12412, 25706689, 1, 0, 0
12509, 27888364, 1, 0, 0
12605, 23941504, 1, 0, 0
12702, 27571285, 1, 0, 0
12816, 22941761, 1, 0, 0
12913, 24149421, 1, 0, 0
13011, 24539304, 1, 0, 0
13107, 23874471, 1, 0, 0
13202, 24009844, 1, 0, 0
13317, 25485658, 1, 0, 0
13416, 24472972, 1, 0, 0
13514, 21892940, 1, 0, 0
13615, 29276080, 1, 0, 0
13709, 23382973, 1, 0, 0
13800, 26049946, 1, 0, 0
13900, 25391144, 1, 0, 0
14007, 65630058, 1, 0, 0
14123, 78469093, 1, 0, 0
14254, 81840918, 1, 0, 0
14311, 126751341, 1, 0, 0
14428, 78031591, 1, 0, 0
14512, 25899807, 1, 0, 0
14600, 22424408, 1, 0, 0
14708, 23542057, 1, 0, 0
14813, 23085245, 1, 0, 0
14918, 21196603, 1, 0, 0
15001, 21462144, 1, 0, 0
15100, 23969988, 1, 0, 0
15206, 21581824, 1, 0, 0
15306, 22423394, 1, 0, 0
15410, 23162530, 1, 0, 0
15501, 22005322, 1, 0, 0
15606, 23182132, 1, 0, 0
15712, 23434480, 1, 0, 0
15812, 20325154, 1, 0, 0
15913, 22408197, 1, 0, 0
16016, 22955885, 1, 0, 0
16101, 21733768, 1, 0, 0
16209, 23506921, 1, 0, 0
16307, 22035515, 1, 0, 0
16412, 23197758, 1, 0, 0
16512, 20052029, 1, 0, 0
16605, 25467256, 1, 0, 0
16704, 24302609, 1, 0, 0
16830, 27455810, 1, 0, 0
16939, 60095153, 1, 0, 0
17002, 66856570, 1, 0, 0
17133, 83482279, 1, 0, 0
17213, 43503512, 1, 0, 0
17313, 22133801, 1, 0, 0
17415, 22385170, 1, 0, 0
17500, 24920096, 1, 0, 0
17602, 22816927, 1, 0, 0
17717, 20564475, 1, 0, 0
17814, 21755221, 1, 0, 0
17914, 22192169, 1, 0, 0
18012, 19510222, 1, 0, 0
18111, 22074221, 1, 0, 0
18211, 22111364, 1, 0, 0
18315, 23271755, 1, 0, 0
18400, 21378687, 1, 0, 0
18500, 22389716, 1, 0, 0
18600, 22286599, 1, 0, 0
18708, 23499598, 1, 0, 0
18811, 22884514, 1, 0, 0
18914, 20536947, 1, 0, 0
19005, 26434590, 1, 0, 0
19105, 22280986, 1, 0, 0
19203, 21801595, 1, 0, 0
19301, 21623006, 1, 0, 0
19411, 21953275, 1, 0, 0
19514, 22891014, 1, 0, 0
19603, 24665436, 1, 0, 0
19707, 23201026, 1, 0, 0
19812, 20975985, 1, 0, 0
19934, 35988529, 1, 0, 0
20045, 72203205, 1, 0, 0
20148, 70210166, 1, 0, 0
20201, 102330493, 1, 0, 0
20306, 73028530, 1, 0, 0
20444, 54672578, 1, 0, 0
20508, 40080255, 1, 0, 0
20608, 19949202, 1, 0, 0
20704, 21494752, 1, 0, 0
20806, 22308188, 1, 0, 0
20911, 23294503, 1, 0, 0
21021, 23122532, 1, 0, 0
21111, 21605466, 1, 0, 0
21210, 22130067, 1, 0, 0
21307, 21647947, 1, 0, 0
21406, 21677253, 1, 0, 0
21502, 21439983, 1, 0, 0
21600, 17827609, 1, 0, 0
21716, 20655535, 1, 0, 0
21813, 21573935, 1, 0, 0
21911, 21905493, 1, 0, 0
22008, 21627740, 1, 0, 0
22107, 21767406, 1, 0, 0
22209, 22664478, 1, 0, 0
22307, 21852294, 1, 0, 0
22403, 21408641, 1, 0, 0
22504, 18422111, 1, 0, 0
22605, 22162722, 1, 0, 0
22708, 20824787, 1, 0, 0
22828, 30425670, 1, 0, 0
22934, 66665343, 1, 0, 0
23037, 71487616, 1, 0, 0
23117, 36105337, 1, 0, 0
23205, 36077540, 1, 0, 0
23311, 73163529, 1, 0, 0
23416, 26806126, 1, 0, 0
23518, 20376668, 1, 0, 0
23606, 25555051, 1, 0, 0
23710, 23086988, 1, 0, 0
23809, 19827509, 1, 0, 0
23907, 21833196, 1, 0, 0
24018, 24210886, 1, 0, 0
24115, 27639258, 1, 0, 0
24209, 21281373, 1, 0, 0
24304, 26989667, 1, 0, 0
24402, 24404133, 1, 0, 0
24501, 24487396, 1, 0, 0
24613, 23016915, 1, 0, 0
24708, 26501242, 1, 0, 0
24804, 23976039, 1, 0, 0
24901, 27521043, 1, 0, 0
25015, 23092338, 1, 0, 0
25113, 27723853, 1, 0, 0
25209, 24126643, 1, 0, 0
25308, 27738750, 1, 0, 0
25402, 24090205, 1, 0, 0
25521, 21219789, 1, 0, 0
25611, 23243764, 1, 0, 0
25703, 23270672, 1, 0, 0
25806, 20457744, 1, 0, 0
25929, 38607884, 1, 0, 0
26044, 66648951, 1, 0, 0
26152, 74021590, 1, 0, 0
26220, 122119949, 1, 0, 0
26338, 81027576, 1, 0, 0
26402, 28984570, 1, 0, 0
26500, 19423401, 1, 0, 0
26615, 22912060, 1, 0, 0
26713, 21971036, 1, 0, 0
26810, 19438334, 1, 0, 0
26908, 21771535, 1, 0, 0
27011, 22322494, 1, 0, 0
27108, 24430091, 1, 0, 0
27200, 26403559, 1, 0, 0
27318, 21346370, 1, 0, 0
27415, 26972489, 1, 0, 0
27500, 21303481, 1, 0, 0
27602, 25128571, 1, 0, 0
27700, 27899149, 1, 0, 0
27815, 23336773, 1, 0, 0
27912, 24135787, 1, 0, 0
28012, 28245615, 1, 0, 0
28108, 24190277, 1, 0, 0
28201, 23576686, 1, 0, 0
28315, 22500982, 1, 0, 0
28417, 28831949, 1, 0, 0
28514, 24701828, 1, 0, 0
28608, 27115134, 1, 0, 0
28701, 23106404, 1, 0, 0
28814, 25532587, 1, 0, 0
28918, 59315816, 1, 0, 0
29049, 88051719, 1, 0, 0
29108, 63447066, 1, 0, 0
29254, 70571164, 1, 0, 0
29304, 117822740, 1, 0, 0
29401, 24917415, 1, 0, 0
29500, 28156359, 1, 0, 0
29605, 23348350, 1, 0, 0
29715, 22505211, 1, 0, 0
29801, 24261256, 1, 0, 0
29915, 20867848, 1, 0, 0
30006, 21686097, 1, 0, 0
30110, 24173755, 1, 0, 0
30207, 21000561, 1, 0, 0
30308, 28519902, 1, 0, 0
30405, 24563041, 1, 0, 0
30518, 25118955, 1, 0, 0
30614, 24096757, 1, 0, 0
30713, 27891871, 1, 0, 0
30809, 24355534, 1, 0, 0
30910, 22674805, 1, 0, 0
31004, 26609870, 1, 0, 0
31119, 22904214, 1, 0, 0
31212, 23500771, 1, 0, 0
31307, 23598126, 1, 0, 0
31404, 24119060, 1, 0, 0
31503, 27786797, 1, 0, 0
31614, 25230558, 1, 0, 0
31711, 24102683, 1, 0, 0
31814, 34471377, 1, 0, 0
31918, 66623103, 1, 0, 0
32038, 81236892, 1, 0, 0
32108, 127020225, 1, 0, 0
32215, 76087715, 1, 0, 0
32338, 79662191, 1, 0, 0
32430, 70338489, 1, 0, 0
32506, 27827609, 1, 0, 0
32606, 23758990, 1, 0, 0
32712, 22450771, 1, 0, 0
32813, 22441732, 1, 0, 0
32908, 23071924, 1, 0, 0
33004, 24395988, 1, 0, 0
33108, 24953654, 1, 0, 0
33205, 28949294, 1, 0, 0
33302, 24115308, 1, 0, 0
33401, 24657849, 1, 0, 0
33515, 25475096, 1, 0, 0
33611, 24033987, 1, 0, 0
33709, 24343899, 1, 0, 0
33805, 27360779, 1, 0, 0
33900, 24174964, 1, 0, 0
34014, 25323450, 1, 0, 0
34119, 25937491, 1, 0, 0
34211, 26028415, 1, 0, 0
34317, 23466237, 1, 0, 0
34417, 20421041, 1, 0, 0
34505, 22181729, 1, 0, 0
34611, 24096293, 1, 0, 0
34750, 65358186, 1, 0, 0
34813, 57775769, 1, 0, 0
34928, 78568770, 1, 0, 0
35047, 79119491, 1, 0, 0
35113, 57914245, 1, 0, 0
35210, 21428815, 1, 0, 0
35300, 22908015, 1, 0, 0
35407, 23564600, 1, 0, 0
35506, 21800228, 1, 0, 0
35605, 21934495, 1, 0, 0
35708, 22687411, 1, 0, 0
35814, 23420782, 1, 0, 0
35917, 23167941, 1, 0, 0
36016, 19843968, 1, 0, 0
36116, 22094836, 1, 0, 0
36213, 19582104, 1, 0, 0
36312, 21910234, 1, 0, 0
36401, 25379686, 1, 0, 0
36504, 20708887, 1, 0, 0
36606, 22251889, 1, 0, 0
36717, 22513733, 1, 0, 0
36815, 24184958, 1, 0, 0
36914, 24444199, 1, 0, 0
37011, 24428472, 1, 0, 0
37105, 23918173, 1, 0, 0
37202, 23957599, 1, 0, 0
37321, 23503985, 1, 0, 0
37416, 27732764, 1, 0, 0
37510, 21084150, 1, 0, 0
37607, 40017603, 1, 0, 0
37730, 49626002, 1, 0, 0
37818, 59893803, 1, 0, 0
37913, 42798052, 1, 0, 0
38006, 26958151, 1, 0, 0
38104, 24223071, 1, 0, 0
38202, 24293599, 1, 0, 0
38316, 25635663, 1, 0, 0
38412, 24129017, 1, 0, 0
38511, 24424967, 1, 0, 0
38608, 24404935, 1, 0, 0
38703, 23869262, 1, 0, 0
38801, 24411294, 1, 0, 0
38919, 25883440, 1, 0, 0
39015, 24554733, 1, 0, 0
39109, 26650582, 1, 0, 0
39205, 23975135, 1, 0, 0
39303, 24306653, 1, 0, 0
39416, 22928937, 1, 0, 0
39508, 26260198, 1, 0, 0
39613, 25857859, 1, 0, 0
39712, 24571866, 1, 0, 0
39808, 24252759, 1, 0, 0
39902, 23877647, 1, 0, 0
40016, 25051525, 1, 0, 0
40116, 25112943, 1, 0, 0
40209, 23473744, 1, 0, 0
40303, 26664614, 1, 0, 0
40419, 25535475, 1, 0, 0
40511, 23271191, 1, 0, 0
40606, 23798022, 1, 0, 0
40703, 24003536, 1, 0, 0
40827, 38578902, 1, 0, 0
40952, 72155385, 1, 0, 0
41010, 63585631, 1, 0, 0
41130, 78392581, 1, 0, 0
41201, 61789593, 1, 0, 0
41302, 28841165, 1, 0, 0
41417, 22979506, 1, 0, 0
41515, 24414352, 1, 0, 0
41612, 24419533, 1, 0, 0
41706, 23852995, 1, 0, 0
41812, 26767541, 1, 0, 0
41903, 25316070, 1, 0, 0
42000, 21881053, 1, 0, 0
42104, 23070273, 1, 0, 0
42209, 23241792, 1, 0, 0
42300, 21581353, 1, 0, 0
42403, 23800627, 1, 0, 0
42505, 22565374, 1, 0, 0
42606, 20258796, 1, 0, 0
42710, 23113492, 1, 0, 0
42812, 22733003, 1, 0, 0
42913, 22547569, 1, 0, 0
43014, 22352066, 1, 0, 0
43102, 22110818, 1, 0, 0
43206, 23179682, 1, 0, 0
43309, 22814337, 1, 0, 0
43413, 23126043, 1, 0, 0
43515, 25454078, 1, 0, 0
43612, 24075656, 1, 0, 0
43708, 23967975, 1, 0, 0
43807, 30569870, 1, 0, 0
43911, 53018536, 1, 0, 0
44008, 37287529, 1, 0, 0
44107, 26953176, 1, 0, 0
44210, 25327296, 1, 0, 0
44307, 24582725, 1, 0, 0
44405, 24643160, 1, 0, 0
44518, 24978835, 1, 0, 0
44626, 25606777, 1, 0, 0
44702, 27017047, 1, 0, 0
44814, 25222106, 1, 0, 0
44908, 23496470, 1, 0, 0
45007, 24542689, 1, 0, 0
45106, 24459634, 1, 0, 0
45203, 21818705, 1, 0, 0
45313, 26747022, 1, 0, 0
45408, 23618519, 1, 0, 0
45506, 27749056, 1, 0, 0
45602, 24623389, 1, 0, 0
45700, 24248286, 1, 0, 0
45818, 25999128, 1, 0, 0
45917, 24749517, 1, 0, 0
46011, 24574812, 1, 0, 0
46115, 27467645, 1, 0, 0
46211, 28325268, 1, 0, 0
46305, 23566792, 1, 0, 0
46407, 20864649, 1, 0, 0
46511, 24967521, 1, 0, 0
46613, 22881506, 1, 0, 0
46718, 23084612, 1, 0, 0
46807, 22071005, 1, 0, 0
46912, 23400066, 1, 0, 0
47005, 20927202, 1, 0, 0
47109, 24141683, 1, 0, 0
47200, 50932021, 1, 0, 0
47312, 76177748, 1, 0, 0
47431, 80350977, 1, 0, 0
47547, 75264775, 1, 0, 0
47604, 57853700, 1, 0, 0
47706, 27001113, 1, 0, 0
47803, 24256001, 1, 0, 0
47908, 20951792, 1, 0, 0
48009, 22472900, 1, 0, 0
48110, 22549787, 1, 0, 0
48213, 20928104, 1, 0, 0
48301, 25113363, 1, 0, 0
48407, 23044100, 1, 0, 0
48513, 23287151, 1, 0, 0
48618, 21309200, 1, 0, 0
48702, 21814692, 1, 0, 0
48815, 24431488, 1, 0, 0
48902, 21832669, 1, 0, 0
49003, 20620184, 1, 0, 0
49103, 22153072, 1, 0, 0
49204, 22409134, 1, 0, 0
49302, 19767357, 1, 0, 0
49405, 22774111, 1, 0, 0
49510, 22912043, 1, 0, 0
49613, 20459515, 1, 0, 0
49717, 22813999, 1, 0, 0
49818, 20409915, 1, 0, 0
49916, 21802234, 1, 0, 0
50000, 21085569, 1, 0, 0
50139, 60923507, 1, 0, 0
50231, 66328330, 1, 0, 0
50348, 71629087, 1, 0, 0
50408, 58306903, 1, 0, 0
50531, 61814258, 1, 0, 0
50615, 35069771, 1, 0, 0
50702, 21544782, 1, 0, 0
50802, 22088025, 1, 0, 0
50900, 19613519, 1, 0, 0
51017, 23411497, 1, 0, 0
51115, 21693789, 1, 0, 0
51212, 19633051, 1, 0, 0
51314, 22520142, 1, 0, 0
51400, 24924789, 1, 0, 0
51500, 22340306, 1, 0, 0
51602, 20307510, 1, 0, 0
51717, 22701284, 1, 0, 0
51810, 22251025, 1, 0, 0
51913, 23988690, 1, 0, 0
52009, 23687429, 1, 0, 0
52112, 23081591, 1, 0, 0
52216, 22946847, 1, 0, 0
52306, 22903490, 1, 0, 0
52418, 24478591, 1, 0, 0
52517, 22099401, 1, 0, 0
52601, 24633082, 1, 0, 0
52716, 21948897, 1, 0, 0
52811, 24549304, 1, 0, 0
52907, 23847586, 1, 0, 0
53017, 31872035, 1, 0, 0
53118, 66091692, 1, 0, 0
53231, 56824371, 1, 0, 0
53356, 77405255, 1, 0, 0
53415, 126764710, 1, 0, 0
53543, 62370466, 1, 0, 0
53600, 92378460, 1, 0, 0
53709, 43065093, 1, 0, 0
53807, 27627683, 1, 0, 0
53904, 24305409, 1, 0, 0
54000, 23905787, 1, 0, 0
54108, 24125676, 1, 0, 0
54205, 21740844, 1, 0, 0
54307, 22462813, 1, 0, 0
54403, 23190054, 1, 0, 0
54503, 29219761, 1, 0, 0
54618, 25656596, 1, 0, 0
54716, 24269102, 1, 0, 0
54814, 24534169, 1, 0, 0
54910, 24223189, 1, 0, 0
55007, 21500939, 1, 0, 0
55102, 23836615, 1, 0, 0
55203, 28363861, 1, 0, 0
55301, 24517941, 1, 0, 0
55412, 25018961, 1, 0, 0
55509, 23980659, 1, 0, 0
55607, 24365157, 1, 0, 0
55702, 24346711, 1, 0, 0
55831, 30632582, 1, 0, 0
55940, 75750090, 1, 0, 0
56004, 57995047, 1, 0, 0
56111, 55884150, 1, 0, 0
56232, 80463601, 1, 0, 0
56353, 76545993, 1, 0, 0
56410, 122883399, 1, 0, 0
56512, 48060656, 1, 0, 0
56606, 23846086, 1, 0, 0
56704, 27912607, 1, 0, 0
56800, 24062481, 1, 0, 0
56918, 23369267, 1, 0, 0
57013, 27412422, 1, 0, 0
57108, 23869730, 1, 0, 0
57207, 24935980, 1, 0, 0
57305, 27673468, 1, 0, 0
57401, 23896859, 1, 0, 0
57509, 26713335, 1, 0, 0
57605, 27814439, 1, 0, 0
57719, 25289374, 1, 0, 0
57819, 24651556, 1, 0, 0
57915, 24435363, 1, 0, 0
58011, 27321182, 1, 0, 0
58109, 24552337, 1, 0, 0
58208, 27891594, 1, 0, 0
58304, 24165637, 1, 0, 0
58414, 22124459, 1, 0, 0
58526, 29103232, 1, 0, 0
58618, 41628161, 1, 0, 0
58744, 83257008, 1, 0, 0
58803, 118192500, 1, 0, 0
58925, 81996560, 1, 0, 0
59026, 52750233, 1, 0, 0
59103, 39020217, 1, 0, 0
59200, 24391580, 1, 0, 0
59316, 23069159, 1, 0, 0
59414, 27859512, 1, 0, 0
59510, 21570853, 1, 0, 0
59608, 24578862, 1, 0, 0
59704, 24237963, 1, 0, 0
59800, 23754302, 1, 0, 0
59916, 25641834, 1, 0, 0
60003, 28617616, 1, 0, 0
60116, 23059095, 1, 0, 0
60210, 23362180, 1, 0, 0
60306, 23851814, 1, 0, 0
60408, 22543723, 1, 0, 0
60503, 24080275, 1, 0, 0
60601, 24422872, 1, 0, 0
60718, 23157637, 1, 0, 0
60815, 24251342, 1, 0, 0
60907, 23549709, 1, 0, 0
61001, 23345320, 1, 0, 0
61100, 24338636, 1, 0, 0
61217, 23631955, 1, 0, 0
61314, 27758603, 1, 0, 0
61411, 21371952, 1, 0, 0
61512, 30285158, 1, 0, 0
61625, 68124669, 1, 0, 0
61730, 54299848, 1, 0, 0
61850, 79837369, 1, 0, 0
61909, 114002286, 1, 0, 0
62035, 63284500, 1, 0, 0
62163, 81839196, 1, 0, 0
62211, 115789226, 1, 0, 0
62307, 27805007, 1, 0, 0
62405, 24147093, 1, 0, 0
62502, 24228375, 1, 0, 0
62615, 25295113, 1, 0, 0
62711, 23927325, 1, 0, 0
62812, 28501395, 1, 0, 0
62908, 21656933, 1, 0, 0
63002, 23608211, 1, 0, 0
63117, 25252106, 1, 0, 0
63216, 28282223, 1, 0, 0
63312, 24360624, 1, 0, 0
63407, 26989144, 1, 0, 0
63503, 21372519, 1, 0, 0
63600, 23492843, 1, 0, 0
63716, 26880699, 1, 0, 0
63811, 23688552, 1, 0, 0
63905, 23505889, 1, 0, 0
64001, 27256866, 1, 0, 0
64112, 22606848, 1, 0, 0
64206, 26752816, 1, 0, 0
64364, 53016596, 1, 0, 0
64423, 126804299, 1, 0, 0
64538, 75302225, 1, 0, 0
64609, 56428145, 1, 0, 0
64708, 62638324, 1, 0, 0
64806, 36861797, 1, 0, 0
64906, 24856652, 1, 0, 0
65004, 24784722, 1, 0, 0
65104, 25287966, 1, 0, 0
65200, 23782612, 1, 0, 0
65319, 25963292, 1, 0, 0
65415, 24245825, 1, 0, 0
65510, 23962047, 1, 0, 0
65608, 24307920, 1, 0, 0
65706, 24445752, 1, 0, 0
65805, 28344281, 1, 0, 0
65920, 25460870, 1, 0, 0
66018, 24520918, 1, 0, 0
66116, 24762729, 1, 0, 0
66213, 27811695, 1, 0, 0
66310, 24259939, 1, 0, 0
66409, 24427742, 1, 0, 0
66507, 24631853, 1, 0, 0
66603, 23985681, 1, 0, 0
66716, 22573132, 1, 0, 0
66817, 28529259, 1, 0, 0
66917, 22622325, 1, 0, 0
67012, 21167975, 1, 0, 0
67109, 21606360, 1, 0, 0
67207, 23207060, 1, 0, 0
67300, 33197488, 1, 0, 0
67406, 23387093, 1, 0, 0
67502, 23939329, 1, 0, 0
67605, 23005186, 1, 0, 0
67706, 24795184, 1, 0, 0
67811, 21323560, 1, 0, 0
67910, 27591776, 1, 0, 0
68008, 21983618, 1, 0, 0
68105, 19622245, 1, 0, 0
68211, 23694810, 1, 0, 0
68312, 22346956, 1, 0, 0
68409, 21688069, 1, 0, 0
68507, 20051259, 1, 0, 0
68610, 24365015, 1, 0, 0
68713, 23049927, 1, 0, 0
68806, 22709127, 1, 0, 0
68901, 24103955, 1, 0, 0
69017, 22983968, 1, 0, 0
69108, 23221055, 1, 0, 0
69214, 23333284, 1, 0, 0
69318, 22831696, 1, 0, 0
69406, 22368059, 1, 0, 0
69504, 27525312, 1, 0, 0
69601, 24176433, 1, 0, 0
69713, 25269739, 1, 0, 0
69810, 24017827, 1, 0, 0
69907, 27608260, 1, 0, 0
70006, 24400007, 1, 0, 0
70100, 24013963, 1, 0, 0
70215, 22955925, 1, 0, 0
70314, 24351322, 1, 0, 0
70414, 24867604, 1, 0, 0
70546, 55893339, 1, 0, 0
70605, 60830651, 1, 0, 0
70720, 75912391, 1, 0, 0
70831, 76933990, 1, 0, 0
70949, 77885382, 1, 0, 0
71002, 108739540, 1, 0, 0
71102, 68651877, 1, 0, 0
71224, 52124917, 1, 0, 0
71302, 27919199, 1, 0, 0
71419, 25831022, 1, 0, 0
71517, 19751679, 1, 0, 0
71611, 23538162, 1, 0, 0
71709, 27735637, 1, 0, 0
71815, 26561851, 1, 0, 0
71902, 22492191, 1, 0, 0
72007, 22935828, 1, 0, 0
72108, 22537987, 1, 0, 0
72206, 19723334, 1, 0, 0
72307, 22302756, 1, 0, 0
72411, 23046826, 1, 0, 0
72511, 20322217, 1, 0, 0
72609, 21671750, 1, 0, 0
72716, 21115427, 1, 0, 0
72803, 19189961, 1, 0, 0
72903, 22291270, 1, 0, 0
73005, 22483373, 1, 0, 0
73108, 22929099, 1, 0, 0
73225, 24882666, 1, 0, 0
73308, 33429650, 1, 0, 0
73416, 56580993, 1, 0, 0
73515, 24877894, 1, 0, 0
73600, 27954688, 1, 0, 0
73713, 22515349, 1, 0, 0
73808, 31613948, 1, 0, 0
73910, 28977621, 1, 0, 0
74013, 23245332, 1, 0, 0
74119, 29129433, 1, 0, 0
74208, 28948432, 1, 0, 0
74305, 28729346, 1, 0, 0
74411, 26177431, 1, 0, 0
74513, 22519917, 1, 0, 0
74602, 36371997, 1, 0, 0
74705, 49632949, 1, 0, 0
74808, 37531814, 1, 0, 0
74912, 25526850, 1, 0, 0
75011, 28301349, 1, 0, 0
75119, 30985234, 1, 0, 0
75215, 31593011, 1, 0, 0
75313, 32444771, 1, 0, 0
75405, 30784940, 1, 0, 0
75520, 28628428, 1, 0, 0
75616, 31592189, 1, 0, 0
75715, 22998523, 1, 0, 0
75814, 22074198, 1, 0, 0
75931, 21076346, 1, 0, 0
76036, 50169443, 1, 0, 0
76143, 68527764, 1, 0, 0
76262, 76341510, 1, 0, 0
76318, 121978327, 1, 0, 0
76432, 74457308, 1, 0, 0
76518, 68306391, 1, 0, 0
76603, 20190203, 1, 0, 0
76709, 23135466, 1, 0, 0
76813, 23044037, 1, 0, 0
76903, 22936093, 1, 0, 0
77009, 23582861, 1, 0, 0
77115, 23445582, 1, 0, 0
77201, 21376906, 1, 0, 0
77304, 23245690, 1, 0, 0
77411, 23666394, 1, 0, 0
77516, 23270985, 1, 0, 0
77614, 21930053, 1, 0, 0
77700, 21030935, 1, 0, 0
77801, 22362449, 1, 0, 0
77904, 22997497, 1, 0, 0
78002, 22006362, 1, 0, 0
78113, 20334091, 1, 0, 0
78214, 22524173, 1, 0, 0
78311, 19533595, 1, 0, 0
78400, 21791034, 1, 0, 0
78514, 22996281, 1, 0, 0
78604, 21973493, 1, 0, 0
78703, 22147423, 1, 0, 0
78804, 23698845, 1, 0, 0
78908, 35382226, 1, 0, 0
79021, 64262545, 1, 0, 0
79111, 68949148, 1, 0, 0
79216, 24671926, 1, 0, 0
79302, 21810527, 1, 0, 0
79401, 22005021, 1, 0, 0
79500, 21876355, 1, 0, 0
79612, 20688564, 1, 0, 0
79710, 21719207, 1, 0, 0
79813, 22737743, 1, 0, 0
79916, 22772514, 1, 0, 0
80002, 21622280, 1, 0, 0
80106, 22953162, 1, 0, 0
80213, 24002070, 1, 0, 0
80313, 21989657, 1, 0, 0
80413, 22242439, 1, 0, 0
80512, 21888826, 1, 0, 0
80608, 21548532, 1, 0, 0
80706, 19587851, 1, 0, 0
80805, 21675996, 1, 0, 0
80904, 19952314, 1, 0, 0
81001, 21523079, 1, 0, 0
81111, 24776909, 1, 0, 0
81206, 23166581, 1, 0, 0
81304, 24525474, 1, 0, 0
81401, 24099369, 1, 0, 0
81516, 23354222, 1, 0, 0
81613, 27506454, 1, 0, 0
81714, 24951706, 1, 0, 0
81820, 26514711, 1, 0, 0
81915, 24222511, 1, 0, 0
82030, 39217027, 1, 0, 0
82149, 78933168, 1, 0, 0
82200, 51814438, 1, 0, 0
82319, 78773504, 1, 0, 0
82411, 64635513, 1, 0, 0
82527, 59983028, 1, 0, 0
82655, 44022927, 1, 0, 0
82712, 32698185, 1, 0, 0
82809, 21595102, 1, 0, 0
82906, 28102063, 1, 0, 0
83004, 21771214, 1, 0, 0
83119, 25342358, 1, 0, 0
83217, 27791034, 1, 0, 0
83314, 24509673, 1, 0, 0
83404, 28358884, 1, 0, 0
83515, 25939233, 1, 0, 0
83616, 24401473, 1, 0, 0
83717, 29240224, 1, 0, 0
83815, 24512062, 1, 0, 0
83912, 24763125, 1, 0, 0
84008, 27412253, 1, 0, 0
84104, 24039545, 1, 0, 0
84202, 24155801, 1, 0, 0
84320, 26022865, 1, 0, 0
84413, 27084696, 1, 0, 0
84508, 23412775, 1, 0, 0
84603, 27447901, 1, 0, 0
84700, 23830096, 1, 0, 0
84820, 23593622, 1, 0, 0
84931, 42338697, 1, 0, 0
85028, 61762938, 1, 0, 0
85138, 69964485, 1, 0, 0
85215, 26690396, 1, 0, 0
85310, 27631490, 1, 0, 0
85408, 21772969, 1, 0, 0
85502, 26692122, 1, 0, 0
85620, 25812677, 1, 0, 0
85716, 24543272, 1, 0, 0
85812, 23983347, 1, 0, 0
85906, 26917760, 1, 0, 0
86005, 24489029, 1, 0, 0
86100, 27659072, 1, 0, 0
86218, 23211307, 1, 0, 0
86316, 27801824, 1, 0, 0
86414, 24813160, 1, 0, 0
86510, 27421100, 1, 0, 0
86606, 24116611, 1, 0, 0
86703, 23923709, 1, 0, 0
86815, 25393191, 1, 0, 0
86913, 27825692, 1, 0, 0
87011, 24300765, 1, 0, 0
87114, 25637115, 1, 0, 0
87212, 21822519, 1, 0, 0
87308, 26542234, 1, 0, 0
87400, 26785128, 1, 0, 0
87515, 25134477, 1, 0, 0
87611, 24255588, 1, 0, 0
87711, 22303077, 1, 0, 0
87810, 24763921, 1, 0, 0
87905, 27044221, 1, 0, 0
88004, 24419805, 1, 0, 0
88123, 40120902, 1, 0, 0
88226, 55124269, 1, 0, 0
88323, 62225689, 1, 0, 0
88411, 35203097, 1, 0, 0
88515, 24875028, 1, 0, 0
88613, 25289761, 1, 0, 0
88712, 28295555, 1, 0, 0
88809, 23990792, 1, 0, 0
88907, 27990384, 1, 0, 0
89004, 24519732, 1, 0, 0
89101, 24294712, 1, 0, 0
89219, 26016435, 1, 0, 0
89315, 27513692, 1, 0, 0
89410, 24149637, 1, 0, 0
89508, 24155780, 1, 0, 0
89606, 24573156, 1, 0, 0
89705, 24470971, 1, 0, 0
89803, 24704584, 1, 0, 0
89915, 24945821, 1, 0, 0
90012, 24178121, 1, 0, 0
90032, 39674808, 1, 0, 0
