250, 20480, 1, 0, 0
350, 20480, 1, 0, 0
450, 25600, 1, 0, 0
550, 17920, 1, 0, 0
650, 23040, 1, 0, 0
749, 18101, 1, 0, 0
849, 20480, 1, 0, 0
949, 17920, 1, 0, 0
1050, 20480, 1, 0, 0
1150, 25600, 1, 0, 0
1249, 20686, 1, 0, 0
1349, 23040, 1, 0, 0
1449, 17920, 1, 0, 0
1549, 20480, 1, 0, 0
1649, 20480, 1, 0, 0
1749, 25600, 1, 0, 0
1849, 23040, 1, 0, 0
1950, 20480, 1, 0, 0
2050, 20480, 1, 0, 0
2150, 20480, 1, 0, 0
2249, 20686, 1, 0, 0
2349, 23040, 1, 0, 0
2449, 7680, 1, 0, 0
2549, 7680, 1, 0, 0
2649, 7680, 1, 0, 0
2750, 2560, 1, 0, 0
2850, 10240, 1, 0, 0
2950, 7680, 1, 0, 0
3050, 15360, 1, 0, 0
3150, 23040, 1, 0, 0
3249, 20686, 1, 0, 0
3349, 20480, 1, 0, 0
3449, 23040, 1, 0, 0
3550, 20480, 1, 0, 0
3650, 17920, 1, 0, 0
3749, 20686, 1, 0, 0
3849, 17920, 1, 0, 0
3949, 20480, 1, 0, 0
4049, 23040, 1, 0, 0
4149, 20480, 1, 0, 0
4249, 17920, 1, 0, 0
4349, 20480, 1, 0, 0
4449, 28160, 1, 0, 0
4550, 23040, 1, 0, 0
4650, 17920, 1, 0, 0
4749, 20686, 1, 0, 0
4849, 20480, 1, 0, 0
4949, 17920, 1, 0, 0
5049, 25600, 1, 0, 0
5149, 15360, 1, 0, 0
5249, 20480, 1, 0, 0
5350, 7680, 1, 0, 0
5450, 7680, 1, 0, 0
5550, 7680, 1, 0, 0
5650, 5120, 1, 0, 0
5749, 7757, 1, 0, 0
5849, 7680, 1, 0, 0
5949, 7680, 1, 0, 0
6049, 20480, 1, 0, 0
6149, 23040, 1, 0, 0
6249, 20480, 1, 0, 0
6350, 23040, 1, 0, 0
6450, 23040, 1, 0, 0
6550, 23040, 1, 0, 0
6650, 23040, 1, 0, 0
6749, 25858, 1, 0, 0
6849, 20480, 1, 0, 0
6949, 20480, 1, 0, 0
7049, 17920, 1, 0, 0
7149, 20480, 1, 0, 0
7249, 17920, 1, 0, 0
7350, 23040, 1, 0, 0
7450, 23040, 1, 0, 0
7550, 20480, 1, 0, 0
7650, 23040, 1, 0, 0
7749, 18101, 1, 0, 0
7849, 23040, 1, 0, 0
7949, 25600, 1, 0, 0
8049, 15360, 1, 0, 0
8149, 7680, 1, 0, 0
8249, 10240, 1, 0, 0
8350, 7680, 1, 0, 0
8450, 7680, 1, 0, 0
8550, 2560, 1, 0, 0
8650, 12800, 1, 0, 0
8749, 7757, 1, 0, 0
8849, 25600, 1, 0, 0
8949, 17920, 1, 0, 0
9049, 23040, 1, 0, 0
9149, 25600, 1, 0, 0
9250, 23040, 1, 0, 0
9350, 23040, 1, 0, 0
9450, 23040, 1, 0, 0
9550, 20480, 1, 0, 0
9650, 23040, 1, 0, 0
9749, 23272, 1, 0, 0
9849, 23040, 1, 0, 0
9949, 20480, 1, 0, 0
10049, 25600, 1, 0, 0
10149, 23040, 1, 0, 0
10250, 25600, 1, 0, 0
10350, 23040, 1, 0, 0
10450, 23040, 1, 0, 0
10550, 23040, 1, 0, 0
10650, 23040, 1, 0, 0
10749, 23272, 1, 0, 0
10849, 10240, 1, 0, 0
10949, 7680, 1, 0, 0
11049, 7680, 1, 0, 0
11149, 7680, 1, 0, 0
11250, 10240, 1, 0, 0
11350, 25600, 1, 0, 0
11450, 23040, 1, 0, 0
11550, 23040, 1, 0, 0
11650, 23040, 1, 0, 0
11749, 23272, 1, 0, 0
11849, 17920, 1, 0, 0
11949, 20480, 1, 0, 0
12049, 23040, 1, 0, 0
12149, 17920, 1, 0, 0
12250, 20480, 1, 0, 0
12350, 23040, 1, 0, 0
12450, 17920, 1, 0, 0
12550, 25600, 1, 0, 0
12650, 17920, 1, 0, 0
12749, 20686, 1, 0, 0
12849, 17920, 1, 0, 0
12949, 20480, 1, 0, 0
13049, 25600, 1, 0, 0
13149, 23040, 1, 0, 0
13250, 20480, 1, 0, 0
13350, 17920, 1, 0, 0
13450, 23040, 1, 0, 0
13550, 17920, 1, 0, 0
13650, 20480, 1, 0, 0
13749, 23272, 1, 0, 0
13849, 15360, 1, 0, 0
13949, 7680, 1, 0, 0
14050, 7680, 1, 0, 0
14150, 7680, 1, 0, 0
14249, 5171, 1, 0, 0
14349, 7680, 1, 0, 0
14449, 15360, 1, 0, 0
14549, 23040, 1, 0, 0
14649, 20480, 1, 0, 0
14749, 23040, 1, 0, 0
14849, 23040, 1, 0, 0
14949, 25600, 1, 0, 0
15050, 20480, 1, 0, 0
15150, 20480, 1, 0, 0
15249, 23272, 1, 0, 0
15349, 25600, 1, 0, 0
15449, 23040, 1, 0, 0
15549, 23040, 1, 0, 0
15649, 20480, 1, 0, 0
15749, 23040, 1, 0, 0
15849, 25600, 1, 0, 0
15949, 23040, 1, 0, 0
16050, 23040, 1, 0, 0
16150, 20480, 1, 0, 0
16249, 23272, 1, 0, 0
16349, 25600, 1, 0, 0
16449, 23040, 1, 0, 0
16549, 20480, 1, 0, 0
16649, 23040, 1, 0, 0
16749, 20480, 1, 0, 0
16849, 12800, 1, 0, 0
16949, 2560, 1, 0, 0
17050, 10240, 1, 0, 0
17150, 7680, 1, 0, 0
17249, 23272, 1, 0, 0
17349, 23040, 1, 0, 0
17449, 23040, 1, 0, 0
17549, 25600, 1, 0, 0
17649, 23040, 1, 0, 0
17749, 23040, 1, 0, 0
17849, 25600, 1, 0, 0
17949, 23040, 1, 0, 0
18049, 23040, 1, 0, 0
18150, 23040, 1, 0, 0
18250, 23040, 1, 0, 0
18350, 25600, 1, 0, 0
18450, 23040, 1, 0, 0
18550, 23040, 1, 0, 0
18650, 20480, 1, 0, 0
18749, 23272, 1, 0, 0
18849, 23040, 1, 0, 0
18949, 20480, 1, 0, 0
19050, 23040, 1, 0, 0
19150, 23040, 1, 0, 0
19249, 25858, 1, 0, 0
19349, 23040, 1, 0, 0
19449, 17920, 1, 0, 0
19549, 25600, 1, 0, 0
19649, 23040, 1, 0, 0
19749, 25600, 1, 0, 0
19849, 15360, 1, 0, 0
19949, 7680, 1, 0, 0
20050, 7680, 1, 0, 0
20150, 7680, 1, 0, 0
20249, 7757, 1, 0, 0
20349, 7680, 1, 0, 0
20449, 10240, 1, 0, 0
20549, 25600, 1, 0, 0
20649, 23040, 1, 0, 0
20749, 23040, 1, 0, 0
20849, 25600, 1, 0, 0
20950, 25600, 1, 0, 0
21050, 20480, 1, 0, 0
21150, 23040, 1, 0, 0
21249, 23272, 1, 0, 0
21349, 25600, 1, 0, 0
21449, 25600, 1, 0, 0
21549, 23040, 1, 0, 0
21649, 23040, 1, 0, 0
21749, 25600, 1, 0, 0
21849, 25600, 1, 0, 0
21949, 25600, 1, 0, 0
22050, 25600, 1, 0, 0
22150, 20480, 1, 0, 0
22249, 23272, 1, 0, 0
22349, 28160, 1, 0, 0
22449, 23040, 1, 0, 0
22549, 25600, 1, 0, 0
22649, 17920, 1, 0, 0
22749, 23040, 1, 0, 0
22849, 7680, 1, 0, 0
22949, 5120, 1, 0, 0
23050, 10240, 1, 0, 0
23150, 12800, 1, 0, 0
23249, 7757, 1, 0, 0
23349, 20480, 1, 0, 0
23449, 23040, 1, 0, 0
23549, 17920, 1, 0, 0
23649, 25600, 1, 0, 0
23749, 23040, 1, 0, 0
23849, 23040, 1, 0, 0
23949, 23040, 1, 0, 0
24050, 20480, 1, 0, 0
24150, 20480, 1, 0, 0
24249, 23272, 1, 0, 0
24349, 20480, 1, 0, 0
24449, 17920, 1, 0, 0
24549, 20480, 1, 0, 0
24649, 20480, 1, 0, 0
24749, 23040, 1, 0, 0
24849, 17920, 1, 0, 0
24949, 20480, 1, 0, 0
25050, 20480, 1, 0, 0
25150, 20480, 1, 0, 0
25249, 23272, 1, 0, 0
25349, 20480, 1, 0, 0
25449, 17920, 1, 0, 0
25549, 20480, 1, 0, 0
25649, 23040, 1, 0, 0
25749, 23040, 1, 0, 0
25849, 15360, 1, 0, 0
25949, 7680, 1, 0, 0
26050, 10240, 1, 0, 0
26150, 7680, 1, 0, 0
26249, 2585, 1, 0, 0
26349, 17920, 1, 0, 0
26449, 23040, 1, 0, 0
26549, 28160, 1, 0, 0
26649, 23040, 1, 0, 0
26749, 23040, 1, 0, 0
26849, 23040, 1, 0, 0
26949, 15360, 1, 0, 0
27050, 23040, 1, 0, 0
27150, 20480, 1, 0, 0
27249, 20686, 1, 0, 0
27349, 17920, 1, 0, 0
27449, 20480, 1, 0, 0
27549, 23040, 1, 0, 0
27649, 23040, 1, 0, 0
27749, 17920, 1, 0, 0
27849, 20480, 1, 0, 0
27950, 23040, 1, 0, 0
28050, 25600, 1, 0, 0
28150, 17920, 1, 0, 0
28249, 20686, 1, 0, 0
28349, 20480, 1, 0, 0
28449, 17920, 1, 0, 0
28549, 23040, 1, 0, 0
28649, 23040, 1, 0, 0
28750, 17920, 1, 0, 0
28850, 7680, 1, 0, 0
28950, 7680, 1, 0, 0
29050, 5120, 1, 0, 0
29150, 7680, 1, 0, 0
29249, 5171, 1, 0, 0
29349, 20480, 1, 0, 0
29449, 20480, 1, 0, 0
29550, 23040, 1, 0, 0
29650, 25600, 1, 0, 0
29749, 18101, 1, 0, 0
29849, 23040, 1, 0, 0
29949, 28160, 1, 0, 0
30049, 20480, 1, 0, 0
30149, 23040, 1, 0, 0
30249, 17920, 1, 0, 0
30349, 20480, 1, 0, 0
30449, 23040, 1, 0, 0
30549, 23040, 1, 0, 0
30650, 17920, 1, 0, 0
30750, 20480, 1, 0, 0
30850, 17920, 1, 0, 0
30950, 25600, 1, 0, 0
31050, 23040, 1, 0, 0
31150, 17920, 1, 0, 0
31249, 23272, 1, 0, 0
31349, 23040, 1, 0, 0
31450, 17920, 1, 0, 0
31550, 20480, 1, 0, 0
31650, 20480, 1, 0, 0
31749, 15515, 1, 0, 0
31849, 7680, 1, 0, 0
31949, 7680, 1, 0, 0
32049, 2560, 1, 0, 0
32149, 7680, 1, 0, 0
32250, 7680, 1, 0, 0
32350, 5120, 1, 0, 0
32450, 23040, 1, 0, 0
32550, 23040, 1, 0, 0
32650, 20480, 1, 0, 0
32749, 23272, 1, 0, 0
32849, 23040, 1, 0, 0
32949, 20480, 1, 0, 0
33049, 20480, 1, 0, 0
33149, 20480, 1, 0, 0
33249, 17920, 1, 0, 0
33349, 20480, 1, 0, 0
33450, 20480, 1, 0, 0
33550, 20480, 1, 0, 0
33650, 25600, 1, 0, 0
33749, 23272, 1, 0, 0
33849, 20480, 1, 0, 0
33949, 23040, 1, 0, 0
34049, 17920, 1, 0, 0
34149, 23040, 1, 0, 0
34249, 23040, 1, 0, 0
34349, 23040, 1, 0, 0
34450, 20480, 1, 0, 0
34550, 17920, 1, 0, 0
34650, 12800, 1, 0, 0
34749, 7757, 1, 0, 0
34849, 5120, 1, 0, 0
34949, 7680, 1, 0, 0
35049, 7680, 1, 0, 0
35149, 23040, 1, 0, 0
35250, 23040, 1, 0, 0
35350, 23040, 1, 0, 0
35450, 23040, 1, 0, 0
35550, 23040, 1, 0, 0
35650, 23040, 1, 0, 0
35749, 25858, 1, 0, 0
35849, 17920, 1, 0, 0
35949, 23040, 1, 0, 0
36049, 25600, 1, 0, 0
36149, 23040, 1, 0, 0
36249, 25600, 1, 0, 0
36349, 23040, 1, 0, 0
36449, 23040, 1, 0, 0
36550, 23040, 1, 0, 0
36650, 23040, 1, 0, 0
36749, 20686, 1, 0, 0
36849, 20480, 1, 0, 0
36949, 17920, 1, 0, 0
37049, 28160, 1, 0, 0
37149, 20480, 1, 0, 0
37249, 20480, 1, 0, 0
37349, 20480, 1, 0, 0
37449, 20480, 1, 0, 0
37550, 17920, 1, 0, 0
37650, 10240, 1, 0, 0
37749, 7757, 1, 0, 0
37849, 10240, 1, 0, 0
37949, 23040, 1, 0, 0
38049, 20480, 1, 0, 0
38149, 17920, 1, 0, 0
38249, 20480, 1, 0, 0
38350, 20480, 1, 0, 0
38450, 17920, 1, 0, 0
38550, 23040, 1, 0, 0
38650, 23040, 1, 0, 0
38749, 18101, 1, 0, 0
38849, 20480, 1, 0, 0
38949, 20480, 1, 0, 0
39049, 23040, 1, 0, 0
39149, 23040, 1, 0, 0
39249, 20480, 1, 0, 0
39349, 20480, 1, 0, 0
39450, 17920, 1, 0, 0
39550, 23040, 1, 0, 0
39650, 17920, 1, 0, 0
39749, 20686, 1, 0, 0
39849, 25600, 1, 0, 0
39949, 20480, 1, 0, 0
40049, 20480, 1, 0, 0
40149, 20480, 1, 0, 0
40250, 23040, 1, 0, 0
40350, 20480, 1, 0, 0
40450, 17920, 1, 0, 0
40550, 25600, 1, 0, 0
40650, 23040, 1, 0, 0
40749, 12929, 1, 0, 0
40849, 10240, 1, 0, 0
40949, 5120, 1, 0, 0
41049, 10240, 1, 0, 0
41150, 10240, 1, 0, 0
41249, 20686, 1, 0, 0
41349, 17920, 1, 0, 0
41449, 20480, 1, 0, 0
41549, 20480, 1, 0, 0
41649, 17920, 1, 0, 0
41749, 20480, 1, 0, 0
41849, 23040, 1, 0, 0
41949, 20480, 1, 0, 0
42049, 23040, 1, 0, 0
42150, 25600, 1, 0, 0
42250, 25600, 1, 0, 0
42350, 23040, 1, 0, 0
42450, 23040, 1, 0, 0
42550, 23040, 1, 0, 0
42650, 20480, 1, 0, 0
42749, 23272, 1, 0, 0
42849, 23040, 1, 0, 0
42949, 23040, 1, 0, 0
43049, 20480, 1, 0, 0
43149, 23040, 1, 0, 0
43250, 23040, 1, 0, 0
43350, 23040, 1, 0, 0
43450, 20480, 1, 0, 0
43550, 17920, 1, 0, 0
43650, 20480, 1, 0, 0
43749, 20686, 1, 0, 0
43849, 15360, 1, 0, 0
43949, 10240, 1, 0, 0
44049, 20480, 1, 0, 0
44149, 20480, 1, 0, 0
44250, 17920, 1, 0, 0
44350, 20480, 1, 0, 0
44450, 17920, 1, 0, 0
44550, 20480, 1, 0, 0
44650, 20480, 1, 0, 0
44749, 20686, 1, 0, 0
44849, 20480, 1, 0, 0
44949, 23040, 1, 0, 0
45049, 20480, 1, 0, 0
45149, 20480, 1, 0, 0
45250, 20480, 1, 0, 0
45350, 23040, 1, 0, 0
45450, 20480, 1, 0, 0
45550, 17920, 1, 0, 0
45650, 20480, 1, 0, 0
45749, 23272, 1, 0, 0
45849, 20480, 1, 0, 0
45949, 20480, 1, 0, 0
46049, 17920, 1, 0, 0
46149, 20480, 1, 0, 0
46249, 17920, 1, 0, 0
46350, 23040, 1, 0, 0
46450, 25600, 1, 0, 0
46550, 23040, 1, 0, 0
46650, 25600, 1, 0, 0
46749, 18101, 1, 0, 0
46849, 23040, 1, 0, 0
46949, 25600, 1, 0, 0
47049, 17920, 1, 0, 0
47149, 12800, 1, 0, 0
47249, 7680, 1, 0, 0
47349, 2560, 1, 0, 0
47450, 7680, 1, 0, 0
47550, 7680, 1, 0, 0
47650, 20480, 1, 0, 0
47749, 20686, 1, 0, 0
47849, 17920, 1, 0, 0
47949, 23040, 1, 0, 0
48049, 25600, 1, 0, 0
48149, 23040, 1, 0, 0
48249, 20480, 1, 0, 0
48349, 23040, 1, 0, 0
48449, 23040, 1, 0, 0
48549, 20480, 1, 0, 0
48650, 23040, 1, 0, 0
48750, 20480, 1, 0, 0
48850, 25600, 1, 0, 0
48950, 23040, 1, 0, 0
49050, 23040, 1, 0, 0
49150, 23040, 1, 0, 0
49249, 23272, 1, 0, 0
49350, 23040, 1, 0, 0
49450, 23040, 1, 0, 0
49550, 25600, 1, 0, 0
49650, 17920, 1, 0, 0
49749, 23272, 1, 0, 0
49849, 25600, 1, 0, 0
49949, 23040, 1, 0, 0
50049, 10240, 1, 0, 0
50149, 7680, 1, 0, 0
50250, 10240, 1, 0, 0
50350, 10240, 1, 0, 0
50450, 5120, 1, 0, 0
50550, 10240, 1, 0, 0
50650, 23040, 1, 0, 0
50749, 23272, 1, 0, 0
50849, 23040, 1, 0, 0
50949, 25600, 1, 0, 0
51049, 25600, 1, 0, 0
51149, 23040, 1, 0, 0
51250, 20480, 1, 0, 0
51350, 23040, 1, 0, 0
51450, 23040, 1, 0, 0
51550, 25600, 1, 0, 0
51650, 23040, 1, 0, 0
51749, 23272, 1, 0, 0
51849, 20480, 1, 0, 0
51949, 23040, 1, 0, 0
52049, 23040, 1, 0, 0
52149, 23040, 1, 0, 0
52249, 17920, 1, 0, 0
52349, 25600, 1, 0, 0
52449, 23040, 1, 0, 0
52549, 25600, 1, 0, 0
52650, 17920, 1, 0, 0
52750, 20480, 1, 0, 0
52850, 23040, 1, 0, 0
52950, 15360, 1, 0, 0
53050, 7680, 1, 0, 0
53150, 7680, 1, 0, 0
53249, 5171, 1, 0, 0
53349, 7680, 1, 0, 0
53449, 10240, 1, 0, 0
53550, 2560, 1, 0, 0
53650, 12800, 1, 0, 0
53749, 20686, 1, 0, 0
53849, 25600, 1, 0, 0
53949, 20480, 1, 0, 0
54049, 17920, 1, 0, 0
54149, 28160, 1, 0, 0
54249, 23040, 1, 0, 0
54349, 25600, 1, 0, 0
54449, 20480, 1, 0, 0
54549, 17920, 1, 0, 0
54650, 20480, 1, 0, 0
54750, 17920, 1, 0, 0
54850, 20480, 1, 0, 0
54950, 25600, 1, 0, 0
55050, 20480, 1, 0, 0
55150, 20480, 1, 0, 0
55249, 23272, 1, 0, 0
55349, 20480, 1, 0, 0
55449, 23040, 1, 0, 0
55549, 23040, 1, 0, 0
55650, 20480, 1, 0, 0
55750, 15360, 1, 0, 0
55850, 7680, 1, 0, 0
55950, 2560, 1, 0, 0
56050, 7680, 1, 0, 0
56150, 7680, 1, 0, 0
56249, 7757, 1, 0, 0
56349, 5120, 1, 0, 0
56450, 7680, 1, 0, 0
56550, 25600, 1, 0, 0
56650, 17920, 1, 0, 0
56749, 20686, 1, 0, 0
56849, 20480, 1, 0, 0
56949, 17920, 1, 0, 0
57049, 20480, 1, 0, 0
57149, 20480, 1, 0, 0
57250, 23040, 1, 0, 0
57350, 20480, 1, 0, 0
57450, 20480, 1, 0, 0
57550, 17920, 1, 0, 0
57650, 20480, 1, 0, 0
57749, 20686, 1, 0, 0
57849, 20480, 1, 0, 0
57949, 20480, 1, 0, 0
58049, 20480, 1, 0, 0
58149, 23040, 1, 0, 0
58250, 20480, 1, 0, 0
58350, 23040, 1, 0, 0
58450, 23040, 1, 0, 0
58550, 7680, 1, 0, 0
58650, 10240, 1, 0, 0
58749, 2585, 1, 0, 0
58849, 7680, 1, 0, 0
58950, 7680, 1, 0, 0
59050, 17920, 1, 0, 0
59150, 17920, 1, 0, 0
59249, 20686, 1, 0, 0
59349, 17920, 1, 0, 0
59449, 20480, 1, 0, 0
59549, 20480, 1, 0, 0
59649, 25600, 1, 0, 0
59749, 17920, 1, 0, 0
59850, 20480, 1, 0, 0
59950, 17920, 1, 0, 0
60050, 20480, 1, 0, 0
60150, 20480, 1, 0, 0
60249, 23272, 1, 0, 0
60349, 17920, 1, 0, 0
60449, 20480, 1, 0, 0
60549, 20480, 1, 0, 0
60650, 17920, 1, 0, 0
60750, 20480, 1, 0, 0
60850, 20480, 1, 0, 0
60950, 23040, 1, 0, 0
61050, 17920, 1, 0, 0
61150, 20480, 1, 0, 0
61249, 18101, 1, 0, 0
61349, 20480, 1, 0, 0
61449, 20480, 1, 0, 0
61550, 7680, 1, 0, 0
61650, 7680, 1, 0, 0
61749, 2585, 1, 0, 0
61849, 7680, 1, 0, 0
61949, 7680, 1, 0, 0
62049, 5120, 1, 0, 0
62150, 7680, 1, 0, 0
62249, 15515, 1, 0, 0
62349, 23040, 1, 0, 0
62449, 20480, 1, 0, 0
62549, 20480, 1, 0, 0
62649, 17920, 1, 0, 0
62749, 20480, 1, 0, 0
62849, 20480, 1, 0, 0
62950, 23040, 1, 0, 0
63050, 17920, 1, 0, 0
63150, 20480, 1, 0, 0
63249, 23272, 1, 0, 0
63349, 17920, 1, 0, 0
63449, 25600, 1, 0, 0
63549, 20480, 1, 0, 0
63649, 20480, 1, 0, 0
63749, 20480, 1, 0, 0
63849, 25600, 1, 0, 0
63950, 20480, 1, 0, 0
64050, 17920, 1, 0, 0
64150, 23040, 1, 0, 0
64249, 10343, 1, 0, 0
64349, 7680, 1, 0, 0
64449, 7680, 1, 0, 0
64549, 10240, 1, 0, 0
64649, 10240, 1, 0, 0
64750, 15360, 1, 0, 0
64850, 20480, 1, 0, 0
64950, 17920, 1, 0, 0
65050, 20480, 1, 0, 0
65150, 23040, 1, 0, 0
65249, 20686, 1, 0, 0
65350, 20480, 1, 0, 0
65450, 20480, 1, 0, 0
65550, 25600, 1, 0, 0
65650, 20480, 1, 0, 0
65749, 18101, 1, 0, 0
65849, 23040, 1, 0, 0
65949, 20480, 1, 0, 0
66049, 20480, 1, 0, 0
66149, 17920, 1, 0, 0
66250, 20480, 1, 0, 0
66350, 25600, 1, 0, 0
66450, 20480, 1, 0, 0
66550, 17920, 1, 0, 0
66650, 20480, 1, 0, 0
66749, 20686, 1, 0, 0
66849, 23040, 1, 0, 0
66949, 23040, 1, 0, 0
67049, 23040, 1, 0, 0
67149, 23040, 1, 0, 0
67249, 17920, 1, 0, 0
67349, 17920, 1, 0, 0
67449, 25600, 1, 0, 0
67550, 20480, 1, 0, 0
67650, 23040, 1, 0, 0
67749, 23272, 1, 0, 0
67849, 20480, 1, 0, 0
67949, 25600, 1, 0, 0
68049, 25600, 1, 0, 0
68149, 25600, 1, 0, 0
68249, 23040, 1, 0, 0
68349, 23040, 1, 0, 0
68449, 23040, 1, 0, 0
68549, 23040, 1, 0, 0
68650, 23040, 1, 0, 0
68750, 25600, 1, 0, 0
68850, 20480, 1, 0, 0
68950, 17920, 1, 0, 0
69050, 25600, 1, 0, 0
69150, 20480, 1, 0, 0
69249, 23272, 1, 0, 0
69349, 20480, 1, 0, 0
69449, 23040, 1, 0, 0
69549, 20480, 1, 0, 0
69649, 20480, 1, 0, 0
69750, 20480, 1, 0, 0
69850, 23040, 1, 0, 0
69950, 20480, 1, 0, 0
70050, 20480, 1, 0, 0
70150, 20480, 1, 0, 0
70249, 20686, 1, 0, 0
70349, 17920, 1, 0, 0
70449, 17920, 1, 0, 0
70549, 5120, 1, 0, 0
70650, 7680, 1, 0, 0
70749, 7757, 1, 0, 0
70849, 2560, 1, 0, 0
70949, 7680, 1, 0, 0
71049, 7680, 1, 0, 0
71149, 7680, 1, 0, 0
71249, 20480, 1, 0, 0
71349, 20480, 1, 0, 0
71449, 20480, 1, 0, 0
71550, 20480, 1, 0, 0
71650, 17920, 1, 0, 0
71749, 20686, 1, 0, 0
71849, 23040, 1, 0, 0
71949, 23040, 1, 0, 0
72049, 23040, 1, 0, 0
72149, 23040, 1, 0, 0
72249, 25600, 1, 0, 0
72349, 23040, 1, 0, 0
72449, 23040, 1, 0, 0
72550, 23040, 1, 0, 0
72650, 20480, 1, 0, 0
72749, 23272, 1, 0, 0
72849, 23040, 1, 0, 0
72949, 25600, 1, 0, 0
73049, 17920, 1, 0, 0
73149, 25600, 1, 0, 0
73249, 15360, 1, 0, 0
73349, 7680, 1, 0, 0
73449, 17920, 1, 0, 0
73550, 20480, 1, 0, 0
73650, 20480, 1, 0, 0
73749, 20686, 1, 0, 0
73849, 20480, 1, 0, 0
73949, 17920, 1, 0, 0
74049, 15360, 1, 0, 0
74149, 20480, 1, 0, 0
74249, 20480, 1, 0, 0
74349, 17920, 1, 0, 0
74449, 20480, 1, 0, 0
74549, 15360, 1, 0, 0
74650, 7680, 1, 0, 0
74749, 15515, 1, 0, 0
74849, 20480, 1, 0, 0
74949, 17920, 1, 0, 0
75049, 15360, 1, 0, 0
75149, 15360, 1, 0, 0
75249, 20480, 1, 0, 0
75349, 15360, 1, 0, 0
75449, 20480, 1, 0, 0
75549, 15360, 1, 0, 0
75649, 15360, 1, 0, 0
75750, 23040, 1, 0, 0
75850, 28160, 1, 0, 0
75950, 7680, 1, 0, 0
76050, 7680, 1, 0, 0
76150, 7680, 1, 0, 0
76249, 2585, 1, 0, 0
76349, 10240, 1, 0, 0
76449, 7680, 1, 0, 0
76549, 17920, 1, 0, 0
76650, 23040, 1, 0, 0
76750, 23040, 1, 0, 0
76850, 20480, 1, 0, 0
76950, 25600, 1, 0, 0
77050, 25600, 1, 0, 0
77150, 20480, 1, 0, 0
77249, 23272, 1, 0, 0
77349, 23040, 1, 0, 0
77449, 17920, 1, 0, 0
77549, 25600, 1, 0, 0
77650, 23040, 1, 0, 0
77749, 23272, 1, 0, 0
77849, 23040, 1, 0, 0
77949, 23040, 1, 0, 0
78049, 23040, 1, 0, 0
78149, 23040, 1, 0, 0
78249, 28160, 1, 0, 0
78349, 20480, 1, 0, 0
78449, 23040, 1, 0, 0
78549, 23040, 1, 0, 0
78649, 23040, 1, 0, 0
78750, 20480, 1, 0, 0
78850, 15360, 1, 0, 0
78950, 7680, 1, 0, 0
79050, 7680, 1, 0, 0
79150, 23040, 1, 0, 0
79249, 20686, 1, 0, 0
79349, 23040, 1, 0, 0
79449, 23040, 1, 0, 0
79550, 23040, 1, 0, 0
79650, 28160, 1, 0, 0
79749, 23272, 1, 0, 0
79849, 20480, 1, 0, 0
79949, 23040, 1, 0, 0
80049, 25600, 1, 0, 0
80149, 23040, 1, 0, 0
80249, 23040, 1, 0, 0
80349, 23040, 1, 0, 0
80449, 23040, 1, 0, 0
80549, 23040, 1, 0, 0
80649, 23040, 1, 0, 0
80750, 25600, 1, 0, 0
80850, 20480, 1, 0, 0
80950, 23040, 1, 0, 0
81050, 23040, 1, 0, 0
81150, 23040, 1, 0, 0
81249, 20686, 1, 0, 0
81349, 20480, 1, 0, 0
81449, 20480, 1, 0, 0
81549, 20480, 1, 0, 0
81649, 17920, 1, 0, 0
81749, 15360, 1, 0, 0
81850, 23040, 1, 0, 0
81950, 15360, 1, 0, 0
82050, 2560, 1, 0, 0
82150, 7680, 1, 0, 0
82249, 7757, 1, 0, 0
82349, 10240, 1, 0, 0
82449, 7680, 1, 0, 0
82549, 15360, 1, 0, 0
82650, 7680, 1, 0, 0
82749, 23272, 1, 0, 0
82849, 17920, 1, 0, 0
82949, 23040, 1, 0, 0
83049, 20480, 1, 0, 0
83149, 17920, 1, 0, 0
83249, 20480, 1, 0, 0
83349, 17920, 1, 0, 0
83450, 20480, 1, 0, 0
83550, 20480, 1, 0, 0
83650, 23040, 1, 0, 0
83749, 18101, 1, 0, 0
83849, 20480, 1, 0, 0
83949, 23040, 1, 0, 0
84049, 23040, 1, 0, 0
84149, 20480, 1, 0, 0
84250, 20480, 1, 0, 0
84350, 17920, 1, 0, 0
84450, 23040, 1, 0, 0
84550, 20480, 1, 0, 0
84650, 20480, 1, 0, 0
84749, 20686, 1, 0, 0
84849, 12800, 1, 0, 0
84949, 10240, 1, 0, 0
85049, 7680, 1, 0, 0
85150, 12800, 1, 0, 0
85249, 18101, 1, 0, 0
85349, 20480, 1, 0, 0
85449, 25600, 1, 0, 0
85549, 17920, 1, 0, 0
85649, 20480, 1, 0, 0
85749, 20480, 1, 0, 0
85849, 25600, 1, 0, 0
85949, 20480, 1, 0, 0
86050, 20480, 1, 0, 0
86150, 20480, 1, 0, 0
86249, 20686, 1, 0, 0
86349, 20480, 1, 0, 0
86449, 20480, 1, 0, 0
86549, 23040, 1, 0, 0
86649, 17920, 1, 0, 0
86749, 20480, 1, 0, 0
86849, 20480, 1, 0, 0
86949, 20480, 1, 0, 0
87050, 20480, 1, 0, 0
87150, 20480, 1, 0, 0
87249, 25858, 1, 0, 0
87349, 20480, 1, 0, 0
87449, 17920, 1, 0, 0
87549, 20480, 1, 0, 0
87649, 17920, 1, 0, 0
87749, 20480, 1, 0, 0
87849, 23040, 1, 0, 0
87949, 20480, 1, 0, 0
88050, 10240, 1, 0, 0
88150, 12800, 1, 0, 0
88249, 7757, 1, 0, 0
88349, 12800, 1, 0, 0
88449, 20480, 1, 0, 0
88549, 23040, 1, 0, 0
88649, 20480, 1, 0, 0
88749, 23040, 1, 0, 0
88849, 20480, 1, 0, 0
88950, 23040, 1, 0, 0
89050, 17920, 1, 0, 0
89150, 23040, 1, 0, 0
89249, 20686, 1, 0, 0
89349, 20480, 1, 0, 0
89449, 20480, 1, 0, 0
89549, 23040, 1, 0, 0
89649, 20480, 1, 0, 0
89749, 20480, 1, 0, 0
89850, 20480, 1, 0, 0
89950, 20480, 1, 0, 0
90050, 20480, 1, 0, 0
