250, 1120, 1, 0, 0
350, 1360, 1, 0, 0
450, 1360, 1, 0, 0
550, 1120, 1, 0, 0
650, 1320, 1, 0, 0
749, 1090, 1, 0, 0
849, 1080, 1, 0, 0
949, 1080, 1, 0, 0
1049, 1120, 1, 0, 0
1149, 1360, 1, 0, 0
1249, 1360, 1, 0, 0
1349, 1080, 1, 0, 0
1449, 1080, 1, 0, 0
1550, 760, 1, 0, 0
1650, 1360, 1, 0, 0
1749, 848, 1, 0, 0
1849, 1320, 1, 0, 0
1949, 920, 1, 0, 0
2049, 440, 1, 0, 0
2149, 360, 1, 0, 0
2249, 320, 1, 0, 0
2349, 360, 1, 0, 0
2449, 360, 1, 0, 0
2549, 360, 1, 0, 0
2649, 360, 1, 0, 0
2750, 680, 1, 0, 0
2850, 1080, 1, 0, 0
2950, 1080, 1, 0, 0
3050, 1080, 1, 0, 0
3150, 1040, 1, 0, 0
3249, 1090, 1, 0, 0
3349, 1080, 1, 0, 0
3449, 1200, 1, 0, 0
3549, 1040, 1, 0, 0
3649, 1120, 1, 0, 0
3749, 1360, 1, 0, 0
3849, 1120, 1, 0, 0
3949, 1080, 1, 0, 0
4049, 1040, 1, 0, 0
4149, 1160, 1, 0, 0
4249, 1080, 1, 0, 0
4350, 1400, 1, 0, 0
4450, 1440, 1, 0, 0
4550, 1200, 1, 0, 0
4650, 1080, 1, 0, 0
4749, 1414, 1, 0, 0
4849, 1120, 1, 0, 0
4949, 1120, 1, 0, 0
5049, 1440, 1, 0, 0
5149, 1040, 1, 0, 0
5249, 880, 1, 0, 0
5349, 1440, 1, 0, 0
5449, 1080, 1, 0, 0
5549, 1480, 1, 0, 0
5649, 760, 1, 0, 0
5750, 360, 1, 0, 0
5850, 360, 1, 0, 0
5950, 360, 1, 0, 0
6050, 720, 1, 0, 0
6150, 320, 1, 0, 0
6249, 323, 1, 0, 0
6349, 400, 1, 0, 0
6449, 400, 1, 0, 0
6549, 1080, 1, 0, 0
6649, 1080, 1, 0, 0
6750, 1400, 1, 0, 0
6850, 1120, 1, 0, 0
6950, 1440, 1, 0, 0
7050, 1440, 1, 0, 0
7150, 1360, 1, 0, 0
7249, 1131, 1, 0, 0
7349, 1360, 1, 0, 0
7449, 1080, 1, 0, 0
7549, 1440, 1, 0, 0
7649, 1080, 1, 0, 0
7749, 1440, 1, 0, 0
7849, 1440, 1, 0, 0
7949, 1200, 1, 0, 0
8049, 1440, 1, 0, 0
8149, 1120, 1, 0, 0
8250, 1440, 1, 0, 0
8350, 1400, 1, 0, 0
8450, 1080, 1, 0, 0
8550, 1400, 1, 0, 0
8650, 1400, 1, 0, 0
8749, 1090, 1, 0, 0
8849, 960, 1, 0, 0
8949, 840, 1, 0, 0
9049, 1120, 1, 0, 0
9149, 1440, 1, 0, 0
9249, 800, 1, 0, 0
9349, 360, 1, 0, 0
9450, 320, 1, 0, 0
9550, 720, 1, 0, 0
9650, 360, 1, 0, 0
9749, 363, 1, 0, 0
9849, 400, 1, 0, 0
9949, 360, 1, 0, 0
10049, 360, 1, 0, 0
10149, 760, 1, 0, 0
10249, 1200, 1, 0, 0
10349, 1080, 1, 0, 0
10449, 1440, 1, 0, 0
10550, 1400, 1, 0, 0
10650, 1040, 1, 0, 0
10749, 1414, 1, 0, 0
10849, 1160, 1, 0, 0
10949, 920, 1, 0, 0
11049, 1400, 1, 0, 0
11149, 1440, 1, 0, 0
11249, 960, 1, 0, 0
11349, 1480, 1, 0, 0
11449, 1080, 1, 0, 0
11549, 1360, 1, 0, 0
11649, 1200, 1, 0, 0
11749, 1360, 1, 0, 0
11849, 1120, 1, 0, 0
11949, 1360, 1, 0, 0
12050, 1160, 1, 0, 0
12150, 1080, 1, 0, 0
12249, 1090, 1, 0, 0
12349, 1080, 1, 0, 0
12449, 1080, 1, 0, 0
12549, 1080, 1, 0, 0
12649, 1080, 1, 0, 0
12749, 1080, 1, 0, 0
12849, 720, 1, 0, 0
12949, 360, 1, 0, 0
13049, 360, 1, 0, 0
13149, 360, 1, 0, 0
13250, 360, 1, 0, 0
13350, 360, 1, 0, 0
13450, 640, 1, 0, 0
13550, 520, 1, 0, 0
13650, 360, 1, 0, 0
13749, 848, 1, 0, 0
13849, 1200, 1, 0, 0
13949, 1080, 1, 0, 0
14049, 1280, 1, 0, 0
14149, 960, 1, 0, 0
14249, 1080, 1, 0, 0
14349, 1040, 1, 0, 0
14449, 760, 1, 0, 0
14549, 1120, 1, 0, 0
14649, 1080, 1, 0, 0
14750, 1360, 1, 0, 0
14850, 760, 1, 0, 0
14950, 1080, 1, 0, 0
15050, 1400, 1, 0, 0
15150, 880, 1, 0, 0
15249, 1171, 1, 0, 0
15349, 1200, 1, 0, 0
15449, 960, 1, 0, 0
15549, 1200, 1, 0, 0
15649, 1120, 1, 0, 0
15749, 1120, 1, 0, 0
15849, 1160, 1, 0, 0
15949, 1040, 1, 0, 0
16049, 1080, 1, 0, 0
16150, 1080, 1, 0, 0
16249, 808, 1, 0, 0
16349, 1080, 1, 0, 0
16449, 360, 1, 0, 0
16549, 600, 1, 0, 0
16649, 360, 1, 0, 0
16749, 360, 1, 0, 0
16849, 360, 1, 0, 0
16949, 360, 1, 0, 0
17049, 360, 1, 0, 0
17150, 360, 1, 0, 0
17250, 680, 1, 0, 0
17350, 1120, 1, 0, 0
17450, 1320, 1, 0, 0
17550, 800, 1, 0, 0
17650, 1080, 1, 0, 0
17749, 1333, 1, 0, 0
17849, 1040, 1, 0, 0
17949, 1080, 1, 0, 0
18049, 1120, 1, 0, 0
18149, 1080, 1, 0, 0
18249, 1040, 1, 0, 0
18349, 1080, 1, 0, 0
18449, 1040, 1, 0, 0
18549, 1360, 1, 0, 0
18649, 760, 1, 0, 0
18750, 1200, 1, 0, 0
18850, 1240, 1, 0, 0
18950, 1280, 1, 0, 0
19050, 1120, 1, 0, 0
19150, 1040, 1, 0, 0
19249, 1090, 1, 0, 0
19349, 1080, 1, 0, 0
19449, 1160, 1, 0, 0
19549, 1160, 1, 0, 0
19649, 1080, 1, 0, 0
19749, 1240, 1, 0, 0
19849, 1080, 1, 0, 0
19949, 1080, 1, 0, 0
20049, 360, 1, 0, 0
20150, 360, 1, 0, 0
20249, 404, 1, 0, 0
20349, 360, 1, 0, 0
20449, 360, 1, 0, 0
20549, 360, 1, 0, 0
20649, 280, 1, 0, 0
20749, 360, 1, 0, 0
20849, 400, 1, 0, 0
20949, 1080, 1, 0, 0
21050, 1040, 1, 0, 0
21150, 1200, 1, 0, 0
21249, 1090, 1, 0, 0
21349, 1080, 1, 0, 0
21449, 1240, 1, 0, 0
21549, 1080, 1, 0, 0
21649, 1080, 1, 0, 0
21749, 1080, 1, 0, 0
21849, 1040, 1, 0, 0
21949, 1080, 1, 0, 0
22049, 1080, 1, 0, 0
22149, 1080, 1, 0, 0
22249, 1160, 1, 0, 0
22349, 1120, 1, 0, 0
22450, 1320, 1, 0, 0
22550, 1080, 1, 0, 0
22650, 1120, 1, 0, 0
22749, 1090, 1, 0, 0
22849, 1200, 1, 0, 0
22949, 1320, 1, 0, 0
23049, 1160, 1, 0, 0
23149, 1080, 1, 0, 0
23249, 1120, 1, 0, 0
23349, 1360, 1, 0, 0
23449, 1080, 1, 0, 0
23549, 1080, 1, 0, 0
23649, 640, 1, 0, 0
23750, 360, 1, 0, 0
23850, 360, 1, 0, 0
23950, 360, 1, 0, 0
24050, 40, 1, 0, 0
24150, 360, 1, 0, 0
24249, 363, 1, 0, 0
24349, 360, 1, 0, 0
24449, 440, 1, 0, 0
24549, 1400, 1, 0, 0
24649, 1080, 1, 0, 0
24749, 1120, 1, 0, 0
24850, 1200, 1, 0, 0
24950, 1080, 1, 0, 0
25050, 1280, 1, 0, 0
25150, 1080, 1, 0, 0
25249, 1131, 1, 0, 0
25349, 1080, 1, 0, 0
25449, 1160, 1, 0, 0
25549, 1400, 1, 0, 0
25649, 1080, 1, 0, 0
25749, 1080, 1, 0, 0
25849, 1080, 1, 0, 0
25949, 1080, 1, 0, 0
26049, 1080, 1, 0, 0
26150, 1120, 1, 0, 0
26250, 1080, 1, 0, 0
26350, 1440, 1, 0, 0
26450, 1120, 1, 0, 0
26550, 1080, 1, 0, 0
26650, 1120, 1, 0, 0
26749, 1090, 1, 0, 0
26849, 1080, 1, 0, 0
26949, 1400, 1, 0, 0
27049, 1120, 1, 0, 0
27149, 1080, 1, 0, 0
27249, 720, 1, 0, 0
27349, 360, 1, 0, 0
27449, 360, 1, 0, 0
27550, 360, 1, 0, 0
27650, 360, 1, 0, 0
27749, 363, 1, 0, 0
27849, 360, 1, 0, 0
27949, 360, 1, 0, 0
28049, 360, 1, 0, 0
28149, 1040, 1, 0, 0
28249, 1080, 1, 0, 0
28349, 1080, 1, 0, 0
28449, 1120, 1, 0, 0
28549, 1080, 1, 0, 0
28649, 1080, 1, 0, 0
28749, 1400, 1, 0, 0
28849, 1400, 1, 0, 0
28950, 1080, 1, 0, 0
29050, 1040, 1, 0, 0
29150, 1440, 1, 0, 0
29249, 1090, 1, 0, 0
29349, 1400, 1, 0, 0
29449, 1400, 1, 0, 0
29549, 1120, 1, 0, 0
29649, 1360, 1, 0, 0
29749, 1120, 1, 0, 0
29849, 1400, 1, 0, 0
29949, 1000, 1, 0, 0
30049, 1120, 1, 0, 0
30149, 1160, 1, 0, 0
30250, 1200, 1, 0, 0
30350, 1320, 1, 0, 0
30450, 1280, 1, 0, 0
30550, 1080, 1, 0, 0
30650, 1080, 1, 0, 0
30749, 1090, 1, 0, 0
30849, 1040, 1, 0, 0
30949, 320, 1, 0, 0
31049, 360, 1, 0, 0
31149, 400, 1, 0, 0
31249, 360, 1, 0, 0
31350, 360, 1, 0, 0
31450, 360, 1, 0, 0
31550, 360, 1, 0, 0
31650, 360, 1, 0, 0
31749, 929, 1, 0, 0
31849, 1200, 1, 0, 0
31949, 760, 1, 0, 0
32049, 1120, 1, 0, 0
32149, 1600, 1, 0, 0
32249, 1080, 1, 0, 0
32349, 1040, 1, 0, 0
32449, 800, 1, 0, 0
32549, 1080, 1, 0, 0
32649, 1240, 1, 0, 0
32750, 1080, 1, 0, 0
32850, 1080, 1, 0, 0
32950, 1080, 1, 0, 0
33050, 1080, 1, 0, 0
33150, 1080, 1, 0, 0
33249, 1050, 1, 0, 0
33349, 1080, 1, 0, 0
33449, 1080, 1, 0, 0
33549, 1080, 1, 0, 0
33649, 1080, 1, 0, 0
33749, 1080, 1, 0, 0
33849, 1040, 1, 0, 0
33949, 1080, 1, 0, 0
34049, 1080, 1, 0, 0
34150, 1200, 1, 0, 0
34250, 1080, 1, 0, 0
34350, 1080, 1, 0, 0
34450, 1080, 1, 0, 0
34550, 800, 1, 0, 0
34650, 360, 1, 0, 0
34749, 363, 1, 0, 0
34849, 360, 1, 0, 0
34949, 360, 1, 0, 0
35049, 320, 1, 0, 0
35149, 360, 1, 0, 0
35250, 360, 1, 0, 0
35350, 360, 1, 0, 0
35450, 1080, 1, 0, 0
35550, 1080, 1, 0, 0
35650, 960, 1, 0, 0
35749, 1171, 1, 0, 0
35849, 1120, 1, 0, 0
35949, 1080, 1, 0, 0
36049, 1080, 1, 0, 0
36149, 1040, 1, 0, 0
36249, 1280, 1, 0, 0
36349, 1080, 1, 0, 0
36449, 1080, 1, 0, 0
36550, 1080, 1, 0, 0
36650, 1080, 1, 0, 0
36749, 1090, 1, 0, 0
36849, 1080, 1, 0, 0
36949, 1080, 1, 0, 0
37049, 1080, 1, 0, 0
37149, 1200, 1, 0, 0
37249, 1240, 1, 0, 0
37349, 1080, 1, 0, 0
37449, 1400, 1, 0, 0
37549, 1040, 1, 0, 0
37649, 1360, 1, 0, 0
37750, 1080, 1, 0, 0
37850, 1080, 1, 0, 0
37950, 1360, 1, 0, 0
38050, 800, 1, 0, 0
38150, 1080, 1, 0, 0
38249, 1131, 1, 0, 0
38349, 360, 1, 0, 0
38449, 360, 1, 0, 0
38549, 400, 1, 0, 0
38649, 440, 1, 0, 0
38749, 320, 1, 0, 0
38849, 360, 1, 0, 0
38949, 400, 1, 0, 0
39050, 440, 1, 0, 0
39150, 400, 1, 0, 0
39249, 727, 1, 0, 0
39349, 1080, 1, 0, 0
39449, 1080, 1, 0, 0
39549, 1080, 1, 0, 0
39649, 1160, 1, 0, 0
39749, 1080, 1, 0, 0
39849, 1040, 1, 0, 0
39949, 1080, 1, 0, 0
40049, 1160, 1, 0, 0
40149, 1200, 1, 0, 0
40249, 1360, 1, 0, 0
40349, 1120, 1, 0, 0
40450, 1400, 1, 0, 0
40550, 800, 1, 0, 0
40650, 1360, 1, 0, 0
40749, 1050, 1, 0, 0
40849, 1240, 1, 0, 0
40949, 1320, 1, 0, 0
41049, 1080, 1, 0, 0
41149, 1240, 1, 0, 0
41249, 1200, 1, 0, 0
41349, 1200, 1, 0, 0
41449, 1200, 1, 0, 0
41549, 1040, 1, 0, 0
41649, 1160, 1, 0, 0
41750, 1120, 1, 0, 0
41850, 680, 1, 0, 0
41950, 360, 1, 0, 0
42050, 360, 1, 0, 0
42150, 360, 1, 0, 0
42249, 363, 1, 0, 0
42349, 640, 1, 0, 0
42449, 360, 1, 0, 0
42549, 360, 1, 0, 0
42649, 360, 1, 0, 0
42749, 1280, 1, 0, 0
42849, 1160, 1, 0, 0
42950, 1360, 1, 0, 0
43050, 1080, 1, 0, 0
43150, 1120, 1, 0, 0
43249, 1373, 1, 0, 0
43349, 1040, 1, 0, 0
43449, 1040, 1, 0, 0
43549, 1360, 1, 0, 0
43649, 1040, 1, 0, 0
43749, 1080, 1, 0, 0
43849, 1400, 1, 0, 0
43949, 1080, 1, 0, 0
44049, 840, 1, 0, 0
44149, 1400, 1, 0, 0
44249, 1080, 1, 0, 0
44349, 1280, 1, 0, 0
44449, 1080, 1, 0, 0
44550, 1200, 1, 0, 0
44650, 1080, 1, 0, 0
44749, 1050, 1, 0, 0
44849, 1040, 1, 0, 0
44949, 1040, 1, 0, 0
45049, 1320, 1, 0, 0
45149, 1080, 1, 0, 0
45249, 400, 1, 0, 0
45349, 640, 1, 0, 0
45449, 40, 1, 0, 0
45549, 360, 1, 0, 0
45650, 320, 1, 0, 0
45749, 40, 1, 0, 0
46049, 360, 1, 0, 0
46149, 760, 1, 0, 0
46249, 1000, 1, 0, 0
46349, 840, 1, 0, 0
46449, 720, 1, 0, 0
46550, 960, 1, 0, 0
46650, 840, 1, 0, 0
46750, 960, 1, 0, 0
46850, 1080, 1, 0, 0
46950, 1080, 1, 0, 0
47050, 1080, 1, 0, 0
47150, 1080, 1, 0, 0
47249, 1090, 1, 0, 0
47349, 1040, 1, 0, 0
47449, 1080, 1, 0, 0
47549, 920, 1, 0, 0
47649, 1080, 1, 0, 0
47749, 1080, 1, 0, 0
47849, 1040, 1, 0, 0
47949, 1080, 1, 0, 0
48050, 1120, 1, 0, 0
48150, 1040, 1, 0, 0
48249, 1212, 1, 0, 0
48349, 360, 1, 0, 0
48449, 360, 1, 0, 0
48549, 360, 1, 0, 0
48649, 240, 1, 0, 0
48749, 360, 1, 0, 0
48849, 360, 1, 0, 0
48949, 360, 1, 0, 0
49050, 360, 1, 0, 0
49150, 840, 1, 0, 0
49250, 1080, 1, 0, 0
49350, 1080, 1, 0, 0
49450, 1160, 1, 0, 0
49550, 1080, 1, 0, 0
49650, 1360, 1, 0, 0
49749, 1090, 1, 0, 0
49849, 760, 1, 0, 0
49949, 1400, 1, 0, 0
50049, 1080, 1, 0, 0
50149, 760, 1, 0, 0
50249, 1400, 1, 0, 0
50349, 1080, 1, 0, 0
50449, 1080, 1, 0, 0
50549, 1080, 1, 0, 0
50650, 1400, 1, 0, 0
50750, 1080, 1, 0, 0
50850, 1040, 1, 0, 0
50950, 1080, 1, 0, 0
51050, 1400, 1, 0, 0
51150, 1080, 1, 0, 0
51249, 1090, 1, 0, 0
51349, 1080, 1, 0, 0
51449, 1080, 1, 0, 0
51549, 1080, 1, 0, 0
51649, 1080, 1, 0, 0
51749, 1400, 1, 0, 0
51849, 1080, 1, 0, 0
51949, 840, 1, 0, 0
52050, 360, 1, 0, 0
52150, 360, 1, 0, 0
52249, 363, 1, 0, 0
52349, 360, 1, 0, 0
52449, 320, 1, 0, 0
52549, 360, 1, 0, 0
52649, 360, 1, 0, 0
52749, 360, 1, 0, 0
52849, 720, 1, 0, 0
52949, 1080, 1, 0, 0
53050, 1160, 1, 0, 0
53150, 1080, 1, 0, 0
53249, 1090, 1, 0, 0
53349, 1080, 1, 0, 0
53449, 1080, 1, 0, 0
53549, 1080, 1, 0, 0
53649, 1080, 1, 0, 0
53749, 1400, 1, 0, 0
53849, 760, 1, 0, 0
53949, 1400, 1, 0, 0
54049, 1080, 1, 0, 0
54149, 1160, 1, 0, 0
54250, 1080, 1, 0, 0
54350, 1360, 1, 0, 0
54450, 1080, 1, 0, 0
54550, 1080, 1, 0, 0
54650, 1080, 1, 0, 0
54749, 1171, 1, 0, 0
54849, 1240, 1, 0, 0
54949, 1400, 1, 0, 0
55049, 1440, 1, 0, 0
55149, 1080, 1, 0, 0
55249, 1440, 1, 0, 0
55349, 1200, 1, 0, 0
55449, 1440, 1, 0, 0
55549, 1080, 1, 0, 0
55649, 360, 1, 0, 0
55750, 680, 1, 0, 0
55850, 40, 1, 0, 0
55950, 720, 1, 0, 0
56050, 360, 1, 0, 0
56150, 320, 1, 0, 0
56249, 404, 1, 0, 0
56349, 360, 1, 0, 0
56449, 720, 1, 0, 0
56549, 1520, 1, 0, 0
56649, 1080, 1, 0, 0
56750, 1440, 1, 0, 0
56850, 1080, 1, 0, 0
56950, 1440, 1, 0, 0
57050, 1400, 1, 0, 0
57150, 1440, 1, 0, 0
57249, 1454, 1, 0, 0
57349, 1040, 1, 0, 0
57449, 1440, 1, 0, 0
57549, 1480, 1, 0, 0
57649, 1080, 1, 0, 0
57749, 1480, 1, 0, 0
57849, 1440, 1, 0, 0
57949, 1000, 1, 0, 0
58050, 1120, 1, 0, 0
58150, 1440, 1, 0, 0
58250, 1080, 1, 0, 0
58350, 1760, 1, 0, 0
58450, 1160, 1, 0, 0
58550, 1120, 1, 0, 0
58650, 1120, 1, 0, 0
58749, 1171, 1, 0, 0
58849, 1120, 1, 0, 0
58949, 1440, 1, 0, 0
59049, 1160, 1, 0, 0
59149, 1080, 1, 0, 0
59249, 360, 1, 0, 0
59349, 360, 1, 0, 0
59449, 720, 1, 0, 0
59550, 320, 1, 0, 0
59650, 360, 1, 0, 0
59749, 161, 1, 0, 0
59849, 360, 1, 0, 0
59949, 360, 1, 0, 0
60049, 760, 1, 0, 0
60150, 1040, 1, 0, 0
60250, 1200, 1, 0, 0
60350, 1080, 1, 0, 0
60450, 1520, 1, 0, 0
60550, 1080, 1, 0, 0
60650, 1040, 1, 0, 0
60749, 888, 1, 0, 0
60849, 1160, 1, 0, 0
60949, 1320, 1, 0, 0
61049, 1160, 1, 0, 0
61149, 1400, 1, 0, 0
61249, 1080, 1, 0, 0
61349, 1080, 1, 0, 0
61450, 1480, 1, 0, 0
61550, 1480, 1, 0, 0
61650, 1120, 1, 0, 0
61749, 1454, 1, 0, 0
61849, 1400, 1, 0, 0
61949, 880, 1, 0, 0
62049, 1080, 1, 0, 0
62149, 1400, 1, 0, 0
62249, 1480, 1, 0, 0
62349, 720, 1, 0, 0
62449, 1040, 1, 0, 0
62649, 1120, 1, 0, 0
62750, 1120, 1, 0, 0
62850, 120, 1, 0, 0
62950, 360, 1, 0, 0
63050, 360, 1, 0, 0
63150, 400, 1, 0, 0
63249, 363, 1, 0, 0
63349, 360, 1, 0, 0
63449, 320, 1, 0, 0
63549, 720, 1, 0, 0
63649, 680, 1, 0, 0
63750, 1120, 1, 0, 0
63850, 1440, 1, 0, 0
63950, 1440, 1, 0, 0
64050, 1120, 1, 0, 0
64150, 1080, 1, 0, 0
64249, 1454, 1, 0, 0
64349, 1080, 1, 0, 0
64449, 1440, 1, 0, 0
64549, 1120, 1, 0, 0
64649, 1400, 1, 0, 0
64749, 1120, 1, 0, 0
64849, 1520, 1, 0, 0
64949, 1440, 1, 0, 0
65049, 1080, 1, 0, 0
65149, 1080, 1, 0, 0
65250, 1440, 1, 0, 0
65350, 1400, 1, 0, 0
65450, 1440, 1, 0, 0
65550, 800, 1, 0, 0
65650, 1280, 1, 0, 0
65749, 969, 1, 0, 0
65849, 920, 1, 0, 0
65949, 1320, 1, 0, 0
66049, 1440, 1, 0, 0
66149, 1400, 1, 0, 0
66249, 1120, 1, 0, 0
66349, 720, 1, 0, 0
66449, 360, 1, 0, 0
66550, 720, 1, 0, 0
66650, 320, 1, 0, 0
66749, 363, 1, 0, 0
66849, 400, 1, 0, 0
66949, 360, 1, 0, 0
67049, 360, 1, 0, 0
67149, 360, 1, 0, 0
67249, 1360, 1, 0, 0
67349, 1080, 1, 0, 0
67450, 1160, 1, 0, 0
67550, 1080, 1, 0, 0
67650, 1080, 1, 0, 0
67749, 1090, 1, 0, 0
67849, 1080, 1, 0, 0
67949, 1400, 1, 0, 0
68049, 1040, 1, 0, 0
68149, 1120, 1, 0, 0
68249, 1080, 1, 0, 0
68349, 1040, 1, 0, 0
68449, 1080, 1, 0, 0
68549, 1080, 1, 0, 0
68649, 1080, 1, 0, 0
68749, 1080, 1, 0, 0
68849, 800, 1, 0, 0
68949, 1360, 1, 0, 0
69050, 1080, 1, 0, 0
69150, 800, 1, 0, 0
69250, 1160, 1, 0, 0
69350, 1080, 1, 0, 0
69450, 1080, 1, 0, 0
69550, 1080, 1, 0, 0
69650, 1120, 1, 0, 0
69749, 1131, 1, 0, 0
69849, 1080, 1, 0, 0
69949, 360, 1, 0, 0
70049, 360, 1, 0, 0
70149, 360, 1, 0, 0
70250, 120, 1, 0, 0
70350, 360, 1, 0, 0
70450, 360, 1, 0, 0
70550, 360, 1, 0, 0
70650, 360, 1, 0, 0
70749, 606, 1, 0, 0
70849, 840, 1, 0, 0
70949, 1080, 1, 0, 0
71049, 1080, 1, 0, 0
71149, 1040, 1, 0, 0
71249, 1080, 1, 0, 0
71349, 1080, 1, 0, 0
71449, 1080, 1, 0, 0
71550, 1080, 1, 0, 0
71650, 1040, 1, 0, 0
71749, 1090, 1, 0, 0
71849, 1160, 1, 0, 0
71949, 1080, 1, 0, 0
72049, 1240, 1, 0, 0
72149, 760, 1, 0, 0
72249, 1040, 1, 0, 0
72349, 1080, 1, 0, 0
72449, 1120, 1, 0, 0
72549, 1080, 1, 0, 0
72649, 800, 1, 0, 0
72749, 1080, 1, 0, 0
72849, 1080, 1, 0, 0
72949, 1080, 1, 0, 0
73050, 1080, 1, 0, 0
73150, 1080, 1, 0, 0
73250, 1080, 1, 0, 0
73350, 1080, 1, 0, 0
73450, 680, 1, 0, 0
73550, 360, 1, 0, 0
73650, 360, 1, 0, 0
73749, 363, 1, 0, 0
73849, 360, 1, 0, 0
73949, 360, 1, 0, 0
74050, 360, 1, 0, 0
74150, 360, 1, 0, 0
74249, 363, 1, 0, 0
74349, 800, 1, 0, 0
74449, 1000, 1, 0, 0
74549, 1080, 1, 0, 0
74649, 1080, 1, 0, 0
74749, 1080, 1, 0, 0
74849, 1080, 1, 0, 0
74949, 1120, 1, 0, 0
75049, 1080, 1, 0, 0
75149, 1080, 1, 0, 0
75249, 880, 1, 0, 0
75350, 1040, 1, 0, 0
75450, 1200, 1, 0, 0
75550, 1080, 1, 0, 0
75650, 1080, 1, 0, 0
75749, 1090, 1, 0, 0
75849, 920, 1, 0, 0
75949, 1200, 1, 0, 0
76049, 1120, 1, 0, 0
76149, 1080, 1, 0, 0
76249, 1360, 1, 0, 0
76349, 1080, 1, 0, 0
76449, 1080, 1, 0, 0
76549, 1080, 1, 0, 0
76650, 1080, 1, 0, 0
76750, 1080, 1, 0, 0
76850, 1120, 1, 0, 0
76950, 1120, 1, 0, 0
77050, 360, 1, 0, 0
77150, 360, 1, 0, 0
77249, 363, 1, 0, 0
77349, 360, 1, 0, 0
77449, 360, 1, 0, 0
77549, 360, 1, 0, 0
77649, 400, 1, 0, 0
77749, 360, 1, 0, 0
77849, 680, 1, 0, 0
77949, 1080, 1, 0, 0
78050, 1080, 1, 0, 0
78150, 1200, 1, 0, 0
78249, 1454, 1, 0, 0
78349, 1120, 1, 0, 0
78449, 1080, 1, 0, 0
78549, 1080, 1, 0, 0
78649, 1400, 1, 0, 0
78749, 1080, 1, 0, 0
78849, 1120, 1, 0, 0
78949, 1240, 1, 0, 0
79049, 1400, 1, 0, 0
79149, 1080, 1, 0, 0
79250, 1280, 1, 0, 0
79350, 1080, 1, 0, 0
79450, 1200, 1, 0, 0
79550, 1080, 1, 0, 0
79650, 1080, 1, 0, 0
79749, 1090, 1, 0, 0
79849, 1040, 1, 0, 0
79949, 1400, 1, 0, 0
80049, 1120, 1, 0, 0
80149, 1120, 1, 0, 0
80249, 1200, 1, 0, 0
80349, 1280, 1, 0, 0
80449, 1240, 1, 0, 0
80549, 1040, 1, 0, 0
80650, 360, 1, 0, 0
80750, 360, 1, 0, 0
80850, 400, 1, 0, 0
80950, 360, 1, 0, 0
81050, 360, 1, 0, 0
81150, 360, 1, 0, 0
81249, 363, 1, 0, 0
81349, 480, 1, 0, 0
81449, 920, 1, 0, 0
81549, 1240, 1, 0, 0
81649, 1080, 1, 0, 0
81750, 1120, 1, 0, 0
81850, 1200, 1, 0, 0
81950, 1120, 1, 0, 0
82050, 1400, 1, 0, 0
82150, 1080, 1, 0, 0
82249, 1090, 1, 0, 0
82349, 960, 1, 0, 0
82449, 720, 1, 0, 0
82549, 720, 1, 0, 0
82649, 720, 1, 0, 0
82749, 720, 1, 0, 0
82849, 1040, 1, 0, 0
82949, 720, 1, 0, 0
83050, 840, 1, 0, 0
83150, 1160, 1, 0, 0
83249, 1292, 1, 0, 0
83349, 1080, 1, 0, 0
83449, 1280, 1, 0, 0
83549, 1080, 1, 0, 0
83649, 1360, 1, 0, 0
83749, 360, 1, 0, 0
83849, 360, 1, 0, 0
83949, 360, 1, 0, 0
84050, 360, 1, 0, 0
84150, 360, 1, 0, 0
84249, 363, 1, 0, 0
84349, 320, 1, 0, 0
84449, 520, 1, 0, 0
84549, 360, 1, 0, 0
84649, 1200, 1, 0, 0
84749, 1240, 1, 0, 0
84849, 1360, 1, 0, 0
84949, 1080, 1, 0, 0
85049, 1240, 1, 0, 0
85149, 1440, 1, 0, 0
85250, 1120, 1, 0, 0
85350, 1160, 1, 0, 0
85450, 1120, 1, 0, 0
85550, 1440, 1, 0, 0
85650, 1040, 1, 0, 0
85749, 1535, 1, 0, 0
85849, 1760, 1, 0, 0
85949, 1200, 1, 0, 0
86049, 1440, 1, 0, 0
86149, 1080, 1, 0, 0
86249, 1160, 1, 0, 0
86349, 1440, 1, 0, 0
86449, 1160, 1, 0, 0
86549, 1440, 1, 0, 0
86649, 1440, 1, 0, 0
86750, 840, 1, 0, 0
86850, 1120, 1, 0, 0
86950, 1480, 1, 0, 0
87050, 1440, 1, 0, 0
87150, 1080, 1, 0, 0
87249, 1414, 1, 0, 0
87349, 400, 1, 0, 0
87449, 400, 1, 0, 0
87549, 360, 1, 0, 0
87649, 360, 1, 0, 0
87749, 720, 1, 0, 0
87850, 320, 1, 0, 0
87950, 40, 1, 0, 0
88050, 1080, 1, 0, 0
88150, 1400, 1, 0, 0
88249, 1171, 1, 0, 0
88349, 1120, 1, 0, 0
88449, 1200, 1, 0, 0
88549, 880, 1, 0, 0
88649, 1440, 1, 0, 0
88749, 1440, 1, 0, 0
88849, 1120, 1, 0, 0
88949, 1080, 1, 0, 0
89049, 1160, 1, 0, 0
89149, 1080, 1, 0, 0
89250, 1080, 1, 0, 0
89350, 1400, 1, 0, 0
89450, 1080, 1, 0, 0
89550, 720, 1, 0, 0
89650, 1200, 1, 0, 0
89749, 1090, 1, 0, 0
89849, 1360, 1, 0, 0
89949, 1160, 1, 0, 0
90049, 960, 1, 0, 0
