100, 260, 1, 0, 0
200, 270, 1, 0, 0
300, 270, 1, 0, 0
400, 250, 1, 0, 0
499, 272, 1, 0, 0
599, 280, 1, 0, 0
699, 300, 1, 0, 0
799, 270, 1, 0, 0
899, 270, 1, 0, 0
999, 280, 1, 0, 0
1099, 270, 1, 0, 0
1199, 290, 1, 0, 0
1299, 340, 1, 0, 0
1399, 270, 1, 0, 0
1500, 270, 1, 0, 0
1600, 190, 1, 0, 0
1700, 270, 1, 0, 0
1800, 270, 1, 0, 0
1900, 270, 1, 0, 0
1999, 171, 1, 0, 0
2099, 90, 1, 0, 0
2199, 10, 1, 0, 0
2299, 120, 1, 0, 0
2399, 90, 1, 0, 0
2499, 90, 1, 0, 0
2599, 90, 1, 0, 0
2700, 90, 1, 0, 0
2800, 230, 1, 0, 0
2900, 220, 1, 0, 0
2999, 323, 1, 0, 0
3099, 220, 1, 0, 0
3199, 270, 1, 0, 0
3299, 270, 1, 0, 0
3399, 270, 1, 0, 0
3499, 260, 1, 0, 0
3599, 270, 1, 0, 0
3699, 270, 1, 0, 0
3799, 280, 1, 0, 0
3899, 270, 1, 0, 0
3999, 280, 1, 0, 0
4099, 330, 1, 0, 0
4199, 190, 1, 0, 0
4300, 270, 1, 0, 0
4400, 270, 1, 0, 0
4500, 270, 1, 0, 0
4600, 270, 1, 0, 0
4700, 260, 1, 0, 0
4800, 280, 1, 0, 0
4900, 190, 1, 0, 0
4999, 262, 1, 0, 0
5099, 270, 1, 0, 0
5199, 270, 1, 0, 0
5299, 270, 1, 0, 0
5399, 280, 1, 0, 0
5499, 270, 1, 0, 0
5599, 190, 1, 0, 0
5699, 90, 1, 0, 0
5800, 90, 1, 0, 0
5900, 90, 1, 0, 0
5999, 90, 1, 0, 0
6099, 90, 1, 0, 0
6199, 100, 1, 0, 0
6299, 90, 1, 0, 0
6399, 70, 1, 0, 0
6499, 180, 1, 0, 0
6599, 270, 1, 0, 0
6699, 270, 1, 0, 0
6799, 330, 1, 0, 0
6899, 270, 1, 0, 0
6999, 270, 1, 0, 0
7100, 280, 1, 0, 0
7200, 280, 1, 0, 0
7300, 290, 1, 0, 0
7400, 330, 1, 0, 0
7499, 272, 1, 0, 0
7599, 270, 1, 0, 0
7699, 310, 1, 0, 0
7799, 290, 1, 0, 0
7899, 350, 1, 0, 0
7999, 290, 1, 0, 0
8099, 280, 1, 0, 0
8199, 270, 1, 0, 0
8299, 300, 1, 0, 0
8399, 350, 1, 0, 0
8499, 260, 1, 0, 0
8599, 350, 1, 0, 0
8699, 300, 1, 0, 0
8799, 290, 1, 0, 0
8899, 310, 1, 0, 0
9000, 270, 1, 0, 0
9100, 270, 1, 0, 0
9200, 270, 1, 0, 0
9300, 90, 1, 0, 0
9400, 90, 1, 0, 0
9499, 90, 1, 0, 0
9599, 90, 1, 0, 0
9699, 90, 1, 0, 0
9799, 90, 1, 0, 0
9899, 90, 1, 0, 0
9999, 90, 1, 0, 0
10100, 100, 1, 0, 0
10200, 280, 1, 0, 0
10300, 300, 1, 0, 0
10400, 270, 1, 0, 0
10499, 272, 1, 0, 0
10599, 270, 1, 0, 0
10699, 270, 1, 0, 0
10799, 270, 1, 0, 0
10899, 190, 1, 0, 0
10999, 320, 1, 0, 0
11099, 350, 1, 0, 0
11199, 270, 1, 0, 0
11299, 280, 1, 0, 0
11399, 270, 1, 0, 0
11499, 340, 1, 0, 0
11599, 270, 1, 0, 0
11699, 340, 1, 0, 0
11800, 280, 1, 0, 0
11900, 290, 1, 0, 0
11999, 262, 1, 0, 0
12099, 270, 1, 0, 0
12199, 290, 1, 0, 0
12299, 290, 1, 0, 0
12399, 270, 1, 0, 0
12499, 270, 1, 0, 0
12599, 280, 1, 0, 0
12699, 340, 1, 0, 0
12799, 220, 1, 0, 0
12899, 90, 1, 0, 0
13000, 50, 1, 0, 0
13100, 130, 1, 0, 0
13200, 90, 1, 0, 0
13300, 90, 1, 0, 0
13400, 50, 1, 0, 0
13499, 101, 1, 0, 0
13599, 90, 1, 0, 0
13699, 160, 1, 0, 0
13799, 270, 1, 0, 0
13899, 270, 1, 0, 0
13999, 260, 1, 0, 0
14099, 260, 1, 0, 0
14199, 270, 1, 0, 0
14299, 250, 1, 0, 0
14399, 270, 1, 0, 0
14499, 270, 1, 0, 0
14599, 260, 1, 0, 0
14699, 260, 1, 0, 0
14800, 300, 1, 0, 0
14900, 330, 1, 0, 0
14999, 343, 1, 0, 0
15099, 250, 1, 0, 0
15199, 270, 1, 0, 0
15299, 260, 1, 0, 0
15399, 270, 1, 0, 0
15499, 290, 1, 0, 0
15599, 270, 1, 0, 0
15699, 280, 1, 0, 0
15799, 240, 1, 0, 0
15899, 320, 1, 0, 0
15999, 260, 1, 0, 0
16099, 270, 1, 0, 0
16199, 310, 1, 0, 0
16299, 310, 1, 0, 0
16400, 180, 1, 0, 0
16500, 90, 1, 0, 0
16600, 90, 1, 0, 0
16700, 10, 1, 0, 0
16800, 90, 1, 0, 0
16900, 90, 1, 0, 0
16999, 90, 1, 0, 0
17099, 100, 1, 0, 0
17199, 100, 1, 0, 0
17299, 270, 1, 0, 0
17399, 350, 1, 0, 0
17499, 270, 1, 0, 0
17599, 300, 1, 0, 0
17699, 270, 1, 0, 0
17799, 360, 1, 0, 0
17899, 350, 1, 0, 0
17999, 280, 1, 0, 0
18099, 270, 1, 0, 0
18200, 270, 1, 0, 0
18300, 270, 1, 0, 0
18400, 350, 1, 0, 0
18499, 272, 1, 0, 0
18599, 270, 1, 0, 0
18699, 460, 1, 0, 0
18799, 360, 1, 0, 0
18899, 270, 1, 0, 0
18999, 270, 1, 0, 0
19099, 350, 1, 0, 0
19199, 280, 1, 0, 0
19299, 350, 1, 0, 0
19399, 290, 1, 0, 0
19499, 300, 1, 0, 0
19599, 350, 1, 0, 0
19699, 270, 1, 0, 0
19800, 280, 1, 0, 0
19900, 280, 1, 0, 0
19999, 272, 1, 0, 0
20099, 80, 1, 0, 0
20199, 90, 1, 0, 0
20299, 100, 1, 0, 0
20399, 90, 1, 0, 0
20499, 90, 1, 0, 0
20599, 90, 1, 0, 0
20699, 90, 1, 0, 0
20799, 80, 1, 0, 0
20899, 260, 1, 0, 0
20999, 350, 1, 0, 0
21100, 290, 1, 0, 0
21200, 370, 1, 0, 0
21300, 440, 1, 0, 0
21400, 210, 1, 0, 0
21499, 353, 1, 0, 0
21599, 290, 1, 0, 0
21699, 350, 1, 0, 0
21799, 310, 1, 0, 0
21899, 290, 1, 0, 0
21999, 220, 1, 0, 0
22099, 300, 1, 0, 0
22199, 350, 1, 0, 0
22299, 290, 1, 0, 0
22399, 360, 1, 0, 0
22499, 280, 1, 0, 0
22599, 370, 1, 0, 0
22699, 210, 1, 0, 0
22800, 290, 1, 0, 0
22900, 340, 1, 0, 0
22999, 282, 1, 0, 0
23099, 270, 1, 0, 0
23199, 240, 1, 0, 0
23299, 350, 1, 0, 0
23399, 260, 1, 0, 0
23499, 350, 1, 0, 0
23599, 200, 1, 0, 0
23699, 80, 1, 0, 0
23799, 10, 1, 0, 0
23899, 170, 1, 0, 0
23999, 100, 1, 0, 0
24099, 80, 1, 0, 0
24200, 90, 1, 0, 0
24300, 90, 1, 0, 0
24400, 170, 1, 0, 0
24499, 202, 1, 0, 0
24599, 350, 1, 0, 0
24699, 270, 1, 0, 0
24799, 350, 1, 0, 0
24899, 270, 1, 0, 0
24999, 260, 1, 0, 0
25099, 280, 1, 0, 0
25199, 270, 1, 0, 0
25299, 350, 1, 0, 0
25399, 270, 1, 0, 0
25499, 290, 1, 0, 0
25599, 280, 1, 0, 0
25699, 270, 1, 0, 0
25800, 270, 1, 0, 0
25900, 320, 1, 0, 0
26000, 270, 1, 0, 0
26100, 280, 1, 0, 0
26200, 280, 1, 0, 0
26300, 270, 1, 0, 0
26400, 270, 1, 0, 0
26499, 272, 1, 0, 0
26599, 280, 1, 0, 0
26699, 340, 1, 0, 0
26799, 270, 1, 0, 0
26899, 310, 1, 0, 0
26999, 230, 1, 0, 0
27100, 350, 1, 0, 0
27200, 270, 1, 0, 0
27300, 90, 1, 0, 0
27400, 90, 1, 0, 0
27499, 90, 1, 0, 0
27599, 90, 1, 0, 0
27699, 90, 1, 0, 0
27799, 90, 1, 0, 0
27899, 10, 1, 0, 0
27999, 170, 1, 0, 0
28099, 100, 1, 0, 0
28200, 270, 1, 0, 0
28300, 270, 1, 0, 0
28400, 350, 1, 0, 0
28499, 323, 1, 0, 0
28599, 270, 1, 0, 0
28699, 270, 1, 0, 0
28799, 270, 1, 0, 0
28899, 280, 1, 0, 0
28999, 270, 1, 0, 0
29099, 310, 1, 0, 0
29199, 270, 1, 0, 0
29300, 350, 1, 0, 0
29400, 180, 1, 0, 0
29499, 343, 1, 0, 0
29599, 300, 1, 0, 0
29699, 270, 1, 0, 0
29799, 350, 1, 0, 0
29899, 320, 1, 0, 0
29999, 280, 1, 0, 0
30099, 350, 1, 0, 0
30199, 290, 1, 0, 0
30299, 360, 1, 0, 0
30399, 270, 1, 0, 0
30499, 180, 1, 0, 0
30599, 360, 1, 0, 0
30699, 360, 1, 0, 0
30799, 280, 1, 0, 0
30900, 100, 1, 0, 0
31000, 90, 1, 0, 0
31100, 90, 1, 0, 0
31200, 90, 1, 0, 0
31300, 180, 1, 0, 0
31400, 80, 1, 0, 0
31499, 10, 1, 0, 0
31599, 180, 1, 0, 0
31699, 180, 1, 0, 0
31799, 350, 1, 0, 0
31899, 270, 1, 0, 0
31999, 280, 1, 0, 0
32099, 270, 1, 0, 0
32199, 280, 1, 0, 0
32300, 270, 1, 0, 0
32400, 280, 1, 0, 0
32499, 262, 1, 0, 0
32599, 360, 1, 0, 0
32699, 270, 1, 0, 0
32799, 270, 1, 0, 0
32899, 350, 1, 0, 0
32999, 280, 1, 0, 0
33099, 280, 1, 0, 0
33199, 360, 1, 0, 0
33299, 230, 1, 0, 0
33399, 340, 1, 0, 0
33499, 190, 1, 0, 0
33599, 340, 1, 0, 0
33699, 280, 1, 0, 0
33800, 260, 1, 0, 0
33900, 270, 1, 0, 0
33999, 272, 1, 0, 0
34099, 240, 1, 0, 0
34199, 340, 1, 0, 0
34299, 290, 1, 0, 0
34399, 200, 1, 0, 0
34499, 280, 1, 0, 0
34599, 170, 1, 0, 0
34699, 90, 1, 0, 0
34799, 90, 1, 0, 0
34899, 90, 1, 0, 0
34999, 90, 1, 0, 0
35099, 90, 1, 0, 0
35199, 90, 1, 0, 0
35299, 90, 1, 0, 0
35400, 180, 1, 0, 0
35500, 280, 1, 0, 0
35600, 220, 1, 0, 0
35700, 270, 1, 0, 0
35800, 260, 1, 0, 0
35900, 270, 1, 0, 0
35999, 272, 1, 0, 0
36099, 280, 1, 0, 0
36199, 330, 1, 0, 0
36299, 270, 1, 0, 0
36399, 270, 1, 0, 0
36499, 350, 1, 0, 0
36599, 210, 1, 0, 0
36699, 350, 1, 0, 0
36799, 280, 1, 0, 0
36899, 270, 1, 0, 0
36999, 270, 1, 0, 0
37099, 270, 1, 0, 0
37200, 270, 1, 0, 0
37300, 340, 1, 0, 0
37400, 290, 1, 0, 0
37499, 292, 1, 0, 0
37599, 290, 1, 0, 0
37699, 290, 1, 0, 0
37799, 360, 1, 0, 0
37899, 370, 1, 0, 0
37999, 270, 1, 0, 0
38099, 360, 1, 0, 0
38199, 380, 1, 0, 0
38300, 180, 1, 0, 0
38400, 180, 1, 0, 0
38499, 90, 1, 0, 0
38599, 90, 1, 0, 0
38699, 170, 1, 0, 0
38799, 90, 1, 0, 0
38899, 90, 1, 0, 0
38999, 100, 1, 0, 0
39099, 170, 1, 0, 0
39199, 130, 1, 0, 0
39299, 350, 1, 0, 0
39399, 210, 1, 0, 0
39499, 370, 1, 0, 0
39599, 350, 1, 0, 0
39699, 350, 1, 0, 0
39800, 300, 1, 0, 0
39900, 380, 1, 0, 0
39999, 272, 1, 0, 0
40099, 360, 1, 0, 0
40199, 290, 1, 0, 0
40299, 350, 1, 0, 0
40399, 370, 1, 0, 0
40499, 290, 1, 0, 0
40599, 430, 1, 0, 0
40699, 360, 1, 0, 0
40799, 290, 1, 0, 0
40899, 290, 1, 0, 0
40999, 360, 1, 0, 0
41099, 380, 1, 0, 0
41199, 340, 1, 0, 0
41299, 320, 1, 0, 0
41400, 270, 1, 0, 0
41500, 280, 1, 0, 0
41600, 270, 1, 0, 0
41700, 310, 1, 0, 0
41800, 290, 1, 0, 0
41900, 90, 1, 0, 0
41999, 161, 1, 0, 0
42099, 90, 1, 0, 0
42199, 90, 1, 0, 0
42299, 90, 1, 0, 0
42399, 10, 1, 0, 0
42499, 90, 1, 0, 0
42599, 170, 1, 0, 0
42699, 170, 1, 0, 0
42799, 270, 1, 0, 0
42899, 270, 1, 0, 0
42999, 330, 1, 0, 0
43099, 300, 1, 0, 0
43200, 270, 1, 0, 0
43300, 280, 1, 0, 0
43400, 270, 1, 0, 0
43499, 323, 1, 0, 0
43599, 270, 1, 0, 0
43699, 270, 1, 0, 0
43799, 280, 1, 0, 0
43899, 270, 1, 0, 0
43999, 280, 1, 0, 0
44099, 270, 1, 0, 0
44199, 350, 1, 0, 0
44299, 270, 1, 0, 0
44399, 270, 1, 0, 0
44499, 280, 1, 0, 0
44599, 260, 1, 0, 0
44699, 340, 1, 0, 0
44799, 260, 1, 0, 0
44899, 190, 1, 0, 0
45000, 270, 1, 0, 0
45100, 270, 1, 0, 0
45200, 180, 1, 0, 0
45300, 90, 1, 0, 0
45400, 90, 1, 0, 0
45499, 80, 1, 0, 0
45599, 90, 1, 0, 0
45699, 10, 1, 0, 0
45999, 80, 1, 0, 0
46100, 100, 1, 0, 0
46200, 280, 1, 0, 0
46300, 350, 1, 0, 0
46400, 280, 1, 0, 0
46499, 181, 1, 0, 0
46599, 270, 1, 0, 0
46699, 350, 1, 0, 0
46799, 280, 1, 0, 0
46899, 270, 1, 0, 0
46999, 280, 1, 0, 0
47099, 280, 1, 0, 0
47199, 350, 1, 0, 0
47300, 300, 1, 0, 0
47400, 280, 1, 0, 0
47499, 252, 1, 0, 0
47599, 280, 1, 0, 0
47699, 360, 1, 0, 0
47799, 290, 1, 0, 0
47899, 260, 1, 0, 0
47999, 260, 1, 0, 0
48099, 350, 1, 0, 0
48199, 290, 1, 0, 0
48299, 180, 1, 0, 0
48399, 90, 1, 0, 0
48499, 90, 1, 0, 0
48600, 180, 1, 0, 0
48700, 80, 1, 0, 0
48800, 10, 1, 0, 0
48900, 180, 1, 0, 0
48999, 90, 1, 0, 0
49099, 90, 1, 0, 0
49199, 360, 1, 0, 0
49299, 280, 1, 0, 0
49399, 280, 1, 0, 0
49499, 350, 1, 0, 0
49599, 280, 1, 0, 0
49699, 360, 1, 0, 0
49799, 270, 1, 0, 0
49899, 350, 1, 0, 0
49999, 270, 1, 0, 0
50099, 350, 1, 0, 0
50200, 290, 1, 0, 0
50300, 290, 1, 0, 0
50400, 410, 1, 0, 0
50499, 303, 1, 0, 0
50599, 350, 1, 0, 0
50699, 270, 1, 0, 0
50799, 270, 1, 0, 0
50899, 340, 1, 0, 0
50999, 280, 1, 0, 0
51099, 270, 1, 0, 0
51199, 270, 1, 0, 0
51299, 350, 1, 0, 0
51399, 270, 1, 0, 0
51499, 310, 1, 0, 0
51600, 350, 1, 0, 0
51700, 340, 1, 0, 0
51800, 290, 1, 0, 0
51900, 370, 1, 0, 0
51999, 90, 1, 0, 0
52099, 90, 1, 0, 0
52199, 90, 1, 0, 0
52299, 90, 1, 0, 0
52399, 90, 1, 0, 0
52499, 90, 1, 0, 0
52599, 90, 1, 0, 0
52699, 90, 1, 0, 0
52799, 90, 1, 0, 0
52899, 290, 1, 0, 0
53000, 310, 1, 0, 0
53100, 280, 1, 0, 0
53200, 350, 1, 0, 0
53300, 280, 1, 0, 0
53400, 270, 1, 0, 0
53499, 282, 1, 0, 0
53599, 290, 1, 0, 0
53699, 330, 1, 0, 0
53799, 270, 1, 0, 0
53899, 270, 1, 0, 0
53999, 350, 1, 0, 0
54099, 270, 1, 0, 0
54199, 320, 1, 0, 0
54299, 350, 1, 0, 0
54399, 270, 1, 0, 0
54499, 270, 1, 0, 0
54599, 370, 1, 0, 0
54699, 260, 1, 0, 0
54799, 300, 1, 0, 0
54900, 270, 1, 0, 0
55000, 370, 1, 0, 0
55100, 270, 1, 0, 0
55200, 310, 1, 0, 0
55300, 290, 1, 0, 0
55400, 410, 1, 0, 0
55499, 222, 1, 0, 0
55599, 90, 1, 0, 0
55699, 90, 1, 0, 0
55799, 90, 1, 0, 0
55899, 90, 1, 0, 0
55999, 90, 1, 0, 0
56100, 90, 1, 0, 0
56200, 110, 1, 0, 0
56300, 60, 1, 0, 0
56400, 120, 1, 0, 0
56499, 323, 1, 0, 0
56599, 330, 1, 0, 0
56699, 270, 1, 0, 0
56799, 240, 1, 0, 0
56899, 260, 1, 0, 0
56999, 270, 1, 0, 0
57099, 340, 1, 0, 0
57199, 280, 1, 0, 0
57299, 280, 1, 0, 0
57399, 280, 1, 0, 0
57499, 270, 1, 0, 0
57599, 270, 1, 0, 0
57700, 310, 1, 0, 0
57800, 330, 1, 0, 0
57900, 230, 1, 0, 0
57999, 272, 1, 0, 0
58099, 270, 1, 0, 0
58199, 270, 1, 0, 0
58299, 300, 1, 0, 0
58399, 300, 1, 0, 0
58499, 320, 1, 0, 0
58599, 310, 1, 0, 0
58699, 260, 1, 0, 0
58799, 350, 1, 0, 0
58899, 270, 1, 0, 0
58999, 270, 1, 0, 0
59099, 350, 1, 0, 0
59199, 100, 1, 0, 0
59300, 90, 1, 0, 0
59400, 90, 1, 0, 0
59499, 90, 1, 0, 0
59599, 110, 1, 0, 0
59699, 60, 1, 0, 0
59799, 90, 1, 0, 0
59899, 110, 1, 0, 0
59999, 90, 1, 0, 0
60099, 290, 1, 0, 0
60199, 280, 1, 0, 0
60300, 260, 1, 0, 0
60400, 270, 1, 0, 0
60499, 343, 1, 0, 0
60599, 280, 1, 0, 0
60699, 290, 1, 0, 0
60799, 340, 1, 0, 0
60899, 280, 1, 0, 0
60999, 190, 1, 0, 0
61099, 290, 1, 0, 0
61199, 340, 1, 0, 0
61299, 270, 1, 0, 0
61399, 210, 1, 0, 0
61499, 270, 1, 0, 0
61599, 270, 1, 0, 0
61699, 350, 1, 0, 0
61800, 280, 1, 0, 0
61900, 270, 1, 0, 0
61999, 212, 1, 0, 0
62099, 280, 1, 0, 0
62199, 330, 1, 0, 0
62299, 260, 1, 0, 0
62399, 170, 1, 0, 0
62499, 90, 1, 0, 0
62599, 90, 1, 0, 0
62699, 270, 1, 0, 0
62799, 90, 1, 0, 0
62900, 90, 1, 0, 0
62999, 90, 1, 0, 0
63099, 90, 1, 0, 0
63199, 90, 1, 0, 0
63299, 90, 1, 0, 0
63399, 90, 1, 0, 0
63499, 90, 1, 0, 0
63599, 90, 1, 0, 0
63699, 270, 1, 0, 0
63800, 270, 1, 0, 0
63900, 260, 1, 0, 0
63999, 303, 1, 0, 0
64099, 240, 1, 0, 0
64199, 300, 1, 0, 0
64299, 270, 1, 0, 0
64399, 280, 1, 0, 0
64499, 270, 1, 0, 0
64599, 270, 1, 0, 0
64699, 270, 1, 0, 0
64799, 270, 1, 0, 0
64899, 240, 1, 0, 0
64999, 270, 1, 0, 0
65099, 270, 1, 0, 0
65199, 270, 1, 0, 0
65300, 270, 1, 0, 0
65400, 300, 1, 0, 0
65499, 181, 1, 0, 0
65599, 270, 1, 0, 0
65699, 340, 1, 0, 0
65799, 270, 1, 0, 0
65899, 280, 1, 0, 0
65999, 280, 1, 0, 0
66099, 270, 1, 0, 0
66199, 270, 1, 0, 0
66300, 260, 1, 0, 0
66400, 90, 1, 0, 0
66499, 90, 1, 0, 0
66599, 90, 1, 0, 0
66699, 90, 1, 0, 0
66799, 90, 1, 0, 0
66899, 90, 1, 0, 0
66999, 90, 1, 0, 0
67099, 90, 1, 0, 0
67199, 150, 1, 0, 0
67299, 300, 1, 0, 0
67399, 330, 1, 0, 0
67500, 280, 1, 0, 0
67600, 300, 1, 0, 0
67700, 330, 1, 0, 0
67800, 290, 1, 0, 0
67900, 350, 1, 0, 0
67999, 353, 1, 0, 0
68099, 360, 1, 0, 0
68199, 260, 1, 0, 0
68299, 280, 1, 0, 0
68399, 340, 1, 0, 0
68499, 370, 1, 0, 0
68599, 270, 1, 0, 0
68699, 290, 1, 0, 0
68799, 360, 1, 0, 0
68899, 360, 1, 0, 0
69000, 270, 1, 0, 0
69100, 180, 1, 0, 0
69200, 360, 1, 0, 0
69300, 290, 1, 0, 0
69400, 360, 1, 0, 0
69499, 272, 1, 0, 0
69599, 380, 1, 0, 0
69699, 350, 1, 0, 0
69799, 240, 1, 0, 0
69899, 260, 1, 0, 0
69999, 20, 1, 0, 0
70099, 110, 1, 0, 0
70199, 90, 1, 0, 0
70299, 180, 1, 0, 0
70400, 80, 1, 0, 0
70499, 10, 1, 0, 0
70599, 180, 1, 0, 0
70699, 170, 1, 0, 0
70799, 190, 1, 0, 0
70899, 350, 1, 0, 0
70999, 300, 1, 0, 0
71099, 280, 1, 0, 0
71199, 360, 1, 0, 0
71299, 280, 1, 0, 0
71399, 320, 1, 0, 0
71500, 260, 1, 0, 0
71600, 240, 1, 0, 0
71700, 260, 1, 0, 0
71800, 200, 1, 0, 0
71900, 200, 1, 0, 0
71999, 292, 1, 0, 0
72099, 270, 1, 0, 0
72199, 290, 1, 0, 0
72299, 210, 1, 0, 0
72399, 360, 1, 0, 0
72499, 350, 1, 0, 0
72599, 280, 1, 0, 0
72699, 270, 1, 0, 0
72799, 370, 1, 0, 0
72900, 270, 1, 0, 0
73000, 290, 1, 0, 0
73100, 270, 1, 0, 0
73200, 360, 1, 0, 0
73300, 300, 1, 0, 0
73400, 120, 1, 0, 0
73499, 90, 1, 0, 0
73599, 180, 1, 0, 0
73699, 80, 1, 0, 0
73799, 90, 1, 0, 0
73899, 80, 1, 0, 0
73999, 110, 1, 0, 0
74099, 90, 1, 0, 0
74200, 90, 1, 0, 0
74300, 180, 1, 0, 0
74400, 360, 1, 0, 0
74499, 353, 1, 0, 0
74599, 280, 1, 0, 0
74699, 210, 1, 0, 0
74799, 270, 1, 0, 0
74899, 270, 1, 0, 0
74999, 370, 1, 0, 0
75099, 320, 1, 0, 0
75199, 180, 1, 0, 0
75299, 320, 1, 0, 0
75399, 350, 1, 0, 0
75499, 340, 1, 0, 0
75600, 290, 1, 0, 0
75700, 260, 1, 0, 0
75800, 270, 1, 0, 0
75900, 260, 1, 0, 0
75999, 272, 1, 0, 0
76099, 340, 1, 0, 0
76199, 270, 1, 0, 0
76299, 280, 1, 0, 0
76399, 270, 1, 0, 0
76499, 330, 1, 0, 0
76599, 260, 1, 0, 0
76699, 280, 1, 0, 0
76799, 260, 1, 0, 0
76899, 350, 1, 0, 0
77000, 100, 1, 0, 0
77100, 90, 1, 0, 0
77200, 90, 1, 0, 0
77300, 90, 1, 0, 0
77400, 80, 1, 0, 0
77499, 90, 1, 0, 0
77599, 90, 1, 0, 0
77699, 90, 1, 0, 0
77799, 100, 1, 0, 0
77899, 260, 1, 0, 0
77999, 310, 1, 0, 0
78099, 290, 1, 0, 0
78199, 280, 1, 0, 0
78299, 280, 1, 0, 0
78399, 280, 1, 0, 0
78499, 270, 1, 0, 0
78599, 270, 1, 0, 0
78699, 350, 1, 0, 0
78800, 270, 1, 0, 0
78900, 310, 1, 0, 0
78999, 303, 1, 0, 0
79099, 260, 1, 0, 0
79199, 280, 1, 0, 0
79299, 380, 1, 0, 0
79399, 280, 1, 0, 0
79499, 300, 1, 0, 0
79599, 280, 1, 0, 0
79699, 280, 1, 0, 0
79799, 260, 1, 0, 0
79899, 200, 1, 0, 0
80000, 270, 1, 0, 0
80100, 270, 1, 0, 0
80200, 220, 1, 0, 0
80300, 220, 1, 0, 0
80400, 280, 1, 0, 0
80499, 363, 1, 0, 0
80599, 90, 1, 0, 0
80699, 90, 1, 0, 0
80799, 10, 1, 0, 0
80899, 140, 1, 0, 0
80999, 110, 1, 0, 0
81099, 10, 1, 0, 0
81199, 120, 1, 0, 0
81299, 80, 1, 0, 0
81400, 190, 1, 0, 0
81499, 282, 1, 0, 0
81599, 280, 1, 0, 0
81699, 260, 1, 0, 0
81799, 260, 1, 0, 0
81899, 190, 1, 0, 0
81999, 360, 1, 0, 0
82099, 190, 1, 0, 0
82199, 270, 1, 0, 0
82299, 270, 1, 0, 0
82399, 180, 1, 0, 0
82499, 180, 1, 0, 0
82599, 180, 1, 0, 0
82699, 180, 1, 0, 0
82799, 200, 1, 0, 0
82899, 270, 1, 0, 0
83000, 190, 1, 0, 0
83100, 350, 1, 0, 0
83200, 270, 1, 0, 0
83300, 270, 1, 0, 0
83400, 270, 1, 0, 0
83499, 262, 1, 0, 0
83599, 280, 1, 0, 0
83699, 170, 1, 0, 0
83799, 100, 1, 0, 0
83899, 90, 1, 0, 0
83999, 80, 1, 0, 0
84099, 90, 1, 0, 0
84199, 100, 1, 0, 0
84300, 90, 1, 0, 0
84400, 90, 1, 0, 0
84499, 90, 1, 0, 0
84599, 270, 1, 0, 0
84699, 290, 1, 0, 0
84799, 350, 1, 0, 0
84899, 270, 1, 0, 0
84999, 290, 1, 0, 0
85099, 300, 1, 0, 0
85199, 270, 1, 0, 0
85299, 310, 1, 0, 0
85400, 260, 1, 0, 0
85500, 270, 1, 0, 0
85600, 260, 1, 0, 0
85700, 260, 1, 0, 0
85800, 350, 1, 0, 0
85900, 260, 1, 0, 0
85999, 272, 1, 0, 0
86099, 280, 1, 0, 0
86199, 270, 1, 0, 0
86299, 320, 1, 0, 0
86399, 290, 1, 0, 0
86499, 270, 1, 0, 0
86599, 290, 1, 0, 0
86699, 270, 1, 0, 0
86799, 270, 1, 0, 0
86899, 270, 1, 0, 0
86999, 270, 1, 0, 0
87099, 240, 1, 0, 0
87200, 290, 1, 0, 0
87300, 90, 1, 0, 0
87400, 90, 1, 0, 0
87499, 90, 1, 0, 0
87599, 120, 1, 0, 0
87699, 90, 1, 0, 0
87799, 90, 1, 0, 0
87899, 130, 1, 0, 0
87999, 90, 1, 0, 0
88099, 190, 1, 0, 0
88199, 270, 1, 0, 0
88299, 340, 1, 0, 0
88399, 300, 1, 0, 0
88499, 260, 1, 0, 0
88599, 270, 1, 0, 0
88700, 270, 1, 0, 0
88800, 340, 1, 0, 0
88900, 280, 1, 0, 0
88999, 282, 1, 0, 0
89099, 280, 1, 0, 0
89199, 300, 1, 0, 0
89299, 310, 1, 0, 0
89399, 270, 1, 0, 0
89499, 230, 1, 0, 0
89599, 300, 1, 0, 0
89699, 270, 1, 0, 0
89799, 300, 1, 0, 0
89899, 270, 1, 0, 0
89999, 350, 1, 0, 0
