102, 21231, 1, 0, 0
221, 18923, 1, 0, 0
316, 24104, 1, 0, 0
402, 22927, 1, 0, 0
503, 21739, 1, 0, 0
620, 26557, 1, 0, 0
705, 24427, 1, 0, 0
807, 24543, 1, 0, 0
903, 25276, 1, 0, 0
1003, 26741, 1, 0, 0
1110, 20350, 1, 0, 0
1208, 20626, 1, 0, 0
1317, 20068, 1, 0, 0
1403, 19251, 1, 0, 0
1515, 19780, 1, 0, 0
1621, 20796, 1, 0, 0
1713, 18724, 1, 0, 0
1809, 24204, 1, 0, 0
1941, 25152, 1, 0, 0
2057, 16470, 1, 0, 0
2116, 19270, 1, 0, 0
2242, 19392, 1, 0, 0
2310, 21036, 1, 0, 0
2442, 19091, 1, 0, 0
2509, 20210, 1, 0, 0
2616, 26048, 1, 0, 0
2715, 21983, 1, 0, 0
2801, 22011, 1, 0, 0
2915, 21686, 1, 0, 0
3014, 23098, 1, 0, 0
3105, 19975, 1, 0, 0
3206, 19430, 1, 0, 0
3310, 20917, 1, 0, 0
3420, 15258, 1, 0, 0
3517, 16398, 1, 0, 0
3610, 22200, 1, 0, 0
3716, 18446, 1, 0, 0
3800, 16364, 1, 0, 0
3913, 20832, 1, 0, 0
4009, 22337, 1, 0, 0
4108, 22592, 1, 0, 0
4219, 14079, 1, 0, 0
4306, 17280, 1, 0, 0
4404, 18756, 1, 0, 0
4518, 18082, 1, 0, 0
4650, 20242, 1, 0, 0
4719, 22742, 1, 0, 0
4841, 25788, 1, 0, 0
4900, 21292, 1, 0, 0
5034, 22026, 1, 0, 0
5107, 24449, 1, 0, 0
5200, 23004, 1, 0, 0
5313, 23129, 1, 0, 0
5407, 23547, 1, 0, 0
5503, 21606, 1, 0, 0
5617, 22294, 1, 0, 0
5709, 20681, 1, 0, 0
5805, 21115, 1, 0, 0
5923, 18577, 1, 0, 0
6010, 15955, 1, 0, 0
6115, 19040, 1, 0, 0
6204, 20890, 1, 0, 0
6309, 18165, 1, 0, 0
6421, 25606, 1, 0, 0
6509, 18977, 1, 0, 0
6607, 24590, 1, 0, 0
6716, 21297, 1, 0, 0
6817, 24473, 1, 0, 0
6900, 23601, 1, 0, 0
7007, 23836, 1, 0, 0
7140, 31721, 1, 0, 0
7202, 29253, 1, 0, 0
7329, 34136, 1, 0, 0
7401, 26271, 1, 0, 0
7516, 22838, 1, 0, 0
7616, 22911, 1, 0, 0
7715, 22402, 1, 0, 0
7813, 21709, 1, 0, 0
7911, 25898, 1, 0, 0
8009, 22079, 1, 0, 0
8100, 20350, 1, 0, 0
8202, 21007, 1, 0, 0
8300, 19504, 1, 0, 0
8412, 18450, 1, 0, 0
8509, 21948, 1, 0, 0
8611, 21524, 1, 0, 0
8714, 25197, 1, 0, 0
8804, 16607, 1, 0, 0
8903, 18484, 1, 0, 0
9020, 21126, 1, 0, 0
9101, 27143, 1, 0, 0
9201, 15453, 1, 0, 0
9315, 21112, 1, 0, 0
9411, 21094, 1, 0, 0
9547, 21480, 1, 0, 0
9671, 17462, 1, 0, 0
9751, 17037, 1, 0, 0
9827, 16715, 1, 0, 0
9907, 25179, 1, 0, 0
10054, 23562, 1, 0, 0
10107, 23343, 1, 0, 0
10208, 17757, 1, 0, 0
10303, 22799, 1, 0, 0
10410, 23311, 1, 0, 0
10515, 19665, 1, 0, 0
10604, 16865, 1, 0, 0
10703, 19439, 1, 0, 0
10802, 21428, 1, 0, 0
10916, 24968, 1, 0, 0
11015, 26068, 1, 0, 0
11106, 21587, 1, 0, 0
11202, 22170, 1, 0, 0
11312, 23664, 1, 0, 0
11410, 19937, 1, 0, 0
11518, 18086, 1, 0, 0
11614, 25207, 1, 0, 0
11717, 21666, 1, 0, 0
11808, 20624, 1, 0, 0
11906, 23715, 1, 0, 0
12019, 20764, 1, 0, 0
12104, 23885, 1, 0, 0
12233, 21580, 1, 0, 0
12302, 24819, 1, 0, 0
12434, 19253, 1, 0, 0
12562, 19343, 1, 0, 0
12632, 17447, 1, 0, 0
12715, 17821, 1, 0, 0
12802, 17050, 1, 0, 0
12910, 21726, 1, 0, 0
13017, 21394, 1, 0, 0
13114, 18563, 1, 0, 0
13205, 19201, 1, 0, 0
13313, 16711, 1, 0, 0
13404, 16715, 1, 0, 0
13511, 22346, 1, 0, 0
13606, 26717, 1, 0, 0
13702, 25994, 1, 0, 0
13814, 22184, 1, 0, 0
13900, 22280, 1, 0, 0
14000, 21080, 1, 0, 0
14114, 23448, 1, 0, 0
14209, 18877, 1, 0, 0
14319, 24001, 1, 0, 0
14413, 23626, 1, 0, 0
14512, 23471, 1, 0, 0
14606, 23727, 1, 0, 0
14712, 25657, 1, 0, 0
14817, 20466, 1, 0, 0
14931, 20446, 1, 0, 0
15058, 27786, 1, 0, 0
15119, 23831, 1, 0, 0
15251, 25514, 1, 0, 0
15320, 22168, 1, 0, 0
15405, 20746, 1, 0, 0
15500, 29880, 1, 0, 0
15616, 23280, 1, 0, 0
15720, 21019, 1, 0, 0
15803, 20227, 1, 0, 0
15900, 20504, 1, 0, 0
16000, 21388, 1, 0, 0
16101, 18833, 1, 0, 0
16218, 18537, 1, 0, 0
16313, 17456, 1, 0, 0
16418, 21265, 1, 0, 0
16504, 20279, 1, 0, 0
16620, 22948, 1, 0, 0
16713, 26188, 1, 0, 0
16815, 21422, 1, 0, 0
16903, 28154, 1, 0, 0
17011, 22492, 1, 0, 0
17118, 19359, 1, 0, 0
17210, 22306, 1, 0, 0
17305, 19422, 1, 0, 0
17403, 21197, 1, 0, 0
17524, 20619, 1, 0, 0
17642, 17469, 1, 0, 0
17713, 17029, 1, 0, 0
17840, 21971, 1, 0, 0
17904, 19608, 1, 0, 0
18035, 20619, 1, 0, 0
18105, 20254, 1, 0, 0
18205, 23481, 1, 0, 0
18322, 22403, 1, 0, 0
18418, 21046, 1, 0, 0
18512, 18083, 1, 0, 0
18621, 21397, 1, 0, 0
18711, 19624, 1, 0, 0
18811, 18832, 1, 0, 0
18902, 22057, 1, 0, 0
19014, 22236, 1, 0, 0
19116, 31156, 1, 0, 0
19214, 21621, 1, 0, 0
19301, 18445, 1, 0, 0
19419, 20544, 1, 0, 0
19512, 24457, 1, 0, 0
19617, 24751, 1, 0, 0
19704, 25710, 1, 0, 0
19812, 19347, 1, 0, 0
19913, 21503, 1, 0, 0
20012, 21598, 1, 0, 0
20114, 23880, 1, 0, 0
20211, 18968, 1, 0, 0
20306, 19150, 1, 0, 0
20442, 22957, 1, 0, 0
20514, 17038, 1, 0, 0
20657, 17697, 1, 0, 0
20730, 20235, 1, 0, 0
20806, 21916, 1, 0, 0
20906, 23878, 1, 0, 0
21010, 21832, 1, 0, 0
21109, 21215, 1, 0, 0
21218, 23541, 1, 0, 0
21300, 19888, 1, 0, 0
21414, 21865, 1, 0, 0
21503, 18099, 1, 0, 0
21604, 20692, 1, 0, 0
21719, 14348, 1, 0, 0
21811, 15280, 1, 0, 0
21911, 18246, 1, 0, 0
22003, 21020, 1, 0, 0
22114, 22614, 1, 0, 0
22215, 21607, 1, 0, 0
22320, 21867, 1, 0, 0
22409, 19408, 1, 0, 0
22512, 21792, 1, 0, 0
22600, 20622, 1, 0, 0
22700, 21142, 1, 0, 0
22806, 21843, 1, 0, 0
22926, 19235, 1, 0, 0
23047, 17811, 1, 0, 0
23103, 24109, 1, 0, 0
23242, 19587, 1, 0, 0
23307, 19053, 1, 0, 0
23424, 16488, 1, 0, 0
23553, 16275, 1, 0, 0
23648, 21883, 1, 0, 0
23706, 18254, 1, 0, 0
23805, 21959, 1, 0, 0
23900, 20895, 1, 0, 0
24006, 21092, 1, 0, 0
24104, 18467, 1, 0, 0
24202, 21459, 1, 0, 0
24301, 21574, 1, 0, 0
24400, 20334, 1, 0, 0
24512, 23121, 1, 0, 0
24612, 22939, 1, 0, 0
24703, 18284, 1, 0, 0
24813, 21399, 1, 0, 0
24916, 23336, 1, 0, 0
25009, 22871, 1, 0, 0
25109, 21475, 1, 0, 0
25220, 19839, 1, 0, 0
25311, 20696, 1, 0, 0
25409, 19565, 1, 0, 0
25507, 27596, 1, 0, 0
25627, 24743, 1, 0, 0
25700, 26017, 1, 0, 0
25819, 29322, 1, 0, 0
25946, 23875, 1, 0, 0
26000, 24417, 1, 0, 0
26116, 19104, 1, 0, 0
26214, 19644, 1, 0, 0
26315, 21246, 1, 0, 0
26417, 19554, 1, 0, 0
26506, 20555, 1, 0, 0
26603, 22091, 1, 0, 0
26718, 17403, 1, 0, 0
26813, 20315, 1, 0, 0
26909, 20217, 1, 0, 0
27020, 18719, 1, 0, 0
27111, 19590, 1, 0, 0
27212, 15348, 1, 0, 0
27317, 21536, 1, 0, 0
27410, 22730, 1, 0, 0
27507, 20827, 1, 0, 0
27603, 18841, 1, 0, 0
27714, 18629, 1, 0, 0
27800, 16286, 1, 0, 0
27916, 25213, 1, 0, 0
28006, 36218, 1, 0, 0
28116, 22501, 1, 0, 0
28234, 20929, 1, 0, 0
28305, 17431, 1, 0, 0
28441, 21994, 1, 0, 0
28510, 15676, 1, 0, 0
28646, 16441, 1, 0, 0
28717, 22065, 1, 0, 0
28812, 19679, 1, 0, 0
28904, 21183, 1, 0, 0
29003, 21789, 1, 0, 0
29106, 18213, 1, 0, 0
29215, 22913, 1, 0, 0
29307, 19228, 1, 0, 0
29407, 18855, 1, 0, 0
29521, 22898, 1, 0, 0
29611, 24949, 1, 0, 0
29709, 21575, 1, 0, 0
29802, 18985, 1, 0, 0
29904, 18523, 1, 0, 0
30006, 17761, 1, 0, 0
30115, 16622, 1, 0, 0
30217, 22684, 1, 0, 0
30313, 24654, 1, 0, 0
30411, 22297, 1, 0, 0
30522, 19606, 1, 0, 0
30601, 22093, 1, 0, 0
30700, 20000, 1, 0, 0
30829, 21420, 1, 0, 0
30964, 18265, 1, 0, 0
31021, 14609, 1, 0, 0
31162, 16570, 1, 0, 0
31202, 26734, 1, 0, 0
31311, 21850, 1, 0, 0
31400, 24235, 1, 0, 0
31518, 18520, 1, 0, 0
31614, 17783, 1, 0, 0
31703, 14935, 1, 0, 0
31810, 15173, 1, 0, 0
31913, 17470, 1, 0, 0
32014, 19680, 1, 0, 0
32112, 17245, 1, 0, 0
32205, 20001, 1, 0, 0
32302, 16826, 1, 0, 0
32416, 17064, 1, 0, 0
32512, 19205, 1, 0, 0
32614, 21950, 1, 0, 0
32709, 19660, 1, 0, 0
32811, 19356, 1, 0, 0
32917, 20542, 1, 0, 0
33008, 25260, 1, 0, 0
33111, 20978, 1, 0, 0
33200, 20544, 1, 0, 0
33305, 21526, 1, 0, 0
33440, 17558, 1, 0, 0
33501, 20066, 1, 0, 0
33633, 19974, 1, 0, 0
33702, 19962, 1, 0, 0
33841, 24016, 1, 0, 0
33914, 19150, 1, 0, 0
34017, 22779, 1, 0, 0
34116, 22158, 1, 0, 0
34205, 18007, 1, 0, 0
34302, 21745, 1, 0, 0
34406, 19471, 1, 0, 0
34517, 18307, 1, 0, 0
34613, 19610, 1, 0, 0
34703, 20928, 1, 0, 0
34801, 20504, 1, 0, 0
34904, 18052, 1, 0, 0
35008, 17758, 1, 0, 0
35122, 19019, 1, 0, 0
35226, 20059, 1, 0, 0
35320, 20597, 1, 0, 0
35413, 19465, 1, 0, 0
35517, 19480, 1, 0, 0
35617, 21894, 1, 0, 0
35725, 18809, 1, 0, 0
35813, 19666, 1, 0, 0
35916, 20652, 1, 0, 0
36015, 18170, 1, 0, 0
36128, 16126, 1, 0, 0
36256, 21416, 1, 0, 0
36320, 39220, 1, 0, 0
36451, 17628, 1, 0, 0
36520, 32453, 1, 0, 0
36618, 21613, 1, 0, 0
36702, 22616, 1, 0, 0
36813, 17489, 1, 0, 0
36900, 17925, 1, 0, 0
37005, 18204, 1, 0, 0
37119, 15044, 1, 0, 0
37206, 17296, 1, 0, 0
37313, 19398, 1, 0, 0
37401, 17689, 1, 0, 0
37521, 18610, 1, 0, 0
37612, 20455, 1, 0, 0
37719, 21522, 1, 0, 0
37815, 18136, 1, 0, 0
37905, 17131, 1, 0, 0
38000, 17970, 1, 0, 0
38119, 23552, 1, 0, 0
38211, 18968, 1, 0, 0
38309, 17172, 1, 0, 0
38417, 17379, 1, 0, 0
38508, 18308, 1, 0, 0
38617, 19564, 1, 0, 0
38709, 19299, 1, 0, 0
38803, 14864, 1, 0, 0
38938, 18794, 1, 0, 0
39054, 20103, 1, 0, 0
39123, 15188, 1, 0, 0
39258, 14923, 1, 0, 0
39319, 16962, 1, 0, 0
39420, 17895, 1, 0, 0
39517, 19460, 1, 0, 0
39607, 22723, 1, 0, 0
39710, 21271, 1, 0, 0
39815, 17711, 1, 0, 0
39914, 16660, 1, 0, 0
40014, 16812, 1, 0, 0
40110, 17639, 1, 0, 0
40223, 16098, 1, 0, 0
40312, 19885, 1, 0, 0
40416, 20907, 1, 0, 0
40501, 20535, 1, 0, 0
40608, 20611, 1, 0, 0
40704, 19542, 1, 0, 0
40814, 16552, 1, 0, 0
40916, 19987, 1, 0, 0
41000, 17638, 1, 0, 0
41116, 22168, 1, 0, 0
41201, 18724, 1, 0, 0
41317, 23430, 1, 0, 0
41411, 22757, 1, 0, 0
41568, 20560, 1, 0, 0
41628, 22777, 1, 0, 0
41746, 21590, 1, 0, 0
41807, 23545, 1, 0, 0
41935, 20065, 1, 0, 0
42017, 21201, 1, 0, 0
42100, 17605, 1, 0, 0
42211, 20816, 1, 0, 0
42308, 20330, 1, 0, 0
42401, 19888, 1, 0, 0
42504, 18929, 1, 0, 0
42602, 20562, 1, 0, 0
42718, 23429, 1, 0, 0
42820, 21016, 1, 0, 0
42914, 19307, 1, 0, 0
43006, 21338, 1, 0, 0
43104, 16391, 1, 0, 0
43215, 20839, 1, 0, 0
43308, 22401, 1, 0, 0
43411, 19287, 1, 0, 0
43512, 20557, 1, 0, 0
43607, 21320, 1, 0, 0
43716, 20781, 1, 0, 0
43809, 20481, 1, 0, 0
43904, 20102, 1, 0, 0
44018, 21154, 1, 0, 0
44101, 21740, 1, 0, 0
44232, 19283, 1, 0, 0
44338, 17199, 1, 0, 0
44408, 16346, 1, 0, 0
44532, 14772, 1, 0, 0
44659, 19723, 1, 0, 0
44710, 17154, 1, 0, 0
44812, 19334, 1, 0, 0
44910, 21798, 1, 0, 0
45020, 18752, 1, 0, 0
45107, 21677, 1, 0, 0
45210, 17806, 1, 0, 0
45303, 21765, 1, 0, 0
45422, 16573, 1, 0, 0
45513, 19471, 1, 0, 0
45612, 20679, 1, 0, 0
45701, 22565, 1, 0, 0
45806, 18017, 1, 0, 0
45900, 21080, 1, 0, 0
46001, 22736, 1, 0, 0
46115, 20804, 1, 0, 0
46204, 19066, 1, 0, 0
46303, 16949, 1, 0, 0
46409, 22641, 1, 0, 0
46503, 21096, 1, 0, 0
46602, 23335, 1, 0, 0
46709, 19636, 1, 0, 0
46844, 19610, 1, 0, 0
46928, 21893, 1, 0, 0
47059, 17580, 1, 0, 0
47117, 15397, 1, 0, 0
47239, 17976, 1, 0, 0
47315, 21880, 1, 0, 0
47404, 19289, 1, 0, 0
47513, 26043, 1, 0, 0
47614, 19640, 1, 0, 0
47720, 17671, 1, 0, 0
47804, 22602, 1, 0, 0
47919, 20603, 1, 0, 0
48015, 17488, 1, 0, 0
48119, 22643, 1, 0, 0
48210, 16496, 1, 0, 0
48306, 17368, 1, 0, 0
48419, 20046, 1, 0, 0
48500, 19552, 1, 0, 0
48605, 18549, 1, 0, 0
48707, 19659, 1, 0, 0
48817, 21926, 1, 0, 0
48900, 20887, 1, 0, 0
49015, 20948, 1, 0, 0
49101, 23280, 1, 0, 0
49215, 21288, 1, 0, 0
49310, 19364, 1, 0, 0
49425, 19139, 1, 0, 0
49538, 15288, 1, 0, 0
49605, 23678, 1, 0, 0
49728, 17232, 1, 0, 0
49842, 17028, 1, 0, 0
49901, 20915, 1, 0, 0
50006, 18329, 1, 0, 0
50117, 17764, 1, 0, 0
50205, 17797, 1, 0, 0
50302, 16571, 1, 0, 0
50410, 17621, 1, 0, 0
50505, 15410, 1, 0, 0
50604, 19320, 1, 0, 0
50700, 22307, 1, 0, 0
50810, 15243, 1, 0, 0
50902, 18734, 1, 0, 0
51000, 19436, 1, 0, 0
51103, 17616, 1, 0, 0
51207, 21867, 1, 0, 0
51312, 16842, 1, 0, 0
51416, 19096, 1, 0, 0
51500, 19791, 1, 0, 0
51608, 21138, 1, 0, 0
51707, 17356, 1, 0, 0
51800, 15034, 1, 0, 0
51932, 17801, 1, 0, 0
52042, 20714, 1, 0, 0
52108, 16794, 1, 0, 0
52230, 16969, 1, 0, 0
52347, 19610, 1, 0, 0
52400, 26123, 1, 0, 0
52541, 22646, 1, 0, 0
52610, 16951, 1, 0, 0
52706, 21867, 1, 0, 0
52807, 22206, 1, 0, 0
52909, 18662, 1, 0, 0
53014, 28211, 1, 0, 0
53119, 19469, 1, 0, 0
53212, 21050, 1, 0, 0
53314, 20991, 1, 0, 0
53413, 18075, 1, 0, 0
53505, 17434, 1, 0, 0
53614, 16737, 1, 0, 0
53714, 22543, 1, 0, 0
53807, 17668, 1, 0, 0
53912, 20379, 1, 0, 0
54007, 23837, 1, 0, 0
54121, 20888, 1, 0, 0
54203, 20912, 1, 0, 0
54301, 22855, 1, 0, 0
54409, 25139, 1, 0, 0
54558, 32436, 1, 0, 0
54615, 27712, 1, 0, 0
54732, 24613, 1, 0, 0
54859, 24325, 1, 0, 0
54914, 28906, 1, 0, 0
55020, 19107, 1, 0, 0
55117, 28600, 1, 0, 0
55211, 27110, 1, 0, 0
55315, 25162, 1, 0, 0
55411, 23351, 1, 0, 0
55510, 28048, 1, 0, 0
55601, 27197, 1, 0, 0
55718, 24886, 1, 0, 0
55806, 28860, 1, 0, 0
55900, 24788, 1, 0, 0
56015, 24804, 1, 0, 0
56108, 22021, 1, 0, 0
56208, 18043, 1, 0, 0
56313, 15721, 1, 0, 0
56414, 22846, 1, 0, 0
56506, 21048, 1, 0, 0
56602, 17662, 1, 0, 0
56700, 20082, 1, 0, 0
56803, 20028, 1, 0, 0
56908, 22537, 1, 0, 0
57013, 23202, 1, 0, 0
57103, 18642, 1, 0, 0
57216, 20310, 1, 0, 0
57343, 19693, 1, 0, 0
57408, 23482, 1, 0, 0
57538, 20056, 1, 0, 0
57638, 22625, 1, 0, 0
57739, 20974, 1, 0, 0
57803, 24074, 1, 0, 0
57900, 20124, 1, 0, 0
58017, 20755, 1, 0, 0
58105, 17899, 1, 0, 0
58200, 20701, 1, 0, 0
58314, 20238, 1, 0, 0
58415, 21136, 1, 0, 0
58500, 17776, 1, 0, 0
58616, 22210, 1, 0, 0
58720, 16850, 1, 0, 0
58802, 17508, 1, 0, 0
58922, 19098, 1, 0, 0
59015, 17445, 1, 0, 0
59109, 19562, 1, 0, 0
59219, 24742, 1, 0, 0
59302, 28037, 1, 0, 0
59402, 19968, 1, 0, 0
59522, 20451, 1, 0, 0
59618, 19061, 1, 0, 0
59718, 17645, 1, 0, 0
59835, 22554, 1, 0, 0
59954, 22306, 1, 0, 0
60022, 21304, 1, 0, 0
60135, 25520, 1, 0, 0
60252, 24250, 1, 0, 0
60316, 24651, 1, 0, 0
60400, 19793, 1, 0, 0
60519, 20544, 1, 0, 0
60609, 20722, 1, 0, 0
60705, 20615, 1, 0, 0
60810, 19285, 1, 0, 0
60906, 18647, 1, 0, 0
61000, 18205, 1, 0, 0
61111, 22870, 1, 0, 0
61209, 17079, 1, 0, 0
61306, 21183, 1, 0, 0
61403, 19150, 1, 0, 0
61514, 23943, 1, 0, 0
61601, 21201, 1, 0, 0
61715, 18690, 1, 0, 0
61809, 15181, 1, 0, 0
61901, 22661, 1, 0, 0
62005, 18805, 1, 0, 0
62104, 19100, 1, 0, 0
62220, 18280, 1, 0, 0
62312, 23526, 1, 0, 0
62435, 21357, 1, 0, 0
62554, 22904, 1, 0, 0
62622, 19026, 1, 0, 0
62740, 18793, 1, 0, 0
62856, 21776, 1, 0, 0
62906, 22213, 1, 0, 0
63008, 16753, 1, 0, 0
63106, 19276, 1, 0, 0
63212, 16787, 1, 0, 0
63302, 17029, 1, 0, 0
63405, 19329, 1, 0, 0
63500, 22695, 1, 0, 0
63600, 19557, 1, 0, 0
63707, 21341, 1, 0, 0
63806, 20398, 1, 0, 0
63909, 18545, 1, 0, 0
64015, 17205, 1, 0, 0
64100, 19310, 1, 0, 0
64216, 19048, 1, 0, 0
64309, 17373, 1, 0, 0
64405, 15598, 1, 0, 0
64504, 19445, 1, 0, 0
64606, 21296, 1, 0, 0
64719, 20449, 1, 0, 0
64810, 20509, 1, 0, 0
64906, 15209, 1, 0, 0
65026, 18500, 1, 0, 0
65135, 13700, 1, 0, 0
65259, 20346, 1, 0, 0
65317, 15490, 1, 0, 0
65440, 19932, 1, 0, 0
65506, 20258, 1, 0, 0
65608, 21142, 1, 0, 0
65700, 17980, 1, 0, 0
65813, 19402, 1, 0, 0
65911, 19332, 1, 0, 0
66016, 14461, 1, 0, 0
66111, 20635, 1, 0, 0
66203, 21928, 1, 0, 0
66326, 19468, 1, 0, 0
66408, 19765, 1, 0, 0
66511, 23513, 1, 0, 0
66601, 23171, 1, 0, 0
66702, 21851, 1, 0, 0
66809, 24913, 1, 0, 0
66903, 18589, 1, 0, 0
67020, 18822, 1, 0, 0
67110, 17834, 1, 0, 0
67205, 24177, 1, 0, 0
67313, 22386, 1, 0, 0
67408, 16506, 1, 0, 0
67528, 16009, 1, 0, 0
67652, 15740, 1, 0, 0
67707, 17235, 1, 0, 0
67833, 23655, 1, 0, 0
67944, 21865, 1, 0, 0
68046, 23651, 1, 0, 0
68117, 21042, 1, 0, 0
68221, 19326, 1, 0, 0
68313, 20757, 1, 0, 0
68412, 17982, 1, 0, 0
68513, 19223, 1, 0, 0
68605, 24767, 1, 0, 0
68706, 21335, 1, 0, 0
68812, 19527, 1, 0, 0
68910, 18011, 1, 0, 0
69000, 20951, 1, 0, 0
69122, 21008, 1, 0, 0
69200, 24729, 1, 0, 0
69304, 21496, 1, 0, 0
69417, 22861, 1, 0, 0
69501, 18201, 1, 0, 0
69601, 22204, 1, 0, 0
69716, 18115, 1, 0, 0
69818, 19833, 1, 0, 0
69915, 19058, 1, 0, 0
70050, 16043, 1, 0, 0
70111, 21826, 1, 0, 0
70228, 21579, 1, 0, 0
70349, 19401, 1, 0, 0
70402, 17364, 1, 0, 0
70523, 23630, 1, 0, 0
70619, 20910, 1, 0, 0
70711, 20157, 1, 0, 0
70821, 20615, 1, 0, 0
70916, 17433, 1, 0, 0
71020, 18738, 1, 0, 0
71119, 18037, 1, 0, 0
71216, 19854, 1, 0, 0
71300, 22637, 1, 0, 0
71420, 18877, 1, 0, 0
71515, 20320, 1, 0, 0
71615, 16146, 1, 0, 0
71700, 16847, 1, 0, 0
71822, 19766, 1, 0, 0
71916, 20157, 1, 0, 0
72003, 20000, 1, 0, 0
72105, 21615, 1, 0, 0
72211, 17510, 1, 0, 0
72303, 18481, 1, 0, 0
72416, 19695, 1, 0, 0
72507, 19707, 1, 0, 0
72616, 22228, 1, 0, 0
72751, 21963, 1, 0, 0
72807, 22259, 1, 0, 0
72924, 27579, 1, 0, 0
73051, 23996, 1, 0, 0
73116, 20776, 1, 0, 0
73240, 23054, 1, 0, 0
73305, 16971, 1, 0, 0
73414, 19119, 1, 0, 0
73513, 20167, 1, 0, 0
73609, 20356, 1, 0, 0
73708, 21014, 1, 0, 0
73816, 22767, 1, 0, 0
73909, 18211, 1, 0, 0
74006, 18574, 1, 0, 0
74119, 19823, 1, 0, 0
74216, 18159, 1, 0, 0
74308, 21535, 1, 0, 0
74401, 19536, 1, 0, 0
74517, 18192, 1, 0, 0
74612, 19942, 1, 0, 0
74712, 20463, 1, 0, 0
74809, 21695, 1, 0, 0
74902, 24947, 1, 0, 0
75002, 21330, 1, 0, 0
75109, 15310, 1, 0, 0
75242, 20147, 1, 0, 0
75358, 21425, 1, 0, 0
75414, 16573, 1, 0, 0
75537, 17364, 1, 0, 0
75602, 14529, 1, 0, 0
75717, 15031, 1, 0, 0
75804, 17960, 1, 0, 0
75919, 17076, 1, 0, 0
76016, 18300, 1, 0, 0
76100, 19295, 1, 0, 0
76220, 25066, 1, 0, 0
76308, 16140, 1, 0, 0
76403, 15640, 1, 0, 0
76518, 16609, 1, 0, 0
76618, 20009, 1, 0, 0
76701, 19501, 1, 0, 0
76806, 18132, 1, 0, 0
76913, 15899, 1, 0, 0
77013, 19436, 1, 0, 0
77104, 16329, 1, 0, 0
77212, 21316, 1, 0, 0
77309, 22026, 1, 0, 0
77400, 16319, 1, 0, 0
77526, 23417, 1, 0, 0
77601, 19893, 1, 0, 0
77743, 18358, 1, 0, 0
77803, 13003, 1, 0, 0
77920, 16620, 1, 0, 0
78046, 20084, 1, 0, 0
78110, 18054, 1, 0, 0
78227, 14215, 1, 0, 0
78347, 15212, 1, 0, 0
78420, 16056, 1, 0, 0
78503, 14694, 1, 0, 0
78620, 14344, 1, 0, 0
78713, 16938, 1, 0, 0
78816, 20173, 1, 0, 0
78915, 19079, 1, 0, 0
79008, 21184, 1, 0, 0
79100, 23200, 1, 0, 0
79217, 18987, 1, 0, 0
79304, 19075, 1, 0, 0
79403, 17906, 1, 0, 0
79520, 18072, 1, 0, 0
79604, 17953, 1, 0, 0
79708, 20290, 1, 0, 0
79814, 21151, 1, 0, 0
79915, 19632, 1, 0, 0
80003, 17344, 1, 0, 0
80113, 13416, 1, 0, 0
80205, 15959, 1, 0, 0
80331, 13367, 1, 0, 0
80442, 19129, 1, 0, 0
80506, 16217, 1, 0, 0
80620, 16406, 1, 0, 0
80736, 14895, 1, 0, 0
80862, 14706, 1, 0, 0
80910, 19408, 1, 0, 0
81014, 14943, 1, 0, 0
81120, 21532, 1, 0, 0
81207, 16615, 1, 0, 0
81319, 17678, 1, 0, 0
81411, 13819, 1, 0, 0
81516, 18068, 1, 0, 0
81615, 20930, 1, 0, 0
81716, 19482, 1, 0, 0
81803, 27333, 1, 0, 0
81916, 17822, 1, 0, 0
82006, 18034, 1, 0, 0
82103, 22331, 1, 0, 0
82225, 19895, 1, 0, 0
82302, 18533, 1, 0, 0
82419, 19897, 1, 0, 0
82518, 18922, 1, 0, 0
82612, 18177, 1, 0, 0
82712, 15111, 1, 0, 0
82816, 18459, 1, 0, 0
82909, 26023, 1, 0, 0
83058, 23130, 1, 0, 0
83112, 21922, 1, 0, 0
83234, 19883, 1, 0, 0
83352, 22478, 1, 0, 0
83427, 19360, 1, 0, 0
83524, 15083, 1, 0, 0
83605, 28207, 1, 0, 0
83717, 19149, 1, 0, 0
83800, 16130, 1, 0, 0
83904, 20343, 1, 0, 0
84006, 16428, 1, 0, 0
84121, 16464, 1, 0, 0
84215, 15838, 1, 0, 0
84300, 21475, 1, 0, 0
84421, 19299, 1, 0, 0
84503, 18091, 1, 0, 0
84600, 18762, 1, 0, 0
84718, 23256, 1, 0, 0
84808, 19330, 1, 0, 0
84903, 18788, 1, 0, 0
85017, 18280, 1, 0, 0
85101, 18411, 1, 0, 0
85217, 15984, 1, 0, 0
85304, 14984, 1, 0, 0
85450, 18583, 1, 0, 0
85513, 15281, 1, 0, 0
85644, 16578, 1, 0, 0
85702, 20477, 1, 0, 0
85824, 28749, 1, 0, 0
85955, 19424, 1, 0, 0
86022, 24205, 1, 0, 0
86111, 21326, 1, 0, 0
86207, 23668, 1, 0, 0
86304, 18364, 1, 0, 0
86407, 21829, 1, 0, 0
86504, 19373, 1, 0, 0
86614, 22502, 1, 0, 0
86714, 29689, 1, 0, 0
86806, 33958, 1, 0, 0
86911, 22201, 1, 0, 0
87007, 16754, 1, 0, 0
87117, 22495, 1, 0, 0
87211, 25722, 1, 0, 0
87302, 19515, 1, 0, 0
87402, 22692, 1, 0, 0
87512, 17414, 1, 0, 0
87610, 15880, 1, 0, 0
87704, 19623, 1, 0, 0
87808, 20844, 1, 0, 0
87917, 21424, 1, 0, 0
88001, 18452, 1, 0, 0
88148, 21533, 1, 0, 0
88204, 20817, 1, 0, 0
88322, 22219, 1, 0, 0
88451, 22903, 1, 0, 0
88505, 26399, 1, 0, 0
88612, 21463, 1, 0, 0
88724, 21230, 1, 0, 0
88802, 22760, 1, 0, 0
88910, 19906, 1, 0, 0
89004, 20999, 1, 0, 0
89104, 21671, 1, 0, 0
89211, 22937, 1, 0, 0
89301, 23957, 1, 0, 0
89417, 22306, 1, 0, 0
89511, 20698, 1, 0, 0
89600, 22474, 1, 0, 0
89716, 22338, 1, 0, 0
89816, 23432, 1, 0, 0
89922, 20974, 1, 0, 0
90031, 21348, 1, 0, 0
