250, 868, 1, 0, 0
350, 660, 1, 0, 0
450, 910, 1, 0, 0
550, 830, 1, 0, 0
650, 670, 1, 0, 0
749, 818, 1, 0, 0
849, 830, 1, 0, 0
949, 800, 1, 0, 0
1050, 840, 1, 0, 0
1150, 890, 1, 0, 0
1249, 747, 1, 0, 0
1349, 890, 1, 0, 0
1449, 810, 1, 0, 0
1549, 890, 1, 0, 0
1649, 840, 1, 0, 0
1749, 950, 1, 0, 0
1850, 750, 1, 0, 0
1950, 330, 1, 0, 0
2050, 330, 1, 0, 0
2150, 140, 1, 0, 0
2249, 393, 1, 0, 0
2349, 330, 1, 0, 0
2449, 320, 1, 0, 0
2549, 330, 1, 0, 0
2649, 660, 1, 0, 0
2750, 1070, 1, 0, 0
2850, 690, 1, 0, 0
2950, 1000, 1, 0, 0
3050, 670, 1, 0, 0
3150, 890, 1, 0, 0
3249, 818, 1, 0, 0
3349, 870, 1, 0, 0
3449, 980, 1, 0, 0
3549, 970, 1, 0, 0
3649, 940, 1, 0, 0
3749, 920, 1, 0, 0
3850, 920, 1, 0, 0
3950, 950, 1, 0, 0
4050, 830, 1, 0, 0
4150, 680, 1, 0, 0
4249, 1090, 1, 0, 0
4349, 1100, 1, 0, 0
4449, 370, 1, 0, 0
4549, 10, 1, 0, 0
4649, 330, 1, 0, 0
4750, 320, 1, 0, 0
4850, 330, 1, 0, 0
4950, 330, 1, 0, 0
5050, 400, 1, 0, 0
5150, 720, 1, 0, 0
5249, 929, 1, 0, 0
5349, 690, 1, 0, 0
5449, 1010, 1, 0, 0
5549, 990, 1, 0, 0
5649, 680, 1, 0, 0
5749, 858, 1, 0, 0
5849, 680, 1, 0, 0
5949, 990, 1, 0, 0
6049, 970, 1, 0, 0
6149, 930, 1, 0, 0
6249, 840, 1, 0, 0
6349, 880, 1, 0, 0
6449, 800, 1, 0, 0
6549, 890, 1, 0, 0
6650, 780, 1, 0, 0
6749, 676, 1, 0, 0
6849, 950, 1, 0, 0
6949, 660, 1, 0, 0
7049, 370, 1, 0, 0
7149, 320, 1, 0, 0
7249, 380, 1, 0, 0
7349, 130, 1, 0, 0
7450, 520, 1, 0, 0
7550, 880, 1, 0, 0
7650, 1020, 1, 0, 0
7749, 717, 1, 0, 0
7849, 850, 1, 0, 0
7949, 670, 1, 0, 0
8049, 900, 1, 0, 0
8149, 770, 1, 0, 0
8250, 1000, 1, 0, 0
8350, 810, 1, 0, 0
8450, 890, 1, 0, 0
8550, 870, 1, 0, 0
8650, 820, 1, 0, 0
8749, 979, 1, 0, 0
8849, 790, 1, 0, 0
8949, 660, 1, 0, 0
9049, 710, 1, 0, 0
9149, 1060, 1, 0, 0
9249, 470, 1, 0, 0
9350, 590, 1, 0, 0
9450, 750, 1, 0, 0
9550, 590, 1, 0, 0
9650, 350, 1, 0, 0
9749, 131, 1, 0, 0
9849, 200, 1, 0, 0
9949, 130, 1, 0, 0
10049, 330, 1, 0, 0
10149, 870, 1, 0, 0
10250, 820, 1, 0, 0
10350, 760, 1, 0, 0
10450, 740, 1, 0, 0
10550, 680, 1, 0, 0
10650, 980, 1, 0, 0
10749, 1181, 1, 0, 0
10849, 670, 1, 0, 0
10949, 880, 1, 0, 0
11049, 860, 1, 0, 0
11149, 660, 1, 0, 0
11250, 900, 1, 0, 0
11350, 930, 1, 0, 0
11450, 660, 1, 0, 0
11550, 750, 1, 0, 0
11650, 660, 1, 0, 0
11749, 777, 1, 0, 0
11849, 900, 1, 0, 0
11949, 940, 1, 0, 0
12049, 770, 1, 0, 0
12149, 690, 1, 0, 0
12250, 470, 1, 0, 0
12350, 500, 1, 0, 0
12450, 210, 1, 0, 0
12550, 360, 1, 0, 0
12650, 90, 1, 0, 0
12749, 888, 1, 0, 0
12849, 920, 1, 0, 0
12949, 680, 1, 0, 0
13050, 1060, 1, 0, 0
13150, 810, 1, 0, 0
13249, 686, 1, 0, 0
13349, 980, 1, 0, 0
13449, 810, 1, 0, 0
13549, 760, 1, 0, 0
13649, 840, 1, 0, 0
13749, 880, 1, 0, 0
13849, 740, 1, 0, 0
13949, 910, 1, 0, 0
14050, 810, 1, 0, 0
14150, 960, 1, 0, 0
14249, 797, 1, 0, 0
14349, 810, 1, 0, 0
14449, 940, 1, 0, 0
14549, 680, 1, 0, 0
14649, 790, 1, 0, 0
14749, 1100, 1, 0, 0
14849, 570, 1, 0, 0
14950, 330, 1, 0, 0
15050, 340, 1, 0, 0
15150, 80, 1, 0, 0
15249, 575, 1, 0, 0
15349, 320, 1, 0, 0
15449, 860, 1, 0, 0
15549, 790, 1, 0, 0
15650, 810, 1, 0, 0
15749, 979, 1, 0, 0
15849, 760, 1, 0, 0
15949, 960, 1, 0, 0
16049, 980, 1, 0, 0
16149, 910, 1, 0, 0
16249, 700, 1, 0, 0
16349, 1300, 1, 0, 0
16449, 660, 1, 0, 0
16549, 800, 1, 0, 0
16649, 1070, 1, 0, 0
16750, 670, 1, 0, 0
16850, 860, 1, 0, 0
16950, 770, 1, 0, 0
17050, 1080, 1, 0, 0
17150, 710, 1, 0, 0
17249, 939, 1, 0, 0
17349, 770, 1, 0, 0
17449, 1090, 1, 0, 0
17549, 330, 1, 0, 0
17649, 340, 1, 0, 0
17750, 430, 1, 0, 0
17850, 220, 1, 0, 0
17950, 110, 1, 0, 0
18050, 550, 1, 0, 0
18150, 830, 1, 0, 0
18249, 686, 1, 0, 0
18349, 990, 1, 0, 0
18449, 720, 1, 0, 0
18549, 1020, 1, 0, 0
18649, 990, 1, 0, 0
18749, 676, 1, 0, 0
18849, 770, 1, 0, 0
18949, 850, 1, 0, 0
19049, 990, 1, 0, 0
19149, 680, 1, 0, 0
19249, 660, 1, 0, 0
19349, 880, 1, 0, 0
19449, 780, 1, 0, 0
19549, 910, 1, 0, 0
19650, 780, 1, 0, 0
19749, 717, 1, 0, 0
19849, 900, 1, 0, 0
19949, 970, 1, 0, 0
20049, 660, 1, 0, 0
20149, 1050, 1, 0, 0
20249, 560, 1, 0, 0
20349, 120, 1, 0, 0
20450, 330, 1, 0, 0
20550, 250, 1, 0, 0
20650, 330, 1, 0, 0
20749, 121, 1, 0, 0
20849, 900, 1, 0, 0
20949, 820, 1, 0, 0
21049, 730, 1, 0, 0
21150, 900, 1, 0, 0
21249, 868, 1, 0, 0
21349, 1170, 1, 0, 0
21449, 660, 1, 0, 0
21549, 990, 1, 0, 0
21649, 760, 1, 0, 0
21749, 950, 1, 0, 0
21849, 950, 1, 0, 0
21949, 700, 1, 0, 0
22049, 680, 1, 0, 0
22150, 1000, 1, 0, 0
22249, 767, 1, 0, 0
22349, 790, 1, 0, 0
22449, 910, 1, 0, 0
22549, 980, 1, 0, 0
22649, 720, 1, 0, 0
22749, 930, 1, 0, 0
22849, 740, 1, 0, 0
22949, 420, 1, 0, 0
23050, 330, 1, 0, 0
23150, 390, 1, 0, 0
23249, 323, 1, 0, 0
23349, 330, 1, 0, 0
23449, 200, 1, 0, 0
23549, 350, 1, 0, 0
23649, 450, 1, 0, 0
23749, 870, 1, 0, 0
23849, 660, 1, 0, 0
23950, 930, 1, 0, 0
24050, 760, 1, 0, 0
24150, 760, 1, 0, 0
24249, 1030, 1, 0, 0
24349, 790, 1, 0, 0
24449, 890, 1, 0, 0
24549, 660, 1, 0, 0
24649, 920, 1, 0, 0
24749, 870, 1, 0, 0
24849, 1030, 1, 0, 0
24950, 660, 1, 0, 0
25050, 850, 1, 0, 0
25150, 870, 1, 0, 0
25249, 666, 1, 0, 0
25349, 1000, 1, 0, 0
25449, 760, 1, 0, 0
25549, 350, 1, 0, 0
25649, 320, 1, 0, 0
25749, 340, 1, 0, 0
25849, 320, 1, 0, 0
25950, 330, 1, 0, 0
26050, 330, 1, 0, 0
26150, 410, 1, 0, 0
26249, 868, 1, 0, 0
26349, 980, 1, 0, 0
26449, 760, 1, 0, 0
26549, 890, 1, 0, 0
26649, 800, 1, 0, 0
26749, 790, 1, 0, 0
26849, 1120, 1, 0, 0
26950, 810, 1, 0, 0
27050, 800, 1, 0, 0
27150, 980, 1, 0, 0
27249, 909, 1, 0, 0
27349, 660, 1, 0, 0
27449, 960, 1, 0, 0
27549, 840, 1, 0, 0
27649, 920, 1, 0, 0
27749, 670, 1, 0, 0
27849, 870, 1, 0, 0
27949, 990, 1, 0, 0
28049, 780, 1, 0, 0
28149, 320, 1, 0, 0
28249, 333, 1, 0, 0
28349, 340, 1, 0, 0
28449, 90, 1, 0, 0
28549, 340, 1, 0, 0
28649, 260, 1, 0, 0
28749, 770, 1, 0, 0
28849, 910, 1, 0, 0
28949, 750, 1, 0, 0
29050, 980, 1, 0, 0
29150, 710, 1, 0, 0
29249, 737, 1, 0, 0
29349, 860, 1, 0, 0
29449, 710, 1, 0, 0
29549, 930, 1, 0, 0
29649, 920, 1, 0, 0
29749, 660, 1, 0, 0
29849, 970, 1, 0, 0
29949, 950, 1, 0, 0
30050, 690, 1, 0, 0
30150, 990, 1, 0, 0
30249, 717, 1, 0, 0
30349, 860, 1, 0, 0
30449, 1090, 1, 0, 0
30549, 780, 1, 0, 0
30649, 1130, 1, 0, 0
30749, 330, 1, 0, 0
30850, 60, 1, 0, 0
30950, 480, 1, 0, 0
31050, 280, 1, 0, 0
31150, 330, 1, 0, 0
31249, 858, 1, 0, 0
31349, 780, 1, 0, 0
31449, 970, 1, 0, 0
31549, 890, 1, 0, 0
31649, 690, 1, 0, 0
31749, 1160, 1, 0, 0
31850, 700, 1, 0, 0
31950, 1030, 1, 0, 0
32050, 790, 1, 0, 0
32150, 780, 1, 0, 0
32249, 1131, 1, 0, 0
32349, 760, 1, 0, 0
32449, 750, 1, 0, 0
32549, 1400, 1, 0, 0
32649, 880, 1, 0, 0
32749, 710, 1, 0, 0
32850, 1050, 1, 0, 0
32950, 910, 1, 0, 0
33050, 850, 1, 0, 0
33150, 800, 1, 0, 0
33249, 1060, 1, 0, 0
33349, 730, 1, 0, 0
33449, 380, 1, 0, 0
33549, 110, 1, 0, 0
33650, 330, 1, 0, 0
33749, 272, 1, 0, 0
33849, 400, 1, 0, 0
33949, 520, 1, 0, 0
34049, 680, 1, 0, 0
34149, 980, 1, 0, 0
34249, 770, 1, 0, 0
34349, 880, 1, 0, 0
34449, 910, 1, 0, 0
34550, 660, 1, 0, 0
34650, 990, 1, 0, 0
34749, 676, 1, 0, 0
34849, 910, 1, 0, 0
34949, 1060, 1, 0, 0
35049, 760, 1, 0, 0
35149, 820, 1, 0, 0
35249, 670, 1, 0, 0
35350, 950, 1, 0, 0
35450, 1050, 1, 0, 0
35550, 870, 1, 0, 0
35650, 750, 1, 0, 0
35749, 1020, 1, 0, 0
35849, 900, 1, 0, 0
35949, 790, 1, 0, 0
36049, 950, 1, 0, 0
36149, 290, 1, 0, 0
36250, 330, 1, 0, 0
36350, 60, 1, 0, 0
36450, 340, 1, 0, 0
36550, 640, 1, 0, 0
36650, 480, 1, 0, 0
36749, 1030, 1, 0, 0
36849, 1110, 1, 0, 0
36949, 860, 1, 0, 0
37050, 1100, 1, 0, 0
37150, 840, 1, 0, 0
37249, 1000, 1, 0, 0
37349, 670, 1, 0, 0
37449, 890, 1, 0, 0
37550, 960, 1, 0, 0
37650, 860, 1, 0, 0
37749, 707, 1, 0, 0
37849, 980, 1, 0, 0
37949, 830, 1, 0, 0
38049, 760, 1, 0, 0
38149, 990, 1, 0, 0
38249, 880, 1, 0, 0
38349, 780, 1, 0, 0
38449, 1050, 1, 0, 0
38550, 690, 1, 0, 0
38650, 740, 1, 0, 0
38749, 686, 1, 0, 0
38849, 330, 1, 0, 0
38949, 280, 1, 0, 0
39049, 330, 1, 0, 0
39149, 120, 1, 0, 0
39249, 340, 1, 0, 0
39349, 340, 1, 0, 0
39450, 900, 1, 0, 0
39550, 950, 1, 0, 0
39650, 1030, 1, 0, 0
39749, 737, 1, 0, 0
39849, 1220, 1, 0, 0
39949, 660, 1, 0, 0
40049, 900, 1, 0, 0
40149, 760, 1, 0, 0
40249, 959, 1, 0, 0
40349, 720, 1, 0, 0
40449, 710, 1, 0, 0
40549, 870, 1, 0, 0
40649, 690, 1, 0, 0
40749, 770, 1, 0, 0
40849, 840, 1, 0, 0
40949, 1040, 1, 0, 0
41050, 1010, 1, 0, 0
41150, 720, 1, 0, 0
41249, 797, 1, 0, 0
41349, 950, 1, 0, 0
41449, 560, 1, 0, 0
41549, 360, 1, 0, 0
41649, 110, 1, 0, 0
41749, 380, 1, 0, 0
41850, 170, 1, 0, 0
41950, 330, 1, 0, 0
42050, 800, 1, 0, 0
42150, 1070, 1, 0, 0
42249, 939, 1, 0, 0
42349, 720, 1, 0, 0
42449, 830, 1, 0, 0
42549, 880, 1, 0, 0
42650, 810, 1, 0, 0
42749, 666, 1, 0, 0
42849, 970, 1, 0, 0
42949, 760, 1, 0, 0
43049, 910, 1, 0, 0
43149, 980, 1, 0, 0
43249, 720, 1, 0, 0
43349, 860, 1, 0, 0
43449, 750, 1, 0, 0
43550, 770, 1, 0, 0
43650, 1120, 1, 0, 0
43749, 686, 1, 0, 0
43849, 850, 1, 0, 0
43949, 990, 1, 0, 0
44049, 710, 1, 0, 0
44149, 710, 1, 0, 0
44249, 230, 1, 0, 0
44349, 360, 1, 0, 0
44449, 420, 1, 0, 0
44550, 200, 1, 0, 0
44650, 330, 1, 0, 0
44749, 262, 1, 0, 0
44849, 760, 1, 0, 0
44949, 710, 1, 0, 0
45049, 980, 1, 0, 0
45149, 810, 1, 0, 0
45249, 850, 1, 0, 0
45349, 980, 1, 0, 0
45449, 980, 1, 0, 0
45550, 660, 1, 0, 0
45650, 670, 1, 0, 0
45749, 979, 1, 0, 0
45849, 660, 1, 0, 0
45949, 990, 1, 0, 0
46049, 810, 1, 0, 0
46149, 740, 1, 0, 0
46249, 950, 1, 0, 0
46349, 740, 1, 0, 0
46449, 760, 1, 0, 0
46550, 870, 1, 0, 0
46650, 830, 1, 0, 0
46749, 505, 1, 0, 0
46849, 330, 1, 0, 0
46949, 170, 1, 0, 0
47049, 520, 1, 0, 0
47149, 60, 1, 0, 0
47249, 340, 1, 0, 0
47349, 330, 1, 0, 0
47449, 660, 1, 0, 0
47550, 1070, 1, 0, 0
47650, 770, 1, 0, 0
47749, 676, 1, 0, 0
47849, 990, 1, 0, 0
47949, 730, 1, 0, 0
48049, 840, 1, 0, 0
48149, 980, 1, 0, 0
48249, 960, 1, 0, 0
48349, 820, 1, 0, 0
48449, 930, 1, 0, 0
48550, 740, 1, 0, 0
48650, 1030, 1, 0, 0
48749, 979, 1, 0, 0
48849, 660, 1, 0, 0
48949, 970, 1, 0, 0
49049, 990, 1, 0, 0
49149, 660, 1, 0, 0
49249, 1050, 1, 0, 0
49350, 1040, 1, 0, 0
49450, 20, 1, 0, 0
49550, 330, 1, 0, 0
49650, 330, 1, 0, 0
49749, 323, 1, 0, 0
49849, 340, 1, 0, 0
49949, 410, 1, 0, 0
50049, 910, 1, 0, 0
50150, 760, 1, 0, 0
50249, 858, 1, 0, 0
50349, 870, 1, 0, 0
50449, 730, 1, 0, 0
50549, 700, 1, 0, 0
50649, 1030, 1, 0, 0
50749, 780, 1, 0, 0
50849, 700, 1, 0, 0
50949, 980, 1, 0, 0
51050, 880, 1, 0, 0
51150, 980, 1, 0, 0
51249, 949, 1, 0, 0
51349, 680, 1, 0, 0
51449, 910, 1, 0, 0
51549, 910, 1, 0, 0
51649, 1080, 1, 0, 0
51749, 660, 1, 0, 0
51849, 1000, 1, 0, 0
51950, 430, 1, 0, 0
52050, 420, 1, 0, 0
52150, 330, 1, 0, 0
52249, 131, 1, 0, 0
52349, 330, 1, 0, 0
52449, 330, 1, 0, 0
52550, 470, 1, 0, 0
52650, 660, 1, 0, 0
52749, 838, 1, 0, 0
52849, 1070, 1, 0, 0
52949, 660, 1, 0, 0
53049, 950, 1, 0, 0
53149, 750, 1, 0, 0
53249, 980, 1, 0, 0
53350, 910, 1, 0, 0
53450, 860, 1, 0, 0
53550, 660, 1, 0, 0
53650, 1080, 1, 0, 0
53749, 838, 1, 0, 0
53849, 970, 1, 0, 0
53949, 970, 1, 0, 0
54049, 700, 1, 0, 0
54149, 870, 1, 0, 0
54249, 1040, 1, 0, 0
54349, 910, 1, 0, 0
54449, 680, 1, 0, 0
54549, 330, 1, 0, 0
54649, 600, 1, 0, 0
54749, 160, 1, 0, 0
54849, 390, 1, 0, 0
54950, 130, 1, 0, 0
55050, 330, 1, 0, 0
55150, 340, 1, 0, 0
55249, 1181, 1, 0, 0
55349, 660, 1, 0, 0
55449, 920, 1, 0, 0
55549, 720, 1, 0, 0
55649, 820, 1, 0, 0
55750, 980, 1, 0, 0
55850, 660, 1, 0, 0
55950, 850, 1, 0, 0
56050, 980, 1, 0, 0
56150, 740, 1, 0, 0
56249, 1000, 1, 0, 0
56349, 660, 1, 0, 0
56449, 690, 1, 0, 0
56550, 720, 1, 0, 0
56650, 690, 1, 0, 0
56749, 989, 1, 0, 0
56849, 790, 1, 0, 0
56949, 1010, 1, 0, 0
57049, 660, 1, 0, 0
57149, 330, 1, 0, 0
57249, 220, 1, 0, 0
57349, 380, 1, 0, 0
57450, 340, 1, 0, 0
57550, 90, 1, 0, 0
57650, 440, 1, 0, 0
57749, 424, 1, 0, 0
57849, 890, 1, 0, 0
57949, 950, 1, 0, 0
58049, 660, 1, 0, 0
58150, 980, 1, 0, 0
58249, 929, 1, 0, 0
58349, 690, 1, 0, 0
58449, 990, 1, 0, 0
58549, 880, 1, 0, 0
58649, 680, 1, 0, 0
58749, 1070, 1, 0, 0
58849, 710, 1, 0, 0
58949, 810, 1, 0, 0
59049, 830, 1, 0, 0
59149, 790, 1, 0, 0
59250, 930, 1, 0, 0
59350, 880, 1, 0, 0
59450, 780, 1, 0, 0
59550, 660, 1, 0, 0
59650, 960, 1, 0, 0
59749, 474, 1, 0, 0
59849, 400, 1, 0, 0
59950, 330, 1, 0, 0
60050, 120, 1, 0, 0
60150, 330, 1, 0, 0
60249, 535, 1, 0, 0
60349, 330, 1, 0, 0
60449, 780, 1, 0, 0
60549, 880, 1, 0, 0
60649, 810, 1, 0, 0
60750, 1180, 1, 0, 0
60850, 1200, 1, 0, 0
60950, 660, 1, 0, 0
61050, 880, 1, 0, 0
61150, 890, 1, 0, 0
61249, 666, 1, 0, 0
61349, 780, 1, 0, 0
61449, 870, 1, 0, 0
61549, 840, 1, 0, 0
61649, 820, 1, 0, 0
61750, 960, 1, 0, 0
61850, 830, 1, 0, 0
61950, 930, 1, 0, 0
62050, 780, 1, 0, 0
62150, 880, 1, 0, 0
62249, 656, 1, 0, 0
62349, 90, 1, 0, 0
62449, 330, 1, 0, 0
62550, 390, 1, 0, 0
62650, 180, 1, 0, 0
62749, 333, 1, 0, 0
62849, 330, 1, 0, 0
62949, 560, 1, 0, 0
63049, 990, 1, 0, 0
63149, 960, 1, 0, 0
63249, 790, 1, 0, 0
63350, 980, 1, 0, 0
63450, 740, 1, 0, 0
63550, 940, 1, 0, 0
63650, 990, 1, 0, 0
63749, 777, 1, 0, 0
63849, 980, 1, 0, 0
63949, 910, 1, 0, 0
64049, 870, 1, 0, 0
64149, 910, 1, 0, 0
64249, 1080, 1, 0, 0
64350, 900, 1, 0, 0
64450, 930, 1, 0, 0
64550, 990, 1, 0, 0
64650, 910, 1, 0, 0
64749, 929, 1, 0, 0
64849, 650, 1, 0, 0
64949, 330, 1, 0, 0
65050, 50, 1, 0, 0
65150, 330, 1, 0, 0
65249, 353, 1, 0, 0
65349, 270, 1, 0, 0
65449, 330, 1, 0, 0
65549, 740, 1, 0, 0
65649, 700, 1, 0, 0
65750, 890, 1, 0, 0
65850, 1000, 1, 0, 0
65950, 860, 1, 0, 0
66050, 830, 1, 0, 0
66150, 850, 1, 0, 0
66249, 1010, 1, 0, 0
66349, 990, 1, 0, 0
66449, 700, 1, 0, 0
66549, 930, 1, 0, 0
66650, 830, 1, 0, 0
66749, 1000, 1, 0, 0
66849, 850, 1, 0, 0
66949, 850, 1, 0, 0
67049, 870, 1, 0, 0
67149, 880, 1, 0, 0
67249, 930, 1, 0, 0
67349, 660, 1, 0, 0
67449, 620, 1, 0, 0
67550, 320, 1, 0, 0
67650, 340, 1, 0, 0
67749, 171, 1, 0, 0
67849, 330, 1, 0, 0
67949, 330, 1, 0, 0
68049, 350, 1, 0, 0
68149, 590, 1, 0, 0
68249, 848, 1, 0, 0
68349, 890, 1, 0, 0
68449, 690, 1, 0, 0
68549, 1160, 1, 0, 0
68649, 710, 1, 0, 0
68749, 660, 1, 0, 0
68849, 1190, 1, 0, 0
68949, 970, 1, 0, 0
69050, 880, 1, 0, 0
69150, 760, 1, 0, 0
69249, 868, 1, 0, 0
69349, 790, 1, 0, 0
69449, 670, 1, 0, 0
69549, 930, 1, 0, 0
69649, 1020, 1, 0, 0
69749, 660, 1, 0, 0
69849, 1000, 1, 0, 0
69949, 810, 1, 0, 0
70050, 330, 1, 0, 0
70150, 330, 1, 0, 0
70249, 141, 1, 0, 0
70349, 330, 1, 0, 0
70449, 330, 1, 0, 0
70549, 380, 1, 0, 0
70649, 490, 1, 0, 0
70749, 750, 1, 0, 0
70849, 980, 1, 0, 0
70949, 670, 1, 0, 0
71050, 810, 1, 0, 0
71150, 1060, 1, 0, 0
71249, 777, 1, 0, 0
71349, 920, 1, 0, 0
71449, 920, 1, 0, 0
71549, 890, 1, 0, 0
71649, 920, 1, 0, 0
71749, 810, 1, 0, 0
71849, 550, 1, 0, 0
71949, 990, 1, 0, 0
72050, 880, 1, 0, 0
72150, 870, 1, 0, 0
72249, 767, 1, 0, 0
72349, 830, 1, 0, 0
72449, 880, 1, 0, 0
72549, 790, 1, 0, 0
72649, 330, 1, 0, 0
72749, 110, 1, 0, 0
72849, 330, 1, 0, 0
72950, 220, 1, 0, 0
73050, 330, 1, 0, 0
73150, 330, 1, 0, 0
73249, 383, 1, 0, 0
73349, 670, 1, 0, 0
73449, 1200, 1, 0, 0
73549, 760, 1, 0, 0
73649, 950, 1, 0, 0
73750, 950, 1, 0, 0
73850, 900, 1, 0, 0
73950, 780, 1, 0, 0
74050, 880, 1, 0, 0
74150, 660, 1, 0, 0
74249, 787, 1, 0, 0
74349, 660, 1, 0, 0
74449, 760, 1, 0, 0
74549, 980, 1, 0, 0
74650, 1040, 1, 0, 0
74749, 727, 1, 0, 0
74849, 670, 1, 0, 0
74949, 1030, 1, 0, 0
75049, 810, 1, 0, 0
75149, 330, 1, 0, 0
75249, 520, 1, 0, 0
75349, 330, 1, 0, 0
75450, 40, 1, 0, 0
75550, 380, 1, 0, 0
75650, 350, 1, 0, 0
75749, 333, 1, 0, 0
75849, 660, 1, 0, 0
75949, 1030, 1, 0, 0
76049, 800, 1, 0, 0
76149, 660, 1, 0, 0
76249, 1060, 1, 0, 0
76350, 1090, 1, 0, 0
76450, 1070, 1, 0, 0
76550, 660, 1, 0, 0
76650, 830, 1, 0, 0
76749, 959, 1, 0, 0
76849, 980, 1, 0, 0
76949, 1020, 1, 0, 0
77049, 890, 1, 0, 0
77149, 740, 1, 0, 0
77249, 990, 1, 0, 0
77350, 880, 1, 0, 0
77450, 750, 1, 0, 0
77550, 940, 1, 0, 0
77650, 840, 1, 0, 0
77749, 333, 1, 0, 0
77849, 330, 1, 0, 0
77949, 130, 1, 0, 0
78049, 360, 1, 0, 0
78149, 330, 1, 0, 0
78249, 202, 1, 0, 0
78349, 450, 1, 0, 0
78449, 930, 1, 0, 0
78549, 1010, 1, 0, 0
78649, 730, 1, 0, 0
78749, 960, 1, 0, 0
78849, 1040, 1, 0, 0
78949, 830, 1, 0, 0
79050, 670, 1, 0, 0
79150, 930, 1, 0, 0
79249, 1010, 1, 0, 0
79349, 940, 1, 0, 0
79449, 770, 1, 0, 0
79549, 830, 1, 0, 0
79649, 1040, 1, 0, 0
79749, 760, 1, 0, 0
79849, 890, 1, 0, 0
79949, 830, 1, 0, 0
80050, 840, 1, 0, 0
80150, 740, 1, 0, 0
80249, 606, 1, 0, 0
80349, 120, 1, 0, 0
80449, 330, 1, 0, 0
80549, 410, 1, 0, 0
80650, 180, 1, 0, 0
80749, 444, 1, 0, 0
80849, 460, 1, 0, 0
80949, 700, 1, 0, 0
81049, 660, 1, 0, 0
81149, 930, 1, 0, 0
81249, 980, 1, 0, 0
81349, 660, 1, 0, 0
81449, 910, 1, 0, 0
81549, 1150, 1, 0, 0
81650, 670, 1, 0, 0
81749, 797, 1, 0, 0
81849, 940, 1, 0, 0
81949, 670, 1, 0, 0
82049, 1090, 1, 0, 0
82149, 680, 1, 0, 0
82249, 740, 1, 0, 0
82349, 790, 1, 0, 0
82450, 940, 1, 0, 0
82550, 740, 1, 0, 0
82650, 800, 1, 0, 0
82749, 1020, 1, 0, 0
82849, 590, 1, 0, 0
82949, 380, 1, 0, 0
83049, 240, 1, 0, 0
83149, 130, 1, 0, 0
83250, 340, 1, 0, 0
83350, 330, 1, 0, 0
83450, 190, 1, 0, 0
83550, 970, 1, 0, 0
83650, 890, 1, 0, 0
83749, 444, 1, 0, 0
83849, 880, 1, 0, 0
83949, 910, 1, 0, 0
84050, 670, 1, 0, 0
84150, 940, 1, 0, 0
84249, 949, 1, 0, 0
84349, 660, 1, 0, 0
84449, 1210, 1, 0, 0
84549, 1230, 1, 0, 0
84649, 820, 1, 0, 0
84749, 700, 1, 0, 0
84850, 950, 1, 0, 0
84950, 980, 1, 0, 0
85050, 690, 1, 0, 0
85150, 850, 1, 0, 0
85249, 989, 1, 0, 0
85349, 1000, 1, 0, 0
85449, 400, 1, 0, 0
85549, 340, 1, 0, 0
85649, 310, 1, 0, 0
85750, 340, 1, 0, 0
85850, 320, 1, 0, 0
85950, 360, 1, 0, 0
86050, 10, 1, 0, 0
86150, 820, 1, 0, 0
86249, 1010, 1, 0, 0
86349, 850, 1, 0, 0
86449, 780, 1, 0, 0
86549, 720, 1, 0, 0
86650, 1140, 1, 0, 0
86749, 919, 1, 0, 0
86849, 790, 1, 0, 0
86949, 750, 1, 0, 0
87049, 840, 1, 0, 0
87149, 690, 1, 0, 0
87249, 950, 1, 0, 0
87349, 1090, 1, 0, 0
87450, 1020, 1, 0, 0
87550, 770, 1, 0, 0
87650, 940, 1, 0, 0
87749, 818, 1, 0, 0
87849, 670, 1, 0, 0
87949, 1030, 1, 0, 0
88049, 390, 1, 0, 0
88149, 640, 1, 0, 0
88250, 330, 1, 0, 0
88350, 60, 1, 0, 0
88450, 480, 1, 0, 0
88550, 380, 1, 0, 0
88650, 90, 1, 0, 0
88749, 666, 1, 0, 0
88849, 920, 1, 0, 0
88949, 660, 1, 0, 0
89049, 970, 1, 0, 0
89150, 780, 1, 0, 0
89249, 666, 1, 0, 0
89349, 1060, 1, 0, 0
89449, 830, 1, 0, 0
89549, 870, 1, 0, 0
89649, 780, 1, 0, 0
89749, 980, 1, 0, 0
89849, 980, 1, 0, 0
89949, 910, 1, 0, 0
