102, 23422, 1, 0, 0
220, 24509, 1, 0, 0
316, 22624, 1, 0, 0
402, 22525, 1, 0, 0
504, 22053, 1, 0, 0
620, 25663, 1, 0, 0
705, 30491, 1, 0, 0
807, 23495, 1, 0, 0
903, 29006, 1, 0, 0
1003, 24047, 1, 0, 0
1110, 23974, 1, 0, 0
1208, 19897, 1, 0, 0
1317, 25225, 1, 0, 0
1403, 24054, 1, 0, 0
1515, 27559, 1, 0, 0
1622, 18383, 1, 0, 0
1713, 23449, 1, 0, 0
1809, 18334, 1, 0, 0
1941, 19138, 1, 0, 0
2057, 22402, 1, 0, 0
2117, 26230, 1, 0, 0
2242, 22384, 1, 0, 0
2310, 21679, 1, 0, 0
2442, 26757, 1, 0, 0
2509, 33817, 1, 0, 0
2616, 19921, 1, 0, 0
2714, 21250, 1, 0, 0
2800, 23546, 1, 0, 0
2915, 21913, 1, 0, 0
3013, 19606, 1, 0, 0
3105, 18142, 1, 0, 0
3206, 20121, 1, 0, 0
3310, 19438, 1, 0, 0
3421, 21442, 1, 0, 0
3517, 20310, 1, 0, 0
3601, 21911, 1, 0, 0
3706, 20140, 1, 0, 0
3800, 16744, 1, 0, 0
3907, 15800, 1, 0, 0
4009, 15991, 1, 0, 0
4118, 18626, 1, 0, 0
4219, 17387, 1, 0, 0
4306, 20061, 1, 0, 0
4404, 24262, 1, 0, 0
4518, 19495, 1, 0, 0
4650, 21575, 1, 0, 0
4719, 18535, 1, 0, 0
4842, 22245, 1, 0, 0
4900, 20515, 1, 0, 0
5034, 21675, 1, 0, 0
5108, 24538, 1, 0, 0
5200, 21380, 1, 0, 0
5313, 23224, 1, 0, 0
5407, 23693, 1, 0, 0
5503, 17061, 1, 0, 0
5617, 19001, 1, 0, 0
5709, 17243, 1, 0, 0
5805, 16638, 1, 0, 0
5923, 20523, 1, 0, 0
6004, 17631, 1, 0, 0
6115, 14071, 1, 0, 0
6205, 25369, 1, 0, 0
6309, 17684, 1, 0, 0
6420, 23942, 1, 0, 0
6509, 23661, 1, 0, 0
6607, 21769, 1, 0, 0
6716, 19644, 1, 0, 0
6816, 17208, 1, 0, 0
6900, 23788, 1, 0, 0
7007, 15268, 1, 0, 0
7140, 15049, 1, 0, 0
7202, 17112, 1, 0, 0
7329, 19035, 1, 0, 0
7401, 17355, 1, 0, 0
7516, 17703, 1, 0, 0
7616, 15719, 1, 0, 0
7716, 20554, 1, 0, 0
7812, 19358, 1, 0, 0
7910, 23422, 1, 0, 0
8009, 19489, 1, 0, 0
8100, 27156, 1, 0, 0
8201, 18935, 1, 0, 0
8300, 15210, 1, 0, 0
8412, 22199, 1, 0, 0
8509, 16785, 1, 0, 0
8611, 24097, 1, 0, 0
8713, 21155, 1, 0, 0
8804, 16524, 1, 0, 0
8903, 15482, 1, 0, 0
9015, 17737, 1, 0, 0
9113, 18816, 1, 0, 0
9200, 22370, 1, 0, 0
9315, 24103, 1, 0, 0
9412, 22470, 1, 0, 0
9547, 19992, 1, 0, 0
9671, 25388, 1, 0, 0
9751, 27759, 1, 0, 0
9827, 27450, 1, 0, 0
9907, 24853, 1, 0, 0
10054, 17651, 1, 0, 0
10106, 18182, 1, 0, 0
10208, 18436, 1, 0, 0
10304, 19262, 1, 0, 0
10410, 25798, 1, 0, 0
10516, 23410, 1, 0, 0
10604, 21871, 1, 0, 0
10702, 22830, 1, 0, 0
10802, 23854, 1, 0, 0
10916, 22785, 1, 0, 0
11015, 25911, 1, 0, 0
11106, 18883, 1, 0, 0
11202, 16934, 1, 0, 0
11306, 20570, 1, 0, 0
11410, 16268, 1, 0, 0
11518, 17970, 1, 0, 0
11613, 20994, 1, 0, 0
11717, 22354, 1, 0, 0
11808, 21759, 1, 0, 0
11905, 20609, 1, 0, 0
12019, 26722, 1, 0, 0
12103, 19970, 1, 0, 0
12233, 16651, 1, 0, 0
12302, 16148, 1, 0, 0
12433, 22740, 1, 0, 0
12561, 24006, 1, 0, 0
12632, 19763, 1, 0, 0
12716, 23844, 1, 0, 0
12802, 22450, 1, 0, 0
12910, 19736, 1, 0, 0
13017, 18870, 1, 0, 0
13114, 20608, 1, 0, 0
13205, 15804, 1, 0, 0
13301, 18379, 1, 0, 0
13404, 15753, 1, 0, 0
13511, 16025, 1, 0, 0
13606, 22376, 1, 0, 0
13702, 19479, 1, 0, 0
13815, 24406, 1, 0, 0
13900, 20711, 1, 0, 0
14000, 24096, 1, 0, 0
14114, 25562, 1, 0, 0
14209, 18368, 1, 0, 0
14319, 23476, 1, 0, 0
14413, 22050, 1, 0, 0
14511, 17683, 1, 0, 0
14606, 17668, 1, 0, 0
14713, 27304, 1, 0, 0
14817, 16713, 1, 0, 0
14931, 20140, 1, 0, 0
15059, 18548, 1, 0, 0
15119, 18090, 1, 0, 0
15251, 30155, 1, 0, 0
15320, 25856, 1, 0, 0
15405, 20951, 1, 0, 0
15500, 22411, 1, 0, 0
15616, 21143, 1, 0, 0
15719, 23792, 1, 0, 0
15802, 22003, 1, 0, 0
15917, 18457, 1, 0, 0
16017, 20773, 1, 0, 0
16102, 22548, 1, 0, 0
16217, 21746, 1, 0, 0
16313, 21779, 1, 0, 0
16417, 28422, 1, 0, 0
16504, 18536, 1, 0, 0
16620, 21888, 1, 0, 0
16713, 22073, 1, 0, 0
16814, 14899, 1, 0, 0
16902, 26152, 1, 0, 0
17011, 22967, 1, 0, 0
17117, 25198, 1, 0, 0
17210, 17418, 1, 0, 0
17305, 22176, 1, 0, 0
17403, 26078, 1, 0, 0
17525, 24483, 1, 0, 0
17642, 23903, 1, 0, 0
17712, 28947, 1, 0, 0
17840, 24187, 1, 0, 0
17904, 20647, 1, 0, 0
18035, 18296, 1, 0, 0
18105, 16168, 1, 0, 0
18204, 24523, 1, 0, 0
18322, 18656, 1, 0, 0
18418, 22819, 1, 0, 0
18512, 22433, 1, 0, 0
18621, 17710, 1, 0, 0
18711, 20646, 1, 0, 0
18810, 20651, 1, 0, 0
18902, 24783, 1, 0, 0
19016, 21387, 1, 0, 0
19117, 20343, 1, 0, 0
19214, 22967, 1, 0, 0
19301, 20358, 1, 0, 0
19419, 20955, 1, 0, 0
19512, 17048, 1, 0, 0
19617, 17775, 1, 0, 0
19704, 20406, 1, 0, 0
19813, 22572, 1, 0, 0
19913, 23094, 1, 0, 0
20012, 21201, 1, 0, 0
20114, 22690, 1, 0, 0
20212, 20894, 1, 0, 0
20307, 19098, 1, 0, 0
20442, 19138, 1, 0, 0
20514, 22154, 1, 0, 0
20657, 23154, 1, 0, 0
20730, 17745, 1, 0, 0
20806, 19822, 1, 0, 0
20906, 24956, 1, 0, 0
21010, 22606, 1, 0, 0
21109, 18582, 1, 0, 0
21218, 20012, 1, 0, 0
21300, 18531, 1, 0, 0
21414, 20883, 1, 0, 0
21502, 19751, 1, 0, 0
21604, 19638, 1, 0, 0
21719, 17671, 1, 0, 0
21811, 20896, 1, 0, 0
21912, 25144, 1, 0, 0
22003, 17440, 1, 0, 0
22114, 16738, 1, 0, 0
22216, 16784, 1, 0, 0
22319, 20413, 1, 0, 0
22409, 16829, 1, 0, 0
22503, 18867, 1, 0, 0
22600, 18910, 1, 0, 0
22700, 22624, 1, 0, 0
22806, 27432, 1, 0, 0
22927, 17453, 1, 0, 0
23047, 24458, 1, 0, 0
23103, 17471, 1, 0, 0
23242, 21269, 1, 0, 0
23307, 17541, 1, 0, 0
23424, 18066, 1, 0, 0
23553, 20018, 1, 0, 0
23647, 20481, 1, 0, 0
23705, 19873, 1, 0, 0
23805, 20229, 1, 0, 0
23900, 23591, 1, 0, 0
24005, 22579, 1, 0, 0
24104, 21425, 1, 0, 0
24202, 21404, 1, 0, 0
24301, 20652, 1, 0, 0
24419, 20184, 1, 0, 0
24512, 23905, 1, 0, 0
24621, 22823, 1, 0, 0
24715, 17920, 1, 0, 0
24813, 21735, 1, 0, 0
24916, 19759, 1, 0, 0
25009, 23566, 1, 0, 0
25108, 25365, 1, 0, 0
25220, 17955, 1, 0, 0
25311, 21534, 1, 0, 0
25409, 22947, 1, 0, 0
25507, 16393, 1, 0, 0
25626, 17615, 1, 0, 0
25700, 66490, 1, 0, 0
25819, 20338, 1, 0, 0
25945, 26940, 1, 0, 0
26000, 21207, 1, 0, 0
26116, 23757, 1, 0, 0
26214, 19906, 1, 0, 0
26315, 22697, 1, 0, 0
26418, 24815, 1, 0, 0
26506, 28973, 1, 0, 0
26602, 22227, 1, 0, 0
26718, 18979, 1, 0, 0
26813, 18278, 1, 0, 0
26909, 17915, 1, 0, 0
27020, 22095, 1, 0, 0
27111, 21623, 1, 0, 0
27207, 22927, 1, 0, 0
27317, 22939, 1, 0, 0
27409, 18840, 1, 0, 0
27507, 22464, 1, 0, 0
27603, 19888, 1, 0, 0
27714, 17147, 1, 0, 0
27800, 20852, 1, 0, 0
27916, 17621, 1, 0, 0
28006, 23554, 1, 0, 0
28115, 22427, 1, 0, 0
28233, 18342, 1, 0, 0
28305, 15402, 1, 0, 0
28440, 18789, 1, 0, 0
28509, 16816, 1, 0, 0
28646, 18669, 1, 0, 0
28717, 26093, 1, 0, 0
28812, 17499, 1, 0, 0
28904, 19498, 1, 0, 0
29003, 19193, 1, 0, 0
29106, 19022, 1, 0, 0
29215, 18027, 1, 0, 0
29307, 17835, 1, 0, 0
29407, 21020, 1, 0, 0
29521, 21187, 1, 0, 0
29610, 22416, 1, 0, 0
29709, 21496, 1, 0, 0
29802, 18822, 1, 0, 0
29904, 18911, 1, 0, 0
30007, 16306, 1, 0, 0
30115, 20166, 1, 0, 0
30217, 19600, 1, 0, 0
30314, 19611, 1, 0, 0
30410, 19565, 1, 0, 0
30522, 20113, 1, 0, 0
30601, 18292, 1, 0, 0
30700, 21570, 1, 0, 0
30828, 24893, 1, 0, 0
30963, 21322, 1, 0, 0
31021, 31015, 1, 0, 0
31162, 17929, 1, 0, 0
31202, 22940, 1, 0, 0
31310, 20726, 1, 0, 0
31400, 19483, 1, 0, 0
31527, 20939, 1, 0, 0
31605, 16145, 1, 0, 0
31703, 14878, 1, 0, 0
31810, 15374, 1, 0, 0
31913, 19218, 1, 0, 0
32014, 22894, 1, 0, 0
32112, 18968, 1, 0, 0
32205, 22121, 1, 0, 0
32302, 18920, 1, 0, 0
32416, 21132, 1, 0, 0
32512, 16572, 1, 0, 0
32614, 20180, 1, 0, 0
32710, 19587, 1, 0, 0
32811, 17721, 1, 0, 0
32917, 18795, 1, 0, 0
33008, 25932, 1, 0, 0
33111, 17384, 1, 0, 0
33223, 18846, 1, 0, 0
33305, 20966, 1, 0, 0
33440, 21905, 1, 0, 0
33501, 19696, 1, 0, 0
33633, 21087, 1, 0, 0
33701, 19663, 1, 0, 0
33841, 21564, 1, 0, 0
33914, 20823, 1, 0, 0
34017, 20585, 1, 0, 0
34115, 18775, 1, 0, 0
34205, 17581, 1, 0, 0
34301, 17108, 1, 0, 0
34405, 22974, 1, 0, 0
34517, 22364, 1, 0, 0
34613, 16132, 1, 0, 0
34704, 17468, 1, 0, 0
34801, 22454, 1, 0, 0
34912, 15840, 1, 0, 0
35009, 16275, 1, 0, 0
35123, 18784, 1, 0, 0
35227, 22983, 1, 0, 0
35320, 22745, 1, 0, 0
35413, 17691, 1, 0, 0
35517, 17075, 1, 0, 0
35617, 21681, 1, 0, 0
35724, 17470, 1, 0, 0
35813, 15521, 1, 0, 0
35916, 19196, 1, 0, 0
36014, 17553, 1, 0, 0
36128, 19098, 1, 0, 0
36256, 22968, 1, 0, 0
36320, 27722, 1, 0, 0
36451, 23171, 1, 0, 0
36519, 20652, 1, 0, 0
36617, 24010, 1, 0, 0
36707, 20207, 1, 0, 0
36813, 19521, 1, 0, 0
36900, 20235, 1, 0, 0
37011, 22134, 1, 0, 0
37119, 19407, 1, 0, 0
37206, 18702, 1, 0, 0
37313, 18025, 1, 0, 0
37401, 19132, 1, 0, 0
37521, 20333, 1, 0, 0
37612, 22985, 1, 0, 0
37719, 22901, 1, 0, 0
37816, 19553, 1, 0, 0
37905, 20896, 1, 0, 0
38016, 16374, 1, 0, 0
38120, 18493, 1, 0, 0
38212, 20223, 1, 0, 0
38308, 18090, 1, 0, 0
38411, 19467, 1, 0, 0
38508, 16006, 1, 0, 0
38617, 21035, 1, 0, 0
38709, 20144, 1, 0, 0
38803, 25232, 1, 0, 0
38938, 23453, 1, 0, 0
39054, 22453, 1, 0, 0
39122, 21951, 1, 0, 0
39260, 22177, 1, 0, 0
39319, 23096, 1, 0, 0
39420, 23675, 1, 0, 0
39517, 22204, 1, 0, 0
39607, 23884, 1, 0, 0
39710, 25399, 1, 0, 0
39814, 20221, 1, 0, 0
39914, 24541, 1, 0, 0
40014, 24342, 1, 0, 0
40110, 32252, 1, 0, 0
40223, 19433, 1, 0, 0
40313, 16078, 1, 0, 0
40416, 18541, 1, 0, 0
40501, 20122, 1, 0, 0
40607, 19790, 1, 0, 0
40704, 21876, 1, 0, 0
40814, 17503, 1, 0, 0
40916, 20063, 1, 0, 0
41000, 23596, 1, 0, 0
41115, 23277, 1, 0, 0
41201, 20759, 1, 0, 0
41317, 19675, 1, 0, 0
41411, 20549, 1, 0, 0
41568, 21722, 1, 0, 0
41628, 27934, 1, 0, 0
41746, 27903, 1, 0, 0
41807, 19590, 1, 0, 0
41935, 22098, 1, 0, 0
42000, 21758, 1, 0, 0
42100, 21664, 1, 0, 0
42212, 19291, 1, 0, 0
42308, 27793, 1, 0, 0
42401, 21137, 1, 0, 0
42505, 22452, 1, 0, 0
42603, 19401, 1, 0, 0
42718, 24084, 1, 0, 0
42820, 20524, 1, 0, 0
42914, 24262, 1, 0, 0
43006, 22627, 1, 0, 0
43104, 17486, 1, 0, 0
43224, 21224, 1, 0, 0
43308, 20838, 1, 0, 0
43411, 19895, 1, 0, 0
43512, 21423, 1, 0, 0
43607, 18589, 1, 0, 0
43717, 15667, 1, 0, 0
43809, 18049, 1, 0, 0
43903, 24265, 1, 0, 0
44018, 21712, 1, 0, 0
44101, 21148, 1, 0, 0
44231, 20771, 1, 0, 0
44338, 15987, 1, 0, 0
44408, 15381, 1, 0, 0
44531, 18026, 1, 0, 0
44659, 19926, 1, 0, 0
44709, 15577, 1, 0, 0
44812, 16877, 1, 0, 0
44909, 20163, 1, 0, 0
45020, 18641, 1, 0, 0
45107, 30452, 1, 0, 0
45210, 22037, 1, 0, 0
45311, 19572, 1, 0, 0
45402, 21379, 1, 0, 0
45513, 17822, 1, 0, 0
45612, 30781, 1, 0, 0
45701, 21353, 1, 0, 0
45807, 18989, 1, 0, 0
45900, 20216, 1, 0, 0
46001, 20934, 1, 0, 0
46115, 15412, 1, 0, 0
46204, 23474, 1, 0, 0
46303, 20537, 1, 0, 0
46409, 23277, 1, 0, 0
46502, 18600, 1, 0, 0
46601, 15202, 1, 0, 0
46708, 20725, 1, 0, 0
46844, 17710, 1, 0, 0
46928, 17948, 1, 0, 0
47060, 16350, 1, 0, 0
47117, 17705, 1, 0, 0
47239, 16854, 1, 0, 0
47315, 22895, 1, 0, 0
47404, 29530, 1, 0, 0
47513, 20164, 1, 0, 0
47614, 16009, 1, 0, 0
47714, 13257, 1, 0, 0
47804, 22591, 1, 0, 0
47919, 18993, 1, 0, 0
48015, 17000, 1, 0, 0
48118, 18149, 1, 0, 0
48211, 23112, 1, 0, 0
48306, 17432, 1, 0, 0
48419, 22590, 1, 0, 0
48502, 17424, 1, 0, 0
48604, 15138, 1, 0, 0
48708, 16546, 1, 0, 0
48817, 16544, 1, 0, 0
48900, 18115, 1, 0, 0
49015, 14362, 1, 0, 0
49101, 14366, 1, 0, 0
49216, 22027, 1, 0, 0
49311, 15313, 1, 0, 0
49425, 19936, 1, 0, 0
49539, 17795, 1, 0, 0
49605, 20500, 1, 0, 0
49727, 18764, 1, 0, 0
49842, 23446, 1, 0, 0
49900, 27710, 1, 0, 0
50006, 16756, 1, 0, 0
50116, 18771, 1, 0, 0
50205, 20097, 1, 0, 0
50301, 21088, 1, 0, 0
50410, 22465, 1, 0, 0
50505, 19981, 1, 0, 0
50603, 18382, 1, 0, 0
50700, 19435, 1, 0, 0
50810, 16516, 1, 0, 0
50902, 23836, 1, 0, 0
51018, 19094, 1, 0, 0
51103, 15737, 1, 0, 0
51208, 19306, 1, 0, 0
51312, 20162, 1, 0, 0
51417, 20504, 1, 0, 0
51500, 24228, 1, 0, 0
51608, 22766, 1, 0, 0
51707, 17156, 1, 0, 0
51800, 17840, 1, 0, 0
51932, 16374, 1, 0, 0
52042, 16827, 1, 0, 0
52108, 19643, 1, 0, 0
52231, 23816, 1, 0, 0
52347, 25154, 1, 0, 0
52400, 21497, 1, 0, 0
52541, 21482, 1, 0, 0
52611, 19619, 1, 0, 0
52706, 17570, 1, 0, 0
52806, 20662, 1, 0, 0
52909, 20963, 1, 0, 0
53015, 19467, 1, 0, 0
53119, 19930, 1, 0, 0
53212, 18735, 1, 0, 0
53314, 18855, 1, 0, 0
53413, 17976, 1, 0, 0
53505, 20503, 1, 0, 0
53613, 21087, 1, 0, 0
53714, 19537, 1, 0, 0
53807, 18433, 1, 0, 0
53912, 18054, 1, 0, 0
54007, 25228, 1, 0, 0
54121, 21689, 1, 0, 0
54203, 17755, 1, 0, 0
54302, 20460, 1, 0, 0
54409, 24023, 1, 0, 0
54559, 21091, 1, 0, 0
54615, 18875, 1, 0, 0
54732, 15982, 1, 0, 0
54859, 21130, 1, 0, 0
54913, 26397, 1, 0, 0
55020, 20025, 1, 0, 0
55117, 19717, 1, 0, 0
55211, 20692, 1, 0, 0
55315, 23340, 1, 0, 0
55411, 18887, 1, 0, 0
55510, 20708, 1, 0, 0
55600, 28396, 1, 0, 0
55700, 20110, 1, 0, 0
55806, 16912, 1, 0, 0
55900, 16111, 1, 0, 0
56015, 20772, 1, 0, 0
56109, 20281, 1, 0, 0
56207, 18138, 1, 0, 0
56313, 23404, 1, 0, 0
56414, 21110, 1, 0, 0
56506, 17992, 1, 0, 0
56601, 19642, 1, 0, 0
56700, 15592, 1, 0, 0
56803, 21025, 1, 0, 0
56908, 20322, 1, 0, 0
57013, 19718, 1, 0, 0
57103, 18788, 1, 0, 0
57216, 24272, 1, 0, 0
57343, 23037, 1, 0, 0
57408, 19711, 1, 0, 0
57537, 20673, 1, 0, 0
57638, 17392, 1, 0, 0
57738, 20157, 1, 0, 0
57802, 16843, 1, 0, 0
57900, 19410, 1, 0, 0
58017, 20407, 1, 0, 0
58105, 22946, 1, 0, 0
58200, 22422, 1, 0, 0
58314, 17479, 1, 0, 0
58415, 18338, 1, 0, 0
58500, 15504, 1, 0, 0
58616, 18512, 1, 0, 0
58719, 22835, 1, 0, 0
58801, 22486, 1, 0, 0
58922, 20790, 1, 0, 0
59014, 16288, 1, 0, 0
59109, 21803, 1, 0, 0
59219, 20870, 1, 0, 0
59302, 23544, 1, 0, 0
59402, 18181, 1, 0, 0
59500, 23288, 1, 0, 0
59617, 16507, 1, 0, 0
59717, 20037, 1, 0, 0
59836, 44505, 1, 0, 0
59954, 19444, 1, 0, 0
60022, 27731, 1, 0, 0
60135, 23835, 1, 0, 0
60252, 19441, 1, 0, 0
60316, 14686, 1, 0, 0
60400, 17344, 1, 0, 0
60519, 14689, 1, 0, 0
60609, 23174, 1, 0, 0
60706, 22704, 1, 0, 0
60809, 19955, 1, 0, 0
60906, 16263, 1, 0, 0
61000, 15561, 1, 0, 0
61111, 19755, 1, 0, 0
61209, 20396, 1, 0, 0
61305, 18516, 1, 0, 0
61404, 21942, 1, 0, 0
61514, 22613, 1, 0, 0
61601, 19532, 1, 0, 0
61715, 24276, 1, 0, 0
61809, 18671, 1, 0, 0
61902, 22174, 1, 0, 0
62005, 17407, 1, 0, 0
62103, 18207, 1, 0, 0
62220, 18608, 1, 0, 0
62312, 20303, 1, 0, 0
62434, 19055, 1, 0, 0
62554, 17520, 1, 0, 0
62622, 20003, 1, 0, 0
62740, 21636, 1, 0, 0
62856, 19325, 1, 0, 0
62906, 20629, 1, 0, 0
63008, 22206, 1, 0, 0
63105, 21452, 1, 0, 0
63211, 22490, 1, 0, 0
63301, 17832, 1, 0, 0
63404, 19538, 1, 0, 0
63500, 22522, 1, 0, 0
63600, 18405, 1, 0, 0
63707, 17771, 1, 0, 0
63807, 18208, 1, 0, 0
63909, 21659, 1, 0, 0
64014, 21723, 1, 0, 0
64117, 16739, 1, 0, 0
64216, 16445, 1, 0, 0
64309, 18517, 1, 0, 0
64406, 17081, 1, 0, 0
64503, 20741, 1, 0, 0
64606, 16695, 1, 0, 0
64719, 19526, 1, 0, 0
64810, 15690, 1, 0, 0
64906, 18178, 1, 0, 0
65026, 22003, 1, 0, 0
65135, 22111, 1, 0, 0
65259, 19488, 1, 0, 0
65317, 14654, 1, 0, 0
65440, 17595, 1, 0, 0
65506, 14818, 1, 0, 0
65607, 19947, 1, 0, 0
65700, 24038, 1, 0, 0
65813, 21332, 1, 0, 0
65911, 24094, 1, 0, 0
66014, 13758, 1, 0, 0
66111, 13943, 1, 0, 0
66215, 20014, 1, 0, 0
66319, 17514, 1, 0, 0
66408, 17441, 1, 0, 0
66511, 20098, 1, 0, 0
66601, 20342, 1, 0, 0
66702, 19846, 1, 0, 0
66810, 19922, 1, 0, 0
66904, 20604, 1, 0, 0
67021, 20808, 1, 0, 0
67110, 19409, 1, 0, 0
67204, 18299, 1, 0, 0
67313, 17697, 1, 0, 0
67408, 16424, 1, 0, 0
67530, 20992, 1, 0, 0
67653, 19742, 1, 0, 0
67707, 16079, 1, 0, 0
67832, 20845, 1, 0, 0
67944, 19542, 1, 0, 0
68046, 17033, 1, 0, 0
68116, 15712, 1, 0, 0
68221, 16968, 1, 0, 0
68313, 15904, 1, 0, 0
68412, 17524, 1, 0, 0
68513, 17340, 1, 0, 0
68605, 17136, 1, 0, 0
68706, 21016, 1, 0, 0
68812, 19430, 1, 0, 0
68910, 16187, 1, 0, 0
69000, 21393, 1, 0, 0
69122, 20105, 1, 0, 0
69200, 19187, 1, 0, 0
69304, 22797, 1, 0, 0
69417, 18673, 1, 0, 0
69501, 24759, 1, 0, 0
69601, 18352, 1, 0, 0
69716, 21624, 1, 0, 0
69817, 16852, 1, 0, 0
69915, 20223, 1, 0, 0
70050, 18153, 1, 0, 0
70111, 24121, 1, 0, 0
70228, 15303, 1, 0, 0
70349, 24567, 1, 0, 0
70402, 21491, 1, 0, 0
70523, 21027, 1, 0, 0
70619, 20980, 1, 0, 0
70711, 22758, 1, 0, 0
70821, 22297, 1, 0, 0
70916, 21396, 1, 0, 0
71019, 22048, 1, 0, 0
71119, 20565, 1, 0, 0
71216, 18140, 1, 0, 0
71300, 16382, 1, 0, 0
71420, 25004, 1, 0, 0
71513, 16216, 1, 0, 0
71615, 17850, 1, 0, 0
71720, 20068, 1, 0, 0
71822, 16211, 1, 0, 0
71916, 21417, 1, 0, 0
72009, 16307, 1, 0, 0
72105, 21974, 1, 0, 0
72211, 18453, 1, 0, 0
72303, 22379, 1, 0, 0
72416, 23648, 1, 0, 0
72507, 20959, 1, 0, 0
72615, 19957, 1, 0, 0
72751, 16962, 1, 0, 0
72807, 20751, 1, 0, 0
72924, 21795, 1, 0, 0
73051, 19770, 1, 0, 0
73116, 20149, 1, 0, 0
73240, 17672, 1, 0, 0
73305, 16654, 1, 0, 0
73414, 14329, 1, 0, 0
73512, 16527, 1, 0, 0
73609, 18376, 1, 0, 0
73708, 17933, 1, 0, 0
73816, 21254, 1, 0, 0
73909, 20310, 1, 0, 0
74006, 18756, 1, 0, 0
74119, 23517, 1, 0, 0
74216, 20455, 1, 0, 0
74309, 14139, 1, 0, 0
74401, 22402, 1, 0, 0
74517, 22277, 1, 0, 0
74612, 14386, 1, 0, 0
74716, 16121, 1, 0, 0
74809, 19478, 1, 0, 0
74902, 23104, 1, 0, 0
75001, 21513, 1, 0, 0
75108, 18163, 1, 0, 0
75242, 14062, 1, 0, 0
75357, 23398, 1, 0, 0
75414, 23813, 1, 0, 0
75537, 22228, 1, 0, 0
75602, 23778, 1, 0, 0
75717, 20858, 1, 0, 0
75804, 15528, 1, 0, 0
75909, 23283, 1, 0, 0
76015, 16719, 1, 0, 0
76100, 18473, 1, 0, 0
76220, 19415, 1, 0, 0
76308, 18324, 1, 0, 0
76403, 25153, 1, 0, 0
76518, 15235, 1, 0, 0
76618, 16637, 1, 0, 0
76700, 14588, 1, 0, 0
76806, 17318, 1, 0, 0
76913, 14496, 1, 0, 0
77013, 21335, 1, 0, 0
77103, 17916, 1, 0, 0
77212, 17733, 1, 0, 0
77309, 17827, 1, 0, 0
77400, 19009, 1, 0, 0
77515, 16452, 1, 0, 0
77609, 15576, 1, 0, 0
77743, 13234, 1, 0, 0
77804, 17416, 1, 0, 0
77920, 14795, 1, 0, 0
78046, 14227, 1, 0, 0
78109, 19921, 1, 0, 0
78227, 21302, 1, 0, 0
78347, 18435, 1, 0, 0
78420, 20025, 1, 0, 0
78503, 17812, 1, 0, 0
78620, 18420, 1, 0, 0
78713, 16177, 1, 0, 0
78817, 16495, 1, 0, 0
78915, 22361, 1, 0, 0
79009, 22680, 1, 0, 0
79100, 21867, 1, 0, 0
79217, 22180, 1, 0, 0
79304, 19643, 1, 0, 0
79403, 17808, 1, 0, 0
79520, 21048, 1, 0, 0
79604, 18809, 1, 0, 0
79707, 18975, 1, 0, 0
79814, 16177, 1, 0, 0
79915, 23849, 1, 0, 0
80003, 19623, 1, 0, 0
80112, 20726, 1, 0, 0
80204, 20099, 1, 0, 0
80331, 20111, 1, 0, 0
80442, 18741, 1, 0, 0
80507, 18837, 1, 0, 0
80620, 17071, 1, 0, 0
80736, 21049, 1, 0, 0
80861, 21941, 1, 0, 0
80910, 26033, 1, 0, 0
81013, 15999, 1, 0, 0
81120, 18396, 1, 0, 0
81208, 17301, 1, 0, 0
81319, 20163, 1, 0, 0
81411, 22081, 1, 0, 0
81516, 23410, 1, 0, 0
81615, 20274, 1, 0, 0
81721, 21680, 1, 0, 0
81810, 21937, 1, 0, 0
81917, 15276, 1, 0, 0
82006, 17120, 1, 0, 0
82102, 17821, 1, 0, 0
82225, 18614, 1, 0, 0
82301, 17967, 1, 0, 0
82419, 19033, 1, 0, 0
82518, 21682, 1, 0, 0
82613, 22520, 1, 0, 0
82712, 15575, 1, 0, 0
82817, 19613, 1, 0, 0
82909, 15974, 1, 0, 0
83058, 30016, 1, 0, 0
83112, 26294, 1, 0, 0
83235, 23281, 1, 0, 0
83352, 20296, 1, 0, 0
83427, 23399, 1, 0, 0
83524, 21908, 1, 0, 0
83605, 23449, 1, 0, 0
83717, 23123, 1, 0, 0
83800, 25368, 1, 0, 0
83903, 20492, 1, 0, 0
84006, 21734, 1, 0, 0
84121, 24043, 1, 0, 0
84215, 20490, 1, 0, 0
84323, 22676, 1, 0, 0
84421, 22112, 1, 0, 0
84504, 19128, 1, 0, 0
84600, 16113, 1, 0, 0
84718, 22209, 1, 0, 0
84807, 24228, 1, 0, 0
84904, 22881, 1, 0, 0
85017, 24747, 1, 0, 0
85102, 23924, 1, 0, 0
85217, 20130, 1, 0, 0
85304, 16647, 1, 0, 0
85400, 17146, 1, 0, 0
85513, 35103, 1, 0, 0
85644, 18991, 1, 0, 0
85702, 24673, 1, 0, 0
85823, 27110, 1, 0, 0
85954, 17776, 1, 0, 0
86021, 21404, 1, 0, 0
86111, 14545, 1, 0, 0
86206, 17490, 1, 0, 0
86304, 16590, 1, 0, 0
86407, 23961, 1, 0, 0
86507, 18875, 1, 0, 0
86614, 21850, 1, 0, 0
86713, 20823, 1, 0, 0
86805, 23156, 1, 0, 0
86912, 22379, 1, 0, 0
87007, 19418, 1, 0, 0
87117, 17509, 1, 0, 0
87210, 24394, 1, 0, 0
87302, 20342, 1, 0, 0
87402, 19306, 1, 0, 0
87512, 21690, 1, 0, 0
87600, 23881, 1, 0, 0
87704, 21201, 1, 0, 0
87808, 21462, 1, 0, 0
87916, 22466, 1, 0, 0
88000, 20060, 1, 0, 0
88148, 19592, 1, 0, 0
88205, 20558, 1, 0, 0
88322, 20131, 1, 0, 0
88451, 15104, 1, 0, 0
88505, 25428, 1, 0, 0
88612, 25551, 1, 0, 0
88724, 21936, 1, 0, 0
88802, 17646, 1, 0, 0
88909, 24914, 1, 0, 0
89004, 20225, 1, 0, 0
89103, 16954, 1, 0, 0
89210, 24808, 1, 0, 0
89301, 21386, 1, 0, 0
89418, 23372, 1, 0, 0
89511, 22497, 1, 0, 0
89600, 19854, 1, 0, 0
89716, 19351, 1, 0, 0
89816, 24053, 1, 0, 0
89922, 26377, 1, 0, 0
90030, 23822, 1, 0, 0
