116, 40395835, 1, 0, 0
221, 31770142, 1, 0, 0
315, 42418507, 1, 0, 0
400, 39880898, 1, 0, 0
502, 37293433, 1, 0, 0
620, 43282505, 1, 0, 0
701, 39095832, 1, 0, 0
805, 33080581, 1, 0, 0
905, 43070358, 1, 0, 0
1003, 32649326, 1, 0, 0
1105, 39049362, 1, 0, 0
1208, 37431838, 1, 0, 0
1316, 42160081, 1, 0, 0
1408, 37032291, 1, 0, 0
1509, 41690861, 1, 0, 0
1622, 39074330, 1, 0, 0
1707, 38698646, 1, 0, 0
1807, 32368619, 1, 0, 0
1917, 44364993, 1, 0, 0
2033, 95876505, 1, 0, 0
2162, 118217078, 1, 0, 0
2218, 124427327, 1, 0, 0
2345, 121027660, 1, 0, 0
2418, 106601273, 1, 0, 0
2538, 86706287, 1, 0, 0
2612, 69645375, 1, 0, 0
2710, 26841288, 1, 0, 0
2800, 38056503, 1, 0, 0
2912, 45531305, 1, 0, 0
3011, 36431046, 1, 0, 0
3103, 39537350, 1, 0, 0
3201, 35561699, 1, 0, 0
3315, 34828339, 1, 0, 0
3419, 35076546, 1, 0, 0
3510, 35970269, 1, 0, 0
3605, 36607746, 1, 0, 0
3709, 37871117, 1, 0, 0
3802, 36500424, 1, 0, 0
3907, 32925518, 1, 0, 0
4005, 37092690, 1, 0, 0
4115, 40932400, 1, 0, 0
4214, 27589441, 1, 0, 0
4301, 35204434, 1, 0, 0
4443, 45258220, 1, 0, 0
4562, 108661249, 1, 0, 0
4626, 114567406, 1, 0, 0
4750, 123329368, 1, 0, 0
4817, 121811614, 1, 0, 0
4945, 107937504, 1, 0, 0
5011, 73528976, 1, 0, 0
5106, 56576400, 1, 0, 0
5202, 45840525, 1, 0, 0
5314, 37006225, 1, 0, 0
5401, 42392890, 1, 0, 0
5505, 36229161, 1, 0, 0
5615, 35605288, 1, 0, 0
5702, 43957545, 1, 0, 0
5807, 33039225, 1, 0, 0
5921, 39224386, 1, 0, 0
6006, 43573454, 1, 0, 0
6120, 35637571, 1, 0, 0
6203, 35579853, 1, 0, 0
6305, 32666713, 1, 0, 0
6423, 39817067, 1, 0, 0
6508, 40440553, 1, 0, 0
6604, 36722888, 1, 0, 0
6718, 38195797, 1, 0, 0
6812, 38994973, 1, 0, 0
6900, 38579745, 1, 0, 0
7042, 71927124, 1, 0, 0
7117, 132872661, 1, 0, 0
7246, 125096411, 1, 0, 0
7305, 127599763, 1, 0, 0
7429, 81412085, 1, 0, 0
7511, 59625861, 1, 0, 0
7615, 35030748, 1, 0, 0
7717, 46057824, 1, 0, 0
7808, 44016126, 1, 0, 0
7908, 33986897, 1, 0, 0
8008, 44336306, 1, 0, 0
8100, 39359513, 1, 0, 0
8200, 38409106, 1, 0, 0
8318, 37299244, 1, 0, 0
8413, 40149993, 1, 0, 0
8508, 33890809, 1, 0, 0
8608, 38729061, 1, 0, 0
8711, 38570215, 1, 0, 0
8801, 43485184, 1, 0, 0
8908, 39300082, 1, 0, 0
9014, 39052287, 1, 0, 0
9122, 43098082, 1, 0, 0
9206, 42470731, 1, 0, 0
9321, 55880654, 1, 0, 0
9416, 55307298, 1, 0, 0
9523, 53842294, 1, 0, 0
9647, 87910180, 1, 0, 0
9727, 122877391, 1, 0, 0
9803, 147329462, 1, 0, 0
9960, 137515529, 1, 0, 0
10030, 137763912, 1, 0, 0
10105, 92193058, 1, 0, 0
10215, 45751697, 1, 0, 0
10300, 33767297, 1, 0, 0
10409, 35109235, 1, 0, 0
10513, 45364784, 1, 0, 0
10602, 34523179, 1, 0, 0
10716, 27892047, 1, 0, 0
10801, 39413016, 1, 0, 0
10913, 43638438, 1, 0, 0
11014, 38317759, 1, 0, 0
11106, 42590639, 1, 0, 0
11207, 39757116, 1, 0, 0
11309, 44836061, 1, 0, 0
11410, 41587391, 1, 0, 0
11517, 37386277, 1, 0, 0
11613, 36694451, 1, 0, 0
11716, 49164813, 1, 0, 0
11801, 36249463, 1, 0, 0
11904, 34853627, 1, 0, 0
12020, 37831213, 1, 0, 0
12100, 38814051, 1, 0, 0
12209, 40578169, 1, 0, 0
12337, 98703287, 1, 0, 0
12410, 95682334, 1, 0, 0
12538, 131656749, 1, 0, 0
12609, 96697423, 1, 0, 0
12712, 101131976, 1, 0, 0
12802, 36030648, 1, 0, 0
12906, 36424557, 1, 0, 0
13009, 38643831, 1, 0, 0
13100, 34700244, 1, 0, 0
13205, 31951964, 1, 0, 0
13314, 31744459, 1, 0, 0
13405, 32513935, 1, 0, 0
13511, 38700243, 1, 0, 0
13602, 39821299, 1, 0, 0
13700, 37181477, 1, 0, 0
13814, 41893166, 1, 0, 0
13915, 26927541, 1, 0, 0
14000, 36951441, 1, 0, 0
14111, 39803040, 1, 0, 0
14204, 35194906, 1, 0, 0
14320, 36769121, 1, 0, 0
14408, 43172818, 1, 0, 0
14510, 35517904, 1, 0, 0
14608, 33853375, 1, 0, 0
14707, 33851380, 1, 0, 0
14817, 36684875, 1, 0, 0
14907, 27171575, 1, 0, 0
15035, 81198004, 1, 0, 0
15167, 122392799, 1, 0, 0
15227, 129366536, 1, 0, 0
15350, 125595715, 1, 0, 0
15418, 78544606, 1, 0, 0
15521, 35632196, 1, 0, 0
15614, 43196285, 1, 0, 0
15714, 40036418, 1, 0, 0
15801, 33095359, 1, 0, 0
15918, 38896625, 1, 0, 0
16011, 35424082, 1, 0, 0
16123, 33453543, 1, 0, 0
16214, 39709054, 1, 0, 0
16308, 34432358, 1, 0, 0
16413, 39599992, 1, 0, 0
16500, 38791899, 1, 0, 0
16619, 31818499, 1, 0, 0
16714, 44435623, 1, 0, 0
16810, 37332708, 1, 0, 0
16900, 30281591, 1, 0, 0
17006, 40531583, 1, 0, 0
17118, 39966367, 1, 0, 0
17204, 42748296, 1, 0, 0
17309, 33829302, 1, 0, 0
17403, 46314312, 1, 0, 0
17501, 42517307, 1, 0, 0
17619, 47444035, 1, 0, 0
17746, 121999720, 1, 0, 0
17816, 122597551, 1, 0, 0
17952, 123760144, 1, 0, 0
18011, 127327602, 1, 0, 0
18101, 73949572, 1, 0, 0
18206, 35881094, 1, 0, 0
18324, 38933417, 1, 0, 0
18411, 45507848, 1, 0, 0
18507, 37710875, 1, 0, 0
18623, 41132352, 1, 0, 0
18714, 43712038, 1, 0, 0
18809, 32363779, 1, 0, 0
18905, 39891282, 1, 0, 0
19010, 42932691, 1, 0, 0
19117, 32681295, 1, 0, 0
19214, 40097683, 1, 0, 0
19317, 34708519, 1, 0, 0
19419, 36488987, 1, 0, 0
19511, 38636337, 1, 0, 0
19613, 35882405, 1, 0, 0
19719, 40353762, 1, 0, 0
19813, 34610790, 1, 0, 0
19911, 37360146, 1, 0, 0
20010, 43290585, 1, 0, 0
20108, 36021425, 1, 0, 0
20227, 33658327, 1, 0, 0
20356, 72777001, 1, 0, 0
20419, 123323613, 1, 0, 0
20573, 132351269, 1, 0, 0
20633, 147897211, 1, 0, 0
20706, 130497816, 1, 0, 0
20804, 93720642, 1, 0, 0
20900, 36719665, 1, 0, 0
21010, 31635243, 1, 0, 0
21110, 45389117, 1, 0, 0
21212, 36797501, 1, 0, 0
21319, 38582743, 1, 0, 0
21411, 45235434, 1, 0, 0
21500, 35720106, 1, 0, 0
21601, 33826470, 1, 0, 0
21719, 42328474, 1, 0, 0
21812, 40073887, 1, 0, 0
21910, 38008866, 1, 0, 0
22002, 42036693, 1, 0, 0
22110, 42630859, 1, 0, 0
22210, 37660799, 1, 0, 0
22321, 39070225, 1, 0, 0
22403, 43070269, 1, 0, 0
22515, 39806401, 1, 0, 0
22614, 31157315, 1, 0, 0
22722, 36403378, 1, 0, 0
22803, 42317404, 1, 0, 0
22902, 33953341, 1, 0, 0
23024, 57128449, 1, 0, 0
23149, 118038796, 1, 0, 0
23218, 121228887, 1, 0, 0
23335, 129951821, 1, 0, 0
23401, 73191834, 1, 0, 0
23529, 78502459, 1, 0, 0
23623, 79783585, 1, 0, 0
23702, 56854976, 1, 0, 0
23803, 29788618, 1, 0, 0
23921, 42110568, 1, 0, 0
24001, 40035227, 1, 0, 0
24104, 36511840, 1, 0, 0
24203, 41959851, 1, 0, 0
24300, 40058230, 1, 0, 0
24417, 37792625, 1, 0, 0
24517, 43579319, 1, 0, 0
24614, 41378888, 1, 0, 0
24708, 31247758, 1, 0, 0
24808, 30856975, 1, 0, 0
24914, 32800757, 1, 0, 0
25008, 44543781, 1, 0, 0
25104, 35715317, 1, 0, 0
25220, 41052973, 1, 0, 0
25311, 44081531, 1, 0, 0
25412, 37438748, 1, 0, 0
25542, 41891307, 1, 0, 0
25603, 93890167, 1, 0, 0
25730, 122678519, 1, 0, 0
25858, 118871542, 1, 0, 0
25922, 122369261, 1, 0, 0
26039, 110676340, 1, 0, 0
26147, 104982549, 1, 0, 0
26210, 63931375, 1, 0, 0
26312, 37161398, 1, 0, 0
26417, 35914981, 1, 0, 0
26504, 38794336, 1, 0, 0
26620, 32367129, 1, 0, 0
26721, 44086868, 1, 0, 0
26810, 40433569, 1, 0, 0
26904, 37621311, 1, 0, 0
27017, 40281042, 1, 0, 0
27114, 40048700, 1, 0, 0
27207, 31629376, 1, 0, 0
27317, 40812458, 1, 0, 0
27405, 37229545, 1, 0, 0
27504, 38973882, 1, 0, 0
27600, 30172635, 1, 0, 0
27714, 36125947, 1, 0, 0
27813, 37117400, 1, 0, 0
27914, 34970559, 1, 0, 0
28004, 34771857, 1, 0, 0
28157, 64088705, 1, 0, 0
28210, 80687812, 1, 0, 0
28346, 117713661, 1, 0, 0
28417, 128118150, 1, 0, 0
28546, 132095219, 1, 0, 0
28622, 128277657, 1, 0, 0
28713, 107117770, 1, 0, 0
28814, 32136960, 1, 0, 0
28906, 35133877, 1, 0, 0
29005, 39226022, 1, 0, 0
29102, 36770452, 1, 0, 0
29200, 42311848, 1, 0, 0
29317, 40194326, 1, 0, 0
29404, 35759691, 1, 0, 0
29524, 34985469, 1, 0, 0
29606, 39760590, 1, 0, 0
29708, 32423710, 1, 0, 0
29819, 35097546, 1, 0, 0
29917, 32876047, 1, 0, 0
30004, 38715809, 1, 0, 0
30113, 34097897, 1, 0, 0
30216, 36944198, 1, 0, 0
30309, 40155115, 1, 0, 0
30407, 37608912, 1, 0, 0
30519, 42525426, 1, 0, 0
30617, 33700973, 1, 0, 0
30733, 46091744, 1, 0, 0
30805, 78878246, 1, 0, 0
30940, 97701772, 1, 0, 0
31066, 127428501, 1, 0, 0
31139, 123980007, 1, 0, 0
31219, 89965231, 1, 0, 0
31311, 40902718, 1, 0, 0
31416, 41157263, 1, 0, 0
31504, 31269748, 1, 0, 0
31608, 36723203, 1, 0, 0
31718, 41468972, 1, 0, 0
31807, 40892313, 1, 0, 0
31908, 40123142, 1, 0, 0
32015, 36185402, 1, 0, 0
32116, 28967938, 1, 0, 0
32200, 41577492, 1, 0, 0
32302, 32482291, 1, 0, 0
32413, 41618551, 1, 0, 0
32508, 36380718, 1, 0, 0
32612, 29999101, 1, 0, 0
32704, 45687760, 1, 0, 0
32808, 35588998, 1, 0, 0
32918, 39174790, 1, 0, 0
33006, 43290990, 1, 0, 0
33107, 34087126, 1, 0, 0
33222, 42196090, 1, 0, 0
33300, 39855110, 1, 0, 0
33417, 41569193, 1, 0, 0
33552, 106935426, 1, 0, 0
33609, 127102927, 1, 0, 0
33751, 125321310, 1, 0, 0
33818, 108778402, 1, 0, 0
33922, 131660584, 1, 0, 0
34015, 30891994, 1, 0, 0
34113, 36709441, 1, 0, 0
34202, 42628336, 1, 0, 0
34318, 33160986, 1, 0, 0
34403, 32385365, 1, 0, 0
34512, 35443899, 1, 0, 0
34610, 31173697, 1, 0, 0
34705, 35270315, 1, 0, 0
34815, 41695884, 1, 0, 0
34910, 37073689, 1, 0, 0
35006, 33887540, 1, 0, 0
35123, 38394296, 1, 0, 0
35203, 38229023, 1, 0, 0
35313, 48201211, 1, 0, 0
35408, 32635513, 1, 0, 0
35517, 36138299, 1, 0, 0
35611, 40082308, 1, 0, 0
35700, 40215097, 1, 0, 0
35814, 41987954, 1, 0, 0
35910, 40375320, 1, 0, 0
36009, 31051321, 1, 0, 0
36105, 41264551, 1, 0, 0
36233, 89059858, 1, 0, 0
36371, 128222194, 1, 0, 0
36428, 123580917, 1, 0, 0
36526, 116906839, 1, 0, 0
36622, 56589217, 1, 0, 0
36705, 48973703, 1, 0, 0
36817, 36458158, 1, 0, 0
36925, 41066453, 1, 0, 0
37005, 39130899, 1, 0, 0
37115, 40532938, 1, 0, 0
37201, 36129389, 1, 0, 0
37313, 34125419, 1, 0, 0
37417, 37975471, 1, 0, 0
37519, 36507231, 1, 0, 0
37615, 36490837, 1, 0, 0
37715, 41319918, 1, 0, 0
37813, 29463549, 1, 0, 0
37906, 30043374, 1, 0, 0
38012, 43920273, 1, 0, 0
38118, 34214980, 1, 0, 0
38208, 46149510, 1, 0, 0
38310, 37455745, 1, 0, 0
38414, 34177620, 1, 0, 0
38503, 41046335, 1, 0, 0
38618, 37723362, 1, 0, 0
38707, 42783797, 1, 0, 0
38843, 53378670, 1, 0, 0
38914, 64022391, 1, 0, 0
39030, 89029203, 1, 0, 0
39165, 116457040, 1, 0, 0
39235, 131968642, 1, 0, 0
39327, 107549727, 1, 0, 0
39417, 53842235, 1, 0, 0
39514, 37490817, 1, 0, 0
39605, 34810569, 1, 0, 0
39706, 38013261, 1, 0, 0
39810, 37868107, 1, 0, 0
39913, 34779387, 1, 0, 0
40011, 46213363, 1, 0, 0
40107, 35276014, 1, 0, 0
40200, 41179769, 1, 0, 0
40317, 31138709, 1, 0, 0
40412, 32034119, 1, 0, 0
40500, 36609840, 1, 0, 0
40608, 48277667, 1, 0, 0
40709, 44748197, 1, 0, 0
40817, 38851279, 1, 0, 0
40911, 39399039, 1, 0, 0
41022, 37420482, 1, 0, 0
41115, 44831382, 1, 0, 0
41214, 40670482, 1, 0, 0
41316, 35321181, 1, 0, 0
41420, 44237386, 1, 0, 0
41544, 63846231, 1, 0, 0
41605, 122654780, 1, 0, 0
41722, 105851008, 1, 0, 0
41852, 111801630, 1, 0, 0
41912, 111042061, 1, 0, 0
42012, 105990181, 1, 0, 0
42100, 36536392, 1, 0, 0
42207, 38562208, 1, 0, 0
42308, 32908453, 1, 0, 0
42403, 33426820, 1, 0, 0
42517, 37043156, 1, 0, 0
42602, 28891068, 1, 0, 0
42726, 43148510, 1, 0, 0
42813, 45991919, 1, 0, 0
42914, 37241836, 1, 0, 0
43002, 44119653, 1, 0, 0
43102, 35032858, 1, 0, 0
43201, 42538188, 1, 0, 0
43303, 35774450, 1, 0, 0
43412, 39151336, 1, 0, 0
43504, 48018937, 1, 0, 0
43603, 36433947, 1, 0, 0
43716, 38344808, 1, 0, 0
43802, 43909047, 1, 0, 0
43901, 36517638, 1, 0, 0
44018, 33715638, 1, 0, 0
44145, 36951200, 1, 0, 0
44207, 69915672, 1, 0, 0
44314, 107460614, 1, 0, 0
44445, 98725924, 1, 0, 0
44508, 126173280, 1, 0, 0
44636, 106486323, 1, 0, 0
44749, 85614269, 1, 0, 0
44810, 77494896, 1, 0, 0
44906, 35440241, 1, 0, 0
45021, 37931594, 1, 0, 0
45104, 40138091, 1, 0, 0
45212, 38435851, 1, 0, 0
45308, 38800403, 1, 0, 0
45420, 35030143, 1, 0, 0
45512, 38452131, 1, 0, 0
45613, 47725066, 1, 0, 0
45715, 36504041, 1, 0, 0
45803, 39064319, 1, 0, 0
45901, 45587781, 1, 0, 0
46019, 37837741, 1, 0, 0
46112, 44908261, 1, 0, 0
46200, 30201080, 1, 0, 0
46318, 34392019, 1, 0, 0
46411, 40479001, 1, 0, 0
46503, 38589749, 1, 0, 0
46619, 30480099, 1, 0, 0
46721, 37974311, 1, 0, 0
46820, 81653908, 1, 0, 0
46904, 79298138, 1, 0, 0
47036, 104760746, 1, 0, 0
47154, 103744588, 1, 0, 0
47216, 113306299, 1, 0, 0
47333, 102242446, 1, 0, 0
47404, 50415442, 1, 0, 0
47509, 42354211, 1, 0, 0
47615, 36329304, 1, 0, 0
47715, 40929052, 1, 0, 0
47804, 30484651, 1, 0, 0
47914, 40240871, 1, 0, 0
48010, 35082107, 1, 0, 0
48118, 30797399, 1, 0, 0
48204, 43493167, 1, 0, 0
48304, 29925041, 1, 0, 0
48420, 36400311, 1, 0, 0
48523, 47082597, 1, 0, 0
48617, 34236857, 1, 0, 0
48704, 30580177, 1, 0, 0
48815, 31261323, 1, 0, 0
48913, 36113512, 1, 0, 0
49012, 32759531, 1, 0, 0
49101, 26119630, 1, 0, 0
49210, 41624312, 1, 0, 0
49304, 31132891, 1, 0, 0
49401, 41608089, 1, 0, 0
49515, 101139013, 1, 0, 0
49640, 98838336, 1, 0, 0
49704, 68289529, 1, 0, 0
49818, 113107427, 1, 0, 0
49919, 105297446, 1, 0, 0
50004, 61423304, 1, 0, 0
50117, 40339865, 1, 0, 0
50201, 40110410, 1, 0, 0
50319, 36817396, 1, 0, 0
50409, 41816998, 1, 0, 0
50507, 39655316, 1, 0, 0
50601, 42670513, 1, 0, 0
50718, 37270060, 1, 0, 0
50810, 38958658, 1, 0, 0
50900, 42602874, 1, 0, 0
51013, 33394576, 1, 0, 0
51108, 37335597, 1, 0, 0
51205, 35028961, 1, 0, 0
51314, 38242701, 1, 0, 0
51411, 37282648, 1, 0, 0
51501, 37012522, 1, 0, 0
51604, 38463140, 1, 0, 0
51708, 35850061, 1, 0, 0
51803, 32411923, 1, 0, 0
51908, 38759989, 1, 0, 0
52018, 100579695, 1, 0, 0
52142, 81566955, 1, 0, 0
52207, 117797118, 1, 0, 0
52323, 108415405, 1, 0, 0
52418, 99038633, 1, 0, 0
52517, 91866084, 1, 0, 0
52609, 70576141, 1, 0, 0
52703, 45136021, 1, 0, 0
52801, 35639191, 1, 0, 0
52910, 37305952, 1, 0, 0
53009, 40028390, 1, 0, 0
53118, 39097351, 1, 0, 0
53206, 44921424, 1, 0, 0
53310, 26382357, 1, 0, 0
53410, 38499438, 1, 0, 0
53506, 35855544, 1, 0, 0
53609, 42108938, 1, 0, 0
53714, 33708747, 1, 0, 0
53805, 41250728, 1, 0, 0
53907, 38490428, 1, 0, 0
54006, 29084293, 1, 0, 0
54119, 38581563, 1, 0, 0
54217, 37084659, 1, 0, 0
54301, 38401214, 1, 0, 0
54418, 39439704, 1, 0, 0
54535, 47090577, 1, 0, 0
54645, 89261615, 1, 0, 0
54709, 104544326, 1, 0, 0
54836, 116346479, 1, 0, 0
54955, 121604152, 1, 0, 0
55051, 91035468, 1, 0, 0
55150, 91305481, 1, 0, 0
55206, 61601467, 1, 0, 0
55317, 37743694, 1, 0, 0
55411, 44493831, 1, 0, 0
55508, 36192849, 1, 0, 0
55620, 39836145, 1, 0, 0
55715, 34998553, 1, 0, 0
55805, 39693832, 1, 0, 0
55913, 41434066, 1, 0, 0
56012, 37436017, 1, 0, 0
56106, 44247274, 1, 0, 0
56204, 38132146, 1, 0, 0
56314, 34611110, 1, 0, 0
56415, 43799834, 1, 0, 0
56500, 34815069, 1, 0, 0
56602, 34145957, 1, 0, 0
56717, 42842737, 1, 0, 0
56818, 28220268, 1, 0, 0
56904, 36170241, 1, 0, 0
57013, 35121896, 1, 0, 0
57138, 41379630, 1, 0, 0
57259, 95141783, 1, 0, 0
57320, 119479752, 1, 0, 0
57435, 120791632, 1, 0, 0
57513, 102675708, 1, 0, 0
57614, 113149841, 1, 0, 0
57715, 90954077, 1, 0, 0
57816, 72479714, 1, 0, 0
57922, 38543424, 1, 0, 0
58016, 42343650, 1, 0, 0
58100, 32538922, 1, 0, 0
58221, 35427180, 1, 0, 0
58311, 41106290, 1, 0, 0
58410, 36983289, 1, 0, 0
58500, 38737245, 1, 0, 0
58611, 44398468, 1, 0, 0
58714, 39549330, 1, 0, 0
58808, 40138143, 1, 0, 0
58922, 41005294, 1, 0, 0
59009, 44181157, 1, 0, 0
59105, 34996272, 1, 0, 0
59219, 42532272, 1, 0, 0
59314, 39144215, 1, 0, 0
59401, 39151368, 1, 0, 0
59518, 43450337, 1, 0, 0
59615, 33766012, 1, 0, 0
59749, 38440785, 1, 0, 0
59812, 79423100, 1, 0, 0
59931, 118962239, 1, 0, 0
60052, 87052843, 1, 0, 0
60112, 113815428, 1, 0, 0
60229, 108172382, 1, 0, 0
60333, 89162171, 1, 0, 0
60415, 40726286, 1, 0, 0
60518, 38486822, 1, 0, 0
60607, 42242003, 1, 0, 0
60703, 45458390, 1, 0, 0
60804, 40054302, 1, 0, 0
60905, 29889938, 1, 0, 0
61024, 38328518, 1, 0, 0
61107, 44380261, 1, 0, 0
61209, 37651210, 1, 0, 0
61302, 41866538, 1, 0, 0
61400, 37246466, 1, 0, 0
61514, 36439188, 1, 0, 0
61615, 38109646, 1, 0, 0
61714, 28396734, 1, 0, 0
61809, 39837864, 1, 0, 0
61900, 43439638, 1, 0, 0
62018, 35304210, 1, 0, 0
62101, 30674637, 1, 0, 0
62233, 44847122, 1, 0, 0
62356, 67748471, 1, 0, 0
62411, 120243605, 1, 0, 0
62530, 67184520, 1, 0, 0
62653, 99549336, 1, 0, 0
62716, 118372240, 1, 0, 0
62832, 111775377, 1, 0, 0
62917, 98175414, 1, 0, 0
63006, 51467053, 1, 0, 0
63100, 32903833, 1, 0, 0
63206, 34094148, 1, 0, 0
63321, 28190791, 1, 0, 0
63404, 33236512, 1, 0, 0
63516, 40036516, 1, 0, 0
63615, 30443669, 1, 0, 0
63708, 42180927, 1, 0, 0
63808, 38407172, 1, 0, 0
63903, 39359060, 1, 0, 0
64016, 40321550, 1, 0, 0
64113, 38463753, 1, 0, 0
64217, 32809090, 1, 0, 0
64307, 41140119, 1, 0, 0
64403, 36297193, 1, 0, 0
64501, 42174290, 1, 0, 0
64608, 37722222, 1, 0, 0
64718, 35180977, 1, 0, 0
64825, 44594845, 1, 0, 0
64938, 69005470, 1, 0, 0
65002, 110716325, 1, 0, 0
65112, 111255662, 1, 0, 0
65236, 104584468, 1, 0, 0
65360, 119764931, 1, 0, 0
65416, 102768177, 1, 0, 0
65518, 107660336, 1, 0, 0
65606, 48730033, 1, 0, 0
65700, 31528992, 1, 0, 0
65808, 39670367, 1, 0, 0
65906, 37530392, 1, 0, 0
66012, 35922882, 1, 0, 0
66112, 32456633, 1, 0, 0
66201, 36133722, 1, 0, 0
66302, 34857594, 1, 0, 0
66408, 37860728, 1, 0, 0
66510, 32381504, 1, 0, 0
66602, 41515267, 1, 0, 0
66718, 36839688, 1, 0, 0
66808, 36376191, 1, 0, 0
66917, 42446113, 1, 0, 0
67019, 38130202, 1, 0, 0
67104, 42323547, 1, 0, 0
67201, 31024140, 1, 0, 0
67316, 31839383, 1, 0, 0
67447, 39030235, 1, 0, 0
67505, 63858178, 1, 0, 0
67628, 59908226, 1, 0, 0
67752, 117470883, 1, 0, 0
67809, 120326206, 1, 0, 0
67921, 115135545, 1, 0, 0
68023, 98638894, 1, 0, 0
68111, 99945487, 1, 0, 0
68221, 35461896, 1, 0, 0
68311, 42751760, 1, 0, 0
68409, 38294890, 1, 0, 0
68515, 33409822, 1, 0, 0
68603, 42667777, 1, 0, 0
68707, 45360214, 1, 0, 0
68808, 39978744, 1, 0, 0
68907, 35898848, 1, 0, 0
69025, 42805407, 1, 0, 0
69119, 42285205, 1, 0, 0
69204, 33770488, 1, 0, 0
69301, 39941583, 1, 0, 0
69416, 43058817, 1, 0, 0
69517, 34572104, 1, 0, 0
69600, 37926728, 1, 0, 0
69715, 41911579, 1, 0, 0
69811, 37124160, 1, 0, 0
69914, 30681794, 1, 0, 0
70026, 42524857, 1, 0, 0
70139, 89043940, 1, 0, 0
70204, 97731163, 1, 0, 0
70325, 84733817, 1, 0, 0
70440, 114603434, 1, 0, 0
70500, 112931810, 1, 0, 0
70640, 84072677, 1, 0, 0
70709, 53035940, 1, 0, 0
70821, 30628426, 1, 0, 0
70913, 45982124, 1, 0, 0
71014, 36149174, 1, 0, 0
71118, 37848557, 1, 0, 0
71216, 41660155, 1, 0, 0
71313, 33593297, 1, 0, 0
71420, 38005629, 1, 0, 0
71513, 46665161, 1, 0, 0
71610, 34865393, 1, 0, 0
71720, 37175750, 1, 0, 0
71820, 45283541, 1, 0, 0
71914, 42310165, 1, 0, 0
72002, 39946199, 1, 0, 0
72100, 39095402, 1, 0, 0
72211, 35224687, 1, 0, 0
72316, 43124279, 1, 0, 0
72413, 34719750, 1, 0, 0
72501, 36596197, 1, 0, 0
72645, 59239243, 1, 0, 0
72700, 90495051, 1, 0, 0
72848, 110002165, 1, 0, 0
72900, 102984872, 1, 0, 0
73027, 114565708, 1, 0, 0
73149, 95660309, 1, 0, 0
73216, 119247354, 1, 0, 0
73306, 56127682, 1, 0, 0
73409, 32808174, 1, 0, 0
73511, 34942721, 1, 0, 0
73607, 45588733, 1, 0, 0
73703, 39010484, 1, 0, 0
73816, 28123304, 1, 0, 0
73905, 44400787, 1, 0, 0
74002, 36061428, 1, 0, 0
74116, 39574705, 1, 0, 0
74213, 34356383, 1, 0, 0
74307, 40437690, 1, 0, 0
74402, 33119415, 1, 0, 0
74515, 38268241, 1, 0, 0
74608, 34043319, 1, 0, 0
74715, 37808821, 1, 0, 0
74809, 37411607, 1, 0, 0
74917, 41206398, 1, 0, 0
75014, 26556746, 1, 0, 0
75162, 35001782, 1, 0, 0
75218, 96121383, 1, 0, 0
75334, 126009224, 1, 0, 0
75458, 112853277, 1, 0, 0
75513, 122589660, 1, 0, 0
75631, 99748109, 1, 0, 0
75739, 96747405, 1, 0, 0
75804, 51011914, 1, 0, 0
75917, 37899773, 1, 0, 0
76011, 33621821, 1, 0, 0
76101, 37885326, 1, 0, 0
76219, 36886828, 1, 0, 0
76304, 38838601, 1, 0, 0
76401, 27422720, 1, 0, 0
76518, 42073653, 1, 0, 0
76613, 36308042, 1, 0, 0
76715, 39159483, 1, 0, 0
76808, 36244028, 1, 0, 0
76914, 40454230, 1, 0, 0
77010, 31910567, 1, 0, 0
77103, 42897651, 1, 0, 0
77208, 41712556, 1, 0, 0
77307, 31343333, 1, 0, 0
77417, 42841803, 1, 0, 0
77502, 36399945, 1, 0, 0
77604, 40019616, 1, 0, 0
77720, 40797865, 1, 0, 0
77841, 106327692, 1, 0, 0
77969, 105086275, 1, 0, 0
78023, 90726293, 1, 0, 0
78142, 110875614, 1, 0, 0
78204, 110911813, 1, 0, 0
78324, 114177564, 1, 0, 0
78412, 75350820, 1, 0, 0
78514, 35303413, 1, 0, 0
78618, 35720234, 1, 0, 0
78711, 42023153, 1, 0, 0
78811, 32956170, 1, 0, 0
78913, 32513901, 1, 0, 0
79006, 43563202, 1, 0, 0
79115, 44080411, 1, 0, 0
79218, 33902896, 1, 0, 0
79300, 36744731, 1, 0, 0
79403, 34295944, 1, 0, 0
79517, 43812491, 1, 0, 0
79618, 37283103, 1, 0, 0
79708, 34332678, 1, 0, 0
79810, 34739678, 1, 0, 0
79916, 34889006, 1, 0, 0
80003, 34814429, 1, 0, 0
80114, 36016435, 1, 0, 0
80228, 45991691, 1, 0, 0
80307, 75217154, 1, 0, 0
80418, 125785416, 1, 0, 0
80540, 105485443, 1, 0, 0
80657, 106118626, 1, 0, 0
80713, 111730297, 1, 0, 0
80838, 84615348, 1, 0, 0
80903, 112585074, 1, 0, 0
81008, 40601000, 1, 0, 0
81120, 33010982, 1, 0, 0
81204, 39731575, 1, 0, 0
81318, 41252025, 1, 0, 0
81411, 44241161, 1, 0, 0
81512, 37817861, 1, 0, 0
81617, 32291514, 1, 0, 0
81717, 37455558, 1, 0, 0
81805, 39389051, 1, 0, 0
81918, 40045421, 1, 0, 0
82000, 39285384, 1, 0, 0
82101, 35109670, 1, 0, 0
82201, 39890036, 1, 0, 0
82317, 39405116, 1, 0, 0
82418, 35285846, 1, 0, 0
82519, 47371854, 1, 0, 0
82609, 41890282, 1, 0, 0
82707, 38631390, 1, 0, 0
82830, 36288234, 1, 0, 0
82942, 59584022, 1, 0, 0
83034, 109709118, 1, 0, 0
83152, 140031213, 1, 0, 0
83211, 111033230, 1, 0, 0
83328, 93601030, 1, 0, 0
83403, 68838275, 1, 0, 0
83501, 121298456, 1, 0, 0
83601, 49306484, 1, 0, 0
83725, 39043819, 1, 0, 0
83820, 42115127, 1, 0, 0
83917, 39530762, 1, 0, 0
84005, 36356313, 1, 0, 0
84115, 40596446, 1, 0, 0
84212, 37102880, 1, 0, 0
84300, 35082343, 1, 0, 0
84418, 45457476, 1, 0, 0
84517, 39687251, 1, 0, 0
84621, 37206204, 1, 0, 0
84717, 36825877, 1, 0, 0
84802, 32841032, 1, 0, 0
84900, 36025623, 1, 0, 0
85017, 41514307, 1, 0, 0
85115, 38984254, 1, 0, 0
85214, 30648351, 1, 0, 0
85305, 33341836, 1, 0, 0
85426, 41964104, 1, 0, 0
85542, 98565254, 1, 0, 0
85620, 79508319, 1, 0, 0
85718, 120552809, 1, 0, 0
85843, 101675510, 1, 0, 0
85904, 123203233, 1, 0, 0
86029, 124246863, 1, 0, 0
86111, 97133563, 1, 0, 0
86207, 34602186, 1, 0, 0
86319, 34999840, 1, 0, 0
86406, 39141265, 1, 0, 0
86508, 38849402, 1, 0, 0
86610, 40803516, 1, 0, 0
86712, 34484291, 1, 0, 0
86813, 44121186, 1, 0, 0
86913, 47172959, 1, 0, 0
87001, 40664173, 1, 0, 0
87117, 38783856, 1, 0, 0
87211, 36297150, 1, 0, 0
87315, 43428004, 1, 0, 0
87419, 36848616, 1, 0, 0
87514, 43138065, 1, 0, 0
87618, 43299393, 1, 0, 0
87718, 33398635, 1, 0, 0
87810, 37040674, 1, 0, 0
87912, 39602095, 1, 0, 0
88002, 39621053, 1, 0, 0
88125, 67311610, 1, 0, 0
88242, 88006187, 1, 0, 0
88356, 110407857, 1, 0, 0
88427, 62148486, 1, 0, 0
88535, 92510674, 1, 0, 0
88653, 86535671, 1, 0, 0
88701, 107619136, 1, 0, 0
88817, 47358759, 1, 0, 0
88910, 40814046, 1, 0, 0
89001, 45147874, 1, 0, 0
89100, 26630078, 1, 0, 0
89209, 32481528, 1, 0, 0
89317, 40548385, 1, 0, 0
89414, 37317365, 1, 0, 0
89508, 33761713, 1, 0, 0
89601, 42960125, 1, 0, 0
89713, 39658241, 1, 0, 0
89812, 37606577, 1, 0, 0
89920, 38178268, 1, 0, 0
90007, 43516249, 1, 0, 0
90025, 41163991, 1, 0, 0
