250, 29184, 1, 0, 0
350, 22720, 1, 0, 0
450, 24000, 1, 0, 0
550, 28480, 1, 0, 0
650, 27520, 1, 0, 0
749, 29090, 1, 0, 0
849, 26240, 1, 0, 0
949, 26560, 1, 0, 0
1050, 31360, 1, 0, 0
1150, 29440, 1, 0, 0
1249, 21333, 1, 0, 0
1349, 28800, 1, 0, 0
1449, 31680, 1, 0, 0
1549, 30720, 1, 0, 0
1649, 25920, 1, 0, 0
1749, 27200, 1, 0, 0
1850, 30400, 1, 0, 0
1950, 10560, 1, 0, 0
2050, 10560, 1, 0, 0
2150, 8960, 1, 0, 0
2249, 10666, 1, 0, 0
2349, 10560, 1, 0, 0
2449, 1920, 1, 0, 0
2550, 13440, 1, 0, 0
2650, 28480, 1, 0, 0
2749, 25212, 1, 0, 0
2849, 27840, 1, 0, 0
2949, 26560, 1, 0, 0
3049, 31360, 1, 0, 0
3149, 23360, 1, 0, 0
3250, 22720, 1, 0, 0
3350, 34880, 1, 0, 0
3450, 38400, 1, 0, 0
3550, 22080, 1, 0, 0
3650, 31360, 1, 0, 0
3749, 24888, 1, 0, 0
3849, 33280, 1, 0, 0
3949, 29120, 1, 0, 0
4049, 33280, 1, 0, 0
4150, 21440, 1, 0, 0
4249, 31676, 1, 0, 0
4349, 22720, 1, 0, 0
4449, 11200, 1, 0, 0
4549, 10240, 1, 0, 0
4649, 10560, 1, 0, 0
4749, 2560, 1, 0, 0
4849, 10880, 1, 0, 0
4949, 14080, 1, 0, 0
5050, 11200, 1, 0, 0
5150, 22400, 1, 0, 0
5249, 28767, 1, 0, 0
5349, 30400, 1, 0, 0
5449, 27200, 1, 0, 0
5549, 25600, 1, 0, 0
5649, 26880, 1, 0, 0
5749, 27520, 1, 0, 0
5850, 21120, 1, 0, 0
5950, 26560, 1, 0, 0
6050, 33600, 1, 0, 0
6150, 26880, 1, 0, 0
6249, 36525, 1, 0, 0
6349, 21120, 1, 0, 0
6449, 25920, 1, 0, 0
6549, 30720, 1, 0, 0
6649, 30720, 1, 0, 0
6750, 21120, 1, 0, 0
6850, 28480, 1, 0, 0
6950, 24960, 1, 0, 0
7050, 10560, 1, 0, 0
7150, 6400, 1, 0, 0
7249, 10666, 1, 0, 0
7349, 4480, 1, 0, 0
7449, 10880, 1, 0, 0
7550, 27200, 1, 0, 0
7650, 31040, 1, 0, 0
7749, 26505, 1, 0, 0
7849, 30400, 1, 0, 0
7949, 22080, 1, 0, 0
8049, 22080, 1, 0, 0
8149, 26560, 1, 0, 0
8249, 28480, 1, 0, 0
8349, 24640, 1, 0, 0
8450, 24960, 1, 0, 0
8550, 24960, 1, 0, 0
8650, 32960, 1, 0, 0
8749, 21333, 1, 0, 0
8849, 26240, 1, 0, 0
8949, 31680, 1, 0, 0
9049, 23040, 1, 0, 0
9149, 26560, 1, 0, 0
9249, 16640, 1, 0, 0
9350, 18880, 1, 0, 0
9450, 21120, 1, 0, 0
9550, 20480, 1, 0, 0
9650, 10880, 1, 0, 0
9749, 646, 1, 0, 0
9849, 9920, 1, 0, 0
9949, 7680, 1, 0, 0
10049, 14080, 1, 0, 0
10149, 22400, 1, 0, 0
10249, 23040, 1, 0, 0
10350, 32000, 1, 0, 0
10450, 21440, 1, 0, 0
10550, 21120, 1, 0, 0
10650, 30400, 1, 0, 0
10749, 26505, 1, 0, 0
10849, 22080, 1, 0, 0
10949, 27200, 1, 0, 0
11049, 28160, 1, 0, 0
11149, 24960, 1, 0, 0
11250, 24960, 1, 0, 0
11350, 28160, 1, 0, 0
11450, 21120, 1, 0, 0
11550, 26560, 1, 0, 0
11650, 29120, 1, 0, 0
11749, 21333, 1, 0, 0
11849, 33280, 1, 0, 0
11949, 29760, 1, 0, 0
12049, 23040, 1, 0, 0
12150, 22720, 1, 0, 0
12249, 10666, 1, 0, 0
12349, 10560, 1, 0, 0
12449, 9920, 1, 0, 0
12549, 10880, 1, 0, 0
12649, 3520, 1, 0, 0
12749, 22400, 1, 0, 0
12849, 28800, 1, 0, 0
12949, 26240, 1, 0, 0
13050, 29440, 1, 0, 0
13150, 26240, 1, 0, 0
13249, 22303, 1, 0, 0
13349, 23360, 1, 0, 0
13449, 32320, 1, 0, 0
13549, 30400, 1, 0, 0
13649, 24960, 1, 0, 0
13749, 30080, 1, 0, 0
13849, 21440, 1, 0, 0
13949, 27200, 1, 0, 0
14050, 29760, 1, 0, 0
14150, 26880, 1, 0, 0
14249, 31353, 1, 0, 0
14349, 34240, 1, 0, 0
14449, 30080, 1, 0, 0
14549, 21120, 1, 0, 0
14649, 22080, 1, 0, 0
14749, 37440, 1, 0, 0
14849, 12480, 1, 0, 0
14950, 10880, 1, 0, 0
15050, 10560, 1, 0, 0
15150, 8960, 1, 0, 0
15249, 10666, 1, 0, 0
15349, 1920, 1, 0, 0
15449, 30080, 1, 0, 0
15549, 28160, 1, 0, 0
15649, 21120, 1, 0, 0
15749, 31040, 1, 0, 0
15850, 22720, 1, 0, 0
15950, 25600, 1, 0, 0
16050, 31360, 1, 0, 0
16150, 29760, 1, 0, 0
16249, 21333, 1, 0, 0
16349, 33920, 1, 0, 0
16449, 26880, 1, 0, 0
16549, 26880, 1, 0, 0
16649, 31360, 1, 0, 0
16750, 32320, 1, 0, 0
16850, 29120, 1, 0, 0
16950, 26560, 1, 0, 0
17050, 34880, 1, 0, 0
17150, 21440, 1, 0, 0
17249, 30060, 1, 0, 0
17349, 23040, 1, 0, 0
17449, 34240, 1, 0, 0
17549, 10560, 1, 0, 0
17650, 10560, 1, 0, 0
17749, 10666, 1, 0, 0
17849, 3840, 1, 0, 0
17949, 10240, 1, 0, 0
18049, 16320, 1, 0, 0
18149, 30400, 1, 0, 0
18250, 21440, 1, 0, 0
18350, 26240, 1, 0, 0
18450, 23680, 1, 0, 0
18550, 31680, 1, 0, 0
18650, 24640, 1, 0, 0
18749, 21656, 1, 0, 0
18849, 26560, 1, 0, 0
18949, 26240, 1, 0, 0
19050, 33280, 1, 0, 0
19150, 35840, 1, 0, 0
19249, 21333, 1, 0, 0
19349, 24960, 1, 0, 0
19449, 31360, 1, 0, 0
19549, 28160, 1, 0, 0
19649, 24640, 1, 0, 0
19749, 29440, 1, 0, 0
19849, 37440, 1, 0, 0
19950, 23040, 1, 0, 0
20050, 23360, 1, 0, 0
20150, 38720, 1, 0, 0
20249, 20040, 1, 0, 0
20349, 4160, 1, 0, 0
20449, 11520, 1, 0, 0
20549, 8000, 1, 0, 0
20650, 10560, 1, 0, 0
20749, 10343, 1, 0, 0
20849, 26880, 1, 0, 0
20949, 35520, 1, 0, 0
21049, 24960, 1, 0, 0
21149, 25600, 1, 0, 0
21249, 27520, 1, 0, 0
21349, 27840, 1, 0, 0
21449, 28480, 1, 0, 0
21550, 31360, 1, 0, 0
21650, 21760, 1, 0, 0
21749, 21979, 1, 0, 0
21849, 31040, 1, 0, 0
21949, 26240, 1, 0, 0
22049, 25600, 1, 0, 0
22149, 31680, 1, 0, 0
22250, 21120, 1, 0, 0
22350, 27840, 1, 0, 0
22450, 26880, 1, 0, 0
22550, 29120, 1, 0, 0
22650, 27200, 1, 0, 0
22749, 27151, 1, 0, 0
22849, 30080, 1, 0, 0
22949, 10560, 1, 0, 0
23050, 10880, 1, 0, 0
23150, 13760, 1, 0, 0
23249, 8404, 1, 0, 0
23349, 10560, 1, 0, 0
23449, 7360, 1, 0, 0
23549, 10560, 1, 0, 0
23649, 19840, 1, 0, 0
23749, 28800, 1, 0, 0
23849, 29120, 1, 0, 0
23949, 29120, 1, 0, 0
24050, 33280, 1, 0, 0
24150, 27520, 1, 0, 0
24249, 27151, 1, 0, 0
24349, 25280, 1, 0, 0
24449, 31360, 1, 0, 0
24549, 31040, 1, 0, 0
24649, 30080, 1, 0, 0
24750, 25280, 1, 0, 0
24850, 32960, 1, 0, 0
24950, 24000, 1, 0, 0
25050, 26560, 1, 0, 0
25150, 32640, 1, 0, 0
25249, 21333, 1, 0, 0
25349, 33280, 1, 0, 0
25449, 27840, 1, 0, 0
25549, 10560, 1, 0, 0
25649, 4160, 1, 0, 0
25750, 11200, 1, 0, 0
25850, 7680, 1, 0, 0
25950, 11840, 1, 0, 0
26050, 10560, 1, 0, 0
26150, 10880, 1, 0, 0
26249, 23595, 1, 0, 0
26349, 25600, 1, 0, 0
26449, 36480, 1, 0, 0
26549, 24320, 1, 0, 0
26649, 29440, 1, 0, 0
26749, 24640, 1, 0, 0
26849, 22720, 1, 0, 0
26949, 33920, 1, 0, 0
27050, 26880, 1, 0, 0
27150, 28480, 1, 0, 0
27249, 28767, 1, 0, 0
27349, 28480, 1, 0, 0
27449, 32320, 1, 0, 0
27549, 32640, 1, 0, 0
27649, 32320, 1, 0, 0
27749, 21440, 1, 0, 0
27849, 32640, 1, 0, 0
27949, 32640, 1, 0, 0
28049, 21120, 1, 0, 0
28150, 6080, 1, 0, 0
28249, 10666, 1, 0, 0
28349, 10560, 1, 0, 0
28449, 4480, 1, 0, 0
28549, 10880, 1, 0, 0
28649, 10240, 1, 0, 0
28749, 22400, 1, 0, 0
28849, 25280, 1, 0, 0
28950, 21440, 1, 0, 0
29050, 33600, 1, 0, 0
29150, 29120, 1, 0, 0
29249, 22626, 1, 0, 0
29349, 22400, 1, 0, 0
29449, 22720, 1, 0, 0
29549, 33920, 1, 0, 0
29649, 23680, 1, 0, 0
29749, 21440, 1, 0, 0
29849, 29120, 1, 0, 0
29949, 25280, 1, 0, 0
30050, 25920, 1, 0, 0
30150, 26880, 1, 0, 0
30249, 30707, 1, 0, 0
30349, 22400, 1, 0, 0
30449, 36160, 1, 0, 0
30549, 30080, 1, 0, 0
30649, 26240, 1, 0, 0
30750, 10560, 1, 0, 0
30850, 8960, 1, 0, 0
30950, 10880, 1, 0, 0
31050, 1920, 1, 0, 0
31150, 12160, 1, 0, 0
31249, 23595, 1, 0, 0
31349, 27200, 1, 0, 0
31449, 27200, 1, 0, 0
31550, 32000, 1, 0, 0
31650, 24000, 1, 0, 0
31749, 30383, 1, 0, 0
31849, 21760, 1, 0, 0
31949, 35520, 1, 0, 0
32049, 21120, 1, 0, 0
32149, 23040, 1, 0, 0
32249, 28480, 1, 0, 0
32349, 28480, 1, 0, 0
32449, 21120, 1, 0, 0
32550, 32320, 1, 0, 0
32650, 23680, 1, 0, 0
32749, 28444, 1, 0, 0
32849, 31680, 1, 0, 0
32949, 21120, 1, 0, 0
33049, 31040, 1, 0, 0
33149, 22400, 1, 0, 0
33249, 30720, 1, 0, 0
33349, 24000, 1, 0, 0
33449, 11840, 1, 0, 0
33550, 6400, 1, 0, 0
33650, 10560, 1, 0, 0
33749, 9050, 1, 0, 0
33849, 11840, 1, 0, 0
33949, 14720, 1, 0, 0
34049, 21760, 1, 0, 0
34149, 27520, 1, 0, 0
34249, 27200, 1, 0, 0
34349, 31040, 1, 0, 0
34449, 22080, 1, 0, 0
34550, 30720, 1, 0, 0
34650, 33600, 1, 0, 0
34749, 23919, 1, 0, 0
34849, 30400, 1, 0, 0
34949, 30400, 1, 0, 0
35049, 21120, 1, 0, 0
35149, 30080, 1, 0, 0
35249, 17600, 1, 0, 0
35350, 25600, 1, 0, 0
35450, 35840, 1, 0, 0
35550, 21440, 1, 0, 0
35650, 30720, 1, 0, 0
35749, 25858, 1, 0, 0
35849, 21120, 1, 0, 0
35949, 29440, 1, 0, 0
36049, 30720, 1, 0, 0
36149, 2560, 1, 0, 0
36249, 10880, 1, 0, 0
36350, 7680, 1, 0, 0
36450, 10560, 1, 0, 0
36550, 18880, 1, 0, 0
36650, 21120, 1, 0, 0
36749, 31676, 1, 0, 0
36849, 24960, 1, 0, 0
36949, 30080, 1, 0, 0
37049, 30720, 1, 0, 0
37149, 24640, 1, 0, 0
37249, 31360, 1, 0, 0
37349, 21760, 1, 0, 0
37449, 24960, 1, 0, 0
37550, 31040, 1, 0, 0
37650, 21760, 1, 0, 0
37749, 31353, 1, 0, 0
37849, 28480, 1, 0, 0
37949, 22720, 1, 0, 0
38049, 34560, 1, 0, 0
38149, 24640, 1, 0, 0
38249, 28480, 1, 0, 0
38349, 24320, 1, 0, 0
38449, 34560, 1, 0, 0
38550, 21120, 1, 0, 0
38650, 28480, 1, 0, 0
38749, 27151, 1, 0, 0
38849, 10560, 1, 0, 0
38949, 2240, 1, 0, 0
39049, 18560, 1, 0, 0
39149, 640, 1, 0, 0
39249, 11200, 1, 0, 0
39349, 10560, 1, 0, 0
39450, 34240, 1, 0, 0
39550, 29120, 1, 0, 0
39650, 26880, 1, 0, 0
39749, 25858, 1, 0, 0
39849, 35200, 1, 0, 0
39949, 21120, 1, 0, 0
40049, 22400, 1, 0, 0
40150, 29440, 1, 0, 0
40249, 28121, 1, 0, 0
40349, 22080, 1, 0, 0
40449, 32320, 1, 0, 0
40549, 21120, 1, 0, 0
40649, 21120, 1, 0, 0
40749, 28160, 1, 0, 0
40850, 31680, 1, 0, 0
40950, 32640, 1, 0, 0
41050, 31360, 1, 0, 0
41150, 24320, 1, 0, 0
41249, 28444, 1, 0, 0
41349, 31680, 1, 0, 0
41449, 19200, 1, 0, 0
41549, 11840, 1, 0, 0
41650, 2880, 1, 0, 0
41749, 10989, 1, 0, 0
41849, 9920, 1, 0, 0
41949, 10560, 1, 0, 0
42049, 21440, 1, 0, 0
42149, 25280, 1, 0, 0
42249, 27520, 1, 0, 0
42349, 21120, 1, 0, 0
42449, 29120, 1, 0, 0
42550, 29760, 1, 0, 0
42650, 21120, 1, 0, 0
42749, 22303, 1, 0, 0
42849, 29440, 1, 0, 0
42949, 23680, 1, 0, 0
43049, 30080, 1, 0, 0
43149, 26240, 1, 0, 0
43249, 30080, 1, 0, 0
43349, 25280, 1, 0, 0
43450, 21440, 1, 0, 0
43550, 31360, 1, 0, 0
43650, 29760, 1, 0, 0
43749, 26828, 1, 0, 0
43849, 28800, 1, 0, 0
43949, 26240, 1, 0, 0
44049, 24640, 1, 0, 0
44149, 23360, 1, 0, 0
44249, 6080, 1, 0, 0
44350, 10880, 1, 0, 0
44450, 11200, 1, 0, 0
44550, 4160, 1, 0, 0
44650, 10560, 1, 0, 0
44749, 7111, 1, 0, 0
44849, 24960, 1, 0, 0
44949, 31040, 1, 0, 0
45049, 26560, 1, 0, 0
45149, 26560, 1, 0, 0
45250, 21440, 1, 0, 0
45350, 31680, 1, 0, 0
45450, 28800, 1, 0, 0
45550, 24640, 1, 0, 0
45650, 24000, 1, 0, 0
45749, 28121, 1, 0, 0
45849, 21120, 1, 0, 0
45949, 32000, 1, 0, 0
46049, 29440, 1, 0, 0
46149, 21120, 1, 0, 0
46250, 31360, 1, 0, 0
46350, 29760, 1, 0, 0
46450, 22720, 1, 0, 0
46550, 40000, 1, 0, 0
46650, 31040, 1, 0, 0
46749, 18424, 1, 0, 0
46849, 10560, 1, 0, 0
46949, 3200, 1, 0, 0
47049, 10560, 1, 0, 0
47149, 7680, 1, 0, 0
47249, 12282, 1, 0, 0
47349, 12160, 1, 0, 0
47449, 21440, 1, 0, 0
47549, 32320, 1, 0, 0
47649, 25280, 1, 0, 0
47749, 22400, 1, 0, 0
47849, 27200, 1, 0, 0
47949, 23040, 1, 0, 0
48050, 26560, 1, 0, 0
48150, 29120, 1, 0, 0
48249, 23919, 1, 0, 0
48349, 22080, 1, 0, 0
48449, 31360, 1, 0, 0
48549, 26880, 1, 0, 0
48649, 22720, 1, 0, 0
48749, 30080, 1, 0, 0
48849, 21120, 1, 0, 0
48949, 34880, 1, 0, 0
49049, 26240, 1, 0, 0
49150, 21120, 1, 0, 0
49249, 33939, 1, 0, 0
49349, 25600, 1, 0, 0
49449, 5760, 1, 0, 0
49549, 12480, 1, 0, 0
49649, 10880, 1, 0, 0
49749, 3200, 1, 0, 0
49850, 10560, 1, 0, 0
49950, 17920, 1, 0, 0
50050, 31360, 1, 0, 0
50150, 21120, 1, 0, 0
50249, 26181, 1, 0, 0
50349, 34880, 1, 0, 0
50449, 24960, 1, 0, 0
50549, 21440, 1, 0, 0
50649, 27200, 1, 0, 0
50750, 28480, 1, 0, 0
50850, 22080, 1, 0, 0
50950, 30400, 1, 0, 0
51050, 31360, 1, 0, 0
51150, 28160, 1, 0, 0
51249, 29737, 1, 0, 0
51349, 22400, 1, 0, 0
51449, 25920, 1, 0, 0
51550, 35520, 1, 0, 0
51650, 23040, 1, 0, 0
51749, 26505, 1, 0, 0
51849, 39040, 1, 0, 0
51949, 12160, 1, 0, 0
52049, 11200, 1, 0, 0
52149, 10560, 1, 0, 0
52249, 1600, 1, 0, 0
52349, 19520, 1, 0, 0
52450, 10560, 1, 0, 0
52550, 10560, 1, 0, 0
52650, 22080, 1, 0, 0
52749, 30060, 1, 0, 0
52849, 35200, 1, 0, 0
52949, 21440, 1, 0, 0
53049, 29440, 1, 0, 0
53149, 27200, 1, 0, 0
53249, 32320, 1, 0, 0
53349, 32960, 1, 0, 0
53449, 21440, 1, 0, 0
53550, 21440, 1, 0, 0
53650, 34240, 1, 0, 0
53749, 25212, 1, 0, 0
53849, 34240, 1, 0, 0
53949, 29440, 1, 0, 0
54049, 21760, 1, 0, 0
54149, 31040, 1, 0, 0
54249, 32000, 1, 0, 0
54349, 29760, 1, 0, 0
54449, 21120, 1, 0, 0
54549, 10880, 1, 0, 0
54650, 10560, 1, 0, 0
54749, 10343, 1, 0, 0
54849, 10560, 1, 0, 0
54949, 320, 1, 0, 0
55049, 16000, 1, 0, 0
55149, 10560, 1, 0, 0
55249, 32320, 1, 0, 0
55349, 21120, 1, 0, 0
55449, 31360, 1, 0, 0
55550, 21760, 1, 0, 0
55650, 25280, 1, 0, 0
55749, 33292, 1, 0, 0
55849, 21120, 1, 0, 0
55949, 33280, 1, 0, 0
56049, 25920, 1, 0, 0
56149, 29440, 1, 0, 0
56249, 27520, 1, 0, 0
56349, 21120, 1, 0, 0
56450, 21760, 1, 0, 0
56550, 30720, 1, 0, 0
56650, 21120, 1, 0, 0
56749, 26181, 1, 0, 0
56849, 29440, 1, 0, 0
56949, 38080, 1, 0, 0
57049, 21120, 1, 0, 0
57149, 10560, 1, 0, 0
57249, 2880, 1, 0, 0
57350, 10560, 1, 0, 0
57450, 12800, 1, 0, 0
57550, 5440, 1, 0, 0
57650, 11840, 1, 0, 0
57749, 14545, 1, 0, 0
57849, 26880, 1, 0, 0
57949, 39360, 1, 0, 0
58049, 21120, 1, 0, 0
58149, 23360, 1, 0, 0
58249, 29760, 1, 0, 0
58350, 23040, 1, 0, 0
58450, 25280, 1, 0, 0
58550, 27520, 1, 0, 0
58650, 21440, 1, 0, 0
58749, 31030, 1, 0, 0
58849, 27840, 1, 0, 0
58949, 28160, 1, 0, 0
59049, 31360, 1, 0, 0
59150, 30080, 1, 0, 0
59250, 30720, 1, 0, 0
59350, 30400, 1, 0, 0
59450, 21760, 1, 0, 0
59550, 29760, 1, 0, 0
59650, 31360, 1, 0, 0
59749, 10666, 1, 0, 0
59849, 10560, 1, 0, 0
59950, 10560, 1, 0, 0
60050, 6400, 1, 0, 0
60150, 11520, 1, 0, 0
60249, 10666, 1, 0, 0
60349, 10560, 1, 0, 0
60449, 30080, 1, 0, 0
60549, 34560, 1, 0, 0
60649, 31040, 1, 0, 0
60750, 31360, 1, 0, 0
60850, 27840, 1, 0, 0
60950, 28800, 1, 0, 0
61050, 26880, 1, 0, 0
61150, 28160, 1, 0, 0
61249, 24565, 1, 0, 0
61349, 32960, 1, 0, 0
61449, 24000, 1, 0, 0
61549, 21120, 1, 0, 0
61650, 30400, 1, 0, 0
61749, 30383, 1, 0, 0
61849, 24640, 1, 0, 0
61949, 26240, 1, 0, 0
62049, 26880, 1, 0, 0
62149, 29120, 1, 0, 0
62249, 15680, 1, 0, 0
62349, 5760, 1, 0, 0
62449, 10560, 1, 0, 0
62550, 10560, 1, 0, 0
62650, 4800, 1, 0, 0
62749, 10666, 1, 0, 0
62849, 10560, 1, 0, 0
62949, 19520, 1, 0, 0
63049, 30080, 1, 0, 0
63149, 30080, 1, 0, 0
63249, 29120, 1, 0, 0
63350, 24000, 1, 0, 0
63450, 21440, 1, 0, 0
63550, 29760, 1, 0, 0
63650, 24000, 1, 0, 0
63749, 21333, 1, 0, 0
63849, 29120, 1, 0, 0
63949, 24640, 1, 0, 0
64049, 23040, 1, 0, 0
64149, 29760, 1, 0, 0
64249, 25280, 1, 0, 0
64350, 27520, 1, 0, 0
64450, 28480, 1, 0, 0
64550, 28480, 1, 0, 0
64650, 26240, 1, 0, 0
64749, 26828, 1, 0, 0
64849, 15040, 1, 0, 0
64949, 15360, 1, 0, 0
65050, 5440, 1, 0, 0
65150, 10560, 1, 0, 0
65249, 13898, 1, 0, 0
65349, 7040, 1, 0, 0
65449, 10560, 1, 0, 0
65549, 15680, 1, 0, 0
65649, 29120, 1, 0, 0
65750, 25280, 1, 0, 0
65850, 37440, 1, 0, 0
65950, 29760, 1, 0, 0
66050, 37440, 1, 0, 0
66150, 23040, 1, 0, 0
66249, 26181, 1, 0, 0
66349, 29440, 1, 0, 0
66449, 26880, 1, 0, 0
66549, 32320, 1, 0, 0
66650, 22400, 1, 0, 0
66749, 34262, 1, 0, 0
66849, 21440, 1, 0, 0
66949, 25920, 1, 0, 0
67049, 27840, 1, 0, 0
67149, 24960, 1, 0, 0
67249, 29120, 1, 0, 0
67349, 23360, 1, 0, 0
67449, 16960, 1, 0, 0
67550, 4160, 1, 0, 0
67650, 12480, 1, 0, 0
67749, 9050, 1, 0, 0
67849, 10560, 1, 0, 0
67949, 10560, 1, 0, 0
68049, 18560, 1, 0, 0
68149, 15040, 1, 0, 0
68249, 27520, 1, 0, 0
68350, 26880, 1, 0, 0
68450, 37440, 1, 0, 0
68550, 31360, 1, 0, 0
68650, 21760, 1, 0, 0
68749, 21333, 1, 0, 0
68849, 32960, 1, 0, 0
68949, 26560, 1, 0, 0
69049, 23040, 1, 0, 0
69149, 31360, 1, 0, 0
69250, 29440, 1, 0, 0
69350, 26560, 1, 0, 0
69450, 21440, 1, 0, 0
69550, 28800, 1, 0, 0
69650, 28800, 1, 0, 0
69749, 21979, 1, 0, 0
69849, 31680, 1, 0, 0
69949, 22080, 1, 0, 0
70050, 12480, 1, 0, 0
70150, 11200, 1, 0, 0
70249, 7757, 1, 0, 0
70349, 10560, 1, 0, 0
70449, 10560, 1, 0, 0
70549, 10560, 1, 0, 0
70649, 10560, 1, 0, 0
70749, 25600, 1, 0, 0
70849, 30400, 1, 0, 0
70950, 21440, 1, 0, 0
71050, 33920, 1, 0, 0
71150, 31360, 1, 0, 0
71249, 21979, 1, 0, 0
71349, 24000, 1, 0, 0
71449, 30400, 1, 0, 0
71549, 21440, 1, 0, 0
71649, 29120, 1, 0, 0
71749, 29120, 1, 0, 0
71849, 16320, 1, 0, 0
71949, 25920, 1, 0, 0
72050, 36160, 1, 0, 0
72150, 31360, 1, 0, 0
72249, 21333, 1, 0, 0
72349, 30400, 1, 0, 0
72449, 33600, 1, 0, 0
72549, 21120, 1, 0, 0
72649, 10560, 1, 0, 0
72749, 6080, 1, 0, 0
72850, 14720, 1, 0, 0
72950, 320, 1, 0, 0
73050, 13760, 1, 0, 0
73150, 12160, 1, 0, 0
73249, 15515, 1, 0, 0
73349, 25600, 1, 0, 0
73449, 40320, 1, 0, 0
73549, 21760, 1, 0, 0
73649, 29440, 1, 0, 0
73750, 24640, 1, 0, 0
73850, 24320, 1, 0, 0
73950, 32640, 1, 0, 0
74050, 26560, 1, 0, 0
74150, 21120, 1, 0, 0
74249, 31030, 1, 0, 0
74349, 23360, 1, 0, 0
74449, 22080, 1, 0, 0
74549, 32000, 1, 0, 0
74650, 37440, 1, 0, 0
74749, 25212, 1, 0, 0
74849, 21120, 1, 0, 0
74949, 30400, 1, 0, 0
75049, 31680, 1, 0, 0
75149, 10560, 1, 0, 0
75249, 10560, 1, 0, 0
75349, 10560, 1, 0, 0
75450, 10240, 1, 0, 0
75550, 10560, 1, 0, 0
75650, 10880, 1, 0, 0
75749, 16161, 1, 0, 0
75849, 21760, 1, 0, 0
75949, 36480, 1, 0, 0
76049, 26240, 1, 0, 0
76149, 25280, 1, 0, 0
76250, 31040, 1, 0, 0
76350, 29120, 1, 0, 0
76450, 31360, 1, 0, 0
76550, 27520, 1, 0, 0
76650, 21120, 1, 0, 0
76749, 29414, 1, 0, 0
76849, 21440, 1, 0, 0
76949, 27200, 1, 0, 0
77050, 27840, 1, 0, 0
77150, 22080, 1, 0, 0
77249, 34909, 1, 0, 0
77349, 23040, 1, 0, 0
77449, 21760, 1, 0, 0
77549, 25920, 1, 0, 0
77649, 25600, 1, 0, 0
77749, 10560, 1, 0, 0
77849, 10560, 1, 0, 0
77950, 8320, 1, 0, 0
78050, 10560, 1, 0, 0
78150, 10560, 1, 0, 0
78249, 9373, 1, 0, 0
78349, 11520, 1, 0, 0
78449, 25600, 1, 0, 0
78549, 31360, 1, 0, 0
78649, 32000, 1, 0, 0
78749, 25920, 1, 0, 0
78849, 31680, 1, 0, 0
78949, 21120, 1, 0, 0
79050, 21440, 1, 0, 0
79150, 31680, 1, 0, 0
79249, 31030, 1, 0, 0
79349, 31360, 1, 0, 0
79449, 23040, 1, 0, 0
79549, 25600, 1, 0, 0
79649, 27840, 1, 0, 0
79749, 24960, 1, 0, 0
79849, 28160, 1, 0, 0
79950, 31680, 1, 0, 0
80050, 30080, 1, 0, 0
80150, 30400, 1, 0, 0
80249, 12282, 1, 0, 0
80349, 8960, 1, 0, 0
80449, 10560, 1, 0, 0
80550, 12160, 1, 0, 0
80650, 7680, 1, 0, 0
80749, 10666, 1, 0, 0
80849, 10560, 1, 0, 0
80949, 21440, 1, 0, 0
81049, 28800, 1, 0, 0
81149, 21760, 1, 0, 0
81249, 31680, 1, 0, 0
81349, 28480, 1, 0, 0
81449, 22080, 1, 0, 0
81550, 31680, 1, 0, 0
81650, 22080, 1, 0, 0
81749, 28767, 1, 0, 0
81849, 36800, 1, 0, 0
81949, 21440, 1, 0, 0
82049, 32000, 1, 0, 0
82149, 21120, 1, 0, 0
82249, 27520, 1, 0, 0
82350, 25280, 1, 0, 0
82450, 28800, 1, 0, 0
82550, 21760, 1, 0, 0
82650, 29760, 1, 0, 0
82749, 28767, 1, 0, 0
82849, 21440, 1, 0, 0
82949, 10880, 1, 0, 0
83049, 9920, 1, 0, 0
83150, 10240, 1, 0, 0
83249, 10666, 1, 0, 0
83349, 10560, 1, 0, 0
83449, 5440, 1, 0, 0
83549, 21120, 1, 0, 0
83649, 29120, 1, 0, 0
83749, 16640, 1, 0, 0
83849, 26240, 1, 0, 0
83950, 28800, 1, 0, 0
84050, 23680, 1, 0, 0
84150, 29760, 1, 0, 0
84249, 29737, 1, 0, 0
84349, 21120, 1, 0, 0
84449, 33600, 1, 0, 0
84549, 26240, 1, 0, 0
84649, 26880, 1, 0, 0
84750, 25920, 1, 0, 0
84850, 31680, 1, 0, 0
84950, 26880, 1, 0, 0
85050, 21760, 1, 0, 0
85150, 29120, 1, 0, 0
85249, 32323, 1, 0, 0
85349, 21440, 1, 0, 0
85449, 19840, 1, 0, 0
85549, 12160, 1, 0, 0
85649, 4160, 1, 0, 0
85749, 11313, 1, 0, 0
85849, 5760, 1, 0, 0
85949, 10880, 1, 0, 0
86049, 4800, 1, 0, 0
86149, 24960, 1, 0, 0
86249, 24320, 1, 0, 0
86349, 29120, 1, 0, 0
86449, 25600, 1, 0, 0
86550, 21120, 1, 0, 0
86650, 32640, 1, 0, 0
86749, 21333, 1, 0, 0
86849, 23360, 1, 0, 0
86949, 24960, 1, 0, 0
87049, 28800, 1, 0, 0
87149, 21440, 1, 0, 0
87250, 21760, 1, 0, 0
87350, 31040, 1, 0, 0
87450, 25920, 1, 0, 0
87550, 21760, 1, 0, 0
87650, 29120, 1, 0, 0
87749, 26181, 1, 0, 0
87849, 30080, 1, 0, 0
87949, 23680, 1, 0, 0
88049, 30720, 1, 0, 0
88150, 2880, 1, 0, 0
88249, 10666, 1, 0, 0
88349, 10560, 1, 0, 0
88449, 8000, 1, 0, 0
88549, 10560, 1, 0, 0
88649, 10880, 1, 0, 0
88749, 21120, 1, 0, 0
88849, 28480, 1, 0, 0
88949, 24000, 1, 0, 0
89050, 31040, 1, 0, 0
89150, 23680, 1, 0, 0
89249, 26505, 1, 0, 0
89349, 30720, 1, 0, 0
89449, 30080, 1, 0, 0
89549, 30400, 1, 0, 0
89649, 37440, 1, 0, 0
89749, 24960, 1, 0, 0
89849, 24320, 1, 0, 0
89949, 32320, 1, 0, 0
90050, 23360, 1, 0, 0
