116, 40417000, 1, 0, 0
221, 31789531, 1, 0, 0
315, 42438706, 1, 0, 0
400, 39907135, 1, 0, 0
502, 37315458, 1, 0, 0
620, 43301856, 1, 0, 0
701, 39113058, 1, 0, 0
805, 33102176, 1, 0, 0
905, 43098812, 1, 0, 0
1003, 32666015, 1, 0, 0
1105, 39071518, 1, 0, 0
1208, 37453436, 1, 0, 0
1316, 42183128, 1, 0, 0
1408, 37054695, 1, 0, 0
1509, 41710278, 1, 0, 0
1622, 39097157, 1, 0, 0
1707, 38723294, 1, 0, 0
1807, 32393294, 1, 0, 0
1917, 44385416, 1, 0, 0
2033, 95893056, 1, 0, 0
2162, 118238861, 1, 0, 0
2218, 124458373, 1, 0, 0
2345, 121045118, 1, 0, 0
2418, 106615044, 1, 0, 0
2538, 86723237, 1, 0, 0
2611, 69664683, 1, 0, 0
2710, 26866521, 1, 0, 0
2800, 38081850, 1, 0, 0
2912, 45554146, 1, 0, 0
3011, 36455288, 1, 0, 0
3103, 39561196, 1, 0, 0
3201, 35579771, 1, 0, 0
3315, 34842366, 1, 0, 0
3419, 35091038, 1, 0, 0
3510, 35989305, 1, 0, 0
3605, 36626623, 1, 0, 0
3709, 37888026, 1, 0, 0
3802, 36517593, 1, 0, 0
3907, 32939328, 1, 0, 0
4005, 37118064, 1, 0, 0
4115, 40957775, 1, 0, 0
4214, 27608583, 1, 0, 0
4301, 35224398, 1, 0, 0
4443, 45278806, 1, 0, 0
4562, 108683796, 1, 0, 0
4626, 114587827, 1, 0, 0
4750, 123349639, 1, 0, 0
4817, 121832851, 1, 0, 0
4945, 107960467, 1, 0, 0
5011, 73546168, 1, 0, 0
5106, 56597735, 1, 0, 0
5202, 45862921, 1, 0, 0
5314, 37028006, 1, 0, 0
5401, 42412576, 1, 0, 0
5505, 36247916, 1, 0, 0
5615, 35626694, 1, 0, 0
5702, 43977539, 1, 0, 0
5807, 33060932, 1, 0, 0
5921, 39248998, 1, 0, 0
6006, 43594644, 1, 0, 0
6120, 35655044, 1, 0, 0
6203, 35603508, 1, 0, 0
6305, 32684654, 1, 0, 0
6423, 39838236, 1, 0, 0
6508, 40465251, 1, 0, 0
6604, 36747060, 1, 0, 0
6718, 38219304, 1, 0, 0
6812, 39012536, 1, 0, 0
6900, 38597883, 1, 0, 0
7042, 71943479, 1, 0, 0
7117, 132899615, 1, 0, 0
7246, 125119760, 1, 0, 0
7305, 127625845, 1, 0, 0
7429, 81432020, 1, 0, 0
7511, 59648558, 1, 0, 0
7615, 35050951, 1, 0, 0
7717, 46080847, 1, 0, 0
7808, 44037866, 1, 0, 0
7908, 34010630, 1, 0, 0
8008, 44362882, 1, 0, 0
8100, 39379831, 1, 0, 0
8200, 38430923, 1, 0, 0
8318, 37321413, 1, 0, 0
8413, 40172387, 1, 0, 0
8508, 33910557, 1, 0, 0
8608, 38754876, 1, 0, 0
8711, 38593418, 1, 0, 0
8801, 43506964, 1, 0, 0
8908, 39323757, 1, 0, 0
9014, 39072571, 1, 0, 0
9122, 43120220, 1, 0, 0
9206, 42488474, 1, 0, 0
9321, 55900482, 1, 0, 0
9416, 55331542, 1, 0, 0
9523, 53867791, 1, 0, 0
9647, 87928352, 1, 0, 0
9727, 122895080, 1, 0, 0
9803, 147346391, 1, 0, 0
9960, 137533343, 1, 0, 0
10030, 137784384, 1, 0, 0
10105, 92212337, 1, 0, 0
10215, 45770633, 1, 0, 0
10300, 33786055, 1, 0, 0
10409, 35132828, 1, 0, 0
10513, 45387787, 1, 0, 0
10602, 34543073, 1, 0, 0
10716, 27912905, 1, 0, 0
10801, 39445870, 1, 0, 0
10913, 43658908, 1, 0, 0
11014, 38337751, 1, 0, 0
11106, 42611258, 1, 0, 0
11207, 39780103, 1, 0, 0
11309, 44858640, 1, 0, 0
11410, 41606264, 1, 0, 0
11517, 37405567, 1, 0, 0
11613, 36715754, 1, 0, 0
11716, 49185914, 1, 0, 0
11801, 36272631, 1, 0, 0
11904, 34875020, 1, 0, 0
12020, 37849473, 1, 0, 0
12100, 38831265, 1, 0, 0
12209, 40594817, 1, 0, 0
12337, 98722958, 1, 0, 0
12410, 95704388, 1, 0, 0
12538, 131692743, 1, 0, 0
12609, 96735308, 1, 0, 0
12712, 101152983, 1, 0, 0
12802, 36053275, 1, 0, 0
12906, 36443273, 1, 0, 0
13009, 38660071, 1, 0, 0
13100, 34720100, 1, 0, 0
13205, 31966515, 1, 0, 0
13314, 31758272, 1, 0, 0
13405, 32532657, 1, 0, 0
13511, 38720177, 1, 0, 0
13602, 39844400, 1, 0, 0
13700, 37202307, 1, 0, 0
13814, 41912107, 1, 0, 0
13915, 26943646, 1, 0, 0
14000, 36969520, 1, 0, 0
14111, 39834422, 1, 0, 0
14204, 35218436, 1, 0, 0
14320, 36791257, 1, 0, 0
14408, 43195343, 1, 0, 0
14510, 35540043, 1, 0, 0
14608, 33874005, 1, 0, 0
14707, 33874808, 1, 0, 0
14817, 36706417, 1, 0, 0
14907, 27196153, 1, 0, 0
15035, 81219120, 1, 0, 0
15167, 122414650, 1, 0, 0
15227, 129391503, 1, 0, 0
15350, 125621467, 1, 0, 0
15418, 78563583, 1, 0, 0
15521, 35656035, 1, 0, 0
15614, 43223541, 1, 0, 0
15714, 40052182, 1, 0, 0
15801, 33113070, 1, 0, 0
15918, 38922117, 1, 0, 0
16011, 35446056, 1, 0, 0
16123, 33472681, 1, 0, 0
16214, 39726929, 1, 0, 0
16308, 34454839, 1, 0, 0
16413, 39623691, 1, 0, 0
16500, 38814565, 1, 0, 0
16619, 31841982, 1, 0, 0
16714, 44452842, 1, 0, 0
16810, 37349212, 1, 0, 0
16900, 30301306, 1, 0, 0
17006, 40555458, 1, 0, 0
17118, 39992904, 1, 0, 0
17204, 42775646, 1, 0, 0
17309, 33849901, 1, 0, 0
17403, 46334114, 1, 0, 0
17501, 42538319, 1, 0, 0
17619, 47466368, 1, 0, 0
17746, 122027784, 1, 0, 0
17816, 122627243, 1, 0, 0
17952, 123778103, 1, 0, 0
18011, 127350702, 1, 0, 0
18101, 73969959, 1, 0, 0
18206, 35902152, 1, 0, 0
18324, 38956433, 1, 0, 0
18411, 45532214, 1, 0, 0
18507, 37735594, 1, 0, 0
18623, 41156910, 1, 0, 0
18714, 43732494, 1, 0, 0
18809, 32383444, 1, 0, 0
18905, 39912508, 1, 0, 0
19010, 42949681, 1, 0, 0
19117, 32712215, 1, 0, 0
19214, 40120200, 1, 0, 0
19317, 34727957, 1, 0, 0
19419, 36508267, 1, 0, 0
19511, 38658155, 1, 0, 0
19613, 35906869, 1, 0, 0
19719, 40373954, 1, 0, 0
19813, 34631426, 1, 0, 0
19911, 37381244, 1, 0, 0
20010, 43307211, 1, 0, 0
20108, 36043426, 1, 0, 0
20227, 33676145, 1, 0, 0
20356, 72798665, 1, 0, 0
20419, 123351082, 1, 0, 0
20573, 132379750, 1, 0, 0
20633, 147915099, 1, 0, 0
20706, 130518817, 1, 0, 0
20804, 93740460, 1, 0, 0
20900, 36737315, 1, 0, 0
21010, 31657268, 1, 0, 0
21110, 45413473, 1, 0, 0
21212, 36827598, 1, 0, 0
21319, 38611120, 1, 0, 0
21411, 45256857, 1, 0, 0
21500, 35739118, 1, 0, 0
21601, 33847989, 1, 0, 0
21719, 42348936, 1, 0, 0
21812, 40096070, 1, 0, 0
21910, 38032585, 1, 0, 0
22002, 42054484, 1, 0, 0
22110, 42649161, 1, 0, 0
22210, 37684702, 1, 0, 0
22321, 39092984, 1, 0, 0
22403, 43091670, 1, 0, 0
22515, 39827098, 1, 0, 0
22614, 31174406, 1, 0, 0
22722, 36423491, 1, 0, 0
22803, 42340925, 1, 0, 0
22902, 33978128, 1, 0, 0
23024, 57145767, 1, 0, 0
23149, 118057477, 1, 0, 0
23218, 121250810, 1, 0, 0
23335, 129973250, 1, 0, 0
23401, 73209008, 1, 0, 0
23529, 78520673, 1, 0, 0
23623, 79805640, 1, 0, 0
23702, 56878641, 1, 0, 0
23803, 29814973, 1, 0, 0
23921, 42130466, 1, 0, 0
24001, 40056119, 1, 0, 0
24104, 36531822, 1, 0, 0
24203, 41979225, 1, 0, 0
24300, 40080328, 1, 0, 0
24417, 37811994, 1, 0, 0
24517, 43599921, 1, 0, 0
24614, 41399273, 1, 0, 0
24708, 31264410, 1, 0, 0
24808, 30872220, 1, 0, 0
24914, 32820553, 1, 0, 0
25008, 44567320, 1, 0, 0
25104, 35736998, 1, 0, 0
25220, 41076466, 1, 0, 0
25311, 44103293, 1, 0, 0
25412, 37458974, 1, 0, 0
25542, 41911553, 1, 0, 0
25603, 93908260, 1, 0, 0
25730, 122698461, 1, 0, 0
25858, 118898371, 1, 0, 0
25922, 122399003, 1, 0, 0
26039, 110703513, 1, 0, 0
26147, 105007214, 1, 0, 0
26210, 63954555, 1, 0, 0
26312, 37183291, 1, 0, 0
26417, 35942033, 1, 0, 0
26504, 38816674, 1, 0, 0
26620, 32391875, 1, 0, 0
26721, 44103077, 1, 0, 0
26810, 40456103, 1, 0, 0
26904, 37642139, 1, 0, 0
27017, 40300336, 1, 0, 0
27114, 40066444, 1, 0, 0
27207, 31644159, 1, 0, 0
27317, 40836780, 1, 0, 0
27405, 37247944, 1, 0, 0
27504, 38990665, 1, 0, 0
27600, 30188500, 1, 0, 0
27714, 36142939, 1, 0, 0
27813, 37139901, 1, 0, 0
27914, 34992975, 1, 0, 0
28004, 34795927, 1, 0, 0
28157, 64112514, 1, 0, 0
28210, 80711875, 1, 0, 0
28346, 117735444, 1, 0, 0
28417, 128140598, 1, 0, 0
28546, 132116617, 1, 0, 0
28622, 128298782, 1, 0, 0
28713, 107144004, 1, 0, 0
28814, 32153879, 1, 0, 0
28906, 35158828, 1, 0, 0
29005, 39241703, 1, 0, 0
29102, 36791717, 1, 0, 0
29200, 42333869, 1, 0, 0
29317, 40216566, 1, 0, 0
29404, 35774600, 1, 0, 0
29524, 35003080, 1, 0, 0
29606, 39776487, 1, 0, 0
29708, 32446715, 1, 0, 0
29819, 35117523, 1, 0, 0
29917, 32894905, 1, 0, 0
30004, 38734716, 1, 0, 0
30113, 34117232, 1, 0, 0
30216, 36959518, 1, 0, 0
30309, 40174733, 1, 0, 0
30407, 37628906, 1, 0, 0
30519, 42546033, 1, 0, 0
30617, 33720274, 1, 0, 0
30733, 46106642, 1, 0, 0
30805, 78891914, 1, 0, 0
30940, 97716883, 1, 0, 0
31066, 127444706, 1, 0, 0
31139, 124002642, 1, 0, 0
31219, 89984702, 1, 0, 0
31311, 40917765, 1, 0, 0
31416, 41178056, 1, 0, 0
31504, 31289117, 1, 0, 0
31608, 36738966, 1, 0, 0
31718, 41490333, 1, 0, 0
31807, 40915080, 1, 0, 0
31908, 40141549, 1, 0, 0
32015, 36207392, 1, 0, 0
32116, 28988416, 1, 0, 0
32200, 41595129, 1, 0, 0
32302, 32502810, 1, 0, 0
32413, 41641152, 1, 0, 0
32508, 36396393, 1, 0, 0
32612, 30016564, 1, 0, 0
32704, 45703903, 1, 0, 0
32808, 35603226, 1, 0, 0
32918, 39193960, 1, 0, 0
33006, 43312161, 1, 0, 0
33107, 34105270, 1, 0, 0
33222, 42215634, 1, 0, 0
33300, 39870242, 1, 0, 0
33417, 41583110, 1, 0, 0
33552, 106953281, 1, 0, 0
33609, 127121833, 1, 0, 0
33751, 125339989, 1, 0, 0
33818, 108803970, 1, 0, 0
33922, 131677775, 1, 0, 0
34015, 30913879, 1, 0, 0
34113, 36730798, 1, 0, 0
34202, 42652374, 1, 0, 0
34318, 33179701, 1, 0, 0
34403, 32403520, 1, 0, 0
34512, 35462401, 1, 0, 0
34610, 31194328, 1, 0, 0
34705, 35292465, 1, 0, 0
34815, 41717199, 1, 0, 0
34910, 37093940, 1, 0, 0
35006, 33911104, 1, 0, 0
35123, 38411917, 1, 0, 0
35203, 38246613, 1, 0, 0
35313, 48218958, 1, 0, 0
35408, 32657417, 1, 0, 0
35517, 36155768, 1, 0, 0
35611, 40099406, 1, 0, 0
35700, 40238447, 1, 0, 0
35814, 42003742, 1, 0, 0
35910, 40395406, 1, 0, 0
36009, 31070375, 1, 0, 0
36105, 41286515, 1, 0, 0
36233, 89078115, 1, 0, 0
36371, 128242033, 1, 0, 0
36428, 123599625, 1, 0, 0
36526, 116925491, 1, 0, 0
36622, 56605126, 1, 0, 0
36705, 48994275, 1, 0, 0
36817, 36473865, 1, 0, 0
36925, 41085211, 1, 0, 0
37005, 39147724, 1, 0, 0
37115, 40552723, 1, 0, 0
37201, 36143383, 1, 0, 0
37313, 34142491, 1, 0, 0
37417, 37992951, 1, 0, 0
37519, 36528722, 1, 0, 0
37615, 36508243, 1, 0, 0
37715, 41341709, 1, 0, 0
37813, 29480103, 1, 0, 0
37906, 30059584, 1, 0, 0
38012, 43936752, 1, 0, 0
38118, 34235152, 1, 0, 0
38208, 46177034, 1, 0, 0
38310, 37473887, 1, 0, 0
38414, 34193397, 1, 0, 0
38503, 41062304, 1, 0, 0
38618, 37739425, 1, 0, 0
38707, 42801748, 1, 0, 0
38843, 53395831, 1, 0, 0
38914, 64038601, 1, 0, 0
39030, 89045488, 1, 0, 0
39165, 116472337, 1, 0, 0
39235, 131984809, 1, 0, 0
39327, 107570408, 1, 0, 0
39417, 53862062, 1, 0, 0
39514, 37509746, 1, 0, 0
39605, 34831918, 1, 0, 0
39706, 38040878, 1, 0, 0
39810, 37889424, 1, 0, 0
39913, 34795835, 1, 0, 0
40011, 46231908, 1, 0, 0
40107, 35297502, 1, 0, 0
40200, 41198902, 1, 0, 0
40317, 31161056, 1, 0, 0
40412, 32055179, 1, 0, 0
40500, 36633344, 1, 0, 0
40608, 48298515, 1, 0, 0
40709, 44773001, 1, 0, 0
40817, 38868097, 1, 0, 0
40911, 39418206, 1, 0, 0
41022, 37437139, 1, 0, 0
41115, 44851903, 1, 0, 0
41214, 40692835, 1, 0, 0
41316, 35342671, 1, 0, 0
41420, 44252080, 1, 0, 0
41544, 63865744, 1, 0, 0
41605, 122673307, 1, 0, 0
41722, 105868308, 1, 0, 0
41852, 111824906, 1, 0, 0
41912, 111056642, 1, 0, 0
42012, 106011552, 1, 0, 0
42100, 36556217, 1, 0, 0
42207, 38580515, 1, 0, 0
42308, 32923636, 1, 0, 0
42403, 33445531, 1, 0, 0
42517, 37061605, 1, 0, 0
42602, 28912042, 1, 0, 0
42726, 43168623, 1, 0, 0
42813, 46008039, 1, 0, 0
42914, 37261926, 1, 0, 0
43002, 44140164, 1, 0, 0
43102, 35052947, 1, 0, 0
43201, 42560732, 1, 0, 0
43303, 35789260, 1, 0, 0
43412, 39171984, 1, 0, 0
43504, 48042744, 1, 0, 0
43603, 36452090, 1, 0, 0
43716, 38364310, 1, 0, 0
43802, 43927432, 1, 0, 0
43901, 36538295, 1, 0, 0
44018, 33734512, 1, 0, 0
44145, 36969840, 1, 0, 0
44207, 69932194, 1, 0, 0
44314, 107482100, 1, 0, 0
44445, 98748710, 1, 0, 0
44508, 126187043, 1, 0, 0
44636, 106501081, 1, 0, 0
44749, 85634531, 1, 0, 0
44810, 77510167, 1, 0, 0
44906, 35460075, 1, 0, 0
45021, 37950291, 1, 0, 0
45104, 40155596, 1, 0, 0
45212, 38454679, 1, 0, 0
45308, 38819596, 1, 0, 0
45420, 35044602, 1, 0, 0
45512, 38469614, 1, 0, 0
45613, 47744612, 1, 0, 0
45715, 36521763, 1, 0, 0
45803, 39079985, 1, 0, 0
45901, 45610978, 1, 0, 0
46019, 37854320, 1, 0, 0
46112, 44922923, 1, 0, 0
46200, 30217402, 1, 0, 0
46318, 34408364, 1, 0, 0
46411, 40507768, 1, 0, 0
46503, 38611679, 1, 0, 0
46619, 30500135, 1, 0, 0
46721, 37990221, 1, 0, 0
46820, 81669600, 1, 0, 0
46904, 79312228, 1, 0, 0
47036, 104774809, 1, 0, 0
47154, 103761575, 1, 0, 0
47216, 113327739, 1, 0, 0
47333, 102260224, 1, 0, 0
47404, 50440499, 1, 0, 0
47509, 42373371, 1, 0, 0
47615, 36350411, 1, 0, 0
47715, 40950254, 1, 0, 0
47804, 30501178, 1, 0, 0
47914, 40256689, 1, 0, 0
48010, 35103913, 1, 0, 0
48118, 30813921, 1, 0, 0
48204, 43509612, 1, 0, 0
48304, 29938237, 1, 0, 0
48420, 36418955, 1, 0, 0
48523, 47101919, 1, 0, 0
48617, 34256117, 1, 0, 0
48704, 30591652, 1, 0, 0
48815, 31277410, 1, 0, 0
48913, 36132741, 1, 0, 0
49012, 32774073, 1, 0, 0
49101, 26133892, 1, 0, 0
49210, 41641603, 1, 0, 0
49304, 31151811, 1, 0, 0
49401, 41621664, 1, 0, 0
49515, 101153702, 1, 0, 0
49640, 98853817, 1, 0, 0
49704, 68303903, 1, 0, 0
49818, 113130345, 1, 0, 0
49919, 105321301, 1, 0, 0
50004, 61444985, 1, 0, 0
50117, 40359952, 1, 0, 0
50201, 40132360, 1, 0, 0
50319, 36834856, 1, 0, 0
50409, 41840099, 1, 0, 0
50507, 39677841, 1, 0, 0
50601, 42685121, 1, 0, 0
50718, 37286248, 1, 0, 0
50810, 38975072, 1, 0, 0
50900, 42619000, 1, 0, 0
51013, 33408872, 1, 0, 0
51108, 37357746, 1, 0, 0
51205, 35048134, 1, 0, 0
51314, 38265061, 1, 0, 0
51411, 37303308, 1, 0, 0
51501, 37028803, 1, 0, 0
51604, 38479053, 1, 0, 0
51708, 35867704, 1, 0, 0
51803, 32430001, 1, 0, 0
51908, 38774757, 1, 0, 0
52018, 100596334, 1, 0, 0
52142, 81582126, 1, 0, 0
52207, 117814491, 1, 0, 0
52323, 108436610, 1, 0, 0
52418, 99057738, 1, 0, 0
52517, 91883647, 1, 0, 0
52609, 70598674, 1, 0, 0
52703, 45153879, 1, 0, 0
52801, 35656269, 1, 0, 0
52910, 37323454, 1, 0, 0
53009, 40047643, 1, 0, 0
53118, 39119795, 1, 0, 0
53206, 44940101, 1, 0, 0
53310, 26400366, 1, 0, 0
53410, 38516259, 1, 0, 0
53506, 35874032, 1, 0, 0
53609, 42127515, 1, 0, 0
53714, 33729171, 1, 0, 0
53805, 41274514, 1, 0, 0
53907, 38513572, 1, 0, 0
54006, 29110997, 1, 0, 0
54119, 38601551, 1, 0, 0
54217, 37108525, 1, 0, 0
54301, 38420858, 1, 0, 0
54418, 39460370, 1, 0, 0
54535, 47113096, 1, 0, 0
54645, 89281780, 1, 0, 0
54709, 104566802, 1, 0, 0
54836, 116371191, 1, 0, 0
54955, 121624049, 1, 0, 0
55051, 91056382, 1, 0, 0
55150, 91328013, 1, 0, 0
55206, 61621774, 1, 0, 0
55317, 37764618, 1, 0, 0
55411, 44516790, 1, 0, 0
55508, 36214210, 1, 0, 0
55620, 39860913, 1, 0, 0
55715, 35020099, 1, 0, 0
55805, 39720739, 1, 0, 0
55913, 41455878, 1, 0, 0
56012, 37458725, 1, 0, 0
56106, 44264005, 1, 0, 0
56204, 38152650, 1, 0, 0
56314, 34626129, 1, 0, 0
56415, 43821260, 1, 0, 0
56500, 34833906, 1, 0, 0
56602, 34163019, 1, 0, 0
56717, 42862355, 1, 0, 0
56818, 28237356, 1, 0, 0
56904, 36186961, 1, 0, 0
57013, 35141791, 1, 0, 0
57138, 41395688, 1, 0, 0
57259, 95163084, 1, 0, 0
57320, 119508082, 1, 0, 0
57435, 120817390, 1, 0, 0
57513, 102697628, 1, 0, 0
57614, 113170738, 1, 0, 0
57715, 90979193, 1, 0, 0
57816, 72496974, 1, 0, 0
57922, 38562644, 1, 0, 0
58016, 42358944, 1, 0, 0
58100, 32557861, 1, 0, 0
58221, 35444589, 1, 0, 0
58311, 41128624, 1, 0, 0
58410, 37004259, 1, 0, 0
58500, 38755608, 1, 0, 0
58611, 44413806, 1, 0, 0
58714, 39571392, 1, 0, 0
58808, 40156884, 1, 0, 0
58922, 41021646, 1, 0, 0
59009, 44198464, 1, 0, 0
59105, 35010979, 1, 0, 0
59219, 42554795, 1, 0, 0
59314, 39169725, 1, 0, 0
59401, 39169619, 1, 0, 0
59518, 43473796, 1, 0, 0
59615, 33789758, 1, 0, 0
59749, 38459096, 1, 0, 0
59812, 79438412, 1, 0, 0
59931, 118979948, 1, 0, 0
60052, 87070416, 1, 0, 0
60112, 113829632, 1, 0, 0
60229, 108186394, 1, 0, 0
60333, 89178844, 1, 0, 0
60415, 40744698, 1, 0, 0
60518, 38505959, 1, 0, 0
60607, 42258285, 1, 0, 0
60703, 45473996, 1, 0, 0
60804, 40074031, 1, 0, 0
60905, 29908741, 1, 0, 0
61024, 38348571, 1, 0, 0
61107, 44404247, 1, 0, 0
61209, 37671700, 1, 0, 0
61302, 41888125, 1, 0, 0
61400, 37267397, 1, 0, 0
61514, 36460005, 1, 0, 0
61615, 38129907, 1, 0, 0
61714, 28412685, 1, 0, 0
61809, 39858321, 1, 0, 0
61900, 43462672, 1, 0, 0
62018, 35323062, 1, 0, 0
62101, 30690878, 1, 0, 0
62233, 44865369, 1, 0, 0
62356, 67767000, 1, 0, 0
62411, 120259477, 1, 0, 0
62530, 67202137, 1, 0, 0
62653, 99566177, 1, 0, 0
62716, 118388884, 1, 0, 0
62832, 111796814, 1, 0, 0
62917, 98194385, 1, 0, 0
63006, 51485421, 1, 0, 0
63100, 32924564, 1, 0, 0
63206, 34111510, 1, 0, 0
63321, 28207888, 1, 0, 0
63404, 33250217, 1, 0, 0
63516, 40053383, 1, 0, 0
63615, 30461514, 1, 0, 0
63708, 42198016, 1, 0, 0
63808, 38424998, 1, 0, 0
63903, 39379152, 1, 0, 0
64016, 40341189, 1, 0, 0
64113, 38486707, 1, 0, 0
64217, 32830126, 1, 0, 0
64307, 41163741, 1, 0, 0
64403, 36319841, 1, 0, 0
64501, 42189773, 1, 0, 0
64608, 37740383, 1, 0, 0
64718, 35198181, 1, 0, 0
64825, 44615343, 1, 0, 0
64938, 69024825, 1, 0, 0
65002, 110734196, 1, 0, 0
65112, 111273881, 1, 0, 0
65236, 104605487, 1, 0, 0
65360, 119779674, 1, 0, 0
65416, 102787457, 1, 0, 0
65518, 107681550, 1, 0, 0
65606, 48750182, 1, 0, 0
65700, 31549910, 1, 0, 0
65808, 39692518, 1, 0, 0
65906, 37552428, 1, 0, 0
66012, 35944381, 1, 0, 0
66112, 32479127, 1, 0, 0
66201, 36153862, 1, 0, 0
66302, 34875633, 1, 0, 0
66408, 37875684, 1, 0, 0
66510, 32395800, 1, 0, 0
66602, 41532122, 1, 0, 0
66718, 36859051, 1, 0, 0
66808, 36399117, 1, 0, 0
66917, 42464091, 1, 0, 0
67019, 38148954, 1, 0, 0
67104, 42340574, 1, 0, 0
67201, 31041307, 1, 0, 0
67316, 31856141, 1, 0, 0
67447, 39044843, 1, 0, 0
67505, 63873488, 1, 0, 0
67628, 59922598, 1, 0, 0
67752, 117488258, 1, 0, 0
67809, 120340506, 1, 0, 0
67921, 115152634, 1, 0, 0
68023, 98655406, 1, 0, 0
68111, 99961000, 1, 0, 0
68221, 35482604, 1, 0, 0
68311, 42771562, 1, 0, 0
68409, 38314438, 1, 0, 0
68515, 33429712, 1, 0, 0
68603, 42683419, 1, 0, 0
68707, 45377207, 1, 0, 0
68808, 40002845, 1, 0, 0
68907, 35915967, 1, 0, 0
69025, 42827688, 1, 0, 0
69119, 42304686, 1, 0, 0
69204, 33787207, 1, 0, 0
69301, 39959360, 1, 0, 0
69416, 43083045, 1, 0, 0
69517, 34590368, 1, 0, 0
69600, 37949761, 1, 0, 0
69715, 41934666, 1, 0, 0
69811, 37141966, 1, 0, 0
69914, 30700392, 1, 0, 0
70026, 42542185, 1, 0, 0
70139, 89061472, 1, 0, 0
70204, 97748748, 1, 0, 0
70325, 84751866, 1, 0, 0
70440, 114626256, 1, 0, 0
70500, 112955786, 1, 0, 0
70640, 84090671, 1, 0, 0
70709, 53062790, 1, 0, 0
70821, 30642921, 1, 0, 0
70913, 45998893, 1, 0, 0
71014, 36171222, 1, 0, 0
71118, 37869160, 1, 0, 0
71216, 41676921, 1, 0, 0
71313, 33611310, 1, 0, 0
71420, 38030598, 1, 0, 0
71513, 46683670, 1, 0, 0
71610, 34883670, 1, 0, 0
71720, 37196110, 1, 0, 0
71820, 45303507, 1, 0, 0
71914, 42325676, 1, 0, 0
72002, 39968496, 1, 0, 0
72100, 39110416, 1, 0, 0
72211, 35239912, 1, 0, 0
72316, 43140652, 1, 0, 0
72413, 34738282, 1, 0, 0
72501, 36613111, 1, 0, 0
72645, 59261773, 1, 0, 0
72700, 90515591, 1, 0, 0
72848, 110020461, 1, 0, 0
72900, 103008477, 1, 0, 0
73027, 114587169, 1, 0, 0
73149, 95683839, 1, 0, 0
73216, 119267603, 1, 0, 0
73306, 56147910, 1, 0, 0
73409, 32826955, 1, 0, 0
73511, 34962937, 1, 0, 0
73607, 45610615, 1, 0, 0
73703, 39032922, 1, 0, 0
73816, 28139244, 1, 0, 0
73905, 44418219, 1, 0, 0
74002, 36081651, 1, 0, 0
74116, 39593990, 1, 0, 0
74213, 34371141, 1, 0, 0
74307, 40453056, 1, 0, 0
74402, 33135418, 1, 0, 0
74515, 38287177, 1, 0, 0
74608, 34061827, 1, 0, 0
74715, 37827389, 1, 0, 0
74809, 37429385, 1, 0, 0
74917, 41228787, 1, 0, 0
75014, 26571996, 1, 0, 0
75162, 35020784, 1, 0, 0
75218, 96151060, 1, 0, 0
75334, 126031051, 1, 0, 0
75458, 112878524, 1, 0, 0
75513, 122609864, 1, 0, 0
75631, 99764227, 1, 0, 0
75739, 96767909, 1, 0, 0
75804, 51026908, 1, 0, 0
75917, 37916294, 1, 0, 0
76011, 33639000, 1, 0, 0
76101, 37904111, 1, 0, 0
76219, 36909141, 1, 0, 0
76304, 38857425, 1, 0, 0
76401, 27442852, 1, 0, 0
76518, 42092747, 1, 0, 0
76613, 36322370, 1, 0, 0
76715, 39176872, 1, 0, 0
76808, 36264465, 1, 0, 0
76914, 40472403, 1, 0, 0
77010, 31925702, 1, 0, 0
77103, 42915163, 1, 0, 0
77208, 41729247, 1, 0, 0
77307, 31363227, 1, 0, 0
77417, 42861811, 1, 0, 0
77502, 36417978, 1, 0, 0
77604, 40037775, 1, 0, 0
77720, 40816984, 1, 0, 0
77841, 106347609, 1, 0, 0
77969, 105100615, 1, 0, 0
78023, 90738960, 1, 0, 0
78142, 110890197, 1, 0, 0
78204, 110926084, 1, 0, 0
78324, 114195143, 1, 0, 0
78412, 75367723, 1, 0, 0
78514, 35321202, 1, 0, 0
78618, 35739958, 1, 0, 0
78711, 42044061, 1, 0, 0
78811, 32972694, 1, 0, 0
78913, 32527664, 1, 0, 0
79006, 43579394, 1, 0, 0
79115, 44095202, 1, 0, 0
79218, 33918105, 1, 0, 0
79300, 36765073, 1, 0, 0
79403, 34312942, 1, 0, 0
79517, 43831835, 1, 0, 0
79618, 37298689, 1, 0, 0
79708, 34351809, 1, 0, 0
79810, 34760323, 1, 0, 0
79916, 34910089, 1, 0, 0
80003, 34828731, 1, 0, 0
80114, 36030516, 1, 0, 0
80228, 46014010, 1, 0, 0
80307, 75233776, 1, 0, 0
80418, 125803925, 1, 0, 0
80540, 105504556, 1, 0, 0
80657, 106141572, 1, 0, 0
80713, 111748439, 1, 0, 0
80838, 84632947, 1, 0, 0
80903, 112603388, 1, 0, 0
81008, 40621651, 1, 0, 0
81120, 33026439, 1, 0, 0
81204, 39757655, 1, 0, 0
81318, 41269705, 1, 0, 0
81411, 44255879, 1, 0, 0
81512, 37834703, 1, 0, 0
81617, 32311358, 1, 0, 0
81717, 37476413, 1, 0, 0
81805, 39409726, 1, 0, 0
81918, 40059348, 1, 0, 0
82000, 39302062, 1, 0, 0
82101, 35123959, 1, 0, 0
82201, 39904449, 1, 0, 0
82317, 39419622, 1, 0, 0
82418, 35300654, 1, 0, 0
82519, 47387382, 1, 0, 0
82609, 41908563, 1, 0, 0
82707, 38652710, 1, 0, 0
82830, 36315678, 1, 0, 0
82942, 59602289, 1, 0, 0
83034, 109726368, 1, 0, 0
83152, 140052964, 1, 0, 0
83211, 111053775, 1, 0, 0
83328, 93620733, 1, 0, 0
83403, 68854985, 1, 0, 0
83501, 121315872, 1, 0, 0
83601, 49327149, 1, 0, 0
83725, 39062237, 1, 0, 0
83820, 42131810, 1, 0, 0
83917, 39549345, 1, 0, 0
84005, 36376119, 1, 0, 0
84115, 40615905, 1, 0, 0
84212, 37119241, 1, 0, 0
84300, 35100631, 1, 0, 0
84418, 45476456, 1, 0, 0
84517, 39705247, 1, 0, 0
84621, 37222407, 1, 0, 0
84717, 36842914, 1, 0, 0
84802, 32860948, 1, 0, 0
84900, 36042992, 1, 0, 0
85017, 41538903, 1, 0, 0
85115, 39001821, 1, 0, 0
85214, 30666571, 1, 0, 0
85305, 33359755, 1, 0, 0
85426, 41981188, 1, 0, 0
85542, 98583695, 1, 0, 0
85620, 79526650, 1, 0, 0
85718, 120571568, 1, 0, 0
85843, 101696083, 1, 0, 0
85904, 123216841, 1, 0, 0
86029, 124262082, 1, 0, 0
86111, 97146330, 1, 0, 0
86207, 34616195, 1, 0, 0
86319, 35018350, 1, 0, 0
86406, 39161860, 1, 0, 0
86508, 38870185, 1, 0, 0
86610, 40823013, 1, 0, 0
86712, 34503404, 1, 0, 0
86813, 44141942, 1, 0, 0
86913, 47193945, 1, 0, 0
87001, 40681959, 1, 0, 0
87117, 38802976, 1, 0, 0
87211, 36322830, 1, 0, 0
87315, 43444807, 1, 0, 0
87419, 36865576, 1, 0, 0
87514, 43157209, 1, 0, 0
87618, 43318982, 1, 0, 0
87718, 33417090, 1, 0, 0
87810, 37060770, 1, 0, 0
87912, 39621101, 1, 0, 0
88002, 39641921, 1, 0, 0
88125, 67330585, 1, 0, 0
88242, 88026009, 1, 0, 0
88356, 110427350, 1, 0, 0
88427, 62169527, 1, 0, 0
88535, 92532066, 1, 0, 0
88653, 86555125, 1, 0, 0
88701, 107641115, 1, 0, 0
88817, 47377047, 1, 0, 0
88910, 40832676, 1, 0, 0
89001, 45165997, 1, 0, 0
89100, 26650504, 1, 0, 0
89209, 32501456, 1, 0, 0
89317, 40566539, 1, 0, 0
89414, 37337439, 1, 0, 0
89508, 33783165, 1, 0, 0
89601, 42984214, 1, 0, 0
89713, 39676961, 1, 0, 0
89812, 37625720, 1, 0, 0
89920, 38196461, 1, 0, 0
90007, 43538971, 1, 0, 0
90025, 41181522, 1, 0, 0
