102, 31593091, 1, 0, 0
220, 28418822, 1, 0, 0
315, 43969685, 1, 0, 0
402, 41550767, 1, 0, 0
503, 37179760, 1, 0, 0
620, 31824212, 1, 0, 0
705, 40608296, 1, 0, 0
806, 33627520, 1, 0, 0
903, 33257724, 1, 0, 0
1003, 48256952, 1, 0, 0
1110, 39963206, 1, 0, 0
1209, 31066066, 1, 0, 0
1300, 39751443, 1, 0, 0
1403, 39804606, 1, 0, 0
1514, 43886491, 1, 0, 0
1621, 37509668, 1, 0, 0
1712, 40816181, 1, 0, 0
1809, 36568775, 1, 0, 0
1940, 39089903, 1, 0, 0
2057, 91517344, 1, 0, 0
2116, 112264207, 1, 0, 0
2242, 123821220, 1, 0, 0
2309, 117419626, 1, 0, 0
2442, 109267712, 1, 0, 0
2508, 129170248, 1, 0, 0
2616, 105543588, 1, 0, 0
2714, 34314324, 1, 0, 0
2800, 37933552, 1, 0, 0
2915, 41850160, 1, 0, 0
3013, 36853163, 1, 0, 0
3105, 40808933, 1, 0, 0
3206, 42077610, 1, 0, 0
3310, 32245780, 1, 0, 0
3420, 39917677, 1, 0, 0
3507, 39697472, 1, 0, 0
3610, 38029121, 1, 0, 0
3715, 34356823, 1, 0, 0
3800, 31257585, 1, 0, 0
3912, 37304643, 1, 0, 0
4009, 38289667, 1, 0, 0
4119, 37608282, 1, 0, 0
4200, 35811283, 1, 0, 0
4306, 37048549, 1, 0, 0
4404, 34210612, 1, 0, 0
4519, 79667535, 1, 0, 0
4649, 103350730, 1, 0, 0
4719, 122432667, 1, 0, 0
4841, 112564072, 1, 0, 0
4901, 119997782, 1, 0, 0
5034, 98940674, 1, 0, 0
5107, 76273913, 1, 0, 0
5205, 41282108, 1, 0, 0
5314, 34838088, 1, 0, 0
5407, 36691069, 1, 0, 0
5503, 33129986, 1, 0, 0
5617, 42313933, 1, 0, 0
5709, 36634226, 1, 0, 0
5805, 38086532, 1, 0, 0
5923, 42254329, 1, 0, 0
6009, 36535319, 1, 0, 0
6115, 40104154, 1, 0, 0
6204, 35648276, 1, 0, 0
6309, 40205664, 1, 0, 0
6420, 40454454, 1, 0, 0
6509, 34536155, 1, 0, 0
6607, 31500412, 1, 0, 0
6716, 37904037, 1, 0, 0
6816, 33782701, 1, 0, 0
6900, 36553832, 1, 0, 0
7007, 46656858, 1, 0, 0
7140, 85685625, 1, 0, 0
7202, 122612533, 1, 0, 0
7329, 97810129, 1, 0, 0
7401, 124571518, 1, 0, 0
7516, 79069806, 1, 0, 0
7616, 36082988, 1, 0, 0
7715, 42894246, 1, 0, 0
7812, 34658991, 1, 0, 0
7910, 30896748, 1, 0, 0
8008, 43139913, 1, 0, 0
8100, 38963373, 1, 0, 0
8201, 33381307, 1, 0, 0
8300, 32048196, 1, 0, 0
8412, 36933877, 1, 0, 0
8510, 40197566, 1, 0, 0
8611, 41837546, 1, 0, 0
8713, 30425307, 1, 0, 0
8804, 42296929, 1, 0, 0
8903, 35048387, 1, 0, 0
9004, 37153438, 1, 0, 0
9100, 38629464, 1, 0, 0
9219, 33714733, 1, 0, 0
9302, 56561746, 1, 0, 0
9426, 55529742, 1, 0, 0
9517, 63798788, 1, 0, 0
9639, 63214628, 1, 0, 0
9706, 117854060, 1, 0, 0
9874, 138915674, 1, 0, 0
9949, 167394363, 1, 0, 0
10019, 160044696, 1, 0, 0
10120, 107547858, 1, 0, 0
10226, 42373090, 1, 0, 0
10303, 44292801, 1, 0, 0
10410, 34550146, 1, 0, 0
10515, 50288495, 1, 0, 0
10604, 44397428, 1, 0, 0
10702, 31232442, 1, 0, 0
10802, 37903843, 1, 0, 0
10916, 36582621, 1, 0, 0
11016, 39099256, 1, 0, 0
11106, 36343785, 1, 0, 0
11201, 44583438, 1, 0, 0
11312, 44391827, 1, 0, 0
11405, 37195130, 1, 0, 0
11518, 34187076, 1, 0, 0
11613, 35324027, 1, 0, 0
11717, 46660981, 1, 0, 0
11808, 40054843, 1, 0, 0
11905, 30073318, 1, 0, 0
12019, 35121398, 1, 0, 0
12104, 37180711, 1, 0, 0
12233, 41198218, 1, 0, 0
12301, 74535461, 1, 0, 0
12433, 105742952, 1, 0, 0
12562, 123534795, 1, 0, 0
12632, 107878058, 1, 0, 0
12715, 98129541, 1, 0, 0
12802, 39499902, 1, 0, 0
12910, 37534763, 1, 0, 0
13005, 46290428, 1, 0, 0
13114, 35347320, 1, 0, 0
13205, 41392888, 1, 0, 0
13313, 40075680, 1, 0, 0
13404, 35583689, 1, 0, 0
13511, 35247194, 1, 0, 0
13606, 40345775, 1, 0, 0
13702, 35360114, 1, 0, 0
13814, 40736763, 1, 0, 0
13919, 41090330, 1, 0, 0
14000, 37620916, 1, 0, 0
14114, 43995010, 1, 0, 0
14209, 34755062, 1, 0, 0
14319, 33243034, 1, 0, 0
14413, 35198083, 1, 0, 0
14511, 35297317, 1, 0, 0
14606, 34093264, 1, 0, 0
14712, 37503206, 1, 0, 0
14817, 37658245, 1, 0, 0
14931, 49603799, 1, 0, 0
15058, 105070343, 1, 0, 0
15119, 121173175, 1, 0, 0
15251, 121574915, 1, 0, 0
15319, 120061453, 1, 0, 0
15405, 91539008, 1, 0, 0
15500, 50146398, 1, 0, 0
15617, 33145533, 1, 0, 0
15719, 41205346, 1, 0, 0
15803, 38335078, 1, 0, 0
15918, 35061399, 1, 0, 0
16017, 35424098, 1, 0, 0
16101, 35800497, 1, 0, 0
16217, 42922507, 1, 0, 0
16313, 39574232, 1, 0, 0
16417, 33607680, 1, 0, 0
16504, 43550415, 1, 0, 0
16620, 33220899, 1, 0, 0
16713, 43789689, 1, 0, 0
16814, 41366850, 1, 0, 0
16902, 37008841, 1, 0, 0
17010, 36817117, 1, 0, 0
17117, 35729123, 1, 0, 0
17209, 34628047, 1, 0, 0
17305, 37477211, 1, 0, 0
17403, 37156014, 1, 0, 0
17524, 36533804, 1, 0, 0
17642, 70313371, 1, 0, 0
17712, 115752237, 1, 0, 0
17839, 117007359, 1, 0, 0
17903, 122325306, 1, 0, 0
18035, 124489234, 1, 0, 0
18105, 84442348, 1, 0, 0
18204, 37218608, 1, 0, 0
18300, 44504149, 1, 0, 0
18419, 32707804, 1, 0, 0
18512, 33871999, 1, 0, 0
18620, 38919086, 1, 0, 0
18710, 45363118, 1, 0, 0
18811, 34373974, 1, 0, 0
18902, 40505926, 1, 0, 0
19014, 41074857, 1, 0, 0
19117, 33295685, 1, 0, 0
19214, 38906217, 1, 0, 0
19301, 42188805, 1, 0, 0
19419, 36465817, 1, 0, 0
19512, 37869961, 1, 0, 0
19617, 36363264, 1, 0, 0
19704, 35053295, 1, 0, 0
19812, 39214428, 1, 0, 0
19913, 32220327, 1, 0, 0
20012, 40561481, 1, 0, 0
20114, 43416795, 1, 0, 0
20211, 34791670, 1, 0, 0
20306, 53325706, 1, 0, 0
20442, 114565761, 1, 0, 0
20514, 79220869, 1, 0, 0
20657, 134524972, 1, 0, 0
20730, 111609333, 1, 0, 0
20806, 97392233, 1, 0, 0
20905, 32175923, 1, 0, 0
21010, 36932858, 1, 0, 0
21109, 43703826, 1, 0, 0
21217, 34216753, 1, 0, 0
21320, 36141097, 1, 0, 0
21414, 43129129, 1, 0, 0
21502, 44271577, 1, 0, 0
21605, 33737135, 1, 0, 0
21719, 39361624, 1, 0, 0
21811, 42202577, 1, 0, 0
21911, 34349053, 1, 0, 0
22003, 41713293, 1, 0, 0
22114, 39895587, 1, 0, 0
22215, 30322421, 1, 0, 0
22319, 30804454, 1, 0, 0
22409, 43240797, 1, 0, 0
22519, 32654598, 1, 0, 0
22600, 41177763, 1, 0, 0
22700, 34575344, 1, 0, 0
22806, 36850151, 1, 0, 0
22926, 30938130, 1, 0, 0
23047, 90478317, 1, 0, 0
23103, 104876000, 1, 0, 0
23242, 106751738, 1, 0, 0
23307, 134393324, 1, 0, 0
23424, 66426102, 1, 0, 0
23553, 110940471, 1, 0, 0
23647, 124313372, 1, 0, 0
23706, 58244332, 1, 0, 0
23805, 34105506, 1, 0, 0
23900, 33455349, 1, 0, 0
24006, 37541671, 1, 0, 0
24104, 35859312, 1, 0, 0
24203, 38456990, 1, 0, 0
24301, 41481819, 1, 0, 0
24419, 31946422, 1, 0, 0
24512, 38369590, 1, 0, 0
24602, 34304604, 1, 0, 0
24702, 38124898, 1, 0, 0
24813, 33536897, 1, 0, 0
24916, 37011251, 1, 0, 0
25009, 39609335, 1, 0, 0
25109, 39937532, 1, 0, 0
25220, 33933020, 1, 0, 0
25311, 41054708, 1, 0, 0
25409, 33676424, 1, 0, 0
25507, 39626145, 1, 0, 0
25626, 64706816, 1, 0, 0
25700, 92394784, 1, 0, 0
25819, 124573256, 1, 0, 0
25945, 107897421, 1, 0, 0
26000, 116489673, 1, 0, 0
26116, 114295063, 1, 0, 0
26215, 90149138, 1, 0, 0
26315, 35877472, 1, 0, 0
26417, 37472724, 1, 0, 0
26506, 41776241, 1, 0, 0
26602, 34670076, 1, 0, 0
26718, 42014936, 1, 0, 0
26813, 42675335, 1, 0, 0
26909, 35305626, 1, 0, 0
27020, 39681214, 1, 0, 0
27111, 42532898, 1, 0, 0
27212, 36659638, 1, 0, 0
27317, 29282408, 1, 0, 0
27411, 42543065, 1, 0, 0
27507, 33631939, 1, 0, 0
27602, 33850625, 1, 0, 0
27714, 39652965, 1, 0, 0
27800, 37985502, 1, 0, 0
27915, 27146535, 1, 0, 0
28006, 41940867, 1, 0, 0
28115, 42991677, 1, 0, 0
28233, 95732487, 1, 0, 0
28305, 68493585, 1, 0, 0
28441, 88744423, 1, 0, 0
28509, 113534428, 1, 0, 0
28647, 116112127, 1, 0, 0
28717, 115520122, 1, 0, 0
28812, 42702422, 1, 0, 0
28904, 41833930, 1, 0, 0
29003, 45146740, 1, 0, 0
29105, 40367762, 1, 0, 0
29204, 38383296, 1, 0, 0
29315, 34239733, 1, 0, 0
29406, 32661568, 1, 0, 0
29521, 39540724, 1, 0, 0
29610, 44396870, 1, 0, 0
29708, 35203597, 1, 0, 0
29802, 43454236, 1, 0, 0
29904, 37024793, 1, 0, 0
30006, 36816150, 1, 0, 0
30115, 41047939, 1, 0, 0
30216, 38915159, 1, 0, 0
30313, 42446275, 1, 0, 0
30410, 39741641, 1, 0, 0
30522, 37881782, 1, 0, 0
30601, 39581468, 1, 0, 0
30700, 38249634, 1, 0, 0
30829, 70333869, 1, 0, 0
30963, 116409537, 1, 0, 0
31021, 130338032, 1, 0, 0
31162, 117696156, 1, 0, 0
31202, 132214749, 1, 0, 0
31310, 49086564, 1, 0, 0
31400, 39452894, 1, 0, 0
31517, 36279308, 1, 0, 0
31605, 40726880, 1, 0, 0
31703, 30618693, 1, 0, 0
31810, 38637788, 1, 0, 0
31913, 41988280, 1, 0, 0
32014, 30308131, 1, 0, 0
32112, 38444675, 1, 0, 0
32205, 42852511, 1, 0, 0
32302, 34792358, 1, 0, 0
32416, 43503863, 1, 0, 0
32512, 34022118, 1, 0, 0
32614, 30632130, 1, 0, 0
32709, 42982184, 1, 0, 0
32811, 34346241, 1, 0, 0
32917, 36519155, 1, 0, 0
33008, 36744736, 1, 0, 0
33111, 39762156, 1, 0, 0
33200, 33837259, 1, 0, 0
33304, 43067326, 1, 0, 0
33439, 42004611, 1, 0, 0
33501, 91969335, 1, 0, 0
33632, 116358251, 1, 0, 0
33701, 127196889, 1, 0, 0
33841, 125639037, 1, 0, 0
33914, 112473732, 1, 0, 0
34017, 73296679, 1, 0, 0
34115, 38808376, 1, 0, 0
34205, 40220582, 1, 0, 0
34302, 36102711, 1, 0, 0
34405, 34193598, 1, 0, 0
34517, 35911508, 1, 0, 0
34613, 33127635, 1, 0, 0
34704, 39564654, 1, 0, 0
34813, 38287313, 1, 0, 0
34904, 32727484, 1, 0, 0
35009, 36591916, 1, 0, 0
35122, 34693544, 1, 0, 0
35226, 36448774, 1, 0, 0
35320, 50840399, 1, 0, 0
35413, 36583420, 1, 0, 0
35517, 30631289, 1, 0, 0
35617, 40221192, 1, 0, 0
35724, 41042046, 1, 0, 0
35812, 38953576, 1, 0, 0
35915, 41357697, 1, 0, 0
36014, 28523971, 1, 0, 0
36128, 40079513, 1, 0, 0
36256, 95467368, 1, 0, 0
36320, 126041769, 1, 0, 0
36451, 127431871, 1, 0, 0
36520, 124926275, 1, 0, 0
36618, 69395169, 1, 0, 0
36701, 42874245, 1, 0, 0
36813, 35974657, 1, 0, 0
36900, 29642912, 1, 0, 0
37011, 41234261, 1, 0, 0
37120, 36053576, 1, 0, 0
37206, 43620694, 1, 0, 0
37312, 31313735, 1, 0, 0
37401, 44418275, 1, 0, 0
37520, 31155369, 1, 0, 0
37612, 41219900, 1, 0, 0
37700, 39217178, 1, 0, 0
37816, 33554107, 1, 0, 0
37905, 34429698, 1, 0, 0
38000, 45013736, 1, 0, 0
38120, 35043343, 1, 0, 0
38212, 40133339, 1, 0, 0
38308, 36078875, 1, 0, 0
38417, 33595256, 1, 0, 0
38508, 34904538, 1, 0, 0
38616, 31352840, 1, 0, 0
38709, 44239609, 1, 0, 0
38803, 40677924, 1, 0, 0
38938, 77358564, 1, 0, 0
39053, 119038818, 1, 0, 0
39122, 103528937, 1, 0, 0
39258, 124315933, 1, 0, 0
39319, 127940850, 1, 0, 0
39421, 69912835, 1, 0, 0
39516, 38397969, 1, 0, 0
39607, 39934808, 1, 0, 0
39710, 37603903, 1, 0, 0
39814, 35721988, 1, 0, 0
39914, 35234035, 1, 0, 0
40014, 45703513, 1, 0, 0
40109, 35431068, 1, 0, 0
40222, 36386318, 1, 0, 0
40312, 45099528, 1, 0, 0
40417, 40356466, 1, 0, 0
40501, 28598465, 1, 0, 0
40607, 47103863, 1, 0, 0
40704, 45931924, 1, 0, 0
40814, 37847402, 1, 0, 0
40916, 37505378, 1, 0, 0
41000, 35240207, 1, 0, 0
41115, 34649271, 1, 0, 0
41201, 38812609, 1, 0, 0
41317, 28516727, 1, 0, 0
41410, 38598556, 1, 0, 0
41568, 56581494, 1, 0, 0
41628, 100197155, 1, 0, 0
41746, 115564723, 1, 0, 0
41807, 98758691, 1, 0, 0
41935, 115232517, 1, 0, 0
42017, 116758454, 1, 0, 0
42100, 45940496, 1, 0, 0
42212, 41429796, 1, 0, 0
42308, 32206736, 1, 0, 0
42401, 29830097, 1, 0, 0
42504, 36041826, 1, 0, 0
42603, 32975695, 1, 0, 0
42718, 39627434, 1, 0, 0
42821, 40529439, 1, 0, 0
42915, 37277185, 1, 0, 0
43006, 39335107, 1, 0, 0
43103, 39423947, 1, 0, 0
43224, 35974763, 1, 0, 0
43308, 46561730, 1, 0, 0
43411, 38575529, 1, 0, 0
43511, 45063590, 1, 0, 0
43607, 37384436, 1, 0, 0
43716, 40018971, 1, 0, 0
43809, 45106517, 1, 0, 0
43903, 34672134, 1, 0, 0
44017, 42460323, 1, 0, 0
44100, 42544688, 1, 0, 0
44231, 36041779, 1, 0, 0
44337, 100282201, 1, 0, 0
44408, 72948145, 1, 0, 0
44531, 124545909, 1, 0, 0
44659, 84736418, 1, 0, 0
44710, 85768238, 1, 0, 0
44812, 113002110, 1, 0, 0
44909, 52214517, 1, 0, 0
45020, 37084763, 1, 0, 0
45107, 43735574, 1, 0, 0
45209, 36579545, 1, 0, 0
45303, 40920812, 1, 0, 0
45415, 31383478, 1, 0, 0
45513, 34336276, 1, 0, 0
45612, 45861200, 1, 0, 0
45701, 39101797, 1, 0, 0
45806, 36575133, 1, 0, 0
45900, 40147035, 1, 0, 0
46001, 33829278, 1, 0, 0
46115, 35496904, 1, 0, 0
46205, 41291544, 1, 0, 0
46303, 37087320, 1, 0, 0
46409, 32064776, 1, 0, 0
46502, 38056696, 1, 0, 0
46602, 37731170, 1, 0, 0
46708, 33006862, 1, 0, 0
46844, 61736506, 1, 0, 0
46928, 57697482, 1, 0, 0
47059, 142614942, 1, 0, 0
47117, 86972958, 1, 0, 0
47239, 120960433, 1, 0, 0
47314, 120470505, 1, 0, 0
47404, 96996864, 1, 0, 0
47513, 40704686, 1, 0, 0
47614, 34235241, 1, 0, 0
47720, 45564861, 1, 0, 0
47803, 38867075, 1, 0, 0
47919, 42617010, 1, 0, 0
48015, 33386596, 1, 0, 0
48118, 30382006, 1, 0, 0
48210, 44438182, 1, 0, 0
48305, 33960425, 1, 0, 0
48419, 41772087, 1, 0, 0
48500, 36951050, 1, 0, 0
48605, 43285443, 1, 0, 0
48708, 36067886, 1, 0, 0
48817, 36756000, 1, 0, 0
48900, 41111925, 1, 0, 0
49015, 34703720, 1, 0, 0
49101, 37365226, 1, 0, 0
49215, 40368030, 1, 0, 0
49310, 36808384, 1, 0, 0
49425, 43340895, 1, 0, 0
49538, 109623993, 1, 0, 0
49605, 88985452, 1, 0, 0
49728, 104862020, 1, 0, 0
49841, 109525977, 1, 0, 0
49900, 112040779, 1, 0, 0
50006, 59646275, 1, 0, 0
50116, 34273484, 1, 0, 0
50206, 42131411, 1, 0, 0
50302, 31431332, 1, 0, 0
50409, 36576870, 1, 0, 0
50505, 44583766, 1, 0, 0
50605, 36682310, 1, 0, 0
50700, 35387039, 1, 0, 0
50810, 36144302, 1, 0, 0
50902, 44535260, 1, 0, 0
51018, 38277795, 1, 0, 0
51103, 36252595, 1, 0, 0
51207, 41385187, 1, 0, 0
51313, 33094599, 1, 0, 0
51416, 39930601, 1, 0, 0
51525, 37077283, 1, 0, 0
51607, 43361912, 1, 0, 0
51707, 37224338, 1, 0, 0
51807, 44391333, 1, 0, 0
51931, 38330122, 1, 0, 0
52042, 65146000, 1, 0, 0
52107, 103672651, 1, 0, 0
52230, 119475207, 1, 0, 0
52346, 108707310, 1, 0, 0
52400, 107164295, 1, 0, 0
52541, 80765412, 1, 0, 0
52610, 81591645, 1, 0, 0
52706, 38608846, 1, 0, 0
52806, 41805188, 1, 0, 0
52908, 37978566, 1, 0, 0
53014, 41580308, 1, 0, 0
53119, 37817424, 1, 0, 0
53212, 41074687, 1, 0, 0
53313, 37938391, 1, 0, 0
53413, 37375375, 1, 0, 0
53504, 38783800, 1, 0, 0
53613, 42710618, 1, 0, 0
53714, 35506634, 1, 0, 0
53807, 43821313, 1, 0, 0
53912, 41211370, 1, 0, 0
54007, 25403412, 1, 0, 0
54121, 40239991, 1, 0, 0
54203, 39700436, 1, 0, 0
54302, 38468513, 1, 0, 0
54409, 33538278, 1, 0, 0
54558, 49251531, 1, 0, 0
54614, 97303379, 1, 0, 0
54732, 113014298, 1, 0, 0
54858, 115267948, 1, 0, 0
54913, 123525801, 1, 0, 0
55020, 101299942, 1, 0, 0
55117, 86525737, 1, 0, 0
55211, 88259190, 1, 0, 0
55315, 37918372, 1, 0, 0
55411, 34311170, 1, 0, 0
55509, 36165927, 1, 0, 0
55600, 40637292, 1, 0, 0
55718, 39257739, 1, 0, 0
55806, 32653019, 1, 0, 0
55900, 41878383, 1, 0, 0
56015, 33994088, 1, 0, 0
56108, 39297679, 1, 0, 0
56207, 41166844, 1, 0, 0
56313, 38801114, 1, 0, 0
56414, 42879177, 1, 0, 0
56506, 37876830, 1, 0, 0
56601, 36132307, 1, 0, 0
56722, 41810065, 1, 0, 0
56803, 36325339, 1, 0, 0
56908, 37854188, 1, 0, 0
57013, 34938872, 1, 0, 0
57103, 45266803, 1, 0, 0
57216, 75545630, 1, 0, 0
57343, 88983598, 1, 0, 0
57407, 83712146, 1, 0, 0
57512, 111262934, 1, 0, 0
57617, 99658147, 1, 0, 0
57711, 91681068, 1, 0, 0
57802, 97797363, 1, 0, 0
57900, 34680595, 1, 0, 0
58017, 43560255, 1, 0, 0
58105, 41619937, 1, 0, 0
58200, 35551605, 1, 0, 0
58314, 33633128, 1, 0, 0
58414, 35799335, 1, 0, 0
58500, 39566460, 1, 0, 0
58616, 39411731, 1, 0, 0
58719, 36654826, 1, 0, 0
58801, 33833645, 1, 0, 0
58922, 42178036, 1, 0, 0
59014, 40228227, 1, 0, 0
59109, 37532271, 1, 0, 0
59219, 36614308, 1, 0, 0
59301, 37034364, 1, 0, 0
59402, 32703947, 1, 0, 0
59500, 43722209, 1, 0, 0
59617, 38568460, 1, 0, 0
59717, 35821978, 1, 0, 0
59835, 67301426, 1, 0, 0
59955, 117939612, 1, 0, 0
60022, 86320799, 1, 0, 0
60135, 64531149, 1, 0, 0
60252, 109609213, 1, 0, 0
60316, 112747429, 1, 0, 0
60400, 71125687, 1, 0, 0
60519, 30553000, 1, 0, 0
60609, 36451933, 1, 0, 0
60705, 41641198, 1, 0, 0
60809, 37311925, 1, 0, 0
60906, 30690088, 1, 0, 0
61000, 35933472, 1, 0, 0
61111, 38354831, 1, 0, 0
61210, 30274532, 1, 0, 0
61305, 39067297, 1, 0, 0
61403, 40523399, 1, 0, 0
61514, 34519253, 1, 0, 0
61601, 32161437, 1, 0, 0
61715, 30248580, 1, 0, 0
61809, 37915739, 1, 0, 0
61901, 40735745, 1, 0, 0
62004, 41966227, 1, 0, 0
62103, 34768961, 1, 0, 0
62220, 37685652, 1, 0, 0
62312, 55380137, 1, 0, 0
62435, 107055163, 1, 0, 0
62554, 116352371, 1, 0, 0
62622, 89888407, 1, 0, 0
62740, 114321000, 1, 0, 0
62856, 113052393, 1, 0, 0
62906, 109655512, 1, 0, 0
63008, 59324566, 1, 0, 0
63105, 37506637, 1, 0, 0
63213, 33969451, 1, 0, 0
63302, 41376753, 1, 0, 0
63404, 39046781, 1, 0, 0
63500, 37017084, 1, 0, 0
63600, 37883427, 1, 0, 0
63707, 30197848, 1, 0, 0
63806, 34079848, 1, 0, 0
63908, 42879470, 1, 0, 0
64014, 37689612, 1, 0, 0
64117, 39340291, 1, 0, 0
64217, 30469750, 1, 0, 0
64309, 44250476, 1, 0, 0
64405, 35976286, 1, 0, 0
64504, 40244266, 1, 0, 0
64606, 42120523, 1, 0, 0
64719, 35591019, 1, 0, 0
64810, 43539421, 1, 0, 0
64906, 53332497, 1, 0, 0
65026, 106422046, 1, 0, 0
65135, 94684993, 1, 0, 0
65260, 98640559, 1, 0, 0
65317, 96598897, 1, 0, 0
65440, 115595384, 1, 0, 0
65506, 116898848, 1, 0, 0
65607, 63448505, 1, 0, 0
65700, 36033344, 1, 0, 0
65814, 39757922, 1, 0, 0
65911, 35929432, 1, 0, 0
66015, 38283566, 1, 0, 0
66111, 44379219, 1, 0, 0
66203, 35622213, 1, 0, 0
66319, 32763110, 1, 0, 0
66409, 35580604, 1, 0, 0
66511, 36581333, 1, 0, 0
66601, 40861125, 1, 0, 0
66702, 40110729, 1, 0, 0
66809, 36605637, 1, 0, 0
66903, 38866656, 1, 0, 0
67020, 38394873, 1, 0, 0
67109, 43123710, 1, 0, 0
67204, 30683728, 1, 0, 0
67313, 36213934, 1, 0, 0
67407, 43473506, 1, 0, 0
67528, 72945948, 1, 0, 0
67652, 113814625, 1, 0, 0
67707, 118246300, 1, 0, 0
67832, 116837029, 1, 0, 0
67944, 114868285, 1, 0, 0
68046, 84737857, 1, 0, 0
68116, 100609831, 1, 0, 0
68221, 54340770, 1, 0, 0
68313, 43294705, 1, 0, 0
68412, 32666799, 1, 0, 0
68513, 32116782, 1, 0, 0
68604, 40987254, 1, 0, 0
68706, 43169842, 1, 0, 0
68813, 41090164, 1, 0, 0
68909, 33182219, 1, 0, 0
69021, 41669211, 1, 0, 0
69122, 46301762, 1, 0, 0
69200, 42321025, 1, 0, 0
69304, 37277949, 1, 0, 0
69417, 34452297, 1, 0, 0
69501, 32885832, 1, 0, 0
69601, 31175094, 1, 0, 0
69716, 40330707, 1, 0, 0
69817, 35067187, 1, 0, 0
69915, 29366190, 1, 0, 0
70050, 41827004, 1, 0, 0
70111, 71968805, 1, 0, 0
70227, 109135987, 1, 0, 0
70349, 112991709, 1, 0, 0
70402, 70708027, 1, 0, 0
70523, 114129159, 1, 0, 0
70619, 94096104, 1, 0, 0
70711, 80616381, 1, 0, 0
70820, 36154555, 1, 0, 0
70916, 37470595, 1, 0, 0
71019, 40106517, 1, 0, 0
71119, 38553204, 1, 0, 0
71217, 41067711, 1, 0, 0
71300, 41870751, 1, 0, 0
71420, 32632401, 1, 0, 0
71514, 42981142, 1, 0, 0
71615, 39184468, 1, 0, 0
71720, 35168913, 1, 0, 0
71822, 47752445, 1, 0, 0
71916, 37486455, 1, 0, 0
72002, 33414567, 1, 0, 0
72105, 38968091, 1, 0, 0
72211, 36847233, 1, 0, 0
72302, 45318865, 1, 0, 0
72416, 37058490, 1, 0, 0
72507, 37963248, 1, 0, 0
72616, 46428102, 1, 0, 0
72751, 59557413, 1, 0, 0
72807, 131270292, 1, 0, 0
72923, 106892132, 1, 0, 0
73051, 113773555, 1, 0, 0
73116, 112016537, 1, 0, 0
73240, 114818344, 1, 0, 0
73304, 72565514, 1, 0, 0
73414, 29898523, 1, 0, 0
73512, 34881726, 1, 0, 0
73609, 38037437, 1, 0, 0
73708, 38957909, 1, 0, 0
73816, 32871969, 1, 0, 0
73909, 43499565, 1, 0, 0
74005, 36177980, 1, 0, 0
74119, 40217598, 1, 0, 0
74216, 40242145, 1, 0, 0
74308, 38262025, 1, 0, 0
74401, 44242718, 1, 0, 0
74517, 36208549, 1, 0, 0
74612, 39426701, 1, 0, 0
74716, 35142754, 1, 0, 0
74809, 44266158, 1, 0, 0
74901, 42206874, 1, 0, 0
75001, 37886116, 1, 0, 0
75108, 30965012, 1, 0, 0
75242, 47536932, 1, 0, 0
75357, 96054517, 1, 0, 0
75414, 113624597, 1, 0, 0
75537, 76677883, 1, 0, 0
75602, 115629720, 1, 0, 0
75717, 98061312, 1, 0, 0
75804, 88633972, 1, 0, 0
75919, 42218342, 1, 0, 0
76015, 37436979, 1, 0, 0
76100, 37161897, 1, 0, 0
76220, 44694831, 1, 0, 0
76307, 40329640, 1, 0, 0
76404, 36198116, 1, 0, 0
76518, 42225912, 1, 0, 0
76618, 41509691, 1, 0, 0
76700, 36205724, 1, 0, 0
76806, 38894287, 1, 0, 0
76906, 43143870, 1, 0, 0
77013, 28264551, 1, 0, 0
77103, 36242865, 1, 0, 0
77212, 40189444, 1, 0, 0
77308, 36875089, 1, 0, 0
77400, 43627448, 1, 0, 0
77515, 38309355, 1, 0, 0
77609, 42929226, 1, 0, 0
77743, 43894062, 1, 0, 0
77803, 74298206, 1, 0, 0
77919, 118059958, 1, 0, 0
78046, 109876314, 1, 0, 0
78110, 122956436, 1, 0, 0
78227, 104133685, 1, 0, 0
78347, 106574451, 1, 0, 0
78420, 77490876, 1, 0, 0
78514, 35670078, 1, 0, 0
78600, 33201540, 1, 0, 0
78712, 35119126, 1, 0, 0
78816, 41777612, 1, 0, 0
78915, 29236054, 1, 0, 0
79008, 35303291, 1, 0, 0
79100, 42327414, 1, 0, 0
79217, 38553122, 1, 0, 0
79304, 38135143, 1, 0, 0
79403, 32300652, 1, 0, 0
79519, 42386256, 1, 0, 0
79604, 41438776, 1, 0, 0
79707, 33511875, 1, 0, 0
79814, 41663294, 1, 0, 0
79915, 30623673, 1, 0, 0
80003, 35892147, 1, 0, 0
80100, 29083773, 1, 0, 0
80205, 46265388, 1, 0, 0
80331, 50834373, 1, 0, 0
80441, 117236364, 1, 0, 0
80506, 108936929, 1, 0, 0
80620, 117428604, 1, 0, 0
80736, 113259951, 1, 0, 0
80861, 99675510, 1, 0, 0
80911, 76449586, 1, 0, 0
81013, 55320864, 1, 0, 0
81120, 39565628, 1, 0, 0
81207, 33692433, 1, 0, 0
81319, 37484110, 1, 0, 0
81411, 44749480, 1, 0, 0
81516, 39770439, 1, 0, 0
81615, 34784922, 1, 0, 0
81721, 36255290, 1, 0, 0
81809, 36229401, 1, 0, 0
81916, 42129823, 1, 0, 0
82005, 44688837, 1, 0, 0
82103, 29969816, 1, 0, 0
82224, 42895166, 1, 0, 0
82301, 42286582, 1, 0, 0
82419, 37839413, 1, 0, 0
82518, 32072703, 1, 0, 0
82612, 41625535, 1, 0, 0
82712, 37603348, 1, 0, 0
82816, 36920017, 1, 0, 0
82909, 49026577, 1, 0, 0
83058, 103600017, 1, 0, 0
83112, 144710627, 1, 0, 0
83234, 120631825, 1, 0, 0
83352, 114771126, 1, 0, 0
83427, 113663376, 1, 0, 0
83524, 129734657, 1, 0, 0
83605, 54941874, 1, 0, 0
83717, 38619526, 1, 0, 0
83800, 43400046, 1, 0, 0
83903, 38650532, 1, 0, 0
84005, 37008259, 1, 0, 0
84120, 40584748, 1, 0, 0
84216, 34695733, 1, 0, 0
84300, 34491983, 1, 0, 0
84420, 45590740, 1, 0, 0
84503, 42749988, 1, 0, 0
84600, 31882907, 1, 0, 0
84718, 40782197, 1, 0, 0
84808, 39095523, 1, 0, 0
84903, 31848355, 1, 0, 0
85016, 38465331, 1, 0, 0
85101, 42921116, 1, 0, 0
85218, 32965791, 1, 0, 0
85304, 31074248, 1, 0, 0
85403, 37770768, 1, 0, 0
85513, 61176468, 1, 0, 0
85644, 96250356, 1, 0, 0
85702, 123832745, 1, 0, 0
85823, 109806427, 1, 0, 0
85954, 121120250, 1, 0, 0
86022, 121056388, 1, 0, 0
86112, 117890602, 1, 0, 0
86206, 55147469, 1, 0, 0
86304, 42756248, 1, 0, 0
86407, 29902918, 1, 0, 0
86507, 44185308, 1, 0, 0
86614, 39738665, 1, 0, 0
86713, 36567828, 1, 0, 0
86805, 42271286, 1, 0, 0
86912, 45445593, 1, 0, 0
87007, 41889768, 1, 0, 0
87116, 42037532, 1, 0, 0
87210, 42332275, 1, 0, 0
87302, 35321649, 1, 0, 0
87402, 31189013, 1, 0, 0
87512, 35769747, 1, 0, 0
87600, 34553673, 1, 0, 0
87704, 32170287, 1, 0, 0
87808, 39110686, 1, 0, 0
87916, 40655964, 1, 0, 0
88007, 37308534, 1, 0, 0
88148, 48370355, 1, 0, 0
88204, 115028316, 1, 0, 0
88322, 89173424, 1, 0, 0
88451, 95872345, 1, 0, 0
88505, 126061817, 1, 0, 0
88612, 100335830, 1, 0, 0
88724, 89264837, 1, 0, 0
88802, 58466543, 1, 0, 0
88909, 38207119, 1, 0, 0
89003, 40984383, 1, 0, 0
89103, 40509743, 1, 0, 0
89210, 35413580, 1, 0, 0
89301, 35909510, 1, 0, 0
89417, 32169908, 1, 0, 0
89511, 33639568, 1, 0, 0
89600, 43539639, 1, 0, 0
89716, 45452841, 1, 0, 0
89816, 37941957, 1, 0, 0
89922, 33301380, 1, 0, 0
90012, 42527971, 1, 0, 0
90030, 51652393, 1, 0, 0
