250, 24, 1, 0, 0
350, 80, 1, 0, 0
450, 70, 1, 0, 0
550, 70, 1, 0, 0
650, 70, 1, 0, 0
749, 70, 1, 0, 0
849, 70, 1, 0, 0
949, 70, 1, 0, 0
1049, 80, 1, 0, 0
1149, 70, 1, 0, 0
1249, 70, 1, 0, 0
1349, 70, 1, 0, 0
1449, 70, 1, 0, 0
1549, 70, 1, 0, 0
1650, 70, 1, 0, 0
1749, 70, 1, 0, 0
1849, 70, 1, 0, 0
1949, 70, 1, 0, 0
2049, 70, 1, 0, 0
2149, 70, 1, 0, 0
2249, 80, 1, 0, 0
2349, 70, 1, 0, 0
2449, 70, 1, 0, 0
2549, 70, 1, 0, 0
2649, 70, 1, 0, 0
2749, 70, 1, 0, 0
2849, 80, 1, 0, 0
2949, 70, 1, 0, 0
3049, 70, 1, 0, 0
3150, 70, 1, 0, 0
3249, 70, 1, 0, 0
3349, 70, 1, 0, 0
3449, 70, 1, 0, 0
3549, 40, 1, 0, 0
3649, 10, 1, 0, 0
3749, 20, 1, 0, 0
3849, 20, 1, 0, 0
3949, 20, 1, 0, 0
4049, 20, 1, 0, 0
4149, 30, 1, 0, 0
4250, 70, 1, 0, 0
4350, 70, 1, 0, 0
4450, 70, 1, 0, 0
4550, 60, 1, 0, 0
4650, 70, 1, 0, 0
4749, 70, 1, 0, 0
4849, 70, 1, 0, 0
4949, 70, 1, 0, 0
5049, 70, 1, 0, 0
5149, 70, 1, 0, 0
5249, 70, 1, 0, 0
5349, 70, 1, 0, 0
5449, 70, 1, 0, 0
5550, 70, 1, 0, 0
5650, 70, 1, 0, 0
5749, 70, 1, 0, 0
5849, 70, 1, 0, 0
5949, 70, 1, 0, 0
6049, 70, 1, 0, 0
6149, 70, 1, 0, 0
6249, 70, 1, 0, 0
6349, 60, 1, 0, 0
6449, 70, 1, 0, 0
6549, 70, 1, 0, 0
6649, 70, 1, 0, 0
6749, 70, 1, 0, 0
6849, 80, 1, 0, 0
6949, 60, 1, 0, 0
7050, 70, 1, 0, 0
7150, 70, 1, 0, 0
7249, 70, 1, 0, 0
7349, 80, 1, 0, 0
7449, 60, 1, 0, 0
7549, 50, 1, 0, 0
7649, 20, 1, 0, 0
7749, 20, 1, 0, 0
7849, 10, 1, 0, 0
7949, 20, 1, 0, 0
8050, 20, 1, 0, 0
8150, 20, 1, 0, 0
8249, 70, 1, 0, 0
8349, 80, 1, 0, 0
8449, 70, 1, 0, 0
8549, 70, 1, 0, 0
8649, 70, 1, 0, 0
8749, 70, 1, 0, 0
8849, 70, 1, 0, 0
8949, 70, 1, 0, 0
9049, 80, 1, 0, 0
9149, 70, 1, 0, 0
9249, 70, 1, 0, 0
9349, 70, 1, 0, 0
9449, 70, 1, 0, 0
9550, 70, 1, 0, 0
9650, 70, 1, 0, 0
9749, 70, 1, 0, 0
9849, 70, 1, 0, 0
9949, 80, 1, 0, 0
10049, 70, 1, 0, 0
10149, 70, 1, 0, 0
10249, 70, 1, 0, 0
10349, 70, 1, 0, 0
10449, 70, 1, 0, 0
10549, 80, 1, 0, 0
10649, 70, 1, 0, 0
10749, 70, 1, 0, 0
10849, 70, 1, 0, 0
10949, 80, 1, 0, 0
11050, 60, 1, 0, 0
11150, 80, 1, 0, 0
11249, 70, 1, 0, 0
11349, 70, 1, 0, 0
11449, 60, 1, 0, 0
11549, 20, 1, 0, 0
11649, 20, 1, 0, 0
11749, 20, 1, 0, 0
11849, 20, 1, 0, 0
11949, 20, 1, 0, 0
12049, 20, 1, 0, 0
12150, 40, 1, 0, 0
12249, 80, 1, 0, 0
12349, 70, 1, 0, 0
12449, 70, 1, 0, 0
12549, 70, 1, 0, 0
12649, 70, 1, 0, 0
12749, 70, 1, 0, 0
12849, 70, 1, 0, 0
12949, 80, 1, 0, 0
13049, 60, 1, 0, 0
13149, 80, 1, 0, 0
13250, 70, 1, 0, 0
13350, 70, 1, 0, 0
13450, 70, 1, 0, 0
13550, 70, 1, 0, 0
13650, 70, 1, 0, 0
13749, 70, 1, 0, 0
13849, 80, 1, 0, 0
13949, 70, 1, 0, 0
14049, 70, 1, 0, 0
14149, 70, 1, 0, 0
14249, 70, 1, 0, 0
14349, 70, 1, 0, 0
14449, 80, 1, 0, 0
14550, 70, 1, 0, 0
14650, 70, 1, 0, 0
14749, 70, 1, 0, 0
14849, 70, 1, 0, 0
14949, 70, 1, 0, 0
15049, 80, 1, 0, 0
15149, 70, 1, 0, 0
15249, 70, 1, 0, 0
15349, 70, 1, 0, 0
15449, 30, 1, 0, 0
15549, 20, 1, 0, 0
15650, 20, 1, 0, 0
15749, 20, 1, 0, 0
15849, 20, 1, 0, 0
15949, 20, 1, 0, 0
16049, 20, 1, 0, 0
16149, 70, 1, 0, 0
16249, 70, 1, 0, 0
16349, 70, 1, 0, 0
16449, 70, 1, 0, 0
16549, 70, 1, 0, 0
16649, 70, 1, 0, 0
16750, 70, 1, 0, 0
16850, 70, 1, 0, 0
16950, 60, 1, 0, 0
17050, 80, 1, 0, 0
17150, 70, 1, 0, 0
17249, 60, 1, 0, 0
17349, 80, 1, 0, 0
17449, 60, 1, 0, 0
17549, 70, 1, 0, 0
17649, 70, 1, 0, 0
17749, 70, 1, 0, 0
17849, 70, 1, 0, 0
17949, 70, 1, 0, 0
18050, 70, 1, 0, 0
18150, 70, 1, 0, 0
18249, 70, 1, 0, 0
18349, 70, 1, 0, 0
18449, 70, 1, 0, 0
18549, 70, 1, 0, 0
18649, 70, 1, 0, 0
18749, 70, 1, 0, 0
18849, 70, 1, 0, 0
18949, 70, 1, 0, 0
19050, 70, 1, 0, 0
19150, 70, 1, 0, 0
19249, 70, 1, 0, 0
19349, 70, 1, 0, 0
19449, 30, 1, 0, 0
19549, 20, 1, 0, 0
19649, 20, 1, 0, 0
19749, 20, 1, 0, 0
19849, 20, 1, 0, 0
19949, 10, 1, 0, 0
20049, 40, 1, 0, 0
20149, 70, 1, 0, 0
20249, 70, 1, 0, 0
20349, 70, 1, 0, 0
20450, 70, 1, 0, 0
20550, 70, 1, 0, 0
20650, 70, 1, 0, 0
20749, 70, 1, 0, 0
20849, 70, 1, 0, 0
20949, 70, 1, 0, 0
21049, 70, 1, 0, 0
21149, 70, 1, 0, 0
21249, 70, 1, 0, 0
21349, 70, 1, 0, 0
21449, 80, 1, 0, 0
21549, 70, 1, 0, 0
21649, 70, 1, 0, 0
21749, 70, 1, 0, 0
21849, 70, 1, 0, 0
21950, 70, 1, 0, 0
22050, 80, 1, 0, 0
22150, 70, 1, 0, 0
22249, 70, 1, 0, 0
22349, 70, 1, 0, 0
22449, 70, 1, 0, 0
22549, 70, 1, 0, 0
22649, 80, 1, 0, 0
22749, 70, 1, 0, 0
22849, 70, 1, 0, 0
22949, 70, 1, 0, 0
23049, 80, 1, 0, 0
23149, 70, 1, 0, 0
23249, 70, 1, 0, 0
23349, 30, 1, 0, 0
23449, 20, 1, 0, 0
23550, 10, 1, 0, 0
23650, 20, 1, 0, 0
23749, 20, 1, 0, 0
23849, 20, 1, 0, 0
23949, 30, 1, 0, 0
24049, 70, 1, 0, 0
24149, 70, 1, 0, 0
24249, 80, 1, 0, 0
24349, 60, 1, 0, 0
24449, 80, 1, 0, 0
24549, 70, 1, 0, 0
24649, 70, 1, 0, 0
24749, 70, 1, 0, 0
24849, 70, 1, 0, 0
24949, 80, 1, 0, 0
25049, 60, 1, 0, 0
25150, 80, 1, 0, 0
25249, 70, 1, 0, 0
25349, 70, 1, 0, 0
25449, 70, 1, 0, 0
25549, 80, 1, 0, 0
25649, 60, 1, 0, 0
25749, 80, 1, 0, 0
25849, 70, 1, 0, 0
25949, 70, 1, 0, 0
26049, 70, 1, 0, 0
26149, 70, 1, 0, 0
26249, 70, 1, 0, 0
26349, 80, 1, 0, 0
26449, 70, 1, 0, 0
26550, 70, 1, 0, 0
26650, 70, 1, 0, 0
26749, 70, 1, 0, 0
26849, 70, 1, 0, 0
26949, 70, 1, 0, 0
27049, 80, 1, 0, 0
27149, 70, 1, 0, 0
27249, 40, 1, 0, 0
27349, 20, 1, 0, 0
27449, 20, 1, 0, 0
27549, 10, 1, 0, 0
27649, 20, 1, 0, 0
27750, 20, 1, 0, 0
27850, 30, 1, 0, 0
27950, 70, 1, 0, 0
28050, 70, 1, 0, 0
28150, 70, 1, 0, 0
28249, 70, 1, 0, 0
28349, 70, 1, 0, 0
28449, 80, 1, 0, 0
28549, 70, 1, 0, 0
28649, 70, 1, 0, 0
28749, 70, 1, 0, 0
28849, 70, 1, 0, 0
28949, 70, 1, 0, 0
29049, 70, 1, 0, 0
29150, 70, 1, 0, 0
29249, 80, 1, 0, 0
29349, 70, 1, 0, 0
29449, 70, 1, 0, 0
29549, 70, 1, 0, 0
29649, 70, 1, 0, 0
29749, 70, 1, 0, 0
29849, 70, 1, 0, 0
29949, 80, 1, 0, 0
30049, 70, 1, 0, 0
30149, 60, 1, 0, 0
30250, 80, 1, 0, 0
30350, 60, 1, 0, 0
30450, 80, 1, 0, 0
30550, 70, 1, 0, 0
30650, 70, 1, 0, 0
30749, 70, 1, 0, 0
30849, 70, 1, 0, 0
30949, 70, 1, 0, 0
31049, 70, 1, 0, 0
31149, 50, 1, 0, 0
31249, 20, 1, 0, 0
31349, 20, 1, 0, 0
31449, 20, 1, 0, 0
31550, 20, 1, 0, 0
31650, 20, 1, 0, 0
31749, 10, 1, 0, 0
31849, 60, 1, 0, 0
31949, 80, 1, 0, 0
32049, 70, 1, 0, 0
32149, 70, 1, 0, 0
32249, 70, 1, 0, 0
32349, 70, 1, 0, 0
32449, 70, 1, 0, 0
32549, 80, 1, 0, 0
32650, 70, 1, 0, 0
32749, 70, 1, 0, 0
32849, 70, 1, 0, 0
32949, 70, 1, 0, 0
33049, 70, 1, 0, 0
33149, 70, 1, 0, 0
33249, 80, 1, 0, 0
33349, 60, 1, 0, 0
33449, 70, 1, 0, 0
33549, 70, 1, 0, 0
33649, 70, 1, 0, 0
33749, 80, 1, 0, 0
33849, 70, 1, 0, 0
33949, 70, 1, 0, 0
34050, 70, 1, 0, 0
34150, 70, 1, 0, 0
34249, 80, 1, 0, 0
34349, 70, 1, 0, 0
34449, 70, 1, 0, 0
34549, 70, 1, 0, 0
34649, 70, 1, 0, 0
34749, 70, 1, 0, 0
34849, 80, 1, 0, 0
34949, 70, 1, 0, 0
35049, 60, 1, 0, 0
35149, 20, 1, 0, 0
35250, 20, 1, 0, 0
35350, 20, 1, 0, 0
35450, 20, 1, 0, 0
35550, 10, 1, 0, 0
35650, 20, 1, 0, 0
35749, 60, 1, 0, 0
35849, 70, 1, 0, 0
35949, 70, 1, 0, 0
36049, 80, 1, 0, 0
36149, 70, 1, 0, 0
36249, 70, 1, 0, 0
36349, 70, 1, 0, 0
36449, 70, 1, 0, 0
36550, 70, 1, 0, 0
36650, 70, 1, 0, 0
36749, 80, 1, 0, 0
36849, 60, 1, 0, 0
36949, 80, 1, 0, 0
37049, 70, 1, 0, 0
37149, 70, 1, 0, 0
37249, 70, 1, 0, 0
37349, 80, 1, 0, 0
37449, 70, 1, 0, 0
37550, 70, 1, 0, 0
37650, 70, 1, 0, 0
37749, 70, 1, 0, 0
37849, 70, 1, 0, 0
37949, 80, 1, 0, 0
38049, 70, 1, 0, 0
38149, 70, 1, 0, 0
38249, 70, 1, 0, 0
38349, 80, 1, 0, 0
38449, 70, 1, 0, 0
38549, 70, 1, 0, 0
38649, 70, 1, 0, 0
38749, 70, 1, 0, 0
38849, 70, 1, 0, 0
38949, 70, 1, 0, 0
39049, 20, 1, 0, 0
39150, 20, 1, 0, 0
39249, 20, 1, 0, 0
39349, 20, 1, 0, 0
39449, 20, 1, 0, 0
39549, 10, 1, 0, 0
39649, 50, 1, 0, 0
39749, 70, 1, 0, 0
39849, 70, 1, 0, 0
39950, 70, 1, 0, 0
40050, 70, 1, 0, 0
40150, 70, 1, 0, 0
40249, 80, 1, 0, 0
40349, 70, 1, 0, 0
40449, 70, 1, 0, 0
40549, 70, 1, 0, 0
40649, 70, 1, 0, 0
40749, 70, 1, 0, 0
40849, 70, 1, 0, 0
40949, 80, 1, 0, 0
41049, 70, 1, 0, 0
41149, 70, 1, 0, 0
41250, 70, 1, 0, 0
41350, 70, 1, 0, 0
41450, 70, 1, 0, 0
41550, 80, 1, 0, 0
41650, 70, 1, 0, 0
41749, 70, 1, 0, 0
41849, 70, 1, 0, 0
41949, 70, 1, 0, 0
42049, 70, 1, 0, 0
42149, 80, 1, 0, 0
42249, 70, 1, 0, 0
42349, 70, 1, 0, 0
42449, 70, 1, 0, 0
42549, 80, 1, 0, 0
42649, 70, 1, 0, 0
42750, 70, 1, 0, 0
42850, 70, 1, 0, 0
42950, 20, 1, 0, 0
43050, 20, 1, 0, 0
43150, 20, 1, 0, 0
43249, 10, 1, 0, 0
43349, 20, 1, 0, 0
43449, 20, 1, 0, 0
43550, 50, 1, 0, 0
43650, 70, 1, 0, 0
43749, 80, 1, 0, 0
43849, 60, 1, 0, 0
43949, 80, 1, 0, 0
44049, 70, 1, 0, 0
44149, 70, 1, 0, 0
44249, 70, 1, 0, 0
44349, 80, 1, 0, 0
44449, 70, 1, 0, 0
44549, 70, 1, 0, 0
44649, 70, 1, 0, 0
44749, 70, 1, 0, 0
44849, 70, 1, 0, 0
44950, 70, 1, 0, 0
45050, 70, 1, 0, 0
45150, 70, 1, 0, 0
45249, 70, 1, 0, 0
45349, 70, 1, 0, 0
45449, 70, 1, 0, 0
45549, 70, 1, 0, 0
45649, 80, 1, 0, 0
45749, 70, 1, 0, 0
45849, 70, 1, 0, 0
45949, 70, 1, 0, 0
46049, 70, 1, 0, 0
46149, 70, 1, 0, 0
46249, 80, 1, 0, 0
46350, 70, 1, 0, 0
46450, 70, 1, 0, 0
46550, 70, 1, 0, 0
46650, 80, 1, 0, 0
46749, 70, 1, 0, 0
46849, 30, 1, 0, 0
46949, 10, 1, 0, 0
47049, 20, 1, 0, 0
47149, 20, 1, 0, 0
47249, 20, 1, 0, 0
47349, 20, 1, 0, 0
47450, 30, 1, 0, 0
47550, 70, 1, 0, 0
47650, 80, 1, 0, 0
47749, 70, 1, 0, 0
47849, 70, 1, 0, 0
47949, 70, 1, 0, 0
48049, 70, 1, 0, 0
48149, 70, 1, 0, 0
48249, 70, 1, 0, 0
48349, 80, 1, 0, 0
48449, 70, 1, 0, 0
48549, 60, 1, 0, 0
48649, 80, 1, 0, 0
48749, 60, 1, 0, 0
48849, 80, 1, 0, 0
48950, 70, 1, 0, 0
49050, 70, 1, 0, 0
49150, 70, 1, 0, 0
49249, 70, 1, 0, 0
49349, 70, 1, 0, 0
49449, 70, 1, 0, 0
49549, 80, 1, 0, 0
49649, 70, 1, 0, 0
49749, 70, 1, 0, 0
49849, 70, 1, 0, 0
49949, 80, 1, 0, 0
50049, 60, 1, 0, 0
50149, 80, 1, 0, 0
50249, 70, 1, 0, 0
50349, 70, 1, 0, 0
50449, 70, 1, 0, 0
50550, 80, 1, 0, 0
50650, 70, 1, 0, 0
50749, 20, 1, 0, 0
50849, 20, 1, 0, 0
50949, 20, 1, 0, 0
51049, 20, 1, 0, 0
51149, 20, 1, 0, 0
51249, 20, 1, 0, 0
51349, 30, 1, 0, 0
51449, 80, 1, 0, 0
51549, 70, 1, 0, 0
51649, 70, 1, 0, 0
51749, 70, 1, 0, 0
51849, 70, 1, 0, 0
51949, 70, 1, 0, 0
52049, 70, 1, 0, 0
52149, 70, 1, 0, 0
52249, 70, 1, 0, 0
52349, 80, 1, 0, 0
52449, 70, 1, 0, 0
52549, 70, 1, 0, 0
52649, 70, 1, 0, 0
52749, 70, 1, 0, 0
52849, 60, 1, 0, 0
52950, 80, 1, 0, 0
53050, 70, 1, 0, 0
53150, 70, 1, 0, 0
53249, 70, 1, 0, 0
53349, 80, 1, 0, 0
53449, 60, 1, 0, 0
53549, 80, 1, 0, 0
53649, 70, 1, 0, 0
53749, 70, 1, 0, 0
53849, 70, 1, 0, 0
53949, 80, 1, 0, 0
54050, 70, 1, 0, 0
54150, 70, 1, 0, 0
54249, 70, 1, 0, 0
54349, 70, 1, 0, 0
54449, 70, 1, 0, 0
54549, 70, 1, 0, 0
54649, 40, 1, 0, 0
54749, 20, 1, 0, 0
54849, 20, 1, 0, 0
54950, 20, 1, 0, 0
55050, 10, 1, 0, 0
55150, 20, 1, 0, 0
55249, 30, 1, 0, 0
55349, 70, 1, 0, 0
55449, 70, 1, 0, 0
55549, 80, 1, 0, 0
55649, 70, 1, 0, 0
55749, 70, 1, 0, 0
55849, 70, 1, 0, 0
55950, 70, 1, 0, 0
56050, 70, 1, 0, 0
56150, 70, 1, 0, 0
56249, 70, 1, 0, 0
56349, 80, 1, 0, 0
56449, 70, 1, 0, 0
56549, 70, 1, 0, 0
56649, 70, 1, 0, 0
56749, 70, 1, 0, 0
56849, 70, 1, 0, 0
56949, 70, 1, 0, 0
57049, 70, 1, 0, 0
57149, 70, 1, 0, 0
57250, 80, 1, 0, 0
57350, 70, 1, 0, 0
57450, 70, 1, 0, 0
57550, 70, 1, 0, 0
57650, 70, 1, 0, 0
57749, 70, 1, 0, 0
57849, 70, 1, 0, 0
57949, 70, 1, 0, 0
58049, 70, 1, 0, 0
58149, 80, 1, 0, 0
58249, 70, 1, 0, 0
58349, 70, 1, 0, 0
58449, 70, 1, 0, 0
58549, 60, 1, 0, 0
58650, 20, 1, 0, 0
58749, 10, 1, 0, 0
58849, 20, 1, 0, 0
58949, 20, 1, 0, 0
59049, 20, 1, 0, 0
59149, 20, 1, 0, 0
59249, 60, 1, 0, 0
59349, 70, 1, 0, 0
59449, 70, 1, 0, 0
59549, 70, 1, 0, 0
59649, 70, 1, 0, 0
59750, 70, 1, 0, 0
59850, 70, 1, 0, 0
59950, 70, 1, 0, 0
60050, 70, 1, 0, 0
60150, 70, 1, 0, 0
60249, 70, 1, 0, 0
60349, 70, 1, 0, 0
60449, 70, 1, 0, 0
60549, 70, 1, 0, 0
60649, 70, 1, 0, 0
60749, 70, 1, 0, 0
60849, 70, 1, 0, 0
60949, 80, 1, 0, 0
61050, 70, 1, 0, 0
61150, 70, 1, 0, 0
61249, 70, 1, 0, 0
61349, 70, 1, 0, 0
61449, 70, 1, 0, 0
61549, 80, 1, 0, 0
61649, 70, 1, 0, 0
61749, 70, 1, 0, 0
61849, 70, 1, 0, 0
61949, 70, 1, 0, 0
62049, 70, 1, 0, 0
62149, 80, 1, 0, 0
62250, 70, 1, 0, 0
62350, 70, 1, 0, 0
62450, 50, 1, 0, 0
62550, 20, 1, 0, 0
62650, 20, 1, 0, 0
62749, 10, 1, 0, 0
62849, 20, 1, 0, 0
62949, 20, 1, 0, 0
63049, 20, 1, 0, 0
63150, 70, 1, 0, 0
63249, 70, 1, 0, 0
63349, 70, 1, 0, 0
63449, 80, 1, 0, 0
63549, 60, 1, 0, 0
63649, 80, 1, 0, 0
63749, 70, 1, 0, 0
63849, 70, 1, 0, 0
63949, 70, 1, 0, 0
64049, 70, 1, 0, 0
64149, 70, 1, 0, 0
64249, 70, 1, 0, 0
64349, 80, 1, 0, 0
64449, 70, 1, 0, 0
64550, 70, 1, 0, 0
64650, 70, 1, 0, 0
64749, 70, 1, 0, 0
64849, 70, 1, 0, 0
64949, 80, 1, 0, 0
65049, 70, 1, 0, 0
65149, 70, 1, 0, 0
65249, 70, 1, 0, 0
65349, 70, 1, 0, 0
65449, 70, 1, 0, 0
65549, 80, 1, 0, 0
65649, 70, 1, 0, 0
65749, 70, 1, 0, 0
65849, 70, 1, 0, 0
65949, 70, 1, 0, 0
66049, 70, 1, 0, 0
66150, 80, 1, 0, 0
66249, 70, 1, 0, 0
66349, 60, 1, 0, 0
66449, 20, 1, 0, 0
66549, 10, 1, 0, 0
66649, 20, 1, 0, 0
66749, 20, 1, 0, 0
66849, 20, 1, 0, 0
66949, 20, 1, 0, 0
67050, 50, 1, 0, 0
67150, 70, 1, 0, 0
67249, 70, 1, 0, 0
67349, 70, 1, 0, 0
67449, 70, 1, 0, 0
67549, 80, 1, 0, 0
67649, 70, 1, 0, 0
67749, 70, 1, 0, 0
67849, 70, 1, 0, 0
67949, 70, 1, 0, 0
68049, 70, 1, 0, 0
68149, 70, 1, 0, 0
68249, 70, 1, 0, 0
68349, 80, 1, 0, 0
68449, 70, 1, 0, 0
68550, 70, 1, 0, 0
68650, 70, 1, 0, 0
68749, 70, 1, 0, 0
68849, 70, 1, 0, 0
68949, 70, 1, 0, 0
69049, 80, 1, 0, 0
69149, 70, 1, 0, 0
69249, 70, 1, 0, 0
69349, 70, 1, 0, 0
69449, 70, 1, 0, 0
69549, 70, 1, 0, 0
69649, 80, 1, 0, 0
69749, 70, 1, 0, 0
69849, 70, 1, 0, 0
69949, 70, 1, 0, 0
70050, 70, 1, 0, 0
70150, 70, 1, 0, 0
70249, 50, 1, 0, 0
70349, 20, 1, 0, 0
70449, 20, 1, 0, 0
70549, 20, 1, 0, 0
70649, 20, 1, 0, 0
70749, 20, 1, 0, 0
70849, 20, 1, 0, 0
70949, 70, 1, 0, 0
71050, 70, 1, 0, 0
71150, 70, 1, 0, 0
71249, 70, 1, 0, 0
71349, 70, 1, 0, 0
71449, 70, 1, 0, 0
71549, 70, 1, 0, 0
71649, 80, 1, 0, 0
71749, 70, 1, 0, 0
71849, 70, 1, 0, 0
71949, 70, 1, 0, 0
72049, 70, 1, 0, 0
72149, 70, 1, 0, 0
72249, 80, 1, 0, 0
72350, 60, 1, 0, 0
72450, 80, 1, 0, 0
72550, 70, 1, 0, 0
72650, 70, 1, 0, 0
72749, 70, 1, 0, 0
72849, 70, 1, 0, 0
72949, 70, 1, 0, 0
73049, 70, 1, 0, 0
73149, 70, 1, 0, 0
73249, 70, 1, 0, 0
73349, 70, 1, 0, 0
73449, 80, 1, 0, 0
73549, 70, 1, 0, 0
73649, 70, 1, 0, 0
73750, 70, 1, 0, 0
73850, 70, 1, 0, 0
73950, 70, 1, 0, 0
74050, 80, 1, 0, 0
74150, 50, 1, 0, 0
74249, 20, 1, 0, 0
74349, 10, 1, 0, 0
74449, 20, 1, 0, 0
74549, 20, 1, 0, 0
74649, 20, 1, 0, 0
74749, 20, 1, 0, 0
74849, 50, 1, 0, 0
74949, 70, 1, 0, 0
75049, 70, 1, 0, 0
75149, 70, 1, 0, 0
75249, 80, 1, 0, 0
75349, 70, 1, 0, 0
75449, 60, 1, 0, 0
75549, 80, 1, 0, 0
75649, 70, 1, 0, 0
75749, 70, 1, 0, 0
75849, 70, 1, 0, 0
75949, 70, 1, 0, 0
76050, 70, 1, 0, 0
76150, 70, 1, 0, 0
76249, 70, 1, 0, 0
76349, 70, 1, 0, 0
76449, 80, 1, 0, 0
76549, 70, 1, 0, 0
76649, 70, 1, 0, 0
76749, 70, 1, 0, 0
76849, 70, 1, 0, 0
76949, 70, 1, 0, 0
77049, 70, 1, 0, 0
77149, 70, 1, 0, 0
77249, 70, 1, 0, 0
77349, 70, 1, 0, 0
77449, 80, 1, 0, 0
77550, 70, 1, 0, 0
77650, 70, 1, 0, 0
77749, 70, 1, 0, 0
77849, 70, 1, 0, 0
77949, 70, 1, 0, 0
78049, 60, 1, 0, 0
78149, 20, 1, 0, 0
78249, 20, 1, 0, 0
78349, 20, 1, 0, 0
78449, 20, 1, 0, 0
78549, 20, 1, 0, 0
78649, 30, 1, 0, 0
78749, 50, 1, 0, 0
78849, 70, 1, 0, 0
78949, 70, 1, 0, 0
79050, 80, 1, 0, 0
79150, 70, 1, 0, 0
79249, 70, 1, 0, 0
79349, 70, 1, 0, 0
79449, 70, 1, 0, 0
79549, 70, 1, 0, 0
79649, 70, 1, 0, 0
79749, 80, 1, 0, 0
79849, 60, 1, 0, 0
79949, 80, 1, 0, 0
80049, 70, 1, 0, 0
80149, 70, 1, 0, 0
80249, 70, 1, 0, 0
80349, 80, 1, 0, 0
80449, 60, 1, 0, 0
80550, 80, 1, 0, 0
80650, 70, 1, 0, 0
80749, 70, 1, 0, 0
80849, 70, 1, 0, 0
80949, 70, 1, 0, 0
81049, 70, 1, 0, 0
81149, 80, 1, 0, 0
81249, 70, 1, 0, 0
81349, 70, 1, 0, 0
81449, 70, 1, 0, 0
81549, 70, 1, 0, 0
81649, 80, 1, 0, 0
81749, 70, 1, 0, 0
81849, 70, 1, 0, 0
81949, 70, 1, 0, 0
82050, 20, 1, 0, 0
82150, 20, 1, 0, 0
82249, 20, 1, 0, 0
82349, 20, 1, 0, 0
82449, 20, 1, 0, 0
82549, 30, 1, 0, 0
82649, 30, 1, 0, 0
82749, 70, 1, 0, 0
82849, 70, 1, 0, 0
82949, 70, 1, 0, 0
83050, 80, 1, 0, 0
83150, 70, 1, 0, 0
83249, 70, 1, 0, 0
83349, 70, 1, 0, 0
83449, 70, 1, 0, 0
83549, 70, 1, 0, 0
83649, 70, 1, 0, 0
83749, 70, 1, 0, 0
83849, 70, 1, 0, 0
83949, 70, 1, 0, 0
84049, 80, 1, 0, 0
84149, 60, 1, 0, 0
84249, 80, 1, 0, 0
84349, 70, 1, 0, 0
84449, 70, 1, 0, 0
84550, 70, 1, 0, 0
84650, 80, 1, 0, 0
84749, 70, 1, 0, 0
84849, 70, 1, 0, 0
84949, 70, 1, 0, 0
85049, 70, 1, 0, 0
85149, 70, 1, 0, 0
85249, 80, 1, 0, 0
85349, 70, 1, 0, 0
85449, 70, 1, 0, 0
85549, 70, 1, 0, 0
85649, 80, 1, 0, 0
85749, 70, 1, 0, 0
85849, 70, 1, 0, 0
85949, 30, 1, 0, 0
86050, 20, 1, 0, 0
86150, 20, 1, 0, 0
86249, 20, 1, 0, 0
86349, 10, 1, 0, 0
86449, 30, 1, 0, 0
86549, 30, 1, 0, 0
86649, 50, 1, 0, 0
86749, 70, 1, 0, 0
86849, 70, 1, 0, 0
86949, 70, 1, 0, 0
87050, 70, 1, 0, 0
87150, 70, 1, 0, 0
87249, 70, 1, 0, 0
87349, 70, 1, 0, 0
87449, 70, 1, 0, 0
87549, 70, 1, 0, 0
87649, 70, 1, 0, 0
87749, 70, 1, 0, 0
87849, 70, 1, 0, 0
87949, 70, 1, 0, 0
88049, 70, 1, 0, 0
88149, 70, 1, 0, 0
88249, 70, 1, 0, 0
88349, 70, 1, 0, 0
88449, 70, 1, 0, 0
88550, 70, 1, 0, 0
88650, 70, 1, 0, 0
88749, 70, 1, 0, 0
88849, 70, 1, 0, 0
88949, 80, 1, 0, 0
89049, 60, 1, 0, 0
89149, 80, 1, 0, 0
89249, 70, 1, 0, 0
89349, 70, 1, 0, 0
89449, 70, 1, 0, 0
89549, 70, 1, 0, 0
89649, 70, 1, 0, 0
89749, 70, 1, 0, 0
89849, 50, 1, 0, 0
89949, 20, 1, 0, 0
90050, 20, 1, 0, 0
