108, 54073925, 1, 0, 0
208, 50153714, 1, 0, 0
302, 13448165, 1, 0, 0
403, 14375633, 1, 0, 0
501, 14064003, 1, 0, 0
614, 14053650, 1, 0, 0
709, 13631724, 1, 0, 0
812, 14628820, 1, 0, 0
908, 13715900, 1, 0, 0
1005, 13936781, 1, 0, 0
1106, 14414826, 1, 0, 0
1200, 13443569, 1, 0, 0
1302, 14476196, 1, 0, 0
1402, 14291933, 1, 0, 0
1515, 14128259, 1, 0, 0
1604, 14861473, 1, 0, 0
1703, 14209439, 1, 0, 0
1816, 14034539, 1, 0, 0
1909, 13381773, 1, 0, 0
2012, 14703250, 1, 0, 0
2110, 13931386, 1, 0, 0
2206, 13708511, 1, 0, 0
2308, 14609795, 1, 0, 0
2402, 13398774, 1, 0, 0
2501, 14096150, 1, 0, 0
2600, 14127815, 1, 0, 0
2711, 13968617, 1, 0, 0
2805, 13316231, 1, 0, 0
2908, 14775343, 1, 0, 0
3006, 14029176, 1, 0, 0
3100, 13443494, 1, 0, 0
3203, 14672556, 1, 0, 0
3313, 13779465, 1, 0, 0
3409, 13670946, 1, 0, 0
3542, 22185124, 1, 0, 0
3653, 55193290, 1, 0, 0
3704, 51463697, 1, 0, 0
3815, 55332453, 1, 0, 0
3921, 53015201, 1, 0, 0
4027, 53192155, 1, 0, 0
4134, 53639621, 1, 0, 0
4207, 14523370, 1, 0, 0
4304, 13869177, 1, 0, 0
4406, 14512579, 1, 0, 0
4508, 14567442, 1, 0, 0
4610, 14587491, 1, 0, 0
4711, 14443289, 1, 0, 0
4813, 14513448, 1, 0, 0
4908, 13668542, 1, 0, 0
5000, 15220187, 1, 0, 0
5114, 14358848, 1, 0, 0
5201, 14422988, 1, 0, 0
5300, 14144732, 1, 0, 0
5401, 14439900, 1, 0, 0
5504, 14627655, 1, 0, 0
5600, 13711205, 1, 0, 0
5702, 14693022, 1, 0, 0
5803, 14391365, 1, 0, 0
5900, 13832184, 1, 0, 0
6004, 14897789, 1, 0, 0
6102, 13986962, 1, 0, 0
6202, 14211036, 1, 0, 0
6311, 15639785, 1, 0, 0
6411, 14282290, 1, 0, 0
6508, 13827359, 1, 0, 0
6611, 14685736, 1, 0, 0
6708, 13878004, 1, 0, 0
6807, 14105017, 1, 0, 0
6910, 14807699, 1, 0, 0
7006, 13654053, 1, 0, 0
7109, 14644367, 1, 0, 0
7210, 14466952, 1, 0, 0
7305, 13544327, 1, 0, 0
7408, 14709985, 1, 0, 0
7538, 18586475, 1, 0, 0
7644, 53285741, 1, 0, 0
7745, 50352477, 1, 0, 0
7850, 52345818, 1, 0, 0
7908, 58679877, 1, 0, 0
8025, 58399618, 1, 0, 0
8140, 57550694, 1, 0, 0
8209, 13819865, 1, 0, 0
8303, 13390115, 1, 0, 0
8405, 14605329, 1, 0, 0
8503, 13919822, 1, 0, 0
8615, 13993619, 1, 0, 0
8701, 14342628, 1, 0, 0
8813, 13971487, 1, 0, 0
8907, 13440825, 1, 0, 0
9006, 14129475, 1, 0, 0
9105, 14226480, 1, 0, 0
9218, 14037995, 1, 0, 0
9302, 14041286, 1, 0, 0
9400, 14040350, 1, 0, 0
9518, 14659785, 1, 0, 0
9601, 13830176, 1, 0, 0
9713, 14005256, 1, 0, 0
9810, 13889888, 1, 0, 0
9906, 13666693, 1, 0, 0
10008, 14564066, 1, 0, 0
10102, 13430825, 1, 0, 0
10200, 14115300, 1, 0, 0
10300, 14152204, 1, 0, 0
10411, 13925669, 1, 0, 0
10504, 13288631, 1, 0, 0
10605, 14475632, 1, 0, 0
10702, 13817018, 1, 0, 0
10814, 14030240, 1, 0, 0
10909, 13581193, 1, 0, 0
11010, 14369914, 1, 0, 0
11104, 13397684, 1, 0, 0
11201, 13920396, 1, 0, 0
11300, 14047869, 1, 0, 0
11409, 13722810, 1, 0, 0
11520, 36825638, 1, 0, 0
11620, 49945386, 1, 0, 0
11724, 52122564, 1, 0, 0
11830, 52941932, 1, 0, 0
11936, 52948507, 1, 0, 0
12026, 45306701, 1, 0, 0
12108, 40780362, 1, 0, 0
12202, 13387085, 1, 0, 0
12305, 14681786, 1, 0, 0
12403, 14033212, 1, 0, 0
12515, 14072627, 1, 0, 0
12602, 14373798, 1, 0, 0
12714, 14011482, 1, 0, 0
12809, 13571837, 1, 0, 0
12907, 14094447, 1, 0, 0
13006, 14126714, 1, 0, 0
13100, 13363311, 1, 0, 0
13202, 14603727, 1, 0, 0
13301, 14166771, 1, 0, 0
13414, 14089045, 1, 0, 0
13510, 13634796, 1, 0, 0
13612, 14588840, 1, 0, 0
13706, 13512585, 1, 0, 0
13805, 14167628, 1, 0, 0
13905, 14167983, 1, 0, 0
14017, 14080674, 1, 0, 0
14101, 13936928, 1, 0, 0
14213, 13998856, 1, 0, 0
14310, 13803564, 1, 0, 0
14405, 13576306, 1, 0, 0
14506, 14422050, 1, 0, 0
14617, 13867065, 1, 0, 0
14711, 13420376, 1, 0, 0
14800, 14881183, 1, 0, 0
14911, 13842000, 1, 0, 0
15004, 13279418, 1, 0, 0
15104, 14388016, 1, 0, 0
15202, 13944240, 1, 0, 0
15313, 13867028, 1, 0, 0
15402, 17802817, 1, 0, 0
15506, 52206868, 1, 0, 0
15616, 54937342, 1, 0, 0
15727, 55230506, 1, 0, 0
15836, 54736371, 1, 0, 0
15948, 55987844, 1, 0, 0
16007, 58563861, 1, 0, 0
16101, 18891207, 1, 0, 0
16217, 14439466, 1, 0, 0
16302, 14195713, 1, 0, 0
16402, 14291380, 1, 0, 0
16500, 14050778, 1, 0, 0
16605, 14889638, 1, 0, 0
16702, 13875303, 1, 0, 0
16803, 14509869, 1, 0, 0
16906, 14613971, 1, 0, 0
17002, 13779531, 1, 0, 0
17107, 14941572, 1, 0, 0
17209, 14578622, 1, 0, 0
17308, 14118490, 1, 0, 0
17412, 14844609, 1, 0, 0
17509, 13853743, 1, 0, 0
17610, 14506060, 1, 0, 0
17712, 14535767, 1, 0, 0
17808, 13662126, 1, 0, 0
17912, 14933015, 1, 0, 0
18012, 14239110, 1, 0, 0
18100, 14668501, 1, 0, 0
18215, 14366967, 1, 0, 0
18312, 13822714, 1, 0, 0
18400, 14703554, 1, 0, 0
18514, 14318810, 1, 0, 0
18600, 14279169, 1, 0, 0
18700, 14264304, 1, 0, 0
18815, 14443301, 1, 0, 0
18903, 14544080, 1, 0, 0
19003, 14249177, 1, 0, 0
19102, 14189073, 1, 0, 0
19204, 14612529, 1, 0, 0
19300, 13690056, 1, 0, 0
19422, 20288341, 1, 0, 0
19525, 51415580, 1, 0, 0
19626, 50513029, 1, 0, 0
19734, 54410953, 1, 0, 0
19848, 56842534, 1, 0, 0
19905, 56477212, 1, 0, 0
20020, 57778135, 1, 0, 0
20103, 13822687, 1, 0, 0
20202, 14118808, 1, 0, 0
20314, 13992430, 1, 0, 0
20409, 13582156, 1, 0, 0
20516, 15293572, 1, 0, 0
20615, 14154968, 1, 0, 0
20717, 14488960, 1, 0, 0
20803, 14408533, 1, 0, 0
20915, 13928503, 1, 0, 0
21008, 13402822, 1, 0, 0
21109, 14386353, 1, 0, 0
21215, 15057764, 1, 0, 0
21308, 13365223, 1, 0, 0
21408, 14270903, 1, 0, 0
21506, 13979335, 1, 0, 0
21601, 13549593, 1, 0, 0
21703, 14556274, 1, 0, 0
21814, 13896370, 1, 0, 0
21910, 13708398, 1, 0, 0
22007, 13808470, 1, 0, 0
22107, 14333666, 1, 0, 0
22203, 13704042, 1, 0, 0
22301, 14033857, 1, 0, 0
22400, 14081335, 1, 0, 0
22511, 13898187, 1, 0, 0
22604, 13284261, 1, 0, 0
22706, 14551498, 1, 0, 0
22802, 13787902, 1, 0, 0
22914, 13925744, 1, 0, 0
23009, 13563140, 1, 0, 0
23108, 14245502, 1, 0, 0
23203, 13469827, 1, 0, 0
23337, 22389384, 1, 0, 0
23446, 54282051, 1, 0, 0
23500, 54847989, 1, 0, 0
23609, 54077259, 1, 0, 0
23717, 54079557, 1, 0, 0
23827, 54844115, 1, 0, 0
23930, 51508691, 1, 0, 0
24014, 14061951, 1, 0, 0
24112, 14062141, 1, 0, 0
24208, 13677653, 1, 0, 0
24309, 14465974, 1, 0, 0
24404, 13496038, 1, 0, 0
24502, 14058366, 1, 0, 0
24603, 14448156, 1, 0, 0
24715, 13883146, 1, 0, 0
24808, 13381249, 1, 0, 0
24908, 14248097, 1, 0, 0
25006, 14036124, 1, 0, 0
25102, 13642978, 1, 0, 0
25203, 14497775, 1, 0, 0
25315, 13914552, 1, 0, 0
25411, 13713953, 1, 0, 0
25508, 13922881, 1, 0, 0
25609, 14386421, 1, 0, 0
25703, 13461851, 1, 0, 0
25804, 14411718, 1, 0, 0
25902, 13990892, 1, 0, 0
26014, 13978257, 1, 0, 0
26108, 13424794, 1, 0, 0
26209, 14442594, 1, 0, 0
26305, 13732988, 1, 0, 0
26403, 14006291, 1, 0, 0
26504, 14360039, 1, 0, 0
26616, 14099348, 1, 0, 0
26710, 13375037, 1, 0, 0
26810, 14331465, 1, 0, 0
26909, 14131109, 1, 0, 0
27002, 13250199, 1, 0, 0
27103, 14452944, 1, 0, 0
27229, 17906161, 1, 0, 0
27337, 54163637, 1, 0, 0
27445, 53832886, 1, 0, 0
27500, 55345368, 1, 0, 0
27605, 52553861, 1, 0, 0
27711, 52966851, 1, 0, 0
27819, 53956641, 1, 0, 0
27901, 16417380, 1, 0, 0
28001, 14224571, 1, 0, 0
28100, 14172584, 1, 0, 0
28212, 13982702, 1, 0, 0
28306, 13454551, 1, 0, 0
28408, 14558516, 1, 0, 0
28506, 13969683, 1, 0, 0
28602, 13696218, 1, 0, 0
28703, 14501451, 1, 0, 0
28815, 13966353, 1, 0, 0
28910, 13528451, 1, 0, 0
29011, 14411372, 1, 0, 0
29110, 14260815, 1, 0, 0
29204, 13326002, 1, 0, 0
29306, 14665138, 1, 0, 0
29403, 13834592, 1, 0, 0
29515, 13953744, 1, 0, 0
29601, 14297048, 1, 0, 0
29714, 14169645, 1, 0, 0
29810, 13658272, 1, 0, 0
29907, 13880055, 1, 0, 0
30007, 14342478, 1, 0, 0
30113, 15126019, 1, 0, 0
30207, 13470751, 1, 0, 0
30309, 14508042, 1, 0, 0
30405, 13671210, 1, 0, 0
30503, 13986462, 1, 0, 0
30603, 14331548, 1, 0, 0
30715, 14003722, 1, 0, 0
30809, 13473437, 1, 0, 0
30910, 14329036, 1, 0, 0
31008, 14095617, 1, 0, 0
31115, 15242728, 1, 0, 0
31213, 48761715, 1, 0, 0
31320, 53536855, 1, 0, 0
31426, 53366987, 1, 0, 0
31534, 53584299, 1, 0, 0
31642, 54237252, 1, 0, 0
31750, 53917794, 1, 0, 0
31807, 18980054, 1, 0, 0
31902, 13564853, 1, 0, 0
32004, 14595899, 1, 0, 0
32101, 13792369, 1, 0, 0
32213, 14043115, 1, 0, 0
32310, 13918627, 1, 0, 0
32411, 14401085, 1, 0, 0
32506, 13478797, 1, 0, 0
32606, 14306007, 1, 0, 0
32705, 14107786, 1, 0, 0
32816, 13945520, 1, 0, 0
32902, 14305640, 1, 0, 0
33014, 14042159, 1, 0, 0
33110, 13686186, 1, 0, 0
33207, 13844800, 1, 0, 0
33302, 15767318, 1, 0, 0
33414, 13975136, 1, 0, 0
33508, 13466360, 1, 0, 0
33610, 14593366, 1, 0, 0
33705, 13631029, 1, 0, 0
33802, 13820105, 1, 0, 0
33902, 14268451, 1, 0, 0
34013, 13906527, 1, 0, 0
34107, 13411035, 1, 0, 0
34207, 14222576, 1, 0, 0
34305, 13995134, 1, 0, 0
34400, 13535412, 1, 0, 0
34501, 14495126, 1, 0, 0
34612, 13903182, 1, 0, 0
34708, 13652580, 1, 0, 0
34804, 13768736, 1, 0, 0
34904, 14280433, 1, 0, 0
35013, 13532417, 1, 0, 0
35118, 35008613, 1, 0, 0
35227, 54460804, 1, 0, 0
35332, 52641055, 1, 0, 0
35442, 55196511, 1, 0, 0
35550, 53960124, 1, 0, 0
35604, 53961268, 1, 0, 0
35712, 26887462, 1, 0, 0
35811, 14140906, 1, 0, 0
35910, 14187637, 1, 0, 0
36003, 13341992, 1, 0, 0
36106, 14666438, 1, 0, 0
36204, 13980728, 1, 0, 0
36315, 13873412, 1, 0, 0
36400, 14152310, 1, 0, 0
36511, 13939433, 1, 0, 0
36606, 13457332, 1, 0, 0
36705, 14129870, 1, 0, 0
36806, 14418275, 1, 0, 0
36918, 14031793, 1, 0, 0
37001, 13816763, 1, 0, 0
37112, 13914701, 1, 0, 0
37209, 13875433, 1, 0, 0
37305, 13667153, 1, 0, 0
37407, 14526748, 1, 0, 0
37501, 13490341, 1, 0, 0
37600, 14131323, 1, 0, 0
37711, 13874731, 1, 0, 0
37810, 14096426, 1, 0, 0
37902, 13237771, 1, 0, 0
38003, 14435650, 1, 0, 0
38100, 13812108, 1, 0, 0
38211, 13851724, 1, 0, 0
38307, 13721484, 1, 0, 0
38409, 14496237, 1, 0, 0
38502, 13390672, 1, 0, 0
38600, 14002744, 1, 0, 0
38711, 13846465, 1, 0, 0
38809, 14022234, 1, 0, 0
38902, 13267710, 1, 0, 0
39018, 28941931, 1, 0, 0
39129, 55381093, 1, 0, 0
39234, 52504425, 1, 0, 0
39340, 52942341, 1, 0, 0
39447, 53441354, 1, 0, 0
39501, 54142546, 1, 0, 0
39606, 52457889, 1, 0, 0
39705, 14173268, 1, 0, 0
39817, 14030189, 1, 0, 0
39901, 13956873, 1, 0, 0
40013, 13983736, 1, 0, 0
40110, 13864983, 1, 0, 0
40206, 13700527, 1, 0, 0
40307, 14434195, 1, 0, 0
40401, 13465124, 1, 0, 0
40500, 14098731, 1, 0, 0
40611, 13941259, 1, 0, 0
40712, 14316542, 1, 0, 0
40806, 13543675, 1, 0, 0
40907, 14431415, 1, 0, 0
41005, 13891784, 1, 0, 0
41101, 13710962, 1, 0, 0
41202, 14505286, 1, 0, 0
41314, 13976934, 1, 0, 0
41408, 13439387, 1, 0, 0
41507, 14055661, 1, 0, 0
41606, 14184367, 1, 0, 0
41717, 13886012, 1, 0, 0
41800, 13869694, 1, 0, 0
41911, 13822775, 1, 0, 0
42007, 13715797, 1, 0, 0
42102, 13599004, 1, 0, 0
42204, 14535040, 1, 0, 0
42316, 13973704, 1, 0, 0
42412, 13756110, 1, 0, 0
42509, 13816144, 1, 0, 0
42609, 14269693, 1, 0, 0
42700, 13116674, 1, 0, 0
42800, 14201893, 1, 0, 0
42927, 25482360, 1, 0, 0
43033, 52942927, 1, 0, 0
43142, 54424627, 1, 0, 0
43250, 53764726, 1, 0, 0
43305, 55067223, 1, 0, 0
43415, 54963667, 1, 0, 0
43513, 32694540, 1, 0, 0
43609, 13727368, 1, 0, 0
43707, 13992277, 1, 0, 0
43807, 14361376, 1, 0, 0
43901, 13333134, 1, 0, 0
44001, 14351882, 1, 0, 0
44112, 13908511, 1, 0, 0
44210, 14003920, 1, 0, 0
44305, 13444437, 1, 0, 0
44405, 14404437, 1, 0, 0
44500, 13583839, 1, 0, 0
44614, 14211355, 1, 0, 0
44702, 14602379, 1, 0, 0
44815, 14106107, 1, 0, 0
44908, 13371486, 1, 0, 0
45009, 14365112, 1, 0, 0
45101, 15385809, 1, 0, 0
45214, 14086530, 1, 0, 0
45310, 13678024, 1, 0, 0
45411, 14510132, 1, 0, 0
45507, 13630188, 1, 0, 0
45606, 14177345, 1, 0, 0
45706, 14224704, 1, 0, 0
45817, 13909326, 1, 0, 0
45900, 13848483, 1, 0, 0
46011, 13928208, 1, 0, 0
46109, 13886102, 1, 0, 0
46204, 13692854, 1, 0, 0
46305, 14402950, 1, 0, 0
46417, 13949998, 1, 0, 0
46511, 13406462, 1, 0, 0
46608, 13950886, 1, 0, 0
46707, 14129431, 1, 0, 0
46847, 23228140, 1, 0, 0
46951, 52004065, 1, 0, 0
47007, 55789855, 1, 0, 0
47112, 52838397, 1, 0, 0
47220, 54052567, 1, 0, 0
47330, 54873504, 1, 0, 0
47426, 48091391, 1, 0, 0
47512, 14315231, 1, 0, 0
47605, 13272934, 1, 0, 0
47707, 14558840, 1, 0, 0
47804, 13775818, 1, 0, 0
47915, 13974755, 1, 0, 0
48001, 14260025, 1, 0, 0
48113, 13947117, 1, 0, 0
48207, 13454940, 1, 0, 0
48306, 14164023, 1, 0, 0
48405, 14181252, 1, 0, 0
48512, 15199171, 1, 0, 0
48609, 13855132, 1, 0, 0
48710, 14449902, 1, 0, 0
48804, 13474126, 1, 0, 0
48903, 14072722, 1, 0, 0
49003, 14288121, 1, 0, 0
49114, 13951022, 1, 0, 0
49208, 13328682, 1, 0, 0
49309, 14445026, 1, 0, 0
49406, 13912037, 1, 0, 0
49502, 13725748, 1, 0, 0
49603, 14436739, 1, 0, 0
49714, 13886485, 1, 0, 0
49808, 13365280, 1, 0, 0
49906, 13951419, 1, 0, 0
50008, 14640045, 1, 0, 0
50102, 13358988, 1, 0, 0
50201, 14169841, 1, 0, 0
50312, 13921449, 1, 0, 0
50411, 14135419, 1, 0, 0
50504, 13298549, 1, 0, 0
50606, 14543789, 1, 0, 0
50717, 22246580, 1, 0, 0
50815, 48714815, 1, 0, 0
50917, 51101820, 1, 0, 0
51025, 54074704, 1, 0, 0
51138, 56227153, 1, 0, 0
51246, 54212014, 1, 0, 0
51325, 39280072, 1, 0, 0
51406, 13630094, 1, 0, 0
51509, 14570283, 1, 0, 0
51605, 13810872, 1, 0, 0
51703, 13931036, 1, 0, 0
51804, 14411237, 1, 0, 0
51916, 14020174, 1, 0, 0
52010, 13449728, 1, 0, 0
52111, 14404004, 1, 0, 0
52209, 14011767, 1, 0, 0
52303, 13493888, 1, 0, 0
52405, 14536890, 1, 0, 0
52503, 13934033, 1, 0, 0
52600, 13959725, 1, 0, 0
52709, 15451758, 1, 0, 0
52807, 14004275, 1, 0, 0
52901, 13495822, 1, 0, 0
53003, 14616901, 1, 0, 0
53115, 13940844, 1, 0, 0
53211, 13642288, 1, 0, 0
53308, 13908923, 1, 0, 0
53409, 14412537, 1, 0, 0
53503, 13390666, 1, 0, 0
53603, 14280069, 1, 0, 0
53701, 14006301, 1, 0, 0
53812, 13938600, 1, 0, 0
53906, 13460630, 1, 0, 0
54009, 14698096, 1, 0, 0
54104, 13586024, 1, 0, 0
54201, 13853854, 1, 0, 0
54303, 14434675, 1, 0, 0
54413, 13759840, 1, 0, 0
54506, 13368352, 1, 0, 0
54630, 20656189, 1, 0, 0
54734, 51673107, 1, 0, 0
54834, 50088187, 1, 0, 0
54938, 52120734, 1, 0, 0
55050, 55882116, 1, 0, 0
55108, 58228911, 1, 0, 0
55224, 58174419, 1, 0, 0
55311, 14485075, 1, 0, 0
55405, 13449450, 1, 0, 0
55508, 14608089, 1, 0, 0
55605, 13924647, 1, 0, 0
55702, 13765195, 1, 0, 0
55803, 14485848, 1, 0, 0
55915, 14027415, 1, 0, 0
56011, 13615576, 1, 0, 0
56111, 14281135, 1, 0, 0
56210, 14252132, 1, 0, 0
56304, 13369764, 1, 0, 0
56408, 14855442, 1, 0, 0
56506, 13975810, 1, 0, 0
56602, 13742384, 1, 0, 0
56704, 14525621, 1, 0, 0
56815, 13958096, 1, 0, 0
56910, 13570892, 1, 0, 0
57010, 14249708, 1, 0, 0
57109, 14170282, 1, 0, 0
57203, 13304260, 1, 0, 0
57305, 14604058, 1, 0, 0
57403, 14040004, 1, 0, 0
57515, 13983923, 1, 0, 0
57601, 14391353, 1, 0, 0
57714, 14031913, 1, 0, 0
57808, 13530792, 1, 0, 0
57908, 14254156, 1, 0, 0
58008, 14284243, 1, 0, 0
58102, 13355322, 1, 0, 0
58205, 14756325, 1, 0, 0
58302, 13843274, 1, 0, 0
58413, 13882012, 1, 0, 0
58508, 13557452, 1, 0, 0
58647, 46433897, 1, 0, 0
58700, 53024431, 1, 0, 0
58800, 49985157, 1, 0, 0
58950, 50026170, 1, 0, 0
59003, 52628072, 1, 0, 0
59110, 53783233, 1, 0, 0
59204, 31028991, 1, 0, 0
59303, 14198306, 1, 0, 0
59403, 14289625, 1, 0, 0
59515, 14002257, 1, 0, 0
59608, 13317416, 1, 0, 0
59711, 14629675, 1, 0, 0
59808, 13902570, 1, 0, 0
59900, 15333006, 1, 0, 0
60000, 14215689, 1, 0, 0
60112, 14078692, 1, 0, 0
60206, 13369254, 1, 0, 0
60309, 14791425, 1, 0, 0
60407, 13940905, 1, 0, 0
60512, 14999368, 1, 0, 0
60601, 14813898, 1, 0, 0
60713, 13948390, 1, 0, 0
60806, 13418095, 1, 0, 0
60907, 14301542, 1, 0, 0
61006, 14125711, 1, 0, 0
61100, 13434855, 1, 0, 0
61201, 14514655, 1, 0, 0
61313, 13920596, 1, 0, 0
61407, 13535412, 1, 0, 0
61504, 13872731, 1, 0, 0
61604, 14261824, 1, 0, 0
61716, 13920532, 1, 0, 0
61810, 13439306, 1, 0, 0
61910, 14259514, 1, 0, 0
62008, 14012361, 1, 0, 0
62102, 13513704, 1, 0, 0
62203, 14377151, 1, 0, 0
62314, 13826018, 1, 0, 0
62430, 16647051, 1, 0, 0
62532, 51099471, 1, 0, 0
62636, 51982101, 1, 0, 0
62751, 57124280, 1, 0, 0
62804, 53171751, 1, 0, 0
62915, 55404705, 1, 0, 0
63024, 54898396, 1, 0, 0
63110, 17141821, 1, 0, 0
63211, 14400935, 1, 0, 0
63306, 13528169, 1, 0, 0
63407, 14509725, 1, 0, 0
63506, 14123967, 1, 0, 0
63602, 13725401, 1, 0, 0
63704, 14560451, 1, 0, 0
63801, 13860305, 1, 0, 0
63913, 14030708, 1, 0, 0
64009, 13684164, 1, 0, 0
64111, 14487288, 1, 0, 0
64206, 13624600, 1, 0, 0
64306, 14200525, 1, 0, 0
64405, 14157454, 1, 0, 0
64517, 14020085, 1, 0, 0
64600, 13849487, 1, 0, 0
64711, 13942575, 1, 0, 0
64809, 13924521, 1, 0, 0
64906, 13787897, 1, 0, 0
65007, 14445953, 1, 0, 0
65101, 13411520, 1, 0, 0
65212, 13912894, 1, 0, 0
65311, 14175494, 1, 0, 0
65411, 14213760, 1, 0, 0
65503, 13161310, 1, 0, 0
65605, 14531140, 1, 0, 0
65703, 14011413, 1, 0, 0
65814, 13960692, 1, 0, 0
65900, 14254283, 1, 0, 0
66012, 14014693, 1, 0, 0
66105, 13217357, 1, 0, 0
66203, 14030271, 1, 0, 0
66300, 13946157, 1, 0, 0
66446, 36464319, 1, 0, 0
66500, 53753318, 1, 0, 0
66604, 52012336, 1, 0, 0
66712, 53806099, 1, 0, 0
66820, 54335234, 1, 0, 0
66932, 55835441, 1, 0, 0
67001, 34586260, 1, 0, 0
67100, 14097857, 1, 0, 0
67200, 14236505, 1, 0, 0
67311, 13949424, 1, 0, 0
67405, 13418445, 1, 0, 0
67508, 14640686, 1, 0, 0
67605, 13892015, 1, 0, 0
67701, 13662065, 1, 0, 0
67802, 14445125, 1, 0, 0
67913, 13934366, 1, 0, 0
68008, 13505213, 1, 0, 0
68108, 14391561, 1, 0, 0
68208, 14265557, 1, 0, 0
68302, 13343791, 1, 0, 0
68404, 14543203, 1, 0, 0
68501, 13910677, 1, 0, 0
68613, 13980471, 1, 0, 0
68709, 13752831, 1, 0, 0
68811, 14499610, 1, 0, 0
68905, 13485649, 1, 0, 0
69004, 14123412, 1, 0, 0
69103, 14143549, 1, 0, 0
69215, 13941212, 1, 0, 0
69308, 13317553, 1, 0, 0
69410, 14547989, 1, 0, 0
69506, 13774719, 1, 0, 0
69604, 13921266, 1, 0, 0
69705, 14503658, 1, 0, 0
69800, 13539692, 1, 0, 0
69912, 13977738, 1, 0, 0
70010, 14020610, 1, 0, 0
70108, 14072684, 1, 0, 0
70217, 15454293, 1, 0, 0
70317, 49969885, 1, 0, 0
70420, 51688438, 1, 0, 0
70524, 52205753, 1, 0, 0
70627, 51289333, 1, 0, 0
70725, 49111140, 1, 0, 0
70824, 49506378, 1, 0, 0
70907, 20601117, 1, 0, 0
71008, 14506481, 1, 0, 0
71104, 13705342, 1, 0, 0
71201, 13891090, 1, 0, 0
71302, 14370641, 1, 0, 0
71414, 13937182, 1, 0, 0
71507, 13324682, 1, 0, 0
71607, 14295237, 1, 0, 0
71705, 14054602, 1, 0, 0
71800, 13545676, 1, 0, 0
71902, 14494662, 1, 0, 0
72016, 14227904, 1, 0, 0
72111, 13646860, 1, 0, 0
72208, 13852649, 1, 0, 0
72309, 14434269, 1, 0, 0
72403, 13381715, 1, 0, 0
72503, 14330127, 1, 0, 0
72602, 14059639, 1, 0, 0
72715, 14147224, 1, 0, 0
72809, 13447774, 1, 0, 0
72906, 16216360, 1, 0, 0
73000, 13367603, 1, 0, 0
73100, 14297923, 1, 0, 0
73212, 13954818, 1, 0, 0
73310, 14005041, 1, 0, 0
73404, 13447770, 1, 0, 0
73506, 14637014, 1, 0, 0
73602, 13684142, 1, 0, 0
73714, 13974788, 1, 0, 0
73800, 14366407, 1, 0, 0
73911, 13894908, 1, 0, 0
74004, 13213657, 1, 0, 0
74102, 13996490, 1, 0, 0
74243, 47214597, 1, 0, 0
74351, 53846398, 1, 0, 0
74401, 49766424, 1, 0, 0
74505, 51925682, 1, 0, 0
74618, 56696693, 1, 0, 0
74735, 58247116, 1, 0, 0
74813, 26106356, 1, 0, 0
74908, 13562223, 1, 0, 0
75010, 14575622, 1, 0, 0
75106, 13766048, 1, 0, 0
75204, 13932994, 1, 0, 0
75305, 14492438, 1, 0, 0
75417, 14001489, 1, 0, 0
75506, 14832076, 1, 0, 0
75608, 14552985, 1, 0, 0
75704, 13737520, 1, 0, 0
75802, 13895656, 1, 0, 0
75904, 14600146, 1, 0, 0
76016, 13982899, 1, 0, 0
76110, 13403589, 1, 0, 0
76210, 14325325, 1, 0, 0
76309, 14125747, 1, 0, 0
76404, 13610543, 1, 0, 0
76506, 14592336, 1, 0, 0
76602, 13685821, 1, 0, 0
76714, 13949549, 1, 0, 0
76811, 13852218, 1, 0, 0
76902, 15185047, 1, 0, 0
77013, 13916302, 1, 0, 0
77109, 13724521, 1, 0, 0
77211, 14506640, 1, 0, 0
77305, 13504909, 1, 0, 0
77405, 14220869, 1, 0, 0
77504, 14187162, 1, 0, 0
77616, 13916255, 1, 0, 0
77700, 13985143, 1, 0, 0
77811, 13870053, 1, 0, 0
77907, 13754036, 1, 0, 0
78002, 13545877, 1, 0, 0
78143, 47080812, 1, 0, 0
78242, 49750671, 1, 0, 0
78347, 52438603, 1, 0, 0
78447, 50075048, 1, 0, 0
78536, 44130709, 1, 0, 0
78600, 32286590, 1, 0, 0
78701, 33716213, 1, 0, 0
78801, 14179713, 1, 0, 0
78912, 13928365, 1, 0, 0
79005, 13292943, 1, 0, 0
79108, 14625029, 1, 0, 0
79205, 13931234, 1, 0, 0
79301, 13733438, 1, 0, 0
79403, 14454370, 1, 0, 0
79515, 13997322, 1, 0, 0
79609, 13463196, 1, 0, 0
79708, 14104200, 1, 0, 0
79808, 14367314, 1, 0, 0
79902, 13466008, 1, 0, 0
80004, 14530881, 1, 0, 0
80101, 13810280, 1, 0, 0
80213, 13975346, 1, 0, 0
80309, 13685624, 1, 0, 0
80410, 14530321, 1, 0, 0
80505, 13468840, 1, 0, 0
80604, 14189550, 1, 0, 0
80703, 14104287, 1, 0, 0
80814, 13891614, 1, 0, 0
80906, 13239698, 1, 0, 0
81008, 14541047, 1, 0, 0
81105, 13779505, 1, 0, 0
81200, 13609687, 1, 0, 0
81302, 14505900, 1, 0, 0
81413, 13889200, 1, 0, 0
81507, 13394609, 1, 0, 0
81606, 14153794, 1, 0, 0
81705, 14163551, 1, 0, 0
81815, 13820646, 1, 0, 0
81908, 13261592, 1, 0, 0
82022, 28476433, 1, 0, 0
82124, 50753997, 1, 0, 0
82224, 50278151, 1, 0, 0
82327, 51375766, 1, 0, 0
82426, 49288247, 1, 0, 0
82502, 38047640, 1, 0, 0
82646, 36137657, 1, 0, 0
82701, 13766804, 1, 0, 0
82800, 14161385, 1, 0, 0
82912, 13969813, 1, 0, 0
83005, 13309553, 1, 0, 0
83108, 14585750, 1, 0, 0
83204, 13741521, 1, 0, 0
83300, 13689773, 1, 0, 0
83401, 14491132, 1, 0, 0
83506, 15007954, 1, 0, 0
83618, 13941449, 1, 0, 0
83701, 13854536, 1, 0, 0
83800, 14147168, 1, 0, 0
83911, 13923933, 1, 0, 0
84007, 13633854, 1, 0, 0
84108, 14517304, 1, 0, 0
84203, 13548364, 1, 0, 0
84302, 14175297, 1, 0, 0
84401, 14140234, 1, 0, 0
84512, 13864609, 1, 0, 0
84606, 13303887, 1, 0, 0
84707, 14440593, 1, 0, 0
84803, 13809283, 1, 0, 0
84914, 13808129, 1, 0, 0
85009, 13559286, 1, 0, 0
85110, 14446564, 1, 0, 0
85204, 13467947, 1, 0, 0
85303, 14120454, 1, 0, 0
85402, 14104031, 1, 0, 0
85513, 13866763, 1, 0, 0
85605, 13212841, 1, 0, 0
85706, 14360775, 1, 0, 0
85803, 13836199, 1, 0, 0
85939, 22731065, 1, 0, 0
86042, 51271818, 1, 0, 0
86144, 51342171, 1, 0, 0
86246, 50676048, 1, 0, 0
86349, 51688222, 1, 0, 0
86400, 50503246, 1, 0, 0
86502, 34127601, 1, 0, 0
86612, 27403740, 1, 0, 0
86711, 14233870, 1, 0, 0
86814, 14622341, 1, 0, 0
86909, 13622152, 1, 0, 0
87011, 14619126, 1, 0, 0
87112, 14315596, 1, 0, 0
87207, 13673169, 1, 0, 0
87311, 14845201, 1, 0, 0
87412, 14380260, 1, 0, 0
87509, 13830936, 1, 0, 0
87612, 14718090, 1, 0, 0
87710, 14010904, 1, 0, 0
87816, 15220897, 1, 0, 0
87905, 14753324, 1, 0, 0
88002, 13826247, 1, 0, 0
88105, 14741525, 1, 0, 0
88200, 13628163, 1, 0, 0
88300, 14304055, 1, 0, 0
88402, 14428514, 1, 0, 0
88515, 14162031, 1, 0, 0
88609, 13467966, 1, 0, 0
88712, 14650579, 1, 0, 0
88810, 13992068, 1, 0, 0
88906, 13787166, 1, 0, 0
89009, 14659002, 1, 0, 0
89104, 13548604, 1, 0, 0
89204, 14376352, 1, 0, 0
89305, 14438299, 1, 0, 0
89418, 14041441, 1, 0, 0
89503, 14176218, 1, 0, 0
89600, 13944310, 1, 0, 0
89714, 14169046, 1, 0, 0
89809, 13643193, 1, 0, 0
89900, 45520286, 1, 0, 0
90050, 50025780, 1, 0, 0
