250, 16, 1, 0, 0
350, 70, 1, 0, 0
450, 70, 1, 0, 0
550, 70, 1, 0, 0
650, 80, 1, 0, 0
749, 60, 1, 0, 0
849, 80, 1, 0, 0
949, 70, 1, 0, 0
1049, 70, 1, 0, 0
1149, 70, 1, 0, 0
1250, 70, 1, 0, 0
1350, 70, 1, 0, 0
1450, 70, 1, 0, 0
1550, 70, 1, 0, 0
1650, 70, 1, 0, 0
1749, 70, 1, 0, 0
1849, 70, 1, 0, 0
1949, 70, 1, 0, 0
2049, 70, 1, 0, 0
2149, 80, 1, 0, 0
2249, 70, 1, 0, 0
2349, 70, 1, 0, 0
2450, 70, 1, 0, 0
2550, 70, 1, 0, 0
2650, 70, 1, 0, 0
2749, 80, 1, 0, 0
2849, 70, 1, 0, 0
2949, 60, 1, 0, 0
3049, 70, 1, 0, 0
3149, 80, 1, 0, 0
3249, 70, 1, 0, 0
3349, 70, 1, 0, 0
3449, 70, 1, 0, 0
3550, 60, 1, 0, 0
3650, 20, 1, 0, 0
3749, 20, 1, 0, 0
3849, 20, 1, 0, 0
3949, 20, 1, 0, 0
4049, 10, 1, 0, 0
4149, 20, 1, 0, 0
4249, 50, 1, 0, 0
4349, 80, 1, 0, 0
4450, 60, 1, 0, 0
4550, 70, 1, 0, 0
4650, 70, 1, 0, 0
4749, 60, 1, 0, 0
4849, 80, 1, 0, 0
4949, 60, 1, 0, 0
5049, 70, 1, 0, 0
5149, 70, 1, 0, 0
5249, 70, 1, 0, 0
5349, 70, 1, 0, 0
5449, 70, 1, 0, 0
5550, 70, 1, 0, 0
5650, 70, 1, 0, 0
5749, 70, 1, 0, 0
5849, 70, 1, 0, 0
5949, 70, 1, 0, 0
6049, 70, 1, 0, 0
6149, 70, 1, 0, 0
6249, 70, 1, 0, 0
6349, 60, 1, 0, 0
6449, 80, 1, 0, 0
6549, 60, 1, 0, 0
6649, 80, 1, 0, 0
6750, 70, 1, 0, 0
6850, 70, 1, 0, 0
6950, 70, 1, 0, 0
7050, 70, 1, 0, 0
7150, 70, 1, 0, 0
7249, 70, 1, 0, 0
7349, 70, 1, 0, 0
7449, 70, 1, 0, 0
7549, 70, 1, 0, 0
7649, 20, 1, 0, 0
7749, 20, 1, 0, 0
7849, 10, 1, 0, 0
7950, 20, 1, 0, 0
8050, 20, 1, 0, 0
8150, 20, 1, 0, 0
8249, 50, 1, 0, 0
8349, 70, 1, 0, 0
8449, 70, 1, 0, 0
8549, 70, 1, 0, 0
8649, 70, 1, 0, 0
8749, 70, 1, 0, 0
8849, 80, 1, 0, 0
8949, 70, 1, 0, 0
9049, 70, 1, 0, 0
9150, 70, 1, 0, 0
9249, 70, 1, 0, 0
9349, 70, 1, 0, 0
9449, 70, 1, 0, 0
9549, 70, 1, 0, 0
9649, 70, 1, 0, 0
9749, 70, 1, 0, 0
9849, 70, 1, 0, 0
9949, 70, 1, 0, 0
10049, 70, 1, 0, 0
10149, 80, 1, 0, 0
10249, 70, 1, 0, 0
10349, 70, 1, 0, 0
10449, 70, 1, 0, 0
10550, 70, 1, 0, 0
10650, 70, 1, 0, 0
10749, 80, 1, 0, 0
10849, 70, 1, 0, 0
10949, 70, 1, 0, 0
11049, 70, 1, 0, 0
11149, 80, 1, 0, 0
11249, 60, 1, 0, 0
11349, 80, 1, 0, 0
11449, 70, 1, 0, 0
11549, 40, 1, 0, 0
11649, 20, 1, 0, 0
11750, 20, 1, 0, 0
11850, 10, 1, 0, 0
11950, 20, 1, 0, 0
12050, 20, 1, 0, 0
12150, 30, 1, 0, 0
12249, 60, 1, 0, 0
12349, 70, 1, 0, 0
12449, 80, 1, 0, 0
12550, 70, 1, 0, 0
12650, 70, 1, 0, 0
12749, 70, 1, 0, 0
12849, 70, 1, 0, 0
12949, 70, 1, 0, 0
13049, 70, 1, 0, 0
13149, 80, 1, 0, 0
13249, 70, 1, 0, 0
13349, 70, 1, 0, 0
13449, 70, 1, 0, 0
13550, 70, 1, 0, 0
13650, 70, 1, 0, 0
13749, 70, 1, 0, 0
13849, 70, 1, 0, 0
13949, 80, 1, 0, 0
14049, 70, 1, 0, 0
14149, 70, 1, 0, 0
14249, 70, 1, 0, 0
14349, 70, 1, 0, 0
14449, 70, 1, 0, 0
14550, 70, 1, 0, 0
14650, 80, 1, 0, 0
14749, 70, 1, 0, 0
14849, 60, 1, 0, 0
14949, 80, 1, 0, 0
15049, 70, 1, 0, 0
15149, 70, 1, 0, 0
15249, 70, 1, 0, 0
15349, 80, 1, 0, 0
15449, 50, 1, 0, 0
15550, 20, 1, 0, 0
15650, 20, 1, 0, 0
15749, 20, 1, 0, 0
15849, 20, 1, 0, 0
15949, 20, 1, 0, 0
16049, 10, 1, 0, 0
16149, 50, 1, 0, 0
16250, 70, 1, 0, 0
16350, 70, 1, 0, 0
16450, 70, 1, 0, 0
16550, 70, 1, 0, 0
16650, 70, 1, 0, 0
16749, 70, 1, 0, 0
16849, 70, 1, 0, 0
16949, 70, 1, 0, 0
17049, 70, 1, 0, 0
17149, 70, 1, 0, 0
17249, 70, 1, 0, 0
17349, 60, 1, 0, 0
17449, 80, 1, 0, 0
17550, 70, 1, 0, 0
17650, 60, 1, 0, 0
17749, 80, 1, 0, 0
17849, 60, 1, 0, 0
17949, 70, 1, 0, 0
18049, 80, 1, 0, 0
18149, 60, 1, 0, 0
18249, 70, 1, 0, 0
18349, 70, 1, 0, 0
18450, 70, 1, 0, 0
18550, 80, 1, 0, 0
18650, 60, 1, 0, 0
18749, 70, 1, 0, 0
18849, 70, 1, 0, 0
18949, 70, 1, 0, 0
19049, 70, 1, 0, 0
19149, 60, 1, 0, 0
19249, 80, 1, 0, 0
19349, 70, 1, 0, 0
19449, 50, 1, 0, 0
19550, 20, 1, 0, 0
19650, 20, 1, 0, 0
19749, 20, 1, 0, 0
19849, 20, 1, 0, 0
19949, 20, 1, 0, 0
20049, 20, 1, 0, 0
20149, 50, 1, 0, 0
20250, 80, 1, 0, 0
20350, 70, 1, 0, 0
20450, 70, 1, 0, 0
20550, 70, 1, 0, 0
20650, 70, 1, 0, 0
20749, 70, 1, 0, 0
20849, 70, 1, 0, 0
20949, 70, 1, 0, 0
21049, 70, 1, 0, 0
21149, 70, 1, 0, 0
21249, 70, 1, 0, 0
21349, 70, 1, 0, 0
21449, 70, 1, 0, 0
21550, 80, 1, 0, 0
21650, 70, 1, 0, 0
21749, 70, 1, 0, 0
21849, 70, 1, 0, 0
21949, 70, 1, 0, 0
22049, 70, 1, 0, 0
22149, 70, 1, 0, 0
22249, 80, 1, 0, 0
22349, 70, 1, 0, 0
22449, 70, 1, 0, 0
22549, 70, 1, 0, 0
22649, 70, 1, 0, 0
22750, 70, 1, 0, 0
22850, 80, 1, 0, 0
22950, 70, 1, 0, 0
23050, 70, 1, 0, 0
23150, 70, 1, 0, 0
23249, 80, 1, 0, 0
23349, 50, 1, 0, 0
23449, 20, 1, 0, 0
23549, 20, 1, 0, 0
23649, 20, 1, 0, 0
23750, 20, 1, 0, 0
23850, 20, 1, 0, 0
23950, 10, 1, 0, 0
24050, 60, 1, 0, 0
24150, 70, 1, 0, 0
24249, 70, 1, 0, 0
24349, 70, 1, 0, 0
24449, 80, 1, 0, 0
24549, 60, 1, 0, 0
24649, 80, 1, 0, 0
24750, 70, 1, 0, 0
24850, 70, 1, 0, 0
24950, 70, 1, 0, 0
25050, 70, 1, 0, 0
25150, 80, 1, 0, 0
25249, 60, 1, 0, 0
25349, 80, 1, 0, 0
25449, 70, 1, 0, 0
25549, 70, 1, 0, 0
25649, 70, 1, 0, 0
25749, 70, 1, 0, 0
25849, 70, 1, 0, 0
25949, 80, 1, 0, 0
26049, 70, 1, 0, 0
26150, 70, 1, 0, 0
26249, 70, 1, 0, 0
26349, 80, 1, 0, 0
26449, 60, 1, 0, 0
26549, 80, 1, 0, 0
26649, 70, 1, 0, 0
26749, 70, 1, 0, 0
26849, 70, 1, 0, 0
26949, 70, 1, 0, 0
27049, 70, 1, 0, 0
27149, 80, 1, 0, 0
27250, 60, 1, 0, 0
27350, 20, 1, 0, 0
27450, 20, 1, 0, 0
27550, 20, 1, 0, 0
27650, 20, 1, 0, 0
27749, 20, 1, 0, 0
27849, 20, 1, 0, 0
27949, 50, 1, 0, 0
28049, 70, 1, 0, 0
28149, 70, 1, 0, 0
28250, 70, 1, 0, 0
28350, 70, 1, 0, 0
28450, 70, 1, 0, 0
28550, 80, 1, 0, 0
28650, 70, 1, 0, 0
28749, 70, 1, 0, 0
28849, 70, 1, 0, 0
28949, 70, 1, 0, 0
29049, 70, 1, 0, 0
29149, 70, 1, 0, 0
29249, 70, 1, 0, 0
29349, 70, 1, 0, 0
29449, 80, 1, 0, 0
29550, 70, 1, 0, 0
29650, 70, 1, 0, 0
29749, 70, 1, 0, 0
29849, 70, 1, 0, 0
29949, 70, 1, 0, 0
30049, 70, 1, 0, 0
30149, 70, 1, 0, 0
30249, 70, 1, 0, 0
30349, 70, 1, 0, 0
30449, 80, 1, 0, 0
30550, 60, 1, 0, 0
30650, 80, 1, 0, 0
30749, 70, 1, 0, 0
30849, 70, 1, 0, 0
30949, 70, 1, 0, 0
31049, 70, 1, 0, 0
31149, 80, 1, 0, 0
31249, 20, 1, 0, 0
31349, 20, 1, 0, 0
31449, 10, 1, 0, 0
31550, 20, 1, 0, 0
31650, 20, 1, 0, 0
31749, 20, 1, 0, 0
31849, 30, 1, 0, 0
31949, 70, 1, 0, 0
32049, 70, 1, 0, 0
32149, 80, 1, 0, 0
32249, 70, 1, 0, 0
32349, 70, 1, 0, 0
32449, 70, 1, 0, 0
32550, 70, 1, 0, 0
32650, 70, 1, 0, 0
32749, 80, 1, 0, 0
32849, 70, 1, 0, 0
32949, 70, 1, 0, 0
33049, 70, 1, 0, 0
33149, 70, 1, 0, 0
33249, 70, 1, 0, 0
33349, 70, 1, 0, 0
33449, 70, 1, 0, 0
33550, 70, 1, 0, 0
33650, 70, 1, 0, 0
33749, 80, 1, 0, 0
33849, 60, 1, 0, 0
33949, 80, 1, 0, 0
34049, 70, 1, 0, 0
34149, 70, 1, 0, 0
34249, 70, 1, 0, 0
34349, 80, 1, 0, 0
34449, 70, 1, 0, 0
34549, 70, 1, 0, 0
34649, 70, 1, 0, 0
34749, 70, 1, 0, 0
34850, 70, 1, 0, 0
34950, 80, 1, 0, 0
35050, 70, 1, 0, 0
35150, 40, 1, 0, 0
35249, 10, 1, 0, 0
35349, 20, 1, 0, 0
35449, 20, 1, 0, 0
35549, 20, 1, 0, 0
35649, 20, 1, 0, 0
35750, 30, 1, 0, 0
35850, 70, 1, 0, 0
35950, 70, 1, 0, 0
36050, 70, 1, 0, 0
36150, 70, 1, 0, 0
36249, 80, 1, 0, 0
36349, 70, 1, 0, 0
36449, 70, 1, 0, 0
36549, 70, 1, 0, 0
36649, 70, 1, 0, 0
36749, 70, 1, 0, 0
36849, 80, 1, 0, 0
36949, 70, 1, 0, 0
37049, 70, 1, 0, 0
37150, 70, 1, 0, 0
37249, 70, 1, 0, 0
37349, 70, 1, 0, 0
37449, 70, 1, 0, 0
37549, 80, 1, 0, 0
37649, 70, 1, 0, 0
37749, 70, 1, 0, 0
37849, 70, 1, 0, 0
37949, 70, 1, 0, 0
38049, 70, 1, 0, 0
38149, 80, 1, 0, 0
38250, 70, 1, 0, 0
38350, 70, 1, 0, 0
38450, 70, 1, 0, 0
38550, 80, 1, 0, 0
38650, 70, 1, 0, 0
38749, 70, 1, 0, 0
38849, 70, 1, 0, 0
38949, 70, 1, 0, 0
39049, 50, 1, 0, 0
39149, 10, 1, 0, 0
39250, 20, 1, 0, 0
39350, 20, 1, 0, 0
39450, 20, 1, 0, 0
39550, 20, 1, 0, 0
39650, 20, 1, 0, 0
39749, 70, 1, 0, 0
39849, 70, 1, 0, 0
39949, 70, 1, 0, 0
40049, 70, 1, 0, 0
40149, 70, 1, 0, 0
40250, 70, 1, 0, 0
40350, 70, 1, 0, 0
40450, 80, 1, 0, 0
40550, 70, 1, 0, 0
40650, 70, 1, 0, 0
40749, 70, 1, 0, 0
40849, 70, 1, 0, 0
40949, 70, 1, 0, 0
41049, 80, 1, 0, 0
41149, 70, 1, 0, 0
41249, 70, 1, 0, 0
41349, 70, 1, 0, 0
41449, 70, 1, 0, 0
41550, 70, 1, 0, 0
41650, 70, 1, 0, 0
41749, 80, 1, 0, 0
41849, 70, 1, 0, 0
41949, 70, 1, 0, 0
42049, 70, 1, 0, 0
42149, 70, 1, 0, 0
42249, 80, 1, 0, 0
42349, 70, 1, 0, 0
42449, 70, 1, 0, 0
42549, 70, 1, 0, 0
42650, 70, 1, 0, 0
42749, 80, 1, 0, 0
42849, 70, 1, 0, 0
42949, 40, 1, 0, 0
43049, 20, 1, 0, 0
43149, 20, 1, 0, 0
43249, 20, 1, 0, 0
43349, 20, 1, 0, 0
43450, 20, 1, 0, 0
43550, 20, 1, 0, 0
43650, 70, 1, 0, 0
43749, 70, 1, 0, 0
43849, 70, 1, 0, 0
43949, 80, 1, 0, 0
44049, 70, 1, 0, 0
44149, 70, 1, 0, 0
44249, 70, 1, 0, 0
44349, 70, 1, 0, 0
44449, 70, 1, 0, 0
44549, 80, 1, 0, 0
44650, 70, 1, 0, 0
44749, 70, 1, 0, 0
44849, 70, 1, 0, 0
44949, 70, 1, 0, 0
45049, 70, 1, 0, 0
45149, 70, 1, 0, 0
45249, 70, 1, 0, 0
45349, 70, 1, 0, 0
45449, 80, 1, 0, 0
45549, 70, 1, 0, 0
45650, 70, 1, 0, 0
45749, 70, 1, 0, 0
45849, 70, 1, 0, 0
45949, 70, 1, 0, 0
46049, 70, 1, 0, 0
46149, 80, 1, 0, 0
46249, 70, 1, 0, 0
46349, 70, 1, 0, 0
46449, 70, 1, 0, 0
46549, 70, 1, 0, 0
46649, 80, 1, 0, 0
46749, 70, 1, 0, 0
46849, 60, 1, 0, 0
46950, 10, 1, 0, 0
47050, 20, 1, 0, 0
47150, 20, 1, 0, 0
47249, 20, 1, 0, 0
47349, 20, 1, 0, 0
47449, 20, 1, 0, 0
47549, 60, 1, 0, 0
47650, 70, 1, 0, 0
47749, 70, 1, 0, 0
47849, 70, 1, 0, 0
47949, 70, 1, 0, 0
48049, 70, 1, 0, 0
48149, 80, 1, 0, 0
48249, 70, 1, 0, 0
48349, 70, 1, 0, 0
48449, 70, 1, 0, 0
48549, 70, 1, 0, 0
48649, 60, 1, 0, 0
48750, 80, 1, 0, 0
48850, 70, 1, 0, 0
48950, 70, 1, 0, 0
49050, 70, 1, 0, 0
49150, 80, 1, 0, 0
49249, 60, 1, 0, 0
49349, 80, 1, 0, 0
49449, 70, 1, 0, 0
49550, 70, 1, 0, 0
49650, 70, 1, 0, 0
49749, 70, 1, 0, 0
49849, 80, 1, 0, 0
49949, 70, 1, 0, 0
50049, 70, 1, 0, 0
50149, 70, 1, 0, 0
50249, 70, 1, 0, 0
50349, 70, 1, 0, 0
50449, 80, 1, 0, 0
50549, 70, 1, 0, 0
50650, 70, 1, 0, 0
50749, 50, 1, 0, 0
50849, 20, 1, 0, 0
50949, 20, 1, 0, 0
51049, 20, 1, 0, 0
51149, 20, 1, 0, 0
51249, 20, 1, 0, 0
51349, 20, 1, 0, 0
51449, 60, 1, 0, 0
51550, 70, 1, 0, 0
51650, 70, 1, 0, 0
51749, 70, 1, 0, 0
51849, 70, 1, 0, 0
51949, 70, 1, 0, 0
52049, 70, 1, 0, 0
52149, 70, 1, 0, 0
52249, 80, 1, 0, 0
52349, 70, 1, 0, 0
52449, 70, 1, 0, 0
52550, 70, 1, 0, 0
52650, 70, 1, 0, 0
52749, 70, 1, 0, 0
52849, 70, 1, 0, 0
52949, 70, 1, 0, 0
53049, 70, 1, 0, 0
53149, 70, 1, 0, 0
53249, 80, 1, 0, 0
53349, 70, 1, 0, 0
53449, 70, 1, 0, 0
53550, 70, 1, 0, 0
53650, 70, 1, 0, 0
53749, 70, 1, 0, 0
53849, 80, 1, 0, 0
53949, 60, 1, 0, 0
54049, 80, 1, 0, 0
54149, 70, 1, 0, 0
54249, 70, 1, 0, 0
54349, 70, 1, 0, 0
54449, 80, 1, 0, 0
54550, 70, 1, 0, 0
54650, 60, 1, 0, 0
54749, 20, 1, 0, 0
54849, 20, 1, 0, 0
54949, 20, 1, 0, 0
55049, 20, 1, 0, 0
55149, 10, 1, 0, 0
55249, 20, 1, 0, 0
55349, 60, 1, 0, 0
55449, 70, 1, 0, 0
55549, 70, 1, 0, 0
55649, 70, 1, 0, 0
55749, 70, 1, 0, 0
55849, 70, 1, 0, 0
55949, 70, 1, 0, 0
56049, 70, 1, 0, 0
56149, 70, 1, 0, 0
56249, 80, 1, 0, 0
56350, 70, 1, 0, 0
56450, 70, 1, 0, 0
56550, 70, 1, 0, 0
56650, 70, 1, 0, 0
56749, 70, 1, 0, 0
56849, 70, 1, 0, 0
56949, 70, 1, 0, 0
57049, 70, 1, 0, 0
57149, 80, 1, 0, 0
57249, 70, 1, 0, 0
57349, 70, 1, 0, 0
57449, 70, 1, 0, 0
57550, 70, 1, 0, 0
57650, 70, 1, 0, 0
57749, 70, 1, 0, 0
57849, 80, 1, 0, 0
57949, 70, 1, 0, 0
58049, 70, 1, 0, 0
58149, 70, 1, 0, 0
58249, 70, 1, 0, 0
58349, 70, 1, 0, 0
58450, 70, 1, 0, 0
58550, 80, 1, 0, 0
58650, 20, 1, 0, 0
58749, 20, 1, 0, 0
58849, 20, 1, 0, 0
58949, 20, 1, 0, 0
59049, 20, 1, 0, 0
59149, 20, 1, 0, 0
59249, 30, 1, 0, 0
59349, 70, 1, 0, 0
59450, 70, 1, 0, 0
59550, 80, 1, 0, 0
59650, 60, 1, 0, 0
59749, 80, 1, 0, 0
59849, 70, 1, 0, 0
59949, 70, 1, 0, 0
60049, 70, 1, 0, 0
60149, 70, 1, 0, 0
60249, 70, 1, 0, 0
60349, 70, 1, 0, 0
60449, 70, 1, 0, 0
60549, 70, 1, 0, 0
60649, 70, 1, 0, 0
60750, 70, 1, 0, 0
60850, 70, 1, 0, 0
60950, 70, 1, 0, 0
61050, 80, 1, 0, 0
61150, 70, 1, 0, 0
61249, 70, 1, 0, 0
61349, 70, 1, 0, 0
61449, 70, 1, 0, 0
61549, 70, 1, 0, 0
61649, 80, 1, 0, 0
61750, 70, 1, 0, 0
61850, 70, 1, 0, 0
61950, 70, 1, 0, 0
62050, 70, 1, 0, 0
62150, 70, 1, 0, 0
62249, 80, 1, 0, 0
62349, 70, 1, 0, 0
62449, 70, 1, 0, 0
62549, 20, 1, 0, 0
62649, 20, 1, 0, 0
62750, 20, 1, 0, 0
62850, 20, 1, 0, 0
62950, 20, 1, 0, 0
63050, 10, 1, 0, 0
63150, 50, 1, 0, 0
63249, 70, 1, 0, 0
63349, 70, 1, 0, 0
63449, 70, 1, 0, 0
63549, 70, 1, 0, 0
63649, 70, 1, 0, 0
63750, 70, 1, 0, 0
63850, 80, 1, 0, 0
63950, 70, 1, 0, 0
64050, 70, 1, 0, 0
64150, 70, 1, 0, 0
64249, 70, 1, 0, 0
64349, 70, 1, 0, 0
64449, 80, 1, 0, 0
64549, 70, 1, 0, 0
64649, 70, 1, 0, 0
64750, 70, 1, 0, 0
64850, 70, 1, 0, 0
64950, 70, 1, 0, 0
65050, 70, 1, 0, 0
65150, 80, 1, 0, 0
65249, 70, 1, 0, 0
65349, 70, 1, 0, 0
65449, 70, 1, 0, 0
65549, 70, 1, 0, 0
65649, 70, 1, 0, 0
65749, 80, 1, 0, 0
65849, 70, 1, 0, 0
65949, 70, 1, 0, 0
66050, 70, 1, 0, 0
66150, 80, 1, 0, 0
66249, 60, 1, 0, 0
66349, 80, 1, 0, 0
66449, 30, 1, 0, 0
66549, 20, 1, 0, 0
66649, 20, 1, 0, 0
66749, 20, 1, 0, 0
66849, 20, 1, 0, 0
66949, 10, 1, 0, 0
67050, 30, 1, 0, 0
67150, 70, 1, 0, 0
67249, 70, 1, 0, 0
67349, 70, 1, 0, 0
67449, 70, 1, 0, 0
67549, 70, 1, 0, 0
67649, 80, 1, 0, 0
67749, 70, 1, 0, 0
67849, 70, 1, 0, 0
67949, 70, 1, 0, 0
68049, 70, 1, 0, 0
68149, 70, 1, 0, 0
68250, 70, 1, 0, 0
68350, 70, 1, 0, 0
68450, 70, 1, 0, 0
68550, 80, 1, 0, 0
68650, 70, 1, 0, 0
68749, 70, 1, 0, 0
68849, 70, 1, 0, 0
68949, 70, 1, 0, 0
69049, 70, 1, 0, 0
69149, 80, 1, 0, 0
69249, 70, 1, 0, 0
69349, 70, 1, 0, 0
69449, 70, 1, 0, 0
69550, 80, 1, 0, 0
69650, 60, 1, 0, 0
69749, 70, 1, 0, 0
69849, 80, 1, 0, 0
69949, 70, 1, 0, 0
70049, 70, 1, 0, 0
70149, 70, 1, 0, 0
70249, 80, 1, 0, 0
70349, 20, 1, 0, 0
70449, 20, 1, 0, 0
70549, 10, 1, 0, 0
70650, 20, 1, 0, 0
70749, 20, 1, 0, 0
70849, 20, 1, 0, 0
70949, 40, 1, 0, 0
71049, 70, 1, 0, 0
71149, 80, 1, 0, 0
71249, 70, 1, 0, 0
71349, 70, 1, 0, 0
71449, 70, 1, 0, 0
71550, 70, 1, 0, 0
71650, 70, 1, 0, 0
71749, 70, 1, 0, 0
71849, 80, 1, 0, 0
71949, 70, 1, 0, 0
72049, 70, 1, 0, 0
72149, 70, 1, 0, 0
72249, 70, 1, 0, 0
72349, 70, 1, 0, 0
72449, 80, 1, 0, 0
72549, 60, 1, 0, 0
72650, 80, 1, 0, 0
72749, 70, 1, 0, 0
72849, 70, 1, 0, 0
72949, 70, 1, 0, 0
73049, 70, 1, 0, 0
73149, 70, 1, 0, 0
73249, 70, 1, 0, 0
73349, 80, 1, 0, 0
73449, 70, 1, 0, 0
73549, 70, 1, 0, 0
73649, 70, 1, 0, 0
73750, 70, 1, 0, 0
73850, 70, 1, 0, 0
73950, 80, 1, 0, 0
74050, 70, 1, 0, 0
74150, 70, 1, 0, 0
74249, 30, 1, 0, 0
74349, 10, 1, 0, 0
74449, 20, 1, 0, 0
74549, 20, 1, 0, 0
74649, 20, 1, 0, 0
74750, 20, 1, 0, 0
74850, 30, 1, 0, 0
74950, 60, 1, 0, 0
75050, 80, 1, 0, 0
75150, 70, 1, 0, 0
75249, 70, 1, 0, 0
75349, 70, 1, 0, 0
75449, 70, 1, 0, 0
75549, 70, 1, 0, 0
75649, 70, 1, 0, 0
75750, 70, 1, 0, 0
75850, 70, 1, 0, 0
75950, 70, 1, 0, 0
76050, 70, 1, 0, 0
76150, 70, 1, 0, 0
76249, 70, 1, 0, 0
76349, 80, 1, 0, 0
76449, 70, 1, 0, 0
76549, 70, 1, 0, 0
76649, 70, 1, 0, 0
76749, 70, 1, 0, 0
76850, 70, 1, 0, 0
76950, 70, 1, 0, 0
77050, 70, 1, 0, 0
77150, 70, 1, 0, 0
77249, 80, 1, 0, 0
77349, 70, 1, 0, 0
77449, 70, 1, 0, 0
77549, 70, 1, 0, 0
77649, 70, 1, 0, 0
77749, 70, 1, 0, 0
77849, 80, 1, 0, 0
77949, 70, 1, 0, 0
78050, 70, 1, 0, 0
78150, 30, 1, 0, 0
78249, 20, 1, 0, 0
78349, 10, 1, 0, 0
78449, 20, 1, 0, 0
78549, 20, 1, 0, 0
78649, 30, 1, 0, 0
78749, 30, 1, 0, 0
78849, 70, 1, 0, 0
78949, 80, 1, 0, 0
79050, 70, 1, 0, 0
79150, 70, 1, 0, 0
79249, 70, 1, 0, 0
79349, 70, 1, 0, 0
79449, 70, 1, 0, 0
79549, 70, 1, 0, 0
79649, 80, 1, 0, 0
79749, 70, 1, 0, 0
79849, 70, 1, 0, 0
79949, 70, 1, 0, 0
80049, 70, 1, 0, 0
80149, 70, 1, 0, 0
80250, 80, 1, 0, 0
80350, 60, 1, 0, 0
80450, 80, 1, 0, 0
80550, 70, 1, 0, 0
80650, 70, 1, 0, 0
80749, 70, 1, 0, 0
80849, 80, 1, 0, 0
80949, 60, 1, 0, 0
81049, 80, 1, 0, 0
81149, 70, 1, 0, 0
81249, 70, 1, 0, 0
81350, 70, 1, 0, 0
81450, 80, 1, 0, 0
81550, 70, 1, 0, 0
81650, 70, 1, 0, 0
81749, 70, 1, 0, 0
81849, 70, 1, 0, 0
81949, 70, 1, 0, 0
82049, 50, 1, 0, 0
82149, 20, 1, 0, 0
82249, 20, 1, 0, 0
82350, 20, 1, 0, 0
82450, 20, 1, 0, 0
82550, 20, 1, 0, 0
82650, 40, 1, 0, 0
82749, 40, 1, 0, 0
82849, 70, 1, 0, 0
82949, 80, 1, 0, 0
83049, 70, 1, 0, 0
83149, 70, 1, 0, 0
83249, 70, 1, 0, 0
83349, 70, 1, 0, 0
83450, 70, 1, 0, 0
83550, 70, 1, 0, 0
83650, 70, 1, 0, 0
83749, 70, 1, 0, 0
83849, 70, 1, 0, 0
83949, 80, 1, 0, 0
84049, 60, 1, 0, 0
84149, 80, 1, 0, 0
84249, 70, 1, 0, 0
84349, 70, 1, 0, 0
84449, 70, 1, 0, 0
84549, 80, 1, 0, 0
84649, 70, 1, 0, 0
84749, 70, 1, 0, 0
84849, 70, 1, 0, 0
84949, 70, 1, 0, 0
85049, 70, 1, 0, 0
85149, 80, 1, 0, 0
85249, 70, 1, 0, 0
85349, 70, 1, 0, 0
85449, 70, 1, 0, 0
85549, 80, 1, 0, 0
85649, 70, 1, 0, 0
85749, 70, 1, 0, 0
85849, 70, 1, 0, 0
85949, 60, 1, 0, 0
86049, 20, 1, 0, 0
86149, 20, 1, 0, 0
86249, 20, 1, 0, 0
86349, 20, 1, 0, 0
86449, 10, 1, 0, 0
86549, 30, 1, 0, 0
86650, 40, 1, 0, 0
86749, 60, 1, 0, 0
86849, 80, 1, 0, 0
86949, 60, 1, 0, 0
87049, 70, 1, 0, 0
87149, 80, 1, 0, 0
87249, 60, 1, 0, 0
87349, 80, 1, 0, 0
87449, 70, 1, 0, 0
87549, 60, 1, 0, 0
87649, 80, 1, 0, 0
87750, 70, 1, 0, 0
87850, 60, 1, 0, 0
87950, 70, 1, 0, 0
88050, 70, 1, 0, 0
88150, 70, 1, 0, 0
88249, 70, 1, 0, 0
88349, 70, 1, 0, 0
88449, 70, 1, 0, 0
88549, 80, 1, 0, 0
88649, 60, 1, 0, 0
88749, 70, 1, 0, 0
88849, 80, 1, 0, 0
88949, 70, 1, 0, 0
89050, 70, 1, 0, 0
89150, 70, 1, 0, 0
89249, 70, 1, 0, 0
89349, 70, 1, 0, 0
89449, 70, 1, 0, 0
89549, 70, 1, 0, 0
89649, 70, 1, 0, 0
89749, 70, 1, 0, 0
89849, 80, 1, 0, 0
89949, 20, 1, 0, 0
90050, 20, 1, 0, 0
