108, 54060654, 1, 0, 0
208, 49913615, 1, 0, 0
302, 13458260, 1, 0, 0
403, 14378376, 1, 0, 0
501, 14053629, 1, 0, 0
614, 14047942, 1, 0, 0
709, 13664656, 1, 0, 0
812, 14618447, 1, 0, 0
908, 13716411, 1, 0, 0
1005, 13942420, 1, 0, 0
1106, 14419273, 1, 0, 0
1200, 13436338, 1, 0, 0
1302, 14490531, 1, 0, 0
1402, 14271248, 1, 0, 0
1515, 14137232, 1, 0, 0
1604, 14855079, 1, 0, 0
1703, 14208854, 1, 0, 0
1816, 14031225, 1, 0, 0
1900, 13974280, 1, 0, 0
2012, 14099906, 1, 0, 0
2110, 13932430, 1, 0, 0
2206, 13698734, 1, 0, 0
2308, 14593077, 1, 0, 0
2402, 13419892, 1, 0, 0
2501, 14079385, 1, 0, 0
2600, 14138927, 1, 0, 0
2711, 13976264, 1, 0, 0
2805, 13308452, 1, 0, 0
2908, 14764391, 1, 0, 0
3006, 14025622, 1, 0, 0
3100, 13450529, 1, 0, 0
3203, 14663506, 1, 0, 0
3313, 13788785, 1, 0, 0
3409, 13666164, 1, 0, 0
3542, 22191964, 1, 0, 0
3653, 55242270, 1, 0, 0
3704, 51159540, 1, 0, 0
3815, 55375519, 1, 0, 0
3921, 53090415, 1, 0, 0
4027, 53139223, 1, 0, 0
4134, 53651992, 1, 0, 0
4207, 14524105, 1, 0, 0
4304, 13874147, 1, 0, 0
4406, 14515592, 1, 0, 0
4508, 14570115, 1, 0, 0
4610, 14580679, 1, 0, 0
4711, 14437157, 1, 0, 0
4813, 14516052, 1, 0, 0
4908, 13673855, 1, 0, 0
5008, 16627411, 1, 0, 0
5105, 13827146, 1, 0, 0
5206, 14518477, 1, 0, 0
5309, 14684792, 1, 0, 0
5406, 13845319, 1, 0, 0
5510, 14797284, 1, 0, 0
5609, 14191383, 1, 0, 0
5707, 14026520, 1, 0, 0
5812, 14868499, 1, 0, 0
5908, 13799688, 1, 0, 0
6009, 14467967, 1, 0, 0
6111, 14575857, 1, 0, 0
6207, 13603702, 1, 0, 0
6306, 16552010, 1, 0, 0
6402, 13675162, 1, 0, 0
6503, 14473643, 1, 0, 0
6604, 14343335, 1, 0, 0
6717, 14235144, 1, 0, 0
6802, 14052118, 1, 0, 0
6902, 14325713, 1, 0, 0
7000, 13951404, 1, 0, 0
7103, 14812965, 1, 0, 0
7200, 13794148, 1, 0, 0
7300, 14295491, 1, 0, 0
7401, 14356610, 1, 0, 0
7515, 16303570, 1, 0, 0
7618, 51835346, 1, 0, 0
7721, 51138183, 1, 0, 0
7824, 51686176, 1, 0, 0
7936, 56040270, 1, 0, 0
8054, 59047630, 1, 0, 0
8110, 55622286, 1, 0, 0
8201, 18218864, 1, 0, 0
8314, 14058544, 1, 0, 0
8411, 13899165, 1, 0, 0
8512, 14394253, 1, 0, 0
8606, 13434117, 1, 0, 0
8707, 14432396, 1, 0, 0
8805, 14023555, 1, 0, 0
8916, 13925653, 1, 0, 0
9001, 14052252, 1, 0, 0
9113, 14049447, 1, 0, 0
9209, 13696277, 1, 0, 0
9307, 14032031, 1, 0, 0
9409, 14506292, 1, 0, 0
9509, 14289836, 1, 0, 0
9606, 13860424, 1, 0, 0
9706, 14373236, 1, 0, 0
9801, 13449700, 1, 0, 0
9901, 14309187, 1, 0, 0
10013, 13995384, 1, 0, 0
10111, 14005142, 1, 0, 0
10205, 13510156, 1, 0, 0
10307, 14510508, 1, 0, 0
10402, 13628094, 1, 0, 0
10514, 13942297, 1, 0, 0
10611, 13784281, 1, 0, 0
10710, 14273257, 1, 0, 0
10805, 13452922, 1, 0, 0
10905, 14283039, 1, 0, 0
11002, 13894984, 1, 0, 0
11113, 13861574, 1, 0, 0
11206, 13283266, 1, 0, 0
11307, 14425032, 1, 0, 0
11405, 14005474, 1, 0, 0
11545, 35130323, 1, 0, 0
11647, 50777200, 1, 0, 0
11750, 51747069, 1, 0, 0
11803, 52401102, 1, 0, 0
11911, 53860916, 1, 0, 0
12009, 49380529, 1, 0, 0
12115, 35353178, 1, 0, 0
12212, 13731317, 1, 0, 0
12310, 14034491, 1, 0, 0
12412, 14547041, 1, 0, 0
12506, 13469811, 1, 0, 0
12607, 14431241, 1, 0, 0
12706, 14114795, 1, 0, 0
12801, 13556510, 1, 0, 0
12902, 14510890, 1, 0, 0
13014, 13945514, 1, 0, 0
13110, 13682454, 1, 0, 0
13208, 13964868, 1, 0, 0
13310, 14663167, 1, 0, 0
13405, 13480381, 1, 0, 0
13505, 14319288, 1, 0, 0
13604, 14123076, 1, 0, 0
13716, 13993523, 1, 0, 0
13801, 14164302, 1, 0, 0
13912, 13967779, 1, 0, 0
14009, 13736795, 1, 0, 0
14106, 13976404, 1, 0, 0
14207, 14358542, 1, 0, 0
14300, 13327373, 1, 0, 0
14400, 14255383, 1, 0, 0
14511, 13850408, 1, 0, 0
14609, 13977748, 1, 0, 0
14703, 13416734, 1, 0, 0
14806, 14794284, 1, 0, 0
14902, 13726178, 1, 0, 0
15013, 13856637, 1, 0, 0
15100, 14399263, 1, 0, 0
15210, 13797833, 1, 0, 0
15304, 13406075, 1, 0, 0
15430, 21011992, 1, 0, 0
15533, 51568200, 1, 0, 0
15644, 55337104, 1, 0, 0
15753, 54540295, 1, 0, 0
15809, 56103635, 1, 0, 0
15921, 56001290, 1, 0, 0
16035, 57160075, 1, 0, 0
16109, 14671283, 1, 0, 0
16207, 14084269, 1, 0, 0
16307, 14278863, 1, 0, 0
16411, 14766938, 1, 0, 0
16507, 13762551, 1, 0, 0
16610, 14714779, 1, 0, 0
16711, 14419765, 1, 0, 0
16809, 13942892, 1, 0, 0
16913, 14923439, 1, 0, 0
17012, 14136709, 1, 0, 0
17100, 14694765, 1, 0, 0
17218, 14690738, 1, 0, 0
17303, 14176546, 1, 0, 0
17403, 14347091, 1, 0, 0
17501, 13895204, 1, 0, 0
17605, 14959172, 1, 0, 0
17703, 13997654, 1, 0, 0
17803, 14197949, 1, 0, 0
17906, 14763009, 1, 0, 0
18002, 13713421, 1, 0, 0
18106, 14766708, 1, 0, 0
18206, 14417290, 1, 0, 0
18304, 13875277, 1, 0, 0
18407, 14836773, 1, 0, 0
18506, 14002572, 1, 0, 0
18605, 14255027, 1, 0, 0
18709, 14807126, 1, 0, 0
18806, 13888300, 1, 0, 0
18908, 14591147, 1, 0, 0
19012, 14735051, 1, 0, 0
19107, 13570582, 1, 0, 0
19210, 14826969, 1, 0, 0
19310, 14220232, 1, 0, 0
19447, 22860124, 1, 0, 0
19548, 50562399, 1, 0, 0
19600, 52006612, 1, 0, 0
19707, 53311068, 1, 0, 0
19819, 55925416, 1, 0, 0
19935, 58006993, 1, 0, 0
20027, 45940848, 1, 0, 0
20108, 13625653, 1, 0, 0
20210, 14578442, 1, 0, 0
20305, 13532962, 1, 0, 0
20404, 14179658, 1, 0, 0
20511, 15222601, 1, 0, 0
20606, 13612922, 1, 0, 0
20703, 13870649, 1, 0, 0
20810, 15189317, 1, 0, 0
20906, 13750841, 1, 0, 0
21002, 13691717, 1, 0, 0
21104, 14569072, 1, 0, 0
21206, 14605655, 1, 0, 0
21302, 13636075, 1, 0, 0
21403, 14462953, 1, 0, 0
21514, 13903312, 1, 0, 0
21609, 13512672, 1, 0, 0
21708, 14164443, 1, 0, 0
21807, 14085023, 1, 0, 0
21900, 13341642, 1, 0, 0
22002, 14549838, 1, 0, 0
22113, 13924893, 1, 0, 0
22212, 14102136, 1, 0, 0
22306, 13398895, 1, 0, 0
22407, 14459800, 1, 0, 0
22502, 13576228, 1, 0, 0
22614, 13977789, 1, 0, 0
22700, 14301281, 1, 0, 0
22811, 13898633, 1, 0, 0
22904, 13301965, 1, 0, 0
23004, 14299515, 1, 0, 0
23101, 13755240, 1, 0, 0
23212, 13941533, 1, 0, 0
23312, 19896434, 1, 0, 0
23420, 54020933, 1, 0, 0
23527, 53459423, 1, 0, 0
23636, 54529188, 1, 0, 0
23744, 54337131, 1, 0, 0
23852, 53952861, 1, 0, 0
23907, 54368951, 1, 0, 0
24007, 16714615, 1, 0, 0
24103, 13761995, 1, 0, 0
24204, 14328068, 1, 0, 0
24302, 14004163, 1, 0, 0
24413, 13975408, 1, 0, 0
24507, 13414247, 1, 0, 0
24604, 16038969, 1, 0, 0
24715, 13892056, 1, 0, 0
24808, 13373877, 1, 0, 0
24908, 14257444, 1, 0, 0
25006, 14035780, 1, 0, 0
25102, 13639258, 1, 0, 0
25204, 14499006, 1, 0, 0
25315, 13903432, 1, 0, 0
25411, 13706169, 1, 0, 0
25508, 13926651, 1, 0, 0
25609, 14388855, 1, 0, 0
25703, 13463976, 1, 0, 0
25804, 14408935, 1, 0, 0
25902, 13989534, 1, 0, 0
26014, 13999806, 1, 0, 0
26108, 13401315, 1, 0, 0
26209, 14440862, 1, 0, 0
26305, 13727268, 1, 0, 0
26403, 14028817, 1, 0, 0
26504, 14369731, 1, 0, 0
26617, 14080897, 1, 0, 0
26710, 13374515, 1, 0, 0
26810, 14320638, 1, 0, 0
26909, 14137494, 1, 0, 0
27002, 13259996, 1, 0, 0
27103, 14426880, 1, 0, 0
27229, 17935051, 1, 0, 0
27337, 54138587, 1, 0, 0
27445, 53787272, 1, 0, 0
27500, 55445295, 1, 0, 0
27605, 52573347, 1, 0, 0
27711, 52938198, 1, 0, 0
27819, 53980359, 1, 0, 0
27901, 16408154, 1, 0, 0
28001, 14207272, 1, 0, 0
28100, 14191834, 1, 0, 0
28212, 13981904, 1, 0, 0
28306, 13456285, 1, 0, 0
28408, 14553054, 1, 0, 0
28506, 13975661, 1, 0, 0
28602, 13689595, 1, 0, 0
28703, 14515276, 1, 0, 0
28815, 13984244, 1, 0, 0
28910, 13485122, 1, 0, 0
29011, 14418262, 1, 0, 0
29110, 14242923, 1, 0, 0
29204, 13345143, 1, 0, 0
29306, 14658421, 1, 0, 0
29403, 13856794, 1, 0, 0
29515, 13956332, 1, 0, 0
29601, 14295878, 1, 0, 0
29707, 15185331, 1, 0, 0
29801, 13355576, 1, 0, 0
29902, 14502516, 1, 0, 0
30014, 13992446, 1, 0, 0
30104, 15012039, 1, 0, 0
30203, 14093573, 1, 0, 0
30302, 14197025, 1, 0, 0
30414, 13918298, 1, 0, 0
30508, 13455598, 1, 0, 0
30609, 14504460, 1, 0, 0
30707, 13917236, 1, 0, 0
30803, 13728094, 1, 0, 0
30910, 15279607, 1, 0, 0
31009, 14090744, 1, 0, 0
31115, 15243879, 1, 0, 0
31213, 48781006, 1, 0, 0
31320, 53505246, 1, 0, 0
31427, 53340765, 1, 0, 0
31534, 53632312, 1, 0, 0
31642, 54224290, 1, 0, 0
31750, 53980088, 1, 0, 0
31807, 18929966, 1, 0, 0
31902, 13563603, 1, 0, 0
32004, 14591355, 1, 0, 0
32101, 13792436, 1, 0, 0
32213, 14053801, 1, 0, 0
32311, 13906820, 1, 0, 0
32411, 14407152, 1, 0, 0
32506, 13483110, 1, 0, 0
32606, 14334731, 1, 0, 0
32705, 14078277, 1, 0, 0
32817, 13970105, 1, 0, 0
32902, 14273100, 1, 0, 0
33015, 14044182, 1, 0, 0
33111, 13699669, 1, 0, 0
33207, 13828077, 1, 0, 0
33302, 15787439, 1, 0, 0
33414, 13957820, 1, 0, 0
33508, 13437398, 1, 0, 0
33610, 14605139, 1, 0, 0
33706, 13637724, 1, 0, 0
33802, 13807958, 1, 0, 0
33902, 14266440, 1, 0, 0
34013, 13908063, 1, 0, 0
34107, 13415876, 1, 0, 0
34207, 14225788, 1, 0, 0
34305, 13990662, 1, 0, 0
34400, 13543111, 1, 0, 0
34501, 14477435, 1, 0, 0
34612, 13918340, 1, 0, 0
34708, 13649274, 1, 0, 0
34804, 13752647, 1, 0, 0
34904, 14298030, 1, 0, 0
35013, 13526678, 1, 0, 0
35118, 35016357, 1, 0, 0
35227, 54460793, 1, 0, 0
35332, 52652866, 1, 0, 0
35442, 55183425, 1, 0, 0
35550, 54004652, 1, 0, 0
35604, 54027597, 1, 0, 0
35712, 26862984, 1, 0, 0
35811, 14129467, 1, 0, 0
35910, 14190051, 1, 0, 0
36004, 13356044, 1, 0, 0
36106, 14655810, 1, 0, 0
36204, 13977200, 1, 0, 0
36315, 13884001, 1, 0, 0
36400, 14166045, 1, 0, 0
36512, 13930134, 1, 0, 0
36606, 13460651, 1, 0, 0
36705, 14122417, 1, 0, 0
36806, 14425295, 1, 0, 0
36900, 13425918, 1, 0, 0
37001, 14451587, 1, 0, 0
37112, 13913945, 1, 0, 0
37209, 13877952, 1, 0, 0
37305, 13657913, 1, 0, 0
37407, 14529771, 1, 0, 0
37501, 13493977, 1, 0, 0
37600, 14118958, 1, 0, 0
37711, 13892198, 1, 0, 0
37810, 14075876, 1, 0, 0
37902, 13248276, 1, 0, 0
38004, 14438187, 1, 0, 0
38100, 13809629, 1, 0, 0
38211, 13862608, 1, 0, 0
38307, 13718150, 1, 0, 0
38409, 14484709, 1, 0, 0
38502, 13386847, 1, 0, 0
38600, 14014037, 1, 0, 0
38711, 13850058, 1, 0, 0
38810, 14027831, 1, 0, 0
38902, 13257007, 1, 0, 0
39018, 28930883, 1, 0, 0
39129, 55403335, 1, 0, 0
39234, 52433291, 1, 0, 0
39340, 53033473, 1, 0, 0
39447, 53340100, 1, 0, 0
39501, 54314555, 1, 0, 0
39606, 52467971, 1, 0, 0
39705, 14194328, 1, 0, 0
39817, 13990893, 1, 0, 0
39901, 13956908, 1, 0, 0
40013, 13983115, 1, 0, 0
40110, 13866676, 1, 0, 0
40206, 13703935, 1, 0, 0
40307, 14433475, 1, 0, 0
40401, 13471412, 1, 0, 0
40500, 14095442, 1, 0, 0
40611, 13936872, 1, 0, 0
40712, 14315974, 1, 0, 0
40807, 13580496, 1, 0, 0
40908, 14413582, 1, 0, 0
41005, 13873959, 1, 0, 0
41101, 13725401, 1, 0, 0
41202, 14491037, 1, 0, 0
41314, 13971554, 1, 0, 0
41408, 13440289, 1, 0, 0
41507, 14063312, 1, 0, 0
41606, 14174859, 1, 0, 0
41717, 13898096, 1, 0, 0
41800, 13851946, 1, 0, 0
41911, 13812672, 1, 0, 0
42007, 13734349, 1, 0, 0
42102, 13596340, 1, 0, 0
42204, 14522633, 1, 0, 0
42316, 13981203, 1, 0, 0
42412, 13750987, 1, 0, 0
42509, 13802199, 1, 0, 0
42609, 14282292, 1, 0, 0
42700, 13116772, 1, 0, 0
42800, 14200019, 1, 0, 0
42927, 25488823, 1, 0, 0
43033, 52914632, 1, 0, 0
43142, 54422483, 1, 0, 0
43249, 53764121, 1, 0, 0
43304, 54975107, 1, 0, 0
43414, 55000471, 1, 0, 0
43513, 32756697, 1, 0, 0
43609, 13702999, 1, 0, 0
43707, 13985515, 1, 0, 0
43807, 14334661, 1, 0, 0
43901, 13406905, 1, 0, 0
44001, 14324317, 1, 0, 0
44112, 13908002, 1, 0, 0
44210, 13992904, 1, 0, 0
44305, 13477818, 1, 0, 0
44405, 14382787, 1, 0, 0
44501, 13587896, 1, 0, 0
44614, 14196960, 1, 0, 0
44702, 14614129, 1, 0, 0
44815, 14094451, 1, 0, 0
44908, 13387264, 1, 0, 0
45009, 14356435, 1, 0, 0
45110, 14398735, 1, 0, 0
45204, 13501229, 1, 0, 0
45305, 14339997, 1, 0, 0
45403, 14107192, 1, 0, 0
45516, 14061491, 1, 0, 0
45601, 14175651, 1, 0, 0
45713, 13981797, 1, 0, 0
45808, 13605621, 1, 0, 0
45905, 13889774, 1, 0, 0
46005, 14284550, 1, 0, 0
46117, 13980153, 1, 0, 0
46200, 13744301, 1, 0, 0
46310, 13821084, 1, 0, 0
46409, 14054762, 1, 0, 0
46503, 13440369, 1, 0, 0
46603, 14358676, 1, 0, 0
46715, 13924335, 1, 0, 0
46819, 20819967, 1, 0, 0
46924, 52555185, 1, 0, 0
47032, 54230696, 1, 0, 0
47140, 53879195, 1, 0, 0
47249, 54355568, 1, 0, 0
47301, 52563741, 1, 0, 0
47404, 51320244, 1, 0, 0
47504, 16633255, 1, 0, 0
47601, 13794619, 1, 0, 0
47701, 14310591, 1, 0, 0
47812, 13902559, 1, 0, 0
47906, 13445257, 1, 0, 0
48006, 14306076, 1, 0, 0
48105, 14048269, 1, 0, 0
48216, 13932750, 1, 0, 0
48301, 14091233, 1, 0, 0
48413, 13982930, 1, 0, 0
48521, 15442629, 1, 0, 0
48604, 13874133, 1, 0, 0
48702, 13971713, 1, 0, 0
48813, 13971965, 1, 0, 0
48908, 13439283, 1, 0, 0
49010, 14608434, 1, 0, 0
49106, 13710549, 1, 0, 0
49203, 13867553, 1, 0, 0
49302, 14207338, 1, 0, 0
49415, 14052702, 1, 0, 0
49509, 13382645, 1, 0, 0
49609, 14285426, 1, 0, 0
49706, 13978330, 1, 0, 0
49800, 13367837, 1, 0, 0
49901, 14367819, 1, 0, 0
50008, 15390616, 1, 0, 0
50102, 13344894, 1, 0, 0
50201, 14168476, 1, 0, 0
50312, 13925891, 1, 0, 0
50411, 14137975, 1, 0, 0
50505, 13297119, 1, 0, 0
50606, 14552821, 1, 0, 0
50718, 22224750, 1, 0, 0
50815, 48710845, 1, 0, 0
50917, 51144782, 1, 0, 0
51025, 54031025, 1, 0, 0
51138, 56248417, 1, 0, 0
51246, 54307460, 1, 0, 0
51325, 39182849, 1, 0, 0
51407, 13642925, 1, 0, 0
51509, 14553559, 1, 0, 0
51605, 13817439, 1, 0, 0
51703, 13932932, 1, 0, 0
51804, 14414288, 1, 0, 0
51916, 14020983, 1, 0, 0
52010, 13423921, 1, 0, 0
52111, 14414652, 1, 0, 0
52209, 14012561, 1, 0, 0
52303, 13492243, 1, 0, 0
52405, 14528409, 1, 0, 0
52503, 13925454, 1, 0, 0
52601, 13990944, 1, 0, 0
52709, 15448812, 1, 0, 0
52807, 13985513, 1, 0, 0
52901, 13515663, 1, 0, 0
53003, 14586526, 1, 0, 0
53115, 13961578, 1, 0, 0
53211, 13617808, 1, 0, 0
53308, 13923908, 1, 0, 0
53409, 14397642, 1, 0, 0
53503, 13399710, 1, 0, 0
53602, 14258128, 1, 0, 0
53701, 14021824, 1, 0, 0
53812, 13931012, 1, 0, 0
53907, 13476474, 1, 0, 0
54010, 14712679, 1, 0, 0
54105, 13568671, 1, 0, 0
54202, 13861478, 1, 0, 0
54303, 14433374, 1, 0, 0
54413, 13757815, 1, 0, 0
54506, 13387089, 1, 0, 0
54630, 20640391, 1, 0, 0
54734, 51631693, 1, 0, 0
54834, 50070498, 1, 0, 0
54938, 52185034, 1, 0, 0
55050, 55840297, 1, 0, 0
55108, 58204012, 1, 0, 0
55224, 58201418, 1, 0, 0
55311, 14493391, 1, 0, 0
55406, 13465568, 1, 0, 0
55508, 14593891, 1, 0, 0
55605, 13920379, 1, 0, 0
55702, 13781181, 1, 0, 0
55803, 14486823, 1, 0, 0
55915, 14024554, 1, 0, 0
56011, 13609855, 1, 0, 0
56111, 14277102, 1, 0, 0
56210, 14259571, 1, 0, 0
56304, 13362072, 1, 0, 0
56408, 14859598, 1, 0, 0
56506, 13974379, 1, 0, 0
56602, 13732602, 1, 0, 0
56704, 14525096, 1, 0, 0
56815, 13957536, 1, 0, 0
56910, 13572609, 1, 0, 0
57010, 14256869, 1, 0, 0
57109, 14163101, 1, 0, 0
57203, 13307494, 1, 0, 0
57305, 14603772, 1, 0, 0
57403, 14044762, 1, 0, 0
57515, 13985383, 1, 0, 0
57601, 14375551, 1, 0, 0
57714, 14035299, 1, 0, 0
57808, 13531835, 1, 0, 0
57908, 14257054, 1, 0, 0
58008, 14282921, 1, 0, 0
58102, 13346337, 1, 0, 0
58205, 14755608, 1, 0, 0
58302, 13852649, 1, 0, 0
58413, 13867737, 1, 0, 0
58508, 13575788, 1, 0, 0
58647, 46432724, 1, 0, 0
58700, 53013852, 1, 0, 0
58800, 49925502, 1, 0, 0
58950, 50055963, 1, 0, 0
59003, 52678268, 1, 0, 0
59111, 53806788, 1, 0, 0
59204, 31002881, 1, 0, 0
59303, 14198612, 1, 0, 0
59403, 14291167, 1, 0, 0
59515, 14006554, 1, 0, 0
59608, 13315164, 1, 0, 0
59711, 14631592, 1, 0, 0
59808, 13892952, 1, 0, 0
59905, 13854521, 1, 0, 0
60007, 14561662, 1, 0, 0
60104, 13837087, 1, 0, 0
60201, 13833253, 1, 0, 0
60303, 14619034, 1, 0, 0
60415, 14003007, 1, 0, 0
60504, 14785004, 1, 0, 0
60607, 14769738, 1, 0, 0
60704, 13807407, 1, 0, 0
60800, 13690718, 1, 0, 0
60901, 14504466, 1, 0, 0
61014, 14026699, 1, 0, 0
61108, 13436793, 1, 0, 0
61207, 14125311, 1, 0, 0
61305, 14115555, 1, 0, 0
61416, 13840343, 1, 0, 0
61500, 13885840, 1, 0, 0
61610, 13865165, 1, 0, 0
61707, 13819047, 1, 0, 0
61804, 13761816, 1, 0, 0
61905, 14447714, 1, 0, 0
62016, 13913044, 1, 0, 0
62111, 13506020, 1, 0, 0
62208, 13912830, 1, 0, 0
62307, 14090233, 1, 0, 0
62410, 14690023, 1, 0, 0
62507, 48766913, 1, 0, 0
62610, 51453551, 1, 0, 0
62723, 56377474, 1, 0, 0
62833, 54956267, 1, 0, 0
62942, 54802996, 1, 0, 0
63046, 51965994, 1, 0, 0
63105, 14673631, 1, 0, 0
63202, 13928617, 1, 0, 0
63316, 14124960, 1, 0, 0
63402, 14429146, 1, 0, 0
63514, 14035383, 1, 0, 0
63612, 13917342, 1, 0, 0
63709, 13900196, 1, 0, 0
63809, 14310395, 1, 0, 0
63904, 13461748, 1, 0, 0
64004, 14395567, 1, 0, 0
64102, 13965479, 1, 0, 0
64216, 14184809, 1, 0, 0
64300, 14080500, 1, 0, 0
64412, 13963874, 1, 0, 0
64508, 13729572, 1, 0, 0
64605, 13874469, 1, 0, 0
64705, 14298138, 1, 0, 0
64817, 13986741, 1, 0, 0
64900, 13831265, 1, 0, 0
65012, 13960945, 1, 0, 0
65110, 13971795, 1, 0, 0
65204, 13426634, 1, 0, 0
65306, 14632912, 1, 0, 0
65402, 13648653, 1, 0, 0
65513, 13850509, 1, 0, 0
65610, 13851124, 1, 0, 0
65711, 14520358, 1, 0, 0
65805, 13343814, 1, 0, 0
65905, 14362214, 1, 0, 0
66004, 14068102, 1, 0, 0
66114, 13800291, 1, 0, 0
66208, 13351568, 1, 0, 0
66305, 13955895, 1, 0, 0
66419, 37863281, 1, 0, 0
66525, 52946072, 1, 0, 0
66630, 52723427, 1, 0, 0
66740, 54631849, 1, 0, 0
66852, 56345727, 1, 0, 0
66905, 52797777, 1, 0, 0
67011, 35183916, 1, 0, 0
67105, 13453327, 1, 0, 0
67207, 14548632, 1, 0, 0
67303, 13691475, 1, 0, 0
67400, 13960809, 1, 0, 0
67501, 14411758, 1, 0, 0
67613, 13977756, 1, 0, 0
67707, 13425672, 1, 0, 0
67807, 14311809, 1, 0, 0
67905, 14012939, 1, 0, 0
68000, 13497452, 1, 0, 0
68103, 14802300, 1, 0, 0
68200, 13739647, 1, 0, 0
68312, 14018393, 1, 0, 0
68409, 13854086, 1, 0, 0
68510, 14397043, 1, 0, 0
68603, 13380493, 1, 0, 0
68704, 14411215, 1, 0, 0
68803, 14089185, 1, 0, 0
68915, 13960810, 1, 0, 0
69009, 13463698, 1, 0, 0
69110, 14517004, 1, 0, 0
69206, 13643899, 1, 0, 0
69303, 13878877, 1, 0, 0
69404, 14347297, 1, 0, 0
69515, 13893292, 1, 0, 0
69610, 13637746, 1, 0, 0
69711, 14336364, 1, 0, 0
69809, 14106511, 1, 0, 0
69904, 13482949, 1, 0, 0
70005, 14459055, 1, 0, 0
70100, 13535323, 1, 0, 0
70239, 17447506, 1, 0, 0
70343, 51703958, 1, 0, 0
70445, 51388051, 1, 0, 0
70549, 51864558, 1, 0, 0
70602, 52847628, 1, 0, 0
70701, 49637742, 1, 0, 0
70849, 49268338, 1, 0, 0
70902, 17534012, 1, 0, 0
71001, 14126301, 1, 0, 0
71113, 14025763, 1, 0, 0
71206, 13304352, 1, 0, 0
71308, 14534253, 1, 0, 0
71405, 13872029, 1, 0, 0
71501, 13661064, 1, 0, 0
71602, 14436770, 1, 0, 0
71713, 13961679, 1, 0, 0
71808, 13534751, 1, 0, 0
71907, 14077964, 1, 0, 0
72008, 14429893, 1, 0, 0
72101, 13323313, 1, 0, 0
72203, 14527991, 1, 0, 0
72301, 13968018, 1, 0, 0
72413, 14008919, 1, 0, 0
72508, 13648761, 1, 0, 0
72610, 14499948, 1, 0, 0
72706, 13743290, 1, 0, 0
72804, 14024829, 1, 0, 0
72906, 14600276, 1, 0, 0
73000, 13355856, 1, 0, 0
73100, 14317353, 1, 0, 0
73212, 13967952, 1, 0, 0
73310, 13984858, 1, 0, 0
73404, 13459639, 1, 0, 0
73506, 14611235, 1, 0, 0
73602, 13720133, 1, 0, 0
73714, 13957065, 1, 0, 0
73800, 14376184, 1, 0, 0
73911, 13886277, 1, 0, 0
74004, 13205991, 1, 0, 0
74116, 15953669, 1, 0, 0
74217, 50564883, 1, 0, 0
74324, 53829772, 1, 0, 0
74427, 51337608, 1, 0, 0
74532, 52378938, 1, 0, 0
74647, 57359069, 1, 0, 0
74707, 60617703, 1, 0, 0
74804, 32242591, 1, 0, 0
74903, 14166093, 1, 0, 0
75003, 14230575, 1, 0, 0
75115, 14071067, 1, 0, 0
75209, 13360513, 1, 0, 0
75312, 14672250, 1, 0, 0
75409, 13930599, 1, 0, 0
75501, 15372462, 1, 0, 0
75601, 14252021, 1, 0, 0
75714, 14058722, 1, 0, 0
75807, 13289116, 1, 0, 0
75910, 14824163, 1, 0, 0
76008, 13886836, 1, 0, 0
76104, 13688116, 1, 0, 0
76205, 14471842, 1, 0, 0
76300, 13542299, 1, 0, 0
76400, 14269116, 1, 0, 0
76512, 14007983, 1, 0, 0
76611, 14200418, 1, 0, 0
76704, 13263450, 1, 0, 0
76806, 14527394, 1, 0, 0
76910, 14881821, 1, 0, 0
77004, 13436148, 1, 0, 0
77105, 14367755, 1, 0, 0
77203, 14026434, 1, 0, 0
77315, 13996444, 1, 0, 0
77400, 14195398, 1, 0, 0
77512, 13958957, 1, 0, 0
77607, 13665064, 1, 0, 0
77705, 13911200, 1, 0, 0
77805, 14273814, 1, 0, 0
77916, 13875047, 1, 0, 0
78021, 15039056, 1, 0, 0
78116, 47590397, 1, 0, 0
78217, 50595343, 1, 0, 0
78324, 53125458, 1, 0, 0
78423, 49662101, 1, 0, 0
78522, 49803935, 1, 0, 0
78619, 32266549, 1, 0, 0
78707, 29071108, 1, 0, 0
78808, 14526350, 1, 0, 0
78904, 13676523, 1, 0, 0
79001, 13807711, 1, 0, 0
79102, 14416239, 1, 0, 0
79214, 14004165, 1, 0, 0
79308, 13509735, 1, 0, 0
79408, 14253518, 1, 0, 0
79507, 14093987, 1, 0, 0
79601, 13460461, 1, 0, 0
79703, 14561976, 1, 0, 0
79800, 13819441, 1, 0, 0
79912, 14098459, 1, 0, 0
80009, 13848264, 1, 0, 0
80109, 14287263, 1, 0, 0
80203, 13427088, 1, 0, 0
80304, 14343849, 1, 0, 0
80403, 14118423, 1, 0, 0
80514, 13884903, 1, 0, 0
80609, 13532988, 1, 0, 0
80710, 14462237, 1, 0, 0
80805, 13590329, 1, 0, 0
80902, 13822309, 1, 0, 0
81002, 14336809, 1, 0, 0
81113, 13862660, 1, 0, 0
81206, 13323113, 1, 0, 0
81307, 14327836, 1, 0, 0
81405, 14001751, 1, 0, 0
81516, 13908494, 1, 0, 0
81601, 14099700, 1, 0, 0
81712, 13931034, 1, 0, 0
81807, 13506273, 1, 0, 0
81904, 13846417, 1, 0, 0
82046, 28548328, 1, 0, 0
82100, 53368008, 1, 0, 0
82250, 49973253, 1, 0, 0
82351, 50491843, 1, 0, 0
82400, 49519079, 1, 0, 0
82520, 40033714, 1, 0, 0
82622, 34039053, 1, 0, 0
82706, 16765448, 1, 0, 0
82808, 14543966, 1, 0, 0
82904, 13660970, 1, 0, 0
83001, 13847490, 1, 0, 0
83101, 14379474, 1, 0, 0
83212, 13888902, 1, 0, 0
83306, 13383492, 1, 0, 0
83406, 14305554, 1, 0, 0
83513, 15310749, 1, 0, 0
83609, 13646746, 1, 0, 0
83706, 13883831, 1, 0, 0
83808, 14559100, 1, 0, 0
83902, 13423718, 1, 0, 0
84002, 14250794, 1, 0, 0
84100, 14072880, 1, 0, 0
84212, 13996834, 1, 0, 0
84307, 13554063, 1, 0, 0
84409, 14479457, 1, 0, 0
84504, 13609369, 1, 0, 0
84601, 13826291, 1, 0, 0
84701, 14273999, 1, 0, 0
84812, 13863692, 1, 0, 0
84904, 13254122, 1, 0, 0
85004, 14199154, 1, 0, 0
85102, 14001047, 1, 0, 0
85214, 13975945, 1, 0, 0
85308, 13425504, 1, 0, 0
85409, 14500912, 1, 0, 0
85504, 13538578, 1, 0, 0
85601, 13844034, 1, 0, 0
85700, 14119184, 1, 0, 0
85811, 13908176, 1, 0, 0
85913, 20402705, 1, 0, 0
86018, 52234176, 1, 0, 0
86119, 50649454, 1, 0, 0
86219, 50049612, 1, 0, 0
86324, 52459340, 1, 0, 0
86424, 49954269, 1, 0, 0
86521, 32315355, 1, 0, 0
86602, 27083415, 1, 0, 0
86706, 14900361, 1, 0, 0
86805, 14131885, 1, 0, 0
86903, 13906821, 1, 0, 0
87006, 14796244, 1, 0, 0
87102, 13707792, 1, 0, 0
87203, 14363074, 1, 0, 0
87304, 14428466, 1, 0, 0
87402, 14020375, 1, 0, 0
87504, 14580480, 1, 0, 0
87604, 14224823, 1, 0, 0
87702, 14018436, 1, 0, 0
87812, 15711409, 1, 0, 0
87913, 14534376, 1, 0, 0
88008, 13556139, 1, 0, 0
88110, 14562332, 1, 0, 0
88210, 14216846, 1, 0, 0
88306, 13701693, 1, 0, 0
88409, 14772095, 1, 0, 0
88506, 13861940, 1, 0, 0
88604, 14010473, 1, 0, 0
88706, 14457769, 1, 0, 0
88800, 13519675, 1, 0, 0
88901, 14440727, 1, 0, 0
89001, 14184770, 1, 0, 0
89113, 14022051, 1, 0, 0
89209, 13771042, 1, 0, 0
89313, 14763363, 1, 0, 0
89409, 13776946, 1, 0, 0
89508, 14137017, 1, 0, 0
89609, 14476442, 1, 0, 0
89704, 13510539, 1, 0, 0
89801, 13804905, 1, 0, 0
89925, 41384605, 1, 0, 0
90025, 50257096, 1, 0, 0
