100, 4219712, 0, 0, 0
200, 6042927, 0, 0, 0
300, 5278928, 0, 0, 0
400, 6731714, 0, 0, 0
500, 5615028, 0, 0, 0
600, 3578046, 0, 0, 0
700, 4503650, 0, 0, 0
800, 4820055, 0, 0, 0
900, 4316147, 0, 0, 0
1000, 5822463, 0, 0, 0
1104, 5937720, 0, 0, 0
1200, 7956347, 0, 0, 0
1300, 6514702, 0, 0, 0
1402, 4698983, 0, 0, 0
1500, 4814880, 0, 0, 0
1600, 4763486, 0, 0, 0
1700, 4399021, 0, 0, 0
1800, 4174171, 0, 0, 0
1900, 5105847, 0, 0, 0
2000, 4032753, 0, 0, 0
2100, 3907284, 0, 0, 0
2201, 4359330, 0, 0, 0
2302, 4183267, 0, 0, 0
2400, 4463203, 0, 0, 0
2501, 4800490, 0, 0, 0
2600, 4872871, 0, 0, 0
2700, 4212191, 0, 0, 0
2800, 5102573, 0, 0, 0
2900, 7057266, 0, 0, 0
3003, 6647736, 0, 0, 0
3100, 4950214, 0, 0, 0
3200, 4402243, 0, 0, 0
3300, 4128393, 0, 0, 0
3400, 6501831, 0, 0, 0
3500, 4580979, 0, 0, 0
3616, 6777076, 0, 0, 0
3700, 14011703, 0, 0, 0
3800, 5616510, 0, 0, 0
3902, 4644135, 0, 0, 0
4001, 18403518, 0, 0, 0
4100, 6852014, 0, 0, 0
4201, 5783206, 0, 0, 0
4302, 12086156, 0, 0, 0
4400, 5800684, 0, 0, 0
4500, 9954695, 0, 0, 0
4600, 4211957, 0, 0, 0
4700, 5353596, 0, 0, 0
4800, 7134217, 0, 0, 0
4900, 4914062, 0, 0, 0
5001, 6388557, 0, 0, 0
5100, 4119621, 0, 0, 0
5200, 6480617, 0, 0, 0
5300, 4519905, 0, 0, 0
5400, 4168156, 0, 0, 0
5500, 8026737, 0, 0, 0
5600, 6671905, 0, 0, 0
5700, 6383250, 0, 0, 0
5800, 5289603, 0, 0, 0
5900, 4684377, 0, 0, 0
6000, 9185474, 0, 0, 0
6100, 7336010, 0, 0, 0
6200, 5172860, 0, 0, 0
6300, 4442926, 0, 0, 0
6400, 4336948, 0, 0, 0
6500, 7899125, 0, 0, 0
6600, 4250839, 0, 0, 0
6702, 4783665, 0, 0, 0
6800, 5292901, 0, 0, 0
6900, 4556216, 0, 0, 0
7000, 4711222, 0, 0, 0
7102, 4523202, 0, 0, 0
7200, 3959187, 0, 0, 0
7301, 6282448, 0, 0, 0
7400, 4123003, 0, 0, 0
7500, 7251964, 0, 0, 0
7600, 4509491, 0, 0, 0
7700, 5428169, 0, 0, 0
7801, 4211952, 0, 0, 0
7900, 8059811, 0, 0, 0
8000, 7568246, 0, 0, 0
8100, 3951123, 0, 0, 0
8201, 3834217, 0, 0, 0
8300, 4264288, 0, 0, 0
8400, 3897621, 0, 0, 0
8500, 4763576, 0, 0, 0
8600, 4716047, 0, 0, 0
8700, 4661399, 0, 0, 0
8800, 8634963, 0, 0, 0
8900, 4081447, 0, 0, 0
9008, 3849271, 0, 0, 0
9105, 13958625, 0, 0, 0
9200, 5983079, 0, 0, 0
9300, 4804430, 0, 0, 0
9400, 3851236, 0, 0, 0
9500, 5131560, 0, 0, 0
9600, 5669160, 0, 0, 0
9700, 3977595, 0, 0, 0
9800, 4514447, 0, 0, 0
9900, 4031496, 0, 0, 0
10000, 4230496, 0, 0, 0
10100, 3941688, 0, 0, 0
10201, 4908089, 0, 0, 0
10300, 5281405, 0, 0, 0
10400, 4361956, 0, 0, 0
10500, 4658138, 0, 0, 0
10600, 3813029, 0, 0, 0
10700, 6476077, 0, 0, 0
10801, 4045552, 0, 0, 0
10900, 3666619, 0, 0, 0
11000, 4725775, 0, 0, 0
11100, 3567962, 0, 0, 0
11200, 4886409, 0, 0, 0
11300, 3454739, 0, 0, 0
11400, 4357779, 0, 0, 0
11501, 9391332, 0, 0, 0
11600, 7780327, 0, 0, 0
11700, 6212660, 0, 0, 0
11800, 4102822, 0, 0, 0
11900, 4044928, 0, 0, 0
12000, 4244954, 0, 0, 0
12100, 6371238, 0, 0, 0
12200, 6390045, 0, 0, 0
12300, 5593343, 0, 0, 0
12400, 7378783, 0, 0, 0
12500, 3947763, 0, 0, 0
12600, 5174245, 0, 0, 0
12700, 4143175, 0, 0, 0
12800, 5847612, 0, 0, 0
12900, 4325348, 0, 0, 0
13000, 4635309, 0, 0, 0
13101, 4735292, 0, 0, 0
13200, 3898201, 0, 0, 0
13300, 3841005, 0, 0, 0
13400, 3385237, 0, 0, 0
13500, 4551212, 0, 0, 0
13601, 6174535, 0, 0, 0
13702, 8978848, 0, 0, 0
13800, 19062525, 0, 0, 0
13900, 13258561, 0, 0, 0
14026, 4921783, 0, 0, 0
14100, 6628953, 0, 0, 0
14200, 5429575, 0, 0, 0
14300, 3976884, 0, 0, 0
14400, 3722116, 0, 0, 0
14514, 5104233, 0, 0, 0
14600, 5762813, 0, 0, 0
14701, 4649474, 0, 0, 0
14800, 4376169, 0, 0, 0
14900, 4135038, 0, 0, 0
15000, 3948075, 0, 0, 0
15100, 4407654, 0, 0, 0
15200, 5545916, 0, 0, 0
15300, 4321207, 0, 0, 0
15400, 4290576, 0, 0, 0
15500, 3541964, 0, 0, 0
15600, 4382505, 0, 0, 0
15700, 4042989, 0, 0, 0
15800, 4474820, 0, 0, 0
15900, 4685064, 0, 0, 0
16000, 5485849, 0, 0, 0
16100, 4596951, 0, 0, 0
16200, 4208554, 0, 0, 0
16300, 6945165, 0, 0, 0
16412, 4520783, 0, 0, 0
16500, 7231544, 0, 0, 0
16600, 7952684, 0, 0, 0
16700, 8920511, 0, 0, 0
16800, 4756446, 0, 0, 0
16900, 3831551, 0, 0, 0
17000, 3710462, 0, 0, 0
17100, 4747369, 0, 0, 0
17200, 7641717, 0, 0, 0
17300, 5833656, 0, 0, 0
17400, 5263396, 0, 0, 0
17516, 7219603, 0, 0, 0
17600, 7495843, 0, 0, 0
17700, 4094671, 0, 0, 0
17800, 5875665, 0, 0, 0
17900, 6790961, 0, 0, 0
18000, 4567401, 0, 0, 0
18100, 13604739, 0, 0, 0
18200, 6592394, 0, 0, 0
18300, 5721256, 0, 0, 0
18400, 4712771, 0, 0, 0
18500, 4594567, 0, 0, 0
18600, 3919091, 0, 0, 0
18700, 5065873, 0, 0, 0
18802, 4487714, 0, 0, 0
18900, 5813902, 0, 0, 0
19000, 5645011, 0, 0, 0
19101, 7177006, 0, 0, 0
19200, 4280530, 0, 0, 0
19300, 7223045, 0, 0, 0
19402, 5057701, 0, 0, 0
19500, 5200827, 0, 0, 0
19600, 4756631, 0, 0, 0
19700, 3660194, 0, 0, 0
19800, 5315468, 0, 0, 0
19900, 4014525, 0, 0, 0
20000, 6048098, 0, 0, 0
20100, 6223381, 0, 0, 0
20200, 6214167, 0, 0, 0
20300, 6334093, 0, 0, 0
20401, 6688776, 0, 0, 0
20501, 6023984, 0, 0, 0
20600, 10414683, 0, 0, 0
20700, 4941543, 0, 0, 0
20800, 4606862, 0, 0, 0
20900, 4781012, 0, 0, 0
21000, 4032106, 0, 0, 0
21100, 5343858, 0, 0, 0
21200, 5539564, 0, 0, 0
21300, 5810857, 0, 0, 0
21400, 4078827, 0, 0, 0
21506, 8643015, 0, 0, 0
21600, 7350736, 0, 0, 0
21700, 4199512, 0, 0, 0
21800, 5599835, 0, 0, 0
21900, 4060475, 0, 0, 0
22003, 7263465, 0, 0, 0
22113, 5170900, 0, 0, 0
22200, 5965862, 0, 0, 0
22312, 4042330, 0, 0, 0
22400, 5979809, 0, 0, 0
22500, 5079941, 0, 0, 0
22600, 4696450, 0, 0, 0
22700, 5379538, 0, 0, 0
22800, 3528555, 0, 0, 0
22900, 7185804, 0, 0, 0
23000, 5723431, 0, 0, 0
23100, 4127057, 0, 0, 0
23200, 4555043, 0, 0, 0
23303, 3190749, 0, 0, 0
23400, 4852488, 0, 0, 0
23502, 4587964, 0, 0, 0
23600, 5288763, 0, 0, 0
23701, 4061491, 0, 0, 0
23800, 7897661, 0, 0, 0
23900, 4278558, 0, 0, 0
24000, 3302873, 0, 0, 0
24100, 4713699, 0, 0, 0
24200, 4727246, 0, 0, 0
24300, 4579190, 0, 0, 0
24400, 6260095, 0, 0, 0
24503, 6944904, 0, 0, 0
24600, 4731091, 0, 0, 0
24700, 5182450, 0, 0, 0
24800, 4009572, 0, 0, 0
24900, 3107123, 0, 0, 0
25000, 4424470, 0, 0, 0
25100, 5393009, 0, 0, 0
25200, 5158162, 0, 0, 0
25300, 7510767, 0, 0, 0
25406, 5131605, 0, 0, 0
25500, 12259361, 0, 0, 0
25600, 8209463, 0, 0, 0
25701, 6426175, 0, 0, 0
25800, 5172415, 0, 0, 0
25900, 7728950, 0, 0, 0
26000, 5384397, 0, 0, 0
26100, 5179554, 0, 0, 0
26203, 3702512, 0, 0, 0
26300, 9147010, 0, 0, 0
26400, 3909043, 0, 0, 0
26500, 3768497, 0, 0, 0
26600, 4198915, 0, 0, 0
26700, 4062123, 0, 0, 0
26800, 4290268, 0, 0, 0
26900, 5953124, 0, 0, 0
27000, 3828956, 0, 0, 0
27101, 5805957, 0, 0, 0
27200, 3537572, 0, 0, 0
27300, 6759532, 0, 0, 0
27400, 5557343, 0, 0, 0
27500, 4799962, 0, 0, 0
27600, 5376729, 0, 0, 0
27700, 7277987, 0, 0, 0
27800, 4374526, 0, 0, 0
27900, 3861330, 0, 0, 0
28001, 6695837, 0, 0, 0
28100, 5723728, 0, 0, 0
28201, 7147870, 0, 0, 0
28300, 4609029, 0, 0, 0
28400, 6704366, 0, 0, 0
28500, 5849086, 0, 0, 0
28600, 4534717, 0, 0, 0
28701, 5311278, 0, 0, 0
28802, 5329507, 0, 0, 0
28900, 10130176, 0, 0, 0
29000, 7428490, 0, 0, 0
29100, 5098775, 0, 0, 0
29226, 4676132, 0, 0, 0
29300, 9097296, 0, 0, 0
29401, 7637241, 0, 0, 0
29500, 5191034, 0, 0, 0
29600, 4759447, 0, 0, 0
29700, 9615269, 0, 0, 0
29800, 6780047, 0, 0, 0
29900, 5844603, 0, 0, 0
30000, 4332243, 0, 0, 0
30100, 4175658, 0, 0, 0
30200, 4524956, 0, 0, 0
30300, 4844813, 0, 0, 0
30403, 9376364, 0, 0, 0
30500, 8483599, 0, 0, 0
30600, 4729664, 0, 0, 0
30700, 6275576, 0, 0, 0
30800, 5675427, 0, 0, 0
30901, 3746497, 0, 0, 0
31000, 8336891, 0, 0, 0
31100, 5659924, 0, 0, 0
31200, 4233057, 0, 0, 0
31303, 27258936, 0, 0, 0
31400, 6371525, 0, 0, 0
31500, 3469765, 0, 0, 0
31600, 4506897, 0, 0, 0
31700, 5963178, 0, 0, 0
31800, 3092006, 0, 0, 0
31900, 22527168, 0, 0, 0
32001, 15204616, 0, 0, 0
32100, 7154869, 0, 0, 0
32200, 11485164, 0, 0, 0
32304, 5800619, 0, 0, 0
32400, 7832750, 0, 0, 0
32500, 4928859, 0, 0, 0
32600, 6218534, 0, 0, 0
32700, 8897261, 0, 0, 0
32839, 7279314, 0, 0, 0
32900, 11223758, 0, 0, 0
33000, 3833339, 0, 0, 0
33102, 6030667, 0, 0, 0
33201, 6716466, 0, 0, 0
33300, 5705384, 0, 0, 0
33400, 4537555, 0, 0, 0
33501, 9524268, 0, 0, 0
33600, 6905849, 0, 0, 0
33700, 8557229, 0, 0, 0
33800, 3991270, 0, 0, 0
33901, 4399429, 0, 0, 0
34000, 18059428, 0, 0, 0
34100, 5169928, 0, 0, 0
34200, 4326721, 0, 0, 0
34300, 5188874, 0, 0, 0
34400, 5157382, 0, 0, 0
34500, 8359964, 0, 0, 0
34600, 4682826, 0, 0, 0
34700, 3759640, 0, 0, 0
34800, 6854536, 0, 0, 0
34900, 5372506, 0, 0, 0
35000, 3546694, 0, 0, 0
35100, 6447999, 0, 0, 0
35201, 5494310, 0, 0, 0
35309, 5643129, 0, 0, 0
35400, 8877970, 0, 0, 0
35500, 5693017, 0, 0, 0
35600, 4980634, 0, 0, 0
35700, 4692025, 0, 0, 0
35802, 6367444, 0, 0, 0
35912, 3988386, 0, 0, 0
36001, 6609787, 0, 0, 0
36100, 4359199, 0, 0, 0
36200, 5412507, 0, 0, 0
36301, 4764604, 0, 0, 0
36400, 6318863, 0, 0, 0
36500, 3752566, 0, 0, 0
36600, 5302070, 0, 0, 0
36700, 3744511, 0, 0, 0
36800, 4343467, 0, 0, 0
36900, 3494462, 0, 0, 0
37001, 4791969, 0, 0, 0
37100, 3931887, 0, 0, 0
37200, 5963516, 0, 0, 0
37300, 4807816, 0, 0, 0
37400, 4717886, 0, 0, 0
37500, 5417605, 0, 0, 0
37600, 4864645, 0, 0, 0
37700, 4570288, 0, 0, 0
37800, 3826004, 0, 0, 0
37900, 4574771, 0, 0, 0
38000, 4633254, 0, 0, 0
38100, 6251415, 0, 0, 0
38200, 5098471, 0, 0, 0
38300, 3728760, 0, 0, 0
38401, 4064276, 0, 0, 0
38515, 4252610, 0, 0, 0
38600, 5611505, 0, 0, 0
38700, 3851230, 0, 0, 0
38801, 7841105, 0, 0, 0
38900, 4636481, 0, 0, 0
39000, 4498068, 0, 0, 0
39100, 7973714, 0, 0, 0
39200, 4614240, 0, 0, 0
39300, 5241037, 0, 0, 0
39400, 3917355, 0, 0, 0
39500, 3398809, 0, 0, 0
39600, 3940698, 0, 0, 0
39700, 4564910, 0, 0, 0
39800, 4516132, 0, 0, 0
39900, 5265347, 0, 0, 0
40000, 4171409, 0, 0, 0
40101, 5138522, 0, 0, 0
40200, 4287611, 0, 0, 0
40300, 3208993, 0, 0, 0
40400, 4572041, 0, 0, 0
40500, 4172207, 0, 0, 0
40600, 5900959, 0, 0, 0
40700, 5803570, 0, 0, 0
40800, 3846114, 0, 0, 0
40900, 5506529, 0, 0, 0
41000, 4329605, 0, 0, 0
41100, 4527294, 0, 0, 0
41205, 5445019, 0, 0, 0
41301, 6719173, 0, 0, 0
41400, 4606776, 0, 0, 0
41500, 4256206, 0, 0, 0
41604, 6230750, 0, 0, 0
41700, 5101051, 0, 0, 0
41800, 3952743, 0, 0, 0
41900, 4440679, 0, 0, 0
42000, 8040364, 0, 0, 0
42100, 11946255, 0, 0, 0
42200, 5453044, 0, 0, 0
42302, 9284378, 0, 0, 0
42400, 7324162, 0, 0, 0
42500, 7468606, 0, 0, 0
42601, 5519002, 0, 0, 0
42700, 5529987, 0, 0, 0
42800, 3923726, 0, 0, 0
42900, 4956364, 0, 0, 0
43000, 4621145, 0, 0, 0
43100, 7192669, 0, 0, 0
43200, 4458997, 0, 0, 0
43300, 4278019, 0, 0, 0
43400, 4428887, 0, 0, 0
43500, 5836072, 0, 0, 0
43600, 4917662, 0, 0, 0
43700, 4105819, 0, 0, 0
43800, 4376879, 0, 0, 0
43900, 5052638, 0, 0, 0
44000, 4595603, 0, 0, 0
44100, 5519913, 0, 0, 0
44200, 4395527, 0, 0, 0
44300, 4329413, 0, 0, 0
44400, 5710477, 0, 0, 0
44500, 4770333, 0, 0, 0
44600, 4579775, 0, 0, 0
44700, 4464791, 0, 0, 0
44800, 3947505, 0, 0, 0
44900, 6039181, 0, 0, 0
45030, 5176125, 0, 0, 0
45100, 6718252, 0, 0, 0
45200, 6087324, 0, 0, 0
45300, 5788725, 0, 0, 0
45400, 7613893, 0, 0, 0
45500, 3814055, 0, 0, 0
45601, 5625306, 0, 0, 0
45700, 6537543, 0, 0, 0
45800, 4931288, 0, 0, 0
45900, 4970406, 0, 0, 0
46000, 5125654, 0, 0, 0
46100, 5159819, 0, 0, 0
46200, 4094627, 0, 0, 0
46300, 4514331, 0, 0, 0
46400, 4268349, 0, 0, 0
46500, 4616169, 0, 0, 0
46600, 4913922, 0, 0, 0
46701, 3780599, 0, 0, 0
46800, 9574867, 0, 0, 0
46900, 9583039, 0, 0, 0
47000, 4504990, 0, 0, 0
47100, 6001517, 0, 0, 0
47200, 4390658, 0, 0, 0
47300, 5583652, 0, 0, 0
47400, 4644189, 0, 0, 0
47500, 4105139, 0, 0, 0
47600, 3969478, 0, 0, 0
47700, 7201444, 0, 0, 0
47800, 6054942, 0, 0, 0
47900, 7284265, 0, 0, 0
48000, 5182528, 0, 0, 0
48100, 11243758, 0, 0, 0
48200, 6306372, 0, 0, 0
48300, 4033870, 0, 0, 0
48400, 6543940, 0, 0, 0
48500, 5989968, 0, 0, 0
48600, 4031848, 0, 0, 0
48700, 7477565, 0, 0, 0
48800, 3946863, 0, 0, 0
48900, 10538222, 0, 0, 0
49001, 6075687, 0, 0, 0
49101, 6121493, 0, 0, 0
49200, 4603171, 0, 0, 0
49300, 4234624, 0, 0, 0
49400, 4237843, 0, 0, 0
49500, 4228397, 0, 0, 0
49600, 3977159, 0, 0, 0
49700, 4251282, 0, 0, 0
49800, 4147807, 0, 0, 0
49900, 6532716, 0, 0, 0
50000, 5064224, 0, 0, 0
50100, 5616270, 0, 0, 0
50200, 4629337, 0, 0, 0
50300, 6225466, 0, 0, 0
50400, 5559204, 0, 0, 0
50501, 4767911, 0, 0, 0
50604, 5051655, 0, 0, 0
50700, 7708847, 0, 0, 0
50800, 3480468, 0, 0, 0
50900, 5415472, 0, 0, 0
51000, 3680504, 0, 0, 0
51101, 5160071, 0, 0, 0
51200, 5788611, 0, 0, 0
51300, 8254715, 0, 0, 0
51400, 4428704, 0, 0, 0
51500, 4939071, 0, 0, 0
51601, 4454489, 0, 0, 0
51700, 9868589, 0, 0, 0
51800, 5609144, 0, 0, 0
51900, 7889864, 0, 0, 0
52000, 4470757, 0, 0, 0
52100, 5925924, 0, 0, 0
52200, 5631885, 0, 0, 0
52301, 4223205, 0, 0, 0
52400, 6151963, 0, 0, 0
52500, 4972215, 0, 0, 0
52600, 3906235, 0, 0, 0
52700, 6331002, 0, 0, 0
52801, 5413639, 0, 0, 0
52900, 6769696, 0, 0, 0
53000, 4243430, 0, 0, 0
53101, 5861124, 0, 0, 0
53200, 4083861, 0, 0, 0
53300, 15016544, 0, 0, 0
53400, 8143896, 0, 0, 0
53500, 6196525, 0, 0, 0
53600, 4894047, 0, 0, 0
53700, 5185606, 0, 0, 0
53800, 4744166, 0, 0, 0
53900, 5657108, 0, 0, 0
54000, 6758833, 0, 0, 0
54100, 4146120, 0, 0, 0
54200, 4379355, 0, 0, 0
54300, 4614678, 0, 0, 0
54400, 4666160, 0, 0, 0
54500, 5198625, 0, 0, 0
54600, 5821246, 0, 0, 0
54700, 4101998, 0, 0, 0
54800, 6380815, 0, 0, 0
54900, 5257779, 0, 0, 0
55000, 3899079, 0, 0, 0
55100, 4828994, 0, 0, 0
55200, 4084807, 0, 0, 0
55300, 4049834, 0, 0, 0
55400, 7038225, 0, 0, 0
55500, 5933634, 0, 0, 0
55601, 4589316, 0, 0, 0
55700, 5338835, 0, 0, 0
55800, 5517396, 0, 0, 0
55900, 4534434, 0, 0, 0
56001, 5304978, 0, 0, 0
56100, 6023682, 0, 0, 0
56200, 3513942, 0, 0, 0
56300, 4439060, 0, 0, 0
56400, 5563285, 0, 0, 0
56500, 7634895, 0, 0, 0
56600, 14495086, 0, 0, 0
56700, 4422489, 0, 0, 0
56800, 4839635, 0, 0, 0
56900, 3879057, 0, 0, 0
57000, 5389846, 0, 0, 0
57100, 5230821, 0, 0, 0
57201, 10237984, 0, 0, 0
57300, 5332993, 0, 0, 0
57400, 4114696, 0, 0, 0
57501, 4774453, 0, 0, 0
57600, 6330298, 0, 0, 0
57700, 4726909, 0, 0, 0
57801, 5221600, 0, 0, 0
57900, 4191201, 0, 0, 0
58000, 3607598, 0, 0, 0
58100, 4258912, 0, 0, 0
58200, 5004641, 0, 0, 0
58300, 3993342, 0, 0, 0
58400, 7663855, 0, 0, 0
58500, 4081938, 0, 0, 0
58600, 6211492, 0, 0, 0
58700, 5308709, 0, 0, 0
58800, 6061938, 0, 0, 0
58940, 4294904, 0, 0, 0
59000, 7899561, 0, 0, 0
59100, 5275690, 0, 0, 0
59200, 4509144, 0, 0, 0
59300, 6163287, 0, 0, 0
59400, 10233447, 0, 0, 0
59500, 14545442, 0, 0, 0
59600, 6054279, 0, 0, 0
59700, 4755078, 0, 0, 0
59800, 3805428, 0, 0, 0
59900, 4132847, 0, 0, 0
60000, 5089893, 0, 0, 0
60100, 5745249, 0, 0, 0
60200, 4577414, 0, 0, 0
60300, 6531991, 0, 0, 0
60400, 4068865, 0, 0, 0
60500, 3878281, 0, 0, 0
60600, 4604059, 0, 0, 0
60700, 4855933, 0, 0, 0
60800, 14245081, 0, 0, 0
60900, 7649396, 0, 0, 0
61000, 12336405, 0, 0, 0
61100, 5845537, 0, 0, 0
61205, 8675765, 0, 0, 0
61301, 7248655, 0, 0, 0
61400, 5040480, 0, 0, 0
61500, 5047264, 0, 0, 0
61601, 3987771, 0, 0, 0
61700, 7733634, 0, 0, 0
61800, 9501238, 0, 0, 0
61900, 4193503, 0, 0, 0
62000, 5597536, 0, 0, 0
62100, 3868810, 0, 0, 0
62200, 5456128, 0, 0, 0
62300, 3918803, 0, 0, 0
62400, 4117542, 0, 0, 0
62500, 3715947, 0, 0, 0
62600, 8016591, 0, 0, 0
62700, 7549096, 0, 0, 0
62800, 5624091, 0, 0, 0
62900, 7081726, 0, 0, 0
63000, 4721233, 0, 0, 0
63101, 4528370, 0, 0, 0
63200, 4614522, 0, 0, 0
63300, 4606494, 0, 0, 0
63400, 4250466, 0, 0, 0
63500, 4585713, 0, 0, 0
63600, 4590385, 0, 0, 0
63700, 4560724, 0, 0, 0
63800, 5106384, 0, 0, 0
63900, 3731736, 0, 0, 0
64000, 5565273, 0, 0, 0
64100, 6700677, 0, 0, 0
64200, 4586712, 0, 0, 0
64300, 4444047, 0, 0, 0
64400, 5553782, 0, 0, 0
64500, 4478136, 0, 0, 0
64600, 3680326, 0, 0, 0
64700, 3895954, 0, 0, 0
64800, 8281170, 0, 0, 0
64900, 6919851, 0, 0, 0
65000, 4337229, 0, 0, 0
65100, 3552505, 0, 0, 0
65200, 4881872, 0, 0, 0
65300, 4043430, 0, 0, 0
65400, 3754916, 0, 0, 0
65500, 5081752, 0, 0, 0
65600, 4476353, 0, 0, 0
65700, 6035353, 0, 0, 0
65800, 9121769, 0, 0, 0
65900, 5748686, 0, 0, 0
66001, 6794666, 0, 0, 0
66108, 8804909, 0, 0, 0
66200, 8566211, 0, 0, 0
66300, 3836946, 0, 0, 0
66400, 4550108, 0, 0, 0
66500, 5642955, 0, 0, 0
66600, 4218897, 0, 0, 0
66700, 5361568, 0, 0, 0
66800, 4633399, 0, 0, 0
66900, 4909683, 0, 0, 0
67000, 5631546, 0, 0, 0
67100, 3816784, 0, 0, 0
67200, 5370355, 0, 0, 0
67300, 4765079, 0, 0, 0
67400, 4257112, 0, 0, 0
67500, 4378047, 0, 0, 0
67600, 3686926, 0, 0, 0
67700, 5188059, 0, 0, 0
67800, 3793058, 0, 0, 0
67900, 8228248, 0, 0, 0
68000, 6110072, 0, 0, 0
68101, 4486713, 0, 0, 0
68200, 4673292, 0, 0, 0
68300, 4119917, 0, 0, 0
68400, 3918811, 0, 0, 0
68500, 4279586, 0, 0, 0
68600, 8247855, 0, 0, 0
68701, 7600663, 0, 0, 0
68800, 4729141, 0, 0, 0
68900, 5120936, 0, 0, 0
69000, 4179098, 0, 0, 0
69106, 7533053, 0, 0, 0
69200, 5158117, 0, 0, 0
69300, 6176763, 0, 0, 0
69400, 4102531, 0, 0, 0
69527, 3764124, 0, 0, 0
69600, 6966006, 0, 0, 0
69700, 4334735, 0, 0, 0
69800, 4027573, 0, 0, 0
69900, 4230466, 0, 0, 0
70000, 6572453, 0, 0, 0
70100, 9091535, 0, 0, 0
70200, 4613405, 0, 0, 0
70300, 5142448, 0, 0, 0
70400, 6101051, 0, 0, 0
70500, 7593284, 0, 0, 0
70600, 3712400, 0, 0, 0
70700, 6103309, 0, 0, 0
70800, 4728567, 0, 0, 0
70900, 4322032, 0, 0, 0
71000, 5122871, 0, 0, 0
71100, 5136060, 0, 0, 0
71200, 5277393, 0, 0, 0
71300, 5028893, 0, 0, 0
71400, 5727612, 0, 0, 0
71500, 4442465, 0, 0, 0
71600, 4485091, 0, 0, 0
71700, 5259983, 0, 0, 0
71800, 7148227, 0, 0, 0
71900, 4707947, 0, 0, 0
72000, 4438864, 0, 0, 0
72100, 4731482, 0, 0, 0
72200, 4088891, 0, 0, 0
72300, 4089201, 0, 0, 0
72400, 4538974, 0, 0, 0
72500, 4639260, 0, 0, 0
72603, 4059366, 0, 0, 0
72700, 4560088, 0, 0, 0
72800, 7047642, 0, 0, 0
72900, 4255513, 0, 0, 0
73000, 6092720, 0, 0, 0
73100, 6699590, 0, 0, 0
73203, 5319210, 0, 0, 0
73300, 4805067, 0, 0, 0
73400, 4692349, 0, 0, 0
73500, 9624855, 0, 0, 0
73600, 4029855, 0, 0, 0
73700, 8978499, 0, 0, 0
73801, 7327424, 0, 0, 0
73900, 5058200, 0, 0, 0
74000, 4524536, 0, 0, 0
74100, 4374725, 0, 0, 0
74200, 5315161, 0, 0, 0
74300, 4241682, 0, 0, 0
74400, 3994863, 0, 0, 0
74500, 7039963, 0, 0, 0
74600, 4322254, 0, 0, 0
74701, 5020465, 0, 0, 0
74800, 9921398, 0, 0, 0
74900, 7082353, 0, 0, 0
75000, 4608988, 0, 0, 0
75100, 4568938, 0, 0, 0
75200, 5365519, 0, 0, 0
75314, 6134338, 0, 0, 0
75401, 5530993, 0, 0, 0
75500, 4020242, 0, 0, 0
75600, 9596405, 0, 0, 0
75700, 4229357, 0, 0, 0
75800, 4577873, 0, 0, 0
75900, 3902890, 0, 0, 0
76000, 4475612, 0, 0, 0
76100, 4007351, 0, 0, 0
76201, 5998567, 0, 0, 0
76300, 4347717, 0, 0, 0
76400, 3965156, 0, 0, 0
76500, 4105885, 0, 0, 0
76600, 6389556, 0, 0, 0
76700, 4431692, 0, 0, 0
76800, 5756085, 0, 0, 0
76901, 5253596, 0, 0, 0
77000, 7151448, 0, 0, 0
77100, 5026367, 0, 0, 0
77200, 7455584, 0, 0, 0
77300, 4642163, 0, 0, 0
77400, 5775656, 0, 0, 0
77500, 5081279, 0, 0, 0
77600, 4189295, 0, 0, 0
77700, 3966986, 0, 0, 0
77800, 4150698, 0, 0, 0
77924, 5392601, 0, 0, 0
78000, 6173637, 0, 0, 0
78100, 3980443, 0, 0, 0
78202, 7334952, 0, 0, 0
78300, 5778013, 0, 0, 0
78400, 4510370, 0, 0, 0
78500, 4166016, 0, 0, 0
78600, 4859487, 0, 0, 0
78700, 9632003, 0, 0, 0
78800, 4444980, 0, 0, 0
78900, 6315389, 0, 0, 0
79000, 5257466, 0, 0, 0
79101, 5970502, 0, 0, 0
79200, 5193778, 0, 0, 0
79300, 4422212, 0, 0, 0
79400, 3544659, 0, 0, 0
79500, 5712887, 0, 0, 0
79600, 4112086, 0, 0, 0
79700, 4018896, 0, 0, 0
79800, 3653551, 0, 0, 0
79900, 6498823, 0, 0, 0
80000, 5166694, 0, 0, 0
80100, 4770593, 0, 0, 0
80200, 5183304, 0, 0, 0
80300, 3776499, 0, 0, 0
80400, 7244618, 0, 0, 0
80500, 10126953, 0, 0, 0
80600, 4048763, 0, 0, 0
80700, 4050605, 0, 0, 0
80800, 3677168, 0, 0, 0
80901, 5226065, 0, 0, 0
81000, 4628526, 0, 0, 0
81100, 6089235, 0, 0, 0
81200, 4827039, 0, 0, 0
81300, 7223521, 0, 0, 0
81401, 6868079, 0, 0, 0
81502, 14103741, 0, 0, 0
81600, 5516053, 0, 0, 0
81700, 7502220, 0, 0, 0
81800, 4475006, 0, 0, 0
81900, 4025287, 0, 0, 0
82000, 5746255, 0, 0, 0
82100, 3926029, 0, 0, 0
82200, 3627576, 0, 0, 0
82300, 4095527, 0, 0, 0
82400, 4538312, 0, 0, 0
82500, 3862685, 0, 0, 0
82600, 5259469, 0, 0, 0
82700, 4960640, 0, 0, 0
82800, 6139918, 0, 0, 0
82900, 4128072, 0, 0, 0
83000, 4513236, 0, 0, 0
83100, 3834218, 0, 0, 0
83201, 4410512, 0, 0, 0
83300, 5233425, 0, 0, 0
83400, 6047238, 0, 0, 0
83500, 6235549, 0, 0, 0
83610, 4526455, 0, 0, 0
83700, 7314208, 0, 0, 0
83800, 5265396, 0, 0, 0
83900, 3561139, 0, 0, 0
84000, 5623615, 0, 0, 0
84100, 5293913, 0, 0, 0
84200, 5138382, 0, 0, 0
84300, 5522130, 0, 0, 0
84401, 5614814, 0, 0, 0
84500, 4721547, 0, 0, 0
84600, 3655522, 0, 0, 0
84700, 8638492, 0, 0, 0
84800, 6468306, 0, 0, 0
84900, 4963420, 0, 0, 0
85000, 4589196, 0, 0, 0
85100, 5446144, 0, 0, 0
85200, 4512495, 0, 0, 0
85300, 3810016, 0, 0, 0
85400, 4328541, 0, 0, 0
85500, 7727718, 0, 0, 0
85600, 4577707, 0, 0, 0
85700, 10741069, 0, 0, 0
85800, 5065347, 0, 0, 0
85900, 5548925, 0, 0, 0
86000, 3819779, 0, 0, 0
86100, 4197343, 0, 0, 0
86200, 4390901, 0, 0, 0
86300, 4775074, 0, 0, 0
86400, 6906786, 0, 0, 0
86502, 4532263, 0, 0, 0
86600, 11075444, 0, 0, 0
86700, 4395067, 0, 0, 0
86801, 4613336, 0, 0, 0
86900, 7535813, 0, 0, 0
87004, 13207993, 0, 0, 0
87100, 4168495, 0, 0, 0
87200, 4701472, 0, 0, 0
87300, 6406679, 0, 0, 0
87400, 5194983, 0, 0, 0
87500, 5660562, 0, 0, 0
87600, 4777302, 0, 0, 0
87700, 4173510, 0, 0, 0
87800, 7417038, 0, 0, 0
87900, 5413034, 0, 0, 0
88000, 6324512, 0, 0, 0
88100, 5155436, 0, 0, 0
88200, 4591807, 0, 0, 0
88300, 5563130, 0, 0, 0
88400, 4984388, 0, 0, 0
88500, 4912411, 0, 0, 0
88600, 6144412, 0, 0, 0
88700, 5154758, 0, 0, 0
88800, 3874367, 0, 0, 0
88900, 3994406, 0, 0, 0
89000, 4437123, 0, 0, 0
89100, 4627015, 0, 0, 0
89201, 4305991, 0, 0, 0
89301, 30583900, 0, 0, 0
89400, 8539840, 0, 0, 0
89500, 3912174, 0, 0, 0
89600, 4556100, 0, 0, 0
89701, 4157177, 0, 0, 0
89800, 5145482, 0, 0, 0
89900, 4782763, 0, 0, 0
90000, 5063440, 0, 0, 0
90006, 8869380, 0, 0, 0
