250, 1748, 0, 0, 0
350, 2510, 0, 0, 0
450, 2630, 0, 0, 0
550, 2260, 0, 0, 0
650, 2120, 0, 0, 0
749, 1727, 0, 0, 0
849, 2440, 0, 0, 0
949, 2670, 0, 0, 0
1050, 2320, 0, 0, 0
1150, 1290, 0, 0, 0
1249, 2656, 0, 0, 0
1349, 2840, 0, 0, 0
1449, 2290, 0, 0, 0
1549, 1840, 0, 0, 0
1649, 1320, 0, 0, 0
1749, 2640, 0, 0, 0
1849, 2460, 0, 0, 0
1949, 1530, 0, 0, 0
2049, 1340, 0, 0, 0
2149, 2100, 0, 0, 0
2250, 2880, 0, 0, 0
2350, 3460, 0, 0, 0
2450, 3150, 0, 0, 0
2550, 2880, 0, 0, 0
2650, 2760, 0, 0, 0
2749, 3121, 0, 0, 0
2849, 2240, 0, 0, 0
2949, 1910, 0, 0, 0
3049, 2700, 0, 0, 0
3149, 2710, 0, 0, 0
3249, 2380, 0, 0, 0
3349, 2350, 0, 0, 0
3449, 1140, 0, 0, 0
3549, 1610, 0, 0, 0
3650, 2120, 0, 0, 0
3750, 2000, 0, 0, 0
3850, 2640, 0, 0, 0
3950, 2010, 0, 0, 0
4050, 1780, 0, 0, 0
4150, 2000, 0, 0, 0
4249, 1030, 0, 0, 0
4349, 1790, 0, 0, 0
4449, 1790, 0, 0, 0
4549, 1570, 0, 0, 0
4649, 2210, 0, 0, 0
4750, 2400, 0, 0, 0
4850, 2510, 0, 0, 0
4950, 3130, 0, 0, 0
5050, 2350, 0, 0, 0
5150, 2280, 0, 0, 0
5249, 2636, 0, 0, 0
5349, 3280, 0, 0, 0
5449, 1560, 0, 0, 0
5549, 2580, 0, 0, 0
5649, 1660, 0, 0, 0
5749, 1520, 0, 0, 0
5849, 2780, 0, 0, 0
5949, 2760, 0, 0, 0
6049, 1570, 0, 0, 0
6150, 1600, 0, 0, 0
6250, 3170, 0, 0, 0
6350, 2100, 0, 0, 0
6450, 1970, 0, 0, 0
6550, 1710, 0, 0, 0
6650, 2770, 0, 0, 0
6749, 2616, 0, 0, 0
6849, 3190, 0, 0, 0
6949, 2550, 0, 0, 0
7049, 1440, 0, 0, 0
7149, 2380, 0, 0, 0
7249, 2900, 0, 0, 0
7349, 2210, 0, 0, 0
7450, 2150, 0, 0, 0
7550, 2740, 0, 0, 0
7650, 2710, 0, 0, 0
7749, 2424, 0, 0, 0
7849, 2600, 0, 0, 0
7949, 2410, 0, 0, 0
8049, 2770, 0, 0, 0
8149, 2280, 0, 0, 0
8249, 2390, 0, 0, 0
8349, 2730, 0, 0, 0
8449, 2770, 0, 0, 0
8549, 2050, 0, 0, 0
8650, 2780, 0, 0, 0
8750, 2190, 0, 0, 0
8850, 2660, 0, 0, 0
8950, 1550, 0, 0, 0
9050, 3080, 0, 0, 0
9150, 3570, 0, 0, 0
9249, 2252, 0, 0, 0
9349, 2350, 0, 0, 0
9449, 2510, 0, 0, 0
9549, 1970, 0, 0, 0
9649, 1640, 0, 0, 0
9750, 1590, 0, 0, 0
9850, 2330, 0, 0, 0
9950, 1290, 0, 0, 0
10050, 2950, 0, 0, 0
10150, 2280, 0, 0, 0
10249, 2414, 0, 0, 0
10349, 3170, 0, 0, 0
10449, 3030, 0, 0, 0
10549, 3520, 0, 0, 0
10649, 2890, 0, 0, 0
10750, 2230, 0, 0, 0
10850, 2360, 0, 0, 0
10950, 2530, 0, 0, 0
11050, 1760, 0, 0, 0
11150, 2430, 0, 0, 0
11249, 2939, 0, 0, 0
11349, 2940, 0, 0, 0
11449, 3150, 0, 0, 0
11549, 2590, 0, 0, 0
11649, 1750, 0, 0, 0
11749, 2230, 0, 0, 0
11849, 890, 0, 0, 0
11950, 3220, 0, 0, 0
12050, 2360, 0, 0, 0
12150, 2230, 0, 0, 0
12249, 2090, 0, 0, 0
12349, 3100, 0, 0, 0
12449, 1770, 0, 0, 0
12549, 1980, 0, 0, 0
12649, 2600, 0, 0, 0
12749, 2890, 0, 0, 0
12849, 3010, 0, 0, 0
12949, 2750, 0, 0, 0
13050, 3100, 0, 0, 0
13150, 2940, 0, 0, 0
13249, 1373, 0, 0, 0
13349, 1290, 0, 0, 0
13449, 2210, 0, 0, 0
13549, 2390, 0, 0, 0
13649, 1470, 0, 0, 0
13749, 840, 0, 0, 0
13849, 3220, 0, 0, 0
13949, 2510, 0, 0, 0
14049, 2710, 0, 0, 0
14150, 3020, 0, 0, 0
14250, 2070, 0, 0, 0
14350, 3210, 0, 0, 0
14450, 2660, 0, 0, 0
14550, 1980, 0, 0, 0
14650, 2830, 0, 0, 0
14749, 2525, 0, 0, 0
14849, 2080, 0, 0, 0
14949, 2410, 0, 0, 0
15049, 1710, 0, 0, 0
15149, 2600, 0, 0, 0
15249, 1180, 0, 0, 0
15349, 2800, 0, 0, 0
15449, 2920, 0, 0, 0
15550, 1990, 0, 0, 0
15650, 2320, 0, 0, 0
15749, 2313, 0, 0, 0
15849, 1660, 0, 0, 0
15949, 2990, 0, 0, 0
16049, 2440, 0, 0, 0
16149, 1840, 0, 0, 0
16249, 2860, 0, 0, 0
16349, 2940, 0, 0, 0
16449, 2140, 0, 0, 0
16549, 2420, 0, 0, 0
16649, 2280, 0, 0, 0
16750, 940, 0, 0, 0
16850, 3060, 0, 0, 0
16950, 2630, 0, 0, 0
17050, 2330, 0, 0, 0
17150, 2120, 0, 0, 0
17249, 2161, 0, 0, 0
17349, 2060, 0, 0, 0
17449, 2120, 0, 0, 0
17549, 2510, 0, 0, 0
17649, 1230, 0, 0, 0
17749, 2470, 0, 0, 0
17850, 1650, 0, 0, 0
17950, 3010, 0, 0, 0
18050, 2960, 0, 0, 0
18150, 2890, 0, 0, 0
18249, 3363, 0, 0, 0
18349, 2850, 0, 0, 0
18449, 1930, 0, 0, 0
18549, 1450, 0, 0, 0
18649, 2080, 0, 0, 0
18750, 2200, 0, 0, 0
18850, 2540, 0, 0, 0
18950, 3040, 0, 0, 0
19050, 3120, 0, 0, 0
19150, 2710, 0, 0, 0
19249, 1717, 0, 0, 0
19349, 2860, 0, 0, 0
19449, 2640, 0, 0, 0
19549, 2910, 0, 0, 0
19649, 2900, 0, 0, 0
19749, 2720, 0, 0, 0
19849, 2120, 0, 0, 0
19949, 1980, 0, 0, 0
20050, 1990, 0, 0, 0
20150, 2030, 0, 0, 0
20249, 1131, 0, 0, 0
20349, 2640, 0, 0, 0
20449, 2940, 0, 0, 0
20549, 1740, 0, 0, 0
20649, 2750, 0, 0, 0
20749, 1990, 0, 0, 0
20849, 1580, 0, 0, 0
20949, 2270, 0, 0, 0
21049, 2290, 0, 0, 0
21150, 2170, 0, 0, 0
21250, 1860, 0, 0, 0
21350, 2060, 0, 0, 0
21450, 1900, 0, 0, 0
21550, 1430, 0, 0, 0
21650, 2150, 0, 0, 0
21749, 2616, 0, 0, 0
21849, 2670, 0, 0, 0
21949, 2370, 0, 0, 0
22049, 3610, 0, 0, 0
22149, 2820, 0, 0, 0
22249, 2900, 0, 0, 0
22350, 2950, 0, 0, 0
22450, 2530, 0, 0, 0
22550, 2870, 0, 0, 0
22650, 2260, 0, 0, 0
22749, 1919, 0, 0, 0
22849, 3370, 0, 0, 0
22949, 2930, 0, 0, 0
23049, 1890, 0, 0, 0
23149, 2670, 0, 0, 0
23249, 1110, 0, 0, 0
23349, 1120, 0, 0, 0
23449, 1620, 0, 0, 0
23550, 2490, 0, 0, 0
23650, 3290, 0, 0, 0
23750, 1650, 0, 0, 0
23850, 1520, 0, 0, 0
23950, 2430, 0, 0, 0
24050, 2870, 0, 0, 0
24150, 1840, 0, 0, 0
24249, 1636, 0, 0, 0
24349, 2100, 0, 0, 0
24449, 2490, 0, 0, 0
24549, 2530, 0, 0, 0
24649, 2390, 0, 0, 0
24750, 3350, 0, 0, 0
24850, 2190, 0, 0, 0
24950, 2560, 0, 0, 0
25050, 2400, 0, 0, 0
25150, 2920, 0, 0, 0
25249, 3010, 0, 0, 0
25349, 2430, 0, 0, 0
25449, 1040, 0, 0, 0
25549, 2200, 0, 0, 0
25649, 2780, 0, 0, 0
25749, 1760, 0, 0, 0
25849, 2150, 0, 0, 0
25949, 2380, 0, 0, 0
26050, 2350, 0, 0, 0
26150, 2990, 0, 0, 0
26249, 3202, 0, 0, 0
26349, 2840, 0, 0, 0
26449, 2280, 0, 0, 0
26549, 1800, 0, 0, 0
26649, 2130, 0, 0, 0
26749, 2910, 0, 0, 0
26849, 2900, 0, 0, 0
26949, 3450, 0, 0, 0
27050, 1610, 0, 0, 0
27150, 1330, 0, 0, 0
27249, 2424, 0, 0, 0
27349, 3400, 0, 0, 0
27449, 3210, 0, 0, 0
27549, 3600, 0, 0, 0
27649, 3430, 0, 0, 0
27749, 2760, 0, 0, 0
27849, 1910, 0, 0, 0
27949, 2200, 0, 0, 0
28049, 2420, 0, 0, 0
28149, 1810, 0, 0, 0
28250, 1230, 0, 0, 0
28350, 2850, 0, 0, 0
28450, 2320, 0, 0, 0
28550, 1830, 0, 0, 0
28650, 2660, 0, 0, 0
28749, 2878, 0, 0, 0
28849, 3330, 0, 0, 0
28949, 2450, 0, 0, 0
29049, 2010, 0, 0, 0
29149, 3180, 0, 0, 0
29249, 2990, 0, 0, 0
29349, 2180, 0, 0, 0
29449, 2750, 0, 0, 0
29550, 2220, 0, 0, 0
29650, 2870, 0, 0, 0
29750, 3670, 0, 0, 0
29850, 2630, 0, 0, 0
29950, 2990, 0, 0, 0
30050, 2060, 0, 0, 0
30150, 1370, 0, 0, 0
30249, 2525, 0, 0, 0
30349, 1950, 0, 0, 0
30449, 2940, 0, 0, 0
30549, 2480, 0, 0, 0
30649, 2100, 0, 0, 0
30750, 2610, 0, 0, 0
30850, 1300, 0, 0, 0
30950, 2810, 0, 0, 0
31050, 3280, 0, 0, 0
31150, 1620, 0, 0, 0
31249, 2585, 0, 0, 0
31349, 2770, 0, 0, 0
31449, 2570, 0, 0, 0
31549, 1950, 0, 0, 0
31649, 2350, 0, 0, 0
31749, 540, 0, 0, 0
31849, 1050, 0, 0, 0
31949, 2750, 0, 0, 0
32050, 3210, 0, 0, 0
32150, 3310, 0, 0, 0
32249, 1767, 0, 0, 0
32349, 3600, 0, 0, 0
32449, 2380, 0, 0, 0
32549, 2370, 0, 0, 0
32649, 2780, 0, 0, 0
32749, 3630, 0, 0, 0
32849, 2450, 0, 0, 0
32949, 2920, 0, 0, 0
33050, 2770, 0, 0, 0
33150, 3150, 0, 0, 0
33250, 1560, 0, 0, 0
33350, 2670, 0, 0, 0
33450, 1990, 0, 0, 0
33550, 2040, 0, 0, 0
33650, 3720, 0, 0, 0
33749, 1939, 0, 0, 0
33849, 2680, 0, 0, 0
33949, 3050, 0, 0, 0
34049, 3210, 0, 0, 0
34149, 2610, 0, 0, 0
34249, 1850, 0, 0, 0
34349, 1490, 0, 0, 0
34450, 2760, 0, 0, 0
34550, 2980, 0, 0, 0
34650, 1910, 0, 0, 0
34749, 2565, 0, 0, 0
34849, 2880, 0, 0, 0
34949, 2640, 0, 0, 0
35049, 2490, 0, 0, 0
35149, 2840, 0, 0, 0
35249, 1720, 0, 0, 0
35349, 2800, 0, 0, 0
35449, 2250, 0, 0, 0
35549, 1940, 0, 0, 0
35649, 2800, 0, 0, 0
35750, 2530, 0, 0, 0
35850, 2010, 0, 0, 0
35950, 2570, 0, 0, 0
36050, 1720, 0, 0, 0
36150, 2850, 0, 0, 0
36249, 2020, 0, 0, 0
36349, 2280, 0, 0, 0
36449, 2860, 0, 0, 0
36549, 2610, 0, 0, 0
36649, 1830, 0, 0, 0
36749, 2740, 0, 0, 0
36850, 2210, 0, 0, 0
36950, 2440, 0, 0, 0
37050, 1560, 0, 0, 0
37150, 2080, 0, 0, 0
37249, 3101, 0, 0, 0
37349, 2080, 0, 0, 0
37449, 2130, 0, 0, 0
37549, 2910, 0, 0, 0
37649, 2190, 0, 0, 0
37749, 1890, 0, 0, 0
37849, 2330, 0, 0, 0
37949, 2220, 0, 0, 0
38049, 2870, 0, 0, 0
38150, 2720, 0, 0, 0
38250, 2880, 0, 0, 0
38350, 1660, 0, 0, 0
38450, 1250, 0, 0, 0
38550, 2090, 0, 0, 0
38650, 2390, 0, 0, 0
38749, 1656, 0, 0, 0
38849, 2290, 0, 0, 0
38949, 2180, 0, 0, 0
39049, 2850, 0, 0, 0
39149, 2950, 0, 0, 0
39250, 2990, 0, 0, 0
39350, 3370, 0, 0, 0
39450, 2080, 0, 0, 0
39550, 2110, 0, 0, 0
39650, 2470, 0, 0, 0
39749, 1626, 0, 0, 0
39849, 2610, 0, 0, 0
39949, 3030, 0, 0, 0
40049, 2760, 0, 0, 0
40149, 2000, 0, 0, 0
40249, 630, 0, 0, 0
40349, 1720, 0, 0, 0
40449, 2660, 0, 0, 0
40550, 3220, 0, 0, 0
40650, 2760, 0, 0, 0
40749, 2777, 0, 0, 0
40849, 2710, 0, 0, 0
40949, 1910, 0, 0, 0
41049, 1850, 0, 0, 0
41149, 2800, 0, 0, 0
41249, 2180, 0, 0, 0
41349, 2920, 0, 0, 0
41449, 2690, 0, 0, 0
41550, 3070, 0, 0, 0
41650, 2050, 0, 0, 0
41749, 2898, 0, 0, 0
41849, 2850, 0, 0, 0
41949, 1520, 0, 0, 0
42049, 1890, 0, 0, 0
42149, 2610, 0, 0, 0
42249, 1740, 0, 0, 0
42349, 2370, 0, 0, 0
42449, 2800, 0, 0, 0
42550, 2520, 0, 0, 0
42650, 1930, 0, 0, 0
42749, 1151, 0, 0, 0
42849, 2050, 0, 0, 0
42949, 2520, 0, 0, 0
43049, 2760, 0, 0, 0
43149, 3180, 0, 0, 0
43249, 2540, 0, 0, 0
43349, 2530, 0, 0, 0
43449, 3130, 0, 0, 0
43549, 3280, 0, 0, 0
43650, 2550, 0, 0, 0
43750, 2540, 0, 0, 0
43850, 3040, 0, 0, 0
43950, 2190, 0, 0, 0
44050, 2150, 0, 0, 0
44150, 1080, 0, 0, 0
44249, 1858, 0, 0, 0
44349, 2700, 0, 0, 0
44449, 1690, 0, 0, 0
44549, 2350, 0, 0, 0
44649, 2100, 0, 0, 0
44749, 1900, 0, 0, 0
44849, 2600, 0, 0, 0
44950, 1770, 0, 0, 0
45050, 550, 0, 0, 0
45150, 2050, 0, 0, 0
45249, 2575, 0, 0, 0
45349, 2730, 0, 0, 0
45449, 2440, 0, 0, 0
45549, 1780, 0, 0, 0
45649, 2530, 0, 0, 0
45749, 2970, 0, 0, 0
45849, 2480, 0, 0, 0
45949, 2810, 0, 0, 0
46050, 2570, 0, 0, 0
46150, 1150, 0, 0, 0
46250, 2660, 0, 0, 0
46350, 1840, 0, 0, 0
46450, 2080, 0, 0, 0
46550, 2830, 0, 0, 0
46650, 3220, 0, 0, 0
46749, 2575, 0, 0, 0
46849, 3190, 0, 0, 0
46949, 2300, 0, 0, 0
47049, 1520, 0, 0, 0
47149, 2360, 0, 0, 0
47250, 2980, 0, 0, 0
47350, 2180, 0, 0, 0
47450, 1790, 0, 0, 0
47550, 1400, 0, 0, 0
47650, 2460, 0, 0, 0
47749, 1272, 0, 0, 0
47849, 2050, 0, 0, 0
47949, 3050, 0, 0, 0
48049, 2200, 0, 0, 0
48149, 1580, 0, 0, 0
48249, 2210, 0, 0, 0
48349, 2520, 0, 0, 0
48449, 1950, 0, 0, 0
48550, 2910, 0, 0, 0
48650, 3180, 0, 0, 0
48749, 2777, 0, 0, 0
48849, 1980, 0, 0, 0
48949, 2280, 0, 0, 0
49049, 2840, 0, 0, 0
49149, 2650, 0, 0, 0
49249, 2210, 0, 0, 0
49349, 2590, 0, 0, 0
49449, 2800, 0, 0, 0
49549, 2800, 0, 0, 0
49649, 2190, 0, 0, 0
49750, 1910, 0, 0, 0
49850, 2540, 0, 0, 0
49950, 2910, 0, 0, 0
50050, 1890, 0, 0, 0
50150, 2540, 0, 0, 0
50249, 2111, 0, 0, 0
50349, 1880, 0, 0, 0
50449, 2660, 0, 0, 0
50549, 1640, 0, 0, 0
50649, 1920, 0, 0, 0
50749, 1650, 0, 0, 0
50849, 2560, 0, 0, 0
50950, 2810, 0, 0, 0
51050, 2380, 0, 0, 0
51150, 2840, 0, 0, 0
51249, 2979, 0, 0, 0
51349, 2750, 0, 0, 0
51449, 2960, 0, 0, 0
51549, 1840, 0, 0, 0
51649, 3150, 0, 0, 0
51749, 2290, 0, 0, 0
51849, 1370, 0, 0, 0
51949, 2330, 0, 0, 0
52050, 1350, 0, 0, 0
52150, 3110, 0, 0, 0
52249, 2505, 0, 0, 0
52349, 2280, 0, 0, 0
52449, 2180, 0, 0, 0
52549, 900, 0, 0, 0
52649, 2160, 0, 0, 0
52749, 1950, 0, 0, 0
52849, 2660, 0, 0, 0
52949, 2820, 0, 0, 0
53049, 2780, 0, 0, 0
53149, 2930, 0, 0, 0
53249, 940, 0, 0, 0
53349, 1080, 0, 0, 0
53449, 1830, 0, 0, 0
53550, 1990, 0, 0, 0
53650, 1970, 0, 0, 0
53749, 2030, 0, 0, 0
53849, 2260, 0, 0, 0
53949, 2320, 0, 0, 0
54049, 1600, 0, 0, 0
54149, 890, 0, 0, 0
54249, 2380, 0, 0, 0
54349, 2800, 0, 0, 0
54449, 2050, 0, 0, 0
54549, 1140, 0, 0, 0
54649, 2810, 0, 0, 0
54750, 3050, 0, 0, 0
54850, 2450, 0, 0, 0
54950, 2670, 0, 0, 0
55050, 2750, 0, 0, 0
55150, 2940, 0, 0, 0
55249, 2232, 0, 0, 0
55349, 1900, 0, 0, 0
55449, 3140, 0, 0, 0
55549, 1670, 0, 0, 0
55649, 2470, 0, 0, 0
55749, 3040, 0, 0, 0
55849, 2230, 0, 0, 0
55950, 2710, 0, 0, 0
56050, 2910, 0, 0, 0
56150, 2760, 0, 0, 0
56249, 1141, 0, 0, 0
56349, 2160, 0, 0, 0
56449, 3060, 0, 0, 0
56549, 2940, 0, 0, 0
56649, 2560, 0, 0, 0
56749, 2500, 0, 0, 0
56849, 2010, 0, 0, 0
56949, 2490, 0, 0, 0
57050, 1920, 0, 0, 0
57150, 1320, 0, 0, 0
57250, 1550, 0, 0, 0
57350, 2360, 0, 0, 0
57450, 2320, 0, 0, 0
57550, 1790, 0, 0, 0
57650, 2420, 0, 0, 0
57749, 3010, 0, 0, 0
57849, 2230, 0, 0, 0
57949, 2450, 0, 0, 0
58049, 510, 0, 0, 0
58149, 1580, 0, 0, 0
58250, 2800, 0, 0, 0
58350, 2030, 0, 0, 0
58450, 1260, 0, 0, 0
58550, 2550, 0, 0, 0
58650, 3160, 0, 0, 0
58749, 2979, 0, 0, 0
58849, 710, 0, 0, 0
58949, 2190, 0, 0, 0
59049, 2930, 0, 0, 0
59149, 3160, 0, 0, 0
59249, 2240, 0, 0, 0
59349, 2330, 0, 0, 0
59449, 710, 0, 0, 0
59549, 2270, 0, 0, 0
59650, 2460, 0, 0, 0
59750, 2520, 0, 0, 0
59850, 2730, 0, 0, 0
59950, 2990, 0, 0, 0
60050, 2100, 0, 0, 0
60150, 2790, 0, 0, 0
60249, 1242, 0, 0, 0
60349, 1540, 0, 0, 0
60449, 2000, 0, 0, 0
60549, 1780, 0, 0, 0
60649, 1650, 0, 0, 0
60749, 720, 0, 0, 0
60850, 1660, 0, 0, 0
60950, 2070, 0, 0, 0
61050, 2400, 0, 0, 0
61150, 1310, 0, 0, 0
61249, 2595, 0, 0, 0
61349, 2140, 0, 0, 0
61449, 2660, 0, 0, 0
61549, 2210, 0, 0, 0
61649, 2260, 0, 0, 0
61749, 2390, 0, 0, 0
61849, 3400, 0, 0, 0
61949, 2470, 0, 0, 0
62049, 2920, 0, 0, 0
62150, 2330, 0, 0, 0
62250, 2340, 0, 0, 0
62350, 2260, 0, 0, 0
62450, 2410, 0, 0, 0
62550, 2770, 0, 0, 0
62650, 2630, 0, 0, 0
62749, 1282, 0, 0, 0
62849, 3080, 0, 0, 0
62949, 1840, 0, 0, 0
63049, 2000, 0, 0, 0
63149, 1980, 0, 0, 0
63250, 2850, 0, 0, 0
63350, 1910, 0, 0, 0
63450, 2020, 0, 0, 0
63550, 1460, 0, 0, 0
63650, 1960, 0, 0, 0
63749, 2161, 0, 0, 0
63849, 2940, 0, 0, 0
63949, 2360, 0, 0, 0
64049, 2390, 0, 0, 0
64149, 2290, 0, 0, 0
64249, 2580, 0, 0, 0
64349, 2330, 0, 0, 0
64449, 1670, 0, 0, 0
64550, 2160, 0, 0, 0
64650, 3260, 0, 0, 0
64749, 2606, 0, 0, 0
64849, 3150, 0, 0, 0
64949, 2350, 0, 0, 0
65049, 3100, 0, 0, 0
65149, 2500, 0, 0, 0
65249, 1520, 0, 0, 0
65349, 3170, 0, 0, 0
65449, 1640, 0, 0, 0
65549, 1730, 0, 0, 0
65649, 3290, 0, 0, 0
65750, 2550, 0, 0, 0
65850, 2680, 0, 0, 0
65950, 2670, 0, 0, 0
66050, 1970, 0, 0, 0
66150, 2560, 0, 0, 0
66249, 1040, 0, 0, 0
66349, 2510, 0, 0, 0
66449, 3130, 0, 0, 0
66549, 2470, 0, 0, 0
66649, 1680, 0, 0, 0
66749, 2330, 0, 0, 0
66849, 2940, 0, 0, 0
66949, 2740, 0, 0, 0
67050, 1550, 0, 0, 0
67150, 2710, 0, 0, 0
67249, 1888, 0, 0, 0
67349, 2660, 0, 0, 0
67449, 1500, 0, 0, 0
67549, 1950, 0, 0, 0
67649, 2340, 0, 0, 0
67749, 2800, 0, 0, 0
67849, 3130, 0, 0, 0
67949, 2760, 0, 0, 0
68049, 2440, 0, 0, 0
68149, 2910, 0, 0, 0
68250, 2660, 0, 0, 0
68350, 1720, 0, 0, 0
68450, 2230, 0, 0, 0
68550, 2180, 0, 0, 0
68650, 2430, 0, 0, 0
68749, 2848, 0, 0, 0
68849, 2870, 0, 0, 0
68949, 2810, 0, 0, 0
69049, 2490, 0, 0, 0
69149, 2800, 0, 0, 0
69249, 2860, 0, 0, 0
69349, 3110, 0, 0, 0
69449, 2920, 0, 0, 0
69550, 2450, 0, 0, 0
69650, 1950, 0, 0, 0
69749, 3242, 0, 0, 0
69849, 2660, 0, 0, 0
69949, 2690, 0, 0, 0
70049, 2760, 0, 0, 0
70149, 2540, 0, 0, 0
70249, 2320, 0, 0, 0
70349, 3250, 0, 0, 0
70449, 2490, 0, 0, 0
70549, 2200, 0, 0, 0
70649, 2180, 0, 0, 0
70750, 1660, 0, 0, 0
70850, 2450, 0, 0, 0
70950, 1720, 0, 0, 0
71050, 1400, 0, 0, 0
71150, 1440, 0, 0, 0
71249, 2474, 0, 0, 0
71349, 2600, 0, 0, 0
71449, 2400, 0, 0, 0
71549, 1560, 0, 0, 0
71649, 2970, 0, 0, 0
71749, 3390, 0, 0, 0
71849, 2400, 0, 0, 0
71949, 2390, 0, 0, 0
72050, 2360, 0, 0, 0
72150, 2580, 0, 0, 0
72249, 2555, 0, 0, 0
72349, 3000, 0, 0, 0
72449, 2560, 0, 0, 0
72549, 1990, 0, 0, 0
72649, 2780, 0, 0, 0
72749, 2840, 0, 0, 0
72849, 2270, 0, 0, 0
72949, 2160, 0, 0, 0
73049, 2310, 0, 0, 0
73149, 2350, 0, 0, 0
73250, 1840, 0, 0, 0
73350, 1610, 0, 0, 0
73450, 2680, 0, 0, 0
73550, 1710, 0, 0, 0
73650, 2240, 0, 0, 0
73749, 1989, 0, 0, 0
73849, 2560, 0, 0, 0
73949, 2550, 0, 0, 0
74049, 2580, 0, 0, 0
74149, 2840, 0, 0, 0
74249, 2290, 0, 0, 0
74349, 2480, 0, 0, 0
74449, 2800, 0, 0, 0
74550, 3100, 0, 0, 0
74650, 2120, 0, 0, 0
74749, 2434, 0, 0, 0
74849, 1480, 0, 0, 0
74949, 2840, 0, 0, 0
75049, 2190, 0, 0, 0
75149, 2090, 0, 0, 0
75249, 1830, 0, 0, 0
75349, 2080, 0, 0, 0
75449, 3040, 0, 0, 0
75549, 3060, 0, 0, 0
75649, 2890, 0, 0, 0
75750, 3110, 0, 0, 0
75850, 2760, 0, 0, 0
75950, 2900, 0, 0, 0
76050, 2830, 0, 0, 0
76150, 2690, 0, 0, 0
76249, 2313, 0, 0, 0
76349, 890, 0, 0, 0
76449, 980, 0, 0, 0
76549, 2490, 0, 0, 0
76649, 3310, 0, 0, 0
76749, 2540, 0, 0, 0
76849, 2000, 0, 0, 0
76949, 2740, 0, 0, 0
77050, 2330, 0, 0, 0
77150, 2450, 0, 0, 0
77249, 2303, 0, 0, 0
77349, 3080, 0, 0, 0
77449, 2510, 0, 0, 0
77549, 2410, 0, 0, 0
77649, 2340, 0, 0, 0
77749, 1960, 0, 0, 0
77849, 2410, 0, 0, 0
77949, 1830, 0, 0, 0
78049, 1930, 0, 0, 0
78150, 3160, 0, 0, 0
78250, 3270, 0, 0, 0
78350, 2720, 0, 0, 0
78450, 2780, 0, 0, 0
78550, 3170, 0, 0, 0
78650, 2250, 0, 0, 0
78749, 2757, 0, 0, 0
78849, 2280, 0, 0, 0
78949, 3070, 0, 0, 0
79049, 1540, 0, 0, 0
79149, 2530, 0, 0, 0
79249, 1510, 0, 0, 0
79350, 1900, 0, 0, 0
79450, 2580, 0, 0, 0
79550, 2310, 0, 0, 0
79650, 2110, 0, 0, 0
79749, 2101, 0, 0, 0
79849, 2230, 0, 0, 0
79949, 1900, 0, 0, 0
80049, 2360, 0, 0, 0
80149, 2820, 0, 0, 0
80249, 2540, 0, 0, 0
80349, 1550, 0, 0, 0
80449, 2440, 0, 0, 0
80549, 2280, 0, 0, 0
80650, 2240, 0, 0, 0
80750, 2150, 0, 0, 0
80850, 2310, 0, 0, 0
80950, 2810, 0, 0, 0
81050, 1850, 0, 0, 0
81150, 2680, 0, 0, 0
81249, 2646, 0, 0, 0
81349, 2400, 0, 0, 0
81449, 2620, 0, 0, 0
81549, 950, 0, 0, 0
81649, 2440, 0, 0, 0
81749, 2630, 0, 0, 0
81849, 1490, 0, 0, 0
81950, 1990, 0, 0, 0
82050, 2700, 0, 0, 0
82150, 2250, 0, 0, 0
82249, 2404, 0, 0, 0
82349, 1870, 0, 0, 0
82449, 2880, 0, 0, 0
82549, 2100, 0, 0, 0
82649, 1990, 0, 0, 0
82749, 1780, 0, 0, 0
82849, 1490, 0, 0, 0
82949, 2570, 0, 0, 0
83049, 2130, 0, 0, 0
83149, 2680, 0, 0, 0
83250, 2370, 0, 0, 0
83350, 1770, 0, 0, 0
83450, 1480, 0, 0, 0
83550, 2430, 0, 0, 0
83650, 3080, 0, 0, 0
83749, 2696, 0, 0, 0
83849, 3260, 0, 0, 0
83949, 2470, 0, 0, 0
84049, 2820, 0, 0, 0
84149, 2870, 0, 0, 0
84249, 3030, 0, 0, 0
84349, 2480, 0, 0, 0
84449, 1970, 0, 0, 0
84550, 2740, 0, 0, 0
84650, 2420, 0, 0, 0
84749, 2494, 0, 0, 0
84849, 1240, 0, 0, 0
84949, 1300, 0, 0, 0
85049, 2300, 0, 0, 0
85149, 2690, 0, 0, 0
85249, 3030, 0, 0, 0
85349, 2890, 0, 0, 0
85449, 2470, 0, 0, 0
85549, 3030, 0, 0, 0
85649, 2990, 0, 0, 0
85749, 1920, 0, 0, 0
85850, 1820, 0, 0, 0
85950, 2810, 0, 0, 0
86050, 2320, 0, 0, 0
86150, 1640, 0, 0, 0
86249, 2939, 0, 0, 0
86349, 3000, 0, 0, 0
86449, 2430, 0, 0, 0
86549, 2030, 0, 0, 0
86649, 1780, 0, 0, 0
86749, 2740, 0, 0, 0
86849, 2870, 0, 0, 0
86949, 2930, 0, 0, 0
87050, 2860, 0, 0, 0
87150, 1550, 0, 0, 0
87249, 2626, 0, 0, 0
87349, 2930, 0, 0, 0
87449, 2650, 0, 0, 0
87549, 2110, 0, 0, 0
87649, 1450, 0, 0, 0
87749, 2150, 0, 0, 0
87849, 1460, 0, 0, 0
87949, 2860, 0, 0, 0
88049, 1760, 0, 0, 0
88149, 1640, 0, 0, 0
88249, 1370, 0, 0, 0
88350, 2930, 0, 0, 0
88450, 1970, 0, 0, 0
88550, 2590, 0, 0, 0
88650, 2900, 0, 0, 0
88749, 2616, 0, 0, 0
88849, 1810, 0, 0, 0
88949, 1690, 0, 0, 0
89049, 2570, 0, 0, 0
89149, 1970, 0, 0, 0
89249, 2460, 0, 0, 0
89349, 3150, 0, 0, 0
89449, 1630, 0, 0, 0
89549, 2040, 0, 0, 0
89649, 2980, 0, 0, 0
89750, 2220, 0, 0, 0
89850, 2650, 0, 0, 0
89950, 2980, 0, 0, 0
