111, 98622, 1, 0, 0
222, 67942, 1, 0, 0
334, 57469, 1, 0, 0
400, 48592, 1, 0, 0
508, 106396, 1, 0, 0
608, 42519, 1, 0, 0
716, 53038, 1, 0, 0
804, 38095, 1, 0, 0
904, 39245, 1, 0, 0
1012, 36243, 1, 0, 0
1100, 32585, 1, 0, 0
1203, 35031, 1, 0, 0
1304, 40442, 1, 0, 0
1406, 40303, 1, 0, 0
1508, 50198, 1, 0, 0
1609, 44887, 1, 0, 0
1700, 37627, 1, 0, 0
1802, 38690, 1, 0, 0
1904, 50376, 1, 0, 0
2005, 38319, 1, 0, 0
2107, 41683, 1, 0, 0
2208, 40361, 1, 0, 0
2309, 46287, 1, 0, 0
2400, 50049, 1, 0, 0
2501, 57008, 1, 0, 0
2604, 46291, 1, 0, 0
2705, 58894, 1, 0, 0
2806, 57068, 1, 0, 0
2908, 48024, 1, 0, 0
3008, 48478, 1, 0, 0
3125, 44977, 1, 0, 0
3227, 74401, 1, 0, 0
3326, 47894, 1, 0, 0
3430, 33510, 1, 0, 0
3530, 45498, 1, 0, 0
3628, 45686, 1, 0, 0
3714, 58970, 1, 0, 0
3801, 44877, 1, 0, 0
3914, 67379, 1, 0, 0
4000, 51750, 1, 0, 0
4102, 43016, 1, 0, 0
4204, 59061, 1, 0, 0
4307, 74142, 1, 0, 0
4410, 70310, 1, 0, 0
4513, 47968, 1, 0, 0
4615, 42198, 1, 0, 0
4702, 45595, 1, 0, 0
4805, 42369, 1, 0, 0
4906, 42418, 1, 0, 0
5009, 41696, 1, 0, 0
5122, 63166, 1, 0, 0
5213, 72041, 1, 0, 0
5305, 38322, 1, 0, 0
5409, 65317, 1, 0, 0
5518, 40277, 1, 0, 0
5602, 58720, 1, 0, 0
5703, 56484, 1, 0, 0
5807, 44370, 1, 0, 0
5908, 49298, 1, 0, 0
6010, 50238, 1, 0, 0
6109, 52180, 1, 0, 0
6209, 53687, 1, 0, 0
6311, 66759, 1, 0, 0
6410, 79348, 1, 0, 0
6512, 60452, 1, 0, 0
6629, 60344, 1, 0, 0
6733, 52158, 1, 0, 0
6845, 46755, 1, 0, 0
6955, 73495, 1, 0, 0
7007, 53865, 1, 0, 0
7115, 57982, 1, 0, 0
7225, 79216, 1, 0, 0
7308, 51405, 1, 0, 0
7409, 57102, 1, 0, 0
7511, 57125, 1, 0, 0
7614, 52141, 1, 0, 0
7715, 63066, 1, 0, 0
7800, 46794, 1, 0, 0
7903, 89230, 1, 0, 0
8004, 62613, 1, 0, 0
8105, 79550, 1, 0, 0
8208, 55732, 1, 0, 0
8309, 68948, 1, 0, 0
8411, 84754, 1, 0, 0
8513, 51284, 1, 0, 0
8614, 52883, 1, 0, 0
8716, 58458, 1, 0, 0
8801, 42870, 1, 0, 0
8904, 63946, 1, 0, 0
9006, 73338, 1, 0, 0
9107, 68523, 1, 0, 0
9208, 57302, 1, 0, 0
9309, 66536, 1, 0, 0
9410, 62093, 1, 0, 0
9513, 80780, 1, 0, 0
9615, 54425, 1, 0, 0
9702, 55156, 1, 0, 0
9804, 50127, 1, 0, 0
9906, 48327, 1, 0, 0
10007, 59192, 1, 0, 0
10104, 49605, 1, 0, 0
10243, 56063, 1, 0, 0
10345, 50154, 1, 0, 0
10448, 74514, 1, 0, 0
10505, 40986, 1, 0, 0
10607, 83016, 1, 0, 0
10700, 69214, 1, 0, 0
10802, 85760, 1, 0, 0
10900, 43083, 1, 0, 0
11005, 53386, 1, 0, 0
11110, 62178, 1, 0, 0
11219, 57624, 1, 0, 0
11300, 58621, 1, 0, 0
11400, 44237, 1, 0, 0
11501, 53765, 1, 0, 0
11602, 55076, 1, 0, 0
11703, 62911, 1, 0, 0
11806, 42510, 1, 0, 0
11907, 46227, 1, 0, 0
12008, 77148, 1, 0, 0
12109, 62927, 1, 0, 0
12211, 43850, 1, 0, 0
12313, 38461, 1, 0, 0
12401, 42461, 1, 0, 0
12503, 60151, 1, 0, 0
12604, 38859, 1, 0, 0
12704, 42840, 1, 0, 0
12803, 53103, 1, 0, 0
12904, 41246, 1, 0, 0
13005, 58752, 1, 0, 0
13107, 60757, 1, 0, 0
13207, 43350, 1, 0, 0
13307, 55476, 1, 0, 0
13407, 60153, 1, 0, 0
13506, 52139, 1, 0, 0
13606, 68540, 1, 0, 0
13705, 54126, 1, 0, 0
13813, 59233, 1, 0, 0
13921, 38878, 1, 0, 0
14029, 63754, 1, 0, 0
14140, 60081, 1, 0, 0
14246, 63278, 1, 0, 0
14302, 68875, 1, 0, 0
14403, 43119, 1, 0, 0
14504, 71015, 1, 0, 0
14605, 42304, 1, 0, 0
14707, 46723, 1, 0, 0
14809, 38709, 1, 0, 0
14911, 43008, 1, 0, 0
15013, 47894, 1, 0, 0
15116, 52235, 1, 0, 0
15218, 61798, 1, 0, 0
15303, 50201, 1, 0, 0
15404, 45264, 1, 0, 0
15505, 56785, 1, 0, 0
15607, 47359, 1, 0, 0
15710, 75141, 1, 0, 0
15812, 51013, 1, 0, 0
15913, 50283, 1, 0, 0
16014, 45321, 1, 0, 0
16100, 36055, 1, 0, 0
16201, 56576, 1, 0, 0
16301, 52902, 1, 0, 0
16403, 77187, 1, 0, 0
16508, 50722, 1, 0, 0
16609, 59303, 1, 0, 0
16710, 51059, 1, 0, 0
16801, 45305, 1, 0, 0
16903, 40031, 1, 0, 0
17007, 53058, 1, 0, 0
17102, 43269, 1, 0, 0
17207, 40221, 1, 0, 0
17310, 36865, 1, 0, 0
17412, 41037, 1, 0, 0
17515, 58295, 1, 0, 0
17620, 42767, 1, 0, 0
17734, 86783, 1, 0, 0
17855, 44369, 1, 0, 0
17902, 41410, 1, 0, 0
18007, 43570, 1, 0, 0
18114, 43403, 1, 0, 0
18206, 43869, 1, 0, 0
18311, 37169, 1, 0, 0
18402, 61263, 1, 0, 0
18510, 41033, 1, 0, 0
18601, 61706, 1, 0, 0
18707, 69613, 1, 0, 0
18814, 56616, 1, 0, 0
18905, 38981, 1, 0, 0
19010, 39525, 1, 0, 0
19101, 35439, 1, 0, 0
19209, 40592, 1, 0, 0
19300, 49186, 1, 0, 0
19403, 48719, 1, 0, 0
19512, 44627, 1, 0, 0
19600, 44969, 1, 0, 0
19700, 34901, 1, 0, 0
19802, 39844, 1, 0, 0
19910, 41573, 1, 0, 0
20009, 47015, 1, 0, 0
20116, 55523, 1, 0, 0
20205, 45799, 1, 0, 0
20303, 44639, 1, 0, 0
20407, 39273, 1, 0, 0
20532, 37217, 1, 0, 0
20640, 80387, 1, 0, 0
20744, 48033, 1, 0, 0
20849, 63357, 1, 0, 0
20905, 33304, 1, 0, 0
21022, 53876, 1, 0, 0
21138, 51169, 1, 0, 0
21216, 40264, 1, 0, 0
21305, 27010, 1, 0, 0
21405, 38593, 1, 0, 0
21512, 43971, 1, 0, 0
21601, 43068, 1, 0, 0
21701, 43976, 1, 0, 0
21808, 50781, 1, 0, 0
21909, 46751, 1, 0, 0
22017, 45061, 1, 0, 0
22106, 39307, 1, 0, 0
22206, 39845, 1, 0, 0
22314, 47025, 1, 0, 0
22403, 68882, 1, 0, 0
22502, 49253, 1, 0, 0
22610, 40628, 1, 0, 0
22709, 42216, 1, 0, 0
22816, 52548, 1, 0, 0
22905, 53341, 1, 0, 0
23004, 45218, 1, 0, 0
23112, 43521, 1, 0, 0
23200, 40926, 1, 0, 0
23300, 39037, 1, 0, 0
23412, 58224, 1, 0, 0
23523, 69057, 1, 0, 0
23607, 52525, 1, 0, 0
23745, 51095, 1, 0, 0
23845, 47035, 1, 0, 0
23945, 47966, 1, 0, 0
24046, 50778, 1, 0, 0
24101, 47901, 1, 0, 0
24220, 46317, 1, 0, 0
24340, 47553, 1, 0, 0
24411, 53856, 1, 0, 0
24502, 56211, 1, 0, 0
24606, 83374, 1, 0, 0
24715, 83539, 1, 0, 0
24806, 79782, 1, 0, 0
24910, 82100, 1, 0, 0
25001, 82362, 1, 0, 0
25110, 58300, 1, 0, 0
25203, 55112, 1, 0, 0
25307, 30267, 1, 0, 0
25416, 30336, 1, 0, 0
25506, 50768, 1, 0, 0
25614, 36809, 1, 0, 0
25706, 33397, 1, 0, 0
25811, 44870, 1, 0, 0
25902, 27366, 1, 0, 0
26009, 27396, 1, 0, 0
26113, 30568, 1, 0, 0
26204, 36984, 1, 0, 0
26312, 33410, 1, 0, 0
26403, 42407, 1, 0, 0
26507, 65815, 1, 0, 0
26616, 35595, 1, 0, 0
26707, 55813, 1, 0, 0
26813, 36638, 1, 0, 0
26935, 38293, 1, 0, 0
27040, 58014, 1, 0, 0
27144, 34537, 1, 0, 0
27201, 41946, 1, 0, 0
27305, 43219, 1, 0, 0
27409, 44114, 1, 0, 0
27539, 55305, 1, 0, 0
27609, 37221, 1, 0, 0
27702, 44466, 1, 0, 0
27803, 35822, 1, 0, 0
27905, 36788, 1, 0, 0
28004, 35932, 1, 0, 0
28106, 39746, 1, 0, 0
28208, 44345, 1, 0, 0
28300, 43020, 1, 0, 0
28401, 50755, 1, 0, 0
28505, 43706, 1, 0, 0
28606, 49447, 1, 0, 0
28708, 40368, 1, 0, 0
28809, 43783, 1, 0, 0
28911, 40755, 1, 0, 0
29003, 38502, 1, 0, 0
29104, 46566, 1, 0, 0
29206, 53324, 1, 0, 0
29307, 75315, 1, 0, 0
29408, 77459, 1, 0, 0
29508, 68636, 1, 0, 0
29609, 58462, 1, 0, 0
29700, 74801, 1, 0, 0
29807, 56480, 1, 0, 0
29907, 76252, 1, 0, 0
30008, 58394, 1, 0, 0
30100, 93117, 1, 0, 0
30201, 55448, 1, 0, 0
30302, 51864, 1, 0, 0
30417, 76515, 1, 0, 0
30512, 64683, 1, 0, 0
30624, 50080, 1, 0, 0
30732, 53485, 1, 0, 0
30837, 45501, 1, 0, 0
30945, 34821, 1, 0, 0
31000, 46118, 1, 0, 0
31108, 44050, 1, 0, 0
31201, 63540, 1, 0, 0
31302, 48113, 1, 0, 0
31404, 40641, 1, 0, 0
31505, 39282, 1, 0, 0
31606, 57072, 1, 0, 0
31708, 45374, 1, 0, 0
31809, 41225, 1, 0, 0
31900, 38019, 1, 0, 0
32004, 43871, 1, 0, 0
32105, 54197, 1, 0, 0
32206, 56296, 1, 0, 0
32308, 50290, 1, 0, 0
32400, 44981, 1, 0, 0
32502, 41804, 1, 0, 0
32605, 33531, 1, 0, 0
32706, 48573, 1, 0, 0
32807, 49587, 1, 0, 0
32908, 44956, 1, 0, 0
33009, 47207, 1, 0, 0
33100, 46246, 1, 0, 0
33201, 46132, 1, 0, 0
33303, 63399, 1, 0, 0
33403, 39288, 1, 0, 0
33505, 35387, 1, 0, 0
33606, 40024, 1, 0, 0
33707, 57715, 1, 0, 0
33808, 50313, 1, 0, 0
33909, 46322, 1, 0, 0
34017, 34955, 1, 0, 0
34122, 37127, 1, 0, 0
34227, 36736, 1, 0, 0
34331, 34842, 1, 0, 0
34434, 35569, 1, 0, 0
34540, 39263, 1, 0, 0
34602, 41305, 1, 0, 0
34710, 44256, 1, 0, 0
34818, 53710, 1, 0, 0
34907, 31589, 1, 0, 0
35007, 35893, 1, 0, 0
35114, 64748, 1, 0, 0
35203, 74745, 1, 0, 0
35303, 64205, 1, 0, 0
35411, 46417, 1, 0, 0
35514, 41845, 1, 0, 0
35617, 47824, 1, 0, 0
35701, 58283, 1, 0, 0
35804, 50986, 1, 0, 0
35907, 38591, 1, 0, 0
36010, 47337, 1, 0, 0
36114, 42489, 1, 0, 0
36217, 46529, 1, 0, 0
36301, 44558, 1, 0, 0
36403, 33754, 1, 0, 0
36507, 45895, 1, 0, 0
36600, 40957, 1, 0, 0
36701, 37793, 1, 0, 0
36804, 39838, 1, 0, 0
36907, 36072, 1, 0, 0
37010, 38284, 1, 0, 0
37113, 43019, 1, 0, 0
37215, 37635, 1, 0, 0
37300, 39484, 1, 0, 0
37445, 47470, 1, 0, 0
37546, 42571, 1, 0, 0
37648, 50400, 1, 0, 0
37750, 46190, 1, 0, 0
37849, 42857, 1, 0, 0
37929, 42749, 1, 0, 0
38001, 46293, 1, 0, 0
38103, 44022, 1, 0, 0
38206, 48747, 1, 0, 0
38310, 47156, 1, 0, 0
38413, 40381, 1, 0, 0
38514, 31548, 1, 0, 0
38600, 46110, 1, 0, 0
38703, 50097, 1, 0, 0
38806, 46693, 1, 0, 0
38910, 49674, 1, 0, 0
39015, 40697, 1, 0, 0
39105, 39391, 1, 0, 0
39206, 37383, 1, 0, 0
39309, 50693, 1, 0, 0
39412, 73779, 1, 0, 0
39514, 53828, 1, 0, 0
39601, 35515, 1, 0, 0
39703, 44199, 1, 0, 0
39805, 55790, 1, 0, 0
39905, 55417, 1, 0, 0
40007, 92505, 1, 0, 0
40110, 53818, 1, 0, 0
40212, 48930, 1, 0, 0
40314, 39771, 1, 0, 0
40401, 36030, 1, 0, 0
40503, 45905, 1, 0, 0
40604, 47922, 1, 0, 0
40705, 43393, 1, 0, 0
40801, 43149, 1, 0, 0
40904, 42505, 1, 0, 0
41009, 48728, 1, 0, 0
41120, 43405, 1, 0, 0
41227, 38367, 1, 0, 0
41336, 40229, 1, 0, 0
41446, 38879, 1, 0, 0
41512, 33303, 1, 0, 0
41614, 37700, 1, 0, 0
41707, 52153, 1, 0, 0
41820, 65084, 1, 0, 0
41910, 49447, 1, 0, 0
42013, 63735, 1, 0, 0
42114, 61597, 1, 0, 0
42201, 39496, 1, 0, 0
42303, 43775, 1, 0, 0
42408, 43351, 1, 0, 0
42510, 31697, 1, 0, 0
42612, 39087, 1, 0, 0
42715, 39114, 1, 0, 0
42801, 39011, 1, 0, 0
42903, 40620, 1, 0, 0
43007, 53918, 1, 0, 0
43110, 62176, 1, 0, 0
43211, 45591, 1, 0, 0
43314, 33841, 1, 0, 0
43417, 61264, 1, 0, 0
43502, 43394, 1, 0, 0
43605, 43179, 1, 0, 0
43708, 45163, 1, 0, 0
43811, 40892, 1, 0, 0
43912, 45220, 1, 0, 0
44016, 41583, 1, 0, 0
44101, 35708, 1, 0, 0
44203, 34740, 1, 0, 0
44319, 44545, 1, 0, 0
44419, 52023, 1, 0, 0
44500, 44189, 1, 0, 0
44612, 37973, 1, 0, 0
44725, 98697, 1, 0, 0
44837, 59272, 1, 0, 0
44900, 37899, 1, 0, 0
45001, 49203, 1, 0, 0
45103, 50292, 1, 0, 0
45207, 44616, 1, 0, 0
45310, 35409, 1, 0, 0
45413, 42695, 1, 0, 0
45516, 41766, 1, 0, 0
45602, 43738, 1, 0, 0
45704, 40052, 1, 0, 0
45814, 33426, 1, 0, 0
45905, 32818, 1, 0, 0
46009, 39497, 1, 0, 0
46100, 35354, 1, 0, 0
46210, 48644, 1, 0, 0
46301, 37617, 1, 0, 0
46405, 34832, 1, 0, 0
46514, 37604, 1, 0, 0
46605, 41960, 1, 0, 0
46709, 38407, 1, 0, 0
46800, 44678, 1, 0, 0
46908, 35315, 1, 0, 0
47012, 48206, 1, 0, 0
47103, 43791, 1, 0, 0
47211, 37755, 1, 0, 0
47302, 35536, 1, 0, 0
47406, 40749, 1, 0, 0
47515, 34831, 1, 0, 0
47606, 34440, 1, 0, 0
47710, 37595, 1, 0, 0
47801, 43892, 1, 0, 0
47924, 51928, 1, 0, 0
48024, 62854, 1, 0, 0
48133, 39524, 1, 0, 0
48245, 67378, 1, 0, 0
48308, 35331, 1, 0, 0
48420, 57284, 1, 0, 0
48530, 52169, 1, 0, 0
48612, 39070, 1, 0, 0
48701, 41733, 1, 0, 0
48801, 47907, 1, 0, 0
48908, 46935, 1, 0, 0
49008, 49018, 1, 0, 0
49116, 46781, 1, 0, 0
49205, 41336, 1, 0, 0
49305, 51911, 1, 0, 0
49413, 45217, 1, 0, 0
49502, 40566, 1, 0, 0
49602, 33643, 1, 0, 0
49710, 35881, 1, 0, 0
49809, 46127, 1, 0, 0
49917, 43967, 1, 0, 0
50009, 44292, 1, 0, 0
50101, 45125, 1, 0, 0
50204, 37235, 1, 0, 0
50306, 35187, 1, 0, 0
50410, 35809, 1, 0, 0
50513, 62694, 1, 0, 0
50601, 87678, 1, 0, 0
50706, 72964, 1, 0, 0
50808, 69944, 1, 0, 0
50912, 56435, 1, 0, 0
51000, 73879, 1, 0, 0
51101, 66439, 1, 0, 0
51209, 70858, 1, 0, 0
51309, 70116, 1, 0, 0
51409, 60339, 1, 0, 0
51508, 49453, 1, 0, 0
51607, 36008, 1, 0, 0
51714, 36675, 1, 0, 0
51817, 48567, 1, 0, 0
51909, 47766, 1, 0, 0
52000, 41680, 1, 0, 0
52106, 36232, 1, 0, 0
52213, 75313, 1, 0, 0
52304, 66144, 1, 0, 0
52409, 52285, 1, 0, 0
52501, 48367, 1, 0, 0
52610, 38233, 1, 0, 0
52702, 45676, 1, 0, 0
52806, 34204, 1, 0, 0
52914, 33464, 1, 0, 0
53006, 38143, 1, 0, 0
53111, 36913, 1, 0, 0
53202, 43079, 1, 0, 0
53310, 39882, 1, 0, 0
53401, 39492, 1, 0, 0
53506, 41125, 1, 0, 0
53614, 40523, 1, 0, 0
53705, 58813, 1, 0, 0
53810, 37245, 1, 0, 0
53902, 40340, 1, 0, 0
54010, 49001, 1, 0, 0
54102, 45238, 1, 0, 0
54207, 45398, 1, 0, 0
54316, 42031, 1, 0, 0
54419, 58075, 1, 0, 0
54520, 50037, 1, 0, 0
54626, 39400, 1, 0, 0
54733, 42801, 1, 0, 0
54840, 69664, 1, 0, 0
54946, 49378, 1, 0, 0
55000, 91525, 1, 0, 0
55104, 50365, 1, 0, 0
55213, 48911, 1, 0, 0
55305, 39900, 1, 0, 0
55408, 36579, 1, 0, 0
55517, 35499, 1, 0, 0
55608, 37683, 1, 0, 0
55711, 43248, 1, 0, 0
55802, 40891, 1, 0, 0
55912, 39481, 1, 0, 0
56004, 43997, 1, 0, 0
56107, 47870, 1, 0, 0
56216, 38113, 1, 0, 0
56308, 45648, 1, 0, 0
56412, 40511, 1, 0, 0
56503, 38820, 1, 0, 0
56612, 41821, 1, 0, 0
56703, 57977, 1, 0, 0
56806, 47643, 1, 0, 0
56924, 32143, 1, 0, 0
57015, 42222, 1, 0, 0
57107, 46183, 1, 0, 0
57212, 43473, 1, 0, 0
57303, 42246, 1, 0, 0
57411, 39695, 1, 0, 0
57502, 48329, 1, 0, 0
57645, 46246, 1, 0, 0
57751, 50035, 1, 0, 0
57803, 71100, 1, 0, 0
57908, 49233, 1, 0, 0
58015, 58160, 1, 0, 0
58120, 53402, 1, 0, 0
58226, 53951, 1, 0, 0
58312, 47376, 1, 0, 0
58401, 57480, 1, 0, 0
58505, 43766, 1, 0, 0
58608, 39394, 1, 0, 0
58712, 38739, 1, 0, 0
58808, 39369, 1, 0, 0
58911, 42500, 1, 0, 0
59012, 62010, 1, 0, 0
59116, 56199, 1, 0, 0
59201, 52521, 1, 0, 0
59311, 46534, 1, 0, 0
59402, 38569, 1, 0, 0
59506, 38609, 1, 0, 0
59615, 44295, 1, 0, 0
59706, 57145, 1, 0, 0
59810, 46105, 1, 0, 0
59901, 49201, 1, 0, 0
60009, 50746, 1, 0, 0
60101, 51941, 1, 0, 0
60204, 39584, 1, 0, 0
60313, 41761, 1, 0, 0
60404, 48032, 1, 0, 0
60508, 41052, 1, 0, 0
60617, 44566, 1, 0, 0
60707, 37743, 1, 0, 0
60811, 45754, 1, 0, 0
60929, 42983, 1, 0, 0
61041, 52550, 1, 0, 0
61101, 48706, 1, 0, 0
61212, 42880, 1, 0, 0
61321, 43566, 1, 0, 0
61433, 38338, 1, 0, 0
61548, 40459, 1, 0, 0
61609, 43707, 1, 0, 0
61700, 35489, 1, 0, 0
61808, 34894, 1, 0, 0
61913, 43924, 1, 0, 0
62004, 37496, 1, 0, 0
62112, 44343, 1, 0, 0
62203, 44540, 1, 0, 0
62308, 37714, 1, 0, 0
62400, 40562, 1, 0, 0
62509, 44456, 1, 0, 0
62600, 42282, 1, 0, 0
62705, 54257, 1, 0, 0
62813, 39477, 1, 0, 0
62903, 41716, 1, 0, 0
63009, 47977, 1, 0, 0
63114, 35545, 1, 0, 0
63201, 29749, 1, 0, 0
63311, 34364, 1, 0, 0
63402, 43078, 1, 0, 0
63505, 45504, 1, 0, 0
63615, 38391, 1, 0, 0
63706, 36204, 1, 0, 0
63810, 37346, 1, 0, 0
63902, 55570, 1, 0, 0
64010, 71571, 1, 0, 0
64101, 56999, 1, 0, 0
64244, 76172, 1, 0, 0
64349, 57938, 1, 0, 0
64454, 41873, 1, 0, 0
64503, 49925, 1, 0, 0
64607, 42132, 1, 0, 0
64707, 42583, 1, 0, 0
64822, 54312, 1, 0, 0
64910, 45625, 1, 0, 0
65001, 42515, 1, 0, 0
65109, 36030, 1, 0, 0
65201, 38960, 1, 0, 0
65306, 60225, 1, 0, 0
65413, 33209, 1, 0, 0
65504, 41547, 1, 0, 0
65609, 61387, 1, 0, 0
65722, 61283, 1, 0, 0
65812, 49506, 1, 0, 0
65901, 40677, 1, 0, 0
66005, 37309, 1, 0, 0
66109, 34067, 1, 0, 0
66213, 42861, 1, 0, 0
66302, 48208, 1, 0, 0
66405, 40554, 1, 0, 0
66510, 53502, 1, 0, 0
66613, 45633, 1, 0, 0
66702, 51808, 1, 0, 0
66814, 49358, 1, 0, 0
66900, 39809, 1, 0, 0
67002, 46523, 1, 0, 0
67104, 52711, 1, 0, 0
67206, 44950, 1, 0, 0
67309, 44790, 1, 0, 0
67411, 43811, 1, 0, 0
67533, 42551, 1, 0, 0
67623, 39582, 1, 0, 0
67728, 44512, 1, 0, 0
67838, 36849, 1, 0, 0
67949, 44636, 1, 0, 0
68001, 65277, 1, 0, 0
68117, 42855, 1, 0, 0
68203, 44844, 1, 0, 0
68305, 38033, 1, 0, 0
68408, 40341, 1, 0, 0
68510, 45294, 1, 0, 0
68602, 59432, 1, 0, 0
68710, 72018, 1, 0, 0
68810, 48858, 1, 0, 0
68909, 45936, 1, 0, 0
69011, 73074, 1, 0, 0
69111, 75586, 1, 0, 0
69213, 58012, 1, 0, 0
69312, 55241, 1, 0, 0
69407, 55178, 1, 0, 0
69552, 64425, 1, 0, 0
69650, 116244, 1, 0, 0
69718, 50131, 1, 0, 0
69819, 56006, 1, 0, 0
69900, 57897, 1, 0, 0
70001, 83362, 1, 0, 0
70100, 52579, 1, 0, 0
70201, 67131, 1, 0, 0
70302, 81211, 1, 0, 0
70401, 65452, 1, 0, 0
70500, 47900, 1, 0, 0
70601, 71557, 1, 0, 0
70700, 57207, 1, 0, 0
70801, 45096, 1, 0, 0
70900, 53759, 1, 0, 0
71000, 62193, 1, 0, 0
71106, 47544, 1, 0, 0
71245, 53950, 1, 0, 0
71300, 38602, 1, 0, 0
71406, 37740, 1, 0, 0
71515, 73168, 1, 0, 0
71626, 61861, 1, 0, 0
71723, 88969, 1, 0, 0
71825, 92577, 1, 0, 0
71901, 70713, 1, 0, 0
72004, 78759, 1, 0, 0
72106, 52168, 1, 0, 0
72207, 40370, 1, 0, 0
72309, 37508, 1, 0, 0
72412, 41362, 1, 0, 0
72500, 41178, 1, 0, 0
72603, 37935, 1, 0, 0
72707, 35980, 1, 0, 0
72809, 35874, 1, 0, 0
72910, 53239, 1, 0, 0
73012, 51548, 1, 0, 0
73101, 32913, 1, 0, 0
73204, 62126, 1, 0, 0
73307, 83217, 1, 0, 0
73409, 64751, 1, 0, 0
73511, 61078, 1, 0, 0
73612, 36753, 1, 0, 0
73714, 34902, 1, 0, 0
73802, 66414, 1, 0, 0
73905, 58096, 1, 0, 0
74009, 40976, 1, 0, 0
74114, 40485, 1, 0, 0
74206, 43050, 1, 0, 0
74312, 46581, 1, 0, 0
74403, 47765, 1, 0, 0
74512, 36714, 1, 0, 0
74614, 36663, 1, 0, 0
74716, 85924, 1, 0, 0
74815, 64092, 1, 0, 0
74919, 50980, 1, 0, 0
75028, 43533, 1, 0, 0
75138, 38273, 1, 0, 0
75243, 52106, 1, 0, 0
75303, 38681, 1, 0, 0
75408, 44786, 1, 0, 0
75516, 53680, 1, 0, 0
75607, 54193, 1, 0, 0
75712, 47282, 1, 0, 0
75801, 47986, 1, 0, 0
75905, 47262, 1, 0, 0
76007, 37172, 1, 0, 0
76112, 40459, 1, 0, 0
76215, 38487, 1, 0, 0
76303, 43978, 1, 0, 0
76405, 49108, 1, 0, 0
76507, 48748, 1, 0, 0
76609, 60717, 1, 0, 0
76709, 38298, 1, 0, 0
76809, 41046, 1, 0, 0
76910, 47125, 1, 0, 0
77010, 61834, 1, 0, 0
77111, 71047, 1, 0, 0
77211, 77071, 1, 0, 0
77310, 60612, 1, 0, 0
77400, 49112, 1, 0, 0
77501, 50065, 1, 0, 0
77602, 52005, 1, 0, 0
77702, 66169, 1, 0, 0
77800, 81698, 1, 0, 0
77900, 49060, 1, 0, 0
78049, 67889, 1, 0, 0
78105, 93699, 1, 0, 0
78211, 75084, 1, 0, 0
78321, 73524, 1, 0, 0
78434, 57945, 1, 0, 0
78543, 55557, 1, 0, 0
78655, 90892, 1, 0, 0
78711, 58761, 1, 0, 0
78811, 46428, 1, 0, 0
78912, 68380, 1, 0, 0
79011, 72073, 1, 0, 0
79112, 63011, 1, 0, 0
79212, 63982, 1, 0, 0
79312, 41409, 1, 0, 0
79413, 51088, 1, 0, 0
79512, 50599, 1, 0, 0
79606, 51146, 1, 0, 0
79707, 53662, 1, 0, 0
79810, 50115, 1, 0, 0
79911, 55619, 1, 0, 0
80000, 35738, 1, 0, 0
80102, 56880, 1, 0, 0
80206, 60070, 1, 0, 0
80308, 45875, 1, 0, 0
80410, 46921, 1, 0, 0
80512, 37523, 1, 0, 0
80612, 43706, 1, 0, 0
80701, 66257, 1, 0, 0
80802, 54556, 1, 0, 0
80905, 45203, 1, 0, 0
81008, 47059, 1, 0, 0
81109, 39686, 1, 0, 0
81211, 38615, 1, 0, 0
81311, 41448, 1, 0, 0
81400, 39565, 1, 0, 0
81536, 39186, 1, 0, 0
81636, 42370, 1, 0, 0
81738, 34557, 1, 0, 0
81837, 43693, 1, 0, 0
81940, 33842, 1, 0, 0
82031, 37515, 1, 0, 0
82121, 36925, 1, 0, 0
82211, 38429, 1, 0, 0
82312, 39709, 1, 0, 0
82400, 56550, 1, 0, 0
82502, 45816, 1, 0, 0
82604, 49149, 1, 0, 0
82708, 37199, 1, 0, 0
82809, 42844, 1, 0, 0
82911, 37705, 1, 0, 0
83006, 44237, 1, 0, 0
83111, 34258, 1, 0, 0
83200, 38137, 1, 0, 0
83304, 53993, 1, 0, 0
83407, 42598, 1, 0, 0
83511, 57365, 1, 0, 0
83615, 40869, 1, 0, 0
83703, 60310, 1, 0, 0
83806, 32802, 1, 0, 0
83908, 42969, 1, 0, 0
84011, 45090, 1, 0, 0
84100, 36070, 1, 0, 0
84203, 45532, 1, 0, 0
84309, 41933, 1, 0, 0
84400, 36142, 1, 0, 0
84502, 44049, 1, 0, 0
84603, 41272, 1, 0, 0
84704, 41971, 1, 0, 0
84804, 36601, 1, 0, 0
84905, 44775, 1, 0, 0
85022, 80059, 1, 0, 0
85122, 71364, 1, 0, 0
85231, 63769, 1, 0, 0
85340, 37759, 1, 0, 0
85451, 69498, 1, 0, 0
85505, 34036, 1, 0, 0
85612, 33074, 1, 0, 0
85703, 35310, 1, 0, 0
85806, 40515, 1, 0, 0
85908, 45989, 1, 0, 0
86009, 55622, 1, 0, 0
86108, 40878, 1, 0, 0
86210, 38123, 1, 0, 0
86312, 43160, 1, 0, 0
86413, 34360, 1, 0, 0
86501, 51209, 1, 0, 0
86605, 35548, 1, 0, 0
86709, 34550, 1, 0, 0
86811, 42552, 1, 0, 0
86913, 46301, 1, 0, 0
87010, 44281, 1, 0, 0
87112, 43568, 1, 0, 0
87215, 47230, 1, 0, 0
87300, 49840, 1, 0, 0
87412, 38011, 1, 0, 0
87514, 51164, 1, 0, 0
87616, 40509, 1, 0, 0
87701, 39115, 1, 0, 0
87803, 49040, 1, 0, 0
87906, 40798, 1, 0, 0
88010, 41302, 1, 0, 0
88113, 36996, 1, 0, 0
88216, 43360, 1, 0, 0
88311, 41459, 1, 0, 0
88402, 48012, 1, 0, 0
88520, 39244, 1, 0, 0
88614, 49657, 1, 0, 0
88711, 34275, 1, 0, 0
88810, 57311, 1, 0, 0
88909, 54297, 1, 0, 0
89017, 48373, 1, 0, 0
89134, 55661, 1, 0, 0
89212, 55029, 1, 0, 0
89304, 45592, 1, 0, 0
89413, 35248, 1, 0, 0
89504, 37848, 1, 0, 0
89608, 37886, 1, 0, 0
89716, 51133, 1, 0, 0
89807, 35455, 1, 0, 0
89910, 38413, 1, 0, 0
90003, 31198, 1, 0, 0
