250, 4096, 1, 0, 0
350, 5120, 1, 0, 0
450, 12800, 1, 0, 0
550, 17920, 1, 0, 0
650, 15360, 1, 0, 0
749, 18101, 1, 0, 0
849, 17920, 1, 0, 0
949, 15360, 1, 0, 0
1050, 17920, 1, 0, 0
1150, 17920, 1, 0, 0
1249, 18101, 1, 0, 0
1349, 17920, 1, 0, 0
1449, 15360, 1, 0, 0
1549, 17920, 1, 0, 0
1649, 17920, 1, 0, 0
1749, 17920, 1, 0, 0
1849, 17920, 1, 0, 0
1949, 17920, 1, 0, 0
2050, 17920, 1, 0, 0
2150, 15360, 1, 0, 0
2249, 18101, 1, 0, 0
2349, 17920, 1, 0, 0
2449, 17920, 1, 0, 0
2549, 17920, 1, 0, 0
2649, 17920, 1, 0, 0
2749, 17920, 1, 0, 0
2849, 15360, 1, 0, 0
2949, 17920, 1, 0, 0
3050, 17920, 1, 0, 0
3150, 12800, 1, 0, 0
3249, 5171, 1, 0, 0
3349, 5120, 1, 0, 0
3449, 5120, 1, 0, 0
3549, 5120, 1, 0, 0
3649, 5120, 1, 0, 0
3750, 5120, 1, 0, 0
3850, 7680, 1, 0, 0
3950, 17920, 1, 0, 0
4050, 17920, 1, 0, 0
4150, 17920, 1, 0, 0
4249, 15515, 1, 0, 0
4349, 17920, 1, 0, 0
4449, 17920, 1, 0, 0
4549, 17920, 1, 0, 0
4649, 17920, 1, 0, 0
4750, 17920, 1, 0, 0
4850, 15360, 1, 0, 0
4950, 17920, 1, 0, 0
5050, 17920, 1, 0, 0
5150, 17920, 1, 0, 0
5249, 15515, 1, 0, 0
5349, 17920, 1, 0, 0
5449, 17920, 1, 0, 0
5549, 15360, 1, 0, 0
5649, 17920, 1, 0, 0
5750, 17920, 1, 0, 0
5850, 15360, 1, 0, 0
5950, 15360, 1, 0, 0
6050, 15360, 1, 0, 0
6150, 15360, 1, 0, 0
6249, 15515, 1, 0, 0
6349, 15360, 1, 0, 0
6449, 15360, 1, 0, 0
6549, 15360, 1, 0, 0
6649, 7680, 1, 0, 0
6749, 5171, 1, 0, 0
6849, 5120, 1, 0, 0
6949, 2560, 1, 0, 0
7049, 5120, 1, 0, 0
7149, 5120, 1, 0, 0
7249, 5120, 1, 0, 0
7349, 10240, 1, 0, 0
7449, 15360, 1, 0, 0
7550, 15360, 1, 0, 0
7650, 15360, 1, 0, 0
7749, 12929, 1, 0, 0
7849, 15360, 1, 0, 0
7949, 15360, 1, 0, 0
8049, 15360, 1, 0, 0
8149, 15360, 1, 0, 0
8249, 15360, 1, 0, 0
8350, 15360, 1, 0, 0
8450, 15360, 1, 0, 0
8550, 15360, 1, 0, 0
8650, 15360, 1, 0, 0
8749, 12929, 1, 0, 0
8849, 15360, 1, 0, 0
8949, 15360, 1, 0, 0
9049, 15360, 1, 0, 0
9150, 15360, 1, 0, 0
9249, 15515, 1, 0, 0
9349, 15360, 1, 0, 0
9449, 15360, 1, 0, 0
9549, 15360, 1, 0, 0
9649, 12800, 1, 0, 0
9749, 15360, 1, 0, 0
9849, 15360, 1, 0, 0
9949, 15360, 1, 0, 0
10050, 15360, 1, 0, 0
10150, 12800, 1, 0, 0
10249, 5171, 1, 0, 0
10349, 5120, 1, 0, 0
10449, 5120, 1, 0, 0
10549, 2560, 1, 0, 0
10650, 5120, 1, 0, 0
10749, 7757, 1, 0, 0
10849, 7680, 1, 0, 0
10949, 12800, 1, 0, 0
11049, 15360, 1, 0, 0
11150, 12800, 1, 0, 0
11249, 15515, 1, 0, 0
11349, 15360, 1, 0, 0
11449, 15360, 1, 0, 0
11549, 15360, 1, 0, 0
11649, 15360, 1, 0, 0
11749, 15360, 1, 0, 0
11850, 15360, 1, 0, 0
11950, 15360, 1, 0, 0
12050, 15360, 1, 0, 0
12150, 15360, 1, 0, 0
12249, 15515, 1, 0, 0
12349, 15360, 1, 0, 0
12449, 15360, 1, 0, 0
12549, 12800, 1, 0, 0
12649, 15360, 1, 0, 0
12750, 15360, 1, 0, 0
12850, 15360, 1, 0, 0
12950, 15360, 1, 0, 0
13050, 15360, 1, 0, 0
13150, 15360, 1, 0, 0
13249, 15515, 1, 0, 0
13349, 15360, 1, 0, 0
13450, 15360, 1, 0, 0
13550, 15360, 1, 0, 0
13650, 15360, 1, 0, 0
13749, 5171, 1, 0, 0
13849, 5120, 1, 0, 0
13949, 5120, 1, 0, 0
14050, 5120, 1, 0, 0
14150, 5120, 1, 0, 0
14249, 5171, 1, 0, 0
14349, 2560, 1, 0, 0
14449, 12800, 1, 0, 0
14549, 15360, 1, 0, 0
14649, 15360, 1, 0, 0
14750, 15360, 1, 0, 0
14850, 15360, 1, 0, 0
14950, 15360, 1, 0, 0
15050, 15360, 1, 0, 0
15150, 15360, 1, 0, 0
15249, 12929, 1, 0, 0
15349, 15360, 1, 0, 0
15449, 15360, 1, 0, 0
15550, 15360, 1, 0, 0
15650, 15360, 1, 0, 0
15749, 15515, 1, 0, 0
15849, 15360, 1, 0, 0
15949, 15360, 1, 0, 0
16049, 15360, 1, 0, 0
16149, 15360, 1, 0, 0
16249, 12800, 1, 0, 0
16349, 15360, 1, 0, 0
16449, 15360, 1, 0, 0
16550, 15360, 1, 0, 0
16650, 17920, 1, 0, 0
16749, 18101, 1, 0, 0
16849, 17920, 1, 0, 0
16949, 17920, 1, 0, 0
17049, 15360, 1, 0, 0
17149, 15360, 1, 0, 0
17250, 7680, 1, 0, 0
17350, 5120, 1, 0, 0
17450, 5120, 1, 0, 0
17550, 5120, 1, 0, 0
17650, 5120, 1, 0, 0
17749, 2585, 1, 0, 0
17849, 5120, 1, 0, 0
17949, 15360, 1, 0, 0
18050, 17920, 1, 0, 0
18150, 15360, 1, 0, 0
18249, 18101, 1, 0, 0
18349, 15360, 1, 0, 0
18449, 17920, 1, 0, 0
18549, 17920, 1, 0, 0
18649, 15360, 1, 0, 0
18749, 17920, 1, 0, 0
18849, 15360, 1, 0, 0
18949, 17920, 1, 0, 0
19050, 15360, 1, 0, 0
19150, 17920, 1, 0, 0
19249, 18101, 1, 0, 0
19349, 15360, 1, 0, 0
19449, 17920, 1, 0, 0
19549, 15360, 1, 0, 0
19649, 17920, 1, 0, 0
19749, 17920, 1, 0, 0
19849, 15360, 1, 0, 0
19950, 17920, 1, 0, 0
20050, 17920, 1, 0, 0
20150, 17920, 1, 0, 0
20249, 18101, 1, 0, 0
20349, 15360, 1, 0, 0
20449, 15360, 1, 0, 0
20549, 5120, 1, 0, 0
20649, 5120, 1, 0, 0
20750, 5120, 1, 0, 0
20850, 5120, 1, 0, 0
20950, 2560, 1, 0, 0
21050, 5120, 1, 0, 0
21150, 5120, 1, 0, 0
21249, 18101, 1, 0, 0
21349, 17920, 1, 0, 0
21449, 15360, 1, 0, 0
21549, 17920, 1, 0, 0
21650, 17920, 1, 0, 0
21749, 15515, 1, 0, 0
21849, 17920, 1, 0, 0
21949, 17920, 1, 0, 0
22049, 17920, 1, 0, 0
22149, 17920, 1, 0, 0
22249, 15360, 1, 0, 0
22349, 17920, 1, 0, 0
22449, 17920, 1, 0, 0
22549, 15360, 1, 0, 0
22649, 17920, 1, 0, 0
22750, 17920, 1, 0, 0
22850, 17920, 1, 0, 0
22950, 17920, 1, 0, 0
23050, 15360, 1, 0, 0
23150, 17920, 1, 0, 0
23249, 18101, 1, 0, 0
23349, 17920, 1, 0, 0
23449, 7680, 1, 0, 0
23549, 2560, 1, 0, 0
23650, 15360, 1, 0, 0
23749, 5171, 1, 0, 0
23849, 5120, 1, 0, 0
23949, 5120, 1, 0, 0
24049, 5120, 1, 0, 0
24149, 2560, 1, 0, 0
24249, 5120, 1, 0, 0
24349, 5120, 1, 0, 0
24449, 15360, 1, 0, 0
24550, 17920, 1, 0, 0
24650, 15360, 1, 0, 0
24749, 18101, 1, 0, 0
24849, 15360, 1, 0, 0
24949, 17920, 1, 0, 0
25049, 17920, 1, 0, 0
25149, 15360, 1, 0, 0
25249, 17920, 1, 0, 0
25349, 15360, 1, 0, 0
25449, 15360, 1, 0, 0
25550, 15360, 1, 0, 0
25650, 17920, 1, 0, 0
25749, 15515, 1, 0, 0
25849, 17920, 1, 0, 0
25949, 17920, 1, 0, 0
26049, 15360, 1, 0, 0
26149, 17920, 1, 0, 0
26249, 15360, 1, 0, 0
26349, 17920, 1, 0, 0
26449, 17920, 1, 0, 0
26550, 15360, 1, 0, 0
26650, 17920, 1, 0, 0
26749, 15515, 1, 0, 0
26849, 17920, 1, 0, 0
26949, 7680, 1, 0, 0
27049, 5120, 1, 0, 0
27149, 5120, 1, 0, 0
27249, 2560, 1, 0, 0
27350, 5120, 1, 0, 0
27450, 5120, 1, 0, 0
27550, 7680, 1, 0, 0
27650, 10240, 1, 0, 0
27749, 18101, 1, 0, 0
27849, 17920, 1, 0, 0
27949, 15360, 1, 0, 0
28049, 17920, 1, 0, 0
28149, 15360, 1, 0, 0
28250, 17920, 1, 0, 0
28350, 17920, 1, 0, 0
28450, 17920, 1, 0, 0
28550, 17920, 1, 0, 0
28650, 17920, 1, 0, 0
28749, 15515, 1, 0, 0
28849, 17920, 1, 0, 0
28949, 17920, 1, 0, 0
29049, 17920, 1, 0, 0
29149, 17920, 1, 0, 0
29249, 17920, 1, 0, 0
29350, 17920, 1, 0, 0
29450, 15360, 1, 0, 0
29550, 17920, 1, 0, 0
29650, 17920, 1, 0, 0
29749, 18101, 1, 0, 0
29849, 15360, 1, 0, 0
29949, 17920, 1, 0, 0
30049, 17920, 1, 0, 0
30149, 17920, 1, 0, 0
30249, 17920, 1, 0, 0
30349, 17920, 1, 0, 0
30450, 7680, 1, 0, 0
30550, 5120, 1, 0, 0
30650, 5120, 1, 0, 0
30749, 5171, 1, 0, 0
30849, 5120, 1, 0, 0
30949, 5120, 1, 0, 0
31049, 2560, 1, 0, 0
31149, 15360, 1, 0, 0
31250, 17920, 1, 0, 0
31350, 17920, 1, 0, 0
31450, 17920, 1, 0, 0
31550, 17920, 1, 0, 0
31650, 15360, 1, 0, 0
31749, 18101, 1, 0, 0
31849, 17920, 1, 0, 0
31949, 17920, 1, 0, 0
32049, 17920, 1, 0, 0
32149, 17920, 1, 0, 0
32250, 15360, 1, 0, 0
32350, 17920, 1, 0, 0
32450, 17920, 1, 0, 0
32550, 17920, 1, 0, 0
32650, 17920, 1, 0, 0
32749, 18101, 1, 0, 0
32849, 15360, 1, 0, 0
32949, 17920, 1, 0, 0
33049, 17920, 1, 0, 0
33149, 17920, 1, 0, 0
33250, 17920, 1, 0, 0
33350, 17920, 1, 0, 0
33450, 17920, 1, 0, 0
33550, 17920, 1, 0, 0
33650, 15360, 1, 0, 0
33749, 18101, 1, 0, 0
33849, 15360, 1, 0, 0
33949, 10240, 1, 0, 0
34050, 5120, 1, 0, 0
34150, 5120, 1, 0, 0
34249, 2585, 1, 0, 0
34349, 5120, 1, 0, 0
34449, 5120, 1, 0, 0
34550, 5120, 1, 0, 0
34650, 12800, 1, 0, 0
34749, 15515, 1, 0, 0
34849, 17920, 1, 0, 0
34949, 17920, 1, 0, 0
35049, 17920, 1, 0, 0
35149, 15360, 1, 0, 0
35249, 17920, 1, 0, 0
35349, 17920, 1, 0, 0
35449, 17920, 1, 0, 0
35549, 15360, 1, 0, 0
35650, 17920, 1, 0, 0
35749, 18101, 1, 0, 0
35849, 17920, 1, 0, 0
35949, 17920, 1, 0, 0
36049, 17920, 1, 0, 0
36149, 15360, 1, 0, 0
36249, 17920, 1, 0, 0
36349, 17920, 1, 0, 0
36449, 17920, 1, 0, 0
36550, 17920, 1, 0, 0
36650, 15360, 1, 0, 0
36749, 18101, 1, 0, 0
36849, 17920, 1, 0, 0
36949, 17920, 1, 0, 0
37049, 17920, 1, 0, 0
37149, 15360, 1, 0, 0
37249, 17920, 1, 0, 0
37349, 12800, 1, 0, 0
37449, 5120, 1, 0, 0
37549, 5120, 1, 0, 0
37649, 5120, 1, 0, 0
37750, 5120, 1, 0, 0
37850, 5120, 1, 0, 0
37950, 7680, 1, 0, 0
38050, 5120, 1, 0, 0
38150, 15360, 1, 0, 0
38249, 18101, 1, 0, 0
38349, 17920, 1, 0, 0
38449, 17920, 1, 0, 0
38549, 15360, 1, 0, 0
38649, 17920, 1, 0, 0
38750, 17920, 1, 0, 0
38850, 17920, 1, 0, 0
38950, 17920, 1, 0, 0
39050, 15360, 1, 0, 0
39150, 17920, 1, 0, 0
39249, 15515, 1, 0, 0
39349, 17920, 1, 0, 0
39449, 17920, 1, 0, 0
39549, 17920, 1, 0, 0
39649, 17920, 1, 0, 0
39750, 17920, 1, 0, 0
39850, 17920, 1, 0, 0
39950, 17920, 1, 0, 0
40050, 17920, 1, 0, 0
40150, 15360, 1, 0, 0
40249, 18101, 1, 0, 0
40349, 17920, 1, 0, 0
40449, 17920, 1, 0, 0
40549, 17920, 1, 0, 0
40649, 17920, 1, 0, 0
40750, 17920, 1, 0, 0
40850, 7680, 1, 0, 0
40950, 5120, 1, 0, 0
41050, 5120, 1, 0, 0
41150, 5120, 1, 0, 0
41249, 5171, 1, 0, 0
41349, 5120, 1, 0, 0
41450, 5120, 1, 0, 0
41550, 10240, 1, 0, 0
41650, 17920, 1, 0, 0
41749, 15515, 1, 0, 0
41849, 15360, 1, 0, 0
41949, 17920, 1, 0, 0
42049, 17920, 1, 0, 0
42149, 17920, 1, 0, 0
42249, 17920, 1, 0, 0
42349, 17920, 1, 0, 0
42450, 15360, 1, 0, 0
42550, 17920, 1, 0, 0
42650, 17920, 1, 0, 0
42749, 18101, 1, 0, 0
42849, 17920, 1, 0, 0
42949, 15360, 1, 0, 0
43049, 17920, 1, 0, 0
43149, 17920, 1, 0, 0
43249, 17920, 1, 0, 0
43349, 17920, 1, 0, 0
43449, 17920, 1, 0, 0
43550, 17920, 1, 0, 0
43650, 15360, 1, 0, 0
43749, 18101, 1, 0, 0
43849, 17920, 1, 0, 0
43949, 17920, 1, 0, 0
44049, 17920, 1, 0, 0
44149, 17920, 1, 0, 0
44250, 15360, 1, 0, 0
44350, 12800, 1, 0, 0
44450, 5120, 1, 0, 0
44550, 5120, 1, 0, 0
44650, 5120, 1, 0, 0
44749, 5171, 1, 0, 0
44849, 5120, 1, 0, 0
44949, 15360, 1, 0, 0
45049, 17920, 1, 0, 0
45150, 15360, 1, 0, 0
45250, 17920, 1, 0, 0
45350, 17920, 1, 0, 0
45450, 17920, 1, 0, 0
45550, 17920, 1, 0, 0
45650, 17920, 1, 0, 0
45749, 15515, 1, 0, 0
45849, 15360, 1, 0, 0
45949, 17920, 1, 0, 0
46049, 17920, 1, 0, 0
46150, 15360, 1, 0, 0
46249, 18101, 1, 0, 0
46349, 15360, 1, 0, 0
46449, 17920, 1, 0, 0
46549, 15360, 1, 0, 0
46649, 17920, 1, 0, 0
46749, 17920, 1, 0, 0
46849, 15360, 1, 0, 0
46949, 17920, 1, 0, 0
47049, 15360, 1, 0, 0
47149, 17920, 1, 0, 0
47250, 17920, 1, 0, 0
47350, 15360, 1, 0, 0
47450, 17920, 1, 0, 0
47550, 15360, 1, 0, 0
47650, 17920, 1, 0, 0
47749, 18101, 1, 0, 0
47849, 15360, 1, 0, 0
47949, 10240, 1, 0, 0
48049, 2560, 1, 0, 0
48150, 5120, 1, 0, 0
48249, 5171, 1, 0, 0
48349, 5120, 1, 0, 0
48449, 5120, 1, 0, 0
48549, 2560, 1, 0, 0
48649, 17920, 1, 0, 0
48749, 15360, 1, 0, 0
48850, 17920, 1, 0, 0
48950, 17920, 1, 0, 0
49050, 17920, 1, 0, 0
49150, 15360, 1, 0, 0
49249, 18101, 1, 0, 0
49349, 17920, 1, 0, 0
49449, 17920, 1, 0, 0
49549, 15360, 1, 0, 0
49649, 17920, 1, 0, 0
49750, 17920, 1, 0, 0
49850, 17920, 1, 0, 0
49950, 15360, 1, 0, 0
50050, 17920, 1, 0, 0
50150, 15360, 1, 0, 0
50249, 18101, 1, 0, 0
50349, 17920, 1, 0, 0
50449, 17920, 1, 0, 0
50549, 17920, 1, 0, 0
50649, 15360, 1, 0, 0
50749, 17920, 1, 0, 0
50850, 17920, 1, 0, 0
50950, 15360, 1, 0, 0
51050, 17920, 1, 0, 0
51150, 12800, 1, 0, 0
51249, 5171, 1, 0, 0
51349, 5120, 1, 0, 0
51449, 5120, 1, 0, 0
51549, 5120, 1, 0, 0
51650, 5120, 1, 0, 0
51749, 5171, 1, 0, 0
51849, 7680, 1, 0, 0
51949, 17920, 1, 0, 0
52049, 15360, 1, 0, 0
52149, 17920, 1, 0, 0
52249, 17920, 1, 0, 0
52349, 15360, 1, 0, 0
52449, 17920, 1, 0, 0
52550, 15360, 1, 0, 0
52650, 17920, 1, 0, 0
52749, 15515, 1, 0, 0
52849, 17920, 1, 0, 0
52949, 15360, 1, 0, 0
53049, 17920, 1, 0, 0
53149, 15360, 1, 0, 0
53249, 17920, 1, 0, 0
53349, 17920, 1, 0, 0
53449, 15360, 1, 0, 0
53550, 17920, 1, 0, 0
53650, 17920, 1, 0, 0
53749, 15515, 1, 0, 0
53849, 15360, 1, 0, 0
53949, 17920, 1, 0, 0
54049, 17920, 1, 0, 0
54149, 15360, 1, 0, 0
54249, 17920, 1, 0, 0
54349, 15360, 1, 0, 0
54449, 7680, 1, 0, 0
54550, 5120, 1, 0, 0
54650, 2560, 1, 0, 0
54749, 5171, 1, 0, 0
54849, 5120, 1, 0, 0
54949, 5120, 1, 0, 0
55049, 5120, 1, 0, 0
55149, 17920, 1, 0, 0
55249, 15360, 1, 0, 0
55349, 17920, 1, 0, 0
55449, 17920, 1, 0, 0
55550, 15360, 1, 0, 0
55650, 17920, 1, 0, 0
55749, 15515, 1, 0, 0
55849, 17920, 1, 0, 0
55949, 15360, 1, 0, 0
56049, 17920, 1, 0, 0
56149, 17920, 1, 0, 0
56250, 15360, 1, 0, 0
56350, 17920, 1, 0, 0
56450, 15360, 1, 0, 0
56550, 17920, 1, 0, 0
56650, 17920, 1, 0, 0
56749, 15515, 1, 0, 0
56849, 17920, 1, 0, 0
56949, 15360, 1, 0, 0
57049, 15360, 1, 0, 0
57149, 17920, 1, 0, 0
57249, 15360, 1, 0, 0
57349, 17920, 1, 0, 0
57450, 17920, 1, 0, 0
57550, 15360, 1, 0, 0
57650, 7680, 1, 0, 0
57749, 5171, 1, 0, 0
57849, 5120, 1, 0, 0
57949, 5120, 1, 0, 0
58049, 5120, 1, 0, 0
58149, 5120, 1, 0, 0
58249, 2560, 1, 0, 0
58349, 15360, 1, 0, 0
58450, 15360, 1, 0, 0
58550, 17920, 1, 0, 0
58650, 17920, 1, 0, 0
58749, 15515, 1, 0, 0
58849, 15360, 1, 0, 0
58949, 17920, 1, 0, 0
59049, 17920, 1, 0, 0
59149, 17920, 1, 0, 0
59250, 15360, 1, 0, 0
59350, 17920, 1, 0, 0
59450, 15360, 1, 0, 0
59550, 17920, 1, 0, 0
59650, 15360, 1, 0, 0
59749, 18101, 1, 0, 0
59849, 17920, 1, 0, 0
59949, 15360, 1, 0, 0
60049, 17920, 1, 0, 0
60149, 15360, 1, 0, 0
60250, 17920, 1, 0, 0
60350, 15360, 1, 0, 0
60450, 17920, 1, 0, 0
60550, 17920, 1, 0, 0
60650, 15360, 1, 0, 0
60749, 18101, 1, 0, 0
60849, 15360, 1, 0, 0
60949, 5120, 1, 0, 0
61049, 5120, 1, 0, 0
61150, 5120, 1, 0, 0
61250, 5120, 1, 0, 0
61350, 5120, 1, 0, 0
61450, 2560, 1, 0, 0
61550, 5120, 1, 0, 0
61650, 17920, 1, 0, 0
61749, 15515, 1, 0, 0
61849, 17920, 1, 0, 0
61949, 15360, 1, 0, 0
62050, 17920, 1, 0, 0
62150, 17920, 1, 0, 0
62249, 15515, 1, 0, 0
62349, 17920, 1, 0, 0
62449, 15360, 1, 0, 0
62549, 17920, 1, 0, 0
62649, 15360, 1, 0, 0
62749, 17920, 1, 0, 0
62849, 17920, 1, 0, 0
62949, 15360, 1, 0, 0
63050, 17920, 1, 0, 0
63150, 15360, 1, 0, 0
63249, 18101, 1, 0, 0
63349, 17920, 1, 0, 0
63449, 15360, 1, 0, 0
63549, 17920, 1, 0, 0
63649, 15360, 1, 0, 0
63749, 17920, 1, 0, 0
63849, 17920, 1, 0, 0
63949, 15360, 1, 0, 0
64050, 17920, 1, 0, 0
64150, 15360, 1, 0, 0
64249, 5171, 1, 0, 0
64349, 5120, 1, 0, 0
64449, 5120, 1, 0, 0
64549, 5120, 1, 0, 0
64649, 5120, 1, 0, 0
64749, 5120, 1, 0, 0
64850, 7680, 1, 0, 0
64950, 17920, 1, 0, 0
65050, 15360, 1, 0, 0
65150, 17920, 1, 0, 0
65249, 15515, 1, 0, 0
65349, 17920, 1, 0, 0
65449, 17920, 1, 0, 0
65549, 15360, 1, 0, 0
65649, 17920, 1, 0, 0
65749, 15360, 1, 0, 0
65849, 17920, 1, 0, 0
65949, 15360, 1, 0, 0
66050, 17920, 1, 0, 0
66150, 17920, 1, 0, 0
66249, 15515, 1, 0, 0
66349, 17920, 1, 0, 0
66449, 17920, 1, 0, 0
66549, 17920, 1, 0, 0
66649, 17920, 1, 0, 0
66749, 15360, 1, 0, 0
66849, 17920, 1, 0, 0
66949, 17920, 1, 0, 0
67050, 17920, 1, 0, 0
67150, 15360, 1, 0, 0
67249, 18101, 1, 0, 0
67349, 17920, 1, 0, 0
67449, 17920, 1, 0, 0
67549, 12800, 1, 0, 0
67649, 5120, 1, 0, 0
67750, 5120, 1, 0, 0
67850, 5120, 1, 0, 0
67950, 5120, 1, 0, 0
68050, 2560, 1, 0, 0
68150, 5120, 1, 0, 0
68249, 15515, 1, 0, 0
68349, 15360, 1, 0, 0
68449, 17920, 1, 0, 0
68549, 17920, 1, 0, 0
68650, 17920, 1, 0, 0
68750, 15360, 1, 0, 0
68850, 15360, 1, 0, 0
68950, 15360, 1, 0, 0
69050, 15360, 1, 0, 0
69150, 15360, 1, 0, 0
69249, 15515, 1, 0, 0
69349, 15360, 1, 0, 0
69449, 10240, 1, 0, 0
69650, 2560, 1, 0, 0
69750, 15360, 1, 0, 0
69850, 15360, 1, 0, 0
69950, 15360, 1, 0, 0
70050, 15360, 1, 0, 0
70150, 15360, 1, 0, 0
70249, 15515, 1, 0, 0
70350, 15360, 1, 0, 0
70450, 15360, 1, 0, 0
70550, 15360, 1, 0, 0
70650, 15360, 1, 0, 0
70749, 15515, 1, 0, 0
70849, 15360, 1, 0, 0
70949, 15360, 1, 0, 0
71050, 15360, 1, 0, 0
71150, 12800, 1, 0, 0
71249, 5171, 1, 0, 0
71349, 2560, 1, 0, 0
71449, 5120, 1, 0, 0
71549, 5120, 1, 0, 0
71649, 5120, 1, 0, 0
71750, 5120, 1, 0, 0
71850, 7680, 1, 0, 0
71950, 17920, 1, 0, 0
72050, 15360, 1, 0, 0
72150, 17920, 1, 0, 0
72249, 18101, 1, 0, 0
72349, 17920, 1, 0, 0
72449, 17920, 1, 0, 0
72549, 17920, 1, 0, 0
72649, 15360, 1, 0, 0
72749, 17920, 1, 0, 0
72850, 17920, 1, 0, 0
72950, 17920, 1, 0, 0
73050, 17920, 1, 0, 0
73150, 17920, 1, 0, 0
73249, 15515, 1, 0, 0
73349, 17920, 1, 0, 0
73449, 17920, 1, 0, 0
73549, 17920, 1, 0, 0
73649, 17920, 1, 0, 0
73749, 15360, 1, 0, 0
73849, 17920, 1, 0, 0
73950, 17920, 1, 0, 0
74050, 17920, 1, 0, 0
74150, 15360, 1, 0, 0
74249, 18101, 1, 0, 0
74349, 15360, 1, 0, 0
74449, 17920, 1, 0, 0
74549, 17920, 1, 0, 0
74649, 5120, 1, 0, 0
74749, 5120, 1, 0, 0
74849, 5120, 1, 0, 0
74950, 5120, 1, 0, 0
75050, 2560, 1, 0, 0
75150, 5120, 1, 0, 0
75249, 7757, 1, 0, 0
75349, 15360, 1, 0, 0
75449, 17920, 1, 0, 0
75549, 15360, 1, 0, 0
75649, 17920, 1, 0, 0
75749, 15360, 1, 0, 0
75849, 17920, 1, 0, 0
75950, 17920, 1, 0, 0
76050, 17920, 1, 0, 0
76150, 17920, 1, 0, 0
76249, 15515, 1, 0, 0
76349, 15360, 1, 0, 0
76449, 15360, 1, 0, 0
76549, 15360, 1, 0, 0
76649, 15360, 1, 0, 0
76749, 15360, 1, 0, 0
76849, 15360, 1, 0, 0
76949, 15360, 1, 0, 0
77050, 15360, 1, 0, 0
77150, 15360, 1, 0, 0
77249, 15515, 1, 0, 0
77349, 15360, 1, 0, 0
77449, 15360, 1, 0, 0
77549, 15360, 1, 0, 0
77649, 15360, 1, 0, 0
77749, 15360, 1, 0, 0
77849, 15360, 1, 0, 0
77949, 15360, 1, 0, 0
78050, 7680, 1, 0, 0
78150, 2560, 1, 0, 0
78249, 5171, 1, 0, 0
78349, 5120, 1, 0, 0
78449, 5120, 1, 0, 0
78549, 5120, 1, 0, 0
78649, 2560, 1, 0, 0
78749, 15360, 1, 0, 0
78849, 15360, 1, 0, 0
78950, 15360, 1, 0, 0
79050, 15360, 1, 0, 0
79150, 15360, 1, 0, 0
79249, 15515, 1, 0, 0
79349, 15360, 1, 0, 0
79449, 15360, 1, 0, 0
79549, 15360, 1, 0, 0
79649, 15360, 1, 0, 0
79749, 17920, 1, 0, 0
79849, 15360, 1, 0, 0
79949, 17920, 1, 0, 0
80049, 17920, 1, 0, 0
80149, 17920, 1, 0, 0
80250, 17920, 1, 0, 0
80350, 17920, 1, 0, 0
80450, 15360, 1, 0, 0
80550, 17920, 1, 0, 0
80650, 17920, 1, 0, 0
80749, 18101, 1, 0, 0
80849, 17920, 1, 0, 0
80949, 17920, 1, 0, 0
81049, 17920, 1, 0, 0
81150, 17920, 1, 0, 0
81250, 15360, 1, 0, 0
81350, 17920, 1, 0, 0
81450, 17920, 1, 0, 0
81550, 10240, 1, 0, 0
81650, 5120, 1, 0, 0
81749, 5171, 1, 0, 0
81849, 5120, 1, 0, 0
81949, 5120, 1, 0, 0
82050, 5120, 1, 0, 0
82150, 5120, 1, 0, 0
82249, 15515, 1, 0, 0
82349, 17920, 1, 0, 0
82449, 17920, 1, 0, 0
82549, 17920, 1, 0, 0
82649, 17920, 1, 0, 0
82749, 17920, 1, 0, 0
82849, 15360, 1, 0, 0
82950, 17920, 1, 0, 0
83050, 17920, 1, 0, 0
83150, 15360, 1, 0, 0
83249, 18101, 1, 0, 0
83349, 17920, 1, 0, 0
83449, 17920, 1, 0, 0
83549, 17920, 1, 0, 0
83649, 15360, 1, 0, 0
83749, 17920, 1, 0, 0
83850, 17920, 1, 0, 0
83950, 17920, 1, 0, 0
84050, 17920, 1, 0, 0
84150, 15360, 1, 0, 0
84249, 18101, 1, 0, 0
84349, 17920, 1, 0, 0
84449, 15360, 1, 0, 0
84549, 17920, 1, 0, 0
84649, 17920, 1, 0, 0
84750, 17920, 1, 0, 0
84850, 17920, 1, 0, 0
84950, 15360, 1, 0, 0
85050, 7680, 1, 0, 0
85150, 5120, 1, 0, 0
85249, 2585, 1, 0, 0
85349, 5120, 1, 0, 0
85449, 5120, 1, 0, 0
85549, 5120, 1, 0, 0
85649, 12800, 1, 0, 0
85750, 15360, 1, 0, 0
85850, 17920, 1, 0, 0
85950, 17920, 1, 0, 0
86050, 17920, 1, 0, 0
86150, 15360, 1, 0, 0
86249, 18101, 1, 0, 0
86349, 17920, 1, 0, 0
86449, 17920, 1, 0, 0
86549, 15360, 1, 0, 0
86649, 17920, 1, 0, 0
86750, 17920, 1, 0, 0
86850, 17920, 1, 0, 0
86950, 17920, 1, 0, 0
87050, 15360, 1, 0, 0
87150, 17920, 1, 0, 0
87249, 15515, 1, 0, 0
87349, 17920, 1, 0, 0
87449, 17920, 1, 0, 0
87549, 17920, 1, 0, 0
87650, 15360, 1, 0, 0
87750, 17920, 1, 0, 0
87850, 17920, 1, 0, 0
87950, 17920, 1, 0, 0
88050, 17920, 1, 0, 0
88150, 17920, 1, 0, 0
88249, 15515, 1, 0, 0
88349, 17920, 1, 0, 0
88449, 15360, 1, 0, 0
88550, 12800, 1, 0, 0
88650, 5120, 1, 0, 0
88749, 5171, 1, 0, 0
88849, 5120, 1, 0, 0
88949, 5120, 1, 0, 0
89049, 5120, 1, 0, 0
89150, 2560, 1, 0, 0
89250, 10240, 1, 0, 0
89350, 17920, 1, 0, 0
89450, 15360, 1, 0, 0
89550, 17920, 1, 0, 0
89650, 17920, 1, 0, 0
89749, 15515, 1, 0, 0
89849, 17920, 1, 0, 0
89949, 17920, 1, 0, 0
90049, 10240, 1, 0, 0
