111, 55567961, 1, 0, 0
222, 55686967, 1, 0, 0
334, 55575200, 1, 0, 0
414, 19967118, 1, 0, 0
503, 14816846, 1, 0, 0
607, 14765621, 1, 0, 0
710, 14781456, 1, 0, 0
813, 14632996, 1, 0, 0
902, 14805081, 1, 0, 0
1007, 14843138, 1, 0, 0
1110, 14668408, 1, 0, 0
1208, 16419279, 1, 0, 0
1309, 14389592, 1, 0, 0
1410, 14385811, 1, 0, 0
1511, 14366958, 1, 0, 0
1601, 14915460, 1, 0, 0
1704, 14660853, 1, 0, 0
1806, 14568914, 1, 0, 0
1908, 14483433, 1, 0, 0
2010, 14437798, 1, 0, 0
2111, 14487517, 1, 0, 0
2200, 14684063, 1, 0, 0
2302, 14508054, 1, 0, 0
2404, 14636406, 1, 0, 0
2506, 14456047, 1, 0, 0
2608, 14571914, 1, 0, 0
2709, 14393245, 1, 0, 0
2811, 14502883, 1, 0, 0
2911, 14277175, 1, 0, 0
3001, 14883858, 1, 0, 0
3147, 20760386, 1, 0, 0
3201, 54262897, 1, 0, 0
3300, 49519435, 1, 0, 0
3404, 51967772, 1, 0, 0
3504, 49864060, 1, 0, 0
3602, 48901533, 1, 0, 0
3731, 42930776, 1, 0, 0
3814, 41311499, 1, 0, 0
3903, 14779451, 1, 0, 0
4004, 14501901, 1, 0, 0
4106, 14455509, 1, 0, 0
4208, 14484696, 1, 0, 0
4309, 14479298, 1, 0, 0
4400, 15058578, 1, 0, 0
4502, 14575118, 1, 0, 0
4603, 14398987, 1, 0, 0
4707, 14760817, 1, 0, 0
4809, 14471005, 1, 0, 0
4910, 14430361, 1, 0, 0
5001, 15137493, 1, 0, 0
5104, 14575881, 1, 0, 0
5209, 14954673, 1, 0, 0
5300, 15185985, 1, 0, 0
5408, 15339748, 1, 0, 0
5505, 16228776, 1, 0, 0
5606, 14351075, 1, 0, 0
5707, 14358696, 1, 0, 0
5801, 15598557, 1, 0, 0
5902, 16822467, 1, 0, 0
6003, 16725299, 1, 0, 0
6103, 16636748, 1, 0, 0
6203, 16648968, 1, 0, 0
6305, 16894236, 1, 0, 0
6405, 16535014, 1, 0, 0
6506, 16876095, 1, 0, 0
6603, 24149748, 1, 0, 0
6707, 51998454, 1, 0, 0
6820, 56122542, 1, 0, 0
6929, 54809840, 1, 0, 0
7039, 54585009, 1, 0, 0
7147, 54107001, 1, 0, 0
7255, 53934690, 1, 0, 0
7300, 22357329, 1, 0, 0
7401, 16788362, 1, 0, 0
7503, 16912108, 1, 0, 0
7605, 17000800, 1, 0, 0
7707, 16917128, 1, 0, 0
7809, 16950347, 1, 0, 0
7911, 16979896, 1, 0, 0
8012, 16836237, 1, 0, 0
8114, 16827362, 1, 0, 0
8216, 16962178, 1, 0, 0
8300, 16800636, 1, 0, 0
8402, 16952087, 1, 0, 0
8504, 16790816, 1, 0, 0
8605, 16902123, 1, 0, 0
8707, 16923699, 1, 0, 0
8810, 17155488, 1, 0, 0
8912, 16876243, 1, 0, 0
9013, 16769953, 1, 0, 0
9114, 16839167, 1, 0, 0
9200, 17034820, 1, 0, 0
9301, 16733064, 1, 0, 0
9401, 16743478, 1, 0, 0
9504, 17086037, 1, 0, 0
9607, 17130190, 1, 0, 0
9710, 17073013, 1, 0, 0
9813, 17059121, 1, 0, 0
9914, 16927999, 1, 0, 0
10015, 16649282, 1, 0, 0
10114, 19811636, 1, 0, 0
10217, 51647734, 1, 0, 0
10319, 50946203, 1, 0, 0
10422, 51224279, 1, 0, 0
10527, 52547794, 1, 0, 0
10629, 50946803, 1, 0, 0
10709, 39966946, 1, 0, 0
10810, 33549706, 1, 0, 0
10910, 19851343, 1, 0, 0
11014, 17329731, 1, 0, 0
11126, 18628199, 1, 0, 0
11207, 16125503, 1, 0, 0
11307, 16617870, 1, 0, 0
11408, 16793319, 1, 0, 0
11508, 16692733, 1, 0, 0
11609, 16788788, 1, 0, 0
11711, 16937721, 1, 0, 0
11800, 17671988, 1, 0, 0
11901, 16832517, 1, 0, 0
12002, 16790248, 1, 0, 0
12104, 16904853, 1, 0, 0
12206, 16907833, 1, 0, 0
12307, 16870145, 1, 0, 0
12409, 16845839, 1, 0, 0
12511, 16982841, 1, 0, 0
12612, 16733179, 1, 0, 0
12711, 16511681, 1, 0, 0
12811, 16546703, 1, 0, 0
12912, 16799268, 1, 0, 0
13012, 16644788, 1, 0, 0
13115, 16940196, 1, 0, 0
13215, 16593756, 1, 0, 0
13314, 16510370, 1, 0, 0
13414, 16604920, 1, 0, 0
13513, 16487287, 1, 0, 0
13610, 16008724, 1, 0, 0
13734, 41456089, 1, 0, 0
13842, 54013501, 1, 0, 0
13950, 53905429, 1, 0, 0
14003, 52949201, 1, 0, 0
14114, 55337635, 1, 0, 0
14221, 53174319, 1, 0, 0
14332, 55770649, 1, 0, 0
14411, 19565468, 1, 0, 0
14512, 16802592, 1, 0, 0
14613, 16832599, 1, 0, 0
14715, 16931342, 1, 0, 0
14817, 16905974, 1, 0, 0
14900, 16639378, 1, 0, 0
15002, 16945991, 1, 0, 0
15105, 17093469, 1, 0, 0
15208, 17113776, 1, 0, 0
15310, 16975014, 1, 0, 0
15412, 16812434, 1, 0, 0
15513, 16915414, 1, 0, 0
15600, 17348464, 1, 0, 0
15703, 17084088, 1, 0, 0
15805, 16878758, 1, 0, 0
15906, 16722087, 1, 0, 0
16006, 16712567, 1, 0, 0
16108, 16890184, 1, 0, 0
16208, 16676865, 1, 0, 0
16310, 16799707, 1, 0, 0
16411, 16810462, 1, 0, 0
16506, 15875846, 1, 0, 0
16609, 14603594, 1, 0, 0
16710, 14305546, 1, 0, 0
16811, 14384227, 1, 0, 0
16913, 14566032, 1, 0, 0
17004, 15173374, 1, 0, 0
17101, 16048842, 1, 0, 0
17207, 26412969, 1, 0, 0
17310, 51392698, 1, 0, 0
17411, 50897765, 1, 0, 0
17514, 50995059, 1, 0, 0
17622, 54124188, 1, 0, 0
17740, 58931892, 1, 0, 0
17838, 48863765, 1, 0, 0
17912, 14731547, 1, 0, 0
18003, 15103047, 1, 0, 0
18112, 15535677, 1, 0, 0
18203, 15185598, 1, 0, 0
18307, 14775742, 1, 0, 0
18416, 15473541, 1, 0, 0
18507, 15150577, 1, 0, 0
18611, 14832813, 1, 0, 0
18703, 15327539, 1, 0, 0
18811, 15400600, 1, 0, 0
18902, 15156489, 1, 0, 0
19006, 14806649, 1, 0, 0
19115, 15452700, 1, 0, 0
19206, 15171056, 1, 0, 0
19310, 14808041, 1, 0, 0
19402, 15285484, 1, 0, 0
19508, 15027041, 1, 0, 0
19610, 14511090, 1, 0, 0
19700, 14960729, 1, 0, 0
19801, 14379388, 1, 0, 0
19905, 14799686, 1, 0, 0
20007, 14593468, 1, 0, 0
20111, 14714287, 1, 0, 0
20213, 14567684, 1, 0, 0
20301, 14567282, 1, 0, 0
20423, 17395539, 1, 0, 0
20531, 53919493, 1, 0, 0
20638, 53131328, 1, 0, 0
20743, 52643514, 1, 0, 0
20849, 52737779, 1, 0, 0
20912, 62639950, 1, 0, 0
21024, 56128353, 1, 0, 0
21122, 48855042, 1, 0, 0
21211, 14733743, 1, 0, 0
21300, 14782379, 1, 0, 0
21403, 14675437, 1, 0, 0
21507, 14824196, 1, 0, 0
21610, 14685184, 1, 0, 0
21714, 14816801, 1, 0, 0
21803, 14760216, 1, 0, 0
21908, 14986902, 1, 0, 0
22012, 14748766, 1, 0, 0
22101, 14821645, 1, 0, 0
22205, 14710526, 1, 0, 0
22309, 14840656, 1, 0, 0
22412, 14686171, 1, 0, 0
22501, 14723141, 1, 0, 0
22605, 14843550, 1, 0, 0
22707, 14605727, 1, 0, 0
22812, 14802932, 1, 0, 0
22900, 14614962, 1, 0, 0
23002, 14634264, 1, 0, 0
23107, 14929844, 1, 0, 0
23210, 14582874, 1, 0, 0
23314, 14823820, 1, 0, 0
23465, 37620676, 1, 0, 0
23531, 66336819, 1, 0, 0
23605, 14824359, 1, 0, 0
23745, 46387581, 1, 0, 0
23844, 49346936, 1, 0, 0
23943, 49752602, 1, 0, 0
24048, 52214146, 1, 0, 0
24103, 55119353, 1, 0, 0
24221, 58785659, 1, 0, 0
24323, 51062187, 1, 0, 0
24406, 16529665, 1, 0, 0
24514, 15345213, 1, 0, 0
24605, 15154391, 1, 0, 0
24710, 14966183, 1, 0, 0
24801, 15139329, 1, 0, 0
24909, 15367148, 1, 0, 0
25000, 15065851, 1, 0, 0
25106, 15107157, 1, 0, 0
25215, 15420375, 1, 0, 0
25306, 15101606, 1, 0, 0
25409, 14613896, 1, 0, 0
25502, 15591281, 1, 0, 0
25611, 15478270, 1, 0, 0
25703, 15247624, 1, 0, 0
25807, 14763397, 1, 0, 0
25915, 15452331, 1, 0, 0
26006, 15095804, 1, 0, 0
26109, 14659217, 1, 0, 0
26200, 15088077, 1, 0, 0
26309, 15489959, 1, 0, 0
26400, 15090570, 1, 0, 0
26503, 14757860, 1, 0, 0
26613, 15586628, 1, 0, 0
26705, 15224618, 1, 0, 0
26809, 14828387, 1, 0, 0
26937, 32174420, 1, 0, 0
27043, 52460794, 1, 0, 0
27151, 54239839, 1, 0, 0
27200, 48965497, 1, 0, 0
27304, 52128366, 1, 0, 0
27405, 49983729, 1, 0, 0
27535, 43350862, 1, 0, 0
27608, 24359427, 1, 0, 0
27700, 15313560, 1, 0, 0
27803, 14680862, 1, 0, 0
27905, 14562273, 1, 0, 0
28003, 16193915, 1, 0, 0
28106, 14646072, 1, 0, 0
28208, 14546483, 1, 0, 0
28309, 14432941, 1, 0, 0
28411, 14571049, 1, 0, 0
28501, 14907612, 1, 0, 0
28604, 14601477, 1, 0, 0
28706, 14605333, 1, 0, 0
28809, 14614918, 1, 0, 0
28911, 14525358, 1, 0, 0
29012, 14429691, 1, 0, 0
29114, 14506505, 1, 0, 0
29201, 14531634, 1, 0, 0
29304, 14571095, 1, 0, 0
29406, 14536427, 1, 0, 0
29508, 14441891, 1, 0, 0
29609, 14373039, 1, 0, 0
29709, 14316660, 1, 0, 0
29805, 15899710, 1, 0, 0
29907, 14456904, 1, 0, 0
30008, 14421824, 1, 0, 0
30110, 14400637, 1, 0, 0
30211, 14405833, 1, 0, 0
30313, 14577004, 1, 0, 0
30411, 24486813, 1, 0, 0
30517, 52897562, 1, 0, 0
30624, 53311271, 1, 0, 0
30730, 53315019, 1, 0, 0
30836, 52797259, 1, 0, 0
30946, 54733490, 1, 0, 0
31003, 57349534, 1, 0, 0
31108, 20839443, 1, 0, 0
31211, 14651400, 1, 0, 0
31312, 14448408, 1, 0, 0
31402, 14979883, 1, 0, 0
31505, 14606813, 1, 0, 0
31606, 14359664, 1, 0, 0
31707, 14403272, 1, 0, 0
31808, 14479116, 1, 0, 0
31911, 14557726, 1, 0, 0
32000, 14948701, 1, 0, 0
32104, 14724323, 1, 0, 0
32206, 14531781, 1, 0, 0
32308, 14560364, 1, 0, 0
32410, 14541985, 1, 0, 0
32512, 14481726, 1, 0, 0
32600, 14714100, 1, 0, 0
32702, 14508588, 1, 0, 0
32805, 14673087, 1, 0, 0
32907, 14505391, 1, 0, 0
33009, 14441433, 1, 0, 0
33109, 14341073, 1, 0, 0
33210, 14352152, 1, 0, 0
33313, 14629645, 1, 0, 0
33400, 14577389, 1, 0, 0
33504, 14717883, 1, 0, 0
33606, 14617656, 1, 0, 0
33707, 14318045, 1, 0, 0
33810, 14738922, 1, 0, 0
33914, 25846776, 1, 0, 0
34019, 52487502, 1, 0, 0
34124, 52275317, 1, 0, 0
34228, 52299408, 1, 0, 0
34333, 52412005, 1, 0, 0
34436, 51183144, 1, 0, 0
34539, 51551748, 1, 0, 0
34614, 18795496, 1, 0, 0
34709, 15693930, 1, 0, 0
34813, 14867016, 1, 0, 0
34902, 14798146, 1, 0, 0
35005, 14714882, 1, 0, 0
35110, 14837595, 1, 0, 0
35212, 14646513, 1, 0, 0
35301, 14718038, 1, 0, 0
35404, 14732185, 1, 0, 0
35506, 14490642, 1, 0, 0
35610, 14736612, 1, 0, 0
35713, 14652052, 1, 0, 0
35801, 14687677, 1, 0, 0
35903, 14549896, 1, 0, 0
36005, 14525353, 1, 0, 0
36107, 14517937, 1, 0, 0
36208, 14411619, 1, 0, 0
36300, 15178146, 1, 0, 0
36401, 14459179, 1, 0, 0
36503, 14509393, 1, 0, 0
36610, 15158285, 1, 0, 0
36701, 15207322, 1, 0, 0
36802, 14418186, 1, 0, 0
36904, 14552637, 1, 0, 0
37006, 14493926, 1, 0, 0
37106, 14296255, 1, 0, 0
37208, 14454575, 1, 0, 0
37342, 22263125, 1, 0, 0
37444, 51014052, 1, 0, 0
37547, 51342163, 1, 0, 0
37646, 49226681, 1, 0, 0
37748, 51244481, 1, 0, 0
37847, 49485681, 1, 0, 0
37920, 35966022, 1, 0, 0
38040, 40045933, 1, 0, 0
38114, 14624704, 1, 0, 0
38216, 14612270, 1, 0, 0
38303, 14327928, 1, 0, 0
38406, 14652902, 1, 0, 0
38509, 14766339, 1, 0, 0
38612, 14581565, 1, 0, 0
38715, 14695008, 1, 0, 0
38816, 14429453, 1, 0, 0
38902, 14227321, 1, 0, 0
39011, 15440534, 1, 0, 0
39117, 15113441, 1, 0, 0
39200, 13891477, 1, 0, 0
39303, 14704202, 1, 0, 0
39406, 14580542, 1, 0, 0
39509, 14693657, 1, 0, 0
39612, 14657978, 1, 0, 0
39714, 14517715, 1, 0, 0
39816, 14539449, 1, 0, 0
39918, 14434410, 1, 0, 0
40002, 14003669, 1, 0, 0
40103, 14427537, 1, 0, 0
40206, 14715925, 1, 0, 0
40309, 14679142, 1, 0, 0
40412, 14565274, 1, 0, 0
40515, 14633356, 1, 0, 0
40616, 14374373, 1, 0, 0
40701, 14049937, 1, 0, 0
40852, 25203209, 1, 0, 0
40904, 51414091, 1, 0, 0
41010, 53169168, 1, 0, 0
41121, 55405430, 1, 0, 0
41229, 54085600, 1, 0, 0
41339, 54547699, 1, 0, 0
41448, 54425798, 1, 0, 0
41506, 19200831, 1, 0, 0
41609, 14648315, 1, 0, 0
41720, 15873435, 1, 0, 0
41811, 17990891, 1, 0, 0
41914, 14687894, 1, 0, 0
42015, 14425868, 1, 0, 0
42117, 14586090, 1, 0, 0
42202, 14002244, 1, 0, 0
42305, 14612224, 1, 0, 0
42410, 14992552, 1, 0, 0
42513, 14684467, 1, 0, 0
42616, 14677412, 1, 0, 0
42700, 13932058, 1, 0, 0
42802, 14402818, 1, 0, 0
42906, 14808890, 1, 0, 0
43009, 14686173, 1, 0, 0
43112, 14712378, 1, 0, 0
43214, 14577357, 1, 0, 0
43317, 14637741, 1, 0, 0
43402, 13992163, 1, 0, 0
43503, 14389481, 1, 0, 0
43606, 14739322, 1, 0, 0
43710, 14748365, 1, 0, 0
43813, 14715021, 1, 0, 0
43916, 14600345, 1, 0, 0
44002, 14225866, 1, 0, 0
44104, 14454489, 1, 0, 0
44205, 14406616, 1, 0, 0
44341, 22644169, 1, 0, 0
44425, 41895728, 1, 0, 0
44533, 53740833, 1, 0, 0
44644, 55539380, 1, 0, 0
44755, 55763480, 1, 0, 0
44811, 55857196, 1, 0, 0
44905, 18608315, 1, 0, 0
45006, 14335195, 1, 0, 0
45108, 14536807, 1, 0, 0
45210, 14480027, 1, 0, 0
45301, 15089815, 1, 0, 0
45403, 14579126, 1, 0, 0
45504, 14432546, 1, 0, 0
45607, 14562527, 1, 0, 0
45710, 14752772, 1, 0, 0
45801, 15102404, 1, 0, 0
45910, 15484481, 1, 0, 0
46001, 15137853, 1, 0, 0
46106, 14867605, 1, 0, 0
46215, 15539368, 1, 0, 0
46306, 15186903, 1, 0, 0
46410, 14802887, 1, 0, 0
46501, 15173027, 1, 0, 0
46610, 15438365, 1, 0, 0
46701, 15146555, 1, 0, 0
46805, 14745182, 1, 0, 0
46913, 15428969, 1, 0, 0
47004, 15082727, 1, 0, 0
47107, 14740693, 1, 0, 0
47215, 15410278, 1, 0, 0
47306, 15149363, 1, 0, 0
47410, 14817276, 1, 0, 0
47502, 15192925, 1, 0, 0
47611, 15579292, 1, 0, 0
47702, 15069338, 1, 0, 0
47805, 14743352, 1, 0, 0
47949, 28791205, 1, 0, 0
48056, 53113338, 1, 0, 0
48107, 51568136, 1, 0, 0
48219, 55888371, 1, 0, 0
48334, 57378477, 1, 0, 0
48445, 55560020, 1, 0, 0
48504, 59137702, 1, 0, 0
48616, 18493396, 1, 0, 0
48704, 14718310, 1, 0, 0
48805, 14255234, 1, 0, 0
48912, 15333438, 1, 0, 0
49001, 14802571, 1, 0, 0
49101, 14200495, 1, 0, 0
49209, 15300186, 1, 0, 0
49308, 14190814, 1, 0, 0
49418, 15578021, 1, 0, 0
49506, 14665250, 1, 0, 0
49606, 14211353, 1, 0, 0
49713, 15256062, 1, 0, 0
49802, 14700822, 1, 0, 0
49902, 14254195, 1, 0, 0
50002, 16608540, 1, 0, 0
50104, 14570355, 1, 0, 0
50208, 14717831, 1, 0, 0
50310, 14579156, 1, 0, 0
50413, 14686933, 1, 0, 0
50502, 14754059, 1, 0, 0
50605, 14693158, 1, 0, 0
50709, 14800108, 1, 0, 0
50812, 14642707, 1, 0, 0
50900, 14658620, 1, 0, 0
51012, 15845495, 1, 0, 0
51134, 20321032, 1, 0, 0
51233, 49715118, 1, 0, 0
51333, 49680228, 1, 0, 0
51433, 49839726, 1, 0, 0
51533, 50115431, 1, 0, 0
51633, 50190234, 1, 0, 0
51740, 53383343, 1, 0, 0
51805, 32330615, 1, 0, 0
51913, 15396721, 1, 0, 0
52005, 15192119, 1, 0, 0
52110, 15013665, 1, 0, 0
52201, 15210078, 1, 0, 0
52309, 15320752, 1, 0, 0
52400, 15118968, 1, 0, 0
52505, 14992287, 1, 0, 0
52615, 15675962, 1, 0, 0
52707, 15151675, 1, 0, 0
52811, 14937216, 1, 0, 0
52903, 15156866, 1, 0, 0
53010, 15350230, 1, 0, 0
53101, 15125401, 1, 0, 0
53207, 15049927, 1, 0, 0
53315, 15375410, 1, 0, 0
53406, 15094941, 1, 0, 0
53511, 14948764, 1, 0, 0
53601, 15068005, 1, 0, 0
53709, 15334169, 1, 0, 0
53802, 15347317, 1, 0, 0
53907, 14969236, 1, 0, 0
54015, 15389290, 1, 0, 0
54107, 15294194, 1, 0, 0
54211, 14849826, 1, 0, 0
54304, 15357335, 1, 0, 0
54443, 34698260, 1, 0, 0
54547, 52368912, 1, 0, 0
54601, 53208673, 1, 0, 0
54708, 53432155, 1, 0, 0
54815, 53336697, 1, 0, 0
54920, 52905260, 1, 0, 0
55018, 48534333, 1, 0, 0
55109, 15127758, 1, 0, 0
55200, 15137883, 1, 0, 0
55309, 15545202, 1, 0, 0
55400, 15083251, 1, 0, 0
55503, 14781222, 1, 0, 0
55612, 15483162, 1, 0, 0
55703, 15039826, 1, 0, 0
55807, 14923612, 1, 0, 0
55917, 15574297, 1, 0, 0
56008, 15149699, 1, 0, 0
56112, 14800750, 1, 0, 0
56204, 15232535, 1, 0, 0
56313, 15551254, 1, 0, 0
56404, 15183484, 1, 0, 0
56507, 14723201, 1, 0, 0
56616, 15522963, 1, 0, 0
56707, 15105303, 1, 0, 0
56811, 14747544, 1, 0, 0
56912, 16791338, 1, 0, 0
57003, 15171954, 1, 0, 0
57111, 15368056, 1, 0, 0
57203, 15216791, 1, 0, 0
57308, 15029140, 1, 0, 0
57416, 15282295, 1, 0, 0
57507, 15201690, 1, 0, 0
57619, 28027121, 1, 0, 0
57725, 52841060, 1, 0, 0
57830, 52449800, 1, 0, 0
57936, 53169197, 1, 0, 0
58042, 52843787, 1, 0, 0
58147, 52256698, 1, 0, 0
58200, 53137691, 1, 0, 0
58302, 25479677, 1, 0, 0
58405, 14629001, 1, 0, 0
58509, 14872021, 1, 0, 0
58612, 14654003, 1, 0, 0
58701, 14691764, 1, 0, 0
58810, 15538364, 1, 0, 0
58913, 14712696, 1, 0, 0
59015, 14572762, 1, 0, 0
59102, 14369266, 1, 0, 0
59204, 14534210, 1, 0, 0
59315, 15802186, 1, 0, 0
59407, 15249724, 1, 0, 0
59511, 14768709, 1, 0, 0
59602, 15157315, 1, 0, 0
59710, 15456722, 1, 0, 0
59801, 15127496, 1, 0, 0
59905, 14797933, 1, 0, 0
60014, 15407690, 1, 0, 0
60105, 15174229, 1, 0, 0
60209, 14734410, 1, 0, 0
60300, 15144266, 1, 0, 0
60409, 15495311, 1, 0, 0
60500, 15160984, 1, 0, 0
60604, 14777196, 1, 0, 0
60712, 15338254, 1, 0, 0
60802, 14989347, 1, 0, 0
60904, 33878683, 1, 0, 0
61015, 55679997, 1, 0, 0
61130, 57246718, 1, 0, 0
61236, 53053875, 1, 0, 0
61347, 55553261, 1, 0, 0
61407, 59525181, 1, 0, 0
61522, 57340480, 1, 0, 0
61600, 15512494, 1, 0, 0
61705, 14962688, 1, 0, 0
61813, 15370122, 1, 0, 0
61904, 15154502, 1, 0, 0
62009, 14983854, 1, 0, 0
62100, 15088628, 1, 0, 0
62207, 15321708, 1, 0, 0
62313, 14982001, 1, 0, 0
62406, 15427337, 1, 0, 0
62513, 15374279, 1, 0, 0
62604, 15133794, 1, 0, 0
62710, 14967979, 1, 0, 0
62801, 15129771, 1, 0, 0
62908, 15320965, 1, 0, 0
63007, 16441339, 1, 0, 0
63109, 14467446, 1, 0, 0
63206, 16209805, 1, 0, 0
63315, 15547633, 1, 0, 0
63407, 15174701, 1, 0, 0
63510, 14722536, 1, 0, 0
63602, 15275616, 1, 0, 0
63711, 15536947, 1, 0, 0
63802, 15206051, 1, 0, 0
63906, 14793657, 1, 0, 0
64014, 15349469, 1, 0, 0
64105, 15122602, 1, 0, 0
64218, 37655792, 1, 0, 0
64323, 52541892, 1, 0, 0
64429, 52542216, 1, 0, 0
64533, 52091816, 1, 0, 0
64640, 53407548, 1, 0, 0
64724, 41790135, 1, 0, 0
64823, 33046768, 1, 0, 0
64901, 15499600, 1, 0, 0
65005, 14939955, 1, 0, 0
65114, 15441669, 1, 0, 0
65205, 15198747, 1, 0, 0
65310, 14952918, 1, 0, 0
65401, 15096696, 1, 0, 0
65509, 15331700, 1, 0, 0
65600, 15133180, 1, 0, 0
65712, 15966561, 1, 0, 0
65802, 14878822, 1, 0, 0
65905, 14725662, 1, 0, 0
66009, 14824268, 1, 0, 0
66113, 14726605, 1, 0, 0
66202, 14823321, 1, 0, 0
66306, 14846798, 1, 0, 0
66409, 14706773, 1, 0, 0
66513, 14817350, 1, 0, 0
66602, 14741792, 1, 0, 0
66706, 14769836, 1, 0, 0
66809, 14699186, 1, 0, 0
66900, 15142055, 1, 0, 0
67002, 14483583, 1, 0, 0
67103, 14414020, 1, 0, 0
67206, 14632547, 1, 0, 0
67307, 14457405, 1, 0, 0
67408, 14406679, 1, 0, 0
67522, 18880079, 1, 0, 0
67626, 51803757, 1, 0, 0
67732, 53020649, 1, 0, 0
67842, 54902131, 1, 0, 0
67949, 53727581, 1, 0, 0
68005, 55506069, 1, 0, 0
68118, 56868150, 1, 0, 0
68203, 21128146, 1, 0, 0
68305, 14560911, 1, 0, 0
68407, 14491147, 1, 0, 0
68509, 14518872, 1, 0, 0
68612, 14639745, 1, 0, 0
68703, 15142912, 1, 0, 0
68803, 16506906, 1, 0, 0
68902, 16489087, 1, 0, 0
69003, 16854849, 1, 0, 0
69104, 16699288, 1, 0, 0
69205, 16853732, 1, 0, 0
69305, 16495614, 1, 0, 0
69413, 21642307, 1, 0, 0
69526, 112932106, 1, 0, 0
69625, 98148286, 1, 0, 0
69705, 16046034, 1, 0, 0
69807, 16854556, 1, 0, 0
69908, 16742016, 1, 0, 0
70008, 16707521, 1, 0, 0
70108, 16632219, 1, 0, 0
70209, 16667267, 1, 0, 0
70309, 16594610, 1, 0, 0
70408, 16532055, 1, 0, 0
70508, 16625982, 1, 0, 0
70608, 16540603, 1, 0, 0
70708, 16581862, 1, 0, 0
70808, 16725287, 1, 0, 0
70908, 16625579, 1, 0, 0
71008, 16546736, 1, 0, 0
71117, 21768940, 1, 0, 0
71219, 51007598, 1, 0, 0
71327, 53675346, 1, 0, 0
71433, 53083919, 1, 0, 0
71544, 55251723, 1, 0, 0
71600, 56394539, 1, 0, 0
71723, 61653551, 1, 0, 0
71808, 42124021, 1, 0, 0
71912, 14814309, 1, 0, 0
72014, 14537612, 1, 0, 0
72101, 14421941, 1, 0, 0
72204, 14618198, 1, 0, 0
72306, 14639078, 1, 0, 0
72408, 14505390, 1, 0, 0
72511, 14596119, 1, 0, 0
72614, 14701075, 1, 0, 0
72700, 14266596, 1, 0, 0
72804, 14736642, 1, 0, 0
72906, 14585343, 1, 0, 0
73009, 14687777, 1, 0, 0
73111, 14505505, 1, 0, 0
73215, 14720043, 1, 0, 0
73300, 14146503, 1, 0, 0
73402, 14610897, 1, 0, 0
73506, 14673674, 1, 0, 0
73608, 14580939, 1, 0, 0
73711, 14703863, 1, 0, 0
73813, 14497066, 1, 0, 0
73915, 14501767, 1, 0, 0
74001, 14305385, 1, 0, 0
74112, 15749070, 1, 0, 0
74203, 15221200, 1, 0, 0
74308, 14878766, 1, 0, 0
74417, 15557780, 1, 0, 0
74508, 15112349, 1, 0, 0
74610, 33841024, 1, 0, 0
74714, 52140274, 1, 0, 0
74815, 50204701, 1, 0, 0
74920, 52445309, 1, 0, 0
75029, 54390437, 1, 0, 0
75139, 55205954, 1, 0, 0
75222, 41616340, 1, 0, 0
75301, 15598300, 1, 0, 0
75405, 14802557, 1, 0, 0
75513, 15492808, 1, 0, 0
75605, 15173317, 1, 0, 0
75708, 14760158, 1, 0, 0
75805, 16069783, 1, 0, 0
75907, 14539623, 1, 0, 0
76009, 14458147, 1, 0, 0
76102, 15459370, 1, 0, 0
76203, 14351227, 1, 0, 0
76311, 15346204, 1, 0, 0
76401, 18106434, 1, 0, 0
76503, 16892008, 1, 0, 0
76605, 16854524, 1, 0, 0
76705, 16647220, 1, 0, 0
76805, 16592390, 1, 0, 0
76905, 16712872, 1, 0, 0
77005, 16637807, 1, 0, 0
77106, 16778484, 1, 0, 0
77206, 16602726, 1, 0, 0
77306, 16530134, 1, 0, 0
77408, 16935001, 1, 0, 0
77509, 16785246, 1, 0, 0
77609, 16690203, 1, 0, 0
77709, 16545801, 1, 0, 0
77808, 16431213, 1, 0, 0
77909, 16752015, 1, 0, 0
78023, 28450196, 1, 0, 0
78131, 54205823, 1, 0, 0
78241, 54746236, 1, 0, 0
78354, 56585906, 1, 0, 0
78408, 53599897, 1, 0, 0
78517, 54335587, 1, 0, 0
78629, 56148687, 1, 0, 0
78704, 18533245, 1, 0, 0
78805, 16730853, 1, 0, 0
78904, 16571457, 1, 0, 0
79004, 16501507, 1, 0, 0
79105, 16780913, 1, 0, 0
79205, 16659459, 1, 0, 0
79306, 16712043, 1, 0, 0
79405, 16570982, 1, 0, 0
79505, 16629727, 1, 0, 0
79608, 17083489, 1, 0, 0
79711, 14607591, 1, 0, 0
79814, 14745069, 1, 0, 0
79916, 14474177, 1, 0, 0
80003, 14376719, 1, 0, 0
80106, 14694908, 1, 0, 0
80209, 14630907, 1, 0, 0
80310, 14396097, 1, 0, 0
80413, 14636939, 1, 0, 0
80516, 14621317, 1, 0, 0
80600, 14055597, 1, 0, 0
80704, 14672152, 1, 0, 0
80805, 14478910, 1, 0, 0
80909, 14714162, 1, 0, 0
81010, 14371206, 1, 0, 0
81112, 14593780, 1, 0, 0
81215, 14707904, 1, 0, 0
81316, 14345706, 1, 0, 0
81403, 14428330, 1, 0, 0
81510, 21442389, 1, 0, 0
81611, 50090734, 1, 0, 0
81712, 50704559, 1, 0, 0
81811, 49656554, 1, 0, 0
81915, 51621306, 1, 0, 0
82005, 45261460, 1, 0, 0
82142, 45490517, 1, 0, 0
82215, 14601154, 1, 0, 0
82300, 14074645, 1, 0, 0
82403, 14647984, 1, 0, 0
82505, 14591125, 1, 0, 0
82608, 14638016, 1, 0, 0
82710, 14481631, 1, 0, 0
82812, 14565839, 1, 0, 0
82915, 14689498, 1, 0, 0
83005, 14863282, 1, 0, 0
83105, 14336167, 1, 0, 0
83213, 15368430, 1, 0, 0
83302, 14792177, 1, 0, 0
83401, 14075399, 1, 0, 0
83509, 15370464, 1, 0, 0
83608, 14172675, 1, 0, 0
83715, 15232626, 1, 0, 0
83804, 14810010, 1, 0, 0
83907, 14700049, 1, 0, 0
84009, 14405977, 1, 0, 0
84111, 14526246, 1, 0, 0
84206, 15823503, 1, 0, 0
84308, 14558664, 1, 0, 0
84410, 14562285, 1, 0, 0
84511, 14414984, 1, 0, 0
84600, 14622377, 1, 0, 0
84701, 14507235, 1, 0, 0
84803, 14507986, 1, 0, 0
84901, 13909774, 1, 0, 0
85020, 39757525, 1, 0, 0
85121, 50384091, 1, 0, 0
85232, 55375805, 1, 0, 0
85342, 55031967, 1, 0, 0
85454, 55772225, 1, 0, 0
85506, 51670374, 1, 0, 0
85610, 26047365, 1, 0, 0
85714, 14778492, 1, 0, 0
85816, 14462087, 1, 0, 0
85903, 14499091, 1, 0, 0
86006, 14621726, 1, 0, 0
86101, 15877693, 1, 0, 0
86205, 14749372, 1, 0, 0
86309, 14824929, 1, 0, 0
86411, 14511103, 1, 0, 0
86512, 14328130, 1, 0, 0
86616, 14840581, 1, 0, 0
86701, 14169370, 1, 0, 0
86804, 14646184, 1, 0, 0
86907, 14670303, 1, 0, 0
87002, 15777427, 1, 0, 0
87106, 14724274, 1, 0, 0
87210, 14794617, 1, 0, 0
87312, 14620290, 1, 0, 0
87404, 15226524, 1, 0, 0
87507, 14614832, 1, 0, 0
87610, 14655292, 1, 0, 0
87713, 14633931, 1, 0, 0
87815, 14593284, 1, 0, 0
87900, 14005353, 1, 0, 0
88002, 14505718, 1, 0, 0
88105, 14770153, 1, 0, 0
88212, 15144211, 1, 0, 0
88308, 16092084, 1, 0, 0
88412, 14812413, 1, 0, 0
88515, 20535929, 1, 0, 0
88611, 47715217, 1, 0, 0
88710, 49749844, 1, 0, 0
88810, 49568372, 1, 0, 0
88909, 49558521, 1, 0, 0
89021, 56153393, 1, 0, 0
89133, 55967066, 1, 0, 0
89212, 26122587, 1, 0, 0
89303, 15191124, 1, 0, 0
89408, 14965259, 1, 0, 0
89516, 15337604, 1, 0, 0
89607, 15100779, 1, 0, 0
89711, 14869353, 1, 0, 0
89802, 15134895, 1, 0, 0
89909, 15253835, 1, 0, 0
90003, 15479499, 1, 0, 0
