111, 79317, 1, 0, 0
223, 52836, 1, 0, 0
334, 55800, 1, 0, 0
414, 40877, 1, 0, 0
503, 51345, 1, 0, 0
607, 66670, 1, 0, 0
711, 60107, 1, 0, 0
813, 56314, 1, 0, 0
903, 56542, 1, 0, 0
1007, 39146, 1, 0, 0
1110, 36872, 1, 0, 0
1202, 38717, 1, 0, 0
1304, 32583, 1, 0, 0
1406, 43276, 1, 0, 0
1507, 46537, 1, 0, 0
1609, 51037, 1, 0, 0
1710, 55199, 1, 0, 0
1812, 46286, 1, 0, 0
1902, 45748, 1, 0, 0
2005, 44122, 1, 0, 0
2106, 39332, 1, 0, 0
2207, 42310, 1, 0, 0
2309, 44845, 1, 0, 0
2410, 41512, 1, 0, 0
2512, 39440, 1, 0, 0
2602, 39657, 1, 0, 0
2704, 34747, 1, 0, 0
2806, 36051, 1, 0, 0
2907, 36654, 1, 0, 0
3008, 32387, 1, 0, 0
3120, 37476, 1, 0, 0
3227, 44547, 1, 0, 0
3328, 62677, 1, 0, 0
3430, 40415, 1, 0, 0
3533, 82067, 1, 0, 0
3624, 35980, 1, 0, 0
3710, 33004, 1, 0, 0
3807, 46008, 1, 0, 0
3908, 45488, 1, 0, 0
4010, 45884, 1, 0, 0
4101, 33006, 1, 0, 0
4203, 33157, 1, 0, 0
4305, 42141, 1, 0, 0
4406, 35133, 1, 0, 0
4508, 38039, 1, 0, 0
4609, 39569, 1, 0, 0
4702, 49052, 1, 0, 0
4804, 41802, 1, 0, 0
4905, 59366, 1, 0, 0
5007, 47010, 1, 0, 0
5109, 51274, 1, 0, 0
5200, 45626, 1, 0, 0
5309, 46053, 1, 0, 0
5400, 40504, 1, 0, 0
5505, 45207, 1, 0, 0
5606, 57939, 1, 0, 0
5707, 79480, 1, 0, 0
5801, 49928, 1, 0, 0
5902, 56309, 1, 0, 0
6003, 55746, 1, 0, 0
6103, 58709, 1, 0, 0
6204, 50674, 1, 0, 0
6305, 52547, 1, 0, 0
6405, 53290, 1, 0, 0
6507, 59652, 1, 0, 0
6603, 68115, 1, 0, 0
6707, 68698, 1, 0, 0
6820, 59531, 1, 0, 0
6930, 93465, 1, 0, 0
7039, 70508, 1, 0, 0
7147, 68841, 1, 0, 0
7255, 55670, 1, 0, 0
7300, 72780, 1, 0, 0
7401, 67625, 1, 0, 0
7503, 73134, 1, 0, 0
7605, 61872, 1, 0, 0
7707, 78260, 1, 0, 0
7809, 70639, 1, 0, 0
7911, 63343, 1, 0, 0
8013, 55447, 1, 0, 0
8114, 55698, 1, 0, 0
8216, 50964, 1, 0, 0
8300, 44910, 1, 0, 0
8402, 47771, 1, 0, 0
8504, 58575, 1, 0, 0
8606, 60184, 1, 0, 0
8707, 74858, 1, 0, 0
8811, 41540, 1, 0, 0
8912, 49519, 1, 0, 0
9013, 84999, 1, 0, 0
9115, 94920, 1, 0, 0
9200, 76702, 1, 0, 0
9301, 51502, 1, 0, 0
9401, 53476, 1, 0, 0
9504, 46288, 1, 0, 0
9607, 46776, 1, 0, 0
9710, 51088, 1, 0, 0
9813, 41666, 1, 0, 0
9915, 45349, 1, 0, 0
10015, 83574, 1, 0, 0
10114, 52211, 1, 0, 0
10218, 54961, 1, 0, 0
10320, 92734, 1, 0, 0
10422, 61291, 1, 0, 0
10527, 72677, 1, 0, 0
10629, 77319, 1, 0, 0
10709, 87816, 1, 0, 0
10810, 74636, 1, 0, 0
10910, 49072, 1, 0, 0
11014, 58117, 1, 0, 0
11126, 90475, 1, 0, 0
11207, 49500, 1, 0, 0
11307, 59755, 1, 0, 0
11408, 57575, 1, 0, 0
11509, 44970, 1, 0, 0
11610, 77867, 1, 0, 0
11712, 79453, 1, 0, 0
11800, 55070, 1, 0, 0
11901, 45342, 1, 0, 0
12002, 47532, 1, 0, 0
12104, 42260, 1, 0, 0
12206, 35762, 1, 0, 0
12308, 34684, 1, 0, 0
12409, 48778, 1, 0, 0
12511, 42139, 1, 0, 0
12612, 45196, 1, 0, 0
12712, 42002, 1, 0, 0
12811, 50687, 1, 0, 0
12912, 71243, 1, 0, 0
13013, 56906, 1, 0, 0
13115, 59845, 1, 0, 0
13215, 63670, 1, 0, 0
13314, 55514, 1, 0, 0
13414, 58283, 1, 0, 0
13513, 47253, 1, 0, 0
13610, 51116, 1, 0, 0
13734, 49049, 1, 0, 0
13843, 55907, 1, 0, 0
13950, 51034, 1, 0, 0
14003, 45547, 1, 0, 0
14114, 50480, 1, 0, 0
14221, 46773, 1, 0, 0
14332, 42482, 1, 0, 0
14411, 50242, 1, 0, 0
14512, 85620, 1, 0, 0
14613, 44603, 1, 0, 0
14715, 64254, 1, 0, 0
14817, 36445, 1, 0, 0
14900, 32400, 1, 0, 0
15003, 43648, 1, 0, 0
15105, 48995, 1, 0, 0
15209, 63756, 1, 0, 0
15311, 51793, 1, 0, 0
15412, 58442, 1, 0, 0
15514, 73633, 1, 0, 0
15601, 63975, 1, 0, 0
15703, 55549, 1, 0, 0
15805, 54133, 1, 0, 0
15906, 43300, 1, 0, 0
16006, 49647, 1, 0, 0
16108, 80369, 1, 0, 0
16209, 53358, 1, 0, 0
16310, 54957, 1, 0, 0
16411, 68204, 1, 0, 0
16513, 48637, 1, 0, 0
16600, 47206, 1, 0, 0
16702, 73839, 1, 0, 0
16804, 58052, 1, 0, 0
16907, 47530, 1, 0, 0
17015, 38595, 1, 0, 0
17106, 74880, 1, 0, 0
17233, 83683, 1, 0, 0
17335, 82236, 1, 0, 0
17438, 81045, 1, 0, 0
17540, 76757, 1, 0, 0
17651, 69877, 1, 0, 0
17709, 69230, 1, 0, 0
17829, 47537, 1, 0, 0
17906, 45364, 1, 0, 0
18011, 62317, 1, 0, 0
18102, 44373, 1, 0, 0
18211, 57665, 1, 0, 0
18302, 73378, 1, 0, 0
18407, 31108, 1, 0, 0
18515, 31934, 1, 0, 0
18606, 44794, 1, 0, 0
18712, 36633, 1, 0, 0
18802, 48426, 1, 0, 0
18910, 39862, 1, 0, 0
19001, 41552, 1, 0, 0
19106, 38301, 1, 0, 0
19214, 46773, 1, 0, 0
19305, 43013, 1, 0, 0
19407, 38516, 1, 0, 0
19503, 36057, 1, 0, 0
19604, 39804, 1, 0, 0
19705, 41884, 1, 0, 0
19801, 44884, 1, 0, 0
19905, 40100, 1, 0, 0
20007, 36436, 1, 0, 0
20111, 44561, 1, 0, 0
20200, 33950, 1, 0, 0
20301, 40405, 1, 0, 0
20423, 78979, 1, 0, 0
20532, 75781, 1, 0, 0
20638, 105939, 1, 0, 0
20744, 100619, 1, 0, 0
20849, 76977, 1, 0, 0
20912, 60644, 1, 0, 0
21024, 74605, 1, 0, 0
21122, 65060, 1, 0, 0
21211, 57940, 1, 0, 0
21300, 77159, 1, 0, 0
21403, 68618, 1, 0, 0
21507, 49679, 1, 0, 0
21610, 57159, 1, 0, 0
21714, 69075, 1, 0, 0
21803, 84772, 1, 0, 0
21908, 99608, 1, 0, 0
22012, 54837, 1, 0, 0
22101, 53755, 1, 0, 0
22205, 45609, 1, 0, 0
22309, 41535, 1, 0, 0
22412, 42524, 1, 0, 0
22501, 45679, 1, 0, 0
22605, 46522, 1, 0, 0
22708, 49145, 1, 0, 0
22812, 52915, 1, 0, 0
22900, 58616, 1, 0, 0
23003, 67374, 1, 0, 0
23107, 51606, 1, 0, 0
23210, 54048, 1, 0, 0
23314, 47424, 1, 0, 0
23465, 60679, 1, 0, 0
23531, 63556, 1, 0, 0
23605, 65392, 1, 0, 0
23745, 51021, 1, 0, 0
23844, 57928, 1, 0, 0
23943, 74514, 1, 0, 0
24048, 77689, 1, 0, 0
24103, 49359, 1, 0, 0
24221, 80355, 1, 0, 0
24323, 80124, 1, 0, 0
24406, 79330, 1, 0, 0
24514, 68687, 1, 0, 0
24605, 40825, 1, 0, 0
24710, 53532, 1, 0, 0
24802, 51869, 1, 0, 0
24909, 86528, 1, 0, 0
25000, 89170, 1, 0, 0
25107, 54312, 1, 0, 0
25215, 52508, 1, 0, 0
25306, 51799, 1, 0, 0
25409, 58644, 1, 0, 0
25503, 55772, 1, 0, 0
25611, 47868, 1, 0, 0
25703, 51378, 1, 0, 0
25807, 53761, 1, 0, 0
25915, 55749, 1, 0, 0
26006, 63659, 1, 0, 0
26109, 48475, 1, 0, 0
26200, 41543, 1, 0, 0
26309, 53592, 1, 0, 0
26400, 45076, 1, 0, 0
26504, 46541, 1, 0, 0
26613, 42583, 1, 0, 0
26705, 65545, 1, 0, 0
26809, 42719, 1, 0, 0
26938, 48087, 1, 0, 0
27043, 51707, 1, 0, 0
27151, 63597, 1, 0, 0
27200, 34528, 1, 0, 0
27305, 29427, 1, 0, 0
27405, 50315, 1, 0, 0
27535, 30993, 1, 0, 0
27608, 29858, 1, 0, 0
27707, 47507, 1, 0, 0
27809, 44980, 1, 0, 0
27917, 57833, 1, 0, 0
28009, 49430, 1, 0, 0
28112, 60369, 1, 0, 0
28200, 57933, 1, 0, 0
28302, 67114, 1, 0, 0
28405, 69587, 1, 0, 0
28510, 39947, 1, 0, 0
28611, 56143, 1, 0, 0
28713, 64712, 1, 0, 0
28800, 59822, 1, 0, 0
28903, 57341, 1, 0, 0
29005, 49106, 1, 0, 0
29108, 57348, 1, 0, 0
29210, 67572, 1, 0, 0
29311, 85745, 1, 0, 0
29412, 57971, 1, 0, 0
29513, 72150, 1, 0, 0
29601, 73503, 1, 0, 0
29702, 76018, 1, 0, 0
29812, 67460, 1, 0, 0
29912, 50764, 1, 0, 0
30000, 64724, 1, 0, 0
30103, 88792, 1, 0, 0
30204, 70203, 1, 0, 0
30308, 64462, 1, 0, 0
30435, 52706, 1, 0, 0
30543, 50464, 1, 0, 0
30650, 45135, 1, 0, 0
30707, 63042, 1, 0, 0
30812, 44987, 1, 0, 0
30920, 56498, 1, 0, 0
31029, 69202, 1, 0, 0
31102, 59094, 1, 0, 0
31205, 40128, 1, 0, 0
31307, 37635, 1, 0, 0
31408, 52904, 1, 0, 0
31510, 56549, 1, 0, 0
31611, 47049, 1, 0, 0
31700, 49078, 1, 0, 0
31802, 47214, 1, 0, 0
31905, 43837, 1, 0, 0
32008, 56598, 1, 0, 0
32110, 37383, 1, 0, 0
32212, 36364, 1, 0, 0
32300, 34567, 1, 0, 0
32403, 42433, 1, 0, 0
32506, 49538, 1, 0, 0
32609, 46625, 1, 0, 0
32711, 52749, 1, 0, 0
32812, 58408, 1, 0, 0
32913, 36588, 1, 0, 0
33001, 42126, 1, 0, 0
33102, 51800, 1, 0, 0
33204, 39396, 1, 0, 0
33307, 44842, 1, 0, 0
33408, 45160, 1, 0, 0
33510, 65002, 1, 0, 0
33612, 44581, 1, 0, 0
33700, 69404, 1, 0, 0
33803, 66975, 1, 0, 0
33943, 39145, 1, 0, 0
34048, 38729, 1, 0, 0
34152, 43386, 1, 0, 0
34201, 41017, 1, 0, 0
34305, 34260, 1, 0, 0
34409, 35212, 1, 0, 0
34514, 38613, 1, 0, 0
34607, 47066, 1, 0, 0
34704, 55051, 1, 0, 0
34804, 79985, 1, 0, 0
34911, 74406, 1, 0, 0
35000, 59146, 1, 0, 0
35100, 35483, 1, 0, 0
35207, 37571, 1, 0, 0
35307, 36518, 1, 0, 0
35405, 37278, 1, 0, 0
35506, 50297, 1, 0, 0
35610, 53439, 1, 0, 0
35712, 45252, 1, 0, 0
35801, 41222, 1, 0, 0
35903, 51582, 1, 0, 0
36005, 84163, 1, 0, 0
36107, 79760, 1, 0, 0
36209, 53074, 1, 0, 0
36300, 49501, 1, 0, 0
36401, 56235, 1, 0, 0
36503, 42194, 1, 0, 0
36610, 38061, 1, 0, 0
36701, 42129, 1, 0, 0
36802, 47358, 1, 0, 0
36905, 50942, 1, 0, 0
37007, 58029, 1, 0, 0
37107, 40785, 1, 0, 0
37208, 56978, 1, 0, 0
37342, 40685, 1, 0, 0
37444, 42882, 1, 0, 0
37547, 38422, 1, 0, 0
37646, 67174, 1, 0, 0
37748, 67124, 1, 0, 0
37848, 61661, 1, 0, 0
37920, 53537, 1, 0, 0
38040, 63373, 1, 0, 0
38114, 64498, 1, 0, 0
38217, 49210, 1, 0, 0
38303, 50300, 1, 0, 0
38406, 45401, 1, 0, 0
38509, 46891, 1, 0, 0
38612, 60948, 1, 0, 0
38715, 79406, 1, 0, 0
38817, 76499, 1, 0, 0
38902, 62702, 1, 0, 0
39011, 60658, 1, 0, 0
39108, 50927, 1, 0, 0
39210, 46673, 1, 0, 0
39313, 52050, 1, 0, 0
39415, 40306, 1, 0, 0
39518, 50061, 1, 0, 0
39602, 62842, 1, 0, 0
39705, 50740, 1, 0, 0
39807, 72591, 1, 0, 0
39909, 65515, 1, 0, 0
40011, 58994, 1, 0, 0
40112, 57485, 1, 0, 0
40215, 51561, 1, 0, 0
40300, 55924, 1, 0, 0
40402, 35274, 1, 0, 0
40506, 49533, 1, 0, 0
40607, 49816, 1, 0, 0
40710, 47938, 1, 0, 0
40825, 47306, 1, 0, 0
40930, 59489, 1, 0, 0
41038, 50280, 1, 0, 0
41150, 73645, 1, 0, 0
41201, 59267, 1, 0, 0
41311, 38375, 1, 0, 0
41421, 102966, 1, 0, 0
41515, 73757, 1, 0, 0
41617, 74553, 1, 0, 0
41712, 75592, 1, 0, 0
41801, 42765, 1, 0, 0
41904, 45262, 1, 0, 0
42006, 39491, 1, 0, 0
42109, 50311, 1, 0, 0
42212, 53706, 1, 0, 0
42314, 71963, 1, 0, 0
42400, 54153, 1, 0, 0
42504, 37671, 1, 0, 0
42607, 44805, 1, 0, 0
42709, 45892, 1, 0, 0
42812, 47925, 1, 0, 0
42915, 35070, 1, 0, 0
43001, 35565, 1, 0, 0
43103, 42833, 1, 0, 0
43205, 50736, 1, 0, 0
43308, 39563, 1, 0, 0
43410, 45390, 1, 0, 0
43514, 50429, 1, 0, 0
43600, 78258, 1, 0, 0
43702, 73796, 1, 0, 0
43804, 56900, 1, 0, 0
43907, 39592, 1, 0, 0
44011, 36604, 1, 0, 0
44112, 45262, 1, 0, 0
44200, 37963, 1, 0, 0
44314, 41241, 1, 0, 0
44410, 36008, 1, 0, 0
44504, 39116, 1, 0, 0
44616, 36922, 1, 0, 0
44729, 44073, 1, 0, 0
44839, 57012, 1, 0, 0
44900, 60077, 1, 0, 0
45000, 55285, 1, 0, 0
45103, 45596, 1, 0, 0
45205, 39607, 1, 0, 0
45306, 44654, 1, 0, 0
45409, 42055, 1, 0, 0
45510, 37752, 1, 0, 0
45601, 35015, 1, 0, 0
45705, 53876, 1, 0, 0
45810, 50215, 1, 0, 0
45901, 43484, 1, 0, 0
46008, 40661, 1, 0, 0
46100, 47048, 1, 0, 0
46206, 45008, 1, 0, 0
46314, 49617, 1, 0, 0
46405, 71125, 1, 0, 0
46510, 40863, 1, 0, 0
46601, 69019, 1, 0, 0
46708, 38992, 1, 0, 0
46813, 50510, 1, 0, 0
46904, 48159, 1, 0, 0
47011, 45188, 1, 0, 0
47102, 50486, 1, 0, 0
47206, 40839, 1, 0, 0
47314, 40861, 1, 0, 0
47405, 48730, 1, 0, 0
47510, 32733, 1, 0, 0
47602, 53822, 1, 0, 0
47709, 38303, 1, 0, 0
47800, 38033, 1, 0, 0
47921, 56008, 1, 0, 0
48027, 53438, 1, 0, 0
48136, 41574, 1, 0, 0
48252, 48727, 1, 0, 0
48308, 61163, 1, 0, 0
48419, 45871, 1, 0, 0
48533, 50747, 1, 0, 0
48607, 44857, 1, 0, 0
48710, 41920, 1, 0, 0
48800, 37213, 1, 0, 0
48904, 43064, 1, 0, 0
49007, 38446, 1, 0, 0
49111, 38458, 1, 0, 0
49200, 32939, 1, 0, 0
49303, 35986, 1, 0, 0
49409, 41207, 1, 0, 0
49512, 62368, 1, 0, 0
49601, 53013, 1, 0, 0
49704, 44413, 1, 0, 0
49808, 83931, 1, 0, 0
49912, 79719, 1, 0, 0
50011, 58448, 1, 0, 0
50110, 71514, 1, 0, 0
50217, 55721, 1, 0, 0
50305, 70106, 1, 0, 0
50404, 56661, 1, 0, 0
50511, 39377, 1, 0, 0
50600, 37562, 1, 0, 0
50700, 65268, 1, 0, 0
50807, 44072, 1, 0, 0
50905, 49184, 1, 0, 0
51019, 41509, 1, 0, 0
51111, 43017, 1, 0, 0
51208, 44385, 1, 0, 0
51308, 39700, 1, 0, 0
51407, 39886, 1, 0, 0
51507, 52234, 1, 0, 0
51605, 41387, 1, 0, 0
51715, 38757, 1, 0, 0
51814, 52989, 1, 0, 0
51906, 47290, 1, 0, 0
52010, 42122, 1, 0, 0
52102, 34962, 1, 0, 0
52211, 44193, 1, 0, 0
52302, 32320, 1, 0, 0
52406, 53244, 1, 0, 0
52515, 60212, 1, 0, 0
52608, 45636, 1, 0, 0
52712, 38404, 1, 0, 0
52803, 42428, 1, 0, 0
52912, 47279, 1, 0, 0
53003, 33758, 1, 0, 0
53107, 51354, 1, 0, 0
53216, 46187, 1, 0, 0
53308, 53350, 1, 0, 0
53411, 44137, 1, 0, 0
53503, 39707, 1, 0, 0
53611, 51119, 1, 0, 0
53702, 28750, 1, 0, 0
53807, 36170, 1, 0, 0
53916, 50365, 1, 0, 0
54008, 40906, 1, 0, 0
54100, 38623, 1, 0, 0
54203, 43432, 1, 0, 0
54312, 36222, 1, 0, 0
54419, 85704, 1, 0, 0
54522, 55352, 1, 0, 0
54629, 39935, 1, 0, 0
54735, 39633, 1, 0, 0
54842, 47711, 1, 0, 0
54948, 45357, 1, 0, 0
55026, 34177, 1, 0, 0
55103, 32068, 1, 0, 0
55209, 45451, 1, 0, 0
55300, 40956, 1, 0, 0
55407, 37084, 1, 0, 0
55513, 37349, 1, 0, 0
55603, 50337, 1, 0, 0
55711, 65207, 1, 0, 0
55802, 49313, 1, 0, 0
55908, 44257, 1, 0, 0
56015, 39482, 1, 0, 0
56107, 57691, 1, 0, 0
56212, 52319, 1, 0, 0
56303, 37326, 1, 0, 0
56411, 46731, 1, 0, 0
56502, 43193, 1, 0, 0
56608, 46111, 1, 0, 0
56715, 39998, 1, 0, 0
56806, 37878, 1, 0, 0
56904, 42799, 1, 0, 0
57013, 41291, 1, 0, 0
57104, 37833, 1, 0, 0
57208, 45385, 1, 0, 0
57300, 92681, 1, 0, 0
57409, 34492, 1, 0, 0
57500, 44439, 1, 0, 0
57647, 41065, 1, 0, 0
57749, 61483, 1, 0, 0
57805, 65624, 1, 0, 0
57910, 31014, 1, 0, 0
58016, 55643, 1, 0, 0
58122, 51947, 1, 0, 0
58228, 59422, 1, 0, 0
58311, 62771, 1, 0, 0
58410, 70430, 1, 0, 0
58518, 73459, 1, 0, 0
58607, 33875, 1, 0, 0
58706, 37056, 1, 0, 0
58802, 33453, 1, 0, 0
58904, 37713, 1, 0, 0
59006, 43599, 1, 0, 0
59111, 37577, 1, 0, 0
59213, 40505, 1, 0, 0
59306, 43272, 1, 0, 0
59414, 38112, 1, 0, 0
59505, 35538, 1, 0, 0
59611, 50865, 1, 0, 0
59702, 71011, 1, 0, 0
59809, 42312, 1, 0, 0
59900, 41452, 1, 0, 0
60005, 52480, 1, 0, 0
60112, 48255, 1, 0, 0
60204, 40595, 1, 0, 0
60309, 38701, 1, 0, 0
60400, 48230, 1, 0, 0
60507, 37887, 1, 0, 0
60612, 44388, 1, 0, 0
60703, 52110, 1, 0, 0
60807, 37723, 1, 0, 0
60933, 70668, 1, 0, 0
61045, 72615, 1, 0, 0
61105, 87208, 1, 0, 0
61211, 80704, 1, 0, 0
61322, 54732, 1, 0, 0
61434, 48151, 1, 0, 0
61531, 66285, 1, 0, 0
61605, 41685, 1, 0, 0
61714, 46605, 1, 0, 0
61806, 32555, 1, 0, 0
61910, 41939, 1, 0, 0
62000, 37107, 1, 0, 0
62109, 34799, 1, 0, 0
62200, 44120, 1, 0, 0
62305, 46842, 1, 0, 0
62415, 31732, 1, 0, 0
62506, 31699, 1, 0, 0
62610, 32047, 1, 0, 0
62701, 44489, 1, 0, 0
62810, 42427, 1, 0, 0
62901, 40559, 1, 0, 0
63007, 35691, 1, 0, 0
63109, 40322, 1, 0, 0
63201, 31913, 1, 0, 0
63306, 43121, 1, 0, 0
63414, 38326, 1, 0, 0
63505, 66786, 1, 0, 0
63610, 39708, 1, 0, 0
63702, 51780, 1, 0, 0
63810, 49413, 1, 0, 0
63901, 55390, 1, 0, 0
64005, 48971, 1, 0, 0
64110, 43290, 1, 0, 0
64243, 49308, 1, 0, 0
64348, 46753, 1, 0, 0
64400, 31816, 1, 0, 0
64505, 38137, 1, 0, 0
64614, 47499, 1, 0, 0
64702, 43374, 1, 0, 0
64815, 51430, 1, 0, 0
64906, 45336, 1, 0, 0
65015, 40092, 1, 0, 0
65107, 39233, 1, 0, 0
65211, 49809, 1, 0, 0
65302, 33084, 1, 0, 0
65411, 38729, 1, 0, 0
65502, 38702, 1, 0, 0
65605, 46124, 1, 0, 0
65702, 64577, 1, 0, 0
65811, 34691, 1, 0, 0
65900, 37448, 1, 0, 0
66018, 60843, 1, 0, 0
66107, 45909, 1, 0, 0
66207, 66231, 1, 0, 0
66315, 92283, 1, 0, 0
66404, 81869, 1, 0, 0
66504, 53615, 1, 0, 0
66612, 35711, 1, 0, 0
66701, 54895, 1, 0, 0
66804, 38765, 1, 0, 0
66906, 40818, 1, 0, 0
67007, 41379, 1, 0, 0
67108, 39050, 1, 0, 0
67211, 41295, 1, 0, 0
67302, 38886, 1, 0, 0
67403, 64945, 1, 0, 0
67508, 75360, 1, 0, 0
67651, 47758, 1, 0, 0
67703, 43157, 1, 0, 0
67812, 41446, 1, 0, 0
67923, 44020, 1, 0, 0
68034, 45069, 1, 0, 0
68148, 65053, 1, 0, 0
68209, 54555, 1, 0, 0
68311, 58756, 1, 0, 0
68400, 45027, 1, 0, 0
68503, 41019, 1, 0, 0
68606, 45590, 1, 0, 0
68703, 51250, 1, 0, 0
68803, 34769, 1, 0, 0
68902, 44519, 1, 0, 0
69004, 52925, 1, 0, 0
69104, 53410, 1, 0, 0
69206, 68370, 1, 0, 0
69305, 71374, 1, 0, 0
69413, 76593, 1, 0, 0
69526, 75028, 1, 0, 0
69625, 82968, 1, 0, 0
69705, 53952, 1, 0, 0
69807, 97655, 1, 0, 0
69908, 65888, 1, 0, 0
70008, 53765, 1, 0, 0
70108, 80460, 1, 0, 0
70209, 63061, 1, 0, 0
70309, 44898, 1, 0, 0
70408, 56457, 1, 0, 0
70508, 48617, 1, 0, 0
70608, 69834, 1, 0, 0
70708, 49837, 1, 0, 0
70809, 69256, 1, 0, 0
70909, 54675, 1, 0, 0
71008, 43253, 1, 0, 0
71117, 62141, 1, 0, 0
71220, 61965, 1, 0, 0
71327, 49192, 1, 0, 0
71433, 57705, 1, 0, 0
71544, 48874, 1, 0, 0
71600, 45378, 1, 0, 0
71724, 65432, 1, 0, 0
71808, 36334, 1, 0, 0
71912, 37736, 1, 0, 0
72014, 52824, 1, 0, 0
72101, 45065, 1, 0, 0
72204, 37438, 1, 0, 0
72307, 54441, 1, 0, 0
72409, 63879, 1, 0, 0
72511, 84006, 1, 0, 0
72614, 43205, 1, 0, 0
72700, 40929, 1, 0, 0
72804, 51418, 1, 0, 0
72906, 41496, 1, 0, 0
73009, 41847, 1, 0, 0
73111, 37521, 1, 0, 0
73214, 40531, 1, 0, 0
73300, 37873, 1, 0, 0
73402, 48923, 1, 0, 0
73506, 41432, 1, 0, 0
73608, 43856, 1, 0, 0
73711, 52566, 1, 0, 0
73813, 50590, 1, 0, 0
73915, 37984, 1, 0, 0
74001, 53618, 1, 0, 0
74102, 70977, 1, 0, 0
74211, 81252, 1, 0, 0
74303, 84556, 1, 0, 0
74408, 64016, 1, 0, 0
74500, 45265, 1, 0, 0
74636, 53530, 1, 0, 0
74739, 64976, 1, 0, 0
74840, 49450, 1, 0, 0
74946, 75129, 1, 0, 0
75002, 53743, 1, 0, 0
75112, 46378, 1, 0, 0
75217, 42588, 1, 0, 0
75308, 44508, 1, 0, 0
75413, 43179, 1, 0, 0
75504, 46656, 1, 0, 0
75613, 33156, 1, 0, 0
75703, 50862, 1, 0, 0
75806, 45235, 1, 0, 0
75908, 40278, 1, 0, 0
76009, 44405, 1, 0, 0
76102, 54109, 1, 0, 0
76203, 46510, 1, 0, 0
76311, 42479, 1, 0, 0
76402, 67634, 1, 0, 0
76503, 50032, 1, 0, 0
76605, 57707, 1, 0, 0
76705, 43149, 1, 0, 0
76805, 42051, 1, 0, 0
76906, 32976, 1, 0, 0
77006, 40021, 1, 0, 0
77107, 100025, 1, 0, 0
77206, 59833, 1, 0, 0
77306, 63771, 1, 0, 0
77408, 58536, 1, 0, 0
77509, 50464, 1, 0, 0
77610, 48750, 1, 0, 0
77709, 48717, 1, 0, 0
77808, 48264, 1, 0, 0
77909, 48739, 1, 0, 0
78023, 52703, 1, 0, 0
78132, 85150, 1, 0, 0
78241, 78154, 1, 0, 0
78355, 43405, 1, 0, 0
78408, 41841, 1, 0, 0
78517, 50007, 1, 0, 0
78629, 48377, 1, 0, 0
78704, 49887, 1, 0, 0
78805, 55911, 1, 0, 0
78905, 72054, 1, 0, 0
79004, 58146, 1, 0, 0
79105, 53275, 1, 0, 0
79205, 55165, 1, 0, 0
79306, 41486, 1, 0, 0
79405, 33809, 1, 0, 0
79506, 52097, 1, 0, 0
79616, 45837, 1, 0, 0
79703, 35943, 1, 0, 0
79806, 40923, 1, 0, 0
79909, 46750, 1, 0, 0
80012, 41590, 1, 0, 0
80115, 37926, 1, 0, 0
80200, 39155, 1, 0, 0
80301, 45707, 1, 0, 0
80405, 42962, 1, 0, 0
80508, 43165, 1, 0, 0
80610, 39153, 1, 0, 0
80712, 40448, 1, 0, 0
80814, 49428, 1, 0, 0
80917, 46982, 1, 0, 0
81001, 42546, 1, 0, 0
81103, 36964, 1, 0, 0
81207, 38383, 1, 0, 0
81309, 32907, 1, 0, 0
81412, 39199, 1, 0, 0
81535, 38418, 1, 0, 0
81635, 39280, 1, 0, 0
81737, 39216, 1, 0, 0
81839, 40746, 1, 0, 0
81937, 37977, 1, 0, 0
82028, 43034, 1, 0, 0
82119, 33885, 1, 0, 0
82207, 52712, 1, 0, 0
82309, 39138, 1, 0, 0
82412, 62521, 1, 0, 0
82514, 83219, 1, 0, 0
82616, 99858, 1, 0, 0
82701, 80850, 1, 0, 0
82804, 76576, 1, 0, 0
82907, 66218, 1, 0, 0
83010, 56562, 1, 0, 0
83100, 80175, 1, 0, 0
83205, 65004, 1, 0, 0
83308, 59351, 1, 0, 0
83411, 42093, 1, 0, 0
83500, 39963, 1, 0, 0
83604, 38247, 1, 0, 0
83707, 54055, 1, 0, 0
83810, 52796, 1, 0, 0
83908, 55483, 1, 0, 0
84009, 49543, 1, 0, 0
84111, 57123, 1, 0, 0
84206, 45268, 1, 0, 0
84308, 44574, 1, 0, 0
84411, 55380, 1, 0, 0
84512, 47137, 1, 0, 0
84600, 57393, 1, 0, 0
84702, 50432, 1, 0, 0
84803, 53069, 1, 0, 0
84901, 56573, 1, 0, 0
85020, 56995, 1, 0, 0
85121, 54391, 1, 0, 0
85232, 39835, 1, 0, 0
85342, 42353, 1, 0, 0
85454, 40518, 1, 0, 0
85506, 46106, 1, 0, 0
85611, 81132, 1, 0, 0
85714, 45287, 1, 0, 0
85816, 39244, 1, 0, 0
85903, 39257, 1, 0, 0
86006, 50146, 1, 0, 0
86101, 48811, 1, 0, 0
86205, 40528, 1, 0, 0
86309, 62480, 1, 0, 0
86411, 48688, 1, 0, 0
86512, 34738, 1, 0, 0
86616, 54640, 1, 0, 0
86702, 50685, 1, 0, 0
86804, 41898, 1, 0, 0
86907, 50526, 1, 0, 0
87002, 49017, 1, 0, 0
87106, 30693, 1, 0, 0
87210, 36033, 1, 0, 0
87313, 42062, 1, 0, 0
87404, 67776, 1, 0, 0
87507, 80921, 1, 0, 0
87610, 69115, 1, 0, 0
87713, 42134, 1, 0, 0
87816, 63029, 1, 0, 0
87900, 41242, 1, 0, 0
88002, 49338, 1, 0, 0
88105, 38160, 1, 0, 0
88201, 49040, 1, 0, 0
88316, 42275, 1, 0, 0
88407, 38481, 1, 0, 0
88542, 36472, 1, 0, 0
88637, 36169, 1, 0, 0
88737, 49970, 1, 0, 0
88836, 49109, 1, 0, 0
88936, 54561, 1, 0, 0
89049, 47644, 1, 0, 0
89109, 59266, 1, 0, 0
89204, 31991, 1, 0, 0
89309, 35902, 1, 0, 0
89400, 43862, 1, 0, 0
89509, 50992, 1, 0, 0
89600, 41360, 1, 0, 0
89703, 56546, 1, 0, 0
89811, 51133, 1, 0, 0
89902, 45060, 1, 0, 0
90009, 37741, 1, 0, 0
