100, 1010474, 0, 0, 0
200, 998511, 0, 0, 0
300, 1010500, 0, 0, 0
400, 1068082, 0, 0, 0
500, 1075032, 0, 0, 0
600, 1048305, 0, 0, 0
700, 987275, 0, 0, 0
800, 986567, 0, 0, 0
900, 986712, 0, 0, 0
1000, 1003059, 0, 0, 0
1100, 1040076, 0, 0, 0
1200, 1024803, 0, 0, 0
1300, 953413, 0, 0, 0
1400, 974529, 0, 0, 0
1500, 1013203, 0, 0, 0
1600, 1017160, 0, 0, 0
1700, 1006251, 0, 0, 0
1800, 1063629, 0, 0, 0
1900, 1006242, 0, 0, 0
2000, 999182, 0, 0, 0
2101, 973991, 0, 0, 0
2200, 1051686, 0, 0, 0
2300, 1036056, 0, 0, 0
2400, 1043763, 0, 0, 0
2500, 1056278, 0, 0, 0
2600, 1034395, 0, 0, 0
2700, 982469, 0, 0, 0
2800, 1011577, 0, 0, 0
2900, 992593, 0, 0, 0
3000, 1047212, 0, 0, 0
3100, 1037057, 0, 0, 0
3200, 998797, 0, 0, 0
3300, 1006634, 0, 0, 0
3400, 1001740, 0, 0, 0
3500, 985205, 0, 0, 0
3600, 995679, 0, 0, 0
3700, 985131, 0, 0, 0
3800, 1040068, 0, 0, 0
3900, 984335, 0, 0, 0
4000, 972811, 0, 0, 0
4100, 952450, 0, 0, 0
4200, 951461, 0, 0, 0
4300, 983865, 0, 0, 0
4400, 1034964, 0, 0, 0
4501, 971545, 0, 0, 0
4600, 972007, 0, 0, 0
4700, 980639, 0, 0, 0
4800, 1017839, 0, 0, 0
4900, 997915, 0, 0, 0
5000, 992553, 0, 0, 0
5100, 1020338, 0, 0, 0
5200, 1024284, 0, 0, 0
5300, 986423, 0, 0, 0
5400, 1003744, 0, 0, 0
5500, 1040915, 0, 0, 0
5600, 1021888, 0, 0, 0
5700, 993071, 0, 0, 0
5800, 1031799, 0, 0, 0
5900, 1029324, 0, 0, 0
6000, 977736, 0, 0, 0
6101, 933175, 0, 0, 0
6200, 989206, 0, 0, 0
6301, 968546, 0, 0, 0
6400, 972076, 0, 0, 0
6500, 962064, 0, 0, 0
6600, 987813, 0, 0, 0
6700, 981113, 0, 0, 0
6800, 1004648, 0, 0, 0
6900, 1034999, 0, 0, 0
7000, 1019864, 0, 0, 0
7100, 1025639, 0, 0, 0
7200, 1015213, 0, 0, 0
7300, 1019627, 0, 0, 0
7400, 1033003, 0, 0, 0
7500, 1097725, 0, 0, 0
7600, 1055912, 0, 0, 0
7700, 1039095, 0, 0, 0
7800, 1013500, 0, 0, 0
7900, 1018890, 0, 0, 0
8000, 995396, 0, 0, 0
8100, 1070890, 0, 0, 0
8200, 1017266, 0, 0, 0
8300, 1047324, 0, 0, 0
8400, 1020950, 0, 0, 0
8501, 1017854, 0, 0, 0
8600, 1010046, 0, 0, 0
8700, 1020468, 0, 0, 0
8800, 985927, 0, 0, 0
8900, 989448, 0, 0, 0
9000, 974481, 0, 0, 0
9100, 948847, 0, 0, 0
9200, 982038, 0, 0, 0
9301, 1072795, 0, 0, 0
9400, 1043327, 0, 0, 0
9500, 1016371, 0, 0, 0
9600, 1011873, 0, 0, 0
9701, 1024004, 0, 0, 0
9800, 1044070, 0, 0, 0
9900, 976544, 0, 0, 0
10000, 1028626, 0, 0, 0
10100, 948543, 0, 0, 0
10200, 986938, 0, 0, 0
10300, 1077372, 0, 0, 0
10400, 996724, 0, 0, 0
10501, 989839, 0, 0, 0
10600, 1039466, 0, 0, 0
10700, 1055734, 0, 0, 0
10800, 1042822, 0, 0, 0
10900, 1036303, 0, 0, 0
11000, 999167, 0, 0, 0
11100, 1008783, 0, 0, 0
11200, 1014796, 0, 0, 0
11300, 1004622, 0, 0, 0
11400, 1096787, 0, 0, 0
11500, 1024454, 0, 0, 0
11600, 1092798, 0, 0, 0
11701, 1062789, 0, 0, 0
11800, 1066311, 0, 0, 0
11900, 1034359, 0, 0, 0
12000, 981885, 0, 0, 0
12100, 1020739, 0, 0, 0
12200, 1012131, 0, 0, 0
12300, 1015789, 0, 0, 0
12400, 992047, 0, 0, 0
12500, 994223, 0, 0, 0
12600, 1047123, 0, 0, 0
12700, 1044207, 0, 0, 0
12800, 1046830, 0, 0, 0
12900, 1061398, 0, 0, 0
13000, 1037158, 0, 0, 0
13101, 990633, 0, 0, 0
13200, 978480, 0, 0, 0
13300, 1008407, 0, 0, 0
13400, 1048333, 0, 0, 0
13500, 1021031, 0, 0, 0
13600, 995839, 0, 0, 0
13700, 1113579, 0, 0, 0
13800, 1025934, 0, 0, 0
13900, 1010627, 0, 0, 0
14000, 1032708, 0, 0, 0
14100, 1027345, 0, 0, 0
14200, 1009918, 0, 0, 0
14300, 1038887, 0, 0, 0
14400, 983066, 0, 0, 0
14500, 1051532, 0, 0, 0
14600, 1072092, 0, 0, 0
14700, 1076280, 0, 0, 0
14800, 1025580, 0, 0, 0
14900, 1008517, 0, 0, 0
15000, 1041281, 0, 0, 0
15100, 1001325, 0, 0, 0
15200, 1034892, 0, 0, 0
15301, 1063650, 0, 0, 0
15400, 960587, 0, 0, 0
15500, 1024670, 0, 0, 0
15600, 1033166, 0, 0, 0
15700, 1036585, 0, 0, 0
15800, 999049, 0, 0, 0
15900, 979457, 0, 0, 0
16000, 979519, 0, 0, 0
16100, 1016790, 0, 0, 0
16200, 1031073, 0, 0, 0
16300, 1069025, 0, 0, 0
16401, 968308, 0, 0, 0
16500, 1092114, 0, 0, 0
16600, 1019999, 0, 0, 0
16704, 1087787, 0, 0, 0
16800, 1013253, 0, 0, 0
16900, 996242, 0, 0, 0
17000, 1080247, 0, 0, 0
17100, 984174, 0, 0, 0
17200, 1020711, 0, 0, 0
17300, 1039756, 0, 0, 0
17400, 1041845, 0, 0, 0
17500, 1082246, 0, 0, 0
17600, 998000, 0, 0, 0
17700, 988973, 0, 0, 0
17800, 968615, 0, 0, 0
17900, 982350, 0, 0, 0
18000, 966263, 0, 0, 0
18100, 959581, 0, 0, 0
18200, 970453, 0, 0, 0
18300, 1038887, 0, 0, 0
18400, 987150, 0, 0, 0
18500, 963745, 0, 0, 0
18600, 1001787, 0, 0, 0
18700, 992437, 0, 0, 0
18800, 1020777, 0, 0, 0
18900, 1003828, 0, 0, 0
19000, 1002449, 0, 0, 0
19100, 1006132, 0, 0, 0
19200, 969594, 0, 0, 0
19300, 1058583, 0, 0, 0
19400, 1130742, 0, 0, 0
19500, 996679, 0, 0, 0
19600, 988619, 0, 0, 0
19700, 980928, 0, 0, 0
19800, 1013266, 0, 0, 0
19900, 997076, 0, 0, 0
20000, 1018676, 0, 0, 0
20100, 986918, 0, 0, 0
20200, 996391, 0, 0, 0
20300, 960316, 0, 0, 0
20400, 981351, 0, 0, 0
20500, 983996, 0, 0, 0
20600, 1039719, 0, 0, 0
20700, 956540, 0, 0, 0
20800, 1002818, 0, 0, 0
20900, 1031732, 0, 0, 0
21000, 1018129, 0, 0, 0
21100, 1019000, 0, 0, 0
21200, 1005033, 0, 0, 0
21300, 985625, 0, 0, 0
21400, 1034796, 0, 0, 0
21500, 1043815, 0, 0, 0
21600, 1000965, 0, 0, 0
21700, 1029349, 0, 0, 0
21800, 1022995, 0, 0, 0
21900, 1006960, 0, 0, 0
22000, 1009671, 0, 0, 0
22100, 982670, 0, 0, 0
22200, 999953, 0, 0, 0
22300, 932701, 0, 0, 0
22400, 1010983, 0, 0, 0
22500, 1007596, 0, 0, 0
22600, 992257, 0, 0, 0
22700, 978359, 0, 0, 0
22800, 1044588, 0, 0, 0
22900, 985078, 0, 0, 0
23000, 1058164, 0, 0, 0
23100, 971380, 0, 0, 0
23200, 1020734, 0, 0, 0
23300, 1010460, 0, 0, 0
23400, 984373, 0, 0, 0
23500, 984464, 0, 0, 0
23600, 1035927, 0, 0, 0
23700, 955811, 0, 0, 0
23800, 1016951, 0, 0, 0
23900, 1013779, 0, 0, 0
24000, 1022103, 0, 0, 0
24100, 979608, 0, 0, 0
24200, 978748, 0, 0, 0
24300, 1009920, 0, 0, 0
24400, 965412, 0, 0, 0
24500, 978206, 0, 0, 0
24600, 1033086, 0, 0, 0
24700, 1001401, 0, 0, 0
24800, 994682, 0, 0, 0
24900, 958146, 0, 0, 0
25000, 982796, 0, 0, 0
25100, 994850, 0, 0, 0
25200, 1011845, 0, 0, 0
25300, 991307, 0, 0, 0
25400, 970005, 0, 0, 0
25500, 1002090, 0, 0, 0
25600, 973664, 0, 0, 0
25700, 982624, 0, 0, 0
25800, 1002602, 0, 0, 0
25900, 950886, 0, 0, 0
26000, 966277, 0, 0, 0
26100, 965756, 0, 0, 0
26200, 989546, 0, 0, 0
26300, 980110, 0, 0, 0
26400, 996670, 0, 0, 0
26500, 993579, 0, 0, 0
26600, 1000449, 0, 0, 0
26700, 994059, 0, 0, 0
26800, 1003940, 0, 0, 0
26900, 958588, 0, 0, 0
27000, 972498, 0, 0, 0
27100, 1012342, 0, 0, 0
27200, 961725, 0, 0, 0
27300, 1022350, 0, 0, 0
27400, 944972, 0, 0, 0
27500, 972599, 0, 0, 0
27600, 1012432, 0, 0, 0
27700, 1001220, 0, 0, 0
27800, 969056, 0, 0, 0
27900, 970416, 0, 0, 0
28000, 1016045, 0, 0, 0
28100, 1057663, 0, 0, 0
28200, 1033627, 0, 0, 0
28301, 1053165, 0, 0, 0
28400, 1029942, 0, 0, 0
28500, 978055, 0, 0, 0
28601, 1034978, 0, 0, 0
28700, 1031777, 0, 0, 0
28800, 1024063, 0, 0, 0
28900, 941357, 0, 0, 0
29000, 967894, 0, 0, 0
29100, 960975, 0, 0, 0
29201, 962036, 0, 0, 0
29300, 1029699, 0, 0, 0
29400, 951749, 0, 0, 0
29500, 1000874, 0, 0, 0
29600, 985863, 0, 0, 0
29700, 978058, 0, 0, 0
29800, 953730, 0, 0, 0
29901, 940217, 0, 0, 0
30000, 958978, 0, 0, 0
30100, 951037, 0, 0, 0
30200, 991093, 0, 0, 0
30300, 1044129, 0, 0, 0
30400, 1064498, 0, 0, 0
30501, 1031932, 0, 0, 0
30600, 997204, 0, 0, 0
30700, 1044003, 0, 0, 0
30800, 1060312, 0, 0, 0
30900, 1127506, 0, 0, 0
31000, 1033416, 0, 0, 0
31100, 1041305, 0, 0, 0
31200, 1005449, 0, 0, 0
31300, 1060842, 0, 0, 0
31400, 1036607, 0, 0, 0
31500, 1055225, 0, 0, 0
31600, 1087722, 0, 0, 0
31700, 1110030, 0, 0, 0
31800, 1043803, 0, 0, 0
31900, 1066883, 0, 0, 0
32000, 1033502, 0, 0, 0
32100, 1020455, 0, 0, 0
32201, 1033514, 0, 0, 0
32300, 1062264, 0, 0, 0
32400, 1064691, 0, 0, 0
32500, 1071742, 0, 0, 0
32600, 1035074, 0, 0, 0
32700, 1016919, 0, 0, 0
32800, 1035390, 0, 0, 0
32900, 1060101, 0, 0, 0
33000, 1030806, 0, 0, 0
33100, 1026422, 0, 0, 0
33200, 1033222, 0, 0, 0
33300, 1012184, 0, 0, 0
33400, 977879, 0, 0, 0
33500, 990351, 0, 0, 0
33600, 1111671, 0, 0, 0
33700, 1007790, 0, 0, 0
33800, 1067882, 0, 0, 0
33900, 1096521, 0, 0, 0
34000, 1028681, 0, 0, 0
34100, 994514, 0, 0, 0
34200, 1004014, 0, 0, 0
34301, 980900, 0, 0, 0
34400, 995080, 0, 0, 0
34500, 1024669, 0, 0, 0
34600, 982121, 0, 0, 0
34700, 1023943, 0, 0, 0
34800, 1050632, 0, 0, 0
34900, 997524, 0, 0, 0
35000, 1085506, 0, 0, 0
35100, 982362, 0, 0, 0
35200, 1124589, 0, 0, 0
35300, 959060, 0, 0, 0
35400, 1012365, 0, 0, 0
35500, 1015982, 0, 0, 0
35600, 1027662, 0, 0, 0
35700, 1044778, 0, 0, 0
35800, 1017037, 0, 0, 0
35900, 1029177, 0, 0, 0
36000, 1048328, 0, 0, 0
36100, 1039939, 0, 0, 0
36200, 991382, 0, 0, 0
36300, 1036104, 0, 0, 0
36400, 1035575, 0, 0, 0
36500, 1012443, 0, 0, 0
36600, 1005709, 0, 0, 0
36700, 1052743, 0, 0, 0
36800, 1033090, 0, 0, 0
36900, 1050645, 0, 0, 0
37000, 1020543, 0, 0, 0
37100, 1017740, 0, 0, 0
37200, 991601, 0, 0, 0
37300, 988908, 0, 0, 0
37400, 1007702, 0, 0, 0
37500, 982208, 0, 0, 0
37600, 992801, 0, 0, 0
37700, 979169, 0, 0, 0
37801, 993205, 0, 0, 0
37900, 1041076, 0, 0, 0
38000, 1013913, 0, 0, 0
38100, 1037429, 0, 0, 0
38200, 967713, 0, 0, 0
38300, 1005582, 0, 0, 0
38400, 986123, 0, 0, 0
38500, 1040171, 0, 0, 0
38600, 983935, 0, 0, 0
38700, 1005071, 0, 0, 0
38800, 1013954, 0, 0, 0
38900, 1030187, 0, 0, 0
39000, 975558, 0, 0, 0
39100, 972154, 0, 0, 0
39200, 964412, 0, 0, 0
39300, 1003867, 0, 0, 0
39400, 971242, 0, 0, 0
39500, 987512, 0, 0, 0
39600, 989521, 0, 0, 0
39700, 1029450, 0, 0, 0
39800, 1068181, 0, 0, 0
39900, 1017459, 0, 0, 0
40000, 977238, 0, 0, 0
40100, 998280, 0, 0, 0
40200, 982453, 0, 0, 0
40301, 1020331, 0, 0, 0
40400, 1059088, 0, 0, 0
40500, 1070355, 0, 0, 0
40600, 1033905, 0, 0, 0
40700, 966189, 0, 0, 0
40800, 979710, 0, 0, 0
40900, 977060, 0, 0, 0
41000, 946909, 0, 0, 0
41100, 1009740, 0, 0, 0
41200, 1041311, 0, 0, 0
41300, 966738, 0, 0, 0
41400, 1022380, 0, 0, 0
41501, 1033317, 0, 0, 0
41600, 1047232, 0, 0, 0
41700, 993868, 0, 0, 0
41801, 979968, 0, 0, 0
41900, 1002018, 0, 0, 0
42000, 979358, 0, 0, 0
42100, 992719, 0, 0, 0
42200, 984972, 0, 0, 0
42300, 1004706, 0, 0, 0
42400, 995928, 0, 0, 0
42500, 980393, 0, 0, 0
42600, 972173, 0, 0, 0
42700, 1040762, 0, 0, 0
42800, 999456, 0, 0, 0
42900, 1020464, 0, 0, 0
43000, 1039175, 0, 0, 0
43100, 1075927, 0, 0, 0
43200, 1035357, 0, 0, 0
43300, 1013411, 0, 0, 0
43400, 1059229, 0, 0, 0
43500, 1117045, 0, 0, 0
43600, 1003497, 0, 0, 0
43700, 1050192, 0, 0, 0
43800, 1037304, 0, 0, 0
43900, 1044984, 0, 0, 0
44001, 1034624, 0, 0, 0
44100, 1021344, 0, 0, 0
44200, 1025411, 0, 0, 0
44300, 998299, 0, 0, 0
44400, 1025581, 0, 0, 0
44500, 1012546, 0, 0, 0
44600, 982671, 0, 0, 0
44700, 1028775, 0, 0, 0
44800, 1049473, 0, 0, 0
44900, 1012114, 0, 0, 0
45000, 1007505, 0, 0, 0
45101, 984662, 0, 0, 0
45200, 963818, 0, 0, 0
45300, 1035777, 0, 0, 0
45400, 949676, 0, 0, 0
45500, 993325, 0, 0, 0
45600, 1001848, 0, 0, 0
45700, 968788, 0, 0, 0
45800, 1007739, 0, 0, 0
45900, 982761, 0, 0, 0
46000, 976391, 0, 0, 0
46100, 1015659, 0, 0, 0
46200, 1093921, 0, 0, 0
46300, 1007238, 0, 0, 0
46400, 1031083, 0, 0, 0
46500, 1017490, 0, 0, 0
46600, 992510, 0, 0, 0
46700, 995706, 0, 0, 0
46800, 991233, 0, 0, 0
46900, 954661, 0, 0, 0
47000, 1009015, 0, 0, 0
47100, 1004028, 0, 0, 0
47200, 1016048, 0, 0, 0
47301, 990665, 0, 0, 0
47400, 1000485, 0, 0, 0
47500, 970999, 0, 0, 0
47600, 993283, 0, 0, 0
47700, 975655, 0, 0, 0
47800, 1006824, 0, 0, 0
47900, 1038592, 0, 0, 0
48000, 961821, 0, 0, 0
48100, 992166, 0, 0, 0
48200, 964079, 0, 0, 0
48300, 941224, 0, 0, 0
48400, 938831, 0, 0, 0
48500, 966297, 0, 0, 0
48600, 964642, 0, 0, 0
48700, 967687, 0, 0, 0
48800, 940471, 0, 0, 0
48900, 974049, 0, 0, 0
49000, 964641, 0, 0, 0
49100, 934755, 0, 0, 0
49200, 932804, 0, 0, 0
49300, 986179, 0, 0, 0
49400, 1021279, 0, 0, 0
49500, 1002854, 0, 0, 0
49600, 1006565, 0, 0, 0
49700, 1007934, 0, 0, 0
49800, 1004194, 0, 0, 0
49900, 968379, 0, 0, 0
50000, 1009502, 0, 0, 0
50100, 1027200, 0, 0, 0
50200, 960966, 0, 0, 0
50300, 1005576, 0, 0, 0
50400, 956496, 0, 0, 0
50500, 928784, 0, 0, 0
50600, 951255, 0, 0, 0
50700, 954488, 0, 0, 0
50800, 972805, 0, 0, 0
50900, 971753, 0, 0, 0
51000, 978486, 0, 0, 0
51100, 982360, 0, 0, 0
51200, 971018, 0, 0, 0
51300, 973808, 0, 0, 0
51400, 1017734, 0, 0, 0
51500, 981044, 0, 0, 0
51600, 1012147, 0, 0, 0
51700, 1005750, 0, 0, 0
51800, 946990, 0, 0, 0
51900, 938403, 0, 0, 0
52000, 968317, 0, 0, 0
52100, 1015783, 0, 0, 0
52200, 1040280, 0, 0, 0
52300, 1068099, 0, 0, 0
52400, 1038829, 0, 0, 0
52500, 968622, 0, 0, 0
52600, 970722, 0, 0, 0
52700, 983824, 0, 0, 0
52800, 998369, 0, 0, 0
52900, 961711, 0, 0, 0
53000, 1009461, 0, 0, 0
53100, 1022726, 0, 0, 0
53200, 1011607, 0, 0, 0
53300, 1043598, 0, 0, 0
53400, 978932, 0, 0, 0
53500, 960557, 0, 0, 0
53600, 982645, 0, 0, 0
53701, 1044205, 0, 0, 0
53800, 988099, 0, 0, 0
53900, 1023920, 0, 0, 0
54001, 1049093, 0, 0, 0
54100, 1053589, 0, 0, 0
54200, 1048062, 0, 0, 0
54300, 1048853, 0, 0, 0
54400, 1015950, 0, 0, 0
54500, 1003551, 0, 0, 0
54600, 1031624, 0, 0, 0
54700, 1034896, 0, 0, 0
54800, 1029805, 0, 0, 0
54900, 1009348, 0, 0, 0
55000, 1009209, 0, 0, 0
55100, 1026502, 0, 0, 0
55200, 1026864, 0, 0, 0
55300, 1090981, 0, 0, 0
55400, 1005981, 0, 0, 0
55500, 1060601, 0, 0, 0
55600, 997832, 0, 0, 0
55700, 973663, 0, 0, 0
55800, 1033100, 0, 0, 0
55900, 1017241, 0, 0, 0
56000, 1004269, 0, 0, 0
56100, 970416, 0, 0, 0
56200, 1014615, 0, 0, 0
56300, 999345, 0, 0, 0
56401, 996307, 0, 0, 0
56500, 998422, 0, 0, 0
56600, 978586, 0, 0, 0
56700, 992961, 0, 0, 0
56800, 992191, 0, 0, 0
56900, 976187, 0, 0, 0
57000, 972041, 0, 0, 0
57100, 942416, 0, 0, 0
57200, 982616, 0, 0, 0
57300, 986970, 0, 0, 0
57400, 1069331, 0, 0, 0
57500, 992624, 0, 0, 0
57600, 1003571, 0, 0, 0
57700, 961698, 0, 0, 0
57800, 986603, 0, 0, 0
57900, 999609, 0, 0, 0
58000, 1051005, 0, 0, 0
58100, 983975, 0, 0, 0
58200, 1005637, 0, 0, 0
58300, 1014172, 0, 0, 0
58400, 1005642, 0, 0, 0
58500, 968951, 0, 0, 0
58600, 998535, 0, 0, 0
58700, 993072, 0, 0, 0
58800, 1013404, 0, 0, 0
58900, 994443, 0, 0, 0
59000, 1018009, 0, 0, 0
59100, 954811, 0, 0, 0
59200, 1014417, 0, 0, 0
59300, 1000308, 0, 0, 0
59400, 1015657, 0, 0, 0
59500, 950825, 0, 0, 0
59600, 950569, 0, 0, 0
59700, 1005281, 0, 0, 0
59800, 994317, 0, 0, 0
59900, 989013, 0, 0, 0
60000, 988083, 0, 0, 0
60100, 1011794, 0, 0, 0
60200, 971381, 0, 0, 0
60300, 975719, 0, 0, 0
60400, 1025733, 0, 0, 0
60500, 968434, 0, 0, 0
60600, 959033, 0, 0, 0
60700, 951832, 0, 0, 0
60800, 1037497, 0, 0, 0
60901, 950833, 0, 0, 0
61000, 993917, 0, 0, 0
61100, 993534, 0, 0, 0
61200, 1005059, 0, 0, 0
61300, 1007258, 0, 0, 0
61400, 1077225, 0, 0, 0
61500, 1017146, 0, 0, 0
61600, 1033460, 0, 0, 0
61700, 981003, 0, 0, 0
61800, 973005, 0, 0, 0
61900, 988476, 0, 0, 0
62000, 1014865, 0, 0, 0
62100, 1042386, 0, 0, 0
62200, 1027162, 0, 0, 0
62301, 1008976, 0, 0, 0
62401, 1033723, 0, 0, 0
62500, 1005905, 0, 0, 0
62600, 1010042, 0, 0, 0
62700, 969577, 0, 0, 0
62811, 1296448, 0, 0, 0
62900, 1036999, 0, 0, 0
63000, 950117, 0, 0, 0
63100, 965844, 0, 0, 0
63200, 953552, 0, 0, 0
63300, 1001450, 0, 0, 0
63400, 997745, 0, 0, 0
63500, 973100, 0, 0, 0
63600, 1019067, 0, 0, 0
63700, 987378, 0, 0, 0
63800, 990036, 0, 0, 0
63900, 1013476, 0, 0, 0
64000, 1053772, 0, 0, 0
64100, 1023851, 0, 0, 0
64200, 1095395, 0, 0, 0
64300, 1072526, 0, 0, 0
64400, 1014184, 0, 0, 0
64500, 1024107, 0, 0, 0
64600, 1001837, 0, 0, 0
64700, 1046510, 0, 0, 0
64800, 997455, 0, 0, 0
64900, 979567, 0, 0, 0
65000, 926800, 0, 0, 0
65100, 1045438, 0, 0, 0
65200, 1026374, 0, 0, 0
65301, 973290, 0, 0, 0
65400, 970288, 0, 0, 0
65500, 961448, 0, 0, 0
65600, 993731, 0, 0, 0
65700, 966352, 0, 0, 0
65800, 965084, 0, 0, 0
65900, 988954, 0, 0, 0
66000, 1024199, 0, 0, 0
66100, 1027935, 0, 0, 0
66200, 995846, 0, 0, 0
66300, 997854, 0, 0, 0
66400, 965911, 0, 0, 0
66500, 1041361, 0, 0, 0
66600, 979399, 0, 0, 0
66700, 1040690, 0, 0, 0
66800, 1014822, 0, 0, 0
66900, 1015436, 0, 0, 0
67000, 990720, 0, 0, 0
67100, 1021552, 0, 0, 0
67200, 1052319, 0, 0, 0
67300, 999524, 0, 0, 0
67400, 1019153, 0, 0, 0
67500, 1046456, 0, 0, 0
67600, 947902, 0, 0, 0
67700, 979777, 0, 0, 0
67800, 987883, 0, 0, 0
67900, 953436, 0, 0, 0
68002, 1129251, 0, 0, 0
68100, 969770, 0, 0, 0
68200, 987172, 0, 0, 0
68300, 963824, 0, 0, 0
68400, 964031, 0, 0, 0
68500, 1020575, 0, 0, 0
68600, 957954, 0, 0, 0
68700, 1065908, 0, 0, 0
68800, 971213, 0, 0, 0
68900, 981922, 0, 0, 0
69000, 978579, 0, 0, 0
69100, 1031051, 0, 0, 0
69200, 1001928, 0, 0, 0
69300, 1014583, 0, 0, 0
69400, 1060367, 0, 0, 0
69511, 1194974, 0, 0, 0
69600, 975702, 0, 0, 0
69700, 1056879, 0, 0, 0
69800, 1001761, 0, 0, 0
69900, 1012325, 0, 0, 0
70000, 1036904, 0, 0, 0
70105, 1274889, 0, 0, 0
70200, 1027258, 0, 0, 0
70300, 982244, 0, 0, 0
70400, 970233, 0, 0, 0
70500, 966161, 0, 0, 0
70600, 976544, 0, 0, 0
70700, 966024, 0, 0, 0
70800, 1000752, 0, 0, 0
70900, 1104771, 0, 0, 0
71000, 1000895, 0, 0, 0
71100, 1036257, 0, 0, 0
71200, 987610, 0, 0, 0
71300, 969021, 0, 0, 0
71400, 954453, 0, 0, 0
71500, 988995, 0, 0, 0
71600, 995661, 0, 0, 0
71700, 982312, 0, 0, 0
71800, 986241, 0, 0, 0
71900, 974545, 0, 0, 0
72000, 981247, 0, 0, 0
72100, 969785, 0, 0, 0
72200, 972670, 0, 0, 0
72300, 1196909, 0, 0, 0
72400, 981753, 0, 0, 0
72500, 1013003, 0, 0, 0
72600, 946046, 0, 0, 0
72701, 990014, 0, 0, 0
72800, 987469, 0, 0, 0
72900, 960921, 0, 0, 0
73000, 975649, 0, 0, 0
73100, 978778, 0, 0, 0
73200, 996111, 0, 0, 0
73300, 1002175, 0, 0, 0
73400, 1062469, 0, 0, 0
73500, 999266, 0, 0, 0
73600, 1063724, 0, 0, 0
73700, 1101082, 0, 0, 0
73800, 1042515, 0, 0, 0
73900, 980882, 0, 0, 0
74000, 1063831, 0, 0, 0
74100, 1049983, 0, 0, 0
74200, 1042279, 0, 0, 0
74300, 976930, 0, 0, 0
74400, 993315, 0, 0, 0
74500, 963730, 0, 0, 0
74600, 1036211, 0, 0, 0
74700, 1073241, 0, 0, 0
74800, 969507, 0, 0, 0
74900, 1056578, 0, 0, 0
75000, 990840, 0, 0, 0
75100, 1004798, 0, 0, 0
75200, 975971, 0, 0, 0
75300, 941815, 0, 0, 0
75400, 1024462, 0, 0, 0
75500, 1079298, 0, 0, 0
75600, 1093735, 0, 0, 0
75700, 992785, 0, 0, 0
75800, 1024931, 0, 0, 0
75900, 1014035, 0, 0, 0
76000, 1029037, 0, 0, 0
76100, 1070985, 0, 0, 0
76200, 1009892, 0, 0, 0
76300, 988523, 0, 0, 0
76401, 1049983, 0, 0, 0
76500, 1132696, 0, 0, 0
76600, 1045783, 0, 0, 0
76700, 1097355, 0, 0, 0
76800, 1042849, 0, 0, 0
76900, 1015463, 0, 0, 0
77000, 1076384, 0, 0, 0
77100, 1040693, 0, 0, 0
77200, 990284, 0, 0, 0
77300, 1026656, 0, 0, 0
77400, 1028662, 0, 0, 0
77500, 1021565, 0, 0, 0
77600, 1004944, 0, 0, 0
77700, 967946, 0, 0, 0
77800, 1081004, 0, 0, 0
77900, 984789, 0, 0, 0
78000, 1020718, 0, 0, 0
78101, 1051861, 0, 0, 0
78200, 1026927, 0, 0, 0
78300, 971039, 0, 0, 0
78400, 1051406, 0, 0, 0
78500, 1033877, 0, 0, 0
78600, 953820, 0, 0, 0
78700, 970266, 0, 0, 0
78800, 985170, 0, 0, 0
78900, 1030657, 0, 0, 0
79000, 1006583, 0, 0, 0
79100, 1022828, 0, 0, 0
79200, 1042078, 0, 0, 0
79300, 996242, 0, 0, 0
79400, 973431, 0, 0, 0
79500, 1007996, 0, 0, 0
79600, 1014248, 0, 0, 0
79700, 965432, 0, 0, 0
79800, 1005956, 0, 0, 0
79900, 998808, 0, 0, 0
80000, 1020751, 0, 0, 0
80100, 1063126, 0, 0, 0
80200, 986764, 0, 0, 0
80300, 986646, 0, 0, 0
80400, 1002789, 0, 0, 0
80500, 993051, 0, 0, 0
80600, 988304, 0, 0, 0
80700, 1046611, 0, 0, 0
80800, 1014818, 0, 0, 0
80900, 1003447, 0, 0, 0
81000, 1028269, 0, 0, 0
81100, 972671, 0, 0, 0
81200, 1112372, 0, 0, 0
81300, 1029057, 0, 0, 0
81400, 978348, 0, 0, 0
81500, 1044617, 0, 0, 0
81600, 1020895, 0, 0, 0
81700, 1030353, 0, 0, 0
81800, 1093170, 0, 0, 0
81900, 1034020, 0, 0, 0
82000, 1023419, 0, 0, 0
82100, 999717, 0, 0, 0
82200, 1022473, 0, 0, 0
82300, 1040656, 0, 0, 0
82400, 1058472, 0, 0, 0
82500, 1068992, 0, 0, 0
82600, 1044457, 0, 0, 0
82700, 1121085, 0, 0, 0
82800, 1085054, 0, 0, 0
82900, 1066068, 0, 0, 0
83000, 986327, 0, 0, 0
83100, 994710, 0, 0, 0
83200, 1273762, 0, 0, 0
83300, 1013514, 0, 0, 0
83400, 1022858, 0, 0, 0
83500, 989632, 0, 0, 0
83600, 1003117, 0, 0, 0
83700, 980163, 0, 0, 0
83800, 1083037, 0, 0, 0
83902, 1086516, 0, 0, 0
84000, 1019346, 0, 0, 0
84100, 1019214, 0, 0, 0
84200, 995238, 0, 0, 0
84300, 1034457, 0, 0, 0
84400, 1055365, 0, 0, 0
84500, 1004508, 0, 0, 0
84600, 1195852, 0, 0, 0
84701, 1011126, 0, 0, 0
84800, 1011109, 0, 0, 0
84900, 1005916, 0, 0, 0
85000, 1018898, 0, 0, 0
85100, 1020219, 0, 0, 0
85200, 1002989, 0, 0, 0
85300, 1020700, 0, 0, 0
85400, 979293, 0, 0, 0
85500, 1026278, 0, 0, 0
85600, 1205788, 0, 0, 0
85700, 1006150, 0, 0, 0
85800, 1063686, 0, 0, 0
85900, 993490, 0, 0, 0
86000, 1021732, 0, 0, 0
86100, 1002091, 0, 0, 0
86200, 973791, 0, 0, 0
86300, 963405, 0, 0, 0
86400, 1000278, 0, 0, 0
86500, 1024546, 0, 0, 0
86600, 1042154, 0, 0, 0
86700, 1186326, 0, 0, 0
86800, 980270, 0, 0, 0
86900, 975823, 0, 0, 0
87000, 982671, 0, 0, 0
87100, 1032648, 0, 0, 0
87200, 991867, 0, 0, 0
87300, 1001292, 0, 0, 0
87400, 1008792, 0, 0, 0
87500, 1051287, 0, 0, 0
87600, 1047949, 0, 0, 0
87702, 1106646, 0, 0, 0
87800, 1003205, 0, 0, 0
87900, 957141, 0, 0, 0
88000, 1001667, 0, 0, 0
88100, 982321, 0, 0, 0
88200, 995500, 0, 0, 0
88300, 1228002, 0, 0, 0
88400, 944357, 0, 0, 0
88501, 1027065, 0, 0, 0
88600, 1052756, 0, 0, 0
88700, 1064796, 0, 0, 0
88800, 1062307, 0, 0, 0
88900, 969981, 0, 0, 0
89000, 1012215, 0, 0, 0
89100, 961673, 0, 0, 0
89200, 1030410, 0, 0, 0
89300, 978027, 0, 0, 0
89400, 1037658, 0, 0, 0
89500, 1008598, 0, 0, 0
89600, 1519871, 0, 0, 0
89702, 1076907, 0, 0, 0
89800, 1018139, 0, 0, 0
89901, 1033368, 0, 0, 0
90000, 1083079, 0, 0, 0
