250, 199680, 0, 0, 0
350, 148480, 0, 0, 0
450, 184320, 0, 0, 0
550, 222720, 0, 0, 0
650, 133120, 0, 0, 0
749, 191353, 0, 0, 0
849, 192000, 0, 0, 0
949, 184320, 0, 0, 0
1049, 189440, 0, 0, 0
1149, 186880, 0, 0, 0
1249, 140800, 0, 0, 0
1349, 202240, 0, 0, 0
1449, 197120, 0, 0, 0
1550, 148480, 0, 0, 0
1650, 168960, 0, 0, 0
1749, 160323, 0, 0, 0
1849, 179200, 0, 0, 0
1949, 212480, 0, 0, 0
2049, 207360, 0, 0, 0
2149, 230400, 0, 0, 0
2249, 248320, 0, 0, 0
2349, 204800, 0, 0, 0
2449, 171520, 0, 0, 0
2549, 138240, 0, 0, 0
2649, 130560, 0, 0, 0
2749, 212480, 0, 0, 0
2849, 163840, 0, 0, 0
2949, 179200, 0, 0, 0
3050, 192000, 0, 0, 0
3150, 199680, 0, 0, 0
3249, 222383, 0, 0, 0
3349, 217600, 0, 0, 0
3449, 240640, 0, 0, 0
3549, 227840, 0, 0, 0
3649, 248320, 0, 0, 0
3749, 184320, 0, 0, 0
3849, 102400, 0, 0, 0
3949, 128000, 0, 0, 0
4049, 207360, 0, 0, 0
4149, 204800, 0, 0, 0
4249, 227840, 0, 0, 0
4349, 207360, 0, 0, 0
4449, 204800, 0, 0, 0
4550, 174080, 0, 0, 0
4650, 192000, 0, 0, 0
4750, 174080, 0, 0, 0
4850, 199680, 0, 0, 0
4950, 192000, 0, 0, 0
5050, 171520, 0, 0, 0
5150, 194560, 0, 0, 0
5249, 224969, 0, 0, 0
5349, 225280, 0, 0, 0
5449, 222720, 0, 0, 0
5549, 238080, 0, 0, 0
5649, 253440, 0, 0, 0
5749, 184320, 0, 0, 0
5849, 227840, 0, 0, 0
5949, 261120, 0, 0, 0
6050, 179200, 0, 0, 0
6150, 232960, 0, 0, 0
6249, 147393, 0, 0, 0
6349, 215040, 0, 0, 0
6449, 209920, 0, 0, 0
6549, 181760, 0, 0, 0
6649, 115200, 0, 0, 0
6749, 166400, 0, 0, 0
6849, 192000, 0, 0, 0
6949, 212480, 0, 0, 0
7049, 179200, 0, 0, 0
7149, 212480, 0, 0, 0
7250, 158720, 0, 0, 0
7350, 197120, 0, 0, 0
7450, 181760, 0, 0, 0
7550, 148480, 0, 0, 0
7650, 232960, 0, 0, 0
7749, 168080, 0, 0, 0
7849, 209920, 0, 0, 0
7949, 192000, 0, 0, 0
8049, 235520, 0, 0, 0
8149, 194560, 0, 0, 0
8249, 184320, 0, 0, 0
8349, 225280, 0, 0, 0
8449, 186880, 0, 0, 0
8549, 197120, 0, 0, 0
8649, 140800, 0, 0, 0
8750, 189440, 0, 0, 0
8850, 197120, 0, 0, 0
8950, 192000, 0, 0, 0
9050, 217600, 0, 0, 0
9150, 194560, 0, 0, 0
9249, 168080, 0, 0, 0
9349, 222720, 0, 0, 0
9449, 212480, 0, 0, 0
9549, 207360, 0, 0, 0
9649, 212480, 0, 0, 0
9749, 168960, 0, 0, 0
9849, 232960, 0, 0, 0
9949, 176640, 0, 0, 0
10049, 207360, 0, 0, 0
10149, 207360, 0, 0, 0
10250, 135680, 0, 0, 0
10350, 194560, 0, 0, 0
10450, 225280, 0, 0, 0
10550, 202240, 0, 0, 0
10650, 209920, 0, 0, 0
10749, 193939, 0, 0, 0
10849, 215040, 0, 0, 0
10949, 235520, 0, 0, 0
11049, 174080, 0, 0, 0
11149, 217600, 0, 0, 0
11249, 174080, 0, 0, 0
11349, 168960, 0, 0, 0
11449, 199680, 0, 0, 0
11549, 204800, 0, 0, 0
11649, 225280, 0, 0, 0
11750, 197120, 0, 0, 0
11850, 168960, 0, 0, 0
11950, 194560, 0, 0, 0
12050, 197120, 0, 0, 0
12150, 204800, 0, 0, 0
12249, 201696, 0, 0, 0
12349, 179200, 0, 0, 0
12449, 199680, 0, 0, 0
12549, 204800, 0, 0, 0
12649, 163840, 0, 0, 0
12749, 192000, 0, 0, 0
12849, 199680, 0, 0, 0
12949, 209920, 0, 0, 0
13049, 168960, 0, 0, 0
13149, 197120, 0, 0, 0
13250, 174080, 0, 0, 0
13350, 174080, 0, 0, 0
13450, 115200, 0, 0, 0
13550, 207360, 0, 0, 0
13650, 115200, 0, 0, 0
13749, 209454, 0, 0, 0
13849, 130560, 0, 0, 0
13949, 189440, 0, 0, 0
14049, 204800, 0, 0, 0
14149, 215040, 0, 0, 0
14249, 215040, 0, 0, 0
14349, 230400, 0, 0, 0
14449, 253440, 0, 0, 0
14549, 112640, 0, 0, 0
14649, 194560, 0, 0, 0
14749, 161280, 0, 0, 0
14850, 125440, 0, 0, 0
14950, 209920, 0, 0, 0
15050, 220160, 0, 0, 0
15150, 202240, 0, 0, 0
15249, 250828, 0, 0, 0
15349, 128000, 0, 0, 0
15449, 156160, 0, 0, 0
15549, 212480, 0, 0, 0
15649, 186880, 0, 0, 0
15749, 179200, 0, 0, 0
15849, 168960, 0, 0, 0
15949, 184320, 0, 0, 0
16049, 248320, 0, 0, 0
16149, 227840, 0, 0, 0
16249, 240640, 0, 0, 0
16349, 258560, 0, 0, 0
16449, 189440, 0, 0, 0
16550, 232960, 0, 0, 0
16650, 215040, 0, 0, 0
16749, 178424, 0, 0, 0
16849, 166400, 0, 0, 0
16949, 204800, 0, 0, 0
17049, 163840, 0, 0, 0
17149, 166400, 0, 0, 0
17249, 184320, 0, 0, 0
17349, 186880, 0, 0, 0
17449, 176640, 0, 0, 0
17549, 202240, 0, 0, 0
17649, 204800, 0, 0, 0
17749, 207360, 0, 0, 0
17849, 194560, 0, 0, 0
17949, 148480, 0, 0, 0
18050, 212480, 0, 0, 0
18150, 186880, 0, 0, 0
18249, 196525, 0, 0, 0
18349, 215040, 0, 0, 0
18449, 215040, 0, 0, 0
18549, 176640, 0, 0, 0
18649, 186880, 0, 0, 0
18749, 158720, 0, 0, 0
18849, 158720, 0, 0, 0
18949, 161280, 0, 0, 0
19049, 128000, 0, 0, 0
19149, 179200, 0, 0, 0
19249, 202240, 0, 0, 0
19349, 207360, 0, 0, 0
19449, 163840, 0, 0, 0
19550, 209920, 0, 0, 0
19650, 192000, 0, 0, 0
19750, 220160, 0, 0, 0
19850, 209920, 0, 0, 0
19950, 222720, 0, 0, 0
20050, 238080, 0, 0, 0
20150, 215040, 0, 0, 0
20249, 201696, 0, 0, 0
20349, 240640, 0, 0, 0
20449, 199680, 0, 0, 0
20549, 209920, 0, 0, 0
20649, 232960, 0, 0, 0
20749, 181760, 0, 0, 0
20849, 217600, 0, 0, 0
20949, 148480, 0, 0, 0
21050, 163840, 0, 0, 0
21150, 145920, 0, 0, 0
21249, 162909, 0, 0, 0
21349, 158720, 0, 0, 0
21449, 220160, 0, 0, 0
21549, 209920, 0, 0, 0
21649, 207360, 0, 0, 0
21749, 184320, 0, 0, 0
21849, 245760, 0, 0, 0
21949, 189440, 0, 0, 0
22049, 199680, 0, 0, 0
22149, 204800, 0, 0, 0
22250, 92160, 0, 0, 0
22350, 163840, 0, 0, 0
22450, 197120, 0, 0, 0
22550, 268800, 0, 0, 0
22650, 181760, 0, 0, 0
22749, 175838, 0, 0, 0
22849, 184320, 0, 0, 0
22949, 156160, 0, 0, 0
23049, 163840, 0, 0, 0
23149, 171520, 0, 0, 0
23249, 112640, 0, 0, 0
23349, 174080, 0, 0, 0
23449, 179200, 0, 0, 0
23549, 130560, 0, 0, 0
23649, 197120, 0, 0, 0
23750, 217600, 0, 0, 0
23850, 202240, 0, 0, 0
23950, 235520, 0, 0, 0
24050, 238080, 0, 0, 0
24150, 207360, 0, 0, 0
24249, 217212, 0, 0, 0
24349, 202240, 0, 0, 0
24449, 199680, 0, 0, 0
24549, 189440, 0, 0, 0
24649, 215040, 0, 0, 0
24749, 220160, 0, 0, 0
24849, 151040, 0, 0, 0
24949, 166400, 0, 0, 0
25049, 220160, 0, 0, 0
25149, 192000, 0, 0, 0
25250, 171520, 0, 0, 0
25350, 235520, 0, 0, 0
25450, 197120, 0, 0, 0
25550, 212480, 0, 0, 0
25650, 166400, 0, 0, 0
25749, 237898, 0, 0, 0
25849, 194560, 0, 0, 0
25949, 199680, 0, 0, 0
26049, 204800, 0, 0, 0
26149, 171520, 0, 0, 0
26249, 217600, 0, 0, 0
26349, 192000, 0, 0, 0
26449, 151040, 0, 0, 0
26549, 194560, 0, 0, 0
26649, 199680, 0, 0, 0
26749, 215040, 0, 0, 0
26850, 261120, 0, 0, 0
26950, 202240, 0, 0, 0
27050, 186880, 0, 0, 0
27150, 133120, 0, 0, 0
27249, 209454, 0, 0, 0
27349, 209920, 0, 0, 0
27449, 112640, 0, 0, 0
27549, 243200, 0, 0, 0
27649, 204800, 0, 0, 0
27749, 235520, 0, 0, 0
27849, 168960, 0, 0, 0
27949, 186880, 0, 0, 0
28049, 189440, 0, 0, 0
28149, 192000, 0, 0, 0
28250, 158720, 0, 0, 0
28350, 202240, 0, 0, 0
28450, 189440, 0, 0, 0
28550, 133120, 0, 0, 0
28650, 179200, 0, 0, 0
28749, 224969, 0, 0, 0
28849, 212480, 0, 0, 0
28949, 215040, 0, 0, 0
29049, 181760, 0, 0, 0
29149, 140800, 0, 0, 0
29249, 156160, 0, 0, 0
29349, 202240, 0, 0, 0
29449, 220160, 0, 0, 0
29549, 230400, 0, 0, 0
29649, 207360, 0, 0, 0
29750, 186880, 0, 0, 0
29850, 215040, 0, 0, 0
29950, 128000, 0, 0, 0
30050, 194560, 0, 0, 0
30150, 230400, 0, 0, 0
30249, 214626, 0, 0, 0
30349, 192000, 0, 0, 0
30449, 148480, 0, 0, 0
30549, 235520, 0, 0, 0
30649, 204800, 0, 0, 0
30749, 240640, 0, 0, 0
30849, 207360, 0, 0, 0
30949, 194560, 0, 0, 0
31049, 151040, 0, 0, 0
31149, 197120, 0, 0, 0
31249, 181760, 0, 0, 0
31349, 176640, 0, 0, 0
31450, 179200, 0, 0, 0
31550, 184320, 0, 0, 0
31650, 212480, 0, 0, 0
31749, 222383, 0, 0, 0
31849, 166400, 0, 0, 0
31949, 168960, 0, 0, 0
32049, 217600, 0, 0, 0
32149, 268800, 0, 0, 0
32249, 166400, 0, 0, 0
32349, 197120, 0, 0, 0
32449, 215040, 0, 0, 0
32549, 186880, 0, 0, 0
32649, 215040, 0, 0, 0
32749, 212480, 0, 0, 0
32849, 145920, 0, 0, 0
32949, 189440, 0, 0, 0
33050, 215040, 0, 0, 0
33150, 168960, 0, 0, 0
33250, 194560, 0, 0, 0
33350, 232960, 0, 0, 0
33450, 184320, 0, 0, 0
33550, 232960, 0, 0, 0
33650, 166400, 0, 0, 0
33749, 248242, 0, 0, 0
33849, 176640, 0, 0, 0
33949, 197120, 0, 0, 0
34049, 209920, 0, 0, 0
34149, 215040, 0, 0, 0
34249, 192000, 0, 0, 0
34349, 215040, 0, 0, 0
34449, 204800, 0, 0, 0
34550, 151040, 0, 0, 0
34650, 176640, 0, 0, 0
34750, 192000, 0, 0, 0
34850, 197120, 0, 0, 0
34950, 215040, 0, 0, 0
35050, 166400, 0, 0, 0
35150, 186880, 0, 0, 0
35249, 212040, 0, 0, 0
35349, 176640, 0, 0, 0
35449, 232960, 0, 0, 0
35549, 256000, 0, 0, 0
35649, 215040, 0, 0, 0
35749, 168960, 0, 0, 0
35849, 174080, 0, 0, 0
35949, 120320, 0, 0, 0
36050, 153600, 0, 0, 0
36150, 184320, 0, 0, 0
36250, 232960, 0, 0, 0
36350, 189440, 0, 0, 0
36450, 217600, 0, 0, 0
36550, 199680, 0, 0, 0
36650, 222720, 0, 0, 0
36749, 222383, 0, 0, 0
36849, 230400, 0, 0, 0
36949, 192000, 0, 0, 0
37049, 232960, 0, 0, 0
37149, 161280, 0, 0, 0
37249, 153600, 0, 0, 0
37349, 156160, 0, 0, 0
37449, 199680, 0, 0, 0
37549, 174080, 0, 0, 0
37650, 179200, 0, 0, 0
37750, 192000, 0, 0, 0
37850, 199680, 0, 0, 0
37950, 204800, 0, 0, 0
38050, 197120, 0, 0, 0
38150, 197120, 0, 0, 0
38249, 199111, 0, 0, 0
38349, 207360, 0, 0, 0
38449, 238080, 0, 0, 0
38549, 158720, 0, 0, 0
38649, 212480, 0, 0, 0
38749, 189440, 0, 0, 0
38849, 202240, 0, 0, 0
38950, 161280, 0, 0, 0
39050, 238080, 0, 0, 0
39150, 266240, 0, 0, 0
39249, 188767, 0, 0, 0
39349, 192000, 0, 0, 0
39449, 199680, 0, 0, 0
39549, 202240, 0, 0, 0
39649, 163840, 0, 0, 0
39749, 204800, 0, 0, 0
39849, 220160, 0, 0, 0
39949, 232960, 0, 0, 0
40049, 217600, 0, 0, 0
40149, 248320, 0, 0, 0
40249, 215040, 0, 0, 0
40349, 163840, 0, 0, 0
40450, 199680, 0, 0, 0
40550, 120320, 0, 0, 0
40650, 163840, 0, 0, 0
40749, 204282, 0, 0, 0
40849, 174080, 0, 0, 0
40949, 240640, 0, 0, 0
41049, 151040, 0, 0, 0
41149, 222720, 0, 0, 0
41249, 202240, 0, 0, 0
41349, 197120, 0, 0, 0
41449, 199680, 0, 0, 0
41549, 174080, 0, 0, 0
41649, 181760, 0, 0, 0
41749, 184320, 0, 0, 0
41849, 145920, 0, 0, 0
41949, 199680, 0, 0, 0
42050, 176640, 0, 0, 0
42150, 156160, 0, 0, 0
42250, 189440, 0, 0, 0
42350, 184320, 0, 0, 0
42450, 245760, 0, 0, 0
42550, 186880, 0, 0, 0
42650, 179200, 0, 0, 0
42749, 186181, 0, 0, 0
42849, 199680, 0, 0, 0
42949, 174080, 0, 0, 0
43049, 138240, 0, 0, 0
43149, 161280, 0, 0, 0
43249, 153600, 0, 0, 0
43349, 179200, 0, 0, 0
43449, 202240, 0, 0, 0
43550, 153600, 0, 0, 0
43650, 227840, 0, 0, 0
43750, 212480, 0, 0, 0
43850, 151040, 0, 0, 0
43950, 212480, 0, 0, 0
44050, 238080, 0, 0, 0
44150, 225280, 0, 0, 0
44249, 168080, 0, 0, 0
44349, 220160, 0, 0, 0
44449, 186880, 0, 0, 0
44549, 225280, 0, 0, 0
44649, 179200, 0, 0, 0
44749, 220160, 0, 0, 0
44849, 204800, 0, 0, 0
44949, 217600, 0, 0, 0
45049, 197120, 0, 0, 0
45149, 227840, 0, 0, 0
45250, 184320, 0, 0, 0
45350, 209920, 0, 0, 0
45450, 199680, 0, 0, 0
45550, 232960, 0, 0, 0
45650, 207360, 0, 0, 0
45749, 157737, 0, 0, 0
45849, 204800, 0, 0, 0
45949, 204800, 0, 0, 0
46049, 204800, 0, 0, 0
46149, 197120, 0, 0, 0
46249, 148480, 0, 0, 0
46349, 156160, 0, 0, 0
46449, 217600, 0, 0, 0
46549, 189440, 0, 0, 0
46649, 197120, 0, 0, 0
46750, 202240, 0, 0, 0
46850, 122880, 0, 0, 0
46950, 176640, 0, 0, 0
47050, 243200, 0, 0, 0
47150, 238080, 0, 0, 0
47249, 188767, 0, 0, 0
47349, 212480, 0, 0, 0
47449, 207360, 0, 0, 0
47549, 158720, 0, 0, 0
47649, 176640, 0, 0, 0
47749, 222720, 0, 0, 0
47849, 235520, 0, 0, 0
47949, 153600, 0, 0, 0
48049, 197120, 0, 0, 0
48149, 158720, 0, 0, 0
48249, 97280, 0, 0, 0
48350, 163840, 0, 0, 0
48450, 186880, 0, 0, 0
48550, 240640, 0, 0, 0
48650, 245760, 0, 0, 0
48749, 188767, 0, 0, 0
48849, 153600, 0, 0, 0
48949, 199680, 0, 0, 0
49049, 140800, 0, 0, 0
49149, 199680, 0, 0, 0
49249, 215040, 0, 0, 0
49349, 263680, 0, 0, 0
49449, 227840, 0, 0, 0
49549, 192000, 0, 0, 0
49649, 166400, 0, 0, 0
49749, 243200, 0, 0, 0
49849, 168960, 0, 0, 0
49949, 268800, 0, 0, 0
50050, 212480, 0, 0, 0
50150, 207360, 0, 0, 0
50250, 186880, 0, 0, 0
50350, 128000, 0, 0, 0
50450, 215040, 0, 0, 0
50550, 161280, 0, 0, 0
50650, 161280, 0, 0, 0
50749, 235313, 0, 0, 0
50849, 202240, 0, 0, 0
50949, 174080, 0, 0, 0
51049, 176640, 0, 0, 0
51149, 243200, 0, 0, 0
51249, 174080, 0, 0, 0
51350, 163840, 0, 0, 0
51450, 197120, 0, 0, 0
51550, 207360, 0, 0, 0
51650, 250880, 0, 0, 0
51749, 186181, 0, 0, 0
51849, 215040, 0, 0, 0
51949, 174080, 0, 0, 0
52049, 181760, 0, 0, 0
52149, 222720, 0, 0, 0
52249, 128000, 0, 0, 0
52349, 194560, 0, 0, 0
52449, 186880, 0, 0, 0
52550, 179200, 0, 0, 0
52650, 220160, 0, 0, 0
52750, 192000, 0, 0, 0
52850, 212480, 0, 0, 0
52950, 204800, 0, 0, 0
53050, 179200, 0, 0, 0
53150, 217600, 0, 0, 0
53249, 165494, 0, 0, 0
53349, 248320, 0, 0, 0
53449, 176640, 0, 0, 0
53549, 179200, 0, 0, 0
53649, 181760, 0, 0, 0
53749, 145920, 0, 0, 0
53849, 194560, 0, 0, 0
53949, 115200, 0, 0, 0
54049, 199680, 0, 0, 0
54150, 258560, 0, 0, 0
54250, 189440, 0, 0, 0
54350, 204800, 0, 0, 0
54450, 215040, 0, 0, 0
54550, 176640, 0, 0, 0
54650, 199680, 0, 0, 0
54749, 183595, 0, 0, 0
54849, 199680, 0, 0, 0
54949, 192000, 0, 0, 0
55049, 107520, 0, 0, 0
55149, 197120, 0, 0, 0
55249, 166400, 0, 0, 0
55349, 202240, 0, 0, 0
55449, 202240, 0, 0, 0
55549, 176640, 0, 0, 0
55649, 209920, 0, 0, 0
55750, 222720, 0, 0, 0
55850, 140800, 0, 0, 0
55950, 186880, 0, 0, 0
56050, 227840, 0, 0, 0
56150, 166400, 0, 0, 0
56249, 134464, 0, 0, 0
56349, 235520, 0, 0, 0
56449, 212480, 0, 0, 0
56549, 207360, 0, 0, 0
56649, 225280, 0, 0, 0
56749, 171520, 0, 0, 0
56849, 209920, 0, 0, 0
56949, 220160, 0, 0, 0
57049, 163840, 0, 0, 0
57149, 168960, 0, 0, 0
57249, 184320, 0, 0, 0
57350, 240640, 0, 0, 0
57450, 230400, 0, 0, 0
57550, 212480, 0, 0, 0
57650, 156160, 0, 0, 0
57749, 230141, 0, 0, 0
57849, 202240, 0, 0, 0
57949, 102400, 0, 0, 0
58049, 212480, 0, 0, 0
58149, 122880, 0, 0, 0
58249, 207360, 0, 0, 0
58349, 215040, 0, 0, 0
58449, 189440, 0, 0, 0
58549, 158720, 0, 0, 0
58649, 143360, 0, 0, 0
58750, 104960, 0, 0, 0
58850, 168960, 0, 0, 0
58950, 222720, 0, 0, 0
59050, 238080, 0, 0, 0
59150, 174080, 0, 0, 0
59249, 204282, 0, 0, 0
59349, 212480, 0, 0, 0
59449, 194560, 0, 0, 0
59549, 230400, 0, 0, 0
59649, 215040, 0, 0, 0
59749, 199680, 0, 0, 0
59849, 199680, 0, 0, 0
59949, 174080, 0, 0, 0
60049, 199680, 0, 0, 0
60149, 209920, 0, 0, 0
60249, 222720, 0, 0, 0
60349, 199680, 0, 0, 0
60450, 181760, 0, 0, 0
60550, 163840, 0, 0, 0
60650, 168960, 0, 0, 0
60749, 214626, 0, 0, 0
60849, 197120, 0, 0, 0
60949, 199680, 0, 0, 0
61049, 135680, 0, 0, 0
61149, 130560, 0, 0, 0
61249, 199680, 0, 0, 0
61349, 184320, 0, 0, 0
61449, 163840, 0, 0, 0
61549, 207360, 0, 0, 0
61649, 220160, 0, 0, 0
61750, 207360, 0, 0, 0
61850, 245760, 0, 0, 0
61950, 215040, 0, 0, 0
62050, 248320, 0, 0, 0
62150, 202240, 0, 0, 0
62249, 188767, 0, 0, 0
62349, 87040, 0, 0, 0
62449, 148480, 0, 0, 0
62549, 184320, 0, 0, 0
62649, 220160, 0, 0, 0
62749, 189440, 0, 0, 0
62849, 176640, 0, 0, 0
62949, 135680, 0, 0, 0
63049, 207360, 0, 0, 0
63149, 204800, 0, 0, 0
63250, 250880, 0, 0, 0
63350, 207360, 0, 0, 0
63450, 166400, 0, 0, 0
63550, 222720, 0, 0, 0
63650, 192000, 0, 0, 0
63749, 160323, 0, 0, 0
63849, 148480, 0, 0, 0
63949, 199680, 0, 0, 0
64049, 212480, 0, 0, 0
64149, 184320, 0, 0, 0
64249, 186880, 0, 0, 0
64349, 215040, 0, 0, 0
64449, 186880, 0, 0, 0
64549, 186880, 0, 0, 0
64649, 207360, 0, 0, 0
64750, 215040, 0, 0, 0
64850, 207360, 0, 0, 0
64950, 212480, 0, 0, 0
65050, 230400, 0, 0, 0
65150, 179200, 0, 0, 0
65249, 214626, 0, 0, 0
65349, 204800, 0, 0, 0
65449, 197120, 0, 0, 0
65549, 202240, 0, 0, 0
65649, 222720, 0, 0, 0
65749, 192000, 0, 0, 0
65849, 235520, 0, 0, 0
65949, 174080, 0, 0, 0
66049, 230400, 0, 0, 0
66149, 138240, 0, 0, 0
66250, 189440, 0, 0, 0
66350, 207360, 0, 0, 0
66450, 245760, 0, 0, 0
66550, 181760, 0, 0, 0
66650, 158720, 0, 0, 0
66749, 162909, 0, 0, 0
66849, 202240, 0, 0, 0
66949, 199680, 0, 0, 0
67049, 158720, 0, 0, 0
67149, 186880, 0, 0, 0
67249, 220160, 0, 0, 0
67349, 199680, 0, 0, 0
67449, 245760, 0, 0, 0
67549, 166400, 0, 0, 0
67649, 227840, 0, 0, 0
67750, 189440, 0, 0, 0
67850, 140800, 0, 0, 0
67950, 148480, 0, 0, 0
68050, 186880, 0, 0, 0
68150, 181760, 0, 0, 0
68249, 196525, 0, 0, 0
68349, 184320, 0, 0, 0
68449, 171520, 0, 0, 0
68549, 135680, 0, 0, 0
68649, 222720, 0, 0, 0
68749, 163840, 0, 0, 0
68849, 179200, 0, 0, 0
68949, 143360, 0, 0, 0
69049, 174080, 0, 0, 0
69149, 220160, 0, 0, 0
69249, 256000, 0, 0, 0
69350, 204800, 0, 0, 0
69450, 204800, 0, 0, 0
69550, 176640, 0, 0, 0
69650, 209920, 0, 0, 0
69749, 157737, 0, 0, 0
69849, 215040, 0, 0, 0
69949, 207360, 0, 0, 0
70049, 189440, 0, 0, 0
70149, 176640, 0, 0, 0
70249, 209920, 0, 0, 0
70349, 212480, 0, 0, 0
70449, 197120, 0, 0, 0
70549, 186880, 0, 0, 0
70649, 253440, 0, 0, 0
70749, 176640, 0, 0, 0
70849, 168960, 0, 0, 0
70950, 166400, 0, 0, 0
71050, 143360, 0, 0, 0
71150, 189440, 0, 0, 0
71249, 227555, 0, 0, 0
71349, 230400, 0, 0, 0
71449, 184320, 0, 0, 0
71549, 171520, 0, 0, 0
71649, 158720, 0, 0, 0
71749, 181760, 0, 0, 0
71849, 202240, 0, 0, 0
71949, 174080, 0, 0, 0
72049, 197120, 0, 0, 0
72149, 220160, 0, 0, 0
72249, 225280, 0, 0, 0
72349, 199680, 0, 0, 0
72449, 215040, 0, 0, 0
72550, 230400, 0, 0, 0
72650, 168960, 0, 0, 0
72749, 193939, 0, 0, 0
72849, 256000, 0, 0, 0
72949, 153600, 0, 0, 0
73049, 204800, 0, 0, 0
73149, 171520, 0, 0, 0
73249, 220160, 0, 0, 0
73349, 202240, 0, 0, 0
73449, 148480, 0, 0, 0
73549, 192000, 0, 0, 0
73649, 194560, 0, 0, 0
73750, 192000, 0, 0, 0
73850, 212480, 0, 0, 0
73950, 158720, 0, 0, 0
74050, 184320, 0, 0, 0
74150, 181760, 0, 0, 0
74249, 196525, 0, 0, 0
74349, 179200, 0, 0, 0
74449, 220160, 0, 0, 0
74549, 209920, 0, 0, 0
74649, 192000, 0, 0, 0
74750, 232960, 0, 0, 0
74850, 217600, 0, 0, 0
74950, 222720, 0, 0, 0
75050, 240640, 0, 0, 0
75150, 197120, 0, 0, 0
75249, 173252, 0, 0, 0
75349, 217600, 0, 0, 0
75449, 184320, 0, 0, 0
75549, 192000, 0, 0, 0
75649, 174080, 0, 0, 0
75749, 199680, 0, 0, 0
75849, 197120, 0, 0, 0
75949, 207360, 0, 0, 0
76050, 227840, 0, 0, 0
76150, 207360, 0, 0, 0
76250, 215040, 0, 0, 0
76350, 212480, 0, 0, 0
76450, 189440, 0, 0, 0
76550, 194560, 0, 0, 0
76650, 122880, 0, 0, 0
76749, 204282, 0, 0, 0
76849, 184320, 0, 0, 0
76949, 181760, 0, 0, 0
77049, 145920, 0, 0, 0
77149, 179200, 0, 0, 0
77250, 202240, 0, 0, 0
77350, 217600, 0, 0, 0
77450, 209920, 0, 0, 0
77550, 222720, 0, 0, 0
77650, 238080, 0, 0, 0
77749, 165494, 0, 0, 0
77849, 184320, 0, 0, 0
77949, 202240, 0, 0, 0
78049, 217600, 0, 0, 0
78149, 243200, 0, 0, 0
78250, 209920, 0, 0, 0
78350, 215040, 0, 0, 0
78450, 199680, 0, 0, 0
78550, 143360, 0, 0, 0
78650, 189440, 0, 0, 0
78749, 219797, 0, 0, 0
78849, 186880, 0, 0, 0
78949, 161280, 0, 0, 0
79049, 158720, 0, 0, 0
79149, 184320, 0, 0, 0
79249, 207360, 0, 0, 0
79349, 153600, 0, 0, 0
79449, 225280, 0, 0, 0
79550, 202240, 0, 0, 0
79650, 220160, 0, 0, 0
79749, 147393, 0, 0, 0
79849, 202240, 0, 0, 0
79949, 199680, 0, 0, 0
80049, 192000, 0, 0, 0
80149, 245760, 0, 0, 0
80249, 230400, 0, 0, 0
80349, 197120, 0, 0, 0
80449, 199680, 0, 0, 0
80549, 156160, 0, 0, 0
80650, 184320, 0, 0, 0
80750, 199680, 0, 0, 0
80850, 163840, 0, 0, 0
80950, 166400, 0, 0, 0
81050, 225280, 0, 0, 0
81150, 222720, 0, 0, 0
81249, 204282, 0, 0, 0
81349, 186880, 0, 0, 0
81449, 232960, 0, 0, 0
81549, 135680, 0, 0, 0
81649, 248320, 0, 0, 0
81749, 220160, 0, 0, 0
81850, 197120, 0, 0, 0
81950, 186880, 0, 0, 0
82050, 161280, 0, 0, 0
82150, 184320, 0, 0, 0
82249, 183595, 0, 0, 0
82349, 204800, 0, 0, 0
82449, 189440, 0, 0, 0
82549, 209920, 0, 0, 0
82649, 212480, 0, 0, 0
82749, 161280, 0, 0, 0
82849, 194560, 0, 0, 0
82949, 148480, 0, 0, 0
83049, 158720, 0, 0, 0
83149, 225280, 0, 0, 0
83249, 212480, 0, 0, 0
83350, 138240, 0, 0, 0
83450, 156160, 0, 0, 0
83550, 220160, 0, 0, 0
83650, 222720, 0, 0, 0
83749, 196525, 0, 0, 0
83849, 204800, 0, 0, 0
83949, 248320, 0, 0, 0
84049, 179200, 0, 0, 0
84149, 189440, 0, 0, 0
84249, 207360, 0, 0, 0
84349, 189440, 0, 0, 0
84449, 209920, 0, 0, 0
84549, 222720, 0, 0, 0
84649, 163840, 0, 0, 0
84749, 202240, 0, 0, 0
84849, 204800, 0, 0, 0
84949, 199680, 0, 0, 0
85050, 227840, 0, 0, 0
85150, 192000, 0, 0, 0
85249, 199111, 0, 0, 0
85349, 99840, 0, 0, 0
85449, 104960, 0, 0, 0
85549, 220160, 0, 0, 0
85649, 212480, 0, 0, 0
85749, 225280, 0, 0, 0
85849, 186880, 0, 0, 0
85949, 207360, 0, 0, 0
86049, 230400, 0, 0, 0
86149, 243200, 0, 0, 0
86249, 227840, 0, 0, 0
86349, 171520, 0, 0, 0
86450, 202240, 0, 0, 0
86550, 225280, 0, 0, 0
86650, 197120, 0, 0, 0
86749, 204282, 0, 0, 0
86849, 128000, 0, 0, 0
86949, 204800, 0, 0, 0
87049, 204800, 0, 0, 0
87149, 158720, 0, 0, 0
87249, 158720, 0, 0, 0
87349, 235520, 0, 0, 0
87449, 207360, 0, 0, 0
87549, 192000, 0, 0, 0
87649, 92160, 0, 0, 0
87749, 176640, 0, 0, 0
87849, 166400, 0, 0, 0
87949, 184320, 0, 0, 0
88050, 186880, 0, 0, 0
88150, 222720, 0, 0, 0
88250, 189440, 0, 0, 0
88350, 166400, 0, 0, 0
88450, 181760, 0, 0, 0
88550, 243200, 0, 0, 0
88650, 245760, 0, 0, 0
88749, 170666, 0, 0, 0
88849, 212480, 0, 0, 0
88949, 220160, 0, 0, 0
89049, 181760, 0, 0, 0
89149, 199680, 0, 0, 0
89249, 207360, 0, 0, 0
89349, 186880, 0, 0, 0
89449, 253440, 0, 0, 0
89550, 171520, 0, 0, 0
89650, 151040, 0, 0, 0
89750, 181760, 0, 0, 0
89850, 145920, 0, 0, 0
89950, 215040, 0, 0, 0
