119, 102943204, 1, 0, 0
218, 64365380, 1, 0, 0
303, 27117020, 1, 0, 0
411, 26686999, 1, 0, 0
516, 28859580, 1, 0, 0
603, 27373678, 1, 0, 0
717, 26963947, 1, 0, 0
803, 22746192, 1, 0, 0
905, 27657110, 1, 0, 0
1017, 22892125, 1, 0, 0
1107, 26486572, 1, 0, 0
1202, 27300392, 1, 0, 0
1305, 30490538, 1, 0, 0
1409, 27770830, 1, 0, 0
1505, 23214866, 1, 0, 0
1611, 22468456, 1, 0, 0
1703, 26609521, 1, 0, 0
1813, 24930376, 1, 0, 0
1902, 25339656, 1, 0, 0
2006, 26740412, 1, 0, 0
2109, 26768822, 1, 0, 0
2200, 27390733, 1, 0, 0
2310, 21576926, 1, 0, 0
2400, 21394570, 1, 0, 0
2501, 24591941, 1, 0, 0
2609, 20791014, 1, 0, 0
2712, 26968915, 1, 0, 0
2842, 39693027, 1, 0, 0
2949, 90922572, 1, 0, 0
3051, 93757961, 1, 0, 0
3106, 90831139, 1, 0, 0
3210, 93632780, 1, 0, 0
3315, 93392257, 1, 0, 0
3420, 94853198, 1, 0, 0
3512, 39162151, 1, 0, 0
3605, 24896317, 1, 0, 0
3711, 20756688, 1, 0, 0
3800, 28073264, 1, 0, 0
3904, 26477165, 1, 0, 0
4003, 28406159, 1, 0, 0
4108, 26226497, 1, 0, 0
4209, 25346430, 1, 0, 0
4311, 23906256, 1, 0, 0
4402, 27144901, 1, 0, 0
4512, 26964326, 1, 0, 0
4605, 25045312, 1, 0, 0
4710, 26667329, 1, 0, 0
4810, 28418482, 1, 0, 0
4907, 23413238, 1, 0, 0
5018, 28520441, 1, 0, 0
5106, 26562623, 1, 0, 0
5209, 24068678, 1, 0, 0
5302, 26799106, 1, 0, 0
5409, 24509165, 1, 0, 0
5500, 25662110, 1, 0, 0
5610, 26751040, 1, 0, 0
5702, 27048607, 1, 0, 0
5812, 27441157, 1, 0, 0
5905, 27749906, 1, 0, 0
6000, 27558279, 1, 0, 0
6102, 23862141, 1, 0, 0
6207, 34222377, 1, 0, 0
6307, 92165322, 1, 0, 0
6419, 89652405, 1, 0, 0
6531, 99487423, 1, 0, 0
6634, 94259838, 1, 0, 0
6741, 93110963, 1, 0, 0
6848, 72576136, 1, 0, 0
6915, 66532224, 1, 0, 0
7007, 25774215, 1, 0, 0
7100, 24926759, 1, 0, 0
7202, 25825615, 1, 0, 0
7312, 27782493, 1, 0, 0
7419, 24701227, 1, 0, 0
7509, 25504538, 1, 0, 0
7604, 28262908, 1, 0, 0
7702, 28519663, 1, 0, 0
7805, 26322998, 1, 0, 0
7917, 20167417, 1, 0, 0
8007, 26742196, 1, 0, 0
8110, 21536750, 1, 0, 0
8201, 30785035, 1, 0, 0
8307, 26248673, 1, 0, 0
8401, 25680052, 1, 0, 0
8500, 29322302, 1, 0, 0
8605, 24899879, 1, 0, 0
8708, 25012310, 1, 0, 0
8801, 26322665, 1, 0, 0
8913, 27709413, 1, 0, 0
9002, 26549810, 1, 0, 0
9107, 21177323, 1, 0, 0
9214, 23215854, 1, 0, 0
9301, 20699157, 1, 0, 0
9407, 26778373, 1, 0, 0
9520, 31358139, 1, 0, 0
9629, 58737545, 1, 0, 0
9739, 74286992, 1, 0, 0
9845, 90851673, 1, 0, 0
9900, 92643882, 1, 0, 0
10010, 79740297, 1, 0, 0
10115, 97494028, 1, 0, 0
10206, 37156999, 1, 0, 0
10315, 25494303, 1, 0, 0
10407, 27447016, 1, 0, 0
10518, 26915442, 1, 0, 0
10606, 26823332, 1, 0, 0
10710, 26533230, 1, 0, 0
10803, 26838579, 1, 0, 0
10911, 28288119, 1, 0, 0
11007, 28079744, 1, 0, 0
11122, 24086256, 1, 0, 0
11214, 29292444, 1, 0, 0
11303, 23721992, 1, 0, 0
11407, 24264859, 1, 0, 0
11512, 27237378, 1, 0, 0
11610, 28895298, 1, 0, 0
11700, 22866747, 1, 0, 0
11817, 30303665, 1, 0, 0
11902, 28970575, 1, 0, 0
12012, 21879353, 1, 0, 0
12112, 25288243, 1, 0, 0
12205, 26853222, 1, 0, 0
12305, 28830482, 1, 0, 0
12404, 26096880, 1, 0, 0
12511, 25984878, 1, 0, 0
12601, 24158550, 1, 0, 0
12712, 26818178, 1, 0, 0
12805, 27677827, 1, 0, 0
12901, 49157208, 1, 0, 0
13001, 94797804, 1, 0, 0
13110, 93631340, 1, 0, 0
13221, 97592606, 1, 0, 0
13328, 97112477, 1, 0, 0
13437, 95202747, 1, 0, 0
13542, 89700064, 1, 0, 0
13602, 44563871, 1, 0, 0
13707, 25612130, 1, 0, 0
13817, 26897391, 1, 0, 0
13912, 27266647, 1, 0, 0
14004, 22664798, 1, 0, 0
14109, 24500462, 1, 0, 0
14204, 23863889, 1, 0, 0
14315, 27164294, 1, 0, 0
14409, 27873216, 1, 0, 0
14513, 24158524, 1, 0, 0
14605, 22898627, 1, 0, 0
14707, 23958218, 1, 0, 0
14809, 26209215, 1, 0, 0
14914, 23283578, 1, 0, 0
15004, 26828515, 1, 0, 0
15100, 28392986, 1, 0, 0
15205, 28328554, 1, 0, 0
15309, 29455559, 1, 0, 0
15402, 23207196, 1, 0, 0
15500, 27704787, 1, 0, 0
15611, 27874600, 1, 0, 0
15705, 28298908, 1, 0, 0
15813, 24449514, 1, 0, 0
15907, 25935300, 1, 0, 0
16012, 27161922, 1, 0, 0
16114, 27814083, 1, 0, 0
16247, 44139785, 1, 0, 0
16357, 94181273, 1, 0, 0
16406, 85027426, 1, 0, 0
16518, 77527132, 1, 0, 0
16625, 58999054, 1, 0, 0
16732, 95405691, 1, 0, 0
16846, 95785387, 1, 0, 0
16908, 50682575, 1, 0, 0
17001, 27359522, 1, 0, 0
17105, 27930492, 1, 0, 0
17203, 27381073, 1, 0, 0
17315, 25486704, 1, 0, 0
17404, 26847858, 1, 0, 0
17511, 24569647, 1, 0, 0
17604, 27481118, 1, 0, 0
17717, 28082821, 1, 0, 0
17801, 27996460, 1, 0, 0
17910, 26362302, 1, 0, 0
18001, 25255839, 1, 0, 0
18101, 28754330, 1, 0, 0
18208, 27066562, 1, 0, 0
18304, 27300214, 1, 0, 0
18413, 27968611, 1, 0, 0
18506, 23534979, 1, 0, 0
18613, 23769451, 1, 0, 0
18703, 27876110, 1, 0, 0
18808, 26420671, 1, 0, 0
18913, 23845635, 1, 0, 0
19004, 25709212, 1, 0, 0
19112, 27534967, 1, 0, 0
19201, 26849876, 1, 0, 0
19311, 26026028, 1, 0, 0
19401, 26360791, 1, 0, 0
19508, 26647351, 1, 0, 0
19609, 65825486, 1, 0, 0
19719, 95160393, 1, 0, 0
19828, 97814550, 1, 0, 0
19938, 96971394, 1, 0, 0
20044, 97594232, 1, 0, 0
20150, 85510018, 1, 0, 0
20210, 43025276, 1, 0, 0
20311, 26063860, 1, 0, 0
20405, 26335490, 1, 0, 0
20505, 24974062, 1, 0, 0
20614, 26351567, 1, 0, 0
20706, 27707825, 1, 0, 0
20810, 26757876, 1, 0, 0
20900, 26594904, 1, 0, 0
21010, 24196216, 1, 0, 0
21102, 26593759, 1, 0, 0
21210, 22633071, 1, 0, 0
21301, 23844637, 1, 0, 0
21407, 28307247, 1, 0, 0
21505, 23631717, 1, 0, 0
21600, 25815056, 1, 0, 0
21714, 23810310, 1, 0, 0
21818, 28580137, 1, 0, 0
21910, 29917753, 1, 0, 0
22013, 23698493, 1, 0, 0
22102, 27283224, 1, 0, 0
22206, 30165194, 1, 0, 0
22313, 30448021, 1, 0, 0
22415, 27453673, 1, 0, 0
22518, 28408599, 1, 0, 0
22606, 28737730, 1, 0, 0
22711, 27678801, 1, 0, 0
22800, 27893005, 1, 0, 0
22935, 46223574, 1, 0, 0
23044, 94742477, 1, 0, 0
23153, 58516814, 1, 0, 0
23209, 64198957, 1, 0, 0
23320, 88209126, 1, 0, 0
23429, 98590878, 1, 0, 0
23537, 66476920, 1, 0, 0
23606, 48929931, 1, 0, 0
23709, 29599338, 1, 0, 0
23817, 22591477, 1, 0, 0
23902, 26083206, 1, 0, 0
24009, 24857816, 1, 0, 0
24116, 31078930, 1, 0, 0
24204, 25527959, 1, 0, 0
24310, 29660181, 1, 0, 0
24401, 27432837, 1, 0, 0
24502, 30921682, 1, 0, 0
24612, 27815737, 1, 0, 0
24700, 26915444, 1, 0, 0
24806, 24793925, 1, 0, 0
24912, 26777928, 1, 0, 0
25006, 26815434, 1, 0, 0
25107, 28644154, 1, 0, 0
25208, 25716407, 1, 0, 0
25315, 30626300, 1, 0, 0
25416, 28303332, 1, 0, 0
25501, 25889311, 1, 0, 0
25604, 23516327, 1, 0, 0
25710, 26643128, 1, 0, 0
25818, 29755885, 1, 0, 0
25901, 30623016, 1, 0, 0
26009, 29863812, 1, 0, 0
26114, 26645841, 1, 0, 0
26200, 26147280, 1, 0, 0
26318, 41491964, 1, 0, 0
26430, 102368057, 1, 0, 0
26543, 97011474, 1, 0, 0
26653, 98956940, 1, 0, 0
26705, 109696462, 1, 0, 0
26815, 97281579, 1, 0, 0
26921, 74205717, 1, 0, 0
27000, 75106937, 1, 0, 0
27108, 28851985, 1, 0, 0
27213, 29874639, 1, 0, 0
27302, 27430722, 1, 0, 0
27404, 30239615, 1, 0, 0
27508, 31122703, 1, 0, 0
27617, 27939846, 1, 0, 0
27702, 27054360, 1, 0, 0
27821, 32688840, 1, 0, 0
27914, 28795929, 1, 0, 0
28007, 27067771, 1, 0, 0
28101, 25972120, 1, 0, 0
28201, 27394735, 1, 0, 0
28308, 28104607, 1, 0, 0
28400, 27141635, 1, 0, 0
28503, 24929000, 1, 0, 0
28608, 25995833, 1, 0, 0
28700, 28107815, 1, 0, 0
28809, 26761481, 1, 0, 0
28913, 26925164, 1, 0, 0
29004, 25409067, 1, 0, 0
29109, 25643194, 1, 0, 0
29216, 26831637, 1, 0, 0
29308, 27464997, 1, 0, 0
29403, 26058381, 1, 0, 0
29500, 26019579, 1, 0, 0
29613, 31613992, 1, 0, 0
29719, 76183210, 1, 0, 0
29822, 93949283, 1, 0, 0
29927, 91622936, 1, 0, 0
30034, 94256333, 1, 0, 0
30141, 94362348, 1, 0, 0
30249, 95443745, 1, 0, 0
30311, 63009349, 1, 0, 0
30403, 23693291, 1, 0, 0
30511, 23744215, 1, 0, 0
30603, 26864739, 1, 0, 0
30707, 21880252, 1, 0, 0
30812, 24326395, 1, 0, 0
30900, 26357364, 1, 0, 0
31011, 23544509, 1, 0, 0
31111, 25986003, 1, 0, 0
31202, 26907687, 1, 0, 0
31307, 27066729, 1, 0, 0
31400, 26807101, 1, 0, 0
31510, 28019654, 1, 0, 0
31606, 23072163, 1, 0, 0
31706, 25057272, 1, 0, 0
31806, 22640295, 1, 0, 0
31904, 29727103, 1, 0, 0
32007, 27086080, 1, 0, 0
32114, 25102322, 1, 0, 0
32213, 22264792, 1, 0, 0
32300, 24346890, 1, 0, 0
32413, 24176846, 1, 0, 0
32505, 24164660, 1, 0, 0
32607, 29205950, 1, 0, 0
32717, 22158330, 1, 0, 0
32809, 27381787, 1, 0, 0
32928, 30661578, 1, 0, 0
33032, 81093868, 1, 0, 0
33138, 94018068, 1, 0, 0
33251, 96395500, 1, 0, 0
33305, 101131684, 1, 0, 0
33415, 97402084, 1, 0, 0
33526, 98367458, 1, 0, 0
33607, 74923759, 1, 0, 0
33710, 25476992, 1, 0, 0
33801, 26324099, 1, 0, 0
33905, 26410124, 1, 0, 0
34010, 26191547, 1, 0, 0
34102, 26218845, 1, 0, 0
34204, 26900731, 1, 0, 0
34318, 27036096, 1, 0, 0
34400, 27307135, 1, 0, 0
34515, 27260191, 1, 0, 0
34600, 25514412, 1, 0, 0
34707, 26055829, 1, 0, 0
34808, 29803958, 1, 0, 0
34908, 45760019, 1, 0, 0
35015, 42728569, 1, 0, 0
35118, 28342361, 1, 0, 0
35203, 30171484, 1, 0, 0
35309, 30634405, 1, 0, 0
35403, 28470729, 1, 0, 0
35508, 26578977, 1, 0, 0
35613, 25941510, 1, 0, 0
35700, 26696248, 1, 0, 0
35809, 24257038, 1, 0, 0
35904, 28012469, 1, 0, 0
36010, 26154218, 1, 0, 0
36110, 24235921, 1, 0, 0
36216, 24575652, 1, 0, 0
36352, 39320571, 1, 0, 0
36403, 78332068, 1, 0, 0
36509, 88697572, 1, 0, 0
36613, 93712584, 1, 0, 0
36725, 94146174, 1, 0, 0
36848, 102154525, 1, 0, 0
36905, 112698995, 1, 0, 0
37004, 51027675, 1, 0, 0
37115, 27611838, 1, 0, 0
37209, 26161458, 1, 0, 0
37313, 25329818, 1, 0, 0
37405, 26465727, 1, 0, 0
37512, 26127698, 1, 0, 0
37607, 24561386, 1, 0, 0
37714, 28784352, 1, 0, 0
37809, 26135194, 1, 0, 0
37911, 29321034, 1, 0, 0
38012, 26357741, 1, 0, 0
38102, 24086460, 1, 0, 0
38206, 21347104, 1, 0, 0
38302, 27010818, 1, 0, 0
38411, 26783068, 1, 0, 0
38502, 26171782, 1, 0, 0
38610, 28436823, 1, 0, 0
38700, 26684367, 1, 0, 0
38810, 26540160, 1, 0, 0
38903, 27420760, 1, 0, 0
39011, 28629978, 1, 0, 0
39104, 25710961, 1, 0, 0
39208, 26218633, 1, 0, 0
39310, 25631856, 1, 0, 0
39403, 24959182, 1, 0, 0
39512, 27233059, 1, 0, 0
39630, 27502675, 1, 0, 0
39732, 87164549, 1, 0, 0
39836, 91256284, 1, 0, 0
39946, 94593921, 1, 0, 0
40003, 84632194, 1, 0, 0
40119, 101386227, 1, 0, 0
40236, 98751895, 1, 0, 0
40319, 100033813, 1, 0, 0
40413, 36635426, 1, 0, 0
40502, 26540488, 1, 0, 0
40607, 27083324, 1, 0, 0
40700, 26916309, 1, 0, 0
40807, 24826308, 1, 0, 0
40913, 24658754, 1, 0, 0
41020, 24982606, 1, 0, 0
41119, 36629470, 1, 0, 0
41200, 26073635, 1, 0, 0
41307, 31716747, 1, 0, 0
41413, 30289530, 1, 0, 0
41505, 33617903, 1, 0, 0
41614, 34372419, 1, 0, 0
41705, 33083519, 1, 0, 0
41815, 30503324, 1, 0, 0
41900, 28873604, 1, 0, 0
42012, 33377056, 1, 0, 0
42104, 30745852, 1, 0, 0
42216, 32479537, 1, 0, 0
42392, 49434457, 1, 0, 0
42427, 145795648, 1, 0, 0
42521, 47835142, 1, 0, 0
42668, 94663725, 1, 0, 0
42737, 137299193, 1, 0, 0
42803, 119977163, 1, 0, 0
42945, 124700786, 1, 0, 0
43012, 135074608, 1, 0, 0
43161, 122028643, 1, 0, 0
43224, 129228561, 1, 0, 0
43333, 117871139, 1, 0, 0
43417, 43288028, 1, 0, 0
43512, 33919631, 1, 0, 0
43604, 40284826, 1, 0, 0
43721, 32056985, 1, 0, 0
43820, 38737110, 1, 0, 0
43918, 43020408, 1, 0, 0
44018, 41355258, 1, 0, 0
44111, 41086193, 1, 0, 0
44217, 38030159, 1, 0, 0
44317, 35465430, 1, 0, 0
44412, 27476953, 1, 0, 0
44509, 28281407, 1, 0, 0
44614, 24233226, 1, 0, 0
44705, 24014226, 1, 0, 0
44808, 23678195, 1, 0, 0
44901, 28420442, 1, 0, 0
45011, 27338691, 1, 0, 0
45104, 26810356, 1, 0, 0
45208, 39418654, 1, 0, 0
45316, 87292507, 1, 0, 0
45432, 89762960, 1, 0, 0
45544, 74627663, 1, 0, 0
45653, 77265066, 1, 0, 0
45708, 81851695, 1, 0, 0
45820, 61484689, 1, 0, 0
45907, 38415690, 1, 0, 0
46011, 26196149, 1, 0, 0
46102, 21310220, 1, 0, 0
46210, 24905651, 1, 0, 0
46300, 25995758, 1, 0, 0
46401, 24729694, 1, 0, 0
46510, 26356522, 1, 0, 0
46606, 28550012, 1, 0, 0
46707, 29671684, 1, 0, 0
46814, 25010073, 1, 0, 0
46903, 25374086, 1, 0, 0
47018, 25265731, 1, 0, 0
47103, 28597501, 1, 0, 0
47210, 26753615, 1, 0, 0
47300, 26246170, 1, 0, 0
47407, 27218262, 1, 0, 0
47509, 26160390, 1, 0, 0
47615, 24027080, 1, 0, 0
47709, 25391187, 1, 0, 0
47812, 24947321, 1, 0, 0
47903, 24489104, 1, 0, 0
48009, 25328340, 1, 0, 0
48102, 27451706, 1, 0, 0
48212, 27379324, 1, 0, 0
48305, 27658326, 1, 0, 0
48420, 22148810, 1, 0, 0
48514, 44827933, 1, 0, 0
48615, 76659770, 1, 0, 0
48717, 90933721, 1, 0, 0
48821, 81122362, 1, 0, 0
48929, 80595603, 1, 0, 0
49034, 95807033, 1, 0, 0
49113, 80869269, 1, 0, 0
49225, 40695548, 1, 0, 0
49309, 27463141, 1, 0, 0
49415, 31160476, 1, 0, 0
49505, 30360233, 1, 0, 0
49619, 34257173, 1, 0, 0
49715, 27635476, 1, 0, 0
49810, 26531051, 1, 0, 0
49902, 26153991, 1, 0, 0
50011, 27778129, 1, 0, 0
50101, 26645635, 1, 0, 0
50202, 23633058, 1, 0, 0
50319, 35597512, 1, 0, 0
50408, 29059027, 1, 0, 0
50513, 24769100, 1, 0, 0
50604, 20574880, 1, 0, 0
50709, 25718286, 1, 0, 0
50805, 28106418, 1, 0, 0
50913, 28196020, 1, 0, 0
51005, 27298779, 1, 0, 0
51115, 26616017, 1, 0, 0
51206, 26437443, 1, 0, 0
51313, 27837827, 1, 0, 0
51407, 27134975, 1, 0, 0
51500, 27375907, 1, 0, 0
51602, 28088932, 1, 0, 0
51710, 28074958, 1, 0, 0
51804, 27783217, 1, 0, 0
51916, 46373789, 1, 0, 0
52017, 89191978, 1, 0, 0
52122, 90252703, 1, 0, 0
52223, 92163288, 1, 0, 0
52338, 96579092, 1, 0, 0
52452, 103960792, 1, 0, 0
52508, 84213591, 1, 0, 0
52604, 59375112, 1, 0, 0
52710, 27791346, 1, 0, 0
52811, 33040680, 1, 0, 0
52933, 76947894, 1, 0, 0
53017, 53444599, 1, 0, 0
53108, 23619110, 1, 0, 0
53216, 26862300, 1, 0, 0
53304, 26761142, 1, 0, 0
53412, 25485620, 1, 0, 0
53516, 24355571, 1, 0, 0
53603, 23127528, 1, 0, 0
53707, 23541019, 1, 0, 0
53811, 23987203, 1, 0, 0
53900, 27781780, 1, 0, 0
54002, 26339214, 1, 0, 0
54105, 23082478, 1, 0, 0
54219, 27548491, 1, 0, 0
54308, 26781792, 1, 0, 0
54400, 24197822, 1, 0, 0
54503, 24934306, 1, 0, 0
54614, 27161482, 1, 0, 0
54710, 25550444, 1, 0, 0
54814, 26502237, 1, 0, 0
54903, 25797452, 1, 0, 0
55005, 23579522, 1, 0, 0
55105, 24405377, 1, 0, 0
55243, 40803165, 1, 0, 0
55349, 88581161, 1, 0, 0
55458, 78059240, 1, 0, 0
55510, 95305024, 1, 0, 0
55618, 96619523, 1, 0, 0
55727, 58291833, 1, 0, 0
55837, 96584016, 1, 0, 0
55900, 92161043, 1, 0, 0
56007, 32721489, 1, 0, 0
56101, 24538769, 1, 0, 0
56207, 27263131, 1, 0, 0
56311, 26235140, 1, 0, 0
56403, 26537166, 1, 0, 0
56506, 27148951, 1, 0, 0
56609, 23832910, 1, 0, 0
56717, 25577627, 1, 0, 0
56807, 24448887, 1, 0, 0
56900, 27414565, 1, 0, 0
57010, 23711480, 1, 0, 0
57100, 24937087, 1, 0, 0
57205, 24655941, 1, 0, 0
57308, 26401798, 1, 0, 0
57413, 26512825, 1, 0, 0
57503, 26291171, 1, 0, 0
57602, 27590574, 1, 0, 0
57708, 25483017, 1, 0, 0
57807, 20861586, 1, 0, 0
57913, 30518662, 1, 0, 0
58016, 27716394, 1, 0, 0
58100, 31033618, 1, 0, 0
58212, 26935823, 1, 0, 0
58313, 30833786, 1, 0, 0
58402, 30700380, 1, 0, 0
58522, 29625206, 1, 0, 0
58626, 46122043, 1, 0, 0
58732, 93345756, 1, 0, 0
58837, 77176990, 1, 0, 0
58951, 95170360, 1, 0, 0
59004, 113618510, 1, 0, 0
59118, 79113450, 1, 0, 0
59236, 93634807, 1, 0, 0
59301, 50487148, 1, 0, 0
59404, 26226570, 1, 0, 0
59508, 28023641, 1, 0, 0
59615, 30986268, 1, 0, 0
59704, 22756071, 1, 0, 0
59812, 30794440, 1, 0, 0
59918, 28676991, 1, 0, 0
60010, 28026428, 1, 0, 0
60114, 28283951, 1, 0, 0
60204, 27757435, 1, 0, 0
60308, 27746285, 1, 0, 0
60400, 32694743, 1, 0, 0
60502, 23093528, 1, 0, 0
60604, 23868661, 1, 0, 0
60713, 25446930, 1, 0, 0
60817, 26458900, 1, 0, 0
60908, 30488305, 1, 0, 0
61009, 31153681, 1, 0, 0
61109, 36055672, 1, 0, 0
61222, 41217494, 1, 0, 0
61318, 45834683, 1, 0, 0
61417, 42599149, 1, 0, 0
61515, 40056553, 1, 0, 0
61633, 58475712, 1, 0, 0
61707, 116150341, 1, 0, 0
61830, 115185210, 1, 0, 0
61900, 89455956, 1, 0, 0
62077, 129716711, 1, 0, 0
62140, 150135601, 1, 0, 0
62247, 125573277, 1, 0, 0
62304, 98135358, 1, 0, 0
62408, 34586163, 1, 0, 0
62500, 26801774, 1, 0, 0
62606, 24308768, 1, 0, 0
62712, 27457437, 1, 0, 0
62801, 25120811, 1, 0, 0
62906, 26155657, 1, 0, 0
63001, 26368535, 1, 0, 0
63107, 26578492, 1, 0, 0
63200, 24925145, 1, 0, 0
63305, 23179825, 1, 0, 0
63413, 25164137, 1, 0, 0
63503, 24010220, 1, 0, 0
63606, 25539060, 1, 0, 0
63706, 22663745, 1, 0, 0
63813, 24191254, 1, 0, 0
63902, 25434097, 1, 0, 0
64004, 26118485, 1, 0, 0
64112, 22434102, 1, 0, 0
64215, 23303463, 1, 0, 0
64305, 19145318, 1, 0, 0
64411, 23648506, 1, 0, 0
64507, 26241825, 1, 0, 0
64609, 21921898, 1, 0, 0
64735, 24911149, 1, 0, 0
64831, 74404717, 1, 0, 0
64941, 75725303, 1, 0, 0
65053, 99508769, 1, 0, 0
65104, 65948985, 1, 0, 0
65208, 92568219, 1, 0, 0
65314, 69184681, 1, 0, 0
65417, 90737996, 1, 0, 0
65505, 54736146, 1, 0, 0
65611, 26839294, 1, 0, 0
65704, 26116058, 1, 0, 0
65816, 27774808, 1, 0, 0
65909, 23872943, 1, 0, 0
66001, 25242447, 1, 0, 0
66106, 28738697, 1, 0, 0
66205, 23612176, 1, 0, 0
66302, 39641412, 1, 0, 0
66424, 39443318, 1, 0, 0
66516, 42950550, 1, 0, 0
66618, 38092562, 1, 0, 0
66707, 41845578, 1, 0, 0
66800, 34878672, 1, 0, 0
66912, 39019133, 1, 0, 0
67001, 31372482, 1, 0, 0
67112, 22723403, 1, 0, 0
67203, 24895268, 1, 0, 0
67313, 22926404, 1, 0, 0
67402, 27195318, 1, 0, 0
67513, 27118906, 1, 0, 0
67604, 24934503, 1, 0, 0
67731, 31063148, 1, 0, 0
67835, 73040639, 1, 0, 0
67941, 93598187, 1, 0, 0
68047, 94239160, 1, 0, 0
68151, 94440988, 1, 0, 0
68204, 105194509, 1, 0, 0
68305, 92657169, 1, 0, 0
68407, 81225424, 1, 0, 0
68500, 26505478, 1, 0, 0
68602, 26438484, 1, 0, 0
68706, 26565838, 1, 0, 0
68817, 27640228, 1, 0, 0
68907, 27225598, 1, 0, 0
69012, 25867248, 1, 0, 0
69100, 27737390, 1, 0, 0
69206, 26533158, 1, 0, 0
69300, 25079006, 1, 0, 0
69410, 24292230, 1, 0, 0
69513, 25051897, 1, 0, 0
69606, 24043403, 1, 0, 0
69712, 27368167, 1, 0, 0
69804, 25715225, 1, 0, 0
69906, 27852297, 1, 0, 0
70014, 25128066, 1, 0, 0
70105, 25626174, 1, 0, 0
70212, 26133733, 1, 0, 0
70302, 25550536, 1, 0, 0
70411, 24353167, 1, 0, 0
70515, 25730255, 1, 0, 0
70604, 25709387, 1, 0, 0
70704, 21540485, 1, 0, 0
70813, 23821649, 1, 0, 0
70908, 28409684, 1, 0, 0
71048, 33077834, 1, 0, 0
71154, 92425122, 1, 0, 0
71207, 96311454, 1, 0, 0
71315, 96122787, 1, 0, 0
71422, 95165614, 1, 0, 0
71532, 95318588, 1, 0, 0
71638, 97022933, 1, 0, 0
71712, 39492983, 1, 0, 0
71802, 23476090, 1, 0, 0
71910, 27329570, 1, 0, 0
72002, 26823373, 1, 0, 0
72110, 24364726, 1, 0, 0
72210, 26670267, 1, 0, 0
72307, 23012221, 1, 0, 0
72413, 31222316, 1, 0, 0
72503, 32104819, 1, 0, 0
72605, 29243741, 1, 0, 0
72709, 31766162, 1, 0, 0
72818, 27510658, 1, 0, 0
72903, 30436029, 1, 0, 0
73008, 28593104, 1, 0, 0
73110, 31047185, 1, 0, 0
73204, 31515271, 1, 0, 0
73309, 29216425, 1, 0, 0
73413, 30262319, 1, 0, 0
73512, 26567748, 1, 0, 0
73601, 30283650, 1, 0, 0
73708, 32258922, 1, 0, 0
73803, 33656011, 1, 0, 0
73905, 29565306, 1, 0, 0
74014, 30785797, 1, 0, 0
74114, 29855484, 1, 0, 0
74202, 28281883, 1, 0, 0
74305, 36797748, 1, 0, 0
74411, 51074776, 1, 0, 0
74522, 80866352, 1, 0, 0
74634, 92626160, 1, 0, 0
74744, 83095230, 1, 0, 0
74855, 79798714, 1, 0, 0
74911, 57511164, 1, 0, 0
75020, 50263760, 1, 0, 0
75109, 26657441, 1, 0, 0
75215, 24873841, 1, 0, 0
75306, 24351999, 1, 0, 0
75410, 24228543, 1, 0, 0
75512, 23635014, 1, 0, 0
75615, 25717385, 1, 0, 0
75716, 25718476, 1, 0, 0
75807, 27744601, 1, 0, 0
75911, 25628459, 1, 0, 0
76004, 26830336, 1, 0, 0
76106, 27027488, 1, 0, 0
76217, 26446395, 1, 0, 0
76306, 27080368, 1, 0, 0
76407, 24467142, 1, 0, 0
76516, 26528262, 1, 0, 0
76608, 23655088, 1, 0, 0
76712, 22432462, 1, 0, 0
76803, 26196627, 1, 0, 0
76915, 27994894, 1, 0, 0
77005, 25664953, 1, 0, 0
77111, 25539002, 1, 0, 0
77202, 26206696, 1, 0, 0
77310, 27572225, 1, 0, 0
77405, 25731962, 1, 0, 0
77509, 25694642, 1, 0, 0
77616, 39313545, 1, 0, 0
77719, 83509398, 1, 0, 0
77821, 56022603, 1, 0, 0
77923, 86801716, 1, 0, 0
78015, 89717647, 1, 0, 0
78142, 71937327, 1, 0, 0
78242, 87288939, 1, 0, 0
78301, 44278174, 1, 0, 0
78407, 27485635, 1, 0, 0
78515, 24247252, 1, 0, 0
78606, 27341753, 1, 0, 0
78710, 26911502, 1, 0, 0
78800, 26164626, 1, 0, 0
78907, 26467679, 1, 0, 0
79000, 27561401, 1, 0, 0
79111, 27684978, 1, 0, 0
79212, 28538425, 1, 0, 0
79305, 27361883, 1, 0, 0
79408, 23692780, 1, 0, 0
79504, 27383427, 1, 0, 0
79605, 24851832, 1, 0, 0
79714, 25082753, 1, 0, 0
79816, 27392243, 1, 0, 0
79907, 24082766, 1, 0, 0
80001, 27498127, 1, 0, 0
80105, 26589306, 1, 0, 0
80210, 26346143, 1, 0, 0
80307, 27774982, 1, 0, 0
80412, 24841771, 1, 0, 0
80505, 26860365, 1, 0, 0
80603, 28009578, 1, 0, 0
80708, 25851541, 1, 0, 0
80814, 26846524, 1, 0, 0
80912, 24830339, 1, 0, 0
81021, 70146656, 1, 0, 0
81129, 87143435, 1, 0, 0
81236, 76737845, 1, 0, 0
81354, 93207372, 1, 0, 0
81418, 95345966, 1, 0, 0
81531, 106115398, 1, 0, 0
81603, 77276593, 1, 0, 0
81713, 27146152, 1, 0, 0
81809, 28327294, 1, 0, 0
81902, 23680614, 1, 0, 0
82010, 25104498, 1, 0, 0
82104, 27857974, 1, 0, 0
82210, 26933894, 1, 0, 0
82301, 26658316, 1, 0, 0
82403, 29114582, 1, 0, 0
82507, 24923580, 1, 0, 0
82612, 24799755, 1, 0, 0
82714, 20515150, 1, 0, 0
82803, 25011793, 1, 0, 0
82910, 25762467, 1, 0, 0
83001, 26425755, 1, 0, 0
83115, 26175308, 1, 0, 0
83208, 23730971, 1, 0, 0
83305, 23722084, 1, 0, 0
83409, 26052277, 1, 0, 0
83502, 27336279, 1, 0, 0
83608, 23593604, 1, 0, 0
83700, 27614769, 1, 0, 0
83806, 27164343, 1, 0, 0
83908, 26160624, 1, 0, 0
84000, 21662052, 1, 0, 0
84104, 23203812, 1, 0, 0
84205, 24720561, 1, 0, 0
84342, 51851595, 1, 0, 0
84448, 93247629, 1, 0, 0
84504, 105427497, 1, 0, 0
84613, 94070621, 1, 0, 0
84717, 91282621, 1, 0, 0
84821, 92590219, 1, 0, 0
84902, 89169929, 1, 0, 0
85015, 66473796, 1, 0, 0
85111, 33419628, 1, 0, 0
85204, 27354471, 1, 0, 0
85309, 29563849, 1, 0, 0
85412, 27262240, 1, 0, 0
85500, 20238015, 1, 0, 0
85604, 24370895, 1, 0, 0
85714, 31473436, 1, 0, 0
85804, 29421265, 1, 0, 0
85911, 32179690, 1, 0, 0
86012, 29804676, 1, 0, 0
86113, 30088422, 1, 0, 0
86204, 27086669, 1, 0, 0
86307, 28034330, 1, 0, 0
86417, 31354677, 1, 0, 0
86502, 31416538, 1, 0, 0
86610, 31540465, 1, 0, 0
86714, 30344979, 1, 0, 0
86807, 29224492, 1, 0, 0
86906, 30025119, 1, 0, 0
87011, 26732608, 1, 0, 0
87101, 26305337, 1, 0, 0
87206, 26169783, 1, 0, 0
87313, 25045113, 1, 0, 0
87406, 25663240, 1, 0, 0
87501, 26724428, 1, 0, 0
87602, 24980512, 1, 0, 0
87732, 67033641, 1, 0, 0
87844, 98980779, 1, 0, 0
87903, 71759062, 1, 0, 0
88015, 99106950, 1, 0, 0
88121, 98960992, 1, 0, 0
88227, 90342063, 1, 0, 0
88308, 85784880, 1, 0, 0
88401, 36380965, 1, 0, 0
88511, 25534695, 1, 0, 0
88604, 26936482, 1, 0, 0
88707, 23524798, 1, 0, 0
88809, 21688533, 1, 0, 0
88902, 24218175, 1, 0, 0
89011, 26469775, 1, 0, 0
89102, 23212869, 1, 0, 0
89203, 28994181, 1, 0, 0
89305, 23894447, 1, 0, 0
89410, 23895963, 1, 0, 0
89518, 26157514, 1, 0, 0
89608, 26602449, 1, 0, 0
89712, 26896782, 1, 0, 0
89800, 25090416, 1, 0, 0
89905, 25555758, 1, 0, 0
90010, 26500879, 1, 0, 0
90020, 31327975, 1, 0, 0
