100, 2560, 1, 0, 0
200, 4480, 1, 0, 0
300, 7680, 1, 0, 0
400, 10880, 1, 0, 0
499, 6787, 1, 0, 0
599, 8640, 1, 0, 0
699, 10880, 1, 0, 0
799, 6720, 1, 0, 0
899, 12480, 1, 0, 0
1000, 11520, 1, 0, 0
1100, 11200, 1, 0, 0
1200, 8640, 1, 0, 0
1300, 8640, 1, 0, 0
1400, 11200, 1, 0, 0
1499, 9696, 1, 0, 0
1599, 8640, 1, 0, 0
1699, 13120, 1, 0, 0
1799, 9280, 1, 0, 0
1899, 9920, 1, 0, 0
1999, 8960, 1, 0, 0
2099, 10560, 1, 0, 0
2199, 9600, 1, 0, 0
2299, 8640, 1, 0, 0
2400, 10560, 1, 0, 0
2500, 10560, 1, 0, 0
2600, 8640, 1, 0, 0
2700, 10560, 1, 0, 0
2800, 5760, 1, 0, 0
2900, 2880, 1, 0, 0
2999, 2909, 1, 0, 0
3099, 2880, 1, 0, 0
3199, 2880, 1, 0, 0
3299, 2880, 1, 0, 0
3399, 2880, 1, 0, 0
3499, 7680, 1, 0, 0
3599, 9600, 1, 0, 0
3699, 10240, 1, 0, 0
3800, 8640, 1, 0, 0
3900, 9280, 1, 0, 0
3999, 9373, 1, 0, 0
4099, 10560, 1, 0, 0
4199, 10880, 1, 0, 0
4299, 11200, 1, 0, 0
4399, 16320, 1, 0, 0
4499, 9920, 1, 0, 0
4599, 11200, 1, 0, 0
4699, 8640, 1, 0, 0
4799, 11200, 1, 0, 0
4899, 9920, 1, 0, 0
5000, 9280, 1, 0, 0
5100, 11200, 1, 0, 0
5200, 9920, 1, 0, 0
5300, 9920, 1, 0, 0
5400, 8640, 1, 0, 0
5499, 10666, 1, 0, 0
5599, 8640, 1, 0, 0
5699, 10560, 1, 0, 0
5799, 8640, 1, 0, 0
5899, 10560, 1, 0, 0
5999, 8320, 1, 0, 0
6099, 11840, 1, 0, 0
6199, 6080, 1, 0, 0
6299, 3520, 1, 0, 0
6400, 2880, 1, 0, 0
6500, 1920, 1, 0, 0
6600, 2880, 1, 0, 0
6700, 2880, 1, 0, 0
6800, 2880, 1, 0, 0
6900, 3840, 1, 0, 0
6999, 11636, 1, 0, 0
7099, 8640, 1, 0, 0
7199, 9280, 1, 0, 0
7299, 10880, 1, 0, 0
7399, 9600, 1, 0, 0
7500, 10560, 1, 0, 0
7600, 9920, 1, 0, 0
7700, 8960, 1, 0, 0
7800, 13440, 1, 0, 0
7900, 10240, 1, 0, 0
7999, 9050, 1, 0, 0
8099, 9920, 1, 0, 0
8199, 8640, 1, 0, 0
8299, 10240, 1, 0, 0
8399, 8320, 1, 0, 0
8499, 8640, 1, 0, 0
8599, 10560, 1, 0, 0
8699, 10240, 1, 0, 0
8799, 10240, 1, 0, 0
8900, 9920, 1, 0, 0
9000, 8960, 1, 0, 0
9100, 8960, 1, 0, 0
9200, 12800, 1, 0, 0
9300, 9600, 1, 0, 0
9400, 8640, 1, 0, 0
9499, 8404, 1, 0, 0
9599, 640, 1, 0, 0
9699, 2880, 1, 0, 0
9799, 2880, 1, 0, 0
9899, 2880, 1, 0, 0
9999, 2880, 1, 0, 0
10100, 2880, 1, 0, 0
10200, 8000, 1, 0, 0
10300, 11200, 1, 0, 0
10400, 8960, 1, 0, 0
10499, 9050, 1, 0, 0
10599, 8960, 1, 0, 0
10699, 12160, 1, 0, 0
10799, 9920, 1, 0, 0
10899, 9920, 1, 0, 0
10999, 8640, 1, 0, 0
11099, 15040, 1, 0, 0
11199, 9600, 1, 0, 0
11299, 10560, 1, 0, 0
11399, 10560, 1, 0, 0
11499, 9920, 1, 0, 0
11599, 8640, 1, 0, 0
11699, 8960, 1, 0, 0
11800, 8640, 1, 0, 0
11900, 9920, 1, 0, 0
11999, 8727, 1, 0, 0
12099, 11200, 1, 0, 0
12199, 9280, 1, 0, 0
12299, 10240, 1, 0, 0
12399, 8640, 1, 0, 0
12499, 10560, 1, 0, 0
12599, 8960, 1, 0, 0
12699, 10240, 1, 0, 0
12799, 11520, 1, 0, 0
12899, 5120, 1, 0, 0
12999, 2880, 1, 0, 0
13100, 2880, 1, 0, 0
13200, 2880, 1, 0, 0
13300, 320, 1, 0, 0
13400, 2880, 1, 0, 0
13499, 2909, 1, 0, 0
13599, 8320, 1, 0, 0
13699, 8960, 1, 0, 0
13799, 8960, 1, 0, 0
13899, 11200, 1, 0, 0
13999, 8640, 1, 0, 0
14099, 11200, 1, 0, 0
14200, 9600, 1, 0, 0
14300, 10880, 1, 0, 0
14400, 8640, 1, 0, 0
14499, 11636, 1, 0, 0
14599, 8960, 1, 0, 0
14699, 10560, 1, 0, 0
14799, 11200, 1, 0, 0
14899, 9280, 1, 0, 0
14999, 9920, 1, 0, 0
15099, 8640, 1, 0, 0
15199, 8640, 1, 0, 0
15300, 9920, 1, 0, 0
15400, 8640, 1, 0, 0
15500, 10880, 1, 0, 0
15600, 8640, 1, 0, 0
15700, 10240, 1, 0, 0
15800, 9600, 1, 0, 0
15900, 8960, 1, 0, 0
15999, 11313, 1, 0, 0
16099, 8640, 1, 0, 0
16199, 6080, 1, 0, 0
16299, 2880, 1, 0, 0
16399, 2880, 1, 0, 0
16499, 2880, 1, 0, 0
16599, 2880, 1, 0, 0
16699, 1920, 1, 0, 0
16800, 3520, 1, 0, 0
16900, 6400, 1, 0, 0
16999, 9373, 1, 0, 0
17099, 8640, 1, 0, 0
17199, 12800, 1, 0, 0
17299, 8960, 1, 0, 0
17399, 9600, 1, 0, 0
17499, 8640, 1, 0, 0
17599, 12160, 1, 0, 0
17699, 9600, 1, 0, 0
17799, 9920, 1, 0, 0
17899, 11200, 1, 0, 0
17999, 9600, 1, 0, 0
18100, 8640, 1, 0, 0
18200, 11200, 1, 0, 0
18300, 9600, 1, 0, 0
18400, 8640, 1, 0, 0
18499, 9696, 1, 0, 0
18599, 8640, 1, 0, 0
18699, 10880, 1, 0, 0
18799, 9280, 1, 0, 0
18899, 8640, 1, 0, 0
18999, 13440, 1, 0, 0
19099, 8640, 1, 0, 0
19199, 12480, 1, 0, 0
19299, 10240, 1, 0, 0
19400, 13440, 1, 0, 0
19500, 10240, 1, 0, 0
19600, 4160, 1, 0, 0
19700, 2880, 1, 0, 0
19800, 5120, 1, 0, 0
19900, 1280, 1, 0, 0
19999, 2909, 1, 0, 0
20099, 2880, 1, 0, 0
20199, 6720, 1, 0, 0
20299, 10240, 1, 0, 0
20399, 8640, 1, 0, 0
20500, 10560, 1, 0, 0
20600, 10240, 1, 0, 0
20700, 8960, 1, 0, 0
20800, 9920, 1, 0, 0
20900, 10240, 1, 0, 0
20999, 9373, 1, 0, 0
21099, 11520, 1, 0, 0
21199, 9280, 1, 0, 0
21299, 9280, 1, 0, 0
21399, 8960, 1, 0, 0
21499, 10240, 1, 0, 0
21599, 6720, 1, 0, 0
21699, 11520, 1, 0, 0
21799, 8640, 1, 0, 0
21899, 7680, 1, 0, 0
22000, 8640, 1, 0, 0
22100, 6720, 1, 0, 0
22200, 8960, 1, 0, 0
22300, 8960, 1, 0, 0
22400, 8640, 1, 0, 0
22499, 8727, 1, 0, 0
22599, 7040, 1, 0, 0
22699, 8640, 1, 0, 0
22799, 8000, 1, 0, 0
22899, 7680, 1, 0, 0
23000, 2880, 1, 0, 0
23100, 2880, 1, 0, 0
23200, 320, 1, 0, 0
23300, 3200, 1, 0, 0
23400, 2880, 1, 0, 0
23499, 2909, 1, 0, 0
23599, 5760, 1, 0, 0
23699, 10240, 1, 0, 0
23799, 10560, 1, 0, 0
23899, 10240, 1, 0, 0
24000, 8640, 1, 0, 0
24100, 12480, 1, 0, 0
24200, 7040, 1, 0, 0
24300, 8640, 1, 0, 0
24400, 7360, 1, 0, 0
24499, 8727, 1, 0, 0
24599, 11520, 1, 0, 0
24699, 10880, 1, 0, 0
24799, 8960, 1, 0, 0
24899, 8640, 1, 0, 0
24999, 11840, 1, 0, 0
25099, 10880, 1, 0, 0
25200, 9280, 1, 0, 0
25300, 12480, 1, 0, 0
25400, 10880, 1, 0, 0
25499, 8404, 1, 0, 0
25599, 9600, 1, 0, 0
25699, 10880, 1, 0, 0
25799, 8960, 1, 0, 0
25899, 8320, 1, 0, 0
25999, 10240, 1, 0, 0
26099, 8640, 1, 0, 0
26199, 6720, 1, 0, 0
26299, 4800, 1, 0, 0
26400, 2880, 1, 0, 0
26500, 2880, 1, 0, 0
26600, 3520, 1, 0, 0
26700, 2560, 1, 0, 0
26800, 2880, 1, 0, 0
26900, 2880, 1, 0, 0
26999, 5171, 1, 0, 0
27099, 10240, 1, 0, 0
27199, 9600, 1, 0, 0
27299, 6720, 1, 0, 0
27399, 8640, 1, 0, 0
27500, 10240, 1, 0, 0
27600, 10880, 1, 0, 0
27700, 6400, 1, 0, 0
27800, 8640, 1, 0, 0
27900, 8640, 1, 0, 0
27999, 10989, 1, 0, 0
28099, 8960, 1, 0, 0
28199, 8640, 1, 0, 0
28299, 8960, 1, 0, 0
28399, 8640, 1, 0, 0
28500, 11200, 1, 0, 0
28600, 9920, 1, 0, 0
28700, 8640, 1, 0, 0
28800, 11520, 1, 0, 0
28900, 10880, 1, 0, 0
28999, 9050, 1, 0, 0
29099, 11200, 1, 0, 0
29199, 11200, 1, 0, 0
29299, 8320, 1, 0, 0
29399, 9920, 1, 0, 0
29499, 9920, 1, 0, 0
29599, 5760, 1, 0, 0
29700, 2880, 1, 0, 0
29800, 4160, 1, 0, 0
29900, 1600, 1, 0, 0
29999, 2909, 1, 0, 0
30099, 2880, 1, 0, 0
30199, 3520, 1, 0, 0
30299, 5120, 1, 0, 0
30399, 11200, 1, 0, 0
30499, 8640, 1, 0, 0
30600, 9280, 1, 0, 0
30700, 9280, 1, 0, 0
30800, 10560, 1, 0, 0
30900, 9600, 1, 0, 0
30999, 10666, 1, 0, 0
31099, 8640, 1, 0, 0
31199, 9920, 1, 0, 0
31299, 11200, 1, 0, 0
31399, 9280, 1, 0, 0
31499, 12800, 1, 0, 0
31599, 8640, 1, 0, 0
31699, 10560, 1, 0, 0
31800, 11200, 1, 0, 0
31900, 13760, 1, 0, 0
32000, 8640, 1, 0, 0
32100, 9920, 1, 0, 0
32200, 10880, 1, 0, 0
32300, 9600, 1, 0, 0
32400, 9280, 1, 0, 0
32499, 11313, 1, 0, 0
32599, 7040, 1, 0, 0
32699, 8640, 1, 0, 0
32799, 11200, 1, 0, 0
32899, 7040, 1, 0, 0
32999, 2880, 1, 0, 0
33100, 4160, 1, 0, 0
33200, 3200, 1, 0, 0
33300, 320, 1, 0, 0
33400, 2880, 1, 0, 0
33499, 4848, 1, 0, 0
33599, 3520, 1, 0, 0
33699, 10880, 1, 0, 0
33799, 8640, 1, 0, 0
33899, 10240, 1, 0, 0
33999, 9920, 1, 0, 0
34099, 9920, 1, 0, 0
34199, 10560, 1, 0, 0
34300, 9600, 1, 0, 0
34400, 8640, 1, 0, 0
34500, 10240, 1, 0, 0
34600, 10560, 1, 0, 0
34700, 8640, 1, 0, 0
34800, 9280, 1, 0, 0
34900, 2880, 1, 0, 0
34999, 10989, 1, 0, 0
35099, 9920, 1, 0, 0
35199, 8320, 1, 0, 0
35299, 8640, 1, 0, 0
35399, 9280, 1, 0, 0
35499, 8640, 1, 0, 0
35600, 11200, 1, 0, 0
35700, 8960, 1, 0, 0
35800, 11200, 1, 0, 0
35900, 8640, 1, 0, 0
35999, 8727, 1, 0, 0
36099, 10240, 1, 0, 0
36199, 12160, 1, 0, 0
36299, 4160, 1, 0, 0
36399, 2880, 1, 0, 0
36500, 3520, 1, 0, 0
36600, 3520, 1, 0, 0
36700, 3200, 1, 0, 0
36800, 2240, 1, 0, 0
36900, 3520, 1, 0, 0
36999, 8080, 1, 0, 0
37099, 9600, 1, 0, 0
37199, 8960, 1, 0, 0
37299, 10880, 1, 0, 0
37399, 10240, 1, 0, 0
37499, 8640, 1, 0, 0
37599, 8640, 1, 0, 0
37699, 10560, 1, 0, 0
37800, 8640, 1, 0, 0
37900, 9280, 1, 0, 0
37999, 9050, 1, 0, 0
38099, 12160, 1, 0, 0
38199, 8960, 1, 0, 0
38299, 8640, 1, 0, 0
38399, 8640, 1, 0, 0
38499, 11200, 1, 0, 0
38599, 8640, 1, 0, 0
38699, 8960, 1, 0, 0
38799, 8640, 1, 0, 0
38900, 11520, 1, 0, 0
39000, 8960, 1, 0, 0
39100, 10240, 1, 0, 0
39200, 8640, 1, 0, 0
39300, 10560, 1, 0, 0
39400, 8640, 1, 0, 0
39499, 10989, 1, 0, 0
39599, 9600, 1, 0, 0
39699, 3520, 1, 0, 0
39800, 2880, 1, 0, 0
39900, 2880, 1, 0, 0
40000, 640, 1, 0, 0
40100, 2880, 1, 0, 0
40200, 2880, 1, 0, 0
40300, 2880, 1, 0, 0
40400, 8640, 1, 0, 0
40499, 9050, 1, 0, 0
40599, 10560, 1, 0, 0
40699, 8960, 1, 0, 0
40800, 9280, 1, 0, 0
40900, 10880, 1, 0, 0
40999, 9050, 1, 0, 0
41099, 6080, 1, 0, 0
41199, 8640, 1, 0, 0
41299, 8320, 1, 0, 0
41399, 8640, 1, 0, 0
41499, 8320, 1, 0, 0
41599, 8960, 1, 0, 0
41699, 6720, 1, 0, 0
41799, 8640, 1, 0, 0
41900, 8000, 1, 0, 0
42000, 8960, 1, 0, 0
42100, 8320, 1, 0, 0
42200, 9600, 1, 0, 0
42300, 4160, 1, 0, 0
42400, 1600, 1, 0, 0
42499, 5494, 1, 0, 0
42599, 1600, 1, 0, 0
42699, 2880, 1, 0, 0
42799, 1600, 1, 0, 0
42899, 2880, 1, 0, 0
42999, 2560, 1, 0, 0
43100, 2880, 1, 0, 0
43200, 2560, 1, 0, 0
43300, 2880, 1, 0, 0
43400, 5760, 1, 0, 0
43499, 7434, 1, 0, 0
43599, 5760, 1, 0, 0
43699, 8320, 1, 0, 0
43799, 5760, 1, 0, 0
43899, 5760, 1, 0, 0
43999, 5760, 1, 0, 0
44099, 5760, 1, 0, 0
44199, 8320, 1, 0, 0
44299, 8000, 1, 0, 0
44399, 8640, 1, 0, 0
44499, 9920, 1, 0, 0
44599, 10240, 1, 0, 0
44700, 9920, 1, 0, 0
44800, 8640, 1, 0, 0
44900, 13440, 1, 0, 0
44999, 8727, 1, 0, 0
45099, 10240, 1, 0, 0
45199, 4160, 1, 0, 0
45299, 2880, 1, 0, 0
45399, 1600, 1, 0, 0
45499, 2880, 1, 0, 0
45599, 2880, 1, 0, 0
45699, 2880, 1, 0, 0
45800, 2880, 1, 0, 0
45900, 8640, 1, 0, 0
45999, 8727, 1, 0, 0
46099, 10240, 1, 0, 0
46199, 8960, 1, 0, 0
46299, 11200, 1, 0, 0
46399, 9920, 1, 0, 0
46499, 8640, 1, 0, 0
46599, 11200, 1, 0, 0
46699, 8640, 1, 0, 0
46799, 10880, 1, 0, 0
46899, 10880, 1, 0, 0
46999, 8640, 1, 0, 0
47099, 8640, 1, 0, 0
47199, 8960, 1, 0, 0
47300, 9920, 1, 0, 0
47400, 9920, 1, 0, 0
47499, 10343, 1, 0, 0
47599, 10880, 1, 0, 0
47699, 8640, 1, 0, 0
47799, 10560, 1, 0, 0
47899, 10880, 1, 0, 0
47999, 8960, 1, 0, 0
48099, 10880, 1, 0, 0
48199, 8640, 1, 0, 0
48299, 10560, 1, 0, 0
48399, 8640, 1, 0, 0
48500, 3840, 1, 0, 0
48600, 2880, 1, 0, 0
48700, 2880, 1, 0, 0
48800, 2880, 1, 0, 0
48900, 2880, 1, 0, 0
48999, 2909, 1, 0, 0
49099, 2880, 1, 0, 0
49199, 5440, 1, 0, 0
49299, 6400, 1, 0, 0
49399, 8640, 1, 0, 0
49500, 8000, 1, 0, 0
49600, 8960, 1, 0, 0
49700, 8960, 1, 0, 0
49800, 8640, 1, 0, 0
49900, 8640, 1, 0, 0
49999, 8727, 1, 0, 0
50099, 9600, 1, 0, 0
50199, 10560, 1, 0, 0
50299, 8640, 1, 0, 0
50399, 8640, 1, 0, 0
50499, 8960, 1, 0, 0
50599, 10560, 1, 0, 0
50699, 11200, 1, 0, 0
50800, 8640, 1, 0, 0
50900, 9280, 1, 0, 0
51000, 8640, 1, 0, 0
51100, 11200, 1, 0, 0
51200, 8640, 1, 0, 0
51300, 9920, 1, 0, 0
51400, 8640, 1, 0, 0
51499, 8727, 1, 0, 0
51599, 10880, 1, 0, 0
51699, 9600, 1, 0, 0
51799, 9920, 1, 0, 0
51899, 6400, 1, 0, 0
51999, 3840, 1, 0, 0
52099, 2880, 1, 0, 0
52199, 2880, 1, 0, 0
52300, 640, 1, 0, 0
52400, 2880, 1, 0, 0
52500, 2880, 1, 0, 0
52600, 7360, 1, 0, 0
52700, 8640, 1, 0, 0
52800, 4160, 1, 0, 0
52900, 5440, 1, 0, 0
52999, 5494, 1, 0, 0
53099, 9280, 1, 0, 0
53199, 11200, 1, 0, 0
53299, 10880, 1, 0, 0
53399, 10240, 1, 0, 0
53499, 10880, 1, 0, 0
53599, 8640, 1, 0, 0
53699, 11200, 1, 0, 0
53800, 11200, 1, 0, 0
53900, 9600, 1, 0, 0
54000, 10560, 1, 0, 0
54100, 8960, 1, 0, 0
54200, 10880, 1, 0, 0
54300, 11200, 1, 0, 0
54400, 10880, 1, 0, 0
54499, 10666, 1, 0, 0
54599, 8960, 1, 0, 0
54699, 10560, 1, 0, 0
54799, 9920, 1, 0, 0
54899, 8640, 1, 0, 0
54999, 8640, 1, 0, 0
55099, 13760, 1, 0, 0
55199, 6720, 1, 0, 0
55300, 2880, 1, 0, 0
55400, 2880, 1, 0, 0
55500, 2880, 1, 0, 0
55600, 4160, 1, 0, 0
55700, 1280, 1, 0, 0
55800, 2880, 1, 0, 0
55900, 4800, 1, 0, 0
55999, 10020, 1, 0, 0
56099, 8640, 1, 0, 0
56199, 10880, 1, 0, 0
56299, 8960, 1, 0, 0
56399, 12160, 1, 0, 0
56499, 8960, 1, 0, 0
56599, 10240, 1, 0, 0
56700, 12480, 1, 0, 0
56800, 8960, 1, 0, 0
56900, 8640, 1, 0, 0
56999, 11313, 1, 0, 0
57099, 8640, 1, 0, 0
57199, 10240, 1, 0, 0
57299, 9920, 1, 0, 0
57399, 10240, 1, 0, 0
57499, 8640, 1, 0, 0
57599, 8960, 1, 0, 0
57699, 10880, 1, 0, 0
57799, 9280, 1, 0, 0
57899, 10240, 1, 0, 0
57999, 9600, 1, 0, 0
58100, 6400, 1, 0, 0
58200, 10560, 1, 0, 0
58300, 10240, 1, 0, 0
58400, 6400, 1, 0, 0
58499, 13252, 1, 0, 0
58599, 2880, 1, 0, 0
58699, 2880, 1, 0, 0
58799, 3840, 1, 0, 0
58899, 2880, 1, 0, 0
58999, 2560, 1, 0, 0
59100, 2880, 1, 0, 0
59200, 2880, 1, 0, 0
59300, 3200, 1, 0, 0
59400, 9600, 1, 0, 0
59499, 10020, 1, 0, 0
59599, 11520, 1, 0, 0
59699, 7680, 1, 0, 0
59799, 8960, 1, 0, 0
59899, 8640, 1, 0, 0
59999, 6400, 1, 0, 0
60099, 10560, 1, 0, 0
60200, 8320, 1, 0, 0
60300, 8960, 1, 0, 0
60400, 8640, 1, 0, 0
60499, 7111, 1, 0, 0
60599, 8640, 1, 0, 0
60699, 8640, 1, 0, 0
60799, 8960, 1, 0, 0
60899, 8320, 1, 0, 0
60999, 8320, 1, 0, 0
61100, 8320, 1, 0, 0
61200, 5760, 1, 0, 0
61300, 7040, 1, 0, 0
61400, 5760, 1, 0, 0
61499, 5818, 1, 0, 0
61599, 2880, 1, 0, 0
61699, 1280, 1, 0, 0
61799, 2880, 1, 0, 0
61899, 1600, 1, 0, 0
61999, 2880, 1, 0, 0
62100, 1280, 1, 0, 0
62200, 2880, 1, 0, 0
62300, 1600, 1, 0, 0
62400, 9920, 1, 0, 0
62499, 9373, 1, 0, 0
62599, 10560, 1, 0, 0
62699, 9600, 1, 0, 0
62799, 8640, 1, 0, 0
62899, 8640, 1, 0, 0
62999, 11200, 1, 0, 0
63100, 11520, 1, 0, 0
63200, 8640, 1, 0, 0
63300, 9280, 1, 0, 0
63400, 11840, 1, 0, 0
63499, 11313, 1, 0, 0
63599, 9280, 1, 0, 0
63699, 9920, 1, 0, 0
63799, 8960, 1, 0, 0
63899, 11200, 1, 0, 0
63999, 10560, 1, 0, 0
64099, 8960, 1, 0, 0
64199, 10560, 1, 0, 0
64300, 9600, 1, 0, 0
64400, 8960, 1, 0, 0
64499, 11313, 1, 0, 0
64599, 9600, 1, 0, 0
64699, 11200, 1, 0, 0
64799, 2880, 1, 0, 0
64899, 3200, 1, 0, 0
64999, 2880, 1, 0, 0
65099, 2560, 1, 0, 0
65200, 3200, 1, 0, 0
65300, 3200, 1, 0, 0
65400, 2880, 1, 0, 0
65499, 5818, 1, 0, 0
65599, 11200, 1, 0, 0
65699, 8640, 1, 0, 0
65799, 9280, 1, 0, 0
65899, 9280, 1, 0, 0
65999, 8640, 1, 0, 0
66099, 8640, 1, 0, 0
66199, 8000, 1, 0, 0
66300, 5760, 1, 0, 0
66400, 6720, 1, 0, 0
66499, 5818, 1, 0, 0
66599, 5760, 1, 0, 0
66699, 5760, 1, 0, 0
66799, 8960, 1, 0, 0
66899, 6080, 1, 0, 0
66999, 8320, 1, 0, 0
67099, 8960, 1, 0, 0
67199, 8960, 1, 0, 0
67299, 11200, 1, 0, 0
67399, 8960, 1, 0, 0
67499, 11520, 1, 0, 0
67599, 10560, 1, 0, 0
67700, 8320, 1, 0, 0
67800, 2880, 1, 0, 0
67900, 2880, 1, 0, 0
67999, 2909, 1, 0, 0
68099, 1280, 1, 0, 0
68199, 2560, 1, 0, 0
68299, 2880, 1, 0, 0
68399, 5440, 1, 0, 0
68499, 8640, 1, 0, 0
68599, 9600, 1, 0, 0
68699, 11200, 1, 0, 0
68800, 11520, 1, 0, 0
68900, 8640, 1, 0, 0
69000, 9600, 1, 0, 0
69100, 8640, 1, 0, 0
69200, 10240, 1, 0, 0
69300, 9280, 1, 0, 0
69400, 8960, 1, 0, 0
69499, 11636, 1, 0, 0
69599, 9920, 1, 0, 0
69699, 10560, 1, 0, 0
69799, 8640, 1, 0, 0
69899, 9600, 1, 0, 0
69999, 9280, 1, 0, 0
70099, 8640, 1, 0, 0
70199, 10880, 1, 0, 0
70299, 8640, 1, 0, 0
70400, 11520, 1, 0, 0
70500, 9280, 1, 0, 0
70600, 9920, 1, 0, 0
70700, 11200, 1, 0, 0
70800, 12160, 1, 0, 0
70900, 9920, 1, 0, 0
70999, 7111, 1, 0, 0
71099, 4480, 1, 0, 0
71199, 2560, 1, 0, 0
71299, 2880, 1, 0, 0
71399, 2880, 1, 0, 0
71499, 2880, 1, 0, 0
71599, 4480, 1, 0, 0
71699, 5760, 1, 0, 0
71800, 8640, 1, 0, 0
71900, 9600, 1, 0, 0
71999, 9373, 1, 0, 0
72099, 11520, 1, 0, 0
72199, 8960, 1, 0, 0
72299, 8640, 1, 0, 0
72399, 8640, 1, 0, 0
72499, 8320, 1, 0, 0
72599, 9920, 1, 0, 0
72699, 8640, 1, 0, 0
72799, 8640, 1, 0, 0
72899, 8320, 1, 0, 0
72999, 8640, 1, 0, 0
73100, 8640, 1, 0, 0
73200, 8320, 1, 0, 0
73300, 8640, 1, 0, 0
73400, 8640, 1, 0, 0
73499, 10666, 1, 0, 0
73599, 8320, 1, 0, 0
73699, 8640, 1, 0, 0
73799, 6080, 1, 0, 0
73899, 8640, 1, 0, 0
73999, 9280, 1, 0, 0
74099, 8640, 1, 0, 0
74199, 8320, 1, 0, 0
74300, 5760, 1, 0, 0
74400, 4160, 1, 0, 0
74499, 2909, 1, 0, 0
74599, 2880, 1, 0, 0
74699, 2880, 1, 0, 0
74799, 2880, 1, 0, 0
74899, 1600, 1, 0, 0
74999, 6720, 1, 0, 0
75099, 8000, 1, 0, 0
75199, 11520, 1, 0, 0
75299, 8960, 1, 0, 0
75399, 9600, 1, 0, 0
75500, 11200, 1, 0, 0
75600, 9600, 1, 0, 0
75700, 10240, 1, 0, 0
75800, 11520, 1, 0, 0
75900, 8640, 1, 0, 0
75999, 11313, 1, 0, 0
76099, 9280, 1, 0, 0
76199, 11840, 1, 0, 0
76299, 9920, 1, 0, 0
76399, 9280, 1, 0, 0
76499, 9920, 1, 0, 0
76599, 9920, 1, 0, 0
76699, 8960, 1, 0, 0
76799, 8640, 1, 0, 0
76899, 11200, 1, 0, 0
76999, 8640, 1, 0, 0
77099, 10560, 1, 0, 0
77199, 8640, 1, 0, 0
77300, 11200, 1, 0, 0
77400, 8960, 1, 0, 0
77499, 9373, 1, 0, 0
77599, 7360, 1, 0, 0
77699, 2880, 1, 0, 0
77799, 3520, 1, 0, 0
77899, 3200, 1, 0, 0
77999, 2880, 1, 0, 0
78099, 2880, 1, 0, 0
78199, 2880, 1, 0, 0
78299, 5760, 1, 0, 0
78399, 8640, 1, 0, 0
78499, 10880, 1, 0, 0
78599, 10240, 1, 0, 0
78699, 8640, 1, 0, 0
78800, 10240, 1, 0, 0
78900, 11840, 1, 0, 0
78999, 9696, 1, 0, 0
79099, 9920, 1, 0, 0
79199, 8960, 1, 0, 0
79299, 10880, 1, 0, 0
79399, 8640, 1, 0, 0
79499, 9600, 1, 0, 0
79599, 8960, 1, 0, 0
79699, 10560, 1, 0, 0
79799, 9920, 1, 0, 0
79899, 9280, 1, 0, 0
79999, 8960, 1, 0, 0
80099, 9920, 1, 0, 0
80199, 10240, 1, 0, 0
80300, 8640, 1, 0, 0
80400, 10240, 1, 0, 0
80500, 8960, 1, 0, 0
80600, 10880, 1, 0, 0
80700, 9600, 1, 0, 0
80800, 8640, 1, 0, 0
80900, 7680, 1, 0, 0
80999, 2909, 1, 0, 0
81099, 960, 1, 0, 0
81199, 2880, 1, 0, 0
81299, 3200, 1, 0, 0
81399, 3200, 1, 0, 0
81499, 1280, 1, 0, 0
81600, 5760, 1, 0, 0
81700, 8640, 1, 0, 0
81800, 10240, 1, 0, 0
81900, 8960, 1, 0, 0
81999, 9696, 1, 0, 0
82099, 10240, 1, 0, 0
82199, 10880, 1, 0, 0
82299, 8640, 1, 0, 0
82399, 9920, 1, 0, 0
82499, 8960, 1, 0, 0
82599, 10240, 1, 0, 0
82699, 10240, 1, 0, 0
82800, 9920, 1, 0, 0
82900, 8640, 1, 0, 0
82999, 8727, 1, 0, 0
83099, 11200, 1, 0, 0
83199, 8640, 1, 0, 0
83299, 8960, 1, 0, 0
83399, 10880, 1, 0, 0
83499, 9920, 1, 0, 0
83599, 8640, 1, 0, 0
83699, 11200, 1, 0, 0
83799, 10240, 1, 0, 0
83899, 8960, 1, 0, 0
84000, 10240, 1, 0, 0
84100, 10560, 1, 0, 0
84200, 8640, 1, 0, 0
84300, 4160, 1, 0, 0
84400, 2880, 1, 0, 0
84499, 2909, 1, 0, 0
84599, 2880, 1, 0, 0
84699, 2880, 1, 0, 0
84799, 2880, 1, 0, 0
84900, 2880, 1, 0, 0
85000, 5120, 1, 0, 0
85100, 7040, 1, 0, 0
85200, 10240, 1, 0, 0
85300, 7040, 1, 0, 0
85400, 8640, 1, 0, 0
85499, 7434, 1, 0, 0
85599, 8640, 1, 0, 0
85699, 8640, 1, 0, 0
85799, 7360, 1, 0, 0
85899, 11200, 1, 0, 0
86000, 8640, 1, 0, 0
86100, 8640, 1, 0, 0
86200, 8960, 1, 0, 0
86300, 9600, 1, 0, 0
86400, 10240, 1, 0, 0
86499, 6141, 1, 0, 0
86599, 9280, 1, 0, 0
86699, 10880, 1, 0, 0
86799, 8320, 1, 0, 0
86899, 9920, 1, 0, 0
86999, 10240, 1, 0, 0
87099, 9280, 1, 0, 0
87199, 12480, 1, 0, 0
87300, 11200, 1, 0, 0
87400, 8960, 1, 0, 0
87499, 10020, 1, 0, 0
87599, 9920, 1, 0, 0
87699, 2880, 1, 0, 0
87799, 2880, 1, 0, 0
87899, 3520, 1, 0, 0
87999, 2880, 1, 0, 0
88099, 2880, 1, 0, 0
88200, 1600, 1, 0, 0
88300, 2880, 1, 0, 0
88400, 9920, 1, 0, 0
88499, 10666, 1, 0, 0
88599, 8640, 1, 0, 0
88699, 9600, 1, 0, 0
88799, 10560, 1, 0, 0
88899, 8960, 1, 0, 0
88999, 9280, 1, 0, 0
89099, 8640, 1, 0, 0
89199, 8640, 1, 0, 0
89299, 11520, 1, 0, 0
89399, 9600, 1, 0, 0
89500, 10560, 1, 0, 0
89600, 8640, 1, 0, 0
89700, 9280, 1, 0, 0
89800, 10880, 1, 0, 0
89900, 11200, 1, 0, 0
89999, 9696, 1, 0, 0
