119, 73901098, 1, 0, 0
218, 74940872, 1, 0, 0
303, 33155509, 1, 0, 0
412, 27025677, 1, 0, 0
500, 25628046, 1, 0, 0
603, 22352155, 1, 0, 0
717, 33222895, 1, 0, 0
803, 31036559, 1, 0, 0
905, 29926726, 1, 0, 0
1017, 24733610, 1, 0, 0
1107, 24358846, 1, 0, 0
1202, 24287672, 1, 0, 0
1311, 28595769, 1, 0, 0
1404, 27491744, 1, 0, 0
1511, 27844094, 1, 0, 0
1604, 27472607, 1, 0, 0
1713, 24854817, 1, 0, 0
1813, 27646656, 1, 0, 0
1902, 25865246, 1, 0, 0
2006, 26608042, 1, 0, 0
2109, 24904470, 1, 0, 0
2200, 27412420, 1, 0, 0
2301, 26786659, 1, 0, 0
2400, 22398017, 1, 0, 0
2501, 24222647, 1, 0, 0
2609, 22856205, 1, 0, 0
2713, 25679377, 1, 0, 0
2842, 31688790, 1, 0, 0
2949, 87973269, 1, 0, 0
3000, 93269730, 1, 0, 0
3106, 91618961, 1, 0, 0
3210, 87537809, 1, 0, 0
3316, 93830708, 1, 0, 0
3420, 91202450, 1, 0, 0
3512, 35033916, 1, 0, 0
3613, 25000871, 1, 0, 0
3706, 27543603, 1, 0, 0
3800, 27265883, 1, 0, 0
3904, 27419882, 1, 0, 0
4003, 27773497, 1, 0, 0
4117, 24173920, 1, 0, 0
4209, 18850398, 1, 0, 0
4311, 17413505, 1, 0, 0
4402, 27151244, 1, 0, 0
4512, 26589717, 1, 0, 0
4604, 27496511, 1, 0, 0
4710, 27433549, 1, 0, 0
4803, 26656738, 1, 0, 0
4916, 24975784, 1, 0, 0
5009, 27323815, 1, 0, 0
5114, 25538179, 1, 0, 0
5204, 25175100, 1, 0, 0
5307, 27469857, 1, 0, 0
5401, 25939854, 1, 0, 0
5509, 26794567, 1, 0, 0
5610, 26542548, 1, 0, 0
5702, 25991618, 1, 0, 0
5812, 26878064, 1, 0, 0
5906, 23704752, 1, 0, 0
6001, 25041175, 1, 0, 0
6102, 28841777, 1, 0, 0
6207, 34205967, 1, 0, 0
6307, 92249101, 1, 0, 0
6419, 89507052, 1, 0, 0
6531, 99632753, 1, 0, 0
6634, 94239382, 1, 0, 0
6741, 93080506, 1, 0, 0
6848, 96832707, 1, 0, 0
6915, 70963744, 1, 0, 0
7007, 27171299, 1, 0, 0
7100, 27432886, 1, 0, 0
7202, 26510936, 1, 0, 0
7312, 27034057, 1, 0, 0
7419, 22794535, 1, 0, 0
7510, 27005776, 1, 0, 0
7610, 29210473, 1, 0, 0
7709, 23400145, 1, 0, 0
7800, 23623975, 1, 0, 0
7909, 26510338, 1, 0, 0
8013, 23556217, 1, 0, 0
8104, 26908778, 1, 0, 0
8206, 30476714, 1, 0, 0
8317, 26884240, 1, 0, 0
8411, 28019645, 1, 0, 0
8508, 28048099, 1, 0, 0
8611, 26188029, 1, 0, 0
8703, 27276115, 1, 0, 0
8808, 26089714, 1, 0, 0
8913, 28917433, 1, 0, 0
9003, 25754758, 1, 0, 0
9116, 27215086, 1, 0, 0
9207, 27193310, 1, 0, 0
9307, 23477163, 1, 0, 0
9401, 24633850, 1, 0, 0
9545, 27146654, 1, 0, 0
9604, 84136389, 1, 0, 0
9713, 91759868, 1, 0, 0
9819, 97217810, 1, 0, 0
9926, 94368183, 1, 0, 0
10036, 71648431, 1, 0, 0
10123, 95523244, 1, 0, 0
10201, 40663479, 1, 0, 0
10305, 24502060, 1, 0, 0
10401, 26356763, 1, 0, 0
10509, 24928424, 1, 0, 0
10613, 24714252, 1, 0, 0
10704, 24043933, 1, 0, 0
10809, 24263088, 1, 0, 0
10903, 27766306, 1, 0, 0
11016, 27783127, 1, 0, 0
11105, 26838577, 1, 0, 0
11206, 29592779, 1, 0, 0
11303, 24049812, 1, 0, 0
11407, 25947547, 1, 0, 0
11512, 26679680, 1, 0, 0
11610, 25277973, 1, 0, 0
11700, 28047535, 1, 0, 0
11818, 29961111, 1, 0, 0
11902, 28722283, 1, 0, 0
12012, 23982537, 1, 0, 0
12104, 25254376, 1, 0, 0
12214, 26815368, 1, 0, 0
12313, 28966271, 1, 0, 0
12405, 27870550, 1, 0, 0
12511, 27358818, 1, 0, 0
12601, 26318754, 1, 0, 0
12712, 26540565, 1, 0, 0
12818, 26550756, 1, 0, 0
12927, 51115449, 1, 0, 0
13029, 94546184, 1, 0, 0
13139, 87950539, 1, 0, 0
13249, 91892671, 1, 0, 0
13301, 102229301, 1, 0, 0
13409, 95033051, 1, 0, 0
13516, 96090489, 1, 0, 0
13612, 44008933, 1, 0, 0
13716, 25252112, 1, 0, 0
13809, 25501490, 1, 0, 0
13902, 27180338, 1, 0, 0
14011, 26856195, 1, 0, 0
14103, 25227395, 1, 0, 0
14213, 27737649, 1, 0, 0
14306, 25503356, 1, 0, 0
14400, 27954059, 1, 0, 0
14513, 24611563, 1, 0, 0
14605, 25152995, 1, 0, 0
14707, 24366909, 1, 0, 0
14809, 22601143, 1, 0, 0
14914, 25375269, 1, 0, 0
15004, 25576583, 1, 0, 0
15109, 24016270, 1, 0, 0
15205, 26971857, 1, 0, 0
15309, 25041609, 1, 0, 0
15402, 26588202, 1, 0, 0
15510, 24695961, 1, 0, 0
15601, 26930913, 1, 0, 0
15714, 27867437, 1, 0, 0
15806, 26109154, 1, 0, 0
15900, 28255640, 1, 0, 0
16004, 26285087, 1, 0, 0
16114, 27010690, 1, 0, 0
16247, 42747191, 1, 0, 0
16357, 92939600, 1, 0, 0
16406, 93154227, 1, 0, 0
16518, 96845083, 1, 0, 0
16625, 97030121, 1, 0, 0
16732, 89482105, 1, 0, 0
16846, 101817600, 1, 0, 0
16908, 52505139, 1, 0, 0
17001, 27436608, 1, 0, 0
17105, 28055617, 1, 0, 0
17212, 26186268, 1, 0, 0
17315, 25199940, 1, 0, 0
17404, 26027702, 1, 0, 0
17511, 27502657, 1, 0, 0
17604, 27515463, 1, 0, 0
17717, 27578574, 1, 0, 0
17811, 26358611, 1, 0, 0
17901, 27290611, 1, 0, 0
18011, 26533480, 1, 0, 0
18101, 27424717, 1, 0, 0
18209, 26903715, 1, 0, 0
18310, 27289728, 1, 0, 0
18405, 27969239, 1, 0, 0
18515, 27318928, 1, 0, 0
18604, 22690754, 1, 0, 0
18713, 26701607, 1, 0, 0
18814, 21571270, 1, 0, 0
18907, 26712840, 1, 0, 0
19009, 26252275, 1, 0, 0
19102, 27297535, 1, 0, 0
19209, 23048617, 1, 0, 0
19302, 21789157, 1, 0, 0
19408, 26831292, 1, 0, 0
19527, 27216496, 1, 0, 0
19635, 64101618, 1, 0, 0
19745, 96102774, 1, 0, 0
19854, 97765388, 1, 0, 0
19912, 95956562, 1, 0, 0
20018, 97098000, 1, 0, 0
20127, 94559744, 1, 0, 0
20200, 49500994, 1, 0, 0
20305, 24076355, 1, 0, 0
20410, 27388380, 1, 0, 0
20500, 25970181, 1, 0, 0
20605, 25527408, 1, 0, 0
20715, 26765945, 1, 0, 0
20805, 26322997, 1, 0, 0
20906, 26095236, 1, 0, 0
21001, 26465341, 1, 0, 0
21111, 26623971, 1, 0, 0
21203, 25746803, 1, 0, 0
21307, 27517564, 1, 0, 0
21404, 32453199, 1, 0, 0
21505, 28354067, 1, 0, 0
21600, 22872446, 1, 0, 0
21714, 23760900, 1, 0, 0
21818, 26936627, 1, 0, 0
21910, 28230423, 1, 0, 0
22012, 26565284, 1, 0, 0
22102, 30976464, 1, 0, 0
22206, 31352691, 1, 0, 0
22312, 31673464, 1, 0, 0
22414, 29347905, 1, 0, 0
22518, 29553397, 1, 0, 0
22606, 23681574, 1, 0, 0
22711, 27399819, 1, 0, 0
22800, 26608171, 1, 0, 0
22935, 41556992, 1, 0, 0
23044, 93720760, 1, 0, 0
23153, 98012518, 1, 0, 0
23209, 96679633, 1, 0, 0
23320, 98657586, 1, 0, 0
23429, 98500477, 1, 0, 0
23537, 96994133, 1, 0, 0
23606, 50221563, 1, 0, 0
23709, 31201836, 1, 0, 0
23817, 26279270, 1, 0, 0
23902, 31750637, 1, 0, 0
24009, 30534076, 1, 0, 0
24116, 28962328, 1, 0, 0
24204, 27805521, 1, 0, 0
24310, 31166173, 1, 0, 0
24401, 29513033, 1, 0, 0
24502, 26690847, 1, 0, 0
24602, 21285586, 1, 0, 0
24710, 26922337, 1, 0, 0
24815, 25565199, 1, 0, 0
24905, 26616252, 1, 0, 0
25011, 27274184, 1, 0, 0
25107, 24643672, 1, 0, 0
25208, 29522852, 1, 0, 0
25315, 30309158, 1, 0, 0
25415, 29898121, 1, 0, 0
25501, 30337797, 1, 0, 0
25604, 30690424, 1, 0, 0
25710, 27581289, 1, 0, 0
25817, 28903988, 1, 0, 0
25901, 31002883, 1, 0, 0
26008, 28217621, 1, 0, 0
26114, 27721786, 1, 0, 0
26200, 30607451, 1, 0, 0
26318, 43538017, 1, 0, 0
26430, 73806771, 1, 0, 0
26543, 99483573, 1, 0, 0
26653, 87851627, 1, 0, 0
26705, 99404328, 1, 0, 0
26815, 81285687, 1, 0, 0
26921, 95468794, 1, 0, 0
27000, 70272014, 1, 0, 0
27108, 27731562, 1, 0, 0
27213, 31556064, 1, 0, 0
27302, 31437152, 1, 0, 0
27404, 30250646, 1, 0, 0
27508, 31147299, 1, 0, 0
27617, 29994356, 1, 0, 0
27701, 30633911, 1, 0, 0
27816, 33013728, 1, 0, 0
27905, 27958130, 1, 0, 0
28014, 26808434, 1, 0, 0
28110, 25406283, 1, 0, 0
28202, 23625684, 1, 0, 0
28302, 29625811, 1, 0, 0
28407, 27577469, 1, 0, 0
28508, 25028419, 1, 0, 0
28620, 26214895, 1, 0, 0
28700, 24777050, 1, 0, 0
28809, 24337951, 1, 0, 0
28913, 25018345, 1, 0, 0
29004, 21781016, 1, 0, 0
29109, 25973392, 1, 0, 0
29216, 23880009, 1, 0, 0
29308, 27518588, 1, 0, 0
29403, 25670113, 1, 0, 0
29509, 25686508, 1, 0, 0
29639, 40478184, 1, 0, 0
29743, 85719223, 1, 0, 0
29847, 92815483, 1, 0, 0
29902, 86954472, 1, 0, 0
30008, 94399080, 1, 0, 0
30114, 94117545, 1, 0, 0
30222, 95164980, 1, 0, 0
30301, 75991076, 1, 0, 0
30411, 27531748, 1, 0, 0
30505, 27499527, 1, 0, 0
30609, 26479393, 1, 0, 0
30702, 27277018, 1, 0, 0
30804, 26470959, 1, 0, 0
30910, 25573428, 1, 0, 0
31020, 26151166, 1, 0, 0
31112, 28316571, 1, 0, 0
31203, 26867822, 1, 0, 0
31308, 25287134, 1, 0, 0
31400, 27839254, 1, 0, 0
31503, 25443344, 1, 0, 0
31611, 26150485, 1, 0, 0
31701, 23480059, 1, 0, 0
31805, 24747734, 1, 0, 0
31914, 26451853, 1, 0, 0
32007, 27320860, 1, 0, 0
32114, 26980543, 1, 0, 0
32213, 29360353, 1, 0, 0
32300, 25966984, 1, 0, 0
32408, 24662550, 1, 0, 0
32510, 26971405, 1, 0, 0
32602, 31171462, 1, 0, 0
32708, 27178907, 1, 0, 0
32800, 25906593, 1, 0, 0
32901, 25561072, 1, 0, 0
33004, 85021309, 1, 0, 0
33111, 88147407, 1, 0, 0
33223, 93423683, 1, 0, 0
33333, 86623438, 1, 0, 0
33443, 97949333, 1, 0, 0
33554, 98372406, 1, 0, 0
33613, 66185009, 1, 0, 0
33704, 25789714, 1, 0, 0
33808, 24364303, 1, 0, 0
33914, 18697932, 1, 0, 0
34001, 21132450, 1, 0, 0
34107, 26656817, 1, 0, 0
34223, 26987004, 1, 0, 0
34318, 29786058, 1, 0, 0
34409, 28483067, 1, 0, 0
34506, 25328895, 1, 0, 0
34609, 25805730, 1, 0, 0
34713, 25395444, 1, 0, 0
34800, 24087678, 1, 0, 0
34908, 30038490, 1, 0, 0
35015, 44617325, 1, 0, 0
35118, 30078743, 1, 0, 0
35203, 28031690, 1, 0, 0
35309, 30655626, 1, 0, 0
35411, 28867691, 1, 0, 0
35502, 24689025, 1, 0, 0
35613, 27173533, 1, 0, 0
35700, 26706388, 1, 0, 0
35809, 25511534, 1, 0, 0
35912, 27692220, 1, 0, 0
36005, 27664545, 1, 0, 0
36110, 24886997, 1, 0, 0
36216, 24107372, 1, 0, 0
36328, 42299827, 1, 0, 0
36431, 86709704, 1, 0, 0
36537, 93291815, 1, 0, 0
36641, 93252393, 1, 0, 0
36752, 96835228, 1, 0, 0
36816, 95553740, 1, 0, 0
36936, 107966864, 1, 0, 0
37012, 48129335, 1, 0, 0
37106, 27425696, 1, 0, 0
37209, 23437416, 1, 0, 0
37313, 25559730, 1, 0, 0
37405, 25211163, 1, 0, 0
37504, 25885470, 1, 0, 0
37607, 25678730, 1, 0, 0
37714, 25621472, 1, 0, 0
37809, 25910334, 1, 0, 0
37911, 27673915, 1, 0, 0
38005, 23756873, 1, 0, 0
38108, 26222621, 1, 0, 0
38216, 24106857, 1, 0, 0
38302, 28146928, 1, 0, 0
38411, 25029464, 1, 0, 0
38502, 25655182, 1, 0, 0
38610, 28431606, 1, 0, 0
38700, 26161469, 1, 0, 0
38810, 24941420, 1, 0, 0
38903, 27526362, 1, 0, 0
39011, 28524511, 1, 0, 0
39104, 26593522, 1, 0, 0
39208, 25139284, 1, 0, 0
39305, 27517600, 1, 0, 0
39413, 28030770, 1, 0, 0
39503, 27073261, 1, 0, 0
39607, 25953438, 1, 0, 0
39732, 87152900, 1, 0, 0
39836, 82121559, 1, 0, 0
39946, 82768624, 1, 0, 0
40003, 97091086, 1, 0, 0
40119, 101732155, 1, 0, 0
40236, 103531336, 1, 0, 0
40319, 92364571, 1, 0, 0
40413, 30355930, 1, 0, 0
40502, 26026496, 1, 0, 0
40607, 27032164, 1, 0, 0
40700, 27233434, 1, 0, 0
40807, 26437794, 1, 0, 0
40914, 26943692, 1, 0, 0
41020, 28379130, 1, 0, 0
41108, 31501353, 1, 0, 0
41211, 26657594, 1, 0, 0
41302, 29207832, 1, 0, 0
41404, 26671587, 1, 0, 0
41518, 31963956, 1, 0, 0
41604, 31611389, 1, 0, 0
41715, 32569392, 1, 0, 0
41806, 30746151, 1, 0, 0
41909, 31213116, 1, 0, 0
42012, 34004767, 1, 0, 0
42105, 27682887, 1, 0, 0
42216, 27633105, 1, 0, 0
42392, 49961684, 1, 0, 0
42437, 146558941, 1, 0, 0
42521, 56614487, 1, 0, 0
42668, 74761466, 1, 0, 0
42737, 82246991, 1, 0, 0
42803, 102910012, 1, 0, 0
42945, 124219410, 1, 0, 0
43012, 114750292, 1, 0, 0
43161, 122971269, 1, 0, 0
43224, 135482663, 1, 0, 0
43333, 118357115, 1, 0, 0
43417, 45925143, 1, 0, 0
43512, 33619195, 1, 0, 0
43604, 39696128, 1, 0, 0
43721, 40768510, 1, 0, 0
43820, 43287888, 1, 0, 0
43918, 39406076, 1, 0, 0
44019, 37592974, 1, 0, 0
44111, 37612626, 1, 0, 0
44217, 31496590, 1, 0, 0
44318, 38989666, 1, 0, 0
44412, 23152827, 1, 0, 0
44500, 25293284, 1, 0, 0
44608, 24578790, 1, 0, 0
44710, 22639502, 1, 0, 0
44803, 26467011, 1, 0, 0
44909, 27625942, 1, 0, 0
45002, 27502707, 1, 0, 0
45109, 27730106, 1, 0, 0
45234, 48892801, 1, 0, 0
45343, 94096179, 1, 0, 0
45406, 84885044, 1, 0, 0
45519, 96782095, 1, 0, 0
45627, 99590412, 1, 0, 0
45734, 96330601, 1, 0, 0
45827, 93571119, 1, 0, 0
45916, 33400380, 1, 0, 0
46002, 26315025, 1, 0, 0
46110, 25517940, 1, 0, 0
46210, 28547518, 1, 0, 0
46300, 23176802, 1, 0, 0
46401, 24910799, 1, 0, 0
46510, 25927301, 1, 0, 0
46606, 29201919, 1, 0, 0
46707, 26711396, 1, 0, 0
46814, 25843825, 1, 0, 0
46903, 23391908, 1, 0, 0
47018, 24862390, 1, 0, 0
47103, 30391323, 1, 0, 0
47210, 26379405, 1, 0, 0
47307, 25299438, 1, 0, 0
47412, 26076987, 1, 0, 0
47504, 27229850, 1, 0, 0
47606, 26038906, 1, 0, 0
47700, 28031009, 1, 0, 0
47807, 24078505, 1, 0, 0
47909, 26826913, 1, 0, 0
48001, 25182374, 1, 0, 0
48112, 25858361, 1, 0, 0
48205, 26579931, 1, 0, 0
48306, 23979511, 1, 0, 0
48434, 27175769, 1, 0, 0
48514, 67966428, 1, 0, 0
48615, 82510528, 1, 0, 0
48717, 90739779, 1, 0, 0
48821, 76565146, 1, 0, 0
48929, 89858231, 1, 0, 0
49034, 95454518, 1, 0, 0
49113, 72278444, 1, 0, 0
49225, 74144729, 1, 0, 0
49310, 35434478, 1, 0, 0
49416, 26424507, 1, 0, 0
49505, 29228160, 1, 0, 0
49619, 32033648, 1, 0, 0
49715, 29585707, 1, 0, 0
49810, 27549049, 1, 0, 0
49902, 27554081, 1, 0, 0
50011, 28207136, 1, 0, 0
50101, 25515658, 1, 0, 0
50222, 24079271, 1, 0, 0
50320, 36701364, 1, 0, 0
50408, 28132014, 1, 0, 0
50500, 25921834, 1, 0, 0
50604, 25384577, 1, 0, 0
50704, 24011374, 1, 0, 0
50810, 29163272, 1, 0, 0
50905, 26634065, 1, 0, 0
51015, 27047924, 1, 0, 0
51108, 27545565, 1, 0, 0
51211, 27209188, 1, 0, 0
51304, 27526690, 1, 0, 0
51416, 23217770, 1, 0, 0
51509, 27338487, 1, 0, 0
51602, 25099718, 1, 0, 0
51711, 27928115, 1, 0, 0
51804, 27524435, 1, 0, 0
51941, 53674475, 1, 0, 0
52042, 83489971, 1, 0, 0
52146, 91192346, 1, 0, 0
52251, 92520527, 1, 0, 0
52311, 90927646, 1, 0, 0
52425, 101662406, 1, 0, 0
52529, 100300608, 1, 0, 0
52609, 53728411, 1, 0, 0
52710, 32203193, 1, 0, 0
52811, 35190022, 1, 0, 0
52933, 81290035, 1, 0, 0
53017, 54692633, 1, 0, 0
53108, 27258912, 1, 0, 0
53216, 26576474, 1, 0, 0
53304, 26758361, 1, 0, 0
53412, 26923755, 1, 0, 0
53516, 25380200, 1, 0, 0
53603, 24495574, 1, 0, 0
53707, 26288588, 1, 0, 0
53800, 24661558, 1, 0, 0
53906, 23841950, 1, 0, 0
54007, 26182316, 1, 0, 0
54100, 26891223, 1, 0, 0
54210, 26187578, 1, 0, 0
54314, 27185432, 1, 0, 0
54405, 27084806, 1, 0, 0
54509, 26727403, 1, 0, 0
54602, 27039980, 1, 0, 0
54710, 25762914, 1, 0, 0
54814, 25793839, 1, 0, 0
54903, 26938054, 1, 0, 0
55005, 24133915, 1, 0, 0
55105, 23757674, 1, 0, 0
55243, 45799087, 1, 0, 0
55349, 89186441, 1, 0, 0
55458, 94465534, 1, 0, 0
55510, 85302254, 1, 0, 0
55618, 98063976, 1, 0, 0
55727, 95793931, 1, 0, 0
55837, 90572364, 1, 0, 0
55900, 92166429, 1, 0, 0
56007, 32754838, 1, 0, 0
56101, 27591294, 1, 0, 0
56207, 24748232, 1, 0, 0
56311, 24496624, 1, 0, 0
56402, 25162233, 1, 0, 0
56506, 27106966, 1, 0, 0
56609, 25965878, 1, 0, 0
56717, 26654866, 1, 0, 0
56807, 25031258, 1, 0, 0
56900, 27208173, 1, 0, 0
57010, 27978753, 1, 0, 0
57114, 26303311, 1, 0, 0
57205, 25571448, 1, 0, 0
57308, 26303009, 1, 0, 0
57413, 26523324, 1, 0, 0
57504, 22384085, 1, 0, 0
57602, 24756884, 1, 0, 0
57708, 28134659, 1, 0, 0
57808, 26235521, 1, 0, 0
57913, 31364847, 1, 0, 0
58017, 27107642, 1, 0, 0
58100, 25951734, 1, 0, 0
58213, 31252657, 1, 0, 0
58314, 27176954, 1, 0, 0
58402, 30289356, 1, 0, 0
58522, 31723610, 1, 0, 0
58626, 78365973, 1, 0, 0
58732, 93664957, 1, 0, 0
58837, 94425143, 1, 0, 0
58951, 95048224, 1, 0, 0
59004, 59357620, 1, 0, 0
59118, 60818581, 1, 0, 0
59236, 78388352, 1, 0, 0
59301, 69584694, 1, 0, 0
59404, 23930425, 1, 0, 0
59508, 31263659, 1, 0, 0
59615, 27532558, 1, 0, 0
59705, 29230557, 1, 0, 0
59812, 30249580, 1, 0, 0
59918, 31191263, 1, 0, 0
60010, 32586861, 1, 0, 0
60114, 28693244, 1, 0, 0
60203, 25771824, 1, 0, 0
60308, 24005819, 1, 0, 0
60414, 29056279, 1, 0, 0
60502, 31098732, 1, 0, 0
60604, 31491491, 1, 0, 0
60713, 30627731, 1, 0, 0
60816, 30899741, 1, 0, 0
60908, 32144892, 1, 0, 0
61009, 26941524, 1, 0, 0
61109, 36049033, 1, 0, 0
61222, 43723216, 1, 0, 0
61318, 29402769, 1, 0, 0
61417, 42617711, 1, 0, 0
61514, 42201761, 1, 0, 0
61633, 55751888, 1, 0, 0
61707, 116552566, 1, 0, 0
61830, 113047338, 1, 0, 0
61900, 103859339, 1, 0, 0
62077, 128385433, 1, 0, 0
62140, 165438600, 1, 0, 0
62247, 92349151, 1, 0, 0
62304, 110051257, 1, 0, 0
62408, 37032613, 1, 0, 0
62500, 25818792, 1, 0, 0
62606, 25074240, 1, 0, 0
62713, 24704531, 1, 0, 0
62801, 26468247, 1, 0, 0
62906, 25184055, 1, 0, 0
63001, 27656048, 1, 0, 0
63107, 26531292, 1, 0, 0
63200, 27379123, 1, 0, 0
63305, 23619099, 1, 0, 0
63413, 27409809, 1, 0, 0
63503, 26432203, 1, 0, 0
63606, 26979201, 1, 0, 0
63706, 29371759, 1, 0, 0
63813, 22539417, 1, 0, 0
63902, 26931394, 1, 0, 0
64004, 23503700, 1, 0, 0
64111, 26423162, 1, 0, 0
64206, 28485090, 1, 0, 0
64314, 26835793, 1, 0, 0
64404, 24946252, 1, 0, 0
64506, 27108162, 1, 0, 0
64608, 24734744, 1, 0, 0
64716, 26249528, 1, 0, 0
64801, 62483903, 1, 0, 0
64912, 90043790, 1, 0, 0
65025, 99634149, 1, 0, 0
65132, 96124168, 1, 0, 0
65238, 92405194, 1, 0, 0
65339, 93691695, 1, 0, 0
65452, 92497666, 1, 0, 0
65500, 56714263, 1, 0, 0
65603, 26251019, 1, 0, 0
65716, 26359821, 1, 0, 0
65816, 26550962, 1, 0, 0
65909, 24355902, 1, 0, 0
66001, 25701862, 1, 0, 0
66106, 28153458, 1, 0, 0
66205, 32445163, 1, 0, 0
66302, 44626671, 1, 0, 0
66424, 36216844, 1, 0, 0
66516, 38830495, 1, 0, 0
66618, 43522865, 1, 0, 0
66707, 39924132, 1, 0, 0
66800, 35419967, 1, 0, 0
66912, 36344145, 1, 0, 0
67001, 29607425, 1, 0, 0
67112, 26942197, 1, 0, 0
67203, 24072988, 1, 0, 0
67313, 26999251, 1, 0, 0
67402, 23466745, 1, 0, 0
67513, 25772983, 1, 0, 0
67604, 27137953, 1, 0, 0
67731, 33330568, 1, 0, 0
67835, 87723825, 1, 0, 0
67941, 93460900, 1, 0, 0
68047, 94300929, 1, 0, 0
68151, 94421867, 1, 0, 0
68204, 86931978, 1, 0, 0
68304, 91943766, 1, 0, 0
68407, 71326268, 1, 0, 0
68500, 26650077, 1, 0, 0
68602, 24022275, 1, 0, 0
68706, 25649469, 1, 0, 0
68817, 25470896, 1, 0, 0
68907, 18398943, 1, 0, 0
69012, 26229859, 1, 0, 0
69106, 27280343, 1, 0, 0
69200, 26544506, 1, 0, 0
69309, 26172571, 1, 0, 0
69401, 27566976, 1, 0, 0
69507, 26200197, 1, 0, 0
69611, 24417480, 1, 0, 0
69704, 27527242, 1, 0, 0
69811, 26830679, 1, 0, 0
69906, 24424561, 1, 0, 0
70014, 27021625, 1, 0, 0
70105, 26558645, 1, 0, 0
70212, 27446255, 1, 0, 0
70302, 27150832, 1, 0, 0
70411, 26646357, 1, 0, 0
70515, 23568987, 1, 0, 0
70604, 26304107, 1, 0, 0
70704, 26513734, 1, 0, 0
70812, 26307625, 1, 0, 0
70908, 28033570, 1, 0, 0
71048, 35639674, 1, 0, 0
71154, 81907086, 1, 0, 0
71207, 108511273, 1, 0, 0
71315, 74730841, 1, 0, 0
71422, 88999580, 1, 0, 0
71532, 95355963, 1, 0, 0
71638, 96890649, 1, 0, 0
71712, 48398763, 1, 0, 0
71802, 24189700, 1, 0, 0
71910, 25471638, 1, 0, 0
72002, 24179236, 1, 0, 0
72110, 22590801, 1, 0, 0
72200, 26312945, 1, 0, 0
72307, 28462521, 1, 0, 0
72413, 21999898, 1, 0, 0
72504, 28356230, 1, 0, 0
72605, 30229147, 1, 0, 0
72709, 29549328, 1, 0, 0
72818, 28727794, 1, 0, 0
72903, 28730328, 1, 0, 0
73008, 23671503, 1, 0, 0
73110, 31015432, 1, 0, 0
73204, 31750592, 1, 0, 0
73309, 29744980, 1, 0, 0
73413, 31432291, 1, 0, 0
73511, 29061884, 1, 0, 0
73602, 29114899, 1, 0, 0
73709, 32253999, 1, 0, 0
73803, 31185246, 1, 0, 0
73905, 25996397, 1, 0, 0
74013, 27632622, 1, 0, 0
74114, 30105810, 1, 0, 0
74202, 30931775, 1, 0, 0
74304, 32942943, 1, 0, 0
74411, 73326011, 1, 0, 0
74522, 95182539, 1, 0, 0
74633, 98793447, 1, 0, 0
74744, 99082539, 1, 0, 0
74855, 98126532, 1, 0, 0
74911, 91011965, 1, 0, 0
75020, 58918815, 1, 0, 0
75117, 28885665, 1, 0, 0
75206, 25941588, 1, 0, 0
75315, 26799300, 1, 0, 0
75405, 26541992, 1, 0, 0
75512, 25575319, 1, 0, 0
75615, 25280810, 1, 0, 0
75708, 26433753, 1, 0, 0
75816, 26043774, 1, 0, 0
75906, 26621409, 1, 0, 0
76010, 26167047, 1, 0, 0
76101, 27560259, 1, 0, 0
76208, 26551672, 1, 0, 0
76306, 25706703, 1, 0, 0
76407, 26674044, 1, 0, 0
76516, 26584659, 1, 0, 0
76607, 27249398, 1, 0, 0
76712, 25042460, 1, 0, 0
76803, 26177428, 1, 0, 0
76915, 27184146, 1, 0, 0
77004, 26196813, 1, 0, 0
77105, 25555009, 1, 0, 0
77208, 24222319, 1, 0, 0
77300, 25847337, 1, 0, 0
77405, 26400156, 1, 0, 0
77509, 25846920, 1, 0, 0
77616, 36082815, 1, 0, 0
77719, 83100647, 1, 0, 0
77821, 90511507, 1, 0, 0
77924, 91028160, 1, 0, 0
78015, 89793538, 1, 0, 0
78142, 75335450, 1, 0, 0
78242, 86179275, 1, 0, 0
78301, 36802047, 1, 0, 0
78400, 25500553, 1, 0, 0
78505, 24492134, 1, 0, 0
78614, 24945171, 1, 0, 0
78705, 27255881, 1, 0, 0
78805, 22943517, 1, 0, 0
78916, 27492880, 1, 0, 0
79008, 27004014, 1, 0, 0
79102, 27699619, 1, 0, 0
79212, 27616634, 1, 0, 0
79305, 24494367, 1, 0, 0
79408, 23680261, 1, 0, 0
79504, 23856797, 1, 0, 0
79605, 25268096, 1, 0, 0
79714, 26182462, 1, 0, 0
79808, 27970599, 1, 0, 0
79913, 25535397, 1, 0, 0
80008, 27322523, 1, 0, 0
80110, 24860950, 1, 0, 0
80202, 23936748, 1, 0, 0
80316, 28172768, 1, 0, 0
80406, 24740811, 1, 0, 0
80511, 26986225, 1, 0, 0
80603, 22293952, 1, 0, 0
80708, 23867931, 1, 0, 0
80814, 26561369, 1, 0, 0
80912, 28176557, 1, 0, 0
81021, 78141459, 1, 0, 0
81129, 97579651, 1, 0, 0
81236, 95688520, 1, 0, 0
81354, 95038834, 1, 0, 0
81418, 97829449, 1, 0, 0
81531, 106106228, 1, 0, 0
81603, 72102211, 1, 0, 0
81713, 27325854, 1, 0, 0
81803, 25583587, 1, 0, 0
81909, 25343633, 1, 0, 0
82001, 26994933, 1, 0, 0
82114, 27271698, 1, 0, 0
82200, 24154627, 1, 0, 0
82310, 27029842, 1, 0, 0
82403, 26426676, 1, 0, 0
82507, 26485809, 1, 0, 0
82611, 25019502, 1, 0, 0
82713, 23485835, 1, 0, 0
82803, 25933914, 1, 0, 0
82910, 24436818, 1, 0, 0
83009, 28061446, 1, 0, 0
83101, 26202816, 1, 0, 0
83200, 25581656, 1, 0, 0
83305, 23702187, 1, 0, 0
83409, 23580899, 1, 0, 0
83502, 25220246, 1, 0, 0
83608, 26577996, 1, 0, 0
83700, 20411319, 1, 0, 0
83806, 23588766, 1, 0, 0
83908, 26608651, 1, 0, 0
84014, 27157442, 1, 0, 0
84104, 26474839, 1, 0, 0
84205, 25868241, 1, 0, 0
84342, 49709004, 1, 0, 0
84448, 93020844, 1, 0, 0
84504, 86765173, 1, 0, 0
84613, 94090859, 1, 0, 0
84717, 95875733, 1, 0, 0
84821, 88069303, 1, 0, 0
84902, 88415747, 1, 0, 0
85015, 64377494, 1, 0, 0
85112, 36585759, 1, 0, 0
85204, 27465444, 1, 0, 0
85309, 30369843, 1, 0, 0
85412, 21013489, 1, 0, 0
85500, 23361443, 1, 0, 0
85604, 26827799, 1, 0, 0
85714, 27836969, 1, 0, 0
85803, 22456466, 1, 0, 0
85911, 32067625, 1, 0, 0
86012, 27683518, 1, 0, 0
86113, 27664710, 1, 0, 0
86204, 26645229, 1, 0, 0
86307, 28018896, 1, 0, 0
86417, 27582878, 1, 0, 0
86502, 24579706, 1, 0, 0
86611, 31336746, 1, 0, 0
86714, 25719724, 1, 0, 0
86813, 29616440, 1, 0, 0
86906, 23773324, 1, 0, 0
87011, 25057882, 1, 0, 0
87101, 22803196, 1, 0, 0
87206, 25929604, 1, 0, 0
87313, 26848174, 1, 0, 0
87413, 25114731, 1, 0, 0
87502, 27399974, 1, 0, 0
87602, 24943622, 1, 0, 0
87706, 54525424, 1, 0, 0
87818, 92101911, 1, 0, 0
87929, 98824502, 1, 0, 0
88041, 80334671, 1, 0, 0
88147, 90608109, 1, 0, 0
88201, 87910945, 1, 0, 0
88302, 93436419, 1, 0, 0
88409, 38453749, 1, 0, 0
88502, 24143574, 1, 0, 0
88611, 23745047, 1, 0, 0
88701, 26001820, 1, 0, 0
88803, 26302333, 1, 0, 0
88912, 27445379, 1, 0, 0
89002, 26890768, 1, 0, 0
89109, 24863510, 1, 0, 0
89209, 29961700, 1, 0, 0
89313, 26802859, 1, 0, 0
89403, 26846020, 1, 0, 0
89510, 25955217, 1, 0, 0
89614, 25628703, 1, 0, 0
89707, 24665611, 1, 0, 0
89805, 24659769, 1, 0, 0
89913, 25737171, 1, 0, 0
90010, 27321756, 1, 0, 0
90010, 28152981, 1, 0, 0
