119, 102959448, 1, 0, 0
218, 64386314, 1, 0, 0
303, 27136215, 1, 0, 0
411, 26704996, 1, 0, 0
516, 28877446, 1, 0, 0
603, 27391589, 1, 0, 0
717, 26983888, 1, 0, 0
803, 22764148, 1, 0, 0
905, 27677616, 1, 0, 0
1017, 22912640, 1, 0, 0
1107, 26503021, 1, 0, 0
1202, 27317750, 1, 0, 0
1305, 30507958, 1, 0, 0
1409, 27789315, 1, 0, 0
1505, 23231842, 1, 0, 0
1611, 22485132, 1, 0, 0
1703, 26626058, 1, 0, 0
1813, 24942884, 1, 0, 0
1902, 25354452, 1, 0, 0
2006, 26754349, 1, 0, 0
2109, 26783955, 1, 0, 0
2200, 27407801, 1, 0, 0
2310, 21593116, 1, 0, 0
2400, 21410724, 1, 0, 0
2501, 24606407, 1, 0, 0
2609, 20805979, 1, 0, 0
2712, 26983827, 1, 0, 0
2842, 39710987, 1, 0, 0
2949, 90943472, 1, 0, 0
3051, 93778540, 1, 0, 0
3106, 90851261, 1, 0, 0
3210, 93653387, 1, 0, 0
3315, 93415772, 1, 0, 0
3420, 94874717, 1, 0, 0
3512, 39187176, 1, 0, 0
3605, 24912772, 1, 0, 0
3711, 20773150, 1, 0, 0
3800, 28088796, 1, 0, 0
3904, 26492110, 1, 0, 0
4003, 28421779, 1, 0, 0
4108, 26241288, 1, 0, 0
4209, 25364903, 1, 0, 0
4311, 23924272, 1, 0, 0
4402, 27159746, 1, 0, 0
4512, 26979502, 1, 0, 0
4605, 25061078, 1, 0, 0
4710, 26684837, 1, 0, 0
4810, 28433559, 1, 0, 0
4907, 23427989, 1, 0, 0
5018, 28535901, 1, 0, 0
5106, 26577863, 1, 0, 0
5209, 24083030, 1, 0, 0
5302, 26814844, 1, 0, 0
5409, 24522859, 1, 0, 0
5500, 25676046, 1, 0, 0
5610, 26770874, 1, 0, 0
5702, 27063269, 1, 0, 0
5812, 27458091, 1, 0, 0
5905, 27764422, 1, 0, 0
6000, 27575159, 1, 0, 0
6102, 23880346, 1, 0, 0
6207, 34239218, 1, 0, 0
6307, 92181005, 1, 0, 0
6419, 89671586, 1, 0, 0
6531, 99503264, 1, 0, 0
6634, 94276612, 1, 0, 0
6741, 93128476, 1, 0, 0
6848, 72593487, 1, 0, 0
6915, 66546490, 1, 0, 0
7007, 25790547, 1, 0, 0
7100, 24943556, 1, 0, 0
7202, 25841397, 1, 0, 0
7312, 27794274, 1, 0, 0
7419, 24714624, 1, 0, 0
7509, 25517478, 1, 0, 0
7604, 28275105, 1, 0, 0
7702, 28535978, 1, 0, 0
7805, 26335593, 1, 0, 0
7917, 20182722, 1, 0, 0
8007, 26755070, 1, 0, 0
8110, 21547079, 1, 0, 0
8201, 30796759, 1, 0, 0
8307, 26262441, 1, 0, 0
8401, 25693976, 1, 0, 0
8500, 29340738, 1, 0, 0
8605, 24914197, 1, 0, 0
8708, 25026034, 1, 0, 0
8801, 26336823, 1, 0, 0
8913, 27729050, 1, 0, 0
9002, 26567496, 1, 0, 0
9107, 21196321, 1, 0, 0
9214, 23232414, 1, 0, 0
9301, 20714622, 1, 0, 0
9407, 26794453, 1, 0, 0
9520, 31373617, 1, 0, 0
9629, 58750151, 1, 0, 0
9739, 74299901, 1, 0, 0
9845, 90862278, 1, 0, 0
9900, 92656122, 1, 0, 0
10010, 79752828, 1, 0, 0
10115, 97504910, 1, 0, 0
10206, 37169903, 1, 0, 0
10315, 25511684, 1, 0, 0
10407, 27460208, 1, 0, 0
10518, 26928862, 1, 0, 0
10606, 26836755, 1, 0, 0
10710, 26547507, 1, 0, 0
10803, 26854532, 1, 0, 0
10911, 28305183, 1, 0, 0
11007, 28096545, 1, 0, 0
11122, 24106869, 1, 0, 0
11214, 29307531, 1, 0, 0
11303, 23737832, 1, 0, 0
11407, 24282161, 1, 0, 0
11512, 27253740, 1, 0, 0
11610, 28911099, 1, 0, 0
11700, 22879957, 1, 0, 0
11817, 30318477, 1, 0, 0
11902, 28982865, 1, 0, 0
12012, 21895863, 1, 0, 0
12112, 25301348, 1, 0, 0
12205, 26864475, 1, 0, 0
12305, 28847787, 1, 0, 0
12404, 26112694, 1, 0, 0
12511, 25996417, 1, 0, 0
12601, 24175924, 1, 0, 0
12712, 26836682, 1, 0, 0
12805, 27694240, 1, 0, 0
12901, 49177521, 1, 0, 0
13001, 94815680, 1, 0, 0
13110, 93652018, 1, 0, 0
13221, 97613796, 1, 0, 0
13328, 97127039, 1, 0, 0
13437, 95218102, 1, 0, 0
13542, 89711270, 1, 0, 0
13602, 44576307, 1, 0, 0
13707, 25627307, 1, 0, 0
13817, 26912637, 1, 0, 0
13912, 27283230, 1, 0, 0
14004, 22679487, 1, 0, 0
14109, 24515500, 1, 0, 0
14204, 23880616, 1, 0, 0
14315, 27179841, 1, 0, 0
14409, 27886991, 1, 0, 0
14513, 24173507, 1, 0, 0
14605, 22914996, 1, 0, 0
14707, 23975833, 1, 0, 0
14809, 26223139, 1, 0, 0
14914, 23299099, 1, 0, 0
15004, 26842168, 1, 0, 0
15100, 28412277, 1, 0, 0
15205, 28345319, 1, 0, 0
15309, 29471310, 1, 0, 0
15402, 23219054, 1, 0, 0
15500, 27716631, 1, 0, 0
15611, 27891900, 1, 0, 0
15705, 28315842, 1, 0, 0
15813, 24467555, 1, 0, 0
15907, 25948895, 1, 0, 0
16012, 27178098, 1, 0, 0
16114, 27830208, 1, 0, 0
16247, 44151045, 1, 0, 0
16357, 94194014, 1, 0, 0
16406, 85038747, 1, 0, 0
16518, 77541677, 1, 0, 0
16625, 59021303, 1, 0, 0
16732, 95421090, 1, 0, 0
16846, 95801971, 1, 0, 0
16908, 50703149, 1, 0, 0
17001, 27375119, 1, 0, 0
17105, 27946820, 1, 0, 0
17203, 27395137, 1, 0, 0
17315, 25500296, 1, 0, 0
17404, 26860715, 1, 0, 0
17511, 24587435, 1, 0, 0
17604, 27496746, 1, 0, 0
17717, 28099812, 1, 0, 0
17801, 28013010, 1, 0, 0
17910, 26378665, 1, 0, 0
18001, 25271829, 1, 0, 0
18101, 28769698, 1, 0, 0
18208, 27081772, 1, 0, 0
18304, 27316124, 1, 0, 0
18413, 27987465, 1, 0, 0
18506, 23551821, 1, 0, 0
18613, 23781763, 1, 0, 0
18703, 27888268, 1, 0, 0
18808, 26432366, 1, 0, 0
18913, 23856838, 1, 0, 0
19004, 25724262, 1, 0, 0
19112, 27550979, 1, 0, 0
19201, 26864088, 1, 0, 0
19311, 26042113, 1, 0, 0
19401, 26376821, 1, 0, 0
19508, 26661167, 1, 0, 0
19609, 65838152, 1, 0, 0
19719, 95174995, 1, 0, 0
19828, 97831372, 1, 0, 0
19938, 96982631, 1, 0, 0
20044, 97605760, 1, 0, 0
20150, 85521477, 1, 0, 0
20210, 43041267, 1, 0, 0
20311, 26081284, 1, 0, 0
20405, 26352258, 1, 0, 0
20505, 24992453, 1, 0, 0
20614, 26370676, 1, 0, 0
20706, 27722567, 1, 0, 0
20810, 26773818, 1, 0, 0
20900, 26610187, 1, 0, 0
21010, 24211198, 1, 0, 0
21102, 26606724, 1, 0, 0
21210, 22648227, 1, 0, 0
21301, 23861863, 1, 0, 0
21407, 28324236, 1, 0, 0
21505, 23646306, 1, 0, 0
21600, 25832030, 1, 0, 0
21714, 23823759, 1, 0, 0
21818, 28596847, 1, 0, 0
21910, 29932762, 1, 0, 0
22013, 23714820, 1, 0, 0
22102, 27302513, 1, 0, 0
22206, 30183711, 1, 0, 0
22313, 30467264, 1, 0, 0
22415, 27471955, 1, 0, 0
22518, 28427932, 1, 0, 0
22606, 28752924, 1, 0, 0
22711, 27692930, 1, 0, 0
22800, 27910434, 1, 0, 0
22935, 46238158, 1, 0, 0
23044, 94756463, 1, 0, 0
23153, 58536917, 1, 0, 0
23209, 64218220, 1, 0, 0
23320, 88224586, 1, 0, 0
23429, 98607017, 1, 0, 0
23537, 66490430, 1, 0, 0
23606, 48950024, 1, 0, 0
23709, 29614857, 1, 0, 0
23817, 22607481, 1, 0, 0
23902, 26100941, 1, 0, 0
24009, 24876984, 1, 0, 0
24116, 31098421, 1, 0, 0
24204, 25546199, 1, 0, 0
24310, 29676712, 1, 0, 0
24401, 27450522, 1, 0, 0
24502, 30940881, 1, 0, 0
24612, 27834076, 1, 0, 0
24700, 26929555, 1, 0, 0
24806, 24810675, 1, 0, 0
24912, 26794233, 1, 0, 0
25006, 26831447, 1, 0, 0
25107, 28658943, 1, 0, 0
25208, 25733579, 1, 0, 0
25315, 30644535, 1, 0, 0
25416, 28322664, 1, 0, 0
25501, 25906976, 1, 0, 0
25604, 23531571, 1, 0, 0
25710, 26659197, 1, 0, 0
25818, 29774313, 1, 0, 0
25901, 30637843, 1, 0, 0
26009, 29883026, 1, 0, 0
26114, 26663366, 1, 0, 0
26200, 26163815, 1, 0, 0
26318, 41509081, 1, 0, 0
26430, 102394064, 1, 0, 0
26543, 97034618, 1, 0, 0
26653, 99006543, 1, 0, 0
26705, 109711997, 1, 0, 0
26815, 97299165, 1, 0, 0
26921, 74224247, 1, 0, 0
27000, 75123437, 1, 0, 0
27108, 28868025, 1, 0, 0
27213, 29886814, 1, 0, 0
27302, 27447897, 1, 0, 0
27404, 30257755, 1, 0, 0
27508, 31139992, 1, 0, 0
27617, 27953890, 1, 0, 0
27702, 27071717, 1, 0, 0
27821, 32711422, 1, 0, 0
27914, 28813076, 1, 0, 0
28007, 27080327, 1, 0, 0
28101, 25988623, 1, 0, 0
28201, 27406989, 1, 0, 0
28308, 28118801, 1, 0, 0
28400, 27158526, 1, 0, 0
28503, 24943717, 1, 0, 0
28608, 26010502, 1, 0, 0
28700, 28124432, 1, 0, 0
28809, 26775658, 1, 0, 0
28913, 26937964, 1, 0, 0
29004, 25421681, 1, 0, 0
29109, 25654657, 1, 0, 0
29216, 26847734, 1, 0, 0
29308, 27479976, 1, 0, 0
29403, 26069331, 1, 0, 0
29500, 26033158, 1, 0, 0
29613, 31630753, 1, 0, 0
29719, 76202953, 1, 0, 0
29822, 93967644, 1, 0, 0
29927, 91638361, 1, 0, 0
30034, 94274457, 1, 0, 0
30141, 94385458, 1, 0, 0
30249, 95462891, 1, 0, 0
30311, 63029814, 1, 0, 0
30403, 23710187, 1, 0, 0
30511, 23759607, 1, 0, 0
30603, 26879422, 1, 0, 0
30707, 21899471, 1, 0, 0
30812, 24341003, 1, 0, 0
30900, 26373083, 1, 0, 0
31011, 23560247, 1, 0, 0
31111, 25998745, 1, 0, 0
31202, 26920021, 1, 0, 0
31307, 27078938, 1, 0, 0
31400, 26819356, 1, 0, 0
31510, 28034202, 1, 0, 0
31606, 23086649, 1, 0, 0
31706, 25069455, 1, 0, 0
31806, 22655619, 1, 0, 0
31904, 29743815, 1, 0, 0
32007, 27105146, 1, 0, 0
32114, 25117838, 1, 0, 0
32213, 22281336, 1, 0, 0
32300, 24365190, 1, 0, 0
32413, 24195330, 1, 0, 0
32505, 24177889, 1, 0, 0
32607, 29223368, 1, 0, 0
32717, 22174962, 1, 0, 0
32809, 27399954, 1, 0, 0
32928, 30678138, 1, 0, 0
33032, 81110511, 1, 0, 0
33138, 94033771, 1, 0, 0
33251, 96418985, 1, 0, 0
33305, 101155895, 1, 0, 0
33415, 97418737, 1, 0, 0
33526, 98381493, 1, 0, 0
33607, 74938171, 1, 0, 0
33710, 25493274, 1, 0, 0
33801, 26338258, 1, 0, 0
33905, 26422861, 1, 0, 0
34010, 26206858, 1, 0, 0
34102, 26232920, 1, 0, 0
34204, 26920586, 1, 0, 0
34318, 27051748, 1, 0, 0
34400, 27324101, 1, 0, 0
34515, 27275526, 1, 0, 0
34600, 25532632, 1, 0, 0
34707, 26074467, 1, 0, 0
34808, 29822824, 1, 0, 0
34908, 45780511, 1, 0, 0
35015, 42747691, 1, 0, 0
35118, 28359604, 1, 0, 0
35203, 30187108, 1, 0, 0
35309, 30650335, 1, 0, 0
35403, 28488833, 1, 0, 0
35508, 26589178, 1, 0, 0
35613, 25956131, 1, 0, 0
35700, 26710976, 1, 0, 0
35809, 24275048, 1, 0, 0
35904, 28027490, 1, 0, 0
36010, 26172292, 1, 0, 0
36110, 24254262, 1, 0, 0
36216, 24590928, 1, 0, 0
36352, 39337355, 1, 0, 0
36403, 78344567, 1, 0, 0
36509, 88711650, 1, 0, 0
36613, 93731935, 1, 0, 0
36725, 94165929, 1, 0, 0
36848, 102169455, 1, 0, 0
36905, 112717536, 1, 0, 0
37004, 51044071, 1, 0, 0
37115, 27629537, 1, 0, 0
37209, 26178368, 1, 0, 0
37313, 25350824, 1, 0, 0
37405, 26484013, 1, 0, 0
37512, 26143546, 1, 0, 0
37607, 24577859, 1, 0, 0
37714, 28802836, 1, 0, 0
37809, 26153977, 1, 0, 0
37911, 29336454, 1, 0, 0
38012, 26375249, 1, 0, 0
38102, 24099685, 1, 0, 0
38206, 21361618, 1, 0, 0
38302, 27021658, 1, 0, 0
38411, 26799197, 1, 0, 0
38502, 26184389, 1, 0, 0
38610, 28453303, 1, 0, 0
38700, 26698205, 1, 0, 0
38810, 26555797, 1, 0, 0
38903, 27436350, 1, 0, 0
39011, 28644239, 1, 0, 0
39104, 25725487, 1, 0, 0
39208, 26234705, 1, 0, 0
39310, 25647984, 1, 0, 0
39403, 24973437, 1, 0, 0
39512, 27249671, 1, 0, 0
39630, 27514350, 1, 0, 0
39732, 87178340, 1, 0, 0
39836, 91269892, 1, 0, 0
39946, 94606258, 1, 0, 0
40003, 84645013, 1, 0, 0
40119, 101398678, 1, 0, 0
40236, 98762267, 1, 0, 0
40319, 100043843, 1, 0, 0
40413, 36650060, 1, 0, 0
40502, 26559222, 1, 0, 0
40607, 27097077, 1, 0, 0
40700, 26927955, 1, 0, 0
40807, 24841930, 1, 0, 0
40913, 24671575, 1, 0, 0
41020, 24996013, 1, 0, 0
41119, 36644982, 1, 0, 0
41200, 26093671, 1, 0, 0
41307, 31732252, 1, 0, 0
41413, 30308121, 1, 0, 0
41505, 33634828, 1, 0, 0
41614, 34389630, 1, 0, 0
41705, 33101991, 1, 0, 0
41815, 30518065, 1, 0, 0
41900, 28889251, 1, 0, 0
42012, 33395042, 1, 0, 0
42104, 30765761, 1, 0, 0
42216, 32497263, 1, 0, 0
42392, 49453218, 1, 0, 0
42427, 145815324, 1, 0, 0
42521, 47850325, 1, 0, 0
42668, 94678830, 1, 0, 0
42737, 137323007, 1, 0, 0
42803, 120003773, 1, 0, 0
42945, 124726081, 1, 0, 0
43012, 135087377, 1, 0, 0
43161, 122042063, 1, 0, 0
43224, 129239755, 1, 0, 0
43333, 117883295, 1, 0, 0
43417, 43301658, 1, 0, 0
43512, 33931729, 1, 0, 0
43604, 40297784, 1, 0, 0
43721, 32070633, 1, 0, 0
43820, 38751171, 1, 0, 0
43918, 43036547, 1, 0, 0
44018, 41377835, 1, 0, 0
44111, 41101132, 1, 0, 0
44217, 38042544, 1, 0, 0
44317, 35480412, 1, 0, 0
44412, 27492198, 1, 0, 0
44509, 28297157, 1, 0, 0
44614, 24251008, 1, 0, 0
44705, 24026698, 1, 0, 0
44808, 23694244, 1, 0, 0
44901, 28436637, 1, 0, 0
45011, 27353669, 1, 0, 0
45104, 26826208, 1, 0, 0
45208, 39430998, 1, 0, 0
45316, 87306420, 1, 0, 0
45432, 89775740, 1, 0, 0
45544, 74641968, 1, 0, 0
45653, 77275017, 1, 0, 0
45708, 81861711, 1, 0, 0
45820, 61497436, 1, 0, 0
45907, 38427397, 1, 0, 0
46011, 26209383, 1, 0, 0
46102, 21325435, 1, 0, 0
46210, 24918222, 1, 0, 0
46300, 26016230, 1, 0, 0
46401, 24742811, 1, 0, 0
46510, 26371904, 1, 0, 0
46606, 28565381, 1, 0, 0
46707, 29688515, 1, 0, 0
46814, 25027465, 1, 0, 0
46903, 25389446, 1, 0, 0
47018, 25282087, 1, 0, 0
47103, 28618270, 1, 0, 0
47210, 26771897, 1, 0, 0
47300, 26260327, 1, 0, 0
47407, 27236198, 1, 0, 0
47509, 26179870, 1, 0, 0
47615, 24044895, 1, 0, 0
47709, 25406110, 1, 0, 0
47812, 24963077, 1, 0, 0
47903, 24505551, 1, 0, 0
48009, 25341665, 1, 0, 0
48102, 27466072, 1, 0, 0
48212, 27394125, 1, 0, 0
48305, 27673195, 1, 0, 0
48420, 22165182, 1, 0, 0
48514, 44844394, 1, 0, 0
48615, 76678825, 1, 0, 0
48717, 90946320, 1, 0, 0
48821, 81139090, 1, 0, 0
48929, 80619132, 1, 0, 0
49034, 95823362, 1, 0, 0
49113, 80884367, 1, 0, 0
49225, 40714457, 1, 0, 0
49309, 27480835, 1, 0, 0
49415, 31178144, 1, 0, 0
49505, 30378803, 1, 0, 0
49619, 34274663, 1, 0, 0
49715, 27650400, 1, 0, 0
49810, 26549939, 1, 0, 0
49902, 26174682, 1, 0, 0
50011, 27796471, 1, 0, 0
50101, 26668700, 1, 0, 0
50202, 23648538, 1, 0, 0
50319, 35617846, 1, 0, 0
50408, 29078049, 1, 0, 0
50513, 24787636, 1, 0, 0
50604, 20591978, 1, 0, 0
50709, 25731716, 1, 0, 0
50805, 28119446, 1, 0, 0
50913, 28212996, 1, 0, 0
51005, 27316844, 1, 0, 0
51115, 26633178, 1, 0, 0
51206, 26453941, 1, 0, 0
51313, 27853726, 1, 0, 0
51407, 27149474, 1, 0, 0
51500, 27391743, 1, 0, 0
51602, 28109176, 1, 0, 0
51710, 28095310, 1, 0, 0
51804, 27808211, 1, 0, 0
51916, 46399386, 1, 0, 0
52017, 89206967, 1, 0, 0
52122, 90263819, 1, 0, 0
52223, 92181405, 1, 0, 0
52338, 96603909, 1, 0, 0
52452, 103984432, 1, 0, 0
52508, 84233211, 1, 0, 0
52604, 59392336, 1, 0, 0
52710, 27807389, 1, 0, 0
52811, 33057456, 1, 0, 0
52933, 76966345, 1, 0, 0
53017, 53462009, 1, 0, 0
53108, 23635472, 1, 0, 0
53216, 26881070, 1, 0, 0
53304, 26780438, 1, 0, 0
53412, 25501387, 1, 0, 0
53516, 24383374, 1, 0, 0
53603, 23141577, 1, 0, 0
53707, 23557004, 1, 0, 0
53811, 24005159, 1, 0, 0
53900, 27798781, 1, 0, 0
54002, 26353274, 1, 0, 0
54105, 23097247, 1, 0, 0
54219, 27563404, 1, 0, 0
54308, 26796365, 1, 0, 0
54400, 24213022, 1, 0, 0
54503, 24952061, 1, 0, 0
54614, 27183104, 1, 0, 0
54710, 25567800, 1, 0, 0
54814, 26518303, 1, 0, 0
54903, 25812620, 1, 0, 0
55005, 23592612, 1, 0, 0
55105, 24420606, 1, 0, 0
55243, 40817716, 1, 0, 0
55349, 88593525, 1, 0, 0
55458, 78070779, 1, 0, 0
55510, 95320039, 1, 0, 0
55618, 96635548, 1, 0, 0
55727, 58306381, 1, 0, 0
55837, 96603865, 1, 0, 0
55900, 92178476, 1, 0, 0
56007, 32738428, 1, 0, 0
56101, 24552432, 1, 0, 0
56207, 27281353, 1, 0, 0
56311, 26251825, 1, 0, 0
56403, 26554055, 1, 0, 0
56506, 27163600, 1, 0, 0
56609, 23850002, 1, 0, 0
56717, 25595764, 1, 0, 0
56807, 24468312, 1, 0, 0
56900, 27434337, 1, 0, 0
57010, 23733373, 1, 0, 0
57100, 24948712, 1, 0, 0
57205, 24673096, 1, 0, 0
57308, 26419722, 1, 0, 0
57413, 26527623, 1, 0, 0
57503, 26306785, 1, 0, 0
57602, 27607591, 1, 0, 0
57708, 25499653, 1, 0, 0
57807, 20874156, 1, 0, 0
57913, 30535733, 1, 0, 0
58016, 27735864, 1, 0, 0
58100, 31048285, 1, 0, 0
58212, 26950175, 1, 0, 0
58313, 30851315, 1, 0, 0
58402, 30717973, 1, 0, 0
58522, 29643896, 1, 0, 0
58626, 46139570, 1, 0, 0
58732, 93363285, 1, 0, 0
58837, 77196384, 1, 0, 0
58951, 95194018, 1, 0, 0
59004, 113632443, 1, 0, 0
59118, 79130097, 1, 0, 0
59236, 93649397, 1, 0, 0
59301, 50508036, 1, 0, 0
59404, 26247345, 1, 0, 0
59508, 28039882, 1, 0, 0
59615, 31003831, 1, 0, 0
59704, 22772793, 1, 0, 0
59812, 30810022, 1, 0, 0
59918, 28690502, 1, 0, 0
60010, 28040428, 1, 0, 0
60114, 28298772, 1, 0, 0
60204, 27772820, 1, 0, 0
60308, 27761653, 1, 0, 0
60400, 32712800, 1, 0, 0
60502, 23109300, 1, 0, 0
60604, 23884127, 1, 0, 0
60713, 25462214, 1, 0, 0
60817, 26471612, 1, 0, 0
60908, 30505439, 1, 0, 0
61009, 31169870, 1, 0, 0
61109, 36075127, 1, 0, 0
61222, 41233034, 1, 0, 0
61318, 45855337, 1, 0, 0
61417, 42617901, 1, 0, 0
61515, 40071860, 1, 0, 0
61633, 58495909, 1, 0, 0
61707, 116164225, 1, 0, 0
61830, 115204961, 1, 0, 0
61900, 89481999, 1, 0, 0
62077, 129735047, 1, 0, 0
62140, 150148983, 1, 0, 0
62247, 125589483, 1, 0, 0
62304, 98149709, 1, 0, 0
62408, 34601974, 1, 0, 0
62500, 26817296, 1, 0, 0
62606, 24325422, 1, 0, 0
62712, 27476571, 1, 0, 0
62801, 25132510, 1, 0, 0
62906, 26175469, 1, 0, 0
63001, 26385221, 1, 0, 0
63107, 26597153, 1, 0, 0
63200, 24941174, 1, 0, 0
63305, 23192661, 1, 0, 0
63413, 25176680, 1, 0, 0
63503, 24027575, 1, 0, 0
63606, 25554109, 1, 0, 0
63706, 22679273, 1, 0, 0
63813, 24202963, 1, 0, 0
63902, 25446271, 1, 0, 0
64004, 26135120, 1, 0, 0
64112, 22456342, 1, 0, 0
64215, 23321175, 1, 0, 0
64305, 19160698, 1, 0, 0
64411, 23664952, 1, 0, 0
64507, 26258581, 1, 0, 0
64609, 21939597, 1, 0, 0
64735, 24927279, 1, 0, 0
64831, 74421621, 1, 0, 0
64941, 75747945, 1, 0, 0
65053, 99522930, 1, 0, 0
65104, 65968665, 1, 0, 0
65208, 92585699, 1, 0, 0
65314, 69203757, 1, 0, 0
65417, 90752531, 1, 0, 0
65505, 54759845, 1, 0, 0
65611, 26860488, 1, 0, 0
65704, 26133793, 1, 0, 0
65816, 27791447, 1, 0, 0
65909, 23892022, 1, 0, 0
66001, 25256513, 1, 0, 0
66106, 28753506, 1, 0, 0
66205, 23628322, 1, 0, 0
66302, 39656866, 1, 0, 0
66424, 39459961, 1, 0, 0
66516, 42967755, 1, 0, 0
66618, 38110130, 1, 0, 0
66707, 41860531, 1, 0, 0
66800, 34895363, 1, 0, 0
66912, 39036419, 1, 0, 0
67001, 31391816, 1, 0, 0
67112, 22742017, 1, 0, 0
67203, 24911939, 1, 0, 0
67313, 22941339, 1, 0, 0
67402, 27212498, 1, 0, 0
67513, 27135201, 1, 0, 0
67604, 24950943, 1, 0, 0
67731, 31081298, 1, 0, 0
67835, 73061870, 1, 0, 0
67941, 93614953, 1, 0, 0
68047, 94259899, 1, 0, 0
68151, 94457862, 1, 0, 0
68204, 105207367, 1, 0, 0
68305, 92670650, 1, 0, 0
68407, 81239166, 1, 0, 0
68500, 26524606, 1, 0, 0
68602, 26451413, 1, 0, 0
68706, 26577981, 1, 0, 0
68817, 27654642, 1, 0, 0
68907, 27240724, 1, 0, 0
69012, 25884268, 1, 0, 0
69100, 27755164, 1, 0, 0
69206, 26549368, 1, 0, 0
69300, 25092116, 1, 0, 0
69410, 24305244, 1, 0, 0
69513, 25067402, 1, 0, 0
69606, 24056379, 1, 0, 0
69712, 27383644, 1, 0, 0
69804, 25729651, 1, 0, 0
69906, 27868432, 1, 0, 0
70014, 25142147, 1, 0, 0
70105, 25641013, 1, 0, 0
70212, 26149583, 1, 0, 0
70302, 25566069, 1, 0, 0
70411, 24369832, 1, 0, 0
70515, 25749514, 1, 0, 0
70604, 25724416, 1, 0, 0
70704, 21558073, 1, 0, 0
70813, 23836517, 1, 0, 0
70908, 28423938, 1, 0, 0
71048, 33093504, 1, 0, 0
71154, 92440218, 1, 0, 0
71207, 96329785, 1, 0, 0
71315, 96144264, 1, 0, 0
71422, 95183176, 1, 0, 0
71532, 95335552, 1, 0, 0
71638, 97039911, 1, 0, 0
71712, 39510254, 1, 0, 0
71802, 23492962, 1, 0, 0
71910, 27344880, 1, 0, 0
72002, 26838769, 1, 0, 0
72110, 24379035, 1, 0, 0
72210, 26687750, 1, 0, 0
72307, 23026859, 1, 0, 0
72413, 31238811, 1, 0, 0
72503, 32120964, 1, 0, 0
72605, 29259679, 1, 0, 0
72709, 31781922, 1, 0, 0
72818, 27526919, 1, 0, 0
72903, 30458443, 1, 0, 0
73008, 28612198, 1, 0, 0
73110, 31066315, 1, 0, 0
73204, 31536732, 1, 0, 0
73309, 29229111, 1, 0, 0
73413, 30280044, 1, 0, 0
73512, 26580634, 1, 0, 0
73601, 30303577, 1, 0, 0
73708, 32275801, 1, 0, 0
73803, 33676465, 1, 0, 0
73905, 29583462, 1, 0, 0
74014, 30800811, 1, 0, 0
74114, 29872694, 1, 0, 0
74202, 28300677, 1, 0, 0
74305, 36813509, 1, 0, 0
74411, 51091319, 1, 0, 0
74522, 80883801, 1, 0, 0
74634, 92644720, 1, 0, 0
74744, 83115143, 1, 0, 0
74855, 79813466, 1, 0, 0
74911, 57533578, 1, 0, 0
75020, 50282693, 1, 0, 0
75109, 26673719, 1, 0, 0
75215, 24889409, 1, 0, 0
75306, 24365521, 1, 0, 0
75410, 24241518, 1, 0, 0
75512, 23650431, 1, 0, 0
75615, 25743611, 1, 0, 0
75716, 25736138, 1, 0, 0
75807, 27761794, 1, 0, 0
75911, 25644001, 1, 0, 0
76004, 26844273, 1, 0, 0
76106, 27042285, 1, 0, 0
76217, 26461010, 1, 0, 0
76306, 27094001, 1, 0, 0
76407, 24481390, 1, 0, 0
76516, 26542431, 1, 0, 0
76608, 23667903, 1, 0, 0
76712, 22448222, 1, 0, 0
76803, 26209633, 1, 0, 0
76915, 28007325, 1, 0, 0
77005, 25681511, 1, 0, 0
77111, 25555144, 1, 0, 0
77202, 26220680, 1, 0, 0
77310, 27583733, 1, 0, 0
77405, 25744141, 1, 0, 0
77509, 25708603, 1, 0, 0
77616, 39328345, 1, 0, 0
77719, 83523863, 1, 0, 0
77821, 56038024, 1, 0, 0
77923, 86820004, 1, 0, 0
78015, 89732762, 1, 0, 0
78142, 71953599, 1, 0, 0
78242, 87307817, 1, 0, 0
78301, 44293293, 1, 0, 0
78407, 27501235, 1, 0, 0
78515, 24262809, 1, 0, 0
78606, 27357098, 1, 0, 0
78710, 26924660, 1, 0, 0
78800, 26179579, 1, 0, 0
78907, 26481626, 1, 0, 0
79000, 27575625, 1, 0, 0
79111, 27701594, 1, 0, 0
79212, 28554287, 1, 0, 0
79305, 27377229, 1, 0, 0
79408, 23708152, 1, 0, 0
79504, 27400692, 1, 0, 0
79605, 24868447, 1, 0, 0
79714, 25098007, 1, 0, 0
79816, 27408482, 1, 0, 0
79907, 24099606, 1, 0, 0
80001, 27511442, 1, 0, 0
80105, 26602970, 1, 0, 0
80210, 26360536, 1, 0, 0
80307, 27790818, 1, 0, 0
80412, 24855473, 1, 0, 0
80505, 26875949, 1, 0, 0
80603, 28025168, 1, 0, 0
80708, 25867170, 1, 0, 0
80814, 26864218, 1, 0, 0
80912, 24848860, 1, 0, 0
81021, 70162540, 1, 0, 0
81129, 87158923, 1, 0, 0
81236, 76756342, 1, 0, 0
81354, 93221100, 1, 0, 0
81418, 95362919, 1, 0, 0
81531, 106129896, 1, 0, 0
81603, 77290173, 1, 0, 0
81713, 27160739, 1, 0, 0
81809, 28344986, 1, 0, 0
81902, 23694577, 1, 0, 0
82010, 25122690, 1, 0, 0
82104, 27872465, 1, 0, 0
82210, 26947682, 1, 0, 0
82301, 26677142, 1, 0, 0
82403, 29132166, 1, 0, 0
82507, 24941028, 1, 0, 0
82612, 24815783, 1, 0, 0
82714, 20531807, 1, 0, 0
82803, 25029782, 1, 0, 0
82910, 25778535, 1, 0, 0
83001, 26444559, 1, 0, 0
83115, 26194270, 1, 0, 0
83208, 23751161, 1, 0, 0
83305, 23740000, 1, 0, 0
83409, 26070528, 1, 0, 0
83502, 27352675, 1, 0, 0
83608, 23607565, 1, 0, 0
83700, 27629883, 1, 0, 0
83806, 27179200, 1, 0, 0
83908, 26174911, 1, 0, 0
84000, 21675368, 1, 0, 0
84104, 23220488, 1, 0, 0
84205, 24733348, 1, 0, 0
84342, 51871693, 1, 0, 0
84448, 93264839, 1, 0, 0
84504, 105438425, 1, 0, 0
84613, 94083112, 1, 0, 0
84717, 91294114, 1, 0, 0
84821, 92601730, 1, 0, 0
84902, 89186018, 1, 0, 0
85015, 66488738, 1, 0, 0
85111, 33432399, 1, 0, 0
85204, 27374207, 1, 0, 0
85309, 29578255, 1, 0, 0
85412, 27279327, 1, 0, 0
85500, 20254276, 1, 0, 0
85604, 24388111, 1, 0, 0
85714, 31491542, 1, 0, 0
85804, 29437671, 1, 0, 0
85911, 32197319, 1, 0, 0
86012, 29825415, 1, 0, 0
86113, 30108320, 1, 0, 0
86204, 27102655, 1, 0, 0
86307, 28051730, 1, 0, 0
86417, 31373418, 1, 0, 0
86502, 31431393, 1, 0, 0
86610, 31555796, 1, 0, 0
86714, 30362387, 1, 0, 0
86807, 29239744, 1, 0, 0
86906, 30040130, 1, 0, 0
87011, 26750451, 1, 0, 0
87101, 26324981, 1, 0, 0
87206, 26187271, 1, 0, 0
87313, 25060456, 1, 0, 0
87406, 25677370, 1, 0, 0
87501, 26741359, 1, 0, 0
87602, 24997100, 1, 0, 0
87732, 67051738, 1, 0, 0
87844, 98995992, 1, 0, 0
87903, 71773977, 1, 0, 0
88015, 99120612, 1, 0, 0
88121, 98974069, 1, 0, 0
88227, 90369625, 1, 0, 0
88308, 85804396, 1, 0, 0
88401, 36398707, 1, 0, 0
88511, 25550343, 1, 0, 0
88604, 26954404, 1, 0, 0
88707, 23542066, 1, 0, 0
88809, 21702485, 1, 0, 0
88902, 24237985, 1, 0, 0
89011, 26485865, 1, 0, 0
89102, 23233011, 1, 0, 0
89203, 29009218, 1, 0, 0
89305, 23911614, 1, 0, 0
89410, 23911702, 1, 0, 0
89518, 26173342, 1, 0, 0
89608, 26619224, 1, 0, 0
89712, 26909982, 1, 0, 0
89800, 25101097, 1, 0, 0
89904, 25566380, 1, 0, 0
90010, 26513190, 1, 0, 0
90020, 31341571, 1, 0, 0
