119, 98305679, 1, 0, 0
218, 86446823, 1, 0, 0
303, 28092539, 1, 0, 0
411, 27473999, 1, 0, 0
516, 29191076, 1, 0, 0
603, 29946808, 1, 0, 0
717, 31392023, 1, 0, 0
803, 27235663, 1, 0, 0
905, 26846152, 1, 0, 0
1008, 27692319, 1, 0, 0
1115, 22489522, 1, 0, 0
1209, 24902943, 1, 0, 0
1305, 29671309, 1, 0, 0
1409, 16380216, 1, 0, 0
1511, 27476108, 1, 0, 0
1604, 27709920, 1, 0, 0
1713, 27683361, 1, 0, 0
1804, 22693898, 1, 0, 0
1908, 25883248, 1, 0, 0
2007, 27796726, 1, 0, 0
2109, 25230301, 1, 0, 0
2201, 27392235, 1, 0, 0
2310, 26151390, 1, 0, 0
2400, 26616839, 1, 0, 0
2501, 27026958, 1, 0, 0
2609, 25934710, 1, 0, 0
2712, 27110827, 1, 0, 0
2842, 42699492, 1, 0, 0
2949, 92526756, 1, 0, 0
3000, 87904331, 1, 0, 0
3106, 94341344, 1, 0, 0
3210, 93990800, 1, 0, 0
3315, 92897528, 1, 0, 0
3420, 94391509, 1, 0, 0
3512, 40174845, 1, 0, 0
3606, 24989775, 1, 0, 0
3711, 24507496, 1, 0, 0
3806, 26595338, 1, 0, 0
3913, 25816646, 1, 0, 0
4008, 27068282, 1, 0, 0
4117, 26993276, 1, 0, 0
4209, 27053059, 1, 0, 0
4311, 25354919, 1, 0, 0
4402, 25462909, 1, 0, 0
4512, 20656151, 1, 0, 0
4605, 25453100, 1, 0, 0
4710, 27303679, 1, 0, 0
4803, 26441081, 1, 0, 0
4916, 28920270, 1, 0, 0
5009, 27319911, 1, 0, 0
5114, 26393037, 1, 0, 0
5204, 24715871, 1, 0, 0
5302, 28394913, 1, 0, 0
5409, 25359603, 1, 0, 0
5500, 26538015, 1, 0, 0
5610, 27058716, 1, 0, 0
5702, 23119900, 1, 0, 0
5812, 27017669, 1, 0, 0
5906, 26225246, 1, 0, 0
6000, 25391195, 1, 0, 0
6107, 27711848, 1, 0, 0
6238, 31955366, 1, 0, 0
6334, 93528162, 1, 0, 0
6445, 82759313, 1, 0, 0
6506, 111857809, 1, 0, 0
6609, 97227281, 1, 0, 0
6714, 92014500, 1, 0, 0
6821, 96577033, 1, 0, 0
6908, 80958298, 1, 0, 0
7014, 26932751, 1, 0, 0
7106, 20365623, 1, 0, 0
7211, 25478487, 1, 0, 0
7304, 23780813, 1, 0, 0
7408, 26703415, 1, 0, 0
7501, 27070410, 1, 0, 0
7610, 30334957, 1, 0, 0
7708, 21704291, 1, 0, 0
7800, 27633222, 1, 0, 0
7917, 25540816, 1, 0, 0
8007, 25029717, 1, 0, 0
8110, 23510269, 1, 0, 0
8201, 29720300, 1, 0, 0
8307, 24933869, 1, 0, 0
8401, 24473815, 1, 0, 0
8500, 26884367, 1, 0, 0
8605, 24973199, 1, 0, 0
8709, 26449307, 1, 0, 0
8801, 24538882, 1, 0, 0
8913, 26280464, 1, 0, 0
9003, 26633602, 1, 0, 0
9107, 22960359, 1, 0, 0
9214, 26912801, 1, 0, 0
9301, 22135859, 1, 0, 0
9401, 29040932, 1, 0, 0
9546, 38109948, 1, 0, 0
9604, 88684874, 1, 0, 0
9713, 97150567, 1, 0, 0
9819, 85319151, 1, 0, 0
9926, 88395518, 1, 0, 0
10036, 95172743, 1, 0, 0
10123, 85119620, 1, 0, 0
10201, 34443228, 1, 0, 0
10305, 25427235, 1, 0, 0
10401, 23194917, 1, 0, 0
10509, 26668231, 1, 0, 0
10613, 25994105, 1, 0, 0
10704, 25516828, 1, 0, 0
10803, 25091881, 1, 0, 0
10903, 24419673, 1, 0, 0
11016, 26285221, 1, 0, 0
11105, 24224195, 1, 0, 0
11206, 28487234, 1, 0, 0
11310, 29670684, 1, 0, 0
11401, 19563047, 1, 0, 0
11503, 21869188, 1, 0, 0
11601, 28745844, 1, 0, 0
11700, 25452083, 1, 0, 0
11818, 32569610, 1, 0, 0
11902, 32361419, 1, 0, 0
12012, 24721604, 1, 0, 0
12112, 23407791, 1, 0, 0
12206, 25873803, 1, 0, 0
12305, 29342083, 1, 0, 0
12410, 27686022, 1, 0, 0
12506, 27388054, 1, 0, 0
12614, 26106869, 1, 0, 0
12703, 26534324, 1, 0, 0
12805, 25823780, 1, 0, 0
12901, 26658476, 1, 0, 0
13001, 78790388, 1, 0, 0
13110, 81454670, 1, 0, 0
13221, 97544979, 1, 0, 0
13329, 97332416, 1, 0, 0
13437, 95576683, 1, 0, 0
13542, 95720096, 1, 0, 0
13602, 48468804, 1, 0, 0
13707, 25852716, 1, 0, 0
13817, 26403672, 1, 0, 0
13911, 28541541, 1, 0, 0
14004, 27286404, 1, 0, 0
14108, 27255072, 1, 0, 0
14204, 27532542, 1, 0, 0
14315, 25168146, 1, 0, 0
14409, 26929457, 1, 0, 0
14513, 25791899, 1, 0, 0
14605, 25651765, 1, 0, 0
14707, 24025368, 1, 0, 0
14809, 25206884, 1, 0, 0
14914, 25700807, 1, 0, 0
15004, 25051778, 1, 0, 0
15100, 25255877, 1, 0, 0
15212, 20374330, 1, 0, 0
15304, 27171169, 1, 0, 0
15409, 26388321, 1, 0, 0
15500, 25744277, 1, 0, 0
15611, 27280577, 1, 0, 0
15705, 28282102, 1, 0, 0
15814, 27239620, 1, 0, 0
15907, 24218216, 1, 0, 0
16004, 25095126, 1, 0, 0
16115, 20720441, 1, 0, 0
16247, 37851329, 1, 0, 0
16357, 77687205, 1, 0, 0
16407, 87573116, 1, 0, 0
16518, 96602290, 1, 0, 0
16625, 96502825, 1, 0, 0
16732, 95495078, 1, 0, 0
16846, 78721491, 1, 0, 0
16908, 38398849, 1, 0, 0
17001, 27216636, 1, 0, 0
17105, 24394821, 1, 0, 0
17212, 26557445, 1, 0, 0
17306, 27260386, 1, 0, 0
17412, 25000913, 1, 0, 0
17505, 25941105, 1, 0, 0
17613, 26037520, 1, 0, 0
17707, 27371064, 1, 0, 0
17801, 27603148, 1, 0, 0
17910, 26551234, 1, 0, 0
18001, 23846255, 1, 0, 0
18110, 26430140, 1, 0, 0
18203, 26532756, 1, 0, 0
18304, 31374228, 1, 0, 0
18413, 28114601, 1, 0, 0
18506, 26559871, 1, 0, 0
18613, 26624441, 1, 0, 0
18703, 27854967, 1, 0, 0
18808, 25060335, 1, 0, 0
18913, 25154039, 1, 0, 0
19003, 24919260, 1, 0, 0
19102, 25116242, 1, 0, 0
19209, 24696727, 1, 0, 0
19301, 23071218, 1, 0, 0
19408, 25251345, 1, 0, 0
19527, 25895441, 1, 0, 0
19635, 81279609, 1, 0, 0
19745, 96583372, 1, 0, 0
19854, 97801459, 1, 0, 0
19912, 96728819, 1, 0, 0
20018, 98042273, 1, 0, 0
20127, 90266095, 1, 0, 0
20200, 53355388, 1, 0, 0
20311, 26587866, 1, 0, 0
20410, 23023646, 1, 0, 0
20500, 26319382, 1, 0, 0
20605, 26068965, 1, 0, 0
20714, 23366642, 1, 0, 0
20805, 26127002, 1, 0, 0
20905, 25272725, 1, 0, 0
21000, 26755963, 1, 0, 0
21111, 25937082, 1, 0, 0
21203, 26737421, 1, 0, 0
21307, 25218233, 1, 0, 0
21415, 30545601, 1, 0, 0
21500, 29333089, 1, 0, 0
21608, 26406879, 1, 0, 0
21703, 27189585, 1, 0, 0
21818, 26790485, 1, 0, 0
21910, 32251406, 1, 0, 0
22013, 31177688, 1, 0, 0
22102, 30993988, 1, 0, 0
22206, 29841537, 1, 0, 0
22312, 31520970, 1, 0, 0
22415, 25151722, 1, 0, 0
22518, 23419174, 1, 0, 0
22607, 25403937, 1, 0, 0
22711, 29306173, 1, 0, 0
22822, 28943362, 1, 0, 0
22934, 46371609, 1, 0, 0
23044, 95872934, 1, 0, 0
23153, 98340422, 1, 0, 0
23209, 112036710, 1, 0, 0
23320, 99269779, 1, 0, 0
23429, 98309651, 1, 0, 0
23536, 97082297, 1, 0, 0
23606, 50820257, 1, 0, 0
23709, 30466825, 1, 0, 0
23817, 31224297, 1, 0, 0
23902, 26039846, 1, 0, 0
24009, 30471892, 1, 0, 0
24116, 31530657, 1, 0, 0
24204, 28993313, 1, 0, 0
24310, 25969675, 1, 0, 0
24401, 27235457, 1, 0, 0
24502, 26098270, 1, 0, 0
24612, 26212647, 1, 0, 0
24700, 28475712, 1, 0, 0
24806, 26818020, 1, 0, 0
24912, 26811596, 1, 0, 0
25011, 23282969, 1, 0, 0
25106, 27993068, 1, 0, 0
25208, 27429533, 1, 0, 0
25315, 28876065, 1, 0, 0
25415, 28853043, 1, 0, 0
25501, 28762683, 1, 0, 0
25604, 29955782, 1, 0, 0
25709, 32730434, 1, 0, 0
25817, 30668223, 1, 0, 0
25901, 29998193, 1, 0, 0
26008, 27037409, 1, 0, 0
26114, 27275025, 1, 0, 0
26200, 29842544, 1, 0, 0
26318, 41063176, 1, 0, 0
26430, 73844844, 1, 0, 0
26543, 79270669, 1, 0, 0
26653, 70205834, 1, 0, 0
26705, 55404199, 1, 0, 0
26815, 103111851, 1, 0, 0
26921, 76876001, 1, 0, 0
27000, 70308545, 1, 0, 0
27109, 32762761, 1, 0, 0
27213, 27316193, 1, 0, 0
27303, 29894331, 1, 0, 0
27404, 29656179, 1, 0, 0
27508, 28981070, 1, 0, 0
27618, 30508126, 1, 0, 0
27702, 30940233, 1, 0, 0
27816, 30877434, 1, 0, 0
27905, 25112825, 1, 0, 0
28014, 27595660, 1, 0, 0
28110, 26014513, 1, 0, 0
28201, 26629158, 1, 0, 0
28309, 27132209, 1, 0, 0
28400, 23102384, 1, 0, 0
28503, 25540682, 1, 0, 0
28608, 24866908, 1, 0, 0
28700, 25713070, 1, 0, 0
28800, 24654705, 1, 0, 0
28908, 24930469, 1, 0, 0
29009, 26679227, 1, 0, 0
29118, 24034576, 1, 0, 0
29208, 26151283, 1, 0, 0
29301, 21877973, 1, 0, 0
29408, 20595047, 1, 0, 0
29500, 24884798, 1, 0, 0
29613, 30940363, 1, 0, 0
29719, 70503818, 1, 0, 0
29822, 92855707, 1, 0, 0
29927, 93104682, 1, 0, 0
30034, 59616533, 1, 0, 0
30141, 94058244, 1, 0, 0
30249, 96665515, 1, 0, 0
30310, 43820396, 1, 0, 0
30403, 26449588, 1, 0, 0
30511, 27650691, 1, 0, 0
30603, 27056027, 1, 0, 0
30706, 26971420, 1, 0, 0
30812, 23078552, 1, 0, 0
30900, 25561207, 1, 0, 0
31011, 25930449, 1, 0, 0
31102, 27713566, 1, 0, 0
31203, 28279630, 1, 0, 0
31308, 25826603, 1, 0, 0
31400, 27755999, 1, 0, 0
31511, 26722862, 1, 0, 0
31606, 26274986, 1, 0, 0
31706, 26311783, 1, 0, 0
31800, 26535093, 1, 0, 0
31904, 25795050, 1, 0, 0
32016, 26572998, 1, 0, 0
32106, 28063036, 1, 0, 0
32204, 28819735, 1, 0, 0
32310, 26067599, 1, 0, 0
32413, 26995215, 1, 0, 0
32505, 26571024, 1, 0, 0
32607, 30839816, 1, 0, 0
32717, 27278408, 1, 0, 0
32809, 27331752, 1, 0, 0
32928, 31578698, 1, 0, 0
33033, 68911952, 1, 0, 0
33138, 94813603, 1, 0, 0
33251, 73437398, 1, 0, 0
33305, 82365430, 1, 0, 0
33415, 97222447, 1, 0, 0
33526, 98120191, 1, 0, 0
33607, 65487053, 1, 0, 0
33710, 24992773, 1, 0, 0
33801, 23277678, 1, 0, 0
33905, 26432513, 1, 0, 0
34010, 26167077, 1, 0, 0
34102, 26840618, 1, 0, 0
34204, 26915901, 1, 0, 0
34318, 27039065, 1, 0, 0
34410, 26960423, 1, 0, 0
34506, 26818604, 1, 0, 0
34609, 26566694, 1, 0, 0
34713, 25844532, 1, 0, 0
34808, 27982561, 1, 0, 0
34908, 50942505, 1, 0, 0
35015, 42385949, 1, 0, 0
35118, 30577889, 1, 0, 0
35203, 28636004, 1, 0, 0
35309, 24311867, 1, 0, 0
35411, 26454452, 1, 0, 0
35502, 26812859, 1, 0, 0
35613, 26537351, 1, 0, 0
35700, 26691645, 1, 0, 0
35809, 24696019, 1, 0, 0
35904, 27102077, 1, 0, 0
36010, 27315030, 1, 0, 0
36103, 28111541, 1, 0, 0
36206, 24024123, 1, 0, 0
36352, 46894112, 1, 0, 0
36403, 72578507, 1, 0, 0
36509, 92588652, 1, 0, 0
36614, 79118091, 1, 0, 0
36725, 71176264, 1, 0, 0
36848, 64254851, 1, 0, 0
36905, 114210629, 1, 0, 0
37004, 48846704, 1, 0, 0
37115, 27102335, 1, 0, 0
37209, 26030738, 1, 0, 0
37313, 27527250, 1, 0, 0
37405, 23873160, 1, 0, 0
37512, 24747121, 1, 0, 0
37614, 23946698, 1, 0, 0
37708, 27612217, 1, 0, 0
37800, 28488195, 1, 0, 0
37903, 24284244, 1, 0, 0
38012, 28319327, 1, 0, 0
38102, 26710760, 1, 0, 0
38206, 22529870, 1, 0, 0
38302, 23683865, 1, 0, 0
38403, 23319679, 1, 0, 0
38508, 25645937, 1, 0, 0
38604, 24835832, 1, 0, 0
38710, 25749713, 1, 0, 0
38802, 24956112, 1, 0, 0
38911, 25534887, 1, 0, 0
39006, 28670465, 1, 0, 0
39111, 27048928, 1, 0, 0
39203, 26719044, 1, 0, 0
39310, 24993335, 1, 0, 0
39403, 27717596, 1, 0, 0
39503, 21500142, 1, 0, 0
39607, 25961922, 1, 0, 0
39705, 41803234, 1, 0, 0
39808, 88126719, 1, 0, 0
39916, 92337854, 1, 0, 0
40030, 96686011, 1, 0, 0
40147, 102109641, 1, 0, 0
40209, 101903886, 1, 0, 0
40313, 92295862, 1, 0, 0
40407, 36068370, 1, 0, 0
40509, 25613816, 1, 0, 0
40601, 25457987, 1, 0, 0
40706, 25856390, 1, 0, 0
40816, 27258829, 1, 0, 0
40903, 25149392, 1, 0, 0
41001, 26295994, 1, 0, 0
41119, 35075467, 1, 0, 0
41200, 24799989, 1, 0, 0
41307, 32322218, 1, 0, 0
41413, 31045826, 1, 0, 0
41505, 30280470, 1, 0, 0
41614, 29982714, 1, 0, 0
41705, 33073889, 1, 0, 0
41815, 31839899, 1, 0, 0
41900, 31125056, 1, 0, 0
42012, 33885262, 1, 0, 0
42104, 32724412, 1, 0, 0
42216, 29302666, 1, 0, 0
42392, 45886056, 1, 0, 0
42436, 145165431, 1, 0, 0
42521, 61783061, 1, 0, 0
42600, 68415074, 1, 0, 0
42737, 115766800, 1, 0, 0
42803, 125663355, 1, 0, 0
42945, 81618458, 1, 0, 0
43012, 128138976, 1, 0, 0
43161, 108068354, 1, 0, 0
43224, 140513076, 1, 0, 0
43333, 120882069, 1, 0, 0
43417, 59385099, 1, 0, 0
43512, 34610633, 1, 0, 0
43604, 42793693, 1, 0, 0
43721, 37780336, 1, 0, 0
43820, 43705185, 1, 0, 0
43918, 35938000, 1, 0, 0
44019, 34639854, 1, 0, 0
44111, 34049851, 1, 0, 0
44217, 38531160, 1, 0, 0
44318, 24252709, 1, 0, 0
44400, 25832460, 1, 0, 0
44509, 25896977, 1, 0, 0
44614, 25538626, 1, 0, 0
44705, 24216572, 1, 0, 0
44808, 26499115, 1, 0, 0
44900, 24136221, 1, 0, 0
45011, 27197841, 1, 0, 0
45109, 27050442, 1, 0, 0
45234, 46665328, 1, 0, 0
45344, 93001470, 1, 0, 0
45406, 93051100, 1, 0, 0
45518, 102397348, 1, 0, 0
45627, 99180574, 1, 0, 0
45734, 92409769, 1, 0, 0
45827, 93069691, 1, 0, 0
45916, 32716596, 1, 0, 0
46002, 24094848, 1, 0, 0
46110, 24487044, 1, 0, 0
46210, 27071644, 1, 0, 0
46300, 24734176, 1, 0, 0
46401, 26583330, 1, 0, 0
46510, 26757560, 1, 0, 0
46600, 26430490, 1, 0, 0
46707, 27721797, 1, 0, 0
46814, 26184690, 1, 0, 0
46903, 24877449, 1, 0, 0
47018, 25355678, 1, 0, 0
47103, 27829660, 1, 0, 0
47210, 26336505, 1, 0, 0
47300, 26874260, 1, 0, 0
47407, 24660224, 1, 0, 0
47509, 26415280, 1, 0, 0
47615, 26151188, 1, 0, 0
47709, 27846067, 1, 0, 0
47812, 26588613, 1, 0, 0
47903, 23772741, 1, 0, 0
48010, 27240330, 1, 0, 0
48102, 25269774, 1, 0, 0
48212, 27483067, 1, 0, 0
48306, 24056583, 1, 0, 0
48420, 28205913, 1, 0, 0
48514, 42162158, 1, 0, 0
48615, 89298002, 1, 0, 0
48717, 51291112, 1, 0, 0
48821, 93164457, 1, 0, 0
48929, 55082212, 1, 0, 0
49034, 91269320, 1, 0, 0
49113, 77502930, 1, 0, 0
49225, 64001052, 1, 0, 0
49309, 36465629, 1, 0, 0
49415, 31176816, 1, 0, 0
49505, 29597653, 1, 0, 0
49619, 32920945, 1, 0, 0
49715, 29622993, 1, 0, 0
49810, 28023518, 1, 0, 0
49902, 27678734, 1, 0, 0
50011, 27786184, 1, 0, 0
50101, 24751917, 1, 0, 0
50202, 25626956, 1, 0, 0
50319, 29827630, 1, 0, 0
50407, 27533087, 1, 0, 0
50513, 26502040, 1, 0, 0
50605, 23514224, 1, 0, 0
50709, 26292780, 1, 0, 0
50805, 24416192, 1, 0, 0
50913, 28160749, 1, 0, 0
51005, 26003835, 1, 0, 0
51115, 25523955, 1, 0, 0
51206, 25793695, 1, 0, 0
51313, 25780641, 1, 0, 0
51407, 27767138, 1, 0, 0
51500, 18647152, 1, 0, 0
51610, 26601722, 1, 0, 0
51705, 26600000, 1, 0, 0
51820, 25000193, 1, 0, 0
51916, 66085234, 1, 0, 0
52017, 89153939, 1, 0, 0
52122, 90230427, 1, 0, 0
52223, 92025861, 1, 0, 0
52338, 96627937, 1, 0, 0
52452, 104047127, 1, 0, 0
52508, 112545588, 1, 0, 0
52604, 63211226, 1, 0, 0
52701, 33145188, 1, 0, 0
52829, 42396155, 1, 0, 0
52905, 55526882, 1, 0, 0
53008, 55591484, 1, 0, 0
53117, 26018750, 1, 0, 0
53207, 25980361, 1, 0, 0
53314, 24161081, 1, 0, 0
53403, 25415494, 1, 0, 0
53508, 26676986, 1, 0, 0
53608, 25597003, 1, 0, 0
53701, 23964678, 1, 0, 0
53806, 27714106, 1, 0, 0
53900, 27646389, 1, 0, 0
54002, 26183330, 1, 0, 0
54105, 25137359, 1, 0, 0
54219, 25571804, 1, 0, 0
54308, 26465943, 1, 0, 0
54400, 25032980, 1, 0, 0
54502, 26050151, 1, 0, 0
54614, 26747301, 1, 0, 0
54718, 26528655, 1, 0, 0
54805, 25969159, 1, 0, 0
54910, 25901829, 1, 0, 0
55010, 22338483, 1, 0, 0
55100, 25258122, 1, 0, 0
55216, 34780504, 1, 0, 0
55321, 89116484, 1, 0, 0
55427, 84950096, 1, 0, 0
55538, 58625203, 1, 0, 0
55647, 87037075, 1, 0, 0
55700, 80983146, 1, 0, 0
55806, 71748864, 1, 0, 0
55905, 83558584, 1, 0, 0
56016, 28928647, 1, 0, 0
56110, 27572179, 1, 0, 0
56216, 27090553, 1, 0, 0
56304, 25268730, 1, 0, 0
56409, 27462646, 1, 0, 0
56501, 26928515, 1, 0, 0
56601, 25940301, 1, 0, 0
56708, 26882293, 1, 0, 0
56814, 25518764, 1, 0, 0
56909, 27605625, 1, 0, 0
57004, 28007944, 1, 0, 0
57108, 26601950, 1, 0, 0
57213, 23783877, 1, 0, 0
57316, 26814136, 1, 0, 0
57407, 27039064, 1, 0, 0
57512, 25956840, 1, 0, 0
57609, 28064340, 1, 0, 0
57703, 28076274, 1, 0, 0
57807, 27331158, 1, 0, 0
57913, 34917964, 1, 0, 0
58016, 30098832, 1, 0, 0
58100, 26845731, 1, 0, 0
58212, 31132744, 1, 0, 0
58314, 27087425, 1, 0, 0
58402, 23918824, 1, 0, 0
58522, 27849389, 1, 0, 0
58626, 58990547, 1, 0, 0
58732, 92940496, 1, 0, 0
58837, 93969121, 1, 0, 0
58951, 87035354, 1, 0, 0
59004, 102921488, 1, 0, 0
59118, 94183701, 1, 0, 0
59236, 106982298, 1, 0, 0
59301, 66350205, 1, 0, 0
59405, 31072605, 1, 0, 0
59508, 31205142, 1, 0, 0
59615, 31090780, 1, 0, 0
59705, 29767239, 1, 0, 0
59812, 29121124, 1, 0, 0
59918, 28187758, 1, 0, 0
60010, 26649944, 1, 0, 0
60114, 31440170, 1, 0, 0
60204, 23450186, 1, 0, 0
60308, 31709028, 1, 0, 0
60400, 32660656, 1, 0, 0
60502, 27141943, 1, 0, 0
60604, 31494683, 1, 0, 0
60713, 30567362, 1, 0, 0
60816, 30885159, 1, 0, 0
60908, 32835624, 1, 0, 0
61008, 31405084, 1, 0, 0
61108, 36930578, 1, 0, 0
61207, 45181309, 1, 0, 0
61306, 42767435, 1, 0, 0
61405, 43737199, 1, 0, 0
61502, 42005978, 1, 0, 0
61665, 65170854, 1, 0, 0
61734, 141347171, 1, 0, 0
61868, 123771667, 1, 0, 0
61941, 117829995, 1, 0, 0
62026, 157902946, 1, 0, 0
62106, 139105402, 1, 0, 0
62221, 123726107, 1, 0, 0
62309, 89162865, 1, 0, 0
62417, 33623390, 1, 0, 0
62509, 26645345, 1, 0, 0
62606, 28584338, 1, 0, 0
62712, 25286667, 1, 0, 0
62801, 26473436, 1, 0, 0
62906, 26511870, 1, 0, 0
63001, 26449560, 1, 0, 0
63107, 24520347, 1, 0, 0
63200, 26955383, 1, 0, 0
63305, 24525537, 1, 0, 0
63413, 27052070, 1, 0, 0
63503, 21951694, 1, 0, 0
63600, 24694365, 1, 0, 0
63715, 25113768, 1, 0, 0
63807, 26276385, 1, 0, 0
63907, 26074549, 1, 0, 0
64014, 26724619, 1, 0, 0
64102, 26448889, 1, 0, 0
64215, 27663672, 1, 0, 0
64305, 23530797, 1, 0, 0
64411, 24469552, 1, 0, 0
64507, 27069719, 1, 0, 0
64608, 27107863, 1, 0, 0
64735, 26583325, 1, 0, 0
64830, 60329744, 1, 0, 0
64941, 89007526, 1, 0, 0
65053, 98810252, 1, 0, 0
65104, 102548280, 1, 0, 0
65208, 92632545, 1, 0, 0
65314, 93898461, 1, 0, 0
65417, 91282292, 1, 0, 0
65506, 53289200, 1, 0, 0
65612, 26487614, 1, 0, 0
65704, 27231783, 1, 0, 0
65815, 27610065, 1, 0, 0
65909, 26999504, 1, 0, 0
66009, 26997226, 1, 0, 0
66100, 26703310, 1, 0, 0
66221, 33017067, 1, 0, 0
66313, 43801135, 1, 0, 0
66410, 40971403, 1, 0, 0
66508, 40986699, 1, 0, 0
66605, 43741881, 1, 0, 0
66719, 38843627, 1, 0, 0
66800, 35979205, 1, 0, 0
66912, 31669122, 1, 0, 0
67001, 29339405, 1, 0, 0
67112, 25179974, 1, 0, 0
67204, 23173377, 1, 0, 0
67313, 26270972, 1, 0, 0
67402, 27180465, 1, 0, 0
67514, 26693361, 1, 0, 0
67604, 26631278, 1, 0, 0
67731, 33921147, 1, 0, 0
67835, 83826384, 1, 0, 0
67942, 81062691, 1, 0, 0
68047, 94272724, 1, 0, 0
68151, 94479317, 1, 0, 0
68204, 69620530, 1, 0, 0
68305, 91943771, 1, 0, 0
68407, 82778104, 1, 0, 0
68500, 27065262, 1, 0, 0
68602, 26164777, 1, 0, 0
68706, 23440307, 1, 0, 0
68809, 26708327, 1, 0, 0
68914, 27348018, 1, 0, 0
69006, 26909380, 1, 0, 0
69100, 27987638, 1, 0, 0
69205, 27310176, 1, 0, 0
69300, 27220981, 1, 0, 0
69410, 27215654, 1, 0, 0
69513, 26516813, 1, 0, 0
69605, 27125159, 1, 0, 0
69712, 27286693, 1, 0, 0
69804, 26003249, 1, 0, 0
69906, 29274803, 1, 0, 0
70014, 27199377, 1, 0, 0
70105, 24767308, 1, 0, 0
70212, 26098433, 1, 0, 0
70302, 23655813, 1, 0, 0
70411, 22878244, 1, 0, 0
70515, 21113071, 1, 0, 0
70604, 25655234, 1, 0, 0
70704, 25928521, 1, 0, 0
70813, 25048116, 1, 0, 0
70908, 26610073, 1, 0, 0
71048, 31694821, 1, 0, 0
71154, 99052720, 1, 0, 0
71207, 90016031, 1, 0, 0
71315, 88618455, 1, 0, 0
71422, 95195106, 1, 0, 0
71532, 95332038, 1, 0, 0
71638, 97014989, 1, 0, 0
71712, 50698229, 1, 0, 0
71802, 26464788, 1, 0, 0
71910, 26665578, 1, 0, 0
72002, 27662237, 1, 0, 0
72109, 27465959, 1, 0, 0
72200, 27257356, 1, 0, 0
72307, 27897864, 1, 0, 0
72413, 23280943, 1, 0, 0
72503, 23710414, 1, 0, 0
72605, 23932975, 1, 0, 0
72709, 28367096, 1, 0, 0
72818, 31773089, 1, 0, 0
72903, 25119884, 1, 0, 0
73008, 25224828, 1, 0, 0
73110, 27919381, 1, 0, 0
73204, 31484141, 1, 0, 0
73310, 26267783, 1, 0, 0
73413, 26103060, 1, 0, 0
73512, 29261775, 1, 0, 0
73602, 28820051, 1, 0, 0
73708, 27707256, 1, 0, 0
73803, 33536889, 1, 0, 0
73905, 29524895, 1, 0, 0
74013, 31129566, 1, 0, 0
74114, 30814404, 1, 0, 0
74202, 28783149, 1, 0, 0
74305, 33136548, 1, 0, 0
74411, 65491612, 1, 0, 0
74522, 95700148, 1, 0, 0
74634, 98524154, 1, 0, 0
74744, 61508083, 1, 0, 0
74856, 76688012, 1, 0, 0
74911, 113715056, 1, 0, 0
75020, 67934812, 1, 0, 0
75109, 24103475, 1, 0, 0
75215, 24678233, 1, 0, 0
75306, 26908529, 1, 0, 0
75410, 25921506, 1, 0, 0
75512, 25207367, 1, 0, 0
75615, 22143999, 1, 0, 0
75707, 25116832, 1, 0, 0
75816, 22257328, 1, 0, 0
75906, 25755756, 1, 0, 0
76010, 19058975, 1, 0, 0
76101, 25988060, 1, 0, 0
76208, 24376552, 1, 0, 0
76312, 24126653, 1, 0, 0
76402, 25427007, 1, 0, 0
76508, 24296491, 1, 0, 0
76600, 26824441, 1, 0, 0
76704, 24129216, 1, 0, 0
76809, 25869135, 1, 0, 0
76904, 27409711, 1, 0, 0
77013, 25376453, 1, 0, 0
77106, 26338794, 1, 0, 0
77208, 26240821, 1, 0, 0
77310, 29883139, 1, 0, 0
77414, 26621365, 1, 0, 0
77504, 25922027, 1, 0, 0
77643, 38128100, 1, 0, 0
77745, 89864728, 1, 0, 0
77848, 90740775, 1, 0, 0
77949, 91146498, 1, 0, 0
78034, 87138028, 1, 0, 0
78115, 73507179, 1, 0, 0
78218, 71420898, 1, 0, 0
78306, 52123545, 1, 0, 0
78400, 21175737, 1, 0, 0
78505, 26759399, 1, 0, 0
78606, 25919290, 1, 0, 0
78710, 25864195, 1, 0, 0
78800, 24202563, 1, 0, 0
78916, 24590176, 1, 0, 0
79008, 24650905, 1, 0, 0
79102, 25839220, 1, 0, 0
79212, 26856522, 1, 0, 0
79305, 27334137, 1, 0, 0
79408, 25024416, 1, 0, 0
79503, 26454824, 1, 0, 0
79605, 24117454, 1, 0, 0
79714, 24544303, 1, 0, 0
79808, 25278127, 1, 0, 0
79913, 26560474, 1, 0, 0
80009, 27734160, 1, 0, 0
80110, 25633022, 1, 0, 0
80202, 26791781, 1, 0, 0
80316, 25461034, 1, 0, 0
80406, 25455292, 1, 0, 0
80510, 26984905, 1, 0, 0
80603, 27042684, 1, 0, 0
80708, 26025032, 1, 0, 0
80814, 26918115, 1, 0, 0
80912, 28015689, 1, 0, 0
81021, 84096615, 1, 0, 0
81129, 97619908, 1, 0, 0
81236, 95673606, 1, 0, 0
81354, 98843257, 1, 0, 0
81418, 102640281, 1, 0, 0
81531, 87264096, 1, 0, 0
81603, 71257587, 1, 0, 0
81713, 26238013, 1, 0, 0
81803, 25905599, 1, 0, 0
81909, 27220282, 1, 0, 0
82001, 27664318, 1, 0, 0
82113, 27737159, 1, 0, 0
82200, 26201623, 1, 0, 0
82310, 26890469, 1, 0, 0
82403, 27834753, 1, 0, 0
82507, 26724911, 1, 0, 0
82611, 25875256, 1, 0, 0
82713, 25784342, 1, 0, 0
82803, 26011515, 1, 0, 0
82910, 27258047, 1, 0, 0
83001, 32211656, 1, 0, 0
83115, 26885022, 1, 0, 0
83208, 25636380, 1, 0, 0
83305, 29519312, 1, 0, 0
83409, 26186127, 1, 0, 0
83502, 25457832, 1, 0, 0
83608, 25736349, 1, 0, 0
83700, 24727805, 1, 0, 0
83806, 23380428, 1, 0, 0
83908, 24403632, 1, 0, 0
84015, 25124093, 1, 0, 0
84104, 26344808, 1, 0, 0
84205, 25999398, 1, 0, 0
84342, 50038230, 1, 0, 0
84448, 93354643, 1, 0, 0
84504, 77447757, 1, 0, 0
84613, 94127247, 1, 0, 0
84717, 95922275, 1, 0, 0
84821, 92532265, 1, 0, 0
84902, 89204754, 1, 0, 0
85015, 62496573, 1, 0, 0
85112, 35697775, 1, 0, 0
85204, 27442078, 1, 0, 0
85309, 30449381, 1, 0, 0
85412, 31003630, 1, 0, 0
85500, 23976449, 1, 0, 0
85604, 30222146, 1, 0, 0
85715, 32136891, 1, 0, 0
85803, 30270541, 1, 0, 0
85911, 29409824, 1, 0, 0
86012, 30399511, 1, 0, 0
86113, 28007996, 1, 0, 0
86204, 22616599, 1, 0, 0
86307, 31162942, 1, 0, 0
86417, 24348284, 1, 0, 0
86502, 25969803, 1, 0, 0
86611, 29128864, 1, 0, 0
86714, 29779813, 1, 0, 0
86807, 29505430, 1, 0, 0
86912, 26231784, 1, 0, 0
87003, 26153056, 1, 0, 0
87109, 26260961, 1, 0, 0
87206, 25511080, 1, 0, 0
87313, 27639049, 1, 0, 0
87413, 27533438, 1, 0, 0
87501, 27809084, 1, 0, 0
87602, 26170619, 1, 0, 0
87706, 56855366, 1, 0, 0
87817, 95424210, 1, 0, 0
87929, 99012741, 1, 0, 0
88041, 99927885, 1, 0, 0
88147, 98090672, 1, 0, 0
88201, 96902844, 1, 0, 0
88302, 93311931, 1, 0, 0
88409, 36221004, 1, 0, 0
88502, 24714393, 1, 0, 0
88611, 26258980, 1, 0, 0
88701, 24835592, 1, 0, 0
88803, 23742540, 1, 0, 0
88912, 26920318, 1, 0, 0
89002, 26659244, 1, 0, 0
89109, 25250764, 1, 0, 0
89209, 30108271, 1, 0, 0
89313, 25513179, 1, 0, 0
89403, 26440575, 1, 0, 0
89509, 27057208, 1, 0, 0
89614, 26400787, 1, 0, 0
89707, 27250981, 1, 0, 0
89805, 21087762, 1, 0, 0
89913, 23662140, 1, 0, 0
90002, 26860254, 1, 0, 0
90015, 32997743, 1, 0, 0
