250, 90624, 0, 0, 0
350, 105920, 0, 0, 0
450, 72000, 0, 0, 0
550, 99520, 0, 0, 0
650, 107200, 0, 0, 0
749, 96969, 0, 0, 0
849, 75840, 0, 0, 0
949, 79360, 0, 0, 0
1049, 99200, 0, 0, 0
1149, 85440, 0, 0, 0
1250, 56640, 0, 0, 0
1350, 49600, 0, 0, 0
1450, 70400, 0, 0, 0
1550, 76160, 0, 0, 0
1650, 52480, 0, 0, 0
1749, 113777, 0, 0, 0
1849, 56000, 0, 0, 0
1949, 54080, 0, 0, 0
2049, 58240, 0, 0, 0
2149, 36160, 0, 0, 0
2249, 65600, 0, 0, 0
2349, 36480, 0, 0, 0
2449, 69760, 0, 0, 0
2549, 92800, 0, 0, 0
2649, 60800, 0, 0, 0
2750, 55360, 0, 0, 0
2850, 51840, 0, 0, 0
2950, 44160, 0, 0, 0
3050, 89600, 0, 0, 0
3150, 86400, 0, 0, 0
3249, 94060, 0, 0, 0
3349, 36480, 0, 0, 0
3449, 64960, 0, 0, 0
3549, 90240, 0, 0, 0
3649, 87040, 0, 0, 0
3749, 68160, 0, 0, 0
3850, 113600, 0, 0, 0
3950, 87360, 0, 0, 0
4050, 72320, 0, 0, 0
4150, 104320, 0, 0, 0
4249, 110545, 0, 0, 0
4349, 67200, 0, 0, 0
4449, 38400, 0, 0, 0
4549, 66240, 0, 0, 0
4649, 77440, 0, 0, 0
4749, 61120, 0, 0, 0
4849, 87360, 0, 0, 0
4950, 120000, 0, 0, 0
5050, 113600, 0, 0, 0
5150, 77120, 0, 0, 0
5249, 68202, 0, 0, 0
5349, 86080, 0, 0, 0
5449, 101120, 0, 0, 0
5549, 109120, 0, 0, 0
5649, 104320, 0, 0, 0
5749, 51200, 0, 0, 0
5849, 93120, 0, 0, 0
5949, 104000, 0, 0, 0
6049, 58560, 0, 0, 0
6149, 90240, 0, 0, 0
6249, 43520, 0, 0, 0
6350, 91840, 0, 0, 0
6450, 80640, 0, 0, 0
6550, 59200, 0, 0, 0
6650, 84800, 0, 0, 0
6749, 47515, 0, 0, 0
6849, 51840, 0, 0, 0
6949, 80000, 0, 0, 0
7049, 69120, 0, 0, 0
7149, 105600, 0, 0, 0
7249, 66240, 0, 0, 0
7349, 89280, 0, 0, 0
7449, 89600, 0, 0, 0
7549, 87680, 0, 0, 0
7649, 95360, 0, 0, 0
7750, 71680, 0, 0, 0
7850, 113280, 0, 0, 0
7950, 77120, 0, 0, 0
8050, 105920, 0, 0, 0
8150, 74880, 0, 0, 0
8249, 35232, 0, 0, 0
8349, 74880, 0, 0, 0
8449, 114880, 0, 0, 0
8549, 73280, 0, 0, 0
8649, 83520, 0, 0, 0
8749, 66560, 0, 0, 0
8849, 92160, 0, 0, 0
8949, 64640, 0, 0, 0
9050, 73280, 0, 0, 0
9150, 43200, 0, 0, 0
9249, 84686, 0, 0, 0
9349, 109440, 0, 0, 0
9449, 84800, 0, 0, 0
9549, 77760, 0, 0, 0
9649, 96000, 0, 0, 0
9749, 76160, 0, 0, 0
9849, 67200, 0, 0, 0
9949, 67520, 0, 0, 0
10049, 90240, 0, 0, 0
10150, 81600, 0, 0, 0
10250, 85120, 0, 0, 0
10350, 70400, 0, 0, 0
10450, 89920, 0, 0, 0
10550, 80640, 0, 0, 0
10650, 82240, 0, 0, 0
10749, 87919, 0, 0, 0
10849, 55360, 0, 0, 0
10949, 101440, 0, 0, 0
11049, 43200, 0, 0, 0
11149, 65920, 0, 0, 0
11249, 89280, 0, 0, 0
11349, 77760, 0, 0, 0
11449, 74880, 0, 0, 0
11550, 89600, 0, 0, 0
11650, 95680, 0, 0, 0
11749, 80161, 0, 0, 0
11849, 45760, 0, 0, 0
11949, 71360, 0, 0, 0
12049, 71360, 0, 0, 0
12149, 47680, 0, 0, 0
12249, 76800, 0, 0, 0
12349, 73280, 0, 0, 0
12449, 100480, 0, 0, 0
12549, 65920, 0, 0, 0
12649, 86400, 0, 0, 0
12749, 91200, 0, 0, 0
12849, 82880, 0, 0, 0
12949, 64640, 0, 0, 0
13050, 122240, 0, 0, 0
13150, 102080, 0, 0, 0
13249, 67878, 0, 0, 0
13349, 44160, 0, 0, 0
13449, 93120, 0, 0, 0
13549, 100480, 0, 0, 0
13649, 97280, 0, 0, 0
13749, 83840, 0, 0, 0
13849, 97600, 0, 0, 0
13949, 90880, 0, 0, 0
14049, 101760, 0, 0, 0
14149, 89280, 0, 0, 0
14250, 102080, 0, 0, 0
14350, 42560, 0, 0, 0
14450, 74880, 0, 0, 0
14550, 108800, 0, 0, 0
14650, 80320, 0, 0, 0
14749, 89535, 0, 0, 0
14849, 71040, 0, 0, 0
14949, 63040, 0, 0, 0
15049, 90560, 0, 0, 0
15149, 50560, 0, 0, 0
15249, 93120, 0, 0, 0
15349, 50240, 0, 0, 0
15449, 65280, 0, 0, 0
15550, 93120, 0, 0, 0
15650, 42560, 0, 0, 0
15749, 78222, 0, 0, 0
15849, 83840, 0, 0, 0
15949, 70400, 0, 0, 0
16049, 98560, 0, 0, 0
16149, 105920, 0, 0, 0
16249, 98880, 0, 0, 0
16349, 33600, 0, 0, 0
16449, 84480, 0, 0, 0
16549, 93440, 0, 0, 0
16649, 97280, 0, 0, 0
16749, 87680, 0, 0, 0
16850, 91520, 0, 0, 0
16950, 97920, 0, 0, 0
17050, 83840, 0, 0, 0
17150, 91520, 0, 0, 0
17249, 62060, 0, 0, 0
17349, 63680, 0, 0, 0
17449, 41280, 0, 0, 0
17549, 96640, 0, 0, 0
17649, 82880, 0, 0, 0
17749, 107200, 0, 0, 0
17849, 104000, 0, 0, 0
17949, 64960, 0, 0, 0
18049, 88640, 0, 0, 0
18149, 67520, 0, 0, 0
18250, 91200, 0, 0, 0
18350, 74560, 0, 0, 0
18450, 111680, 0, 0, 0
18550, 76160, 0, 0, 0
18650, 85760, 0, 0, 0
18749, 82747, 0, 0, 0
18849, 89280, 0, 0, 0
18949, 90560, 0, 0, 0
19049, 96000, 0, 0, 0
19149, 55360, 0, 0, 0
19249, 90240, 0, 0, 0
19349, 60800, 0, 0, 0
19449, 90240, 0, 0, 0
19550, 83840, 0, 0, 0
19650, 85760, 0, 0, 0
19749, 89212, 0, 0, 0
19849, 32320, 0, 0, 0
19949, 55680, 0, 0, 0
20049, 103360, 0, 0, 0
20149, 65600, 0, 0, 0
20249, 98240, 0, 0, 0
20349, 110080, 0, 0, 0
20449, 86400, 0, 0, 0
20549, 94400, 0, 0, 0
20649, 92480, 0, 0, 0
20749, 75200, 0, 0, 0
20849, 73280, 0, 0, 0
20950, 57600, 0, 0, 0
21050, 113600, 0, 0, 0
21150, 91200, 0, 0, 0
21249, 74343, 0, 0, 0
21349, 100160, 0, 0, 0
21449, 69760, 0, 0, 0
21549, 86400, 0, 0, 0
21649, 94400, 0, 0, 0
21749, 49600, 0, 0, 0
21849, 71360, 0, 0, 0
21949, 56640, 0, 0, 0
22049, 93440, 0, 0, 0
22149, 121920, 0, 0, 0
22250, 83520, 0, 0, 0
22350, 109760, 0, 0, 0
22450, 93440, 0, 0, 0
22550, 63040, 0, 0, 0
22650, 93760, 0, 0, 0
22749, 88888, 0, 0, 0
22849, 68480, 0, 0, 0
22949, 85120, 0, 0, 0
23049, 22400, 0, 0, 0
23149, 63360, 0, 0, 0
23249, 63360, 0, 0, 0
23349, 58560, 0, 0, 0
23449, 80960, 0, 0, 0
23550, 105600, 0, 0, 0
23650, 91200, 0, 0, 0
23749, 120565, 0, 0, 0
23849, 108160, 0, 0, 0
23949, 113600, 0, 0, 0
24049, 105280, 0, 0, 0
24149, 78400, 0, 0, 0
24249, 57600, 0, 0, 0
24349, 59520, 0, 0, 0
24449, 74240, 0, 0, 0
24549, 73280, 0, 0, 0
24649, 84800, 0, 0, 0
24749, 128320, 0, 0, 0
24849, 35200, 0, 0, 0
24949, 96960, 0, 0, 0
25050, 111680, 0, 0, 0
25150, 102080, 0, 0, 0
25249, 94060, 0, 0, 0
25349, 97920, 0, 0, 0
25449, 78080, 0, 0, 0
25549, 110400, 0, 0, 0
25649, 120320, 0, 0, 0
25749, 81920, 0, 0, 0
25849, 109120, 0, 0, 0
25949, 47360, 0, 0, 0
26049, 59520, 0, 0, 0
26149, 78400, 0, 0, 0
26250, 101440, 0, 0, 0
26350, 89600, 0, 0, 0
26450, 70400, 0, 0, 0
26550, 75200, 0, 0, 0
26650, 44800, 0, 0, 0
26749, 74020, 0, 0, 0
26849, 71040, 0, 0, 0
26949, 64640, 0, 0, 0
27049, 95680, 0, 0, 0
27149, 101760, 0, 0, 0
27249, 81600, 0, 0, 0
27349, 75520, 0, 0, 0
27449, 84480, 0, 0, 0
27550, 35840, 0, 0, 0
27650, 62400, 0, 0, 0
27749, 106989, 0, 0, 0
27849, 84800, 0, 0, 0
27949, 79040, 0, 0, 0
28049, 71040, 0, 0, 0
28149, 100800, 0, 0, 0
28249, 63040, 0, 0, 0
28349, 80640, 0, 0, 0
28449, 90880, 0, 0, 0
28549, 87680, 0, 0, 0
28649, 70720, 0, 0, 0
28749, 54400, 0, 0, 0
28850, 93440, 0, 0, 0
28950, 80960, 0, 0, 0
29050, 44480, 0, 0, 0
29150, 53440, 0, 0, 0
29249, 74989, 0, 0, 0
29349, 104640, 0, 0, 0
29449, 59840, 0, 0, 0
29549, 100160, 0, 0, 0
29649, 113600, 0, 0, 0
29749, 91520, 0, 0, 0
29849, 81280, 0, 0, 0
29949, 73600, 0, 0, 0
30049, 48640, 0, 0, 0
30149, 83520, 0, 0, 0
30250, 98240, 0, 0, 0
30350, 67200, 0, 0, 0
30450, 105600, 0, 0, 0
30550, 58880, 0, 0, 0
30650, 96320, 0, 0, 0
30749, 92121, 0, 0, 0
30849, 89600, 0, 0, 0
30949, 95040, 0, 0, 0
31049, 114880, 0, 0, 0
31149, 122560, 0, 0, 0
31249, 85440, 0, 0, 0
31349, 108480, 0, 0, 0
31449, 100800, 0, 0, 0
31549, 126080, 0, 0, 0
31650, 55680, 0, 0, 0
31750, 94720, 0, 0, 0
31850, 111680, 0, 0, 0
31950, 91520, 0, 0, 0
32050, 77120, 0, 0, 0
32150, 119680, 0, 0, 0
32249, 45252, 0, 0, 0
32349, 80000, 0, 0, 0
32449, 66560, 0, 0, 0
32549, 102400, 0, 0, 0
32649, 89920, 0, 0, 0
32749, 39680, 0, 0, 0
32850, 89600, 0, 0, 0
32950, 82560, 0, 0, 0
33050, 98560, 0, 0, 0
33150, 85760, 0, 0, 0
33249, 97616, 0, 0, 0
33349, 94080, 0, 0, 0
33449, 94400, 0, 0, 0
33549, 86400, 0, 0, 0
33649, 73600, 0, 0, 0
33749, 95360, 0, 0, 0
33849, 94400, 0, 0, 0
33949, 108480, 0, 0, 0
34050, 113920, 0, 0, 0
34150, 102080, 0, 0, 0
34249, 85010, 0, 0, 0
34349, 117120, 0, 0, 0
34449, 106240, 0, 0, 0
34549, 104320, 0, 0, 0
34649, 29440, 0, 0, 0
34749, 43200, 0, 0, 0
34849, 103360, 0, 0, 0
34949, 64960, 0, 0, 0
35049, 90880, 0, 0, 0
35150, 39680, 0, 0, 0
35249, 79515, 0, 0, 0
35349, 91200, 0, 0, 0
35449, 63680, 0, 0, 0
35549, 96960, 0, 0, 0
35649, 74880, 0, 0, 0
35749, 78400, 0, 0, 0
35849, 97600, 0, 0, 0
35949, 64320, 0, 0, 0
36049, 98240, 0, 0, 0
36149, 57600, 0, 0, 0
36249, 70400, 0, 0, 0
36350, 95680, 0, 0, 0
36450, 95360, 0, 0, 0
36550, 81600, 0, 0, 0
36650, 74240, 0, 0, 0
36749, 31676, 0, 0, 0
36849, 50880, 0, 0, 0
36949, 35840, 0, 0, 0
37049, 74240, 0, 0, 0
37149, 103040, 0, 0, 0
37249, 104960, 0, 0, 0
37349, 101120, 0, 0, 0
37449, 120960, 0, 0, 0
37550, 106880, 0, 0, 0
37650, 121600, 0, 0, 0
37749, 99878, 0, 0, 0
37849, 53120, 0, 0, 0
37949, 88000, 0, 0, 0
38049, 54080, 0, 0, 0
38149, 39040, 0, 0, 0
38249, 64000, 0, 0, 0
38349, 81920, 0, 0, 0
38449, 57280, 0, 0, 0
38549, 70080, 0, 0, 0
38649, 65280, 0, 0, 0
38749, 65600, 0, 0, 0
38850, 106560, 0, 0, 0
38950, 79040, 0, 0, 0
39050, 48640, 0, 0, 0
39150, 34240, 0, 0, 0
39249, 31676, 0, 0, 0
39349, 67200, 0, 0, 0
39449, 46720, 0, 0, 0
39549, 78400, 0, 0, 0
39649, 62400, 0, 0, 0
39749, 81280, 0, 0, 0
39849, 114240, 0, 0, 0
39949, 73920, 0, 0, 0
40049, 100800, 0, 0, 0
40150, 72640, 0, 0, 0
40249, 72080, 0, 0, 0
40349, 91520, 0, 0, 0
40449, 111360, 0, 0, 0
40549, 81280, 0, 0, 0
40649, 52800, 0, 0, 0
40749, 86080, 0, 0, 0
40849, 90880, 0, 0, 0
40949, 86400, 0, 0, 0
41049, 90880, 0, 0, 0
41149, 65600, 0, 0, 0
41249, 90560, 0, 0, 0
41349, 114880, 0, 0, 0
41449, 96320, 0, 0, 0
41550, 56640, 0, 0, 0
41650, 98880, 0, 0, 0
41749, 59474, 0, 0, 0
41849, 75520, 0, 0, 0
41949, 99520, 0, 0, 0
42049, 76160, 0, 0, 0
42149, 64320, 0, 0, 0
42249, 58880, 0, 0, 0
42349, 104960, 0, 0, 0
42449, 55360, 0, 0, 0
42550, 101760, 0, 0, 0
42650, 108800, 0, 0, 0
42749, 101494, 0, 0, 0
42849, 80960, 0, 0, 0
42949, 85760, 0, 0, 0
43049, 57280, 0, 0, 0
43149, 57600, 0, 0, 0
43249, 91200, 0, 0, 0
43349, 85120, 0, 0, 0
43449, 99840, 0, 0, 0
43549, 62400, 0, 0, 0
43649, 79680, 0, 0, 0
43750, 61760, 0, 0, 0
43850, 78400, 0, 0, 0
43950, 102080, 0, 0, 0
44050, 76160, 0, 0, 0
44150, 63680, 0, 0, 0
44249, 75959, 0, 0, 0
44349, 66560, 0, 0, 0
44449, 89600, 0, 0, 0
44549, 92160, 0, 0, 0
44649, 101440, 0, 0, 0
44749, 97600, 0, 0, 0
44849, 71360, 0, 0, 0
44949, 88960, 0, 0, 0
45050, 82240, 0, 0, 0
45150, 48640, 0, 0, 0
45249, 65616, 0, 0, 0
45349, 84800, 0, 0, 0
45449, 88640, 0, 0, 0
45549, 98240, 0, 0, 0
45649, 88640, 0, 0, 0
45749, 103360, 0, 0, 0
45849, 79040, 0, 0, 0
45949, 82880, 0, 0, 0
46049, 36800, 0, 0, 0
46149, 85120, 0, 0, 0
46249, 56000, 0, 0, 0
46349, 75520, 0, 0, 0
46450, 98560, 0, 0, 0
46550, 62720, 0, 0, 0
46650, 54400, 0, 0, 0
46749, 101818, 0, 0, 0
46849, 58880, 0, 0, 0
46949, 68160, 0, 0, 0
47049, 81280, 0, 0, 0
47149, 66240, 0, 0, 0
47249, 61760, 0, 0, 0
47349, 56320, 0, 0, 0
47449, 40000, 0, 0, 0
47549, 49600, 0, 0, 0
47649, 78080, 0, 0, 0
47750, 95360, 0, 0, 0
47850, 99200, 0, 0, 0
47950, 67520, 0, 0, 0
48050, 86400, 0, 0, 0
48150, 54080, 0, 0, 0
48249, 92767, 0, 0, 0
48349, 96960, 0, 0, 0
48449, 64320, 0, 0, 0
48549, 65280, 0, 0, 0
48649, 75200, 0, 0, 0
48749, 106560, 0, 0, 0
48849, 83200, 0, 0, 0
48949, 65600, 0, 0, 0
49049, 43520, 0, 0, 0
49149, 91520, 0, 0, 0
49250, 58880, 0, 0, 0
49350, 77760, 0, 0, 0
49450, 105600, 0, 0, 0
49550, 100160, 0, 0, 0
49650, 93120, 0, 0, 0
49749, 72404, 0, 0, 0
49849, 64320, 0, 0, 0
49949, 96960, 0, 0, 0
50049, 87040, 0, 0, 0
50149, 83840, 0, 0, 0
50249, 86080, 0, 0, 0
50349, 41600, 0, 0, 0
50449, 83200, 0, 0, 0
50550, 53440, 0, 0, 0
50650, 39040, 0, 0, 0
50749, 66909, 0, 0, 0
50849, 41280, 0, 0, 0
50949, 72000, 0, 0, 0
51049, 78080, 0, 0, 0
51149, 97600, 0, 0, 0
51249, 45760, 0, 0, 0
51349, 40000, 0, 0, 0
51449, 28160, 0, 0, 0
51549, 85440, 0, 0, 0
51649, 68160, 0, 0, 0
51749, 45120, 0, 0, 0
51850, 63680, 0, 0, 0
51950, 102080, 0, 0, 0
52050, 73280, 0, 0, 0
52150, 62720, 0, 0, 0
52249, 48808, 0, 0, 0
52349, 63360, 0, 0, 0
52449, 56320, 0, 0, 0
52549, 102720, 0, 0, 0
52649, 80320, 0, 0, 0
52749, 61760, 0, 0, 0
52849, 72640, 0, 0, 0
52949, 89920, 0, 0, 0
53049, 68800, 0, 0, 0
53149, 48640, 0, 0, 0
53250, 42240, 0, 0, 0
53350, 90240, 0, 0, 0
53450, 82560, 0, 0, 0
53550, 101440, 0, 0, 0
53650, 112640, 0, 0, 0
53749, 97939, 0, 0, 0
53849, 100800, 0, 0, 0
53949, 90560, 0, 0, 0
54049, 91520, 0, 0, 0
54149, 70720, 0, 0, 0
54249, 98240, 0, 0, 0
54349, 74560, 0, 0, 0
54449, 50880, 0, 0, 0
54550, 94080, 0, 0, 0
54650, 78400, 0, 0, 0
54749, 51070, 0, 0, 0
54849, 97600, 0, 0, 0
54949, 75200, 0, 0, 0
55049, 112000, 0, 0, 0
55149, 97920, 0, 0, 0
55249, 96320, 0, 0, 0
55349, 90240, 0, 0, 0
55449, 98880, 0, 0, 0
55549, 59840, 0, 0, 0
55649, 96000, 0, 0, 0
55750, 95040, 0, 0, 0
55850, 52800, 0, 0, 0
55950, 82880, 0, 0, 0
56050, 88960, 0, 0, 0
56150, 74880, 0, 0, 0
56249, 64646, 0, 0, 0
56349, 76480, 0, 0, 0
56449, 84800, 0, 0, 0
56549, 116160, 0, 0, 0
56649, 85760, 0, 0, 0
56749, 38720, 0, 0, 0
56849, 57280, 0, 0, 0
56949, 89280, 0, 0, 0
57050, 85120, 0, 0, 0
57150, 96960, 0, 0, 0
57249, 66262, 0, 0, 0
57349, 67520, 0, 0, 0
57449, 33280, 0, 0, 0
57549, 95680, 0, 0, 0
57649, 85760, 0, 0, 0
57749, 85440, 0, 0, 0
57849, 66880, 0, 0, 0
57949, 63680, 0, 0, 0
58049, 75520, 0, 0, 0
58149, 63360, 0, 0, 0
58249, 75520, 0, 0, 0
58349, 63680, 0, 0, 0
58449, 90560, 0, 0, 0
58550, 102400, 0, 0, 0
58650, 46720, 0, 0, 0
58749, 63353, 0, 0, 0
58849, 99840, 0, 0, 0
58949, 86400, 0, 0, 0
59049, 90240, 0, 0, 0
59149, 90240, 0, 0, 0
59249, 32000, 0, 0, 0
59349, 75200, 0, 0, 0
59449, 80320, 0, 0, 0
59549, 73280, 0, 0, 0
59649, 77120, 0, 0, 0
59749, 63360, 0, 0, 0
59850, 91840, 0, 0, 0
59950, 68800, 0, 0, 0
60050, 88320, 0, 0, 0
60150, 93760, 0, 0, 0
60249, 43959, 0, 0, 0
60349, 69120, 0, 0, 0
60449, 99520, 0, 0, 0
60549, 92160, 0, 0, 0
60649, 70720, 0, 0, 0
60749, 40320, 0, 0, 0
60849, 60160, 0, 0, 0
60949, 79680, 0, 0, 0
61050, 109440, 0, 0, 0
61150, 75840, 0, 0, 0
61249, 48161, 0, 0, 0
61349, 94720, 0, 0, 0
61449, 29760, 0, 0, 0
61549, 23680, 0, 0, 0
61649, 50880, 0, 0, 0
61749, 40960, 0, 0, 0
61849, 78720, 0, 0, 0
61949, 80320, 0, 0, 0
62049, 80640, 0, 0, 0
62150, 68160, 0, 0, 0
62249, 65616, 0, 0, 0
62349, 58880, 0, 0, 0
62449, 59200, 0, 0, 0
62549, 60800, 0, 0, 0
62649, 59200, 0, 0, 0
62749, 58880, 0, 0, 0
62849, 56960, 0, 0, 0
62949, 98560, 0, 0, 0
63049, 78720, 0, 0, 0
63149, 34880, 0, 0, 0
63249, 56320, 0, 0, 0
63349, 106240, 0, 0, 0
63449, 70720, 0, 0, 0
63550, 95360, 0, 0, 0
63650, 101120, 0, 0, 0
63749, 111191, 0, 0, 0
63849, 86400, 0, 0, 0
63949, 89600, 0, 0, 0
64049, 89920, 0, 0, 0
64149, 86080, 0, 0, 0
64249, 103040, 0, 0, 0
64349, 104960, 0, 0, 0
64449, 101760, 0, 0, 0
64549, 97600, 0, 0, 0
64649, 86400, 0, 0, 0
64749, 87040, 0, 0, 0
64849, 64320, 0, 0, 0
64950, 55040, 0, 0, 0
65050, 49600, 0, 0, 0
65150, 56640, 0, 0, 0
65249, 91151, 0, 0, 0
65349, 99520, 0, 0, 0
65449, 75840, 0, 0, 0
65549, 59520, 0, 0, 0
65649, 85440, 0, 0, 0
65749, 82880, 0, 0, 0
65849, 80320, 0, 0, 0
65949, 95680, 0, 0, 0
66049, 52480, 0, 0, 0
66149, 89280, 0, 0, 0
66250, 69120, 0, 0, 0
66350, 73920, 0, 0, 0
66450, 64320, 0, 0, 0
66550, 52160, 0, 0, 0
66650, 63040, 0, 0, 0
66749, 71434, 0, 0, 0
66849, 77120, 0, 0, 0
66949, 51200, 0, 0, 0
67049, 81600, 0, 0, 0
67149, 71360, 0, 0, 0
67249, 32960, 0, 0, 0
67349, 79360, 0, 0, 0
67449, 63680, 0, 0, 0
67550, 85760, 0, 0, 0
67650, 87680, 0, 0, 0
67749, 60444, 0, 0, 0
67849, 29760, 0, 0, 0
67949, 58880, 0, 0, 0
68049, 88640, 0, 0, 0
68149, 80960, 0, 0, 0
68249, 75200, 0, 0, 0
68349, 56320, 0, 0, 0
68449, 75520, 0, 0, 0
68549, 70720, 0, 0, 0
68649, 85760, 0, 0, 0
68750, 80640, 0, 0, 0
68850, 95040, 0, 0, 0
68950, 88640, 0, 0, 0
69050, 94720, 0, 0, 0
69150, 71680, 0, 0, 0
69249, 68525, 0, 0, 0
69349, 57920, 0, 0, 0
69449, 60160, 0, 0, 0
69549, 90560, 0, 0, 0
69649, 74240, 0, 0, 0
69749, 60480, 0, 0, 0
69849, 86080, 0, 0, 0
69950, 40960, 0, 0, 0
70050, 86720, 0, 0, 0
70150, 97920, 0, 0, 0
70249, 55595, 0, 0, 0
70349, 48960, 0, 0, 0
70449, 62720, 0, 0, 0
70549, 82560, 0, 0, 0
70649, 84160, 0, 0, 0
70749, 96960, 0, 0, 0
70849, 121280, 0, 0, 0
70949, 39360, 0, 0, 0
71049, 73920, 0, 0, 0
71149, 62080, 0, 0, 0
71250, 91520, 0, 0, 0
71350, 55040, 0, 0, 0
71450, 57920, 0, 0, 0
71550, 77120, 0, 0, 0
71650, 48000, 0, 0, 0
71749, 90828, 0, 0, 0
71849, 64960, 0, 0, 0
71949, 92480, 0, 0, 0
72049, 59200, 0, 0, 0
72149, 78400, 0, 0, 0
72249, 98240, 0, 0, 0
72349, 60160, 0, 0, 0
72449, 77760, 0, 0, 0
72549, 16960, 0, 0, 0
72649, 28160, 0, 0, 0
72750, 70720, 0, 0, 0
72850, 110720, 0, 0, 0
72950, 98560, 0, 0, 0
73050, 64960, 0, 0, 0
73150, 52160, 0, 0, 0
73249, 88565, 0, 0, 0
73349, 40000, 0, 0, 0
73449, 78080, 0, 0, 0
73549, 92800, 0, 0, 0
73649, 80960, 0, 0, 0
73749, 102400, 0, 0, 0
73849, 66560, 0, 0, 0
73949, 61440, 0, 0, 0
74049, 99520, 0, 0, 0
74149, 59840, 0, 0, 0
74250, 100800, 0, 0, 0
74350, 84160, 0, 0, 0
74450, 83200, 0, 0, 0
74550, 83200, 0, 0, 0
74650, 66880, 0, 0, 0
74749, 36202, 0, 0, 0
74849, 103680, 0, 0, 0
74949, 83520, 0, 0, 0
75049, 51840, 0, 0, 0
75149, 69120, 0, 0, 0
75249, 79680, 0, 0, 0
75349, 73280, 0, 0, 0
75449, 50880, 0, 0, 0
75550, 94720, 0, 0, 0
75650, 71040, 0, 0, 0
75749, 47838, 0, 0, 0
75849, 82560, 0, 0, 0
75949, 59520, 0, 0, 0
76049, 106240, 0, 0, 0
76149, 100160, 0, 0, 0
76249, 59520, 0, 0, 0
76349, 93440, 0, 0, 0
76449, 96000, 0, 0, 0
76549, 89600, 0, 0, 0
76649, 112960, 0, 0, 0
76749, 105600, 0, 0, 0
76849, 92160, 0, 0, 0
76949, 62400, 0, 0, 0
77050, 67840, 0, 0, 0
77150, 85120, 0, 0, 0
77249, 75313, 0, 0, 0
77349, 100800, 0, 0, 0
77449, 82880, 0, 0, 0
77549, 93760, 0, 0, 0
77649, 78720, 0, 0, 0
77749, 63040, 0, 0, 0
77849, 81600, 0, 0, 0
77949, 80000, 0, 0, 0
78049, 35520, 0, 0, 0
78149, 103040, 0, 0, 0
78250, 90880, 0, 0, 0
78350, 56000, 0, 0, 0
78450, 92480, 0, 0, 0
78550, 40320, 0, 0, 0
78650, 64000, 0, 0, 0
78749, 77898, 0, 0, 0
78849, 87360, 0, 0, 0
78949, 58560, 0, 0, 0
79049, 92480, 0, 0, 0
79149, 48320, 0, 0, 0
79249, 70400, 0, 0, 0
79349, 61440, 0, 0, 0
79449, 63360, 0, 0, 0
79549, 44480, 0, 0, 0
79649, 61760, 0, 0, 0
79750, 81280, 0, 0, 0
79850, 105920, 0, 0, 0
79950, 84160, 0, 0, 0
80050, 111680, 0, 0, 0
80150, 69120, 0, 0, 0
80249, 20686, 0, 0, 0
80349, 57280, 0, 0, 0
80449, 70400, 0, 0, 0
80549, 104640, 0, 0, 0
80649, 68800, 0, 0, 0
80749, 63040, 0, 0, 0
80849, 93440, 0, 0, 0
80949, 89280, 0, 0, 0
81050, 41920, 0, 0, 0
81150, 93120, 0, 0, 0
81249, 88888, 0, 0, 0
81349, 45760, 0, 0, 0
81449, 89280, 0, 0, 0
81549, 30400, 0, 0, 0
81649, 63040, 0, 0, 0
81749, 33280, 0, 0, 0
81849, 101440, 0, 0, 0
81949, 95360, 0, 0, 0
82049, 91520, 0, 0, 0
82149, 104640, 0, 0, 0
82250, 82240, 0, 0, 0
82350, 103360, 0, 0, 0
82450, 91840, 0, 0, 0
82550, 91200, 0, 0, 0
82650, 87360, 0, 0, 0
82749, 78545, 0, 0, 0
82849, 91200, 0, 0, 0
82949, 95680, 0, 0, 0
83049, 96640, 0, 0, 0
83149, 79680, 0, 0, 0
83249, 79040, 0, 0, 0
83349, 56640, 0, 0, 0
83449, 88640, 0, 0, 0
83550, 110080, 0, 0, 0
83650, 91200, 0, 0, 0
83749, 94060, 0, 0, 0
83849, 77760, 0, 0, 0
83949, 39040, 0, 0, 0
84049, 95680, 0, 0, 0
84149, 96320, 0, 0, 0
84249, 72320, 0, 0, 0
84349, 91200, 0, 0, 0
84449, 81600, 0, 0, 0
84549, 31040, 0, 0, 0
84649, 50240, 0, 0, 0
84749, 86400, 0, 0, 0
84850, 78400, 0, 0, 0
84950, 75840, 0, 0, 0
85050, 86400, 0, 0, 0
85150, 103360, 0, 0, 0
85249, 66585, 0, 0, 0
85349, 97280, 0, 0, 0
85449, 83840, 0, 0, 0
85549, 89600, 0, 0, 0
85649, 100800, 0, 0, 0
85749, 90560, 0, 0, 0
85849, 74880, 0, 0, 0
85949, 53440, 0, 0, 0
86049, 63040, 0, 0, 0
86149, 99200, 0, 0, 0
86250, 108800, 0, 0, 0
86350, 96960, 0, 0, 0
86450, 61440, 0, 0, 0
86550, 48640, 0, 0, 0
86650, 104000, 0, 0, 0
86749, 63030, 0, 0, 0
86849, 100160, 0, 0, 0
86949, 95680, 0, 0, 0
87049, 58880, 0, 0, 0
87149, 100480, 0, 0, 0
87249, 100160, 0, 0, 0
87349, 46400, 0, 0, 0
87449, 100160, 0, 0, 0
87550, 91200, 0, 0, 0
87650, 57600, 0, 0, 0
87749, 89858, 0, 0, 0
87849, 70080, 0, 0, 0
87949, 67200, 0, 0, 0
88049, 49920, 0, 0, 0
88149, 89280, 0, 0, 0
88249, 30080, 0, 0, 0
88349, 86720, 0, 0, 0
88449, 48960, 0, 0, 0
88549, 29120, 0, 0, 0
88649, 83840, 0, 0, 0
88750, 92160, 0, 0, 0
88850, 86400, 0, 0, 0
88950, 70400, 0, 0, 0
89050, 35200, 0, 0, 0
89150, 94720, 0, 0, 0
89249, 57858, 0, 0, 0
89349, 73280, 0, 0, 0
89449, 75840, 0, 0, 0
89549, 99200, 0, 0, 0
89649, 105280, 0, 0, 0
89749, 66240, 0, 0, 0
89849, 70400, 0, 0, 0
89949, 55040, 0, 0, 0
