100, 4560119, 0, 0, 0
200, 5598741, 0, 0, 0
300, 6783387, 0, 0, 0
400, 5755171, 0, 0, 0
500, 7064099, 0, 0, 0
600, 4574772, 0, 0, 0
700, 4887718, 0, 0, 0
800, 5732551, 0, 0, 0
900, 5558731, 0, 0, 0
1001, 7295121, 0, 0, 0
1100, 5616037, 0, 0, 0
1217, 5519348, 0, 0, 0
1300, 12615399, 0, 0, 0
1400, 9841342, 0, 0, 0
1500, 8131589, 0, 0, 0
1614, 5700800, 0, 0, 0
1700, 6481261, 0, 0, 0
1800, 6709429, 0, 0, 0
1901, 7710822, 0, 0, 0
2000, 8066763, 0, 0, 0
2100, 14619405, 0, 0, 0
2200, 9181900, 0, 0, 0
2300, 10419033, 0, 0, 0
2400, 14743494, 0, 0, 0
2500, 5417991, 0, 0, 0
2600, 7131766, 0, 0, 0
2700, 7808515, 0, 0, 0
2800, 12532409, 0, 0, 0
2900, 8309517, 0, 0, 0
3000, 8327257, 0, 0, 0
3100, 5400297, 0, 0, 0
3200, 5764422, 0, 0, 0
3300, 8364764, 0, 0, 0
3400, 14602162, 0, 0, 0
3500, 5644871, 0, 0, 0
3600, 6561713, 0, 0, 0
3700, 5871735, 0, 0, 0
3800, 6468830, 0, 0, 0
3900, 4509618, 0, 0, 0
4000, 5624342, 0, 0, 0
4100, 6659139, 0, 0, 0
4200, 4704113, 0, 0, 0
4300, 5191730, 0, 0, 0
4400, 11703507, 0, 0, 0
4500, 9705412, 0, 0, 0
4601, 6343409, 0, 0, 0
4700, 8925577, 0, 0, 0
4800, 5859919, 0, 0, 0
4900, 6830145, 0, 0, 0
5000, 4045407, 0, 0, 0
5100, 4668772, 0, 0, 0
5200, 9014775, 0, 0, 0
5301, 5654120, 0, 0, 0
5400, 5387663, 0, 0, 0
5500, 5107535, 0, 0, 0
5600, 4939768, 0, 0, 0
5700, 5784199, 0, 0, 0
5800, 8630437, 0, 0, 0
5900, 5036072, 0, 0, 0
6000, 5697666, 0, 0, 0
6100, 6249944, 0, 0, 0
6200, 10119745, 0, 0, 0
6300, 7409624, 0, 0, 0
6400, 5579623, 0, 0, 0
6501, 9525099, 0, 0, 0
6600, 6466742, 0, 0, 0
6700, 7380544, 0, 0, 0
6800, 10680843, 0, 0, 0
6900, 7083753, 0, 0, 0
7000, 7144591, 0, 0, 0
7100, 6014733, 0, 0, 0
7200, 5503386, 0, 0, 0
7300, 6898291, 0, 0, 0
7400, 6315330, 0, 0, 0
7500, 5859626, 0, 0, 0
7600, 5272429, 0, 0, 0
7700, 5880507, 0, 0, 0
7800, 5779693, 0, 0, 0
7900, 4907107, 0, 0, 0
8000, 6329911, 0, 0, 0
8100, 5272668, 0, 0, 0
8202, 9030026, 0, 0, 0
8300, 10288090, 0, 0, 0
8400, 6272660, 0, 0, 0
8500, 4769083, 0, 0, 0
8601, 6582237, 0, 0, 0
8700, 7240551, 0, 0, 0
8800, 6509396, 0, 0, 0
8900, 5654254, 0, 0, 0
9000, 9126314, 0, 0, 0
9123, 7074211, 0, 0, 0
9200, 12432051, 0, 0, 0
9300, 4599996, 0, 0, 0
9400, 5281040, 0, 0, 0
9500, 5617325, 0, 0, 0
9600, 8027375, 0, 0, 0
9701, 4605556, 0, 0, 0
9802, 9516848, 0, 0, 0
9900, 6244781, 0, 0, 0
10000, 7139938, 0, 0, 0
10100, 6151099, 0, 0, 0
10200, 5961948, 0, 0, 0
10300, 6140766, 0, 0, 0
10400, 6698327, 0, 0, 0
10500, 5692924, 0, 0, 0
10600, 5657807, 0, 0, 0
10702, 7406918, 0, 0, 0
10800, 6721837, 0, 0, 0
10900, 6906039, 0, 0, 0
11000, 5898411, 0, 0, 0
11100, 14199858, 0, 0, 0
11200, 5969513, 0, 0, 0
11300, 5516438, 0, 0, 0
11400, 9622942, 0, 0, 0
11500, 5219953, 0, 0, 0
11600, 5738191, 0, 0, 0
11700, 6231296, 0, 0, 0
11801, 6294097, 0, 0, 0
11915, 8983936, 0, 0, 0
12000, 7984948, 0, 0, 0
12104, 10328836, 0, 0, 0
12200, 6865331, 0, 0, 0
12300, 8980318, 0, 0, 0
12400, 5190941, 0, 0, 0
12501, 6126545, 0, 0, 0
12600, 8007165, 0, 0, 0
12700, 4791332, 0, 0, 0
12800, 5806602, 0, 0, 0
12900, 7219767, 0, 0, 0
13000, 5779596, 0, 0, 0
13100, 4312807, 0, 0, 0
13200, 6082414, 0, 0, 0
13301, 13937729, 0, 0, 0
13400, 6505587, 0, 0, 0
13500, 5254099, 0, 0, 0
13600, 4674278, 0, 0, 0
13700, 6164291, 0, 0, 0
13800, 5983343, 0, 0, 0
13900, 5657422, 0, 0, 0
14000, 4756153, 0, 0, 0
14100, 5760962, 0, 0, 0
14200, 5139191, 0, 0, 0
14301, 5354113, 0, 0, 0
14400, 16776718, 0, 0, 0
14500, 5133540, 0, 0, 0
14600, 5061219, 0, 0, 0
14700, 6433016, 0, 0, 0
14801, 6823066, 0, 0, 0
14901, 6407067, 0, 0, 0
15000, 9704382, 0, 0, 0
15106, 4814411, 0, 0, 0
15200, 9068722, 0, 0, 0
15300, 7138418, 0, 0, 0
15400, 6634840, 0, 0, 0
15500, 8128826, 0, 0, 0
15621, 7591473, 0, 0, 0
15700, 8687620, 0, 0, 0
15800, 5882286, 0, 0, 0
15900, 8294262, 0, 0, 0
16000, 5463998, 0, 0, 0
16100, 5397653, 0, 0, 0
16200, 4122720, 0, 0, 0
16301, 9279267, 0, 0, 0
16400, 8413205, 0, 0, 0
16500, 5662340, 0, 0, 0
16600, 5289378, 0, 0, 0
16701, 6065695, 0, 0, 0
16800, 6556978, 0, 0, 0
16900, 4713799, 0, 0, 0
17000, 5799019, 0, 0, 0
17100, 6228626, 0, 0, 0
17200, 6106781, 0, 0, 0
17300, 9563708, 0, 0, 0
17400, 7353213, 0, 0, 0
17500, 9122187, 0, 0, 0
17600, 5079914, 0, 0, 0
17700, 5543217, 0, 0, 0
17800, 4926899, 0, 0, 0
17900, 5584525, 0, 0, 0
18000, 6364415, 0, 0, 0
18100, 7147893, 0, 0, 0
18200, 7193124, 0, 0, 0
18300, 6428788, 0, 0, 0
18400, 4807469, 0, 0, 0
18500, 5753860, 0, 0, 0
18600, 6908776, 0, 0, 0
18700, 5431981, 0, 0, 0
18800, 6493730, 0, 0, 0
18900, 5642508, 0, 0, 0
19000, 5637898, 0, 0, 0
19101, 5859273, 0, 0, 0
19200, 9520720, 0, 0, 0
19300, 5293876, 0, 0, 0
19400, 7844985, 0, 0, 0
19500, 5498343, 0, 0, 0
19600, 6222544, 0, 0, 0
19700, 6968312, 0, 0, 0
19800, 6427180, 0, 0, 0
19905, 17274430, 0, 0, 0
20000, 5380098, 0, 0, 0
20100, 5739765, 0, 0, 0
20200, 7037517, 0, 0, 0
20301, 5382141, 0, 0, 0
20400, 5065539, 0, 0, 0
20500, 4970109, 0, 0, 0
20600, 6308172, 0, 0, 0
20700, 6115421, 0, 0, 0
20800, 9324127, 0, 0, 0
20900, 5202913, 0, 0, 0
21000, 7505825, 0, 0, 0
21100, 4829136, 0, 0, 0
21200, 6140914, 0, 0, 0
21300, 5648957, 0, 0, 0
21400, 6439115, 0, 0, 0
21500, 6355704, 0, 0, 0
21600, 5334217, 0, 0, 0
21703, 7532782, 0, 0, 0
21800, 7789324, 0, 0, 0
21900, 12403879, 0, 0, 0
22000, 5389344, 0, 0, 0
22100, 4868922, 0, 0, 0
22200, 4626028, 0, 0, 0
22300, 6331068, 0, 0, 0
22400, 4551035, 0, 0, 0
22500, 8020672, 0, 0, 0
22600, 5574120, 0, 0, 0
22700, 5548467, 0, 0, 0
22800, 5984915, 0, 0, 0
22900, 7823704, 0, 0, 0
23019, 6537112, 0, 0, 0
23100, 18784852, 0, 0, 0
23200, 6866652, 0, 0, 0
23300, 9029535, 0, 0, 0
23400, 7573472, 0, 0, 0
23500, 5511704, 0, 0, 0
23600, 5050861, 0, 0, 0
23700, 5053308, 0, 0, 0
23800, 4143666, 0, 0, 0
23900, 4675031, 0, 0, 0
24000, 4331595, 0, 0, 0
24102, 5838418, 0, 0, 0
24200, 6316320, 0, 0, 0
24300, 15811071, 0, 0, 0
24411, 6296678, 0, 0, 0
24501, 5886337, 0, 0, 0
24600, 7415397, 0, 0, 0
24700, 5455260, 0, 0, 0
24800, 3771237, 0, 0, 0
24900, 9566025, 0, 0, 0
25000, 5029992, 0, 0, 0
25100, 4700211, 0, 0, 0
25200, 5301290, 0, 0, 0
25300, 5122768, 0, 0, 0
25400, 5410340, 0, 0, 0
25500, 5923190, 0, 0, 0
25600, 4650341, 0, 0, 0
25700, 4860936, 0, 0, 0
25800, 5832554, 0, 0, 0
25900, 4883852, 0, 0, 0
26000, 23579487, 0, 0, 0
26100, 5754835, 0, 0, 0
26200, 7030933, 0, 0, 0
26300, 4783734, 0, 0, 0
26400, 7209331, 0, 0, 0
26500, 7420697, 0, 0, 0
26600, 5697979, 0, 0, 0
26700, 10129935, 0, 0, 0
26800, 6881273, 0, 0, 0
26900, 8684353, 0, 0, 0
27000, 5564150, 0, 0, 0
27100, 4806543, 0, 0, 0
27200, 6184562, 0, 0, 0
27300, 6440812, 0, 0, 0
27401, 5793718, 0, 0, 0
27506, 9823196, 0, 0, 0
27600, 12320220, 0, 0, 0
27700, 5478554, 0, 0, 0
27800, 6517163, 0, 0, 0
27900, 5087817, 0, 0, 0
28000, 7516392, 0, 0, 0
28100, 6690526, 0, 0, 0
28205, 5122921, 0, 0, 0
28300, 7812861, 0, 0, 0
28400, 5784625, 0, 0, 0
28500, 5202939, 0, 0, 0
28600, 6573889, 0, 0, 0
28700, 7965598, 0, 0, 0
28800, 8120901, 0, 0, 0
28900, 4939404, 0, 0, 0
29000, 10346291, 0, 0, 0
29101, 8362197, 0, 0, 0
29200, 10791621, 0, 0, 0
29300, 5254746, 0, 0, 0
29424, 5339673, 0, 0, 0
29500, 7422079, 0, 0, 0
29600, 5127293, 0, 0, 0
29700, 4662947, 0, 0, 0
29800, 6592896, 0, 0, 0
29903, 4765142, 0, 0, 0
30001, 12109942, 0, 0, 0
30100, 8355891, 0, 0, 0
30200, 5660191, 0, 0, 0
30301, 6968954, 0, 0, 0
30400, 4663980, 0, 0, 0
30500, 6745409, 0, 0, 0
30600, 8146597, 0, 0, 0
30700, 4869785, 0, 0, 0
30800, 5644612, 0, 0, 0
30900, 5688787, 0, 0, 0
31000, 4881387, 0, 0, 0
31100, 4170638, 0, 0, 0
31200, 4245413, 0, 0, 0
31300, 6506578, 0, 0, 0
31400, 5335165, 0, 0, 0
31500, 4616747, 0, 0, 0
31600, 5515790, 0, 0, 0
31700, 6167835, 0, 0, 0
31800, 5370682, 0, 0, 0
31900, 4396802, 0, 0, 0
32000, 7547382, 0, 0, 0
32100, 5083126, 0, 0, 0
32210, 4230009, 0, 0, 0
32300, 11803484, 0, 0, 0
32400, 6726133, 0, 0, 0
32500, 5813827, 0, 0, 0
32600, 4678101, 0, 0, 0
32700, 10008058, 0, 0, 0
32800, 8032922, 0, 0, 0
32900, 5626062, 0, 0, 0
33000, 5978650, 0, 0, 0
33100, 6017497, 0, 0, 0
33202, 5041088, 0, 0, 0
33300, 5685642, 0, 0, 0
33400, 6441467, 0, 0, 0
33500, 4473383, 0, 0, 0
33600, 7611359, 0, 0, 0
33700, 5517640, 0, 0, 0
33800, 5726242, 0, 0, 0
33900, 5633945, 0, 0, 0
34000, 4257241, 0, 0, 0
34100, 4689244, 0, 0, 0
34200, 5064904, 0, 0, 0
34300, 5166592, 0, 0, 0
34400, 4540308, 0, 0, 0
34500, 5729232, 0, 0, 0
34608, 4462252, 0, 0, 0
34700, 17168118, 0, 0, 0
34800, 7617667, 0, 0, 0
34900, 5480460, 0, 0, 0
35000, 6429515, 0, 0, 0
35118, 8012047, 0, 0, 0
35200, 9326945, 0, 0, 0
35300, 5353879, 0, 0, 0
35400, 6781158, 0, 0, 0
35500, 7841468, 0, 0, 0
35600, 5995143, 0, 0, 0
35700, 6259428, 0, 0, 0
35800, 5519928, 0, 0, 0
35900, 7125583, 0, 0, 0
36000, 6154722, 0, 0, 0
36100, 5011837, 0, 0, 0
36200, 10011093, 0, 0, 0
36300, 6464080, 0, 0, 0
36400, 5494477, 0, 0, 0
36500, 4940593, 0, 0, 0
36600, 7720296, 0, 0, 0
36700, 9177690, 0, 0, 0
36800, 14939213, 0, 0, 0
36904, 8945183, 0, 0, 0
37000, 12064467, 0, 0, 0
37100, 5558882, 0, 0, 0
37200, 4693569, 0, 0, 0
37300, 5110523, 0, 0, 0
37400, 5159619, 0, 0, 0
37500, 4088868, 0, 0, 0
37600, 4110887, 0, 0, 0
37700, 4981032, 0, 0, 0
37802, 6989293, 0, 0, 0
37900, 9499468, 0, 0, 0
38000, 5291675, 0, 0, 0
38100, 12694767, 0, 0, 0
38200, 11042390, 0, 0, 0
38300, 8559516, 0, 0, 0
38401, 5320027, 0, 0, 0
38500, 8859229, 0, 0, 0
38601, 8346435, 0, 0, 0
38701, 8345983, 0, 0, 0
38800, 5802536, 0, 0, 0
38901, 5279653, 0, 0, 0
39001, 6876014, 0, 0, 0
39100, 16780961, 0, 0, 0
39201, 16844793, 0, 0, 0
39300, 9117054, 0, 0, 0
39400, 8838929, 0, 0, 0
39500, 9249647, 0, 0, 0
39601, 7232299, 0, 0, 0
39700, 8475645, 0, 0, 0
39800, 4556516, 0, 0, 0
39901, 5375320, 0, 0, 0
40000, 6251832, 0, 0, 0
40100, 5695134, 0, 0, 0
40200, 7520874, 0, 0, 0
40300, 6253968, 0, 0, 0
40400, 4872047, 0, 0, 0
40500, 5816417, 0, 0, 0
40602, 6345254, 0, 0, 0
40700, 8296920, 0, 0, 0
40800, 5262527, 0, 0, 0
40900, 6407130, 0, 0, 0
41000, 5122747, 0, 0, 0
41100, 5340958, 0, 0, 0
41200, 9023087, 0, 0, 0
41300, 5166770, 0, 0, 0
41400, 4534805, 0, 0, 0
41501, 6056992, 0, 0, 0
41600, 6455054, 0, 0, 0
41715, 6646513, 0, 0, 0
41800, 7272317, 0, 0, 0
41900, 6907520, 0, 0, 0
42000, 5344983, 0, 0, 0
42100, 8067502, 0, 0, 0
42200, 7195958, 0, 0, 0
42300, 6730308, 0, 0, 0
42400, 5371774, 0, 0, 0
42500, 8929019, 0, 0, 0
42600, 5042800, 0, 0, 0
42700, 4297012, 0, 0, 0
42800, 6167952, 0, 0, 0
42900, 5317915, 0, 0, 0
43000, 6652027, 0, 0, 0
43100, 11904914, 0, 0, 0
43200, 6886943, 0, 0, 0
43300, 6238540, 0, 0, 0
43400, 5275282, 0, 0, 0
43500, 6557333, 0, 0, 0
43600, 6750352, 0, 0, 0
43700, 6473644, 0, 0, 0
43800, 8266246, 0, 0, 0
43900, 5687030, 0, 0, 0
44000, 6357934, 0, 0, 0
44100, 6827401, 0, 0, 0
44200, 6787034, 0, 0, 0
44300, 6314443, 0, 0, 0
44400, 8319362, 0, 0, 0
44501, 5465087, 0, 0, 0
44600, 5589580, 0, 0, 0
44700, 4835242, 0, 0, 0
44800, 6067561, 0, 0, 0
44900, 6811803, 0, 0, 0
45000, 6175875, 0, 0, 0
45117, 5941716, 0, 0, 0
45200, 9045491, 0, 0, 0
45300, 7095338, 0, 0, 0
45400, 6611519, 0, 0, 0
45500, 4881792, 0, 0, 0
45600, 5956819, 0, 0, 0
45700, 4911308, 0, 0, 0
45800, 5444118, 0, 0, 0
45900, 6463403, 0, 0, 0
46000, 7747737, 0, 0, 0
46100, 9641167, 0, 0, 0
46200, 8046222, 0, 0, 0
46300, 8202016, 0, 0, 0
46400, 5616980, 0, 0, 0
46500, 5194218, 0, 0, 0
46600, 15161079, 0, 0, 0
46700, 6230701, 0, 0, 0
46801, 5621707, 0, 0, 0
46900, 10791399, 0, 0, 0
47000, 6079107, 0, 0, 0
47100, 6418751, 0, 0, 0
47200, 7123744, 0, 0, 0
47300, 13407150, 0, 0, 0
47401, 9117071, 0, 0, 0
47500, 13080381, 0, 0, 0
47600, 9140410, 0, 0, 0
47700, 5332362, 0, 0, 0
47800, 4994269, 0, 0, 0
47900, 5417515, 0, 0, 0
48000, 6970081, 0, 0, 0
48100, 6915508, 0, 0, 0
48200, 8520011, 0, 0, 0
48300, 5460070, 0, 0, 0
48400, 5136837, 0, 0, 0
48500, 13485843, 0, 0, 0
48600, 7480374, 0, 0, 0
48700, 4989053, 0, 0, 0
48800, 5876748, 0, 0, 0
48900, 7384791, 0, 0, 0
49033, 5978227, 0, 0, 0
49100, 11316301, 0, 0, 0
49200, 6105923, 0, 0, 0
49300, 7995301, 0, 0, 0
49400, 5713151, 0, 0, 0
49500, 5379445, 0, 0, 0
49600, 5071189, 0, 0, 0
49701, 5070647, 0, 0, 0
49800, 10026785, 0, 0, 0
49900, 5627504, 0, 0, 0
50000, 6242054, 0, 0, 0
50100, 5525325, 0, 0, 0
50201, 6383227, 0, 0, 0
50300, 8598656, 0, 0, 0
50400, 7390157, 0, 0, 0
50500, 6786290, 0, 0, 0
50600, 12346120, 0, 0, 0
50700, 9759154, 0, 0, 0
50800, 9036434, 0, 0, 0
50900, 12635461, 0, 0, 0
51000, 6072910, 0, 0, 0
51100, 5696166, 0, 0, 0
51201, 6518508, 0, 0, 0
51301, 10754751, 0, 0, 0
51400, 18752801, 0, 0, 0
51500, 11435785, 0, 0, 0
51600, 5460918, 0, 0, 0
51700, 11380403, 0, 0, 0
51800, 7417812, 0, 0, 0
51900, 7054263, 0, 0, 0
52000, 5337212, 0, 0, 0
52101, 10667239, 0, 0, 0
52201, 7199453, 0, 0, 0
52305, 7561101, 0, 0, 0
52401, 14025462, 0, 0, 0
52500, 6323939, 0, 0, 0
52600, 4911605, 0, 0, 0
52700, 9391335, 0, 0, 0
52800, 6291099, 0, 0, 0
52900, 6898446, 0, 0, 0
53000, 5946237, 0, 0, 0
53100, 9026202, 0, 0, 0
53200, 12565082, 0, 0, 0
53300, 7885311, 0, 0, 0
53400, 5333007, 0, 0, 0
53500, 5846495, 0, 0, 0
53601, 5221676, 0, 0, 0
53700, 4585418, 0, 0, 0
53800, 5403865, 0, 0, 0
53900, 5648153, 0, 0, 0
54001, 5088667, 0, 0, 0
54100, 5353226, 0, 0, 0
54200, 7280085, 0, 0, 0
54300, 5340230, 0, 0, 0
54400, 12809731, 0, 0, 0
54500, 5879041, 0, 0, 0
54600, 5525662, 0, 0, 0
54700, 8170367, 0, 0, 0
54800, 7773521, 0, 0, 0
54900, 7230547, 0, 0, 0
55000, 4348610, 0, 0, 0
55100, 4836084, 0, 0, 0
55200, 5308444, 0, 0, 0
55300, 6133026, 0, 0, 0
55400, 4930804, 0, 0, 0
55502, 6120085, 0, 0, 0
55600, 7882342, 0, 0, 0
55700, 5174701, 0, 0, 0
55800, 6123024, 0, 0, 0
55900, 9947196, 0, 0, 0
56000, 5242261, 0, 0, 0
56100, 5615719, 0, 0, 0
56226, 7911879, 0, 0, 0
56300, 8463006, 0, 0, 0
56400, 7581552, 0, 0, 0
56500, 4363136, 0, 0, 0
56600, 4816568, 0, 0, 0
56700, 8884656, 0, 0, 0
56800, 14180582, 0, 0, 0
56900, 5946580, 0, 0, 0
57000, 6742539, 0, 0, 0
57100, 4846735, 0, 0, 0
57200, 7522222, 0, 0, 0
57300, 6244206, 0, 0, 0
57402, 12114003, 0, 0, 0
57500, 7922025, 0, 0, 0
57600, 6190857, 0, 0, 0
57700, 6309966, 0, 0, 0
57801, 5695763, 0, 0, 0
57901, 8407403, 0, 0, 0
58001, 7120063, 0, 0, 0
58100, 7262643, 0, 0, 0
58201, 7224189, 0, 0, 0
58301, 9521707, 0, 0, 0
58400, 5632579, 0, 0, 0
58500, 5560378, 0, 0, 0
58600, 6179712, 0, 0, 0
58701, 17745134, 0, 0, 0
58800, 5146115, 0, 0, 0
58900, 5819677, 0, 0, 0
59000, 6031723, 0, 0, 0
59100, 5294784, 0, 0, 0
59200, 8441026, 0, 0, 0
59300, 10707631, 0, 0, 0
59400, 6961477, 0, 0, 0
59500, 5603514, 0, 0, 0
59600, 9188382, 0, 0, 0
59700, 5796983, 0, 0, 0
59800, 6746020, 0, 0, 0
59900, 8365821, 0, 0, 0
60000, 5631662, 0, 0, 0
60100, 5300128, 0, 0, 0
60202, 7616624, 0, 0, 0
60300, 12218261, 0, 0, 0
60400, 5297841, 0, 0, 0
60500, 5429726, 0, 0, 0
60600, 5555097, 0, 0, 0
60700, 12102213, 0, 0, 0
60800, 11115592, 0, 0, 0
60900, 6362634, 0, 0, 0
61000, 6238838, 0, 0, 0
61100, 4546317, 0, 0, 0
61200, 13703619, 0, 0, 0
61300, 6129748, 0, 0, 0
61400, 7142782, 0, 0, 0
61500, 36953249, 0, 0, 0
61600, 9120261, 0, 0, 0
61700, 18812209, 0, 0, 0
61800, 8549593, 0, 0, 0
61900, 5868899, 0, 0, 0
62000, 8250334, 0, 0, 0
62100, 5608387, 0, 0, 0
62200, 8160042, 0, 0, 0
62300, 8744796, 0, 0, 0
62400, 8045461, 0, 0, 0
62500, 10878386, 0, 0, 0
62600, 7260074, 0, 0, 0
62700, 10330146, 0, 0, 0
62800, 7183210, 0, 0, 0
62900, 6822117, 0, 0, 0
63000, 5390185, 0, 0, 0
63100, 10542359, 0, 0, 0
63200, 13596058, 0, 0, 0
63300, 6025752, 0, 0, 0
63400, 5548331, 0, 0, 0
63500, 6301085, 0, 0, 0
63600, 5153202, 0, 0, 0
63700, 4579675, 0, 0, 0
63800, 5942654, 0, 0, 0
63900, 5500837, 0, 0, 0
64000, 6148854, 0, 0, 0
64100, 4874537, 0, 0, 0
64200, 5964570, 0, 0, 0
64300, 4947058, 0, 0, 0
64400, 5085099, 0, 0, 0
64500, 5062572, 0, 0, 0
64600, 5181764, 0, 0, 0
64700, 6922337, 0, 0, 0
64800, 6616754, 0, 0, 0
64901, 7344760, 0, 0, 0
65000, 12230132, 0, 0, 0
65106, 8143884, 0, 0, 0
65200, 7951374, 0, 0, 0
65300, 5233725, 0, 0, 0
65400, 5197037, 0, 0, 0
65502, 10417231, 0, 0, 0
65601, 5970200, 0, 0, 0
65700, 6753868, 0, 0, 0
65800, 5728446, 0, 0, 0
65900, 6105626, 0, 0, 0
66001, 6777774, 0, 0, 0
66100, 6502135, 0, 0, 0
66200, 7516370, 0, 0, 0
66300, 6096162, 0, 0, 0
66400, 10271226, 0, 0, 0
66500, 6011188, 0, 0, 0
66600, 10760257, 0, 0, 0
66700, 10639756, 0, 0, 0
66800, 6220489, 0, 0, 0
66912, 6541132, 0, 0, 0
67001, 8260982, 0, 0, 0
67100, 6379306, 0, 0, 0
67201, 12177753, 0, 0, 0
67300, 10787741, 0, 0, 0
67400, 5639635, 0, 0, 0
67500, 9012722, 0, 0, 0
67600, 5172840, 0, 0, 0
67700, 6511336, 0, 0, 0
67801, 12649402, 0, 0, 0
67900, 15895873, 0, 0, 0
68000, 7198043, 0, 0, 0
68103, 4852863, 0, 0, 0
68200, 6761682, 0, 0, 0
68301, 7403084, 0, 0, 0
68400, 8618184, 0, 0, 0
68500, 6668194, 0, 0, 0
68600, 7081429, 0, 0, 0
68700, 6740017, 0, 0, 0
68800, 5245182, 0, 0, 0
68902, 5695996, 0, 0, 0
69000, 5435386, 0, 0, 0
69100, 5463284, 0, 0, 0
69200, 7552952, 0, 0, 0
69300, 10229151, 0, 0, 0
69400, 9262109, 0, 0, 0
69500, 5893920, 0, 0, 0
69600, 5940996, 0, 0, 0
69700, 9687849, 0, 0, 0
69800, 5876801, 0, 0, 0
69900, 8845905, 0, 0, 0
70000, 8711028, 0, 0, 0
70102, 5269476, 0, 0, 0
70200, 5877103, 0, 0, 0
70300, 11255015, 0, 0, 0
70400, 10694714, 0, 0, 0
70500, 8114022, 0, 0, 0
70600, 5113836, 0, 0, 0
70700, 6230264, 0, 0, 0
70800, 4361933, 0, 0, 0
70900, 6168185, 0, 0, 0
71000, 12208868, 0, 0, 0
71101, 6278372, 0, 0, 0
71200, 7146431, 0, 0, 0
71300, 6204508, 0, 0, 0
71401, 11870301, 0, 0, 0
71500, 6081801, 0, 0, 0
71601, 8218292, 0, 0, 0
71700, 8209587, 0, 0, 0
71800, 6694468, 0, 0, 0
71900, 6165381, 0, 0, 0
72001, 8912060, 0, 0, 0
72100, 6212503, 0, 0, 0
72200, 6044718, 0, 0, 0
72300, 7082306, 0, 0, 0
72400, 6418818, 0, 0, 0
72520, 10204385, 0, 0, 0
72605, 26021866, 0, 0, 0
72700, 10808468, 0, 0, 0
72800, 5346315, 0, 0, 0
72900, 5130885, 0, 0, 0
73000, 5115923, 0, 0, 0
73100, 14953408, 0, 0, 0
73200, 6118688, 0, 0, 0
73302, 8220677, 0, 0, 0
73400, 8605593, 0, 0, 0
73500, 6118691, 0, 0, 0
73600, 6811866, 0, 0, 0
73700, 4914588, 0, 0, 0
73800, 5846689, 0, 0, 0
73900, 11141896, 0, 0, 0
74000, 5400628, 0, 0, 0
74100, 5741883, 0, 0, 0
74200, 7777509, 0, 0, 0
74300, 4817405, 0, 0, 0
74400, 6853990, 0, 0, 0
74500, 5417224, 0, 0, 0
74600, 11005178, 0, 0, 0
74702, 7301053, 0, 0, 0
74800, 7935890, 0, 0, 0
74901, 5789103, 0, 0, 0
75000, 6205570, 0, 0, 0
75100, 9736826, 0, 0, 0
75200, 6799138, 0, 0, 0
75300, 6135618, 0, 0, 0
75400, 10683965, 0, 0, 0
75500, 6603111, 0, 0, 0
75600, 5155807, 0, 0, 0
75700, 13720544, 0, 0, 0
75800, 6914869, 0, 0, 0
75900, 7155367, 0, 0, 0
76000, 6826261, 0, 0, 0
76100, 4477688, 0, 0, 0
76201, 7569507, 0, 0, 0
76300, 6662972, 0, 0, 0
76400, 5119287, 0, 0, 0
76500, 6040221, 0, 0, 0
76600, 4633069, 0, 0, 0
76700, 4925645, 0, 0, 0
76800, 5504632, 0, 0, 0
76900, 5017419, 0, 0, 0
77000, 14782323, 0, 0, 0
77100, 5645104, 0, 0, 0
77200, 6159651, 0, 0, 0
77300, 6016337, 0, 0, 0
77400, 5426182, 0, 0, 0
77500, 5968245, 0, 0, 0
77600, 5661101, 0, 0, 0
77700, 6878791, 0, 0, 0
77800, 8924852, 0, 0, 0
77900, 5170330, 0, 0, 0
78000, 11457476, 0, 0, 0
78100, 6781689, 0, 0, 0
78200, 5441651, 0, 0, 0
78300, 7161101, 0, 0, 0
78400, 7752130, 0, 0, 0
78510, 6018996, 0, 0, 0
78600, 17245004, 0, 0, 0
78702, 6324716, 0, 0, 0
78800, 5521251, 0, 0, 0
78900, 9230746, 0, 0, 0
79000, 6031630, 0, 0, 0
79100, 6659828, 0, 0, 0
79200, 9113999, 0, 0, 0
79300, 9022765, 0, 0, 0
79400, 8684073, 0, 0, 0
79500, 7173928, 0, 0, 0
79600, 14548045, 0, 0, 0
79700, 7390816, 0, 0, 0
79800, 4785389, 0, 0, 0
79900, 5304651, 0, 0, 0
80000, 5750890, 0, 0, 0
80100, 4450324, 0, 0, 0
80200, 16843911, 0, 0, 0
80300, 15116862, 0, 0, 0
80400, 9247976, 0, 0, 0
80500, 5672043, 0, 0, 0
80600, 4858909, 0, 0, 0
80715, 9036215, 0, 0, 0
80800, 7096097, 0, 0, 0
80900, 5063281, 0, 0, 0
81022, 8678738, 0, 0, 0
81101, 8114520, 0, 0, 0
81200, 5149883, 0, 0, 0
81300, 8679559, 0, 0, 0
81400, 7703758, 0, 0, 0
81503, 8016812, 0, 0, 0
81600, 14139207, 0, 0, 0
81706, 7376018, 0, 0, 0
81800, 8487691, 0, 0, 0
81900, 5181010, 0, 0, 0
82000, 5639086, 0, 0, 0
82100, 5288254, 0, 0, 0
82200, 4833422, 0, 0, 0
82300, 6276799, 0, 0, 0
82400, 5444388, 0, 0, 0
82500, 5688743, 0, 0, 0
82601, 5088569, 0, 0, 0
82700, 6588168, 0, 0, 0
82800, 6086996, 0, 0, 0
82900, 6074192, 0, 0, 0
83000, 4894521, 0, 0, 0
83100, 5442726, 0, 0, 0
83200, 7991685, 0, 0, 0
83300, 5899736, 0, 0, 0
83400, 8734745, 0, 0, 0
83500, 5036571, 0, 0, 0
83600, 4843066, 0, 0, 0
83700, 5421149, 0, 0, 0
83800, 5757318, 0, 0, 0
83900, 9778707, 0, 0, 0
84000, 7387949, 0, 0, 0
84100, 5515488, 0, 0, 0
84200, 5444485, 0, 0, 0
84300, 7825947, 0, 0, 0
84401, 5132384, 0, 0, 0
84516, 9877481, 0, 0, 0
84600, 15874077, 0, 0, 0
84700, 6531050, 0, 0, 0
84800, 6569135, 0, 0, 0
84900, 6557767, 0, 0, 0
85000, 6448542, 0, 0, 0
85100, 5471209, 0, 0, 0
85201, 5394170, 0, 0, 0
85300, 7368018, 0, 0, 0
85400, 5227828, 0, 0, 0
85500, 6404574, 0, 0, 0
85600, 5152390, 0, 0, 0
85700, 5158938, 0, 0, 0
85803, 5702432, 0, 0, 0
85900, 9201694, 0, 0, 0
86000, 9785390, 0, 0, 0
86100, 6300308, 0, 0, 0
86200, 4732846, 0, 0, 0
86300, 5043528, 0, 0, 0
86402, 5334020, 0, 0, 0
86521, 12317812, 0, 0, 0
86600, 6928098, 0, 0, 0
86700, 5449331, 0, 0, 0
86801, 6959684, 0, 0, 0
86900, 5360990, 0, 0, 0
87000, 5943160, 0, 0, 0
87100, 6934664, 0, 0, 0
87200, 5160921, 0, 0, 0
87315, 6943803, 0, 0, 0
87400, 6865128, 0, 0, 0
87500, 5582490, 0, 0, 0
87600, 6766138, 0, 0, 0
87700, 7218824, 0, 0, 0
87800, 6328240, 0, 0, 0
87900, 6169417, 0, 0, 0
88026, 10235001, 0, 0, 0
88100, 7415593, 0, 0, 0
88206, 8056827, 0, 0, 0
88301, 10030128, 0, 0, 0
88400, 7297755, 0, 0, 0
88506, 13400481, 0, 0, 0
88600, 9975904, 0, 0, 0
88700, 5519106, 0, 0, 0
88800, 5588247, 0, 0, 0
88900, 6349150, 0, 0, 0
89000, 9833723, 0, 0, 0
89100, 8640909, 0, 0, 0
89200, 5409831, 0, 0, 0
89300, 11341652, 0, 0, 0
89400, 6365922, 0, 0, 0
89500, 5723402, 0, 0, 0
89600, 4984049, 0, 0, 0
89700, 6883565, 0, 0, 0
89800, 6206424, 0, 0, 0
89900, 8791761, 0, 0, 0
90000, 6693984, 0, 0, 0
90002, 7388413, 0, 0, 0
