101, 6081429, 0, 0, 0
200, 7409177, 0, 0, 0
300, 7350853, 0, 0, 0
400, 6509344, 0, 0, 0
500, 6797980, 0, 0, 0
606, 6215921, 0, 0, 0
700, 8807604, 0, 0, 0
800, 6233148, 0, 0, 0
900, 6187216, 0, 0, 0
1000, 9747255, 0, 0, 0
1100, 5749849, 0, 0, 0
1200, 7662634, 0, 0, 0
1300, 5461040, 0, 0, 0
1402, 5700960, 0, 0, 0
1500, 7001421, 0, 0, 0
1600, 5633108, 0, 0, 0
1700, 9564225, 0, 0, 0
1800, 5490508, 0, 0, 0
1900, 6597382, 0, 0, 0
2000, 4685136, 0, 0, 0
2102, 4883004, 0, 0, 0
2200, 10467450, 0, 0, 0
2300, 10471760, 0, 0, 0
2402, 13646017, 0, 0, 0
2500, 5341100, 0, 0, 0
2600, 9824455, 0, 0, 0
2700, 6364458, 0, 0, 0
2800, 8732927, 0, 0, 0
2901, 5679499, 0, 0, 0
3000, 6801779, 0, 0, 0
3123, 5754659, 0, 0, 0
3200, 9455456, 0, 0, 0
3300, 6534922, 0, 0, 0
3400, 6357864, 0, 0, 0
3500, 4780517, 0, 0, 0
3600, 7182894, 0, 0, 0
3700, 9046392, 0, 0, 0
3800, 12840503, 0, 0, 0
3900, 8818815, 0, 0, 0
4000, 5248631, 0, 0, 0
4100, 9652051, 0, 0, 0
4200, 5913119, 0, 0, 0
4300, 5649572, 0, 0, 0
4407, 5727238, 0, 0, 0
4500, 8945856, 0, 0, 0
4600, 5446204, 0, 0, 0
4700, 6015454, 0, 0, 0
4800, 4786019, 0, 0, 0
4900, 5242767, 0, 0, 0
5000, 6282045, 0, 0, 0
5101, 12332772, 0, 0, 0
5200, 10568480, 0, 0, 0
5300, 6871344, 0, 0, 0
5401, 5469767, 0, 0, 0
5500, 6021381, 0, 0, 0
5600, 5259538, 0, 0, 0
5701, 10161449, 0, 0, 0
5801, 7937108, 0, 0, 0
5900, 10177711, 0, 0, 0
6000, 6215022, 0, 0, 0
6100, 6550377, 0, 0, 0
6200, 7459453, 0, 0, 0
6303, 13766486, 0, 0, 0
6400, 5350526, 0, 0, 0
6505, 6262455, 0, 0, 0
6600, 17844565, 0, 0, 0
6702, 9815715, 0, 0, 0
6800, 10660647, 0, 0, 0
6900, 5601450, 0, 0, 0
7005, 8185782, 0, 0, 0
7100, 11811503, 0, 0, 0
7200, 6949444, 0, 0, 0
7300, 5268789, 0, 0, 0
7400, 5217215, 0, 0, 0
7503, 5030867, 0, 0, 0
7600, 8341816, 0, 0, 0
7700, 5779866, 0, 0, 0
7833, 6245794, 0, 0, 0
7900, 8386414, 0, 0, 0
8000, 10139166, 0, 0, 0
8100, 5246450, 0, 0, 0
8200, 6962592, 0, 0, 0
8319, 9242630, 0, 0, 0
8400, 6645828, 0, 0, 0
8500, 5549581, 0, 0, 0
8600, 5699628, 0, 0, 0
8700, 6574985, 0, 0, 0
8800, 5311790, 0, 0, 0
8900, 5763189, 0, 0, 0
9000, 5679693, 0, 0, 0
9100, 7501978, 0, 0, 0
9200, 4669012, 0, 0, 0
9300, 5590708, 0, 0, 0
9400, 6942186, 0, 0, 0
9500, 5197651, 0, 0, 0
9600, 4625221, 0, 0, 0
9700, 12427323, 0, 0, 0
9800, 7183885, 0, 0, 0
9900, 5904135, 0, 0, 0
10000, 5768900, 0, 0, 0
10100, 5297165, 0, 0, 0
10200, 6191078, 0, 0, 0
10300, 6325826, 0, 0, 0
10401, 7552825, 0, 0, 0
10500, 7656098, 0, 0, 0
10600, 7454787, 0, 0, 0
10700, 4957697, 0, 0, 0
10800, 5766373, 0, 0, 0
10901, 6780236, 0, 0, 0
11000, 8096831, 0, 0, 0
11100, 6007539, 0, 0, 0
11200, 6489213, 0, 0, 0
11300, 9191821, 0, 0, 0
11400, 5139315, 0, 0, 0
11500, 9092568, 0, 0, 0
11601, 11613314, 0, 0, 0
11700, 14793730, 0, 0, 0
11805, 8359349, 0, 0, 0
11902, 18288308, 0, 0, 0
12000, 9400240, 0, 0, 0
12105, 12171957, 0, 0, 0
12200, 8252682, 0, 0, 0
12300, 6225816, 0, 0, 0
12400, 5158183, 0, 0, 0
12500, 5553644, 0, 0, 0
12602, 7253027, 0, 0, 0
12700, 7841745, 0, 0, 0
12800, 8079958, 0, 0, 0
12900, 6205360, 0, 0, 0
13000, 5671043, 0, 0, 0
13100, 8222328, 0, 0, 0
13200, 6636845, 0, 0, 0
13300, 5232836, 0, 0, 0
13400, 5676675, 0, 0, 0
13500, 8449445, 0, 0, 0
13600, 7108121, 0, 0, 0
13701, 5645991, 0, 0, 0
13800, 6751812, 0, 0, 0
13900, 5493450, 0, 0, 0
14000, 5514142, 0, 0, 0
14100, 5081268, 0, 0, 0
14200, 8376722, 0, 0, 0
14300, 5050342, 0, 0, 0
14400, 6893781, 0, 0, 0
14500, 7357750, 0, 0, 0
14600, 9253455, 0, 0, 0
14702, 7871755, 0, 0, 0
14800, 5944015, 0, 0, 0
14900, 5296786, 0, 0, 0
15000, 6640336, 0, 0, 0
15100, 5501558, 0, 0, 0
15200, 5476202, 0, 0, 0
15304, 6309673, 0, 0, 0
15400, 6216593, 0, 0, 0
15500, 7246404, 0, 0, 0
15600, 4917432, 0, 0, 0
15701, 6631510, 0, 0, 0
15800, 8433923, 0, 0, 0
15900, 4524146, 0, 0, 0
16000, 4901556, 0, 0, 0
16100, 7319603, 0, 0, 0
16200, 7396711, 0, 0, 0
16300, 12043150, 0, 0, 0
16400, 5321049, 0, 0, 0
16500, 6174434, 0, 0, 0
16600, 7129401, 0, 0, 0
16700, 9179452, 0, 0, 0
16800, 18158584, 0, 0, 0
16900, 7150340, 0, 0, 0
17000, 10251110, 0, 0, 0
17100, 6129151, 0, 0, 0
17200, 6311343, 0, 0, 0
17300, 12881313, 0, 0, 0
17400, 7240992, 0, 0, 0
17505, 11549079, 0, 0, 0
17600, 10563543, 0, 0, 0
17700, 6106866, 0, 0, 0
17803, 4904898, 0, 0, 0
17900, 19072142, 0, 0, 0
18000, 4577030, 0, 0, 0
18100, 5957188, 0, 0, 0
18200, 7037400, 0, 0, 0
18310, 6770798, 0, 0, 0
18400, 10964731, 0, 0, 0
18500, 5372225, 0, 0, 0
18600, 9372298, 0, 0, 0
18700, 7437307, 0, 0, 0
18800, 6332874, 0, 0, 0
18900, 8502874, 0, 0, 0
19006, 5710557, 0, 0, 0
19100, 19966992, 0, 0, 0
19200, 6810691, 0, 0, 0
19300, 5172423, 0, 0, 0
19400, 5581870, 0, 0, 0
19500, 10081536, 0, 0, 0
19600, 5323641, 0, 0, 0
19700, 6835077, 0, 0, 0
19800, 6867622, 0, 0, 0
19900, 5434536, 0, 0, 0
20000, 5235494, 0, 0, 0
20100, 5547592, 0, 0, 0
20200, 4730131, 0, 0, 0
20300, 4013421, 0, 0, 0
20400, 5169189, 0, 0, 0
20500, 10791124, 0, 0, 0
20600, 5195641, 0, 0, 0
20701, 13409851, 0, 0, 0
20800, 8628280, 0, 0, 0
20900, 4731346, 0, 0, 0
21000, 10946238, 0, 0, 0
21100, 5898018, 0, 0, 0
21200, 6582937, 0, 0, 0
21300, 8738668, 0, 0, 0
21400, 5905460, 0, 0, 0
21500, 5512598, 0, 0, 0
21600, 5209913, 0, 0, 0
21700, 5641560, 0, 0, 0
21801, 6435120, 0, 0, 0
21900, 5459022, 0, 0, 0
22000, 6551888, 0, 0, 0
22100, 5558130, 0, 0, 0
22201, 4931082, 0, 0, 0
22300, 11803140, 0, 0, 0
22400, 8445817, 0, 0, 0
22500, 6566253, 0, 0, 0
22600, 7455039, 0, 0, 0
22700, 5318667, 0, 0, 0
22800, 17220138, 0, 0, 0
22900, 8655107, 0, 0, 0
23000, 7748608, 0, 0, 0
23100, 5116758, 0, 0, 0
23200, 8100002, 0, 0, 0
23304, 8288619, 0, 0, 0
23400, 6137043, 0, 0, 0
23500, 5728240, 0, 0, 0
23627, 5978211, 0, 0, 0
23700, 7076373, 0, 0, 0
23800, 5775297, 0, 0, 0
23911, 12510209, 0, 0, 0
24000, 8533891, 0, 0, 0
24101, 14398770, 0, 0, 0
24200, 6156030, 0, 0, 0
24300, 6950927, 0, 0, 0
24400, 4644920, 0, 0, 0
24500, 6126156, 0, 0, 0
24600, 5494260, 0, 0, 0
24706, 8673014, 0, 0, 0
24800, 24320864, 0, 0, 0
24902, 52142177, 0, 0, 0
25024, 5899507, 0, 0, 0
25104, 16496252, 0, 0, 0
25200, 6445833, 0, 0, 0
25300, 12292934, 0, 0, 0
25400, 7884274, 0, 0, 0
25500, 7256090, 0, 0, 0
25606, 5701843, 0, 0, 0
25700, 8937050, 0, 0, 0
25800, 5551554, 0, 0, 0
25900, 5801405, 0, 0, 0
26001, 4557311, 0, 0, 0
26100, 5957213, 0, 0, 0
26200, 5493679, 0, 0, 0
26301, 7091638, 0, 0, 0
26400, 7813991, 0, 0, 0
26500, 6249533, 0, 0, 0
26600, 4625055, 0, 0, 0
26700, 5379571, 0, 0, 0
26820, 5810404, 0, 0, 0
26900, 10398585, 0, 0, 0
27000, 4783696, 0, 0, 0
27100, 7054439, 0, 0, 0
27215, 7556167, 0, 0, 0
27300, 7418835, 0, 0, 0
27400, 5638718, 0, 0, 0
27500, 9508101, 0, 0, 0
27600, 6091349, 0, 0, 0
27700, 8381991, 0, 0, 0
27804, 6837737, 0, 0, 0
27900, 15899871, 0, 0, 0
28000, 5398192, 0, 0, 0
28100, 5045983, 0, 0, 0
28201, 4876696, 0, 0, 0
28300, 12297386, 0, 0, 0
28400, 5343209, 0, 0, 0
28500, 5349055, 0, 0, 0
28600, 5144788, 0, 0, 0
28700, 5334129, 0, 0, 0
28800, 7080319, 0, 0, 0
28900, 5588648, 0, 0, 0
29000, 7337294, 0, 0, 0
29100, 6413005, 0, 0, 0
29200, 6317742, 0, 0, 0
29300, 6083969, 0, 0, 0
29400, 8999699, 0, 0, 0
29500, 4880329, 0, 0, 0
29625, 5864008, 0, 0, 0
29700, 10558194, 0, 0, 0
29800, 10561657, 0, 0, 0
29900, 8245076, 0, 0, 0
30000, 9028607, 0, 0, 0
30100, 7560329, 0, 0, 0
30202, 8064275, 0, 0, 0
30300, 5605879, 0, 0, 0
30400, 8513894, 0, 0, 0
30502, 6282529, 0, 0, 0
30600, 13596510, 0, 0, 0
30700, 7116137, 0, 0, 0
30800, 8009988, 0, 0, 0
30900, 9328097, 0, 0, 0
31001, 11114747, 0, 0, 0
31100, 6169322, 0, 0, 0
31200, 5468621, 0, 0, 0
31300, 6955303, 0, 0, 0
31400, 10443600, 0, 0, 0
31500, 5931507, 0, 0, 0
31600, 6019854, 0, 0, 0
31700, 5678680, 0, 0, 0
31800, 5127649, 0, 0, 0
31900, 7272365, 0, 0, 0
32000, 4726696, 0, 0, 0
32100, 5577470, 0, 0, 0
32200, 6655330, 0, 0, 0
32300, 4912428, 0, 0, 0
32400, 4614276, 0, 0, 0
32500, 5060615, 0, 0, 0
32600, 4434004, 0, 0, 0
32700, 5701353, 0, 0, 0
32800, 5201188, 0, 0, 0
32900, 4601614, 0, 0, 0
33000, 6338685, 0, 0, 0
33100, 5707881, 0, 0, 0
33200, 7042399, 0, 0, 0
33300, 6917685, 0, 0, 0
33400, 4713566, 0, 0, 0
33500, 5668943, 0, 0, 0
33600, 5402088, 0, 0, 0
33700, 9449405, 0, 0, 0
33800, 5358765, 0, 0, 0
33900, 5696686, 0, 0, 0
34001, 8394500, 0, 0, 0
34100, 4935382, 0, 0, 0
34200, 4359313, 0, 0, 0
34300, 6946053, 0, 0, 0
34400, 8185681, 0, 0, 0
34500, 5489322, 0, 0, 0
34600, 5706062, 0, 0, 0
34700, 5114135, 0, 0, 0
34800, 5071026, 0, 0, 0
34900, 4423332, 0, 0, 0
35000, 9247278, 0, 0, 0
35100, 4845540, 0, 0, 0
35200, 5751000, 0, 0, 0
35300, 11718562, 0, 0, 0
35400, 6407828, 0, 0, 0
35504, 11467760, 0, 0, 0
35602, 5732531, 0, 0, 0
35700, 7927981, 0, 0, 0
35800, 5843189, 0, 0, 0
35900, 5219879, 0, 0, 0
36000, 6475232, 0, 0, 0
36100, 5383259, 0, 0, 0
36200, 9201339, 0, 0, 0
36300, 7570909, 0, 0, 0
36400, 5311602, 0, 0, 0
36500, 7486916, 0, 0, 0
36600, 5030207, 0, 0, 0
36700, 6532612, 0, 0, 0
36800, 5445953, 0, 0, 0
36900, 8908593, 0, 0, 0
37000, 11430179, 0, 0, 0
37100, 7481169, 0, 0, 0
37201, 5755716, 0, 0, 0
37300, 8222510, 0, 0, 0
37400, 10666504, 0, 0, 0
37500, 8660704, 0, 0, 0
37643, 7362167, 0, 0, 0
37700, 23912160, 0, 0, 0
37815, 13494005, 0, 0, 0
37900, 14491807, 0, 0, 0
38000, 7999341, 0, 0, 0
38100, 5461419, 0, 0, 0
38200, 6301236, 0, 0, 0
38343, 17309704, 0, 0, 0
38400, 13552691, 0, 0, 0
38500, 5363939, 0, 0, 0
38600, 7774773, 0, 0, 0
38700, 5307277, 0, 0, 0
38800, 7226098, 0, 0, 0
38900, 7025997, 0, 0, 0
39000, 5832544, 0, 0, 0
39100, 5864638, 0, 0, 0
39200, 5030699, 0, 0, 0
39300, 9096564, 0, 0, 0
39400, 7019797, 0, 0, 0
39500, 7434684, 0, 0, 0
39600, 5412859, 0, 0, 0
39700, 5956717, 0, 0, 0
39801, 6164503, 0, 0, 0
39900, 5260094, 0, 0, 0
40000, 7738502, 0, 0, 0
40100, 7867339, 0, 0, 0
40200, 5659758, 0, 0, 0
40300, 5585787, 0, 0, 0
40404, 9831569, 0, 0, 0
40500, 5710133, 0, 0, 0
40601, 8701965, 0, 0, 0
40700, 6150738, 0, 0, 0
40800, 6382039, 0, 0, 0
40900, 6815550, 0, 0, 0
41000, 6682720, 0, 0, 0
41100, 6832919, 0, 0, 0
41200, 6197089, 0, 0, 0
41300, 4916571, 0, 0, 0
41400, 5132509, 0, 0, 0
41524, 8127820, 0, 0, 0
41600, 12621531, 0, 0, 0
41700, 9533368, 0, 0, 0
41800, 9749224, 0, 0, 0
41900, 5829304, 0, 0, 0
42000, 6839539, 0, 0, 0
42100, 5362171, 0, 0, 0
42200, 7380300, 0, 0, 0
42300, 4877195, 0, 0, 0
42400, 6113841, 0, 0, 0
42500, 6485843, 0, 0, 0
42600, 7710599, 0, 0, 0
42700, 14133591, 0, 0, 0
42800, 5437792, 0, 0, 0
42900, 6419669, 0, 0, 0
43000, 9470802, 0, 0, 0
43100, 7669122, 0, 0, 0
43201, 5908300, 0, 0, 0
43300, 7635291, 0, 0, 0
43404, 9071336, 0, 0, 0
43500, 6989049, 0, 0, 0
43600, 5844609, 0, 0, 0
43700, 9401688, 0, 0, 0
43801, 18103517, 0, 0, 0
43901, 17685363, 0, 0, 0
44001, 10898735, 0, 0, 0
44100, 5848185, 0, 0, 0
44200, 8224019, 0, 0, 0
44300, 6013731, 0, 0, 0
44400, 5536176, 0, 0, 0
44500, 6639832, 0, 0, 0
44600, 6516613, 0, 0, 0
44725, 6355667, 0, 0, 0
44800, 10435677, 0, 0, 0
44900, 5922418, 0, 0, 0
45000, 9878500, 0, 0, 0
45100, 10160952, 0, 0, 0
45200, 7781996, 0, 0, 0
45300, 6001935, 0, 0, 0
45400, 7814939, 0, 0, 0
45500, 6082065, 0, 0, 0
45602, 13494399, 0, 0, 0
45700, 17962924, 0, 0, 0
45800, 7031004, 0, 0, 0
45900, 6217299, 0, 0, 0
46000, 6443470, 0, 0, 0
46100, 10535739, 0, 0, 0
46200, 5155969, 0, 0, 0
46300, 6063170, 0, 0, 0
46400, 10650546, 0, 0, 0
46500, 7634655, 0, 0, 0
46600, 7676792, 0, 0, 0
46700, 5923236, 0, 0, 0
46800, 5983423, 0, 0, 0
46900, 5700657, 0, 0, 0
47000, 5267609, 0, 0, 0
47100, 6461739, 0, 0, 0
47201, 9256328, 0, 0, 0
47300, 5504339, 0, 0, 0
47400, 7653727, 0, 0, 0
47500, 8866524, 0, 0, 0
47600, 6677740, 0, 0, 0
47700, 5469461, 0, 0, 0
47800, 5307757, 0, 0, 0
47900, 4726222, 0, 0, 0
48000, 5605838, 0, 0, 0
48100, 6449507, 0, 0, 0
48200, 4777041, 0, 0, 0
48300, 7484741, 0, 0, 0
48401, 8842519, 0, 0, 0
48500, 5425465, 0, 0, 0
48600, 15081497, 0, 0, 0
48700, 5572800, 0, 0, 0
48800, 6821212, 0, 0, 0
48900, 6092919, 0, 0, 0
49000, 8065465, 0, 0, 0
49100, 5444842, 0, 0, 0
49200, 6023147, 0, 0, 0
49300, 5935305, 0, 0, 0
49402, 16863840, 0, 0, 0
49501, 7146707, 0, 0, 0
49602, 9320649, 0, 0, 0
49700, 6298418, 0, 0, 0
49800, 5260976, 0, 0, 0
49900, 5424272, 0, 0, 0
50000, 5190690, 0, 0, 0
50100, 6021288, 0, 0, 0
50200, 7425970, 0, 0, 0
50300, 5024794, 0, 0, 0
50400, 10221953, 0, 0, 0
50500, 5736743, 0, 0, 0
50600, 8413504, 0, 0, 0
50700, 5595939, 0, 0, 0
50800, 9894236, 0, 0, 0
50900, 4983608, 0, 0, 0
51000, 5826381, 0, 0, 0
51100, 9475046, 0, 0, 0
51200, 5905210, 0, 0, 0
51300, 5437281, 0, 0, 0
51400, 4752750, 0, 0, 0
51500, 7968925, 0, 0, 0
51600, 5383661, 0, 0, 0
51700, 6009080, 0, 0, 0
51802, 12038773, 0, 0, 0
51900, 8065973, 0, 0, 0
52001, 4604683, 0, 0, 0
52100, 5362908, 0, 0, 0
52200, 7686354, 0, 0, 0
52300, 5167186, 0, 0, 0
52400, 5068552, 0, 0, 0
52500, 5925634, 0, 0, 0
52602, 6982167, 0, 0, 0
52700, 6884233, 0, 0, 0
52800, 5464306, 0, 0, 0
52900, 7032557, 0, 0, 0
53000, 6476638, 0, 0, 0
53100, 5946503, 0, 0, 0
53200, 9165380, 0, 0, 0
53300, 5287553, 0, 0, 0
53400, 5518735, 0, 0, 0
53500, 8095984, 0, 0, 0
53600, 7660587, 0, 0, 0
53700, 7554633, 0, 0, 0
53800, 7411095, 0, 0, 0
53900, 6340643, 0, 0, 0
54000, 7602867, 0, 0, 0
54100, 5362568, 0, 0, 0
54205, 10872208, 0, 0, 0
54304, 10373878, 0, 0, 0
54400, 6062066, 0, 0, 0
54500, 8048434, 0, 0, 0
54600, 7437211, 0, 0, 0
54700, 5223876, 0, 0, 0
54800, 6626592, 0, 0, 0
54900, 5995602, 0, 0, 0
55000, 6412839, 0, 0, 0
55100, 5704398, 0, 0, 0
55200, 4844762, 0, 0, 0
55300, 7446243, 0, 0, 0
55400, 6366553, 0, 0, 0
55501, 5923482, 0, 0, 0
55600, 6355275, 0, 0, 0
55700, 5704280, 0, 0, 0
55800, 5529015, 0, 0, 0
55900, 10649255, 0, 0, 0
56000, 5948933, 0, 0, 0
56100, 10401449, 0, 0, 0
56200, 5215686, 0, 0, 0
56300, 10330065, 0, 0, 0
56400, 18451531, 0, 0, 0
56500, 11954886, 0, 0, 0
56600, 6639271, 0, 0, 0
56700, 9152837, 0, 0, 0
56800, 5579970, 0, 0, 0
56900, 5066374, 0, 0, 0
57000, 5781203, 0, 0, 0
57100, 6132925, 0, 0, 0
57200, 6111167, 0, 0, 0
57300, 6456250, 0, 0, 0
57400, 9166463, 0, 0, 0
57505, 22816432, 0, 0, 0
57600, 6310681, 0, 0, 0
57700, 4952230, 0, 0, 0
57800, 12666779, 0, 0, 0
57900, 5846072, 0, 0, 0
58000, 5347035, 0, 0, 0
58100, 10570706, 0, 0, 0
58200, 5455089, 0, 0, 0
58300, 4974285, 0, 0, 0
58400, 5042970, 0, 0, 0
58500, 6504399, 0, 0, 0
58600, 13648760, 0, 0, 0
58700, 17270132, 0, 0, 0
58800, 11125931, 0, 0, 0
58900, 5476507, 0, 0, 0
59000, 7039923, 0, 0, 0
59100, 6826405, 0, 0, 0
59200, 5589760, 0, 0, 0
59300, 6166344, 0, 0, 0
59400, 6680488, 0, 0, 0
59500, 7708250, 0, 0, 0
59601, 12559344, 0, 0, 0
59700, 8237043, 0, 0, 0
59800, 6874938, 0, 0, 0
59901, 8999482, 0, 0, 0
60000, 7336213, 0, 0, 0
60100, 9670414, 0, 0, 0
60200, 5828735, 0, 0, 0
60300, 5337623, 0, 0, 0
60400, 6913538, 0, 0, 0
60500, 6705951, 0, 0, 0
60600, 5637572, 0, 0, 0
60700, 4929303, 0, 0, 0
60801, 6962810, 0, 0, 0
60900, 6613363, 0, 0, 0
61000, 5947092, 0, 0, 0
61100, 5801925, 0, 0, 0
61200, 4185260, 0, 0, 0
61312, 7216359, 0, 0, 0
61400, 8792969, 0, 0, 0
61500, 4524888, 0, 0, 0
61600, 5862520, 0, 0, 0
61700, 18767423, 0, 0, 0
61800, 5513233, 0, 0, 0
61900, 6054430, 0, 0, 0
62000, 10789693, 0, 0, 0
62100, 5999170, 0, 0, 0
62200, 5460223, 0, 0, 0
62300, 7348252, 0, 0, 0
62400, 5137607, 0, 0, 0
62500, 5287180, 0, 0, 0
62601, 6602605, 0, 0, 0
62700, 9102565, 0, 0, 0
62800, 6195977, 0, 0, 0
62900, 6074750, 0, 0, 0
63000, 5535597, 0, 0, 0
63100, 8302575, 0, 0, 0
63200, 5730884, 0, 0, 0
63300, 5881299, 0, 0, 0
63402, 6466565, 0, 0, 0
63500, 9885225, 0, 0, 0
63615, 5919466, 0, 0, 0
63700, 20567551, 0, 0, 0
63800, 5732821, 0, 0, 0
63900, 5721998, 0, 0, 0
64000, 6797988, 0, 0, 0
64100, 5711066, 0, 0, 0
64200, 7123773, 0, 0, 0
64316, 7156017, 0, 0, 0
64401, 8044792, 0, 0, 0
64500, 5881549, 0, 0, 0
64601, 5445271, 0, 0, 0
64707, 5435345, 0, 0, 0
64800, 5971932, 0, 0, 0
64900, 6013404, 0, 0, 0
65001, 8679506, 0, 0, 0
65100, 6235926, 0, 0, 0
65202, 6647100, 0, 0, 0
65300, 10007544, 0, 0, 0
65400, 5170838, 0, 0, 0
65500, 8611516, 0, 0, 0
65600, 5450974, 0, 0, 0
65700, 6284532, 0, 0, 0
65801, 6060964, 0, 0, 0
65900, 9170125, 0, 0, 0
66000, 6402212, 0, 0, 0
66100, 11396881, 0, 0, 0
66200, 7201068, 0, 0, 0
66300, 6183142, 0, 0, 0
66400, 6659834, 0, 0, 0
66500, 5326386, 0, 0, 0
66601, 20000560, 0, 0, 0
66700, 5924407, 0, 0, 0
66800, 4724183, 0, 0, 0
66900, 5284106, 0, 0, 0
67000, 6675828, 0, 0, 0
67100, 5508665, 0, 0, 0
67200, 12221895, 0, 0, 0
67300, 12695361, 0, 0, 0
67400, 6456651, 0, 0, 0
67500, 5505764, 0, 0, 0
67600, 5492598, 0, 0, 0
67700, 6793957, 0, 0, 0
67800, 5692175, 0, 0, 0
67900, 4853707, 0, 0, 0
68000, 5696009, 0, 0, 0
68100, 6738821, 0, 0, 0
68200, 5304915, 0, 0, 0
68300, 7285591, 0, 0, 0
68400, 4940034, 0, 0, 0
68501, 6882273, 0, 0, 0
68600, 6532142, 0, 0, 0
68700, 6304922, 0, 0, 0
68801, 6798524, 0, 0, 0
68900, 7988546, 0, 0, 0
69000, 6458862, 0, 0, 0
69100, 5405371, 0, 0, 0
69200, 8041299, 0, 0, 0
69300, 5849805, 0, 0, 0
69400, 4996675, 0, 0, 0
69500, 4598272, 0, 0, 0
69602, 6265087, 0, 0, 0
69700, 8118280, 0, 0, 0
69805, 10571437, 0, 0, 0
69900, 6128536, 0, 0, 0
70000, 6891661, 0, 0, 0
70100, 5581702, 0, 0, 0
70200, 6176327, 0, 0, 0
70300, 4967952, 0, 0, 0
70400, 5232029, 0, 0, 0
70500, 5446306, 0, 0, 0
70600, 4501722, 0, 0, 0
70700, 5041662, 0, 0, 0
70800, 6507650, 0, 0, 0
70900, 5674962, 0, 0, 0
71000, 7130348, 0, 0, 0
71100, 6479935, 0, 0, 0
71200, 10488303, 0, 0, 0
71301, 5857342, 0, 0, 0
71400, 6421417, 0, 0, 0
71500, 9358031, 0, 0, 0
71600, 12176803, 0, 0, 0
71700, 7603916, 0, 0, 0
71800, 5605742, 0, 0, 0
71900, 7405125, 0, 0, 0
72000, 9292266, 0, 0, 0
72100, 5873507, 0, 0, 0
72200, 11451003, 0, 0, 0
72300, 8196369, 0, 0, 0
72400, 6744792, 0, 0, 0
72501, 10152606, 0, 0, 0
72601, 27221645, 0, 0, 0
72700, 6352878, 0, 0, 0
72800, 12545945, 0, 0, 0
72900, 5178449, 0, 0, 0
73002, 5573123, 0, 0, 0
73100, 6402120, 0, 0, 0
73201, 6326494, 0, 0, 0
73300, 6098780, 0, 0, 0
73400, 5526482, 0, 0, 0
73501, 5176018, 0, 0, 0
73600, 6951026, 0, 0, 0
73700, 6364758, 0, 0, 0
73800, 5619004, 0, 0, 0
73901, 6014083, 0, 0, 0
74000, 15305656, 0, 0, 0
74100, 13443706, 0, 0, 0
74200, 4792635, 0, 0, 0
74300, 7442852, 0, 0, 0
74400, 7473475, 0, 0, 0
74500, 7828510, 0, 0, 0
74600, 5253514, 0, 0, 0
74711, 5744496, 0, 0, 0
74800, 5740589, 0, 0, 0
74901, 7566818, 0, 0, 0
75000, 5264818, 0, 0, 0
75100, 5397174, 0, 0, 0
75200, 5415789, 0, 0, 0
75326, 5861423, 0, 0, 0
75401, 13720057, 0, 0, 0
75500, 7373969, 0, 0, 0
75600, 5466127, 0, 0, 0
75700, 14836511, 0, 0, 0
75800, 7249720, 0, 0, 0
75900, 5650377, 0, 0, 0
76000, 5660420, 0, 0, 0
76100, 5308861, 0, 0, 0
76200, 5981501, 0, 0, 0
76300, 8611473, 0, 0, 0
76400, 7413130, 0, 0, 0
76500, 6073242, 0, 0, 0
76600, 9430925, 0, 0, 0
76700, 6546852, 0, 0, 0
76800, 7094393, 0, 0, 0
76901, 8373862, 0, 0, 0
77000, 15018923, 0, 0, 0
77100, 13708342, 0, 0, 0
77200, 6366189, 0, 0, 0
77300, 5216157, 0, 0, 0
77401, 7636000, 0, 0, 0
77500, 6437269, 0, 0, 0
77600, 6034738, 0, 0, 0
77700, 5012632, 0, 0, 0
77800, 5890055, 0, 0, 0
77900, 9274485, 0, 0, 0
78000, 5382570, 0, 0, 0
78100, 7697545, 0, 0, 0
78200, 6299203, 0, 0, 0
78300, 5136906, 0, 0, 0
78400, 8035186, 0, 0, 0
78500, 4717438, 0, 0, 0
78600, 7430020, 0, 0, 0
78700, 8359515, 0, 0, 0
78800, 7146873, 0, 0, 0
78900, 5464187, 0, 0, 0
79000, 6930829, 0, 0, 0
79100, 9401684, 0, 0, 0
79200, 7239932, 0, 0, 0
79300, 6501519, 0, 0, 0
79400, 8388949, 0, 0, 0
79500, 8782122, 0, 0, 0
79600, 5506500, 0, 0, 0
79700, 6634742, 0, 0, 0
79800, 8992914, 0, 0, 0
79900, 5829037, 0, 0, 0
80000, 5841162, 0, 0, 0
80100, 6824732, 0, 0, 0
80200, 4494079, 0, 0, 0
80300, 16578826, 0, 0, 0
80400, 12590880, 0, 0, 0
80500, 8716999, 0, 0, 0
80600, 5153127, 0, 0, 0
80700, 5654802, 0, 0, 0
80800, 6025197, 0, 0, 0
80900, 9525742, 0, 0, 0
81000, 7144447, 0, 0, 0
81100, 6200787, 0, 0, 0
81200, 10342595, 0, 0, 0
81300, 6251561, 0, 0, 0
81400, 7058934, 0, 0, 0
81500, 7912732, 0, 0, 0
81624, 15324808, 0, 0, 0
81700, 9564848, 0, 0, 0
81800, 4949250, 0, 0, 0
81900, 7278764, 0, 0, 0
82000, 5249498, 0, 0, 0
82100, 5995615, 0, 0, 0
82200, 9516028, 0, 0, 0
82300, 6654146, 0, 0, 0
82400, 6130656, 0, 0, 0
82500, 6218644, 0, 0, 0
82600, 6446477, 0, 0, 0
82700, 5836620, 0, 0, 0
82800, 8857317, 0, 0, 0
82900, 10570987, 0, 0, 0
83000, 10346033, 0, 0, 0
83100, 8067304, 0, 0, 0
83200, 6108456, 0, 0, 0
83300, 6319742, 0, 0, 0
83400, 5177968, 0, 0, 0
83500, 18567030, 0, 0, 0
83600, 9899099, 0, 0, 0
83715, 6045097, 0, 0, 0
83800, 9965291, 0, 0, 0
83900, 7833724, 0, 0, 0
84001, 6357741, 0, 0, 0
84100, 9536356, 0, 0, 0
84200, 7816055, 0, 0, 0
84300, 7695192, 0, 0, 0
84401, 6721598, 0, 0, 0
84500, 7585472, 0, 0, 0
84600, 6710745, 0, 0, 0
84700, 7406589, 0, 0, 0
84802, 5265759, 0, 0, 0
84900, 14059811, 0, 0, 0
85000, 5633764, 0, 0, 0
85100, 5203356, 0, 0, 0
85200, 8385909, 0, 0, 0
85300, 5946781, 0, 0, 0
85400, 8356995, 0, 0, 0
85500, 5449255, 0, 0, 0
85605, 7053116, 0, 0, 0
85700, 10468551, 0, 0, 0
85800, 8586938, 0, 0, 0
85900, 4934559, 0, 0, 0
86000, 5863238, 0, 0, 0
86100, 4857458, 0, 0, 0
86200, 6484791, 0, 0, 0
86300, 8399817, 0, 0, 0
86400, 5762068, 0, 0, 0
86500, 6981452, 0, 0, 0
86600, 4735331, 0, 0, 0
86700, 10821784, 0, 0, 0
86800, 7633523, 0, 0, 0
86913, 8152330, 0, 0, 0
87000, 9513890, 0, 0, 0
87100, 6243909, 0, 0, 0
87200, 5611697, 0, 0, 0
87300, 5111606, 0, 0, 0
87400, 6685671, 0, 0, 0
87500, 6717156, 0, 0, 0
87600, 7102961, 0, 0, 0
87700, 4715322, 0, 0, 0
87800, 10907273, 0, 0, 0
87901, 6696941, 0, 0, 0
88000, 5474343, 0, 0, 0
88100, 5541964, 0, 0, 0
88200, 11713140, 0, 0, 0
88300, 19002580, 0, 0, 0
88400, 6047163, 0, 0, 0
88500, 12259790, 0, 0, 0
88600, 5960763, 0, 0, 0
88700, 6471628, 0, 0, 0
88802, 6456414, 0, 0, 0
88900, 7160262, 0, 0, 0
89000, 5225516, 0, 0, 0
89100, 4973479, 0, 0, 0
89201, 10631560, 0, 0, 0
89300, 6168232, 0, 0, 0
89400, 7131843, 0, 0, 0
89500, 8694595, 0, 0, 0
89600, 7740417, 0, 0, 0
89701, 11295732, 0, 0, 0
89800, 7118898, 0, 0, 0
89900, 5332213, 0, 0, 0
90001, 5368929, 0, 0, 0
90015, 26463216, 0, 0, 0
