112, 50823, 1, 0, 0
210, 46548, 1, 0, 0
301, 29457, 1, 0, 0
413, 45667, 1, 0, 0
509, 46640, 1, 0, 0
611, 30198, 1, 0, 0
713, 41746, 1, 0, 0
808, 32078, 1, 0, 0
901, 45978, 1, 0, 0
1012, 38390, 1, 0, 0
1105, 39473, 1, 0, 0
1207, 31798, 1, 0, 0
1304, 29218, 1, 0, 0
1416, 30327, 1, 0, 0
1501, 36400, 1, 0, 0
1611, 32536, 1, 0, 0
1705, 37610, 1, 0, 0
1821, 51675, 1, 0, 0
1907, 41273, 1, 0, 0
2018, 42726, 1, 0, 0
2118, 26828, 1, 0, 0
2222, 28131, 1, 0, 0
2327, 26517, 1, 0, 0
2438, 33521, 1, 0, 0
2501, 35048, 1, 0, 0
2600, 42704, 1, 0, 0
2713, 29742, 1, 0, 0
2808, 31089, 1, 0, 0
2911, 34869, 1, 0, 0
3007, 55905, 1, 0, 0
3106, 31899, 1, 0, 0
3207, 33852, 1, 0, 0
3301, 33252, 1, 0, 0
3402, 29737, 1, 0, 0
3501, 31505, 1, 0, 0
3615, 34689, 1, 0, 0
3700, 51277, 1, 0, 0
3812, 40764, 1, 0, 0
3908, 64963, 1, 0, 0
4006, 33151, 1, 0, 0
4108, 32719, 1, 0, 0
4202, 29985, 1, 0, 0
4303, 57743, 1, 0, 0
4403, 39146, 1, 0, 0
4515, 29864, 1, 0, 0
4600, 37504, 1, 0, 0
4713, 36082, 1, 0, 0
4809, 31734, 1, 0, 0
4906, 32306, 1, 0, 0
5007, 36768, 1, 0, 0
5102, 42294, 1, 0, 0
5204, 40565, 1, 0, 0
5302, 42511, 1, 0, 0
5416, 41907, 1, 0, 0
5501, 28052, 1, 0, 0
5613, 36330, 1, 0, 0
5708, 36847, 1, 0, 0
5806, 30911, 1, 0, 0
5917, 56285, 1, 0, 0
6028, 78805, 1, 0, 0
6134, 32159, 1, 0, 0
6241, 56210, 1, 0, 0
6345, 26135, 1, 0, 0
6404, 46906, 1, 0, 0
6505, 30601, 1, 0, 0
6605, 35031, 1, 0, 0
6701, 40584, 1, 0, 0
6803, 39953, 1, 0, 0
6900, 35630, 1, 0, 0
7013, 37783, 1, 0, 0
7110, 37912, 1, 0, 0
7212, 41160, 1, 0, 0
7313, 31233, 1, 0, 0
7413, 47270, 1, 0, 0
7515, 41423, 1, 0, 0
7617, 30861, 1, 0, 0
7718, 35421, 1, 0, 0
7810, 30365, 1, 0, 0
7909, 32519, 1, 0, 0
8009, 37442, 1, 0, 0
8103, 52303, 1, 0, 0
8207, 34458, 1, 0, 0
8304, 42045, 1, 0, 0
8400, 30596, 1, 0, 0
8502, 62772, 1, 0, 0
8614, 71017, 1, 0, 0
8709, 28697, 1, 0, 0
8808, 39258, 1, 0, 0
8915, 46420, 1, 0, 0
9013, 38861, 1, 0, 0
9110, 49388, 1, 0, 0
9211, 47182, 1, 0, 0
9306, 44365, 1, 0, 0
9406, 40845, 1, 0, 0
9503, 29405, 1, 0, 0
9614, 33035, 1, 0, 0
9747, 52061, 1, 0, 0
9800, 53115, 1, 0, 0
9901, 34866, 1, 0, 0
10002, 30961, 1, 0, 0
10105, 31979, 1, 0, 0
10239, 41931, 1, 0, 0
10326, 33841, 1, 0, 0
10410, 34244, 1, 0, 0
10505, 46592, 1, 0, 0
10608, 35193, 1, 0, 0
10706, 34445, 1, 0, 0
10803, 27143, 1, 0, 0
10906, 35683, 1, 0, 0
11002, 52828, 1, 0, 0
11101, 45178, 1, 0, 0
11202, 34966, 1, 0, 0
11314, 35397, 1, 0, 0
11409, 40220, 1, 0, 0
11513, 55048, 1, 0, 0
11601, 34366, 1, 0, 0
11702, 43840, 1, 0, 0
11809, 38431, 1, 0, 0
11903, 26615, 1, 0, 0
12003, 40501, 1, 0, 0
12104, 46162, 1, 0, 0
12216, 36923, 1, 0, 0
12301, 29192, 1, 0, 0
12413, 40546, 1, 0, 0
12500, 39967, 1, 0, 0
12600, 30598, 1, 0, 0
12712, 31279, 1, 0, 0
12810, 38697, 1, 0, 0
12906, 59457, 1, 0, 0
13008, 70813, 1, 0, 0
13104, 64767, 1, 0, 0
13201, 65950, 1, 0, 0
13301, 53617, 1, 0, 0
13412, 34223, 1, 0, 0
13506, 25454, 1, 0, 0
13615, 28891, 1, 0, 0
13715, 34139, 1, 0, 0
13814, 34590, 1, 0, 0
13915, 51731, 1, 0, 0
14029, 49393, 1, 0, 0
14145, 88413, 1, 0, 0
14204, 63934, 1, 0, 0
14302, 78612, 1, 0, 0
14403, 74966, 1, 0, 0
14515, 50449, 1, 0, 0
14610, 51388, 1, 0, 0
14705, 69088, 1, 0, 0
14803, 68988, 1, 0, 0
14901, 66813, 1, 0, 0
15002, 69349, 1, 0, 0
15114, 81628, 1, 0, 0
15208, 85383, 1, 0, 0
15310, 43422, 1, 0, 0
15408, 36447, 1, 0, 0
15512, 43821, 1, 0, 0
15611, 66085, 1, 0, 0
15701, 71769, 1, 0, 0
15813, 69615, 1, 0, 0
15905, 79405, 1, 0, 0
16003, 72969, 1, 0, 0
16115, 77910, 1, 0, 0
16201, 50642, 1, 0, 0
16304, 35178, 1, 0, 0
16416, 40038, 1, 0, 0
16500, 71372, 1, 0, 0
16611, 56070, 1, 0, 0
16707, 25684, 1, 0, 0
16805, 30748, 1, 0, 0
16906, 24837, 1, 0, 0
17000, 22674, 1, 0, 0
17107, 39684, 1, 0, 0
17209, 24852, 1, 0, 0
17306, 42983, 1, 0, 0
17401, 45137, 1, 0, 0
17540, 41516, 1, 0, 0
17647, 54538, 1, 0, 0
17700, 50427, 1, 0, 0
17810, 68762, 1, 0, 0
17919, 78280, 1, 0, 0
18018, 73254, 1, 0, 0
18131, 78971, 1, 0, 0
18203, 71285, 1, 0, 0
18303, 68879, 1, 0, 0
18416, 71491, 1, 0, 0
18501, 69562, 1, 0, 0
18613, 81216, 1, 0, 0
18725, 67712, 1, 0, 0
18806, 41558, 1, 0, 0
18907, 41411, 1, 0, 0
19002, 40511, 1, 0, 0
19103, 47374, 1, 0, 0
19204, 31690, 1, 0, 0
19324, 36272, 1, 0, 0
19406, 42359, 1, 0, 0
19506, 32225, 1, 0, 0
19601, 38451, 1, 0, 0
19704, 43575, 1, 0, 0
19809, 37832, 1, 0, 0
19904, 33239, 1, 0, 0
20004, 32200, 1, 0, 0
20103, 29328, 1, 0, 0
20216, 32327, 1, 0, 0
20301, 33397, 1, 0, 0
20413, 39239, 1, 0, 0
20508, 65559, 1, 0, 0
20606, 77504, 1, 0, 0
20707, 69380, 1, 0, 0
20801, 57565, 1, 0, 0
20901, 41811, 1, 0, 0
21000, 70959, 1, 0, 0
21111, 70663, 1, 0, 0
21205, 72146, 1, 0, 0
21302, 51906, 1, 0, 0
21417, 32582, 1, 0, 0
21519, 47866, 1, 0, 0
21626, 65739, 1, 0, 0
21736, 72556, 1, 0, 0
21844, 38383, 1, 0, 0
21949, 31311, 1, 0, 0
22000, 39593, 1, 0, 0
22112, 42773, 1, 0, 0
22211, 32405, 1, 0, 0
22305, 37541, 1, 0, 0
22407, 33640, 1, 0, 0
22504, 30330, 1, 0, 0
22601, 29521, 1, 0, 0
22702, 30210, 1, 0, 0
22814, 29389, 1, 0, 0
22909, 25611, 1, 0, 0
23008, 25878, 1, 0, 0
23108, 35299, 1, 0, 0
23203, 30471, 1, 0, 0
23305, 33471, 1, 0, 0
23402, 30207, 1, 0, 0
23504, 27627, 1, 0, 0
23605, 27098, 1, 0, 0
23704, 35560, 1, 0, 0
23815, 58513, 1, 0, 0
23904, 41038, 1, 0, 0
24003, 41415, 1, 0, 0
24115, 42204, 1, 0, 0
24203, 31193, 1, 0, 0
24304, 29544, 1, 0, 0
24416, 39861, 1, 0, 0
24510, 35851, 1, 0, 0
24610, 30672, 1, 0, 0
24700, 45902, 1, 0, 0
24811, 39704, 1, 0, 0
24904, 31117, 1, 0, 0
25000, 38196, 1, 0, 0
25110, 42210, 1, 0, 0
25207, 51627, 1, 0, 0
25327, 42310, 1, 0, 0
25410, 43107, 1, 0, 0
25517, 33414, 1, 0, 0
25629, 53935, 1, 0, 0
25733, 35063, 1, 0, 0
25833, 55505, 1, 0, 0
25940, 35262, 1, 0, 0
26011, 49624, 1, 0, 0
26110, 34888, 1, 0, 0
26206, 36740, 1, 0, 0
26308, 36711, 1, 0, 0
26405, 33040, 1, 0, 0
26508, 37585, 1, 0, 0
26604, 34940, 1, 0, 0
26716, 40210, 1, 0, 0
26811, 40472, 1, 0, 0
26912, 35070, 1, 0, 0
27011, 37674, 1, 0, 0
27107, 39081, 1, 0, 0
27210, 33389, 1, 0, 0
27306, 38040, 1, 0, 0
27404, 37188, 1, 0, 0
27504, 33777, 1, 0, 0
27617, 49948, 1, 0, 0
27720, 56790, 1, 0, 0
27806, 44676, 1, 0, 0
27901, 38510, 1, 0, 0
28000, 39030, 1, 0, 0
28100, 39505, 1, 0, 0
28212, 48403, 1, 0, 0
28301, 34914, 1, 0, 0
28401, 60333, 1, 0, 0
28512, 37135, 1, 0, 0
28607, 41817, 1, 0, 0
28707, 40564, 1, 0, 0
28806, 36225, 1, 0, 0
28901, 31392, 1, 0, 0
29003, 42075, 1, 0, 0
29114, 70433, 1, 0, 0
29209, 59725, 1, 0, 0
29335, 51209, 1, 0, 0
29440, 92900, 1, 0, 0
29548, 57423, 1, 0, 0
29604, 40393, 1, 0, 0
29712, 47352, 1, 0, 0
29818, 43032, 1, 0, 0
29903, 43804, 1, 0, 0
30016, 32397, 1, 0, 0
30101, 52547, 1, 0, 0
30214, 29371, 1, 0, 0
30310, 29934, 1, 0, 0
30409, 34602, 1, 0, 0
30510, 25466, 1, 0, 0
30605, 33649, 1, 0, 0
30706, 52152, 1, 0, 0
30805, 37683, 1, 0, 0
30900, 39244, 1, 0, 0
31002, 34590, 1, 0, 0
31100, 43655, 1, 0, 0
31212, 42822, 1, 0, 0
31310, 34168, 1, 0, 0
31411, 30828, 1, 0, 0
31506, 40330, 1, 0, 0
31606, 38849, 1, 0, 0
31713, 30827, 1, 0, 0
31808, 44520, 1, 0, 0
31907, 35322, 1, 0, 0
32007, 30243, 1, 0, 0
32100, 41114, 1, 0, 0
32203, 30823, 1, 0, 0
32309, 24101, 1, 0, 0
32403, 29812, 1, 0, 0
32500, 33560, 1, 0, 0
32612, 38331, 1, 0, 0
32707, 39228, 1, 0, 0
32805, 35857, 1, 0, 0
32906, 30209, 1, 0, 0
33017, 33181, 1, 0, 0
33103, 33284, 1, 0, 0
33208, 26838, 1, 0, 0
33305, 26632, 1, 0, 0
33408, 30534, 1, 0, 0
33516, 29373, 1, 0, 0
33624, 75074, 1, 0, 0
33729, 49646, 1, 0, 0
33837, 63624, 1, 0, 0
33907, 33537, 1, 0, 0
34007, 31051, 1, 0, 0
34106, 36575, 1, 0, 0
34200, 34701, 1, 0, 0
34302, 31784, 1, 0, 0
34400, 32975, 1, 0, 0
34512, 34563, 1, 0, 0
34608, 24024, 1, 0, 0
34710, 30280, 1, 0, 0
34804, 32911, 1, 0, 0
34903, 30120, 1, 0, 0
35005, 25871, 1, 0, 0
35123, 34777, 1, 0, 0
35206, 32328, 1, 0, 0
35306, 27503, 1, 0, 0
35401, 57584, 1, 0, 0
35501, 75967, 1, 0, 0
35607, 67575, 1, 0, 0
35702, 31901, 1, 0, 0
35802, 38140, 1, 0, 0
35901, 35584, 1, 0, 0
36012, 33290, 1, 0, 0
36106, 32318, 1, 0, 0
36208, 30722, 1, 0, 0
36305, 48063, 1, 0, 0
36400, 71429, 1, 0, 0
36507, 72029, 1, 0, 0
36604, 84530, 1, 0, 0
36716, 80044, 1, 0, 0
36801, 37860, 1, 0, 0
36911, 35853, 1, 0, 0
37007, 39884, 1, 0, 0
37128, 49314, 1, 0, 0
37236, 40986, 1, 0, 0
37345, 34462, 1, 0, 0
37454, 33254, 1, 0, 0
37510, 33026, 1, 0, 0
37616, 32640, 1, 0, 0
37718, 37549, 1, 0, 0
37805, 42645, 1, 0, 0
37904, 51471, 1, 0, 0
38005, 65759, 1, 0, 0
38100, 65617, 1, 0, 0
38202, 38914, 1, 0, 0
38301, 30096, 1, 0, 0
38413, 42304, 1, 0, 0
38508, 42106, 1, 0, 0
38611, 43928, 1, 0, 0
38707, 40305, 1, 0, 0
38806, 38869, 1, 0, 0
38909, 69752, 1, 0, 0
39005, 72357, 1, 0, 0
39105, 38912, 1, 0, 0
39205, 43083, 1, 0, 0
39300, 70371, 1, 0, 0
39402, 70812, 1, 0, 0
39515, 48466, 1, 0, 0
39612, 33130, 1, 0, 0
39711, 39930, 1, 0, 0
39803, 38142, 1, 0, 0
39914, 44693, 1, 0, 0
40000, 29551, 1, 0, 0
40113, 33494, 1, 0, 0
40207, 45278, 1, 0, 0
40306, 48545, 1, 0, 0
40407, 35083, 1, 0, 0
40501, 37977, 1, 0, 0
40603, 31488, 1, 0, 0
40701, 40235, 1, 0, 0
40814, 33656, 1, 0, 0
40909, 30206, 1, 0, 0
41011, 42002, 1, 0, 0
41127, 38730, 1, 0, 0
41226, 30185, 1, 0, 0
41329, 28054, 1, 0, 0
41430, 30622, 1, 0, 0
41534, 42960, 1, 0, 0
41626, 41875, 1, 0, 0
41725, 34549, 1, 0, 0
41806, 51433, 1, 0, 0
41907, 34900, 1, 0, 0
42002, 31096, 1, 0, 0
42102, 48465, 1, 0, 0
42201, 40552, 1, 0, 0
42313, 37134, 1, 0, 0
42415, 45646, 1, 0, 0
42502, 66431, 1, 0, 0
42614, 85459, 1, 0, 0
42708, 38179, 1, 0, 0
42810, 33802, 1, 0, 0
42909, 27864, 1, 0, 0
43006, 40091, 1, 0, 0
43108, 36488, 1, 0, 0
43202, 42589, 1, 0, 0
43302, 42208, 1, 0, 0
43401, 36059, 1, 0, 0
43514, 33306, 1, 0, 0
43607, 37022, 1, 0, 0
43703, 28624, 1, 0, 0
43815, 30505, 1, 0, 0
43909, 31512, 1, 0, 0
44009, 32423, 1, 0, 0
44107, 40728, 1, 0, 0
44210, 34750, 1, 0, 0
44303, 33098, 1, 0, 0
44416, 35491, 1, 0, 0
44511, 35477, 1, 0, 0
44609, 31522, 1, 0, 0
44710, 30790, 1, 0, 0
44802, 35619, 1, 0, 0
44901, 52986, 1, 0, 0
45025, 40963, 1, 0, 0
45125, 32175, 1, 0, 0
45224, 35335, 1, 0, 0
45334, 47734, 1, 0, 0
45445, 36656, 1, 0, 0
45500, 50395, 1, 0, 0
45610, 34483, 1, 0, 0
45708, 44680, 1, 0, 0
45808, 44165, 1, 0, 0
45902, 35826, 1, 0, 0
46005, 32367, 1, 0, 0
46110, 34701, 1, 0, 0
46205, 33139, 1, 0, 0
46306, 32614, 1, 0, 0
46405, 49253, 1, 0, 0
46501, 52279, 1, 0, 0
46602, 64181, 1, 0, 0
46716, 39018, 1, 0, 0
46813, 34158, 1, 0, 0
46911, 31985, 1, 0, 0
47003, 30435, 1, 0, 0
47115, 28856, 1, 0, 0
47201, 29629, 1, 0, 0
47313, 24447, 1, 0, 0
47408, 24030, 1, 0, 0
47507, 29939, 1, 0, 0
47607, 34272, 1, 0, 0
47700, 34120, 1, 0, 0
47801, 34362, 1, 0, 0
47912, 35967, 1, 0, 0
48010, 31320, 1, 0, 0
48105, 29573, 1, 0, 0
48208, 31980, 1, 0, 0
48303, 32892, 1, 0, 0
48401, 30774, 1, 0, 0
48502, 30413, 1, 0, 0
48614, 31020, 1, 0, 0
48706, 41652, 1, 0, 0
48808, 29674, 1, 0, 0
48923, 31690, 1, 0, 0
49019, 49310, 1, 0, 0
49127, 35905, 1, 0, 0
49239, 39397, 1, 0, 0
49345, 31929, 1, 0, 0
49402, 52557, 1, 0, 0
49506, 46074, 1, 0, 0
49607, 41054, 1, 0, 0
49706, 37077, 1, 0, 0
49801, 41284, 1, 0, 0
49904, 36139, 1, 0, 0
50000, 31081, 1, 0, 0
50113, 38239, 1, 0, 0
50200, 39142, 1, 0, 0
50312, 35958, 1, 0, 0
50407, 40732, 1, 0, 0
50508, 35186, 1, 0, 0
50607, 32693, 1, 0, 0
50702, 32509, 1, 0, 0
50810, 43161, 1, 0, 0
50911, 44292, 1, 0, 0
51005, 48284, 1, 0, 0
51107, 44062, 1, 0, 0
51204, 24144, 1, 0, 0
51301, 40518, 1, 0, 0
51403, 48144, 1, 0, 0
51507, 44278, 1, 0, 0
51603, 34032, 1, 0, 0
51705, 47626, 1, 0, 0
51802, 33856, 1, 0, 0
51900, 26209, 1, 0, 0
52001, 30752, 1, 0, 0
52114, 30944, 1, 0, 0
52209, 36963, 1, 0, 0
52311, 31854, 1, 0, 0
52410, 33628, 1, 0, 0
52505, 37147, 1, 0, 0
52601, 34314, 1, 0, 0
52713, 45701, 1, 0, 0
52805, 31104, 1, 0, 0
52908, 38451, 1, 0, 0
53025, 47789, 1, 0, 0
53132, 65530, 1, 0, 0
53234, 51483, 1, 0, 0
53339, 49974, 1, 0, 0
53445, 37219, 1, 0, 0
53553, 37640, 1, 0, 0
53611, 37125, 1, 0, 0
53706, 39593, 1, 0, 0
53807, 35750, 1, 0, 0
53906, 45961, 1, 0, 0
54001, 38852, 1, 0, 0
54105, 60295, 1, 0, 0
54201, 60877, 1, 0, 0
54314, 30717, 1, 0, 0
54401, 31617, 1, 0, 0
54520, 24259, 1, 0, 0
54601, 40186, 1, 0, 0
54704, 30285, 1, 0, 0
54801, 34841, 1, 0, 0
54900, 38152, 1, 0, 0
55000, 35555, 1, 0, 0
55113, 30822, 1, 0, 0
55206, 39760, 1, 0, 0
55309, 33587, 1, 0, 0
55407, 46248, 1, 0, 0
55504, 45209, 1, 0, 0
55611, 43907, 1, 0, 0
55710, 37123, 1, 0, 0
55804, 34503, 1, 0, 0
55907, 32176, 1, 0, 0
56002, 28208, 1, 0, 0
56100, 30567, 1, 0, 0
56200, 29234, 1, 0, 0
56313, 43677, 1, 0, 0
56406, 39740, 1, 0, 0
56507, 28340, 1, 0, 0
56606, 38233, 1, 0, 0
56716, 36191, 1, 0, 0
56801, 32840, 1, 0, 0
56936, 35093, 1, 0, 0
57041, 42222, 1, 0, 0
57149, 37283, 1, 0, 0
57203, 36347, 1, 0, 0
57313, 31544, 1, 0, 0
57419, 33879, 1, 0, 0
57520, 41830, 1, 0, 0
57610, 34453, 1, 0, 0
57704, 49054, 1, 0, 0
57806, 34554, 1, 0, 0
57903, 37906, 1, 0, 0
58000, 33772, 1, 0, 0
58101, 35224, 1, 0, 0
58214, 69305, 1, 0, 0
58309, 58968, 1, 0, 0
58407, 31009, 1, 0, 0
58507, 33915, 1, 0, 0
58601, 31122, 1, 0, 0
58704, 35846, 1, 0, 0
58802, 36252, 1, 0, 0
58914, 30699, 1, 0, 0
59000, 35124, 1, 0, 0
59112, 33199, 1, 0, 0
59208, 31013, 1, 0, 0
59311, 30084, 1, 0, 0
59414, 33815, 1, 0, 0
59509, 35442, 1, 0, 0
59606, 31547, 1, 0, 0
59706, 42160, 1, 0, 0
59800, 29649, 1, 0, 0
59900, 36128, 1, 0, 0
60012, 28764, 1, 0, 0
60110, 34296, 1, 0, 0
60205, 32304, 1, 0, 0
60306, 32320, 1, 0, 0
60400, 40480, 1, 0, 0
60511, 36419, 1, 0, 0
60608, 31555, 1, 0, 0
60709, 37371, 1, 0, 0
60819, 30605, 1, 0, 0
60925, 27434, 1, 0, 0
61025, 33737, 1, 0, 0
61131, 39105, 1, 0, 0
61242, 34354, 1, 0, 0
61351, 55765, 1, 0, 0
61404, 33628, 1, 0, 0
61511, 39117, 1, 0, 0
61611, 45502, 1, 0, 0
61710, 42121, 1, 0, 0
61809, 47093, 1, 0, 0
61908, 44722, 1, 0, 0
62008, 37536, 1, 0, 0
62107, 42595, 1, 0, 0
62208, 49033, 1, 0, 0
62308, 43940, 1, 0, 0
62408, 37936, 1, 0, 0
62509, 30414, 1, 0, 0
62609, 51661, 1, 0, 0
62709, 39658, 1, 0, 0
62805, 35297, 1, 0, 0
62901, 33965, 1, 0, 0
63003, 37851, 1, 0, 0
63115, 32401, 1, 0, 0
63210, 34433, 1, 0, 0
63310, 39211, 1, 0, 0
63409, 45436, 1, 0, 0
63502, 41020, 1, 0, 0
63603, 31999, 1, 0, 0
63700, 33587, 1, 0, 0
63812, 38325, 1, 0, 0
63909, 40983, 1, 0, 0
64010, 44008, 1, 0, 0
64103, 35265, 1, 0, 0
64202, 71135, 1, 0, 0
64301, 49078, 1, 0, 0
64412, 34660, 1, 0, 0
64521, 41393, 1, 0, 0
64616, 47774, 1, 0, 0
64750, 33126, 1, 0, 0
64801, 64090, 1, 0, 0
64906, 38769, 1, 0, 0
65006, 40535, 1, 0, 0
65113, 54644, 1, 0, 0
65209, 35651, 1, 0, 0
65306, 40138, 1, 0, 0
65406, 34488, 1, 0, 0
65501, 41091, 1, 0, 0
65604, 36200, 1, 0, 0
65715, 33702, 1, 0, 0
65801, 43697, 1, 0, 0
65903, 36777, 1, 0, 0
66001, 36159, 1, 0, 0
66114, 32239, 1, 0, 0
66205, 35249, 1, 0, 0
66307, 36043, 1, 0, 0
66402, 29159, 1, 0, 0
66504, 30912, 1, 0, 0
66600, 23377, 1, 0, 0
66712, 31518, 1, 0, 0
66809, 30618, 1, 0, 0
66910, 28867, 1, 0, 0
67005, 29837, 1, 0, 0
67106, 31867, 1, 0, 0
67203, 52644, 1, 0, 0
67315, 50705, 1, 0, 0
67400, 34800, 1, 0, 0
67512, 39056, 1, 0, 0
67609, 37565, 1, 0, 0
67706, 33895, 1, 0, 0
67808, 43056, 1, 0, 0
67902, 31894, 1, 0, 0
68002, 32098, 1, 0, 0
68109, 32041, 1, 0, 0
68202, 33985, 1, 0, 0
68300, 34215, 1, 0, 0
68453, 46985, 1, 0, 0
68508, 59246, 1, 0, 0
68611, 43485, 1, 0, 0
68719, 39944, 1, 0, 0
68831, 39564, 1, 0, 0
68942, 36126, 1, 0, 0
69023, 34874, 1, 0, 0
69108, 38122, 1, 0, 0
69208, 33920, 1, 0, 0
69309, 31342, 1, 0, 0
69403, 33067, 1, 0, 0
69508, 32675, 1, 0, 0
69612, 31086, 1, 0, 0
69706, 37255, 1, 0, 0
69807, 36075, 1, 0, 0
69907, 38431, 1, 0, 0
70002, 40248, 1, 0, 0
70105, 24888, 1, 0, 0
70202, 41000, 1, 0, 0
70302, 38371, 1, 0, 0
70403, 35456, 1, 0, 0
70515, 36674, 1, 0, 0
70609, 31111, 1, 0, 0
70711, 33377, 1, 0, 0
70810, 26401, 1, 0, 0
70901, 36636, 1, 0, 0
71001, 43840, 1, 0, 0
71113, 36395, 1, 0, 0
71207, 27423, 1, 0, 0
71309, 27399, 1, 0, 0
71414, 33359, 1, 0, 0
71508, 31143, 1, 0, 0
71609, 33084, 1, 0, 0
71708, 31305, 1, 0, 0
71803, 43931, 1, 0, 0
71905, 34475, 1, 0, 0
72001, 37421, 1, 0, 0
72113, 39376, 1, 0, 0
72209, 31085, 1, 0, 0
72310, 37321, 1, 0, 0
72402, 24604, 1, 0, 0
72515, 29656, 1, 0, 0
72622, 32119, 1, 0, 0
72729, 35370, 1, 0, 0
72835, 31560, 1, 0, 0
72940, 29718, 1, 0, 0
73050, 33329, 1, 0, 0
73104, 35455, 1, 0, 0
73206, 28153, 1, 0, 0
73300, 36179, 1, 0, 0
73401, 32262, 1, 0, 0
73513, 44843, 1, 0, 0
73611, 38665, 1, 0, 0
73706, 43296, 1, 0, 0
73808, 32217, 1, 0, 0
73904, 30828, 1, 0, 0
74001, 26188, 1, 0, 0
74103, 25200, 1, 0, 0
74217, 31835, 1, 0, 0
74302, 27576, 1, 0, 0
74407, 37023, 1, 0, 0
74503, 33161, 1, 0, 0
74601, 32068, 1, 0, 0
74702, 27543, 1, 0, 0
74814, 37349, 1, 0, 0
74916, 40158, 1, 0, 0
75002, 41851, 1, 0, 0
75113, 56474, 1, 0, 0
75208, 38571, 1, 0, 0
75306, 39653, 1, 0, 0
75405, 34104, 1, 0, 0
75517, 42102, 1, 0, 0
75601, 47511, 1, 0, 0
75713, 41172, 1, 0, 0
75818, 23430, 1, 0, 0
75900, 37173, 1, 0, 0
76012, 34607, 1, 0, 0
76110, 33966, 1, 0, 0
76204, 31282, 1, 0, 0
76306, 29543, 1, 0, 0
76452, 46304, 1, 0, 0
76507, 25065, 1, 0, 0
76618, 45938, 1, 0, 0
76727, 48979, 1, 0, 0
76836, 30525, 1, 0, 0
76917, 32654, 1, 0, 0
77003, 39043, 1, 0, 0
77105, 36277, 1, 0, 0
77217, 42128, 1, 0, 0
77300, 31455, 1, 0, 0
77413, 49688, 1, 0, 0
77512, 43763, 1, 0, 0
77607, 50840, 1, 0, 0
77709, 35155, 1, 0, 0
77806, 29308, 1, 0, 0
77903, 34027, 1, 0, 0
78004, 29467, 1, 0, 0
78100, 42321, 1, 0, 0
78202, 34021, 1, 0, 0
78300, 49741, 1, 0, 0
78413, 37596, 1, 0, 0
78508, 35696, 1, 0, 0
78610, 35484, 1, 0, 0
78706, 40107, 1, 0, 0
78803, 30072, 1, 0, 0
78904, 33911, 1, 0, 0
79016, 34442, 1, 0, 0
79109, 29813, 1, 0, 0
79209, 40589, 1, 0, 0
79307, 45109, 1, 0, 0
79401, 31044, 1, 0, 0
79507, 35107, 1, 0, 0
79607, 33105, 1, 0, 0
79710, 36563, 1, 0, 0
79807, 33721, 1, 0, 0
79908, 35826, 1, 0, 0
80001, 32720, 1, 0, 0
80101, 31984, 1, 0, 0
80208, 34001, 1, 0, 0
80331, 33567, 1, 0, 0
80432, 41934, 1, 0, 0
80532, 55585, 1, 0, 0
80631, 36030, 1, 0, 0
80745, 31007, 1, 0, 0
80802, 36788, 1, 0, 0
80910, 26824, 1, 0, 0
81005, 26644, 1, 0, 0
81105, 40016, 1, 0, 0
81205, 34458, 1, 0, 0
81309, 36311, 1, 0, 0
81406, 42519, 1, 0, 0
81508, 52510, 1, 0, 0
81602, 33042, 1, 0, 0
81703, 47565, 1, 0, 0
81802, 42653, 1, 0, 0
81915, 39205, 1, 0, 0
82002, 43371, 1, 0, 0
82106, 48756, 1, 0, 0
82209, 37542, 1, 0, 0
82307, 35069, 1, 0, 0
82408, 31405, 1, 0, 0
82511, 33969, 1, 0, 0
82607, 35862, 1, 0, 0
82709, 40170, 1, 0, 0
82804, 60928, 1, 0, 0
82903, 37380, 1, 0, 0
83002, 26388, 1, 0, 0
83114, 37318, 1, 0, 0
83208, 73578, 1, 0, 0
83309, 71952, 1, 0, 0
83406, 46172, 1, 0, 0
83503, 38416, 1, 0, 0
83605, 34979, 1, 0, 0
83716, 34178, 1, 0, 0
83810, 49774, 1, 0, 0
83908, 44328, 1, 0, 0
84006, 52758, 1, 0, 0
84115, 65707, 1, 0, 0
84209, 36409, 1, 0, 0
84309, 34058, 1, 0, 0
84417, 35102, 1, 0, 0
84520, 41185, 1, 0, 0
84623, 68862, 1, 0, 0
84731, 81315, 1, 0, 0
84802, 72208, 1, 0, 0
84915, 32122, 1, 0, 0
85001, 38927, 1, 0, 0
85113, 62059, 1, 0, 0
85208, 34935, 1, 0, 0
85308, 33184, 1, 0, 0
85407, 34011, 1, 0, 0
85501, 29062, 1, 0, 0
85604, 24763, 1, 0, 0
85701, 32115, 1, 0, 0
85813, 30057, 1, 0, 0
85901, 53696, 1, 0, 0
86012, 45642, 1, 0, 0
86107, 32177, 1, 0, 0
86207, 33605, 1, 0, 0
86307, 34681, 1, 0, 0
86401, 32330, 1, 0, 0
86504, 38484, 1, 0, 0
86612, 48639, 1, 0, 0
86707, 30574, 1, 0, 0
86806, 47149, 1, 0, 0
86905, 65879, 1, 0, 0
87017, 58303, 1, 0, 0
87100, 33223, 1, 0, 0
87211, 31930, 1, 0, 0
87308, 40918, 1, 0, 0
87405, 39950, 1, 0, 0
87506, 52961, 1, 0, 0
87601, 39463, 1, 0, 0
87700, 41557, 1, 0, 0
87811, 31936, 1, 0, 0
87910, 41697, 1, 0, 0
88013, 27803, 1, 0, 0
88116, 34848, 1, 0, 0
88216, 33841, 1, 0, 0
88315, 34604, 1, 0, 0
88415, 34396, 1, 0, 0
88520, 34134, 1, 0, 0
88617, 30592, 1, 0, 0
88713, 30494, 1, 0, 0
88806, 32824, 1, 0, 0
88909, 42385, 1, 0, 0
89007, 35252, 1, 0, 0
89104, 40788, 1, 0, 0
89205, 31365, 1, 0, 0
89300, 41149, 1, 0, 0
89411, 45892, 1, 0, 0
89511, 50495, 1, 0, 0
89611, 33012, 1, 0, 0
89704, 34901, 1, 0, 0
89809, 50628, 1, 0, 0
89907, 51550, 1, 0, 0
90002, 35688, 1, 0, 0
