112, 14042007, 1, 0, 0
210, 13940653, 1, 0, 0
301, 15291330, 1, 0, 0
413, 14013166, 1, 0, 0
509, 13707797, 1, 0, 0
611, 14504779, 1, 0, 0
713, 14594448, 1, 0, 0
807, 13473051, 1, 0, 0
901, 15529865, 1, 0, 0
1012, 13859041, 1, 0, 0
1105, 13314972, 1, 0, 0
1207, 14610558, 1, 0, 0
1304, 13818148, 1, 0, 0
1416, 13971292, 1, 0, 0
1501, 14297814, 1, 0, 0
1611, 13739191, 1, 0, 0
1705, 13425485, 1, 0, 0
1821, 19222267, 1, 0, 0
1907, 42916452, 1, 0, 0
2018, 55527699, 1, 0, 0
2118, 50358719, 1, 0, 0
2222, 51782512, 1, 0, 0
2327, 52336266, 1, 0, 0
2438, 55541403, 1, 0, 0
2501, 21125365, 1, 0, 0
2600, 14143620, 1, 0, 0
2713, 14072623, 1, 0, 0
2808, 13655388, 1, 0, 0
2911, 14652555, 1, 0, 0
3007, 13771048, 1, 0, 0
3106, 14032406, 1, 0, 0
3207, 14485344, 1, 0, 0
3301, 13449058, 1, 0, 0
3402, 14441212, 1, 0, 0
3501, 14143418, 1, 0, 0
3615, 14252569, 1, 0, 0
3700, 14177843, 1, 0, 0
3812, 13992085, 1, 0, 0
3908, 13666159, 1, 0, 0
4006, 14031170, 1, 0, 0
4108, 14519591, 1, 0, 0
4202, 13400286, 1, 0, 0
4303, 14514300, 1, 0, 0
4403, 14154459, 1, 0, 0
4515, 14069550, 1, 0, 0
4600, 14192433, 1, 0, 0
4713, 14039733, 1, 0, 0
4809, 13718903, 1, 0, 0
4906, 13884981, 1, 0, 0
5007, 14478955, 1, 0, 0
5102, 13534295, 1, 0, 0
5203, 14493567, 1, 0, 0
5302, 14110538, 1, 0, 0
5416, 14199227, 1, 0, 0
5501, 14188045, 1, 0, 0
5613, 13923850, 1, 0, 0
5708, 13676047, 1, 0, 0
5806, 24377504, 1, 0, 0
5917, 55613492, 1, 0, 0
6027, 55238663, 1, 0, 0
6134, 53245055, 1, 0, 0
6241, 53283866, 1, 0, 0
6345, 52244311, 1, 0, 0
6404, 29547097, 1, 0, 0
6505, 14434132, 1, 0, 0
6605, 14253957, 1, 0, 0
6701, 13703823, 1, 0, 0
6803, 14630432, 1, 0, 0
6900, 13809371, 1, 0, 0
7013, 14057318, 1, 0, 0
7110, 13955285, 1, 0, 0
7212, 16918648, 1, 0, 0
7313, 16785143, 1, 0, 0
7413, 16731786, 1, 0, 0
7515, 16995548, 1, 0, 0
7617, 17008698, 1, 0, 0
7718, 16807802, 1, 0, 0
7810, 15306386, 1, 0, 0
7909, 14198177, 1, 0, 0
8009, 14226357, 1, 0, 0
8103, 13509465, 1, 0, 0
8207, 14761343, 1, 0, 0
8304, 13948933, 1, 0, 0
8400, 13726325, 1, 0, 0
8502, 14498447, 1, 0, 0
8614, 14051952, 1, 0, 0
8709, 13530596, 1, 0, 0
8808, 14163985, 1, 0, 0
8915, 15217911, 1, 0, 0
9012, 13935389, 1, 0, 0
9110, 13898625, 1, 0, 0
9211, 14454828, 1, 0, 0
9306, 13496226, 1, 0, 0
9406, 14284331, 1, 0, 0
9503, 13968706, 1, 0, 0
9614, 13862114, 1, 0, 0
9747, 33271093, 1, 0, 0
9800, 52328382, 1, 0, 0
9901, 50633965, 1, 0, 0
10002, 50740717, 1, 0, 0
10105, 51416725, 1, 0, 0
10239, 44478793, 1, 0, 0
10326, 43810629, 1, 0, 0
10410, 16763435, 1, 0, 0
10505, 13580932, 1, 0, 0
10608, 14674143, 1, 0, 0
10706, 14046991, 1, 0, 0
10803, 13855424, 1, 0, 0
10906, 14670308, 1, 0, 0
11002, 13643864, 1, 0, 0
11101, 14228020, 1, 0, 0
11202, 14330904, 1, 0, 0
11314, 14026612, 1, 0, 0
11409, 13592134, 1, 0, 0
11513, 14842740, 1, 0, 0
11600, 14590911, 1, 0, 0
11702, 14434094, 1, 0, 0
11809, 15276711, 1, 0, 0
11903, 13540462, 1, 0, 0
12003, 14282303, 1, 0, 0
12104, 14345715, 1, 0, 0
12216, 14065308, 1, 0, 0
12300, 14021543, 1, 0, 0
12413, 14021363, 1, 0, 0
12500, 14553602, 1, 0, 0
12600, 14339955, 1, 0, 0
12712, 13988860, 1, 0, 0
12810, 13978141, 1, 0, 0
12906, 13639463, 1, 0, 0
13008, 14636149, 1, 0, 0
13103, 13609848, 1, 0, 0
13201, 13888343, 1, 0, 0
13301, 14340054, 1, 0, 0
13412, 13859759, 1, 0, 0
13506, 13435968, 1, 0, 0
13615, 27341327, 1, 0, 0
13715, 49721897, 1, 0, 0
13814, 49512179, 1, 0, 0
13915, 50490772, 1, 0, 0
14029, 56999087, 1, 0, 0
14145, 58234951, 1, 0, 0
14204, 58378664, 1, 0, 0
14302, 14007505, 1, 0, 0
14403, 14495553, 1, 0, 0
14515, 13986175, 1, 0, 0
14609, 13459071, 1, 0, 0
14705, 15864552, 1, 0, 0
14803, 14059634, 1, 0, 0
14901, 13955447, 1, 0, 0
15002, 14399043, 1, 0, 0
15113, 13983143, 1, 0, 0
15208, 13428923, 1, 0, 0
15310, 14590871, 1, 0, 0
15408, 14075208, 1, 0, 0
15511, 14742583, 1, 0, 0
15611, 14171673, 1, 0, 0
15701, 14997776, 1, 0, 0
15813, 14022911, 1, 0, 0
15905, 15390860, 1, 0, 0
16003, 13927401, 1, 0, 0
16115, 14010193, 1, 0, 0
16201, 14345263, 1, 0, 0
16304, 14678601, 1, 0, 0
16415, 13957611, 1, 0, 0
16500, 14077178, 1, 0, 0
16611, 13932609, 1, 0, 0
16707, 13617831, 1, 0, 0
16805, 13967368, 1, 0, 0
16906, 14450560, 1, 0, 0
17000, 13510035, 1, 0, 0
17107, 15299017, 1, 0, 0
17209, 14563738, 1, 0, 0
17306, 13745142, 1, 0, 0
17401, 13629595, 1, 0, 0
17539, 27685200, 1, 0, 0
17647, 53915492, 1, 0, 0
17700, 52913581, 1, 0, 0
17810, 54865256, 1, 0, 0
17919, 54317577, 1, 0, 0
18018, 49718429, 1, 0, 0
18131, 56485731, 1, 0, 0
18203, 14468522, 1, 0, 0
18303, 14194423, 1, 0, 0
18416, 14101631, 1, 0, 0
18501, 14216125, 1, 0, 0
18613, 14011714, 1, 0, 0
18724, 15915500, 1, 0, 0
18806, 13607046, 1, 0, 0
18907, 14441300, 1, 0, 0
19002, 13556380, 1, 0, 0
19103, 14402629, 1, 0, 0
19204, 14410353, 1, 0, 0
19324, 15063319, 1, 0, 0
19406, 13622687, 1, 0, 0
19506, 14282231, 1, 0, 0
19601, 13485487, 1, 0, 0
19704, 14739762, 1, 0, 0
19809, 15073012, 1, 0, 0
19904, 13468629, 1, 0, 0
20004, 14397923, 1, 0, 0
20103, 14142938, 1, 0, 0
20216, 14016669, 1, 0, 0
20301, 14198738, 1, 0, 0
20413, 13965128, 1, 0, 0
20508, 13678948, 1, 0, 0
20605, 13881539, 1, 0, 0
20707, 14523648, 1, 0, 0
20801, 13342336, 1, 0, 0
20901, 14384052, 1, 0, 0
21000, 14101377, 1, 0, 0
21111, 13839684, 1, 0, 0
21205, 13461155, 1, 0, 0
21302, 13925207, 1, 0, 0
21417, 38055823, 1, 0, 0
21519, 51172519, 1, 0, 0
21626, 53582981, 1, 0, 0
21736, 55049903, 1, 0, 0
21844, 53790174, 1, 0, 0
21949, 52738206, 1, 0, 0
22000, 25101207, 1, 0, 0
22112, 14035242, 1, 0, 0
22211, 14189501, 1, 0, 0
22305, 13340549, 1, 0, 0
22407, 14607276, 1, 0, 0
22504, 13935736, 1, 0, 0
22601, 13729304, 1, 0, 0
22702, 14521118, 1, 0, 0
22814, 14019936, 1, 0, 0
22909, 13516027, 1, 0, 0
23008, 14181526, 1, 0, 0
23108, 14224295, 1, 0, 0
23203, 13594699, 1, 0, 0
23305, 14570640, 1, 0, 0
23402, 13889147, 1, 0, 0
23504, 14565327, 1, 0, 0
23605, 14404511, 1, 0, 0
23704, 14103849, 1, 0, 0
23815, 13902010, 1, 0, 0
23904, 14852974, 1, 0, 0
24003, 14125124, 1, 0, 0
24115, 13998687, 1, 0, 0
24203, 14662706, 1, 0, 0
24304, 14373085, 1, 0, 0
24416, 13997275, 1, 0, 0
24510, 13412484, 1, 0, 0
24610, 14346090, 1, 0, 0
24700, 14920705, 1, 0, 0
24811, 13878132, 1, 0, 0
24904, 15532130, 1, 0, 0
25000, 13689605, 1, 0, 0
25110, 13834441, 1, 0, 0
25207, 13793093, 1, 0, 0
25326, 17064614, 1, 0, 0
25409, 41496143, 1, 0, 0
25517, 53564126, 1, 0, 0
25629, 56220012, 1, 0, 0
25732, 51707785, 1, 0, 0
25833, 50280904, 1, 0, 0
25940, 53233553, 1, 0, 0
26011, 17798700, 1, 0, 0
26110, 14192208, 1, 0, 0
26206, 13671743, 1, 0, 0
26308, 14651470, 1, 0, 0
26405, 13828598, 1, 0, 0
26508, 14695590, 1, 0, 0
26604, 15968782, 1, 0, 0
26716, 14037510, 1, 0, 0
26811, 13498061, 1, 0, 0
26912, 14405219, 1, 0, 0
27011, 14150260, 1, 0, 0
27107, 13736673, 1, 0, 0
27210, 14728739, 1, 0, 0
27306, 13744722, 1, 0, 0
27404, 13917034, 1, 0, 0
27504, 14372642, 1, 0, 0
27617, 14064004, 1, 0, 0
27720, 14725994, 1, 0, 0
27806, 14312101, 1, 0, 0
27901, 13537799, 1, 0, 0
28000, 14244658, 1, 0, 0
28100, 14258539, 1, 0, 0
28212, 13956220, 1, 0, 0
28301, 14821042, 1, 0, 0
28401, 14278032, 1, 0, 0
28512, 13942572, 1, 0, 0
28607, 13536997, 1, 0, 0
28707, 14337037, 1, 0, 0
28806, 14068033, 1, 0, 0
28901, 13578884, 1, 0, 0
29003, 14567069, 1, 0, 0
29114, 13843367, 1, 0, 0
29209, 13666673, 1, 0, 0
29335, 31301539, 1, 0, 0
29439, 52409560, 1, 0, 0
29548, 54110592, 1, 0, 0
29603, 55792026, 1, 0, 0
29712, 54190344, 1, 0, 0
29818, 52972926, 1, 0, 0
29903, 42697282, 1, 0, 0
30016, 14064070, 1, 0, 0
30101, 14216700, 1, 0, 0
30214, 14134656, 1, 0, 0
30310, 13738734, 1, 0, 0
30409, 14027970, 1, 0, 0
30510, 14450797, 1, 0, 0
30605, 13585844, 1, 0, 0
30706, 14422978, 1, 0, 0
30805, 14112060, 1, 0, 0
30900, 13558032, 1, 0, 0
31002, 14614060, 1, 0, 0
31100, 13974625, 1, 0, 0
31212, 14057264, 1, 0, 0
31310, 14029012, 1, 0, 0
31411, 14414593, 1, 0, 0
31506, 13451345, 1, 0, 0
31606, 14401756, 1, 0, 0
31713, 15244383, 1, 0, 0
31808, 13552270, 1, 0, 0
31907, 14195017, 1, 0, 0
32007, 14225421, 1, 0, 0
32100, 13316214, 1, 0, 0
32203, 14708227, 1, 0, 0
32309, 15107818, 1, 0, 0
32403, 13495770, 1, 0, 0
32500, 16142754, 1, 0, 0
32612, 14005265, 1, 0, 0
32707, 13557029, 1, 0, 0
32805, 13966380, 1, 0, 0
32906, 14428417, 1, 0, 0
33017, 13805659, 1, 0, 0
33103, 14468739, 1, 0, 0
33208, 17495947, 1, 0, 0
33305, 48398938, 1, 0, 0
33408, 51254005, 1, 0, 0
33516, 54147689, 1, 0, 0
33624, 53825005, 1, 0, 0
33729, 52774041, 1, 0, 0
33837, 53935793, 1, 0, 0
33907, 23283028, 1, 0, 0
34007, 14250251, 1, 0, 0
34106, 14229575, 1, 0, 0
34200, 13413443, 1, 0, 0
34302, 14606738, 1, 0, 0
34400, 13940804, 1, 0, 0
34512, 13969649, 1, 0, 0
34608, 13774476, 1, 0, 0
34710, 14459326, 1, 0, 0
34804, 13545061, 1, 0, 0
34903, 14153093, 1, 0, 0
35005, 14491223, 1, 0, 0
35123, 14813073, 1, 0, 0
35206, 13719952, 1, 0, 0
35306, 14357261, 1, 0, 0
35400, 13452776, 1, 0, 0
35501, 14332802, 1, 0, 0
35607, 15232081, 1, 0, 0
35702, 13529645, 1, 0, 0
35802, 14221543, 1, 0, 0
35901, 14179586, 1, 0, 0
36012, 13924754, 1, 0, 0
36105, 13290461, 1, 0, 0
36208, 14615910, 1, 0, 0
36304, 13807508, 1, 0, 0
36400, 13696466, 1, 0, 0
36507, 15177601, 1, 0, 0
36604, 13937569, 1, 0, 0
36716, 13980901, 1, 0, 0
36801, 14120567, 1, 0, 0
36911, 13738309, 1, 0, 0
37007, 13734476, 1, 0, 0
37128, 20230416, 1, 0, 0
37236, 53715050, 1, 0, 0
37345, 54823089, 1, 0, 0
37454, 54489369, 1, 0, 0
37509, 55122018, 1, 0, 0
37616, 53192729, 1, 0, 0
37718, 51097475, 1, 0, 0
37804, 14393235, 1, 0, 0
37904, 14163836, 1, 0, 0
38005, 14535629, 1, 0, 0
38100, 13496366, 1, 0, 0
38202, 14534361, 1, 0, 0
38301, 14184299, 1, 0, 0
38413, 14054031, 1, 0, 0
38508, 13571733, 1, 0, 0
38611, 14652702, 1, 0, 0
38707, 13721172, 1, 0, 0
38806, 14068341, 1, 0, 0
38909, 14755729, 1, 0, 0
39005, 13683209, 1, 0, 0
39105, 14385902, 1, 0, 0
39205, 14152420, 1, 0, 0
39300, 13630831, 1, 0, 0
39402, 14627796, 1, 0, 0
39515, 14107960, 1, 0, 0
39612, 13823703, 1, 0, 0
39710, 14052535, 1, 0, 0
39802, 15340031, 1, 0, 0
39914, 13952808, 1, 0, 0
40000, 14357938, 1, 0, 0
40112, 14022665, 1, 0, 0
40207, 13539208, 1, 0, 0
40306, 14144012, 1, 0, 0
40407, 14324495, 1, 0, 0
40501, 13407630, 1, 0, 0
40603, 14684874, 1, 0, 0
40701, 13977202, 1, 0, 0
40813, 14035822, 1, 0, 0
40909, 13596778, 1, 0, 0
41011, 14676070, 1, 0, 0
41127, 23077838, 1, 0, 0
41226, 49801208, 1, 0, 0
41329, 51050887, 1, 0, 0
41430, 50942056, 1, 0, 0
41534, 51635605, 1, 0, 0
41626, 46077507, 1, 0, 0
41725, 32910185, 1, 0, 0
41806, 20329938, 1, 0, 0
41907, 14372877, 1, 0, 0
42002, 13583357, 1, 0, 0
42102, 14359214, 1, 0, 0
42201, 14053640, 1, 0, 0
42313, 14004908, 1, 0, 0
42415, 14662865, 1, 0, 0
42502, 14383094, 1, 0, 0
42614, 14059345, 1, 0, 0
42708, 13349181, 1, 0, 0
42810, 14634781, 1, 0, 0
42909, 14172772, 1, 0, 0
43006, 13776682, 1, 0, 0
43108, 14581044, 1, 0, 0
43202, 13474301, 1, 0, 0
43302, 14239232, 1, 0, 0
43401, 14205131, 1, 0, 0
43514, 14012339, 1, 0, 0
43607, 13396918, 1, 0, 0
43703, 15894811, 1, 0, 0
43815, 14011873, 1, 0, 0
43909, 13418825, 1, 0, 0
44009, 14288565, 1, 0, 0
44107, 14082984, 1, 0, 0
44209, 14580350, 1, 0, 0
44303, 15527436, 1, 0, 0
44416, 14138793, 1, 0, 0
44511, 13659604, 1, 0, 0
44609, 13902463, 1, 0, 0
44710, 14444479, 1, 0, 0
44802, 13149970, 1, 0, 0
44901, 14193229, 1, 0, 0
45025, 17677000, 1, 0, 0
45125, 49805224, 1, 0, 0
45224, 49732157, 1, 0, 0
45334, 54981888, 1, 0, 0
45445, 55491030, 1, 0, 0
45500, 54416704, 1, 0, 0
45610, 55211785, 1, 0, 0
45708, 24423019, 1, 0, 0
45808, 14320117, 1, 0, 0
45902, 13451979, 1, 0, 0
46005, 14639307, 1, 0, 0
46110, 15107272, 1, 0, 0
46205, 13488563, 1, 0, 0
46306, 14440619, 1, 0, 0
46405, 14134705, 1, 0, 0
46500, 13651992, 1, 0, 0
46602, 14522094, 1, 0, 0
46716, 14189775, 1, 0, 0
46813, 13827493, 1, 0, 0
46911, 14034803, 1, 0, 0
47003, 15440750, 1, 0, 0
47115, 13966648, 1, 0, 0
47201, 14290020, 1, 0, 0
47313, 14032486, 1, 0, 0
47408, 13513519, 1, 0, 0
47507, 14182246, 1, 0, 0
47607, 14250742, 1, 0, 0
47700, 13311142, 1, 0, 0
47801, 14444419, 1, 0, 0
47912, 13887264, 1, 0, 0
48010, 13928420, 1, 0, 0
48105, 13639818, 1, 0, 0
48208, 14584312, 1, 0, 0
48302, 13565937, 1, 0, 0
48401, 14127665, 1, 0, 0
48502, 14325365, 1, 0, 0
48614, 13993950, 1, 0, 0
48706, 13149746, 1, 0, 0
48808, 14578729, 1, 0, 0
48923, 23086980, 1, 0, 0
49019, 47993714, 1, 0, 0
49127, 53911386, 1, 0, 0
49239, 55835911, 1, 0, 0
49345, 53011919, 1, 0, 0
49402, 57134663, 1, 0, 0
49506, 17374033, 1, 0, 0
49607, 14401892, 1, 0, 0
49706, 14070514, 1, 0, 0
49801, 13604118, 1, 0, 0
49904, 14685162, 1, 0, 0
50000, 13834757, 1, 0, 0
50113, 14083586, 1, 0, 0
50200, 14478449, 1, 0, 0
50312, 14041577, 1, 0, 0
50407, 13479077, 1, 0, 0
50508, 14481647, 1, 0, 0
50607, 14141518, 1, 0, 0
50702, 13586607, 1, 0, 0
50810, 15416573, 1, 0, 0
50911, 14347127, 1, 0, 0
51005, 13425081, 1, 0, 0
51107, 14551087, 1, 0, 0
51204, 13907114, 1, 0, 0
51300, 13791631, 1, 0, 0
51403, 14638557, 1, 0, 0
51507, 14811805, 1, 0, 0
51603, 13687587, 1, 0, 0
51705, 14638295, 1, 0, 0
51802, 13804299, 1, 0, 0
51900, 14072616, 1, 0, 0
52001, 14376960, 1, 0, 0
52114, 14127026, 1, 0, 0
52208, 13509432, 1, 0, 0
52311, 14577985, 1, 0, 0
52410, 14180283, 1, 0, 0
52505, 13607274, 1, 0, 0
52601, 15911192, 1, 0, 0
52713, 14018227, 1, 0, 0
52805, 13218323, 1, 0, 0
52908, 14643356, 1, 0, 0
53025, 23368378, 1, 0, 0
53132, 53858351, 1, 0, 0
53234, 50868619, 1, 0, 0
53338, 52157626, 1, 0, 0
53445, 53261921, 1, 0, 0
53553, 54215886, 1, 0, 0
53611, 57766875, 1, 0, 0
53706, 13543535, 1, 0, 0
53807, 14428530, 1, 0, 0
53906, 14124879, 1, 0, 0
54001, 13636952, 1, 0, 0
54105, 14731697, 1, 0, 0
54201, 13824986, 1, 0, 0
54314, 14082071, 1, 0, 0
54401, 14470957, 1, 0, 0
54520, 14832737, 1, 0, 0
54601, 13628123, 1, 0, 0
54704, 14633563, 1, 0, 0
54801, 13880807, 1, 0, 0
54900, 14158343, 1, 0, 0
55000, 14244322, 1, 0, 0
55113, 14103699, 1, 0, 0
55206, 13391661, 1, 0, 0
55309, 14624919, 1, 0, 0
55407, 13970634, 1, 0, 0
55504, 13853481, 1, 0, 0
55611, 15328057, 1, 0, 0
55710, 14108955, 1, 0, 0
55804, 13520299, 1, 0, 0
55907, 14594497, 1, 0, 0
56002, 13671709, 1, 0, 0
56100, 13904199, 1, 0, 0
56200, 14309046, 1, 0, 0
56313, 14085329, 1, 0, 0
56406, 13346331, 1, 0, 0
56507, 14376070, 1, 0, 0
56606, 14118694, 1, 0, 0
56716, 13864265, 1, 0, 0
56801, 14073288, 1, 0, 0
56935, 19218813, 1, 0, 0
57041, 52702081, 1, 0, 0
57149, 54173286, 1, 0, 0
57203, 54053948, 1, 0, 0
57313, 54935698, 1, 0, 0
57419, 52937067, 1, 0, 0
57520, 50579212, 1, 0, 0
57610, 22477590, 1, 0, 0
57704, 13355936, 1, 0, 0
57806, 14631106, 1, 0, 0
57903, 13884166, 1, 0, 0
58000, 13827985, 1, 0, 0
58101, 14442017, 1, 0, 0
58214, 14037031, 1, 0, 0
58309, 13575784, 1, 0, 0
58407, 14117864, 1, 0, 0
58507, 14160475, 1, 0, 0
58601, 13418453, 1, 0, 0
58704, 14785399, 1, 0, 0
58802, 13961404, 1, 0, 0
58914, 13998871, 1, 0, 0
59000, 14329700, 1, 0, 0
59112, 14017514, 1, 0, 0
59208, 13666592, 1, 0, 0
59311, 14832450, 1, 0, 0
59414, 14588765, 1, 0, 0
59509, 13675798, 1, 0, 0
59606, 13853266, 1, 0, 0
59706, 14273367, 1, 0, 0
59817, 13884732, 1, 0, 0
59900, 13789096, 1, 0, 0
60012, 13959090, 1, 0, 0
60110, 14045823, 1, 0, 0
60205, 13476993, 1, 0, 0
60306, 14436868, 1, 0, 0
60400, 13493594, 1, 0, 0
60511, 13888885, 1, 0, 0
60608, 13794405, 1, 0, 0
60709, 14486349, 1, 0, 0
60819, 21873196, 1, 0, 0
60925, 53100747, 1, 0, 0
61025, 50097108, 1, 0, 0
61131, 52950325, 1, 0, 0
61242, 55620160, 1, 0, 0
61351, 54562568, 1, 0, 0
61404, 52273015, 1, 0, 0
61511, 21518227, 1, 0, 0
61611, 16596501, 1, 0, 0
61710, 16531140, 1, 0, 0
61809, 16531524, 1, 0, 0
61908, 16535374, 1, 0, 0
62008, 16542532, 1, 0, 0
62107, 16587705, 1, 0, 0
62208, 16726011, 1, 0, 0
62308, 16747453, 1, 0, 0
62408, 16711602, 1, 0, 0
62509, 16705017, 1, 0, 0
62609, 16648148, 1, 0, 0
62709, 16687823, 1, 0, 0
62804, 15959894, 1, 0, 0
62901, 13755661, 1, 0, 0
63003, 14588582, 1, 0, 0
63115, 14061496, 1, 0, 0
63210, 13539403, 1, 0, 0
63310, 14183950, 1, 0, 0
63409, 14203452, 1, 0, 0
63502, 13231846, 1, 0, 0
63603, 14426281, 1, 0, 0
63700, 13931091, 1, 0, 0
63812, 13920731, 1, 0, 0
63908, 13841642, 1, 0, 0
64010, 14436453, 1, 0, 0
64103, 13380165, 1, 0, 0
64202, 14157758, 1, 0, 0
64301, 14050504, 1, 0, 0
64412, 13847545, 1, 0, 0
64521, 15586895, 1, 0, 0
64616, 47686408, 1, 0, 0
64750, 44600419, 1, 0, 0
64801, 51453199, 1, 0, 0
64906, 52313494, 1, 0, 0
65006, 50225510, 1, 0, 0
65113, 53286996, 1, 0, 0
65209, 48150934, 1, 0, 0
65306, 16183381, 1, 0, 0
65406, 14212371, 1, 0, 0
65501, 13557184, 1, 0, 0
65603, 14657258, 1, 0, 0
65715, 13955871, 1, 0, 0
65801, 14366722, 1, 0, 0
65903, 14556850, 1, 0, 0
66001, 13986680, 1, 0, 0
66114, 14063512, 1, 0, 0
66205, 15266657, 1, 0, 0
66307, 14462271, 1, 0, 0
66402, 13559324, 1, 0, 0
66504, 14591469, 1, 0, 0
66600, 13721865, 1, 0, 0
66712, 14007717, 1, 0, 0
66809, 13931067, 1, 0, 0
66910, 14381104, 1, 0, 0
67005, 13501854, 1, 0, 0
67106, 14405648, 1, 0, 0
67203, 13949984, 1, 0, 0
67315, 14014635, 1, 0, 0
67400, 14082772, 1, 0, 0
67512, 13962959, 1, 0, 0
67609, 13847082, 1, 0, 0
67706, 13907547, 1, 0, 0
67808, 14567839, 1, 0, 0
67902, 13410036, 1, 0, 0
68002, 14321081, 1, 0, 0
68109, 15245856, 1, 0, 0
68202, 13265014, 1, 0, 0
68300, 14031495, 1, 0, 0
68453, 21911627, 1, 0, 0
68508, 54253704, 1, 0, 0
68611, 51871055, 1, 0, 0
68719, 53646437, 1, 0, 0
68831, 56023644, 1, 0, 0
68942, 55677920, 1, 0, 0
69023, 40467484, 1, 0, 0
69108, 14158846, 1, 0, 0
69208, 14248552, 1, 0, 0
69309, 14435879, 1, 0, 0
69403, 13499817, 1, 0, 0
69508, 15006105, 1, 0, 0
69612, 14828400, 1, 0, 0
69706, 13415122, 1, 0, 0
69807, 14472566, 1, 0, 0
69907, 14204419, 1, 0, 0
70002, 13654696, 1, 0, 0
70105, 14615246, 1, 0, 0
70202, 13915356, 1, 0, 0
70302, 14215963, 1, 0, 0
70403, 14470299, 1, 0, 0
70515, 13980954, 1, 0, 0
70609, 13474852, 1, 0, 0
70711, 14560043, 1, 0, 0
70810, 14093662, 1, 0, 0
70900, 15097212, 1, 0, 0
71001, 14313202, 1, 0, 0
71113, 14077820, 1, 0, 0
71207, 13353303, 1, 0, 0
71309, 14634064, 1, 0, 0
71414, 15011837, 1, 0, 0
71508, 13330918, 1, 0, 0
71609, 14399971, 1, 0, 0
71708, 14170032, 1, 0, 0
71803, 13549988, 1, 0, 0
71905, 14564863, 1, 0, 0
72001, 13704637, 1, 0, 0
72113, 14037502, 1, 0, 0
72209, 13792013, 1, 0, 0
72310, 14352360, 1, 0, 0
72402, 18325695, 1, 0, 0
72515, 56648225, 1, 0, 0
72622, 53728038, 1, 0, 0
72729, 53485660, 1, 0, 0
72835, 52975523, 1, 0, 0
72940, 52179580, 1, 0, 0
73050, 55336668, 1, 0, 0
73104, 13526510, 1, 0, 0
73206, 14441671, 1, 0, 0
73300, 13522146, 1, 0, 0
73401, 14392366, 1, 0, 0
73513, 13964859, 1, 0, 0
73611, 14101933, 1, 0, 0
73706, 13545165, 1, 0, 0
73808, 14507117, 1, 0, 0
73904, 13669988, 1, 0, 0
74001, 13948977, 1, 0, 0
74103, 14597302, 1, 0, 0
74216, 14133604, 1, 0, 0
74302, 14322019, 1, 0, 0
74407, 14983493, 1, 0, 0
74503, 13697074, 1, 0, 0
74601, 14001605, 1, 0, 0
74702, 14371488, 1, 0, 0
74814, 13984907, 1, 0, 0
74916, 14622981, 1, 0, 0
75002, 14235047, 1, 0, 0
75113, 13940558, 1, 0, 0
75208, 13494818, 1, 0, 0
75306, 14058184, 1, 0, 0
75405, 14120728, 1, 0, 0
75517, 13964266, 1, 0, 0
75601, 14089210, 1, 0, 0
75713, 13969936, 1, 0, 0
75818, 14989893, 1, 0, 0
75900, 13716242, 1, 0, 0
76012, 13985065, 1, 0, 0
76110, 13969160, 1, 0, 0
76204, 13471868, 1, 0, 0
76306, 25453256, 1, 0, 0
76452, 48651626, 1, 0, 0
76507, 54403316, 1, 0, 0
76618, 55733684, 1, 0, 0
76727, 54359410, 1, 0, 0
76836, 54572028, 1, 0, 0
76917, 20321595, 1, 0, 0
77003, 14346737, 1, 0, 0
77105, 14466103, 1, 0, 0
77217, 14070423, 1, 0, 0
77300, 13810483, 1, 0, 0
77413, 14072663, 1, 0, 0
77512, 14152993, 1, 0, 0
77607, 13594097, 1, 0, 0
77709, 14620118, 1, 0, 0
77806, 13762405, 1, 0, 0
77903, 13952232, 1, 0, 0
78004, 14415202, 1, 0, 0
78100, 13703105, 1, 0, 0
78202, 14490355, 1, 0, 0
78300, 14095754, 1, 0, 0
78413, 14039130, 1, 0, 0
78508, 13609374, 1, 0, 0
78610, 14517460, 1, 0, 0
78706, 13727317, 1, 0, 0
78803, 13957143, 1, 0, 0
78904, 14295942, 1, 0, 0
79016, 13992643, 1, 0, 0
79109, 13366351, 1, 0, 0
79209, 14302889, 1, 0, 0
79307, 13977543, 1, 0, 0
79401, 13465217, 1, 0, 0
79507, 15115430, 1, 0, 0
79607, 14311202, 1, 0, 0
79710, 14634779, 1, 0, 0
79807, 13919160, 1, 0, 0
79908, 14390204, 1, 0, 0
80001, 13305857, 1, 0, 0
80101, 14208984, 1, 0, 0
80208, 13424054, 1, 0, 0
80331, 40874771, 1, 0, 0
80432, 50735468, 1, 0, 0
80532, 49817593, 1, 0, 0
80631, 49359405, 1, 0, 0
80745, 57390813, 1, 0, 0
80802, 56916790, 1, 0, 0
80910, 53711428, 1, 0, 0
81005, 13648568, 1, 0, 0
81105, 14240054, 1, 0, 0
81205, 14346292, 1, 0, 0
81309, 14739451, 1, 0, 0
81406, 13972459, 1, 0, 0
81508, 14481779, 1, 0, 0
81602, 13486937, 1, 0, 0
81703, 14346083, 1, 0, 0
81802, 14149506, 1, 0, 0
81915, 14154031, 1, 0, 0
82002, 14437017, 1, 0, 0
82106, 14939740, 1, 0, 0
82209, 14719097, 1, 0, 0
82307, 13930098, 1, 0, 0
82408, 14494217, 1, 0, 0
82511, 14696544, 1, 0, 0
82607, 13729418, 1, 0, 0
82709, 14577412, 1, 0, 0
82804, 13483587, 1, 0, 0
82903, 14135710, 1, 0, 0
83002, 14205742, 1, 0, 0
83114, 13998239, 1, 0, 0
83208, 13384635, 1, 0, 0
83309, 14478442, 1, 0, 0
83406, 13824313, 1, 0, 0
83503, 13809158, 1, 0, 0
83605, 14589633, 1, 0, 0
83716, 13902119, 1, 0, 0
83810, 13444823, 1, 0, 0
83908, 13937893, 1, 0, 0
84006, 14014309, 1, 0, 0
84115, 15588112, 1, 0, 0
84209, 46949560, 1, 0, 0
84309, 49805289, 1, 0, 0
84417, 54095332, 1, 0, 0
84520, 51545601, 1, 0, 0
84623, 51391396, 1, 0, 0
84730, 53803919, 1, 0, 0
84802, 35846008, 1, 0, 0
84915, 14054856, 1, 0, 0
85001, 14391428, 1, 0, 0
85113, 13999860, 1, 0, 0
85208, 13551321, 1, 0, 0
85307, 14232945, 1, 0, 0
85407, 14245692, 1, 0, 0
85501, 13379297, 1, 0, 0
85604, 14716339, 1, 0, 0
85701, 13876447, 1, 0, 0
85813, 13976484, 1, 0, 0
85900, 14588836, 1, 0, 0
86012, 13985112, 1, 0, 0
86107, 13570666, 1, 0, 0
86207, 14193079, 1, 0, 0
86307, 14309965, 1, 0, 0
86401, 13462116, 1, 0, 0
86504, 14630444, 1, 0, 0
86612, 15472120, 1, 0, 0
86707, 13501419, 1, 0, 0
86806, 14164748, 1, 0, 0
86905, 14168028, 1, 0, 0
87017, 13956258, 1, 0, 0
87100, 13827328, 1, 0, 0
87211, 13927433, 1, 0, 0
87308, 13896443, 1, 0, 0
87405, 13751571, 1, 0, 0
87506, 14553564, 1, 0, 0
87601, 13489756, 1, 0, 0
87700, 14209690, 1, 0, 0
87811, 13861169, 1, 0, 0
87910, 14104181, 1, 0, 0
88013, 14729403, 1, 0, 0
88116, 51444659, 1, 0, 0
88216, 50040851, 1, 0, 0
88315, 49445218, 1, 0, 0
88415, 50174648, 1, 0, 0
88520, 52251366, 1, 0, 0
88617, 48689208, 1, 0, 0
88713, 31793779, 1, 0, 0
88806, 13387044, 1, 0, 0
88909, 14611028, 1, 0, 0
89007, 13969462, 1, 0, 0
89104, 13867565, 1, 0, 0
89205, 14542332, 1, 0, 0
89300, 13457534, 1, 0, 0
89411, 13917599, 1, 0, 0
89511, 14213051, 1, 0, 0
89611, 14323097, 1, 0, 0
89704, 13352971, 1, 0, 0
89809, 14917185, 1, 0, 0
89907, 13970963, 1, 0, 0
90002, 13683165, 1, 0, 0
