102, 29684527, 1, 0, 0
213, 35542442, 1, 0, 0
333, 44709881, 1, 0, 0
400, 99758836, 1, 0, 0
533, 102006213, 1, 0, 0
610, 113060938, 1, 0, 0
730, 110273103, 1, 0, 0
868, 87891518, 1, 0, 0
937, 104165761, 1, 0, 0
1019, 91449694, 1, 0, 0
1100, 33854521, 1, 0, 0
1221, 34284041, 1, 0, 0
1304, 25417775, 1, 0, 0
1403, 23001073, 1, 0, 0
1510, 28099000, 1, 0, 0
1601, 26679952, 1, 0, 0
1706, 26401218, 1, 0, 0
1812, 28063482, 1, 0, 0
1914, 23861969, 1, 0, 0
2005, 24562620, 1, 0, 0
2106, 21854843, 1, 0, 0
2209, 21252579, 1, 0, 0
2314, 20723412, 1, 0, 0
2415, 23729974, 1, 0, 0
2502, 20928509, 1, 0, 0
2600, 22875092, 1, 0, 0
2726, 20436681, 1, 0, 0
2805, 25553407, 1, 0, 0
2909, 21414028, 1, 0, 0
3014, 23728987, 1, 0, 0
3113, 23384344, 1, 0, 0
3200, 22786798, 1, 0, 0
3301, 20542501, 1, 0, 0
3403, 21290383, 1, 0, 0
3513, 25128827, 1, 0, 0
3665, 28818264, 1, 0, 0
3716, 98064968, 1, 0, 0
3826, 89246132, 1, 0, 0
3937, 87890761, 1, 0, 0
4041, 80911187, 1, 0, 0
4147, 84796153, 1, 0, 0
4202, 52183164, 1, 0, 0
4313, 56185425, 1, 0, 0
4401, 22126188, 1, 0, 0
4501, 21970418, 1, 0, 0
4600, 23004754, 1, 0, 0
4710, 21997912, 1, 0, 0
4800, 22584597, 1, 0, 0
4903, 24683417, 1, 0, 0
5003, 25625467, 1, 0, 0
5104, 23775166, 1, 0, 0
5207, 23070428, 1, 0, 0
5306, 23081290, 1, 0, 0
5408, 22146202, 1, 0, 0
5512, 22355734, 1, 0, 0
5614, 21728903, 1, 0, 0
5718, 23141142, 1, 0, 0
5803, 23741877, 1, 0, 0
5905, 20531991, 1, 0, 0
6003, 24233501, 1, 0, 0
6107, 21670180, 1, 0, 0
6201, 21520513, 1, 0, 0
6317, 22596843, 1, 0, 0
6401, 20499264, 1, 0, 0
6504, 19481294, 1, 0, 0
6600, 20835805, 1, 0, 0
6703, 23109539, 1, 0, 0
6809, 22933175, 1, 0, 0
6908, 23260052, 1, 0, 0
7006, 22930414, 1, 0, 0
7111, 23017875, 1, 0, 0
7200, 22207340, 1, 0, 0
7313, 23307205, 1, 0, 0
7416, 21099691, 1, 0, 0
7507, 35942387, 1, 0, 0
7610, 61378934, 1, 0, 0
7713, 76869712, 1, 0, 0
7822, 86130981, 1, 0, 0
7931, 86652787, 1, 0, 0
8039, 85743373, 1, 0, 0
8131, 83357153, 1, 0, 0
8202, 31573858, 1, 0, 0
8302, 22949900, 1, 0, 0
8405, 26264636, 1, 0, 0
8509, 24029460, 1, 0, 0
8605, 22893075, 1, 0, 0
8713, 22856639, 1, 0, 0
8804, 22427631, 1, 0, 0
8912, 26023871, 1, 0, 0
9000, 20742382, 1, 0, 0
9102, 23845691, 1, 0, 0
9201, 22921971, 1, 0, 0
9305, 23492369, 1, 0, 0
9410, 23808735, 1, 0, 0
9514, 23097168, 1, 0, 0
9600, 23074384, 1, 0, 0
9704, 24529015, 1, 0, 0
9809, 23288933, 1, 0, 0
9909, 22704423, 1, 0, 0
10006, 23083227, 1, 0, 0
10112, 31830009, 1, 0, 0
10203, 26884998, 1, 0, 0
10306, 24467776, 1, 0, 0
10408, 21107175, 1, 0, 0
10509, 22606364, 1, 0, 0
10607, 21964714, 1, 0, 0
10708, 23430730, 1, 0, 0
10800, 23567818, 1, 0, 0
10918, 22592192, 1, 0, 0
11005, 24905105, 1, 0, 0
11117, 24054466, 1, 0, 0
11207, 22272137, 1, 0, 0
11312, 62967321, 1, 0, 0
11420, 76422568, 1, 0, 0
11532, 86105588, 1, 0, 0
11640, 88940928, 1, 0, 0
11745, 84711981, 1, 0, 0
11853, 85481746, 1, 0, 0
11900, 67499213, 1, 0, 0
12000, 25806246, 1, 0, 0
12114, 22989283, 1, 0, 0
12214, 22448618, 1, 0, 0
12303, 21808517, 1, 0, 0
12406, 22689279, 1, 0, 0
12504, 24344506, 1, 0, 0
12609, 23457599, 1, 0, 0
12713, 23550547, 1, 0, 0
12816, 21495736, 1, 0, 0
12918, 22490142, 1, 0, 0
13005, 22660264, 1, 0, 0
13115, 20842345, 1, 0, 0
13201, 22594155, 1, 0, 0
13307, 21305250, 1, 0, 0
13400, 22831773, 1, 0, 0
13517, 23632626, 1, 0, 0
13614, 23413426, 1, 0, 0
13701, 21197689, 1, 0, 0
13802, 24163413, 1, 0, 0
13901, 22524309, 1, 0, 0
14000, 24962929, 1, 0, 0
14117, 22442604, 1, 0, 0
14201, 23572571, 1, 0, 0
14311, 24952200, 1, 0, 0
14412, 22314077, 1, 0, 0
14504, 23315617, 1, 0, 0
14608, 23288877, 1, 0, 0
14710, 22711463, 1, 0, 0
14811, 23509797, 1, 0, 0
14910, 22514067, 1, 0, 0
15008, 23505374, 1, 0, 0
15112, 27558292, 1, 0, 0
15212, 73510614, 1, 0, 0
15313, 81531732, 1, 0, 0
15440, 85657950, 1, 0, 0
15543, 81685109, 1, 0, 0
15649, 72794357, 1, 0, 0
15728, 77088110, 1, 0, 0
15805, 50927421, 1, 0, 0
15908, 22360529, 1, 0, 0
16000, 25395859, 1, 0, 0
16102, 22914225, 1, 0, 0
16203, 22609391, 1, 0, 0
16302, 23465235, 1, 0, 0
16403, 19888597, 1, 0, 0
16506, 21943467, 1, 0, 0
16609, 22953043, 1, 0, 0
16710, 22016470, 1, 0, 0
16800, 23842105, 1, 0, 0
16911, 23495437, 1, 0, 0
17010, 25083836, 1, 0, 0
17107, 24001156, 1, 0, 0
17211, 19968700, 1, 0, 0
17314, 23381569, 1, 0, 0
17400, 23981713, 1, 0, 0
17514, 20262655, 1, 0, 0
17602, 22619399, 1, 0, 0
17701, 24297992, 1, 0, 0
17802, 21821452, 1, 0, 0
17905, 20290123, 1, 0, 0
18001, 22314209, 1, 0, 0
18101, 23186141, 1, 0, 0
18202, 22885255, 1, 0, 0
18307, 21960040, 1, 0, 0
18405, 21221849, 1, 0, 0
18502, 22631672, 1, 0, 0
18606, 22094865, 1, 0, 0
18703, 22363631, 1, 0, 0
18814, 22360843, 1, 0, 0
18914, 32446020, 1, 0, 0
19015, 83022401, 1, 0, 0
19115, 80390215, 1, 0, 0
19217, 60953114, 1, 0, 0
19319, 80882384, 1, 0, 0
19421, 81272634, 1, 0, 0
19521, 81629962, 1, 0, 0
19603, 49972645, 1, 0, 0
19704, 22748842, 1, 0, 0
19802, 21113230, 1, 0, 0
19908, 29908396, 1, 0, 0
20010, 24154680, 1, 0, 0
20111, 26670686, 1, 0, 0
20202, 24307807, 1, 0, 0
20303, 21128255, 1, 0, 0
20403, 22907950, 1, 0, 0
20507, 22730322, 1, 0, 0
20609, 23398506, 1, 0, 0
20709, 23536857, 1, 0, 0
20804, 23630280, 1, 0, 0
20908, 22874379, 1, 0, 0
21008, 23631276, 1, 0, 0
21104, 21658475, 1, 0, 0
21202, 24547109, 1, 0, 0
21315, 22482972, 1, 0, 0
21415, 19708439, 1, 0, 0
21500, 21338712, 1, 0, 0
21603, 22710536, 1, 0, 0
21701, 23786730, 1, 0, 0
21800, 22552079, 1, 0, 0
21901, 22785710, 1, 0, 0
22004, 22673212, 1, 0, 0
22100, 22257507, 1, 0, 0
22204, 22709421, 1, 0, 0
22309, 24093207, 1, 0, 0
22410, 22852255, 1, 0, 0
22507, 21432179, 1, 0, 0
22606, 22725418, 1, 0, 0
22719, 41988637, 1, 0, 0
22826, 81891464, 1, 0, 0
22927, 80626313, 1, 0, 0
23034, 60831446, 1, 0, 0
23140, 85667684, 1, 0, 0
23245, 85507678, 1, 0, 0
23348, 83072963, 1, 0, 0
23400, 34478336, 1, 0, 0
23502, 21623539, 1, 0, 0
23605, 22481336, 1, 0, 0
23705, 23013334, 1, 0, 0
23804, 23632630, 1, 0, 0
23909, 23185563, 1, 0, 0
24012, 22531971, 1, 0, 0
24108, 23272203, 1, 0, 0
24205, 22719758, 1, 0, 0
24300, 34759653, 1, 0, 0
24418, 40448413, 1, 0, 0
24509, 25733841, 1, 0, 0
24600, 24212941, 1, 0, 0
24714, 24494892, 1, 0, 0
24802, 26066175, 1, 0, 0
24906, 23369071, 1, 0, 0
25008, 23299472, 1, 0, 0
25115, 23191748, 1, 0, 0
25205, 24355217, 1, 0, 0
25307, 24941520, 1, 0, 0
25408, 22794178, 1, 0, 0
25506, 20606653, 1, 0, 0
25615, 23140855, 1, 0, 0
25701, 22092636, 1, 0, 0
25812, 19609761, 1, 0, 0
25910, 24546322, 1, 0, 0
26006, 20400488, 1, 0, 0
26122, 35076008, 1, 0, 0
26206, 30694923, 1, 0, 0
26305, 36394237, 1, 0, 0
26436, 72688101, 1, 0, 0
26568, 84819248, 1, 0, 0
26639, 92264780, 1, 0, 0
26769, 106814670, 1, 0, 0
26828, 110201705, 1, 0, 0
26906, 97949996, 1, 0, 0
27045, 114202184, 1, 0, 0
27107, 53518329, 1, 0, 0
27218, 31005558, 1, 0, 0
27300, 31065924, 1, 0, 0
27401, 23573066, 1, 0, 0
27518, 19978992, 1, 0, 0
27604, 24270269, 1, 0, 0
27707, 23259544, 1, 0, 0
27807, 22248233, 1, 0, 0
27902, 22571068, 1, 0, 0
28006, 22227107, 1, 0, 0
28106, 22634577, 1, 0, 0
28209, 23755305, 1, 0, 0
28309, 22965318, 1, 0, 0
28412, 23471660, 1, 0, 0
28514, 21986417, 1, 0, 0
28616, 23577000, 1, 0, 0
28703, 23419143, 1, 0, 0
28805, 21651551, 1, 0, 0
28901, 21468195, 1, 0, 0
29006, 21829487, 1, 0, 0
29108, 22936770, 1, 0, 0
29208, 22729854, 1, 0, 0
29309, 22899866, 1, 0, 0
29414, 21227437, 1, 0, 0
29512, 23471794, 1, 0, 0
29600, 22595535, 1, 0, 0
29710, 21187076, 1, 0, 0
29842, 52537473, 1, 0, 0
29943, 79791332, 1, 0, 0
30051, 82682036, 1, 0, 0
30100, 79992907, 1, 0, 0
30202, 79957168, 1, 0, 0
30309, 85020493, 1, 0, 0
30414, 84729712, 1, 0, 0
30503, 30329661, 1, 0, 0
30618, 22858744, 1, 0, 0
30703, 21393837, 1, 0, 0
30804, 19587443, 1, 0, 0
30901, 22884580, 1, 0, 0
31004, 22002529, 1, 0, 0
31104, 23365900, 1, 0, 0
31202, 22546057, 1, 0, 0
31305, 22412191, 1, 0, 0
31415, 23714599, 1, 0, 0
31504, 23424431, 1, 0, 0
31605, 21451592, 1, 0, 0
31703, 22502759, 1, 0, 0
31803, 23305218, 1, 0, 0
31905, 21811815, 1, 0, 0
32011, 24078686, 1, 0, 0
32106, 22461772, 1, 0, 0
32212, 23357610, 1, 0, 0
32301, 21545547, 1, 0, 0
32403, 23522328, 1, 0, 0
32504, 22695193, 1, 0, 0
32608, 21683211, 1, 0, 0
32709, 21667114, 1, 0, 0
32806, 23469484, 1, 0, 0
32909, 22428965, 1, 0, 0
33007, 17851291, 1, 0, 0
33104, 23216245, 1, 0, 0
33208, 21165370, 1, 0, 0
33308, 21758895, 1, 0, 0
33404, 23079235, 1, 0, 0
33507, 23186541, 1, 0, 0
33627, 24309043, 1, 0, 0
33728, 63136524, 1, 0, 0
33826, 80020800, 1, 0, 0
33926, 79637390, 1, 0, 0
34031, 81605843, 1, 0, 0
34132, 82949786, 1, 0, 0
34234, 80201397, 1, 0, 0
34327, 64175773, 1, 0, 0
34400, 28690866, 1, 0, 0
34513, 21630311, 1, 0, 0
34617, 21990125, 1, 0, 0
34702, 23679537, 1, 0, 0
34805, 23537584, 1, 0, 0
34903, 22688988, 1, 0, 0
35004, 22954274, 1, 0, 0
35111, 24815409, 1, 0, 0
35205, 30266164, 1, 0, 0
35313, 29225549, 1, 0, 0
35401, 23330087, 1, 0, 0
35503, 26119155, 1, 0, 0
35604, 28058242, 1, 0, 0
35707, 27260113, 1, 0, 0
35807, 24410601, 1, 0, 0
35909, 27144767, 1, 0, 0
36010, 26966392, 1, 0, 0
36112, 27217067, 1, 0, 0
36204, 27129933, 1, 0, 0
36307, 27400950, 1, 0, 0
36410, 27445967, 1, 0, 0
36514, 27729226, 1, 0, 0
36601, 28362074, 1, 0, 0
36706, 28712902, 1, 0, 0
36811, 23001662, 1, 0, 0
36904, 22940154, 1, 0, 0
37003, 22602579, 1, 0, 0
37103, 22030149, 1, 0, 0
37208, 21630223, 1, 0, 0
37333, 28448874, 1, 0, 0
37435, 76571130, 1, 0, 0
37542, 83196885, 1, 0, 0
37651, 76974887, 1, 0, 0
37705, 81675410, 1, 0, 0
37820, 83832109, 1, 0, 0
37937, 91887228, 1, 0, 0
38010, 32798704, 1, 0, 0
38111, 22850003, 1, 0, 0
38210, 21723689, 1, 0, 0
38314, 23035346, 1, 0, 0
38412, 22455179, 1, 0, 0
38513, 23566837, 1, 0, 0
38601, 22377404, 1, 0, 0
38702, 21786457, 1, 0, 0
38803, 22854253, 1, 0, 0
38905, 22955390, 1, 0, 0
39013, 23161617, 1, 0, 0
39100, 22540901, 1, 0, 0
39214, 20144592, 1, 0, 0
39314, 19460063, 1, 0, 0
39414, 23870514, 1, 0, 0
39501, 21989663, 1, 0, 0
39612, 23931154, 1, 0, 0
39712, 24142450, 1, 0, 0
39801, 23079429, 1, 0, 0
39904, 22913102, 1, 0, 0
40004, 23984100, 1, 0, 0
40108, 22902337, 1, 0, 0
40211, 24120945, 1, 0, 0
40308, 23045380, 1, 0, 0
40412, 21453877, 1, 0, 0
40512, 21285928, 1, 0, 0
40602, 18918070, 1, 0, 0
40703, 19425782, 1, 0, 0
40806, 19269007, 1, 0, 0
40912, 20090795, 1, 0, 0
41010, 24401202, 1, 0, 0
41131, 49655439, 1, 0, 0
41239, 85292348, 1, 0, 0
41348, 87563368, 1, 0, 0
41406, 80388178, 1, 0, 0
41517, 88173812, 1, 0, 0
41627, 88394661, 1, 0, 0
41736, 87652264, 1, 0, 0
41814, 46208777, 1, 0, 0
41917, 27290783, 1, 0, 0
42019, 27202134, 1, 0, 0
42101, 27778605, 1, 0, 0
42203, 27237019, 1, 0, 0
42305, 27236461, 1, 0, 0
42409, 23018984, 1, 0, 0
42512, 22614632, 1, 0, 0
42611, 23510009, 1, 0, 0
42701, 23351218, 1, 0, 0
42816, 22920318, 1, 0, 0
42906, 22714804, 1, 0, 0
43009, 22892440, 1, 0, 0
43110, 21410331, 1, 0, 0
43207, 22569228, 1, 0, 0
43311, 23044351, 1, 0, 0
43414, 23003033, 1, 0, 0
43510, 23028294, 1, 0, 0
43612, 23121465, 1, 0, 0
43715, 22489438, 1, 0, 0
43814, 23369076, 1, 0, 0
43902, 21642049, 1, 0, 0
44005, 23220306, 1, 0, 0
44107, 23720363, 1, 0, 0
44204, 22549656, 1, 0, 0
44304, 23371675, 1, 0, 0
44408, 22516930, 1, 0, 0
44505, 22843115, 1, 0, 0
44603, 22594251, 1, 0, 0
44706, 22609195, 1, 0, 0
44812, 27535052, 1, 0, 0
44918, 72903868, 1, 0, 0
45027, 74659913, 1, 0, 0
45135, 86591392, 1, 0, 0
45240, 85395074, 1, 0, 0
45348, 95773022, 1, 0, 0
45405, 90702931, 1, 0, 0
45505, 52384454, 1, 0, 0
45607, 22933429, 1, 0, 0
45709, 24235894, 1, 0, 0
45809, 22476534, 1, 0, 0
45915, 21166140, 1, 0, 0
46012, 23464767, 1, 0, 0
46101, 22978977, 1, 0, 0
46202, 22816390, 1, 0, 0
46304, 23960985, 1, 0, 0
46404, 22483628, 1, 0, 0
46506, 24095468, 1, 0, 0
46607, 23010701, 1, 0, 0
46710, 23117856, 1, 0, 0
46815, 21084980, 1, 0, 0
46912, 21649988, 1, 0, 0
47008, 22123684, 1, 0, 0
47111, 23105484, 1, 0, 0
47206, 22428815, 1, 0, 0
47309, 20121932, 1, 0, 0
47410, 23126976, 1, 0, 0
47512, 22907602, 1, 0, 0
47601, 22967902, 1, 0, 0
47703, 23092630, 1, 0, 0
47815, 19713942, 1, 0, 0
47900, 23670874, 1, 0, 0
48005, 21846759, 1, 0, 0
48107, 22832335, 1, 0, 0
48202, 22307289, 1, 0, 0
48303, 22968300, 1, 0, 0
48403, 24813427, 1, 0, 0
48517, 21311211, 1, 0, 0
48622, 26451576, 1, 0, 0
48726, 67609316, 1, 0, 0
48830, 83072217, 1, 0, 0
48933, 78756652, 1, 0, 0
49036, 58229180, 1, 0, 0
49138, 81698253, 1, 0, 0
49241, 60207970, 1, 0, 0
49304, 73737088, 1, 0, 0
49404, 25469913, 1, 0, 0
49507, 20909062, 1, 0, 0
49609, 23685602, 1, 0, 0
49708, 22273733, 1, 0, 0
49804, 23201042, 1, 0, 0
49908, 21376571, 1, 0, 0
50009, 23647608, 1, 0, 0
50107, 20587576, 1, 0, 0
50208, 21105713, 1, 0, 0
50301, 26298462, 1, 0, 0
50405, 19540634, 1, 0, 0
50508, 22132439, 1, 0, 0
50604, 21835775, 1, 0, 0
50704, 19179165, 1, 0, 0
50802, 24171413, 1, 0, 0
50903, 22708782, 1, 0, 0
51004, 23456062, 1, 0, 0
51104, 25948380, 1, 0, 0
51209, 20875592, 1, 0, 0
51301, 18386405, 1, 0, 0
51404, 23541498, 1, 0, 0
51510, 23393569, 1, 0, 0
51607, 23052818, 1, 0, 0
51706, 22589566, 1, 0, 0
51808, 22904242, 1, 0, 0
51918, 22288688, 1, 0, 0
52004, 22268047, 1, 0, 0
52104, 21906051, 1, 0, 0
52203, 22913374, 1, 0, 0
52316, 22444293, 1, 0, 0
52429, 43137615, 1, 0, 0
52534, 71658883, 1, 0, 0
52641, 84546902, 1, 0, 0
52752, 97430402, 1, 0, 0
52803, 91709048, 1, 0, 0
52911, 84379202, 1, 0, 0
53042, 90669712, 1, 0, 0
53117, 36600101, 1, 0, 0
53203, 22461066, 1, 0, 0
53308, 22625671, 1, 0, 0
53406, 21218984, 1, 0, 0
53504, 22664055, 1, 0, 0
53607, 19212659, 1, 0, 0
53701, 22271608, 1, 0, 0
53813, 24313569, 1, 0, 0
53900, 20109279, 1, 0, 0
54015, 21913514, 1, 0, 0
54117, 23794699, 1, 0, 0
54206, 23717938, 1, 0, 0
54309, 22701026, 1, 0, 0
54408, 24044402, 1, 0, 0
54510, 23039506, 1, 0, 0
54611, 21543204, 1, 0, 0
54712, 22303337, 1, 0, 0
54810, 20105269, 1, 0, 0
54911, 22018823, 1, 0, 0
55014, 22920508, 1, 0, 0
55112, 22766049, 1, 0, 0
55202, 23348077, 1, 0, 0
55300, 20533750, 1, 0, 0
55413, 22564235, 1, 0, 0
55501, 23074441, 1, 0, 0
55600, 22944257, 1, 0, 0
55718, 23236645, 1, 0, 0
55803, 23293865, 1, 0, 0
55904, 21331455, 1, 0, 0
56002, 22273889, 1, 0, 0
56116, 22204730, 1, 0, 0
56208, 34202959, 1, 0, 0
56307, 79985680, 1, 0, 0
56409, 81529545, 1, 0, 0
56509, 80940642, 1, 0, 0
56610, 79598324, 1, 0, 0
56711, 80735325, 1, 0, 0
56819, 61407177, 1, 0, 0
56903, 63937515, 1, 0, 0
57001, 28872087, 1, 0, 0
57103, 23756340, 1, 0, 0
57207, 22879658, 1, 0, 0
57304, 22713695, 1, 0, 0
57405, 22177605, 1, 0, 0
57502, 25626849, 1, 0, 0
57600, 22073305, 1, 0, 0
57702, 23072394, 1, 0, 0
57805, 23187966, 1, 0, 0
57909, 24035022, 1, 0, 0
58008, 22889332, 1, 0, 0
58100, 23360026, 1, 0, 0
58215, 22232415, 1, 0, 0
58300, 20083077, 1, 0, 0
58404, 21506931, 1, 0, 0
58510, 23882012, 1, 0, 0
58613, 22902589, 1, 0, 0
58718, 23850039, 1, 0, 0
58802, 22563290, 1, 0, 0
58905, 22969233, 1, 0, 0
59004, 22238120, 1, 0, 0
59117, 21245185, 1, 0, 0
59202, 23389837, 1, 0, 0
59304, 23523549, 1, 0, 0
59407, 23064429, 1, 0, 0
59501, 24025321, 1, 0, 0
59604, 24655966, 1, 0, 0
59705, 22603865, 1, 0, 0
59805, 23030949, 1, 0, 0
59904, 23475140, 1, 0, 0
60032, 41076444, 1, 0, 0
60129, 74282900, 1, 0, 0
60235, 83743361, 1, 0, 0
60342, 85716929, 1, 0, 0
60442, 81309499, 1, 0, 0
60547, 82721054, 1, 0, 0
60606, 82411682, 1, 0, 0
60709, 57753872, 1, 0, 0
60807, 23146999, 1, 0, 0
60908, 22772399, 1, 0, 0
61013, 23623598, 1, 0, 0
61110, 22782912, 1, 0, 0
61212, 23439311, 1, 0, 0
61313, 22205049, 1, 0, 0
61400, 22867846, 1, 0, 0
61503, 22829564, 1, 0, 0
61612, 24538336, 1, 0, 0
61713, 21649874, 1, 0, 0
61809, 23757386, 1, 0, 0
61911, 27054743, 1, 0, 0
62013, 27290190, 1, 0, 0
62102, 27993043, 1, 0, 0
62203, 27042278, 1, 0, 0
62305, 27011242, 1, 0, 0
62409, 25060739, 1, 0, 0
62513, 23929887, 1, 0, 0
62611, 23311993, 1, 0, 0
62700, 21181422, 1, 0, 0
62819, 23528223, 1, 0, 0
62903, 23961768, 1, 0, 0
63007, 23485942, 1, 0, 0
63113, 22680926, 1, 0, 0
63214, 23638790, 1, 0, 0
63301, 18958535, 1, 0, 0
63403, 18620251, 1, 0, 0
63500, 21684763, 1, 0, 0
63600, 18760198, 1, 0, 0
63707, 22784993, 1, 0, 0
63823, 47049637, 1, 0, 0
63924, 52103170, 1, 0, 0
64032, 84811013, 1, 0, 0
64143, 87712670, 1, 0, 0
64256, 88721315, 1, 0, 0
64311, 85796064, 1, 0, 0
64400, 51263121, 1, 0, 0
64505, 21461222, 1, 0, 0
64610, 22695791, 1, 0, 0
64710, 22309516, 1, 0, 0
64810, 23571700, 1, 0, 0
64901, 23313758, 1, 0, 0
65003, 21284689, 1, 0, 0
65103, 18656974, 1, 0, 0
65202, 22897754, 1, 0, 0
65304, 21719209, 1, 0, 0
65400, 25425657, 1, 0, 0
65526, 23051098, 1, 0, 0
65606, 28656981, 1, 0, 0
65709, 20920512, 1, 0, 0
65810, 23402523, 1, 0, 0
65908, 22421258, 1, 0, 0
66012, 22946301, 1, 0, 0
66111, 22779209, 1, 0, 0
66200, 23668815, 1, 0, 0
66301, 23364992, 1, 0, 0
66403, 22252538, 1, 0, 0
66503, 21829200, 1, 0, 0
66608, 23893076, 1, 0, 0
66712, 21840869, 1, 0, 0
66813, 21929911, 1, 0, 0
66913, 23440889, 1, 0, 0
67006, 24679621, 1, 0, 0
67111, 23319231, 1, 0, 0
67208, 23161229, 1, 0, 0
67305, 20387976, 1, 0, 0
67403, 21697634, 1, 0, 0
67517, 22593777, 1, 0, 0
67601, 27718489, 1, 0, 0
67701, 64921955, 1, 0, 0
67807, 71288560, 1, 0, 0
67910, 64951504, 1, 0, 0
68010, 81877599, 1, 0, 0
68113, 81318671, 1, 0, 0
68213, 79887828, 1, 0, 0
68300, 79102114, 1, 0, 0
68417, 24136620, 1, 0, 0
68502, 22001267, 1, 0, 0
68607, 22578838, 1, 0, 0
68707, 23318036, 1, 0, 0
68803, 21302457, 1, 0, 0
68906, 22805516, 1, 0, 0
69008, 22761159, 1, 0, 0
69107, 23437809, 1, 0, 0
69203, 19058540, 1, 0, 0
69307, 20860502, 1, 0, 0
69404, 21244499, 1, 0, 0
69504, 18749895, 1, 0, 0
69609, 23162454, 1, 0, 0
69712, 22842058, 1, 0, 0
69813, 22483322, 1, 0, 0
69902, 23341662, 1, 0, 0
70009, 23655784, 1, 0, 0
70105, 23195612, 1, 0, 0
70206, 22024094, 1, 0, 0
70309, 23566350, 1, 0, 0
70414, 23074429, 1, 0, 0
70514, 23123268, 1, 0, 0
70600, 21708651, 1, 0, 0
70702, 20389529, 1, 0, 0
70824, 23534822, 1, 0, 0
70908, 24785420, 1, 0, 0
71005, 24479887, 1, 0, 0
71107, 22189747, 1, 0, 0
71208, 23586348, 1, 0, 0
71305, 22830916, 1, 0, 0
71424, 28340215, 1, 0, 0
71530, 82470986, 1, 0, 0
71632, 83647941, 1, 0, 0
71740, 85454464, 1, 0, 0
71800, 83823041, 1, 0, 0
71912, 80119488, 1, 0, 0
72027, 81693757, 1, 0, 0
72116, 24157682, 1, 0, 0
72214, 21666905, 1, 0, 0
72307, 28280991, 1, 0, 0
72408, 25236194, 1, 0, 0
72511, 25916572, 1, 0, 0
72601, 26301201, 1, 0, 0
72707, 26149758, 1, 0, 0
72818, 28600593, 1, 0, 0
72904, 28594400, 1, 0, 0
73011, 27178851, 1, 0, 0
73103, 29085586, 1, 0, 0
73209, 26282925, 1, 0, 0
73315, 25235672, 1, 0, 0
73402, 26187790, 1, 0, 0
73510, 28069673, 1, 0, 0
73602, 28284594, 1, 0, 0
73709, 28767376, 1, 0, 0
73816, 27544921, 1, 0, 0
73909, 29900373, 1, 0, 0
74012, 24753036, 1, 0, 0
74101, 27027279, 1, 0, 0
74204, 27402358, 1, 0, 0
74309, 27854325, 1, 0, 0
74411, 25671337, 1, 0, 0
74514, 27356265, 1, 0, 0
74618, 27481488, 1, 0, 0
74700, 27065049, 1, 0, 0
74802, 22328448, 1, 0, 0
74905, 21600068, 1, 0, 0
75007, 22831354, 1, 0, 0
75123, 27393936, 1, 0, 0
75216, 73574609, 1, 0, 0
75309, 72414888, 1, 0, 0
75414, 78856795, 1, 0, 0
75519, 84440094, 1, 0, 0
75624, 86030932, 1, 0, 0
75716, 80226671, 1, 0, 0
75807, 38269407, 1, 0, 0
75911, 22847502, 1, 0, 0
76012, 23224414, 1, 0, 0
76110, 22311125, 1, 0, 0
76211, 22851331, 1, 0, 0
76315, 21408889, 1, 0, 0
76417, 23327522, 1, 0, 0
76502, 22218912, 1, 0, 0
76601, 21382280, 1, 0, 0
76701, 20295194, 1, 0, 0
76802, 22013364, 1, 0, 0
76907, 21585583, 1, 0, 0
77002, 25139924, 1, 0, 0
77110, 29395352, 1, 0, 0
77214, 27843365, 1, 0, 0
77313, 26900943, 1, 0, 0
77400, 24695620, 1, 0, 0
77504, 27728690, 1, 0, 0
77608, 27637421, 1, 0, 0
77712, 26970965, 1, 0, 0
77813, 27151975, 1, 0, 0
77914, 23709209, 1, 0, 0
78016, 24004723, 1, 0, 0
78117, 22365557, 1, 0, 0
78219, 22752533, 1, 0, 0
78300, 20359876, 1, 0, 0
78402, 22656657, 1, 0, 0
78505, 27270102, 1, 0, 0
78617, 27659269, 1, 0, 0
78704, 30402743, 1, 0, 0
78803, 27593823, 1, 0, 0
78904, 68932655, 1, 0, 0
79011, 83798298, 1, 0, 0
79122, 88401976, 1, 0, 0
79231, 88012474, 1, 0, 0
79338, 86355659, 1, 0, 0
79444, 84591656, 1, 0, 0
79540, 84793967, 1, 0, 0
79610, 34450058, 1, 0, 0
79715, 27988700, 1, 0, 0
79801, 25033611, 1, 0, 0
79903, 27315088, 1, 0, 0
80006, 25106647, 1, 0, 0
80110, 27525109, 1, 0, 0
80213, 24784793, 1, 0, 0
80316, 22023883, 1, 0, 0
80403, 23486683, 1, 0, 0
80506, 24893729, 1, 0, 0
80609, 25142629, 1, 0, 0
80712, 26382274, 1, 0, 0
80801, 22226794, 1, 0, 0
80906, 26303024, 1, 0, 0
81010, 23584006, 1, 0, 0
81101, 24521454, 1, 0, 0
81208, 24335860, 1, 0, 0
81306, 22901244, 1, 0, 0
81410, 23260992, 1, 0, 0
81511, 22782219, 1, 0, 0
81602, 20731745, 1, 0, 0
81705, 23594639, 1, 0, 0
81805, 22136041, 1, 0, 0
81907, 22632476, 1, 0, 0
82001, 21391155, 1, 0, 0
82100, 22163096, 1, 0, 0
82208, 23026876, 1, 0, 0
82310, 22139219, 1, 0, 0
82410, 21431974, 1, 0, 0
82502, 33992098, 1, 0, 0
82608, 63347511, 1, 0, 0
82715, 96179808, 1, 0, 0
82823, 85805345, 1, 0, 0
82932, 75447188, 1, 0, 0
83041, 97209139, 1, 0, 0
83133, 84167575, 1, 0, 0
83204, 32940111, 1, 0, 0
83308, 24185588, 1, 0, 0
83408, 22307146, 1, 0, 0
83508, 23636171, 1, 0, 0
83609, 23206365, 1, 0, 0
83714, 20263352, 1, 0, 0
83815, 22966946, 1, 0, 0
83915, 22000037, 1, 0, 0
84002, 23400046, 1, 0, 0
84106, 22639131, 1, 0, 0
84207, 22140836, 1, 0, 0
84305, 23215446, 1, 0, 0
84409, 22850600, 1, 0, 0
84511, 23082136, 1, 0, 0
84608, 21520951, 1, 0, 0
84712, 23021035, 1, 0, 0
84812, 22517907, 1, 0, 0
84909, 23108644, 1, 0, 0
85003, 23223690, 1, 0, 0
85117, 20692470, 1, 0, 0
85203, 21293480, 1, 0, 0
85301, 22413994, 1, 0, 0
85402, 24092691, 1, 0, 0
85506, 21109496, 1, 0, 0
85607, 20868694, 1, 0, 0
85704, 23384660, 1, 0, 0
85808, 22744322, 1, 0, 0
85910, 22774660, 1, 0, 0
86007, 23387961, 1, 0, 0
86111, 23904336, 1, 0, 0
86205, 23743894, 1, 0, 0
86334, 30777312, 1, 0, 0
86434, 79959617, 1, 0, 0
86536, 82456401, 1, 0, 0
86638, 56437301, 1, 0, 0
86738, 80221622, 1, 0, 0
86835, 79714998, 1, 0, 0
86914, 66903110, 1, 0, 0
87032, 67117351, 1, 0, 0
87103, 30887568, 1, 0, 0
87208, 24114558, 1, 0, 0
87311, 22983771, 1, 0, 0
87408, 21087083, 1, 0, 0
87500, 21668295, 1, 0, 0
87614, 21569358, 1, 0, 0
87715, 21855054, 1, 0, 0
87800, 22364237, 1, 0, 0
87903, 21850410, 1, 0, 0
88002, 23221805, 1, 0, 0
88121, 22797399, 1, 0, 0
88204, 23451644, 1, 0, 0
88307, 22661625, 1, 0, 0
88404, 20358947, 1, 0, 0
88507, 17956515, 1, 0, 0
88611, 16094633, 1, 0, 0
88719, 21881709, 1, 0, 0
88803, 21830108, 1, 0, 0
88905, 23011677, 1, 0, 0
89005, 18216406, 1, 0, 0
89102, 23363876, 1, 0, 0
89205, 21235399, 1, 0, 0
89309, 21293530, 1, 0, 0
89417, 24349287, 1, 0, 0
89501, 21764635, 1, 0, 0
89603, 21016289, 1, 0, 0
89700, 18912487, 1, 0, 0
89816, 21548650, 1, 0, 0
89914, 22101788, 1, 0, 0
90011, 23039627, 1, 0, 0
90011, 22592558, 1, 0, 0
