118, 14391, 1, 0, 0
210, 23440, 1, 0, 0
300, 28215, 1, 0, 0
434, 21568, 1, 0, 0
505, 18040, 1, 0, 0
646, 14171, 1, 0, 0
707, 13111, 1, 0, 0
832, 16071, 1, 0, 0
908, 32709, 1, 0, 0
1011, 26575, 1, 0, 0
1117, 15094, 1, 0, 0
1213, 21578, 1, 0, 0
1302, 12776, 1, 0, 0
1408, 21962, 1, 0, 0
1515, 26867, 1, 0, 0
1606, 26688, 1, 0, 0
1711, 16103, 1, 0, 0
1816, 30183, 1, 0, 0
1902, 28197, 1, 0, 0
2010, 30314, 1, 0, 0
2111, 22296, 1, 0, 0
2214, 14115, 1, 0, 0
2319, 16665, 1, 0, 0
2410, 14798, 1, 0, 0
2512, 15609, 1, 0, 0
2614, 16477, 1, 0, 0
2723, 12727, 1, 0, 0
2810, 28258, 1, 0, 0
2913, 14038, 1, 0, 0
3002, 23147, 1, 0, 0
3100, 17826, 1, 0, 0
3205, 23228, 1, 0, 0
3306, 14805, 1, 0, 0
3408, 16473, 1, 0, 0
3509, 10203, 1, 0, 0
3618, 10488, 1, 0, 0
3749, 12439, 1, 0, 0
3802, 10048, 1, 0, 0
3912, 14707, 1, 0, 0
4021, 12682, 1, 0, 0
4126, 12163, 1, 0, 0
4233, 13529, 1, 0, 0
4308, 19373, 1, 0, 0
4411, 17114, 1, 0, 0
4514, 14148, 1, 0, 0
4614, 18089, 1, 0, 0
4704, 16771, 1, 0, 0
4813, 17040, 1, 0, 0
4903, 18993, 1, 0, 0
5000, 23079, 1, 0, 0
5103, 18507, 1, 0, 0
5204, 16943, 1, 0, 0
5303, 14300, 1, 0, 0
5408, 13212, 1, 0, 0
5510, 15248, 1, 0, 0
5611, 12434, 1, 0, 0
5714, 18038, 1, 0, 0
5803, 15460, 1, 0, 0
5901, 12093, 1, 0, 0
6002, 16051, 1, 0, 0
6106, 11297, 1, 0, 0
6212, 10535, 1, 0, 0
6313, 9960, 1, 0, 0
6406, 11757, 1, 0, 0
6509, 10664, 1, 0, 0
6604, 19449, 1, 0, 0
6708, 16285, 1, 0, 0
6814, 12681, 1, 0, 0
6913, 16023, 1, 0, 0
7000, 14251, 1, 0, 0
7111, 17924, 1, 0, 0
7214, 19764, 1, 0, 0
7308, 19713, 1, 0, 0
7408, 23908, 1, 0, 0
7536, 22900, 1, 0, 0
7639, 13364, 1, 0, 0
7746, 16437, 1, 0, 0
7801, 21535, 1, 0, 0
7909, 15306, 1, 0, 0
8016, 14032, 1, 0, 0
8126, 12746, 1, 0, 0
8216, 14833, 1, 0, 0
8301, 12297, 1, 0, 0
8410, 17521, 1, 0, 0
8514, 18386, 1, 0, 0
8609, 17695, 1, 0, 0
8713, 16140, 1, 0, 0
8800, 12323, 1, 0, 0
8902, 15325, 1, 0, 0
9005, 12620, 1, 0, 0
9107, 17641, 1, 0, 0
9206, 12991, 1, 0, 0
9305, 12913, 1, 0, 0
9409, 11804, 1, 0, 0
9511, 13656, 1, 0, 0
9600, 14585, 1, 0, 0
9704, 18014, 1, 0, 0
9807, 15126, 1, 0, 0
9904, 13956, 1, 0, 0
10004, 14706, 1, 0, 0
10117, 20128, 1, 0, 0
10208, 16162, 1, 0, 0
10321, 17264, 1, 0, 0
10408, 14919, 1, 0, 0
10506, 18544, 1, 0, 0
10602, 13078, 1, 0, 0
10707, 16440, 1, 0, 0
10805, 16430, 1, 0, 0
10903, 14756, 1, 0, 0
11010, 16592, 1, 0, 0
11113, 9997, 1, 0, 0
11235, 10592, 1, 0, 0
11344, 12234, 1, 0, 0
11453, 10449, 1, 0, 0
11505, 13096, 1, 0, 0
11618, 14466, 1, 0, 0
11724, 11275, 1, 0, 0
11832, 13724, 1, 0, 0
11900, 11927, 1, 0, 0
12005, 14628, 1, 0, 0
12104, 10789, 1, 0, 0
12202, 15745, 1, 0, 0
12308, 11956, 1, 0, 0
12411, 19726, 1, 0, 0
12509, 19911, 1, 0, 0
12602, 19136, 1, 0, 0
12703, 20117, 1, 0, 0
12804, 19801, 1, 0, 0
12903, 17810, 1, 0, 0
13010, 17197, 1, 0, 0
13113, 10443, 1, 0, 0
13214, 11850, 1, 0, 0
13302, 11884, 1, 0, 0
13405, 13312, 1, 0, 0
13504, 15594, 1, 0, 0
13604, 19975, 1, 0, 0
13706, 16180, 1, 0, 0
13807, 14258, 1, 0, 0
13906, 16956, 1, 0, 0
14012, 12447, 1, 0, 0
14113, 14597, 1, 0, 0
14200, 16307, 1, 0, 0
14310, 13793, 1, 0, 0
14408, 13225, 1, 0, 0
14509, 13375, 1, 0, 0
14601, 17039, 1, 0, 0
14715, 20034, 1, 0, 0
14816, 20840, 1, 0, 0
14900, 18892, 1, 0, 0
15008, 19230, 1, 0, 0
15140, 17624, 1, 0, 0
15242, 16753, 1, 0, 0
15343, 15342, 1, 0, 0
15471, 12054, 1, 0, 0
15523, 21247, 1, 0, 0
15628, 16916, 1, 0, 0
15712, 14926, 1, 0, 0
15804, 16202, 1, 0, 0
15904, 14253, 1, 0, 0
16005, 19351, 1, 0, 0
16107, 16283, 1, 0, 0
16208, 15036, 1, 0, 0
16307, 12001, 1, 0, 0
16408, 12123, 1, 0, 0
16511, 14607, 1, 0, 0
16614, 15931, 1, 0, 0
16702, 17064, 1, 0, 0
16805, 14262, 1, 0, 0
16911, 13274, 1, 0, 0
17003, 10129, 1, 0, 0
17105, 11416, 1, 0, 0
17211, 11183, 1, 0, 0
17301, 15109, 1, 0, 0
17404, 17003, 1, 0, 0
17504, 16345, 1, 0, 0
17607, 16912, 1, 0, 0
17706, 15596, 1, 0, 0
17807, 17286, 1, 0, 0
17910, 15402, 1, 0, 0
18006, 13781, 1, 0, 0
18106, 12111, 1, 0, 0
18207, 15580, 1, 0, 0
18311, 17594, 1, 0, 0
18410, 16726, 1, 0, 0
18506, 14935, 1, 0, 0
18610, 18131, 1, 0, 0
18707, 17538, 1, 0, 0
18804, 17379, 1, 0, 0
18919, 19662, 1, 0, 0
19020, 18223, 1, 0, 0
19120, 16109, 1, 0, 0
19222, 17363, 1, 0, 0
19324, 16656, 1, 0, 0
19426, 14358, 1, 0, 0
19525, 18662, 1, 0, 0
19608, 18182, 1, 0, 0
19709, 19785, 1, 0, 0
19806, 19220, 1, 0, 0
19900, 16059, 1, 0, 0
20000, 17056, 1, 0, 0
20102, 16589, 1, 0, 0
20207, 18134, 1, 0, 0
20308, 16518, 1, 0, 0
20408, 11658, 1, 0, 0
20500, 12653, 1, 0, 0
20605, 11681, 1, 0, 0
20704, 11220, 1, 0, 0
20809, 16706, 1, 0, 0
20913, 16292, 1, 0, 0
21013, 15912, 1, 0, 0
21109, 13987, 1, 0, 0
21213, 18713, 1, 0, 0
21313, 12860, 1, 0, 0
21412, 14044, 1, 0, 0
21500, 16106, 1, 0, 0
21600, 19813, 1, 0, 0
21715, 15563, 1, 0, 0
21800, 10741, 1, 0, 0
21900, 11027, 1, 0, 0
22017, 12470, 1, 0, 0
22100, 10837, 1, 0, 0
22202, 10136, 1, 0, 0
22305, 10769, 1, 0, 0
22405, 13103, 1, 0, 0
22507, 12078, 1, 0, 0
22606, 12338, 1, 0, 0
22703, 12365, 1, 0, 0
22804, 10632, 1, 0, 0
22905, 16849, 1, 0, 0
23011, 18845, 1, 0, 0
23119, 13743, 1, 0, 0
23224, 14344, 1, 0, 0
23331, 20574, 1, 0, 0
23400, 19529, 1, 0, 0
23502, 12296, 1, 0, 0
23601, 12614, 1, 0, 0
23700, 13432, 1, 0, 0
23802, 13503, 1, 0, 0
23908, 16373, 1, 0, 0
24008, 13606, 1, 0, 0
24107, 15833, 1, 0, 0
24217, 14651, 1, 0, 0
24316, 15253, 1, 0, 0
24403, 12694, 1, 0, 0
24504, 15444, 1, 0, 0
24610, 15906, 1, 0, 0
24719, 17400, 1, 0, 0
24816, 12643, 1, 0, 0
24904, 22344, 1, 0, 0
25008, 12460, 1, 0, 0
25115, 15892, 1, 0, 0
25201, 10994, 1, 0, 0
25312, 17295, 1, 0, 0
25402, 13154, 1, 0, 0
25502, 13372, 1, 0, 0
25603, 14924, 1, 0, 0
25706, 19195, 1, 0, 0
25810, 18052, 1, 0, 0
25905, 17912, 1, 0, 0
26005, 16679, 1, 0, 0
26104, 20862, 1, 0, 0
26211, 17298, 1, 0, 0
26309, 14745, 1, 0, 0
26441, 18010, 1, 0, 0
26573, 18611, 1, 0, 0
26645, 18539, 1, 0, 0
26703, 23652, 1, 0, 0
26833, 20724, 1, 0, 0
26911, 18592, 1, 0, 0
27050, 22327, 1, 0, 0
27112, 18465, 1, 0, 0
27223, 19215, 1, 0, 0
27305, 22334, 1, 0, 0
27415, 15560, 1, 0, 0
27511, 13899, 1, 0, 0
27603, 16746, 1, 0, 0
27704, 14963, 1, 0, 0
27803, 17455, 1, 0, 0
27902, 18905, 1, 0, 0
28004, 13534, 1, 0, 0
28101, 14360, 1, 0, 0
28204, 14166, 1, 0, 0
28308, 13143, 1, 0, 0
28411, 14650, 1, 0, 0
28510, 15934, 1, 0, 0
28609, 15505, 1, 0, 0
28702, 16867, 1, 0, 0
28801, 14281, 1, 0, 0
28900, 14248, 1, 0, 0
29005, 13885, 1, 0, 0
29103, 12488, 1, 0, 0
29206, 12316, 1, 0, 0
29310, 15622, 1, 0, 0
29411, 15193, 1, 0, 0
29507, 16541, 1, 0, 0
29610, 17942, 1, 0, 0
29710, 17904, 1, 0, 0
29821, 15256, 1, 0, 0
29921, 24516, 1, 0, 0
30028, 24574, 1, 0, 0
30131, 13697, 1, 0, 0
30233, 30490, 1, 0, 0
30341, 20948, 1, 0, 0
30429, 16110, 1, 0, 0
30515, 16508, 1, 0, 0
30613, 18610, 1, 0, 0
30701, 21547, 1, 0, 0
30817, 15862, 1, 0, 0
30900, 14267, 1, 0, 0
31003, 18883, 1, 0, 0
31117, 21247, 1, 0, 0
31202, 15749, 1, 0, 0
31302, 16881, 1, 0, 0
31402, 17217, 1, 0, 0
31509, 13776, 1, 0, 0
31610, 18769, 1, 0, 0
31708, 16642, 1, 0, 0
31808, 16622, 1, 0, 0
31910, 20342, 1, 0, 0
32016, 15784, 1, 0, 0
32100, 18575, 1, 0, 0
32202, 19229, 1, 0, 0
32305, 18545, 1, 0, 0
32408, 23210, 1, 0, 0
32509, 17428, 1, 0, 0
32612, 13095, 1, 0, 0
32714, 15460, 1, 0, 0
32801, 20050, 1, 0, 0
32914, 15965, 1, 0, 0
33012, 13197, 1, 0, 0
33109, 15161, 1, 0, 0
33212, 15180, 1, 0, 0
33313, 10875, 1, 0, 0
33409, 11941, 1, 0, 0
33501, 13576, 1, 0, 0
33632, 10794, 1, 0, 0
33732, 30924, 1, 0, 0
33831, 17893, 1, 0, 0
33931, 13079, 1, 0, 0
34036, 16718, 1, 0, 0
34136, 13891, 1, 0, 0
34239, 41261, 1, 0, 0
34332, 20834, 1, 0, 0
34405, 18375, 1, 0, 0
34503, 19956, 1, 0, 0
34602, 13523, 1, 0, 0
34701, 17095, 1, 0, 0
34801, 12834, 1, 0, 0
34900, 11564, 1, 0, 0
35003, 15875, 1, 0, 0
35116, 16531, 1, 0, 0
35210, 17330, 1, 0, 0
35318, 15133, 1, 0, 0
35406, 16908, 1, 0, 0
35507, 14242, 1, 0, 0
35609, 15367, 1, 0, 0
35712, 18957, 1, 0, 0
35812, 20853, 1, 0, 0
35913, 11796, 1, 0, 0
36015, 15287, 1, 0, 0
36117, 18381, 1, 0, 0
36209, 14682, 1, 0, 0
36313, 17363, 1, 0, 0
36415, 16217, 1, 0, 0
36502, 18882, 1, 0, 0
36606, 15142, 1, 0, 0
36711, 17895, 1, 0, 0
36816, 17705, 1, 0, 0
36909, 19067, 1, 0, 0
37008, 14946, 1, 0, 0
37108, 15718, 1, 0, 0
37213, 15638, 1, 0, 0
37338, 16625, 1, 0, 0
37440, 17158, 1, 0, 0
37547, 23416, 1, 0, 0
37601, 28079, 1, 0, 0
37710, 21752, 1, 0, 0
37824, 18105, 1, 0, 0
37941, 20646, 1, 0, 0
38014, 17316, 1, 0, 0
38100, 16678, 1, 0, 0
38204, 12831, 1, 0, 0
38302, 15259, 1, 0, 0
38402, 16418, 1, 0, 0
38504, 16614, 1, 0, 0
38606, 17594, 1, 0, 0
38707, 13664, 1, 0, 0
38808, 23308, 1, 0, 0
38910, 14472, 1, 0, 0
39018, 13965, 1, 0, 0
39104, 13827, 1, 0, 0
39202, 15764, 1, 0, 0
39301, 16998, 1, 0, 0
39403, 11015, 1, 0, 0
39506, 8935, 1, 0, 0
39617, 11400, 1, 0, 0
39707, 12986, 1, 0, 0
39811, 12176, 1, 0, 0
39900, 10226, 1, 0, 0
40017, 12269, 1, 0, 0
40103, 13970, 1, 0, 0
40207, 10207, 1, 0, 0
40308, 9515, 1, 0, 0
40411, 9821, 1, 0, 0
40508, 11345, 1, 0, 0
40607, 12964, 1, 0, 0
40708, 11113, 1, 0, 0
40810, 10876, 1, 0, 0
40917, 12163, 1, 0, 0
41015, 19608, 1, 0, 0
41136, 19976, 1, 0, 0
41244, 16020, 1, 0, 0
41302, 17739, 1, 0, 0
41411, 21869, 1, 0, 0
41522, 22412, 1, 0, 0
41632, 20827, 1, 0, 0
41741, 16894, 1, 0, 0
41820, 21847, 1, 0, 0
41902, 18856, 1, 0, 0
42004, 16383, 1, 0, 0
42106, 16462, 1, 0, 0
42208, 17088, 1, 0, 0
42310, 11883, 1, 0, 0
42409, 19763, 1, 0, 0
42510, 13206, 1, 0, 0
42606, 14415, 1, 0, 0
42713, 15156, 1, 0, 0
42812, 14528, 1, 0, 0
42901, 15638, 1, 0, 0
43014, 15737, 1, 0, 0
43114, 12467, 1, 0, 0
43200, 11910, 1, 0, 0
43303, 13632, 1, 0, 0
43400, 21351, 1, 0, 0
43503, 20172, 1, 0, 0
43603, 12230, 1, 0, 0
43700, 14515, 1, 0, 0
43809, 15560, 1, 0, 0
43912, 12059, 1, 0, 0
44001, 13433, 1, 0, 0
44105, 15097, 1, 0, 0
44218, 16454, 1, 0, 0
44304, 16961, 1, 0, 0
44405, 14135, 1, 0, 0
44500, 12710, 1, 0, 0
44603, 13982, 1, 0, 0
44702, 15126, 1, 0, 0
44845, 18455, 1, 0, 0
44951, 20397, 1, 0, 0
45005, 17767, 1, 0, 0
45113, 18399, 1, 0, 0
45220, 13356, 1, 0, 0
45326, 15258, 1, 0, 0
45435, 11990, 1, 0, 0
45503, 20511, 1, 0, 0
45603, 15542, 1, 0, 0
45706, 15165, 1, 0, 0
45809, 16172, 1, 0, 0
45911, 17322, 1, 0, 0
46008, 15098, 1, 0, 0
46111, 17617, 1, 0, 0
46216, 16529, 1, 0, 0
46316, 13354, 1, 0, 0
46400, 12231, 1, 0, 0
46501, 15767, 1, 0, 0
46605, 16328, 1, 0, 0
46710, 15183, 1, 0, 0
46812, 18243, 1, 0, 0
46909, 15010, 1, 0, 0
47008, 16458, 1, 0, 0
47107, 12773, 1, 0, 0
47205, 13311, 1, 0, 0
47308, 18993, 1, 0, 0
47406, 13786, 1, 0, 0
47507, 11874, 1, 0, 0
47600, 15216, 1, 0, 0
47713, 13713, 1, 0, 0
47813, 16029, 1, 0, 0
47900, 17819, 1, 0, 0
48005, 16413, 1, 0, 0
48103, 14296, 1, 0, 0
48200, 14603, 1, 0, 0
48303, 14247, 1, 0, 0
48408, 14132, 1, 0, 0
48503, 18067, 1, 0, 0
48627, 17652, 1, 0, 0
48731, 19411, 1, 0, 0
48835, 21934, 1, 0, 0
48938, 15149, 1, 0, 0
49041, 14788, 1, 0, 0
49142, 14050, 1, 0, 0
49246, 19807, 1, 0, 0
49308, 13756, 1, 0, 0
49408, 13212, 1, 0, 0
49512, 16557, 1, 0, 0
49613, 15521, 1, 0, 0
49713, 18468, 1, 0, 0
49809, 15698, 1, 0, 0
49902, 14338, 1, 0, 0
50004, 14971, 1, 0, 0
50103, 15296, 1, 0, 0
50203, 14402, 1, 0, 0
50306, 13194, 1, 0, 0
50410, 15220, 1, 0, 0
50512, 10938, 1, 0, 0
50609, 13940, 1, 0, 0
50709, 17158, 1, 0, 0
50806, 15223, 1, 0, 0
50908, 18954, 1, 0, 0
51009, 19152, 1, 0, 0
51109, 16630, 1, 0, 0
51214, 17709, 1, 0, 0
51300, 15739, 1, 0, 0
51404, 15664, 1, 0, 0
51507, 14396, 1, 0, 0
51601, 11529, 1, 0, 0
51705, 10101, 1, 0, 0
51804, 10979, 1, 0, 0
51903, 17243, 1, 0, 0
52009, 14955, 1, 0, 0
52109, 20089, 1, 0, 0
52208, 15402, 1, 0, 0
52304, 16174, 1, 0, 0
52410, 20742, 1, 0, 0
52513, 16961, 1, 0, 0
52619, 12075, 1, 0, 0
52726, 11622, 1, 0, 0
52836, 19740, 1, 0, 0
52942, 15012, 1, 0, 0
53024, 20845, 1, 0, 0
53109, 16269, 1, 0, 0
53202, 18572, 1, 0, 0
53313, 10687, 1, 0, 0
53411, 12680, 1, 0, 0
53509, 16607, 1, 0, 0
53612, 14405, 1, 0, 0
53705, 20580, 1, 0, 0
53808, 14898, 1, 0, 0
53910, 14959, 1, 0, 0
54012, 13958, 1, 0, 0
54109, 14317, 1, 0, 0
54205, 17170, 1, 0, 0
54306, 13657, 1, 0, 0
54403, 15946, 1, 0, 0
54507, 17032, 1, 0, 0
54610, 17341, 1, 0, 0
54708, 19052, 1, 0, 0
54806, 16720, 1, 0, 0
54911, 13919, 1, 0, 0
55011, 11120, 1, 0, 0
55107, 10860, 1, 0, 0
55206, 15940, 1, 0, 0
55305, 14008, 1, 0, 0
55402, 13410, 1, 0, 0
55506, 11657, 1, 0, 0
55605, 18634, 1, 0, 0
55704, 21953, 1, 0, 0
55808, 19370, 1, 0, 0
55909, 14356, 1, 0, 0
56007, 12497, 1, 0, 0
56104, 11479, 1, 0, 0
56213, 15741, 1, 0, 0
56312, 15534, 1, 0, 0
56414, 15756, 1, 0, 0
56514, 22343, 1, 0, 0
56615, 21670, 1, 0, 0
56716, 19772, 1, 0, 0
56824, 19778, 1, 0, 0
56908, 15030, 1, 0, 0
57005, 13506, 1, 0, 0
57108, 16248, 1, 0, 0
57212, 13670, 1, 0, 0
57309, 14315, 1, 0, 0
57410, 13922, 1, 0, 0
57507, 19094, 1, 0, 0
57605, 11987, 1, 0, 0
57707, 10866, 1, 0, 0
57810, 12120, 1, 0, 0
57914, 15502, 1, 0, 0
58001, 17034, 1, 0, 0
58105, 16264, 1, 0, 0
58204, 17240, 1, 0, 0
58300, 16191, 1, 0, 0
58403, 15952, 1, 0, 0
58509, 16219, 1, 0, 0
58609, 15853, 1, 0, 0
58714, 15196, 1, 0, 0
58802, 17560, 1, 0, 0
58904, 12330, 1, 0, 0
59017, 15213, 1, 0, 0
59113, 16793, 1, 0, 0
59201, 16203, 1, 0, 0
59309, 18594, 1, 0, 0
59412, 12907, 1, 0, 0
59507, 11329, 1, 0, 0
59609, 13253, 1, 0, 0
59710, 12503, 1, 0, 0
59810, 14441, 1, 0, 0
59909, 12289, 1, 0, 0
60037, 24057, 1, 0, 0
60134, 20502, 1, 0, 0
60240, 12626, 1, 0, 0
60347, 18650, 1, 0, 0
60447, 20984, 1, 0, 0
60551, 19112, 1, 0, 0
60611, 20791, 1, 0, 0
60714, 19956, 1, 0, 0
60812, 11994, 1, 0, 0
60900, 10478, 1, 0, 0
61000, 11978, 1, 0, 0
61102, 11101, 1, 0, 0
61204, 11097, 1, 0, 0
61318, 11588, 1, 0, 0
61405, 12326, 1, 0, 0
61508, 11817, 1, 0, 0
61600, 10237, 1, 0, 0
61701, 11413, 1, 0, 0
61800, 12343, 1, 0, 0
61902, 11906, 1, 0, 0
62004, 16441, 1, 0, 0
62107, 30440, 1, 0, 0
62208, 22722, 1, 0, 0
62309, 18047, 1, 0, 0
62413, 16273, 1, 0, 0
62500, 15006, 1, 0, 0
62604, 14636, 1, 0, 0
62705, 16266, 1, 0, 0
62804, 13626, 1, 0, 0
62907, 17675, 1, 0, 0
63012, 16860, 1, 0, 0
63100, 16810, 1, 0, 0
63203, 14866, 1, 0, 0
63306, 15841, 1, 0, 0
63408, 16483, 1, 0, 0
63504, 16192, 1, 0, 0
63605, 16350, 1, 0, 0
63712, 15101, 1, 0, 0
63801, 13197, 1, 0, 0
63905, 13279, 1, 0, 0
64010, 19360, 1, 0, 0
64119, 15015, 1, 0, 0
64232, 17771, 1, 0, 0
64349, 19433, 1, 0, 0
64405, 19058, 1, 0, 0
64510, 15051, 1, 0, 0
64615, 15708, 1, 0, 0
64700, 14116, 1, 0, 0
64803, 11465, 1, 0, 0
64906, 13088, 1, 0, 0
65008, 14423, 1, 0, 0
65107, 12690, 1, 0, 0
65207, 11014, 1, 0, 0
65309, 13085, 1, 0, 0
65413, 14141, 1, 0, 0
65512, 14881, 1, 0, 0
65610, 18454, 1, 0, 0
65714, 18092, 1, 0, 0
65815, 17308, 1, 0, 0
65902, 14303, 1, 0, 0
66000, 15282, 1, 0, 0
66100, 15334, 1, 0, 0
66204, 20760, 1, 0, 0
66305, 15800, 1, 0, 0
66408, 18263, 1, 0, 0
66508, 17874, 1, 0, 0
66601, 17133, 1, 0, 0
66701, 17125, 1, 0, 0
66800, 15319, 1, 0, 0
66909, 19022, 1, 0, 0
67010, 17030, 1, 0, 0
67107, 15946, 1, 0, 0
67205, 17137, 1, 0, 0
67304, 16994, 1, 0, 0
67416, 15455, 1, 0, 0
67513, 13088, 1, 0, 0
67631, 11080, 1, 0, 0
67734, 14964, 1, 0, 0
67838, 15629, 1, 0, 0
67941, 12924, 1, 0, 0
68039, 11351, 1, 0, 0
68143, 21907, 1, 0, 0
68243, 17948, 1, 0, 0
68313, 12283, 1, 0, 0
68413, 16453, 1, 0, 0
68502, 12847, 1, 0, 0
68605, 13653, 1, 0, 0
68702, 12504, 1, 0, 0
68803, 11735, 1, 0, 0
68905, 12001, 1, 0, 0
69013, 11668, 1, 0, 0
69111, 12933, 1, 0, 0
69203, 13137, 1, 0, 0
69303, 12805, 1, 0, 0
69400, 18094, 1, 0, 0
69509, 18563, 1, 0, 0
69608, 19833, 1, 0, 0
69708, 21920, 1, 0, 0
69810, 15792, 1, 0, 0
69901, 18399, 1, 0, 0
70005, 13635, 1, 0, 0
70102, 19931, 1, 0, 0
70205, 14752, 1, 0, 0
70309, 14214, 1, 0, 0
70412, 18301, 1, 0, 0
70510, 17729, 1, 0, 0
70609, 15584, 1, 0, 0
70714, 15631, 1, 0, 0
70824, 16994, 1, 0, 0
70906, 16056, 1, 0, 0
71009, 17378, 1, 0, 0
71111, 17650, 1, 0, 0
71213, 20492, 1, 0, 0
71310, 17334, 1, 0, 0
71429, 19354, 1, 0, 0
71534, 11553, 1, 0, 0
71637, 12590, 1, 0, 0
71745, 12751, 1, 0, 0
71804, 21188, 1, 0, 0
71917, 21572, 1, 0, 0
72032, 20118, 1, 0, 0
72104, 18448, 1, 0, 0
72204, 16135, 1, 0, 0
72312, 20875, 1, 0, 0
72413, 19855, 1, 0, 0
72500, 17097, 1, 0, 0
72606, 15639, 1, 0, 0
72712, 18249, 1, 0, 0
72822, 15894, 1, 0, 0
72909, 16430, 1, 0, 0
73015, 18215, 1, 0, 0
73108, 21128, 1, 0, 0
73214, 22661, 1, 0, 0
73300, 25358, 1, 0, 0
73407, 20319, 1, 0, 0
73514, 14354, 1, 0, 0
73606, 17198, 1, 0, 0
73714, 15702, 1, 0, 0
73802, 16913, 1, 0, 0
73900, 20341, 1, 0, 0
74003, 16705, 1, 0, 0
74106, 18955, 1, 0, 0
74209, 18201, 1, 0, 0
74313, 17956, 1, 0, 0
74416, 20364, 1, 0, 0
74519, 16228, 1, 0, 0
74601, 16005, 1, 0, 0
74705, 18138, 1, 0, 0
74800, 16415, 1, 0, 0
74909, 18003, 1, 0, 0
75012, 19282, 1, 0, 0
75128, 17774, 1, 0, 0
75221, 19518, 1, 0, 0
75314, 13769, 1, 0, 0
75419, 22053, 1, 0, 0
75524, 20498, 1, 0, 0
75629, 11309, 1, 0, 0
75720, 15376, 1, 0, 0
75800, 18252, 1, 0, 0
75908, 14114, 1, 0, 0
76008, 13220, 1, 0, 0
76107, 15158, 1, 0, 0
76211, 15505, 1, 0, 0
76312, 11433, 1, 0, 0
76412, 20206, 1, 0, 0
76500, 17079, 1, 0, 0
76614, 11752, 1, 0, 0
76714, 14893, 1, 0, 0
76802, 12359, 1, 0, 0
76906, 14457, 1, 0, 0
77007, 14526, 1, 0, 0
77115, 19212, 1, 0, 0
77200, 15770, 1, 0, 0
77302, 14751, 1, 0, 0
77405, 18397, 1, 0, 0
77509, 14556, 1, 0, 0
77614, 14303, 1, 0, 0
77717, 20077, 1, 0, 0
77818, 16792, 1, 0, 0
77919, 15864, 1, 0, 0
78000, 19950, 1, 0, 0
78101, 17223, 1, 0, 0
78203, 21420, 1, 0, 0
78305, 20928, 1, 0, 0
78407, 17447, 1, 0, 0
78509, 17045, 1, 0, 0
78621, 17238, 1, 0, 0
78709, 20492, 1, 0, 0
78807, 19711, 1, 0, 0
78908, 18384, 1, 0, 0
79016, 23313, 1, 0, 0
79126, 22270, 1, 0, 0
79236, 15157, 1, 0, 0
79343, 16876, 1, 0, 0
79449, 19857, 1, 0, 0
79504, 39584, 1, 0, 0
79615, 18141, 1, 0, 0
79701, 15721, 1, 0, 0
79806, 21332, 1, 0, 0
79908, 22420, 1, 0, 0
80011, 20383, 1, 0, 0
80114, 16685, 1, 0, 0
80200, 18217, 1, 0, 0
80303, 18084, 1, 0, 0
80407, 18306, 1, 0, 0
80511, 17395, 1, 0, 0
80614, 17971, 1, 0, 0
80700, 17371, 1, 0, 0
80806, 16872, 1, 0, 0
80911, 13226, 1, 0, 0
81015, 18807, 1, 0, 0
81106, 16499, 1, 0, 0
81204, 16798, 1, 0, 0
81306, 18787, 1, 0, 0
81409, 13272, 1, 0, 0
81511, 13750, 1, 0, 0
81615, 12706, 1, 0, 0
81700, 15116, 1, 0, 0
81803, 13259, 1, 0, 0
81907, 11660, 1, 0, 0
82005, 12238, 1, 0, 0
82105, 12739, 1, 0, 0
82208, 13847, 1, 0, 0
82306, 11739, 1, 0, 0
82404, 8495, 1, 0, 0
82531, 13463, 1, 0, 0
82641, 15967, 1, 0, 0
82748, 15368, 1, 0, 0
82801, 11673, 1, 0, 0
82908, 9835, 1, 0, 0
83017, 18548, 1, 0, 0
83130, 23678, 1, 0, 0
83202, 18054, 1, 0, 0
83306, 14331, 1, 0, 0
83405, 12559, 1, 0, 0
83504, 13758, 1, 0, 0
83608, 14830, 1, 0, 0
83711, 12839, 1, 0, 0
83810, 21103, 1, 0, 0
83911, 15625, 1, 0, 0
84001, 16379, 1, 0, 0
84118, 16471, 1, 0, 0
84202, 20897, 1, 0, 0
84304, 12414, 1, 0, 0
84408, 17189, 1, 0, 0
84507, 19521, 1, 0, 0
84608, 12204, 1, 0, 0
84711, 14333, 1, 0, 0
84808, 12542, 1, 0, 0
84909, 15716, 1, 0, 0
85016, 12568, 1, 0, 0
85112, 12173, 1, 0, 0
85200, 14272, 1, 0, 0
85315, 13246, 1, 0, 0
85402, 13200, 1, 0, 0
85504, 18549, 1, 0, 0
85602, 12789, 1, 0, 0
85704, 13930, 1, 0, 0
85807, 12989, 1, 0, 0
85906, 14868, 1, 0, 0
86006, 18625, 1, 0, 0
86105, 21390, 1, 0, 0
86210, 15826, 1, 0, 0
86339, 13654, 1, 0, 0
86439, 12102, 1, 0, 0
86541, 12621, 1, 0, 0
86642, 13079, 1, 0, 0
86743, 15766, 1, 0, 0
86840, 26836, 1, 0, 0
86919, 16980, 1, 0, 0
87004, 12529, 1, 0, 0
87108, 10828, 1, 0, 0
87213, 17084, 1, 0, 0
87316, 13590, 1, 0, 0
87412, 14873, 1, 0, 0
87504, 14437, 1, 0, 0
87604, 15923, 1, 0, 0
87701, 12704, 1, 0, 0
87805, 9227, 1, 0, 0
87909, 11497, 1, 0, 0
88007, 10379, 1, 0, 0
88104, 11705, 1, 0, 0
88209, 13790, 1, 0, 0
88312, 14070, 1, 0, 0
88409, 15079, 1, 0, 0
88511, 15652, 1, 0, 0
88616, 17271, 1, 0, 0
88700, 16990, 1, 0, 0
88802, 13824, 1, 0, 0
88901, 13131, 1, 0, 0
89018, 13197, 1, 0, 0
89102, 12032, 1, 0, 0
89204, 11875, 1, 0, 0
89305, 15989, 1, 0, 0
89413, 16562, 1, 0, 0
89500, 15858, 1, 0, 0
89600, 16053, 1, 0, 0
89714, 13333, 1, 0, 0
89812, 16776, 1, 0, 0
89909, 18054, 1, 0, 0
90035, 16929, 1, 0, 0
