118, 29547159, 1, 0, 0
210, 35897654, 1, 0, 0
300, 35879379, 1, 0, 0
434, 81301811, 1, 0, 0
505, 113465610, 1, 0, 0
646, 111437285, 1, 0, 0
707, 103782747, 1, 0, 0
832, 103095646, 1, 0, 0
908, 105751738, 1, 0, 0
1011, 105950154, 1, 0, 0
1117, 37909776, 1, 0, 0
1213, 36140311, 1, 0, 0
1302, 27261512, 1, 0, 0
1408, 25238649, 1, 0, 0
1515, 25140781, 1, 0, 0
1606, 27507859, 1, 0, 0
1711, 27136878, 1, 0, 0
1817, 25121038, 1, 0, 0
1902, 25963065, 1, 0, 0
2010, 24194944, 1, 0, 0
2111, 20735700, 1, 0, 0
2214, 20630543, 1, 0, 0
2319, 22460162, 1, 0, 0
2403, 22038580, 1, 0, 0
2507, 19468492, 1, 0, 0
2605, 22255433, 1, 0, 0
2704, 22814507, 1, 0, 0
2804, 25393492, 1, 0, 0
2907, 23066351, 1, 0, 0
3011, 23977513, 1, 0, 0
3109, 22983615, 1, 0, 0
3210, 22332488, 1, 0, 0
3315, 23348686, 1, 0, 0
3417, 23540787, 1, 0, 0
3504, 23694639, 1, 0, 0
3669, 26396199, 1, 0, 0
3721, 123954052, 1, 0, 0
3831, 81936645, 1, 0, 0
3941, 98827955, 1, 0, 0
4046, 86856674, 1, 0, 0
4100, 78987132, 1, 0, 0
4206, 84460413, 1, 0, 0
4302, 75108163, 1, 0, 0
4405, 23996912, 1, 0, 0
4505, 23033902, 1, 0, 0
4615, 22668341, 1, 0, 0
4704, 23514747, 1, 0, 0
4804, 22215968, 1, 0, 0
4902, 24475495, 1, 0, 0
5008, 25408298, 1, 0, 0
5109, 22583662, 1, 0, 0
5212, 21670957, 1, 0, 0
5311, 22485138, 1, 0, 0
5402, 24333026, 1, 0, 0
5502, 21122467, 1, 0, 0
5601, 21440388, 1, 0, 0
5704, 23965909, 1, 0, 0
5808, 23339721, 1, 0, 0
5910, 21682301, 1, 0, 0
6008, 20771063, 1, 0, 0
6101, 23772045, 1, 0, 0
6206, 21827738, 1, 0, 0
6304, 20127656, 1, 0, 0
6406, 23065253, 1, 0, 0
6509, 22901037, 1, 0, 0
6604, 22422332, 1, 0, 0
6702, 23141410, 1, 0, 0
6806, 25931795, 1, 0, 0
6903, 22805320, 1, 0, 0
7005, 22277507, 1, 0, 0
7111, 23516566, 1, 0, 0
7214, 23418151, 1, 0, 0
7308, 22822390, 1, 0, 0
7408, 18040885, 1, 0, 0
7535, 46693903, 1, 0, 0
7639, 84543828, 1, 0, 0
7746, 82104610, 1, 0, 0
7800, 108770987, 1, 0, 0
7909, 87109303, 1, 0, 0
8016, 86079434, 1, 0, 0
8126, 86334311, 1, 0, 0
8216, 37282689, 1, 0, 0
8301, 22733439, 1, 0, 0
8409, 23870192, 1, 0, 0
8514, 23862779, 1, 0, 0
8610, 21890451, 1, 0, 0
8713, 23168277, 1, 0, 0
8800, 20251183, 1, 0, 0
8902, 23578216, 1, 0, 0
9005, 22979784, 1, 0, 0
9107, 21172474, 1, 0, 0
9206, 21823634, 1, 0, 0
9310, 19981106, 1, 0, 0
9401, 22468303, 1, 0, 0
9502, 23047621, 1, 0, 0
9605, 23055587, 1, 0, 0
9709, 22338311, 1, 0, 0
9814, 21755896, 1, 0, 0
9914, 21505485, 1, 0, 0
10011, 21401893, 1, 0, 0
10117, 30720060, 1, 0, 0
10208, 26909408, 1, 0, 0
10303, 25132639, 1, 0, 0
10408, 22161670, 1, 0, 0
10506, 17124061, 1, 0, 0
10602, 23084771, 1, 0, 0
10707, 21718006, 1, 0, 0
10813, 21749197, 1, 0, 0
10915, 23696381, 1, 0, 0
11000, 21464466, 1, 0, 0
11103, 21087685, 1, 0, 0
11212, 21181675, 1, 0, 0
11317, 62864307, 1, 0, 0
11425, 54103328, 1, 0, 0
11537, 97791880, 1, 0, 0
11645, 88843020, 1, 0, 0
11750, 85399554, 1, 0, 0
11803, 79263635, 1, 0, 0
11905, 76966332, 1, 0, 0
12010, 25581609, 1, 0, 0
12113, 19724464, 1, 0, 0
12209, 21230032, 1, 0, 0
12308, 18632053, 1, 0, 0
12411, 21716415, 1, 0, 0
12509, 23129869, 1, 0, 0
12602, 23435444, 1, 0, 0
12703, 16540905, 1, 0, 0
12813, 22687846, 1, 0, 0
12911, 22615786, 1, 0, 0
13003, 19652667, 1, 0, 0
13104, 21125534, 1, 0, 0
13205, 21982417, 1, 0, 0
13307, 23045182, 1, 0, 0
13413, 23416821, 1, 0, 0
13513, 22735238, 1, 0, 0
13609, 22464641, 1, 0, 0
13712, 22589161, 1, 0, 0
13815, 23119677, 1, 0, 0
13900, 23395336, 1, 0, 0
14012, 24190325, 1, 0, 0
14113, 22566910, 1, 0, 0
14200, 23957116, 1, 0, 0
14310, 22960460, 1, 0, 0
14408, 23194913, 1, 0, 0
14509, 23329080, 1, 0, 0
14601, 22839155, 1, 0, 0
14715, 23079636, 1, 0, 0
14816, 20898005, 1, 0, 0
14900, 22815032, 1, 0, 0
15004, 21322202, 1, 0, 0
15116, 27814814, 1, 0, 0
15217, 77241692, 1, 0, 0
15318, 81934961, 1, 0, 0
15444, 85633604, 1, 0, 0
15548, 61691973, 1, 0, 0
15602, 50832503, 1, 0, 0
15733, 82035589, 1, 0, 0
15810, 50985069, 1, 0, 0
15913, 22316668, 1, 0, 0
16014, 22644945, 1, 0, 0
16101, 22864945, 1, 0, 0
16215, 22839390, 1, 0, 0
16316, 22537218, 1, 0, 0
16402, 23338273, 1, 0, 0
16503, 22111179, 1, 0, 0
16605, 23729554, 1, 0, 0
16707, 24062036, 1, 0, 0
16800, 17462927, 1, 0, 0
16903, 22728565, 1, 0, 0
17015, 24728999, 1, 0, 0
17100, 22365532, 1, 0, 0
17210, 23739024, 1, 0, 0
17310, 23894595, 1, 0, 0
17409, 23471713, 1, 0, 0
17509, 21792438, 1, 0, 0
17614, 21855351, 1, 0, 0
17715, 21627172, 1, 0, 0
17801, 21926883, 1, 0, 0
17901, 20575551, 1, 0, 0
18015, 22739217, 1, 0, 0
18115, 23671139, 1, 0, 0
18201, 22741140, 1, 0, 0
18303, 22594181, 1, 0, 0
18401, 23186322, 1, 0, 0
18502, 23196109, 1, 0, 0
18603, 22172446, 1, 0, 0
18716, 22615983, 1, 0, 0
18812, 22850015, 1, 0, 0
18944, 31190113, 1, 0, 0
19044, 81147282, 1, 0, 0
19146, 80428683, 1, 0, 0
19248, 76563770, 1, 0, 0
19349, 80512924, 1, 0, 0
19450, 81064862, 1, 0, 0
19502, 85737841, 1, 0, 0
19614, 39877314, 1, 0, 0
19718, 21199566, 1, 0, 0
19807, 24880494, 1, 0, 0
19900, 23327062, 1, 0, 0
20000, 23723813, 1, 0, 0
20102, 25492897, 1, 0, 0
20214, 26667513, 1, 0, 0
20316, 24820773, 1, 0, 0
20401, 23600167, 1, 0, 0
20507, 23797936, 1, 0, 0
20614, 23316512, 1, 0, 0
20714, 22879446, 1, 0, 0
20804, 22925375, 1, 0, 0
20905, 22680995, 1, 0, 0
21004, 23412702, 1, 0, 0
21104, 23190527, 1, 0, 0
21213, 24140000, 1, 0, 0
21312, 22444266, 1, 0, 0
21411, 23287520, 1, 0, 0
21500, 22898073, 1, 0, 0
21608, 22173591, 1, 0, 0
21706, 20165817, 1, 0, 0
21805, 19327530, 1, 0, 0
21906, 22319088, 1, 0, 0
22009, 23120404, 1, 0, 0
22105, 23123767, 1, 0, 0
22209, 21066971, 1, 0, 0
22314, 22971023, 1, 0, 0
22415, 23468794, 1, 0, 0
22502, 23294427, 1, 0, 0
22601, 22661661, 1, 0, 0
22724, 37274698, 1, 0, 0
22830, 78905662, 1, 0, 0
22932, 81858968, 1, 0, 0
23039, 83047838, 1, 0, 0
23145, 85650463, 1, 0, 0
23250, 85513083, 1, 0, 0
23303, 86549107, 1, 0, 0
23405, 43300942, 1, 0, 0
23507, 23209710, 1, 0, 0
23609, 21778867, 1, 0, 0
23710, 20610334, 1, 0, 0
23808, 22687481, 1, 0, 0
23913, 23816295, 1, 0, 0
24016, 21548943, 1, 0, 0
24102, 23185512, 1, 0, 0
24210, 23584105, 1, 0, 0
24305, 33559599, 1, 0, 0
24404, 43962909, 1, 0, 0
24514, 27101006, 1, 0, 0
24605, 23235980, 1, 0, 0
24719, 26159393, 1, 0, 0
24816, 24773207, 1, 0, 0
24904, 21852734, 1, 0, 0
25008, 23521054, 1, 0, 0
25115, 22240169, 1, 0, 0
25201, 24640546, 1, 0, 0
25304, 23835471, 1, 0, 0
25407, 22971596, 1, 0, 0
25511, 22883141, 1, 0, 0
25611, 24339198, 1, 0, 0
25700, 22858944, 1, 0, 0
25817, 23006038, 1, 0, 0
25900, 21637137, 1, 0, 0
26010, 25066135, 1, 0, 0
26104, 26063989, 1, 0, 0
26210, 41252821, 1, 0, 0
26309, 36670502, 1, 0, 0
26441, 76283910, 1, 0, 0
26573, 101722519, 1, 0, 0
26644, 92281248, 1, 0, 0
26702, 137449336, 1, 0, 0
26833, 103803412, 1, 0, 0
26911, 108771175, 1, 0, 0
27050, 116175443, 1, 0, 0
27111, 54041503, 1, 0, 0
27223, 31917757, 1, 0, 0
27305, 30970111, 1, 0, 0
27406, 22102043, 1, 0, 0
27503, 22581755, 1, 0, 0
27604, 23564391, 1, 0, 0
27704, 22501643, 1, 0, 0
27803, 22480470, 1, 0, 0
27902, 22876038, 1, 0, 0
28004, 21973630, 1, 0, 0
28101, 21596730, 1, 0, 0
28204, 23366237, 1, 0, 0
28308, 23125704, 1, 0, 0
28411, 21491157, 1, 0, 0
28510, 22740875, 1, 0, 0
28609, 23574029, 1, 0, 0
28702, 23779396, 1, 0, 0
28801, 22627736, 1, 0, 0
28901, 21477361, 1, 0, 0
29006, 18733663, 1, 0, 0
29103, 20652982, 1, 0, 0
29206, 23250459, 1, 0, 0
29310, 21693970, 1, 0, 0
29410, 22737638, 1, 0, 0
29507, 22447891, 1, 0, 0
29610, 20417879, 1, 0, 0
29710, 21355270, 1, 0, 0
29821, 40438361, 1, 0, 0
29921, 81608282, 1, 0, 0
30028, 83089699, 1, 0, 0
30131, 60619495, 1, 0, 0
30233, 81575629, 1, 0, 0
30341, 79213773, 1, 0, 0
30429, 81886682, 1, 0, 0
30515, 24793422, 1, 0, 0
30613, 22443749, 1, 0, 0
30702, 22804050, 1, 0, 0
30817, 23065183, 1, 0, 0
30900, 23269356, 1, 0, 0
31003, 20770207, 1, 0, 0
31117, 22916964, 1, 0, 0
31202, 21003392, 1, 0, 0
31302, 22385001, 1, 0, 0
31402, 21613175, 1, 0, 0
31509, 22733795, 1, 0, 0
31610, 19610417, 1, 0, 0
31708, 23540045, 1, 0, 0
31808, 22756855, 1, 0, 0
31910, 23010413, 1, 0, 0
32016, 23363280, 1, 0, 0
32100, 22189083, 1, 0, 0
32202, 22262208, 1, 0, 0
32305, 23445706, 1, 0, 0
32407, 20726062, 1, 0, 0
32509, 23130615, 1, 0, 0
32612, 15791440, 1, 0, 0
32714, 21659465, 1, 0, 0
32800, 20880296, 1, 0, 0
32914, 22619262, 1, 0, 0
33012, 22624767, 1, 0, 0
33109, 22906978, 1, 0, 0
33212, 23326388, 1, 0, 0
33313, 22217702, 1, 0, 0
33409, 23095492, 1, 0, 0
33500, 23101479, 1, 0, 0
33632, 23141948, 1, 0, 0
33732, 77499185, 1, 0, 0
33831, 79477370, 1, 0, 0
33931, 80630336, 1, 0, 0
34036, 82541009, 1, 0, 0
34136, 82744896, 1, 0, 0
34239, 79350824, 1, 0, 0
34332, 82543281, 1, 0, 0
34405, 29937432, 1, 0, 0
34503, 21665264, 1, 0, 0
34602, 21283886, 1, 0, 0
34707, 23330266, 1, 0, 0
34810, 21610005, 1, 0, 0
34908, 20743187, 1, 0, 0
35009, 23191362, 1, 0, 0
35116, 27284508, 1, 0, 0
35210, 30214706, 1, 0, 0
35300, 22808725, 1, 0, 0
35406, 25179970, 1, 0, 0
35507, 27099670, 1, 0, 0
35609, 27086438, 1, 0, 0
35712, 27334169, 1, 0, 0
35812, 26709836, 1, 0, 0
35913, 27135753, 1, 0, 0
36015, 26937627, 1, 0, 0
36117, 27191796, 1, 0, 0
36209, 30190968, 1, 0, 0
36312, 27417701, 1, 0, 0
36415, 27474261, 1, 0, 0
36502, 25909281, 1, 0, 0
36606, 27795327, 1, 0, 0
36711, 28783550, 1, 0, 0
36816, 23632820, 1, 0, 0
36918, 22274082, 1, 0, 0
37003, 23131471, 1, 0, 0
37103, 21791762, 1, 0, 0
37207, 23929677, 1, 0, 0
37312, 25174904, 1, 0, 0
37416, 80338878, 1, 0, 0
37520, 82562819, 1, 0, 0
37628, 87554676, 1, 0, 0
37738, 86383671, 1, 0, 0
37853, 89941291, 1, 0, 0
37908, 113885758, 1, 0, 0
38006, 44757077, 1, 0, 0
38105, 23704082, 1, 0, 0
38209, 23347048, 1, 0, 0
38311, 23011899, 1, 0, 0
38407, 22593542, 1, 0, 0
38509, 20233428, 1, 0, 0
38611, 23310120, 1, 0, 0
38712, 22936095, 1, 0, 0
38801, 22858172, 1, 0, 0
38901, 23694593, 1, 0, 0
39008, 24119845, 1, 0, 0
39109, 23190584, 1, 0, 0
39211, 22474827, 1, 0, 0
39310, 23456061, 1, 0, 0
39408, 21472717, 1, 0, 0
39511, 21743606, 1, 0, 0
39608, 23368005, 1, 0, 0
39708, 20131888, 1, 0, 0
39811, 23302906, 1, 0, 0
39901, 23218467, 1, 0, 0
40017, 20760343, 1, 0, 0
40103, 20066089, 1, 0, 0
40207, 23685099, 1, 0, 0
40308, 23450502, 1, 0, 0
40411, 20020550, 1, 0, 0
40509, 22786174, 1, 0, 0
40607, 20075778, 1, 0, 0
40708, 21417386, 1, 0, 0
40805, 20716791, 1, 0, 0
40917, 24753029, 1, 0, 0
41015, 26856586, 1, 0, 0
41136, 49665847, 1, 0, 0
41244, 61697464, 1, 0, 0
41302, 67379828, 1, 0, 0
41412, 66797176, 1, 0, 0
41522, 88029907, 1, 0, 0
41632, 88269563, 1, 0, 0
41741, 87683551, 1, 0, 0
41820, 50048053, 1, 0, 0
41901, 25305418, 1, 0, 0
42003, 25829543, 1, 0, 0
42106, 27266485, 1, 0, 0
42208, 27267789, 1, 0, 0
42310, 27236992, 1, 0, 0
42403, 25118480, 1, 0, 0
42501, 22279977, 1, 0, 0
42601, 23356482, 1, 0, 0
42706, 21908413, 1, 0, 0
42803, 21285299, 1, 0, 0
42906, 20804510, 1, 0, 0
43007, 22229459, 1, 0, 0
43105, 23256172, 1, 0, 0
43206, 22329065, 1, 0, 0
43310, 23231975, 1, 0, 0
43410, 22525147, 1, 0, 0
43508, 23132135, 1, 0, 0
43612, 22787613, 1, 0, 0
43708, 22718942, 1, 0, 0
43809, 23639147, 1, 0, 0
43912, 22759017, 1, 0, 0
44001, 22382753, 1, 0, 0
44105, 20828563, 1, 0, 0
44218, 18741780, 1, 0, 0
44303, 22032439, 1, 0, 0
44405, 16886363, 1, 0, 0
44500, 22549560, 1, 0, 0
44603, 22794743, 1, 0, 0
44702, 22224453, 1, 0, 0
44845, 26622506, 1, 0, 0
44951, 75957257, 1, 0, 0
45005, 79729164, 1, 0, 0
45113, 87298926, 1, 0, 0
45220, 84617103, 1, 0, 0
45326, 84661066, 1, 0, 0
45435, 87970429, 1, 0, 0
45502, 46804800, 1, 0, 0
45603, 23590144, 1, 0, 0
45706, 24358587, 1, 0, 0
45809, 22479464, 1, 0, 0
45911, 21839907, 1, 0, 0
46008, 21608132, 1, 0, 0
46111, 22646176, 1, 0, 0
46216, 20144516, 1, 0, 0
46316, 23578687, 1, 0, 0
46400, 23054355, 1, 0, 0
46501, 21000875, 1, 0, 0
46605, 21784356, 1, 0, 0
46710, 22857003, 1, 0, 0
46812, 21254019, 1, 0, 0
46909, 23558059, 1, 0, 0
47008, 22322852, 1, 0, 0
47107, 22053710, 1, 0, 0
47205, 21467353, 1, 0, 0
47308, 20634090, 1, 0, 0
47406, 21035766, 1, 0, 0
47507, 21039100, 1, 0, 0
47600, 21216787, 1, 0, 0
47713, 23584809, 1, 0, 0
47813, 19353793, 1, 0, 0
47913, 22724425, 1, 0, 0
48005, 24048759, 1, 0, 0
48103, 23157272, 1, 0, 0
48200, 22477791, 1, 0, 0
48303, 19777370, 1, 0, 0
48414, 21668151, 1, 0, 0
48513, 22363655, 1, 0, 0
48652, 29885413, 1, 0, 0
48703, 104142998, 1, 0, 0
48807, 82835850, 1, 0, 0
48913, 83943786, 1, 0, 0
49015, 65154911, 1, 0, 0
49117, 82188775, 1, 0, 0
49219, 80935298, 1, 0, 0
49317, 72853202, 1, 0, 0
49403, 24973269, 1, 0, 0
49504, 22384434, 1, 0, 0
49607, 24309927, 1, 0, 0
49703, 22382432, 1, 0, 0
49804, 22776053, 1, 0, 0
49907, 23487222, 1, 0, 0
50009, 23567643, 1, 0, 0
50112, 20578300, 1, 0, 0
50212, 20042106, 1, 0, 0
50301, 24427264, 1, 0, 0
50405, 23185676, 1, 0, 0
50504, 22772704, 1, 0, 0
50602, 23321751, 1, 0, 0
50704, 22626303, 1, 0, 0
50806, 26173318, 1, 0, 0
50908, 27202020, 1, 0, 0
51009, 26890447, 1, 0, 0
51109, 26747610, 1, 0, 0
51214, 25052268, 1, 0, 0
51319, 23177306, 1, 0, 0
51404, 23594784, 1, 0, 0
51507, 23641032, 1, 0, 0
51601, 21296207, 1, 0, 0
51705, 20274095, 1, 0, 0
51804, 22696739, 1, 0, 0
51903, 23191014, 1, 0, 0
52009, 20749316, 1, 0, 0
52109, 22281810, 1, 0, 0
52208, 19869970, 1, 0, 0
52304, 20388600, 1, 0, 0
52434, 27374700, 1, 0, 0
52538, 80993307, 1, 0, 0
52646, 75866451, 1, 0, 0
52700, 80238950, 1, 0, 0
52808, 87415661, 1, 0, 0
52915, 84964768, 1, 0, 0
53047, 101416967, 1, 0, 0
53103, 38971954, 1, 0, 0
53208, 21707024, 1, 0, 0
53313, 23183844, 1, 0, 0
53411, 23735532, 1, 0, 0
53509, 21537194, 1, 0, 0
53612, 20215078, 1, 0, 0
53705, 23815801, 1, 0, 0
53808, 23330397, 1, 0, 0
53910, 22990240, 1, 0, 0
54012, 22726720, 1, 0, 0
54109, 23462991, 1, 0, 0
54205, 21177496, 1, 0, 0
54306, 23021306, 1, 0, 0
54403, 23492358, 1, 0, 0
54507, 23886546, 1, 0, 0
54610, 22480562, 1, 0, 0
54707, 22748570, 1, 0, 0
54806, 22727369, 1, 0, 0
54910, 22688933, 1, 0, 0
55011, 21614190, 1, 0, 0
55107, 22366747, 1, 0, 0
55212, 23536888, 1, 0, 0
55313, 22489695, 1, 0, 0
55408, 23189776, 1, 0, 0
55511, 22772890, 1, 0, 0
55613, 23291344, 1, 0, 0
55714, 21041756, 1, 0, 0
55802, 23254921, 1, 0, 0
55900, 22806386, 1, 0, 0
56016, 22622150, 1, 0, 0
56111, 21119326, 1, 0, 0
56237, 38191401, 1, 0, 0
56336, 81755679, 1, 0, 0
56440, 82013594, 1, 0, 0
56539, 69538920, 1, 0, 0
56641, 79992735, 1, 0, 0
56733, 79296947, 1, 0, 0
56804, 52370715, 1, 0, 0
56914, 67798861, 1, 0, 0
57015, 20752991, 1, 0, 0
57103, 23477188, 1, 0, 0
57204, 22468964, 1, 0, 0
57301, 23497777, 1, 0, 0
57404, 20999010, 1, 0, 0
57515, 23546530, 1, 0, 0
57615, 21134032, 1, 0, 0
57702, 23044531, 1, 0, 0
57804, 18269034, 1, 0, 0
57905, 21317430, 1, 0, 0
58001, 23437548, 1, 0, 0
58105, 20576767, 1, 0, 0
58204, 23252454, 1, 0, 0
58305, 22409224, 1, 0, 0
58408, 24350180, 1, 0, 0
58500, 23009063, 1, 0, 0
58600, 23538662, 1, 0, 0
58713, 23687536, 1, 0, 0
58801, 23840353, 1, 0, 0
58904, 23071349, 1, 0, 0
59017, 22661223, 1, 0, 0
59113, 22002620, 1, 0, 0
59201, 22580848, 1, 0, 0
59309, 17728166, 1, 0, 0
59411, 19897034, 1, 0, 0
59502, 25877230, 1, 0, 0
59603, 22623929, 1, 0, 0
59701, 22599474, 1, 0, 0
59800, 23130068, 1, 0, 0
59901, 22911736, 1, 0, 0
60019, 30064381, 1, 0, 0
60108, 73233262, 1, 0, 0
60212, 90832400, 1, 0, 0
60319, 86280063, 1, 0, 0
60423, 81885641, 1, 0, 0
60526, 80603806, 1, 0, 0
60637, 89002763, 1, 0, 0
60706, 53323470, 1, 0, 0
60803, 23633364, 1, 0, 0
60908, 22566838, 1, 0, 0
61010, 22156446, 1, 0, 0
61107, 23467089, 1, 0, 0
61211, 22838710, 1, 0, 0
61310, 23313741, 1, 0, 0
61400, 20487694, 1, 0, 0
61501, 21502906, 1, 0, 0
61609, 20045192, 1, 0, 0
61708, 23691048, 1, 0, 0
61800, 22094227, 1, 0, 0
61902, 21689523, 1, 0, 0
62004, 22731268, 1, 0, 0
62107, 24299625, 1, 0, 0
62208, 26988279, 1, 0, 0
62309, 26134668, 1, 0, 0
62413, 26647526, 1, 0, 0
62508, 21498628, 1, 0, 0
62609, 23084297, 1, 0, 0
62713, 21763042, 1, 0, 0
62816, 24358605, 1, 0, 0
62901, 22993339, 1, 0, 0
63012, 23086031, 1, 0, 0
63100, 22506515, 1, 0, 0
63203, 22140195, 1, 0, 0
63305, 20755300, 1, 0, 0
63408, 22848870, 1, 0, 0
63504, 19322542, 1, 0, 0
63605, 17356281, 1, 0, 0
63702, 21778509, 1, 0, 0
63828, 46504128, 1, 0, 0
63929, 63710369, 1, 0, 0
64037, 52986428, 1, 0, 0
64148, 87722898, 1, 0, 0
64203, 82643026, 1, 0, 0
64316, 89997315, 1, 0, 0
64400, 45392866, 1, 0, 0
64504, 19239480, 1, 0, 0
64615, 21934983, 1, 0, 0
64700, 22974375, 1, 0, 0
64803, 23238340, 1, 0, 0
64905, 22238038, 1, 0, 0
65008, 20063984, 1, 0, 0
65107, 22908081, 1, 0, 0
65207, 23401818, 1, 0, 0
65309, 23429071, 1, 0, 0
65413, 22733131, 1, 0, 0
65512, 22529139, 1, 0, 0
65610, 27303971, 1, 0, 0
65714, 21997670, 1, 0, 0
65805, 25268520, 1, 0, 0
65908, 22865195, 1, 0, 0
66009, 23245291, 1, 0, 0
66106, 22463536, 1, 0, 0
66209, 23878268, 1, 0, 0
66300, 23435007, 1, 0, 0
66403, 23036820, 1, 0, 0
66502, 22735297, 1, 0, 0
66601, 22041008, 1, 0, 0
66701, 23204064, 1, 0, 0
66800, 22022310, 1, 0, 0
66904, 23310121, 1, 0, 0
67010, 24324947, 1, 0, 0
67116, 23239711, 1, 0, 0
67200, 22045646, 1, 0, 0
67310, 18114124, 1, 0, 0
67408, 22229754, 1, 0, 0
67504, 14361919, 1, 0, 0
67606, 16323223, 1, 0, 0
67706, 52737082, 1, 0, 0
67812, 81441198, 1, 0, 0
67915, 83695186, 1, 0, 0
68015, 81731204, 1, 0, 0
68117, 63583725, 1, 0, 0
68217, 79869471, 1, 0, 0
68305, 78890058, 1, 0, 0
68404, 25762500, 1, 0, 0
68506, 21506855, 1, 0, 0
68612, 22773074, 1, 0, 0
68712, 19266778, 1, 0, 0
68808, 19335002, 1, 0, 0
68911, 20010144, 1, 0, 0
69013, 20899037, 1, 0, 0
69111, 20405148, 1, 0, 0
69203, 20341063, 1, 0, 0
69303, 17745475, 1, 0, 0
69400, 22432224, 1, 0, 0
69504, 20452065, 1, 0, 0
69608, 20424940, 1, 0, 0
69708, 22150343, 1, 0, 0
69810, 22488578, 1, 0, 0
69901, 18662480, 1, 0, 0
70005, 22144206, 1, 0, 0
70102, 21705109, 1, 0, 0
70205, 22047776, 1, 0, 0
70309, 21805507, 1, 0, 0
70412, 22941472, 1, 0, 0
70510, 23261760, 1, 0, 0
70609, 23176916, 1, 0, 0
70714, 23050310, 1, 0, 0
70823, 23534367, 1, 0, 0
70906, 24723189, 1, 0, 0
71009, 21603432, 1, 0, 0
71111, 23013679, 1, 0, 0
71213, 23593957, 1, 0, 0
71310, 22845054, 1, 0, 0
71429, 33011124, 1, 0, 0
71534, 79990311, 1, 0, 0
71636, 83725409, 1, 0, 0
71745, 84621614, 1, 0, 0
71804, 92067488, 1, 0, 0
71917, 91781871, 1, 0, 0
72032, 91931245, 1, 0, 0
72104, 33324081, 1, 0, 0
72204, 23442751, 1, 0, 0
72312, 25248165, 1, 0, 0
72413, 25241988, 1, 0, 0
72500, 24912313, 1, 0, 0
72606, 22623353, 1, 0, 0
72712, 23527040, 1, 0, 0
72822, 26470352, 1, 0, 0
72909, 28672416, 1, 0, 0
73015, 27162311, 1, 0, 0
73108, 27057388, 1, 0, 0
73214, 28305045, 1, 0, 0
73300, 25447074, 1, 0, 0
73407, 25778270, 1, 0, 0
73514, 28672725, 1, 0, 0
73606, 28215551, 1, 0, 0
73714, 26602214, 1, 0, 0
73802, 28193434, 1, 0, 0
73900, 26961289, 1, 0, 0
74003, 21002919, 1, 0, 0
74106, 27482955, 1, 0, 0
74209, 27441701, 1, 0, 0
74313, 27840110, 1, 0, 0
74416, 27489096, 1, 0, 0
74519, 27382226, 1, 0, 0
74601, 27981626, 1, 0, 0
74704, 27570115, 1, 0, 0
74800, 22791944, 1, 0, 0
74903, 21704765, 1, 0, 0
75003, 23887915, 1, 0, 0
75100, 24156219, 1, 0, 0
75246, 78987657, 1, 0, 0
75338, 73742444, 1, 0, 0
75443, 78426507, 1, 0, 0
75550, 84946735, 1, 0, 0
75604, 79410234, 1, 0, 0
75701, 83077966, 1, 0, 0
75805, 43444817, 1, 0, 0
75908, 21515351, 1, 0, 0
76008, 24242397, 1, 0, 0
76106, 21734896, 1, 0, 0
76211, 23598392, 1, 0, 0
76311, 23022288, 1, 0, 0
76404, 25404492, 1, 0, 0
76507, 22705881, 1, 0, 0
76605, 22305833, 1, 0, 0
76706, 23122830, 1, 0, 0
76807, 21162841, 1, 0, 0
76911, 23728549, 1, 0, 0
77007, 25192823, 1, 0, 0
77115, 23207472, 1, 0, 0
77200, 24706162, 1, 0, 0
77301, 24835301, 1, 0, 0
77405, 26364844, 1, 0, 0
77509, 26576292, 1, 0, 0
77613, 25906719, 1, 0, 0
77717, 27338801, 1, 0, 0
77818, 26172968, 1, 0, 0
77919, 27017031, 1, 0, 0
78000, 26478646, 1, 0, 0
78101, 26989367, 1, 0, 0
78203, 24479797, 1, 0, 0
78305, 23729785, 1, 0, 0
78407, 25495091, 1, 0, 0
78509, 25262141, 1, 0, 0
78621, 24410630, 1, 0, 0
78709, 23864772, 1, 0, 0
78807, 27599384, 1, 0, 0
78908, 49419682, 1, 0, 0
79015, 77529904, 1, 0, 0
79126, 70434961, 1, 0, 0
79236, 66403110, 1, 0, 0
79343, 77070120, 1, 0, 0
79449, 84684403, 1, 0, 0
79504, 81502602, 1, 0, 0
79615, 40388774, 1, 0, 0
79700, 25658479, 1, 0, 0
79805, 29059554, 1, 0, 0
79908, 27289676, 1, 0, 0
80011, 27419847, 1, 0, 0
80114, 27480027, 1, 0, 0
80200, 26493184, 1, 0, 0
80303, 26360748, 1, 0, 0
80407, 28892282, 1, 0, 0
80510, 27510171, 1, 0, 0
80614, 21755271, 1, 0, 0
80700, 26547325, 1, 0, 0
80806, 28862772, 1, 0, 0
80910, 29230016, 1, 0, 0
81015, 22288670, 1, 0, 0
81106, 21161081, 1, 0, 0
81204, 23846457, 1, 0, 0
81306, 20785126, 1, 0, 0
81401, 22337589, 1, 0, 0
81503, 23086829, 1, 0, 0
81615, 24391636, 1, 0, 0
81700, 23255394, 1, 0, 0
81803, 23712367, 1, 0, 0
81907, 20634608, 1, 0, 0
82005, 21490704, 1, 0, 0
82105, 21124807, 1, 0, 0
82208, 19486509, 1, 0, 0
82306, 22244840, 1, 0, 0
82404, 21916857, 1, 0, 0
82531, 35528170, 1, 0, 0
82641, 83709160, 1, 0, 0
82748, 75911493, 1, 0, 0
82801, 80142811, 1, 0, 0
82908, 86364192, 1, 0, 0
83017, 85317831, 1, 0, 0
83130, 88106681, 1, 0, 0
83202, 31257450, 1, 0, 0
83305, 22106163, 1, 0, 0
83405, 22830224, 1, 0, 0
83504, 23454073, 1, 0, 0
83608, 22961642, 1, 0, 0
83711, 23110755, 1, 0, 0
83810, 23399473, 1, 0, 0
83911, 23413992, 1, 0, 0
84001, 22818556, 1, 0, 0
84118, 21403770, 1, 0, 0
84202, 22976060, 1, 0, 0
84304, 18160997, 1, 0, 0
84408, 21869585, 1, 0, 0
84507, 24041464, 1, 0, 0
84608, 22771911, 1, 0, 0
84703, 22241672, 1, 0, 0
84800, 24450826, 1, 0, 0
84904, 18445814, 1, 0, 0
85008, 22153661, 1, 0, 0
85104, 20539100, 1, 0, 0
85208, 19716937, 1, 0, 0
85306, 20856278, 1, 0, 0
85402, 19515956, 1, 0, 0
85504, 21802622, 1, 0, 0
85602, 21269550, 1, 0, 0
85704, 22785428, 1, 0, 0
85807, 23253014, 1, 0, 0
85906, 22568055, 1, 0, 0
86006, 23338242, 1, 0, 0
86111, 21845050, 1, 0, 0
86201, 21604382, 1, 0, 0
86312, 27359059, 1, 0, 0
86415, 68967030, 1, 0, 0
86517, 64815221, 1, 0, 0
86616, 57265455, 1, 0, 0
86717, 79624326, 1, 0, 0
86818, 57324321, 1, 0, 0
86938, 68019102, 1, 0, 0
87028, 65092696, 1, 0, 0
87101, 33020394, 1, 0, 0
87205, 23205478, 1, 0, 0
87307, 22972644, 1, 0, 0
87404, 23248144, 1, 0, 0
87510, 19334840, 1, 0, 0
87613, 21718234, 1, 0, 0
87711, 21173718, 1, 0, 0
87809, 22767049, 1, 0, 0
87913, 19362084, 1, 0, 0
88016, 22810096, 1, 0, 0
88117, 21392536, 1, 0, 0
88204, 21458916, 1, 0, 0
88303, 21104579, 1, 0, 0
88402, 23103517, 1, 0, 0
88506, 22930159, 1, 0, 0
88607, 22875256, 1, 0, 0
88705, 23026252, 1, 0, 0
88808, 23193817, 1, 0, 0
88910, 22677253, 1, 0, 0
89010, 22994238, 1, 0, 0
89107, 21502569, 1, 0, 0
89210, 23007388, 1, 0, 0
89313, 22540959, 1, 0, 0
89403, 25714574, 1, 0, 0
89505, 20106510, 1, 0, 0
89608, 23217797, 1, 0, 0
89705, 22374113, 1, 0, 0
89802, 22339752, 1, 0, 0
89903, 19295817, 1, 0, 0
90002, 23534587, 1, 0, 0
90016, 27052013, 1, 0, 0
