112, 27802563, 1, 0, 0
201, 23048466, 1, 0, 0
343, 40014992, 1, 0, 0
410, 74841076, 1, 0, 0
544, 102025633, 1, 0, 0
620, 151014592, 1, 0, 0
740, 112526301, 1, 0, 0
807, 90944455, 1, 0, 0
947, 111241940, 1, 0, 0
1004, 124943815, 1, 0, 0
1110, 47886513, 1, 0, 0
1204, 33140082, 1, 0, 0
1302, 25247652, 1, 0, 0
1413, 24595930, 1, 0, 0
1503, 27512246, 1, 0, 0
1610, 28640767, 1, 0, 0
1715, 28131118, 1, 0, 0
1802, 28489279, 1, 0, 0
1907, 28660870, 1, 0, 0
2009, 24407758, 1, 0, 0
2109, 22317999, 1, 0, 0
2210, 24427283, 1, 0, 0
2312, 23058370, 1, 0, 0
2403, 24148910, 1, 0, 0
2503, 20529035, 1, 0, 0
2600, 22720997, 1, 0, 0
2704, 21797657, 1, 0, 0
2802, 24353435, 1, 0, 0
2904, 23049260, 1, 0, 0
3006, 24353995, 1, 0, 0
3105, 22796761, 1, 0, 0
3210, 23230559, 1, 0, 0
3311, 22996024, 1, 0, 0
3404, 24458641, 1, 0, 0
3509, 23650550, 1, 0, 0
3602, 19682485, 1, 0, 0
3726, 83347560, 1, 0, 0
3836, 85685920, 1, 0, 0
3946, 87867352, 1, 0, 0
4051, 86245738, 1, 0, 0
4105, 106136320, 1, 0, 0
4211, 84769333, 1, 0, 0
4307, 68493685, 1, 0, 0
4410, 22919101, 1, 0, 0
4510, 22665331, 1, 0, 0
4609, 23396646, 1, 0, 0
4701, 19896351, 1, 0, 0
4800, 24146882, 1, 0, 0
4903, 23316284, 1, 0, 0
5004, 27222549, 1, 0, 0
5108, 23095350, 1, 0, 0
5209, 18569404, 1, 0, 0
5303, 24293316, 1, 0, 0
5407, 23082676, 1, 0, 0
5506, 22259237, 1, 0, 0
5606, 23341356, 1, 0, 0
5709, 23589488, 1, 0, 0
5800, 23289221, 1, 0, 0
5915, 22814145, 1, 0, 0
6001, 23673258, 1, 0, 0
6106, 23756545, 1, 0, 0
6211, 23033250, 1, 0, 0
6309, 20405881, 1, 0, 0
6400, 22345420, 1, 0, 0
6514, 22256979, 1, 0, 0
6609, 21198740, 1, 0, 0
6700, 22659120, 1, 0, 0
6811, 25420195, 1, 0, 0
6902, 23604500, 1, 0, 0
7005, 20499853, 1, 0, 0
7108, 24407253, 1, 0, 0
7210, 20030162, 1, 0, 0
7308, 16747742, 1, 0, 0
7408, 23063653, 1, 0, 0
7517, 35256369, 1, 0, 0
7620, 82109935, 1, 0, 0
7723, 81777348, 1, 0, 0
7832, 72797877, 1, 0, 0
7941, 86234903, 1, 0, 0
8049, 85267932, 1, 0, 0
8102, 108231471, 1, 0, 0
8212, 42966274, 1, 0, 0
8300, 20280372, 1, 0, 0
8415, 23990387, 1, 0, 0
8510, 24661628, 1, 0, 0
8608, 22534739, 1, 0, 0
8712, 22942033, 1, 0, 0
8814, 22903062, 1, 0, 0
8902, 21728776, 1, 0, 0
9003, 23677842, 1, 0, 0
9102, 23615508, 1, 0, 0
9205, 23893723, 1, 0, 0
9310, 23125456, 1, 0, 0
9414, 22313846, 1, 0, 0
9516, 23956737, 1, 0, 0
9605, 19838120, 1, 0, 0
9701, 25930673, 1, 0, 0
9803, 21849847, 1, 0, 0
9901, 23076192, 1, 0, 0
10004, 21326194, 1, 0, 0
10102, 28176929, 1, 0, 0
10213, 23396586, 1, 0, 0
10303, 18203210, 1, 0, 0
10405, 20783692, 1, 0, 0
10503, 23611181, 1, 0, 0
10602, 20621711, 1, 0, 0
10706, 23194820, 1, 0, 0
10801, 23907944, 1, 0, 0
10900, 22886676, 1, 0, 0
11004, 23844177, 1, 0, 0
11108, 23804346, 1, 0, 0
11217, 21425949, 1, 0, 0
11322, 62996813, 1, 0, 0
11430, 87626945, 1, 0, 0
11542, 85720296, 1, 0, 0
11650, 89034105, 1, 0, 0
11701, 79657326, 1, 0, 0
11808, 84426940, 1, 0, 0
11900, 82835103, 1, 0, 0
12002, 27336059, 1, 0, 0
12100, 23892243, 1, 0, 0
12202, 20862075, 1, 0, 0
12308, 23465339, 1, 0, 0
12407, 22725548, 1, 0, 0
12507, 24001295, 1, 0, 0
12613, 22583392, 1, 0, 0
12717, 23679587, 1, 0, 0
12800, 21751271, 1, 0, 0
12903, 23014297, 1, 0, 0
13008, 20303958, 1, 0, 0
13109, 23168658, 1, 0, 0
13203, 24012242, 1, 0, 0
13307, 23168246, 1, 0, 0
13410, 22593161, 1, 0, 0
13509, 21898411, 1, 0, 0
13609, 22462823, 1, 0, 0
13711, 21516210, 1, 0, 0
13812, 22912448, 1, 0, 0
13911, 23070283, 1, 0, 0
14001, 23846023, 1, 0, 0
14118, 23190716, 1, 0, 0
14210, 24183310, 1, 0, 0
14308, 26557782, 1, 0, 0
14403, 22444044, 1, 0, 0
14509, 23732722, 1, 0, 0
14613, 23384304, 1, 0, 0
14713, 22295268, 1, 0, 0
14812, 23298476, 1, 0, 0
14900, 21924319, 1, 0, 0
15001, 23309050, 1, 0, 0
15145, 25193130, 1, 0, 0
15247, 85542961, 1, 0, 0
15348, 81346005, 1, 0, 0
15400, 76187900, 1, 0, 0
15528, 102177460, 1, 0, 0
15633, 85547556, 1, 0, 0
15718, 76937106, 1, 0, 0
15809, 57115798, 1, 0, 0
15909, 23299997, 1, 0, 0
16010, 19203365, 1, 0, 0
16112, 22931856, 1, 0, 0
16213, 21419596, 1, 0, 0
16312, 23438315, 1, 0, 0
16400, 21847612, 1, 0, 0
16517, 22299517, 1, 0, 0
16601, 23889332, 1, 0, 0
16707, 23782992, 1, 0, 0
16810, 23526979, 1, 0, 0
16908, 20859193, 1, 0, 0
17000, 23898076, 1, 0, 0
17105, 20441010, 1, 0, 0
17208, 22761448, 1, 0, 0
17306, 23677628, 1, 0, 0
17409, 23791054, 1, 0, 0
17509, 22200657, 1, 0, 0
17603, 24213607, 1, 0, 0
17703, 23029966, 1, 0, 0
17806, 22995540, 1, 0, 0
17906, 21178059, 1, 0, 0
18002, 21395661, 1, 0, 0
18102, 18135740, 1, 0, 0
18206, 23083941, 1, 0, 0
18308, 22601910, 1, 0, 0
18406, 23837003, 1, 0, 0
18506, 22653327, 1, 0, 0
18608, 22142130, 1, 0, 0
18702, 22125497, 1, 0, 0
18804, 23048890, 1, 0, 0
18949, 34333959, 1, 0, 0
19000, 85403247, 1, 0, 0
19100, 79823138, 1, 0, 0
19202, 81994223, 1, 0, 0
19302, 70813424, 1, 0, 0
19403, 90946098, 1, 0, 0
19507, 81738960, 1, 0, 0
19604, 49428718, 1, 0, 0
19704, 23138469, 1, 0, 0
19812, 24948414, 1, 0, 0
19905, 20553641, 1, 0, 0
20006, 26651318, 1, 0, 0
20107, 21728467, 1, 0, 0
20212, 26414137, 1, 0, 0
20313, 18715773, 1, 0, 0
20401, 21239277, 1, 0, 0
20505, 20294217, 1, 0, 0
20610, 22485605, 1, 0, 0
20709, 22994528, 1, 0, 0
20803, 23422925, 1, 0, 0
20901, 23001156, 1, 0, 0
21001, 21414270, 1, 0, 0
21104, 21291975, 1, 0, 0
21211, 23817392, 1, 0, 0
21309, 22691829, 1, 0, 0
21407, 23250012, 1, 0, 0
21510, 22714192, 1, 0, 0
21613, 23028401, 1, 0, 0
21711, 23049404, 1, 0, 0
21810, 23168359, 1, 0, 0
21911, 22336227, 1, 0, 0
22004, 22599931, 1, 0, 0
22105, 18808511, 1, 0, 0
22208, 20310914, 1, 0, 0
22311, 15797344, 1, 0, 0
22410, 21765436, 1, 0, 0
22500, 18756800, 1, 0, 0
22611, 21220108, 1, 0, 0
22708, 29850528, 1, 0, 0
22810, 74118061, 1, 0, 0
22910, 82738680, 1, 0, 0
23016, 81995329, 1, 0, 0
23124, 74637138, 1, 0, 0
23229, 85939222, 1, 0, 0
23336, 84450591, 1, 0, 0
23405, 38948871, 1, 0, 0
23507, 21591109, 1, 0, 0
23606, 21677996, 1, 0, 0
23705, 19900648, 1, 0, 0
23807, 23248691, 1, 0, 0
23913, 23442712, 1, 0, 0
24013, 22623685, 1, 0, 0
24101, 22813041, 1, 0, 0
24222, 23295803, 1, 0, 0
24321, 39186381, 1, 0, 0
24408, 51421659, 1, 0, 0
24519, 28482806, 1, 0, 0
24610, 24541584, 1, 0, 0
24703, 23542253, 1, 0, 0
24804, 23420379, 1, 0, 0
24909, 23756043, 1, 0, 0
25013, 21520918, 1, 0, 0
25120, 22809896, 1, 0, 0
25206, 19776863, 1, 0, 0
25309, 24584826, 1, 0, 0
25412, 21053311, 1, 0, 0
25507, 21726145, 1, 0, 0
25607, 24562556, 1, 0, 0
25710, 21177876, 1, 0, 0
25814, 20789635, 1, 0, 0
25900, 23979520, 1, 0, 0
26010, 25209794, 1, 0, 0
26109, 28654540, 1, 0, 0
26204, 35680951, 1, 0, 0
26343, 38276638, 1, 0, 0
26409, 82652569, 1, 0, 0
26543, 102168542, 1, 0, 0
26610, 114135473, 1, 0, 0
26749, 81824384, 1, 0, 0
26808, 101485547, 1, 0, 0
26952, 102779863, 1, 0, 0
27030, 157084704, 1, 0, 0
27104, 71619056, 1, 0, 0
27210, 32011738, 1, 0, 0
27302, 30654759, 1, 0, 0
27402, 24409853, 1, 0, 0
27503, 22660843, 1, 0, 0
27608, 23249063, 1, 0, 0
27709, 22995906, 1, 0, 0
27808, 23085851, 1, 0, 0
27907, 21280603, 1, 0, 0
28009, 22396434, 1, 0, 0
28106, 23011580, 1, 0, 0
28204, 25210065, 1, 0, 0
28307, 22629755, 1, 0, 0
28407, 21885759, 1, 0, 0
28505, 24034357, 1, 0, 0
28604, 20275510, 1, 0, 0
28707, 20761899, 1, 0, 0
28806, 23245622, 1, 0, 0
28906, 22910749, 1, 0, 0
29016, 19830152, 1, 0, 0
29100, 23389649, 1, 0, 0
29205, 16945154, 1, 0, 0
29314, 21878836, 1, 0, 0
29415, 23175427, 1, 0, 0
29501, 23460383, 1, 0, 0
29601, 21594920, 1, 0, 0
29715, 20778412, 1, 0, 0
29826, 41843246, 1, 0, 0
29926, 79612460, 1, 0, 0
30033, 81872229, 1, 0, 0
30136, 84195598, 1, 0, 0
30238, 81759524, 1, 0, 0
30345, 83413274, 1, 0, 0
30434, 82129233, 1, 0, 0
30504, 30370649, 1, 0, 0
30604, 22673304, 1, 0, 0
30707, 22997432, 1, 0, 0
30804, 22730580, 1, 0, 0
30905, 21187594, 1, 0, 0
31008, 23153604, 1, 0, 0
31104, 21102287, 1, 0, 0
31207, 22693160, 1, 0, 0
31307, 23172853, 1, 0, 0
31407, 23003185, 1, 0, 0
31501, 20455172, 1, 0, 0
31615, 21016447, 1, 0, 0
31713, 23739038, 1, 0, 0
31801, 19735035, 1, 0, 0
31901, 20309666, 1, 0, 0
32002, 23986229, 1, 0, 0
32105, 23189873, 1, 0, 0
32207, 22538773, 1, 0, 0
32310, 23443219, 1, 0, 0
32401, 21474485, 1, 0, 0
32502, 23184852, 1, 0, 0
32617, 22310617, 1, 0, 0
32710, 22832644, 1, 0, 0
32811, 22989904, 1, 0, 0
32912, 22185884, 1, 0, 0
33007, 23529836, 1, 0, 0
33109, 22577399, 1, 0, 0
33212, 22644532, 1, 0, 0
33309, 22838063, 1, 0, 0
33408, 22623649, 1, 0, 0
33512, 22763823, 1, 0, 0
33613, 24107970, 1, 0, 0
33711, 50122182, 1, 0, 0
33812, 69244187, 1, 0, 0
33912, 90261700, 1, 0, 0
34016, 81149185, 1, 0, 0
34117, 83143427, 1, 0, 0
34219, 80142624, 1, 0, 0
34331, 84355281, 1, 0, 0
34403, 36777366, 1, 0, 0
34517, 22850830, 1, 0, 0
34607, 21479459, 1, 0, 0
34712, 22502679, 1, 0, 0
34815, 21078642, 1, 0, 0
34900, 22987778, 1, 0, 0
35001, 22072763, 1, 0, 0
35102, 24804205, 1, 0, 0
35201, 26077519, 1, 0, 0
35305, 29683602, 1, 0, 0
35411, 28452256, 1, 0, 0
35512, 27028325, 1, 0, 0
35614, 24153508, 1, 0, 0
35717, 24465666, 1, 0, 0
35818, 27797663, 1, 0, 0
35919, 25499326, 1, 0, 0
36000, 25235725, 1, 0, 0
36102, 26500413, 1, 0, 0
36214, 29356892, 1, 0, 0
36300, 25646726, 1, 0, 0
36403, 24792541, 1, 0, 0
36507, 27486676, 1, 0, 0
36611, 27780648, 1, 0, 0
36711, 25887383, 1, 0, 0
36813, 23386264, 1, 0, 0
36904, 22568310, 1, 0, 0
37008, 23241744, 1, 0, 0
37108, 22673860, 1, 0, 0
37212, 23915962, 1, 0, 0
37317, 25228018, 1, 0, 0
37421, 80225271, 1, 0, 0
37525, 82612440, 1, 0, 0
37633, 87539116, 1, 0, 0
37743, 86389236, 1, 0, 0
37858, 67412311, 1, 0, 0
37913, 86293757, 1, 0, 0
38011, 40313539, 1, 0, 0
38110, 22087174, 1, 0, 0
38201, 22672413, 1, 0, 0
38316, 22769814, 1, 0, 0
38402, 22346925, 1, 0, 0
38502, 20384446, 1, 0, 0
38604, 22746207, 1, 0, 0
38704, 23623787, 1, 0, 0
38806, 22633361, 1, 0, 0
38906, 23702099, 1, 0, 0
39023, 24605680, 1, 0, 0
39109, 17496783, 1, 0, 0
39207, 19324974, 1, 0, 0
39307, 22224108, 1, 0, 0
39408, 22420120, 1, 0, 0
39511, 21489873, 1, 0, 0
39603, 23130130, 1, 0, 0
39708, 25388520, 1, 0, 0
39811, 22545019, 1, 0, 0
39914, 21221290, 1, 0, 0
40014, 23993439, 1, 0, 0
40101, 22861654, 1, 0, 0
40203, 21342357, 1, 0, 0
40308, 23295309, 1, 0, 0
40409, 21435941, 1, 0, 0
40504, 22508743, 1, 0, 0
40605, 23042444, 1, 0, 0
40708, 22769565, 1, 0, 0
40810, 20576362, 1, 0, 0
40901, 23551939, 1, 0, 0
41004, 28121836, 1, 0, 0
41141, 41647489, 1, 0, 0
41249, 83189317, 1, 0, 0
41307, 89722079, 1, 0, 0
41416, 87446086, 1, 0, 0
41527, 88302493, 1, 0, 0
41637, 88460603, 1, 0, 0
41746, 87517475, 1, 0, 0
41804, 45241369, 1, 0, 0
41907, 27306587, 1, 0, 0
42009, 25518658, 1, 0, 0
42111, 27295113, 1, 0, 0
42213, 24506604, 1, 0, 0
42301, 24052843, 1, 0, 0
42400, 24534025, 1, 0, 0
42515, 22694022, 1, 0, 0
42600, 23656856, 1, 0, 0
42702, 23892931, 1, 0, 0
42801, 21575794, 1, 0, 0
42906, 22811146, 1, 0, 0
43003, 21583285, 1, 0, 0
43103, 18499392, 1, 0, 0
43205, 21586373, 1, 0, 0
43308, 21667466, 1, 0, 0
43405, 21556360, 1, 0, 0
43508, 19319268, 1, 0, 0
43608, 22354731, 1, 0, 0
43705, 21958354, 1, 0, 0
43809, 21556504, 1, 0, 0
43912, 23275831, 1, 0, 0
44015, 21728606, 1, 0, 0
44100, 23800612, 1, 0, 0
44200, 22885272, 1, 0, 0
44303, 22362463, 1, 0, 0
44401, 23109535, 1, 0, 0
44500, 23404737, 1, 0, 0
44602, 21992496, 1, 0, 0
44716, 22060392, 1, 0, 0
44822, 29305570, 1, 0, 0
44928, 56182798, 1, 0, 0
45036, 86219520, 1, 0, 0
45145, 85947894, 1, 0, 0
45250, 84044344, 1, 0, 0
45304, 54090433, 1, 0, 0
45415, 86555593, 1, 0, 0
45515, 44941592, 1, 0, 0
45608, 21358775, 1, 0, 0
45701, 24392126, 1, 0, 0
45814, 22866646, 1, 0, 0
45916, 22912933, 1, 0, 0
46003, 23052269, 1, 0, 0
46102, 22835804, 1, 0, 0
46203, 22034892, 1, 0, 0
46314, 22457436, 1, 0, 0
46414, 22506319, 1, 0, 0
46501, 21038547, 1, 0, 0
46605, 23166080, 1, 0, 0
46707, 22991980, 1, 0, 0
46803, 23149145, 1, 0, 0
46909, 20704444, 1, 0, 0
47005, 25694636, 1, 0, 0
47102, 23566836, 1, 0, 0
47204, 23046648, 1, 0, 0
47304, 22306245, 1, 0, 0
47401, 23401887, 1, 0, 0
47500, 24695958, 1, 0, 0
47605, 23522937, 1, 0, 0
47704, 21427082, 1, 0, 0
47800, 22444996, 1, 0, 0
47910, 22915924, 1, 0, 0
48002, 23229297, 1, 0, 0
48116, 22797036, 1, 0, 0
48200, 23165080, 1, 0, 0
48301, 21621169, 1, 0, 0
48404, 23786763, 1, 0, 0
48501, 23439555, 1, 0, 0
48604, 21052062, 1, 0, 0
48708, 73862070, 1, 0, 0
48812, 82105259, 1, 0, 0
48918, 85193912, 1, 0, 0
49021, 82504525, 1, 0, 0
49122, 82180857, 1, 0, 0
49224, 80956100, 1, 0, 0
49302, 67914749, 1, 0, 0
49408, 24273000, 1, 0, 0
49509, 22231323, 1, 0, 0
49612, 21573399, 1, 0, 0
49708, 20408354, 1, 0, 0
49809, 22529821, 1, 0, 0
49912, 23343287, 1, 0, 0
50002, 22656405, 1, 0, 0
50100, 20419275, 1, 0, 0
50200, 22399512, 1, 0, 0
50306, 23382887, 1, 0, 0
50409, 21521941, 1, 0, 0
50509, 23668464, 1, 0, 0
50607, 23257026, 1, 0, 0
50709, 20765574, 1, 0, 0
50811, 26306163, 1, 0, 0
50913, 23991596, 1, 0, 0
51014, 26869562, 1, 0, 0
51114, 26698276, 1, 0, 0
51201, 21808814, 1, 0, 0
51305, 21853576, 1, 0, 0
51409, 21807603, 1, 0, 0
51503, 24130871, 1, 0, 0
51602, 22812085, 1, 0, 0
51704, 21476608, 1, 0, 0
51800, 19415771, 1, 0, 0
51902, 19514304, 1, 0, 0
52009, 21095385, 1, 0, 0
52106, 22942750, 1, 0, 0
52203, 21909091, 1, 0, 0
52309, 21138253, 1, 0, 0
52439, 27435590, 1, 0, 0
52544, 80986898, 1, 0, 0
52651, 84500693, 1, 0, 0
52705, 80554374, 1, 0, 0
52813, 87941555, 1, 0, 0
52920, 73675748, 1, 0, 0
53000, 120841696, 1, 0, 0
53108, 53124546, 1, 0, 0
53213, 23134982, 1, 0, 0
53318, 23553475, 1, 0, 0
53401, 23517475, 1, 0, 0
53504, 21878108, 1, 0, 0
53604, 22099830, 1, 0, 0
53717, 25067518, 1, 0, 0
53805, 24373050, 1, 0, 0
53909, 23043303, 1, 0, 0
54008, 23407019, 1, 0, 0
54109, 22996152, 1, 0, 0
54210, 23876143, 1, 0, 0
54311, 22496242, 1, 0, 0
54409, 21721023, 1, 0, 0
54501, 22745015, 1, 0, 0
54615, 23543825, 1, 0, 0
54713, 23232455, 1, 0, 0
54801, 22803884, 1, 0, 0
54901, 22549684, 1, 0, 0
55016, 22830532, 1, 0, 0
55101, 22972689, 1, 0, 0
55203, 22517209, 1, 0, 0
55300, 20305892, 1, 0, 0
55402, 20967258, 1, 0, 0
55502, 20568478, 1, 0, 0
55601, 22732491, 1, 0, 0
55709, 21866071, 1, 0, 0
55800, 22039394, 1, 0, 0
55914, 22174649, 1, 0, 0
56012, 22987558, 1, 0, 0
56100, 21299760, 1, 0, 0
56218, 29828951, 1, 0, 0
56317, 80009125, 1, 0, 0
56419, 81422515, 1, 0, 0
56519, 81082579, 1, 0, 0
56620, 79481224, 1, 0, 0
56721, 80754758, 1, 0, 0
56829, 55908759, 1, 0, 0
56913, 63487377, 1, 0, 0
57010, 28032836, 1, 0, 0
57103, 23898441, 1, 0, 0
57200, 21356751, 1, 0, 0
57300, 22999154, 1, 0, 0
57402, 22351494, 1, 0, 0
57512, 25579223, 1, 0, 0
57610, 22096306, 1, 0, 0
57712, 20334259, 1, 0, 0
57809, 22108370, 1, 0, 0
57910, 22533969, 1, 0, 0
58000, 23467735, 1, 0, 0
58101, 22723184, 1, 0, 0
58218, 21757767, 1, 0, 0
58305, 24233294, 1, 0, 0
58408, 23634073, 1, 0, 0
58514, 23509128, 1, 0, 0
58615, 22325540, 1, 0, 0
58704, 24861325, 1, 0, 0
58801, 24099008, 1, 0, 0
58900, 21712797, 1, 0, 0
59014, 22665343, 1, 0, 0
59108, 22970701, 1, 0, 0
59212, 22595526, 1, 0, 0
59314, 22536150, 1, 0, 0
59400, 24591721, 1, 0, 0
59511, 23441550, 1, 0, 0
59600, 24669271, 1, 0, 0
59715, 22809697, 1, 0, 0
59815, 23900505, 1, 0, 0
59901, 22967189, 1, 0, 0
60042, 35564633, 1, 0, 0
60139, 74318779, 1, 0, 0
60245, 83674752, 1, 0, 0
60352, 85778226, 1, 0, 0
60401, 77459229, 1, 0, 0
60504, 67618736, 1, 0, 0
60616, 68189037, 1, 0, 0
60702, 64400499, 1, 0, 0
60803, 23114972, 1, 0, 0
60905, 21644519, 1, 0, 0
61005, 23102478, 1, 0, 0
61107, 21498334, 1, 0, 0
61209, 22771001, 1, 0, 0
61304, 22661342, 1, 0, 0
61410, 22464915, 1, 0, 0
61513, 22838408, 1, 0, 0
61605, 23278714, 1, 0, 0
61706, 23210040, 1, 0, 0
61805, 23660143, 1, 0, 0
61907, 23163417, 1, 0, 0
62009, 25506688, 1, 0, 0
62112, 27304418, 1, 0, 0
62213, 27063340, 1, 0, 0
62314, 26977139, 1, 0, 0
62401, 26939983, 1, 0, 0
62505, 25590517, 1, 0, 0
62609, 23011609, 1, 0, 0
62709, 23284906, 1, 0, 0
62809, 22983411, 1, 0, 0
62901, 21249629, 1, 0, 0
63003, 23264646, 1, 0, 0
63105, 23343285, 1, 0, 0
63203, 24496340, 1, 0, 0
63302, 21395266, 1, 0, 0
63403, 24380165, 1, 0, 0
63503, 20715361, 1, 0, 0
63605, 20872215, 1, 0, 0
63707, 24286870, 1, 0, 0
63833, 46522302, 1, 0, 0
63934, 82499046, 1, 0, 0
64042, 84028363, 1, 0, 0
64153, 87510865, 1, 0, 0
64208, 91937161, 1, 0, 0
64321, 90700215, 1, 0, 0
64405, 46092391, 1, 0, 0
64509, 22919134, 1, 0, 0
64611, 23637901, 1, 0, 0
64700, 23691104, 1, 0, 0
64801, 20032038, 1, 0, 0
64902, 24175029, 1, 0, 0
65004, 23031524, 1, 0, 0
65103, 23365125, 1, 0, 0
65207, 21027506, 1, 0, 0
65309, 23202651, 1, 0, 0
65410, 20949836, 1, 0, 0
65508, 19821164, 1, 0, 0
65610, 26096943, 1, 0, 0
65710, 23032688, 1, 0, 0
65810, 21761321, 1, 0, 0
65913, 23630751, 1, 0, 0
66014, 23222920, 1, 0, 0
66111, 22475900, 1, 0, 0
66204, 21262866, 1, 0, 0
66305, 20744872, 1, 0, 0
66408, 23028529, 1, 0, 0
66507, 21448518, 1, 0, 0
66613, 21870941, 1, 0, 0
66715, 21112822, 1, 0, 0
66815, 22531058, 1, 0, 0
66904, 20088734, 1, 0, 0
67010, 20676333, 1, 0, 0
67112, 24358337, 1, 0, 0
67200, 22818798, 1, 0, 0
67309, 23182418, 1, 0, 0
67403, 24510715, 1, 0, 0
67503, 22428166, 1, 0, 0
67636, 28047672, 1, 0, 0
67739, 79959668, 1, 0, 0
67843, 83456367, 1, 0, 0
67946, 68007969, 1, 0, 0
68044, 81842896, 1, 0, 0
68148, 80368904, 1, 0, 0
68248, 81781104, 1, 0, 0
68300, 102277860, 1, 0, 0
68401, 32977069, 1, 0, 0
68507, 21741649, 1, 0, 0
68610, 23443168, 1, 0, 0
68700, 22782334, 1, 0, 0
68803, 22829216, 1, 0, 0
68902, 22154233, 1, 0, 0
69000, 22475352, 1, 0, 0
69101, 22544642, 1, 0, 0
69208, 21415258, 1, 0, 0
69308, 24364015, 1, 0, 0
69405, 22470561, 1, 0, 0
69509, 23367688, 1, 0, 0
69613, 20340823, 1, 0, 0
69713, 24251977, 1, 0, 0
69803, 23557263, 1, 0, 0
69906, 23017396, 1, 0, 0
70010, 23952626, 1, 0, 0
70107, 23259609, 1, 0, 0
70210, 23010196, 1, 0, 0
70314, 23469934, 1, 0, 0
70417, 19897719, 1, 0, 0
70501, 23663323, 1, 0, 0
70605, 21272497, 1, 0, 0
70703, 21977430, 1, 0, 0
70803, 23085084, 1, 0, 0
70901, 24781014, 1, 0, 0
71014, 20711737, 1, 0, 0
71116, 22353589, 1, 0, 0
71202, 23872781, 1, 0, 0
71303, 21305121, 1, 0, 0
71434, 30068974, 1, 0, 0
71539, 77501021, 1, 0, 0
71642, 78172433, 1, 0, 0
71750, 84633999, 1, 0, 0
71810, 69077632, 1, 0, 0
71922, 91742152, 1, 0, 0
72037, 68489292, 1, 0, 0
72109, 37876454, 1, 0, 0
72209, 23311582, 1, 0, 0
72302, 26268844, 1, 0, 0
72403, 26246126, 1, 0, 0
72505, 26121721, 1, 0, 0
72611, 29046671, 1, 0, 0
72717, 28240693, 1, 0, 0
72803, 27730865, 1, 0, 0
72914, 29401130, 1, 0, 0
73004, 27980115, 1, 0, 0
73113, 28948668, 1, 0, 0
73219, 25592079, 1, 0, 0
73305, 24936017, 1, 0, 0
73412, 28408608, 1, 0, 0
73503, 28135384, 1, 0, 0
73611, 27610505, 1, 0, 0
73719, 28756035, 1, 0, 0
73807, 29135088, 1, 0, 0
73905, 30274764, 1, 0, 0
74008, 27521242, 1, 0, 0
74111, 25105288, 1, 0, 0
74214, 21629504, 1, 0, 0
74318, 26097940, 1, 0, 0
74401, 24020000, 1, 0, 0
74504, 25087931, 1, 0, 0
74606, 27509663, 1, 0, 0
74710, 27502286, 1, 0, 0
74812, 26759971, 1, 0, 0
74914, 23884938, 1, 0, 0
75016, 22620714, 1, 0, 0
75132, 28537992, 1, 0, 0
75226, 69434674, 1, 0, 0
75319, 73597206, 1, 0, 0
75423, 77702446, 1, 0, 0
75528, 84128885, 1, 0, 0
75634, 85038656, 1, 0, 0
75725, 80931835, 1, 0, 0
75805, 46116856, 1, 0, 0
75904, 21476250, 1, 0, 0
76000, 20712154, 1, 0, 0
76101, 22774010, 1, 0, 0
76200, 21499967, 1, 0, 0
76317, 21451005, 1, 0, 0
76404, 22419133, 1, 0, 0
76505, 23213994, 1, 0, 0
76601, 20901216, 1, 0, 0
76701, 22768580, 1, 0, 0
76807, 19868258, 1, 0, 0
76911, 23424204, 1, 0, 0
77012, 25607311, 1, 0, 0
77100, 26750599, 1, 0, 0
77205, 24690436, 1, 0, 0
77307, 20166703, 1, 0, 0
77411, 22124779, 1, 0, 0
77514, 22126587, 1, 0, 0
77600, 29066549, 1, 0, 0
77700, 25002237, 1, 0, 0
77803, 27097578, 1, 0, 0
77904, 26564074, 1, 0, 0
78005, 21387510, 1, 0, 0
78106, 26928681, 1, 0, 0
78208, 24976160, 1, 0, 0
78310, 27110940, 1, 0, 0
78412, 27227634, 1, 0, 0
78501, 23784006, 1, 0, 0
78602, 22457879, 1, 0, 0
78714, 29879926, 1, 0, 0
78812, 23906403, 1, 0, 0
78914, 43059155, 1, 0, 0
79021, 63178741, 1, 0, 0
79131, 87039835, 1, 0, 0
79241, 88301935, 1, 0, 0
79348, 86891902, 1, 0, 0
79400, 79806571, 1, 0, 0
79509, 63734742, 1, 0, 0
79601, 45598035, 1, 0, 0
79706, 25386118, 1, 0, 0
79811, 25315713, 1, 0, 0
79913, 25052899, 1, 0, 0
80016, 24747510, 1, 0, 0
80102, 28103913, 1, 0, 0
80205, 22926103, 1, 0, 0
80308, 25296331, 1, 0, 0
80412, 24075321, 1, 0, 0
80515, 25194068, 1, 0, 0
80601, 24559678, 1, 0, 0
80705, 27448837, 1, 0, 0
80811, 24995408, 1, 0, 0
80902, 26712778, 1, 0, 0
81004, 24219739, 1, 0, 0
81111, 23671101, 1, 0, 0
81209, 22426069, 1, 0, 0
81311, 22444130, 1, 0, 0
81414, 22380396, 1, 0, 0
81516, 22034434, 1, 0, 0
81602, 24146898, 1, 0, 0
81705, 22563616, 1, 0, 0
81803, 21617621, 1, 0, 0
81903, 22317295, 1, 0, 0
82001, 22644889, 1, 0, 0
82105, 22519430, 1, 0, 0
82207, 22378720, 1, 0, 0
82302, 19017829, 1, 0, 0
82404, 23180467, 1, 0, 0
82512, 29279117, 1, 0, 0
82618, 73305522, 1, 0, 0
82725, 86232462, 1, 0, 0
82833, 85751857, 1, 0, 0
82941, 86189649, 1, 0, 0
83051, 86552242, 1, 0, 0
83103, 82199230, 1, 0, 0
83214, 36846808, 1, 0, 0
83301, 23866262, 1, 0, 0
83400, 20983473, 1, 0, 0
83503, 22774241, 1, 0, 0
83607, 22169505, 1, 0, 0
83716, 21798008, 1, 0, 0
83801, 22782106, 1, 0, 0
83904, 21869073, 1, 0, 0
84006, 23685220, 1, 0, 0
84103, 22396120, 1, 0, 0
84207, 22342797, 1, 0, 0
84309, 22634348, 1, 0, 0
84413, 20786889, 1, 0, 0
84512, 23375992, 1, 0, 0
84600, 22720180, 1, 0, 0
84716, 21079936, 1, 0, 0
84800, 22850248, 1, 0, 0
84901, 22681681, 1, 0, 0
85003, 24172184, 1, 0, 0
85104, 23123200, 1, 0, 0
85206, 22281530, 1, 0, 0
85301, 23193562, 1, 0, 0
85407, 21040006, 1, 0, 0
85509, 22080926, 1, 0, 0
85607, 23197685, 1, 0, 0
85709, 22897723, 1, 0, 0
85812, 20716601, 1, 0, 0
85911, 23155279, 1, 0, 0
86011, 21389094, 1, 0, 0
86101, 24238086, 1, 0, 0
86206, 23120007, 1, 0, 0
86317, 27401203, 1, 0, 0
86420, 68970119, 1, 0, 0
86522, 82759745, 1, 0, 0
86621, 80662808, 1, 0, 0
86721, 69466301, 1, 0, 0
86823, 90663042, 1, 0, 0
86904, 75215165, 1, 0, 0
87033, 62825981, 1, 0, 0
87106, 33556394, 1, 0, 0
87210, 22941121, 1, 0, 0
87312, 23692137, 1, 0, 0
87409, 22009031, 1, 0, 0
87502, 22715462, 1, 0, 0
87600, 23650798, 1, 0, 0
87701, 23234166, 1, 0, 0
87804, 21631067, 1, 0, 0
87905, 22610339, 1, 0, 0
88003, 23476515, 1, 0, 0
88104, 22269948, 1, 0, 0
88209, 23321348, 1, 0, 0
88308, 22796120, 1, 0, 0
88402, 23321619, 1, 0, 0
88503, 23093847, 1, 0, 0
88602, 22939976, 1, 0, 0
88705, 23099561, 1, 0, 0
88807, 21491148, 1, 0, 0
88906, 22286117, 1, 0, 0
89002, 23309400, 1, 0, 0
89107, 22215374, 1, 0, 0
89209, 22972131, 1, 0, 0
89310, 23052775, 1, 0, 0
89402, 25590912, 1, 0, 0
89505, 21526275, 1, 0, 0
89605, 23378999, 1, 0, 0
89701, 20948476, 1, 0, 0
89803, 20962177, 1, 0, 0
89903, 19718203, 1, 0, 0
90003, 19412202, 1, 0, 0
90012, 26414500, 1, 0, 0
