110, 13825140, 1, 0, 0
205, 13511229, 1, 0, 0
301, 13775405, 1, 0, 0
402, 14290201, 1, 0, 0
513, 13909465, 1, 0, 0
606, 13336339, 1, 0, 0
706, 14266139, 1, 0, 0
804, 13957167, 1, 0, 0
914, 13680452, 1, 0, 0
1007, 13259783, 1, 0, 0
1116, 18228548, 1, 0, 0
1218, 50759881, 1, 0, 0
1324, 52919781, 1, 0, 0
1432, 54153450, 1, 0, 0
1541, 54614249, 1, 0, 0
1648, 53397856, 1, 0, 0
1701, 52798738, 1, 0, 0
1803, 14518246, 1, 0, 0
1900, 13881921, 1, 0, 0
2012, 13974029, 1, 0, 0
2108, 13698285, 1, 0, 0
2214, 15151783, 1, 0, 0
2313, 14074005, 1, 0, 0
2407, 13508350, 1, 0, 0
2501, 15603178, 1, 0, 0
2607, 15081665, 1, 0, 0
2702, 13610759, 1, 0, 0
2803, 14496017, 1, 0, 0
2917, 14126803, 1, 0, 0
3012, 13554352, 1, 0, 0
3110, 14014110, 1, 0, 0
3209, 14160099, 1, 0, 0
3302, 13361076, 1, 0, 0
3410, 15351057, 1, 0, 0
3511, 14460540, 1, 0, 0
3606, 13507440, 1, 0, 0
3707, 14349920, 1, 0, 0
3805, 14030919, 1, 0, 0
3916, 13889445, 1, 0, 0
4001, 14049178, 1, 0, 0
4112, 13953927, 1, 0, 0
4208, 13577214, 1, 0, 0
4305, 13836515, 1, 0, 0
4405, 14281455, 1, 0, 0
4516, 13957207, 1, 0, 0
4609, 13263382, 1, 0, 0
4710, 14293423, 1, 0, 0
4808, 14073696, 1, 0, 0
4901, 13234289, 1, 0, 0
5007, 15173962, 1, 0, 0
5141, 26660707, 1, 0, 0
5239, 49423889, 1, 0, 0
5341, 50907922, 1, 0, 0
5444, 51175853, 1, 0, 0
5534, 45355562, 1, 0, 0
5629, 31675722, 1, 0, 0
5703, 36977997, 1, 0, 0
5815, 13876034, 1, 0, 0
5909, 13431702, 1, 0, 0
6007, 14085856, 1, 0, 0
6107, 14250753, 1, 0, 0
6201, 13394627, 1, 0, 0
6304, 14603333, 1, 0, 0
6401, 13947270, 1, 0, 0
6514, 14031952, 1, 0, 0
6609, 13667021, 1, 0, 0
6711, 14456019, 1, 0, 0
6805, 13406577, 1, 0, 0
6903, 13973147, 1, 0, 0
7003, 14355246, 1, 0, 0
7115, 13919430, 1, 0, 0
7207, 13255925, 1, 0, 0
7309, 14507947, 1, 0, 0
7406, 13841884, 1, 0, 0
7502, 13695474, 1, 0, 0
7603, 14448927, 1, 0, 0
7714, 13859340, 1, 0, 0
7808, 13348569, 1, 0, 0
7905, 13875046, 1, 0, 0
8004, 14161085, 1, 0, 0
8115, 13838754, 1, 0, 0
8208, 13227126, 1, 0, 0
8308, 14285569, 1, 0, 0
8413, 14922131, 1, 0, 0
8505, 13244395, 1, 0, 0
8605, 14200578, 1, 0, 0
8702, 13903765, 1, 0, 0
8813, 13853122, 1, 0, 0
8905, 13154386, 1, 0, 0
9006, 14374127, 1, 0, 0
9118, 22428666, 1, 0, 0
9220, 50792756, 1, 0, 0
9320, 50166596, 1, 0, 0
9433, 56512173, 1, 0, 0
9546, 56063014, 1, 0, 0
9660, 57229155, 1, 0, 0
9702, 14119616, 1, 0, 0
9814, 13921900, 1, 0, 0
9908, 13417445, 1, 0, 0
10007, 14105262, 1, 0, 0
10106, 14201757, 1, 0, 0
10218, 13925010, 1, 0, 0
10301, 13856187, 1, 0, 0
10412, 13887667, 1, 0, 0
10509, 13763411, 1, 0, 0
10604, 13585938, 1, 0, 0
10710, 15152738, 1, 0, 0
10807, 13856480, 1, 0, 0
10903, 13623778, 1, 0, 0
11005, 14541990, 1, 0, 0
11115, 13792719, 1, 0, 0
11210, 13555672, 1, 0, 0
11307, 13747289, 1, 0, 0
11412, 15087919, 1, 0, 0
11509, 13841815, 1, 0, 0
11605, 13632455, 1, 0, 0
11706, 14403758, 1, 0, 0
11800, 13393728, 1, 0, 0
11910, 13799559, 1, 0, 0
12008, 14005978, 1, 0, 0
12107, 14082130, 1, 0, 0
12217, 13795634, 1, 0, 0
12300, 13691480, 1, 0, 0
12411, 13921944, 1, 0, 0
12507, 13733856, 1, 0, 0
12601, 13439256, 1, 0, 0
12703, 14426862, 1, 0, 0
12803, 14389674, 1, 0, 0
12913, 13747706, 1, 0, 0
13024, 15734614, 1, 0, 0
13122, 48898249, 1, 0, 0
13226, 52314893, 1, 0, 0
13335, 54226603, 1, 0, 0
13452, 58826028, 1, 0, 0
13511, 58433814, 1, 0, 0
13616, 52687437, 1, 0, 0
13701, 14105151, 1, 0, 0
13813, 14008867, 1, 0, 0
13909, 13639026, 1, 0, 0
14006, 13926307, 1, 0, 0
14107, 14312856, 1, 0, 0
14200, 13321239, 1, 0, 0
14300, 14211357, 1, 0, 0
14411, 13906223, 1, 0, 0
14509, 13965031, 1, 0, 0
14603, 13442325, 1, 0, 0
14705, 14475871, 1, 0, 0
14800, 13588983, 1, 0, 0
14913, 14121574, 1, 0, 0
15010, 13775219, 1, 0, 0
15110, 14283421, 1, 0, 0
15203, 13299070, 1, 0, 0
15303, 14338241, 1, 0, 0
15401, 13986709, 1, 0, 0
15512, 13836481, 1, 0, 0
15606, 13434779, 1, 0, 0
15708, 14470527, 1, 0, 0
15803, 13548156, 1, 0, 0
15913, 13820100, 1, 0, 0
16009, 13695281, 1, 0, 0
16109, 14265612, 1, 0, 0
16202, 13215232, 1, 0, 0
16301, 14117802, 1, 0, 0
16412, 13928519, 1, 0, 0
16510, 13951857, 1, 0, 0
16604, 13413356, 1, 0, 0
16710, 15114685, 1, 0, 0
16808, 13937814, 1, 0, 0
16900, 13189474, 1, 0, 0
17007, 17777836, 1, 0, 0
17152, 48486536, 1, 0, 0
17203, 50486052, 1, 0, 0
17309, 53220407, 1, 0, 0
17418, 54199077, 1, 0, 0
17524, 53120953, 1, 0, 0
17617, 46355516, 1, 0, 0
17702, 14211698, 1, 0, 0
17813, 13906198, 1, 0, 0
17907, 13379359, 1, 0, 0
18007, 14251218, 1, 0, 0
18105, 13993922, 1, 0, 0
18217, 13927875, 1, 0, 0
18301, 14017075, 1, 0, 0
18413, 13963284, 1, 0, 0
18508, 13627835, 1, 0, 0
18606, 13931168, 1, 0, 0
18706, 14320211, 1, 0, 0
18801, 13531762, 1, 0, 0
18903, 14563705, 1, 0, 0
19001, 14054215, 1, 0, 0
19113, 13885824, 1, 0, 0
19206, 13395281, 1, 0, 0
19308, 14531584, 1, 0, 0
19403, 13557464, 1, 0, 0
19500, 13855096, 1, 0, 0
19601, 14420292, 1, 0, 0
19714, 14028995, 1, 0, 0
19807, 13250773, 1, 0, 0
19907, 14304374, 1, 0, 0
20003, 13753830, 1, 0, 0
20115, 13908540, 1, 0, 0
20209, 13460614, 1, 0, 0
20311, 14600525, 1, 0, 0
20406, 13588415, 1, 0, 0
20502, 13664312, 1, 0, 0
20602, 14317131, 1, 0, 0
20713, 13858742, 1, 0, 0
20805, 13080495, 1, 0, 0
20905, 14230619, 1, 0, 0
21039, 26904802, 1, 0, 0
21101, 61114756, 1, 0, 0
21208, 53473635, 1, 0, 0
21318, 55368114, 1, 0, 0
21428, 55047166, 1, 0, 0
21538, 54795586, 1, 0, 0
21603, 21751921, 1, 0, 0
21700, 13734609, 1, 0, 0
21811, 13958763, 1, 0, 0
21909, 13895059, 1, 0, 0
22009, 14304771, 1, 0, 0
22103, 13345046, 1, 0, 0
22203, 14309628, 1, 0, 0
22301, 13967768, 1, 0, 0
22412, 13943969, 1, 0, 0
22501, 14783597, 1, 0, 0
22600, 14173853, 1, 0, 0
22712, 13973087, 1, 0, 0
22806, 13406435, 1, 0, 0
22909, 14644280, 1, 0, 0
23006, 13845398, 1, 0, 0
23101, 13506680, 1, 0, 0
23208, 15361878, 1, 0, 0
23307, 14103940, 1, 0, 0
23400, 13283836, 1, 0, 0
23502, 14529722, 1, 0, 0
23614, 13971513, 1, 0, 0
23710, 13730016, 1, 0, 0
23806, 13578920, 1, 0, 0
23911, 15058011, 1, 0, 0
24009, 13902401, 1, 0, 0
24102, 13395937, 1, 0, 0
24203, 14414028, 1, 0, 0
24315, 13943083, 1, 0, 0
24410, 13519183, 1, 0, 0
24506, 13736361, 1, 0, 0
24606, 14314307, 1, 0, 0
24722, 14440802, 1, 0, 0
24802, 13339765, 1, 0, 0
24912, 13745428, 1, 0, 0
25049, 45411139, 1, 0, 0
25102, 53304488, 1, 0, 0
25213, 55351312, 1, 0, 0
25333, 60317263, 1, 0, 0
25440, 53609372, 1, 0, 0
25531, 45091171, 1, 0, 0
25600, 13788357, 1, 0, 0
25712, 14008782, 1, 0, 0
25812, 14229487, 1, 0, 0
25912, 14315940, 1, 0, 0
26005, 13312684, 1, 0, 0
26107, 14487081, 1, 0, 0
26205, 13954195, 1, 0, 0
26300, 13672988, 1, 0, 0
26402, 14569112, 1, 0, 0
26514, 13972427, 1, 0, 0
26609, 13455234, 1, 0, 0
26707, 14056445, 1, 0, 0
26809, 14493165, 1, 0, 0
26902, 13386378, 1, 0, 0
27005, 14567418, 1, 0, 0
27102, 13890489, 1, 0, 0
27214, 13990537, 1, 0, 0
27300, 14268960, 1, 0, 0
27411, 13902658, 1, 0, 0
27505, 13485260, 1, 0, 0
27604, 14062915, 1, 0, 0
27703, 14141656, 1, 0, 0
27815, 13934888, 1, 0, 0
27908, 13296825, 1, 0, 0
28010, 14520068, 1, 0, 0
28106, 13820672, 1, 0, 0
28202, 13620104, 1, 0, 0
28304, 14532315, 1, 0, 0
28415, 13936616, 1, 0, 0
28509, 13433712, 1, 0, 0
28609, 14178917, 1, 0, 0
28715, 15111349, 1, 0, 0
28804, 14947479, 1, 0, 0
28930, 17916603, 1, 0, 0
29035, 52512889, 1, 0, 0
29131, 48196118, 1, 0, 0
29239, 53587061, 1, 0, 0
29348, 54692273, 1, 0, 0
29443, 47717868, 1, 0, 0
29543, 49556182, 1, 0, 0
29607, 16138359, 1, 0, 0
29702, 13492752, 1, 0, 0
29801, 14163476, 1, 0, 0
29900, 14136602, 1, 0, 0
30013, 14054646, 1, 0, 0
30106, 13370637, 1, 0, 0
30208, 14561205, 1, 0, 0
30305, 13734362, 1, 0, 0
30400, 13566274, 1, 0, 0
30500, 14381461, 1, 0, 0
30612, 13920102, 1, 0, 0
30707, 13540541, 1, 0, 0
30806, 14185826, 1, 0, 0
30905, 14126609, 1, 0, 0
31017, 13913198, 1, 0, 0
31100, 13907080, 1, 0, 0
31212, 13960379, 1, 0, 0
31310, 13983895, 1, 0, 0
31405, 13618385, 1, 0, 0
31507, 14472812, 1, 0, 0
31601, 13429158, 1, 0, 0
31700, 14049823, 1, 0, 0
31805, 15014615, 1, 0, 0
31915, 13771395, 1, 0, 0
32010, 13529962, 1, 0, 0
32106, 13680595, 1, 0, 0
32206, 14267840, 1, 0, 0
32317, 13842042, 1, 0, 0
32409, 13226009, 1, 0, 0
32509, 14227519, 1, 0, 0
32607, 13932648, 1, 0, 0
32716, 13660630, 1, 0, 0
32801, 14044550, 1, 0, 0
32914, 22641996, 1, 0, 0
33019, 52574014, 1, 0, 0
33123, 51998248, 1, 0, 0
33237, 57000043, 1, 0, 0
33347, 55055513, 1, 0, 0
33403, 55841016, 1, 0, 0
33503, 24984030, 1, 0, 0
33600, 13858735, 1, 0, 0
33712, 13999208, 1, 0, 0
33808, 13687023, 1, 0, 0
33910, 14492517, 1, 0, 0
34003, 13352834, 1, 0, 0
34102, 13987505, 1, 0, 0
34200, 14104835, 1, 0, 0
34312, 13885777, 1, 0, 0
34404, 13243423, 1, 0, 0
34506, 14532686, 1, 0, 0
34603, 13766635, 1, 0, 0
34715, 14057229, 1, 0, 0
34801, 14209498, 1, 0, 0
34912, 13845319, 1, 0, 0
35005, 13362505, 1, 0, 0
35108, 14683208, 1, 0, 0
35210, 14517159, 1, 0, 0
35305, 13629906, 1, 0, 0
35403, 13922012, 1, 0, 0
35507, 14787741, 1, 0, 0
35602, 15950799, 1, 0, 0
35716, 16210074, 1, 0, 0
35810, 15646010, 1, 0, 0
35909, 16479198, 1, 0, 0
36001, 15373600, 1, 0, 0
36115, 16251723, 1, 0, 0
36212, 16097148, 1, 0, 0
36312, 16608319, 1, 0, 0
36404, 15297266, 1, 0, 0
36505, 16931259, 1, 0, 0
36603, 16251892, 1, 0, 0
36717, 14212562, 1, 0, 0
36823, 15228198, 1, 0, 0
36928, 52345095, 1, 0, 0
37035, 53676536, 1, 0, 0
37146, 55058041, 1, 0, 0
37202, 56341165, 1, 0, 0
37307, 52596893, 1, 0, 0
37414, 53573638, 1, 0, 0
37517, 17089078, 1, 0, 0
37603, 14278495, 1, 0, 0
37700, 13851100, 1, 0, 0
37813, 14094031, 1, 0, 0
37900, 14468313, 1, 0, 0
38013, 14121598, 1, 0, 0
38108, 13619128, 1, 0, 0
38210, 14520338, 1, 0, 0
38309, 14089561, 1, 0, 0
38404, 13614527, 1, 0, 0
38507, 14653204, 1, 0, 0
38603, 13780099, 1, 0, 0
38704, 14329950, 1, 0, 0
38807, 14695705, 1, 0, 0
38902, 13551743, 1, 0, 0
39003, 14465801, 1, 0, 0
39102, 14103182, 1, 0, 0
39215, 14135112, 1, 0, 0
39300, 14227614, 1, 0, 0
39413, 14107406, 1, 0, 0
39509, 13717409, 1, 0, 0
39608, 14044315, 1, 0, 0
39708, 14322959, 1, 0, 0
39802, 13320963, 1, 0, 0
39902, 14346515, 1, 0, 0
40000, 14003954, 1, 0, 0
40112, 13896650, 1, 0, 0
40207, 13626744, 1, 0, 0
40309, 14508325, 1, 0, 0
40405, 13743254, 1, 0, 0
40502, 13913932, 1, 0, 0
40604, 14465403, 1, 0, 0
40715, 13935651, 1, 0, 0
40810, 13523751, 1, 0, 0
40923, 28142762, 1, 0, 0
41032, 54690405, 1, 0, 0
41138, 52760828, 1, 0, 0
41244, 52999113, 1, 0, 0
41352, 54048739, 1, 0, 0
41406, 54387781, 1, 0, 0
41503, 24057040, 1, 0, 0
41614, 13895305, 1, 0, 0
41700, 14267862, 1, 0, 0
41811, 13912249, 1, 0, 0
41905, 13370129, 1, 0, 0
42005, 14256253, 1, 0, 0
42103, 13989877, 1, 0, 0
42204, 14504065, 1, 0, 0
42303, 14075803, 1, 0, 0
42401, 14019933, 1, 0, 0
42512, 13901644, 1, 0, 0
42605, 13221831, 1, 0, 0
42709, 14770003, 1, 0, 0
42806, 13851858, 1, 0, 0
42901, 13612215, 1, 0, 0
43002, 14358560, 1, 0, 0
43113, 13906787, 1, 0, 0
43207, 13387143, 1, 0, 0
43306, 14181892, 1, 0, 0
43406, 14200060, 1, 0, 0
43517, 13899134, 1, 0, 0
43605, 14671060, 1, 0, 0
43705, 14181477, 1, 0, 0
43815, 13789864, 1, 0, 0
43908, 13214056, 1, 0, 0
44008, 14253982, 1, 0, 0
44105, 13926937, 1, 0, 0
44200, 13556382, 1, 0, 0
44302, 14498513, 1, 0, 0
44413, 13820567, 1, 0, 0
44509, 13695237, 1, 0, 0
44604, 13600530, 1, 0, 0
44703, 14145334, 1, 0, 0
44813, 15645399, 1, 0, 0
44911, 49336796, 1, 0, 0
45013, 50746986, 1, 0, 0
45126, 56448153, 1, 0, 0
45240, 56896410, 1, 0, 0
45350, 54976832, 1, 0, 0
45407, 57627219, 1, 0, 0
45506, 16487926, 1, 0, 0
45601, 13505540, 1, 0, 0
45704, 14765612, 1, 0, 0
45802, 13919021, 1, 0, 0
45915, 14092692, 1, 0, 0
46002, 14490425, 1, 0, 0
46114, 14019251, 1, 0, 0
46202, 14574060, 1, 0, 0
46304, 14588021, 1, 0, 0
46400, 13709342, 1, 0, 0
46512, 14010578, 1, 0, 0
46610, 13951293, 1, 0, 0
46713, 14754223, 1, 0, 0
46807, 13366417, 1, 0, 0
46907, 14358216, 1, 0, 0
47006, 14115451, 1, 0, 0
47101, 13585014, 1, 0, 0
47204, 14651503, 1, 0, 0
47300, 13734471, 1, 0, 0
47413, 14066236, 1, 0, 0
47511, 13933399, 1, 0, 0
47612, 14416496, 1, 0, 0
47706, 13420785, 1, 0, 0
47806, 14322303, 1, 0, 0
47905, 14089653, 1, 0, 0
48016, 13922462, 1, 0, 0
48101, 14061454, 1, 0, 0
48213, 14080212, 1, 0, 0
48309, 13655773, 1, 0, 0
48401, 15316877, 1, 0, 0
48514, 14080421, 1, 0, 0
48610, 13687798, 1, 0, 0
48705, 13635672, 1, 0, 0
48808, 17075341, 1, 0, 0
48913, 52287869, 1, 0, 0
49015, 50980779, 1, 0, 0
49119, 52242007, 1, 0, 0
49223, 52131154, 1, 0, 0
49332, 54347642, 1, 0, 0
49424, 46059354, 1, 0, 0
49506, 13549491, 1, 0, 0
49606, 14306375, 1, 0, 0
49700, 13399169, 1, 0, 0
49800, 14297354, 1, 0, 0
49912, 13941255, 1, 0, 0
50010, 14017113, 1, 0, 0
50104, 13401577, 1, 0, 0
50205, 14424847, 1, 0, 0
50300, 13621810, 1, 0, 0
50411, 13847991, 1, 0, 0
50508, 13849620, 1, 0, 0
50610, 14481299, 1, 0, 0
50704, 13488906, 1, 0, 0
50804, 14226400, 1, 0, 0
50901, 13825601, 1, 0, 0
51012, 13844946, 1, 0, 0
51106, 13425956, 1, 0, 0
51207, 14470871, 1, 0, 0
51302, 13586552, 1, 0, 0
51414, 13912378, 1, 0, 0
51500, 14352452, 1, 0, 0
51612, 13949879, 1, 0, 0
51705, 13338486, 1, 0, 0
51804, 14173943, 1, 0, 0
51902, 13888171, 1, 0, 0
52012, 13799037, 1, 0, 0
52106, 13423361, 1, 0, 0
52208, 14448988, 1, 0, 0
52303, 13588051, 1, 0, 0
52414, 13890762, 1, 0, 0
52510, 13706427, 1, 0, 0
52608, 14041470, 1, 0, 0
52702, 13295038, 1, 0, 0
52836, 26964195, 1, 0, 0
52918, 40925752, 1, 0, 0
53023, 52418340, 1, 0, 0
53128, 52185287, 1, 0, 0
53229, 50727885, 1, 0, 0
53329, 49949610, 1, 0, 0
53408, 39434112, 1, 0, 0
53507, 14203307, 1, 0, 0
53607, 14196594, 1, 0, 0
53701, 13386089, 1, 0, 0
53803, 14577391, 1, 0, 0
53900, 13849473, 1, 0, 0
54011, 13902512, 1, 0, 0
54107, 13629776, 1, 0, 0
54208, 14515223, 1, 0, 0
54302, 13408035, 1, 0, 0
54401, 14058159, 1, 0, 0
54500, 14159987, 1, 0, 0
54614, 14260760, 1, 0, 0
54704, 14883115, 1, 0, 0
54804, 14376724, 1, 0, 0
54916, 13949696, 1, 0, 0
55010, 13394375, 1, 0, 0
55109, 14121087, 1, 0, 0
55208, 14153951, 1, 0, 0
55301, 13252009, 1, 0, 0
55402, 14415741, 1, 0, 0
55513, 13908118, 1, 0, 0
55610, 13822604, 1, 0, 0
55706, 13614674, 1, 0, 0
55807, 14438056, 1, 0, 0
55900, 13327296, 1, 0, 0
56013, 14060785, 1, 0, 0
56100, 14484297, 1, 0, 0
56211, 13881319, 1, 0, 0
56303, 13197432, 1, 0, 0
56405, 14528892, 1, 0, 0
56501, 13635335, 1, 0, 0
56612, 13854230, 1, 0, 0
56741, 21567378, 1, 0, 0
56851, 54720079, 1, 0, 0
56907, 56299768, 1, 0, 0
57015, 54012306, 1, 0, 0
57120, 52463401, 1, 0, 0
57227, 53700928, 1, 0, 0
57317, 29721364, 1, 0, 0
57400, 13806686, 1, 0, 0
57512, 13970213, 1, 0, 0
57610, 14075513, 1, 0, 0
57705, 13523974, 1, 0, 0
57810, 15035620, 1, 0, 0
57910, 14192824, 1, 0, 0
58003, 13272359, 1, 0, 0
58104, 14481238, 1, 0, 0
58201, 13852584, 1, 0, 0
58312, 13841009, 1, 0, 0
58407, 13514124, 1, 0, 0
58509, 14539488, 1, 0, 0
58604, 13595342, 1, 0, 0
58702, 13967103, 1, 0, 0
58801, 14073144, 1, 0, 0
58913, 13985492, 1, 0, 0
59007, 13408291, 1, 0, 0
59108, 14446996, 1, 0, 0
59205, 13847071, 1, 0, 0
59300, 13623648, 1, 0, 0
59401, 14425820, 1, 0, 0
59513, 13890799, 1, 0, 0
59606, 13316339, 1, 0, 0
59704, 13945021, 1, 0, 0
59802, 14007404, 1, 0, 0
59912, 13740869, 1, 0, 0
60005, 13272124, 1, 0, 0
60106, 14471698, 1, 0, 0
60203, 13840109, 1, 0, 0
60314, 13875302, 1, 0, 0
60408, 13371712, 1, 0, 0
60508, 14264649, 1, 0, 0
60601, 13306719, 1, 0, 0
60705, 25850740, 1, 0, 0
60812, 53788029, 1, 0, 0
60915, 51396273, 1, 0, 0
61023, 53732985, 1, 0, 0
61133, 55003097, 1, 0, 0
61242, 54742380, 1, 0, 0
61304, 20550214, 1, 0, 0
61405, 14459017, 1, 0, 0
61500, 13493604, 1, 0, 0
61612, 13923863, 1, 0, 0
61710, 14020865, 1, 0, 0
61809, 14148523, 1, 0, 0
61902, 13311147, 1, 0, 0
62004, 14545900, 1, 0, 0
62101, 13757510, 1, 0, 0
62212, 13879967, 1, 0, 0
62302, 14992649, 1, 0, 0
62400, 13979227, 1, 0, 0
62513, 14118891, 1, 0, 0
62607, 13386846, 1, 0, 0
62708, 14455579, 1, 0, 0
62804, 13660933, 1, 0, 0
62901, 13841864, 1, 0, 0
63001, 14281828, 1, 0, 0
63112, 13899456, 1, 0, 0
63206, 13416524, 1, 0, 0
63306, 14337074, 1, 0, 0
63404, 13981177, 1, 0, 0
63516, 13900432, 1, 0, 0
63600, 14088684, 1, 0, 0
63704, 14821642, 1, 0, 0
63816, 13930631, 1, 0, 0
63909, 13241028, 1, 0, 0
64011, 14595031, 1, 0, 0
64108, 13883999, 1, 0, 0
64203, 13556416, 1, 0, 0
64305, 14559762, 1, 0, 0
64415, 13695463, 1, 0, 0
64509, 13406493, 1, 0, 0
64646, 22938120, 1, 0, 0
64753, 53420460, 1, 0, 0
64806, 52940751, 1, 0, 0
64916, 54719613, 1, 0, 0
65027, 55696627, 1, 0, 0
65131, 52078164, 1, 0, 0
65230, 49222588, 1, 0, 0
65312, 13729334, 1, 0, 0
65401, 14698411, 1, 0, 0
65512, 13927329, 1, 0, 0
65611, 14129570, 1, 0, 0
65710, 14169411, 1, 0, 0
65803, 13269824, 1, 0, 0
65905, 14542360, 1, 0, 0
66002, 13873686, 1, 0, 0
66115, 14027890, 1, 0, 0
66200, 14236447, 1, 0, 0
66313, 14025287, 1, 0, 0
66408, 13637923, 1, 0, 0
66508, 14262431, 1, 0, 0
66607, 14104535, 1, 0, 0
66700, 13322595, 1, 0, 0
66802, 14513363, 1, 0, 0
66900, 13930138, 1, 0, 0
67011, 13886144, 1, 0, 0
67107, 13679108, 1, 0, 0
67207, 14354192, 1, 0, 0
67301, 13358061, 1, 0, 0
67411, 13767875, 1, 0, 0
67510, 14067756, 1, 0, 0
67608, 14049302, 1, 0, 0
67701, 13238157, 1, 0, 0
67803, 14510336, 1, 0, 0
67900, 13935451, 1, 0, 0
68011, 13872937, 1, 0, 0
68106, 13515876, 1, 0, 0
68208, 14508504, 1, 0, 0
68317, 13609101, 1, 0, 0
68409, 13194299, 1, 0, 0
68502, 13270846, 1, 0, 0
68643, 46875809, 1, 0, 0
68751, 53980492, 1, 0, 0
68805, 53998691, 1, 0, 0
68913, 53892144, 1, 0, 0
69018, 52803861, 1, 0, 0
69124, 52959446, 1, 0, 0
69209, 16903130, 1, 0, 0
69303, 13456800, 1, 0, 0
69402, 14048550, 1, 0, 0
69500, 14087945, 1, 0, 0
69602, 14515249, 1, 0, 0
69700, 13947253, 1, 0, 0
69805, 15051647, 1, 0, 0
69902, 13775387, 1, 0, 0
70013, 13861763, 1, 0, 0
70108, 13624049, 1, 0, 0
70210, 14488706, 1, 0, 0
70305, 13512665, 1, 0, 0
70404, 14206896, 1, 0, 0
70503, 14093145, 1, 0, 0
70614, 13878840, 1, 0, 0
70706, 13149505, 1, 0, 0
70808, 14516823, 1, 0, 0
70905, 13882765, 1, 0, 0
71007, 14512945, 1, 0, 0
71107, 14248207, 1, 0, 0
71205, 13998613, 1, 0, 0
71316, 13863626, 1, 0, 0
71400, 14014295, 1, 0, 0
71511, 13873802, 1, 0, 0
71606, 13535271, 1, 0, 0
71703, 13771266, 1, 0, 0
71803, 14247568, 1, 0, 0
71914, 13922662, 1, 0, 0
72007, 13236058, 1, 0, 0
72106, 14122433, 1, 0, 0
72204, 13975702, 1, 0, 0
72313, 13668860, 1, 0, 0
72407, 13339733, 1, 0, 0
72512, 26399181, 1, 0, 0
72620, 53654896, 1, 0, 0
72729, 54485200, 1, 0, 0
72835, 52876670, 1, 0, 0
72941, 52934594, 1, 0, 0
73046, 52633692, 1, 0, 0
73103, 18890500, 1, 0, 0
73214, 13954603, 1, 0, 0
73308, 13402136, 1, 0, 0
73402, 15664775, 1, 0, 0
73514, 13903774, 1, 0, 0
73608, 13504412, 1, 0, 0
73707, 14038778, 1, 0, 0
73805, 14032082, 1, 0, 0
73916, 13855387, 1, 0, 0
74009, 13263951, 1, 0, 0
74111, 14507406, 1, 0, 0
74208, 13848287, 1, 0, 0
74305, 13876985, 1, 0, 0
74406, 14391977, 1, 0, 0
74500, 13402014, 1, 0, 0
74611, 13906732, 1, 0, 0
74709, 14031078, 1, 0, 0
74808, 14067779, 1, 0, 0
74900, 13205276, 1, 0, 0
75002, 14489342, 1, 0, 0
75113, 13820476, 1, 0, 0
75208, 13695536, 1, 0, 0
75303, 13488792, 1, 0, 0
75403, 14314325, 1, 0, 0
75514, 13818534, 1, 0, 0
75610, 13740662, 1, 0, 0
75707, 13836004, 1, 0, 0
75807, 14267235, 1, 0, 0
75900, 13166025, 1, 0, 0
76010, 13845453, 1, 0, 0
76109, 14103081, 1, 0, 0
76206, 13802045, 1, 0, 0
76300, 13321519, 1, 0, 0
76407, 17932132, 1, 0, 0
76551, 47728401, 1, 0, 0
76602, 51429023, 1, 0, 0
76714, 56025527, 1, 0, 0
76819, 52639073, 1, 0, 0
76926, 53491756, 1, 0, 0
77026, 49792975, 1, 0, 0
77108, 13562631, 1, 0, 0
77208, 14378904, 1, 0, 0
77303, 13424257, 1, 0, 0
77401, 14064993, 1, 0, 0
77500, 14084212, 1, 0, 0
77611, 13872285, 1, 0, 0
77704, 13217442, 1, 0, 0
77805, 14428733, 1, 0, 0
77901, 13780469, 1, 0, 0
78012, 13895172, 1, 0, 0
78107, 13547349, 1, 0, 0
78211, 14778833, 1, 0, 0
78304, 13330007, 1, 0, 0
78402, 13963314, 1, 0, 0
78501, 14107482, 1, 0, 0
78612, 13900681, 1, 0, 0
78700, 14479680, 1, 0, 0
78800, 14281834, 1, 0, 0
78911, 13904958, 1, 0, 0
79003, 13209777, 1, 0, 0
79104, 14293429, 1, 0, 0
79201, 13910937, 1, 0, 0
79312, 13903706, 1, 0, 0
79406, 13328950, 1, 0, 0
79507, 14392451, 1, 0, 0
79601, 13449021, 1, 0, 0
79713, 13992049, 1, 0, 0
79809, 13703358, 1, 0, 0
79909, 14199063, 1, 0, 0
80011, 14628924, 1, 0, 0
80104, 13314396, 1, 0, 0
80205, 14367198, 1, 0, 0
80312, 15206722, 1, 0, 0
80413, 50929391, 1, 0, 0
80537, 41325157, 1, 0, 0
80640, 51046136, 1, 0, 0
80739, 49866911, 1, 0, 0
80845, 52943387, 1, 0, 0
80939, 46766257, 1, 0, 0
81007, 16960120, 1, 0, 0
81107, 14252383, 1, 0, 0
81200, 13371527, 1, 0, 0
81300, 14174627, 1, 0, 0
81411, 13967306, 1, 0, 0
81509, 13966162, 1, 0, 0
81603, 13363389, 1, 0, 0
81704, 14387485, 1, 0, 0
81815, 13828430, 1, 0, 0
81910, 13566235, 1, 0, 0
82006, 13765224, 1, 0, 0
82107, 14387167, 1, 0, 0
82201, 13417381, 1, 0, 0
82300, 14177161, 1, 0, 0
82411, 13861765, 1, 0, 0
82509, 13924935, 1, 0, 0
82602, 13321950, 1, 0, 0
82704, 14486816, 1, 0, 0
82800, 13667096, 1, 0, 0
82911, 13886722, 1, 0, 0
83007, 13769746, 1, 0, 0
83106, 14138254, 1, 0, 0
83217, 13768076, 1, 0, 0
83309, 13180692, 1, 0, 0
83408, 14197410, 1, 0, 0
83506, 13867001, 1, 0, 0
83617, 13888316, 1, 0, 0
83701, 14004600, 1, 0, 0
83812, 13888086, 1, 0, 0
83907, 13553712, 1, 0, 0
84003, 13651631, 1, 0, 0
84102, 14226635, 1, 0, 0
84210, 13439530, 1, 0, 0
84319, 36433496, 1, 0, 0
84419, 49891175, 1, 0, 0
84531, 56034926, 1, 0, 0
84650, 59513071, 1, 0, 0
84707, 56802661, 1, 0, 0
84811, 51988834, 1, 0, 0
84915, 20823012, 1, 0, 0
85007, 15192936, 1, 0, 0
85107, 14362673, 1, 0, 0
85201, 13357831, 1, 0, 0
85301, 14328457, 1, 0, 0
85413, 13956715, 1, 0, 0
85511, 13969516, 1, 0, 0
85605, 13482456, 1, 0, 0
85707, 14559232, 1, 0, 0
85803, 13615267, 1, 0, 0
85913, 13820524, 1, 0, 0
86011, 13842899, 1, 0, 0
86112, 14541418, 1, 0, 0
86206, 13339264, 1, 0, 0
86305, 14182591, 1, 0, 0
86403, 13926492, 1, 0, 0
86514, 13809711, 1, 0, 0
86608, 13465579, 1, 0, 0
86710, 14492430, 1, 0, 0
86805, 13633164, 1, 0, 0
86902, 13826580, 1, 0, 0
87002, 14195772, 1, 0, 0
87113, 13875160, 1, 0, 0
87205, 13233748, 1, 0, 0
87305, 14151507, 1, 0, 0
87402, 13877580, 1, 0, 0
87513, 13828469, 1, 0, 0
87606, 13402867, 1, 0, 0
87708, 14423704, 1, 0, 0
87802, 13487360, 1, 0, 0
87912, 13786240, 1, 0, 0
88003, 15005425, 1, 0, 0
88100, 13846406, 1, 0, 0
88237, 22860698, 1, 0, 0
88346, 54553826, 1, 0, 0
88402, 55914331, 1, 0, 0
88511, 54707193, 1, 0, 0
88621, 54599364, 1, 0, 0
88729, 54322841, 1, 0, 0
88808, 39094858, 1, 0, 0
88905, 13841436, 1, 0, 0
89000, 13577946, 1, 0, 0
89101, 14517597, 1, 0, 0
89213, 13878110, 1, 0, 0
89306, 13375485, 1, 0, 0
89405, 14054531, 1, 0, 0
89504, 14139286, 1, 0, 0
89614, 13786835, 1, 0, 0
89707, 13254838, 1, 0, 0
89808, 14402271, 1, 0, 0
89905, 13816627, 1, 0, 0
90002, 13785530, 1, 0, 0
