110, 13836276, 1, 0, 0
205, 13522836, 1, 0, 0
301, 13786597, 1, 0, 0
402, 14299676, 1, 0, 0
513, 13919285, 1, 0, 0
606, 13346068, 1, 0, 0
706, 14275637, 1, 0, 0
804, 13968342, 1, 0, 0
914, 13693029, 1, 0, 0
1007, 13273327, 1, 0, 0
1116, 18239104, 1, 0, 0
1218, 50783299, 1, 0, 0
1324, 52928694, 1, 0, 0
1432, 54163585, 1, 0, 0
1541, 54624853, 1, 0, 0
1648, 53410620, 1, 0, 0
1701, 52816406, 1, 0, 0
1803, 14537579, 1, 0, 0
1900, 13899844, 1, 0, 0
2012, 13988593, 1, 0, 0
2108, 13710203, 1, 0, 0
2214, 15163294, 1, 0, 0
2313, 14086018, 1, 0, 0
2407, 13518433, 1, 0, 0
2501, 15612918, 1, 0, 0
2607, 15091240, 1, 0, 0
2702, 13621017, 1, 0, 0
2803, 14505031, 1, 0, 0
2917, 14135547, 1, 0, 0
3012, 13563458, 1, 0, 0
3110, 14022592, 1, 0, 0
3209, 14168311, 1, 0, 0
3302, 13369944, 1, 0, 0
3410, 15362578, 1, 0, 0
3511, 14472351, 1, 0, 0
3606, 13522108, 1, 0, 0
3707, 14366925, 1, 0, 0
3805, 14046655, 1, 0, 0
3916, 13906276, 1, 0, 0
4001, 14070198, 1, 0, 0
4112, 13967462, 1, 0, 0
4208, 13591935, 1, 0, 0
4305, 13850748, 1, 0, 0
4405, 14292704, 1, 0, 0
4516, 13972535, 1, 0, 0
4609, 13275068, 1, 0, 0
4710, 14304730, 1, 0, 0
4808, 14083733, 1, 0, 0
4901, 13242684, 1, 0, 0
5007, 15186826, 1, 0, 0
5141, 26668493, 1, 0, 0
5239, 49431624, 1, 0, 0
5341, 50921702, 1, 0, 0
5444, 51183647, 1, 0, 0
5534, 45364599, 1, 0, 0
5629, 31684427, 1, 0, 0
5703, 36987193, 1, 0, 0
5815, 13887503, 1, 0, 0
5909, 13442431, 1, 0, 0
6007, 14095162, 1, 0, 0
6107, 14267023, 1, 0, 0
6201, 13412229, 1, 0, 0
6304, 14621803, 1, 0, 0
6401, 13962646, 1, 0, 0
6514, 14044024, 1, 0, 0
6609, 13676706, 1, 0, 0
6711, 14466475, 1, 0, 0
6805, 13418930, 1, 0, 0
6903, 13984820, 1, 0, 0
7003, 14364893, 1, 0, 0
7115, 13933667, 1, 0, 0
7207, 13267416, 1, 0, 0
7309, 14519546, 1, 0, 0
7406, 13851907, 1, 0, 0
7502, 13705187, 1, 0, 0
7603, 14463109, 1, 0, 0
7714, 13880617, 1, 0, 0
7808, 13359409, 1, 0, 0
7905, 13889255, 1, 0, 0
8004, 14171361, 1, 0, 0
8115, 13853079, 1, 0, 0
8208, 13237957, 1, 0, 0
8308, 14298529, 1, 0, 0
8413, 14932948, 1, 0, 0
8505, 13255021, 1, 0, 0
8605, 14211759, 1, 0, 0
8702, 13914474, 1, 0, 0
8813, 13864472, 1, 0, 0
8905, 13166042, 1, 0, 0
9006, 14384351, 1, 0, 0
9118, 22443615, 1, 0, 0
9220, 50808699, 1, 0, 0
9320, 50190315, 1, 0, 0
9433, 56523456, 1, 0, 0
9546, 56073263, 1, 0, 0
9660, 57240159, 1, 0, 0
9702, 14136507, 1, 0, 0
9814, 13933868, 1, 0, 0
9908, 13427746, 1, 0, 0
10007, 14117451, 1, 0, 0
10106, 14213543, 1, 0, 0
10218, 13936475, 1, 0, 0
10301, 13872505, 1, 0, 0
10412, 13902054, 1, 0, 0
10509, 13782101, 1, 0, 0
10604, 13597968, 1, 0, 0
10710, 15166269, 1, 0, 0
10807, 13869824, 1, 0, 0
10903, 13635286, 1, 0, 0
11005, 14553107, 1, 0, 0
11115, 13805321, 1, 0, 0
11210, 13568026, 1, 0, 0
11307, 13759037, 1, 0, 0
11412, 15101897, 1, 0, 0
11509, 13852126, 1, 0, 0
11605, 13645373, 1, 0, 0
11706, 14414816, 1, 0, 0
11800, 13406463, 1, 0, 0
11910, 13813243, 1, 0, 0
12008, 14016453, 1, 0, 0
12107, 14095491, 1, 0, 0
12217, 13807245, 1, 0, 0
12300, 13701982, 1, 0, 0
12411, 13931594, 1, 0, 0
12507, 13745064, 1, 0, 0
12601, 13449590, 1, 0, 0
12703, 14437125, 1, 0, 0
12803, 14399305, 1, 0, 0
12913, 13762547, 1, 0, 0
13024, 15748239, 1, 0, 0
13122, 48908800, 1, 0, 0
13226, 52326185, 1, 0, 0
13335, 54236933, 1, 0, 0
13452, 58841080, 1, 0, 0
13511, 58447365, 1, 0, 0
13616, 52698496, 1, 0, 0
13701, 14116349, 1, 0, 0
13813, 14019587, 1, 0, 0
13909, 13650700, 1, 0, 0
14006, 13939618, 1, 0, 0
14107, 14323147, 1, 0, 0
14200, 13333291, 1, 0, 0
14300, 14222048, 1, 0, 0
14411, 13918691, 1, 0, 0
14509, 13983501, 1, 0, 0
14603, 13460073, 1, 0, 0
14705, 14495316, 1, 0, 0
14800, 13605434, 1, 0, 0
14913, 14139156, 1, 0, 0
15010, 13799144, 1, 0, 0
15110, 14294730, 1, 0, 0
15203, 13318579, 1, 0, 0
15303, 14351299, 1, 0, 0
15401, 13997789, 1, 0, 0
15512, 13846061, 1, 0, 0
15606, 13444305, 1, 0, 0
15708, 14478347, 1, 0, 0
15803, 13560572, 1, 0, 0
15913, 13829711, 1, 0, 0
16009, 13708621, 1, 0, 0
16109, 14279833, 1, 0, 0
16202, 13226391, 1, 0, 0
16301, 14128540, 1, 0, 0
16412, 13940345, 1, 0, 0
16510, 13963294, 1, 0, 0
16604, 13422696, 1, 0, 0
16710, 15124363, 1, 0, 0
16808, 13950564, 1, 0, 0
16900, 13199774, 1, 0, 0
17007, 17789252, 1, 0, 0
17152, 48498220, 1, 0, 0
17203, 50496477, 1, 0, 0
17309, 53231629, 1, 0, 0
17418, 54208439, 1, 0, 0
17524, 53129984, 1, 0, 0
17617, 46366432, 1, 0, 0
17702, 14222929, 1, 0, 0
17813, 13916675, 1, 0, 0
17907, 13391267, 1, 0, 0
18007, 14262424, 1, 0, 0
18105, 14005830, 1, 0, 0
18217, 13936543, 1, 0, 0
18301, 14029394, 1, 0, 0
18413, 13973705, 1, 0, 0
18508, 13638193, 1, 0, 0
18606, 13942303, 1, 0, 0
18706, 14329102, 1, 0, 0
18801, 13541238, 1, 0, 0
18903, 14576583, 1, 0, 0
19001, 14067939, 1, 0, 0
19113, 13899596, 1, 0, 0
19206, 13404817, 1, 0, 0
19308, 14541529, 1, 0, 0
19403, 13570084, 1, 0, 0
19500, 13866355, 1, 0, 0
19601, 14432183, 1, 0, 0
19714, 14041761, 1, 0, 0
19807, 13263339, 1, 0, 0
19907, 14316334, 1, 0, 0
20003, 13765238, 1, 0, 0
20115, 13920414, 1, 0, 0
20209, 13472828, 1, 0, 0
20311, 14609141, 1, 0, 0
20406, 13598156, 1, 0, 0
20502, 13674445, 1, 0, 0
20602, 14330139, 1, 0, 0
20713, 13871696, 1, 0, 0
20805, 13095264, 1, 0, 0
20905, 14243565, 1, 0, 0
21039, 26917311, 1, 0, 0
21101, 61136664, 1, 0, 0
21208, 53486100, 1, 0, 0
21318, 55379555, 1, 0, 0
21428, 55059897, 1, 0, 0
21538, 54814729, 1, 0, 0
21603, 21767651, 1, 0, 0
21700, 13747742, 1, 0, 0
21811, 13971114, 1, 0, 0
21909, 13906025, 1, 0, 0
22009, 14314395, 1, 0, 0
22103, 13354678, 1, 0, 0
22203, 14321598, 1, 0, 0
22301, 13976801, 1, 0, 0
22412, 13958990, 1, 0, 0
22501, 14793695, 1, 0, 0
22600, 14188608, 1, 0, 0
22712, 13986074, 1, 0, 0
22806, 13423477, 1, 0, 0
22909, 14660560, 1, 0, 0
23006, 13865149, 1, 0, 0
23101, 13525440, 1, 0, 0
23208, 15377980, 1, 0, 0
23307, 14125136, 1, 0, 0
23400, 13297086, 1, 0, 0
23502, 14541572, 1, 0, 0
23614, 13984522, 1, 0, 0
23710, 13741954, 1, 0, 0
23806, 13593006, 1, 0, 0
23911, 15069816, 1, 0, 0
24009, 13914749, 1, 0, 0
24102, 13406230, 1, 0, 0
24203, 14426125, 1, 0, 0
24315, 13955653, 1, 0, 0
24410, 13534289, 1, 0, 0
24506, 13753292, 1, 0, 0
24606, 14324184, 1, 0, 0
24722, 14453494, 1, 0, 0
24802, 13349934, 1, 0, 0
24912, 13760095, 1, 0, 0
25049, 45421661, 1, 0, 0
25102, 53314831, 1, 0, 0
25213, 55362733, 1, 0, 0
25333, 60327155, 1, 0, 0
25440, 53626541, 1, 0, 0
25531, 45111665, 1, 0, 0
25600, 13804839, 1, 0, 0
25712, 14024162, 1, 0, 0
25812, 14240149, 1, 0, 0
25912, 14324133, 1, 0, 0
26005, 13325305, 1, 0, 0
26107, 14499604, 1, 0, 0
26205, 13966912, 1, 0, 0
26300, 13686420, 1, 0, 0
26402, 14583795, 1, 0, 0
26514, 13985778, 1, 0, 0
26609, 13464818, 1, 0, 0
26707, 14067925, 1, 0, 0
26809, 14502097, 1, 0, 0
26902, 13397118, 1, 0, 0
27005, 14579373, 1, 0, 0
27102, 13902494, 1, 0, 0
27214, 14001948, 1, 0, 0
27300, 14280691, 1, 0, 0
27411, 13913937, 1, 0, 0
27505, 13495929, 1, 0, 0
27604, 14072801, 1, 0, 0
27703, 14151379, 1, 0, 0
27815, 13946883, 1, 0, 0
27908, 13310482, 1, 0, 0
28010, 14530305, 1, 0, 0
28106, 13831972, 1, 0, 0
28202, 13631359, 1, 0, 0
28304, 14546279, 1, 0, 0
28415, 13946809, 1, 0, 0
28509, 13444666, 1, 0, 0
28609, 14189626, 1, 0, 0
28715, 15122385, 1, 0, 0
28804, 14958047, 1, 0, 0
28930, 17926343, 1, 0, 0
29035, 52524154, 1, 0, 0
29131, 48208434, 1, 0, 0
29239, 53599562, 1, 0, 0
29348, 54702946, 1, 0, 0
29443, 47728310, 1, 0, 0
29543, 49569547, 1, 0, 0
29607, 16152060, 1, 0, 0
29702, 13504508, 1, 0, 0
29801, 14174194, 1, 0, 0
29900, 14147908, 1, 0, 0
30013, 14065234, 1, 0, 0
30106, 13381610, 1, 0, 0
30208, 14572398, 1, 0, 0
30305, 13749566, 1, 0, 0
30400, 13577062, 1, 0, 0
30500, 14393539, 1, 0, 0
30612, 13931007, 1, 0, 0
30707, 13552547, 1, 0, 0
30806, 14199032, 1, 0, 0
30905, 14141966, 1, 0, 0
31017, 13928182, 1, 0, 0
31100, 13921941, 1, 0, 0
31212, 13973225, 1, 0, 0
31310, 13997326, 1, 0, 0
31405, 13632327, 1, 0, 0
31507, 14487564, 1, 0, 0
31601, 13442829, 1, 0, 0
31700, 14067315, 1, 0, 0
31805, 15031983, 1, 0, 0
31915, 13788260, 1, 0, 0
32010, 13544844, 1, 0, 0
32106, 13697487, 1, 0, 0
32206, 14282234, 1, 0, 0
32317, 13855576, 1, 0, 0
32409, 13239930, 1, 0, 0
32509, 14240150, 1, 0, 0
32607, 13943564, 1, 0, 0
32716, 13670798, 1, 0, 0
32801, 14057669, 1, 0, 0
32914, 22653678, 1, 0, 0
33019, 52589206, 1, 0, 0
33123, 52016649, 1, 0, 0
33237, 57018082, 1, 0, 0
33347, 55073266, 1, 0, 0
33403, 55852773, 1, 0, 0
33503, 24995236, 1, 0, 0
33600, 13868661, 1, 0, 0
33712, 14016467, 1, 0, 0
33808, 13703651, 1, 0, 0
33910, 14507080, 1, 0, 0
34003, 13366187, 1, 0, 0
34102, 14000959, 1, 0, 0
34200, 14117284, 1, 0, 0
34312, 13906054, 1, 0, 0
34404, 13258780, 1, 0, 0
34506, 14545514, 1, 0, 0
34603, 13777904, 1, 0, 0
34715, 14071625, 1, 0, 0
34801, 14221290, 1, 0, 0
34912, 13859107, 1, 0, 0
35005, 13377732, 1, 0, 0
35108, 14695276, 1, 0, 0
35210, 14529497, 1, 0, 0
35305, 13649400, 1, 0, 0
35403, 13935572, 1, 0, 0
35507, 14802409, 1, 0, 0
35602, 15968058, 1, 0, 0
35716, 16229867, 1, 0, 0
35810, 15659687, 1, 0, 0
35909, 16491984, 1, 0, 0
36001, 15386008, 1, 0, 0
36115, 16267217, 1, 0, 0
36212, 16108820, 1, 0, 0
36312, 16623199, 1, 0, 0
36404, 15308883, 1, 0, 0
36505, 16942758, 1, 0, 0
36603, 16263934, 1, 0, 0
36717, 14226003, 1, 0, 0
36823, 15237284, 1, 0, 0
36928, 52361767, 1, 0, 0
37035, 53686429, 1, 0, 0
37146, 55079783, 1, 0, 0
37202, 56350865, 1, 0, 0
37307, 52606762, 1, 0, 0
37414, 53582734, 1, 0, 0
37517, 17098626, 1, 0, 0
37603, 14289587, 1, 0, 0
37700, 13861517, 1, 0, 0
37813, 14106969, 1, 0, 0
37900, 14478553, 1, 0, 0
38013, 14132210, 1, 0, 0
38108, 13629467, 1, 0, 0
38210, 14530788, 1, 0, 0
38309, 14102355, 1, 0, 0
38404, 13627756, 1, 0, 0
38507, 14666512, 1, 0, 0
38603, 13790646, 1, 0, 0
38704, 14338987, 1, 0, 0
38807, 14708678, 1, 0, 0
38902, 13562640, 1, 0, 0
39003, 14479240, 1, 0, 0
39102, 14113145, 1, 0, 0
39215, 14148829, 1, 0, 0
39300, 14238118, 1, 0, 0
39413, 14118008, 1, 0, 0
39509, 13727091, 1, 0, 0
39608, 14056351, 1, 0, 0
39708, 14335890, 1, 0, 0
39802, 13334536, 1, 0, 0
39902, 14363430, 1, 0, 0
40000, 14016886, 1, 0, 0
40112, 13907712, 1, 0, 0
40207, 13636966, 1, 0, 0
40309, 14518176, 1, 0, 0
40405, 13753329, 1, 0, 0
40502, 13924410, 1, 0, 0
40604, 14476571, 1, 0, 0
40715, 13945873, 1, 0, 0
40810, 13534639, 1, 0, 0
40923, 28154185, 1, 0, 0
41032, 54705393, 1, 0, 0
41138, 52771255, 1, 0, 0
41244, 53010506, 1, 0, 0
41352, 54059728, 1, 0, 0
41406, 54397400, 1, 0, 0
41503, 24073584, 1, 0, 0
41614, 13907792, 1, 0, 0
41700, 14277941, 1, 0, 0
41811, 13924280, 1, 0, 0
41905, 13381140, 1, 0, 0
42005, 14266952, 1, 0, 0
42103, 14001032, 1, 0, 0
42204, 14518029, 1, 0, 0
42303, 14087842, 1, 0, 0
42401, 14030160, 1, 0, 0
42512, 13911387, 1, 0, 0
42605, 13235902, 1, 0, 0
42709, 14781462, 1, 0, 0
42806, 13861910, 1, 0, 0
42901, 13630503, 1, 0, 0
43002, 14374481, 1, 0, 0
43113, 13923519, 1, 0, 0
43207, 13404695, 1, 0, 0
43306, 14194481, 1, 0, 0
43406, 14211730, 1, 0, 0
43517, 13911069, 1, 0, 0
43605, 14683257, 1, 0, 0
43705, 14197746, 1, 0, 0
43815, 13807774, 1, 0, 0
43908, 13224589, 1, 0, 0
44008, 14264071, 1, 0, 0
44105, 13938541, 1, 0, 0
44200, 13565964, 1, 0, 0
44302, 14515148, 1, 0, 0
44413, 13836727, 1, 0, 0
44509, 13712182, 1, 0, 0
44604, 13611875, 1, 0, 0
44703, 14154811, 1, 0, 0
44813, 15655015, 1, 0, 0
44911, 49357036, 1, 0, 0
45013, 50771964, 1, 0, 0
45126, 56464797, 1, 0, 0
45240, 56916692, 1, 0, 0
45350, 54986686, 1, 0, 0
45407, 57636985, 1, 0, 0
45506, 16498319, 1, 0, 0
45601, 13517496, 1, 0, 0
45704, 14777754, 1, 0, 0
45802, 13930586, 1, 0, 0
45915, 14104413, 1, 0, 0
46002, 14500664, 1, 0, 0
46114, 14028046, 1, 0, 0
46202, 14583658, 1, 0, 0
46304, 14597978, 1, 0, 0
46400, 13718997, 1, 0, 0
46512, 14021153, 1, 0, 0
46610, 13961385, 1, 0, 0
46713, 14764050, 1, 0, 0
46807, 13375451, 1, 0, 0
46907, 14366817, 1, 0, 0
47006, 14127519, 1, 0, 0
47101, 13598036, 1, 0, 0
47204, 14664670, 1, 0, 0
47300, 13745752, 1, 0, 0
47413, 14076323, 1, 0, 0
47511, 13947158, 1, 0, 0
47612, 14426357, 1, 0, 0
47706, 13435857, 1, 0, 0
47806, 14333871, 1, 0, 0
47905, 14099746, 1, 0, 0
48016, 13936247, 1, 0, 0
48101, 14071643, 1, 0, 0
48213, 14090606, 1, 0, 0
48309, 13666327, 1, 0, 0
48401, 15333169, 1, 0, 0
48514, 14096301, 1, 0, 0
48610, 13699383, 1, 0, 0
48705, 13646716, 1, 0, 0
48808, 17086782, 1, 0, 0
48913, 52301980, 1, 0, 0
49015, 50993168, 1, 0, 0
49119, 52252465, 1, 0, 0
49223, 52142868, 1, 0, 0
49332, 54358054, 1, 0, 0
49424, 46068564, 1, 0, 0
49506, 13558825, 1, 0, 0
49606, 14315716, 1, 0, 0
49700, 13411635, 1, 0, 0
49800, 14308710, 1, 0, 0
49912, 13952510, 1, 0, 0
50010, 14026281, 1, 0, 0
50104, 13411886, 1, 0, 0
50205, 14440218, 1, 0, 0
50300, 13637464, 1, 0, 0
50411, 13859902, 1, 0, 0
50508, 13859530, 1, 0, 0
50610, 14496388, 1, 0, 0
50704, 13504141, 1, 0, 0
50804, 14242534, 1, 0, 0
50901, 13837007, 1, 0, 0
51012, 13858750, 1, 0, 0
51106, 13437226, 1, 0, 0
51207, 14481696, 1, 0, 0
51302, 13596329, 1, 0, 0
51414, 13922125, 1, 0, 0
51500, 14362324, 1, 0, 0
51612, 13961387, 1, 0, 0
51705, 13348856, 1, 0, 0
51804, 14183990, 1, 0, 0
51902, 13901127, 1, 0, 0
52012, 13808751, 1, 0, 0
52106, 13433136, 1, 0, 0
52208, 14460725, 1, 0, 0
52303, 13598489, 1, 0, 0
52414, 13900377, 1, 0, 0
52510, 13716821, 1, 0, 0
52608, 14057997, 1, 0, 0
52702, 13307732, 1, 0, 0
52836, 26974557, 1, 0, 0
52918, 40940447, 1, 0, 0
53023, 52431071, 1, 0, 0
53128, 52197722, 1, 0, 0
53229, 50739734, 1, 0, 0
53329, 49960813, 1, 0, 0
53408, 39447327, 1, 0, 0
53507, 14215255, 1, 0, 0
53607, 14206934, 1, 0, 0
53701, 13397365, 1, 0, 0
53803, 14588435, 1, 0, 0
53900, 13860620, 1, 0, 0
54011, 13912157, 1, 0, 0
54107, 13640719, 1, 0, 0
54208, 14526916, 1, 0, 0
54302, 13421009, 1, 0, 0
54401, 14073934, 1, 0, 0
54500, 14170383, 1, 0, 0
54614, 14272536, 1, 0, 0
54704, 14893207, 1, 0, 0
54804, 14389126, 1, 0, 0
54916, 13960208, 1, 0, 0
55010, 13405379, 1, 0, 0
55109, 14133676, 1, 0, 0
55208, 14163878, 1, 0, 0
55301, 13261376, 1, 0, 0
55402, 14426400, 1, 0, 0
55513, 13922855, 1, 0, 0
55610, 13832031, 1, 0, 0
55706, 13625117, 1, 0, 0
55807, 14448400, 1, 0, 0
55900, 13340597, 1, 0, 0
56013, 14074546, 1, 0, 0
56100, 14495474, 1, 0, 0
56211, 13889830, 1, 0, 0
56303, 13207000, 1, 0, 0
56405, 14539101, 1, 0, 0
56501, 13644767, 1, 0, 0
56612, 13867158, 1, 0, 0
56741, 21581453, 1, 0, 0
56851, 54743137, 1, 0, 0
56907, 56313193, 1, 0, 0
57015, 54025583, 1, 0, 0
57120, 52499486, 1, 0, 0
57227, 53714231, 1, 0, 0
57317, 29738784, 1, 0, 0
57400, 13820284, 1, 0, 0
57512, 13983106, 1, 0, 0
57610, 14093706, 1, 0, 0
57705, 13541371, 1, 0, 0
57810, 15047303, 1, 0, 0
57910, 14205111, 1, 0, 0
58003, 13286826, 1, 0, 0
58104, 14495064, 1, 0, 0
58201, 13864253, 1, 0, 0
58312, 13852649, 1, 0, 0
58407, 13523546, 1, 0, 0
58509, 14556278, 1, 0, 0
58604, 13608232, 1, 0, 0
58702, 13979009, 1, 0, 0
58801, 14082539, 1, 0, 0
58913, 13994955, 1, 0, 0
59007, 13422841, 1, 0, 0
59108, 14458077, 1, 0, 0
59205, 13857243, 1, 0, 0
59300, 13633686, 1, 0, 0
59401, 14437131, 1, 0, 0
59513, 13901148, 1, 0, 0
59606, 13326150, 1, 0, 0
59704, 13955842, 1, 0, 0
59802, 14018477, 1, 0, 0
59912, 13751742, 1, 0, 0
60005, 13287594, 1, 0, 0
60106, 14484344, 1, 0, 0
60203, 13853786, 1, 0, 0
60314, 13886742, 1, 0, 0
60408, 13384724, 1, 0, 0
60508, 14276827, 1, 0, 0
60601, 13319962, 1, 0, 0
60705, 25869408, 1, 0, 0
60812, 53799665, 1, 0, 0
60915, 51419714, 1, 0, 0
61023, 53747318, 1, 0, 0
61133, 55018312, 1, 0, 0
61242, 54757282, 1, 0, 0
61304, 20565264, 1, 0, 0
61405, 14483804, 1, 0, 0
61500, 13516751, 1, 0, 0
61612, 13937725, 1, 0, 0
61710, 14035278, 1, 0, 0
61809, 14161384, 1, 0, 0
61902, 13319886, 1, 0, 0
62004, 14557146, 1, 0, 0
62101, 13767734, 1, 0, 0
62212, 13891062, 1, 0, 0
62302, 15001855, 1, 0, 0
62400, 13992440, 1, 0, 0
62513, 14130535, 1, 0, 0
62607, 13401572, 1, 0, 0
62708, 14468219, 1, 0, 0
62804, 13672544, 1, 0, 0
62901, 13854365, 1, 0, 0
63001, 14292212, 1, 0, 0
63112, 13913444, 1, 0, 0
63206, 13428996, 1, 0, 0
63306, 14348669, 1, 0, 0
63404, 13991031, 1, 0, 0
63516, 13909923, 1, 0, 0
63600, 14098568, 1, 0, 0
63704, 14831580, 1, 0, 0
63816, 13942392, 1, 0, 0
63909, 13253519, 1, 0, 0
64011, 14606201, 1, 0, 0
64108, 13896334, 1, 0, 0
64203, 13569561, 1, 0, 0
64305, 14570989, 1, 0, 0
64415, 13706315, 1, 0, 0
64509, 13416726, 1, 0, 0
64646, 22949892, 1, 0, 0
64753, 53430974, 1, 0, 0
64806, 52952691, 1, 0, 0
64916, 54736984, 1, 0, 0
65027, 55708148, 1, 0, 0
65131, 52090976, 1, 0, 0
65230, 49233393, 1, 0, 0
65312, 13741429, 1, 0, 0
65401, 14712498, 1, 0, 0
65512, 13938394, 1, 0, 0
65611, 14139551, 1, 0, 0
65710, 14181692, 1, 0, 0
65803, 13279394, 1, 0, 0
65905, 14552233, 1, 0, 0
66002, 13886192, 1, 0, 0
66115, 14039791, 1, 0, 0
66200, 14246802, 1, 0, 0
66313, 14036452, 1, 0, 0
66408, 13651574, 1, 0, 0
66508, 14272975, 1, 0, 0
66607, 14119092, 1, 0, 0
66700, 13331874, 1, 0, 0
66802, 14531883, 1, 0, 0
66900, 13942103, 1, 0, 0
67011, 13895800, 1, 0, 0
67107, 13689942, 1, 0, 0
67207, 14368202, 1, 0, 0
67301, 13372365, 1, 0, 0
67411, 13778984, 1, 0, 0
67510, 14079920, 1, 0, 0
67608, 14059303, 1, 0, 0
67701, 13248604, 1, 0, 0
67803, 14521096, 1, 0, 0
67900, 13947664, 1, 0, 0
68011, 13884115, 1, 0, 0
68106, 13526388, 1, 0, 0
68208, 14518984, 1, 0, 0
68317, 13621905, 1, 0, 0
68409, 13207382, 1, 0, 0
68502, 13280950, 1, 0, 0
68643, 46887391, 1, 0, 0
68751, 53991284, 1, 0, 0
68805, 54008606, 1, 0, 0
68913, 53903287, 1, 0, 0
69018, 52814492, 1, 0, 0
69124, 52969945, 1, 0, 0
69209, 16916602, 1, 0, 0
69303, 13472270, 1, 0, 0
69402, 14062218, 1, 0, 0
69500, 14097670, 1, 0, 0
69602, 14528097, 1, 0, 0
69700, 13960239, 1, 0, 0
69805, 15063651, 1, 0, 0
69902, 13789782, 1, 0, 0
70013, 13878134, 1, 0, 0
70108, 13638112, 1, 0, 0
70210, 14502563, 1, 0, 0
70305, 13524920, 1, 0, 0
70404, 14220162, 1, 0, 0
70503, 14104310, 1, 0, 0
70614, 13890165, 1, 0, 0
70706, 13161903, 1, 0, 0
70808, 14530953, 1, 0, 0
70905, 13893901, 1, 0, 0
71007, 14529063, 1, 0, 0
71107, 14262339, 1, 0, 0
71205, 14010181, 1, 0, 0
71316, 13880026, 1, 0, 0
71400, 14028024, 1, 0, 0
71511, 13890686, 1, 0, 0
71606, 13550002, 1, 0, 0
71703, 13784124, 1, 0, 0
71803, 14262448, 1, 0, 0
71914, 13934599, 1, 0, 0
72007, 13249634, 1, 0, 0
72106, 14137892, 1, 0, 0
72204, 13994921, 1, 0, 0
72313, 13683907, 1, 0, 0
72407, 13355036, 1, 0, 0
72512, 26413487, 1, 0, 0
72620, 53663832, 1, 0, 0
72729, 54504408, 1, 0, 0
72835, 52887287, 1, 0, 0
72941, 52957073, 1, 0, 0
73046, 52654265, 1, 0, 0
73103, 18911468, 1, 0, 0
73214, 13971746, 1, 0, 0
73308, 13419018, 1, 0, 0
73402, 15674868, 1, 0, 0
73514, 13913781, 1, 0, 0
73608, 13514982, 1, 0, 0
73707, 14049203, 1, 0, 0
73805, 14046061, 1, 0, 0
73916, 13872943, 1, 0, 0
74009, 13274858, 1, 0, 0
74111, 14516209, 1, 0, 0
74208, 13856935, 1, 0, 0
74305, 13885498, 1, 0, 0
74406, 14400627, 1, 0, 0
74500, 13410641, 1, 0, 0
74611, 13916216, 1, 0, 0
74709, 14039394, 1, 0, 0
74808, 14076673, 1, 0, 0
74900, 13213967, 1, 0, 0
75002, 14501611, 1, 0, 0
75113, 13830527, 1, 0, 0
75208, 13704899, 1, 0, 0
75303, 13501391, 1, 0, 0
75403, 14328501, 1, 0, 0
75514, 13835171, 1, 0, 0
75610, 13753771, 1, 0, 0
75707, 13847902, 1, 0, 0
75807, 14280215, 1, 0, 0
75900, 13175837, 1, 0, 0
76010, 13865203, 1, 0, 0
76109, 14126905, 1, 0, 0
76206, 13821541, 1, 0, 0
76300, 13340837, 1, 0, 0
76407, 17952109, 1, 0, 0
76551, 47743004, 1, 0, 0
76602, 51443826, 1, 0, 0
76714, 56039871, 1, 0, 0
76819, 52654741, 1, 0, 0
76926, 53511967, 1, 0, 0
77026, 49818496, 1, 0, 0
77108, 13580044, 1, 0, 0
77208, 14398425, 1, 0, 0
77303, 13447115, 1, 0, 0
77401, 14080680, 1, 0, 0
77500, 14096474, 1, 0, 0
77611, 13885223, 1, 0, 0
77704, 13229608, 1, 0, 0
77805, 14443393, 1, 0, 0
77901, 13790870, 1, 0, 0
78012, 13904997, 1, 0, 0
78107, 13557234, 1, 0, 0
78211, 14790435, 1, 0, 0
78304, 13346626, 1, 0, 0
78402, 13977658, 1, 0, 0
78501, 14121482, 1, 0, 0
78612, 13919119, 1, 0, 0
78700, 14500964, 1, 0, 0
78800, 14292493, 1, 0, 0
78911, 13915826, 1, 0, 0
79003, 13221604, 1, 0, 0
79104, 14302952, 1, 0, 0
79201, 13921505, 1, 0, 0
79312, 13916952, 1, 0, 0
79406, 13337689, 1, 0, 0
79507, 14405769, 1, 0, 0
79601, 13459126, 1, 0, 0
79713, 14003062, 1, 0, 0
79809, 13720681, 1, 0, 0
79909, 14212357, 1, 0, 0
80011, 14645150, 1, 0, 0
80104, 13326249, 1, 0, 0
80205, 14377329, 1, 0, 0
80312, 15216702, 1, 0, 0
80413, 50944449, 1, 0, 0
80537, 41334678, 1, 0, 0
80640, 51058419, 1, 0, 0
80739, 49877023, 1, 0, 0
80845, 52955138, 1, 0, 0
80939, 46778277, 1, 0, 0
81007, 16971317, 1, 0, 0
81107, 14265716, 1, 0, 0
81200, 13383448, 1, 0, 0
81300, 14185917, 1, 0, 0
81411, 13977640, 1, 0, 0
81509, 13978941, 1, 0, 0
81603, 13374260, 1, 0, 0
81704, 14399344, 1, 0, 0
81815, 13842931, 1, 0, 0
81910, 13579236, 1, 0, 0
82006, 13780850, 1, 0, 0
82107, 14398813, 1, 0, 0
82201, 13427506, 1, 0, 0
82300, 14188066, 1, 0, 0
82411, 13870922, 1, 0, 0
82509, 13935357, 1, 0, 0
82602, 13335755, 1, 0, 0
82704, 14503028, 1, 0, 0
82800, 13681949, 1, 0, 0
82911, 13897199, 1, 0, 0
83007, 13782837, 1, 0, 0
83106, 14149229, 1, 0, 0
83217, 13777417, 1, 0, 0
83309, 13190038, 1, 0, 0
83408, 14206677, 1, 0, 0
83506, 13877621, 1, 0, 0
83617, 13898084, 1, 0, 0
83701, 14015620, 1, 0, 0
83812, 13897956, 1, 0, 0
83907, 13563713, 1, 0, 0
84003, 13660808, 1, 0, 0
84102, 14239593, 1, 0, 0
84210, 13450664, 1, 0, 0
84319, 36442446, 1, 0, 0
84419, 49900892, 1, 0, 0
84531, 56043318, 1, 0, 0
84650, 59522226, 1, 0, 0
84707, 56810756, 1, 0, 0
84811, 52003365, 1, 0, 0
84915, 20834476, 1, 0, 0
85007, 15201327, 1, 0, 0
85107, 14372254, 1, 0, 0
85201, 13367323, 1, 0, 0
85301, 14340393, 1, 0, 0
85413, 13968497, 1, 0, 0
85511, 13981472, 1, 0, 0
85605, 13491971, 1, 0, 0
85707, 14571507, 1, 0, 0
85803, 13626157, 1, 0, 0
85913, 13841591, 1, 0, 0
86011, 13864390, 1, 0, 0
86112, 14559115, 1, 0, 0
86206, 13357916, 1, 0, 0
86305, 14199864, 1, 0, 0
86403, 13939236, 1, 0, 0
86514, 13823437, 1, 0, 0
86608, 13478212, 1, 0, 0
86710, 14504281, 1, 0, 0
86805, 13648168, 1, 0, 0
86902, 13842753, 1, 0, 0
87002, 14209130, 1, 0, 0
87113, 13887152, 1, 0, 0
87205, 13245133, 1, 0, 0
87305, 14163530, 1, 0, 0
87402, 13889343, 1, 0, 0
87513, 13838953, 1, 0, 0
87606, 13418640, 1, 0, 0
87708, 14433308, 1, 0, 0
87802, 13500587, 1, 0, 0
87912, 13797312, 1, 0, 0
88003, 15023252, 1, 0, 0
88100, 13858025, 1, 0, 0
88237, 22872721, 1, 0, 0
88346, 54566031, 1, 0, 0
88402, 55937354, 1, 0, 0
88511, 54717795, 1, 0, 0
88621, 54615489, 1, 0, 0
88729, 54338544, 1, 0, 0
88808, 39104854, 1, 0, 0
88905, 13856287, 1, 0, 0
89000, 13593502, 1, 0, 0
89101, 14527372, 1, 0, 0
89213, 13893370, 1, 0, 0
89306, 13384974, 1, 0, 0
89405, 14065773, 1, 0, 0
89504, 14151887, 1, 0, 0
89614, 13799281, 1, 0, 0
89707, 13267117, 1, 0, 0
89808, 14416426, 1, 0, 0
89905, 13830968, 1, 0, 0
90002, 13797382, 1, 0, 0
