110, 16168, 1, 0, 0
202, 11341, 1, 0, 0
304, 10963, 1, 0, 0
400, 10050, 1, 0, 0
512, 12536, 1, 0, 0
607, 11887, 1, 0, 0
708, 12308, 1, 0, 0
802, 9736, 1, 0, 0
911, 11541, 1, 0, 0
1008, 11435, 1, 0, 0
1102, 10226, 1, 0, 0
1252, 10369, 1, 0, 0
1304, 10787, 1, 0, 0
1410, 22444, 1, 0, 0
1520, 11341, 1, 0, 0
1630, 10436, 1, 0, 0
1717, 11796, 1, 0, 0
1803, 12136, 1, 0, 0
1915, 14549, 1, 0, 0
2009, 11261, 1, 0, 0
2110, 10992, 1, 0, 0
2216, 11319, 1, 0, 0
2310, 10409, 1, 0, 0
2409, 14843, 1, 0, 0
2522, 11516, 1, 0, 0
2604, 9949, 1, 0, 0
2704, 12177, 1, 0, 0
2802, 13282, 1, 0, 0
2915, 14589, 1, 0, 0
3001, 19381, 1, 0, 0
3112, 14400, 1, 0, 0
3207, 14737, 1, 0, 0
3304, 18509, 1, 0, 0
3406, 26113, 1, 0, 0
3510, 19688, 1, 0, 0
3606, 17783, 1, 0, 0
3708, 12712, 1, 0, 0
3803, 19648, 1, 0, 0
3901, 12822, 1, 0, 0
4000, 11309, 1, 0, 0
4112, 14442, 1, 0, 0
4205, 13516, 1, 0, 0
4306, 13246, 1, 0, 0
4403, 17931, 1, 0, 0
4515, 13735, 1, 0, 0
4600, 21384, 1, 0, 0
4711, 17168, 1, 0, 0
4805, 14219, 1, 0, 0
4903, 12704, 1, 0, 0
5009, 14596, 1, 0, 0
5124, 15268, 1, 0, 0
5222, 13998, 1, 0, 0
5322, 13504, 1, 0, 0
5423, 18228, 1, 0, 0
5524, 13178, 1, 0, 0
5622, 20933, 1, 0, 0
5716, 17562, 1, 0, 0
5813, 15236, 1, 0, 0
5907, 14082, 1, 0, 0
6009, 13856, 1, 0, 0
6105, 13604, 1, 0, 0
6203, 15930, 1, 0, 0
6304, 10523, 1, 0, 0
6417, 11864, 1, 0, 0
6500, 9678, 1, 0, 0
6612, 10322, 1, 0, 0
6709, 10445, 1, 0, 0
6803, 11722, 1, 0, 0
6905, 12475, 1, 0, 0
7001, 10173, 1, 0, 0
7113, 9472, 1, 0, 0
7210, 13556, 1, 0, 0
7310, 9861, 1, 0, 0
7404, 12208, 1, 0, 0
7504, 13823, 1, 0, 0
7602, 14355, 1, 0, 0
7713, 12267, 1, 0, 0
7807, 18234, 1, 0, 0
7907, 12035, 1, 0, 0
8003, 9225, 1, 0, 0
8114, 13549, 1, 0, 0
8210, 18052, 1, 0, 0
8309, 14307, 1, 0, 0
8411, 10228, 1, 0, 0
8506, 10742, 1, 0, 0
8607, 16087, 1, 0, 0
8700, 13355, 1, 0, 0
8811, 19046, 1, 0, 0
8908, 14270, 1, 0, 0
9006, 10727, 1, 0, 0
9100, 9544, 1, 0, 0
9203, 23056, 1, 0, 0
9303, 17711, 1, 0, 0
9411, 17245, 1, 0, 0
9525, 9577, 1, 0, 0
9634, 15862, 1, 0, 0
9702, 10392, 1, 0, 0
9813, 10561, 1, 0, 0
9907, 10391, 1, 0, 0
10009, 13979, 1, 0, 0
10105, 12116, 1, 0, 0
10202, 12325, 1, 0, 0
10302, 10279, 1, 0, 0
10413, 10759, 1, 0, 0
10507, 10197, 1, 0, 0
10606, 9630, 1, 0, 0
10712, 11672, 1, 0, 0
10805, 10098, 1, 0, 0
10905, 11949, 1, 0, 0
11004, 11603, 1, 0, 0
11115, 12793, 1, 0, 0
11207, 11201, 1, 0, 0
11308, 12220, 1, 0, 0
11413, 12084, 1, 0, 0
11507, 10645, 1, 0, 0
11607, 12138, 1, 0, 0
11704, 12775, 1, 0, 0
11816, 11332, 1, 0, 0
11909, 11030, 1, 0, 0
12010, 12526, 1, 0, 0
12105, 11080, 1, 0, 0
12201, 11249, 1, 0, 0
12301, 15470, 1, 0, 0
12412, 14656, 1, 0, 0
12505, 16096, 1, 0, 0
12604, 19613, 1, 0, 0
12702, 16054, 1, 0, 0
12801, 14630, 1, 0, 0
12911, 14233, 1, 0, 0
13010, 11946, 1, 0, 0
13103, 10931, 1, 0, 0
13205, 11172, 1, 0, 0
13313, 11039, 1, 0, 0
13429, 12046, 1, 0, 0
13545, 14925, 1, 0, 0
13602, 12782, 1, 0, 0
13701, 16039, 1, 0, 0
13813, 14562, 1, 0, 0
13906, 12840, 1, 0, 0
14008, 11364, 1, 0, 0
14105, 11543, 1, 0, 0
14201, 9820, 1, 0, 0
14301, 9973, 1, 0, 0
14413, 10279, 1, 0, 0
14507, 12012, 1, 0, 0
14605, 12444, 1, 0, 0
14704, 12257, 1, 0, 0
14816, 10933, 1, 0, 0
14900, 10277, 1, 0, 0
15012, 10283, 1, 0, 0
15108, 10968, 1, 0, 0
15203, 9262, 1, 0, 0
15305, 9236, 1, 0, 0
15417, 8262, 1, 0, 0
15510, 9090, 1, 0, 0
15609, 13298, 1, 0, 0
15708, 11630, 1, 0, 0
15800, 10901, 1, 0, 0
15901, 15721, 1, 0, 0
16011, 16535, 1, 0, 0
16108, 20261, 1, 0, 0
16202, 17690, 1, 0, 0
16303, 16973, 1, 0, 0
16414, 16817, 1, 0, 0
16508, 17656, 1, 0, 0
16606, 12805, 1, 0, 0
16712, 15643, 1, 0, 0
16806, 14919, 1, 0, 0
16901, 16728, 1, 0, 0
17039, 17478, 1, 0, 0
17132, 16871, 1, 0, 0
17238, 16311, 1, 0, 0
17343, 17121, 1, 0, 0
17450, 14693, 1, 0, 0
17505, 17494, 1, 0, 0
17614, 22266, 1, 0, 0
17701, 17455, 1, 0, 0
17812, 16816, 1, 0, 0
17908, 16293, 1, 0, 0
18009, 20229, 1, 0, 0
18103, 17043, 1, 0, 0
18201, 13506, 1, 0, 0
18301, 12030, 1, 0, 0
18413, 13021, 1, 0, 0
18505, 10695, 1, 0, 0
18607, 9880, 1, 0, 0
18704, 10611, 1, 0, 0
18801, 11595, 1, 0, 0
18905, 10465, 1, 0, 0
19017, 15921, 1, 0, 0
19110, 14802, 1, 0, 0
19209, 12971, 1, 0, 0
19308, 17009, 1, 0, 0
19401, 11695, 1, 0, 0
19502, 17747, 1, 0, 0
19600, 19588, 1, 0, 0
19712, 19171, 1, 0, 0
19807, 26987, 1, 0, 0
19909, 16751, 1, 0, 0
20001, 19228, 1, 0, 0
20112, 17011, 1, 0, 0
20211, 14994, 1, 0, 0
20311, 16248, 1, 0, 0
20404, 14712, 1, 0, 0
20504, 16380, 1, 0, 0
20601, 22769, 1, 0, 0
20712, 19164, 1, 0, 0
20805, 21972, 1, 0, 0
20907, 15682, 1, 0, 0
21022, 14329, 1, 0, 0
21134, 16956, 1, 0, 0
21241, 11562, 1, 0, 0
21353, 10287, 1, 0, 0
21408, 20503, 1, 0, 0
21517, 10621, 1, 0, 0
21603, 18461, 1, 0, 0
21715, 9972, 1, 0, 0
21809, 8708, 1, 0, 0
21911, 10782, 1, 0, 0
22008, 11229, 1, 0, 0
22103, 16473, 1, 0, 0
22205, 10842, 1, 0, 0
22316, 10809, 1, 0, 0
22410, 17174, 1, 0, 0
22503, 12251, 1, 0, 0
22615, 18981, 1, 0, 0
22711, 17311, 1, 0, 0
22809, 15072, 1, 0, 0
22910, 15429, 1, 0, 0
23004, 14900, 1, 0, 0
23103, 14402, 1, 0, 0
23210, 9508, 1, 0, 0
23306, 9425, 1, 0, 0
23403, 8787, 1, 0, 0
23503, 9383, 1, 0, 0
23615, 7966, 1, 0, 0
23708, 14643, 1, 0, 0
23808, 12119, 1, 0, 0
23913, 13308, 1, 0, 0
24006, 10959, 1, 0, 0
24105, 13197, 1, 0, 0
24203, 10008, 1, 0, 0
24315, 10335, 1, 0, 0
24407, 9795, 1, 0, 0
24508, 10947, 1, 0, 0
24605, 10656, 1, 0, 0
24700, 11398, 1, 0, 0
24804, 11547, 1, 0, 0
24901, 10377, 1, 0, 0
25031, 14984, 1, 0, 0
25134, 10793, 1, 0, 0
25250, 10014, 1, 0, 0
25310, 16539, 1, 0, 0
25420, 9650, 1, 0, 0
25528, 17444, 1, 0, 0
25616, 10253, 1, 0, 0
25701, 10025, 1, 0, 0
25814, 10567, 1, 0, 0
25910, 11523, 1, 0, 0
26008, 10879, 1, 0, 0
26108, 11217, 1, 0, 0
26202, 12362, 1, 0, 0
26302, 10196, 1, 0, 0
26401, 9738, 1, 0, 0
26513, 10562, 1, 0, 0
26608, 10035, 1, 0, 0
26709, 12166, 1, 0, 0
26807, 11178, 1, 0, 0
26904, 12039, 1, 0, 0
27005, 9947, 1, 0, 0
27100, 9850, 1, 0, 0
27200, 9640, 1, 0, 0
27312, 9648, 1, 0, 0
27410, 11380, 1, 0, 0
27504, 9887, 1, 0, 0
27606, 10019, 1, 0, 0
27702, 10272, 1, 0, 0
27813, 12697, 1, 0, 0
27910, 14691, 1, 0, 0
28010, 10756, 1, 0, 0
28104, 9837, 1, 0, 0
28204, 11674, 1, 0, 0
28302, 10158, 1, 0, 0
28414, 14446, 1, 0, 0
28508, 14109, 1, 0, 0
28611, 10571, 1, 0, 0
28705, 12756, 1, 0, 0
28811, 12798, 1, 0, 0
28905, 9924, 1, 0, 0
29042, 10313, 1, 0, 0
29138, 10006, 1, 0, 0
29246, 13024, 1, 0, 0
29300, 11029, 1, 0, 0
29451, 15896, 1, 0, 0
29505, 14111, 1, 0, 0
29619, 17095, 1, 0, 0
29701, 12272, 1, 0, 0
29803, 14542, 1, 0, 0
29915, 14421, 1, 0, 0
30011, 12882, 1, 0, 0
30109, 12554, 1, 0, 0
30209, 13548, 1, 0, 0
30302, 15874, 1, 0, 0
30402, 11818, 1, 0, 0
30513, 12170, 1, 0, 0
30611, 14012, 1, 0, 0
30706, 17390, 1, 0, 0
30808, 14639, 1, 0, 0
30904, 13206, 1, 0, 0
31001, 12032, 1, 0, 0
31101, 15606, 1, 0, 0
31213, 10739, 1, 0, 0
31307, 11131, 1, 0, 0
31408, 15108, 1, 0, 0
31506, 14193, 1, 0, 0
31600, 12490, 1, 0, 0
31701, 9647, 1, 0, 0
31804, 10350, 1, 0, 0
31915, 10771, 1, 0, 0
32007, 10355, 1, 0, 0
32108, 12399, 1, 0, 0
32204, 13532, 1, 0, 0
32300, 13024, 1, 0, 0
32401, 16940, 1, 0, 0
32511, 10777, 1, 0, 0
32605, 10526, 1, 0, 0
32702, 12726, 1, 0, 0
32800, 10429, 1, 0, 0
32949, 14715, 1, 0, 0
33001, 9726, 1, 0, 0
33104, 15514, 1, 0, 0
33216, 13363, 1, 0, 0
33328, 9164, 1, 0, 0
33436, 9437, 1, 0, 0
33504, 9604, 1, 0, 0
33616, 14368, 1, 0, 0
33710, 12586, 1, 0, 0
33810, 14691, 1, 0, 0
33909, 13006, 1, 0, 0
34003, 15867, 1, 0, 0
34104, 16243, 1, 0, 0
34215, 11961, 1, 0, 0
34310, 12094, 1, 0, 0
34407, 9183, 1, 0, 0
34507, 10840, 1, 0, 0
34601, 9212, 1, 0, 0
34701, 8259, 1, 0, 0
34800, 9606, 1, 0, 0
34911, 10398, 1, 0, 0
35004, 11103, 1, 0, 0
35111, 10515, 1, 0, 0
35210, 12971, 1, 0, 0
35303, 11037, 1, 0, 0
35405, 14250, 1, 0, 0
35514, 11617, 1, 0, 0
35610, 17987, 1, 0, 0
35706, 13070, 1, 0, 0
35804, 11625, 1, 0, 0
35916, 11948, 1, 0, 0
36008, 11189, 1, 0, 0
36106, 14218, 1, 0, 0
36205, 11563, 1, 0, 0
36319, 10670, 1, 0, 0
36411, 14503, 1, 0, 0
36512, 15232, 1, 0, 0
36610, 12319, 1, 0, 0
36701, 10567, 1, 0, 0
36810, 10904, 1, 0, 0
36913, 11943, 1, 0, 0
37017, 10428, 1, 0, 0
37125, 10202, 1, 0, 0
37235, 10230, 1, 0, 0
37342, 11532, 1, 0, 0
37445, 11368, 1, 0, 0
37501, 15948, 1, 0, 0
37602, 10562, 1, 0, 0
37716, 10690, 1, 0, 0
37800, 12412, 1, 0, 0
37913, 14354, 1, 0, 0
38011, 12898, 1, 0, 0
38109, 14092, 1, 0, 0
38212, 10599, 1, 0, 0
38306, 10943, 1, 0, 0
38406, 10996, 1, 0, 0
38506, 13882, 1, 0, 0
38600, 9845, 1, 0, 0
38705, 9130, 1, 0, 0
38805, 11017, 1, 0, 0
38902, 13785, 1, 0, 0
39005, 12497, 1, 0, 0
39117, 13645, 1, 0, 0
39212, 11527, 1, 0, 0
39300, 10999, 1, 0, 0
39413, 9741, 1, 0, 0
39507, 11310, 1, 0, 0
39610, 12258, 1, 0, 0
39707, 13938, 1, 0, 0
39803, 13287, 1, 0, 0
39904, 14149, 1, 0, 0
40016, 11568, 1, 0, 0
40109, 23539, 1, 0, 0
40209, 14905, 1, 0, 0
40308, 19166, 1, 0, 0
40402, 17218, 1, 0, 0
40504, 16617, 1, 0, 0
40602, 9844, 1, 0, 0
40714, 12185, 1, 0, 0
40801, 12230, 1, 0, 0
40901, 12543, 1, 0, 0
41010, 10383, 1, 0, 0
41119, 16180, 1, 0, 0
41225, 16850, 1, 0, 0
41331, 15035, 1, 0, 0
41440, 16536, 1, 0, 0
41500, 11373, 1, 0, 0
41601, 11043, 1, 0, 0
41713, 11166, 1, 0, 0
41809, 10820, 1, 0, 0
41905, 14261, 1, 0, 0
42006, 13328, 1, 0, 0
42100, 11276, 1, 0, 0
42203, 12666, 1, 0, 0
42304, 12639, 1, 0, 0
42415, 11008, 1, 0, 0
42510, 11176, 1, 0, 0
42607, 10694, 1, 0, 0
42709, 13044, 1, 0, 0
42803, 11424, 1, 0, 0
42903, 11158, 1, 0, 0
43001, 14910, 1, 0, 0
43112, 9734, 1, 0, 0
43206, 14702, 1, 0, 0
43308, 15526, 1, 0, 0
43404, 16284, 1, 0, 0
43501, 15053, 1, 0, 0
43607, 14641, 1, 0, 0
43703, 13418, 1, 0, 0
43814, 11366, 1, 0, 0
43908, 10856, 1, 0, 0
44010, 13707, 1, 0, 0
44103, 12845, 1, 0, 0
44202, 14431, 1, 0, 0
44302, 15257, 1, 0, 0
44412, 14890, 1, 0, 0
44506, 15303, 1, 0, 0
44606, 17222, 1, 0, 0
44702, 16847, 1, 0, 0
44838, 18192, 1, 0, 0
44943, 19002, 1, 0, 0
45049, 11158, 1, 0, 0
45104, 10197, 1, 0, 0
45217, 9685, 1, 0, 0
45330, 12935, 1, 0, 0
45436, 18356, 1, 0, 0
45505, 20844, 1, 0, 0
45603, 10429, 1, 0, 0
45705, 11401, 1, 0, 0
45800, 13406, 1, 0, 0
45901, 14311, 1, 0, 0
46000, 15342, 1, 0, 0
46113, 13655, 1, 0, 0
46204, 18990, 1, 0, 0
46303, 12846, 1, 0, 0
46415, 13945, 1, 0, 0
46509, 14440, 1, 0, 0
46612, 15128, 1, 0, 0
46711, 18278, 1, 0, 0
46807, 15628, 1, 0, 0
46909, 18243, 1, 0, 0
47004, 16248, 1, 0, 0
47104, 12717, 1, 0, 0
47204, 8905, 1, 0, 0
47316, 13858, 1, 0, 0
47401, 21866, 1, 0, 0
47513, 20762, 1, 0, 0
47610, 24027, 1, 0, 0
47706, 23717, 1, 0, 0
47808, 22816, 1, 0, 0
47903, 18882, 1, 0, 0
48001, 14583, 1, 0, 0
48100, 10132, 1, 0, 0
48213, 17228, 1, 0, 0
48306, 13289, 1, 0, 0
48402, 14931, 1, 0, 0
48514, 17948, 1, 0, 0
48607, 14218, 1, 0, 0
48707, 16686, 1, 0, 0
48841, 12416, 1, 0, 0
48945, 17901, 1, 0, 0
49045, 13555, 1, 0, 0
49152, 12375, 1, 0, 0
49204, 12834, 1, 0, 0
49312, 10545, 1, 0, 0
49424, 16056, 1, 0, 0
49507, 10658, 1, 0, 0
49604, 17158, 1, 0, 0
49701, 12828, 1, 0, 0
49801, 11689, 1, 0, 0
49914, 13709, 1, 0, 0
50007, 11282, 1, 0, 0
50106, 12096, 1, 0, 0
50204, 10558, 1, 0, 0
50316, 11252, 1, 0, 0
50408, 10544, 1, 0, 0
50510, 9831, 1, 0, 0
50608, 10424, 1, 0, 0
50705, 11611, 1, 0, 0
50806, 10242, 1, 0, 0
50916, 11800, 1, 0, 0
51009, 12587, 1, 0, 0
51108, 14774, 1, 0, 0
51207, 19361, 1, 0, 0
51300, 12500, 1, 0, 0
51401, 12817, 1, 0, 0
51513, 13417, 1, 0, 0
51610, 10110, 1, 0, 0
51706, 9587, 1, 0, 0
51806, 13856, 1, 0, 0
51917, 17594, 1, 0, 0
52010, 15289, 1, 0, 0
52108, 15312, 1, 0, 0
52207, 18525, 1, 0, 0
52300, 11063, 1, 0, 0
52401, 14909, 1, 0, 0
52512, 10510, 1, 0, 0
52607, 16432, 1, 0, 0
52702, 13881, 1, 0, 0
52823, 14997, 1, 0, 0
52900, 22668, 1, 0, 0
53004, 20212, 1, 0, 0
53108, 11493, 1, 0, 0
53209, 12043, 1, 0, 0
53312, 18811, 1, 0, 0
53407, 11018, 1, 0, 0
53510, 14661, 1, 0, 0
53605, 11298, 1, 0, 0
53703, 10784, 1, 0, 0
53804, 10933, 1, 0, 0
53916, 10541, 1, 0, 0
54009, 8044, 1, 0, 0
54109, 8974, 1, 0, 0
54208, 7956, 1, 0, 0
54301, 8815, 1, 0, 0
54403, 8992, 1, 0, 0
54515, 8329, 1, 0, 0
54613, 8192, 1, 0, 0
54717, 7966, 1, 0, 0
54804, 9474, 1, 0, 0
54915, 11651, 1, 0, 0
55009, 11820, 1, 0, 0
55111, 11506, 1, 0, 0
55206, 11819, 1, 0, 0
55303, 10630, 1, 0, 0
55403, 9575, 1, 0, 0
55514, 8818, 1, 0, 0
55608, 11628, 1, 0, 0
55708, 8246, 1, 0, 0
55805, 8618, 1, 0, 0
55917, 11770, 1, 0, 0
56001, 12298, 1, 0, 0
56114, 12715, 1, 0, 0
56209, 21363, 1, 0, 0
56306, 13578, 1, 0, 0
56406, 10743, 1, 0, 0
56516, 13729, 1, 0, 0
56609, 14304, 1, 0, 0
56725, 14955, 1, 0, 0
56831, 9610, 1, 0, 0
56939, 8637, 1, 0, 0
57049, 8068, 1, 0, 0
57101, 8040, 1, 0, 0
57207, 9924, 1, 0, 0
57315, 8795, 1, 0, 0
57401, 9447, 1, 0, 0
57513, 13083, 1, 0, 0
57608, 10873, 1, 0, 0
57707, 10777, 1, 0, 0
57812, 10029, 1, 0, 0
57908, 10414, 1, 0, 0
58005, 8495, 1, 0, 0
58105, 10248, 1, 0, 0
58216, 13047, 1, 0, 0
58310, 13734, 1, 0, 0
58409, 10146, 1, 0, 0
58507, 12100, 1, 0, 0
58603, 13131, 1, 0, 0
58704, 11459, 1, 0, 0
58815, 9604, 1, 0, 0
58911, 11456, 1, 0, 0
59008, 10877, 1, 0, 0
59109, 9526, 1, 0, 0
59202, 10731, 1, 0, 0
59302, 13289, 1, 0, 0
59400, 9264, 1, 0, 0
59511, 9082, 1, 0, 0
59605, 9680, 1, 0, 0
59705, 8675, 1, 0, 0
59800, 8641, 1, 0, 0
59910, 14907, 1, 0, 0
60007, 16486, 1, 0, 0
60107, 26777, 1, 0, 0
60200, 19610, 1, 0, 0
60300, 21362, 1, 0, 0
60410, 9261, 1, 0, 0
60507, 8206, 1, 0, 0
60600, 12269, 1, 0, 0
60740, 17226, 1, 0, 0
60843, 15703, 1, 0, 0
60948, 21087, 1, 0, 0
61004, 8853, 1, 0, 0
61112, 14208, 1, 0, 0
61222, 14085, 1, 0, 0
61306, 13460, 1, 0, 0
61404, 16763, 1, 0, 0
61516, 14270, 1, 0, 0
61600, 11414, 1, 0, 0
61712, 12382, 1, 0, 0
61807, 12425, 1, 0, 0
61904, 14818, 1, 0, 0
62005, 10485, 1, 0, 0
62116, 14820, 1, 0, 0
62209, 12422, 1, 0, 0
62303, 11234, 1, 0, 0
62415, 14970, 1, 0, 0
62510, 17857, 1, 0, 0
62609, 13084, 1, 0, 0
62707, 10988, 1, 0, 0
62801, 16176, 1, 0, 0
62902, 15352, 1, 0, 0
63014, 14481, 1, 0, 0
63111, 14016, 1, 0, 0
63206, 14598, 1, 0, 0
63308, 11757, 1, 0, 0
63402, 12272, 1, 0, 0
63501, 11406, 1, 0, 0
63600, 10181, 1, 0, 0
63702, 12728, 1, 0, 0
63813, 13611, 1, 0, 0
63911, 11876, 1, 0, 0
64012, 11515, 1, 0, 0
64105, 9377, 1, 0, 0
64205, 9580, 1, 0, 0
64304, 17205, 1, 0, 0
64413, 9932, 1, 0, 0
64507, 14986, 1, 0, 0
64623, 15600, 1, 0, 0
64732, 18122, 1, 0, 0
64841, 18417, 1, 0, 0
64955, 11964, 1, 0, 0
65007, 9650, 1, 0, 0
65113, 10783, 1, 0, 0
65228, 18447, 1, 0, 0
65314, 17421, 1, 0, 0
65400, 14182, 1, 0, 0
65501, 16590, 1, 0, 0
65613, 10948, 1, 0, 0
65709, 13923, 1, 0, 0
65806, 16411, 1, 0, 0
65906, 13050, 1, 0, 0
66000, 16224, 1, 0, 0
66100, 14024, 1, 0, 0
66213, 14463, 1, 0, 0
66311, 17161, 1, 0, 0
66407, 15513, 1, 0, 0
66510, 15115, 1, 0, 0
66605, 16752, 1, 0, 0
66703, 17355, 1, 0, 0
66803, 10504, 1, 0, 0
66915, 17263, 1, 0, 0
67008, 15062, 1, 0, 0
67109, 14667, 1, 0, 0
67206, 13167, 1, 0, 0
67300, 13093, 1, 0, 0
67400, 11582, 1, 0, 0
67511, 13215, 1, 0, 0
67606, 18384, 1, 0, 0
67703, 13098, 1, 0, 0
67803, 14910, 1, 0, 0
67916, 10729, 1, 0, 0
68009, 11272, 1, 0, 0
68108, 16151, 1, 0, 0
68206, 15393, 1, 0, 0
68315, 10618, 1, 0, 0
68408, 14579, 1, 0, 0
68505, 16662, 1, 0, 0
68627, 13128, 1, 0, 0
68730, 15490, 1, 0, 0
68838, 18029, 1, 0, 0
68946, 9943, 1, 0, 0
69051, 9818, 1, 0, 0
69105, 11894, 1, 0, 0
69207, 10873, 1, 0, 0
69302, 16854, 1, 0, 0
69404, 15969, 1, 0, 0
69515, 14316, 1, 0, 0
69618, 13096, 1, 0, 0
69702, 14667, 1, 0, 0
69806, 14053, 1, 0, 0
69917, 12878, 1, 0, 0
70010, 13881, 1, 0, 0
70110, 26855, 1, 0, 0
70209, 13308, 1, 0, 0
70303, 14582, 1, 0, 0
70406, 10543, 1, 0, 0
70501, 17757, 1, 0, 0
70612, 13448, 1, 0, 0
70709, 10779, 1, 0, 0
70809, 12669, 1, 0, 0
70903, 11782, 1, 0, 0
71008, 9292, 1, 0, 0
71109, 9800, 1, 0, 0
71202, 11259, 1, 0, 0
71301, 12866, 1, 0, 0
71400, 9806, 1, 0, 0
71511, 14451, 1, 0, 0
71603, 12376, 1, 0, 0
71705, 9934, 1, 0, 0
71801, 10058, 1, 0, 0
71912, 12846, 1, 0, 0
72007, 11673, 1, 0, 0
72108, 14122, 1, 0, 0
72201, 14443, 1, 0, 0
72312, 11578, 1, 0, 0
72409, 11588, 1, 0, 0
72547, 12409, 1, 0, 0
72600, 10286, 1, 0, 0
72707, 9813, 1, 0, 0
72814, 10143, 1, 0, 0
72921, 14758, 1, 0, 0
73029, 21386, 1, 0, 0
73101, 11215, 1, 0, 0
73213, 11423, 1, 0, 0
73309, 13350, 1, 0, 0
73402, 10006, 1, 0, 0
73513, 11481, 1, 0, 0
73607, 11269, 1, 0, 0
73708, 11900, 1, 0, 0
73803, 11726, 1, 0, 0
73900, 11329, 1, 0, 0
74000, 10494, 1, 0, 0
74112, 11094, 1, 0, 0
74205, 11645, 1, 0, 0
74307, 13170, 1, 0, 0
74405, 12090, 1, 0, 0
74516, 11917, 1, 0, 0
74600, 11592, 1, 0, 0
74711, 12071, 1, 0, 0
74806, 11792, 1, 0, 0
74903, 10528, 1, 0, 0
75003, 11821, 1, 0, 0
75113, 10204, 1, 0, 0
75206, 15445, 1, 0, 0
75305, 13649, 1, 0, 0
75402, 10186, 1, 0, 0
75513, 16057, 1, 0, 0
75608, 12202, 1, 0, 0
75709, 13844, 1, 0, 0
75806, 13763, 1, 0, 0
75900, 9379, 1, 0, 0
76001, 17316, 1, 0, 0
76112, 12043, 1, 0, 0
76204, 9346, 1, 0, 0
76301, 9503, 1, 0, 0
76431, 13091, 1, 0, 0
76530, 8044, 1, 0, 0
76637, 8356, 1, 0, 0
76747, 13395, 1, 0, 0
76801, 9234, 1, 0, 0
76907, 16887, 1, 0, 0
77013, 10733, 1, 0, 0
77109, 11480, 1, 0, 0
77207, 12295, 1, 0, 0
77301, 11492, 1, 0, 0
77403, 11264, 1, 0, 0
77514, 10546, 1, 0, 0
77609, 9986, 1, 0, 0
77706, 10480, 1, 0, 0
77805, 9536, 1, 0, 0
77916, 12822, 1, 0, 0
78010, 12250, 1, 0, 0
78110, 10411, 1, 0, 0
78209, 10994, 1, 0, 0
78303, 11318, 1, 0, 0
78404, 10478, 1, 0, 0
78515, 10324, 1, 0, 0
78611, 13636, 1, 0, 0
78702, 11047, 1, 0, 0
78813, 10207, 1, 0, 0
78909, 10879, 1, 0, 0
79004, 11432, 1, 0, 0
79106, 10946, 1, 0, 0
79216, 10976, 1, 0, 0
79310, 14094, 1, 0, 0
79408, 12838, 1, 0, 0
79506, 18496, 1, 0, 0
79617, 15168, 1, 0, 0
79701, 17622, 1, 0, 0
79811, 15511, 1, 0, 0
79907, 17084, 1, 0, 0
80008, 13285, 1, 0, 0
80106, 10130, 1, 0, 0
80204, 9706, 1, 0, 0
80301, 10487, 1, 0, 0
80447, 14453, 1, 0, 0
80524, 26928, 1, 0, 0
80622, 12921, 1, 0, 0
80722, 25916, 1, 0, 0
80825, 8614, 1, 0, 0
80924, 13861, 1, 0, 0
81009, 13554, 1, 0, 0
81105, 15084, 1, 0, 0
81201, 11846, 1, 0, 0
81301, 10474, 1, 0, 0
81413, 11487, 1, 0, 0
81507, 11154, 1, 0, 0
81605, 10201, 1, 0, 0
81704, 9837, 1, 0, 0
81815, 11156, 1, 0, 0
81907, 10898, 1, 0, 0
82008, 10186, 1, 0, 0
82105, 8028, 1, 0, 0
82202, 10923, 1, 0, 0
82302, 15707, 1, 0, 0
82413, 9328, 1, 0, 0
82507, 13654, 1, 0, 0
82605, 10297, 1, 0, 0
82704, 17877, 1, 0, 0
82815, 11615, 1, 0, 0
82908, 9417, 1, 0, 0
83009, 7852, 1, 0, 0
83105, 10726, 1, 0, 0
83216, 11417, 1, 0, 0
83300, 12450, 1, 0, 0
83410, 11842, 1, 0, 0
83503, 13419, 1, 0, 0
83602, 11638, 1, 0, 0
83701, 11377, 1, 0, 0
83812, 12073, 1, 0, 0
83904, 11632, 1, 0, 0
84005, 13090, 1, 0, 0
84101, 16130, 1, 0, 0
84212, 15042, 1, 0, 0
84303, 10255, 1, 0, 0
84402, 10960, 1, 0, 0
84508, 12178, 1, 0, 0
84626, 11545, 1, 0, 0
84741, 11465, 1, 0, 0
84844, 11532, 1, 0, 0
84900, 9839, 1, 0, 0
85008, 9100, 1, 0, 0
85106, 9313, 1, 0, 0
85201, 10605, 1, 0, 0
85303, 10895, 1, 0, 0
85415, 10329, 1, 0, 0
85509, 9964, 1, 0, 0
85608, 10797, 1, 0, 0
85707, 17131, 1, 0, 0
85800, 12511, 1, 0, 0
85901, 10123, 1, 0, 0
86013, 10225, 1, 0, 0
86111, 11630, 1, 0, 0
86207, 10923, 1, 0, 0
86307, 12100, 1, 0, 0
86401, 10740, 1, 0, 0
86512, 10049, 1, 0, 0
86610, 9047, 1, 0, 0
86709, 9436, 1, 0, 0
86803, 10349, 1, 0, 0
86904, 9822, 1, 0, 0
87000, 11185, 1, 0, 0
87111, 10654, 1, 0, 0
87206, 9944, 1, 0, 0
87306, 12573, 1, 0, 0
87400, 13687, 1, 0, 0
87511, 12560, 1, 0, 0
87609, 10401, 1, 0, 0
87708, 10776, 1, 0, 0
87818, 13807, 1, 0, 0
87900, 9789, 1, 0, 0
88003, 9600, 1, 0, 0
88115, 8501, 1, 0, 0
88220, 8226, 1, 0, 0
88326, 11473, 1, 0, 0
88435, 9070, 1, 0, 0
88546, 8315, 1, 0, 0
88601, 8354, 1, 0, 0
88709, 8906, 1, 0, 0
88808, 10623, 1, 0, 0
88902, 10703, 1, 0, 0
89002, 10762, 1, 0, 0
89100, 10153, 1, 0, 0
89211, 12367, 1, 0, 0
89305, 11921, 1, 0, 0
89406, 9703, 1, 0, 0
89502, 16240, 1, 0, 0
89613, 12665, 1, 0, 0
89709, 11338, 1, 0, 0
89809, 12400, 1, 0, 0
89902, 13386, 1, 0, 0
90003, 12116, 1, 0, 0
