100, 514160, 0, 0, 0
200, 511394, 0, 0, 0
300, 499746, 0, 0, 0
400, 511999, 0, 0, 0
500, 511969, 0, 0, 0
600, 530724, 0, 0, 0
700, 557090, 0, 0, 0
800, 504819, 0, 0, 0
900, 527192, 0, 0, 0
1000, 517457, 0, 0, 0
1100, 498199, 0, 0, 0
1200, 502384, 0, 0, 0
1300, 504995, 0, 0, 0
1400, 499193, 0, 0, 0
1500, 515725, 0, 0, 0
1600, 522641, 0, 0, 0
1700, 572156, 0, 0, 0
1800, 578477, 0, 0, 0
1900, 503305, 0, 0, 0
2000, 513611, 0, 0, 0
2100, 503266, 0, 0, 0
2200, 506450, 0, 0, 0
2300, 541256, 0, 0, 0
2400, 501111, 0, 0, 0
2500, 503269, 0, 0, 0
2600, 509620, 0, 0, 0
2700, 476682, 0, 0, 0
2800, 509208, 0, 0, 0
2900, 520721, 0, 0, 0
3000, 506947, 0, 0, 0
3100, 484925, 0, 0, 0
3200, 515146, 0, 0, 0
3300, 560080, 0, 0, 0
3400, 507392, 0, 0, 0
3500, 493091, 0, 0, 0
3600, 499311, 0, 0, 0
3700, 519861, 0, 0, 0
3800, 535718, 0, 0, 0
3900, 500555, 0, 0, 0
4000, 559883, 0, 0, 0
4100, 521154, 0, 0, 0
4200, 556809, 0, 0, 0
4300, 494576, 0, 0, 0
4400, 512648, 0, 0, 0
4500, 513289, 0, 0, 0
4600, 521002, 0, 0, 0
4700, 505352, 0, 0, 0
4800, 519260, 0, 0, 0
4900, 591929, 0, 0, 0
5000, 506687, 0, 0, 0
5100, 505515, 0, 0, 0
5200, 508706, 0, 0, 0
5300, 489483, 0, 0, 0
5400, 500104, 0, 0, 0
5500, 536906, 0, 0, 0
5600, 536421, 0, 0, 0
5700, 499346, 0, 0, 0
5800, 512861, 0, 0, 0
5900, 509584, 0, 0, 0
6000, 497941, 0, 0, 0
6100, 504714, 0, 0, 0
6200, 496892, 0, 0, 0
6300, 528036, 0, 0, 0
6400, 507338, 0, 0, 0
6500, 498635, 0, 0, 0
6600, 509058, 0, 0, 0
6700, 529777, 0, 0, 0
6800, 534900, 0, 0, 0
6900, 514714, 0, 0, 0
7000, 500522, 0, 0, 0
7100, 521188, 0, 0, 0
7200, 505038, 0, 0, 0
7300, 525552, 0, 0, 0
7400, 508426, 0, 0, 0
7500, 482907, 0, 0, 0
7600, 501417, 0, 0, 0
7700, 505876, 0, 0, 0
7800, 497626, 0, 0, 0
7900, 501524, 0, 0, 0
8000, 509353, 0, 0, 0
8100, 527180, 0, 0, 0
8200, 524171, 0, 0, 0
8300, 502191, 0, 0, 0
8400, 511272, 0, 0, 0
8500, 499810, 0, 0, 0
8600, 492725, 0, 0, 0
8700, 517534, 0, 0, 0
8800, 505068, 0, 0, 0
8900, 500397, 0, 0, 0
9000, 520778, 0, 0, 0
9100, 504170, 0, 0, 0
9200, 497487, 0, 0, 0
9300, 518678, 0, 0, 0
9400, 492814, 0, 0, 0
9500, 520062, 0, 0, 0
9600, 492844, 0, 0, 0
9700, 494578, 0, 0, 0
9800, 500348, 0, 0, 0
9900, 531250, 0, 0, 0
10000, 528619, 0, 0, 0
10100, 502092, 0, 0, 0
10200, 514056, 0, 0, 0
10300, 511274, 0, 0, 0
10400, 507128, 0, 0, 0
10500, 512390, 0, 0, 0
10600, 514611, 0, 0, 0
10700, 521209, 0, 0, 0
10800, 530816, 0, 0, 0
10900, 523412, 0, 0, 0
11000, 508263, 0, 0, 0
11100, 518540, 0, 0, 0
11200, 525915, 0, 0, 0
11300, 513897, 0, 0, 0
11400, 485427, 0, 0, 0
11500, 507037, 0, 0, 0
11600, 496415, 0, 0, 0
11700, 512651, 0, 0, 0
11800, 514333, 0, 0, 0
11900, 506260, 0, 0, 0
12000, 510048, 0, 0, 0
12100, 515326, 0, 0, 0
12200, 540948, 0, 0, 0
12300, 499020, 0, 0, 0
12400, 501577, 0, 0, 0
12500, 515727, 0, 0, 0
12600, 517500, 0, 0, 0
12700, 559138, 0, 0, 0
12800, 531447, 0, 0, 0
12900, 524963, 0, 0, 0
13000, 548617, 0, 0, 0
13100, 499483, 0, 0, 0
13200, 518047, 0, 0, 0
13300, 523933, 0, 0, 0
13400, 525691, 0, 0, 0
13500, 512828, 0, 0, 0
13600, 513873, 0, 0, 0
13700, 527243, 0, 0, 0
13800, 522694, 0, 0, 0
13900, 514435, 0, 0, 0
14000, 520140, 0, 0, 0
14100, 531151, 0, 0, 0
14200, 528184, 0, 0, 0
14300, 505397, 0, 0, 0
14400, 501392, 0, 0, 0
14500, 495206, 0, 0, 0
14600, 531684, 0, 0, 0
14700, 512036, 0, 0, 0
14800, 518209, 0, 0, 0
14900, 502465, 0, 0, 0
15000, 513865, 0, 0, 0
15100, 493806, 0, 0, 0
15200, 503789, 0, 0, 0
15300, 517945, 0, 0, 0
15400, 506205, 0, 0, 0
15500, 505905, 0, 0, 0
15600, 509369, 0, 0, 0
15700, 516304, 0, 0, 0
15800, 499110, 0, 0, 0
15900, 499514, 0, 0, 0
16000, 506158, 0, 0, 0
16100, 508841, 0, 0, 0
16200, 494227, 0, 0, 0
16300, 490562, 0, 0, 0
16400, 547214, 0, 0, 0
16500, 508074, 0, 0, 0
16600, 536060, 0, 0, 0
16700, 507876, 0, 0, 0
16800, 526867, 0, 0, 0
16900, 494792, 0, 0, 0
17000, 521055, 0, 0, 0
17100, 517572, 0, 0, 0
17200, 533588, 0, 0, 0
17300, 512809, 0, 0, 0
17400, 505202, 0, 0, 0
17500, 519149, 0, 0, 0
17600, 511160, 0, 0, 0
17700, 512572, 0, 0, 0
17800, 507771, 0, 0, 0
17900, 511727, 0, 0, 0
18000, 528478, 0, 0, 0
18100, 497850, 0, 0, 0
18200, 493238, 0, 0, 0
18300, 499875, 0, 0, 0
18400, 514701, 0, 0, 0
18500, 530341, 0, 0, 0
18600, 522116, 0, 0, 0
18700, 497177, 0, 0, 0
18800, 504817, 0, 0, 0
18900, 495570, 0, 0, 0
19000, 524573, 0, 0, 0
19100, 501234, 0, 0, 0
19200, 522150, 0, 0, 0
19300, 506507, 0, 0, 0
19400, 513473, 0, 0, 0
19500, 500480, 0, 0, 0
19600, 504730, 0, 0, 0
19700, 521171, 0, 0, 0
19800, 513629, 0, 0, 0
19900, 493264, 0, 0, 0
20000, 503415, 0, 0, 0
20100, 521523, 0, 0, 0
20200, 501293, 0, 0, 0
20300, 510407, 0, 0, 0
20400, 510149, 0, 0, 0
20500, 506159, 0, 0, 0
20600, 535666, 0, 0, 0
20700, 493182, 0, 0, 0
20800, 497254, 0, 0, 0
20900, 524531, 0, 0, 0
21000, 508296, 0, 0, 0
21100, 536998, 0, 0, 0
21200, 517598, 0, 0, 0
21300, 521556, 0, 0, 0
21400, 508552, 0, 0, 0
21500, 514496, 0, 0, 0
21600, 508326, 0, 0, 0
21700, 513257, 0, 0, 0
21800, 517005, 0, 0, 0
21900, 526975, 0, 0, 0
22000, 504824, 0, 0, 0
22100, 501932, 0, 0, 0
22200, 506770, 0, 0, 0
22300, 496436, 0, 0, 0
22400, 511123, 0, 0, 0
22500, 499755, 0, 0, 0
22600, 526178, 0, 0, 0
22700, 511770, 0, 0, 0
22800, 484019, 0, 0, 0
22900, 494222, 0, 0, 0
23000, 500115, 0, 0, 0
23100, 527410, 0, 0, 0
23200, 492753, 0, 0, 0
23300, 513524, 0, 0, 0
23400, 508660, 0, 0, 0
23501, 537067, 0, 0, 0
23600, 497079, 0, 0, 0
23700, 517528, 0, 0, 0
23800, 516081, 0, 0, 0
23900, 513625, 0, 0, 0
24000, 497589, 0, 0, 0
24100, 501429, 0, 0, 0
24200, 499752, 0, 0, 0
24300, 501433, 0, 0, 0
24400, 509566, 0, 0, 0
24500, 521026, 0, 0, 0
24600, 505695, 0, 0, 0
24700, 618239, 0, 0, 0
24800, 575892, 0, 0, 0
24900, 508312, 0, 0, 0
25000, 514042, 0, 0, 0
25100, 524300, 0, 0, 0
25200, 527424, 0, 0, 0
25300, 521494, 0, 0, 0
25400, 523298, 0, 0, 0
25500, 511587, 0, 0, 0
25600, 517780, 0, 0, 0
25700, 497114, 0, 0, 0
25800, 501774, 0, 0, 0
25900, 484355, 0, 0, 0
26000, 497082, 0, 0, 0
26100, 506831, 0, 0, 0
26200, 507534, 0, 0, 0
26300, 510163, 0, 0, 0
26400, 508135, 0, 0, 0
26500, 500486, 0, 0, 0
26600, 486948, 0, 0, 0
26700, 507374, 0, 0, 0
26800, 505813, 0, 0, 0
26900, 474432, 0, 0, 0
27000, 510622, 0, 0, 0
27100, 532746, 0, 0, 0
27200, 478885, 0, 0, 0
27300, 493223, 0, 0, 0
27400, 490093, 0, 0, 0
27500, 490862, 0, 0, 0
27600, 485709, 0, 0, 0
27700, 492525, 0, 0, 0
27800, 527071, 0, 0, 0
27900, 494234, 0, 0, 0
28000, 494402, 0, 0, 0
28100, 490452, 0, 0, 0
28200, 520064, 0, 0, 0
28300, 478970, 0, 0, 0
28400, 489734, 0, 0, 0
28500, 497137, 0, 0, 0
28600, 493749, 0, 0, 0
28700, 504634, 0, 0, 0
28800, 506735, 0, 0, 0
28900, 499843, 0, 0, 0
29000, 526425, 0, 0, 0
29100, 497211, 0, 0, 0
29200, 526470, 0, 0, 0
29300, 501982, 0, 0, 0
29400, 519833, 0, 0, 0
29500, 534140, 0, 0, 0
29600, 508877, 0, 0, 0
29700, 508506, 0, 0, 0
29800, 516049, 0, 0, 0
29900, 515469, 0, 0, 0
30000, 527802, 0, 0, 0
30100, 519643, 0, 0, 0
30200, 517053, 0, 0, 0
30300, 499762, 0, 0, 0
30400, 518946, 0, 0, 0
30500, 488043, 0, 0, 0
30600, 483906, 0, 0, 0
30700, 537733, 0, 0, 0
30800, 505634, 0, 0, 0
30900, 515745, 0, 0, 0
31000, 503759, 0, 0, 0
31100, 500136, 0, 0, 0
31200, 508358, 0, 0, 0
31300, 529369, 0, 0, 0
31400, 516703, 0, 0, 0
31500, 525120, 0, 0, 0
31600, 548437, 0, 0, 0
31700, 492723, 0, 0, 0
31800, 553117, 0, 0, 0
31900, 493296, 0, 0, 0
32000, 512913, 0, 0, 0
32100, 514606, 0, 0, 0
32200, 513617, 0, 0, 0
32300, 522137, 0, 0, 0
32400, 518667, 0, 0, 0
32500, 522315, 0, 0, 0
32600, 514450, 0, 0, 0
32700, 501701, 0, 0, 0
32800, 518073, 0, 0, 0
32900, 506437, 0, 0, 0
33000, 505291, 0, 0, 0
33100, 532248, 0, 0, 0
33200, 508734, 0, 0, 0
33300, 508601, 0, 0, 0
33400, 525077, 0, 0, 0
33500, 517315, 0, 0, 0
33600, 518069, 0, 0, 0
33700, 510012, 0, 0, 0
33800, 511313, 0, 0, 0
33900, 515936, 0, 0, 0
34000, 496155, 0, 0, 0
34100, 520118, 0, 0, 0
34200, 498419, 0, 0, 0
34300, 508138, 0, 0, 0
34400, 489372, 0, 0, 0
34500, 513244, 0, 0, 0
34600, 494750, 0, 0, 0
34700, 493985, 0, 0, 0
34800, 492682, 0, 0, 0
34900, 508313, 0, 0, 0
35000, 523849, 0, 0, 0
35100, 542488, 0, 0, 0
35200, 512448, 0, 0, 0
35300, 487926, 0, 0, 0
35400, 508685, 0, 0, 0
35500, 530983, 0, 0, 0
35600, 537167, 0, 0, 0
35700, 487893, 0, 0, 0
35800, 507895, 0, 0, 0
35900, 519950, 0, 0, 0
36000, 515001, 0, 0, 0
36100, 508398, 0, 0, 0
36200, 498770, 0, 0, 0
36300, 494636, 0, 0, 0
36400, 495614, 0, 0, 0
36500, 549132, 0, 0, 0
36600, 525338, 0, 0, 0
36700, 507161, 0, 0, 0
36800, 540410, 0, 0, 0
36900, 508926, 0, 0, 0
37000, 504317, 0, 0, 0
37100, 501640, 0, 0, 0
37200, 499006, 0, 0, 0
37300, 491642, 0, 0, 0
37400, 506978, 0, 0, 0
37500, 498411, 0, 0, 0
37600, 491397, 0, 0, 0
37700, 509134, 0, 0, 0
37800, 509165, 0, 0, 0
37900, 528249, 0, 0, 0
38000, 496889, 0, 0, 0
38100, 516687, 0, 0, 0
38200, 539048, 0, 0, 0
38300, 494835, 0, 0, 0
38400, 506232, 0, 0, 0
38500, 498481, 0, 0, 0
38600, 519472, 0, 0, 0
38700, 538784, 0, 0, 0
38800, 489696, 0, 0, 0
38900, 524972, 0, 0, 0
39000, 498344, 0, 0, 0
39100, 551597, 0, 0, 0
39200, 547898, 0, 0, 0
39300, 511032, 0, 0, 0
39400, 494837, 0, 0, 0
39500, 507440, 0, 0, 0
39600, 501179, 0, 0, 0
39700, 523788, 0, 0, 0
39800, 505850, 0, 0, 0
39900, 519398, 0, 0, 0
40000, 517658, 0, 0, 0
40100, 520644, 0, 0, 0
40200, 504150, 0, 0, 0
40300, 509624, 0, 0, 0
40400, 520830, 0, 0, 0
40500, 529292, 0, 0, 0
40600, 513624, 0, 0, 0
40700, 525019, 0, 0, 0
40800, 497559, 0, 0, 0
40900, 539380, 0, 0, 0
41000, 546399, 0, 0, 0
41100, 527331, 0, 0, 0
41200, 516602, 0, 0, 0
41300, 498437, 0, 0, 0
41400, 496337, 0, 0, 0
41500, 503152, 0, 0, 0
41600, 504908, 0, 0, 0
41700, 518360, 0, 0, 0
41800, 515661, 0, 0, 0
41900, 501540, 0, 0, 0
42000, 504596, 0, 0, 0
42100, 507977, 0, 0, 0
42200, 496904, 0, 0, 0
42300, 516301, 0, 0, 0
42400, 527236, 0, 0, 0
42500, 581728, 0, 0, 0
42600, 514447, 0, 0, 0
42700, 510462, 0, 0, 0
42800, 517965, 0, 0, 0
42900, 520341, 0, 0, 0
43000, 525471, 0, 0, 0
43100, 531877, 0, 0, 0
43200, 519993, 0, 0, 0
43300, 552837, 0, 0, 0
43400, 510189, 0, 0, 0
43500, 503168, 0, 0, 0
43600, 521917, 0, 0, 0
43700, 485510, 0, 0, 0
43800, 501727, 0, 0, 0
43900, 497791, 0, 0, 0
44000, 524071, 0, 0, 0
44100, 482267, 0, 0, 0
44200, 497076, 0, 0, 0
44300, 496758, 0, 0, 0
44400, 520316, 0, 0, 0
44500, 514799, 0, 0, 0
44600, 499827, 0, 0, 0
44700, 490324, 0, 0, 0
44800, 517081, 0, 0, 0
44900, 553046, 0, 0, 0
45000, 498451, 0, 0, 0
45100, 515711, 0, 0, 0
45200, 551333, 0, 0, 0
45300, 525986, 0, 0, 0
45400, 508127, 0, 0, 0
45500, 499375, 0, 0, 0
45600, 494849, 0, 0, 0
45700, 479914, 0, 0, 0
45800, 503736, 0, 0, 0
45900, 497274, 0, 0, 0
46000, 509374, 0, 0, 0
46100, 512401, 0, 0, 0
46200, 520383, 0, 0, 0
46300, 509911, 0, 0, 0
46400, 504362, 0, 0, 0
46500, 507010, 0, 0, 0
46600, 505701, 0, 0, 0
46700, 517639, 0, 0, 0
46800, 529960, 0, 0, 0
46900, 527996, 0, 0, 0
47000, 500751, 0, 0, 0
47100, 504097, 0, 0, 0
47200, 468341, 0, 0, 0
47300, 510163, 0, 0, 0
47400, 548622, 0, 0, 0
47500, 511196, 0, 0, 0
47600, 527595, 0, 0, 0
47700, 535772, 0, 0, 0
47800, 502543, 0, 0, 0
47900, 518578, 0, 0, 0
48000, 501300, 0, 0, 0
48100, 526696, 0, 0, 0
48200, 492751, 0, 0, 0
48300, 503125, 0, 0, 0
48400, 519588, 0, 0, 0
48500, 508944, 0, 0, 0
48600, 558059, 0, 0, 0
48700, 497661, 0, 0, 0
48800, 517986, 0, 0, 0
48900, 512996, 0, 0, 0
49000, 513945, 0, 0, 0
49100, 488093, 0, 0, 0
49200, 506453, 0, 0, 0
49300, 495774, 0, 0, 0
49400, 507071, 0, 0, 0
49500, 521685, 0, 0, 0
49600, 510620, 0, 0, 0
49700, 484535, 0, 0, 0
49800, 490083, 0, 0, 0
49900, 495737, 0, 0, 0
50000, 502708, 0, 0, 0
50100, 487342, 0, 0, 0
50200, 517407, 0, 0, 0
50300, 520035, 0, 0, 0
50400, 522309, 0, 0, 0
50500, 503446, 0, 0, 0
50600, 494195, 0, 0, 0
50700, 514166, 0, 0, 0
50800, 504495, 0, 0, 0
50900, 530012, 0, 0, 0
51000, 520282, 0, 0, 0
51100, 499180, 0, 0, 0
51200, 518891, 0, 0, 0
51300, 516964, 0, 0, 0
51400, 483088, 0, 0, 0
51500, 508816, 0, 0, 0
51600, 495143, 0, 0, 0
51700, 511695, 0, 0, 0
51800, 532499, 0, 0, 0
51900, 520204, 0, 0, 0
52000, 517130, 0, 0, 0
52100, 530809, 0, 0, 0
52200, 556794, 0, 0, 0
52300, 518005, 0, 0, 0
52400, 503013, 0, 0, 0
52500, 509595, 0, 0, 0
52600, 491878, 0, 0, 0
52700, 513402, 0, 0, 0
52800, 529478, 0, 0, 0
52900, 568294, 0, 0, 0
53000, 485797, 0, 0, 0
53100, 485889, 0, 0, 0
53200, 508795, 0, 0, 0
53300, 519675, 0, 0, 0
53400, 511860, 0, 0, 0
53500, 511022, 0, 0, 0
53600, 637932, 0, 0, 0
53700, 539004, 0, 0, 0
53800, 490663, 0, 0, 0
53900, 508691, 0, 0, 0
54000, 508539, 0, 0, 0
54100, 522543, 0, 0, 0
54200, 509623, 0, 0, 0
54300, 483204, 0, 0, 0
54400, 471410, 0, 0, 0
54500, 527622, 0, 0, 0
54600, 524831, 0, 0, 0
54700, 546957, 0, 0, 0
54800, 519176, 0, 0, 0
54900, 495617, 0, 0, 0
55000, 528987, 0, 0, 0
55100, 502664, 0, 0, 0
55200, 499468, 0, 0, 0
55300, 534788, 0, 0, 0
55400, 509550, 0, 0, 0
55500, 509021, 0, 0, 0
55600, 491716, 0, 0, 0
55700, 495101, 0, 0, 0
55800, 515013, 0, 0, 0
55900, 504424, 0, 0, 0
56000, 491206, 0, 0, 0
56100, 522885, 0, 0, 0
56200, 506224, 0, 0, 0
56300, 518438, 0, 0, 0
56400, 526834, 0, 0, 0
56500, 546455, 0, 0, 0
56600, 494744, 0, 0, 0
56700, 531280, 0, 0, 0
56800, 527367, 0, 0, 0
56900, 516812, 0, 0, 0
57000, 515576, 0, 0, 0
57100, 550700, 0, 0, 0
57200, 479895, 0, 0, 0
57300, 534110, 0, 0, 0
57400, 513739, 0, 0, 0
57500, 511794, 0, 0, 0
57600, 525373, 0, 0, 0
57700, 501393, 0, 0, 0
57800, 506765, 0, 0, 0
57900, 493777, 0, 0, 0
58000, 564765, 0, 0, 0
58100, 532874, 0, 0, 0
58200, 514748, 0, 0, 0
58300, 514372, 0, 0, 0
58400, 526030, 0, 0, 0
58500, 503366, 0, 0, 0
58600, 488910, 0, 0, 0
58700, 492919, 0, 0, 0
58800, 506410, 0, 0, 0
58900, 539357, 0, 0, 0
59000, 505634, 0, 0, 0
59100, 534108, 0, 0, 0
59200, 511700, 0, 0, 0
59300, 525559, 0, 0, 0
59400, 534936, 0, 0, 0
59500, 553608, 0, 0, 0
59600, 518906, 0, 0, 0
59700, 543963, 0, 0, 0
59800, 493174, 0, 0, 0
59900, 520342, 0, 0, 0
60000, 521530, 0, 0, 0
60100, 507211, 0, 0, 0
60200, 490706, 0, 0, 0
60300, 506988, 0, 0, 0
60400, 508347, 0, 0, 0
60500, 523387, 0, 0, 0
60600, 511670, 0, 0, 0
60700, 523942, 0, 0, 0
60800, 510055, 0, 0, 0
60900, 506539, 0, 0, 0
61000, 478054, 0, 0, 0
61100, 513562, 0, 0, 0
61200, 511494, 0, 0, 0
61300, 531251, 0, 0, 0
61400, 504769, 0, 0, 0
61500, 531389, 0, 0, 0
61600, 527401, 0, 0, 0
61700, 512883, 0, 0, 0
61800, 504210, 0, 0, 0
61900, 513972, 0, 0, 0
62000, 500369, 0, 0, 0
62100, 509104, 0, 0, 0
62200, 528141, 0, 0, 0
62300, 512516, 0, 0, 0
62400, 519359, 0, 0, 0
62500, 521291, 0, 0, 0
62600, 503167, 0, 0, 0
62700, 519877, 0, 0, 0
62800, 497035, 0, 0, 0
62900, 596854, 0, 0, 0
63000, 490266, 0, 0, 0
63100, 499176, 0, 0, 0
63200, 499412, 0, 0, 0
63300, 524376, 0, 0, 0
63400, 516866, 0, 0, 0
63500, 543025, 0, 0, 0
63600, 547756, 0, 0, 0
63700, 503528, 0, 0, 0
63800, 547854, 0, 0, 0
63900, 544458, 0, 0, 0
64000, 527769, 0, 0, 0
64100, 540330, 0, 0, 0
64200, 503595, 0, 0, 0
64300, 506121, 0, 0, 0
64400, 514493, 0, 0, 0
64500, 506778, 0, 0, 0
64600, 495709, 0, 0, 0
64700, 500538, 0, 0, 0
64800, 515595, 0, 0, 0
64900, 514561, 0, 0, 0
65000, 515437, 0, 0, 0
65100, 480006, 0, 0, 0
65200, 509464, 0, 0, 0
65300, 538967, 0, 0, 0
65400, 505920, 0, 0, 0
65500, 485882, 0, 0, 0
65600, 497205, 0, 0, 0
65700, 496388, 0, 0, 0
65800, 522664, 0, 0, 0
65900, 495034, 0, 0, 0
66000, 503145, 0, 0, 0
66100, 507190, 0, 0, 0
66200, 553747, 0, 0, 0
66300, 527714, 0, 0, 0
66400, 514481, 0, 0, 0
66500, 521832, 0, 0, 0
66600, 554591, 0, 0, 0
66700, 537882, 0, 0, 0
66800, 534399, 0, 0, 0
66900, 517714, 0, 0, 0
67000, 480169, 0, 0, 0
67100, 519692, 0, 0, 0
67200, 494827, 0, 0, 0
67300, 539754, 0, 0, 0
67400, 491311, 0, 0, 0
67500, 506917, 0, 0, 0
67600, 513601, 0, 0, 0
67700, 526941, 0, 0, 0
67800, 502077, 0, 0, 0
67900, 526818, 0, 0, 0
68000, 511742, 0, 0, 0
68100, 503169, 0, 0, 0
68200, 532004, 0, 0, 0
68300, 527861, 0, 0, 0
68400, 489315, 0, 0, 0
68500, 505829, 0, 0, 0
68600, 507730, 0, 0, 0
68700, 486600, 0, 0, 0
68800, 482638, 0, 0, 0
68900, 510490, 0, 0, 0
69000, 500766, 0, 0, 0
69100, 533047, 0, 0, 0
69200, 495918, 0, 0, 0
69301, 518330, 0, 0, 0
69400, 510967, 0, 0, 0
69500, 468150, 0, 0, 0
69600, 536233, 0, 0, 0
69700, 505671, 0, 0, 0
69800, 537265, 0, 0, 0
69900, 497137, 0, 0, 0
70000, 507241, 0, 0, 0
70100, 545834, 0, 0, 0
70200, 541815, 0, 0, 0
70300, 566853, 0, 0, 0
70400, 514201, 0, 0, 0
70500, 508204, 0, 0, 0
70600, 514189, 0, 0, 0
70700, 506253, 0, 0, 0
70800, 565769, 0, 0, 0
70900, 512418, 0, 0, 0
71000, 544296, 0, 0, 0
71100, 503476, 0, 0, 0
71200, 507786, 0, 0, 0
71300, 496501, 0, 0, 0
71400, 496449, 0, 0, 0
71500, 536516, 0, 0, 0
71600, 532192, 0, 0, 0
71700, 519661, 0, 0, 0
71800, 515845, 0, 0, 0
71900, 524360, 0, 0, 0
72000, 519211, 0, 0, 0
72100, 480734, 0, 0, 0
72200, 491877, 0, 0, 0
72300, 501761, 0, 0, 0
72400, 479632, 0, 0, 0
72500, 488572, 0, 0, 0
72600, 495281, 0, 0, 0
72700, 507505, 0, 0, 0
72800, 519213, 0, 0, 0
72900, 517229, 0, 0, 0
73000, 495386, 0, 0, 0
73100, 501370, 0, 0, 0
73200, 486777, 0, 0, 0
73300, 488104, 0, 0, 0
73400, 492974, 0, 0, 0
73500, 529150, 0, 0, 0
73600, 508719, 0, 0, 0
73700, 506448, 0, 0, 0
73800, 591326, 0, 0, 0
73900, 534884, 0, 0, 0
74000, 483448, 0, 0, 0
74100, 511714, 0, 0, 0
74200, 499794, 0, 0, 0
74300, 487956, 0, 0, 0
74400, 494886, 0, 0, 0
74503, 560275, 0, 0, 0
74600, 536086, 0, 0, 0
74700, 519410, 0, 0, 0
74800, 511023, 0, 0, 0
74900, 491695, 0, 0, 0
75000, 517137, 0, 0, 0
75100, 519246, 0, 0, 0
75200, 515679, 0, 0, 0
75300, 498947, 0, 0, 0
75400, 507992, 0, 0, 0
75500, 535756, 0, 0, 0
75600, 543345, 0, 0, 0
75700, 546316, 0, 0, 0
75800, 521600, 0, 0, 0
75900, 528106, 0, 0, 0
76000, 518169, 0, 0, 0
76100, 510405, 0, 0, 0
76200, 524071, 0, 0, 0
76300, 519027, 0, 0, 0
76400, 531604, 0, 0, 0
76500, 540718, 0, 0, 0
76600, 505336, 0, 0, 0
76700, 506484, 0, 0, 0
76800, 511078, 0, 0, 0
76900, 537175, 0, 0, 0
77000, 529653, 0, 0, 0
77100, 496045, 0, 0, 0
77200, 493472, 0, 0, 0
77300, 519427, 0, 0, 0
77400, 523163, 0, 0, 0
77500, 513019, 0, 0, 0
77600, 527970, 0, 0, 0
77700, 544243, 0, 0, 0
77800, 492717, 0, 0, 0
77900, 491181, 0, 0, 0
78000, 515514, 0, 0, 0
78100, 527649, 0, 0, 0
78200, 522831, 0, 0, 0
78300, 509570, 0, 0, 0
78400, 504091, 0, 0, 0
78500, 489022, 0, 0, 0
78600, 500075, 0, 0, 0
78700, 508856, 0, 0, 0
78800, 511713, 0, 0, 0
78900, 511320, 0, 0, 0
79000, 537433, 0, 0, 0
79100, 522498, 0, 0, 0
79200, 545153, 0, 0, 0
79300, 508250, 0, 0, 0
79400, 497236, 0, 0, 0
79500, 509499, 0, 0, 0
79600, 499101, 0, 0, 0
79700, 487238, 0, 0, 0
79800, 522418, 0, 0, 0
79900, 504848, 0, 0, 0
80000, 538953, 0, 0, 0
80100, 525381, 0, 0, 0
80200, 511212, 0, 0, 0
80300, 508697, 0, 0, 0
80400, 515884, 0, 0, 0
80500, 533013, 0, 0, 0
80600, 511844, 0, 0, 0
80700, 517448, 0, 0, 0
80800, 517491, 0, 0, 0
80900, 503561, 0, 0, 0
81000, 514012, 0, 0, 0
81100, 487355, 0, 0, 0
81200, 507802, 0, 0, 0
81300, 518050, 0, 0, 0
81400, 523920, 0, 0, 0
81500, 492472, 0, 0, 0
81600, 521664, 0, 0, 0
81700, 509370, 0, 0, 0
81800, 509998, 0, 0, 0
81900, 514158, 0, 0, 0
82000, 500449, 0, 0, 0
82100, 497620, 0, 0, 0
82200, 494845, 0, 0, 0
82300, 559115, 0, 0, 0
82400, 508671, 0, 0, 0
82500, 528182, 0, 0, 0
82600, 591732, 0, 0, 0
82700, 493706, 0, 0, 0
82800, 495248, 0, 0, 0
82900, 517622, 0, 0, 0
83000, 521306, 0, 0, 0
83100, 518163, 0, 0, 0
83200, 533036, 0, 0, 0
83300, 550114, 0, 0, 0
83400, 511202, 0, 0, 0
83500, 492993, 0, 0, 0
83600, 499511, 0, 0, 0
83700, 521891, 0, 0, 0
83800, 493834, 0, 0, 0
83900, 510491, 0, 0, 0
84000, 537892, 0, 0, 0
84100, 522337, 0, 0, 0
84200, 482402, 0, 0, 0
84300, 531661, 0, 0, 0
84400, 526966, 0, 0, 0
84500, 612364, 0, 0, 0
84600, 530944, 0, 0, 0
84700, 505090, 0, 0, 0
84800, 535041, 0, 0, 0
84900, 523350, 0, 0, 0
85000, 519094, 0, 0, 0
85100, 514383, 0, 0, 0
85200, 520201, 0, 0, 0
85300, 504598, 0, 0, 0
85400, 509176, 0, 0, 0
85500, 502184, 0, 0, 0
85600, 512895, 0, 0, 0
85700, 501933, 0, 0, 0
85800, 513851, 0, 0, 0
85900, 482355, 0, 0, 0
86000, 498268, 0, 0, 0
86100, 543544, 0, 0, 0
86200, 498828, 0, 0, 0
86300, 509860, 0, 0, 0
86400, 503317, 0, 0, 0
86500, 542532, 0, 0, 0
86600, 512136, 0, 0, 0
86700, 521380, 0, 0, 0
86800, 484769, 0, 0, 0
86900, 490889, 0, 0, 0
87000, 499359, 0, 0, 0
87100, 521216, 0, 0, 0
87200, 503371, 0, 0, 0
87300, 521489, 0, 0, 0
87400, 520230, 0, 0, 0
87500, 534700, 0, 0, 0
87600, 507125, 0, 0, 0
87700, 504734, 0, 0, 0
87800, 492738, 0, 0, 0
87900, 507463, 0, 0, 0
88000, 513211, 0, 0, 0
88100, 529620, 0, 0, 0
88200, 484109, 0, 0, 0
88300, 516065, 0, 0, 0
88400, 521911, 0, 0, 0
88500, 518138, 0, 0, 0
88600, 503041, 0, 0, 0
88700, 513203, 0, 0, 0
88800, 495697, 0, 0, 0
88900, 510007, 0, 0, 0
89000, 506064, 0, 0, 0
89100, 500906, 0, 0, 0
89200, 519498, 0, 0, 0
89300, 502447, 0, 0, 0
89400, 510094, 0, 0, 0
89500, 534840, 0, 0, 0
89600, 514015, 0, 0, 0
89700, 515145, 0, 0, 0
89800, 492997, 0, 0, 0
89900, 508012, 0, 0, 0
90000, 522100, 0, 0, 0
