102, 18549854, 1, 0, 0
203, 17703155, 1, 0, 0
316, 18806757, 1, 0, 0
404, 20299758, 1, 0, 0
511, 22816974, 1, 0, 0
611, 22584785, 1, 0, 0
711, 20155732, 1, 0, 0
815, 22532464, 1, 0, 0
913, 22276001, 1, 0, 0
1013, 20223460, 1, 0, 0
1113, 19834938, 1, 0, 0
1249, 39112234, 1, 0, 0
1302, 105024804, 1, 0, 0
1410, 53811543, 1, 0, 0
1518, 72277384, 1, 0, 0
1629, 74326730, 1, 0, 0
1738, 54191552, 1, 0, 0
1816, 62113667, 1, 0, 0
1902, 22387169, 1, 0, 0
2004, 22043376, 1, 0, 0
2100, 22274952, 1, 0, 0
2211, 24627840, 1, 0, 0
2315, 20150711, 1, 0, 0
2415, 22264902, 1, 0, 0
2501, 21032867, 1, 0, 0
2617, 23380757, 1, 0, 0
2717, 20084402, 1, 0, 0
2801, 23525178, 1, 0, 0
2918, 21270388, 1, 0, 0
3000, 23952576, 1, 0, 0
3101, 19934959, 1, 0, 0
3218, 19356360, 1, 0, 0
3314, 19850184, 1, 0, 0
3414, 22129649, 1, 0, 0
3515, 21709828, 1, 0, 0
3612, 22310370, 1, 0, 0
3712, 19958797, 1, 0, 0
3813, 21876562, 1, 0, 0
3911, 22360996, 1, 0, 0
4012, 22170383, 1, 0, 0
4112, 21950376, 1, 0, 0
4208, 22118618, 1, 0, 0
4311, 22024193, 1, 0, 0
4409, 20378047, 1, 0, 0
4508, 23856702, 1, 0, 0
4610, 21886921, 1, 0, 0
4717, 21620945, 1, 0, 0
4804, 24145203, 1, 0, 0
4902, 20146007, 1, 0, 0
5000, 22342817, 1, 0, 0
5132, 37289799, 1, 0, 0
5232, 67317857, 1, 0, 0
5334, 67819192, 1, 0, 0
5435, 67740901, 1, 0, 0
5537, 68018781, 1, 0, 0
5627, 63243806, 1, 0, 0
5728, 52376070, 1, 0, 0
5802, 33492370, 1, 0, 0
5906, 22553243, 1, 0, 0
6007, 22340866, 1, 0, 0
6105, 22511848, 1, 0, 0
6210, 22449345, 1, 0, 0
6310, 20169901, 1, 0, 0
6409, 22444437, 1, 0, 0
6514, 23038236, 1, 0, 0
6606, 20854826, 1, 0, 0
6709, 18504859, 1, 0, 0
6812, 20203167, 1, 0, 0
6901, 20040453, 1, 0, 0
7000, 17874057, 1, 0, 0
7114, 18988091, 1, 0, 0
7203, 19665569, 1, 0, 0
7303, 20026369, 1, 0, 0
7400, 18177895, 1, 0, 0
7505, 20065051, 1, 0, 0
7602, 18053915, 1, 0, 0
7701, 18341234, 1, 0, 0
7803, 17849836, 1, 0, 0
7918, 19042336, 1, 0, 0
8002, 19503773, 1, 0, 0
8106, 19943724, 1, 0, 0
8204, 18381229, 1, 0, 0
8303, 18239938, 1, 0, 0
8405, 16349937, 1, 0, 0
8517, 18746519, 1, 0, 0
8601, 19333379, 1, 0, 0
8702, 17740780, 1, 0, 0
8814, 18595409, 1, 0, 0
8908, 17908019, 1, 0, 0
9024, 31730365, 1, 0, 0
9128, 68873611, 1, 0, 0
9232, 69982870, 1, 0, 0
9342, 71588064, 1, 0, 0
9452, 73223358, 1, 0, 0
9508, 112135791, 1, 0, 0
9620, 74891842, 1, 0, 0
9708, 27625824, 1, 0, 0
9812, 18243004, 1, 0, 0
9909, 19646135, 1, 0, 0
10009, 18401918, 1, 0, 0
10111, 19706016, 1, 0, 0
10209, 18347727, 1, 0, 0
10311, 18433364, 1, 0, 0
10412, 19570955, 1, 0, 0
10507, 19897297, 1, 0, 0
10611, 18371252, 1, 0, 0
10711, 18852806, 1, 0, 0
10809, 19305130, 1, 0, 0
10913, 19965220, 1, 0, 0
11009, 17864937, 1, 0, 0
11111, 20478412, 1, 0, 0
11212, 17897258, 1, 0, 0
11320, 20889416, 1, 0, 0
11406, 19942635, 1, 0, 0
11517, 20049807, 1, 0, 0
11614, 19742366, 1, 0, 0
11700, 18800319, 1, 0, 0
11815, 18078732, 1, 0, 0
11910, 18833202, 1, 0, 0
12000, 17440724, 1, 0, 0
12115, 19172471, 1, 0, 0
12211, 17921668, 1, 0, 0
12300, 19023594, 1, 0, 0
12415, 17764878, 1, 0, 0
12510, 19584759, 1, 0, 0
12611, 18146320, 1, 0, 0
12709, 19210465, 1, 0, 0
12805, 18258609, 1, 0, 0
12923, 31465936, 1, 0, 0
13026, 69829032, 1, 0, 0
13128, 68501942, 1, 0, 0
13228, 66848634, 1, 0, 0
13328, 66157329, 1, 0, 0
13422, 65054177, 1, 0, 0
13519, 41221471, 1, 0, 0
13600, 44170236, 1, 0, 0
13714, 17444890, 1, 0, 0
13810, 17999939, 1, 0, 0
13901, 19601756, 1, 0, 0
14016, 19073656, 1, 0, 0
14106, 18823531, 1, 0, 0
14210, 18335555, 1, 0, 0
14316, 18993213, 1, 0, 0
14401, 19301559, 1, 0, 0
14510, 18870471, 1, 0, 0
14607, 18732439, 1, 0, 0
14700, 19710170, 1, 0, 0
14800, 18849009, 1, 0, 0
14900, 20158190, 1, 0, 0
15001, 17851558, 1, 0, 0
15116, 19102566, 1, 0, 0
15201, 19297242, 1, 0, 0
15303, 18244157, 1, 0, 0
15400, 20222919, 1, 0, 0
15504, 16862665, 1, 0, 0
15603, 17759034, 1, 0, 0
15700, 18222642, 1, 0, 0
15806, 20653140, 1, 0, 0
15915, 19570441, 1, 0, 0
16000, 19506258, 1, 0, 0
16101, 19555892, 1, 0, 0
16200, 18623769, 1, 0, 0
16303, 20522065, 1, 0, 0
16407, 18352187, 1, 0, 0
16503, 19851902, 1, 0, 0
16604, 16713322, 1, 0, 0
16706, 19672898, 1, 0, 0
16816, 17552548, 1, 0, 0
16917, 59326977, 1, 0, 0
17024, 70485188, 1, 0, 0
17131, 71962811, 1, 0, 0
17238, 71699950, 1, 0, 0
17344, 70117077, 1, 0, 0
17449, 69893345, 1, 0, 0
17505, 51231369, 1, 0, 0
17609, 17490251, 1, 0, 0
17713, 18445727, 1, 0, 0
17803, 20430245, 1, 0, 0
17905, 18277077, 1, 0, 0
18004, 19544180, 1, 0, 0
18101, 18117124, 1, 0, 0
18204, 20049482, 1, 0, 0
18301, 17845038, 1, 0, 0
18408, 19563475, 1, 0, 0
18509, 20121650, 1, 0, 0
18613, 18450541, 1, 0, 0
18700, 19681009, 1, 0, 0
18813, 18863567, 1, 0, 0
18912, 19551039, 1, 0, 0
19000, 17776734, 1, 0, 0
19113, 18837443, 1, 0, 0
19212, 17817874, 1, 0, 0
19310, 16704932, 1, 0, 0
19413, 18233739, 1, 0, 0
19509, 19583031, 1, 0, 0
19609, 18260640, 1, 0, 0
19710, 17725162, 1, 0, 0
19805, 18049630, 1, 0, 0
19910, 18691841, 1, 0, 0
20013, 18184653, 1, 0, 0
20100, 17926236, 1, 0, 0
20201, 16493949, 1, 0, 0
20314, 18727575, 1, 0, 0
20409, 17979787, 1, 0, 0
20511, 19907106, 1, 0, 0
20608, 17593919, 1, 0, 0
20721, 20559029, 1, 0, 0
20817, 59103091, 1, 0, 0
20920, 69152011, 1, 0, 0
21026, 69903237, 1, 0, 0
21129, 67264819, 1, 0, 0
21242, 56389198, 1, 0, 0
21303, 58490527, 1, 0, 0
21412, 53162145, 1, 0, 0
21507, 20718385, 1, 0, 0
21606, 20293644, 1, 0, 0
21709, 18275399, 1, 0, 0
21810, 20138402, 1, 0, 0
21909, 17020298, 1, 0, 0
22013, 20083445, 1, 0, 0
22110, 17897169, 1, 0, 0
22211, 18431298, 1, 0, 0
22315, 20274677, 1, 0, 0
22414, 18244203, 1, 0, 0
22506, 22556781, 1, 0, 0
22602, 17997077, 1, 0, 0
22703, 20101058, 1, 0, 0
22803, 17769411, 1, 0, 0
22900, 18230064, 1, 0, 0
23004, 20400449, 1, 0, 0
23106, 18261526, 1, 0, 0
23203, 18369448, 1, 0, 0
23308, 18777886, 1, 0, 0
23411, 19964230, 1, 0, 0
23501, 20961620, 1, 0, 0
23604, 18031007, 1, 0, 0
23700, 17846693, 1, 0, 0
23800, 18218577, 1, 0, 0
23901, 17740254, 1, 0, 0
24000, 20444116, 1, 0, 0
24102, 18437459, 1, 0, 0
24202, 19521172, 1, 0, 0
24316, 16255986, 1, 0, 0
24403, 19633088, 1, 0, 0
24501, 17684862, 1, 0, 0
24616, 19093287, 1, 0, 0
24702, 28556591, 1, 0, 0
24803, 65143097, 1, 0, 0
24904, 67585986, 1, 0, 0
25007, 68662570, 1, 0, 0
25109, 67488071, 1, 0, 0
25212, 69104507, 1, 0, 0
25327, 49017406, 1, 0, 0
25404, 25871732, 1, 0, 0
25508, 18623630, 1, 0, 0
25604, 19052961, 1, 0, 0
25704, 18299545, 1, 0, 0
25808, 20103025, 1, 0, 0
25903, 17865061, 1, 0, 0
26004, 20051248, 1, 0, 0
26104, 17776223, 1, 0, 0
26200, 19873195, 1, 0, 0
26303, 18154789, 1, 0, 0
26404, 18256708, 1, 0, 0
26502, 18465655, 1, 0, 0
26606, 18168245, 1, 0, 0
26704, 18033479, 1, 0, 0
26802, 18145351, 1, 0, 0
26903, 19549741, 1, 0, 0
27016, 17389146, 1, 0, 0
27111, 17865699, 1, 0, 0
27213, 18321975, 1, 0, 0
27313, 17780848, 1, 0, 0
27408, 19839174, 1, 0, 0
27511, 18159725, 1, 0, 0
27611, 18019501, 1, 0, 0
27709, 18426213, 1, 0, 0
27811, 18069510, 1, 0, 0
27909, 17851666, 1, 0, 0
28008, 18214669, 1, 0, 0
28110, 19662902, 1, 0, 0
28211, 18437174, 1, 0, 0
28305, 19306270, 1, 0, 0
28407, 17964915, 1, 0, 0
28515, 18147693, 1, 0, 0
28600, 28552096, 1, 0, 0
28702, 66166009, 1, 0, 0
28804, 67454448, 1, 0, 0
28903, 66224724, 1, 0, 0
29011, 70065094, 1, 0, 0
29123, 73243072, 1, 0, 0
29222, 73072774, 1, 0, 0
29310, 19691193, 1, 0, 0
29406, 17881321, 1, 0, 0
29507, 20193658, 1, 0, 0
29602, 17538070, 1, 0, 0
29715, 18321109, 1, 0, 0
29802, 19109401, 1, 0, 0
29915, 18866102, 1, 0, 0
30011, 16348853, 1, 0, 0
30111, 20036193, 1, 0, 0
30216, 18424152, 1, 0, 0
30302, 19874011, 1, 0, 0
30404, 17995276, 1, 0, 0
30518, 18874644, 1, 0, 0
30603, 19268503, 1, 0, 0
30703, 19753514, 1, 0, 0
30800, 16737195, 1, 0, 0
30903, 18239439, 1, 0, 0
31001, 17966835, 1, 0, 0
31100, 18228365, 1, 0, 0
31205, 20342890, 1, 0, 0
31312, 19336663, 1, 0, 0
31407, 19767761, 1, 0, 0
31512, 18719042, 1, 0, 0
31616, 18534050, 1, 0, 0
31711, 17828961, 1, 0, 0
31813, 18399646, 1, 0, 0
31915, 17946711, 1, 0, 0
32009, 18028384, 1, 0, 0
32113, 20155285, 1, 0, 0
32211, 17758015, 1, 0, 0
32307, 17984310, 1, 0, 0
32410, 18036883, 1, 0, 0
32526, 28652516, 1, 0, 0
32625, 65344888, 1, 0, 0
32726, 67461892, 1, 0, 0
32827, 67897093, 1, 0, 0
32926, 49244374, 1, 0, 0
33026, 65828922, 1, 0, 0
33121, 41893005, 1, 0, 0
33210, 32762725, 1, 0, 0
33310, 18339548, 1, 0, 0
33412, 17998938, 1, 0, 0
33512, 18653909, 1, 0, 0
33609, 21303241, 1, 0, 0
33712, 18397408, 1, 0, 0
33804, 20869574, 1, 0, 0
33914, 24138981, 1, 0, 0
34016, 22079755, 1, 0, 0
34110, 21819915, 1, 0, 0
34215, 22741545, 1, 0, 0
34315, 22175104, 1, 0, 0
34401, 21023586, 1, 0, 0
34516, 21083990, 1, 0, 0
34614, 22074106, 1, 0, 0
34713, 19986214, 1, 0, 0
34817, 20172976, 1, 0, 0
34913, 21893698, 1, 0, 0
35014, 22461809, 1, 0, 0
35106, 25946153, 1, 0, 0
35204, 22134603, 1, 0, 0
35305, 19474496, 1, 0, 0
35401, 22014031, 1, 0, 0
35501, 22200602, 1, 0, 0
35602, 20500030, 1, 0, 0
35720, 22442924, 1, 0, 0
35803, 24253039, 1, 0, 0
35903, 21818157, 1, 0, 0
36019, 20907567, 1, 0, 0
36101, 18632703, 1, 0, 0
36214, 22762336, 1, 0, 0
36314, 19618327, 1, 0, 0
36435, 30731713, 1, 0, 0
36548, 69738966, 1, 0, 0
36649, 53812104, 1, 0, 0
36702, 102969012, 1, 0, 0
36800, 66189147, 1, 0, 0
36903, 67670874, 1, 0, 0
37004, 69263820, 1, 0, 0
37102, 38478649, 1, 0, 0
37206, 18475924, 1, 0, 0
37302, 18357578, 1, 0, 0
37404, 19554624, 1, 0, 0
37506, 18136587, 1, 0, 0
37601, 19768293, 1, 0, 0
37704, 18303077, 1, 0, 0
37813, 17922572, 1, 0, 0
37909, 17816490, 1, 0, 0
38009, 16679765, 1, 0, 0
38114, 18594445, 1, 0, 0
38200, 19454849, 1, 0, 0
38302, 18948482, 1, 0, 0
38416, 18253277, 1, 0, 0
38500, 19112731, 1, 0, 0
38613, 18801782, 1, 0, 0
38711, 19530403, 1, 0, 0
38809, 18246227, 1, 0, 0
38914, 20401098, 1, 0, 0
39011, 17761883, 1, 0, 0
39100, 19440448, 1, 0, 0
39212, 18744698, 1, 0, 0
39308, 18256759, 1, 0, 0
39407, 19145333, 1, 0, 0
39507, 17621475, 1, 0, 0
39601, 17976914, 1, 0, 0
39704, 18242749, 1, 0, 0
39807, 20162102, 1, 0, 0
39904, 18319358, 1, 0, 0
40007, 20488147, 1, 0, 0
40107, 17520066, 1, 0, 0
40205, 20228104, 1, 0, 0
40337, 36460624, 1, 0, 0
40446, 56163774, 1, 0, 0
40500, 104608201, 1, 0, 0
40607, 71679489, 1, 0, 0
40716, 72845601, 1, 0, 0
40824, 71597576, 1, 0, 0
40922, 67851283, 1, 0, 0
41010, 22576646, 1, 0, 0
41106, 18028700, 1, 0, 0
41211, 20569793, 1, 0, 0
41313, 18408761, 1, 0, 0
41409, 17908171, 1, 0, 0
41511, 18371986, 1, 0, 0
41615, 18590832, 1, 0, 0
41711, 19780122, 1, 0, 0
41812, 18229805, 1, 0, 0
41912, 19481747, 1, 0, 0
42009, 18302072, 1, 0, 0
42100, 17380078, 1, 0, 0
42213, 19054530, 1, 0, 0
42302, 19629780, 1, 0, 0
42415, 17438854, 1, 0, 0
42513, 19655039, 1, 0, 0
42600, 17058190, 1, 0, 0
42717, 19438083, 1, 0, 0
42815, 16566322, 1, 0, 0
42903, 19166234, 1, 0, 0
43016, 17426202, 1, 0, 0
43100, 19178268, 1, 0, 0
43200, 17832510, 1, 0, 0
43314, 17471793, 1, 0, 0
43400, 19200992, 1, 0, 0
43513, 18909506, 1, 0, 0
43612, 16435635, 1, 0, 0
43701, 19456347, 1, 0, 0
43814, 18815613, 1, 0, 0
43909, 17737047, 1, 0, 0
44008, 19797935, 1, 0, 0
44117, 18434253, 1, 0, 0
44226, 54367947, 1, 0, 0
44342, 99759168, 1, 0, 0
44445, 218755512, 1, 0, 0
44754, 205831536, 1, 0, 0
44859, 413754891, 1, 0, 0
44924, 100415494, 1, 0, 0
45018, 32020316, 1, 0, 0
45111, 25666742, 1, 0, 0
45207, 17724074, 1, 0, 0
45307, 18190654, 1, 0, 0
45406, 19407071, 1, 0, 0
45501, 17994767, 1, 0, 0
45605, 20207355, 1, 0, 0
45706, 18087094, 1, 0, 0
45815, 19424903, 1, 0, 0
45905, 19002929, 1, 0, 0
46003, 19239415, 1, 0, 0
46112, 19921184, 1, 0, 0
46201, 17387815, 1, 0, 0
46315, 18890713, 1, 0, 0
46409, 19554470, 1, 0, 0
46510, 18185009, 1, 0, 0
46612, 17988601, 1, 0, 0
46706, 17885868, 1, 0, 0
46812, 20845034, 1, 0, 0
46912, 17575340, 1, 0, 0
47009, 20136009, 1, 0, 0
47101, 19721937, 1, 0, 0
47213, 17262521, 1, 0, 0
47308, 17703586, 1, 0, 0
47409, 18361481, 1, 0, 0
47509, 19592517, 1, 0, 0
47604, 17893369, 1, 0, 0
47708, 20173279, 1, 0, 0
47804, 17561452, 1, 0, 0
47902, 18258836, 1, 0, 0
48002, 17751783, 1, 0, 0
48127, 52761518, 1, 0, 0
48236, 54587075, 1, 0, 0
48345, 53817932, 1, 0, 0
48450, 70372177, 1, 0, 0
48504, 107124767, 1, 0, 0
48617, 73432341, 1, 0, 0
48709, 68151410, 1, 0, 0
48804, 19900771, 1, 0, 0
48907, 18403113, 1, 0, 0
49006, 17769439, 1, 0, 0
49103, 18188860, 1, 0, 0
49207, 18103192, 1, 0, 0
49302, 19589432, 1, 0, 0
49404, 18569888, 1, 0, 0
49508, 18354967, 1, 0, 0
49604, 19545321, 1, 0, 0
49703, 18198535, 1, 0, 0
49805, 17963350, 1, 0, 0
49901, 19883714, 1, 0, 0
50005, 18481603, 1, 0, 0
50103, 19561990, 1, 0, 0
50201, 18225716, 1, 0, 0
50304, 19866171, 1, 0, 0
50403, 18229446, 1, 0, 0
50503, 20500932, 1, 0, 0
50609, 18812962, 1, 0, 0
50708, 17816115, 1, 0, 0
50810, 19074415, 1, 0, 0
50901, 19354279, 1, 0, 0
51014, 17435612, 1, 0, 0
51109, 18013166, 1, 0, 0
51203, 19611462, 1, 0, 0
51300, 20294365, 1, 0, 0
51402, 18250341, 1, 0, 0
51506, 20426146, 1, 0, 0
51601, 17871462, 1, 0, 0
51702, 19949971, 1, 0, 0
51845, 21680754, 1, 0, 0
51912, 44518080, 1, 0, 0
52029, 25087812, 1, 0, 0
52131, 67444830, 1, 0, 0
52233, 67642224, 1, 0, 0
52333, 66872479, 1, 0, 0
52432, 66519063, 1, 0, 0
52533, 67100567, 1, 0, 0
52604, 40064707, 1, 0, 0
52714, 42058814, 1, 0, 0
52803, 23020121, 1, 0, 0
52906, 18742800, 1, 0, 0
53007, 19603141, 1, 0, 0
53102, 18046618, 1, 0, 0
53206, 20285459, 1, 0, 0
53308, 18042431, 1, 0, 0
53403, 19985817, 1, 0, 0
53506, 18129973, 1, 0, 0
53602, 19410971, 1, 0, 0
53702, 18356825, 1, 0, 0
53804, 19789418, 1, 0, 0
53902, 18217440, 1, 0, 0
54004, 18634910, 1, 0, 0
54109, 18754705, 1, 0, 0
54207, 17899269, 1, 0, 0
54306, 20048446, 1, 0, 0
54402, 19436123, 1, 0, 0
54515, 18200592, 1, 0, 0
54601, 19157957, 1, 0, 0
54701, 19946451, 1, 0, 0
54815, 17548146, 1, 0, 0
54902, 19119691, 1, 0, 0
55009, 19303462, 1, 0, 0
55103, 19647768, 1, 0, 0
55203, 19153523, 1, 0, 0
55301, 18145658, 1, 0, 0
55400, 20016655, 1, 0, 0
55502, 17915607, 1, 0, 0
55617, 19217072, 1, 0, 0
55712, 17616726, 1, 0, 0
55812, 20051043, 1, 0, 0
55941, 27700478, 1, 0, 0
56047, 69684740, 1, 0, 0
56105, 110864708, 1, 0, 0
56213, 72937225, 1, 0, 0
56320, 72008724, 1, 0, 0
56429, 71808190, 1, 0, 0
56544, 74611978, 1, 0, 0
56601, 26889477, 1, 0, 0
56704, 18304123, 1, 0, 0
56800, 19724413, 1, 0, 0
56902, 18384194, 1, 0, 0
57002, 19620992, 1, 0, 0
57115, 18865027, 1, 0, 0
57201, 17234748, 1, 0, 0
57309, 21474004, 1, 0, 0
57405, 18023779, 1, 0, 0
57508, 18599079, 1, 0, 0
57611, 18140212, 1, 0, 0
57710, 20426724, 1, 0, 0
57812, 18345546, 1, 0, 0
57914, 19817714, 1, 0, 0
58004, 18769921, 1, 0, 0
58105, 19612701, 1, 0, 0
58201, 17978805, 1, 0, 0
58309, 19827810, 1, 0, 0
58413, 20004875, 1, 0, 0
58510, 17767592, 1, 0, 0
58608, 19968490, 1, 0, 0
58709, 17832202, 1, 0, 0
58808, 20088924, 1, 0, 0
58907, 18113534, 1, 0, 0
59010, 20024734, 1, 0, 0
59106, 18041110, 1, 0, 0
59209, 20394402, 1, 0, 0
59309, 17603840, 1, 0, 0
59404, 19840736, 1, 0, 0
59503, 19157453, 1, 0, 0
59616, 18663038, 1, 0, 0
59711, 18304237, 1, 0, 0
59831, 35678754, 1, 0, 0
59941, 71815344, 1, 0, 0
60050, 73836946, 1, 0, 0
60105, 53674008, 1, 0, 0
60210, 71237323, 1, 0, 0
60320, 71962404, 1, 0, 0
60423, 71406148, 1, 0, 0
60506, 22234718, 1, 0, 0
60607, 17838302, 1, 0, 0
60702, 18033444, 1, 0, 0
60805, 20056463, 1, 0, 0
60906, 18155940, 1, 0, 0
61003, 19955286, 1, 0, 0
61107, 18739865, 1, 0, 0
61208, 17892125, 1, 0, 0
61305, 20166095, 1, 0, 0
61409, 18350013, 1, 0, 0
61512, 18548538, 1, 0, 0
61609, 18342609, 1, 0, 0
61714, 18652343, 1, 0, 0
61813, 17864436, 1, 0, 0
61902, 19674731, 1, 0, 0
62000, 16398353, 1, 0, 0
62112, 17306903, 1, 0, 0
62211, 18219995, 1, 0, 0
62315, 20237655, 1, 0, 0
62411, 17805585, 1, 0, 0
62511, 19922829, 1, 0, 0
62611, 16188622, 1, 0, 0
62705, 19690603, 1, 0, 0
62808, 18253580, 1, 0, 0
62909, 19861233, 1, 0, 0
63001, 19650019, 1, 0, 0
63102, 17250626, 1, 0, 0
63215, 17319995, 1, 0, 0
63311, 17934189, 1, 0, 0
63411, 19920496, 1, 0, 0
63512, 17828909, 1, 0, 0
63609, 19881901, 1, 0, 0
63728, 29245656, 1, 0, 0
63835, 69179922, 1, 0, 0
63945, 72136930, 1, 0, 0
64056, 73795768, 1, 0, 0
64110, 55918000, 1, 0, 0
64215, 69962448, 1, 0, 0
64323, 71637903, 1, 0, 0
64408, 29479907, 1, 0, 0
64505, 18108176, 1, 0, 0
64607, 18392624, 1, 0, 0
64707, 19662976, 1, 0, 0
64803, 18046020, 1, 0, 0
64906, 18204155, 1, 0, 0
65003, 19566891, 1, 0, 0
65105, 17211303, 1, 0, 0
65207, 18149215, 1, 0, 0
65305, 17820340, 1, 0, 0
65405, 18495282, 1, 0, 0
65500, 19835628, 1, 0, 0
65614, 19441473, 1, 0, 0
65703, 18177410, 1, 0, 0
65808, 20166581, 1, 0, 0
65903, 18140004, 1, 0, 0
66006, 20452648, 1, 0, 0
66109, 18302160, 1, 0, 0
66204, 17818846, 1, 0, 0
66307, 18549852, 1, 0, 0
66408, 19514228, 1, 0, 0
66502, 17899546, 1, 0, 0
66605, 18406221, 1, 0, 0
66704, 16217634, 1, 0, 0
66800, 16555147, 1, 0, 0
66904, 19958415, 1, 0, 0
67017, 18795147, 1, 0, 0
67100, 17275354, 1, 0, 0
67202, 19671909, 1, 0, 0
67314, 17217667, 1, 0, 0
67408, 17609612, 1, 0, 0
67505, 17809179, 1, 0, 0
67629, 42094875, 1, 0, 0
67734, 68635873, 1, 0, 0
67843, 71590379, 1, 0, 0
67952, 72865188, 1, 0, 0
68009, 55582499, 1, 0, 0
68123, 74966642, 1, 0, 0
68209, 67641040, 1, 0, 0
68309, 21198029, 1, 0, 0
68407, 18332126, 1, 0, 0
68504, 18632266, 1, 0, 0
68618, 18941473, 1, 0, 0
68709, 21175109, 1, 0, 0
68814, 18452406, 1, 0, 0
68916, 18466321, 1, 0, 0
69002, 19347020, 1, 0, 0
69103, 18241104, 1, 0, 0
69201, 18348484, 1, 0, 0
69309, 18964745, 1, 0, 0
69401, 18881721, 1, 0, 0
69503, 18407030, 1, 0, 0
69607, 18587873, 1, 0, 0
69706, 18189136, 1, 0, 0
69806, 20458185, 1, 0, 0
69906, 21404371, 1, 0, 0
70002, 17944586, 1, 0, 0
70104, 20231031, 1, 0, 0
70204, 17845554, 1, 0, 0
70300, 19891140, 1, 0, 0
70404, 18303505, 1, 0, 0
70504, 20095375, 1, 0, 0
70602, 18243363, 1, 0, 0
70706, 20246952, 1, 0, 0
70804, 17910985, 1, 0, 0
70903, 20081644, 1, 0, 0
71004, 17831581, 1, 0, 0
71103, 18312751, 1, 0, 0
71200, 21324594, 1, 0, 0
71313, 17372738, 1, 0, 0
71411, 19510078, 1, 0, 0
71539, 36512125, 1, 0, 0
71643, 68754948, 1, 0, 0
71751, 72296978, 1, 0, 0
71807, 54820514, 1, 0, 0
71912, 70942469, 1, 0, 0
72017, 70459306, 1, 0, 0
72103, 53535309, 1, 0, 0
72202, 19072966, 1, 0, 0
72306, 18750702, 1, 0, 0
72402, 20042773, 1, 0, 0
72505, 18151539, 1, 0, 0
72605, 19977713, 1, 0, 0
72702, 18127472, 1, 0, 0
72806, 20152746, 1, 0, 0
72902, 17644551, 1, 0, 0
73000, 16638585, 1, 0, 0
73106, 18457563, 1, 0, 0
73204, 18186161, 1, 0, 0
73304, 18444535, 1, 0, 0
73408, 18415651, 1, 0, 0
73507, 20087756, 1, 0, 0
73608, 17126258, 1, 0, 0
73711, 18045015, 1, 0, 0
73809, 18037739, 1, 0, 0
73909, 18547612, 1, 0, 0
74012, 18042629, 1, 0, 0
74108, 18006678, 1, 0, 0
74209, 18265290, 1, 0, 0
74313, 18221486, 1, 0, 0
74410, 18271528, 1, 0, 0
74509, 18123016, 1, 0, 0
74611, 17774886, 1, 0, 0
74704, 17857834, 1, 0, 0
74808, 18323264, 1, 0, 0
74913, 22943999, 1, 0, 0
75003, 18801113, 1, 0, 0
75107, 18559261, 1, 0, 0
75210, 19905308, 1, 0, 0
75300, 18963896, 1, 0, 0
75406, 20415113, 1, 0, 0
75513, 66009701, 1, 0, 0
75626, 75226261, 1, 0, 0
75732, 71049761, 1, 0, 0
75836, 70459112, 1, 0, 0
75944, 71120434, 1, 0, 0
76051, 71469193, 1, 0, 0
76109, 30797017, 1, 0, 0
76208, 18261130, 1, 0, 0
76310, 16514645, 1, 0, 0
76408, 22213152, 1, 0, 0
76509, 20135791, 1, 0, 0
76609, 17685111, 1, 0, 0
76706, 18265762, 1, 0, 0
76808, 20147765, 1, 0, 0
76901, 19037496, 1, 0, 0
77011, 19577384, 1, 0, 0
77102, 19446013, 1, 0, 0
77216, 19276738, 1, 0, 0
77311, 19523517, 1, 0, 0
77412, 18254766, 1, 0, 0
77512, 19485068, 1, 0, 0
77608, 18019460, 1, 0, 0
77712, 18552139, 1, 0, 0
77813, 19976760, 1, 0, 0
77900, 17638294, 1, 0, 0
78001, 18142048, 1, 0, 0
78114, 18828487, 1, 0, 0
78207, 19001459, 1, 0, 0
78311, 19852870, 1, 0, 0
78420, 19896129, 1, 0, 0
78504, 19311763, 1, 0, 0
78605, 17888204, 1, 0, 0
78701, 18283721, 1, 0, 0
78807, 18991126, 1, 0, 0
78907, 19497503, 1, 0, 0
79003, 18240910, 1, 0, 0
79106, 18141902, 1, 0, 0
79204, 17684394, 1, 0, 0
79334, 25503033, 1, 0, 0
79426, 59598734, 1, 0, 0
79530, 69292050, 1, 0, 0
79611, 66482062, 1, 0, 0
79717, 79133632, 1, 0, 0
79824, 71752754, 1, 0, 0
79931, 72101892, 1, 0, 0
80001, 45188510, 1, 0, 0
80100, 15849750, 1, 0, 0
80214, 18909779, 1, 0, 0
80308, 16450600, 1, 0, 0
80407, 21175657, 1, 0, 0
80509, 18432841, 1, 0, 0
80608, 20348193, 1, 0, 0
80713, 18641713, 1, 0, 0
80811, 17997826, 1, 0, 0
80911, 18389812, 1, 0, 0
81017, 18618254, 1, 0, 0
81101, 19609480, 1, 0, 0
81203, 17842358, 1, 0, 0
81300, 19955385, 1, 0, 0
81409, 19989758, 1, 0, 0
81500, 19360581, 1, 0, 0
81602, 18884736, 1, 0, 0
81708, 17862889, 1, 0, 0
81811, 18192180, 1, 0, 0
81908, 19561525, 1, 0, 0
82006, 18161391, 1, 0, 0
82108, 19673443, 1, 0, 0
82206, 18192238, 1, 0, 0
82307, 20320792, 1, 0, 0
82408, 17888881, 1, 0, 0
82506, 19930987, 1, 0, 0
82606, 18278866, 1, 0, 0
82706, 16128321, 1, 0, 0
82800, 19646967, 1, 0, 0
82903, 16748066, 1, 0, 0
83002, 17825466, 1, 0, 0
83116, 18845412, 1, 0, 0
83214, 24299543, 1, 0, 0
83312, 62593261, 1, 0, 0
83412, 67429853, 1, 0, 0
83516, 69031502, 1, 0, 0
83617, 67404045, 1, 0, 0
83723, 69178288, 1, 0, 0
83823, 68999018, 1, 0, 0
83900, 48440637, 1, 0, 0
84000, 17309713, 1, 0, 0
84117, 19339650, 1, 0, 0
84204, 15941977, 1, 0, 0
84301, 19649894, 1, 0, 0
84402, 18588300, 1, 0, 0
84511, 19681044, 1, 0, 0
84612, 19602995, 1, 0, 0
84707, 17957828, 1, 0, 0
84810, 18555815, 1, 0, 0
84913, 19986046, 1, 0, 0
85009, 18265553, 1, 0, 0
85113, 18361556, 1, 0, 0
85211, 19561112, 1, 0, 0
85309, 18208642, 1, 0, 0
85414, 20411127, 1, 0, 0
85510, 19280051, 1, 0, 0
85600, 19700176, 1, 0, 0
85714, 19193017, 1, 0, 0
85812, 17839044, 1, 0, 0
85911, 18321347, 1, 0, 0
86001, 19413238, 1, 0, 0
86114, 18951170, 1, 0, 0
86205, 18071406, 1, 0, 0
86304, 18022877, 1, 0, 0
86401, 18061709, 1, 0, 0
86505, 18196911, 1, 0, 0
86600, 19455140, 1, 0, 0
86700, 18268592, 1, 0, 0
86809, 21672695, 1, 0, 0
86910, 17873875, 1, 0, 0
87008, 18449196, 1, 0, 0
87124, 22023237, 1, 0, 0
87227, 49487069, 1, 0, 0
87330, 86140360, 1, 0, 0
87433, 68296692, 1, 0, 0
87538, 69671305, 1, 0, 0
87645, 70740472, 1, 0, 0
87754, 71950850, 1, 0, 0
87816, 51146889, 1, 0, 0
87900, 20490583, 1, 0, 0
88005, 18580982, 1, 0, 0
88102, 19493065, 1, 0, 0
88201, 18202526, 1, 0, 0
88302, 17777143, 1, 0, 0
88415, 18829326, 1, 0, 0
88510, 16379213, 1, 0, 0
88613, 20346718, 1, 0, 0
88715, 17992339, 1, 0, 0
88801, 19801959, 1, 0, 0
88904, 19008952, 1, 0, 0
89001, 19263461, 1, 0, 0
89104, 20485830, 1, 0, 0
89205, 17655427, 1, 0, 0
89317, 18745796, 1, 0, 0
89402, 19181468, 1, 0, 0
89500, 19550403, 1, 0, 0
89614, 17434598, 1, 0, 0
89700, 19042927, 1, 0, 0
89813, 18819433, 1, 0, 0
89908, 19422107, 1, 0, 0
90006, 19214353, 1, 0, 0
90020, 30912770, 1, 0, 0
