114, 19123324, 1, 0, 0
211, 17752125, 1, 0, 0
309, 18198500, 1, 0, 0
408, 20942077, 1, 0, 0
506, 20341324, 1, 0, 0
611, 22858692, 1, 0, 0
713, 18210408, 1, 0, 0
811, 20342730, 1, 0, 0
914, 20306086, 1, 0, 0
1016, 22179482, 1, 0, 0
1115, 18468342, 1, 0, 0
1214, 26946579, 1, 0, 0
1319, 52111788, 1, 0, 0
1427, 71661126, 1, 0, 0
1535, 72361748, 1, 0, 0
1646, 55796290, 1, 0, 0
1701, 107637136, 1, 0, 0
1811, 54597014, 1, 0, 0
1903, 27619501, 1, 0, 0
2000, 22349431, 1, 0, 0
2104, 22366027, 1, 0, 0
2215, 21236480, 1, 0, 0
2313, 23132779, 1, 0, 0
2413, 22483979, 1, 0, 0
2517, 20138094, 1, 0, 0
2614, 22158047, 1, 0, 0
2701, 21073315, 1, 0, 0
2817, 21089485, 1, 0, 0
2900, 20935895, 1, 0, 0
3016, 23455787, 1, 0, 0
3117, 19950961, 1, 0, 0
3200, 23603358, 1, 0, 0
3316, 21327666, 1, 0, 0
3415, 21880718, 1, 0, 0
3510, 21802624, 1, 0, 0
3614, 22527831, 1, 0, 0
3713, 21870154, 1, 0, 0
3810, 22130575, 1, 0, 0
3914, 20271503, 1, 0, 0
4012, 21882763, 1, 0, 0
4110, 22189007, 1, 0, 0
4213, 19851622, 1, 0, 0
4308, 21943342, 1, 0, 0
4410, 22345888, 1, 0, 0
4510, 21843186, 1, 0, 0
4605, 22009275, 1, 0, 0
4702, 22909487, 1, 0, 0
4821, 23597799, 1, 0, 0
4901, 21177880, 1, 0, 0
5004, 22168687, 1, 0, 0
5148, 32231534, 1, 0, 0
5249, 67350445, 1, 0, 0
5351, 67849650, 1, 0, 0
5402, 102453417, 1, 0, 0
5504, 67699069, 1, 0, 0
5604, 67072635, 1, 0, 0
5713, 47092450, 1, 0, 0
5806, 50089226, 1, 0, 0
5905, 20026081, 1, 0, 0
6006, 22621212, 1, 0, 0
6110, 20166482, 1, 0, 0
6207, 22283023, 1, 0, 0
6309, 22751060, 1, 0, 0
6413, 19965391, 1, 0, 0
6505, 19587767, 1, 0, 0
6616, 19117720, 1, 0, 0
6703, 20206641, 1, 0, 0
6805, 20581895, 1, 0, 0
6911, 18465154, 1, 0, 0
7007, 20123551, 1, 0, 0
7109, 18398795, 1, 0, 0
7212, 18115557, 1, 0, 0
7310, 20423665, 1, 0, 0
7412, 18358925, 1, 0, 0
7514, 19803228, 1, 0, 0
7609, 18132779, 1, 0, 0
7712, 20264966, 1, 0, 0
7811, 16334367, 1, 0, 0
7908, 19980689, 1, 0, 0
8013, 18748025, 1, 0, 0
8114, 17984312, 1, 0, 0
8201, 17772842, 1, 0, 0
8300, 16344942, 1, 0, 0
8413, 17370436, 1, 0, 0
8509, 18057958, 1, 0, 0
8613, 18301056, 1, 0, 0
8710, 19579488, 1, 0, 0
8807, 18002184, 1, 0, 0
8909, 19629991, 1, 0, 0
9015, 22497893, 1, 0, 0
9120, 68399630, 1, 0, 0
9222, 51783194, 1, 0, 0
9330, 71596022, 1, 0, 0
9441, 73284076, 1, 0, 0
9554, 74383687, 1, 0, 0
9609, 113165295, 1, 0, 0
9707, 38448157, 1, 0, 0
9802, 18180812, 1, 0, 0
9906, 20291552, 1, 0, 0
10005, 17958122, 1, 0, 0
10103, 20061883, 1, 0, 0
10207, 18240310, 1, 0, 0
10306, 18291164, 1, 0, 0
10405, 18359521, 1, 0, 0
10508, 16495545, 1, 0, 0
10603, 19810306, 1, 0, 0
10706, 18505924, 1, 0, 0
10807, 19823320, 1, 0, 0
10904, 18181218, 1, 0, 0
11007, 18339807, 1, 0, 0
11107, 19849748, 1, 0, 0
11211, 19393157, 1, 0, 0
11313, 18279717, 1, 0, 0
11406, 20656730, 1, 0, 0
11507, 18807792, 1, 0, 0
11611, 20295523, 1, 0, 0
11709, 17672538, 1, 0, 0
11806, 18228997, 1, 0, 0
11908, 19844596, 1, 0, 0
12008, 18123832, 1, 0, 0
12106, 20144392, 1, 0, 0
12209, 18274549, 1, 0, 0
12307, 19745339, 1, 0, 0
12407, 18479977, 1, 0, 0
12510, 19769939, 1, 0, 0
12605, 16277131, 1, 0, 0
12703, 19776169, 1, 0, 0
12806, 18194638, 1, 0, 0
12914, 22682925, 1, 0, 0
13018, 68663504, 1, 0, 0
13118, 67906467, 1, 0, 0
13218, 67519899, 1, 0, 0
13319, 66521130, 1, 0, 0
13422, 67316361, 1, 0, 0
13519, 43201078, 1, 0, 0
13608, 48319705, 1, 0, 0
13704, 18116705, 1, 0, 0
13809, 20242024, 1, 0, 0
13900, 20729601, 1, 0, 0
14002, 18530960, 1, 0, 0
14105, 19942239, 1, 0, 0
14200, 18095675, 1, 0, 0
14308, 19580712, 1, 0, 0
14411, 19826390, 1, 0, 0
14507, 18032926, 1, 0, 0
14610, 20528481, 1, 0, 0
14716, 18566784, 1, 0, 0
14803, 18100984, 1, 0, 0
14904, 17919143, 1, 0, 0
15000, 18142372, 1, 0, 0
15104, 20365935, 1, 0, 0
15203, 17924105, 1, 0, 0
15302, 18543419, 1, 0, 0
15407, 20529282, 1, 0, 0
15506, 16365051, 1, 0, 0
15603, 18193778, 1, 0, 0
15706, 19897268, 1, 0, 0
15807, 18407668, 1, 0, 0
15907, 18766413, 1, 0, 0
16011, 18418845, 1, 0, 0
16109, 17859804, 1, 0, 0
16200, 19794925, 1, 0, 0
16314, 19069195, 1, 0, 0
16415, 20274530, 1, 0, 0
16503, 19395618, 1, 0, 0
16616, 17415691, 1, 0, 0
16714, 19789888, 1, 0, 0
16813, 18117185, 1, 0, 0
16906, 50391059, 1, 0, 0
17013, 70321543, 1, 0, 0
17122, 71701289, 1, 0, 0
17228, 71149722, 1, 0, 0
17333, 70695805, 1, 0, 0
17439, 70294442, 1, 0, 0
17514, 59490971, 1, 0, 0
17607, 19245769, 1, 0, 0
17704, 18366428, 1, 0, 0
17803, 18443667, 1, 0, 0
17916, 19329294, 1, 0, 0
18012, 17847944, 1, 0, 0
18100, 18870850, 1, 0, 0
18213, 18919188, 1, 0, 0
18308, 18063943, 1, 0, 0
18413, 20528425, 1, 0, 0
18512, 17761139, 1, 0, 0
18600, 19567420, 1, 0, 0
18702, 20288486, 1, 0, 0
18816, 19041692, 1, 0, 0
18902, 17257536, 1, 0, 0
19002, 18136450, 1, 0, 0
19115, 18948536, 1, 0, 0
19202, 19189571, 1, 0, 0
19316, 17479292, 1, 0, 0
19413, 19766611, 1, 0, 0
19500, 18859684, 1, 0, 0
19614, 18926419, 1, 0, 0
19708, 17989111, 1, 0, 0
19812, 20241169, 1, 0, 0
19913, 18115238, 1, 0, 0
20000, 17772859, 1, 0, 0
20103, 18366330, 1, 0, 0
20218, 19138412, 1, 0, 0
20302, 19035715, 1, 0, 0
20400, 19528437, 1, 0, 0
20513, 18733766, 1, 0, 0
20609, 17990261, 1, 0, 0
20702, 20010567, 1, 0, 0
20834, 32775949, 1, 0, 0
20937, 69216510, 1, 0, 0
21043, 69890072, 1, 0, 0
21145, 67261863, 1, 0, 0
21203, 56025604, 1, 0, 0
21319, 76883019, 1, 0, 0
21416, 71053281, 1, 0, 0
21502, 22062282, 1, 0, 0
21605, 19884809, 1, 0, 0
21700, 18189624, 1, 0, 0
21804, 18503869, 1, 0, 0
21907, 17024180, 1, 0, 0
22004, 18289009, 1, 0, 0
22108, 18280044, 1, 0, 0
22206, 17950908, 1, 0, 0
22307, 18754707, 1, 0, 0
22411, 19996036, 1, 0, 0
22504, 18516477, 1, 0, 0
22607, 19181678, 1, 0, 0
22706, 17765307, 1, 0, 0
22802, 16577278, 1, 0, 0
22905, 18235064, 1, 0, 0
23006, 18258080, 1, 0, 0
23105, 20404306, 1, 0, 0
23210, 18368242, 1, 0, 0
23311, 20369201, 1, 0, 0
23409, 18376543, 1, 0, 0
23513, 22693137, 1, 0, 0
23612, 17785528, 1, 0, 0
23708, 19927941, 1, 0, 0
23812, 18198753, 1, 0, 0
23909, 19563132, 1, 0, 0
24009, 18572410, 1, 0, 0
24114, 18419371, 1, 0, 0
24209, 19581875, 1, 0, 0
24310, 16845524, 1, 0, 0
24413, 17996468, 1, 0, 0
24508, 18077188, 1, 0, 0
24611, 20502859, 1, 0, 0
24743, 28315071, 1, 0, 0
24845, 67609164, 1, 0, 0
24948, 51007539, 1, 0, 0
25048, 67425720, 1, 0, 0
25150, 67800977, 1, 0, 0
25202, 103907384, 1, 0, 0
25325, 51366133, 1, 0, 0
25402, 44462564, 1, 0, 0
25516, 18965634, 1, 0, 0
25602, 17330085, 1, 0, 0
25700, 19643483, 1, 0, 0
25800, 18566322, 1, 0, 0
25902, 18051168, 1, 0, 0
26016, 18852980, 1, 0, 0
26111, 19573981, 1, 0, 0
26212, 18288898, 1, 0, 0
26312, 17680999, 1, 0, 0
26408, 18225396, 1, 0, 0
26513, 18806667, 1, 0, 0
26616, 19876178, 1, 0, 0
26700, 19306729, 1, 0, 0
26813, 18848959, 1, 0, 0
26911, 17672860, 1, 0, 0
27008, 18091188, 1, 0, 0
27111, 18079428, 1, 0, 0
27207, 17879699, 1, 0, 0
27307, 20052088, 1, 0, 0
27408, 17780064, 1, 0, 0
27502, 19724245, 1, 0, 0
27606, 18593663, 1, 0, 0
27708, 17957383, 1, 0, 0
27802, 18029931, 1, 0, 0
27906, 20274090, 1, 0, 0
28005, 17841378, 1, 0, 0
28101, 18188211, 1, 0, 0
28204, 19604519, 1, 0, 0
28309, 18978418, 1, 0, 0
28405, 18140644, 1, 0, 0
28515, 19021612, 1, 0, 0
28616, 25812156, 1, 0, 0
28719, 66171297, 1, 0, 0
28821, 67504467, 1, 0, 0
28920, 66168449, 1, 0, 0
29027, 70136356, 1, 0, 0
29140, 73249832, 1, 0, 0
29239, 73063998, 1, 0, 0
29309, 20761137, 1, 0, 0
29410, 20226227, 1, 0, 0
29511, 17841857, 1, 0, 0
29609, 20205702, 1, 0, 0
29711, 18433516, 1, 0, 0
29810, 19504068, 1, 0, 0
29906, 18126597, 1, 0, 0
30009, 18253725, 1, 0, 0
30106, 19546406, 1, 0, 0
30202, 19239553, 1, 0, 0
30314, 18982321, 1, 0, 0
30412, 20953155, 1, 0, 0
30511, 18241990, 1, 0, 0
30613, 17967449, 1, 0, 0
30708, 19608476, 1, 0, 0
30811, 18740986, 1, 0, 0
30913, 17853097, 1, 0, 0
31008, 19941338, 1, 0, 0
31111, 18369781, 1, 0, 0
31213, 18223670, 1, 0, 0
31305, 21162701, 1, 0, 0
31407, 17876429, 1, 0, 0
31505, 20001265, 1, 0, 0
31603, 19612627, 1, 0, 0
31702, 17728185, 1, 0, 0
31816, 18899903, 1, 0, 0
31902, 19293986, 1, 0, 0
32001, 18035529, 1, 0, 0
32114, 18857672, 1, 0, 0
32202, 19260094, 1, 0, 0
32313, 18641474, 1, 0, 0
32409, 17728669, 1, 0, 0
32542, 25801545, 1, 0, 0
32642, 65347951, 1, 0, 0
32743, 67472164, 1, 0, 0
32844, 67882230, 1, 0, 0
32943, 65615639, 1, 0, 0
33043, 65925428, 1, 0, 0
33105, 48583837, 1, 0, 0
33212, 51502515, 1, 0, 0
33315, 18921486, 1, 0, 0
33411, 19783974, 1, 0, 0
33502, 19372885, 1, 0, 0
33602, 18853955, 1, 0, 0
33706, 18944609, 1, 0, 0
33807, 19256335, 1, 0, 0
33915, 23494523, 1, 0, 0
34012, 22977180, 1, 0, 0
34114, 19804974, 1, 0, 0
34214, 20053805, 1, 0, 0
34300, 18669224, 1, 0, 0
34417, 23564829, 1, 0, 0
34513, 19831027, 1, 0, 0
34614, 20038024, 1, 0, 0
34715, 19784364, 1, 0, 0
34800, 21003519, 1, 0, 0
34914, 21335832, 1, 0, 0
35015, 22154920, 1, 0, 0
35106, 23043082, 1, 0, 0
35206, 21820679, 1, 0, 0
35301, 21906711, 1, 0, 0
35403, 22073439, 1, 0, 0
35502, 21912860, 1, 0, 0
35618, 23084168, 1, 0, 0
35703, 21269264, 1, 0, 0
35803, 22306379, 1, 0, 0
35900, 22108155, 1, 0, 0
36002, 21967357, 1, 0, 0
36117, 23172516, 1, 0, 0
36214, 21617355, 1, 0, 0
36311, 19798136, 1, 0, 0
36405, 24551512, 1, 0, 0
36501, 57169856, 1, 0, 0
36642, 55828447, 1, 0, 0
36742, 67141153, 1, 0, 0
36842, 67210223, 1, 0, 0
36946, 68479438, 1, 0, 0
37047, 66856702, 1, 0, 0
37113, 42471913, 1, 0, 0
37214, 18299293, 1, 0, 0
37301, 19317146, 1, 0, 0
37415, 18942047, 1, 0, 0
37514, 20080572, 1, 0, 0
37601, 18973719, 1, 0, 0
37714, 18882826, 1, 0, 0
37812, 18225755, 1, 0, 0
37900, 18865039, 1, 0, 0
38013, 18868118, 1, 0, 0
38112, 18538331, 1, 0, 0
38211, 19272822, 1, 0, 0
38310, 20083994, 1, 0, 0
38409, 18277197, 1, 0, 0
38510, 17867942, 1, 0, 0
38605, 17798033, 1, 0, 0
38707, 18271373, 1, 0, 0
38807, 17837584, 1, 0, 0
38904, 18308415, 1, 0, 0
39008, 20374917, 1, 0, 0
39108, 18048131, 1, 0, 0
39204, 19784031, 1, 0, 0
39306, 18068285, 1, 0, 0
39402, 17625706, 1, 0, 0
39500, 19871549, 1, 0, 0
39602, 17849173, 1, 0, 0
39715, 17387871, 1, 0, 0
39815, 20249033, 1, 0, 0
39904, 19354907, 1, 0, 0
40003, 18504694, 1, 0, 0
40101, 19839045, 1, 0, 0
40203, 18005787, 1, 0, 0
40327, 30299546, 1, 0, 0
40437, 72574984, 1, 0, 0
40543, 71846013, 1, 0, 0
40652, 72170339, 1, 0, 0
40706, 53959685, 1, 0, 0
40814, 72216540, 1, 0, 0
40915, 69086132, 1, 0, 0
41002, 26380984, 1, 0, 0
41106, 18241820, 1, 0, 0
41202, 17933036, 1, 0, 0
41305, 20925524, 1, 0, 0
41408, 18104696, 1, 0, 0
41504, 19632642, 1, 0, 0
41607, 18981707, 1, 0, 0
41711, 18151475, 1, 0, 0
41806, 19562989, 1, 0, 0
41906, 16668583, 1, 0, 0
42008, 19738872, 1, 0, 0
42104, 18220525, 1, 0, 0
42209, 20671900, 1, 0, 0
42311, 18155098, 1, 0, 0
42406, 17945063, 1, 0, 0
42510, 18453510, 1, 0, 0
42608, 19573773, 1, 0, 0
42708, 18455089, 1, 0, 0
42811, 18316252, 1, 0, 0
42911, 19991463, 1, 0, 0
43008, 18245202, 1, 0, 0
43111, 18097586, 1, 0, 0
43207, 17865839, 1, 0, 0
43308, 16813551, 1, 0, 0
43409, 17815249, 1, 0, 0
43504, 18034940, 1, 0, 0
43608, 18518463, 1, 0, 0
43709, 18072029, 1, 0, 0
43804, 19831694, 1, 0, 0
43908, 18290497, 1, 0, 0
44003, 17487646, 1, 0, 0
44101, 16515933, 1, 0, 0
44281, 45645008, 1, 0, 0
44410, 226944168, 1, 0, 0
44515, 117034947, 1, 0, 0
44876, 465659739, 1, 0, 0
44916, 200726054, 1, 0, 0
45022, 53529153, 1, 0, 0
45102, 23473600, 1, 0, 0
45205, 18176514, 1, 0, 0
45302, 19488763, 1, 0, 0
45400, 18114758, 1, 0, 0
45502, 17945562, 1, 0, 0
45615, 18878080, 1, 0, 0
45700, 19471143, 1, 0, 0
45803, 16710867, 1, 0, 0
45905, 23097133, 1, 0, 0
46005, 18357122, 1, 0, 0
46110, 18507449, 1, 0, 0
46200, 18677848, 1, 0, 0
46302, 18270633, 1, 0, 0
46401, 17754688, 1, 0, 0
46514, 17342142, 1, 0, 0
46600, 19515454, 1, 0, 0
46713, 18775128, 1, 0, 0
46816, 18417005, 1, 0, 0
46900, 17137045, 1, 0, 0
47000, 19800167, 1, 0, 0
47100, 18596305, 1, 0, 0
47200, 18111725, 1, 0, 0
47313, 17263761, 1, 0, 0
47413, 17827096, 1, 0, 0
47509, 18150138, 1, 0, 0
47611, 18037231, 1, 0, 0
47709, 19658115, 1, 0, 0
47806, 16626504, 1, 0, 0
47901, 18276116, 1, 0, 0
48014, 17334727, 1, 0, 0
48118, 42648528, 1, 0, 0
48226, 72238305, 1, 0, 0
48334, 72487005, 1, 0, 0
48441, 70900411, 1, 0, 0
48547, 70720181, 1, 0, 0
48605, 56252120, 1, 0, 0
48717, 74647117, 1, 0, 0
48804, 23735751, 1, 0, 0
48900, 19759404, 1, 0, 0
49001, 18319837, 1, 0, 0
49101, 19592940, 1, 0, 0
49215, 17493540, 1, 0, 0
49301, 19149512, 1, 0, 0
49409, 18791758, 1, 0, 0
49507, 20899633, 1, 0, 0
49607, 18243926, 1, 0, 0
49707, 19507319, 1, 0, 0
49803, 18166868, 1, 0, 0
49907, 18475752, 1, 0, 0
50006, 17940811, 1, 0, 0
50104, 20032748, 1, 0, 0
50207, 18068427, 1, 0, 0
50303, 19629371, 1, 0, 0
50405, 18674983, 1, 0, 0
50509, 18195533, 1, 0, 0
50601, 19295234, 1, 0, 0
50703, 20203823, 1, 0, 0
50810, 18803398, 1, 0, 0
50909, 18500908, 1, 0, 0
51008, 20040801, 1, 0, 0
51110, 17970141, 1, 0, 0
51200, 19959478, 1, 0, 0
51305, 19608454, 1, 0, 0
51405, 14988289, 1, 0, 0
51505, 20609605, 1, 0, 0
51606, 18275203, 1, 0, 0
51705, 17671174, 1, 0, 0
51801, 17903943, 1, 0, 0
51911, 43298668, 1, 0, 0
52045, 26029176, 1, 0, 0
52148, 67623769, 1, 0, 0
52250, 67668198, 1, 0, 0
52350, 66847149, 1, 0, 0
52449, 66547636, 1, 0, 0
52549, 50250709, 1, 0, 0
52620, 53297754, 1, 0, 0
52730, 52613988, 1, 0, 0
52802, 21000165, 1, 0, 0
52901, 20026406, 1, 0, 0
53000, 18387799, 1, 0, 0
53103, 17995565, 1, 0, 0
53216, 18932739, 1, 0, 0
53300, 19183175, 1, 0, 0
53402, 19925966, 1, 0, 0
53515, 18829560, 1, 0, 0
53609, 17868481, 1, 0, 0
53713, 20309314, 1, 0, 0
53812, 17893945, 1, 0, 0
53900, 19514526, 1, 0, 0
54001, 20050155, 1, 0, 0
54119, 19398963, 1, 0, 0
54204, 19450680, 1, 0, 0
54303, 17867753, 1, 0, 0
54400, 20074542, 1, 0, 0
54504, 18405067, 1, 0, 0
54602, 19577951, 1, 0, 0
54702, 18575354, 1, 0, 0
54805, 19972560, 1, 0, 0
54901, 17880766, 1, 0, 0
55007, 21432322, 1, 0, 0
55110, 18271417, 1, 0, 0
55213, 18258656, 1, 0, 0
55308, 18204691, 1, 0, 0
55411, 20185612, 1, 0, 0
55510, 17768424, 1, 0, 0
55608, 18422828, 1, 0, 0
55710, 17995248, 1, 0, 0
55807, 17740508, 1, 0, 0
55933, 21485530, 1, 0, 0
56038, 76159724, 1, 0, 0
56148, 73280595, 1, 0, 0
56204, 55681825, 1, 0, 0
56310, 71861433, 1, 0, 0
56418, 71695650, 1, 0, 0
56528, 72658077, 1, 0, 0
56612, 34524242, 1, 0, 0
56712, 20010612, 1, 0, 0
56810, 16727307, 1, 0, 0
56913, 19990878, 1, 0, 0
57009, 17868954, 1, 0, 0
57110, 18294537, 1, 0, 0
57210, 19512232, 1, 0, 0
57301, 21130354, 1, 0, 0
57405, 18230553, 1, 0, 0
57503, 18153916, 1, 0, 0
57604, 18532588, 1, 0, 0
57709, 18645070, 1, 0, 0
57806, 19675103, 1, 0, 0
57906, 18262512, 1, 0, 0
58009, 20079484, 1, 0, 0
58104, 17864695, 1, 0, 0
58206, 20216177, 1, 0, 0
58308, 18172412, 1, 0, 0
58404, 18059714, 1, 0, 0
58506, 18495727, 1, 0, 0
58605, 19214693, 1, 0, 0
58702, 19985262, 1, 0, 0
58806, 18146307, 1, 0, 0
58903, 19769333, 1, 0, 0
59002, 18464733, 1, 0, 0
59106, 20004048, 1, 0, 0
59204, 18145542, 1, 0, 0
59302, 19918843, 1, 0, 0
59404, 17875774, 1, 0, 0
59512, 21678097, 1, 0, 0
59606, 17831861, 1, 0, 0
59709, 20031680, 1, 0, 0
59823, 24539965, 1, 0, 0
59932, 68782827, 1, 0, 0
60040, 73411607, 1, 0, 0
60148, 72848710, 1, 0, 0
60201, 105237965, 1, 0, 0
60308, 71078503, 1, 0, 0
60419, 73904757, 1, 0, 0
60501, 25395432, 1, 0, 0
60600, 20138417, 1, 0, 0
60702, 17958237, 1, 0, 0
60815, 18827764, 1, 0, 0
60900, 17277213, 1, 0, 0
61001, 19563395, 1, 0, 0
61110, 21379916, 1, 0, 0
61207, 18771079, 1, 0, 0
61312, 18642176, 1, 0, 0
61410, 17807386, 1, 0, 0
61511, 20532592, 1, 0, 0
61608, 18814191, 1, 0, 0
61707, 20333235, 1, 0, 0
61809, 18429407, 1, 0, 0
61911, 16651088, 1, 0, 0
62007, 18108892, 1, 0, 0
62109, 18214500, 1, 0, 0
62207, 17744333, 1, 0, 0
62305, 20084715, 1, 0, 0
62409, 18424601, 1, 0, 0
62506, 19524782, 1, 0, 0
62604, 18102742, 1, 0, 0
62706, 19578948, 1, 0, 0
62800, 17866406, 1, 0, 0
62903, 18594732, 1, 0, 0
63004, 19455971, 1, 0, 0
63101, 18346531, 1, 0, 0
63202, 20018476, 1, 0, 0
63302, 17734740, 1, 0, 0
63415, 18865118, 1, 0, 0
63505, 20855143, 1, 0, 0
63607, 17780355, 1, 0, 0
63721, 28384204, 1, 0, 0
63825, 67643804, 1, 0, 0
63933, 71748060, 1, 0, 0
64047, 74457227, 1, 0, 0
64100, 55955557, 1, 0, 0
64206, 70467353, 1, 0, 0
64313, 70712214, 1, 0, 0
64400, 36390329, 1, 0, 0
64503, 18175052, 1, 0, 0
64601, 18098502, 1, 0, 0
64701, 18287943, 1, 0, 0
64802, 19505413, 1, 0, 0
64915, 18876984, 1, 0, 0
65000, 17269868, 1, 0, 0
65103, 20196596, 1, 0, 0
65217, 18970337, 1, 0, 0
65301, 19159565, 1, 0, 0
65402, 18116695, 1, 0, 0
65517, 19091732, 1, 0, 0
65603, 19338805, 1, 0, 0
65706, 18409784, 1, 0, 0
65825, 19235069, 1, 0, 0
65908, 19908629, 1, 0, 0
66001, 18529714, 1, 0, 0
66101, 18606812, 1, 0, 0
66204, 17997172, 1, 0, 0
66302, 18117813, 1, 0, 0
66401, 19983217, 1, 0, 0
66502, 17876224, 1, 0, 0
66616, 18962260, 1, 0, 0
66711, 19566530, 1, 0, 0
66812, 18222680, 1, 0, 0
66912, 19648060, 1, 0, 0
67007, 18049870, 1, 0, 0
67111, 20316985, 1, 0, 0
67210, 17754946, 1, 0, 0
67306, 19862770, 1, 0, 0
67408, 17759622, 1, 0, 0
67503, 17797695, 1, 0, 0
67622, 33135579, 1, 0, 0
67723, 67977606, 1, 0, 0
67831, 71715744, 1, 0, 0
67942, 72625279, 1, 0, 0
68052, 72835010, 1, 0, 0
68112, 58091779, 1, 0, 0
68220, 74216381, 1, 0, 0
68304, 23024829, 1, 0, 0
68404, 17965529, 1, 0, 0
68512, 21791165, 1, 0, 0
68611, 18278224, 1, 0, 0
68716, 18461446, 1, 0, 0
68814, 18095603, 1, 0, 0
68911, 21730358, 1, 0, 0
69012, 17902840, 1, 0, 0
69110, 18464375, 1, 0, 0
69213, 18449315, 1, 0, 0
69319, 20542808, 1, 0, 0
69405, 19976331, 1, 0, 0
69506, 17841330, 1, 0, 0
69606, 20647809, 1, 0, 0
69708, 18590284, 1, 0, 0
69804, 20003975, 1, 0, 0
69915, 22891264, 1, 0, 0
70002, 19189883, 1, 0, 0
70116, 19000553, 1, 0, 0
70212, 17881665, 1, 0, 0
70312, 20093233, 1, 0, 0
70413, 16411674, 1, 0, 0
70505, 19147126, 1, 0, 0
70608, 18110592, 1, 0, 0
70707, 19996385, 1, 0, 0
70806, 18318680, 1, 0, 0
70908, 19801370, 1, 0, 0
71003, 17812431, 1, 0, 0
71106, 18710192, 1, 0, 0
71210, 18319931, 1, 0, 0
71305, 19606806, 1, 0, 0
71407, 18317362, 1, 0, 0
71528, 26202020, 1, 0, 0
71633, 67929288, 1, 0, 0
71742, 71794773, 1, 0, 0
71849, 71927559, 1, 0, 0
71903, 107841510, 1, 0, 0
72008, 69981301, 1, 0, 0
72103, 67417898, 1, 0, 0
72202, 20527744, 1, 0, 0
72304, 18900015, 1, 0, 0
72409, 20334416, 1, 0, 0
72506, 17791557, 1, 0, 0
72601, 19063679, 1, 0, 0
72700, 19523220, 1, 0, 0
72806, 18334976, 1, 0, 0
72904, 19411461, 1, 0, 0
73006, 17848556, 1, 0, 0
73115, 19725988, 1, 0, 0
73200, 19431011, 1, 0, 0
73300, 18122684, 1, 0, 0
73417, 19268696, 1, 0, 0
73504, 19367848, 1, 0, 0
73614, 20011542, 1, 0, 0
73710, 17833699, 1, 0, 0
73810, 18269506, 1, 0, 0
73906, 18749286, 1, 0, 0
74004, 18458425, 1, 0, 0
74108, 18138916, 1, 0, 0
74203, 19650110, 1, 0, 0
74304, 18456961, 1, 0, 0
74400, 20514334, 1, 0, 0
74514, 18963127, 1, 0, 0
74608, 17969524, 1, 0, 0
74711, 20046633, 1, 0, 0
74810, 17837499, 1, 0, 0
74904, 21323736, 1, 0, 0
75009, 16970348, 1, 0, 0
75109, 18361700, 1, 0, 0
75206, 18332577, 1, 0, 0
75311, 18674512, 1, 0, 0
75448, 21568705, 1, 0, 0
75501, 51666176, 1, 0, 0
75614, 74385226, 1, 0, 0
75723, 72937348, 1, 0, 0
75827, 70070979, 1, 0, 0
75933, 70913222, 1, 0, 0
76041, 72189859, 1, 0, 0
76106, 55385047, 1, 0, 0
76205, 17910538, 1, 0, 0
76302, 20066775, 1, 0, 0
76412, 19676169, 1, 0, 0
76513, 16331019, 1, 0, 0
76607, 19749511, 1, 0, 0
76711, 18586326, 1, 0, 0
76811, 19558096, 1, 0, 0
76908, 18218121, 1, 0, 0
77002, 19840342, 1, 0, 0
77119, 19465825, 1, 0, 0
77204, 19612291, 1, 0, 0
77303, 17703008, 1, 0, 0
77416, 18830785, 1, 0, 0
77501, 19064026, 1, 0, 0
77614, 18842876, 1, 0, 0
77714, 19807692, 1, 0, 0
77802, 19817448, 1, 0, 0
77902, 18041112, 1, 0, 0
78009, 19721937, 1, 0, 0
78109, 18313464, 1, 0, 0
78212, 20000710, 1, 0, 0
78307, 17832709, 1, 0, 0
78411, 18795084, 1, 0, 0
78515, 20386119, 1, 0, 0
78611, 17837303, 1, 0, 0
78700, 19269264, 1, 0, 0
78819, 19537971, 1, 0, 0
78901, 17318517, 1, 0, 0
79005, 20097819, 1, 0, 0
79116, 18640934, 1, 0, 0
79211, 17788232, 1, 0, 0
79330, 22743671, 1, 0, 0
79416, 57487428, 1, 0, 0
79520, 67605478, 1, 0, 0
79652, 86245496, 1, 0, 0
79706, 108973787, 1, 0, 0
79815, 72111842, 1, 0, 0
79921, 71391150, 1, 0, 0
80013, 44555587, 1, 0, 0
80117, 18516125, 1, 0, 0
80202, 19295485, 1, 0, 0
80300, 19516574, 1, 0, 0
80416, 17708205, 1, 0, 0
80503, 19691167, 1, 0, 0
80613, 19685873, 1, 0, 0
80713, 20335022, 1, 0, 0
80801, 17331760, 1, 0, 0
80916, 19060557, 1, 0, 0
81002, 19670375, 1, 0, 0
81107, 18616294, 1, 0, 0
81202, 19666589, 1, 0, 0
81305, 18528502, 1, 0, 0
81421, 20286200, 1, 0, 0
81507, 20298380, 1, 0, 0
81600, 21012665, 1, 0, 0
81714, 18457473, 1, 0, 0
81811, 17787443, 1, 0, 0
81910, 18220586, 1, 0, 0
82012, 16397944, 1, 0, 0
82107, 17870294, 1, 0, 0
82210, 18575338, 1, 0, 0
82312, 19986351, 1, 0, 0
82407, 17941807, 1, 0, 0
82509, 20269414, 1, 0, 0
82610, 17816640, 1, 0, 0
82704, 17813758, 1, 0, 0
82807, 20124630, 1, 0, 0
82905, 17675571, 1, 0, 0
83002, 19982902, 1, 0, 0
83104, 18039316, 1, 0, 0
83231, 22545063, 1, 0, 0
83328, 62583048, 1, 0, 0
83429, 67446423, 1, 0, 0
83532, 68995219, 1, 0, 0
83634, 67493139, 1, 0, 0
83739, 69150750, 1, 0, 0
83839, 69092325, 1, 0, 0
83909, 55513144, 1, 0, 0
84007, 18493507, 1, 0, 0
84110, 20355861, 1, 0, 0
84213, 16785079, 1, 0, 0
84308, 18105485, 1, 0, 0
84413, 18725864, 1, 0, 0
84515, 18123110, 1, 0, 0
84600, 19307577, 1, 0, 0
84713, 18887058, 1, 0, 0
84814, 19823816, 1, 0, 0
84906, 21110606, 1, 0, 0
85010, 18295296, 1, 0, 0
85105, 19754254, 1, 0, 0
85207, 18273904, 1, 0, 0
85307, 19603637, 1, 0, 0
85400, 21317990, 1, 0, 0
85506, 18842648, 1, 0, 0
85616, 19974924, 1, 0, 0
85700, 19284352, 1, 0, 0
85802, 17943210, 1, 0, 0
85916, 18969889, 1, 0, 0
86001, 19604696, 1, 0, 0
86104, 18219644, 1, 0, 0
86206, 17049863, 1, 0, 0
86305, 20412969, 1, 0, 0
86407, 17912588, 1, 0, 0
86504, 17915748, 1, 0, 0
86603, 18253294, 1, 0, 0
86704, 19500757, 1, 0, 0
86812, 19738348, 1, 0, 0
86908, 18069442, 1, 0, 0
87013, 18766750, 1, 0, 0
87141, 22377671, 1, 0, 0
87244, 64477683, 1, 0, 0
87347, 71152926, 1, 0, 0
87449, 68327211, 1, 0, 0
87502, 51630506, 1, 0, 0
87607, 70401934, 1, 0, 0
87714, 71344859, 1, 0, 0
87806, 66759441, 1, 0, 0
87912, 23382677, 1, 0, 0
88015, 18207914, 1, 0, 0
88109, 19722484, 1, 0, 0
88212, 18365623, 1, 0, 0
88310, 17672188, 1, 0, 0
88407, 19913936, 1, 0, 0
88510, 18086996, 1, 0, 0
88607, 18051172, 1, 0, 0
88708, 20111064, 1, 0, 0
88813, 18700952, 1, 0, 0
88921, 19099846, 1, 0, 0
89002, 23937922, 1, 0, 0
89100, 18144003, 1, 0, 0
89213, 18802007, 1, 0, 0
89311, 19910335, 1, 0, 0
89412, 17846475, 1, 0, 0
89508, 19706365, 1, 0, 0
89610, 18397210, 1, 0, 0
89709, 19452751, 1, 0, 0
89804, 16527379, 1, 0, 0
89907, 19887122, 1, 0, 0
90006, 18078294, 1, 0, 0
90023, 32823648, 1, 0, 0
