250, 104, 1, 0, 0
350, 110, 1, 0, 0
450, 100, 1, 0, 0
550, 100, 1, 0, 0
650, 100, 1, 0, 0
749, 90, 1, 0, 0
849, 90, 1, 0, 0
949, 90, 1, 0, 0
1049, 100, 1, 0, 0
1149, 70, 1, 0, 0
1249, 40, 1, 0, 0
1349, 10, 1, 0, 0
1450, 30, 1, 0, 0
1550, 30, 1, 0, 0
1650, 30, 1, 0, 0
1749, 40, 1, 0, 0
1849, 50, 1, 0, 0
1949, 90, 1, 0, 0
2049, 90, 1, 0, 0
2149, 90, 1, 0, 0
2250, 90, 1, 0, 0
2350, 90, 1, 0, 0
2450, 90, 1, 0, 0
2550, 90, 1, 0, 0
2650, 80, 1, 0, 0
2749, 111, 1, 0, 0
2849, 90, 1, 0, 0
2949, 80, 1, 0, 0
3049, 100, 1, 0, 0
3149, 90, 1, 0, 0
3249, 80, 1, 0, 0
3350, 100, 1, 0, 0
3450, 100, 1, 0, 0
3550, 90, 1, 0, 0
3650, 100, 1, 0, 0
3749, 101, 1, 0, 0
3849, 90, 1, 0, 0
3949, 110, 1, 0, 0
4049, 100, 1, 0, 0
4149, 110, 1, 0, 0
4249, 90, 1, 0, 0
4349, 100, 1, 0, 0
4449, 90, 1, 0, 0
4549, 100, 1, 0, 0
4650, 80, 1, 0, 0
4750, 110, 1, 0, 0
4850, 100, 1, 0, 0
4950, 80, 1, 0, 0
5050, 90, 1, 0, 0
5150, 40, 1, 0, 0
5249, 40, 1, 0, 0
5349, 30, 1, 0, 0
5450, 30, 1, 0, 0
5550, 30, 1, 0, 0
5650, 30, 1, 0, 0
5749, 60, 1, 0, 0
5849, 80, 1, 0, 0
5949, 100, 1, 0, 0
6049, 90, 1, 0, 0
6150, 100, 1, 0, 0
6249, 101, 1, 0, 0
6349, 110, 1, 0, 0
6449, 100, 1, 0, 0
6549, 100, 1, 0, 0
6649, 100, 1, 0, 0
6749, 110, 1, 0, 0
6849, 110, 1, 0, 0
6949, 100, 1, 0, 0
7049, 110, 1, 0, 0
7150, 110, 1, 0, 0
7250, 100, 1, 0, 0
7350, 110, 1, 0, 0
7450, 100, 1, 0, 0
7550, 110, 1, 0, 0
7650, 100, 1, 0, 0
7749, 111, 1, 0, 0
7849, 110, 1, 0, 0
7949, 100, 1, 0, 0
8049, 100, 1, 0, 0
8149, 110, 1, 0, 0
8249, 100, 1, 0, 0
8349, 120, 1, 0, 0
8449, 110, 1, 0, 0
8550, 100, 1, 0, 0
8650, 120, 1, 0, 0
8749, 90, 1, 0, 0
8849, 120, 1, 0, 0
8949, 110, 1, 0, 0
9049, 30, 1, 0, 0
9149, 20, 1, 0, 0
9249, 30, 1, 0, 0
9349, 30, 1, 0, 0
9449, 30, 1, 0, 0
9550, 40, 1, 0, 0
9650, 30, 1, 0, 0
9749, 101, 1, 0, 0
9849, 120, 1, 0, 0
9949, 100, 1, 0, 0
10049, 110, 1, 0, 0
10149, 110, 1, 0, 0
10249, 120, 1, 0, 0
10349, 110, 1, 0, 0
10449, 100, 1, 0, 0
10549, 110, 1, 0, 0
10649, 100, 1, 0, 0
10749, 110, 1, 0, 0
10850, 100, 1, 0, 0
10950, 110, 1, 0, 0
11050, 100, 1, 0, 0
11150, 110, 1, 0, 0
11249, 101, 1, 0, 0
11349, 110, 1, 0, 0
11449, 100, 1, 0, 0
11549, 90, 1, 0, 0
11649, 120, 1, 0, 0
11749, 120, 1, 0, 0
11849, 90, 1, 0, 0
11949, 130, 1, 0, 0
12049, 110, 1, 0, 0
12150, 90, 1, 0, 0
12250, 120, 1, 0, 0
12350, 100, 1, 0, 0
12450, 110, 1, 0, 0
12550, 100, 1, 0, 0
12650, 110, 1, 0, 0
12749, 111, 1, 0, 0
12849, 90, 1, 0, 0
12949, 30, 1, 0, 0
13049, 40, 1, 0, 0
13149, 30, 1, 0, 0
13250, 30, 1, 0, 0
13350, 30, 1, 0, 0
13450, 30, 1, 0, 0
13550, 50, 1, 0, 0
13650, 100, 1, 0, 0
13749, 101, 1, 0, 0
13849, 110, 1, 0, 0
13949, 110, 1, 0, 0
14050, 100, 1, 0, 0
14150, 120, 1, 0, 0
14249, 90, 1, 0, 0
14349, 110, 1, 0, 0
14449, 110, 1, 0, 0
14549, 100, 1, 0, 0
14649, 110, 1, 0, 0
14749, 110, 1, 0, 0
14849, 90, 1, 0, 0
14949, 120, 1, 0, 0
15050, 90, 1, 0, 0
15150, 100, 1, 0, 0
15249, 121, 1, 0, 0
15349, 100, 1, 0, 0
15449, 100, 1, 0, 0
15549, 110, 1, 0, 0
15649, 110, 1, 0, 0
15749, 100, 1, 0, 0
15849, 110, 1, 0, 0
15949, 110, 1, 0, 0
16049, 110, 1, 0, 0
16149, 100, 1, 0, 0
16249, 110, 1, 0, 0
16349, 110, 1, 0, 0
16450, 100, 1, 0, 0
16550, 110, 1, 0, 0
16650, 100, 1, 0, 0
16749, 101, 1, 0, 0
16849, 70, 1, 0, 0
16949, 30, 1, 0, 0
17049, 30, 1, 0, 0
17149, 40, 1, 0, 0
17249, 30, 1, 0, 0
17349, 30, 1, 0, 0
17450, 30, 1, 0, 0
17550, 60, 1, 0, 0
17650, 100, 1, 0, 0
17749, 101, 1, 0, 0
17849, 110, 1, 0, 0
17949, 110, 1, 0, 0
18049, 100, 1, 0, 0
18149, 110, 1, 0, 0
18249, 120, 1, 0, 0
18349, 100, 1, 0, 0
18449, 110, 1, 0, 0
18549, 100, 1, 0, 0
18649, 120, 1, 0, 0
18750, 110, 1, 0, 0
18850, 110, 1, 0, 0
18950, 110, 1, 0, 0
19050, 110, 1, 0, 0
19150, 110, 1, 0, 0
19249, 101, 1, 0, 0
19349, 110, 1, 0, 0
19449, 100, 1, 0, 0
19549, 110, 1, 0, 0
19649, 110, 1, 0, 0
19749, 110, 1, 0, 0
19849, 100, 1, 0, 0
19949, 110, 1, 0, 0
20050, 90, 1, 0, 0
20150, 120, 1, 0, 0
20249, 90, 1, 0, 0
20349, 130, 1, 0, 0
20449, 100, 1, 0, 0
20549, 110, 1, 0, 0
20649, 90, 1, 0, 0
20749, 90, 1, 0, 0
20849, 30, 1, 0, 0
20949, 30, 1, 0, 0
21049, 20, 1, 0, 0
21149, 30, 1, 0, 0
21250, 30, 1, 0, 0
21350, 30, 1, 0, 0
21450, 70, 1, 0, 0
21550, 90, 1, 0, 0
21650, 120, 1, 0, 0
21749, 90, 1, 0, 0
21849, 120, 1, 0, 0
21949, 110, 1, 0, 0
22049, 110, 1, 0, 0
22149, 100, 1, 0, 0
22249, 110, 1, 0, 0
22350, 100, 1, 0, 0
22450, 110, 1, 0, 0
22550, 90, 1, 0, 0
22650, 120, 1, 0, 0
22749, 111, 1, 0, 0
22849, 110, 1, 0, 0
22949, 110, 1, 0, 0
23049, 100, 1, 0, 0
23149, 110, 1, 0, 0
23249, 110, 1, 0, 0
23349, 90, 1, 0, 0
23449, 100, 1, 0, 0
23549, 110, 1, 0, 0
23649, 100, 1, 0, 0
23750, 110, 1, 0, 0
23850, 100, 1, 0, 0
23950, 110, 1, 0, 0
24050, 100, 1, 0, 0
24150, 120, 1, 0, 0
24249, 90, 1, 0, 0
24349, 110, 1, 0, 0
24449, 120, 1, 0, 0
24549, 90, 1, 0, 0
24649, 110, 1, 0, 0
24749, 30, 1, 0, 0
24849, 30, 1, 0, 0
24950, 30, 1, 0, 0
25050, 30, 1, 0, 0
25150, 30, 1, 0, 0
25249, 30, 1, 0, 0
25349, 40, 1, 0, 0
25449, 110, 1, 0, 0
25549, 110, 1, 0, 0
25649, 110, 1, 0, 0
25749, 100, 1, 0, 0
25849, 110, 1, 0, 0
25949, 100, 1, 0, 0
26050, 110, 1, 0, 0
26150, 110, 1, 0, 0
26249, 111, 1, 0, 0
26349, 100, 1, 0, 0
26449, 110, 1, 0, 0
26549, 110, 1, 0, 0
26649, 100, 1, 0, 0
26749, 110, 1, 0, 0
26849, 100, 1, 0, 0
26949, 110, 1, 0, 0
27049, 110, 1, 0, 0
27149, 120, 1, 0, 0
27249, 100, 1, 0, 0
27349, 110, 1, 0, 0
27450, 110, 1, 0, 0
27550, 100, 1, 0, 0
27650, 110, 1, 0, 0
27749, 101, 1, 0, 0
27849, 110, 1, 0, 0
27949, 110, 1, 0, 0
28049, 100, 1, 0, 0
28149, 110, 1, 0, 0
28249, 110, 1, 0, 0
28349, 100, 1, 0, 0
28449, 100, 1, 0, 0
28549, 100, 1, 0, 0
28650, 30, 1, 0, 0
28749, 30, 1, 0, 0
28849, 30, 1, 0, 0
28949, 30, 1, 0, 0
29049, 30, 1, 0, 0
29149, 30, 1, 0, 0
29249, 70, 1, 0, 0
29349, 90, 1, 0, 0
29450, 110, 1, 0, 0
29550, 130, 1, 0, 0
29650, 100, 1, 0, 0
29749, 111, 1, 0, 0
29849, 120, 1, 0, 0
29949, 90, 1, 0, 0
30049, 120, 1, 0, 0
30149, 90, 1, 0, 0
30249, 100, 1, 0, 0
30349, 110, 1, 0, 0
30449, 100, 1, 0, 0
30549, 110, 1, 0, 0
30650, 100, 1, 0, 0
30750, 110, 1, 0, 0
30850, 100, 1, 0, 0
30950, 110, 1, 0, 0
31050, 110, 1, 0, 0
31150, 110, 1, 0, 0
31249, 90, 1, 0, 0
31349, 110, 1, 0, 0
31449, 100, 1, 0, 0
31549, 110, 1, 0, 0
31649, 100, 1, 0, 0
31749, 110, 1, 0, 0
31849, 100, 1, 0, 0
31950, 110, 1, 0, 0
32050, 100, 1, 0, 0
32150, 110, 1, 0, 0
32249, 111, 1, 0, 0
32349, 120, 1, 0, 0
32449, 100, 1, 0, 0
32549, 30, 1, 0, 0
32649, 40, 1, 0, 0
32749, 20, 1, 0, 0
32849, 30, 1, 0, 0
32949, 40, 1, 0, 0
33050, 30, 1, 0, 0
33150, 50, 1, 0, 0
33249, 80, 1, 0, 0
33349, 110, 1, 0, 0
33449, 110, 1, 0, 0
33549, 100, 1, 0, 0
33649, 90, 1, 0, 0
33749, 110, 1, 0, 0
33849, 90, 1, 0, 0
33949, 90, 1, 0, 0
34049, 90, 1, 0, 0
34149, 100, 1, 0, 0
34250, 90, 1, 0, 0
34350, 100, 1, 0, 0
34450, 100, 1, 0, 0
34550, 90, 1, 0, 0
34650, 100, 1, 0, 0
34749, 90, 1, 0, 0
34849, 80, 1, 0, 0
34949, 120, 1, 0, 0
35049, 80, 1, 0, 0
35149, 90, 1, 0, 0
35249, 90, 1, 0, 0
35350, 90, 1, 0, 0
35450, 90, 1, 0, 0
35550, 100, 1, 0, 0
35650, 80, 1, 0, 0
35749, 90, 1, 0, 0
35849, 100, 1, 0, 0
35949, 80, 1, 0, 0
36050, 90, 1, 0, 0
36150, 110, 1, 0, 0
36249, 90, 1, 0, 0
36349, 90, 1, 0, 0
36449, 40, 1, 0, 0
36549, 30, 1, 0, 0
36649, 30, 1, 0, 0
36749, 20, 1, 0, 0
36849, 30, 1, 0, 0
36950, 30, 1, 0, 0
37050, 30, 1, 0, 0
37150, 100, 1, 0, 0
37249, 111, 1, 0, 0
37349, 110, 1, 0, 0
37449, 100, 1, 0, 0
37549, 90, 1, 0, 0
37649, 120, 1, 0, 0
37749, 110, 1, 0, 0
37849, 110, 1, 0, 0
37949, 100, 1, 0, 0
38049, 110, 1, 0, 0
38149, 90, 1, 0, 0
38250, 120, 1, 0, 0
38350, 90, 1, 0, 0
38450, 100, 1, 0, 0
38550, 130, 1, 0, 0
38650, 120, 1, 0, 0
38749, 101, 1, 0, 0
38849, 110, 1, 0, 0
38949, 90, 1, 0, 0
39049, 120, 1, 0, 0
39149, 110, 1, 0, 0
39249, 100, 1, 0, 0
39349, 110, 1, 0, 0
39449, 100, 1, 0, 0
39549, 110, 1, 0, 0
39649, 110, 1, 0, 0
39750, 100, 1, 0, 0
39850, 110, 1, 0, 0
39950, 100, 1, 0, 0
40050, 110, 1, 0, 0
40150, 100, 1, 0, 0
40249, 90, 1, 0, 0
40349, 30, 1, 0, 0
40449, 30, 1, 0, 0
40549, 20, 1, 0, 0
40649, 30, 1, 0, 0
40750, 30, 1, 0, 0
40850, 30, 1, 0, 0
40950, 60, 1, 0, 0
41050, 90, 1, 0, 0
41150, 100, 1, 0, 0
41249, 111, 1, 0, 0
41349, 120, 1, 0, 0
41449, 100, 1, 0, 0
41549, 120, 1, 0, 0
41649, 100, 1, 0, 0
41749, 120, 1, 0, 0
41849, 110, 1, 0, 0
41949, 110, 1, 0, 0
42050, 120, 1, 0, 0
42150, 90, 1, 0, 0
42249, 121, 1, 0, 0
42349, 110, 1, 0, 0
42449, 90, 1, 0, 0
42549, 120, 1, 0, 0
42649, 110, 1, 0, 0
42749, 90, 1, 0, 0
42849, 110, 1, 0, 0
42949, 110, 1, 0, 0
43049, 100, 1, 0, 0
43149, 110, 1, 0, 0
43249, 100, 1, 0, 0
43349, 110, 1, 0, 0
43449, 100, 1, 0, 0
43550, 110, 1, 0, 0
43650, 100, 1, 0, 0
43749, 131, 1, 0, 0
43849, 110, 1, 0, 0
43949, 120, 1, 0, 0
44049, 120, 1, 0, 0
44149, 80, 1, 0, 0
44249, 20, 1, 0, 0
44349, 10, 1, 0, 0
44449, 20, 1, 0, 0
44849, 10, 1, 0, 0
44949, 40, 1, 0, 0
45049, 80, 1, 0, 0
45149, 90, 1, 0, 0
45249, 100, 1, 0, 0
45349, 130, 1, 0, 0
45449, 90, 1, 0, 0
45550, 130, 1, 0, 0
45650, 90, 1, 0, 0
45749, 111, 1, 0, 0
45849, 100, 1, 0, 0
45949, 110, 1, 0, 0
46049, 100, 1, 0, 0
46149, 110, 1, 0, 0
46249, 110, 1, 0, 0
46349, 100, 1, 0, 0
46449, 110, 1, 0, 0
46549, 110, 1, 0, 0
46649, 110, 1, 0, 0
46749, 110, 1, 0, 0
46849, 100, 1, 0, 0
46950, 110, 1, 0, 0
47050, 100, 1, 0, 0
47150, 110, 1, 0, 0
47249, 111, 1, 0, 0
47349, 100, 1, 0, 0
47449, 110, 1, 0, 0
47549, 100, 1, 0, 0
47649, 110, 1, 0, 0
47749, 110, 1, 0, 0
47850, 110, 1, 0, 0
47950, 110, 1, 0, 0
48050, 100, 1, 0, 0
48150, 20, 1, 0, 0
48249, 30, 1, 0, 0
48349, 30, 1, 0, 0
48449, 30, 1, 0, 0
48550, 30, 1, 0, 0
48650, 30, 1, 0, 0
48749, 60, 1, 0, 0
48849, 110, 1, 0, 0
48949, 100, 1, 0, 0
49049, 110, 1, 0, 0
49149, 110, 1, 0, 0
49249, 120, 1, 0, 0
49349, 100, 1, 0, 0
49449, 110, 1, 0, 0
49549, 100, 1, 0, 0
49649, 110, 1, 0, 0
49750, 110, 1, 0, 0
49850, 110, 1, 0, 0
49950, 100, 1, 0, 0
50050, 110, 1, 0, 0
50150, 100, 1, 0, 0
50249, 111, 1, 0, 0
50349, 110, 1, 0, 0
50449, 110, 1, 0, 0
50549, 100, 1, 0, 0
50649, 110, 1, 0, 0
50749, 110, 1, 0, 0
50849, 80, 1, 0, 0
50950, 100, 1, 0, 0
51050, 110, 1, 0, 0
51150, 100, 1, 0, 0
51249, 111, 1, 0, 0
51349, 90, 1, 0, 0
51449, 110, 1, 0, 0
51549, 100, 1, 0, 0
51649, 110, 1, 0, 0
51749, 120, 1, 0, 0
51849, 40, 1, 0, 0
51949, 90, 1, 0, 0
52049, 40, 1, 0, 0
52150, 30, 1, 0, 0
52249, 30, 1, 0, 0
52349, 30, 1, 0, 0
52449, 30, 1, 0, 0
52549, 30, 1, 0, 0
52649, 50, 1, 0, 0
52749, 50, 1, 0, 0
52850, 130, 1, 0, 0
52950, 90, 1, 0, 0
53050, 110, 1, 0, 0
53150, 100, 1, 0, 0
53249, 111, 1, 0, 0
53349, 100, 1, 0, 0
53449, 110, 1, 0, 0
53549, 110, 1, 0, 0
53649, 110, 1, 0, 0
53749, 100, 1, 0, 0
53849, 110, 1, 0, 0
53949, 110, 1, 0, 0
54049, 120, 1, 0, 0
54150, 110, 1, 0, 0
54250, 100, 1, 0, 0
54350, 110, 1, 0, 0
54450, 100, 1, 0, 0
54550, 110, 1, 0, 0
54650, 110, 1, 0, 0
54749, 111, 1, 0, 0
54849, 120, 1, 0, 0
54949, 110, 1, 0, 0
55049, 90, 1, 0, 0
55149, 110, 1, 0, 0
55249, 100, 1, 0, 0
55349, 110, 1, 0, 0
55449, 120, 1, 0, 0
55550, 90, 1, 0, 0
55650, 110, 1, 0, 0
55750, 120, 1, 0, 0
55850, 100, 1, 0, 0
55950, 30, 1, 0, 0
56050, 30, 1, 0, 0
56150, 30, 1, 0, 0
56249, 30, 1, 0, 0
56349, 30, 1, 0, 0
56449, 20, 1, 0, 0
56549, 30, 1, 0, 0
56649, 100, 1, 0, 0
56749, 110, 1, 0, 0
56849, 100, 1, 0, 0
56950, 120, 1, 0, 0
57050, 90, 1, 0, 0
57150, 110, 1, 0, 0
57249, 101, 1, 0, 0
57349, 110, 1, 0, 0
57449, 100, 1, 0, 0
57549, 110, 1, 0, 0
57649, 100, 1, 0, 0
57749, 100, 1, 0, 0
57849, 120, 1, 0, 0
57949, 100, 1, 0, 0
58049, 120, 1, 0, 0
58149, 100, 1, 0, 0
58250, 110, 1, 0, 0
58350, 100, 1, 0, 0
58450, 120, 1, 0, 0
58550, 100, 1, 0, 0
58650, 140, 1, 0, 0
58749, 90, 1, 0, 0
58849, 100, 1, 0, 0
58949, 130, 1, 0, 0
59049, 100, 1, 0, 0
59149, 100, 1, 0, 0
59249, 120, 1, 0, 0
59349, 100, 1, 0, 0
59450, 120, 1, 0, 0
59550, 100, 1, 0, 0
59650, 100, 1, 0, 0
59749, 111, 1, 0, 0
59849, 30, 1, 0, 0
59949, 30, 1, 0, 0
60049, 10, 1, 0, 0
60149, 30, 1, 0, 0
60249, 30, 1, 0, 0
60349, 30, 1, 0, 0
60450, 60, 1, 0, 0
60550, 110, 1, 0, 0
60650, 90, 1, 0, 0
60749, 121, 1, 0, 0
60849, 110, 1, 0, 0
60949, 100, 1, 0, 0
61049, 140, 1, 0, 0
61149, 100, 1, 0, 0
61249, 90, 1, 0, 0
61349, 110, 1, 0, 0
61449, 110, 1, 0, 0
61549, 100, 1, 0, 0
61649, 110, 1, 0, 0
61750, 100, 1, 0, 0
61850, 110, 1, 0, 0
61950, 100, 1, 0, 0
62050, 110, 1, 0, 0
62150, 100, 1, 0, 0
62249, 111, 1, 0, 0
62349, 100, 1, 0, 0
62449, 110, 1, 0, 0
62549, 100, 1, 0, 0
62649, 110, 1, 0, 0
62749, 120, 1, 0, 0
62849, 100, 1, 0, 0
62949, 90, 1, 0, 0
63050, 110, 1, 0, 0
63150, 120, 1, 0, 0
63249, 90, 1, 0, 0
63349, 120, 1, 0, 0
63449, 100, 1, 0, 0
63549, 110, 1, 0, 0
63649, 90, 1, 0, 0
63749, 30, 1, 0, 0
63849, 30, 1, 0, 0
63949, 30, 1, 0, 0
64049, 30, 1, 0, 0
64150, 30, 1, 0, 0
64249, 30, 1, 0, 0
64349, 30, 1, 0, 0
64449, 100, 1, 0, 0
64549, 110, 1, 0, 0
64649, 100, 1, 0, 0
64749, 110, 1, 0, 0
64849, 100, 1, 0, 0
64949, 110, 1, 0, 0
65049, 110, 1, 0, 0
65149, 110, 1, 0, 0
65250, 110, 1, 0, 0
65350, 100, 1, 0, 0
65450, 120, 1, 0, 0
65550, 90, 1, 0, 0
65650, 120, 1, 0, 0
65749, 101, 1, 0, 0
65849, 100, 1, 0, 0
65949, 110, 1, 0, 0
66049, 120, 1, 0, 0
66149, 90, 1, 0, 0
66250, 110, 1, 0, 0
66350, 120, 1, 0, 0
66450, 100, 1, 0, 0
66550, 110, 1, 0, 0
66650, 100, 1, 0, 0
66749, 111, 1, 0, 0
66849, 100, 1, 0, 0
66949, 110, 1, 0, 0
67049, 100, 1, 0, 0
67149, 120, 1, 0, 0
67249, 110, 1, 0, 0
67349, 100, 1, 0, 0
67449, 120, 1, 0, 0
67550, 70, 1, 0, 0
67650, 40, 1, 0, 0
67749, 30, 1, 0, 0
67849, 30, 1, 0, 0
67949, 30, 1, 0, 0
68049, 30, 1, 0, 0
68149, 10, 1, 0, 0
68250, 80, 1, 0, 0
68350, 110, 1, 0, 0
68450, 110, 1, 0, 0
68550, 90, 1, 0, 0
68650, 100, 1, 0, 0
68749, 111, 1, 0, 0
68849, 90, 1, 0, 0
68949, 100, 1, 0, 0
69049, 120, 1, 0, 0
69149, 110, 1, 0, 0
69250, 100, 1, 0, 0
69350, 110, 1, 0, 0
69450, 110, 1, 0, 0
69550, 100, 1, 0, 0
69650, 100, 1, 0, 0
69749, 101, 1, 0, 0
69849, 110, 1, 0, 0
69949, 90, 1, 0, 0
70049, 100, 1, 0, 0
70149, 110, 1, 0, 0
70249, 110, 1, 0, 0
70349, 110, 1, 0, 0
70449, 100, 1, 0, 0
70549, 110, 1, 0, 0
70649, 110, 1, 0, 0
70750, 100, 1, 0, 0
70850, 110, 1, 0, 0
70950, 100, 1, 0, 0
71050, 110, 1, 0, 0
71150, 90, 1, 0, 0
71249, 131, 1, 0, 0
71349, 100, 1, 0, 0
71449, 90, 1, 0, 0
71549, 30, 1, 0, 0
71649, 30, 1, 0, 0
71749, 40, 1, 0, 0
71850, 30, 1, 0, 0
71950, 30, 1, 0, 0
72050, 30, 1, 0, 0
72150, 90, 1, 0, 0
72249, 111, 1, 0, 0
72349, 90, 1, 0, 0
72449, 120, 1, 0, 0
72549, 110, 1, 0, 0
72649, 110, 1, 0, 0
72749, 100, 1, 0, 0
72849, 110, 1, 0, 0
72950, 100, 1, 0, 0
73050, 120, 1, 0, 0
73150, 120, 1, 0, 0
73249, 101, 1, 0, 0
73349, 110, 1, 0, 0
73449, 90, 1, 0, 0
73549, 100, 1, 0, 0
73649, 110, 1, 0, 0
73749, 110, 1, 0, 0
73849, 100, 1, 0, 0
73949, 110, 1, 0, 0
74049, 100, 1, 0, 0
74150, 110, 1, 0, 0
74250, 100, 1, 0, 0
74350, 110, 1, 0, 0
74450, 100, 1, 0, 0
74550, 110, 1, 0, 0
74650, 110, 1, 0, 0
74749, 111, 1, 0, 0
74849, 100, 1, 0, 0
74949, 100, 1, 0, 0
75049, 100, 1, 0, 0
75149, 110, 1, 0, 0
75249, 100, 1, 0, 0
75350, 110, 1, 0, 0
75450, 60, 1, 0, 0
75550, 30, 1, 0, 0
75650, 20, 1, 0, 0
75749, 30, 1, 0, 0
75849, 30, 1, 0, 0
75949, 30, 1, 0, 0
76049, 30, 1, 0, 0
76149, 100, 1, 0, 0
76250, 100, 1, 0, 0
76350, 110, 1, 0, 0
76450, 90, 1, 0, 0
76550, 120, 1, 0, 0
76650, 90, 1, 0, 0
76749, 111, 1, 0, 0
76849, 120, 1, 0, 0
76949, 90, 1, 0, 0
77049, 100, 1, 0, 0
77149, 90, 1, 0, 0
77249, 110, 1, 0, 0
77349, 120, 1, 0, 0
77449, 110, 1, 0, 0
77550, 100, 1, 0, 0
77650, 110, 1, 0, 0
77749, 90, 1, 0, 0
77849, 120, 1, 0, 0
77949, 90, 1, 0, 0
78049, 110, 1, 0, 0
78149, 110, 1, 0, 0
78249, 100, 1, 0, 0
78349, 110, 1, 0, 0
78449, 110, 1, 0, 0
78549, 110, 1, 0, 0
78649, 100, 1, 0, 0
78749, 110, 1, 0, 0
78849, 100, 1, 0, 0
78949, 100, 1, 0, 0
79050, 110, 1, 0, 0
79150, 100, 1, 0, 0
79249, 111, 1, 0, 0
79349, 40, 1, 0, 0
79449, 30, 1, 0, 0
79549, 30, 1, 0, 0
79649, 30, 1, 0, 0
79749, 30, 1, 0, 0
79849, 20, 1, 0, 0
79949, 30, 1, 0, 0
80049, 90, 1, 0, 0
80150, 110, 1, 0, 0
80250, 100, 1, 0, 0
80350, 130, 1, 0, 0
80450, 100, 1, 0, 0
80550, 110, 1, 0, 0
80650, 110, 1, 0, 0
80749, 111, 1, 0, 0
80849, 100, 1, 0, 0
80949, 110, 1, 0, 0
81049, 90, 1, 0, 0
81149, 110, 1, 0, 0
81249, 100, 1, 0, 0
81349, 110, 1, 0, 0
81450, 100, 1, 0, 0
81550, 100, 1, 0, 0
81650, 100, 1, 0, 0
81749, 111, 1, 0, 0
81849, 110, 1, 0, 0
81949, 120, 1, 0, 0
82049, 120, 1, 0, 0
82149, 90, 1, 0, 0
82249, 110, 1, 0, 0
82349, 120, 1, 0, 0
82449, 90, 1, 0, 0
82549, 110, 1, 0, 0
82649, 120, 1, 0, 0
82750, 110, 1, 0, 0
82850, 110, 1, 0, 0
82950, 110, 1, 0, 0
83050, 110, 1, 0, 0
83150, 100, 1, 0, 0
83249, 50, 1, 0, 0
83349, 30, 1, 0, 0
83449, 30, 1, 0, 0
83549, 40, 1, 0, 0
83650, 30, 1, 0, 0
83750, 30, 1, 0, 0
83850, 30, 1, 0, 0
83950, 90, 1, 0, 0
84050, 100, 1, 0, 0
84150, 100, 1, 0, 0
84249, 111, 1, 0, 0
84349, 100, 1, 0, 0
84449, 120, 1, 0, 0
84549, 110, 1, 0, 0
84649, 110, 1, 0, 0
84749, 110, 1, 0, 0
84849, 110, 1, 0, 0
84950, 120, 1, 0, 0
85050, 120, 1, 0, 0
85150, 110, 1, 0, 0
85249, 101, 1, 0, 0
85349, 120, 1, 0, 0
85449, 90, 1, 0, 0
85549, 100, 1, 0, 0
85649, 110, 1, 0, 0
85749, 100, 1, 0, 0
85849, 110, 1, 0, 0
85949, 110, 1, 0, 0
86049, 100, 1, 0, 0
86149, 110, 1, 0, 0
86249, 110, 1, 0, 0
86349, 120, 1, 0, 0
86450, 100, 1, 0, 0
86550, 110, 1, 0, 0
86650, 100, 1, 0, 0
86749, 90, 1, 0, 0
86849, 110, 1, 0, 0
86949, 100, 1, 0, 0
87049, 110, 1, 0, 0
87149, 60, 1, 0, 0
87249, 30, 1, 0, 0
87349, 30, 1, 0, 0
87450, 30, 1, 0, 0
87550, 30, 1, 0, 0
87650, 30, 1, 0, 0
87749, 20, 1, 0, 0
87849, 80, 1, 0, 0
87949, 110, 1, 0, 0
88049, 110, 1, 0, 0
88149, 100, 1, 0, 0
88249, 110, 1, 0, 0
88349, 130, 1, 0, 0
88449, 90, 1, 0, 0
88550, 130, 1, 0, 0
88650, 100, 1, 0, 0
88749, 111, 1, 0, 0
88849, 110, 1, 0, 0
88949, 110, 1, 0, 0
89049, 110, 1, 0, 0
89149, 110, 1, 0, 0
89249, 100, 1, 0, 0
89349, 120, 1, 0, 0
89449, 100, 1, 0, 0
89549, 110, 1, 0, 0
89649, 100, 1, 0, 0
89749, 110, 1, 0, 0
89849, 100, 1, 0, 0
89949, 120, 1, 0, 0
