250, 104, 1, 0, 0
350, 130, 1, 0, 0
450, 80, 1, 0, 0
550, 90, 1, 0, 0
650, 100, 1, 0, 0
749, 90, 1, 0, 0
849, 90, 1, 0, 0
949, 90, 1, 0, 0
1050, 90, 1, 0, 0
1150, 80, 1, 0, 0
1249, 30, 1, 0, 0
1349, 30, 1, 0, 0
1449, 40, 1, 0, 0
1549, 40, 1, 0, 0
1649, 30, 1, 0, 0
1750, 10, 1, 0, 0
1850, 60, 1, 0, 0
1950, 90, 1, 0, 0
2050, 100, 1, 0, 0
2150, 90, 1, 0, 0
2249, 101, 1, 0, 0
2349, 90, 1, 0, 0
2449, 100, 1, 0, 0
2549, 90, 1, 0, 0
2649, 110, 1, 0, 0
2749, 70, 1, 0, 0
2849, 100, 1, 0, 0
2949, 100, 1, 0, 0
3049, 80, 1, 0, 0
3149, 110, 1, 0, 0
3249, 100, 1, 0, 0
3349, 70, 1, 0, 0
3449, 110, 1, 0, 0
3550, 90, 1, 0, 0
3650, 100, 1, 0, 0
3749, 90, 1, 0, 0
3849, 100, 1, 0, 0
3949, 90, 1, 0, 0
4049, 100, 1, 0, 0
4149, 90, 1, 0, 0
4249, 100, 1, 0, 0
4349, 90, 1, 0, 0
4449, 100, 1, 0, 0
4549, 90, 1, 0, 0
4649, 100, 1, 0, 0
4750, 80, 1, 0, 0
4850, 90, 1, 0, 0
4950, 90, 1, 0, 0
5050, 100, 1, 0, 0
5150, 30, 1, 0, 0
5249, 30, 1, 0, 0
5349, 20, 1, 0, 0
5449, 30, 1, 0, 0
5549, 30, 1, 0, 0
5650, 50, 1, 0, 0
5749, 40, 1, 0, 0
5849, 70, 1, 0, 0
5949, 90, 1, 0, 0
6049, 90, 1, 0, 0
6149, 90, 1, 0, 0
6249, 90, 1, 0, 0
6350, 90, 1, 0, 0
6450, 100, 1, 0, 0
6550, 90, 1, 0, 0
6650, 90, 1, 0, 0
6749, 111, 1, 0, 0
6849, 110, 1, 0, 0
6949, 100, 1, 0, 0
7049, 110, 1, 0, 0
7149, 110, 1, 0, 0
7250, 100, 1, 0, 0
7350, 120, 1, 0, 0
7450, 100, 1, 0, 0
7550, 110, 1, 0, 0
7650, 110, 1, 0, 0
7749, 101, 1, 0, 0
7849, 110, 1, 0, 0
7949, 110, 1, 0, 0
8049, 100, 1, 0, 0
8149, 90, 1, 0, 0
8249, 120, 1, 0, 0
8349, 90, 1, 0, 0
8449, 120, 1, 0, 0
8550, 110, 1, 0, 0
8650, 100, 1, 0, 0
8749, 111, 1, 0, 0
8849, 100, 1, 0, 0
8949, 110, 1, 0, 0
9049, 40, 1, 0, 0
9149, 40, 1, 0, 0
9249, 30, 1, 0, 0
9349, 10, 1, 0, 0
9449, 30, 1, 0, 0
9550, 30, 1, 0, 0
9650, 30, 1, 0, 0
9749, 101, 1, 0, 0
9849, 100, 1, 0, 0
9949, 110, 1, 0, 0
10049, 100, 1, 0, 0
10149, 110, 1, 0, 0
10249, 100, 1, 0, 0
10349, 90, 1, 0, 0
10449, 120, 1, 0, 0
10550, 90, 1, 0, 0
10650, 130, 1, 0, 0
10749, 101, 1, 0, 0
10849, 100, 1, 0, 0
10949, 120, 1, 0, 0
11049, 100, 1, 0, 0
11149, 90, 1, 0, 0
11249, 130, 1, 0, 0
11349, 90, 1, 0, 0
11449, 110, 1, 0, 0
11549, 110, 1, 0, 0
11650, 100, 1, 0, 0
11750, 110, 1, 0, 0
11850, 110, 1, 0, 0
11950, 110, 1, 0, 0
12050, 110, 1, 0, 0
12150, 100, 1, 0, 0
12249, 111, 1, 0, 0
12349, 100, 1, 0, 0
12449, 110, 1, 0, 0
12549, 100, 1, 0, 0
12649, 110, 1, 0, 0
12750, 110, 1, 0, 0
12850, 120, 1, 0, 0
12950, 30, 1, 0, 0
13050, 30, 1, 0, 0
13150, 40, 1, 0, 0
13249, 30, 1, 0, 0
13349, 30, 1, 0, 0
13449, 30, 1, 0, 0
13549, 40, 1, 0, 0
13650, 80, 1, 0, 0
13749, 101, 1, 0, 0
13849, 110, 1, 0, 0
13949, 110, 1, 0, 0
14049, 110, 1, 0, 0
14149, 100, 1, 0, 0
14249, 110, 1, 0, 0
14349, 90, 1, 0, 0
14449, 100, 1, 0, 0
14549, 110, 1, 0, 0
14649, 110, 1, 0, 0
14749, 110, 1, 0, 0
14850, 100, 1, 0, 0
14950, 110, 1, 0, 0
15050, 100, 1, 0, 0
15150, 110, 1, 0, 0
15249, 101, 1, 0, 0
15349, 110, 1, 0, 0
15449, 110, 1, 0, 0
15549, 100, 1, 0, 0
15649, 110, 1, 0, 0
15749, 100, 1, 0, 0
15849, 100, 1, 0, 0
15949, 100, 1, 0, 0
16050, 110, 1, 0, 0
16150, 100, 1, 0, 0
16249, 111, 1, 0, 0
16349, 90, 1, 0, 0
16449, 100, 1, 0, 0
16549, 110, 1, 0, 0
16649, 100, 1, 0, 0
16749, 120, 1, 0, 0
16849, 80, 1, 0, 0
16949, 30, 1, 0, 0
17049, 30, 1, 0, 0
17150, 30, 1, 0, 0
17249, 10, 1, 0, 0
17349, 30, 1, 0, 0
17449, 30, 1, 0, 0
17549, 60, 1, 0, 0
17649, 110, 1, 0, 0
17749, 100, 1, 0, 0
17849, 110, 1, 0, 0
17949, 100, 1, 0, 0
18049, 120, 1, 0, 0
18149, 120, 1, 0, 0
18250, 110, 1, 0, 0
18350, 110, 1, 0, 0
18450, 110, 1, 0, 0
18550, 110, 1, 0, 0
18650, 110, 1, 0, 0
18749, 90, 1, 0, 0
18849, 110, 1, 0, 0
18949, 120, 1, 0, 0
19049, 90, 1, 0, 0
19149, 100, 1, 0, 0
19250, 130, 1, 0, 0
19350, 100, 1, 0, 0
19450, 120, 1, 0, 0
19550, 110, 1, 0, 0
19650, 110, 1, 0, 0
19749, 111, 1, 0, 0
19849, 100, 1, 0, 0
19949, 100, 1, 0, 0
20049, 110, 1, 0, 0
20149, 100, 1, 0, 0
20249, 100, 1, 0, 0
20349, 130, 1, 0, 0
20449, 100, 1, 0, 0
20550, 120, 1, 0, 0
20650, 110, 1, 0, 0
20749, 80, 1, 0, 0
20849, 30, 1, 0, 0
20949, 40, 1, 0, 0
21049, 30, 1, 0, 0
21149, 30, 1, 0, 0
21249, 30, 1, 0, 0
21349, 30, 1, 0, 0
21450, 40, 1, 0, 0
21550, 130, 1, 0, 0
21650, 90, 1, 0, 0
21749, 111, 1, 0, 0
21849, 120, 1, 0, 0
21949, 100, 1, 0, 0
22049, 110, 1, 0, 0
22149, 100, 1, 0, 0
22249, 110, 1, 0, 0
22349, 110, 1, 0, 0
22450, 100, 1, 0, 0
22550, 90, 1, 0, 0
22650, 110, 1, 0, 0
22749, 101, 1, 0, 0
22849, 110, 1, 0, 0
22949, 100, 1, 0, 0
23049, 110, 1, 0, 0
23149, 120, 1, 0, 0
23249, 100, 1, 0, 0
23349, 100, 1, 0, 0
23449, 100, 1, 0, 0
23549, 100, 1, 0, 0
23649, 110, 1, 0, 0
23750, 110, 1, 0, 0
23850, 100, 1, 0, 0
23950, 110, 1, 0, 0
24050, 100, 1, 0, 0
24150, 110, 1, 0, 0
24249, 101, 1, 0, 0
24349, 110, 1, 0, 0
24449, 100, 1, 0, 0
24549, 110, 1, 0, 0
24649, 110, 1, 0, 0
24749, 50, 1, 0, 0
24849, 30, 1, 0, 0
24949, 30, 1, 0, 0
25050, 30, 1, 0, 0
25150, 10, 1, 0, 0
25249, 50, 1, 0, 0
25349, 30, 1, 0, 0
25449, 90, 1, 0, 0
25549, 110, 1, 0, 0
25649, 110, 1, 0, 0
25749, 110, 1, 0, 0
25849, 110, 1, 0, 0
25949, 110, 1, 0, 0
26049, 110, 1, 0, 0
26149, 110, 1, 0, 0
26250, 100, 1, 0, 0
26350, 110, 1, 0, 0
26450, 110, 1, 0, 0
26550, 110, 1, 0, 0
26650, 110, 1, 0, 0
26749, 111, 1, 0, 0
26849, 100, 1, 0, 0
26949, 110, 1, 0, 0
27049, 120, 1, 0, 0
27149, 90, 1, 0, 0
27249, 110, 1, 0, 0
27349, 130, 1, 0, 0
27450, 90, 1, 0, 0
27550, 120, 1, 0, 0
27650, 100, 1, 0, 0
27749, 101, 1, 0, 0
27849, 120, 1, 0, 0
27949, 110, 1, 0, 0
28049, 110, 1, 0, 0
28149, 110, 1, 0, 0
28249, 110, 1, 0, 0
28349, 90, 1, 0, 0
28449, 120, 1, 0, 0
28550, 90, 1, 0, 0
28650, 30, 1, 0, 0
28749, 30, 1, 0, 0
28849, 30, 1, 0, 0
28949, 30, 1, 0, 0
29049, 30, 1, 0, 0
29149, 30, 1, 0, 0
29249, 30, 1, 0, 0
29349, 110, 1, 0, 0
29449, 100, 1, 0, 0
29550, 110, 1, 0, 0
29650, 110, 1, 0, 0
29749, 101, 1, 0, 0
29849, 110, 1, 0, 0
29949, 120, 1, 0, 0
30049, 90, 1, 0, 0
30149, 100, 1, 0, 0
30249, 130, 1, 0, 0
30349, 90, 1, 0, 0
30449, 100, 1, 0, 0
30549, 110, 1, 0, 0
30649, 110, 1, 0, 0
30750, 100, 1, 0, 0
30850, 110, 1, 0, 0
30950, 100, 1, 0, 0
31050, 110, 1, 0, 0
31150, 100, 1, 0, 0
31249, 101, 1, 0, 0
31349, 120, 1, 0, 0
31449, 90, 1, 0, 0
31549, 100, 1, 0, 0
31649, 120, 1, 0, 0
31749, 90, 1, 0, 0
31849, 110, 1, 0, 0
31950, 120, 1, 0, 0
32050, 90, 1, 0, 0
32150, 120, 1, 0, 0
32249, 111, 1, 0, 0
32349, 110, 1, 0, 0
32449, 110, 1, 0, 0
32549, 50, 1, 0, 0
32649, 30, 1, 0, 0
32749, 40, 1, 0, 0
32849, 30, 1, 0, 0
32949, 30, 1, 0, 0
33050, 30, 1, 0, 0
33150, 40, 1, 0, 0
33249, 80, 1, 0, 0
33349, 90, 1, 0, 0
33449, 120, 1, 0, 0
33549, 90, 1, 0, 0
33649, 110, 1, 0, 0
33749, 110, 1, 0, 0
33849, 80, 1, 0, 0
33949, 90, 1, 0, 0
34050, 90, 1, 0, 0
34150, 100, 1, 0, 0
34249, 90, 1, 0, 0
34349, 90, 1, 0, 0
34449, 80, 1, 0, 0
34549, 100, 1, 0, 0
34649, 90, 1, 0, 0
34749, 100, 1, 0, 0
34849, 90, 1, 0, 0
34949, 90, 1, 0, 0
35049, 80, 1, 0, 0
35150, 90, 1, 0, 0
35249, 101, 1, 0, 0
35349, 90, 1, 0, 0
35449, 100, 1, 0, 0
35549, 90, 1, 0, 0
35649, 90, 1, 0, 0
35749, 90, 1, 0, 0
35849, 90, 1, 0, 0
35950, 100, 1, 0, 0
36050, 100, 1, 0, 0
36150, 80, 1, 0, 0
36249, 111, 1, 0, 0
36349, 90, 1, 0, 0
36449, 50, 1, 0, 0
36549, 30, 1, 0, 0
36649, 30, 1, 0, 0
36749, 30, 1, 0, 0
36849, 30, 1, 0, 0
36950, 30, 1, 0, 0
37050, 30, 1, 0, 0
37150, 80, 1, 0, 0
37249, 111, 1, 0, 0
37349, 110, 1, 0, 0
37449, 100, 1, 0, 0
37549, 110, 1, 0, 0
37649, 100, 1, 0, 0
37749, 110, 1, 0, 0
37849, 110, 1, 0, 0
37950, 100, 1, 0, 0
38050, 110, 1, 0, 0
38150, 110, 1, 0, 0
38249, 101, 1, 0, 0
38349, 110, 1, 0, 0
38449, 100, 1, 0, 0
38549, 110, 1, 0, 0
38649, 110, 1, 0, 0
38749, 110, 1, 0, 0
38849, 100, 1, 0, 0
38949, 110, 1, 0, 0
39049, 100, 1, 0, 0
39150, 110, 1, 0, 0
39249, 111, 1, 0, 0
39349, 100, 1, 0, 0
39449, 110, 1, 0, 0
39549, 100, 1, 0, 0
39649, 110, 1, 0, 0
39749, 110, 1, 0, 0
39849, 110, 1, 0, 0
39949, 110, 1, 0, 0
40049, 100, 1, 0, 0
40149, 120, 1, 0, 0
40249, 90, 1, 0, 0
40349, 30, 1, 0, 0
40450, 30, 1, 0, 0
40550, 30, 1, 0, 0
40650, 30, 1, 0, 0
40749, 30, 1, 0, 0
40849, 30, 1, 0, 0
40949, 30, 1, 0, 0
41049, 110, 1, 0, 0
41149, 100, 1, 0, 0
41249, 110, 1, 0, 0
41349, 100, 1, 0, 0
41449, 110, 1, 0, 0
41550, 110, 1, 0, 0
41650, 110, 1, 0, 0
41749, 101, 1, 0, 0
41849, 110, 1, 0, 0
41949, 100, 1, 0, 0
42049, 110, 1, 0, 0
42149, 100, 1, 0, 0
42249, 110, 1, 0, 0
42349, 110, 1, 0, 0
42449, 120, 1, 0, 0
42549, 110, 1, 0, 0
42649, 100, 1, 0, 0
42749, 110, 1, 0, 0
42850, 110, 1, 0, 0
42950, 100, 1, 0, 0
43050, 110, 1, 0, 0
43150, 100, 1, 0, 0
43249, 111, 1, 0, 0
43349, 110, 1, 0, 0
43449, 100, 1, 0, 0
43549, 110, 1, 0, 0
43649, 100, 1, 0, 0
43749, 110, 1, 0, 0
43849, 110, 1, 0, 0
43949, 110, 1, 0, 0
44049, 110, 1, 0, 0
44149, 90, 1, 0, 0
44250, 30, 1, 0, 0
44450, 20, 1, 0, 0
44550, 10, 1, 0, 0
44850, 20, 1, 0, 0
44950, 30, 1, 0, 0
45050, 40, 1, 0, 0
45150, 110, 1, 0, 0
45249, 101, 1, 0, 0
45349, 110, 1, 0, 0
45449, 120, 1, 0, 0
45549, 100, 1, 0, 0
45649, 120, 1, 0, 0
45749, 100, 1, 0, 0
45849, 110, 1, 0, 0
45949, 100, 1, 0, 0
46050, 120, 1, 0, 0
46150, 90, 1, 0, 0
46249, 111, 1, 0, 0
46349, 120, 1, 0, 0
46449, 90, 1, 0, 0
46549, 120, 1, 0, 0
46649, 110, 1, 0, 0
46749, 90, 1, 0, 0
46849, 120, 1, 0, 0
46949, 100, 1, 0, 0
47050, 110, 1, 0, 0
47150, 100, 1, 0, 0
47249, 121, 1, 0, 0
47349, 100, 1, 0, 0
47449, 110, 1, 0, 0
47549, 110, 1, 0, 0
47649, 120, 1, 0, 0
47749, 100, 1, 0, 0
47849, 110, 1, 0, 0
47949, 110, 1, 0, 0
48049, 100, 1, 0, 0
48149, 30, 1, 0, 0
48250, 40, 1, 0, 0
48350, 30, 1, 0, 0
48450, 30, 1, 0, 0
48550, 30, 1, 0, 0
48650, 20, 1, 0, 0
48749, 60, 1, 0, 0
48849, 100, 1, 0, 0
48949, 110, 1, 0, 0
49049, 100, 1, 0, 0
49149, 110, 1, 0, 0
49250, 100, 1, 0, 0
49350, 110, 1, 0, 0
49450, 100, 1, 0, 0
49550, 110, 1, 0, 0
49650, 100, 1, 0, 0
49749, 111, 1, 0, 0
49849, 100, 1, 0, 0
49949, 110, 1, 0, 0
50049, 110, 1, 0, 0
50149, 110, 1, 0, 0
50249, 100, 1, 0, 0
50349, 110, 1, 0, 0
50450, 110, 1, 0, 0
50550, 100, 1, 0, 0
50650, 100, 1, 0, 0
50749, 111, 1, 0, 0
50849, 80, 1, 0, 0
50949, 110, 1, 0, 0
51049, 120, 1, 0, 0
51149, 90, 1, 0, 0
51249, 110, 1, 0, 0
51349, 100, 1, 0, 0
51449, 110, 1, 0, 0
51550, 100, 1, 0, 0
51650, 110, 1, 0, 0
51749, 101, 1, 0, 0
51849, 80, 1, 0, 0
51949, 60, 1, 0, 0
52049, 60, 1, 0, 0
52149, 30, 1, 0, 0
52249, 10, 1, 0, 0
52349, 30, 1, 0, 0
52449, 50, 1, 0, 0
52550, 30, 1, 0, 0
52650, 30, 1, 0, 0
52749, 40, 1, 0, 0
52849, 110, 1, 0, 0
52949, 110, 1, 0, 0
53049, 100, 1, 0, 0
53149, 110, 1, 0, 0
53249, 110, 1, 0, 0
53349, 100, 1, 0, 0
53449, 110, 1, 0, 0
53549, 100, 1, 0, 0
53649, 120, 1, 0, 0
53750, 90, 1, 0, 0
53850, 130, 1, 0, 0
53950, 100, 1, 0, 0
54050, 100, 1, 0, 0
54150, 110, 1, 0, 0
54249, 111, 1, 0, 0
54349, 110, 1, 0, 0
54449, 100, 1, 0, 0
54549, 110, 1, 0, 0
54649, 100, 1, 0, 0
54749, 110, 1, 0, 0
54849, 100, 1, 0, 0
54950, 110, 1, 0, 0
55050, 100, 1, 0, 0
55150, 110, 1, 0, 0
55249, 111, 1, 0, 0
55349, 100, 1, 0, 0
55449, 110, 1, 0, 0
55549, 100, 1, 0, 0
55649, 110, 1, 0, 0
55749, 110, 1, 0, 0
55849, 100, 1, 0, 0
55949, 50, 1, 0, 0
56050, 30, 1, 0, 0
56150, 30, 1, 0, 0
56249, 30, 1, 0, 0
56349, 30, 1, 0, 0
56449, 30, 1, 0, 0
56549, 10, 1, 0, 0
56649, 110, 1, 0, 0
56749, 100, 1, 0, 0
56849, 110, 1, 0, 0
56950, 100, 1, 0, 0
57050, 110, 1, 0, 0
57150, 110, 1, 0, 0
57249, 111, 1, 0, 0
57349, 90, 1, 0, 0
57449, 110, 1, 0, 0
57549, 110, 1, 0, 0
57649, 100, 1, 0, 0
57749, 90, 1, 0, 0
57849, 110, 1, 0, 0
57949, 120, 1, 0, 0
58050, 90, 1, 0, 0
58150, 130, 1, 0, 0
58249, 111, 1, 0, 0
58349, 90, 1, 0, 0
58449, 130, 1, 0, 0
58549, 100, 1, 0, 0
58649, 110, 1, 0, 0
58749, 100, 1, 0, 0
58849, 110, 1, 0, 0
58949, 110, 1, 0, 0
59050, 110, 1, 0, 0
59150, 110, 1, 0, 0
59249, 101, 1, 0, 0
59349, 110, 1, 0, 0
59449, 110, 1, 0, 0
59549, 90, 1, 0, 0
59649, 120, 1, 0, 0
59749, 110, 1, 0, 0
59849, 30, 1, 0, 0
59949, 30, 1, 0, 0
60049, 30, 1, 0, 0
60150, 30, 1, 0, 0
60249, 10, 1, 0, 0
60349, 30, 1, 0, 0
60449, 50, 1, 0, 0
60549, 100, 1, 0, 0
60649, 110, 1, 0, 0
60749, 100, 1, 0, 0
60849, 110, 1, 0, 0
60949, 100, 1, 0, 0
61049, 110, 1, 0, 0
61149, 110, 1, 0, 0
61250, 110, 1, 0, 0
61350, 100, 1, 0, 0
61450, 110, 1, 0, 0
61550, 100, 1, 0, 0
61650, 100, 1, 0, 0
61749, 111, 1, 0, 0
61849, 110, 1, 0, 0
61949, 100, 1, 0, 0
62049, 110, 1, 0, 0
62149, 100, 1, 0, 0
62249, 110, 1, 0, 0
62349, 130, 1, 0, 0
62450, 90, 1, 0, 0
62550, 110, 1, 0, 0
62650, 120, 1, 0, 0
62749, 101, 1, 0, 0
62849, 110, 1, 0, 0
62949, 110, 1, 0, 0
63049, 100, 1, 0, 0
63149, 110, 1, 0, 0
63249, 100, 1, 0, 0
63349, 110, 1, 0, 0
63449, 100, 1, 0, 0
63549, 110, 1, 0, 0
63649, 110, 1, 0, 0
63750, 40, 1, 0, 0
63850, 20, 1, 0, 0
63950, 30, 1, 0, 0
64050, 30, 1, 0, 0
64150, 30, 1, 0, 0
64249, 30, 1, 0, 0
64349, 30, 1, 0, 0
64449, 90, 1, 0, 0
64550, 110, 1, 0, 0
64650, 100, 1, 0, 0
64749, 111, 1, 0, 0
64849, 100, 1, 0, 0
64949, 110, 1, 0, 0
65049, 120, 1, 0, 0
65149, 90, 1, 0, 0
65249, 100, 1, 0, 0
65349, 130, 1, 0, 0
65449, 90, 1, 0, 0
65549, 110, 1, 0, 0
65649, 110, 1, 0, 0
65750, 110, 1, 0, 0
65850, 100, 1, 0, 0
65950, 120, 1, 0, 0
66050, 90, 1, 0, 0
66150, 100, 1, 0, 0
66249, 111, 1, 0, 0
66349, 110, 1, 0, 0
66449, 110, 1, 0, 0
66549, 110, 1, 0, 0
66649, 110, 1, 0, 0
66750, 140, 1, 0, 0
66850, 100, 1, 0, 0
66950, 110, 1, 0, 0
67050, 110, 1, 0, 0
67150, 100, 1, 0, 0
67249, 111, 1, 0, 0
67349, 110, 1, 0, 0
67449, 110, 1, 0, 0
67549, 90, 1, 0, 0
67649, 40, 1, 0, 0
67749, 30, 1, 0, 0
67849, 30, 1, 0, 0
67950, 30, 1, 0, 0
68050, 10, 1, 0, 0
68150, 30, 1, 0, 0
68249, 60, 1, 0, 0
68349, 110, 1, 0, 0
68449, 110, 1, 0, 0
68549, 100, 1, 0, 0
68649, 110, 1, 0, 0
68749, 110, 1, 0, 0
68849, 110, 1, 0, 0
68949, 100, 1, 0, 0
69050, 110, 1, 0, 0
69150, 100, 1, 0, 0
69249, 101, 1, 0, 0
69349, 100, 1, 0, 0
69449, 110, 1, 0, 0
69549, 100, 1, 0, 0
69649, 110, 1, 0, 0
69749, 110, 1, 0, 0
69849, 90, 1, 0, 0
69949, 90, 1, 0, 0
70049, 120, 1, 0, 0
70149, 90, 1, 0, 0
70250, 120, 1, 0, 0
70350, 100, 1, 0, 0
70450, 110, 1, 0, 0
70550, 110, 1, 0, 0
70650, 100, 1, 0, 0
70749, 90, 1, 0, 0
70849, 130, 1, 0, 0
70949, 90, 1, 0, 0
71049, 120, 1, 0, 0
71149, 110, 1, 0, 0
71249, 90, 1, 0, 0
71349, 120, 1, 0, 0
71449, 110, 1, 0, 0
71550, 30, 1, 0, 0
71650, 30, 1, 0, 0
71749, 30, 1, 0, 0
71849, 10, 1, 0, 0
71949, 30, 1, 0, 0
72049, 30, 1, 0, 0
72149, 80, 1, 0, 0
72249, 100, 1, 0, 0
72349, 110, 1, 0, 0
72450, 110, 1, 0, 0
72550, 110, 1, 0, 0
72650, 120, 1, 0, 0
72749, 111, 1, 0, 0
72849, 110, 1, 0, 0
72949, 110, 1, 0, 0
73049, 120, 1, 0, 0
73149, 100, 1, 0, 0
73249, 120, 1, 0, 0
73349, 110, 1, 0, 0
73449, 110, 1, 0, 0
73550, 110, 1, 0, 0
73650, 100, 1, 0, 0
73749, 111, 1, 0, 0
73849, 110, 1, 0, 0
73949, 100, 1, 0, 0
74049, 120, 1, 0, 0
74149, 100, 1, 0, 0
74249, 110, 1, 0, 0
74349, 120, 1, 0, 0
74449, 90, 1, 0, 0
74549, 120, 1, 0, 0
74649, 110, 1, 0, 0
74750, 100, 1, 0, 0
74850, 110, 1, 0, 0
74950, 90, 1, 0, 0
75050, 100, 1, 0, 0
75150, 110, 1, 0, 0
75249, 101, 1, 0, 0
75349, 110, 1, 0, 0
75449, 60, 1, 0, 0
75550, 30, 1, 0, 0
75650, 30, 1, 0, 0
75749, 30, 1, 0, 0
75849, 10, 1, 0, 0
75949, 30, 1, 0, 0
76049, 30, 1, 0, 0
76149, 80, 1, 0, 0
76249, 100, 1, 0, 0
76349, 110, 1, 0, 0
76449, 100, 1, 0, 0
76549, 110, 1, 0, 0
76649, 110, 1, 0, 0
76750, 110, 1, 0, 0
76850, 110, 1, 0, 0
76950, 100, 1, 0, 0
77050, 90, 1, 0, 0
77150, 110, 1, 0, 0
77249, 111, 1, 0, 0
77349, 120, 1, 0, 0
77449, 100, 1, 0, 0
77549, 110, 1, 0, 0
77649, 110, 1, 0, 0
77750, 110, 1, 0, 0
77850, 130, 1, 0, 0
77950, 120, 1, 0, 0
78050, 110, 1, 0, 0
78150, 110, 1, 0, 0
78249, 101, 1, 0, 0
78349, 110, 1, 0, 0
78449, 110, 1, 0, 0
78549, 110, 1, 0, 0
78649, 110, 1, 0, 0
78749, 120, 1, 0, 0
78850, 90, 1, 0, 0
78950, 120, 1, 0, 0
79050, 100, 1, 0, 0
79150, 100, 1, 0, 0
79249, 111, 1, 0, 0
79349, 70, 1, 0, 0
79449, 30, 1, 0, 0
79549, 30, 1, 0, 0
79649, 10, 1, 0, 0
79749, 30, 1, 0, 0
79849, 30, 1, 0, 0
79949, 30, 1, 0, 0
80050, 80, 1, 0, 0
80150, 100, 1, 0, 0
80249, 111, 1, 0, 0
80349, 110, 1, 0, 0
80449, 100, 1, 0, 0
80549, 100, 1, 0, 0
80649, 110, 1, 0, 0
80749, 110, 1, 0, 0
80849, 110, 1, 0, 0
80949, 100, 1, 0, 0
81049, 110, 1, 0, 0
81150, 100, 1, 0, 0
81249, 111, 1, 0, 0
81349, 110, 1, 0, 0
81449, 90, 1, 0, 0
81549, 100, 1, 0, 0
81649, 120, 1, 0, 0
81749, 100, 1, 0, 0
81849, 130, 1, 0, 0
81949, 110, 1, 0, 0
82049, 120, 1, 0, 0
82149, 110, 1, 0, 0
82249, 90, 1, 0, 0
82350, 110, 1, 0, 0
82450, 100, 1, 0, 0
82550, 120, 1, 0, 0
82650, 110, 1, 0, 0
82749, 111, 1, 0, 0
82849, 120, 1, 0, 0
82949, 110, 1, 0, 0
83049, 110, 1, 0, 0
83149, 100, 1, 0, 0
83249, 60, 1, 0, 0
83349, 30, 1, 0, 0
83450, 30, 1, 0, 0
83550, 30, 1, 0, 0
83650, 30, 1, 0, 0
83749, 30, 1, 0, 0
83849, 30, 1, 0, 0
83949, 70, 1, 0, 0
84049, 120, 1, 0, 0
84149, 100, 1, 0, 0
84250, 110, 1, 0, 0
84350, 110, 1, 0, 0
84450, 90, 1, 0, 0
84550, 110, 1, 0, 0
84650, 120, 1, 0, 0
84749, 101, 1, 0, 0
84849, 120, 1, 0, 0
84949, 110, 1, 0, 0
85049, 100, 1, 0, 0
85149, 100, 1, 0, 0
85249, 120, 1, 0, 0
85349, 100, 1, 0, 0
85449, 110, 1, 0, 0
85550, 90, 1, 0, 0
85650, 110, 1, 0, 0
85749, 111, 1, 0, 0
85849, 110, 1, 0, 0
85949, 100, 1, 0, 0
86049, 110, 1, 0, 0
86149, 110, 1, 0, 0
86249, 100, 1, 0, 0
86349, 140, 1, 0, 0
86449, 110, 1, 0, 0
86549, 110, 1, 0, 0
86649, 120, 1, 0, 0
86750, 90, 1, 0, 0
86850, 100, 1, 0, 0
86950, 110, 1, 0, 0
87050, 90, 1, 0, 0
87150, 70, 1, 0, 0
87249, 40, 1, 0, 0
87349, 30, 1, 0, 0
87449, 30, 1, 0, 0
87549, 30, 1, 0, 0
87649, 30, 1, 0, 0
87750, 30, 1, 0, 0
87850, 50, 1, 0, 0
87950, 100, 1, 0, 0
88050, 110, 1, 0, 0
88150, 110, 1, 0, 0
88249, 111, 1, 0, 0
88349, 110, 1, 0, 0
88449, 120, 1, 0, 0
88549, 100, 1, 0, 0
88649, 100, 1, 0, 0
88750, 110, 1, 0, 0
88850, 110, 1, 0, 0
88950, 110, 1, 0, 0
89050, 100, 1, 0, 0
89150, 110, 1, 0, 0
89249, 111, 1, 0, 0
89349, 110, 1, 0, 0
89449, 110, 1, 0, 0
89549, 110, 1, 0, 0
89649, 110, 1, 0, 0
89749, 110, 1, 0, 0
89849, 120, 1, 0, 0
89949, 100, 1, 0, 0
