250, 136, 1, 0, 0
350, 110, 1, 0, 0
450, 140, 1, 0, 0
550, 150, 1, 0, 0
650, 110, 1, 0, 0
749, 121, 1, 0, 0
849, 120, 1, 0, 0
949, 110, 1, 0, 0
1050, 140, 1, 0, 0
1150, 100, 1, 0, 0
1249, 131, 1, 0, 0
1349, 110, 1, 0, 0
1449, 80, 1, 0, 0
1549, 50, 1, 0, 0
1649, 50, 1, 0, 0
1750, 30, 1, 0, 0
1850, 60, 1, 0, 0
1950, 110, 1, 0, 0
2050, 100, 1, 0, 0
2150, 110, 1, 0, 0
2249, 101, 1, 0, 0
2349, 110, 1, 0, 0
2449, 120, 1, 0, 0
2549, 150, 1, 0, 0
2650, 130, 1, 0, 0
2749, 131, 1, 0, 0
2849, 110, 1, 0, 0
2949, 110, 1, 0, 0
3049, 100, 1, 0, 0
3149, 150, 1, 0, 0
3249, 100, 1, 0, 0
3349, 90, 1, 0, 0
3449, 120, 1, 0, 0
3549, 150, 1, 0, 0
3650, 140, 1, 0, 0
3749, 111, 1, 0, 0
3849, 150, 1, 0, 0
3949, 120, 1, 0, 0
4049, 100, 1, 0, 0
4149, 50, 1, 0, 0
4249, 60, 1, 0, 0
4350, 30, 1, 0, 0
4450, 50, 1, 0, 0
4550, 50, 1, 0, 0
4650, 30, 1, 0, 0
4749, 20, 1, 0, 0
4849, 70, 1, 0, 0
4949, 130, 1, 0, 0
5049, 140, 1, 0, 0
5150, 120, 1, 0, 0
5249, 101, 1, 0, 0
5349, 120, 1, 0, 0
5449, 100, 1, 0, 0
5549, 150, 1, 0, 0
5649, 160, 1, 0, 0
5749, 160, 1, 0, 0
5849, 110, 1, 0, 0
5949, 150, 1, 0, 0
6050, 120, 1, 0, 0
6150, 140, 1, 0, 0
6249, 131, 1, 0, 0
6349, 120, 1, 0, 0
6449, 90, 1, 0, 0
6549, 20, 1, 0, 0
6649, 50, 1, 0, 0
6749, 50, 1, 0, 0
6849, 40, 1, 0, 0
6950, 50, 1, 0, 0
7050, 10, 1, 0, 0
7150, 50, 1, 0, 0
7249, 141, 1, 0, 0
7349, 120, 1, 0, 0
7449, 120, 1, 0, 0
7549, 140, 1, 0, 0
7650, 120, 1, 0, 0
7749, 131, 1, 0, 0
7849, 130, 1, 0, 0
7949, 110, 1, 0, 0
8049, 160, 1, 0, 0
8149, 120, 1, 0, 0
8249, 140, 1, 0, 0
8349, 100, 1, 0, 0
8449, 120, 1, 0, 0
8549, 110, 1, 0, 0
8649, 100, 1, 0, 0
8750, 110, 1, 0, 0
8850, 110, 1, 0, 0
8950, 50, 1, 0, 0
9050, 40, 1, 0, 0
9150, 60, 1, 0, 0
9249, 50, 1, 0, 0
9349, 10, 1, 0, 0
9449, 50, 1, 0, 0
9550, 40, 1, 0, 0
9650, 50, 1, 0, 0
9749, 101, 1, 0, 0
9849, 100, 1, 0, 0
9949, 120, 1, 0, 0
10049, 130, 1, 0, 0
10149, 120, 1, 0, 0
10249, 100, 1, 0, 0
10350, 100, 1, 0, 0
10450, 120, 1, 0, 0
10550, 100, 1, 0, 0
10650, 100, 1, 0, 0
10749, 141, 1, 0, 0
10849, 120, 1, 0, 0
10949, 140, 1, 0, 0
11049, 100, 1, 0, 0
11149, 150, 1, 0, 0
11249, 150, 1, 0, 0
11350, 70, 1, 0, 0
11450, 50, 1, 0, 0
11550, 50, 1, 0, 0
11650, 50, 1, 0, 0
11749, 101, 1, 0, 0
11849, 130, 1, 0, 0
11949, 120, 1, 0, 0
12050, 140, 1, 0, 0
12150, 100, 1, 0, 0
12249, 90, 1, 0, 0
12349, 120, 1, 0, 0
12449, 110, 1, 0, 0
12549, 120, 1, 0, 0
12649, 100, 1, 0, 0
12749, 140, 1, 0, 0
12849, 130, 1, 0, 0
12949, 140, 1, 0, 0
13050, 140, 1, 0, 0
13150, 120, 1, 0, 0
13249, 161, 1, 0, 0
13349, 150, 1, 0, 0
13449, 160, 1, 0, 0
13549, 130, 1, 0, 0
13649, 130, 1, 0, 0
13749, 120, 1, 0, 0
13849, 100, 1, 0, 0
13949, 100, 1, 0, 0
14050, 130, 1, 0, 0
14150, 50, 1, 0, 0
14249, 10, 1, 0, 0
14349, 60, 1, 0, 0
14449, 40, 1, 0, 0
14549, 50, 1, 0, 0
14649, 30, 1, 0, 0
14750, 50, 1, 0, 0
14850, 100, 1, 0, 0
14950, 120, 1, 0, 0
15050, 130, 1, 0, 0
15150, 120, 1, 0, 0
15249, 141, 1, 0, 0
15349, 160, 1, 0, 0
15449, 140, 1, 0, 0
15549, 140, 1, 0, 0
15650, 140, 1, 0, 0
15749, 121, 1, 0, 0
15849, 100, 1, 0, 0
15949, 130, 1, 0, 0
16049, 100, 1, 0, 0
16149, 130, 1, 0, 0
16249, 130, 1, 0, 0
16349, 100, 1, 0, 0
16449, 100, 1, 0, 0
16550, 80, 1, 0, 0
16650, 90, 1, 0, 0
16749, 101, 1, 0, 0
16849, 110, 1, 0, 0
16949, 140, 1, 0, 0
17049, 130, 1, 0, 0
17149, 150, 1, 0, 0
17249, 120, 1, 0, 0
17350, 150, 1, 0, 0
17450, 110, 1, 0, 0
17550, 110, 1, 0, 0
17650, 130, 1, 0, 0
17749, 121, 1, 0, 0
17849, 100, 1, 0, 0
17949, 130, 1, 0, 0
18049, 130, 1, 0, 0
18149, 120, 1, 0, 0
18250, 120, 1, 0, 0
18350, 110, 1, 0, 0
18450, 100, 1, 0, 0
18550, 100, 1, 0, 0
18650, 120, 1, 0, 0
18749, 101, 1, 0, 0
18849, 120, 1, 0, 0
18949, 100, 1, 0, 0
19050, 100, 1, 0, 0
19150, 100, 1, 0, 0
19249, 101, 1, 0, 0
19349, 100, 1, 0, 0
19449, 20, 1, 0, 0
19549, 60, 1, 0, 0
19649, 50, 1, 0, 0
19749, 20, 1, 0, 0
19850, 30, 1, 0, 0
19950, 60, 1, 0, 0
20050, 50, 1, 0, 0
20150, 110, 1, 0, 0
20249, 101, 1, 0, 0
20349, 110, 1, 0, 0
20449, 110, 1, 0, 0
20550, 140, 1, 0, 0
20650, 140, 1, 0, 0
20749, 171, 1, 0, 0
20849, 120, 1, 0, 0
20949, 100, 1, 0, 0
21049, 100, 1, 0, 0
21149, 100, 1, 0, 0
21249, 100, 1, 0, 0
21349, 100, 1, 0, 0
21449, 120, 1, 0, 0
21550, 100, 1, 0, 0
21650, 100, 1, 0, 0
21749, 131, 1, 0, 0
21849, 120, 1, 0, 0
21949, 70, 1, 0, 0
22049, 30, 1, 0, 0
22149, 50, 1, 0, 0
22250, 20, 1, 0, 0
22350, 50, 1, 0, 0
22450, 30, 1, 0, 0
22550, 50, 1, 0, 0
22650, 30, 1, 0, 0
22749, 111, 1, 0, 0
22849, 100, 1, 0, 0
22949, 140, 1, 0, 0
23050, 100, 1, 0, 0
23150, 100, 1, 0, 0
23249, 111, 1, 0, 0
23349, 120, 1, 0, 0
23449, 140, 1, 0, 0
23549, 110, 1, 0, 0
23649, 160, 1, 0, 0
23749, 140, 1, 0, 0
23849, 100, 1, 0, 0
23950, 110, 1, 0, 0
24050, 110, 1, 0, 0
24150, 120, 1, 0, 0
24249, 101, 1, 0, 0
24349, 130, 1, 0, 0
24449, 60, 1, 0, 0
24549, 50, 1, 0, 0
24650, 50, 1, 0, 0
24749, 50, 1, 0, 0
24849, 100, 1, 0, 0
24949, 100, 1, 0, 0
25049, 100, 1, 0, 0
25149, 160, 1, 0, 0
25249, 100, 1, 0, 0
25349, 140, 1, 0, 0
25449, 120, 1, 0, 0
25550, 140, 1, 0, 0
25650, 130, 1, 0, 0
25749, 101, 1, 0, 0
25849, 120, 1, 0, 0
25949, 110, 1, 0, 0
26049, 140, 1, 0, 0
26149, 100, 1, 0, 0
26249, 130, 1, 0, 0
26350, 110, 1, 0, 0
26450, 120, 1, 0, 0
26550, 110, 1, 0, 0
26650, 130, 1, 0, 0
26749, 121, 1, 0, 0
26849, 130, 1, 0, 0
26949, 100, 1, 0, 0
27049, 140, 1, 0, 0
27149, 110, 1, 0, 0
27250, 50, 1, 0, 0
27350, 40, 1, 0, 0
27450, 50, 1, 0, 0
27550, 20, 1, 0, 0
27650, 50, 1, 0, 0
27749, 30, 1, 0, 0
27849, 50, 1, 0, 0
27949, 80, 1, 0, 0
28049, 130, 1, 0, 0
28150, 140, 1, 0, 0
28249, 111, 1, 0, 0
28349, 120, 1, 0, 0
28449, 120, 1, 0, 0
28549, 110, 1, 0, 0
28649, 100, 1, 0, 0
28749, 100, 1, 0, 0
28849, 140, 1, 0, 0
28949, 160, 1, 0, 0
29050, 110, 1, 0, 0
29150, 170, 1, 0, 0
29249, 131, 1, 0, 0
29349, 100, 1, 0, 0
29449, 100, 1, 0, 0
29549, 100, 1, 0, 0
29649, 90, 1, 0, 0
29749, 50, 1, 0, 0
29849, 50, 1, 0, 0
29949, 10, 1, 0, 0
30050, 50, 1, 0, 0
30150, 60, 1, 0, 0
30249, 151, 1, 0, 0
30349, 110, 1, 0, 0
30449, 110, 1, 0, 0
30549, 140, 1, 0, 0
30649, 120, 1, 0, 0
30749, 140, 1, 0, 0
30850, 130, 1, 0, 0
30950, 100, 1, 0, 0
31050, 110, 1, 0, 0
31150, 110, 1, 0, 0
31249, 131, 1, 0, 0
31349, 130, 1, 0, 0
31449, 110, 1, 0, 0
31549, 110, 1, 0, 0
31649, 130, 1, 0, 0
31750, 120, 1, 0, 0
31850, 110, 1, 0, 0
31950, 120, 1, 0, 0
32050, 100, 1, 0, 0
32150, 130, 1, 0, 0
32249, 90, 1, 0, 0
32349, 80, 1, 0, 0
32449, 20, 1, 0, 0
32550, 30, 1, 0, 0
32650, 80, 1, 0, 0
32749, 151, 1, 0, 0
32849, 120, 1, 0, 0
32949, 120, 1, 0, 0
33049, 140, 1, 0, 0
33149, 110, 1, 0, 0
33249, 110, 1, 0, 0
33349, 150, 1, 0, 0
33449, 100, 1, 0, 0
33549, 110, 1, 0, 0
33650, 120, 1, 0, 0
33749, 121, 1, 0, 0
33849, 130, 1, 0, 0
33949, 140, 1, 0, 0
34049, 130, 1, 0, 0
34149, 130, 1, 0, 0
34249, 100, 1, 0, 0
34349, 160, 1, 0, 0
34449, 100, 1, 0, 0
34549, 130, 1, 0, 0
34649, 100, 1, 0, 0
34750, 120, 1, 0, 0
34850, 110, 1, 0, 0
34950, 100, 1, 0, 0
35050, 60, 1, 0, 0
35150, 40, 1, 0, 0
35249, 50, 1, 0, 0
35349, 50, 1, 0, 0
35450, 90, 1, 0, 0
35550, 110, 1, 0, 0
35650, 140, 1, 0, 0
35749, 101, 1, 0, 0
35849, 130, 1, 0, 0
35949, 110, 1, 0, 0
36049, 110, 1, 0, 0
36149, 150, 1, 0, 0
36249, 110, 1, 0, 0
36349, 100, 1, 0, 0
36449, 100, 1, 0, 0
36550, 110, 1, 0, 0
36650, 100, 1, 0, 0
36749, 101, 1, 0, 0
36849, 120, 1, 0, 0
36949, 100, 1, 0, 0
37049, 100, 1, 0, 0
37149, 100, 1, 0, 0
37249, 100, 1, 0, 0
37349, 140, 1, 0, 0
37449, 110, 1, 0, 0
37550, 140, 1, 0, 0
37650, 130, 1, 0, 0
37749, 70, 1, 0, 0
37849, 50, 1, 0, 0
37949, 40, 1, 0, 0
38049, 50, 1, 0, 0
38149, 60, 1, 0, 0
38249, 150, 1, 0, 0
38349, 120, 1, 0, 0
38450, 110, 1, 0, 0
38550, 120, 1, 0, 0
38650, 140, 1, 0, 0
38749, 131, 1, 0, 0
38849, 100, 1, 0, 0
38949, 100, 1, 0, 0
39049, 100, 1, 0, 0
39149, 100, 1, 0, 0
39250, 110, 1, 0, 0
39350, 100, 1, 0, 0
39450, 110, 1, 0, 0
39550, 120, 1, 0, 0
39650, 120, 1, 0, 0
39749, 111, 1, 0, 0
39849, 120, 1, 0, 0
39949, 120, 1, 0, 0
40050, 100, 1, 0, 0
40150, 110, 1, 0, 0
40249, 131, 1, 0, 0
40349, 140, 1, 0, 0
40449, 70, 1, 0, 0
40549, 50, 1, 0, 0
40649, 50, 1, 0, 0
40749, 50, 1, 0, 0
40850, 50, 1, 0, 0
40950, 50, 1, 0, 0
41050, 60, 1, 0, 0
41150, 130, 1, 0, 0
41249, 111, 1, 0, 0
41349, 140, 1, 0, 0
41449, 100, 1, 0, 0
41549, 100, 1, 0, 0
41649, 100, 1, 0, 0
41750, 110, 1, 0, 0
41850, 110, 1, 0, 0
41950, 100, 1, 0, 0
42050, 100, 1, 0, 0
42150, 120, 1, 0, 0
42249, 101, 1, 0, 0
42349, 110, 1, 0, 0
42449, 110, 1, 0, 0
42549, 110, 1, 0, 0
42650, 100, 1, 0, 0
42749, 141, 1, 0, 0
42849, 140, 1, 0, 0
42949, 150, 1, 0, 0
43049, 120, 1, 0, 0
43149, 50, 1, 0, 0
43249, 50, 1, 0, 0
43349, 50, 1, 0, 0
43450, 90, 1, 0, 0
43550, 120, 1, 0, 0
43650, 100, 1, 0, 0
43749, 121, 1, 0, 0
43849, 140, 1, 0, 0
43949, 100, 1, 0, 0
44049, 120, 1, 0, 0
44149, 140, 1, 0, 0
44249, 100, 1, 0, 0
44349, 100, 1, 0, 0
44449, 100, 1, 0, 0
44550, 110, 1, 0, 0
44650, 100, 1, 0, 0
44749, 131, 1, 0, 0
44849, 140, 1, 0, 0
44949, 120, 1, 0, 0
45049, 140, 1, 0, 0
45149, 110, 1, 0, 0
45249, 170, 1, 0, 0
45350, 140, 1, 0, 0
45450, 110, 1, 0, 0
45550, 50, 1, 0, 0
45650, 90, 1, 0, 0
45749, 101, 1, 0, 0
45849, 50, 1, 0, 0
45949, 30, 1, 0, 0
46049, 70, 1, 0, 0
46149, 90, 1, 0, 0
46250, 110, 1, 0, 0
46350, 90, 1, 0, 0
46450, 110, 1, 0, 0
46550, 160, 1, 0, 0
46650, 100, 1, 0, 0
46749, 151, 1, 0, 0
46849, 130, 1, 0, 0
46949, 120, 1, 0, 0
47049, 140, 1, 0, 0
47149, 120, 1, 0, 0
47250, 130, 1, 0, 0
47350, 130, 1, 0, 0
47450, 110, 1, 0, 0
47550, 100, 1, 0, 0
47650, 140, 1, 0, 0
47749, 121, 1, 0, 0
47849, 130, 1, 0, 0
47949, 130, 1, 0, 0
48049, 130, 1, 0, 0
48149, 140, 1, 0, 0
48249, 120, 1, 0, 0
48350, 60, 1, 0, 0
48450, 50, 1, 0, 0
48550, 50, 1, 0, 0
48650, 60, 1, 0, 0
48749, 131, 1, 0, 0
48849, 130, 1, 0, 0
48949, 120, 1, 0, 0
49049, 100, 1, 0, 0
49149, 100, 1, 0, 0
49250, 110, 1, 0, 0
49350, 140, 1, 0, 0
49450, 100, 1, 0, 0
49550, 110, 1, 0, 0
49650, 130, 1, 0, 0
49749, 111, 1, 0, 0
49849, 130, 1, 0, 0
49949, 120, 1, 0, 0
50049, 130, 1, 0, 0
50149, 150, 1, 0, 0
50250, 130, 1, 0, 0
50350, 140, 1, 0, 0
50450, 140, 1, 0, 0
50550, 120, 1, 0, 0
50650, 150, 1, 0, 0
50749, 101, 1, 0, 0
50849, 150, 1, 0, 0
50949, 120, 1, 0, 0
51049, 70, 1, 0, 0
51149, 30, 1, 0, 0
51250, 50, 1, 0, 0
51350, 30, 1, 0, 0
51450, 50, 1, 0, 0
51550, 110, 1, 0, 0
51650, 130, 1, 0, 0
51749, 131, 1, 0, 0
51849, 130, 1, 0, 0
51949, 150, 1, 0, 0
52049, 150, 1, 0, 0
52149, 130, 1, 0, 0
52249, 130, 1, 0, 0
52350, 130, 1, 0, 0
52450, 140, 1, 0, 0
52550, 140, 1, 0, 0
52650, 130, 1, 0, 0
52749, 121, 1, 0, 0
52849, 100, 1, 0, 0
52949, 100, 1, 0, 0
53049, 110, 1, 0, 0
53149, 100, 1, 0, 0
53250, 110, 1, 0, 0
53350, 100, 1, 0, 0
53450, 110, 1, 0, 0
53550, 110, 1, 0, 0
53650, 80, 1, 0, 0
53749, 90, 1, 0, 0
53849, 50, 1, 0, 0
53949, 50, 1, 0, 0
54049, 140, 1, 0, 0
54149, 120, 1, 0, 0
54250, 130, 1, 0, 0
54350, 130, 1, 0, 0
54450, 150, 1, 0, 0
54550, 100, 1, 0, 0
54650, 100, 1, 0, 0
54749, 111, 1, 0, 0
54849, 110, 1, 0, 0
54949, 100, 1, 0, 0
55049, 100, 1, 0, 0
55149, 100, 1, 0, 0
55250, 130, 1, 0, 0
55350, 100, 1, 0, 0
55450, 140, 1, 0, 0
55550, 120, 1, 0, 0
55650, 140, 1, 0, 0
55749, 111, 1, 0, 0
55849, 150, 1, 0, 0
55949, 150, 1, 0, 0
56050, 130, 1, 0, 0
56150, 160, 1, 0, 0
56249, 121, 1, 0, 0
56349, 130, 1, 0, 0
56449, 50, 1, 0, 0
56549, 20, 1, 0, 0
56650, 70, 1, 0, 0
56749, 50, 1, 0, 0
56849, 150, 1, 0, 0
56949, 140, 1, 0, 0
57049, 120, 1, 0, 0
57149, 140, 1, 0, 0
57249, 100, 1, 0, 0
57349, 130, 1, 0, 0
57449, 140, 1, 0, 0
57550, 130, 1, 0, 0
57650, 110, 1, 0, 0
57749, 141, 1, 0, 0
57849, 110, 1, 0, 0
57949, 120, 1, 0, 0
58049, 110, 1, 0, 0
58149, 130, 1, 0, 0
58250, 130, 1, 0, 0
58350, 110, 1, 0, 0
58450, 110, 1, 0, 0
58550, 100, 1, 0, 0
58650, 100, 1, 0, 0
58749, 101, 1, 0, 0
58849, 110, 1, 0, 0
58949, 110, 1, 0, 0
59050, 130, 1, 0, 0
59150, 50, 1, 0, 0
59249, 50, 1, 0, 0
59349, 40, 1, 0, 0
59449, 50, 1, 0, 0
59549, 60, 1, 0, 0
59649, 110, 1, 0, 0
59749, 121, 1, 0, 0
59849, 100, 1, 0, 0
59949, 100, 1, 0, 0
60049, 140, 1, 0, 0
60149, 130, 1, 0, 0
60249, 130, 1, 0, 0
60349, 100, 1, 0, 0
60449, 90, 1, 0, 0
60549, 70, 1, 0, 0
60650, 100, 1, 0, 0
60749, 90, 1, 0, 0
60849, 110, 1, 0, 0
60949, 60, 1, 0, 0
61049, 100, 1, 0, 0
61149, 110, 1, 0, 0
61249, 80, 1, 0, 0
61349, 100, 1, 0, 0
61450, 80, 1, 0, 0
61550, 60, 1, 0, 0
61650, 50, 1, 0, 0
61749, 10, 1, 0, 0
61849, 50, 1, 0, 0
61949, 100, 1, 0, 0
62049, 90, 1, 0, 0
62149, 130, 1, 0, 0
62249, 160, 1, 0, 0
62350, 100, 1, 0, 0
62450, 150, 1, 0, 0
62550, 140, 1, 0, 0
62650, 130, 1, 0, 0
62749, 121, 1, 0, 0
62849, 100, 1, 0, 0
62949, 110, 1, 0, 0
63049, 100, 1, 0, 0
63150, 120, 1, 0, 0
63249, 111, 1, 0, 0
63349, 100, 1, 0, 0
63449, 100, 1, 0, 0
63549, 120, 1, 0, 0
63649, 100, 1, 0, 0
63749, 100, 1, 0, 0
63849, 110, 1, 0, 0
63949, 120, 1, 0, 0
64049, 100, 1, 0, 0
64150, 140, 1, 0, 0
64249, 50, 1, 0, 0
64349, 20, 1, 0, 0
64449, 50, 1, 0, 0
64549, 50, 1, 0, 0
64649, 110, 1, 0, 0
64749, 100, 1, 0, 0
64849, 110, 1, 0, 0
64949, 110, 1, 0, 0
65050, 130, 1, 0, 0
65150, 100, 1, 0, 0
65249, 141, 1, 0, 0
65349, 100, 1, 0, 0
65449, 130, 1, 0, 0
65549, 130, 1, 0, 0
65649, 120, 1, 0, 0
65749, 150, 1, 0, 0
65849, 120, 1, 0, 0
65950, 100, 1, 0, 0
66050, 110, 1, 0, 0
66150, 110, 1, 0, 0
66249, 101, 1, 0, 0
66349, 130, 1, 0, 0
66449, 110, 1, 0, 0
66549, 130, 1, 0, 0
66649, 140, 1, 0, 0
66750, 100, 1, 0, 0
66850, 140, 1, 0, 0
66950, 120, 1, 0, 0
67050, 50, 1, 0, 0
67150, 50, 1, 0, 0
67249, 50, 1, 0, 0
67350, 50, 1, 0, 0
67450, 90, 1, 0, 0
67550, 100, 1, 0, 0
67650, 130, 1, 0, 0
67749, 121, 1, 0, 0
67849, 130, 1, 0, 0
67949, 150, 1, 0, 0
68049, 130, 1, 0, 0
68149, 130, 1, 0, 0
68249, 140, 1, 0, 0
68349, 130, 1, 0, 0
68450, 140, 1, 0, 0
68550, 140, 1, 0, 0
68650, 110, 1, 0, 0
68749, 151, 1, 0, 0
68849, 100, 1, 0, 0
68949, 140, 1, 0, 0
69049, 110, 1, 0, 0
69149, 100, 1, 0, 0
69249, 110, 1, 0, 0
69349, 100, 1, 0, 0
69449, 80, 1, 0, 0
69550, 140, 1, 0, 0
69650, 100, 1, 0, 0
69749, 101, 1, 0, 0
69849, 80, 1, 0, 0
69949, 50, 1, 0, 0
70049, 40, 1, 0, 0
70149, 50, 1, 0, 0
70249, 60, 1, 0, 0
70350, 100, 1, 0, 0
70450, 120, 1, 0, 0
70550, 110, 1, 0, 0
70650, 100, 1, 0, 0
70749, 131, 1, 0, 0
70849, 100, 1, 0, 0
70949, 100, 1, 0, 0
71049, 140, 1, 0, 0
71149, 120, 1, 0, 0
71250, 130, 1, 0, 0
71350, 150, 1, 0, 0
71450, 140, 1, 0, 0
71550, 120, 1, 0, 0
71650, 140, 1, 0, 0
71749, 141, 1, 0, 0
71849, 150, 1, 0, 0
71949, 140, 1, 0, 0
72049, 110, 1, 0, 0
72150, 100, 1, 0, 0
72249, 111, 1, 0, 0
72349, 110, 1, 0, 0
72449, 70, 1, 0, 0
72549, 50, 1, 0, 0
72649, 100, 1, 0, 0
72749, 150, 1, 0, 0
72850, 140, 1, 0, 0
72950, 130, 1, 0, 0
73050, 130, 1, 0, 0
73150, 100, 1, 0, 0
73249, 141, 1, 0, 0
73349, 110, 1, 0, 0
73449, 100, 1, 0, 0
73549, 140, 1, 0, 0
73649, 160, 1, 0, 0
73750, 120, 1, 0, 0
73850, 140, 1, 0, 0
73950, 140, 1, 0, 0
74050, 110, 1, 0, 0
74150, 130, 1, 0, 0
74249, 101, 1, 0, 0
74349, 110, 1, 0, 0
74449, 100, 1, 0, 0
74550, 100, 1, 0, 0
74650, 110, 1, 0, 0
74749, 111, 1, 0, 0
74849, 110, 1, 0, 0
74949, 140, 1, 0, 0
75049, 110, 1, 0, 0
75149, 100, 1, 0, 0
75250, 90, 1, 0, 0
75350, 20, 1, 0, 0
75450, 40, 1, 0, 0
75550, 50, 1, 0, 0
75650, 140, 1, 0, 0
75749, 101, 1, 0, 0
75849, 150, 1, 0, 0
75949, 100, 1, 0, 0
76049, 110, 1, 0, 0
76150, 110, 1, 0, 0
76249, 101, 1, 0, 0
76349, 110, 1, 0, 0
76449, 110, 1, 0, 0
76549, 100, 1, 0, 0
76649, 110, 1, 0, 0
76749, 150, 1, 0, 0
76849, 110, 1, 0, 0
76949, 100, 1, 0, 0
77050, 170, 1, 0, 0
77150, 120, 1, 0, 0
77249, 141, 1, 0, 0
77349, 120, 1, 0, 0
77449, 100, 1, 0, 0
77549, 110, 1, 0, 0
77649, 120, 1, 0, 0
77749, 100, 1, 0, 0
77849, 110, 1, 0, 0
77950, 90, 1, 0, 0
78050, 50, 1, 0, 0
78150, 20, 1, 0, 0
78249, 50, 1, 0, 0
78349, 50, 1, 0, 0
78449, 50, 1, 0, 0
78550, 110, 1, 0, 0
78650, 140, 1, 0, 0
78749, 121, 1, 0, 0
78849, 110, 1, 0, 0
78949, 110, 1, 0, 0
79049, 110, 1, 0, 0
79149, 100, 1, 0, 0
79249, 110, 1, 0, 0
79349, 100, 1, 0, 0
79449, 120, 1, 0, 0
79550, 110, 1, 0, 0
79650, 130, 1, 0, 0
79749, 121, 1, 0, 0
79849, 110, 1, 0, 0
79949, 130, 1, 0, 0
80049, 140, 1, 0, 0
80149, 110, 1, 0, 0
80249, 140, 1, 0, 0
80350, 150, 1, 0, 0
80450, 110, 1, 0, 0
80550, 100, 1, 0, 0
80650, 50, 1, 0, 0
80749, 40, 1, 0, 0
80849, 70, 1, 0, 0
80949, 30, 1, 0, 0
81050, 40, 1, 0, 0
81150, 140, 1, 0, 0
81249, 101, 1, 0, 0
81349, 100, 1, 0, 0
81449, 130, 1, 0, 0
81549, 130, 1, 0, 0
81649, 120, 1, 0, 0
81750, 100, 1, 0, 0
81850, 100, 1, 0, 0
81950, 100, 1, 0, 0
82050, 110, 1, 0, 0
82150, 110, 1, 0, 0
82249, 101, 1, 0, 0
82349, 100, 1, 0, 0
82449, 110, 1, 0, 0
82549, 120, 1, 0, 0
82649, 100, 1, 0, 0
82750, 150, 1, 0, 0
82850, 150, 1, 0, 0
82950, 110, 1, 0, 0
83050, 130, 1, 0, 0
83150, 120, 1, 0, 0
83249, 90, 1, 0, 0
83349, 10, 1, 0, 0
83449, 70, 1, 0, 0
83549, 20, 1, 0, 0
83650, 60, 1, 0, 0
83749, 20, 1, 0, 0
83849, 110, 1, 0, 0
83949, 130, 1, 0, 0
84049, 140, 1, 0, 0
84149, 140, 1, 0, 0
84249, 110, 1, 0, 0
84349, 100, 1, 0, 0
84449, 100, 1, 0, 0
84550, 110, 1, 0, 0
84650, 130, 1, 0, 0
84749, 101, 1, 0, 0
84849, 140, 1, 0, 0
84949, 150, 1, 0, 0
85049, 140, 1, 0, 0
85149, 140, 1, 0, 0
85249, 100, 1, 0, 0
85349, 100, 1, 0, 0
85450, 140, 1, 0, 0
85550, 120, 1, 0, 0
85650, 110, 1, 0, 0
85749, 70, 1, 0, 0
85849, 80, 1, 0, 0
85949, 10, 1, 0, 0
86049, 60, 1, 0, 0
86149, 30, 1, 0, 0
86250, 50, 1, 0, 0
86350, 20, 1, 0, 0
86450, 60, 1, 0, 0
86550, 70, 1, 0, 0
86650, 150, 1, 0, 0
86749, 141, 1, 0, 0
86849, 140, 1, 0, 0
86950, 110, 1, 0, 0
87050, 100, 1, 0, 0
87150, 100, 1, 0, 0
87249, 161, 1, 0, 0
87349, 100, 1, 0, 0
87449, 100, 1, 0, 0
87549, 100, 1, 0, 0
87649, 150, 1, 0, 0
87750, 120, 1, 0, 0
87850, 180, 1, 0, 0
87950, 150, 1, 0, 0
88050, 120, 1, 0, 0
88150, 100, 1, 0, 0
88249, 60, 1, 0, 0
88349, 30, 1, 0, 0
88450, 60, 1, 0, 0
88550, 10, 1, 0, 0
88650, 50, 1, 0, 0
88750, 50, 1, 0, 0
88850, 60, 1, 0, 0
88950, 120, 1, 0, 0
89050, 100, 1, 0, 0
89150, 100, 1, 0, 0
89249, 131, 1, 0, 0
89349, 100, 1, 0, 0
89449, 100, 1, 0, 0
89550, 160, 1, 0, 0
89650, 100, 1, 0, 0
89749, 101, 1, 0, 0
89849, 120, 1, 0, 0
89949, 140, 1, 0, 0
90049, 100, 1, 0, 0
