250, 33792, 1, 0, 0
350, 33280, 1, 0, 0
450, 30720, 1, 0, 0
550, 38400, 1, 0, 0
650, 28160, 1, 0, 0
749, 25858, 1, 0, 0
849, 33280, 1, 0, 0
949, 25600, 1, 0, 0
1050, 35840, 1, 0, 0
1150, 25600, 1, 0, 0
1249, 31030, 1, 0, 0
1349, 28160, 1, 0, 0
1449, 20480, 1, 0, 0
1549, 12800, 1, 0, 0
1649, 12800, 1, 0, 0
1750, 7680, 1, 0, 0
1850, 12800, 1, 0, 0
1950, 38400, 1, 0, 0
2050, 25600, 1, 0, 0
2150, 33280, 1, 0, 0
2249, 28444, 1, 0, 0
2349, 25600, 1, 0, 0
2449, 38400, 1, 0, 0
2550, 28160, 1, 0, 0
2650, 35840, 1, 0, 0
2749, 28444, 1, 0, 0
2849, 33280, 1, 0, 0
2949, 28160, 1, 0, 0
3049, 25600, 1, 0, 0
3149, 38400, 1, 0, 0
3249, 30720, 1, 0, 0
3349, 28160, 1, 0, 0
3449, 28160, 1, 0, 0
3550, 35840, 1, 0, 0
3650, 30720, 1, 0, 0
3749, 28444, 1, 0, 0
3849, 40960, 1, 0, 0
3949, 25600, 1, 0, 0
4049, 25600, 1, 0, 0
4149, 12800, 1, 0, 0
4250, 12800, 1, 0, 0
4350, 5120, 1, 0, 0
4450, 12800, 1, 0, 0
4550, 12800, 1, 0, 0
4650, 7680, 1, 0, 0
4749, 7757, 1, 0, 0
4849, 12800, 1, 0, 0
4949, 38400, 1, 0, 0
5050, 33280, 1, 0, 0
5150, 33280, 1, 0, 0
5249, 28444, 1, 0, 0
5349, 28160, 1, 0, 0
5449, 30720, 1, 0, 0
5549, 30720, 1, 0, 0
5649, 35840, 1, 0, 0
5749, 33280, 1, 0, 0
5849, 35840, 1, 0, 0
5949, 28160, 1, 0, 0
6050, 35840, 1, 0, 0
6150, 33280, 1, 0, 0
6249, 33616, 1, 0, 0
6349, 33280, 1, 0, 0
6449, 23040, 1, 0, 0
6549, 5120, 1, 0, 0
6649, 12800, 1, 0, 0
6749, 12800, 1, 0, 0
6850, 7680, 1, 0, 0
6950, 15360, 1, 0, 0
7050, 5120, 1, 0, 0
7150, 12800, 1, 0, 0
7249, 28444, 1, 0, 0
7349, 30720, 1, 0, 0
7449, 30720, 1, 0, 0
7550, 33280, 1, 0, 0
7650, 33280, 1, 0, 0
7749, 36202, 1, 0, 0
7849, 28160, 1, 0, 0
7949, 35840, 1, 0, 0
8049, 43520, 1, 0, 0
8149, 35840, 1, 0, 0
8249, 30720, 1, 0, 0
8349, 33280, 1, 0, 0
8449, 35840, 1, 0, 0
8549, 28160, 1, 0, 0
8650, 25600, 1, 0, 0
8749, 31030, 1, 0, 0
8849, 28160, 1, 0, 0
8949, 15360, 1, 0, 0
9049, 5120, 1, 0, 0
9149, 12800, 1, 0, 0
9249, 12800, 1, 0, 0
9349, 7680, 1, 0, 0
9450, 12800, 1, 0, 0
9550, 5120, 1, 0, 0
9650, 12800, 1, 0, 0
9749, 33616, 1, 0, 0
9849, 30720, 1, 0, 0
9949, 28160, 1, 0, 0
10050, 28160, 1, 0, 0
10150, 28160, 1, 0, 0
10249, 25858, 1, 0, 0
10349, 28160, 1, 0, 0
10449, 33280, 1, 0, 0
10549, 28160, 1, 0, 0
10649, 25600, 1, 0, 0
10749, 35840, 1, 0, 0
10849, 28160, 1, 0, 0
10949, 35840, 1, 0, 0
11050, 28160, 1, 0, 0
11150, 40960, 1, 0, 0
11249, 33616, 1, 0, 0
11349, 23040, 1, 0, 0
11449, 15360, 1, 0, 0
11549, 12800, 1, 0, 0
11649, 20480, 1, 0, 0
11749, 25600, 1, 0, 0
11850, 25600, 1, 0, 0
11950, 25600, 1, 0, 0
12050, 33280, 1, 0, 0
12150, 25600, 1, 0, 0
12249, 20686, 1, 0, 0
12349, 35840, 1, 0, 0
12449, 30720, 1, 0, 0
12549, 28160, 1, 0, 0
12649, 28160, 1, 0, 0
12749, 35840, 1, 0, 0
12849, 33280, 1, 0, 0
12950, 33280, 1, 0, 0
13050, 38400, 1, 0, 0
13150, 38400, 1, 0, 0
13249, 31030, 1, 0, 0
13349, 38400, 1, 0, 0
13449, 38400, 1, 0, 0
13549, 35840, 1, 0, 0
13649, 33280, 1, 0, 0
13749, 28160, 1, 0, 0
13849, 25600, 1, 0, 0
13949, 28160, 1, 0, 0
14050, 33280, 1, 0, 0
14150, 12800, 1, 0, 0
14249, 5171, 1, 0, 0
14349, 17920, 1, 0, 0
14449, 5120, 1, 0, 0
14549, 12800, 1, 0, 0
14649, 10240, 1, 0, 0
14749, 12800, 1, 0, 0
14849, 28160, 1, 0, 0
14950, 30720, 1, 0, 0
15050, 33280, 1, 0, 0
15150, 35840, 1, 0, 0
15249, 41373, 1, 0, 0
15349, 40960, 1, 0, 0
15449, 35840, 1, 0, 0
15549, 28160, 1, 0, 0
15649, 35840, 1, 0, 0
15749, 40960, 1, 0, 0
15849, 28160, 1, 0, 0
15949, 30720, 1, 0, 0
16049, 25600, 1, 0, 0
16150, 30720, 1, 0, 0
16249, 33616, 1, 0, 0
16349, 25600, 1, 0, 0
16449, 20480, 1, 0, 0
16549, 28160, 1, 0, 0
16649, 25600, 1, 0, 0
16749, 30720, 1, 0, 0
16849, 30720, 1, 0, 0
16949, 35840, 1, 0, 0
17049, 35840, 1, 0, 0
17149, 35840, 1, 0, 0
17250, 28160, 1, 0, 0
17350, 35840, 1, 0, 0
17450, 28160, 1, 0, 0
17550, 30720, 1, 0, 0
17650, 35840, 1, 0, 0
17749, 28444, 1, 0, 0
17849, 33280, 1, 0, 0
17949, 35840, 1, 0, 0
18049, 28160, 1, 0, 0
18150, 28160, 1, 0, 0
18250, 30720, 1, 0, 0
18350, 25600, 1, 0, 0
18450, 25600, 1, 0, 0
18550, 25600, 1, 0, 0
18650, 28160, 1, 0, 0
18749, 31030, 1, 0, 0
18849, 28160, 1, 0, 0
18949, 25600, 1, 0, 0
19050, 28160, 1, 0, 0
19150, 33280, 1, 0, 0
19249, 28444, 1, 0, 0
19349, 28160, 1, 0, 0
19449, 7680, 1, 0, 0
19549, 12800, 1, 0, 0
19649, 12800, 1, 0, 0
19750, 7680, 1, 0, 0
19850, 5120, 1, 0, 0
19950, 12800, 1, 0, 0
20050, 12800, 1, 0, 0
20150, 23040, 1, 0, 0
20249, 25858, 1, 0, 0
20349, 25600, 1, 0, 0
20449, 30720, 1, 0, 0
20550, 38400, 1, 0, 0
20650, 28160, 1, 0, 0
20749, 31030, 1, 0, 0
20849, 28160, 1, 0, 0
20949, 25600, 1, 0, 0
21049, 28160, 1, 0, 0
21149, 25600, 1, 0, 0
21249, 25600, 1, 0, 0
21349, 30720, 1, 0, 0
21449, 25600, 1, 0, 0
21550, 25600, 1, 0, 0
21650, 28160, 1, 0, 0
21749, 31030, 1, 0, 0
21849, 33280, 1, 0, 0
21949, 20480, 1, 0, 0
22049, 5120, 1, 0, 0
22149, 12800, 1, 0, 0
22250, 10240, 1, 0, 0
22350, 12800, 1, 0, 0
22450, 7680, 1, 0, 0
22550, 12800, 1, 0, 0
22650, 7680, 1, 0, 0
22749, 25858, 1, 0, 0
22849, 28160, 1, 0, 0
22949, 30720, 1, 0, 0
23050, 25600, 1, 0, 0
23150, 25600, 1, 0, 0
23249, 28444, 1, 0, 0
23349, 28160, 1, 0, 0
23449, 40960, 1, 0, 0
23549, 28160, 1, 0, 0
23649, 43520, 1, 0, 0
23749, 28160, 1, 0, 0
23849, 33280, 1, 0, 0
23950, 25600, 1, 0, 0
24050, 28160, 1, 0, 0
24150, 33280, 1, 0, 0
24249, 33616, 1, 0, 0
24349, 25600, 1, 0, 0
24449, 12800, 1, 0, 0
24550, 17920, 1, 0, 0
24650, 15360, 1, 0, 0
24749, 15515, 1, 0, 0
24849, 25600, 1, 0, 0
24949, 28160, 1, 0, 0
25049, 35840, 1, 0, 0
25149, 35840, 1, 0, 0
25249, 25600, 1, 0, 0
25349, 30720, 1, 0, 0
25450, 28160, 1, 0, 0
25550, 35840, 1, 0, 0
25650, 28160, 1, 0, 0
25749, 25858, 1, 0, 0
25849, 38400, 1, 0, 0
25949, 30720, 1, 0, 0
26049, 33280, 1, 0, 0
26149, 30720, 1, 0, 0
26249, 36202, 1, 0, 0
26349, 30720, 1, 0, 0
26449, 30720, 1, 0, 0
26549, 25600, 1, 0, 0
26649, 28160, 1, 0, 0
26749, 30720, 1, 0, 0
26849, 33280, 1, 0, 0
26949, 25600, 1, 0, 0
27050, 35840, 1, 0, 0
27150, 30720, 1, 0, 0
27249, 20686, 1, 0, 0
27349, 2560, 1, 0, 0
27449, 15360, 1, 0, 0
27549, 7680, 1, 0, 0
27650, 17920, 1, 0, 0
27749, 5171, 1, 0, 0
27849, 12800, 1, 0, 0
27949, 23040, 1, 0, 0
28049, 33280, 1, 0, 0
28149, 35840, 1, 0, 0
28250, 28160, 1, 0, 0
28350, 28160, 1, 0, 0
28450, 25600, 1, 0, 0
28550, 28160, 1, 0, 0
28650, 25600, 1, 0, 0
28749, 28444, 1, 0, 0
28849, 38400, 1, 0, 0
28949, 30720, 1, 0, 0
29050, 38400, 1, 0, 0
29150, 33280, 1, 0, 0
29249, 25858, 1, 0, 0
29349, 25600, 1, 0, 0
29449, 33280, 1, 0, 0
29549, 33280, 1, 0, 0
29649, 15360, 1, 0, 0
29750, 12800, 1, 0, 0
29850, 12800, 1, 0, 0
29950, 2560, 1, 0, 0
30050, 12800, 1, 0, 0
30150, 15360, 1, 0, 0
30249, 36202, 1, 0, 0
30349, 30720, 1, 0, 0
30449, 25600, 1, 0, 0
30550, 35840, 1, 0, 0
30650, 40960, 1, 0, 0
30749, 36202, 1, 0, 0
30849, 28160, 1, 0, 0
30949, 30720, 1, 0, 0
31049, 28160, 1, 0, 0
31149, 33280, 1, 0, 0
31249, 28160, 1, 0, 0
31349, 28160, 1, 0, 0
31449, 28160, 1, 0, 0
31550, 25600, 1, 0, 0
31650, 35840, 1, 0, 0
31749, 28444, 1, 0, 0
31849, 30720, 1, 0, 0
31949, 33280, 1, 0, 0
32049, 30720, 1, 0, 0
32149, 28160, 1, 0, 0
32250, 25600, 1, 0, 0
32350, 17920, 1, 0, 0
32450, 7680, 1, 0, 0
32550, 7680, 1, 0, 0
32650, 20480, 1, 0, 0
32749, 33616, 1, 0, 0
32849, 28160, 1, 0, 0
32949, 30720, 1, 0, 0
33050, 35840, 1, 0, 0
33150, 28160, 1, 0, 0
33249, 28444, 1, 0, 0
33349, 38400, 1, 0, 0
33449, 33280, 1, 0, 0
33549, 25600, 1, 0, 0
33649, 25600, 1, 0, 0
33750, 33280, 1, 0, 0
33850, 30720, 1, 0, 0
33950, 30720, 1, 0, 0
34050, 35840, 1, 0, 0
34150, 40960, 1, 0, 0
34249, 31030, 1, 0, 0
34349, 30720, 1, 0, 0
34449, 25600, 1, 0, 0
34550, 28160, 1, 0, 0
34650, 25600, 1, 0, 0
34749, 28444, 1, 0, 0
34849, 28160, 1, 0, 0
34949, 25600, 1, 0, 0
35049, 15360, 1, 0, 0
35150, 2560, 1, 0, 0
35249, 15515, 1, 0, 0
35349, 12800, 1, 0, 0
35449, 23040, 1, 0, 0
35549, 28160, 1, 0, 0
35649, 35840, 1, 0, 0
35749, 25600, 1, 0, 0
35849, 38400, 1, 0, 0
35949, 33280, 1, 0, 0
36050, 28160, 1, 0, 0
36150, 35840, 1, 0, 0
36249, 33616, 1, 0, 0
36349, 28160, 1, 0, 0
36449, 28160, 1, 0, 0
36549, 28160, 1, 0, 0
36649, 25600, 1, 0, 0
36749, 28160, 1, 0, 0
36849, 28160, 1, 0, 0
36949, 25600, 1, 0, 0
37050, 28160, 1, 0, 0
37150, 25600, 1, 0, 0
37249, 28444, 1, 0, 0
37349, 38400, 1, 0, 0
37449, 25600, 1, 0, 0
37549, 25600, 1, 0, 0
37649, 33280, 1, 0, 0
37749, 17920, 1, 0, 0
37849, 12800, 1, 0, 0
37949, 10240, 1, 0, 0
38050, 12800, 1, 0, 0
38150, 15360, 1, 0, 0
38249, 38787, 1, 0, 0
38349, 33280, 1, 0, 0
38449, 30720, 1, 0, 0
38549, 30720, 1, 0, 0
38649, 40960, 1, 0, 0
38750, 30720, 1, 0, 0
38850, 28160, 1, 0, 0
38950, 28160, 1, 0, 0
39050, 28160, 1, 0, 0
39150, 30720, 1, 0, 0
39249, 25858, 1, 0, 0
39349, 25600, 1, 0, 0
39449, 28160, 1, 0, 0
39550, 25600, 1, 0, 0
39650, 25600, 1, 0, 0
39749, 28444, 1, 0, 0
39849, 33280, 1, 0, 0
39949, 30720, 1, 0, 0
40049, 25600, 1, 0, 0
40149, 35840, 1, 0, 0
40249, 25600, 1, 0, 0
40349, 38400, 1, 0, 0
40450, 12800, 1, 0, 0
40550, 15360, 1, 0, 0
40650, 12800, 1, 0, 0
40749, 12929, 1, 0, 0
40849, 15360, 1, 0, 0
40949, 12800, 1, 0, 0
41049, 12800, 1, 0, 0
41149, 30720, 1, 0, 0
41250, 25600, 1, 0, 0
41350, 38400, 1, 0, 0
41450, 25600, 1, 0, 0
41550, 28160, 1, 0, 0
41650, 25600, 1, 0, 0
41749, 25858, 1, 0, 0
41849, 25600, 1, 0, 0
41949, 35840, 1, 0, 0
42049, 25600, 1, 0, 0
42149, 35840, 1, 0, 0
42249, 28160, 1, 0, 0
42350, 25600, 1, 0, 0
42450, 25600, 1, 0, 0
42550, 25600, 1, 0, 0
42650, 33280, 1, 0, 0
42749, 38787, 1, 0, 0
42849, 30720, 1, 0, 0
42949, 38400, 1, 0, 0
43049, 40960, 1, 0, 0
43149, 15360, 1, 0, 0
43250, 12800, 1, 0, 0
43350, 12800, 1, 0, 0
43450, 20480, 1, 0, 0
43550, 25600, 1, 0, 0
43650, 38400, 1, 0, 0
43749, 28444, 1, 0, 0
43849, 30720, 1, 0, 0
43949, 25600, 1, 0, 0
44049, 35840, 1, 0, 0
44149, 25600, 1, 0, 0
44249, 35840, 1, 0, 0
44350, 25600, 1, 0, 0
44450, 28160, 1, 0, 0
44550, 28160, 1, 0, 0
44650, 25600, 1, 0, 0
44749, 36202, 1, 0, 0
44849, 30720, 1, 0, 0
44949, 38400, 1, 0, 0
45049, 38400, 1, 0, 0
45149, 35840, 1, 0, 0
45250, 38400, 1, 0, 0
45350, 28160, 1, 0, 0
45450, 28160, 1, 0, 0
45550, 12800, 1, 0, 0
45650, 23040, 1, 0, 0
45749, 25858, 1, 0, 0
45849, 12800, 1, 0, 0
45949, 10240, 1, 0, 0
46049, 23040, 1, 0, 0
46150, 23040, 1, 0, 0
46249, 25858, 1, 0, 0
46349, 23040, 1, 0, 0
46449, 25600, 1, 0, 0
46549, 33280, 1, 0, 0
46649, 40960, 1, 0, 0
46749, 35840, 1, 0, 0
46849, 40960, 1, 0, 0
46949, 28160, 1, 0, 0
47050, 35840, 1, 0, 0
47150, 33280, 1, 0, 0
47249, 38787, 1, 0, 0
47349, 35840, 1, 0, 0
47449, 25600, 1, 0, 0
47549, 28160, 1, 0, 0
47649, 35840, 1, 0, 0
47750, 38400, 1, 0, 0
47850, 40960, 1, 0, 0
47950, 28160, 1, 0, 0
48050, 38400, 1, 0, 0
48150, 30720, 1, 0, 0
48249, 33616, 1, 0, 0
48349, 15360, 1, 0, 0
48449, 12800, 1, 0, 0
48549, 12800, 1, 0, 0
48650, 15360, 1, 0, 0
48749, 33616, 1, 0, 0
48849, 35840, 1, 0, 0
48949, 25600, 1, 0, 0
49049, 33280, 1, 0, 0
49149, 25600, 1, 0, 0
49249, 25600, 1, 0, 0
49349, 28160, 1, 0, 0
49450, 35840, 1, 0, 0
49550, 25600, 1, 0, 0
49650, 25600, 1, 0, 0
49749, 38787, 1, 0, 0
49849, 30720, 1, 0, 0
49949, 35840, 1, 0, 0
50049, 33280, 1, 0, 0
50149, 35840, 1, 0, 0
50249, 28160, 1, 0, 0
50349, 40960, 1, 0, 0
50449, 30720, 1, 0, 0
50550, 30720, 1, 0, 0
50650, 33280, 1, 0, 0
50749, 31030, 1, 0, 0
50849, 38400, 1, 0, 0
50949, 33280, 1, 0, 0
51049, 20480, 1, 0, 0
51149, 5120, 1, 0, 0
51249, 12800, 1, 0, 0
51349, 10240, 1, 0, 0
51450, 12800, 1, 0, 0
51550, 28160, 1, 0, 0
51650, 35840, 1, 0, 0
51749, 33616, 1, 0, 0
51849, 30720, 1, 0, 0
51949, 40960, 1, 0, 0
52049, 35840, 1, 0, 0
52149, 40960, 1, 0, 0
52249, 30720, 1, 0, 0
52349, 35840, 1, 0, 0
52450, 35840, 1, 0, 0
52550, 30720, 1, 0, 0
52650, 43520, 1, 0, 0
52749, 31030, 1, 0, 0
52849, 30720, 1, 0, 0
52949, 28160, 1, 0, 0
53049, 30720, 1, 0, 0
53149, 30720, 1, 0, 0
53249, 28160, 1, 0, 0
53350, 25600, 1, 0, 0
53450, 30720, 1, 0, 0
53550, 30720, 1, 0, 0
53650, 20480, 1, 0, 0
53749, 23272, 1, 0, 0
53849, 12800, 1, 0, 0
53949, 15360, 1, 0, 0
54049, 33280, 1, 0, 0
54149, 30720, 1, 0, 0
54250, 38400, 1, 0, 0
54350, 25600, 1, 0, 0
54450, 38400, 1, 0, 0
54550, 25600, 1, 0, 0
54650, 30720, 1, 0, 0
54749, 28444, 1, 0, 0
54849, 25600, 1, 0, 0
54949, 28160, 1, 0, 0
55049, 25600, 1, 0, 0
55149, 25600, 1, 0, 0
55250, 30720, 1, 0, 0
55350, 28160, 1, 0, 0
55450, 40960, 1, 0, 0
55550, 30720, 1, 0, 0
55650, 35840, 1, 0, 0
55749, 36202, 1, 0, 0
55849, 33280, 1, 0, 0
55949, 33280, 1, 0, 0
56050, 35840, 1, 0, 0
56150, 40960, 1, 0, 0
56249, 33616, 1, 0, 0
56349, 25600, 1, 0, 0
56449, 15360, 1, 0, 0
56549, 7680, 1, 0, 0
56649, 12800, 1, 0, 0
56749, 12800, 1, 0, 0
56850, 48640, 1, 0, 0
56950, 30720, 1, 0, 0
57050, 33280, 1, 0, 0
57150, 35840, 1, 0, 0
57249, 25858, 1, 0, 0
57349, 30720, 1, 0, 0
57449, 33280, 1, 0, 0
57549, 35840, 1, 0, 0
57650, 28160, 1, 0, 0
57750, 28160, 1, 0, 0
57850, 25600, 1, 0, 0
57950, 38400, 1, 0, 0
58050, 25600, 1, 0, 0
58150, 33280, 1, 0, 0
58249, 25858, 1, 0, 0
58349, 28160, 1, 0, 0
58449, 25600, 1, 0, 0
58549, 28160, 1, 0, 0
58649, 28160, 1, 0, 0
58750, 25600, 1, 0, 0
58850, 33280, 1, 0, 0
58950, 25600, 1, 0, 0
59050, 28160, 1, 0, 0
59150, 12800, 1, 0, 0
59249, 12929, 1, 0, 0
59349, 10240, 1, 0, 0
59449, 12800, 1, 0, 0
59549, 12800, 1, 0, 0
59650, 25600, 1, 0, 0
59749, 31030, 1, 0, 0
59849, 28160, 1, 0, 0
59949, 28160, 1, 0, 0
60049, 33280, 1, 0, 0
60149, 33280, 1, 0, 0
60249, 33280, 1, 0, 0
60349, 25600, 1, 0, 0
60449, 28160, 1, 0, 0
60550, 17920, 1, 0, 0
60650, 30720, 1, 0, 0
60749, 18101, 1, 0, 0
60849, 25600, 1, 0, 0
60949, 20480, 1, 0, 0
61049, 25600, 1, 0, 0
61149, 25600, 1, 0, 0
61249, 23040, 1, 0, 0
61349, 25600, 1, 0, 0
61449, 17920, 1, 0, 0
61550, 12800, 1, 0, 0
61650, 12800, 1, 0, 0
61749, 7757, 1, 0, 0
61849, 12800, 1, 0, 0
61949, 25600, 1, 0, 0
62049, 20480, 1, 0, 0
62149, 30720, 1, 0, 0
62250, 38400, 1, 0, 0
62350, 28160, 1, 0, 0
62450, 38400, 1, 0, 0
62550, 38400, 1, 0, 0
62650, 33280, 1, 0, 0
62749, 31030, 1, 0, 0
62849, 25600, 1, 0, 0
62949, 25600, 1, 0, 0
63049, 33280, 1, 0, 0
63149, 38400, 1, 0, 0
63250, 25600, 1, 0, 0
63350, 30720, 1, 0, 0
63450, 25600, 1, 0, 0
63550, 25600, 1, 0, 0
63650, 25600, 1, 0, 0
63749, 28444, 1, 0, 0
63849, 25600, 1, 0, 0
63949, 38400, 1, 0, 0
64049, 25600, 1, 0, 0
64149, 35840, 1, 0, 0
64250, 12800, 1, 0, 0
64350, 10240, 1, 0, 0
64450, 12800, 1, 0, 0
64550, 20480, 1, 0, 0
64650, 28160, 1, 0, 0
64749, 31030, 1, 0, 0
64849, 28160, 1, 0, 0
64949, 28160, 1, 0, 0
65049, 28160, 1, 0, 0
65150, 25600, 1, 0, 0
65249, 28444, 1, 0, 0
65349, 28160, 1, 0, 0
65449, 33280, 1, 0, 0
65549, 40960, 1, 0, 0
65649, 38400, 1, 0, 0
65749, 38400, 1, 0, 0
65849, 25600, 1, 0, 0
65950, 28160, 1, 0, 0
66050, 28160, 1, 0, 0
66150, 25600, 1, 0, 0
66249, 28444, 1, 0, 0
66349, 28160, 1, 0, 0
66449, 30720, 1, 0, 0
66549, 30720, 1, 0, 0
66650, 35840, 1, 0, 0
66749, 25858, 1, 0, 0
66849, 28160, 1, 0, 0
66949, 25600, 1, 0, 0
67049, 12800, 1, 0, 0
67149, 15360, 1, 0, 0
67249, 12800, 1, 0, 0
67350, 12800, 1, 0, 0
67450, 25600, 1, 0, 0
67550, 30720, 1, 0, 0
67650, 40960, 1, 0, 0
67749, 28444, 1, 0, 0
67849, 25600, 1, 0, 0
67949, 35840, 1, 0, 0
68049, 33280, 1, 0, 0
68149, 40960, 1, 0, 0
68250, 33280, 1, 0, 0
68350, 33280, 1, 0, 0
68450, 38400, 1, 0, 0
68550, 30720, 1, 0, 0
68650, 30720, 1, 0, 0
68749, 36202, 1, 0, 0
68849, 25600, 1, 0, 0
68949, 33280, 1, 0, 0
69049, 25600, 1, 0, 0
69150, 33280, 1, 0, 0
69250, 25600, 1, 0, 0
69350, 30720, 1, 0, 0
69450, 15360, 1, 0, 0
69550, 35840, 1, 0, 0
69650, 25600, 1, 0, 0
69749, 28444, 1, 0, 0
69849, 23040, 1, 0, 0
69949, 12800, 1, 0, 0
70050, 7680, 1, 0, 0
70150, 12800, 1, 0, 0
70249, 12929, 1, 0, 0
70349, 25600, 1, 0, 0
70449, 38400, 1, 0, 0
70549, 25600, 1, 0, 0
70649, 28160, 1, 0, 0
70749, 28160, 1, 0, 0
70849, 25600, 1, 0, 0
70950, 30720, 1, 0, 0
71050, 35840, 1, 0, 0
71150, 35840, 1, 0, 0
71249, 36202, 1, 0, 0
71349, 40960, 1, 0, 0
71449, 40960, 1, 0, 0
71549, 28160, 1, 0, 0
71649, 35840, 1, 0, 0
71749, 33280, 1, 0, 0
71849, 35840, 1, 0, 0
71949, 30720, 1, 0, 0
72050, 25600, 1, 0, 0
72150, 28160, 1, 0, 0
72249, 28444, 1, 0, 0
72349, 25600, 1, 0, 0
72449, 17920, 1, 0, 0
72549, 12800, 1, 0, 0
72649, 25600, 1, 0, 0
72750, 35840, 1, 0, 0
72850, 38400, 1, 0, 0
72950, 40960, 1, 0, 0
73050, 33280, 1, 0, 0
73150, 28160, 1, 0, 0
73249, 28444, 1, 0, 0
73349, 33280, 1, 0, 0
73449, 28160, 1, 0, 0
73550, 38400, 1, 0, 0
73650, 38400, 1, 0, 0
73749, 25858, 1, 0, 0
73849, 35840, 1, 0, 0
73949, 30720, 1, 0, 0
74049, 28160, 1, 0, 0
74149, 35840, 1, 0, 0
74249, 25600, 1, 0, 0
74349, 28160, 1, 0, 0
74450, 25600, 1, 0, 0
74550, 25600, 1, 0, 0
74650, 28160, 1, 0, 0
74749, 31030, 1, 0, 0
74849, 33280, 1, 0, 0
74949, 30720, 1, 0, 0
75049, 25600, 1, 0, 0
75150, 28160, 1, 0, 0
75249, 23272, 1, 0, 0
75349, 2560, 1, 0, 0
75449, 10240, 1, 0, 0
75549, 12800, 1, 0, 0
75649, 33280, 1, 0, 0
75749, 28160, 1, 0, 0
75849, 33280, 1, 0, 0
75950, 25600, 1, 0, 0
76050, 23040, 1, 0, 0
76150, 23040, 1, 0, 0
76249, 33616, 1, 0, 0
76349, 25600, 1, 0, 0
76449, 33280, 1, 0, 0
76549, 25600, 1, 0, 0
76649, 25600, 1, 0, 0
76750, 33280, 1, 0, 0
76850, 28160, 1, 0, 0
76950, 28160, 1, 0, 0
77050, 40960, 1, 0, 0
77150, 33280, 1, 0, 0
77249, 33616, 1, 0, 0
77349, 30720, 1, 0, 0
77449, 25600, 1, 0, 0
77550, 28160, 1, 0, 0
77650, 35840, 1, 0, 0
77749, 31030, 1, 0, 0
77849, 28160, 1, 0, 0
77949, 17920, 1, 0, 0
78049, 15360, 1, 0, 0
78149, 7680, 1, 0, 0
78249, 12800, 1, 0, 0
78350, 12800, 1, 0, 0
78450, 15360, 1, 0, 0
78550, 25600, 1, 0, 0
78650, 35840, 1, 0, 0
78749, 33616, 1, 0, 0
78849, 30720, 1, 0, 0
78949, 30720, 1, 0, 0
79049, 28160, 1, 0, 0
79149, 25600, 1, 0, 0
79249, 25600, 1, 0, 0
79350, 25600, 1, 0, 0
79450, 25600, 1, 0, 0
79550, 25600, 1, 0, 0
79650, 30720, 1, 0, 0
79749, 36202, 1, 0, 0
79849, 28160, 1, 0, 0
79949, 33280, 1, 0, 0
80049, 35840, 1, 0, 0
80150, 35840, 1, 0, 0
80250, 38400, 1, 0, 0
80350, 38400, 1, 0, 0
80450, 33280, 1, 0, 0
80550, 25600, 1, 0, 0
80650, 15360, 1, 0, 0
80749, 5171, 1, 0, 0
80849, 15360, 1, 0, 0
80949, 5120, 1, 0, 0
81050, 7680, 1, 0, 0
81150, 30720, 1, 0, 0
81249, 33616, 1, 0, 0
81349, 25600, 1, 0, 0
81449, 35840, 1, 0, 0
81549, 33280, 1, 0, 0
81649, 28160, 1, 0, 0
81750, 28160, 1, 0, 0
81850, 30720, 1, 0, 0
81950, 25600, 1, 0, 0
82050, 28160, 1, 0, 0
82150, 25600, 1, 0, 0
82249, 25858, 1, 0, 0
82349, 28160, 1, 0, 0
82449, 25600, 1, 0, 0
82550, 30720, 1, 0, 0
82650, 28160, 1, 0, 0
82749, 33616, 1, 0, 0
82849, 46080, 1, 0, 0
82949, 30720, 1, 0, 0
83049, 30720, 1, 0, 0
83149, 35840, 1, 0, 0
83249, 17920, 1, 0, 0
83349, 10240, 1, 0, 0
83450, 12800, 1, 0, 0
83550, 2560, 1, 0, 0
83650, 12800, 1, 0, 0
83749, 10343, 1, 0, 0
83849, 33280, 1, 0, 0
83949, 30720, 1, 0, 0
84049, 35840, 1, 0, 0
84149, 35840, 1, 0, 0
84250, 28160, 1, 0, 0
84350, 28160, 1, 0, 0
84450, 25600, 1, 0, 0
84550, 28160, 1, 0, 0
84650, 33280, 1, 0, 0
84749, 25858, 1, 0, 0
84849, 43520, 1, 0, 0
84949, 38400, 1, 0, 0
85049, 35840, 1, 0, 0
85149, 35840, 1, 0, 0
85250, 33280, 1, 0, 0
85350, 28160, 1, 0, 0
85450, 28160, 1, 0, 0
85550, 35840, 1, 0, 0
85650, 28160, 1, 0, 0
85749, 23272, 1, 0, 0
85849, 12800, 1, 0, 0
85949, 10240, 1, 0, 0
86050, 15360, 1, 0, 0
86150, 7680, 1, 0, 0
86249, 12929, 1, 0, 0
86349, 5120, 1, 0, 0
86449, 17920, 1, 0, 0
86549, 17920, 1, 0, 0
86649, 33280, 1, 0, 0
86750, 38400, 1, 0, 0
86850, 30720, 1, 0, 0
86950, 25600, 1, 0, 0
87050, 28160, 1, 0, 0
87150, 28160, 1, 0, 0
87249, 31030, 1, 0, 0
87349, 28160, 1, 0, 0
87449, 25600, 1, 0, 0
87550, 28160, 1, 0, 0
87650, 35840, 1, 0, 0
87749, 28444, 1, 0, 0
87849, 40960, 1, 0, 0
87949, 40960, 1, 0, 0
88049, 28160, 1, 0, 0
88149, 25600, 1, 0, 0
88249, 12800, 1, 0, 0
88349, 7680, 1, 0, 0
88450, 12800, 1, 0, 0
88550, 10240, 1, 0, 0
88650, 12800, 1, 0, 0
88749, 12929, 1, 0, 0
88849, 15360, 1, 0, 0
88949, 28160, 1, 0, 0
89049, 25600, 1, 0, 0
89150, 25600, 1, 0, 0
89249, 28444, 1, 0, 0
89349, 25600, 1, 0, 0
89449, 28160, 1, 0, 0
89549, 30720, 1, 0, 0
89649, 33280, 1, 0, 0
89749, 25600, 1, 0, 0
89849, 35840, 1, 0, 0
89950, 30720, 1, 0, 0
90050, 33280, 1, 0, 0
