250, 132, 1, 0, 0
350, 120, 1, 0, 0
450, 150, 1, 0, 0
550, 110, 1, 0, 0
650, 100, 1, 0, 0
749, 141, 1, 0, 0
849, 100, 1, 0, 0
949, 140, 1, 0, 0
1049, 100, 1, 0, 0
1149, 120, 1, 0, 0
1249, 120, 1, 0, 0
1350, 130, 1, 0, 0
1450, 100, 1, 0, 0
1550, 20, 1, 0, 0
1650, 50, 1, 0, 0
1749, 30, 1, 0, 0
1849, 50, 1, 0, 0
1949, 130, 1, 0, 0
2049, 120, 1, 0, 0
2149, 90, 1, 0, 0
2250, 110, 1, 0, 0
2350, 100, 1, 0, 0
2450, 140, 1, 0, 0
2550, 120, 1, 0, 0
2650, 120, 1, 0, 0
2749, 111, 1, 0, 0
2849, 140, 1, 0, 0
2949, 100, 1, 0, 0
3049, 130, 1, 0, 0
3149, 100, 1, 0, 0
3249, 110, 1, 0, 0
3350, 120, 1, 0, 0
3450, 130, 1, 0, 0
3550, 150, 1, 0, 0
3650, 130, 1, 0, 0
3749, 121, 1, 0, 0
3849, 140, 1, 0, 0
3949, 140, 1, 0, 0
4049, 130, 1, 0, 0
4149, 50, 1, 0, 0
4249, 50, 1, 0, 0
4350, 20, 1, 0, 0
4450, 50, 1, 0, 0
4550, 50, 1, 0, 0
4650, 30, 1, 0, 0
4749, 20, 1, 0, 0
4849, 60, 1, 0, 0
4949, 130, 1, 0, 0
5050, 140, 1, 0, 0
5150, 130, 1, 0, 0
5249, 121, 1, 0, 0
5349, 130, 1, 0, 0
5449, 130, 1, 0, 0
5549, 120, 1, 0, 0
5649, 130, 1, 0, 0
5749, 140, 1, 0, 0
5849, 120, 1, 0, 0
5949, 150, 1, 0, 0
6050, 140, 1, 0, 0
6150, 120, 1, 0, 0
6249, 161, 1, 0, 0
6349, 130, 1, 0, 0
6449, 90, 1, 0, 0
6549, 50, 1, 0, 0
6649, 10, 1, 0, 0
6749, 50, 1, 0, 0
6849, 40, 1, 0, 0
6949, 50, 1, 0, 0
7050, 10, 1, 0, 0
7150, 50, 1, 0, 0
7249, 111, 1, 0, 0
7349, 110, 1, 0, 0
7449, 130, 1, 0, 0
7549, 130, 1, 0, 0
7649, 120, 1, 0, 0
7749, 140, 1, 0, 0
7849, 110, 1, 0, 0
7949, 170, 1, 0, 0
8049, 120, 1, 0, 0
8149, 170, 1, 0, 0
8250, 130, 1, 0, 0
8350, 140, 1, 0, 0
8450, 110, 1, 0, 0
8550, 100, 1, 0, 0
8650, 110, 1, 0, 0
8749, 121, 1, 0, 0
8849, 120, 1, 0, 0
8949, 50, 1, 0, 0
9049, 10, 1, 0, 0
9149, 50, 1, 0, 0
9249, 50, 1, 0, 0
9349, 40, 1, 0, 0
9450, 50, 1, 0, 0
9550, 30, 1, 0, 0
9650, 50, 1, 0, 0
9749, 121, 1, 0, 0
9849, 120, 1, 0, 0
9949, 110, 1, 0, 0
10049, 110, 1, 0, 0
10149, 100, 1, 0, 0
10250, 100, 1, 0, 0
10350, 140, 1, 0, 0
10450, 110, 1, 0, 0
10550, 110, 1, 0, 0
10650, 140, 1, 0, 0
10749, 111, 1, 0, 0
10849, 140, 1, 0, 0
10949, 120, 1, 0, 0
11049, 140, 1, 0, 0
11150, 130, 1, 0, 0
11249, 151, 1, 0, 0
11349, 60, 1, 0, 0
11449, 60, 1, 0, 0
11549, 50, 1, 0, 0
11649, 50, 1, 0, 0
11749, 110, 1, 0, 0
11849, 120, 1, 0, 0
11949, 120, 1, 0, 0
12050, 100, 1, 0, 0
12150, 100, 1, 0, 0
12249, 101, 1, 0, 0
12349, 100, 1, 0, 0
12449, 150, 1, 0, 0
12549, 100, 1, 0, 0
12649, 100, 1, 0, 0
12749, 130, 1, 0, 0
12849, 130, 1, 0, 0
12949, 140, 1, 0, 0
13050, 120, 1, 0, 0
13150, 150, 1, 0, 0
13249, 141, 1, 0, 0
13349, 140, 1, 0, 0
13449, 140, 1, 0, 0
13549, 130, 1, 0, 0
13649, 140, 1, 0, 0
13749, 120, 1, 0, 0
13849, 120, 1, 0, 0
13950, 120, 1, 0, 0
14050, 100, 1, 0, 0
14150, 60, 1, 0, 0
14249, 20, 1, 0, 0
14349, 50, 1, 0, 0
14449, 30, 1, 0, 0
14550, 50, 1, 0, 0
14650, 20, 1, 0, 0
14749, 50, 1, 0, 0
14849, 120, 1, 0, 0
14949, 110, 1, 0, 0
15049, 140, 1, 0, 0
15149, 100, 1, 0, 0
15249, 170, 1, 0, 0
15350, 150, 1, 0, 0
15450, 120, 1, 0, 0
15550, 150, 1, 0, 0
15650, 120, 1, 0, 0
15749, 131, 1, 0, 0
15849, 130, 1, 0, 0
15949, 130, 1, 0, 0
16049, 120, 1, 0, 0
16149, 130, 1, 0, 0
16250, 100, 1, 0, 0
16350, 100, 1, 0, 0
16450, 110, 1, 0, 0
16550, 80, 1, 0, 0
16650, 90, 1, 0, 0
16749, 141, 1, 0, 0
16849, 110, 1, 0, 0
16949, 130, 1, 0, 0
17049, 160, 1, 0, 0
17149, 140, 1, 0, 0
17249, 141, 1, 0, 0
17349, 100, 1, 0, 0
17449, 100, 1, 0, 0
17549, 130, 1, 0, 0
17649, 100, 1, 0, 0
17749, 130, 1, 0, 0
17849, 110, 1, 0, 0
17949, 110, 1, 0, 0
18049, 140, 1, 0, 0
18149, 100, 1, 0, 0
18250, 100, 1, 0, 0
18350, 130, 1, 0, 0
18450, 120, 1, 0, 0
18550, 100, 1, 0, 0
18650, 80, 1, 0, 0
18749, 121, 1, 0, 0
18849, 110, 1, 0, 0
18949, 110, 1, 0, 0
19050, 110, 1, 0, 0
19150, 110, 1, 0, 0
19249, 111, 1, 0, 0
19349, 100, 1, 0, 0
19449, 40, 1, 0, 0
19550, 50, 1, 0, 0
19650, 50, 1, 0, 0
19749, 20, 1, 0, 0
19849, 60, 1, 0, 0
19949, 20, 1, 0, 0
20049, 60, 1, 0, 0
20149, 100, 1, 0, 0
20249, 80, 1, 0, 0
20349, 110, 1, 0, 0
20450, 100, 1, 0, 0
20550, 120, 1, 0, 0
20650, 140, 1, 0, 0
20749, 111, 1, 0, 0
20849, 100, 1, 0, 0
20949, 110, 1, 0, 0
21049, 110, 1, 0, 0
21149, 120, 1, 0, 0
21249, 110, 1, 0, 0
21349, 100, 1, 0, 0
21450, 110, 1, 0, 0
21550, 100, 1, 0, 0
21650, 150, 1, 0, 0
21749, 101, 1, 0, 0
21849, 100, 1, 0, 0
21949, 80, 1, 0, 0
22049, 20, 1, 0, 0
22149, 70, 1, 0, 0
22249, 20, 1, 0, 0
22349, 50, 1, 0, 0
22450, 40, 1, 0, 0
22550, 70, 1, 0, 0
22650, 10, 1, 0, 0
22749, 101, 1, 0, 0
22849, 140, 1, 0, 0
22949, 110, 1, 0, 0
23049, 100, 1, 0, 0
23149, 100, 1, 0, 0
23250, 100, 1, 0, 0
23350, 140, 1, 0, 0
23450, 110, 1, 0, 0
23550, 140, 1, 0, 0
23650, 130, 1, 0, 0
23749, 151, 1, 0, 0
23849, 110, 1, 0, 0
23949, 160, 1, 0, 0
24049, 100, 1, 0, 0
24149, 110, 1, 0, 0
24249, 100, 1, 0, 0
24350, 100, 1, 0, 0
24450, 60, 1, 0, 0
24550, 50, 1, 0, 0
24650, 50, 1, 0, 0
24749, 60, 1, 0, 0
24849, 100, 1, 0, 0
24949, 100, 1, 0, 0
25049, 130, 1, 0, 0
25150, 100, 1, 0, 0
25249, 131, 1, 0, 0
25349, 130, 1, 0, 0
25449, 100, 1, 0, 0
25549, 150, 1, 0, 0
25649, 120, 1, 0, 0
25749, 120, 1, 0, 0
25849, 110, 1, 0, 0
25949, 100, 1, 0, 0
26049, 130, 1, 0, 0
26149, 110, 1, 0, 0
26250, 140, 1, 0, 0
26350, 100, 1, 0, 0
26450, 110, 1, 0, 0
26550, 130, 1, 0, 0
26650, 130, 1, 0, 0
26749, 121, 1, 0, 0
26849, 100, 1, 0, 0
26949, 190, 1, 0, 0
27050, 130, 1, 0, 0
27150, 110, 1, 0, 0
27249, 50, 1, 0, 0
27349, 10, 1, 0, 0
27449, 50, 1, 0, 0
27549, 40, 1, 0, 0
27649, 50, 1, 0, 0
27749, 50, 1, 0, 0
27850, 40, 1, 0, 0
27950, 70, 1, 0, 0
28050, 130, 1, 0, 0
28150, 160, 1, 0, 0
28249, 101, 1, 0, 0
28349, 130, 1, 0, 0
28449, 100, 1, 0, 0
28549, 110, 1, 0, 0
28649, 100, 1, 0, 0
28750, 90, 1, 0, 0
28850, 130, 1, 0, 0
28950, 130, 1, 0, 0
29050, 140, 1, 0, 0
29150, 140, 1, 0, 0
29249, 101, 1, 0, 0
29349, 100, 1, 0, 0
29449, 110, 1, 0, 0
29550, 130, 1, 0, 0
29650, 50, 1, 0, 0
29749, 60, 1, 0, 0
29849, 50, 1, 0, 0
29949, 70, 1, 0, 0
30049, 20, 1, 0, 0
30149, 80, 1, 0, 0
30250, 130, 1, 0, 0
30350, 120, 1, 0, 0
30450, 140, 1, 0, 0
30550, 110, 1, 0, 0
30650, 140, 1, 0, 0
30749, 131, 1, 0, 0
30849, 100, 1, 0, 0
30949, 110, 1, 0, 0
31050, 110, 1, 0, 0
31150, 100, 1, 0, 0
31249, 111, 1, 0, 0
31349, 110, 1, 0, 0
31449, 110, 1, 0, 0
31549, 100, 1, 0, 0
31649, 130, 1, 0, 0
31750, 110, 1, 0, 0
31850, 100, 1, 0, 0
31950, 140, 1, 0, 0
32050, 100, 1, 0, 0
32150, 110, 1, 0, 0
32249, 111, 1, 0, 0
32349, 50, 1, 0, 0
32449, 30, 1, 0, 0
32550, 70, 1, 0, 0
32650, 80, 1, 0, 0
32749, 101, 1, 0, 0
32849, 100, 1, 0, 0
32949, 170, 1, 0, 0
33049, 160, 1, 0, 0
33149, 100, 1, 0, 0
33249, 140, 1, 0, 0
33349, 100, 1, 0, 0
33450, 100, 1, 0, 0
33550, 110, 1, 0, 0
33650, 150, 1, 0, 0
33749, 101, 1, 0, 0
33849, 100, 1, 0, 0
33949, 110, 1, 0, 0
34049, 140, 1, 0, 0
34149, 130, 1, 0, 0
34249, 110, 1, 0, 0
34349, 140, 1, 0, 0
34449, 100, 1, 0, 0
34550, 150, 1, 0, 0
34650, 110, 1, 0, 0
34749, 121, 1, 0, 0
34849, 120, 1, 0, 0
34949, 80, 1, 0, 0
35049, 50, 1, 0, 0
35149, 50, 1, 0, 0
35250, 40, 1, 0, 0
35350, 50, 1, 0, 0
35450, 110, 1, 0, 0
35550, 140, 1, 0, 0
35650, 100, 1, 0, 0
35749, 111, 1, 0, 0
35849, 120, 1, 0, 0
35949, 140, 1, 0, 0
36050, 140, 1, 0, 0
36150, 100, 1, 0, 0
36249, 101, 1, 0, 0
36349, 100, 1, 0, 0
36449, 110, 1, 0, 0
36549, 100, 1, 0, 0
36649, 110, 1, 0, 0
36749, 110, 1, 0, 0
36849, 100, 1, 0, 0
36949, 110, 1, 0, 0
37050, 110, 1, 0, 0
37150, 110, 1, 0, 0
37249, 121, 1, 0, 0
37349, 130, 1, 0, 0
37449, 100, 1, 0, 0
37549, 150, 1, 0, 0
37649, 130, 1, 0, 0
37750, 60, 1, 0, 0
37850, 50, 1, 0, 0
37950, 30, 1, 0, 0
38050, 60, 1, 0, 0
38150, 70, 1, 0, 0
38249, 161, 1, 0, 0
38349, 120, 1, 0, 0
38449, 130, 1, 0, 0
38550, 130, 1, 0, 0
38650, 110, 1, 0, 0
38749, 131, 1, 0, 0
38849, 100, 1, 0, 0
38949, 120, 1, 0, 0
39049, 100, 1, 0, 0
39149, 120, 1, 0, 0
39249, 100, 1, 0, 0
39350, 100, 1, 0, 0
39450, 100, 1, 0, 0
39550, 100, 1, 0, 0
39650, 110, 1, 0, 0
39749, 141, 1, 0, 0
39849, 100, 1, 0, 0
39949, 100, 1, 0, 0
40049, 100, 1, 0, 0
40149, 120, 1, 0, 0
40250, 110, 1, 0, 0
40350, 120, 1, 0, 0
40450, 90, 1, 0, 0
40550, 50, 1, 0, 0
40650, 50, 1, 0, 0
40749, 10, 1, 0, 0
40849, 90, 1, 0, 0
40949, 50, 1, 0, 0
41050, 50, 1, 0, 0
41150, 130, 1, 0, 0
41249, 131, 1, 0, 0
41349, 100, 1, 0, 0
41449, 100, 1, 0, 0
41549, 100, 1, 0, 0
41649, 100, 1, 0, 0
41749, 110, 1, 0, 0
41849, 110, 1, 0, 0
41950, 110, 1, 0, 0
42050, 120, 1, 0, 0
42150, 100, 1, 0, 0
42249, 111, 1, 0, 0
42349, 120, 1, 0, 0
42449, 100, 1, 0, 0
42549, 140, 1, 0, 0
42649, 100, 1, 0, 0
42750, 130, 1, 0, 0
42850, 130, 1, 0, 0
42950, 120, 1, 0, 0
43050, 140, 1, 0, 0
43150, 50, 1, 0, 0
43249, 60, 1, 0, 0
43349, 60, 1, 0, 0
43449, 90, 1, 0, 0
43550, 100, 1, 0, 0
43650, 100, 1, 0, 0
43749, 141, 1, 0, 0
43849, 110, 1, 0, 0
43949, 150, 1, 0, 0
44049, 100, 1, 0, 0
44149, 120, 1, 0, 0
44249, 80, 1, 0, 0
44349, 110, 1, 0, 0
44450, 100, 1, 0, 0
44550, 120, 1, 0, 0
44650, 140, 1, 0, 0
44749, 101, 1, 0, 0
44849, 130, 1, 0, 0
44949, 130, 1, 0, 0
45049, 140, 1, 0, 0
45149, 130, 1, 0, 0
45249, 140, 1, 0, 0
45350, 120, 1, 0, 0
45450, 110, 1, 0, 0
45550, 50, 1, 0, 0
45650, 70, 1, 0, 0
45749, 101, 1, 0, 0
45849, 50, 1, 0, 0
45949, 40, 1, 0, 0
46049, 90, 1, 0, 0
46149, 100, 1, 0, 0
46250, 90, 1, 0, 0
46350, 100, 1, 0, 0
46450, 60, 1, 0, 0
46550, 160, 1, 0, 0
46650, 140, 1, 0, 0
46749, 121, 1, 0, 0
46849, 130, 1, 0, 0
46949, 150, 1, 0, 0
47049, 160, 1, 0, 0
47149, 130, 1, 0, 0
47249, 130, 1, 0, 0
47350, 130, 1, 0, 0
47450, 130, 1, 0, 0
47550, 110, 1, 0, 0
47650, 110, 1, 0, 0
47749, 111, 1, 0, 0
47849, 140, 1, 0, 0
47949, 120, 1, 0, 0
48049, 140, 1, 0, 0
48149, 150, 1, 0, 0
48249, 130, 1, 0, 0
48349, 50, 1, 0, 0
48449, 50, 1, 0, 0
48550, 50, 1, 0, 0
48650, 50, 1, 0, 0
48749, 161, 1, 0, 0
48849, 130, 1, 0, 0
48949, 150, 1, 0, 0
49049, 100, 1, 0, 0
49149, 110, 1, 0, 0
49249, 110, 1, 0, 0
49349, 100, 1, 0, 0
49449, 120, 1, 0, 0
49550, 110, 1, 0, 0
49650, 110, 1, 0, 0
49749, 111, 1, 0, 0
49849, 130, 1, 0, 0
49949, 130, 1, 0, 0
50049, 120, 1, 0, 0
50149, 160, 1, 0, 0
50249, 140, 1, 0, 0
50349, 120, 1, 0, 0
50449, 120, 1, 0, 0
50549, 140, 1, 0, 0
50649, 120, 1, 0, 0
50749, 140, 1, 0, 0
50850, 110, 1, 0, 0
50950, 140, 1, 0, 0
51050, 50, 1, 0, 0
51150, 20, 1, 0, 0
51249, 60, 1, 0, 0
51349, 20, 1, 0, 0
51449, 80, 1, 0, 0
51549, 90, 1, 0, 0
51649, 130, 1, 0, 0
51749, 120, 1, 0, 0
51850, 140, 1, 0, 0
51950, 110, 1, 0, 0
52050, 140, 1, 0, 0
52150, 130, 1, 0, 0
52249, 121, 1, 0, 0
52349, 140, 1, 0, 0
52449, 120, 1, 0, 0
52549, 180, 1, 0, 0
52649, 120, 1, 0, 0
52750, 110, 1, 0, 0
52850, 120, 1, 0, 0
52950, 110, 1, 0, 0
53050, 100, 1, 0, 0
53150, 100, 1, 0, 0
53249, 101, 1, 0, 0
53349, 120, 1, 0, 0
53449, 100, 1, 0, 0
53549, 110, 1, 0, 0
53649, 90, 1, 0, 0
53750, 80, 1, 0, 0
53850, 50, 1, 0, 0
53950, 80, 1, 0, 0
54050, 130, 1, 0, 0
54150, 140, 1, 0, 0
54249, 111, 1, 0, 0
54349, 140, 1, 0, 0
54449, 100, 1, 0, 0
54549, 100, 1, 0, 0
54649, 100, 1, 0, 0
54750, 110, 1, 0, 0
54850, 100, 1, 0, 0
54950, 110, 1, 0, 0
55050, 100, 1, 0, 0
55150, 100, 1, 0, 0
55249, 111, 1, 0, 0
55349, 120, 1, 0, 0
55449, 100, 1, 0, 0
55549, 130, 1, 0, 0
55649, 140, 1, 0, 0
55749, 111, 1, 0, 0
55849, 140, 1, 0, 0
55949, 130, 1, 0, 0
56049, 150, 1, 0, 0
56149, 130, 1, 0, 0
56249, 140, 1, 0, 0
56349, 130, 1, 0, 0
56449, 50, 1, 0, 0
56549, 50, 1, 0, 0
56650, 30, 1, 0, 0
56749, 80, 1, 0, 0
56849, 130, 1, 0, 0
56949, 120, 1, 0, 0
57049, 140, 1, 0, 0
57149, 130, 1, 0, 0
57249, 130, 1, 0, 0
57349, 160, 1, 0, 0
57449, 120, 1, 0, 0
57549, 120, 1, 0, 0
57649, 140, 1, 0, 0
57750, 110, 1, 0, 0
57850, 120, 1, 0, 0
57950, 110, 1, 0, 0
58050, 140, 1, 0, 0
58150, 100, 1, 0, 0
58249, 111, 1, 0, 0
58349, 110, 1, 0, 0
58449, 110, 1, 0, 0
58549, 100, 1, 0, 0
58649, 100, 1, 0, 0
58749, 100, 1, 0, 0
58849, 100, 1, 0, 0
58949, 100, 1, 0, 0
59050, 130, 1, 0, 0
59150, 50, 1, 0, 0
59249, 50, 1, 0, 0
59349, 30, 1, 0, 0
59449, 60, 1, 0, 0
59549, 70, 1, 0, 0
59649, 130, 1, 0, 0
59749, 100, 1, 0, 0
59849, 110, 1, 0, 0
59950, 130, 1, 0, 0
60050, 150, 1, 0, 0
60150, 100, 1, 0, 0
60249, 121, 1, 0, 0
60349, 100, 1, 0, 0
60449, 90, 1, 0, 0
60549, 120, 1, 0, 0
60649, 100, 1, 0, 0
60749, 60, 1, 0, 0
60849, 90, 1, 0, 0
60949, 100, 1, 0, 0
61050, 100, 1, 0, 0
61150, 100, 1, 0, 0
61249, 90, 1, 0, 0
61349, 110, 1, 0, 0
61449, 100, 1, 0, 0
61549, 60, 1, 0, 0
61649, 20, 1, 0, 0
61749, 50, 1, 0, 0
61849, 50, 1, 0, 0
61949, 90, 1, 0, 0
62050, 110, 1, 0, 0
62150, 120, 1, 0, 0
62249, 151, 1, 0, 0
62349, 100, 1, 0, 0
62449, 120, 1, 0, 0
62549, 160, 1, 0, 0
62649, 130, 1, 0, 0
62749, 120, 1, 0, 0
62849, 110, 1, 0, 0
62949, 110, 1, 0, 0
63050, 160, 1, 0, 0
63150, 100, 1, 0, 0
63249, 111, 1, 0, 0
63349, 110, 1, 0, 0
63449, 110, 1, 0, 0
63549, 100, 1, 0, 0
63649, 110, 1, 0, 0
63749, 100, 1, 0, 0
63849, 130, 1, 0, 0
63949, 110, 1, 0, 0
64049, 100, 1, 0, 0
64149, 140, 1, 0, 0
64250, 50, 1, 0, 0
64350, 10, 1, 0, 0
64450, 60, 1, 0, 0
64550, 50, 1, 0, 0
64650, 100, 1, 0, 0
64749, 111, 1, 0, 0
64849, 100, 1, 0, 0
64949, 110, 1, 0, 0
65049, 110, 1, 0, 0
65149, 130, 1, 0, 0
65249, 100, 1, 0, 0
65349, 140, 1, 0, 0
65449, 110, 1, 0, 0
65550, 160, 1, 0, 0
65650, 140, 1, 0, 0
65749, 121, 1, 0, 0
65849, 110, 1, 0, 0
65949, 110, 1, 0, 0
66049, 100, 1, 0, 0
66149, 110, 1, 0, 0
66250, 110, 1, 0, 0
66350, 130, 1, 0, 0
66450, 100, 1, 0, 0
66550, 120, 1, 0, 0
66650, 130, 1, 0, 0
66749, 101, 1, 0, 0
66849, 120, 1, 0, 0
66949, 100, 1, 0, 0
67049, 60, 1, 0, 0
67149, 60, 1, 0, 0
67250, 50, 1, 0, 0
67350, 50, 1, 0, 0
67450, 100, 1, 0, 0
67550, 110, 1, 0, 0
67650, 100, 1, 0, 0
67749, 151, 1, 0, 0
67849, 120, 1, 0, 0
67949, 130, 1, 0, 0
68049, 130, 1, 0, 0
68149, 120, 1, 0, 0
68249, 140, 1, 0, 0
68349, 120, 1, 0, 0
68450, 140, 1, 0, 0
68550, 120, 1, 0, 0
68650, 130, 1, 0, 0
68749, 121, 1, 0, 0
68849, 100, 1, 0, 0
68949, 130, 1, 0, 0
69049, 110, 1, 0, 0
69149, 100, 1, 0, 0
69249, 100, 1, 0, 0
69349, 110, 1, 0, 0
69449, 120, 1, 0, 0
69550, 100, 1, 0, 0
69650, 110, 1, 0, 0
69749, 111, 1, 0, 0
69849, 90, 1, 0, 0
69949, 50, 1, 0, 0
70049, 20, 1, 0, 0
70149, 50, 1, 0, 0
70250, 70, 1, 0, 0
70350, 130, 1, 0, 0
70450, 120, 1, 0, 0
70550, 120, 1, 0, 0
70650, 100, 1, 0, 0
70749, 101, 1, 0, 0
70850, 110, 1, 0, 0
70950, 130, 1, 0, 0
71050, 130, 1, 0, 0
71150, 120, 1, 0, 0
71249, 141, 1, 0, 0
71349, 130, 1, 0, 0
71449, 150, 1, 0, 0
71549, 140, 1, 0, 0
71649, 120, 1, 0, 0
71749, 150, 1, 0, 0
71850, 120, 1, 0, 0
71950, 130, 1, 0, 0
72050, 110, 1, 0, 0
72150, 130, 1, 0, 0
72249, 101, 1, 0, 0
72349, 100, 1, 0, 0
72449, 70, 1, 0, 0
72549, 70, 1, 0, 0
72649, 140, 1, 0, 0
72750, 100, 1, 0, 0
72850, 130, 1, 0, 0
72950, 150, 1, 0, 0
73050, 110, 1, 0, 0
73150, 140, 1, 0, 0
73249, 101, 1, 0, 0
73349, 130, 1, 0, 0
73449, 120, 1, 0, 0
73549, 140, 1, 0, 0
73649, 110, 1, 0, 0
73750, 150, 1, 0, 0
73850, 120, 1, 0, 0
73950, 110, 1, 0, 0
74050, 140, 1, 0, 0
74150, 110, 1, 0, 0
74249, 111, 1, 0, 0
74349, 110, 1, 0, 0
74449, 110, 1, 0, 0
74549, 90, 1, 0, 0
74649, 100, 1, 0, 0
74750, 130, 1, 0, 0
74850, 110, 1, 0, 0
74950, 100, 1, 0, 0
75050, 110, 1, 0, 0
75150, 100, 1, 0, 0
75249, 60, 1, 0, 0
75349, 40, 1, 0, 0
75449, 50, 1, 0, 0
75549, 50, 1, 0, 0
75650, 110, 1, 0, 0
75749, 141, 1, 0, 0
75849, 110, 1, 0, 0
75949, 130, 1, 0, 0
76049, 100, 1, 0, 0
76149, 110, 1, 0, 0
76249, 100, 1, 0, 0
76349, 110, 1, 0, 0
76449, 110, 1, 0, 0
76549, 110, 1, 0, 0
76649, 120, 1, 0, 0
76750, 110, 1, 0, 0
76850, 100, 1, 0, 0
76950, 120, 1, 0, 0
77050, 140, 1, 0, 0
77150, 110, 1, 0, 0
77249, 151, 1, 0, 0
77349, 140, 1, 0, 0
77449, 100, 1, 0, 0
77550, 120, 1, 0, 0
77650, 100, 1, 0, 0
77749, 101, 1, 0, 0
77849, 110, 1, 0, 0
77949, 90, 1, 0, 0
78049, 50, 1, 0, 0
78149, 40, 1, 0, 0
78249, 50, 1, 0, 0
78349, 50, 1, 0, 0
78449, 50, 1, 0, 0
78550, 100, 1, 0, 0
78650, 160, 1, 0, 0
78749, 141, 1, 0, 0
78849, 110, 1, 0, 0
78949, 100, 1, 0, 0
79049, 120, 1, 0, 0
79149, 100, 1, 0, 0
79249, 130, 1, 0, 0
79349, 100, 1, 0, 0
79450, 100, 1, 0, 0
79550, 110, 1, 0, 0
79650, 100, 1, 0, 0
79749, 141, 1, 0, 0
79849, 100, 1, 0, 0
79949, 120, 1, 0, 0
80049, 140, 1, 0, 0
80149, 180, 1, 0, 0
80249, 160, 1, 0, 0
80349, 120, 1, 0, 0
80450, 160, 1, 0, 0
80550, 90, 1, 0, 0
80650, 50, 1, 0, 0
80749, 10, 1, 0, 0
80849, 50, 1, 0, 0
80949, 40, 1, 0, 0
81049, 50, 1, 0, 0
81149, 110, 1, 0, 0
81249, 100, 1, 0, 0
81349, 150, 1, 0, 0
81449, 140, 1, 0, 0
81550, 110, 1, 0, 0
81650, 150, 1, 0, 0
81749, 111, 1, 0, 0
81849, 110, 1, 0, 0
81949, 70, 1, 0, 0
82049, 100, 1, 0, 0
82149, 120, 1, 0, 0
82249, 100, 1, 0, 0
82349, 130, 1, 0, 0
82449, 140, 1, 0, 0
82550, 100, 1, 0, 0
82650, 150, 1, 0, 0
82749, 121, 1, 0, 0
82849, 140, 1, 0, 0
82949, 100, 1, 0, 0
83049, 140, 1, 0, 0
83149, 140, 1, 0, 0
83250, 70, 1, 0, 0
83350, 30, 1, 0, 0
83450, 60, 1, 0, 0
83550, 30, 1, 0, 0
83650, 50, 1, 0, 0
83749, 40, 1, 0, 0
83849, 140, 1, 0, 0
83949, 140, 1, 0, 0
84050, 160, 1, 0, 0
84150, 130, 1, 0, 0
84249, 111, 1, 0, 0
84349, 120, 1, 0, 0
84449, 100, 1, 0, 0
84549, 130, 1, 0, 0
84649, 130, 1, 0, 0
84749, 160, 1, 0, 0
84850, 140, 1, 0, 0
84950, 120, 1, 0, 0
85050, 130, 1, 0, 0
85150, 140, 1, 0, 0
85249, 111, 1, 0, 0
85349, 120, 1, 0, 0
85449, 120, 1, 0, 0
85549, 100, 1, 0, 0
85649, 100, 1, 0, 0
85750, 90, 1, 0, 0
85850, 50, 1, 0, 0
85950, 10, 1, 0, 0
86050, 50, 1, 0, 0
86150, 40, 1, 0, 0
86249, 60, 1, 0, 0
86349, 50, 1, 0, 0
86449, 10, 1, 0, 0
86550, 90, 1, 0, 0
86650, 180, 1, 0, 0
86749, 121, 1, 0, 0
86849, 110, 1, 0, 0
86949, 140, 1, 0, 0
87049, 150, 1, 0, 0
87149, 100, 1, 0, 0
87249, 110, 1, 0, 0
87349, 100, 1, 0, 0
87450, 100, 1, 0, 0
87550, 160, 1, 0, 0
87650, 130, 1, 0, 0
87749, 121, 1, 0, 0
87849, 140, 1, 0, 0
87949, 120, 1, 0, 0
88049, 110, 1, 0, 0
88149, 100, 1, 0, 0
88249, 50, 1, 0, 0
88349, 40, 1, 0, 0
88450, 60, 1, 0, 0
88550, 30, 1, 0, 0
88650, 50, 1, 0, 0
88749, 50, 1, 0, 0
88849, 50, 1, 0, 0
88949, 100, 1, 0, 0
89049, 120, 1, 0, 0
89150, 100, 1, 0, 0
89249, 111, 1, 0, 0
89349, 140, 1, 0, 0
89449, 110, 1, 0, 0
89549, 110, 1, 0, 0
89649, 120, 1, 0, 0
89749, 140, 1, 0, 0
89849, 140, 1, 0, 0
89949, 120, 1, 0, 0
90049, 100, 1, 0, 0
