250, 32768, 1, 0, 0
350, 35840, 1, 0, 0
450, 35840, 1, 0, 0
550, 38400, 1, 0, 0
650, 25600, 1, 0, 0
749, 28444, 1, 0, 0
849, 30720, 1, 0, 0
949, 25600, 1, 0, 0
1050, 38400, 1, 0, 0
1150, 28160, 1, 0, 0
1249, 36202, 1, 0, 0
1349, 28160, 1, 0, 0
1449, 23040, 1, 0, 0
1549, 12800, 1, 0, 0
1649, 10240, 1, 0, 0
1750, 10240, 1, 0, 0
1850, 15360, 1, 0, 0
1950, 35840, 1, 0, 0
2050, 28160, 1, 0, 0
2150, 25600, 1, 0, 0
2249, 28444, 1, 0, 0
2349, 28160, 1, 0, 0
2449, 40960, 1, 0, 0
2550, 25600, 1, 0, 0
2650, 33280, 1, 0, 0
2749, 28444, 1, 0, 0
2849, 28160, 1, 0, 0
2949, 28160, 1, 0, 0
3049, 25600, 1, 0, 0
3149, 38400, 1, 0, 0
3249, 25600, 1, 0, 0
3349, 23040, 1, 0, 0
3450, 30720, 1, 0, 0
3550, 35840, 1, 0, 0
3650, 38400, 1, 0, 0
3749, 25858, 1, 0, 0
3849, 40960, 1, 0, 0
3949, 28160, 1, 0, 0
4049, 28160, 1, 0, 0
4149, 12800, 1, 0, 0
4250, 12800, 1, 0, 0
4350, 5120, 1, 0, 0
4450, 12800, 1, 0, 0
4550, 17920, 1, 0, 0
4650, 10240, 1, 0, 0
4749, 10343, 1, 0, 0
4849, 12800, 1, 0, 0
4949, 33280, 1, 0, 0
5050, 35840, 1, 0, 0
5150, 35840, 1, 0, 0
5249, 28444, 1, 0, 0
5349, 30720, 1, 0, 0
5449, 28160, 1, 0, 0
5549, 35840, 1, 0, 0
5649, 30720, 1, 0, 0
5749, 38400, 1, 0, 0
5849, 35840, 1, 0, 0
5949, 30720, 1, 0, 0
6050, 33280, 1, 0, 0
6150, 35840, 1, 0, 0
6249, 31030, 1, 0, 0
6349, 38400, 1, 0, 0
6449, 17920, 1, 0, 0
6549, 7680, 1, 0, 0
6649, 15360, 1, 0, 0
6750, 12800, 1, 0, 0
6850, 5120, 1, 0, 0
6950, 15360, 1, 0, 0
7050, 5120, 1, 0, 0
7150, 17920, 1, 0, 0
7249, 25858, 1, 0, 0
7349, 28160, 1, 0, 0
7449, 33280, 1, 0, 0
7550, 38400, 1, 0, 0
7650, 25600, 1, 0, 0
7749, 36202, 1, 0, 0
7849, 33280, 1, 0, 0
7949, 28160, 1, 0, 0
8049, 40960, 1, 0, 0
8149, 33280, 1, 0, 0
8249, 33280, 1, 0, 0
8349, 28160, 1, 0, 0
8449, 33280, 1, 0, 0
8550, 25600, 1, 0, 0
8650, 33280, 1, 0, 0
8749, 31030, 1, 0, 0
8849, 28160, 1, 0, 0
8949, 12800, 1, 0, 0
9049, 5120, 1, 0, 0
9149, 12800, 1, 0, 0
9249, 12800, 1, 0, 0
9350, 10240, 1, 0, 0
9450, 12800, 1, 0, 0
9550, 5120, 1, 0, 0
9650, 17920, 1, 0, 0
9749, 25858, 1, 0, 0
9849, 25600, 1, 0, 0
9949, 28160, 1, 0, 0
10049, 35840, 1, 0, 0
10150, 25600, 1, 0, 0
10249, 28444, 1, 0, 0
10349, 28160, 1, 0, 0
10449, 38400, 1, 0, 0
10549, 25600, 1, 0, 0
10649, 28160, 1, 0, 0
10749, 30720, 1, 0, 0
10849, 40960, 1, 0, 0
10949, 35840, 1, 0, 0
11050, 30720, 1, 0, 0
11150, 38400, 1, 0, 0
11249, 36202, 1, 0, 0
11349, 20480, 1, 0, 0
11449, 12800, 1, 0, 0
11549, 15360, 1, 0, 0
11649, 15360, 1, 0, 0
11749, 28160, 1, 0, 0
11850, 25600, 1, 0, 0
11950, 33280, 1, 0, 0
12050, 35840, 1, 0, 0
12150, 25600, 1, 0, 0
12249, 15515, 1, 0, 0
12349, 30720, 1, 0, 0
12449, 35840, 1, 0, 0
12549, 25600, 1, 0, 0
12649, 25600, 1, 0, 0
12749, 38400, 1, 0, 0
12850, 33280, 1, 0, 0
12950, 30720, 1, 0, 0
13050, 35840, 1, 0, 0
13150, 35840, 1, 0, 0
13249, 36202, 1, 0, 0
13349, 35840, 1, 0, 0
13449, 35840, 1, 0, 0
13549, 40960, 1, 0, 0
13649, 33280, 1, 0, 0
13749, 30720, 1, 0, 0
13849, 33280, 1, 0, 0
13950, 25600, 1, 0, 0
14050, 28160, 1, 0, 0
14150, 17920, 1, 0, 0
14249, 5171, 1, 0, 0
14349, 15360, 1, 0, 0
14449, 10240, 1, 0, 0
14550, 12800, 1, 0, 0
14650, 2560, 1, 0, 0
14749, 12929, 1, 0, 0
14849, 28160, 1, 0, 0
14949, 25600, 1, 0, 0
15049, 35840, 1, 0, 0
15149, 33280, 1, 0, 0
15249, 30720, 1, 0, 0
15349, 38400, 1, 0, 0
15450, 35840, 1, 0, 0
15550, 35840, 1, 0, 0
15650, 33280, 1, 0, 0
15749, 36202, 1, 0, 0
15849, 25600, 1, 0, 0
15949, 38400, 1, 0, 0
16049, 28160, 1, 0, 0
16149, 25600, 1, 0, 0
16250, 35840, 1, 0, 0
16350, 25600, 1, 0, 0
16450, 20480, 1, 0, 0
16550, 33280, 1, 0, 0
16650, 17920, 1, 0, 0
16749, 31030, 1, 0, 0
16849, 28160, 1, 0, 0
16949, 35840, 1, 0, 0
17049, 30720, 1, 0, 0
17149, 40960, 1, 0, 0
17249, 28444, 1, 0, 0
17349, 30720, 1, 0, 0
17449, 33280, 1, 0, 0
17549, 30720, 1, 0, 0
17649, 30720, 1, 0, 0
17749, 25600, 1, 0, 0
17849, 25600, 1, 0, 0
17950, 30720, 1, 0, 0
18050, 25600, 1, 0, 0
18150, 38400, 1, 0, 0
18249, 25858, 1, 0, 0
18349, 30720, 1, 0, 0
18449, 28160, 1, 0, 0
18549, 25600, 1, 0, 0
18650, 28160, 1, 0, 0
18749, 28444, 1, 0, 0
18849, 28160, 1, 0, 0
18949, 28160, 1, 0, 0
19049, 25600, 1, 0, 0
19149, 25600, 1, 0, 0
19249, 28160, 1, 0, 0
19349, 28160, 1, 0, 0
19449, 7680, 1, 0, 0
19550, 12800, 1, 0, 0
19650, 12800, 1, 0, 0
19749, 7757, 1, 0, 0
19849, 10240, 1, 0, 0
19949, 12800, 1, 0, 0
20050, 15360, 1, 0, 0
20150, 20480, 1, 0, 0
20249, 25858, 1, 0, 0
20349, 33280, 1, 0, 0
20449, 28160, 1, 0, 0
20549, 35840, 1, 0, 0
20649, 25600, 1, 0, 0
20749, 35840, 1, 0, 0
20849, 25600, 1, 0, 0
20949, 28160, 1, 0, 0
21050, 25600, 1, 0, 0
21150, 25600, 1, 0, 0
21249, 25858, 1, 0, 0
21349, 25600, 1, 0, 0
21449, 30720, 1, 0, 0
21549, 28160, 1, 0, 0
21649, 28160, 1, 0, 0
21749, 33280, 1, 0, 0
21850, 25600, 1, 0, 0
21950, 17920, 1, 0, 0
22050, 10240, 1, 0, 0
22150, 12800, 1, 0, 0
22249, 10343, 1, 0, 0
22349, 12800, 1, 0, 0
22449, 5120, 1, 0, 0
22550, 12800, 1, 0, 0
22650, 7680, 1, 0, 0
22749, 25858, 1, 0, 0
22849, 30720, 1, 0, 0
22949, 35840, 1, 0, 0
23049, 25600, 1, 0, 0
23149, 25600, 1, 0, 0
23249, 33280, 1, 0, 0
23349, 30720, 1, 0, 0
23449, 30720, 1, 0, 0
23550, 28160, 1, 0, 0
23650, 46080, 1, 0, 0
23749, 38787, 1, 0, 0
23849, 25600, 1, 0, 0
23949, 25600, 1, 0, 0
24049, 30720, 1, 0, 0
24149, 35840, 1, 0, 0
24250, 25600, 1, 0, 0
24350, 25600, 1, 0, 0
24450, 12800, 1, 0, 0
24550, 12800, 1, 0, 0
24650, 17920, 1, 0, 0
24749, 12929, 1, 0, 0
24849, 28160, 1, 0, 0
24949, 28160, 1, 0, 0
25049, 30720, 1, 0, 0
25149, 30720, 1, 0, 0
25250, 25600, 1, 0, 0
25350, 38400, 1, 0, 0
25450, 28160, 1, 0, 0
25550, 33280, 1, 0, 0
25650, 30720, 1, 0, 0
25749, 25858, 1, 0, 0
25849, 30720, 1, 0, 0
25949, 28160, 1, 0, 0
26049, 35840, 1, 0, 0
26149, 30720, 1, 0, 0
26249, 31030, 1, 0, 0
26349, 28160, 1, 0, 0
26449, 25600, 1, 0, 0
26549, 28160, 1, 0, 0
26649, 25600, 1, 0, 0
26749, 28160, 1, 0, 0
26849, 38400, 1, 0, 0
26949, 25600, 1, 0, 0
27050, 35840, 1, 0, 0
27150, 35840, 1, 0, 0
27249, 18101, 1, 0, 0
27349, 5120, 1, 0, 0
27449, 12800, 1, 0, 0
27549, 7680, 1, 0, 0
27650, 12800, 1, 0, 0
27749, 7757, 1, 0, 0
27849, 12800, 1, 0, 0
27949, 23040, 1, 0, 0
28049, 33280, 1, 0, 0
28149, 30720, 1, 0, 0
28250, 28160, 1, 0, 0
28350, 25600, 1, 0, 0
28450, 38400, 1, 0, 0
28550, 25600, 1, 0, 0
28650, 30720, 1, 0, 0
28749, 25858, 1, 0, 0
28849, 30720, 1, 0, 0
28949, 35840, 1, 0, 0
29050, 33280, 1, 0, 0
29150, 35840, 1, 0, 0
29249, 25858, 1, 0, 0
29349, 33280, 1, 0, 0
29449, 28160, 1, 0, 0
29549, 28160, 1, 0, 0
29649, 20480, 1, 0, 0
29750, 12800, 1, 0, 0
29850, 12800, 1, 0, 0
29950, 7680, 1, 0, 0
30050, 15360, 1, 0, 0
30150, 15360, 1, 0, 0
30249, 36202, 1, 0, 0
30349, 38400, 1, 0, 0
30450, 28160, 1, 0, 0
30550, 30720, 1, 0, 0
30650, 33280, 1, 0, 0
30749, 36202, 1, 0, 0
30849, 30720, 1, 0, 0
30949, 25600, 1, 0, 0
31049, 28160, 1, 0, 0
31149, 28160, 1, 0, 0
31249, 25600, 1, 0, 0
31349, 35840, 1, 0, 0
31450, 25600, 1, 0, 0
31550, 25600, 1, 0, 0
31650, 33280, 1, 0, 0
31749, 25858, 1, 0, 0
31849, 30720, 1, 0, 0
31949, 33280, 1, 0, 0
32049, 30720, 1, 0, 0
32149, 30720, 1, 0, 0
32250, 23040, 1, 0, 0
32350, 15360, 1, 0, 0
32450, 10240, 1, 0, 0
32550, 5120, 1, 0, 0
32650, 20480, 1, 0, 0
32749, 33616, 1, 0, 0
32849, 28160, 1, 0, 0
32949, 30720, 1, 0, 0
33050, 38400, 1, 0, 0
33150, 35840, 1, 0, 0
33249, 25858, 1, 0, 0
33349, 33280, 1, 0, 0
33449, 28160, 1, 0, 0
33549, 25600, 1, 0, 0
33649, 28160, 1, 0, 0
33750, 38400, 1, 0, 0
33850, 25600, 1, 0, 0
33950, 35840, 1, 0, 0
34050, 35840, 1, 0, 0
34150, 38400, 1, 0, 0
34249, 28444, 1, 0, 0
34349, 30720, 1, 0, 0
34449, 33280, 1, 0, 0
34549, 25600, 1, 0, 0
34649, 25600, 1, 0, 0
34749, 25858, 1, 0, 0
34849, 25600, 1, 0, 0
34949, 25600, 1, 0, 0
35049, 15360, 1, 0, 0
35149, 10240, 1, 0, 0
35249, 12800, 1, 0, 0
35349, 15360, 1, 0, 0
35450, 23040, 1, 0, 0
35550, 33280, 1, 0, 0
35650, 30720, 1, 0, 0
35749, 25858, 1, 0, 0
35849, 35840, 1, 0, 0
35949, 25600, 1, 0, 0
36049, 25600, 1, 0, 0
36149, 33280, 1, 0, 0
36249, 28160, 1, 0, 0
36349, 28160, 1, 0, 0
36450, 28160, 1, 0, 0
36550, 25600, 1, 0, 0
36650, 28160, 1, 0, 0
36749, 31030, 1, 0, 0
36849, 25600, 1, 0, 0
36949, 25600, 1, 0, 0
37049, 25600, 1, 0, 0
37149, 28160, 1, 0, 0
37249, 28160, 1, 0, 0
37350, 33280, 1, 0, 0
37450, 33280, 1, 0, 0
37550, 28160, 1, 0, 0
37650, 40960, 1, 0, 0
37749, 18101, 1, 0, 0
37849, 10240, 1, 0, 0
37949, 12800, 1, 0, 0
38049, 2560, 1, 0, 0
38149, 33280, 1, 0, 0
38250, 33280, 1, 0, 0
38350, 30720, 1, 0, 0
38450, 28160, 1, 0, 0
38550, 38400, 1, 0, 0
38650, 28160, 1, 0, 0
38749, 38787, 1, 0, 0
38849, 25600, 1, 0, 0
38949, 28160, 1, 0, 0
39049, 30720, 1, 0, 0
39149, 25600, 1, 0, 0
39249, 25858, 1, 0, 0
39349, 28160, 1, 0, 0
39449, 25600, 1, 0, 0
39549, 28160, 1, 0, 0
39649, 28160, 1, 0, 0
39749, 25600, 1, 0, 0
39849, 38400, 1, 0, 0
39949, 28160, 1, 0, 0
40049, 28160, 1, 0, 0
40150, 35840, 1, 0, 0
40249, 25858, 1, 0, 0
40349, 35840, 1, 0, 0
40449, 12800, 1, 0, 0
40549, 15360, 1, 0, 0
40649, 12800, 1, 0, 0
40749, 12800, 1, 0, 0
40849, 15360, 1, 0, 0
40950, 12800, 1, 0, 0
41050, 12800, 1, 0, 0
41150, 35840, 1, 0, 0
41249, 25858, 1, 0, 0
41349, 35840, 1, 0, 0
41449, 30720, 1, 0, 0
41549, 33280, 1, 0, 0
41649, 25600, 1, 0, 0
41749, 28160, 1, 0, 0
41849, 25600, 1, 0, 0
41949, 25600, 1, 0, 0
42050, 28160, 1, 0, 0
42150, 40960, 1, 0, 0
42249, 25858, 1, 0, 0
42349, 33280, 1, 0, 0
42449, 28160, 1, 0, 0
42549, 25600, 1, 0, 0
42649, 28160, 1, 0, 0
42749, 33280, 1, 0, 0
42849, 33280, 1, 0, 0
42949, 30720, 1, 0, 0
43050, 33280, 1, 0, 0
43150, 12800, 1, 0, 0
43249, 15515, 1, 0, 0
43349, 12800, 1, 0, 0
43449, 23040, 1, 0, 0
43550, 25600, 1, 0, 0
43650, 28160, 1, 0, 0
43749, 28444, 1, 0, 0
43849, 30720, 1, 0, 0
43949, 30720, 1, 0, 0
44049, 35840, 1, 0, 0
44149, 30720, 1, 0, 0
44249, 25600, 1, 0, 0
44349, 25600, 1, 0, 0
44449, 28160, 1, 0, 0
44550, 28160, 1, 0, 0
44650, 30720, 1, 0, 0
44749, 33616, 1, 0, 0
44849, 28160, 1, 0, 0
44949, 35840, 1, 0, 0
45049, 33280, 1, 0, 0
45149, 35840, 1, 0, 0
45250, 40960, 1, 0, 0
45350, 30720, 1, 0, 0
45450, 28160, 1, 0, 0
45550, 12800, 1, 0, 0
45650, 20480, 1, 0, 0
45749, 31030, 1, 0, 0
45849, 17920, 1, 0, 0
45949, 2560, 1, 0, 0
46050, 23040, 1, 0, 0
46150, 15360, 1, 0, 0
46249, 31030, 1, 0, 0
46349, 20480, 1, 0, 0
46449, 25600, 1, 0, 0
46549, 30720, 1, 0, 0
46649, 33280, 1, 0, 0
46749, 40960, 1, 0, 0
46849, 35840, 1, 0, 0
46949, 35840, 1, 0, 0
47050, 33280, 1, 0, 0
47150, 40960, 1, 0, 0
47249, 33616, 1, 0, 0
47349, 33280, 1, 0, 0
47449, 28160, 1, 0, 0
47549, 25600, 1, 0, 0
47649, 28160, 1, 0, 0
47750, 35840, 1, 0, 0
47850, 38400, 1, 0, 0
47950, 25600, 1, 0, 0
48050, 38400, 1, 0, 0
48150, 33280, 1, 0, 0
48249, 36202, 1, 0, 0
48349, 15360, 1, 0, 0
48449, 12800, 1, 0, 0
48549, 12800, 1, 0, 0
48650, 10240, 1, 0, 0
48749, 36202, 1, 0, 0
48849, 35840, 1, 0, 0
48949, 33280, 1, 0, 0
49049, 30720, 1, 0, 0
49149, 28160, 1, 0, 0
49249, 28160, 1, 0, 0
49349, 28160, 1, 0, 0
49450, 33280, 1, 0, 0
49550, 25600, 1, 0, 0
49650, 28160, 1, 0, 0
49749, 33616, 1, 0, 0
49849, 30720, 1, 0, 0
49949, 33280, 1, 0, 0
50049, 33280, 1, 0, 0
50149, 30720, 1, 0, 0
50249, 35840, 1, 0, 0
50349, 38400, 1, 0, 0
50449, 25600, 1, 0, 0
50550, 33280, 1, 0, 0
50650, 30720, 1, 0, 0
50749, 36202, 1, 0, 0
50849, 35840, 1, 0, 0
50949, 35840, 1, 0, 0
51049, 15360, 1, 0, 0
51149, 10240, 1, 0, 0
51249, 15360, 1, 0, 0
51349, 7680, 1, 0, 0
51450, 12800, 1, 0, 0
51550, 25600, 1, 0, 0
51650, 35840, 1, 0, 0
51749, 28444, 1, 0, 0
51849, 35840, 1, 0, 0
51949, 40960, 1, 0, 0
52049, 30720, 1, 0, 0
52149, 35840, 1, 0, 0
52249, 33280, 1, 0, 0
52349, 35840, 1, 0, 0
52450, 30720, 1, 0, 0
52550, 38400, 1, 0, 0
52650, 35840, 1, 0, 0
52749, 36202, 1, 0, 0
52849, 28160, 1, 0, 0
52949, 28160, 1, 0, 0
53049, 25600, 1, 0, 0
53149, 28160, 1, 0, 0
53250, 28160, 1, 0, 0
53350, 33280, 1, 0, 0
53450, 38400, 1, 0, 0
53550, 25600, 1, 0, 0
53650, 23040, 1, 0, 0
53749, 15515, 1, 0, 0
53849, 12800, 1, 0, 0
53949, 12800, 1, 0, 0
54049, 38400, 1, 0, 0
54149, 35840, 1, 0, 0
54250, 35840, 1, 0, 0
54350, 25600, 1, 0, 0
54450, 38400, 1, 0, 0
54550, 28160, 1, 0, 0
54650, 33280, 1, 0, 0
54749, 25858, 1, 0, 0
54849, 25600, 1, 0, 0
54949, 28160, 1, 0, 0
55049, 28160, 1, 0, 0
55150, 25600, 1, 0, 0
55249, 28444, 1, 0, 0
55349, 28160, 1, 0, 0
55449, 35840, 1, 0, 0
55549, 43520, 1, 0, 0
55649, 25600, 1, 0, 0
55749, 40960, 1, 0, 0
55849, 30720, 1, 0, 0
55949, 33280, 1, 0, 0
56050, 35840, 1, 0, 0
56150, 40960, 1, 0, 0
56249, 31030, 1, 0, 0
56349, 28160, 1, 0, 0
56449, 12800, 1, 0, 0
56549, 10240, 1, 0, 0
56649, 12800, 1, 0, 0
56750, 15360, 1, 0, 0
56850, 38400, 1, 0, 0
56950, 30720, 1, 0, 0
57050, 35840, 1, 0, 0
57150, 30720, 1, 0, 0
57249, 31030, 1, 0, 0
57349, 33280, 1, 0, 0
57449, 38400, 1, 0, 0
57549, 35840, 1, 0, 0
57650, 25600, 1, 0, 0
57749, 33616, 1, 0, 0
57849, 28160, 1, 0, 0
57949, 33280, 1, 0, 0
58049, 28160, 1, 0, 0
58149, 35840, 1, 0, 0
58249, 25600, 1, 0, 0
58349, 28160, 1, 0, 0
58449, 28160, 1, 0, 0
58550, 25600, 1, 0, 0
58650, 25600, 1, 0, 0
58749, 25858, 1, 0, 0
58849, 28160, 1, 0, 0
58949, 30720, 1, 0, 0
59049, 30720, 1, 0, 0
59149, 15360, 1, 0, 0
59249, 15360, 1, 0, 0
59349, 10240, 1, 0, 0
59449, 12800, 1, 0, 0
59550, 12800, 1, 0, 0
59650, 25600, 1, 0, 0
59749, 28444, 1, 0, 0
59849, 35840, 1, 0, 0
59949, 25600, 1, 0, 0
60049, 35840, 1, 0, 0
60149, 30720, 1, 0, 0
60249, 33280, 1, 0, 0
60349, 25600, 1, 0, 0
60449, 23040, 1, 0, 0
60550, 23040, 1, 0, 0
60650, 25600, 1, 0, 0
60749, 20686, 1, 0, 0
60849, 25600, 1, 0, 0
60949, 17920, 1, 0, 0
61049, 28160, 1, 0, 0
61149, 30720, 1, 0, 0
61249, 17920, 1, 0, 0
61349, 28160, 1, 0, 0
61450, 28160, 1, 0, 0
61550, 12800, 1, 0, 0
61650, 10240, 1, 0, 0
61749, 12929, 1, 0, 0
61849, 12800, 1, 0, 0
61949, 17920, 1, 0, 0
62049, 28160, 1, 0, 0
62149, 30720, 1, 0, 0
62250, 38400, 1, 0, 0
62350, 30720, 1, 0, 0
62450, 35840, 1, 0, 0
62550, 28160, 1, 0, 0
62650, 40960, 1, 0, 0
62749, 28444, 1, 0, 0
62849, 35840, 1, 0, 0
62949, 25600, 1, 0, 0
63049, 25600, 1, 0, 0
63150, 35840, 1, 0, 0
63249, 25858, 1, 0, 0
63349, 33280, 1, 0, 0
63449, 33280, 1, 0, 0
63549, 25600, 1, 0, 0
63649, 25600, 1, 0, 0
63749, 28160, 1, 0, 0
63849, 30720, 1, 0, 0
63949, 35840, 1, 0, 0
64050, 25600, 1, 0, 0
64150, 38400, 1, 0, 0
64249, 12929, 1, 0, 0
64349, 5120, 1, 0, 0
64449, 12800, 1, 0, 0
64549, 12800, 1, 0, 0
64649, 28160, 1, 0, 0
64749, 25600, 1, 0, 0
64849, 25600, 1, 0, 0
64950, 25600, 1, 0, 0
65050, 25600, 1, 0, 0
65150, 28160, 1, 0, 0
65249, 33616, 1, 0, 0
65349, 25600, 1, 0, 0
65449, 35840, 1, 0, 0
65549, 35840, 1, 0, 0
65649, 33280, 1, 0, 0
65749, 38400, 1, 0, 0
65850, 28160, 1, 0, 0
65950, 25600, 1, 0, 0
66050, 30720, 1, 0, 0
66150, 28160, 1, 0, 0
66249, 25858, 1, 0, 0
66349, 25600, 1, 0, 0
66449, 25600, 1, 0, 0
66550, 35840, 1, 0, 0
66650, 30720, 1, 0, 0
66749, 25858, 1, 0, 0
66849, 38400, 1, 0, 0
66949, 25600, 1, 0, 0
67049, 12800, 1, 0, 0
67149, 12800, 1, 0, 0
67249, 17920, 1, 0, 0
67350, 12800, 1, 0, 0
67450, 23040, 1, 0, 0
67550, 25600, 1, 0, 0
67650, 30720, 1, 0, 0
67749, 36202, 1, 0, 0
67849, 30720, 1, 0, 0
67949, 33280, 1, 0, 0
68049, 35840, 1, 0, 0
68149, 33280, 1, 0, 0
68250, 35840, 1, 0, 0
68350, 28160, 1, 0, 0
68450, 35840, 1, 0, 0
68550, 38400, 1, 0, 0
68650, 25600, 1, 0, 0
68749, 36202, 1, 0, 0
68849, 25600, 1, 0, 0
68949, 30720, 1, 0, 0
69050, 25600, 1, 0, 0
69150, 40960, 1, 0, 0
69249, 25858, 1, 0, 0
69349, 28160, 1, 0, 0
69449, 17920, 1, 0, 0
69549, 35840, 1, 0, 0
69649, 28160, 1, 0, 0
69749, 28160, 1, 0, 0
69849, 20480, 1, 0, 0
69949, 12800, 1, 0, 0
70050, 7680, 1, 0, 0
70150, 12800, 1, 0, 0
70249, 12929, 1, 0, 0
70349, 28160, 1, 0, 0
70449, 33280, 1, 0, 0
70549, 25600, 1, 0, 0
70649, 28160, 1, 0, 0
70749, 25600, 1, 0, 0
70849, 25600, 1, 0, 0
70950, 30720, 1, 0, 0
71050, 35840, 1, 0, 0
71150, 35840, 1, 0, 0
71249, 33616, 1, 0, 0
71349, 35840, 1, 0, 0
71449, 40960, 1, 0, 0
71549, 30720, 1, 0, 0
71649, 33280, 1, 0, 0
71749, 35840, 1, 0, 0
71849, 33280, 1, 0, 0
71950, 35840, 1, 0, 0
72050, 25600, 1, 0, 0
72150, 28160, 1, 0, 0
72249, 28444, 1, 0, 0
72349, 25600, 1, 0, 0
72449, 20480, 1, 0, 0
72549, 12800, 1, 0, 0
72650, 30720, 1, 0, 0
72749, 33616, 1, 0, 0
72849, 33280, 1, 0, 0
72949, 33280, 1, 0, 0
73049, 30720, 1, 0, 0
73149, 25600, 1, 0, 0
73249, 38400, 1, 0, 0
73349, 25600, 1, 0, 0
73449, 28160, 1, 0, 0
73550, 30720, 1, 0, 0
73650, 40960, 1, 0, 0
73749, 31030, 1, 0, 0
73849, 33280, 1, 0, 0
73949, 33280, 1, 0, 0
74049, 25600, 1, 0, 0
74149, 35840, 1, 0, 0
74249, 28160, 1, 0, 0
74350, 25600, 1, 0, 0
74450, 25600, 1, 0, 0
74550, 30720, 1, 0, 0
74650, 25600, 1, 0, 0
74749, 25858, 1, 0, 0
74849, 25600, 1, 0, 0
74949, 35840, 1, 0, 0
75049, 28160, 1, 0, 0
75150, 25600, 1, 0, 0
75249, 23272, 1, 0, 0
75349, 5120, 1, 0, 0
75449, 7680, 1, 0, 0
75549, 15360, 1, 0, 0
75649, 33280, 1, 0, 0
75749, 25600, 1, 0, 0
75849, 33280, 1, 0, 0
75949, 30720, 1, 0, 0
76050, 25600, 1, 0, 0
76150, 23040, 1, 0, 0
76249, 28444, 1, 0, 0
76349, 33280, 1, 0, 0
76449, 28160, 1, 0, 0
76549, 30720, 1, 0, 0
76649, 25600, 1, 0, 0
76749, 28444, 1, 0, 0
76849, 28160, 1, 0, 0
76949, 25600, 1, 0, 0
77049, 43520, 1, 0, 0
77149, 33280, 1, 0, 0
77249, 33280, 1, 0, 0
77349, 38400, 1, 0, 0
77449, 30720, 1, 0, 0
77550, 33280, 1, 0, 0
77650, 33280, 1, 0, 0
77749, 28444, 1, 0, 0
77849, 28160, 1, 0, 0
77949, 20480, 1, 0, 0
78049, 12800, 1, 0, 0
78149, 7680, 1, 0, 0
78249, 15360, 1, 0, 0
78350, 12800, 1, 0, 0
78450, 12800, 1, 0, 0
78550, 28160, 1, 0, 0
78650, 28160, 1, 0, 0
78749, 38787, 1, 0, 0
78849, 25600, 1, 0, 0
78949, 25600, 1, 0, 0
79049, 28160, 1, 0, 0
79149, 25600, 1, 0, 0
79250, 25600, 1, 0, 0
79350, 25600, 1, 0, 0
79450, 25600, 1, 0, 0
79550, 30720, 1, 0, 0
79650, 25600, 1, 0, 0
79749, 36202, 1, 0, 0
79849, 28160, 1, 0, 0
79949, 30720, 1, 0, 0
80049, 35840, 1, 0, 0
80150, 28160, 1, 0, 0
80249, 36202, 1, 0, 0
80349, 40960, 1, 0, 0
80449, 25600, 1, 0, 0
80549, 25600, 1, 0, 0
80649, 12800, 1, 0, 0
80749, 7680, 1, 0, 0
80849, 15360, 1, 0, 0
80950, 7680, 1, 0, 0
81050, 5120, 1, 0, 0
81150, 33280, 1, 0, 0
81249, 31030, 1, 0, 0
81349, 30720, 1, 0, 0
81449, 38400, 1, 0, 0
81549, 30720, 1, 0, 0
81649, 28160, 1, 0, 0
81750, 35840, 1, 0, 0
81850, 28160, 1, 0, 0
81950, 25600, 1, 0, 0
82050, 28160, 1, 0, 0
82150, 25600, 1, 0, 0
82249, 31030, 1, 0, 0
82349, 25600, 1, 0, 0
82449, 25600, 1, 0, 0
82550, 38400, 1, 0, 0
82650, 25600, 1, 0, 0
82749, 38787, 1, 0, 0
82849, 48640, 1, 0, 0
82949, 33280, 1, 0, 0
83049, 28160, 1, 0, 0
83149, 35840, 1, 0, 0
83249, 17920, 1, 0, 0
83349, 7680, 1, 0, 0
83450, 12800, 1, 0, 0
83550, 7680, 1, 0, 0
83650, 12800, 1, 0, 0
83749, 7757, 1, 0, 0
83849, 28160, 1, 0, 0
83949, 30720, 1, 0, 0
84049, 33280, 1, 0, 0
84150, 35840, 1, 0, 0
84249, 28444, 1, 0, 0
84349, 25600, 1, 0, 0
84449, 28160, 1, 0, 0
84549, 25600, 1, 0, 0
84649, 33280, 1, 0, 0
84749, 28160, 1, 0, 0
84849, 35840, 1, 0, 0
84949, 48640, 1, 0, 0
85049, 33280, 1, 0, 0
85149, 33280, 1, 0, 0
85250, 25600, 1, 0, 0
85350, 28160, 1, 0, 0
85450, 35840, 1, 0, 0
85550, 28160, 1, 0, 0
85650, 25600, 1, 0, 0
85749, 20686, 1, 0, 0
85849, 15360, 1, 0, 0
85950, 5120, 1, 0, 0
86050, 15360, 1, 0, 0
86150, 7680, 1, 0, 0
86249, 12929, 1, 0, 0
86349, 7680, 1, 0, 0
86449, 12800, 1, 0, 0
86549, 17920, 1, 0, 0
86649, 35840, 1, 0, 0
86750, 35840, 1, 0, 0
86850, 33280, 1, 0, 0
86950, 25600, 1, 0, 0
87050, 28160, 1, 0, 0
87150, 28160, 1, 0, 0
87249, 33616, 1, 0, 0
87349, 30720, 1, 0, 0
87449, 25600, 1, 0, 0
87550, 30720, 1, 0, 0
87650, 30720, 1, 0, 0
87749, 33616, 1, 0, 0
87849, 35840, 1, 0, 0
87949, 40960, 1, 0, 0
88049, 25600, 1, 0, 0
88149, 25600, 1, 0, 0
88249, 15360, 1, 0, 0
88349, 5120, 1, 0, 0
88450, 17920, 1, 0, 0
88550, 5120, 1, 0, 0
88650, 12800, 1, 0, 0
88749, 18101, 1, 0, 0
88849, 12800, 1, 0, 0
88949, 25600, 1, 0, 0
89049, 28160, 1, 0, 0
89150, 25600, 1, 0, 0
89249, 25858, 1, 0, 0
89349, 28160, 1, 0, 0
89449, 28160, 1, 0, 0
89549, 33280, 1, 0, 0
89649, 25600, 1, 0, 0
89749, 30720, 1, 0, 0
89849, 33280, 1, 0, 0
89950, 30720, 1, 0, 0
90050, 33280, 1, 0, 0
