118, 30349527, 1, 0, 0
217, 29651597, 1, 0, 0
317, 33061505, 1, 0, 0
418, 30596419, 1, 0, 0
514, 27631686, 1, 0, 0
604, 36176247, 1, 0, 0
719, 34821144, 1, 0, 0
812, 36682676, 1, 0, 0
902, 34638332, 1, 0, 0
1011, 33586049, 1, 0, 0
1120, 30058638, 1, 0, 0
1212, 36896639, 1, 0, 0
1321, 34117823, 1, 0, 0
1423, 30955115, 1, 0, 0
1533, 68862047, 1, 0, 0
1662, 72615843, 1, 0, 0
1725, 111709336, 1, 0, 0
1849, 91108421, 1, 0, 0
1918, 45215242, 1, 0, 0
2003, 35378448, 1, 0, 0
2101, 30938682, 1, 0, 0
2202, 36563196, 1, 0, 0
2322, 30443540, 1, 0, 0
2416, 35265870, 1, 0, 0
2514, 36306019, 1, 0, 0
2616, 35195723, 1, 0, 0
2704, 28162856, 1, 0, 0
2816, 35983909, 1, 0, 0
2906, 33859073, 1, 0, 0
3019, 28135781, 1, 0, 0
3112, 36722971, 1, 0, 0
3212, 32862251, 1, 0, 0
3313, 36722131, 1, 0, 0
3402, 38873463, 1, 0, 0
3502, 31611915, 1, 0, 0
3607, 28883799, 1, 0, 0
3702, 30706355, 1, 0, 0
3811, 30830225, 1, 0, 0
3908, 32976086, 1, 0, 0
4010, 37851746, 1, 0, 0
4123, 38195991, 1, 0, 0
4244, 68980475, 1, 0, 0
4312, 94216512, 1, 0, 0
4434, 104328646, 1, 0, 0
4557, 95892443, 1, 0, 0
4631, 133911093, 1, 0, 0
4704, 103799493, 1, 0, 0
4842, 95666018, 1, 0, 0
4907, 44446480, 1, 0, 0
5001, 37013915, 1, 0, 0
5120, 29117926, 1, 0, 0
5203, 25486416, 1, 0, 0
5303, 36339717, 1, 0, 0
5404, 36527199, 1, 0, 0
5516, 35027570, 1, 0, 0
5601, 28970026, 1, 0, 0
5700, 29738300, 1, 0, 0
5820, 29494365, 1, 0, 0
5900, 31429425, 1, 0, 0
6018, 28739886, 1, 0, 0
6114, 29599461, 1, 0, 0
6212, 28758832, 1, 0, 0
6314, 27273319, 1, 0, 0
6401, 29231625, 1, 0, 0
6503, 59902956, 1, 0, 0
6624, 98665449, 1, 0, 0
6749, 101120418, 1, 0, 0
6821, 93995497, 1, 0, 0
6959, 88006469, 1, 0, 0
7013, 86944528, 1, 0, 0
7141, 84205632, 1, 0, 0
7200, 53743154, 1, 0, 0
7300, 36357766, 1, 0, 0
7413, 37769434, 1, 0, 0
7513, 24917128, 1, 0, 0
7617, 31686961, 1, 0, 0
7715, 29624912, 1, 0, 0
7802, 29763456, 1, 0, 0
7904, 29714581, 1, 0, 0
8002, 29060918, 1, 0, 0
8100, 30843543, 1, 0, 0
8218, 29520626, 1, 0, 0
8323, 30707203, 1, 0, 0
8411, 33051329, 1, 0, 0
8509, 34038951, 1, 0, 0
8611, 35651173, 1, 0, 0
8712, 40272483, 1, 0, 0
8811, 39111113, 1, 0, 0
8938, 41406944, 1, 0, 0
9004, 78519349, 1, 0, 0
9127, 86669831, 1, 0, 0
9255, 101025380, 1, 0, 0
9329, 95068211, 1, 0, 0
9454, 94168039, 1, 0, 0
9516, 92352944, 1, 0, 0
9649, 103361458, 1, 0, 0
9701, 50495392, 1, 0, 0
9820, 36263344, 1, 0, 0
9916, 38099337, 1, 0, 0
10010, 34344649, 1, 0, 0
10105, 37673922, 1, 0, 0
10220, 35548248, 1, 0, 0
10319, 35650898, 1, 0, 0
10414, 28890459, 1, 0, 0
10507, 34763208, 1, 0, 0
10621, 32082416, 1, 0, 0
10711, 31260382, 1, 0, 0
10817, 29617088, 1, 0, 0
10919, 30483498, 1, 0, 0
11002, 33006996, 1, 0, 0
11104, 31911127, 1, 0, 0
11200, 27408839, 1, 0, 0
11339, 28945614, 1, 0, 0
11401, 60051824, 1, 0, 0
11541, 65998206, 1, 0, 0
11654, 85378177, 1, 0, 0
11725, 40778650, 1, 0, 0
11817, 38033744, 1, 0, 0
11912, 34292569, 1, 0, 0
12012, 39403416, 1, 0, 0
12111, 37436419, 1, 0, 0
12212, 36955490, 1, 0, 0
12313, 40118821, 1, 0, 0
12412, 35967260, 1, 0, 0
12507, 37366329, 1, 0, 0
12605, 38971963, 1, 0, 0
12716, 33817303, 1, 0, 0
12817, 26309406, 1, 0, 0
12918, 30877497, 1, 0, 0
13014, 30632138, 1, 0, 0
13109, 28527602, 1, 0, 0
13206, 23457910, 1, 0, 0
13302, 30913218, 1, 0, 0
13402, 32520335, 1, 0, 0
13518, 30095475, 1, 0, 0
13619, 29676760, 1, 0, 0
13704, 25813144, 1, 0, 0
13822, 38802596, 1, 0, 0
13919, 32957464, 1, 0, 0
14017, 39772492, 1, 0, 0
14157, 46526767, 1, 0, 0
14225, 134982051, 1, 0, 0
14354, 105403394, 1, 0, 0
14419, 97996334, 1, 0, 0
14540, 68432738, 1, 0, 0
14613, 68177610, 1, 0, 0
14743, 119454801, 1, 0, 0
14807, 62591351, 1, 0, 0
14920, 36238235, 1, 0, 0
15006, 30878350, 1, 0, 0
15109, 27457123, 1, 0, 0
15208, 28483547, 1, 0, 0
15302, 27803160, 1, 0, 0
15417, 27480073, 1, 0, 0
15513, 30479958, 1, 0, 0
15610, 28911139, 1, 0, 0
15711, 29068384, 1, 0, 0
15821, 32812830, 1, 0, 0
15909, 33022445, 1, 0, 0
16001, 36718261, 1, 0, 0
16115, 36519170, 1, 0, 0
16210, 33940158, 1, 0, 0
16300, 38773645, 1, 0, 0
16428, 36272625, 1, 0, 0
16522, 44744409, 1, 0, 0
16639, 53353836, 1, 0, 0
16701, 38259353, 1, 0, 0
16808, 33105157, 1, 0, 0
16912, 29720908, 1, 0, 0
17010, 29921729, 1, 0, 0
17104, 26761600, 1, 0, 0
17201, 27389256, 1, 0, 0
17319, 25517563, 1, 0, 0
17405, 32598758, 1, 0, 0
17515, 35051713, 1, 0, 0
17602, 33261149, 1, 0, 0
17722, 35317387, 1, 0, 0
17813, 36642449, 1, 0, 0
17912, 40459100, 1, 0, 0
18010, 30911942, 1, 0, 0
18114, 36111883, 1, 0, 0
18209, 38547319, 1, 0, 0
18303, 35180538, 1, 0, 0
18421, 33428533, 1, 0, 0
18514, 33065572, 1, 0, 0
18623, 36395487, 1, 0, 0
18723, 39693442, 1, 0, 0
18824, 31915737, 1, 0, 0
18925, 42287567, 1, 0, 0
19000, 36530795, 1, 0, 0
19102, 34928058, 1, 0, 0
19200, 38399631, 1, 0, 0
19316, 36418486, 1, 0, 0
19406, 49102373, 1, 0, 0
19532, 78120663, 1, 0, 0
19652, 97152731, 1, 0, 0
19728, 95573731, 1, 0, 0
19864, 97504551, 1, 0, 0
19932, 87705052, 1, 0, 0
20059, 101380282, 1, 0, 0
20117, 59052521, 1, 0, 0
20220, 37046592, 1, 0, 0
20320, 35672463, 1, 0, 0
20417, 40626432, 1, 0, 0
20512, 28861722, 1, 0, 0
20601, 29270612, 1, 0, 0
20712, 27467860, 1, 0, 0
20804, 36936607, 1, 0, 0
20902, 38058219, 1, 0, 0
21001, 33824212, 1, 0, 0
21102, 40341219, 1, 0, 0
21202, 37221801, 1, 0, 0
21304, 37531082, 1, 0, 0
21400, 38290568, 1, 0, 0
21520, 39006677, 1, 0, 0
21616, 35650720, 1, 0, 0
21711, 33121269, 1, 0, 0
21807, 40026085, 1, 0, 0
21907, 34905885, 1, 0, 0
22021, 59599941, 1, 0, 0
22150, 75227642, 1, 0, 0
22216, 102235383, 1, 0, 0
22339, 83354280, 1, 0, 0
22410, 108888774, 1, 0, 0
22538, 88527755, 1, 0, 0
22602, 128642475, 1, 0, 0
22722, 75199741, 1, 0, 0
22819, 36110548, 1, 0, 0
22915, 32986168, 1, 0, 0
23010, 32867463, 1, 0, 0
23107, 34557838, 1, 0, 0
23202, 33763291, 1, 0, 0
23319, 33601210, 1, 0, 0
23410, 26544610, 1, 0, 0
23503, 31484201, 1, 0, 0
23601, 33873602, 1, 0, 0
23719, 29917872, 1, 0, 0
23805, 29038688, 1, 0, 0
23917, 33930422, 1, 0, 0
24017, 39574639, 1, 0, 0
24115, 32173240, 1, 0, 0
24210, 37444288, 1, 0, 0
24313, 35111202, 1, 0, 0
24456, 43893936, 1, 0, 0
24544, 70559001, 1, 0, 0
24600, 69256176, 1, 0, 0
24709, 78736442, 1, 0, 0
24802, 56637095, 1, 0, 0
24922, 33983506, 1, 0, 0
25016, 35741416, 1, 0, 0
25109, 32575819, 1, 0, 0
25201, 37233651, 1, 0, 0
25315, 34157262, 1, 0, 0
25406, 36139902, 1, 0, 0
25517, 36871273, 1, 0, 0
25600, 27838008, 1, 0, 0
25719, 34968857, 1, 0, 0
25812, 37165608, 1, 0, 0
25905, 36516536, 1, 0, 0
26017, 29975917, 1, 0, 0
26102, 34998171, 1, 0, 0
26214, 32478596, 1, 0, 0
26305, 36624657, 1, 0, 0
26423, 36187785, 1, 0, 0
26524, 38965742, 1, 0, 0
26623, 34929145, 1, 0, 0
26719, 33563430, 1, 0, 0
26810, 36515222, 1, 0, 0
26920, 33086733, 1, 0, 0
27010, 38023585, 1, 0, 0
27103, 28590003, 1, 0, 0
27236, 35570214, 1, 0, 0
27301, 64930494, 1, 0, 0
27429, 88159839, 1, 0, 0
27504, 84135514, 1, 0, 0
27629, 91726295, 1, 0, 0
27763, 100455897, 1, 0, 0
27823, 97827605, 1, 0, 0
27933, 88970948, 1, 0, 0
28012, 41186580, 1, 0, 0
28112, 29351798, 1, 0, 0
28222, 31009497, 1, 0, 0
28320, 35310330, 1, 0, 0
28414, 38012029, 1, 0, 0
28515, 36167053, 1, 0, 0
28614, 33900472, 1, 0, 0
28715, 40210759, 1, 0, 0
28815, 35222872, 1, 0, 0
28915, 28034259, 1, 0, 0
29014, 28411449, 1, 0, 0
29113, 30414401, 1, 0, 0
29209, 37351388, 1, 0, 0
29306, 37588352, 1, 0, 0
29419, 35853604, 1, 0, 0
29514, 37644324, 1, 0, 0
29621, 37036087, 1, 0, 0
29708, 68712873, 1, 0, 0
29842, 73691604, 1, 0, 0
29966, 99811277, 1, 0, 0
30023, 95363976, 1, 0, 0
30143, 95111956, 1, 0, 0
30208, 36341145, 1, 0, 0
30316, 34033191, 1, 0, 0
30402, 30811787, 1, 0, 0
30505, 33561043, 1, 0, 0
30603, 28103118, 1, 0, 0
30705, 28314033, 1, 0, 0
30826, 32722504, 1, 0, 0
30904, 39568663, 1, 0, 0
31003, 40118756, 1, 0, 0
31105, 37980948, 1, 0, 0
31200, 37670773, 1, 0, 0
31313, 34317911, 1, 0, 0
31404, 36123089, 1, 0, 0
31523, 36732929, 1, 0, 0
31615, 37426174, 1, 0, 0
31708, 32698818, 1, 0, 0
31801, 37037861, 1, 0, 0
31916, 36159749, 1, 0, 0
32006, 33975424, 1, 0, 0
32117, 35140074, 1, 0, 0
32206, 35213152, 1, 0, 0
32350, 48109374, 1, 0, 0
32422, 88623709, 1, 0, 0
32563, 100631495, 1, 0, 0
32619, 71106822, 1, 0, 0
32715, 45725478, 1, 0, 0
32806, 38556471, 1, 0, 0
32913, 28906357, 1, 0, 0
33008, 27568755, 1, 0, 0
33109, 29428923, 1, 0, 0
33217, 29014096, 1, 0, 0
33310, 31195214, 1, 0, 0
33408, 30855925, 1, 0, 0
33508, 40596936, 1, 0, 0
33609, 31026307, 1, 0, 0
33709, 26486617, 1, 0, 0
33818, 40639753, 1, 0, 0
33917, 28228971, 1, 0, 0
34016, 29262027, 1, 0, 0
34111, 29147150, 1, 0, 0
34228, 27085484, 1, 0, 0
34315, 32806213, 1, 0, 0
34401, 36167656, 1, 0, 0
34521, 36133990, 1, 0, 0
34616, 37840502, 1, 0, 0
34714, 38884860, 1, 0, 0
34815, 37029694, 1, 0, 0
34918, 40587424, 1, 0, 0
35040, 47808987, 1, 0, 0
35167, 84496103, 1, 0, 0
35234, 87798543, 1, 0, 0
35351, 103365755, 1, 0, 0
35422, 72791271, 1, 0, 0
35505, 35224353, 1, 0, 0
35611, 31313858, 1, 0, 0
35703, 36271115, 1, 0, 0
35816, 32876454, 1, 0, 0
35901, 32689742, 1, 0, 0
36000, 35355204, 1, 0, 0
36111, 37268811, 1, 0, 0
36205, 37125315, 1, 0, 0
36305, 35764755, 1, 0, 0
36407, 36809550, 1, 0, 0
36506, 39654727, 1, 0, 0
36606, 36047111, 1, 0, 0
36707, 40106811, 1, 0, 0
36805, 37243421, 1, 0, 0
36900, 37841786, 1, 0, 0
37021, 35661657, 1, 0, 0
37101, 42469792, 1, 0, 0
37219, 38196913, 1, 0, 0
37312, 37180990, 1, 0, 0
37413, 35965986, 1, 0, 0
37506, 34926167, 1, 0, 0
37617, 26064360, 1, 0, 0
37719, 36362227, 1, 0, 0
37817, 59836489, 1, 0, 0
37944, 96486007, 1, 0, 0
38004, 78038761, 1, 0, 0
38125, 101234524, 1, 0, 0
38200, 39366291, 1, 0, 0
38316, 29197187, 1, 0, 0
38424, 33971565, 1, 0, 0
38501, 32351040, 1, 0, 0
38606, 31770919, 1, 0, 0
38716, 34525514, 1, 0, 0
38805, 32686168, 1, 0, 0
38911, 33589972, 1, 0, 0
39011, 33768828, 1, 0, 0
39107, 31968025, 1, 0, 0
39203, 38361147, 1, 0, 0
39323, 36271610, 1, 0, 0
39422, 39299749, 1, 0, 0
39521, 36236667, 1, 0, 0
39621, 39651958, 1, 0, 0
39718, 33017181, 1, 0, 0
39813, 36796615, 1, 0, 0
39907, 32516195, 1, 0, 0
40001, 30153812, 1, 0, 0
40116, 36421659, 1, 0, 0
40211, 37322911, 1, 0, 0
40300, 29786003, 1, 0, 0
40403, 28943198, 1, 0, 0
40526, 73683714, 1, 0, 0
40635, 90746079, 1, 0, 0
40754, 91594919, 1, 0, 0
40832, 69293465, 1, 0, 0
40929, 69492548, 1, 0, 0
41035, 77319428, 1, 0, 0
41116, 52572095, 1, 0, 0
41216, 25465476, 1, 0, 0
41307, 31120610, 1, 0, 0
41402, 36176095, 1, 0, 0
41504, 31242499, 1, 0, 0
41603, 38187306, 1, 0, 0
41703, 37583200, 1, 0, 0
41824, 35326152, 1, 0, 0
41900, 34951889, 1, 0, 0
42019, 34932774, 1, 0, 0
42114, 33025783, 1, 0, 0
42210, 37870379, 1, 0, 0
42306, 34766119, 1, 0, 0
42401, 30353508, 1, 0, 0
42519, 36549360, 1, 0, 0
42619, 34711705, 1, 0, 0
42709, 34631502, 1, 0, 0
42818, 31471153, 1, 0, 0
42900, 29628194, 1, 0, 0
43001, 32002022, 1, 0, 0
43143, 33835130, 1, 0, 0
43243, 77028162, 1, 0, 0
43346, 81099424, 1, 0, 0
43418, 73907154, 1, 0, 0
43519, 34256973, 1, 0, 0
43628, 36261027, 1, 0, 0
43706, 36690601, 1, 0, 0
43812, 32542548, 1, 0, 0
43918, 30534490, 1, 0, 0
44008, 30982850, 1, 0, 0
44102, 30431975, 1, 0, 0
44222, 33349883, 1, 0, 0
44320, 34551151, 1, 0, 0
44420, 37842500, 1, 0, 0
44520, 34914405, 1, 0, 0
44618, 34847061, 1, 0, 0
44709, 36043857, 1, 0, 0
44821, 31877463, 1, 0, 0
44903, 30551943, 1, 0, 0
45007, 30825517, 1, 0, 0
45105, 25155824, 1, 0, 0
45200, 28737929, 1, 0, 0
45312, 25819138, 1, 0, 0
45413, 38878354, 1, 0, 0
45523, 40549447, 1, 0, 0
45608, 70677211, 1, 0, 0
45725, 42895739, 1, 0, 0
45833, 44344633, 1, 0, 0
45906, 68478937, 1, 0, 0
46022, 88824491, 1, 0, 0
46107, 54070403, 1, 0, 0
46218, 39555520, 1, 0, 0
46312, 42290349, 1, 0, 0
46426, 43820377, 1, 0, 0
46501, 36691118, 1, 0, 0
46615, 29804826, 1, 0, 0
46711, 29887388, 1, 0, 0
46821, 30951722, 1, 0, 0
46914, 28959384, 1, 0, 0
47011, 31779545, 1, 0, 0
47108, 26312502, 1, 0, 0
47211, 32958112, 1, 0, 0
47319, 33633918, 1, 0, 0
47403, 33366409, 1, 0, 0
47516, 31311326, 1, 0, 0
47618, 36372504, 1, 0, 0
47715, 32055165, 1, 0, 0
47812, 30065943, 1, 0, 0
47913, 30655084, 1, 0, 0
48012, 29565941, 1, 0, 0
48110, 32570496, 1, 0, 0
48202, 29248195, 1, 0, 0
48323, 44080207, 1, 0, 0
48431, 68746652, 1, 0, 0
48529, 86435962, 1, 0, 0
48625, 66130908, 1, 0, 0
48712, 45867399, 1, 0, 0
48809, 31764582, 1, 0, 0
48917, 29576893, 1, 0, 0
49013, 32561572, 1, 0, 0
49113, 38698556, 1, 0, 0
49214, 34200165, 1, 0, 0
49311, 34127090, 1, 0, 0
49413, 39753720, 1, 0, 0
49505, 37563942, 1, 0, 0
49618, 27917408, 1, 0, 0
49708, 33747967, 1, 0, 0
49808, 32762435, 1, 0, 0
49907, 32874953, 1, 0, 0
50003, 30348877, 1, 0, 0
50101, 29727910, 1, 0, 0
50216, 28690952, 1, 0, 0
50316, 32072235, 1, 0, 0
50403, 31966869, 1, 0, 0
50500, 32932212, 1, 0, 0
50618, 29874350, 1, 0, 0
50713, 28896735, 1, 0, 0
50802, 34314551, 1, 0, 0
50915, 30264666, 1, 0, 0
51036, 37785736, 1, 0, 0
51154, 80565554, 1, 0, 0
51228, 101680875, 1, 0, 0
51357, 107120832, 1, 0, 0
51434, 66669139, 1, 0, 0
51505, 53280472, 1, 0, 0
51600, 46734210, 1, 0, 0
51715, 29229958, 1, 0, 0
51812, 30793878, 1, 0, 0
51909, 30039538, 1, 0, 0
52012, 32204560, 1, 0, 0
52101, 27974102, 1, 0, 0
52218, 31317260, 1, 0, 0
52315, 27171324, 1, 0, 0
52411, 28258680, 1, 0, 0
52506, 26910678, 1, 0, 0
52600, 30408613, 1, 0, 0
52710, 30485141, 1, 0, 0
52806, 34898560, 1, 0, 0
52911, 41231689, 1, 0, 0
53005, 27581788, 1, 0, 0
53102, 32320821, 1, 0, 0
53223, 40228296, 1, 0, 0
53319, 37114376, 1, 0, 0
53412, 34265262, 1, 0, 0
53504, 36191277, 1, 0, 0
53633, 40623993, 1, 0, 0
53703, 41174960, 1, 0, 0
53845, 56609526, 1, 0, 0
53916, 109591385, 1, 0, 0
54008, 49653542, 1, 0, 0
54108, 29934811, 1, 0, 0
54215, 32288579, 1, 0, 0
54300, 35346537, 1, 0, 0
54408, 31635535, 1, 0, 0
54507, 36718696, 1, 0, 0
54600, 35765677, 1, 0, 0
54702, 36935033, 1, 0, 0
54806, 35878620, 1, 0, 0
54906, 40238541, 1, 0, 0
55001, 38122014, 1, 0, 0
55121, 33834288, 1, 0, 0
55221, 34687579, 1, 0, 0
55319, 30327480, 1, 0, 0
55417, 38557523, 1, 0, 0
55502, 27140956, 1, 0, 0
55616, 25700682, 1, 0, 0
55702, 32629960, 1, 0, 0
55801, 28157154, 1, 0, 0
55900, 32797278, 1, 0, 0
56013, 28820797, 1, 0, 0
56105, 27808676, 1, 0, 0
56214, 27187671, 1, 0, 0
56314, 25474264, 1, 0, 0
56436, 47851293, 1, 0, 0
56500, 67734916, 1, 0, 0
56642, 110827258, 1, 0, 0
56718, 125749504, 1, 0, 0
56806, 47199120, 1, 0, 0
56918, 26866847, 1, 0, 0
57023, 28405705, 1, 0, 0
57117, 31300836, 1, 0, 0
57225, 28203892, 1, 0, 0
57303, 34655643, 1, 0, 0
57408, 31120755, 1, 0, 0
57514, 30626313, 1, 0, 0
57602, 32692235, 1, 0, 0
57712, 35462583, 1, 0, 0
57822, 32684539, 1, 0, 0
57907, 30160078, 1, 0, 0
58019, 35196498, 1, 0, 0
58109, 33406960, 1, 0, 0
58205, 37683082, 1, 0, 0
58309, 41665383, 1, 0, 0
58409, 39329824, 1, 0, 0
58510, 40256851, 1, 0, 0
58609, 37085442, 1, 0, 0
58710, 32733757, 1, 0, 0
58810, 40300528, 1, 0, 0
58906, 34727467, 1, 0, 0
59019, 36205795, 1, 0, 0
59146, 39597230, 1, 0, 0
59251, 83643938, 1, 0, 0
59322, 124259849, 1, 0, 0
59456, 102504075, 1, 0, 0
59519, 101456617, 1, 0, 0
59616, 50743593, 1, 0, 0
59714, 38896559, 1, 0, 0
59809, 29164941, 1, 0, 0
59901, 28173067, 1, 0, 0
60006, 29012133, 1, 0, 0
60109, 30658082, 1, 0, 0
60210, 31713632, 1, 0, 0
60303, 32791716, 1, 0, 0
60400, 34791041, 1, 0, 0
60541, 44935332, 1, 0, 0
60625, 46191808, 1, 0, 0
60709, 44694967, 1, 0, 0
60801, 44702457, 1, 0, 0
60914, 48848526, 1, 0, 0
61023, 42044625, 1, 0, 0
61105, 42905886, 1, 0, 0
61222, 43463957, 1, 0, 0
61322, 33898154, 1, 0, 0
61420, 30750014, 1, 0, 0
61552, 52906782, 1, 0, 0
61619, 123728791, 1, 0, 0
61739, 98672252, 1, 0, 0
61807, 92105607, 1, 0, 0
61907, 76945312, 1, 0, 0
62018, 51134021, 1, 0, 0
62113, 35332612, 1, 0, 0
62203, 28611905, 1, 0, 0
62300, 30141887, 1, 0, 0
62413, 31402400, 1, 0, 0
62508, 26798903, 1, 0, 0
62612, 27369743, 1, 0, 0
62717, 31426998, 1, 0, 0
62808, 34509437, 1, 0, 0
62924, 33591506, 1, 0, 0
63016, 35893588, 1, 0, 0
63114, 36351673, 1, 0, 0
63209, 33092833, 1, 0, 0
63304, 35272289, 1, 0, 0
63405, 39115970, 1, 0, 0
63503, 35921352, 1, 0, 0
63600, 35507478, 1, 0, 0
63700, 30819288, 1, 0, 0
63815, 30904962, 1, 0, 0
63909, 36907710, 1, 0, 0
64002, 36195475, 1, 0, 0
64115, 35437346, 1, 0, 0
64200, 33730443, 1, 0, 0
64370, 81200256, 1, 0, 0
64433, 95738775, 1, 0, 0
64511, 140236536, 1, 0, 0
64605, 75389784, 1, 0, 0
64707, 36049434, 1, 0, 0
64807, 32793903, 1, 0, 0
64906, 39546748, 1, 0, 0
65002, 32531049, 1, 0, 0
65120, 36153034, 1, 0, 0
65213, 33113524, 1, 0, 0
65303, 35705813, 1, 0, 0
65412, 29046033, 1, 0, 0
65512, 29898109, 1, 0, 0
65605, 28568653, 1, 0, 0
65711, 33016192, 1, 0, 0
65800, 34711266, 1, 0, 0
65919, 36910350, 1, 0, 0
66021, 36194382, 1, 0, 0
66123, 40538000, 1, 0, 0
66200, 42041506, 1, 0, 0
66320, 34170927, 1, 0, 0
66414, 38295942, 1, 0, 0
66508, 33571355, 1, 0, 0
66617, 29034819, 1, 0, 0
66705, 32624596, 1, 0, 0
66814, 35520373, 1, 0, 0
66915, 23575104, 1, 0, 0
67022, 50118926, 1, 0, 0
67134, 78461976, 1, 0, 0
67229, 76973459, 1, 0, 0
67334, 68763670, 1, 0, 0
67415, 80470770, 1, 0, 0
67515, 41908298, 1, 0, 0
67600, 37203250, 1, 0, 0
67705, 29595361, 1, 0, 0
67812, 30891418, 1, 0, 0
67916, 31383431, 1, 0, 0
68015, 27881099, 1, 0, 0
68112, 32097513, 1, 0, 0
68216, 34617963, 1, 0, 0
68317, 30751734, 1, 0, 0
68400, 32054746, 1, 0, 0
68523, 29418826, 1, 0, 0
68600, 30445937, 1, 0, 0
68711, 30892805, 1, 0, 0
68801, 35905515, 1, 0, 0
68916, 33545433, 1, 0, 0
69012, 34033465, 1, 0, 0
69106, 31285075, 1, 0, 0
69208, 35532974, 1, 0, 0
69309, 34289550, 1, 0, 0
69411, 40541234, 1, 0, 0
69509, 32321739, 1, 0, 0
69603, 32796209, 1, 0, 0
69700, 34787587, 1, 0, 0
69806, 37396059, 1, 0, 0
69957, 57454969, 1, 0, 0
70026, 108695892, 1, 0, 0
70141, 102040114, 1, 0, 0
70206, 98820492, 1, 0, 0
70300, 56281607, 1, 0, 0
70409, 33385434, 1, 0, 0
70501, 35933610, 1, 0, 0
70626, 35648381, 1, 0, 0
70723, 31584964, 1, 0, 0
70823, 34062592, 1, 0, 0
70900, 30356484, 1, 0, 0
71005, 30925867, 1, 0, 0
71107, 28868661, 1, 0, 0
71208, 28844444, 1, 0, 0
71303, 26913477, 1, 0, 0
71400, 22835734, 1, 0, 0
71518, 30021513, 1, 0, 0
71615, 28776428, 1, 0, 0
71713, 27747041, 1, 0, 0
71811, 29260450, 1, 0, 0
71915, 27077134, 1, 0, 0
72007, 33095298, 1, 0, 0
72100, 30426376, 1, 0, 0
72215, 36619431, 1, 0, 0
72317, 39448165, 1, 0, 0
72410, 41328563, 1, 0, 0
72539, 55070255, 1, 0, 0
72620, 55556547, 1, 0, 0
72707, 34281764, 1, 0, 0
72818, 35974755, 1, 0, 0
72900, 32183155, 1, 0, 0
73015, 25292916, 1, 0, 0
73100, 29202073, 1, 0, 0
73205, 33985906, 1, 0, 0
73320, 33307455, 1, 0, 0
73413, 37375675, 1, 0, 0
73513, 32573893, 1, 0, 0
73602, 26899021, 1, 0, 0
73702, 31024447, 1, 0, 0
73802, 28093325, 1, 0, 0
73909, 30480103, 1, 0, 0
74019, 34141254, 1, 0, 0
74110, 27451014, 1, 0, 0
74204, 37181061, 1, 0, 0
74321, 35054785, 1, 0, 0
74420, 33189128, 1, 0, 0
74519, 34642281, 1, 0, 0
74620, 35316977, 1, 0, 0
74719, 35351872, 1, 0, 0
74816, 35191801, 1, 0, 0
74911, 37974990, 1, 0, 0
75008, 35108544, 1, 0, 0
75106, 34626518, 1, 0, 0
75226, 41926616, 1, 0, 0
75327, 54149576, 1, 0, 0
75401, 106256736, 1, 0, 0
75538, 97968170, 1, 0, 0
75613, 62833171, 1, 0, 0
75716, 30233537, 1, 0, 0
75812, 26850930, 1, 0, 0
75911, 36068298, 1, 0, 0
76012, 39910966, 1, 0, 0
76113, 40235738, 1, 0, 0
76213, 36508093, 1, 0, 0
76310, 32359957, 1, 0, 0
76406, 37537648, 1, 0, 0
76500, 37793793, 1, 0, 0
76618, 37347554, 1, 0, 0
76713, 35507703, 1, 0, 0
76805, 33498115, 1, 0, 0
76917, 29244389, 1, 0, 0
77001, 32154936, 1, 0, 0
77113, 29037581, 1, 0, 0
77214, 27892181, 1, 0, 0
77313, 27223647, 1, 0, 0
77425, 31422032, 1, 0, 0
77517, 34950442, 1, 0, 0
77613, 34050511, 1, 0, 0
77708, 35780495, 1, 0, 0
77822, 35492836, 1, 0, 0
77932, 37032469, 1, 0, 0
78047, 65667974, 1, 0, 0
78113, 89087682, 1, 0, 0
78233, 101751471, 1, 0, 0
78312, 72983622, 1, 0, 0
78421, 79624324, 1, 0, 0
78508, 84207696, 1, 0, 0
78613, 33652038, 1, 0, 0
78716, 29049266, 1, 0, 0
78808, 29886559, 1, 0, 0
78900, 31592980, 1, 0, 0
79001, 39051471, 1, 0, 0
79102, 39174652, 1, 0, 0
79202, 36402717, 1, 0, 0
79302, 39817288, 1, 0, 0
79402, 40097689, 1, 0, 0
79525, 38240627, 1, 0, 0
79624, 37207354, 1, 0, 0
79715, 36198812, 1, 0, 0
79805, 30398041, 1, 0, 0
79915, 34705336, 1, 0, 0
80018, 32803870, 1, 0, 0
80114, 29725310, 1, 0, 0
80209, 28259515, 1, 0, 0
80302, 30224603, 1, 0, 0
80402, 29076964, 1, 0, 0
80512, 28791662, 1, 0, 0
80601, 52148122, 1, 0, 0
80707, 79518881, 1, 0, 0
80853, 79587653, 1, 0, 0
80917, 140297761, 1, 0, 0
81063, 109352319, 1, 0, 0
81110, 78470156, 1, 0, 0
81204, 36156452, 1, 0, 0
81319, 34370351, 1, 0, 0
81405, 32683006, 1, 0, 0
81506, 31100067, 1, 0, 0
81615, 31612911, 1, 0, 0
81714, 37971622, 1, 0, 0
81816, 33478999, 1, 0, 0
81918, 40699461, 1, 0, 0
82020, 38336817, 1, 0, 0
82122, 36582380, 1, 0, 0
82201, 39545703, 1, 0, 0
82302, 38969091, 1, 0, 0
82401, 35311715, 1, 0, 0
82514, 35789136, 1, 0, 0
82604, 29986348, 1, 0, 0
82708, 30772403, 1, 0, 0
82803, 26760685, 1, 0, 0
82904, 26128963, 1, 0, 0
83017, 30373929, 1, 0, 0
83100, 34151594, 1, 0, 0
83223, 30876144, 1, 0, 0
83309, 55359506, 1, 0, 0
83441, 102293928, 1, 0, 0
83510, 96480828, 1, 0, 0
83634, 100169960, 1, 0, 0
83701, 87670234, 1, 0, 0
83818, 79017586, 1, 0, 0
83905, 35085024, 1, 0, 0
84006, 28849947, 1, 0, 0
84111, 27069976, 1, 0, 0
84208, 33335404, 1, 0, 0
84307, 33983194, 1, 0, 0
84402, 36185071, 1, 0, 0
84522, 37630410, 1, 0, 0
84614, 28336775, 1, 0, 0
84702, 32351356, 1, 0, 0
84809, 32340076, 1, 0, 0
84903, 27677546, 1, 0, 0
85015, 24607972, 1, 0, 0
85116, 24858136, 1, 0, 0
85206, 29379626, 1, 0, 0
85321, 35743965, 1, 0, 0
85413, 33588416, 1, 0, 0
85506, 36963715, 1, 0, 0
85609, 38608162, 1, 0, 0
85711, 37324980, 1, 0, 0
85800, 53427156, 1, 0, 0
85908, 81740027, 1, 0, 0
86039, 96215028, 1, 0, 0
86110, 97606264, 1, 0, 0
86232, 84914327, 1, 0, 0
86365, 99139456, 1, 0, 0
86425, 97721185, 1, 0, 0
86517, 77862203, 1, 0, 0
86607, 26666416, 1, 0, 0
86702, 26709916, 1, 0, 0
86807, 25686632, 1, 0, 0
86919, 33864203, 1, 0, 0
87014, 29343582, 1, 0, 0
87115, 38900592, 1, 0, 0
87211, 36414160, 1, 0, 0
87303, 35807032, 1, 0, 0
87429, 38244070, 1, 0, 0
87500, 38768042, 1, 0, 0
87606, 30894160, 1, 0, 0
87705, 29509652, 1, 0, 0
87807, 28792249, 1, 0, 0
87901, 27323715, 1, 0, 0
88006, 29468702, 1, 0, 0
88116, 30785364, 1, 0, 0
88210, 39405254, 1, 0, 0
88319, 69244871, 1, 0, 0
88444, 74968183, 1, 0, 0
88514, 97254316, 1, 0, 0
88643, 105289354, 1, 0, 0
88708, 98227397, 1, 0, 0
88816, 75754075, 1, 0, 0
88905, 50153435, 1, 0, 0
89003, 35731607, 1, 0, 0
89102, 35753804, 1, 0, 0
89223, 35994804, 1, 0, 0
89319, 39147232, 1, 0, 0
89415, 34861080, 1, 0, 0
89510, 35154454, 1, 0, 0
89604, 36547998, 1, 0, 0
89717, 32271394, 1, 0, 0
89805, 35455591, 1, 0, 0
89903, 28512193, 1, 0, 0
90008, 31033735, 1, 0, 0
90031, 43908986, 1, 0, 0
