116, 31709133, 1, 0, 0
214, 31262565, 1, 0, 0
316, 28343212, 1, 0, 0
416, 27083606, 1, 0, 0
501, 29501651, 1, 0, 0
616, 28597357, 1, 0, 0
707, 34283198, 1, 0, 0
800, 34862801, 1, 0, 0
913, 35585249, 1, 0, 0
1018, 33180346, 1, 0, 0
1107, 32251171, 1, 0, 0
1222, 37440937, 1, 0, 0
1308, 34590730, 1, 0, 0
1410, 35621680, 1, 0, 0
1520, 52832179, 1, 0, 0
1649, 75716389, 1, 0, 0
1712, 98520800, 1, 0, 0
1837, 105199343, 1, 0, 0
1905, 45200731, 1, 0, 0
2012, 32224055, 1, 0, 0
2113, 39363676, 1, 0, 0
2215, 36737814, 1, 0, 0
2310, 38560690, 1, 0, 0
2403, 37673518, 1, 0, 0
2500, 32570954, 1, 0, 0
2603, 36006538, 1, 0, 0
2712, 32247446, 1, 0, 0
2804, 30164514, 1, 0, 0
2915, 31753144, 1, 0, 0
3006, 35762664, 1, 0, 0
3122, 29499966, 1, 0, 0
3200, 40785671, 1, 0, 0
3317, 33309096, 1, 0, 0
3401, 34320299, 1, 0, 0
3519, 31977059, 1, 0, 0
3611, 29745873, 1, 0, 0
3701, 27469772, 1, 0, 0
3816, 26789473, 1, 0, 0
3921, 36680729, 1, 0, 0
4021, 35977187, 1, 0, 0
4111, 33717862, 1, 0, 0
4231, 58175757, 1, 0, 0
4300, 90029571, 1, 0, 0
4421, 104647998, 1, 0, 0
4544, 60095105, 1, 0, 0
4618, 96666719, 1, 0, 0
4764, 81092882, 1, 0, 0
4828, 136172186, 1, 0, 0
4928, 59695193, 1, 0, 0
5008, 35963618, 1, 0, 0
5107, 26820407, 1, 0, 0
5215, 29207015, 1, 0, 0
5317, 35979738, 1, 0, 0
5413, 34383071, 1, 0, 0
5503, 35843284, 1, 0, 0
5609, 30716250, 1, 0, 0
5708, 30409483, 1, 0, 0
5807, 29830936, 1, 0, 0
5905, 29264932, 1, 0, 0
6005, 32577340, 1, 0, 0
6101, 30341992, 1, 0, 0
6218, 27368969, 1, 0, 0
6301, 30015566, 1, 0, 0
6427, 31891936, 1, 0, 0
6551, 86327587, 1, 0, 0
6611, 90675845, 1, 0, 0
6737, 94415397, 1, 0, 0
6808, 94364770, 1, 0, 0
6945, 95701679, 1, 0, 0
7000, 99566164, 1, 0, 0
7128, 101372387, 1, 0, 0
7211, 57346857, 1, 0, 0
7313, 38110323, 1, 0, 0
7409, 35956724, 1, 0, 0
7511, 30508696, 1, 0, 0
7616, 32021884, 1, 0, 0
7711, 29507998, 1, 0, 0
7819, 30746045, 1, 0, 0
7911, 37670881, 1, 0, 0
8008, 29113776, 1, 0, 0
8107, 28719779, 1, 0, 0
8206, 29749937, 1, 0, 0
8310, 29032058, 1, 0, 0
8400, 34630471, 1, 0, 0
8521, 32518571, 1, 0, 0
8623, 40605713, 1, 0, 0
8722, 39112127, 1, 0, 0
8823, 36234388, 1, 0, 0
8925, 39204651, 1, 0, 0
9058, 92081307, 1, 0, 0
9114, 122666215, 1, 0, 0
9242, 94824081, 1, 0, 0
9315, 106319496, 1, 0, 0
9441, 109925652, 1, 0, 0
9503, 88043032, 1, 0, 0
9636, 95733941, 1, 0, 0
9709, 57614831, 1, 0, 0
9807, 36163388, 1, 0, 0
9903, 38376939, 1, 0, 0
10021, 33913048, 1, 0, 0
10115, 32748740, 1, 0, 0
10208, 37251910, 1, 0, 0
10307, 39436566, 1, 0, 0
10401, 37457177, 1, 0, 0
10517, 36865374, 1, 0, 0
10608, 36507034, 1, 0, 0
10721, 32403774, 1, 0, 0
10804, 34030847, 1, 0, 0
10906, 30727972, 1, 0, 0
11010, 33980146, 1, 0, 0
11111, 31890384, 1, 0, 0
11205, 29171720, 1, 0, 0
11326, 26883152, 1, 0, 0
11423, 84235233, 1, 0, 0
11528, 74889847, 1, 0, 0
11640, 85428990, 1, 0, 0
11712, 54102869, 1, 0, 0
11804, 35899477, 1, 0, 0
11900, 36992176, 1, 0, 0
12023, 38869109, 1, 0, 0
12123, 37067913, 1, 0, 0
12224, 38167218, 1, 0, 0
12300, 39368105, 1, 0, 0
12423, 40292392, 1, 0, 0
12524, 37532505, 1, 0, 0
12613, 31047849, 1, 0, 0
12703, 36267364, 1, 0, 0
12804, 31247646, 1, 0, 0
12906, 32149601, 1, 0, 0
13001, 25503590, 1, 0, 0
13118, 28667550, 1, 0, 0
13212, 28006700, 1, 0, 0
13309, 29468143, 1, 0, 0
13409, 30122139, 1, 0, 0
13505, 29445683, 1, 0, 0
13606, 29956460, 1, 0, 0
13716, 31412667, 1, 0, 0
13810, 35604496, 1, 0, 0
13906, 36999120, 1, 0, 0
14004, 36462238, 1, 0, 0
14144, 56460140, 1, 0, 0
14213, 87918167, 1, 0, 0
14341, 85300660, 1, 0, 0
14407, 101919115, 1, 0, 0
14527, 98925448, 1, 0, 0
14600, 108548873, 1, 0, 0
14730, 88697827, 1, 0, 0
14816, 73232665, 1, 0, 0
14907, 35967525, 1, 0, 0
15014, 30519655, 1, 0, 0
15115, 33162435, 1, 0, 0
15214, 26469129, 1, 0, 0
15309, 29958175, 1, 0, 0
15404, 28453982, 1, 0, 0
15500, 24269374, 1, 0, 0
15618, 29083173, 1, 0, 0
15722, 33236872, 1, 0, 0
15808, 32052674, 1, 0, 0
15920, 32064732, 1, 0, 0
16010, 33188359, 1, 0, 0
16102, 34410271, 1, 0, 0
16221, 37594379, 1, 0, 0
16312, 36521921, 1, 0, 0
16415, 36663434, 1, 0, 0
16510, 46027489, 1, 0, 0
16626, 41808851, 1, 0, 0
16709, 44585981, 1, 0, 0
16817, 33764725, 1, 0, 0
16919, 31303371, 1, 0, 0
17015, 30435851, 1, 0, 0
17110, 29148063, 1, 0, 0
17210, 28477417, 1, 0, 0
17305, 34180768, 1, 0, 0
17416, 32554296, 1, 0, 0
17502, 34028176, 1, 0, 0
17613, 34801299, 1, 0, 0
17709, 36161528, 1, 0, 0
17800, 34687017, 1, 0, 0
17900, 40843314, 1, 0, 0
18007, 30002429, 1, 0, 0
18101, 38693218, 1, 0, 0
18221, 37165889, 1, 0, 0
18315, 35342237, 1, 0, 0
18408, 36069031, 1, 0, 0
18501, 34104940, 1, 0, 0
18610, 40533932, 1, 0, 0
18710, 36064137, 1, 0, 0
18812, 39610630, 1, 0, 0
18912, 39908561, 1, 0, 0
19012, 33612908, 1, 0, 0
19113, 38052610, 1, 0, 0
19212, 39466067, 1, 0, 0
19304, 36554936, 1, 0, 0
19459, 54265220, 1, 0, 0
19520, 96010090, 1, 0, 0
19639, 94188552, 1, 0, 0
19714, 109686524, 1, 0, 0
19851, 91842818, 1, 0, 0
19919, 107789280, 1, 0, 0
20047, 104717731, 1, 0, 0
20105, 69939914, 1, 0, 0
20207, 36961269, 1, 0, 0
20307, 32280265, 1, 0, 0
20412, 34436535, 1, 0, 0
20500, 32691103, 1, 0, 0
20609, 34466256, 1, 0, 0
20720, 35146249, 1, 0, 0
20814, 34693106, 1, 0, 0
20912, 37880072, 1, 0, 0
21013, 37061452, 1, 0, 0
21113, 35779712, 1, 0, 0
21213, 39956867, 1, 0, 0
21315, 34197597, 1, 0, 0
21411, 31978400, 1, 0, 0
21508, 38768269, 1, 0, 0
21604, 34627729, 1, 0, 0
21721, 31492572, 1, 0, 0
21818, 35205484, 1, 0, 0
21942, 42193804, 1, 0, 0
22009, 81497099, 1, 0, 0
22137, 87098939, 1, 0, 0
22203, 98126970, 1, 0, 0
22325, 97324212, 1, 0, 0
22459, 109648129, 1, 0, 0
22526, 95449188, 1, 0, 0
22661, 104679978, 1, 0, 0
22709, 65736628, 1, 0, 0
22806, 36583227, 1, 0, 0
22902, 37295209, 1, 0, 0
23022, 37451989, 1, 0, 0
23118, 31966514, 1, 0, 0
23212, 37875063, 1, 0, 0
23306, 32928131, 1, 0, 0
23418, 38589048, 1, 0, 0
23511, 34046500, 1, 0, 0
23606, 29006073, 1, 0, 0
23706, 30396256, 1, 0, 0
23813, 28820370, 1, 0, 0
23905, 34579925, 1, 0, 0
24004, 37721192, 1, 0, 0
24102, 38311610, 1, 0, 0
24219, 34608041, 1, 0, 0
24300, 38149978, 1, 0, 0
24443, 41014735, 1, 0, 0
24531, 80415369, 1, 0, 0
24645, 84530432, 1, 0, 0
24741, 84278884, 1, 0, 0
24813, 37871561, 1, 0, 0
24909, 36909403, 1, 0, 0
25003, 31860433, 1, 0, 0
25119, 34795144, 1, 0, 0
25211, 33502008, 1, 0, 0
25302, 36508319, 1, 0, 0
25416, 37029242, 1, 0, 0
25504, 31898292, 1, 0, 0
25606, 31192369, 1, 0, 0
25707, 32810777, 1, 0, 0
25824, 37942774, 1, 0, 0
25914, 36574550, 1, 0, 0
26005, 28960750, 1, 0, 0
26109, 30662737, 1, 0, 0
26201, 35878691, 1, 0, 0
26314, 35034550, 1, 0, 0
26410, 34851718, 1, 0, 0
26510, 34868983, 1, 0, 0
26610, 39723349, 1, 0, 0
26706, 35448213, 1, 0, 0
26819, 30315810, 1, 0, 0
26907, 35386069, 1, 0, 0
27016, 31775264, 1, 0, 0
27109, 30353890, 1, 0, 0
27224, 44762203, 1, 0, 0
27356, 94938019, 1, 0, 0
27417, 66342578, 1, 0, 0
27559, 66270758, 1, 0, 0
27616, 136063659, 1, 0, 0
27749, 100653742, 1, 0, 0
27810, 97799624, 1, 0, 0
27921, 83755022, 1, 0, 0
28000, 44281879, 1, 0, 0
28122, 30474884, 1, 0, 0
28210, 28134468, 1, 0, 0
28307, 28135852, 1, 0, 0
28401, 37969409, 1, 0, 0
28501, 39475914, 1, 0, 0
28601, 38817520, 1, 0, 0
28702, 36891079, 1, 0, 0
28802, 31244670, 1, 0, 0
28903, 29840253, 1, 0, 0
29001, 29323700, 1, 0, 0
29101, 31348170, 1, 0, 0
29224, 34080660, 1, 0, 0
29316, 35758415, 1, 0, 0
29406, 34968833, 1, 0, 0
29501, 37868181, 1, 0, 0
29608, 35120089, 1, 0, 0
29761, 60820369, 1, 0, 0
29829, 133204933, 1, 0, 0
29954, 103216511, 1, 0, 0
30010, 93417460, 1, 0, 0
30130, 93548634, 1, 0, 0
30217, 46435585, 1, 0, 0
30304, 34743711, 1, 0, 0
30411, 30607566, 1, 0, 0
30512, 32398803, 1, 0, 0
30609, 31558555, 1, 0, 0
30713, 30590988, 1, 0, 0
30813, 34509842, 1, 0, 0
30917, 37243398, 1, 0, 0
31014, 34532948, 1, 0, 0
31114, 36979287, 1, 0, 0
31209, 32073996, 1, 0, 0
31300, 36927768, 1, 0, 0
31415, 32339576, 1, 0, 0
31510, 35271737, 1, 0, 0
31603, 37571076, 1, 0, 0
31718, 36446740, 1, 0, 0
31811, 37212240, 1, 0, 0
31903, 36705136, 1, 0, 0
32016, 31367662, 1, 0, 0
32104, 34514458, 1, 0, 0
32212, 30664978, 1, 0, 0
32338, 44445806, 1, 0, 0
32408, 88195589, 1, 0, 0
32550, 107865856, 1, 0, 0
32606, 116538891, 1, 0, 0
32702, 40368805, 1, 0, 0
32816, 34820076, 1, 0, 0
32900, 31493148, 1, 0, 0
33015, 24977346, 1, 0, 0
33118, 27572427, 1, 0, 0
33204, 29565460, 1, 0, 0
33319, 36430023, 1, 0, 0
33421, 39373387, 1, 0, 0
33518, 39744137, 1, 0, 0
33616, 30759999, 1, 0, 0
33729, 30016155, 1, 0, 0
33805, 40730260, 1, 0, 0
33904, 33607153, 1, 0, 0
34003, 30656709, 1, 0, 0
34116, 26615748, 1, 0, 0
34215, 27293934, 1, 0, 0
34303, 36382168, 1, 0, 0
34414, 34048478, 1, 0, 0
34508, 32024568, 1, 0, 0
34603, 34714600, 1, 0, 0
34701, 37495451, 1, 0, 0
34803, 37370082, 1, 0, 0
34905, 40644869, 1, 0, 0
35027, 49497573, 1, 0, 0
35154, 91916442, 1, 0, 0
35221, 111373333, 1, 0, 0
35338, 102619830, 1, 0, 0
35410, 67263357, 1, 0, 0
35513, 32546690, 1, 0, 0
35621, 34812737, 1, 0, 0
35713, 32373602, 1, 0, 0
35803, 31906242, 1, 0, 0
35910, 32632227, 1, 0, 0
36011, 36632678, 1, 0, 0
36123, 36861643, 1, 0, 0
36215, 28813591, 1, 0, 0
36319, 31116274, 1, 0, 0
36419, 31620691, 1, 0, 0
36519, 39841060, 1, 0, 0
36619, 38619923, 1, 0, 0
36719, 33424047, 1, 0, 0
36816, 32811397, 1, 0, 0
36911, 32223896, 1, 0, 0
37008, 38231267, 1, 0, 0
37112, 37631954, 1, 0, 0
37206, 38022816, 1, 0, 0
37300, 35179792, 1, 0, 0
37401, 35657151, 1, 0, 0
37503, 33840911, 1, 0, 0
37614, 28187730, 1, 0, 0
37720, 34724778, 1, 0, 0
37834, 65396897, 1, 0, 0
37900, 90259165, 1, 0, 0
38032, 101765216, 1, 0, 0
38121, 94191370, 1, 0, 0
38216, 33777735, 1, 0, 0
38313, 29429831, 1, 0, 0
38411, 29455389, 1, 0, 0
38508, 34237015, 1, 0, 0
38614, 30003462, 1, 0, 0
38703, 35706583, 1, 0, 0
38819, 34168640, 1, 0, 0
38923, 38526625, 1, 0, 0
39022, 39716197, 1, 0, 0
39119, 38662866, 1, 0, 0
39214, 38094150, 1, 0, 0
39310, 34902597, 1, 0, 0
39409, 39605258, 1, 0, 0
39509, 36216385, 1, 0, 0
39608, 36106328, 1, 0, 0
39705, 38965539, 1, 0, 0
39801, 35787310, 1, 0, 0
39917, 37937327, 1, 0, 0
40011, 34107741, 1, 0, 0
40103, 36844623, 1, 0, 0
40220, 39193986, 1, 0, 0
40306, 28751180, 1, 0, 0
40451, 31585135, 1, 0, 0
40513, 68864847, 1, 0, 0
40622, 91414007, 1, 0, 0
40741, 91480173, 1, 0, 0
40820, 78261442, 1, 0, 0
40916, 71309461, 1, 0, 0
41022, 63987416, 1, 0, 0
41103, 57620009, 1, 0, 0
41203, 31720805, 1, 0, 0
41317, 29551868, 1, 0, 0
41415, 34037585, 1, 0, 0
41515, 33992481, 1, 0, 0
41615, 37109250, 1, 0, 0
41714, 42556106, 1, 0, 0
41811, 35985242, 1, 0, 0
41910, 35380275, 1, 0, 0
42006, 38212578, 1, 0, 0
42101, 35878278, 1, 0, 0
42221, 35753275, 1, 0, 0
42317, 38443037, 1, 0, 0
42412, 38182921, 1, 0, 0
42506, 37366416, 1, 0, 0
42605, 38152651, 1, 0, 0
42719, 32260698, 1, 0, 0
42806, 35332915, 1, 0, 0
42906, 31389901, 1, 0, 0
43006, 30328672, 1, 0, 0
43132, 37525066, 1, 0, 0
43231, 77468231, 1, 0, 0
43333, 81274493, 1, 0, 0
43405, 74342213, 1, 0, 0
43506, 36385696, 1, 0, 0
43615, 35072667, 1, 0, 0
43713, 36207222, 1, 0, 0
43800, 35535242, 1, 0, 0
43905, 26225009, 1, 0, 0
44017, 33206563, 1, 0, 0
44111, 32949288, 1, 0, 0
44209, 38962880, 1, 0, 0
44307, 33514705, 1, 0, 0
44407, 39649571, 1, 0, 0
44507, 39889040, 1, 0, 0
44605, 34741727, 1, 0, 0
44719, 35967287, 1, 0, 0
44808, 32513712, 1, 0, 0
44911, 29778363, 1, 0, 0
45015, 32690294, 1, 0, 0
45112, 29485058, 1, 0, 0
45205, 24156989, 1, 0, 0
45329, 30936665, 1, 0, 0
45400, 37912656, 1, 0, 0
45510, 40513798, 1, 0, 0
45627, 63914578, 1, 0, 0
45713, 42570828, 1, 0, 0
45820, 48783962, 1, 0, 0
45959, 88277184, 1, 0, 0
46008, 90355777, 1, 0, 0
46123, 48419502, 1, 0, 0
46217, 50431839, 1, 0, 0
46332, 35547867, 1, 0, 0
46413, 42434486, 1, 0, 0
46512, 32949075, 1, 0, 0
46610, 30140847, 1, 0, 0
46709, 31270711, 1, 0, 0
46808, 30766040, 1, 0, 0
46901, 27089532, 1, 0, 0
47017, 29547318, 1, 0, 0
47115, 27865652, 1, 0, 0
47220, 32507578, 1, 0, 0
47306, 33269954, 1, 0, 0
47409, 28134092, 1, 0, 0
47503, 36128099, 1, 0, 0
47616, 36629191, 1, 0, 0
47713, 29904992, 1, 0, 0
47810, 29309074, 1, 0, 0
47910, 32133258, 1, 0, 0
48009, 31436442, 1, 0, 0
48107, 28037191, 1, 0, 0
48202, 29655874, 1, 0, 0
48310, 32276756, 1, 0, 0
48419, 76737253, 1, 0, 0
48516, 76376928, 1, 0, 0
48612, 71652651, 1, 0, 0
48700, 52475340, 1, 0, 0
48813, 25058452, 1, 0, 0
48904, 34235657, 1, 0, 0
49000, 32006413, 1, 0, 0
49101, 33823526, 1, 0, 0
49201, 39008853, 1, 0, 0
49325, 36974620, 1, 0, 0
49401, 32441866, 1, 0, 0
49515, 34640837, 1, 0, 0
49605, 34420144, 1, 0, 0
49718, 33080278, 1, 0, 0
49804, 34044625, 1, 0, 0
49904, 32725442, 1, 0, 0
50018, 28339776, 1, 0, 0
50117, 30809933, 1, 0, 0
50213, 26843345, 1, 0, 0
50309, 30849795, 1, 0, 0
50419, 30385460, 1, 0, 0
50516, 30994584, 1, 0, 0
50615, 30871832, 1, 0, 0
50709, 28068925, 1, 0, 0
50817, 28661879, 1, 0, 0
50912, 29854682, 1, 0, 0
51004, 36829884, 1, 0, 0
51107, 66306596, 1, 0, 0
51243, 99031025, 1, 0, 0
51314, 117131480, 1, 0, 0
51401, 88533826, 1, 0, 0
51502, 62287611, 1, 0, 0
51615, 32548438, 1, 0, 0
51702, 28671077, 1, 0, 0
51800, 29704072, 1, 0, 0
51919, 29309525, 1, 0, 0
52018, 31402710, 1, 0, 0
52118, 30382109, 1, 0, 0
52205, 32743607, 1, 0, 0
52303, 30091424, 1, 0, 0
52419, 27298274, 1, 0, 0
52512, 25686406, 1, 0, 0
52606, 29287348, 1, 0, 0
52720, 31870585, 1, 0, 0
52817, 38454543, 1, 0, 0
52922, 38121454, 1, 0, 0
53017, 30951490, 1, 0, 0
53112, 38988111, 1, 0, 0
53210, 37750479, 1, 0, 0
53306, 32601166, 1, 0, 0
53400, 34408982, 1, 0, 0
53525, 32491074, 1, 0, 0
53620, 38187761, 1, 0, 0
53726, 48489793, 1, 0, 0
53833, 60718201, 1, 0, 0
53904, 109859996, 1, 0, 0
54016, 46738292, 1, 0, 0
54115, 31387802, 1, 0, 0
54201, 27628924, 1, 0, 0
54307, 30840827, 1, 0, 0
54422, 36122034, 1, 0, 0
54517, 32755953, 1, 0, 0
54613, 37331987, 1, 0, 0
54715, 40882379, 1, 0, 0
54817, 37407218, 1, 0, 0
54914, 36107905, 1, 0, 0
55012, 38254206, 1, 0, 0
55108, 38918963, 1, 0, 0
55208, 39035598, 1, 0, 0
55305, 33246637, 1, 0, 0
55404, 38791115, 1, 0, 0
55507, 29386397, 1, 0, 0
55604, 28670581, 1, 0, 0
55708, 32346700, 1, 0, 0
55809, 29051892, 1, 0, 0
55906, 27556829, 1, 0, 0
56000, 29607993, 1, 0, 0
56110, 27925278, 1, 0, 0
56201, 28001036, 1, 0, 0
56301, 29766843, 1, 0, 0
56423, 53167635, 1, 0, 0
56550, 82595016, 1, 0, 0
56629, 99258888, 1, 0, 0
56706, 155836263, 1, 0, 0
56812, 54041591, 1, 0, 0
56905, 26675094, 1, 0, 0
57010, 30844548, 1, 0, 0
57104, 29781676, 1, 0, 0
57213, 28788333, 1, 0, 0
57310, 34158988, 1, 0, 0
57413, 29206225, 1, 0, 0
57501, 36437337, 1, 0, 0
57610, 31651484, 1, 0, 0
57722, 36046062, 1, 0, 0
57809, 34859857, 1, 0, 0
57915, 33705477, 1, 0, 0
58006, 32043049, 1, 0, 0
58120, 29163374, 1, 0, 0
58218, 31416920, 1, 0, 0
58322, 41536189, 1, 0, 0
58421, 36253743, 1, 0, 0
58522, 40397522, 1, 0, 0
58621, 39652902, 1, 0, 0
58722, 40198228, 1, 0, 0
58821, 35264942, 1, 0, 0
58917, 40498681, 1, 0, 0
59006, 34489076, 1, 0, 0
59133, 34771653, 1, 0, 0
59238, 85303623, 1, 0, 0
59309, 83616950, 1, 0, 0
59443, 104765948, 1, 0, 0
59506, 137917011, 1, 0, 0
59603, 57540396, 1, 0, 0
59701, 37855546, 1, 0, 0
59819, 33727132, 1, 0, 0
59911, 33420448, 1, 0, 0
60014, 27928794, 1, 0, 0
60117, 31649032, 1, 0, 0
60218, 30263426, 1, 0, 0
60318, 35355864, 1, 0, 0
60420, 36587665, 1, 0, 0
60514, 48386953, 1, 0, 0
60626, 41716955, 1, 0, 0
60714, 48439200, 1, 0, 0
60801, 45920334, 1, 0, 0
60916, 46710015, 1, 0, 0
61002, 43849924, 1, 0, 0
61107, 41725731, 1, 0, 0
61209, 37469357, 1, 0, 0
61309, 40111394, 1, 0, 0
61407, 35979799, 1, 0, 0
61511, 44800883, 1, 0, 0
61634, 81436991, 1, 0, 0
61757, 86548902, 1, 0, 0
61822, 94375653, 1, 0, 0
61906, 60250947, 1, 0, 0
62012, 59943524, 1, 0, 0
62101, 33414741, 1, 0, 0
62206, 30586870, 1, 0, 0
62308, 30415300, 1, 0, 0
62400, 39074897, 1, 0, 0
62515, 28780499, 1, 0, 0
62618, 31826914, 1, 0, 0
62704, 31586626, 1, 0, 0
62820, 34867048, 1, 0, 0
62912, 30142610, 1, 0, 0
63003, 30870837, 1, 0, 0
63101, 33229529, 1, 0, 0
63220, 33933810, 1, 0, 0
63316, 36243294, 1, 0, 0
63418, 38401077, 1, 0, 0
63515, 32536098, 1, 0, 0
63613, 39223259, 1, 0, 0
63709, 32177401, 1, 0, 0
63803, 34758425, 1, 0, 0
63920, 37586736, 1, 0, 0
64012, 34028194, 1, 0, 0
64102, 30557980, 1, 0, 0
64234, 39710704, 1, 0, 0
64357, 91485520, 1, 0, 0
64420, 103954856, 1, 0, 0
64549, 108533167, 1, 0, 0
64619, 51684629, 1, 0, 0
64719, 40306383, 1, 0, 0
64820, 36273736, 1, 0, 0
64918, 36141807, 1, 0, 0
65014, 36972494, 1, 0, 0
65107, 33137043, 1, 0, 0
65201, 35053773, 1, 0, 0
65312, 34494719, 1, 0, 0
65400, 27607161, 1, 0, 0
65500, 30237613, 1, 0, 0
65612, 25326510, 1, 0, 0
65721, 30483875, 1, 0, 0
65807, 29661985, 1, 0, 0
65906, 32411573, 1, 0, 0
66009, 40088641, 1, 0, 0
66111, 36142068, 1, 0, 0
66210, 37606015, 1, 0, 0
66307, 33401149, 1, 0, 0
66402, 33270249, 1, 0, 0
66517, 36258507, 1, 0, 0
66605, 28585607, 1, 0, 0
66715, 26396487, 1, 0, 0
66802, 30608062, 1, 0, 0
66903, 29479187, 1, 0, 0
67009, 51453146, 1, 0, 0
67121, 70480341, 1, 0, 0
67216, 67311456, 1, 0, 0
67321, 88184154, 1, 0, 0
67402, 78013218, 1, 0, 0
67502, 33496498, 1, 0, 0
67607, 33894948, 1, 0, 0
67710, 29393135, 1, 0, 0
67819, 33423531, 1, 0, 0
67913, 33613782, 1, 0, 0
68011, 28157592, 1, 0, 0
68108, 29831123, 1, 0, 0
68203, 27482204, 1, 0, 0
68304, 28418648, 1, 0, 0
68406, 32668110, 1, 0, 0
68511, 28872454, 1, 0, 0
68612, 32417298, 1, 0, 0
68718, 31936971, 1, 0, 0
68809, 32855365, 1, 0, 0
68903, 30141355, 1, 0, 0
69023, 36083777, 1, 0, 0
69120, 37437369, 1, 0, 0
69221, 40501340, 1, 0, 0
69323, 37025671, 1, 0, 0
69423, 38986594, 1, 0, 0
69519, 33390910, 1, 0, 0
69614, 37669970, 1, 0, 0
69711, 37116801, 1, 0, 0
69834, 43131462, 1, 0, 0
69944, 62827655, 1, 0, 0
70013, 108581326, 1, 0, 0
70128, 102172845, 1, 0, 0
70244, 95654967, 1, 0, 0
70311, 46227193, 1, 0, 0
70420, 31023550, 1, 0, 0
70516, 28451042, 1, 0, 0
70614, 39230770, 1, 0, 0
70710, 33322553, 1, 0, 0
70810, 35257922, 1, 0, 0
70910, 37241123, 1, 0, 0
71012, 26446853, 1, 0, 0
71114, 30756546, 1, 0, 0
71216, 28652686, 1, 0, 0
71308, 26987908, 1, 0, 0
71407, 32026116, 1, 0, 0
71505, 30973699, 1, 0, 0
71602, 27574244, 1, 0, 0
71700, 27789651, 1, 0, 0
71818, 31502468, 1, 0, 0
71903, 32754005, 1, 0, 0
72013, 33066807, 1, 0, 0
72109, 37779971, 1, 0, 0
72203, 31154029, 1, 0, 0
72304, 34533789, 1, 0, 0
72427, 44168704, 1, 0, 0
72526, 50676179, 1, 0, 0
72608, 58764201, 1, 0, 0
72716, 30765235, 1, 0, 0
72805, 33112832, 1, 0, 0
72906, 29975569, 1, 0, 0
73002, 23983208, 1, 0, 0
73110, 27688488, 1, 0, 0
73214, 29828695, 1, 0, 0
73307, 30711946, 1, 0, 0
73400, 31898030, 1, 0, 0
73500, 31526154, 1, 0, 0
73606, 27365951, 1, 0, 0
73708, 27047738, 1, 0, 0
73810, 29387319, 1, 0, 0
73918, 29124195, 1, 0, 0
74006, 34799102, 1, 0, 0
74120, 34124828, 1, 0, 0
74216, 32015258, 1, 0, 0
74309, 34083753, 1, 0, 0
74408, 36521738, 1, 0, 0
74506, 37980698, 1, 0, 0
74606, 40155799, 1, 0, 0
74706, 35656917, 1, 0, 0
74803, 38645826, 1, 0, 0
74922, 39038558, 1, 0, 0
75021, 38989452, 1, 0, 0
75117, 37545024, 1, 0, 0
75213, 43955411, 1, 0, 0
75315, 65087572, 1, 0, 0
75451, 98674463, 1, 0, 0
75525, 112059083, 1, 0, 0
75601, 49010304, 1, 0, 0
75703, 33787523, 1, 0, 0
75823, 35424894, 1, 0, 0
75924, 37352617, 1, 0, 0
76000, 37769301, 1, 0, 0
76101, 39091159, 1, 0, 0
76201, 36568696, 1, 0, 0
76321, 32465548, 1, 0, 0
76415, 37831261, 1, 0, 0
76511, 34578599, 1, 0, 0
76605, 31490682, 1, 0, 0
76700, 38038118, 1, 0, 0
76814, 35038905, 1, 0, 0
76903, 33251748, 1, 0, 0
77007, 28805907, 1, 0, 0
77100, 24565810, 1, 0, 0
77202, 31067607, 1, 0, 0
77300, 30492353, 1, 0, 0
77412, 30791706, 1, 0, 0
77504, 35606006, 1, 0, 0
77600, 34116672, 1, 0, 0
77718, 37507378, 1, 0, 0
77809, 36562814, 1, 0, 0
77919, 39794565, 1, 0, 0
78035, 77413939, 1, 0, 0
78100, 94994185, 1, 0, 0
78221, 101185362, 1, 0, 0
78300, 71503469, 1, 0, 0
78408, 79910208, 1, 0, 0
78524, 66356138, 1, 0, 0
78618, 31139353, 1, 0, 0
78703, 30347595, 1, 0, 0
78818, 36979887, 1, 0, 0
78913, 37359348, 1, 0, 0
79012, 35079865, 1, 0, 0
79115, 40768853, 1, 0, 0
79215, 38783968, 1, 0, 0
79316, 39925421, 1, 0, 0
79415, 31350573, 1, 0, 0
79512, 34331235, 1, 0, 0
79611, 37148574, 1, 0, 0
79703, 35586406, 1, 0, 0
79813, 32724095, 1, 0, 0
79902, 33302610, 1, 0, 0
80006, 32250592, 1, 0, 0
80101, 29027982, 1, 0, 0
80214, 28438533, 1, 0, 0
80307, 27067212, 1, 0, 0
80406, 30099431, 1, 0, 0
80536, 34456029, 1, 0, 0
80633, 60481814, 1, 0, 0
80768, 83044859, 1, 0, 0
80840, 118210443, 1, 0, 0
80904, 67634706, 1, 0, 0
81050, 110101649, 1, 0, 0
81120, 64475215, 1, 0, 0
81215, 37682134, 1, 0, 0
81306, 35352096, 1, 0, 0
81412, 31905596, 1, 0, 0
81515, 23890640, 1, 0, 0
81602, 35560248, 1, 0, 0
81701, 34615570, 1, 0, 0
81803, 34382557, 1, 0, 0
81905, 36225093, 1, 0, 0
82008, 41139431, 1, 0, 0
82109, 31531109, 1, 0, 0
82215, 38095058, 1, 0, 0
82315, 33201852, 1, 0, 0
82410, 29935826, 1, 0, 0
82502, 36365172, 1, 0, 0
82612, 34554404, 1, 0, 0
82715, 32828756, 1, 0, 0
82809, 28548732, 1, 0, 0
82914, 30275680, 1, 0, 0
83005, 35980207, 1, 0, 0
83107, 33273533, 1, 0, 0
83210, 36612554, 1, 0, 0
83366, 65977223, 1, 0, 0
83428, 86155006, 1, 0, 0
83566, 106420882, 1, 0, 0
83621, 110059273, 1, 0, 0
83761, 100980645, 1, 0, 0
83805, 51263008, 1, 0, 0
83913, 33662393, 1, 0, 0
84011, 26367938, 1, 0, 0
84121, 33312413, 1, 0, 0
84220, 34486339, 1, 0, 0
84316, 35566084, 1, 0, 0
84413, 35029584, 1, 0, 0
84509, 38553567, 1, 0, 0
84601, 36986112, 1, 0, 0
84711, 36327322, 1, 0, 0
84815, 31202766, 1, 0, 0
84908, 27466726, 1, 0, 0
85002, 30057619, 1, 0, 0
85104, 29005091, 1, 0, 0
85216, 31721775, 1, 0, 0
85308, 36324179, 1, 0, 0
85400, 33370553, 1, 0, 0
85520, 32012290, 1, 0, 0
85621, 36730830, 1, 0, 0
85734, 42067925, 1, 0, 0
85829, 60916341, 1, 0, 0
85964, 86746019, 1, 0, 0
86026, 100130925, 1, 0, 0
86162, 107334207, 1, 0, 0
86219, 122057112, 1, 0, 0
86352, 93734113, 1, 0, 0
86412, 82522500, 1, 0, 0
86504, 95405543, 1, 0, 0
86613, 30818833, 1, 0, 0
86709, 28461618, 1, 0, 0
86818, 23774327, 1, 0, 0
86906, 31168089, 1, 0, 0
87001, 34416870, 1, 0, 0
87102, 38245474, 1, 0, 0
87220, 38089290, 1, 0, 0
87313, 37078310, 1, 0, 0
87410, 37535805, 1, 0, 0
87510, 34362583, 1, 0, 0
87612, 28499872, 1, 0, 0
87713, 29907804, 1, 0, 0
87814, 33189977, 1, 0, 0
87907, 29661535, 1, 0, 0
88012, 32987180, 1, 0, 0
88103, 33473197, 1, 0, 0
88241, 62774891, 1, 0, 0
88306, 84557661, 1, 0, 0
88431, 81042633, 1, 0, 0
88501, 139674198, 1, 0, 0
88630, 108344394, 1, 0, 0
88748, 101297780, 1, 0, 0
88803, 86392408, 1, 0, 0
88919, 42028949, 1, 0, 0
89016, 34906247, 1, 0, 0
89114, 33444916, 1, 0, 0
89210, 36272805, 1, 0, 0
89307, 39006202, 1, 0, 0
89403, 35020617, 1, 0, 0
89521, 35512365, 1, 0, 0
89614, 32081909, 1, 0, 0
89704, 34093573, 1, 0, 0
89812, 32162426, 1, 0, 0
89910, 26950213, 1, 0, 0
90018, 33145919, 1, 0, 0
90039, 43255412, 1, 0, 0
