100, 9601002, 0, 0, 0
200, 10116186, 0, 0, 0
301, 10984700, 0, 0, 0
400, 7217107, 0, 0, 0
501, 8703647, 0, 0, 0
600, 10817799, 0, 0, 0
700, 11793537, 0, 0, 0
800, 18805955, 0, 0, 0
902, 15063518, 0, 0, 0
1003, 10065995, 0, 0, 0
1102, 10275430, 0, 0, 0
1200, 10182883, 0, 0, 0
1301, 9453240, 0, 0, 0
1400, 8778042, 0, 0, 0
1503, 7855533, 0, 0, 0
1601, 11210855, 0, 0, 0
1709, 9553294, 0, 0, 0
1800, 7770591, 0, 0, 0
1901, 9919354, 0, 0, 0
2001, 11255568, 0, 0, 0
2100, 13113569, 0, 0, 0
2200, 12597923, 0, 0, 0
2302, 8316838, 0, 0, 0
2400, 14101271, 0, 0, 0
2512, 13989696, 0, 0, 0
2600, 15187140, 0, 0, 0
2700, 11098159, 0, 0, 0
2801, 8042662, 0, 0, 0
2900, 11376814, 0, 0, 0
3003, 8925492, 0, 0, 0
3102, 11890982, 0, 0, 0
3200, 11712428, 0, 0, 0
3300, 11269584, 0, 0, 0
3402, 9351044, 0, 0, 0
3501, 9555043, 0, 0, 0
3615, 11882829, 0, 0, 0
3702, 10021557, 0, 0, 0
3808, 7840611, 0, 0, 0
3903, 17581062, 0, 0, 0
4000, 13502937, 0, 0, 0
4102, 16451144, 0, 0, 0
4200, 13037417, 0, 0, 0
4302, 9419844, 0, 0, 0
4400, 11076689, 0, 0, 0
4500, 8368284, 0, 0, 0
4605, 11699341, 0, 0, 0
4700, 16991012, 0, 0, 0
4800, 8521544, 0, 0, 0
4900, 8307640, 0, 0, 0
5000, 12519302, 0, 0, 0
5101, 9925449, 0, 0, 0
5201, 10078332, 0, 0, 0
5300, 8267133, 0, 0, 0
5407, 8419622, 0, 0, 0
5500, 15229076, 0, 0, 0
5604, 11803621, 0, 0, 0
5736, 10967030, 0, 0, 0
5802, 22230216, 0, 0, 0
5901, 15082255, 0, 0, 0
6000, 14037811, 0, 0, 0
6101, 12728816, 0, 0, 0
6210, 9897183, 0, 0, 0
6302, 12341487, 0, 0, 0
6400, 20156359, 0, 0, 0
6501, 11945330, 0, 0, 0
6600, 11929818, 0, 0, 0
6701, 10258489, 0, 0, 0
6800, 10103823, 0, 0, 0
6901, 8168328, 0, 0, 0
7000, 11160330, 0, 0, 0
7101, 7326574, 0, 0, 0
7200, 8645028, 0, 0, 0
7301, 8466800, 0, 0, 0
7400, 6615535, 0, 0, 0
7501, 9708101, 0, 0, 0
7600, 7188732, 0, 0, 0
7701, 5817524, 0, 0, 0
7801, 9038055, 0, 0, 0
7900, 8917325, 0, 0, 0
8000, 7659635, 0, 0, 0
8101, 26270689, 0, 0, 0
8200, 11272959, 0, 0, 0
8301, 7274422, 0, 0, 0
8400, 8692478, 0, 0, 0
8500, 10559943, 0, 0, 0
8600, 10635546, 0, 0, 0
8700, 13134530, 0, 0, 0
8800, 11655823, 0, 0, 0
8900, 7018890, 0, 0, 0
9002, 9119875, 0, 0, 0
9100, 13316703, 0, 0, 0
9208, 9994325, 0, 0, 0
9300, 9987879, 0, 0, 0
9400, 8393554, 0, 0, 0
9501, 8067461, 0, 0, 0
9600, 11731280, 0, 0, 0
9702, 13696586, 0, 0, 0
9800, 11263257, 0, 0, 0
9905, 14458954, 0, 0, 0
10000, 10774987, 0, 0, 0
10101, 7986079, 0, 0, 0
10200, 10131259, 0, 0, 0
10303, 8729637, 0, 0, 0
10401, 9565871, 0, 0, 0
10500, 8571405, 0, 0, 0
10600, 8603844, 0, 0, 0
10701, 9470554, 0, 0, 0
10800, 8840850, 0, 0, 0
10900, 7287157, 0, 0, 0
11002, 8071797, 0, 0, 0
11101, 16812959, 0, 0, 0
11200, 13275138, 0, 0, 0
11301, 11798023, 0, 0, 0
11400, 8381530, 0, 0, 0
11500, 13892391, 0, 0, 0
11602, 12182578, 0, 0, 0
11717, 9892779, 0, 0, 0
11802, 9183399, 0, 0, 0
11900, 9024752, 0, 0, 0
12000, 10585761, 0, 0, 0
12100, 11562772, 0, 0, 0
12200, 11072186, 0, 0, 0
12301, 15764810, 0, 0, 0
12400, 12528829, 0, 0, 0
12500, 9143115, 0, 0, 0
12600, 11165068, 0, 0, 0
12700, 10304563, 0, 0, 0
12808, 7573183, 0, 0, 0
12901, 20076633, 0, 0, 0
13002, 14268743, 0, 0, 0
13101, 9525706, 0, 0, 0
13200, 10676965, 0, 0, 0
13302, 12506832, 0, 0, 0
13400, 18740220, 0, 0, 0
13504, 12890574, 0, 0, 0
13606, 14300496, 0, 0, 0
13701, 10092183, 0, 0, 0
13800, 8101150, 0, 0, 0
13907, 10773940, 0, 0, 0
14000, 18925582, 0, 0, 0
14100, 9966168, 0, 0, 0
14204, 8407290, 0, 0, 0
14300, 12171008, 0, 0, 0
14403, 14135673, 0, 0, 0
14500, 8097379, 0, 0, 0
14600, 11012361, 0, 0, 0
14713, 9711385, 0, 0, 0
14800, 16519525, 0, 0, 0
14900, 15142623, 0, 0, 0
15000, 8581254, 0, 0, 0
15100, 15259254, 0, 0, 0
15200, 6410111, 0, 0, 0
15300, 10530248, 0, 0, 0
15402, 10224094, 0, 0, 0
15502, 9757766, 0, 0, 0
15600, 16215042, 0, 0, 0
15701, 14165530, 0, 0, 0
15860, 12387928, 0, 0, 0
15907, 21946847, 0, 0, 0
16000, 12342915, 0, 0, 0
16107, 9130576, 0, 0, 0
16205, 18512864, 0, 0, 0
16300, 9639641, 0, 0, 0
16400, 9235165, 0, 0, 0
16501, 9188569, 0, 0, 0
16601, 13030952, 0, 0, 0
16700, 10292529, 0, 0, 0
16802, 12996145, 0, 0, 0
16900, 7164708, 0, 0, 0
17000, 7907878, 0, 0, 0
17100, 9757105, 0, 0, 0
17201, 9767965, 0, 0, 0
17301, 12277986, 0, 0, 0
17400, 6563182, 0, 0, 0
17502, 9070757, 0, 0, 0
17600, 13075070, 0, 0, 0
17702, 23617825, 0, 0, 0
17800, 11829868, 0, 0, 0
17900, 10222903, 0, 0, 0
18008, 14194051, 0, 0, 0
18101, 22081929, 0, 0, 0
18201, 11350040, 0, 0, 0
18308, 7873978, 0, 0, 0
18400, 11612446, 0, 0, 0
18501, 9533665, 0, 0, 0
18600, 14388879, 0, 0, 0
18703, 9434758, 0, 0, 0
18809, 10929197, 0, 0, 0
18900, 8698149, 0, 0, 0
19000, 9297410, 0, 0, 0
19104, 10404585, 0, 0, 0
19201, 14235493, 0, 0, 0
19300, 16841023, 0, 0, 0
19402, 9011067, 0, 0, 0
19500, 7888484, 0, 0, 0
19600, 8434548, 0, 0, 0
19701, 12145488, 0, 0, 0
19803, 9038253, 0, 0, 0
19903, 9154677, 0, 0, 0
20000, 9967401, 0, 0, 0
20101, 9312691, 0, 0, 0
20200, 7665873, 0, 0, 0
20300, 9291317, 0, 0, 0
20401, 9132443, 0, 0, 0
20500, 7522872, 0, 0, 0
20600, 8351586, 0, 0, 0
20700, 10415360, 0, 0, 0
20800, 7871762, 0, 0, 0
20900, 9484423, 0, 0, 0
21006, 11950826, 0, 0, 0
21101, 7474199, 0, 0, 0
21203, 10695224, 0, 0, 0
21300, 11360084, 0, 0, 0
21406, 8861038, 0, 0, 0
21507, 10919934, 0, 0, 0
21600, 13609493, 0, 0, 0
21720, 12001145, 0, 0, 0
21801, 28326254, 0, 0, 0
21900, 9400973, 0, 0, 0
22000, 8908807, 0, 0, 0
22101, 7842626, 0, 0, 0
22204, 7575670, 0, 0, 0
22307, 10234028, 0, 0, 0
22400, 14166950, 0, 0, 0
22501, 6568301, 0, 0, 0
22600, 12827663, 0, 0, 0
22700, 15140303, 0, 0, 0
22800, 8341413, 0, 0, 0
22913, 8480874, 0, 0, 0
23001, 10408351, 0, 0, 0
23125, 7343739, 0, 0, 0
23202, 12616290, 0, 0, 0
23300, 8883502, 0, 0, 0
23400, 9263716, 0, 0, 0
23500, 10766477, 0, 0, 0
23619, 15663057, 0, 0, 0
23700, 13693619, 0, 0, 0
23800, 10018290, 0, 0, 0
23909, 11364190, 0, 0, 0
24000, 9487062, 0, 0, 0
24100, 11239347, 0, 0, 0
24200, 8182220, 0, 0, 0
24352, 11271914, 0, 0, 0
24400, 16104779, 0, 0, 0
24500, 8642237, 0, 0, 0
24602, 14047081, 0, 0, 0
24706, 11294343, 0, 0, 0
24802, 10176804, 0, 0, 0
24900, 11216942, 0, 0, 0
25000, 7649682, 0, 0, 0
25100, 9058951, 0, 0, 0
25200, 9506538, 0, 0, 0
25300, 10298880, 0, 0, 0
25400, 10835378, 0, 0, 0
25500, 16950206, 0, 0, 0
25631, 10615801, 0, 0, 0
25700, 21916477, 0, 0, 0
25800, 10454954, 0, 0, 0
25900, 10450268, 0, 0, 0
26000, 14717669, 0, 0, 0
26100, 8620037, 0, 0, 0
26202, 10544595, 0, 0, 0
26308, 12396283, 0, 0, 0
26400, 9149855, 0, 0, 0
26500, 13126224, 0, 0, 0
26600, 7100830, 0, 0, 0
26705, 11695408, 0, 0, 0
26800, 9756824, 0, 0, 0
26900, 8536235, 0, 0, 0
27000, 8459762, 0, 0, 0
27100, 10704728, 0, 0, 0
27200, 8953414, 0, 0, 0
27300, 18721391, 0, 0, 0
27401, 8241251, 0, 0, 0
27507, 7786535, 0, 0, 0
27600, 23844682, 0, 0, 0
27706, 14135915, 0, 0, 0
27801, 11920134, 0, 0, 0
27903, 21227252, 0, 0, 0
28000, 12138004, 0, 0, 0
28113, 10567467, 0, 0, 0
28201, 16322932, 0, 0, 0
28300, 12157642, 0, 0, 0
28400, 10755482, 0, 0, 0
28500, 8245815, 0, 0, 0
28602, 10485245, 0, 0, 0
28702, 9535438, 0, 0, 0
28800, 10788200, 0, 0, 0
28901, 11125223, 0, 0, 0
29000, 13052506, 0, 0, 0
29100, 8401696, 0, 0, 0
29200, 9047687, 0, 0, 0
29324, 10425565, 0, 0, 0
29401, 16557103, 0, 0, 0
29500, 10565398, 0, 0, 0
29603, 12702219, 0, 0, 0
29705, 14611251, 0, 0, 0
29800, 8964433, 0, 0, 0
29902, 15034147, 0, 0, 0
30001, 8463486, 0, 0, 0
30100, 13994830, 0, 0, 0
30200, 15000290, 0, 0, 0
30305, 8906493, 0, 0, 0
30401, 6694898, 0, 0, 0
30500, 6508043, 0, 0, 0
30600, 11119940, 0, 0, 0
30703, 9803085, 0, 0, 0
30802, 9177793, 0, 0, 0
30900, 16137222, 0, 0, 0
31000, 9533586, 0, 0, 0
31101, 15735791, 0, 0, 0
31200, 17536038, 0, 0, 0
31300, 8499350, 0, 0, 0
31400, 11229127, 0, 0, 0
31500, 16726753, 0, 0, 0
31616, 10723421, 0, 0, 0
31701, 12996808, 0, 0, 0
31800, 16739844, 0, 0, 0
31900, 8984237, 0, 0, 0
32001, 9553060, 0, 0, 0
32100, 22280911, 0, 0, 0
32201, 7686896, 0, 0, 0
32300, 7719424, 0, 0, 0
32406, 10943884, 0, 0, 0
32501, 9217984, 0, 0, 0
32600, 10150243, 0, 0, 0
32703, 9919931, 0, 0, 0
32802, 9335394, 0, 0, 0
32900, 9552776, 0, 0, 0
33000, 8507029, 0, 0, 0
33100, 12247388, 0, 0, 0
33217, 11108548, 0, 0, 0
33300, 12462249, 0, 0, 0
33400, 15540636, 0, 0, 0
33500, 12227190, 0, 0, 0
33602, 9088002, 0, 0, 0
33703, 10217573, 0, 0, 0
33800, 11382847, 0, 0, 0
33900, 7904072, 0, 0, 0
34001, 13002308, 0, 0, 0
34101, 15073860, 0, 0, 0
34200, 7333821, 0, 0, 0
34300, 12909111, 0, 0, 0
34400, 8471539, 0, 0, 0
34504, 8888326, 0, 0, 0
34601, 9327417, 0, 0, 0
34700, 10074077, 0, 0, 0
34801, 10540229, 0, 0, 0
34901, 7777696, 0, 0, 0
35001, 11127672, 0, 0, 0
35102, 11560503, 0, 0, 0
35200, 13713274, 0, 0, 0
35310, 12319836, 0, 0, 0
35401, 16065975, 0, 0, 0
35500, 13660819, 0, 0, 0
35607, 16429007, 0, 0, 0
35700, 9456245, 0, 0, 0
35801, 19346954, 0, 0, 0
35900, 12743593, 0, 0, 0
36001, 8718557, 0, 0, 0
36102, 9428136, 0, 0, 0
36201, 11211916, 0, 0, 0
36300, 10727330, 0, 0, 0
36400, 21878124, 0, 0, 0
36501, 8459277, 0, 0, 0
36600, 9896769, 0, 0, 0
36700, 10542211, 0, 0, 0
36801, 8548740, 0, 0, 0
36911, 9218523, 0, 0, 0
37000, 13953880, 0, 0, 0
37100, 9963929, 0, 0, 0
37200, 10539453, 0, 0, 0
37300, 9935523, 0, 0, 0
37400, 7936245, 0, 0, 0
37502, 7775150, 0, 0, 0
37602, 12878173, 0, 0, 0
37704, 16719307, 0, 0, 0
37800, 8727543, 0, 0, 0
37901, 9003062, 0, 0, 0
38000, 13385319, 0, 0, 0
38100, 10459473, 0, 0, 0
38200, 9389439, 0, 0, 0
38313, 12704377, 0, 0, 0
38400, 8181037, 0, 0, 0
38502, 7161584, 0, 0, 0
38601, 9407026, 0, 0, 0
38701, 13174525, 0, 0, 0
38801, 7557205, 0, 0, 0
38900, 11259925, 0, 0, 0
39000, 10502863, 0, 0, 0
39100, 12623184, 0, 0, 0
39201, 21535290, 0, 0, 0
39301, 7131213, 0, 0, 0
39400, 25727976, 0, 0, 0
39502, 10770575, 0, 0, 0
39600, 11838159, 0, 0, 0
39706, 10932887, 0, 0, 0
39809, 10663202, 0, 0, 0
39900, 9428509, 0, 0, 0
40001, 9843077, 0, 0, 0
40100, 7987752, 0, 0, 0
40202, 7108044, 0, 0, 0
40300, 9691671, 0, 0, 0
40400, 9777907, 0, 0, 0
40500, 9378816, 0, 0, 0
40602, 10933852, 0, 0, 0
40700, 11722689, 0, 0, 0
40804, 9833302, 0, 0, 0
40900, 14587283, 0, 0, 0
41000, 9499888, 0, 0, 0
41100, 11667797, 0, 0, 0
41204, 12733392, 0, 0, 0
41301, 14702384, 0, 0, 0
41400, 9366676, 0, 0, 0
41500, 11818071, 0, 0, 0
41600, 7066974, 0, 0, 0
41700, 8760092, 0, 0, 0
41801, 11028195, 0, 0, 0
41901, 8164760, 0, 0, 0
42001, 7871337, 0, 0, 0
42101, 9246628, 0, 0, 0
42200, 12969041, 0, 0, 0
42300, 11036342, 0, 0, 0
42401, 12276387, 0, 0, 0
42500, 7511077, 0, 0, 0
42609, 13373867, 0, 0, 0
42700, 10581593, 0, 0, 0
42800, 7391028, 0, 0, 0
42902, 8398113, 0, 0, 0
43000, 9176978, 0, 0, 0
43100, 16530530, 0, 0, 0
43200, 8904611, 0, 0, 0
43307, 10791712, 0, 0, 0
43400, 8948393, 0, 0, 0
43500, 9743143, 0, 0, 0
43600, 7695357, 0, 0, 0
43700, 7527395, 0, 0, 0
43829, 12330999, 0, 0, 0
43900, 17020019, 0, 0, 0
44000, 10720158, 0, 0, 0
44100, 10656961, 0, 0, 0
44200, 11810508, 0, 0, 0
44301, 9453459, 0, 0, 0
44400, 35954483, 0, 0, 0
44500, 11595446, 0, 0, 0
44604, 10081008, 0, 0, 0
44701, 10555432, 0, 0, 0
44801, 7490001, 0, 0, 0
44907, 11847938, 0, 0, 0
45000, 12352270, 0, 0, 0
45103, 15084900, 0, 0, 0
45200, 11193392, 0, 0, 0
45300, 11183976, 0, 0, 0
45401, 10562904, 0, 0, 0
45501, 8253588, 0, 0, 0
45600, 15813244, 0, 0, 0
45700, 14069727, 0, 0, 0
45801, 14544503, 0, 0, 0
45900, 12150274, 0, 0, 0
46000, 8453004, 0, 0, 0
46100, 7293854, 0, 0, 0
46201, 7949328, 0, 0, 0
46300, 8195351, 0, 0, 0
46401, 10654571, 0, 0, 0
46511, 10335075, 0, 0, 0
46615, 11180442, 0, 0, 0
46701, 10785172, 0, 0, 0
46801, 7977388, 0, 0, 0
46910, 25360134, 0, 0, 0
47009, 9979207, 0, 0, 0
47120, 10104094, 0, 0, 0
47204, 11521583, 0, 0, 0
47301, 12782503, 0, 0, 0
47402, 11587145, 0, 0, 0
47501, 8375773, 0, 0, 0
47600, 10464073, 0, 0, 0
47700, 10463462, 0, 0, 0
47800, 8798897, 0, 0, 0
47958, 20792623, 0, 0, 0
48001, 57780764, 0, 0, 0
48101, 8542576, 0, 0, 0
48200, 7981338, 0, 0, 0
48300, 16080916, 0, 0, 0
48400, 7417545, 0, 0, 0
48501, 9419260, 0, 0, 0
48600, 13722233, 0, 0, 0
48700, 8569718, 0, 0, 0
48800, 10947839, 0, 0, 0
48903, 10456590, 0, 0, 0
49001, 12167094, 0, 0, 0
49101, 8601168, 0, 0, 0
49200, 8581350, 0, 0, 0
49301, 9916560, 0, 0, 0
49400, 11010174, 0, 0, 0
49501, 15396153, 0, 0, 0
49600, 10147470, 0, 0, 0
49704, 8392459, 0, 0, 0
49800, 13838018, 0, 0, 0
49901, 11547297, 0, 0, 0
50000, 8292352, 0, 0, 0
50101, 9771383, 0, 0, 0
50202, 13089753, 0, 0, 0
50300, 10604428, 0, 0, 0
50403, 9580772, 0, 0, 0
50500, 10238468, 0, 0, 0
50600, 12405215, 0, 0, 0
50722, 9026050, 0, 0, 0
50800, 17748613, 0, 0, 0
50901, 8943244, 0, 0, 0
51000, 7735431, 0, 0, 0
51100, 7537254, 0, 0, 0
51200, 13234235, 0, 0, 0
51300, 9220197, 0, 0, 0
51401, 11511055, 0, 0, 0
51503, 11123029, 0, 0, 0
51600, 12722898, 0, 0, 0
51700, 12121222, 0, 0, 0
51800, 9095978, 0, 0, 0
51907, 8900084, 0, 0, 0
52000, 9414582, 0, 0, 0
52100, 8724508, 0, 0, 0
52200, 13186213, 0, 0, 0
52300, 11146662, 0, 0, 0
52400, 7955119, 0, 0, 0
52500, 8903869, 0, 0, 0
52600, 9010807, 0, 0, 0
52708, 10199073, 0, 0, 0
52800, 14040432, 0, 0, 0
52901, 17033116, 0, 0, 0
53002, 10674373, 0, 0, 0
53101, 8615405, 0, 0, 0
53200, 10254881, 0, 0, 0
53300, 10300879, 0, 0, 0
53400, 12180541, 0, 0, 0
53501, 9416140, 0, 0, 0
53601, 11032476, 0, 0, 0
53706, 9149452, 0, 0, 0
53800, 9180071, 0, 0, 0
53900, 11651892, 0, 0, 0
54000, 7916699, 0, 0, 0
54102, 9596440, 0, 0, 0
54200, 8715459, 0, 0, 0
54300, 12104303, 0, 0, 0
54402, 9642543, 0, 0, 0
54500, 8676816, 0, 0, 0
54605, 8964025, 0, 0, 0
54700, 13982755, 0, 0, 0
54815, 10022611, 0, 0, 0
54901, 14208362, 0, 0, 0
55000, 9840528, 0, 0, 0
55101, 6393569, 0, 0, 0
55200, 11062093, 0, 0, 0
55301, 11039538, 0, 0, 0
55400, 12313090, 0, 0, 0
55508, 8055671, 0, 0, 0
55668, 14776289, 0, 0, 0
55700, 28759432, 0, 0, 0
55800, 8968582, 0, 0, 0
55900, 9749822, 0, 0, 0
56000, 7158383, 0, 0, 0
56102, 13084808, 0, 0, 0
56207, 9152986, 0, 0, 0
56301, 10092098, 0, 0, 0
56400, 8873223, 0, 0, 0
56513, 9653256, 0, 0, 0
56600, 9926716, 0, 0, 0
56702, 9988844, 0, 0, 0
56802, 15170503, 0, 0, 0
56900, 10854275, 0, 0, 0
57000, 9705851, 0, 0, 0
57102, 9489142, 0, 0, 0
57200, 9332812, 0, 0, 0
57314, 8554536, 0, 0, 0
57400, 13020912, 0, 0, 0
57501, 9694575, 0, 0, 0
57602, 9048209, 0, 0, 0
57700, 9344242, 0, 0, 0
57800, 10926845, 0, 0, 0
57904, 10695121, 0, 0, 0
58000, 10917535, 0, 0, 0
58100, 10995780, 0, 0, 0
58201, 11310327, 0, 0, 0
58307, 10809809, 0, 0, 0
58401, 10029191, 0, 0, 0
58505, 9274760, 0, 0, 0
58604, 11536547, 0, 0, 0
58700, 11225694, 0, 0, 0
58800, 7991942, 0, 0, 0
58903, 13645082, 0, 0, 0
59000, 9442122, 0, 0, 0
59122, 15087196, 0, 0, 0
59201, 15423255, 0, 0, 0
59300, 9359657, 0, 0, 0
59400, 10732995, 0, 0, 0
59501, 7388842, 0, 0, 0
59601, 14955379, 0, 0, 0
59701, 21049541, 0, 0, 0
59811, 9076931, 0, 0, 0
59917, 11933733, 0, 0, 0
60021, 25047079, 0, 0, 0
60111, 13984942, 0, 0, 0
60220, 12245929, 0, 0, 0
60301, 12937695, 0, 0, 0
60401, 12392188, 0, 0, 0
60502, 8133764, 0, 0, 0
60600, 11188287, 0, 0, 0
60700, 9178434, 0, 0, 0
60801, 12014420, 0, 0, 0
60901, 8675267, 0, 0, 0
61000, 7273768, 0, 0, 0
61100, 9924488, 0, 0, 0
61201, 8716424, 0, 0, 0
61302, 8206051, 0, 0, 0
61400, 9757552, 0, 0, 0
61505, 8022634, 0, 0, 0
61625, 16268571, 0, 0, 0
61700, 10398306, 0, 0, 0
61800, 7117531, 0, 0, 0
61901, 8504537, 0, 0, 0
62000, 14018250, 0, 0, 0
62100, 7963691, 0, 0, 0
62200, 7130883, 0, 0, 0
62300, 8716139, 0, 0, 0
62400, 13153931, 0, 0, 0
62500, 9047909, 0, 0, 0
62600, 8665053, 0, 0, 0
62700, 9694579, 0, 0, 0
62800, 8337870, 0, 0, 0
62903, 14967248, 0, 0, 0
63000, 14814708, 0, 0, 0
63100, 11407060, 0, 0, 0
63200, 10702646, 0, 0, 0
63306, 8061542, 0, 0, 0
63401, 11970548, 0, 0, 0
63500, 11437937, 0, 0, 0
63601, 9869998, 0, 0, 0
63701, 13620885, 0, 0, 0
63881, 10418425, 0, 0, 0
63910, 107900690, 0, 0, 0
64000, 13615103, 0, 0, 0
64100, 18363427, 0, 0, 0
64200, 22250339, 0, 0, 0
64300, 16052337, 0, 0, 0
64401, 10447391, 0, 0, 0
64502, 18384795, 0, 0, 0
64600, 7623913, 0, 0, 0
64700, 8361894, 0, 0, 0
64800, 10812517, 0, 0, 0
64900, 7910633, 0, 0, 0
65008, 10334180, 0, 0, 0
65101, 14218124, 0, 0, 0
65201, 12169505, 0, 0, 0
65311, 14306900, 0, 0, 0
65400, 21319360, 0, 0, 0
65500, 7874054, 0, 0, 0
65602, 9154184, 0, 0, 0
65700, 8881775, 0, 0, 0
65800, 10887396, 0, 0, 0
65901, 11077597, 0, 0, 0
66000, 19277059, 0, 0, 0
66100, 8497878, 0, 0, 0
66200, 7418307, 0, 0, 0
66301, 14755633, 0, 0, 0
66400, 8914646, 0, 0, 0
66507, 7794344, 0, 0, 0
66606, 12918966, 0, 0, 0
66700, 15466850, 0, 0, 0
66800, 7635405, 0, 0, 0
66900, 10809430, 0, 0, 0
67000, 27970731, 0, 0, 0
67100, 9658015, 0, 0, 0
67200, 7778169, 0, 0, 0
67352, 7732635, 0, 0, 0
67400, 41177041, 0, 0, 0
67502, 9416705, 0, 0, 0
67601, 15044265, 0, 0, 0
67706, 11066171, 0, 0, 0
67802, 11229018, 0, 0, 0
67900, 19989085, 0, 0, 0
68000, 9451609, 0, 0, 0
68102, 9073138, 0, 0, 0
68200, 10480671, 0, 0, 0
68306, 8167247, 0, 0, 0
68400, 15616705, 0, 0, 0
68501, 10038141, 0, 0, 0
68601, 8515863, 0, 0, 0
68700, 11376723, 0, 0, 0
68803, 12497741, 0, 0, 0
68900, 13818519, 0, 0, 0
69004, 13551946, 0, 0, 0
69100, 11973743, 0, 0, 0
69201, 10524791, 0, 0, 0
69301, 10559361, 0, 0, 0
69404, 10829298, 0, 0, 0
69504, 8575981, 0, 0, 0
69600, 8272478, 0, 0, 0
69700, 9249481, 0, 0, 0
69800, 7026844, 0, 0, 0
69900, 9364654, 0, 0, 0
70001, 8453651, 0, 0, 0
70101, 10003459, 0, 0, 0
70200, 10296106, 0, 0, 0
70300, 8373746, 0, 0, 0
70400, 8958573, 0, 0, 0
70500, 12574748, 0, 0, 0
70606, 11233469, 0, 0, 0
70700, 7254268, 0, 0, 0
70800, 7218355, 0, 0, 0
70900, 16338593, 0, 0, 0
71000, 10335384, 0, 0, 0
71102, 12835920, 0, 0, 0
71200, 9893843, 0, 0, 0
71300, 12343870, 0, 0, 0
71400, 8556346, 0, 0, 0
71506, 8995349, 0, 0, 0
71610, 10101969, 0, 0, 0
71702, 8190491, 0, 0, 0
71820, 8643603, 0, 0, 0
71900, 14999633, 0, 0, 0
72005, 9428961, 0, 0, 0
72100, 10638109, 0, 0, 0
72200, 8922035, 0, 0, 0
72303, 13232422, 0, 0, 0
72400, 9237090, 0, 0, 0
72500, 9098088, 0, 0, 0
72601, 10054151, 0, 0, 0
72702, 11094373, 0, 0, 0
72800, 16102564, 0, 0, 0
72901, 11265284, 0, 0, 0
73006, 11036342, 0, 0, 0
73100, 12587719, 0, 0, 0
73201, 9733074, 0, 0, 0
73301, 11579511, 0, 0, 0
73401, 11264012, 0, 0, 0
73501, 11697468, 0, 0, 0
73600, 16206973, 0, 0, 0
73700, 13566027, 0, 0, 0
73801, 10438957, 0, 0, 0
73901, 9709803, 0, 0, 0
74000, 7413477, 0, 0, 0
74102, 9811743, 0, 0, 0
74200, 9887149, 0, 0, 0
74300, 10990433, 0, 0, 0
74413, 10369327, 0, 0, 0
74500, 10663593, 0, 0, 0
74615, 7684671, 0, 0, 0
74700, 14247018, 0, 0, 0
74800, 9453535, 0, 0, 0
74900, 11763996, 0, 0, 0
75000, 10610661, 0, 0, 0
75100, 10405298, 0, 0, 0
75200, 16721235, 0, 0, 0
75311, 14902124, 0, 0, 0
75401, 12823007, 0, 0, 0
75500, 8251709, 0, 0, 0
75600, 16341898, 0, 0, 0
75701, 12691114, 0, 0, 0
75800, 8472078, 0, 0, 0
75901, 10368383, 0, 0, 0
76001, 7130813, 0, 0, 0
76113, 7477572, 0, 0, 0
76236, 16751125, 0, 0, 0
76300, 21123241, 0, 0, 0
76400, 10464515, 0, 0, 0
76508, 11671487, 0, 0, 0
76645, 13440744, 0, 0, 0
76715, 23373670, 0, 0, 0
76801, 28359248, 0, 0, 0
76900, 6768377, 0, 0, 0
77000, 9266473, 0, 0, 0
77100, 10002288, 0, 0, 0
77201, 9402043, 0, 0, 0
77300, 10628807, 0, 0, 0
77400, 7640078, 0, 0, 0
77510, 11105462, 0, 0, 0
77600, 9193306, 0, 0, 0
77700, 12015035, 0, 0, 0
77801, 10015251, 0, 0, 0
77904, 12825310, 0, 0, 0
78001, 14596751, 0, 0, 0
78103, 10923647, 0, 0, 0
78220, 10354095, 0, 0, 0
78301, 12811807, 0, 0, 0
78400, 16275069, 0, 0, 0
78500, 6504283, 0, 0, 0
78601, 9075387, 0, 0, 0
78706, 7712419, 0, 0, 0
78800, 11114872, 0, 0, 0
78900, 6862525, 0, 0, 0
79000, 7806457, 0, 0, 0
79101, 11838893, 0, 0, 0
79200, 12734665, 0, 0, 0
79302, 8468272, 0, 0, 0
79402, 6069335, 0, 0, 0
79537, 20446909, 0, 0, 0
79600, 16328387, 0, 0, 0
79701, 8476352, 0, 0, 0
79803, 10772364, 0, 0, 0
79901, 13384699, 0, 0, 0
80001, 11037966, 0, 0, 0
80100, 14455542, 0, 0, 0
80200, 6608745, 0, 0, 0
80300, 9987099, 0, 0, 0
80400, 18449881, 0, 0, 0
80500, 10964963, 0, 0, 0
80601, 7208559, 0, 0, 0
80701, 7676193, 0, 0, 0
80800, 12954164, 0, 0, 0
80901, 11120490, 0, 0, 0
81000, 12646218, 0, 0, 0
81104, 18078508, 0, 0, 0
81200, 9324689, 0, 0, 0
81301, 15711358, 0, 0, 0
81400, 8388035, 0, 0, 0
81502, 8365883, 0, 0, 0
81600, 9730649, 0, 0, 0
81700, 9211854, 0, 0, 0
81800, 7208455, 0, 0, 0
81900, 13503442, 0, 0, 0
82000, 13721876, 0, 0, 0
82100, 7118423, 0, 0, 0
82200, 8499542, 0, 0, 0
82300, 10932780, 0, 0, 0
82400, 8013995, 0, 0, 0
82500, 11563105, 0, 0, 0
82601, 12285020, 0, 0, 0
82700, 11028301, 0, 0, 0
82805, 10826968, 0, 0, 0
82900, 19863902, 0, 0, 0
83001, 18571033, 0, 0, 0
83101, 11929685, 0, 0, 0
83201, 6605805, 0, 0, 0
83300, 8748781, 0, 0, 0
83400, 9932584, 0, 0, 0
83500, 12493340, 0, 0, 0
83602, 7317872, 0, 0, 0
83701, 18635754, 0, 0, 0
83800, 7818366, 0, 0, 0
83903, 12103140, 0, 0, 0
84002, 11903194, 0, 0, 0
84103, 13044469, 0, 0, 0
84202, 9853204, 0, 0, 0
84300, 7796344, 0, 0, 0
84401, 7115316, 0, 0, 0
84500, 10138912, 0, 0, 0
84600, 11596122, 0, 0, 0
84700, 7983891, 0, 0, 0
84802, 13694351, 0, 0, 0
84940, 10864184, 0, 0, 0
85000, 35868981, 0, 0, 0
85101, 14592154, 0, 0, 0
85200, 10983450, 0, 0, 0
85309, 9679096, 0, 0, 0
85403, 11638683, 0, 0, 0
85500, 10684454, 0, 0, 0
85600, 10150617, 0, 0, 0
85700, 8686461, 0, 0, 0
85800, 8521645, 0, 0, 0
85900, 7591351, 0, 0, 0
86002, 11423815, 0, 0, 0
86102, 42926829, 0, 0, 0
86222, 12432204, 0, 0, 0
86300, 16316398, 0, 0, 0
86401, 9701072, 0, 0, 0
86501, 12627026, 0, 0, 0
86602, 9520556, 0, 0, 0
86700, 27766581, 0, 0, 0
86807, 7625854, 0, 0, 0
86901, 10193470, 0, 0, 0
87000, 8048466, 0, 0, 0
87101, 8543020, 0, 0, 0
87201, 10142625, 0, 0, 0
87300, 10386705, 0, 0, 0
87400, 9273820, 0, 0, 0
87500, 7915680, 0, 0, 0
87613, 8883513, 0, 0, 0
87700, 11890899, 0, 0, 0
87800, 8022899, 0, 0, 0
87901, 9522978, 0, 0, 0
88012, 11888415, 0, 0, 0
88100, 11168740, 0, 0, 0
88200, 22956670, 0, 0, 0
88300, 11047518, 0, 0, 0
88400, 8567501, 0, 0, 0
88500, 10511017, 0, 0, 0
88600, 11444474, 0, 0, 0
88701, 11554217, 0, 0, 0
88800, 10114669, 0, 0, 0
88903, 7700959, 0, 0, 0
89000, 13858040, 0, 0, 0
89101, 9632783, 0, 0, 0
89200, 8364784, 0, 0, 0
89304, 8204779, 0, 0, 0
89405, 10429199, 0, 0, 0
89500, 13180732, 0, 0, 0
89600, 10993834, 0, 0, 0
89701, 10051364, 0, 0, 0
89801, 13575650, 0, 0, 0
89904, 14174299, 0, 0, 0
90000, 10607663, 0, 0, 0
90004, 7038813, 0, 0, 0
