250, 760, 0, 0, 0
350, 700, 0, 0, 0
450, 640, 0, 0, 0
550, 740, 0, 0, 0
650, 740, 0, 0, 0
749, 727, 0, 0, 0
849, 700, 0, 0, 0
949, 760, 0, 0, 0
1049, 730, 0, 0, 0
1149, 690, 0, 0, 0
1249, 740, 0, 0, 0
1350, 730, 0, 0, 0
1450, 750, 0, 0, 0
1550, 680, 0, 0, 0
1650, 720, 0, 0, 0
1749, 767, 0, 0, 0
1849, 700, 0, 0, 0
1949, 750, 0, 0, 0
2049, 720, 0, 0, 0
2149, 720, 0, 0, 0
2249, 680, 0, 0, 0
2349, 700, 0, 0, 0
2449, 750, 0, 0, 0
2550, 720, 0, 0, 0
2650, 770, 0, 0, 0
2749, 737, 0, 0, 0
2849, 710, 0, 0, 0
2949, 750, 0, 0, 0
3049, 680, 0, 0, 0
3149, 730, 0, 0, 0
3249, 730, 0, 0, 0
3349, 740, 0, 0, 0
3449, 760, 0, 0, 0
3549, 760, 0, 0, 0
3649, 740, 0, 0, 0
3750, 720, 0, 0, 0
3850, 710, 0, 0, 0
3950, 720, 0, 0, 0
4050, 710, 0, 0, 0
4150, 700, 0, 0, 0
4249, 717, 0, 0, 0
4349, 690, 0, 0, 0
4449, 620, 0, 0, 0
4549, 730, 0, 0, 0
4649, 740, 0, 0, 0
4749, 660, 0, 0, 0
4849, 660, 0, 0, 0
4949, 670, 0, 0, 0
5050, 690, 0, 0, 0
5150, 690, 0, 0, 0
5249, 717, 0, 0, 0
5349, 740, 0, 0, 0
5449, 680, 0, 0, 0
5549, 770, 0, 0, 0
5649, 690, 0, 0, 0
5749, 720, 0, 0, 0
5849, 720, 0, 0, 0
5949, 720, 0, 0, 0
6049, 700, 0, 0, 0
6149, 710, 0, 0, 0
6250, 710, 0, 0, 0
6350, 720, 0, 0, 0
6450, 700, 0, 0, 0
6550, 750, 0, 0, 0
6650, 750, 0, 0, 0
6749, 666, 0, 0, 0
6849, 720, 0, 0, 0
6949, 650, 0, 0, 0
7049, 750, 0, 0, 0
7149, 700, 0, 0, 0
7250, 710, 0, 0, 0
7350, 670, 0, 0, 0
7450, 700, 0, 0, 0
7550, 680, 0, 0, 0
7650, 700, 0, 0, 0
7749, 747, 0, 0, 0
7849, 720, 0, 0, 0
7949, 750, 0, 0, 0
8049, 740, 0, 0, 0
8149, 720, 0, 0, 0
8249, 680, 0, 0, 0
8349, 720, 0, 0, 0
8449, 710, 0, 0, 0
8550, 750, 0, 0, 0
8650, 750, 0, 0, 0
8749, 696, 0, 0, 0
8849, 780, 0, 0, 0
8949, 750, 0, 0, 0
9049, 690, 0, 0, 0
9149, 700, 0, 0, 0
9249, 740, 0, 0, 0
9349, 630, 0, 0, 0
9449, 750, 0, 0, 0
9549, 690, 0, 0, 0
9649, 750, 0, 0, 0
9750, 730, 0, 0, 0
9850, 710, 0, 0, 0
9950, 720, 0, 0, 0
10050, 690, 0, 0, 0
10150, 650, 0, 0, 0
10249, 717, 0, 0, 0
10349, 720, 0, 0, 0
10449, 710, 0, 0, 0
10549, 740, 0, 0, 0
10649, 730, 0, 0, 0
10749, 700, 0, 0, 0
10849, 760, 0, 0, 0
10949, 760, 0, 0, 0
11050, 730, 0, 0, 0
11150, 720, 0, 0, 0
11249, 767, 0, 0, 0
11349, 720, 0, 0, 0
11449, 710, 0, 0, 0
11549, 710, 0, 0, 0
11649, 740, 0, 0, 0
11749, 730, 0, 0, 0
11849, 750, 0, 0, 0
11949, 670, 0, 0, 0
12049, 720, 0, 0, 0
12149, 760, 0, 0, 0
12250, 700, 0, 0, 0
12350, 750, 0, 0, 0
12450, 720, 0, 0, 0
12550, 700, 0, 0, 0
12650, 730, 0, 0, 0
12749, 666, 0, 0, 0
12849, 680, 0, 0, 0
12949, 660, 0, 0, 0
13049, 740, 0, 0, 0
13149, 730, 0, 0, 0
13249, 690, 0, 0, 0
13350, 690, 0, 0, 0
13450, 750, 0, 0, 0
13550, 710, 0, 0, 0
13650, 700, 0, 0, 0
13749, 686, 0, 0, 0
13849, 740, 0, 0, 0
13949, 710, 0, 0, 0
14049, 660, 0, 0, 0
14149, 710, 0, 0, 0
14249, 720, 0, 0, 0
14349, 730, 0, 0, 0
14449, 670, 0, 0, 0
14550, 740, 0, 0, 0
14650, 740, 0, 0, 0
14749, 707, 0, 0, 0
14849, 720, 0, 0, 0
14949, 740, 0, 0, 0
15049, 680, 0, 0, 0
15149, 720, 0, 0, 0
15249, 680, 0, 0, 0
15349, 700, 0, 0, 0
15449, 630, 0, 0, 0
15549, 750, 0, 0, 0
15649, 670, 0, 0, 0
15750, 670, 0, 0, 0
15850, 690, 0, 0, 0
15950, 620, 0, 0, 0
16050, 690, 0, 0, 0
16150, 690, 0, 0, 0
16249, 717, 0, 0, 0
16349, 710, 0, 0, 0
16449, 700, 0, 0, 0
16549, 720, 0, 0, 0
16649, 720, 0, 0, 0
16749, 740, 0, 0, 0
16850, 720, 0, 0, 0
16950, 660, 0, 0, 0
17050, 690, 0, 0, 0
17150, 710, 0, 0, 0
17249, 595, 0, 0, 0
17349, 620, 0, 0, 0
17449, 690, 0, 0, 0
17549, 740, 0, 0, 0
17649, 660, 0, 0, 0
17749, 640, 0, 0, 0
17849, 650, 0, 0, 0
17949, 750, 0, 0, 0
18050, 740, 0, 0, 0
18150, 670, 0, 0, 0
18249, 676, 0, 0, 0
18349, 620, 0, 0, 0
18449, 750, 0, 0, 0
18549, 730, 0, 0, 0
18649, 720, 0, 0, 0
18749, 550, 0, 0, 0
18849, 690, 0, 0, 0
18949, 770, 0, 0, 0
19050, 740, 0, 0, 0
19150, 670, 0, 0, 0
19250, 590, 0, 0, 0
19350, 620, 0, 0, 0
19450, 650, 0, 0, 0
19550, 710, 0, 0, 0
19650, 570, 0, 0, 0
19749, 606, 0, 0, 0
19849, 760, 0, 0, 0
19949, 590, 0, 0, 0
20049, 680, 0, 0, 0
20149, 610, 0, 0, 0
20250, 700, 0, 0, 0
20350, 620, 0, 0, 0
20450, 670, 0, 0, 0
20550, 630, 0, 0, 0
20650, 640, 0, 0, 0
20749, 656, 0, 0, 0
20849, 670, 0, 0, 0
20949, 640, 0, 0, 0
21049, 640, 0, 0, 0
21149, 700, 0, 0, 0
21249, 700, 0, 0, 0
21350, 650, 0, 0, 0
21450, 730, 0, 0, 0
21550, 690, 0, 0, 0
21650, 610, 0, 0, 0
21749, 676, 0, 0, 0
21849, 740, 0, 0, 0
21949, 720, 0, 0, 0
22049, 580, 0, 0, 0
22149, 660, 0, 0, 0
22249, 700, 0, 0, 0
22349, 790, 0, 0, 0
22449, 750, 0, 0, 0
22550, 700, 0, 0, 0
22650, 680, 0, 0, 0
22749, 505, 0, 0, 0
22849, 710, 0, 0, 0
22949, 700, 0, 0, 0
23049, 730, 0, 0, 0
23149, 630, 0, 0, 0
23249, 650, 0, 0, 0
23349, 790, 0, 0, 0
23449, 740, 0, 0, 0
23549, 740, 0, 0, 0
23649, 700, 0, 0, 0
23750, 770, 0, 0, 0
23850, 670, 0, 0, 0
23950, 740, 0, 0, 0
24050, 710, 0, 0, 0
24150, 760, 0, 0, 0
24249, 727, 0, 0, 0
24349, 710, 0, 0, 0
24449, 710, 0, 0, 0
24549, 680, 0, 0, 0
24649, 710, 0, 0, 0
24749, 770, 0, 0, 0
24849, 710, 0, 0, 0
24950, 680, 0, 0, 0
25050, 710, 0, 0, 0
25150, 710, 0, 0, 0
25249, 747, 0, 0, 0
25349, 710, 0, 0, 0
25449, 790, 0, 0, 0
25549, 720, 0, 0, 0
25649, 740, 0, 0, 0
25749, 690, 0, 0, 0
25849, 740, 0, 0, 0
25949, 730, 0, 0, 0
26050, 740, 0, 0, 0
26150, 690, 0, 0, 0
26249, 626, 0, 0, 0
26349, 760, 0, 0, 0
26449, 750, 0, 0, 0
26549, 740, 0, 0, 0
26649, 710, 0, 0, 0
26749, 690, 0, 0, 0
26849, 700, 0, 0, 0
26949, 710, 0, 0, 0
27049, 740, 0, 0, 0
27150, 640, 0, 0, 0
27250, 760, 0, 0, 0
27350, 700, 0, 0, 0
27450, 690, 0, 0, 0
27550, 720, 0, 0, 0
27650, 690, 0, 0, 0
27749, 696, 0, 0, 0
27849, 740, 0, 0, 0
27949, 730, 0, 0, 0
28049, 700, 0, 0, 0
28149, 680, 0, 0, 0
28250, 710, 0, 0, 0
28350, 720, 0, 0, 0
28450, 700, 0, 0, 0
28550, 710, 0, 0, 0
28650, 670, 0, 0, 0
28749, 656, 0, 0, 0
28849, 660, 0, 0, 0
28949, 650, 0, 0, 0
29049, 730, 0, 0, 0
29149, 720, 0, 0, 0
29249, 710, 0, 0, 0
29350, 740, 0, 0, 0
29450, 710, 0, 0, 0
29550, 750, 0, 0, 0
29650, 750, 0, 0, 0
29749, 727, 0, 0, 0
29849, 610, 0, 0, 0
29949, 720, 0, 0, 0
30049, 730, 0, 0, 0
30149, 730, 0, 0, 0
30249, 750, 0, 0, 0
30349, 750, 0, 0, 0
30449, 700, 0, 0, 0
30550, 680, 0, 0, 0
30650, 710, 0, 0, 0
30749, 636, 0, 0, 0
30849, 720, 0, 0, 0
30949, 730, 0, 0, 0
31049, 650, 0, 0, 0
31149, 750, 0, 0, 0
31249, 730, 0, 0, 0
31349, 700, 0, 0, 0
31449, 680, 0, 0, 0
31549, 660, 0, 0, 0
31649, 740, 0, 0, 0
31750, 690, 0, 0, 0
31850, 600, 0, 0, 0
31950, 670, 0, 0, 0
32050, 730, 0, 0, 0
32150, 710, 0, 0, 0
32249, 747, 0, 0, 0
32349, 730, 0, 0, 0
32449, 720, 0, 0, 0
32549, 700, 0, 0, 0
32649, 700, 0, 0, 0
32749, 650, 0, 0, 0
32849, 680, 0, 0, 0
32949, 720, 0, 0, 0
33050, 720, 0, 0, 0
33150, 700, 0, 0, 0
33249, 767, 0, 0, 0
33349, 710, 0, 0, 0
33449, 700, 0, 0, 0
33549, 680, 0, 0, 0
33649, 760, 0, 0, 0
33749, 730, 0, 0, 0
33849, 740, 0, 0, 0
33949, 740, 0, 0, 0
34050, 760, 0, 0, 0
34150, 800, 0, 0, 0
34249, 636, 0, 0, 0
34349, 740, 0, 0, 0
34449, 700, 0, 0, 0
34549, 660, 0, 0, 0
34649, 670, 0, 0, 0
34749, 700, 0, 0, 0
34849, 710, 0, 0, 0
34949, 730, 0, 0, 0
35049, 680, 0, 0, 0
35149, 710, 0, 0, 0
35250, 750, 0, 0, 0
35350, 760, 0, 0, 0
35450, 720, 0, 0, 0
35550, 700, 0, 0, 0
35650, 690, 0, 0, 0
35749, 696, 0, 0, 0
35849, 660, 0, 0, 0
35949, 730, 0, 0, 0
36049, 760, 0, 0, 0
36149, 690, 0, 0, 0
36249, 680, 0, 0, 0
36349, 720, 0, 0, 0
36449, 730, 0, 0, 0
36550, 710, 0, 0, 0
36650, 700, 0, 0, 0
36749, 717, 0, 0, 0
36849, 740, 0, 0, 0
36949, 720, 0, 0, 0
37049, 730, 0, 0, 0
37149, 720, 0, 0, 0
37249, 680, 0, 0, 0
37349, 690, 0, 0, 0
37449, 660, 0, 0, 0
37549, 710, 0, 0, 0
37649, 740, 0, 0, 0
37750, 730, 0, 0, 0
37850, 740, 0, 0, 0
37950, 670, 0, 0, 0
38050, 700, 0, 0, 0
38150, 710, 0, 0, 0
38249, 717, 0, 0, 0
38349, 740, 0, 0, 0
38449, 700, 0, 0, 0
38549, 730, 0, 0, 0
38649, 720, 0, 0, 0
38749, 730, 0, 0, 0
38849, 730, 0, 0, 0
38950, 710, 0, 0, 0
39050, 720, 0, 0, 0
39150, 730, 0, 0, 0
39249, 747, 0, 0, 0
39349, 730, 0, 0, 0
39449, 730, 0, 0, 0
39549, 740, 0, 0, 0
39649, 680, 0, 0, 0
39749, 740, 0, 0, 0
39849, 760, 0, 0, 0
39949, 740, 0, 0, 0
40050, 690, 0, 0, 0
40150, 690, 0, 0, 0
40249, 707, 0, 0, 0
40349, 730, 0, 0, 0
40449, 710, 0, 0, 0
40549, 720, 0, 0, 0
40649, 660, 0, 0, 0
40749, 660, 0, 0, 0
40849, 650, 0, 0, 0
40949, 700, 0, 0, 0
41049, 690, 0, 0, 0
41149, 720, 0, 0, 0
41250, 680, 0, 0, 0
41350, 720, 0, 0, 0
41450, 690, 0, 0, 0
41550, 690, 0, 0, 0
41650, 670, 0, 0, 0
41749, 737, 0, 0, 0
41849, 710, 0, 0, 0
41949, 700, 0, 0, 0
42049, 730, 0, 0, 0
42149, 650, 0, 0, 0
42250, 690, 0, 0, 0
42350, 700, 0, 0, 0
42450, 720, 0, 0, 0
42550, 700, 0, 0, 0
42650, 730, 0, 0, 0
42749, 666, 0, 0, 0
42849, 690, 0, 0, 0
42949, 740, 0, 0, 0
43049, 730, 0, 0, 0
43149, 720, 0, 0, 0
43249, 700, 0, 0, 0
43349, 730, 0, 0, 0
43449, 740, 0, 0, 0
43550, 640, 0, 0, 0
43650, 760, 0, 0, 0
43749, 707, 0, 0, 0
43849, 730, 0, 0, 0
43949, 760, 0, 0, 0
44049, 740, 0, 0, 0
44149, 760, 0, 0, 0
44249, 720, 0, 0, 0
44349, 740, 0, 0, 0
44449, 700, 0, 0, 0
44549, 650, 0, 0, 0
44650, 720, 0, 0, 0
44750, 720, 0, 0, 0
44850, 660, 0, 0, 0
44950, 700, 0, 0, 0
45050, 690, 0, 0, 0
45150, 720, 0, 0, 0
45249, 717, 0, 0, 0
45349, 740, 0, 0, 0
45449, 720, 0, 0, 0
45549, 750, 0, 0, 0
45649, 730, 0, 0, 0
45750, 680, 0, 0, 0
45850, 680, 0, 0, 0
45950, 740, 0, 0, 0
46050, 740, 0, 0, 0
46150, 780, 0, 0, 0
46249, 707, 0, 0, 0
46349, 740, 0, 0, 0
46449, 700, 0, 0, 0
46549, 740, 0, 0, 0
46649, 740, 0, 0, 0
46749, 670, 0, 0, 0
46849, 650, 0, 0, 0
46949, 750, 0, 0, 0
47050, 700, 0, 0, 0
47150, 680, 0, 0, 0
47249, 757, 0, 0, 0
47349, 710, 0, 0, 0
47449, 690, 0, 0, 0
47549, 700, 0, 0, 0
47649, 720, 0, 0, 0
47749, 730, 0, 0, 0
47849, 680, 0, 0, 0
47949, 670, 0, 0, 0
48050, 720, 0, 0, 0
48150, 710, 0, 0, 0
48249, 666, 0, 0, 0
48349, 720, 0, 0, 0
48449, 710, 0, 0, 0
48549, 750, 0, 0, 0
48649, 630, 0, 0, 0
48749, 690, 0, 0, 0
48849, 700, 0, 0, 0
48949, 720, 0, 0, 0
49049, 700, 0, 0, 0
49149, 720, 0, 0, 0
49250, 720, 0, 0, 0
49350, 720, 0, 0, 0
49450, 760, 0, 0, 0
49550, 680, 0, 0, 0
49650, 720, 0, 0, 0
49749, 727, 0, 0, 0
49849, 650, 0, 0, 0
49949, 660, 0, 0, 0
50049, 710, 0, 0, 0
50149, 660, 0, 0, 0
50250, 730, 0, 0, 0
50350, 720, 0, 0, 0
50450, 700, 0, 0, 0
50550, 720, 0, 0, 0
50650, 710, 0, 0, 0
50749, 707, 0, 0, 0
50849, 720, 0, 0, 0
50949, 720, 0, 0, 0
51049, 700, 0, 0, 0
51149, 720, 0, 0, 0
51249, 750, 0, 0, 0
51349, 660, 0, 0, 0
51449, 750, 0, 0, 0
51549, 650, 0, 0, 0
51650, 710, 0, 0, 0
51749, 717, 0, 0, 0
51849, 680, 0, 0, 0
51949, 620, 0, 0, 0
52049, 730, 0, 0, 0
52149, 650, 0, 0, 0
52249, 680, 0, 0, 0
52349, 660, 0, 0, 0
52449, 760, 0, 0, 0
52549, 730, 0, 0, 0
52649, 760, 0, 0, 0
52749, 700, 0, 0, 0
52850, 710, 0, 0, 0
52950, 680, 0, 0, 0
53050, 760, 0, 0, 0
53150, 760, 0, 0, 0
53249, 737, 0, 0, 0
53349, 720, 0, 0, 0
53449, 740, 0, 0, 0
53549, 690, 0, 0, 0
53649, 690, 0, 0, 0
53749, 750, 0, 0, 0
53849, 730, 0, 0, 0
53949, 690, 0, 0, 0
54050, 700, 0, 0, 0
54150, 690, 0, 0, 0
54249, 686, 0, 0, 0
54349, 680, 0, 0, 0
54449, 650, 0, 0, 0
54549, 710, 0, 0, 0
54649, 710, 0, 0, 0
54749, 710, 0, 0, 0
54849, 720, 0, 0, 0
54949, 680, 0, 0, 0
55049, 730, 0, 0, 0
55150, 710, 0, 0, 0
55249, 696, 0, 0, 0
55349, 730, 0, 0, 0
55449, 650, 0, 0, 0
55549, 750, 0, 0, 0
55649, 660, 0, 0, 0
55749, 690, 0, 0, 0
55849, 650, 0, 0, 0
55949, 700, 0, 0, 0
56049, 740, 0, 0, 0
56149, 740, 0, 0, 0
56250, 630, 0, 0, 0
56350, 710, 0, 0, 0
56450, 690, 0, 0, 0
56550, 640, 0, 0, 0
56650, 700, 0, 0, 0
56749, 737, 0, 0, 0
56849, 680, 0, 0, 0
56949, 720, 0, 0, 0
57049, 740, 0, 0, 0
57149, 700, 0, 0, 0
57249, 740, 0, 0, 0
57350, 710, 0, 0, 0
57450, 690, 0, 0, 0
57550, 680, 0, 0, 0
57650, 660, 0, 0, 0
57749, 707, 0, 0, 0
57849, 740, 0, 0, 0
57949, 720, 0, 0, 0
58049, 680, 0, 0, 0
58149, 670, 0, 0, 0
58249, 600, 0, 0, 0
58349, 730, 0, 0, 0
58449, 720, 0, 0, 0
58550, 700, 0, 0, 0
58650, 610, 0, 0, 0
58749, 757, 0, 0, 0
58849, 680, 0, 0, 0
58949, 680, 0, 0, 0
59049, 760, 0, 0, 0
59149, 700, 0, 0, 0
59249, 680, 0, 0, 0
59349, 670, 0, 0, 0
59449, 730, 0, 0, 0
59549, 660, 0, 0, 0
59649, 710, 0, 0, 0
59750, 720, 0, 0, 0
59850, 690, 0, 0, 0
59950, 710, 0, 0, 0
60050, 650, 0, 0, 0
60150, 690, 0, 0, 0
60249, 717, 0, 0, 0
60349, 660, 0, 0, 0
60449, 670, 0, 0, 0
60549, 730, 0, 0, 0
60649, 770, 0, 0, 0
60749, 680, 0, 0, 0
60849, 650, 0, 0, 0
60950, 630, 0, 0, 0
61050, 690, 0, 0, 0
61150, 670, 0, 0, 0
61249, 707, 0, 0, 0
61349, 730, 0, 0, 0
61449, 780, 0, 0, 0
61549, 740, 0, 0, 0
61649, 720, 0, 0, 0
61749, 690, 0, 0, 0
61849, 600, 0, 0, 0
61949, 690, 0, 0, 0
62049, 740, 0, 0, 0
62150, 740, 0, 0, 0
62249, 707, 0, 0, 0
62349, 690, 0, 0, 0
62449, 770, 0, 0, 0
62549, 710, 0, 0, 0
62649, 710, 0, 0, 0
62749, 740, 0, 0, 0
62849, 730, 0, 0, 0
62949, 770, 0, 0, 0
63049, 720, 0, 0, 0
63150, 740, 0, 0, 0
63250, 690, 0, 0, 0
63350, 730, 0, 0, 0
63450, 770, 0, 0, 0
63550, 720, 0, 0, 0
63650, 680, 0, 0, 0
63749, 717, 0, 0, 0
63849, 720, 0, 0, 0
63949, 730, 0, 0, 0
64049, 710, 0, 0, 0
64149, 700, 0, 0, 0
64249, 670, 0, 0, 0
64350, 700, 0, 0, 0
64450, 690, 0, 0, 0
64550, 720, 0, 0, 0
64650, 690, 0, 0, 0
64749, 717, 0, 0, 0
64849, 700, 0, 0, 0
64949, 750, 0, 0, 0
65049, 730, 0, 0, 0
65149, 720, 0, 0, 0
65249, 700, 0, 0, 0
65349, 730, 0, 0, 0
65449, 690, 0, 0, 0
65549, 730, 0, 0, 0
65650, 740, 0, 0, 0
65749, 707, 0, 0, 0
65849, 720, 0, 0, 0
65949, 740, 0, 0, 0
66049, 710, 0, 0, 0
66149, 660, 0, 0, 0
66249, 760, 0, 0, 0
66349, 720, 0, 0, 0
66449, 670, 0, 0, 0
66549, 700, 0, 0, 0
66649, 720, 0, 0, 0
66750, 730, 0, 0, 0
66850, 670, 0, 0, 0
66950, 720, 0, 0, 0
67050, 690, 0, 0, 0
67150, 660, 0, 0, 0
67249, 676, 0, 0, 0
67349, 630, 0, 0, 0
67449, 730, 0, 0, 0
67549, 710, 0, 0, 0
67649, 730, 0, 0, 0
67749, 740, 0, 0, 0
67849, 700, 0, 0, 0
67949, 630, 0, 0, 0
68050, 720, 0, 0, 0
68150, 710, 0, 0, 0
68249, 737, 0, 0, 0
68349, 720, 0, 0, 0
68449, 730, 0, 0, 0
68549, 710, 0, 0, 0
68649, 730, 0, 0, 0
68749, 680, 0, 0, 0
68849, 690, 0, 0, 0
68949, 720, 0, 0, 0
69049, 710, 0, 0, 0
69149, 730, 0, 0, 0
69250, 690, 0, 0, 0
69350, 680, 0, 0, 0
69450, 740, 0, 0, 0
69550, 660, 0, 0, 0
69650, 710, 0, 0, 0
69749, 656, 0, 0, 0
69849, 770, 0, 0, 0
69949, 710, 0, 0, 0
70049, 710, 0, 0, 0
70149, 680, 0, 0, 0
70249, 750, 0, 0, 0
70349, 660, 0, 0, 0
70449, 680, 0, 0, 0
70550, 710, 0, 0, 0
70650, 730, 0, 0, 0
70749, 717, 0, 0, 0
70849, 730, 0, 0, 0
70949, 740, 0, 0, 0
71049, 740, 0, 0, 0
71149, 750, 0, 0, 0
71249, 740, 0, 0, 0
71349, 740, 0, 0, 0
71449, 710, 0, 0, 0
71549, 720, 0, 0, 0
71650, 730, 0, 0, 0
71750, 730, 0, 0, 0
71850, 740, 0, 0, 0
71950, 710, 0, 0, 0
72050, 690, 0, 0, 0
72150, 690, 0, 0, 0
72249, 727, 0, 0, 0
72349, 730, 0, 0, 0
72449, 690, 0, 0, 0
72549, 700, 0, 0, 0
72649, 680, 0, 0, 0
72749, 710, 0, 0, 0
72850, 710, 0, 0, 0
72950, 720, 0, 0, 0
73050, 700, 0, 0, 0
73150, 740, 0, 0, 0
73249, 717, 0, 0, 0
73349, 710, 0, 0, 0
73449, 710, 0, 0, 0
73549, 630, 0, 0, 0
73649, 690, 0, 0, 0
73749, 670, 0, 0, 0
73849, 720, 0, 0, 0
73949, 730, 0, 0, 0
74050, 660, 0, 0, 0
74150, 730, 0, 0, 0
74249, 717, 0, 0, 0
74349, 660, 0, 0, 0
74449, 710, 0, 0, 0
74549, 680, 0, 0, 0
74649, 700, 0, 0, 0
74749, 740, 0, 0, 0
74849, 660, 0, 0, 0
74949, 660, 0, 0, 0
75049, 720, 0, 0, 0
75149, 750, 0, 0, 0
75250, 740, 0, 0, 0
75350, 760, 0, 0, 0
75450, 680, 0, 0, 0
75550, 700, 0, 0, 0
75650, 710, 0, 0, 0
75749, 696, 0, 0, 0
75849, 730, 0, 0, 0
75949, 720, 0, 0, 0
76049, 740, 0, 0, 0
76149, 730, 0, 0, 0
76250, 700, 0, 0, 0
76350, 730, 0, 0, 0
76450, 730, 0, 0, 0
76550, 740, 0, 0, 0
76650, 750, 0, 0, 0
76749, 747, 0, 0, 0
76849, 760, 0, 0, 0
76949, 720, 0, 0, 0
77049, 620, 0, 0, 0
77149, 730, 0, 0, 0
77249, 710, 0, 0, 0
77349, 710, 0, 0, 0
77449, 720, 0, 0, 0
77550, 690, 0, 0, 0
77650, 690, 0, 0, 0
77749, 656, 0, 0, 0
77849, 740, 0, 0, 0
77949, 740, 0, 0, 0
78049, 690, 0, 0, 0
78149, 740, 0, 0, 0
78249, 680, 0, 0, 0
78349, 660, 0, 0, 0
78449, 720, 0, 0, 0
78549, 700, 0, 0, 0
78649, 730, 0, 0, 0
78750, 680, 0, 0, 0
78850, 710, 0, 0, 0
78950, 750, 0, 0, 0
79050, 740, 0, 0, 0
79150, 680, 0, 0, 0
79249, 707, 0, 0, 0
79349, 700, 0, 0, 0
79449, 720, 0, 0, 0
79549, 750, 0, 0, 0
79649, 740, 0, 0, 0
79749, 750, 0, 0, 0
79849, 740, 0, 0, 0
79949, 660, 0, 0, 0
80050, 710, 0, 0, 0
80150, 710, 0, 0, 0
80249, 717, 0, 0, 0
80349, 730, 0, 0, 0
80449, 700, 0, 0, 0
80549, 720, 0, 0, 0
80649, 700, 0, 0, 0
80749, 710, 0, 0, 0
80849, 680, 0, 0, 0
80949, 690, 0, 0, 0
81049, 680, 0, 0, 0
81149, 740, 0, 0, 0
81250, 680, 0, 0, 0
81350, 600, 0, 0, 0
81450, 610, 0, 0, 0
81550, 730, 0, 0, 0
81650, 680, 0, 0, 0
81749, 727, 0, 0, 0
81849, 610, 0, 0, 0
81949, 670, 0, 0, 0
82049, 720, 0, 0, 0
82149, 740, 0, 0, 0
82249, 700, 0, 0, 0
82349, 730, 0, 0, 0
82449, 690, 0, 0, 0
82550, 760, 0, 0, 0
82650, 720, 0, 0, 0
82749, 717, 0, 0, 0
82849, 760, 0, 0, 0
82949, 720, 0, 0, 0
83049, 700, 0, 0, 0
83149, 690, 0, 0, 0
83249, 630, 0, 0, 0
83349, 730, 0, 0, 0
83449, 720, 0, 0, 0
83549, 670, 0, 0, 0
83650, 680, 0, 0, 0
83750, 680, 0, 0, 0
83850, 750, 0, 0, 0
83950, 730, 0, 0, 0
84050, 670, 0, 0, 0
84150, 690, 0, 0, 0
84249, 737, 0, 0, 0
84349, 700, 0, 0, 0
84449, 700, 0, 0, 0
84549, 700, 0, 0, 0
84649, 730, 0, 0, 0
84750, 730, 0, 0, 0
84850, 710, 0, 0, 0
84950, 740, 0, 0, 0
85050, 630, 0, 0, 0
85150, 720, 0, 0, 0
85249, 747, 0, 0, 0
85349, 670, 0, 0, 0
85449, 720, 0, 0, 0
85549, 670, 0, 0, 0
85649, 690, 0, 0, 0
85749, 690, 0, 0, 0
85850, 690, 0, 0, 0
85950, 700, 0, 0, 0
86050, 740, 0, 0, 0
86150, 730, 0, 0, 0
86249, 717, 0, 0, 0
86349, 750, 0, 0, 0
86449, 730, 0, 0, 0
86549, 660, 0, 0, 0
86649, 660, 0, 0, 0
86749, 680, 0, 0, 0
86849, 710, 0, 0, 0
86949, 720, 0, 0, 0
87050, 700, 0, 0, 0
87150, 690, 0, 0, 0
87249, 737, 0, 0, 0
87349, 710, 0, 0, 0
87449, 740, 0, 0, 0
87549, 680, 0, 0, 0
87649, 730, 0, 0, 0
87749, 710, 0, 0, 0
87849, 740, 0, 0, 0
87949, 700, 0, 0, 0
88049, 680, 0, 0, 0
88149, 720, 0, 0, 0
88250, 730, 0, 0, 0
88350, 730, 0, 0, 0
88450, 670, 0, 0, 0
88550, 670, 0, 0, 0
88650, 660, 0, 0, 0
88749, 717, 0, 0, 0
88849, 620, 0, 0, 0
88949, 680, 0, 0, 0
89049, 740, 0, 0, 0
89149, 750, 0, 0, 0
89249, 720, 0, 0, 0
89349, 720, 0, 0, 0
89450, 700, 0, 0, 0
89550, 590, 0, 0, 0
89650, 740, 0, 0, 0
89749, 737, 0, 0, 0
89849, 720, 0, 0, 0
89949, 720, 0, 0, 0
