250, 716, 0, 0, 0
350, 720, 0, 0, 0
450, 720, 0, 0, 0
550, 670, 0, 0, 0
650, 740, 0, 0, 0
749, 767, 0, 0, 0
849, 750, 0, 0, 0
949, 740, 0, 0, 0
1049, 760, 0, 0, 0
1149, 730, 0, 0, 0
1249, 680, 0, 0, 0
1350, 740, 0, 0, 0
1450, 730, 0, 0, 0
1550, 730, 0, 0, 0
1650, 680, 0, 0, 0
1749, 727, 0, 0, 0
1849, 720, 0, 0, 0
1949, 750, 0, 0, 0
2049, 730, 0, 0, 0
2149, 670, 0, 0, 0
2249, 730, 0, 0, 0
2349, 740, 0, 0, 0
2449, 690, 0, 0, 0
2550, 760, 0, 0, 0
2650, 680, 0, 0, 0
2749, 737, 0, 0, 0
2849, 720, 0, 0, 0
2949, 690, 0, 0, 0
3049, 660, 0, 0, 0
3149, 750, 0, 0, 0
3249, 700, 0, 0, 0
3349, 690, 0, 0, 0
3449, 710, 0, 0, 0
3549, 690, 0, 0, 0
3649, 680, 0, 0, 0
3750, 720, 0, 0, 0
3850, 750, 0, 0, 0
3950, 730, 0, 0, 0
4050, 690, 0, 0, 0
4150, 690, 0, 0, 0
4249, 676, 0, 0, 0
4349, 720, 0, 0, 0
4449, 700, 0, 0, 0
4549, 740, 0, 0, 0
4649, 720, 0, 0, 0
4749, 720, 0, 0, 0
4849, 660, 0, 0, 0
4949, 770, 0, 0, 0
5050, 670, 0, 0, 0
5150, 650, 0, 0, 0
5249, 737, 0, 0, 0
5349, 690, 0, 0, 0
5449, 710, 0, 0, 0
5549, 750, 0, 0, 0
5649, 750, 0, 0, 0
5749, 720, 0, 0, 0
5849, 740, 0, 0, 0
5949, 720, 0, 0, 0
6049, 740, 0, 0, 0
6149, 700, 0, 0, 0
6250, 760, 0, 0, 0
6350, 720, 0, 0, 0
6450, 720, 0, 0, 0
6550, 770, 0, 0, 0
6650, 720, 0, 0, 0
6749, 707, 0, 0, 0
6849, 750, 0, 0, 0
6949, 720, 0, 0, 0
7049, 750, 0, 0, 0
7149, 700, 0, 0, 0
7249, 760, 0, 0, 0
7349, 660, 0, 0, 0
7449, 750, 0, 0, 0
7550, 740, 0, 0, 0
7650, 750, 0, 0, 0
7749, 747, 0, 0, 0
7849, 770, 0, 0, 0
7949, 750, 0, 0, 0
8049, 680, 0, 0, 0
8149, 630, 0, 0, 0
8249, 660, 0, 0, 0
8349, 770, 0, 0, 0
8449, 750, 0, 0, 0
8549, 710, 0, 0, 0
8649, 720, 0, 0, 0
8750, 710, 0, 0, 0
8850, 650, 0, 0, 0
8950, 740, 0, 0, 0
9050, 740, 0, 0, 0
9150, 740, 0, 0, 0
9249, 686, 0, 0, 0
9349, 750, 0, 0, 0
9449, 680, 0, 0, 0
9549, 700, 0, 0, 0
9649, 710, 0, 0, 0
9749, 700, 0, 0, 0
9849, 700, 0, 0, 0
9949, 750, 0, 0, 0
10050, 730, 0, 0, 0
10150, 790, 0, 0, 0
10249, 717, 0, 0, 0
10349, 740, 0, 0, 0
10449, 700, 0, 0, 0
10549, 640, 0, 0, 0
10649, 760, 0, 0, 0
10749, 670, 0, 0, 0
10849, 650, 0, 0, 0
10949, 710, 0, 0, 0
11049, 690, 0, 0, 0
11149, 740, 0, 0, 0
11249, 760, 0, 0, 0
11350, 740, 0, 0, 0
11450, 710, 0, 0, 0
11550, 650, 0, 0, 0
11650, 750, 0, 0, 0
11749, 737, 0, 0, 0
11849, 660, 0, 0, 0
11949, 700, 0, 0, 0
12049, 670, 0, 0, 0
12149, 740, 0, 0, 0
12249, 640, 0, 0, 0
12349, 650, 0, 0, 0
12449, 700, 0, 0, 0
12549, 690, 0, 0, 0
12650, 690, 0, 0, 0
12749, 686, 0, 0, 0
12849, 760, 0, 0, 0
12949, 710, 0, 0, 0
13049, 720, 0, 0, 0
13149, 760, 0, 0, 0
13249, 730, 0, 0, 0
13349, 700, 0, 0, 0
13449, 710, 0, 0, 0
13549, 710, 0, 0, 0
13649, 660, 0, 0, 0
13749, 750, 0, 0, 0
13849, 720, 0, 0, 0
13949, 730, 0, 0, 0
14050, 770, 0, 0, 0
14150, 770, 0, 0, 0
14249, 747, 0, 0, 0
14349, 750, 0, 0, 0
14449, 710, 0, 0, 0
14549, 660, 0, 0, 0
14649, 720, 0, 0, 0
14749, 670, 0, 0, 0
14849, 640, 0, 0, 0
14949, 710, 0, 0, 0
15050, 750, 0, 0, 0
15150, 730, 0, 0, 0
15249, 676, 0, 0, 0
15349, 740, 0, 0, 0
15449, 700, 0, 0, 0
15549, 730, 0, 0, 0
15649, 740, 0, 0, 0
15749, 690, 0, 0, 0
15849, 670, 0, 0, 0
15949, 750, 0, 0, 0
16049, 700, 0, 0, 0
16149, 720, 0, 0, 0
16250, 700, 0, 0, 0
16350, 700, 0, 0, 0
16450, 740, 0, 0, 0
16550, 750, 0, 0, 0
16650, 670, 0, 0, 0
16749, 696, 0, 0, 0
16849, 740, 0, 0, 0
16949, 700, 0, 0, 0
17049, 630, 0, 0, 0
17149, 710, 0, 0, 0
17249, 680, 0, 0, 0
17349, 700, 0, 0, 0
17449, 680, 0, 0, 0
17550, 730, 0, 0, 0
17650, 510, 0, 0, 0
17749, 737, 0, 0, 0
17849, 720, 0, 0, 0
17949, 620, 0, 0, 0
18049, 710, 0, 0, 0
18149, 720, 0, 0, 0
18249, 610, 0, 0, 0
18349, 720, 0, 0, 0
18449, 740, 0, 0, 0
18549, 700, 0, 0, 0
18650, 590, 0, 0, 0
18749, 606, 0, 0, 0
18849, 690, 0, 0, 0
18949, 670, 0, 0, 0
19049, 620, 0, 0, 0
19149, 620, 0, 0, 0
19249, 670, 0, 0, 0
19349, 640, 0, 0, 0
19449, 740, 0, 0, 0
19549, 720, 0, 0, 0
19649, 740, 0, 0, 0
19749, 610, 0, 0, 0
19849, 740, 0, 0, 0
19950, 580, 0, 0, 0
20050, 740, 0, 0, 0
20150, 690, 0, 0, 0
20249, 747, 0, 0, 0
20349, 650, 0, 0, 0
20449, 720, 0, 0, 0
20549, 720, 0, 0, 0
20649, 750, 0, 0, 0
20749, 750, 0, 0, 0
20849, 710, 0, 0, 0
20949, 660, 0, 0, 0
21049, 640, 0, 0, 0
21150, 620, 0, 0, 0
21249, 696, 0, 0, 0
21349, 690, 0, 0, 0
21449, 680, 0, 0, 0
21549, 680, 0, 0, 0
21649, 770, 0, 0, 0
21749, 650, 0, 0, 0
21849, 700, 0, 0, 0
21949, 640, 0, 0, 0
22049, 690, 0, 0, 0
22149, 620, 0, 0, 0
22250, 700, 0, 0, 0
22350, 550, 0, 0, 0
22450, 730, 0, 0, 0
22550, 740, 0, 0, 0
22650, 730, 0, 0, 0
22749, 565, 0, 0, 0
22849, 660, 0, 0, 0
22949, 740, 0, 0, 0
23049, 760, 0, 0, 0
23149, 650, 0, 0, 0
23249, 700, 0, 0, 0
23349, 710, 0, 0, 0
23449, 760, 0, 0, 0
23550, 700, 0, 0, 0
23650, 750, 0, 0, 0
23749, 363, 0, 0, 0
23849, 650, 0, 0, 0
23949, 760, 0, 0, 0
24049, 740, 0, 0, 0
24149, 500, 0, 0, 0
24249, 750, 0, 0, 0
24349, 690, 0, 0, 0
24449, 700, 0, 0, 0
24549, 700, 0, 0, 0
24650, 670, 0, 0, 0
24749, 676, 0, 0, 0
24849, 710, 0, 0, 0
24949, 690, 0, 0, 0
25049, 750, 0, 0, 0
25149, 740, 0, 0, 0
25249, 690, 0, 0, 0
25349, 750, 0, 0, 0
25449, 740, 0, 0, 0
25549, 710, 0, 0, 0
25649, 670, 0, 0, 0
25750, 770, 0, 0, 0
25850, 690, 0, 0, 0
25950, 720, 0, 0, 0
26050, 690, 0, 0, 0
26150, 730, 0, 0, 0
26249, 747, 0, 0, 0
26349, 710, 0, 0, 0
26449, 720, 0, 0, 0
26549, 710, 0, 0, 0
26649, 720, 0, 0, 0
26749, 700, 0, 0, 0
26849, 730, 0, 0, 0
26949, 740, 0, 0, 0
27050, 650, 0, 0, 0
27150, 740, 0, 0, 0
27249, 676, 0, 0, 0
27349, 670, 0, 0, 0
27449, 700, 0, 0, 0
27549, 760, 0, 0, 0
27649, 640, 0, 0, 0
27749, 720, 0, 0, 0
27849, 740, 0, 0, 0
27949, 730, 0, 0, 0
28049, 750, 0, 0, 0
28149, 750, 0, 0, 0
28250, 680, 0, 0, 0
28350, 700, 0, 0, 0
28450, 710, 0, 0, 0
28550, 670, 0, 0, 0
28650, 670, 0, 0, 0
28749, 656, 0, 0, 0
28849, 730, 0, 0, 0
28949, 750, 0, 0, 0
29049, 720, 0, 0, 0
29149, 730, 0, 0, 0
29249, 730, 0, 0, 0
29349, 700, 0, 0, 0
29449, 690, 0, 0, 0
29549, 700, 0, 0, 0
29650, 640, 0, 0, 0
29749, 737, 0, 0, 0
29849, 660, 0, 0, 0
29949, 680, 0, 0, 0
30049, 710, 0, 0, 0
30149, 710, 0, 0, 0
30249, 670, 0, 0, 0
30349, 730, 0, 0, 0
30449, 650, 0, 0, 0
30549, 730, 0, 0, 0
30649, 660, 0, 0, 0
30749, 660, 0, 0, 0
30849, 720, 0, 0, 0
30950, 710, 0, 0, 0
31050, 680, 0, 0, 0
31150, 720, 0, 0, 0
31249, 676, 0, 0, 0
31349, 720, 0, 0, 0
31449, 750, 0, 0, 0
31549, 650, 0, 0, 0
31649, 710, 0, 0, 0
31749, 620, 0, 0, 0
31849, 740, 0, 0, 0
31949, 730, 0, 0, 0
32050, 710, 0, 0, 0
32150, 700, 0, 0, 0
32249, 656, 0, 0, 0
32349, 650, 0, 0, 0
32449, 710, 0, 0, 0
32549, 670, 0, 0, 0
32649, 690, 0, 0, 0
32749, 650, 0, 0, 0
32849, 730, 0, 0, 0
32949, 660, 0, 0, 0
33049, 720, 0, 0, 0
33149, 690, 0, 0, 0
33250, 730, 0, 0, 0
33350, 680, 0, 0, 0
33450, 730, 0, 0, 0
33550, 740, 0, 0, 0
33650, 660, 0, 0, 0
33749, 737, 0, 0, 0
33849, 750, 0, 0, 0
33949, 730, 0, 0, 0
34049, 740, 0, 0, 0
34149, 660, 0, 0, 0
34249, 660, 0, 0, 0
34349, 710, 0, 0, 0
34450, 690, 0, 0, 0
34550, 650, 0, 0, 0
34650, 740, 0, 0, 0
34749, 676, 0, 0, 0
34849, 630, 0, 0, 0
34949, 720, 0, 0, 0
35049, 730, 0, 0, 0
35149, 680, 0, 0, 0
35249, 640, 0, 0, 0
35349, 690, 0, 0, 0
35449, 740, 0, 0, 0
35550, 720, 0, 0, 0
35650, 670, 0, 0, 0
35749, 696, 0, 0, 0
35849, 670, 0, 0, 0
35949, 710, 0, 0, 0
36049, 740, 0, 0, 0
36149, 690, 0, 0, 0
36249, 690, 0, 0, 0
36349, 720, 0, 0, 0
36449, 720, 0, 0, 0
36549, 670, 0, 0, 0
36649, 730, 0, 0, 0
36750, 610, 0, 0, 0
36850, 700, 0, 0, 0
36950, 700, 0, 0, 0
37050, 660, 0, 0, 0
37150, 700, 0, 0, 0
37249, 757, 0, 0, 0
37349, 760, 0, 0, 0
37449, 730, 0, 0, 0
37549, 720, 0, 0, 0
37649, 700, 0, 0, 0
37749, 730, 0, 0, 0
37850, 720, 0, 0, 0
37950, 680, 0, 0, 0
38050, 730, 0, 0, 0
38150, 740, 0, 0, 0
38249, 696, 0, 0, 0
38349, 710, 0, 0, 0
38449, 690, 0, 0, 0
38549, 690, 0, 0, 0
38649, 680, 0, 0, 0
38749, 690, 0, 0, 0
38849, 720, 0, 0, 0
38949, 680, 0, 0, 0
39050, 710, 0, 0, 0
39150, 670, 0, 0, 0
39249, 737, 0, 0, 0
39349, 710, 0, 0, 0
39449, 700, 0, 0, 0
39549, 690, 0, 0, 0
39649, 690, 0, 0, 0
39749, 720, 0, 0, 0
39849, 660, 0, 0, 0
39949, 680, 0, 0, 0
40049, 680, 0, 0, 0
40150, 740, 0, 0, 0
40249, 747, 0, 0, 0
40349, 720, 0, 0, 0
40449, 720, 0, 0, 0
40549, 730, 0, 0, 0
40649, 750, 0, 0, 0
40749, 730, 0, 0, 0
40849, 750, 0, 0, 0
40949, 720, 0, 0, 0
41049, 760, 0, 0, 0
41149, 680, 0, 0, 0
41250, 730, 0, 0, 0
41350, 740, 0, 0, 0
41450, 710, 0, 0, 0
41550, 690, 0, 0, 0
41650, 750, 0, 0, 0
41749, 747, 0, 0, 0
41849, 700, 0, 0, 0
41949, 720, 0, 0, 0
42049, 730, 0, 0, 0
42149, 750, 0, 0, 0
42249, 730, 0, 0, 0
42349, 690, 0, 0, 0
42450, 730, 0, 0, 0
42550, 670, 0, 0, 0
42650, 700, 0, 0, 0
42749, 696, 0, 0, 0
42849, 730, 0, 0, 0
42949, 740, 0, 0, 0
43049, 660, 0, 0, 0
43149, 690, 0, 0, 0
43249, 670, 0, 0, 0
43349, 680, 0, 0, 0
43449, 640, 0, 0, 0
43550, 690, 0, 0, 0
43650, 720, 0, 0, 0
43749, 696, 0, 0, 0
43849, 740, 0, 0, 0
43949, 730, 0, 0, 0
44049, 650, 0, 0, 0
44149, 750, 0, 0, 0
44249, 710, 0, 0, 0
44349, 700, 0, 0, 0
44449, 710, 0, 0, 0
44549, 750, 0, 0, 0
44649, 690, 0, 0, 0
44750, 640, 0, 0, 0
44850, 720, 0, 0, 0
44950, 700, 0, 0, 0
45050, 700, 0, 0, 0
45150, 660, 0, 0, 0
45249, 676, 0, 0, 0
45349, 670, 0, 0, 0
45449, 680, 0, 0, 0
45549, 740, 0, 0, 0
45649, 660, 0, 0, 0
45749, 730, 0, 0, 0
45849, 720, 0, 0, 0
45950, 750, 0, 0, 0
46050, 660, 0, 0, 0
46150, 720, 0, 0, 0
46249, 717, 0, 0, 0
46349, 720, 0, 0, 0
46449, 760, 0, 0, 0
46549, 710, 0, 0, 0
46649, 760, 0, 0, 0
46749, 690, 0, 0, 0
46849, 730, 0, 0, 0
46949, 740, 0, 0, 0
47050, 700, 0, 0, 0
47150, 610, 0, 0, 0
47249, 747, 0, 0, 0
47349, 660, 0, 0, 0
47449, 670, 0, 0, 0
47549, 720, 0, 0, 0
47649, 640, 0, 0, 0
47749, 730, 0, 0, 0
47849, 720, 0, 0, 0
47949, 690, 0, 0, 0
48049, 680, 0, 0, 0
48149, 720, 0, 0, 0
48250, 710, 0, 0, 0
48350, 730, 0, 0, 0
48450, 720, 0, 0, 0
48550, 690, 0, 0, 0
48650, 680, 0, 0, 0
48749, 737, 0, 0, 0
48849, 750, 0, 0, 0
48949, 730, 0, 0, 0
49049, 730, 0, 0, 0
49149, 750, 0, 0, 0
49249, 660, 0, 0, 0
49349, 740, 0, 0, 0
49449, 610, 0, 0, 0
49550, 690, 0, 0, 0
49650, 730, 0, 0, 0
49749, 727, 0, 0, 0
49849, 710, 0, 0, 0
49949, 740, 0, 0, 0
50049, 680, 0, 0, 0
50149, 720, 0, 0, 0
50249, 690, 0, 0, 0
50349, 690, 0, 0, 0
50449, 720, 0, 0, 0
50549, 660, 0, 0, 0
50650, 690, 0, 0, 0
50749, 707, 0, 0, 0
50849, 680, 0, 0, 0
50949, 700, 0, 0, 0
51049, 740, 0, 0, 0
51149, 720, 0, 0, 0
51249, 640, 0, 0, 0
51349, 680, 0, 0, 0
51449, 740, 0, 0, 0
51549, 710, 0, 0, 0
51649, 710, 0, 0, 0
51749, 710, 0, 0, 0
51849, 740, 0, 0, 0
51950, 730, 0, 0, 0
52050, 710, 0, 0, 0
52150, 680, 0, 0, 0
52249, 727, 0, 0, 0
52349, 700, 0, 0, 0
52449, 710, 0, 0, 0
52549, 720, 0, 0, 0
52649, 740, 0, 0, 0
52749, 740, 0, 0, 0
52849, 720, 0, 0, 0
52949, 700, 0, 0, 0
53050, 680, 0, 0, 0
53150, 740, 0, 0, 0
53249, 696, 0, 0, 0
53349, 730, 0, 0, 0
53449, 680, 0, 0, 0
53549, 740, 0, 0, 0
53649, 720, 0, 0, 0
53749, 640, 0, 0, 0
53849, 730, 0, 0, 0
53949, 730, 0, 0, 0
54049, 720, 0, 0, 0
54149, 740, 0, 0, 0
54250, 650, 0, 0, 0
54350, 680, 0, 0, 0
54450, 710, 0, 0, 0
54550, 700, 0, 0, 0
54650, 720, 0, 0, 0
54749, 707, 0, 0, 0
54849, 710, 0, 0, 0
54949, 730, 0, 0, 0
55049, 730, 0, 0, 0
55149, 730, 0, 0, 0
55249, 720, 0, 0, 0
55349, 710, 0, 0, 0
55449, 770, 0, 0, 0
55550, 700, 0, 0, 0
55650, 680, 0, 0, 0
55749, 666, 0, 0, 0
55849, 710, 0, 0, 0
55949, 750, 0, 0, 0
56049, 670, 0, 0, 0
56149, 700, 0, 0, 0
56249, 730, 0, 0, 0
56349, 690, 0, 0, 0
56449, 710, 0, 0, 0
56550, 720, 0, 0, 0
56650, 710, 0, 0, 0
56749, 747, 0, 0, 0
56849, 730, 0, 0, 0
56949, 710, 0, 0, 0
57049, 720, 0, 0, 0
57149, 670, 0, 0, 0
57249, 610, 0, 0, 0
57349, 720, 0, 0, 0
57449, 750, 0, 0, 0
57549, 700, 0, 0, 0
57649, 680, 0, 0, 0
57750, 720, 0, 0, 0
57850, 630, 0, 0, 0
57950, 700, 0, 0, 0
58050, 720, 0, 0, 0
58150, 700, 0, 0, 0
58249, 686, 0, 0, 0
58349, 680, 0, 0, 0
58449, 710, 0, 0, 0
58549, 690, 0, 0, 0
58649, 710, 0, 0, 0
58749, 740, 0, 0, 0
58849, 720, 0, 0, 0
58949, 750, 0, 0, 0
59050, 710, 0, 0, 0
59150, 710, 0, 0, 0
59249, 686, 0, 0, 0
59349, 710, 0, 0, 0
59449, 730, 0, 0, 0
59549, 630, 0, 0, 0
59649, 670, 0, 0, 0
59749, 720, 0, 0, 0
59849, 730, 0, 0, 0
59949, 760, 0, 0, 0
60049, 670, 0, 0, 0
60149, 730, 0, 0, 0
60250, 720, 0, 0, 0
60350, 690, 0, 0, 0
60450, 690, 0, 0, 0
60550, 720, 0, 0, 0
60650, 710, 0, 0, 0
60749, 737, 0, 0, 0
60849, 730, 0, 0, 0
60949, 710, 0, 0, 0
61049, 730, 0, 0, 0
61149, 680, 0, 0, 0
61249, 710, 0, 0, 0
61350, 730, 0, 0, 0
61450, 630, 0, 0, 0
61550, 680, 0, 0, 0
61650, 750, 0, 0, 0
61749, 717, 0, 0, 0
61849, 670, 0, 0, 0
61949, 690, 0, 0, 0
62049, 750, 0, 0, 0
62149, 610, 0, 0, 0
62249, 660, 0, 0, 0
62349, 640, 0, 0, 0
62449, 610, 0, 0, 0
62550, 720, 0, 0, 0
62650, 720, 0, 0, 0
62749, 646, 0, 0, 0
62849, 710, 0, 0, 0
62949, 690, 0, 0, 0
63049, 710, 0, 0, 0
63149, 710, 0, 0, 0
63249, 730, 0, 0, 0
63349, 640, 0, 0, 0
63449, 690, 0, 0, 0
63549, 720, 0, 0, 0
63649, 650, 0, 0, 0
63749, 730, 0, 0, 0
63850, 670, 0, 0, 0
63950, 710, 0, 0, 0
64050, 680, 0, 0, 0
64150, 730, 0, 0, 0
64249, 727, 0, 0, 0
64349, 700, 0, 0, 0
64449, 670, 0, 0, 0
64549, 700, 0, 0, 0
64649, 720, 0, 0, 0
64749, 730, 0, 0, 0
64849, 660, 0, 0, 0
64949, 660, 0, 0, 0
65050, 690, 0, 0, 0
65150, 720, 0, 0, 0
65249, 727, 0, 0, 0
65349, 700, 0, 0, 0
65449, 690, 0, 0, 0
65549, 720, 0, 0, 0
65649, 730, 0, 0, 0
65749, 720, 0, 0, 0
65849, 720, 0, 0, 0
65949, 670, 0, 0, 0
66049, 750, 0, 0, 0
66149, 700, 0, 0, 0
66249, 780, 0, 0, 0
66349, 690, 0, 0, 0
66450, 660, 0, 0, 0
66550, 680, 0, 0, 0
66650, 680, 0, 0, 0
66749, 727, 0, 0, 0
66849, 760, 0, 0, 0
66949, 670, 0, 0, 0
67049, 720, 0, 0, 0
67149, 670, 0, 0, 0
67249, 750, 0, 0, 0
67349, 730, 0, 0, 0
67449, 710, 0, 0, 0
67549, 640, 0, 0, 0
67649, 690, 0, 0, 0
67749, 717, 0, 0, 0
67849, 710, 0, 0, 0
67949, 690, 0, 0, 0
68049, 700, 0, 0, 0
68149, 690, 0, 0, 0
68249, 710, 0, 0, 0
68349, 690, 0, 0, 0
68449, 740, 0, 0, 0
68549, 710, 0, 0, 0
68649, 700, 0, 0, 0
68749, 660, 0, 0, 0
68849, 700, 0, 0, 0
68950, 710, 0, 0, 0
69050, 690, 0, 0, 0
69150, 710, 0, 0, 0
69249, 696, 0, 0, 0
69349, 630, 0, 0, 0
69449, 710, 0, 0, 0
69549, 680, 0, 0, 0
69649, 700, 0, 0, 0
69749, 760, 0, 0, 0
69849, 730, 0, 0, 0
69949, 740, 0, 0, 0
70050, 720, 0, 0, 0
70150, 680, 0, 0, 0
70249, 696, 0, 0, 0
70349, 680, 0, 0, 0
70449, 660, 0, 0, 0
70549, 710, 0, 0, 0
70649, 720, 0, 0, 0
70749, 710, 0, 0, 0
70849, 720, 0, 0, 0
70949, 710, 0, 0, 0
71049, 740, 0, 0, 0
71149, 650, 0, 0, 0
71250, 710, 0, 0, 0
71350, 690, 0, 0, 0
71450, 730, 0, 0, 0
71550, 680, 0, 0, 0
71650, 720, 0, 0, 0
71749, 727, 0, 0, 0
71849, 660, 0, 0, 0
71949, 680, 0, 0, 0
72049, 770, 0, 0, 0
72149, 650, 0, 0, 0
72249, 690, 0, 0, 0
72349, 630, 0, 0, 0
72449, 670, 0, 0, 0
72550, 670, 0, 0, 0
72650, 710, 0, 0, 0
72749, 656, 0, 0, 0
72849, 670, 0, 0, 0
72949, 730, 0, 0, 0
73049, 740, 0, 0, 0
73149, 730, 0, 0, 0
73249, 680, 0, 0, 0
73349, 660, 0, 0, 0
73449, 730, 0, 0, 0
73549, 670, 0, 0, 0
73649, 720, 0, 0, 0
73750, 700, 0, 0, 0
73850, 700, 0, 0, 0
73950, 650, 0, 0, 0
74050, 690, 0, 0, 0
74150, 680, 0, 0, 0
74249, 707, 0, 0, 0
74349, 680, 0, 0, 0
74449, 620, 0, 0, 0
74549, 700, 0, 0, 0
74649, 710, 0, 0, 0
74749, 730, 0, 0, 0
74849, 700, 0, 0, 0
74949, 730, 0, 0, 0
75050, 690, 0, 0, 0
75150, 690, 0, 0, 0
75249, 696, 0, 0, 0
75349, 740, 0, 0, 0
75449, 700, 0, 0, 0
75549, 690, 0, 0, 0
75649, 640, 0, 0, 0
75749, 710, 0, 0, 0
75849, 660, 0, 0, 0
75949, 730, 0, 0, 0
76049, 750, 0, 0, 0
76149, 620, 0, 0, 0
76250, 630, 0, 0, 0
76350, 700, 0, 0, 0
76450, 710, 0, 0, 0
76550, 720, 0, 0, 0
76650, 700, 0, 0, 0
76749, 707, 0, 0, 0
76849, 670, 0, 0, 0
76949, 740, 0, 0, 0
77049, 720, 0, 0, 0
77149, 730, 0, 0, 0
77249, 690, 0, 0, 0
77349, 770, 0, 0, 0
77449, 680, 0, 0, 0
77550, 720, 0, 0, 0
77650, 680, 0, 0, 0
77749, 747, 0, 0, 0
77849, 750, 0, 0, 0
77949, 750, 0, 0, 0
78049, 700, 0, 0, 0
78149, 730, 0, 0, 0
78249, 720, 0, 0, 0
78349, 730, 0, 0, 0
78449, 710, 0, 0, 0
78549, 720, 0, 0, 0
78649, 640, 0, 0, 0
78749, 686, 0, 0, 0
78849, 700, 0, 0, 0
78949, 730, 0, 0, 0
79049, 730, 0, 0, 0
79149, 700, 0, 0, 0
79249, 700, 0, 0, 0
79349, 680, 0, 0, 0
79449, 740, 0, 0, 0
79549, 670, 0, 0, 0
79649, 750, 0, 0, 0
79750, 660, 0, 0, 0
79850, 680, 0, 0, 0
79950, 700, 0, 0, 0
80050, 720, 0, 0, 0
80150, 650, 0, 0, 0
80249, 737, 0, 0, 0
80349, 680, 0, 0, 0
80449, 720, 0, 0, 0
80549, 720, 0, 0, 0
80649, 700, 0, 0, 0
80749, 730, 0, 0, 0
80849, 650, 0, 0, 0
80949, 730, 0, 0, 0
81050, 670, 0, 0, 0
81150, 710, 0, 0, 0
81249, 727, 0, 0, 0
81349, 720, 0, 0, 0
81449, 760, 0, 0, 0
81549, 730, 0, 0, 0
81649, 720, 0, 0, 0
81749, 750, 0, 0, 0
81849, 770, 0, 0, 0
81949, 710, 0, 0, 0
82049, 730, 0, 0, 0
82149, 660, 0, 0, 0
82250, 700, 0, 0, 0
82350, 680, 0, 0, 0
82450, 690, 0, 0, 0
82550, 710, 0, 0, 0
82650, 730, 0, 0, 0
82749, 707, 0, 0, 0
82849, 680, 0, 0, 0
82949, 750, 0, 0, 0
83049, 710, 0, 0, 0
83149, 710, 0, 0, 0
83249, 740, 0, 0, 0
83349, 700, 0, 0, 0
83449, 680, 0, 0, 0
83550, 730, 0, 0, 0
83650, 690, 0, 0, 0
83749, 717, 0, 0, 0
83849, 720, 0, 0, 0
83949, 720, 0, 0, 0
84049, 740, 0, 0, 0
84149, 730, 0, 0, 0
84249, 730, 0, 0, 0
84349, 700, 0, 0, 0
84449, 730, 0, 0, 0
84549, 730, 0, 0, 0
84649, 720, 0, 0, 0
84749, 700, 0, 0, 0
84850, 730, 0, 0, 0
84950, 650, 0, 0, 0
85050, 740, 0, 0, 0
85150, 740, 0, 0, 0
85249, 686, 0, 0, 0
85349, 690, 0, 0, 0
85449, 730, 0, 0, 0
85549, 740, 0, 0, 0
85649, 690, 0, 0, 0
85749, 720, 0, 0, 0
85849, 730, 0, 0, 0
85949, 670, 0, 0, 0
86050, 720, 0, 0, 0
86150, 730, 0, 0, 0
86249, 696, 0, 0, 0
86349, 730, 0, 0, 0
86449, 730, 0, 0, 0
86549, 690, 0, 0, 0
86649, 620, 0, 0, 0
86749, 660, 0, 0, 0
86849, 720, 0, 0, 0
86949, 770, 0, 0, 0
87049, 630, 0, 0, 0
87149, 720, 0, 0, 0
87250, 740, 0, 0, 0
87350, 720, 0, 0, 0
87450, 700, 0, 0, 0
87550, 710, 0, 0, 0
87650, 750, 0, 0, 0
87749, 757, 0, 0, 0
87849, 740, 0, 0, 0
87949, 690, 0, 0, 0
88049, 730, 0, 0, 0
88149, 740, 0, 0, 0
88249, 740, 0, 0, 0
88349, 730, 0, 0, 0
88449, 730, 0, 0, 0
88550, 740, 0, 0, 0
88650, 720, 0, 0, 0
88749, 757, 0, 0, 0
88849, 670, 0, 0, 0
88949, 720, 0, 0, 0
89049, 750, 0, 0, 0
89149, 660, 0, 0, 0
89249, 740, 0, 0, 0
89349, 770, 0, 0, 0
89449, 690, 0, 0, 0
89549, 760, 0, 0, 0
89649, 760, 0, 0, 0
89749, 747, 0, 0, 0
89849, 690, 0, 0, 0
89949, 660, 0, 0, 0
