100, 5911, 0, 0, 0
201, 5955, 0, 0, 0
301, 5586, 0, 0, 0
400, 5510, 0, 0, 0
501, 5747, 0, 0, 0
600, 6107, 0, 0, 0
701, 5783, 0, 0, 0
800, 5797, 0, 0, 0
900, 6124, 0, 0, 0
1000, 5756, 0, 0, 0
1101, 5679, 0, 0, 0
1200, 6120, 0, 0, 0
1300, 6026, 0, 0, 0
1400, 5594, 0, 0, 0
1500, 5486, 0, 0, 0
1600, 5660, 0, 0, 0
1700, 5511, 0, 0, 0
1800, 5707, 0, 0, 0
1901, 5977, 0, 0, 0
2001, 5880, 0, 0, 0
2101, 5614, 0, 0, 0
2201, 5950, 0, 0, 0
2300, 5583, 0, 0, 0
2400, 6295, 0, 0, 0
2502, 6028, 0, 0, 0
2600, 6432, 0, 0, 0
2701, 6061, 0, 0, 0
2800, 5706, 0, 0, 0
2901, 5726, 0, 0, 0
3001, 5964, 0, 0, 0
3101, 5798, 0, 0, 0
3201, 5822, 0, 0, 0
3300, 5526, 0, 0, 0
3400, 5817, 0, 0, 0
3500, 6146, 0, 0, 0
3600, 5752, 0, 0, 0
3700, 5608, 0, 0, 0
3800, 5948, 0, 0, 0
3901, 5751, 0, 0, 0
4001, 5565, 0, 0, 0
4100, 5796, 0, 0, 0
4200, 5762, 0, 0, 0
4300, 5928, 0, 0, 0
4400, 5936, 0, 0, 0
4501, 5538, 0, 0, 0
4600, 5921, 0, 0, 0
4701, 5967, 0, 0, 0
4800, 5452, 0, 0, 0
4901, 5604, 0, 0, 0
5001, 5467, 0, 0, 0
5101, 6079, 0, 0, 0
5200, 5997, 0, 0, 0
5300, 5563, 0, 0, 0
5401, 5841, 0, 0, 0
5500, 5964, 0, 0, 0
5600, 5758, 0, 0, 0
5701, 5781, 0, 0, 0
5801, 5830, 0, 0, 0
5900, 6012, 0, 0, 0
6001, 5995, 0, 0, 0
6101, 5721, 0, 0, 0
6200, 5798, 0, 0, 0
6300, 5663, 0, 0, 0
6400, 5923, 0, 0, 0
6500, 6051, 0, 0, 0
6600, 5766, 0, 0, 0
6700, 6012, 0, 0, 0
6800, 5772, 0, 0, 0
6901, 5692, 0, 0, 0
7001, 5689, 0, 0, 0
7100, 5525, 0, 0, 0
7200, 5756, 0, 0, 0
7300, 5631, 0, 0, 0
7400, 5859, 0, 0, 0
7500, 6751, 0, 0, 0
7600, 5600, 0, 0, 0
7700, 5972, 0, 0, 0
7801, 5801, 0, 0, 0
7900, 6057, 0, 0, 0
8000, 5862, 0, 0, 0
8100, 5444, 0, 0, 0
8200, 5400, 0, 0, 0
8300, 5367, 0, 0, 0
8401, 6039, 0, 0, 0
8500, 6398, 0, 0, 0
8600, 5659, 0, 0, 0
8701, 5790, 0, 0, 0
8800, 5597, 0, 0, 0
8901, 6037, 0, 0, 0
9000, 5698, 0, 0, 0
9100, 5885, 0, 0, 0
9201, 5695, 0, 0, 0
9301, 5872, 0, 0, 0
9400, 5528, 0, 0, 0
9500, 6046, 0, 0, 0
9601, 6384, 0, 0, 0
9700, 5627, 0, 0, 0
9800, 5871, 0, 0, 0
9900, 5660, 0, 0, 0
10000, 6219, 0, 0, 0
10100, 6043, 0, 0, 0
10200, 5760, 0, 0, 0
10300, 6108, 0, 0, 0
10400, 6020, 0, 0, 0
10500, 5885, 0, 0, 0
10600, 6198, 0, 0, 0
10700, 5887, 0, 0, 0
10800, 6043, 0, 0, 0
10901, 5863, 0, 0, 0
11000, 6274, 0, 0, 0
11100, 5887, 0, 0, 0
11201, 5921, 0, 0, 0
11300, 5771, 0, 0, 0
11400, 6148, 0, 0, 0
11500, 5496, 0, 0, 0
11601, 5811, 0, 0, 0
11700, 5614, 0, 0, 0
11800, 5949, 0, 0, 0
11901, 5996, 0, 0, 0
12000, 5833, 0, 0, 0
12100, 5681, 0, 0, 0
12200, 5865, 0, 0, 0
12300, 5994, 0, 0, 0
12400, 5655, 0, 0, 0
12500, 5736, 0, 0, 0
12600, 5508, 0, 0, 0
12701, 5923, 0, 0, 0
12801, 5582, 0, 0, 0
12900, 5433, 0, 0, 0
13001, 5831, 0, 0, 0
13100, 5868, 0, 0, 0
13200, 5752, 0, 0, 0
13300, 5740, 0, 0, 0
13400, 6001, 0, 0, 0
13500, 5882, 0, 0, 0
13602, 5927, 0, 0, 0
13701, 5683, 0, 0, 0
13801, 6093, 0, 0, 0
13901, 6189, 0, 0, 0
14001, 5942, 0, 0, 0
14100, 5535, 0, 0, 0
14200, 5798, 0, 0, 0
14300, 6181, 0, 0, 0
14400, 5774, 0, 0, 0
14501, 6072, 0, 0, 0
14601, 5786, 0, 0, 0
14700, 5691, 0, 0, 0
14801, 5845, 0, 0, 0
14900, 5512, 0, 0, 0
15001, 5891, 0, 0, 0
15100, 6411, 0, 0, 0
15200, 5836, 0, 0, 0
15300, 5737, 0, 0, 0
15400, 6153, 0, 0, 0
15501, 5897, 0, 0, 0
15600, 5786, 0, 0, 0
15700, 5944, 0, 0, 0
15801, 5836, 0, 0, 0
15900, 5593, 0, 0, 0
16000, 5862, 0, 0, 0
16100, 5837, 0, 0, 0
16200, 5781, 0, 0, 0
16300, 5911, 0, 0, 0
16401, 6444, 0, 0, 0
16500, 5956, 0, 0, 0
16601, 5954, 0, 0, 0
16700, 5788, 0, 0, 0
16800, 6172, 0, 0, 0
16901, 6224, 0, 0, 0
17000, 5671, 0, 0, 0
17101, 5969, 0, 0, 0
17200, 6181, 0, 0, 0
17300, 6118, 0, 0, 0
17401, 6245, 0, 0, 0
17501, 5791, 0, 0, 0
17601, 5676, 0, 0, 0
17700, 5821, 0, 0, 0
17801, 6014, 0, 0, 0
17900, 5638, 0, 0, 0
18000, 6015, 0, 0, 0
18100, 5992, 0, 0, 0
18200, 5844, 0, 0, 0
18300, 6492, 0, 0, 0
18400, 5839, 0, 0, 0
18500, 5676, 0, 0, 0
18601, 5603, 0, 0, 0
18700, 6560, 0, 0, 0
18800, 6044, 0, 0, 0
18900, 6773, 0, 0, 0
19000, 5626, 0, 0, 0
19103, 5643, 0, 0, 0
19201, 6102, 0, 0, 0
19300, 6646, 0, 0, 0
19400, 5492, 0, 0, 0
19500, 6083, 0, 0, 0
19610, 5977, 0, 0, 0
19700, 6024, 0, 0, 0
19800, 5863, 0, 0, 0
19900, 5855, 0, 0, 0
20001, 5881, 0, 0, 0
20100, 5910, 0, 0, 0
20200, 6176, 0, 0, 0
20301, 6518, 0, 0, 0
20400, 6055, 0, 0, 0
20500, 5879, 0, 0, 0
20600, 5795, 0, 0, 0
20708, 5787, 0, 0, 0
20800, 5814, 0, 0, 0
20900, 5795, 0, 0, 0
21001, 6307, 0, 0, 0
21113, 6099, 0, 0, 0
21201, 6260, 0, 0, 0
21306, 5930, 0, 0, 0
21400, 6530, 0, 0, 0
21501, 6087, 0, 0, 0
21601, 5834, 0, 0, 0
21700, 5852, 0, 0, 0
21800, 5743, 0, 0, 0
21900, 6815, 0, 0, 0
22000, 5840, 0, 0, 0
22100, 6095, 0, 0, 0
22201, 5902, 0, 0, 0
22301, 5738, 0, 0, 0
22400, 6158, 0, 0, 0
22500, 5548, 0, 0, 0
22601, 5520, 0, 0, 0
22700, 5620, 0, 0, 0
22801, 5799, 0, 0, 0
22900, 6273, 0, 0, 0
23001, 6117, 0, 0, 0
23101, 6374, 0, 0, 0
23202, 6127, 0, 0, 0
23300, 5857, 0, 0, 0
23400, 6180, 0, 0, 0
23501, 5905, 0, 0, 0
23601, 6275, 0, 0, 0
23700, 5989, 0, 0, 0
23801, 5800, 0, 0, 0
23901, 6200, 0, 0, 0
24001, 5902, 0, 0, 0
24100, 5690, 0, 0, 0
24200, 5951, 0, 0, 0
24300, 5770, 0, 0, 0
24401, 5764, 0, 0, 0
24500, 5968, 0, 0, 0
24600, 5736, 0, 0, 0
24701, 6088, 0, 0, 0
24801, 6206, 0, 0, 0
24901, 6344, 0, 0, 0
25001, 6453, 0, 0, 0
25100, 6197, 0, 0, 0
25201, 5945, 0, 0, 0
25301, 6090, 0, 0, 0
25401, 6309, 0, 0, 0
25500, 5999, 0, 0, 0
25600, 5914, 0, 0, 0
25704, 5738, 0, 0, 0
25801, 6240, 0, 0, 0
25900, 6197, 0, 0, 0
26007, 5812, 0, 0, 0
26100, 5854, 0, 0, 0
26200, 5748, 0, 0, 0
26321, 5932, 0, 0, 0
26400, 5756, 0, 0, 0
26507, 5712, 0, 0, 0
26602, 6457, 0, 0, 0
26700, 5810, 0, 0, 0
26800, 5891, 0, 0, 0
26901, 6127, 0, 0, 0
27000, 5495, 0, 0, 0
27100, 5752, 0, 0, 0
27201, 6229, 0, 0, 0
27300, 5943, 0, 0, 0
27401, 5673, 0, 0, 0
27500, 5635, 0, 0, 0
27600, 5853, 0, 0, 0
27700, 6381, 0, 0, 0
27800, 5862, 0, 0, 0
27900, 5585, 0, 0, 0
28000, 5524, 0, 0, 0
28101, 5571, 0, 0, 0
28200, 6454, 0, 0, 0
28300, 5771, 0, 0, 0
28400, 6368, 0, 0, 0
28500, 5783, 0, 0, 0
28600, 6177, 0, 0, 0
28700, 5700, 0, 0, 0
28800, 5744, 0, 0, 0
28900, 5787, 0, 0, 0
29000, 5803, 0, 0, 0
29101, 6118, 0, 0, 0
29201, 5999, 0, 0, 0
29300, 5694, 0, 0, 0
29400, 5925, 0, 0, 0
29501, 6344, 0, 0, 0
29600, 5691, 0, 0, 0
29700, 5521, 0, 0, 0
29800, 6127, 0, 0, 0
29900, 6100, 0, 0, 0
30000, 5875, 0, 0, 0
30100, 6237, 0, 0, 0
30200, 6020, 0, 0, 0
30300, 5866, 0, 0, 0
30400, 6135, 0, 0, 0
30500, 5820, 0, 0, 0
30601, 5808, 0, 0, 0
30700, 5683, 0, 0, 0
30801, 5729, 0, 0, 0
30901, 5805, 0, 0, 0
31000, 6930, 0, 0, 0
31101, 5946, 0, 0, 0
31200, 6083, 0, 0, 0
31300, 6600, 0, 0, 0
31400, 6299, 0, 0, 0
31501, 5792, 0, 0, 0
31600, 5607, 0, 0, 0
31701, 6046, 0, 0, 0
31800, 5732, 0, 0, 0
31901, 6066, 0, 0, 0
32000, 5741, 0, 0, 0
32100, 5995, 0, 0, 0
32200, 5942, 0, 0, 0
32301, 6247, 0, 0, 0
32400, 5760, 0, 0, 0
32500, 5976, 0, 0, 0
32600, 6657, 0, 0, 0
32705, 5549, 0, 0, 0
32800, 5962, 0, 0, 0
32900, 5870, 0, 0, 0
33000, 6068, 0, 0, 0
33100, 6112, 0, 0, 0
33200, 6021, 0, 0, 0
33300, 5704, 0, 0, 0
33400, 5721, 0, 0, 0
33500, 5908, 0, 0, 0
33600, 5923, 0, 0, 0
33701, 5858, 0, 0, 0
33801, 6011, 0, 0, 0
33901, 5965, 0, 0, 0
34000, 5514, 0, 0, 0
34101, 6158, 0, 0, 0
34201, 5738, 0, 0, 0
34300, 5811, 0, 0, 0
34400, 5792, 0, 0, 0
34501, 5412, 0, 0, 0
34600, 5503, 0, 0, 0
34701, 5902, 0, 0, 0
34800, 5879, 0, 0, 0
34901, 6282, 0, 0, 0
35001, 6470, 0, 0, 0
35101, 5657, 0, 0, 0
35200, 5918, 0, 0, 0
35300, 6376, 0, 0, 0
35400, 5939, 0, 0, 0
35500, 6467, 0, 0, 0
35600, 5935, 0, 0, 0
35700, 6507, 0, 0, 0
35800, 5409, 0, 0, 0
35901, 5686, 0, 0, 0
36000, 5895, 0, 0, 0
36100, 5751, 0, 0, 0
36200, 5947, 0, 0, 0
36300, 5832, 0, 0, 0
36400, 5954, 0, 0, 0
36500, 5714, 0, 0, 0
36600, 5981, 0, 0, 0
36700, 5611, 0, 0, 0
36802, 6244, 0, 0, 0
36901, 6057, 0, 0, 0
37000, 5855, 0, 0, 0
37100, 6629, 0, 0, 0
37200, 5628, 0, 0, 0
37301, 5631, 0, 0, 0
37400, 5912, 0, 0, 0
37501, 5795, 0, 0, 0
37600, 6272, 0, 0, 0
37701, 5586, 0, 0, 0
37801, 5519, 0, 0, 0
37900, 5622, 0, 0, 0
38000, 5978, 0, 0, 0
38100, 6263, 0, 0, 0
38201, 5415, 0, 0, 0
38300, 6099, 0, 0, 0
38400, 6275, 0, 0, 0
38500, 5671, 0, 0, 0
38600, 6386, 0, 0, 0
38700, 5738, 0, 0, 0
38800, 5653, 0, 0, 0
38900, 5777, 0, 0, 0
39001, 5974, 0, 0, 0
39100, 5868, 0, 0, 0
39201, 6092, 0, 0, 0
39301, 6613, 0, 0, 0
39401, 5568, 0, 0, 0
39500, 6068, 0, 0, 0
39600, 6189, 0, 0, 0
39701, 6317, 0, 0, 0
39800, 5754, 0, 0, 0
39900, 5963, 0, 0, 0
40000, 5792, 0, 0, 0
40101, 5664, 0, 0, 0
40200, 6220, 0, 0, 0
40300, 6294, 0, 0, 0
40401, 5924, 0, 0, 0
40501, 5883, 0, 0, 0
40600, 6258, 0, 0, 0
40700, 5658, 0, 0, 0
40800, 5874, 0, 0, 0
40900, 5591, 0, 0, 0
41000, 6012, 0, 0, 0
41101, 5645, 0, 0, 0
41200, 5965, 0, 0, 0
41300, 6072, 0, 0, 0
41400, 5957, 0, 0, 0
41501, 5538, 0, 0, 0
41601, 6054, 0, 0, 0
41701, 5922, 0, 0, 0
41800, 5971, 0, 0, 0
41901, 5945, 0, 0, 0
42001, 5881, 0, 0, 0
42101, 5574, 0, 0, 0
42200, 6098, 0, 0, 0
42301, 5853, 0, 0, 0
42401, 6182, 0, 0, 0
42500, 6059, 0, 0, 0
42601, 5876, 0, 0, 0
42700, 5889, 0, 0, 0
42801, 6505, 0, 0, 0
42900, 6075, 0, 0, 0
43000, 5812, 0, 0, 0
43100, 5815, 0, 0, 0
43202, 5900, 0, 0, 0
43301, 5774, 0, 0, 0
43401, 6171, 0, 0, 0
43501, 6027, 0, 0, 0
43600, 6257, 0, 0, 0
43700, 6208, 0, 0, 0
43801, 5719, 0, 0, 0
43900, 5566, 0, 0, 0
44001, 5619, 0, 0, 0
44100, 5629, 0, 0, 0
44200, 5856, 0, 0, 0
44300, 5969, 0, 0, 0
44400, 6401, 0, 0, 0
44501, 5988, 0, 0, 0
44600, 6164, 0, 0, 0
44700, 5663, 0, 0, 0
44800, 5933, 0, 0, 0
44900, 5711, 0, 0, 0
45000, 5704, 0, 0, 0
45100, 6265, 0, 0, 0
45200, 5911, 0, 0, 0
45300, 5847, 0, 0, 0
45400, 5543, 0, 0, 0
45500, 5848, 0, 0, 0
45600, 6372, 0, 0, 0
45701, 5900, 0, 0, 0
45801, 5835, 0, 0, 0
45900, 6078, 0, 0, 0
46000, 6099, 0, 0, 0
46101, 5974, 0, 0, 0
46201, 5751, 0, 0, 0
46300, 6418, 0, 0, 0
46400, 5816, 0, 0, 0
46500, 6077, 0, 0, 0
46600, 5668, 0, 0, 0
46701, 5964, 0, 0, 0
46800, 5679, 0, 0, 0
46900, 5715, 0, 0, 0
47000, 5916, 0, 0, 0
47102, 5709, 0, 0, 0
47201, 6447, 0, 0, 0
47300, 5794, 0, 0, 0
47400, 5905, 0, 0, 0
47501, 5944, 0, 0, 0
47600, 6176, 0, 0, 0
47700, 6015, 0, 0, 0
47801, 5927, 0, 0, 0
47900, 5734, 0, 0, 0
48000, 5949, 0, 0, 0
48100, 5721, 0, 0, 0
48200, 5694, 0, 0, 0
48301, 6163, 0, 0, 0
48400, 5798, 0, 0, 0
48500, 5712, 0, 0, 0
48601, 5974, 0, 0, 0
48700, 5928, 0, 0, 0
48801, 5746, 0, 0, 0
48900, 5889, 0, 0, 0
49001, 5864, 0, 0, 0
49100, 5802, 0, 0, 0
49201, 6063, 0, 0, 0
49300, 5737, 0, 0, 0
49401, 5724, 0, 0, 0
49500, 5730, 0, 0, 0
49601, 5804, 0, 0, 0
49700, 5876, 0, 0, 0
49800, 5762, 0, 0, 0
49900, 5953, 0, 0, 0
50000, 6094, 0, 0, 0
50100, 6082, 0, 0, 0
50201, 5698, 0, 0, 0
50301, 5614, 0, 0, 0
50400, 5665, 0, 0, 0
50501, 5851, 0, 0, 0
50601, 5836, 0, 0, 0
50701, 6068, 0, 0, 0
50801, 6210, 0, 0, 0
50900, 6339, 0, 0, 0
51001, 6373, 0, 0, 0
51101, 6304, 0, 0, 0
51201, 6206, 0, 0, 0
51301, 6147, 0, 0, 0
51400, 6038, 0, 0, 0
51500, 5890, 0, 0, 0
51601, 5954, 0, 0, 0
51700, 5724, 0, 0, 0
51800, 5948, 0, 0, 0
51900, 5329, 0, 0, 0
52000, 6837, 0, 0, 0
52100, 5838, 0, 0, 0
52200, 5648, 0, 0, 0
52300, 5687, 0, 0, 0
52400, 6353, 0, 0, 0
52500, 5739, 0, 0, 0
52601, 5506, 0, 0, 0
52701, 5940, 0, 0, 0
52801, 5806, 0, 0, 0
52900, 6209, 0, 0, 0
53000, 5889, 0, 0, 0
53100, 6313, 0, 0, 0
53200, 6087, 0, 0, 0
53301, 5659, 0, 0, 0
53401, 5803, 0, 0, 0
53500, 5804, 0, 0, 0
53600, 5980, 0, 0, 0
53700, 6314, 0, 0, 0
53801, 5868, 0, 0, 0
53901, 5962, 0, 0, 0
54000, 6081, 0, 0, 0
54100, 5542, 0, 0, 0
54200, 5941, 0, 0, 0
54300, 5992, 0, 0, 0
54400, 5880, 0, 0, 0
54500, 6083, 0, 0, 0
54600, 5475, 0, 0, 0
54701, 6213, 0, 0, 0
54800, 5709, 0, 0, 0
54901, 6006, 0, 0, 0
55001, 5997, 0, 0, 0
55100, 5967, 0, 0, 0
55200, 5794, 0, 0, 0
55300, 5728, 0, 0, 0
55400, 5750, 0, 0, 0
55500, 6095, 0, 0, 0
55600, 6210, 0, 0, 0
55700, 6018, 0, 0, 0
55800, 6019, 0, 0, 0
55900, 5449, 0, 0, 0
56000, 6057, 0, 0, 0
56101, 5531, 0, 0, 0
56201, 6230, 0, 0, 0
56300, 6235, 0, 0, 0
56400, 6439, 0, 0, 0
56500, 5618, 0, 0, 0
56601, 5790, 0, 0, 0
56700, 5823, 0, 0, 0
56800, 5573, 0, 0, 0
56900, 5578, 0, 0, 0
57001, 5812, 0, 0, 0
57100, 6243, 0, 0, 0
57201, 6250, 0, 0, 0
57300, 5913, 0, 0, 0
57400, 5697, 0, 0, 0
57501, 5972, 0, 0, 0
57600, 5682, 0, 0, 0
57700, 5853, 0, 0, 0
57800, 5930, 0, 0, 0
57900, 6074, 0, 0, 0
58000, 6001, 0, 0, 0
58101, 6324, 0, 0, 0
58200, 6085, 0, 0, 0
58301, 5973, 0, 0, 0
58400, 5704, 0, 0, 0
58501, 5772, 0, 0, 0
58600, 5982, 0, 0, 0
58700, 5939, 0, 0, 0
58800, 5687, 0, 0, 0
58900, 5732, 0, 0, 0
59001, 5662, 0, 0, 0
59100, 5960, 0, 0, 0
59200, 5850, 0, 0, 0
59300, 5724, 0, 0, 0
59400, 6161, 0, 0, 0
59500, 6140, 0, 0, 0
59600, 6073, 0, 0, 0
59701, 5897, 0, 0, 0
59800, 5903, 0, 0, 0
59900, 5855, 0, 0, 0
60000, 5864, 0, 0, 0
60100, 5987, 0, 0, 0
60200, 5613, 0, 0, 0
60300, 5523, 0, 0, 0
60400, 6088, 0, 0, 0
60501, 5726, 0, 0, 0
60600, 5756, 0, 0, 0
60700, 5547, 0, 0, 0
60800, 5603, 0, 0, 0
60901, 5972, 0, 0, 0
61000, 5744, 0, 0, 0
61100, 6228, 0, 0, 0
61201, 6000, 0, 0, 0
61301, 5734, 0, 0, 0
61400, 6077, 0, 0, 0
61501, 6507, 0, 0, 0
61601, 6008, 0, 0, 0
61700, 6200, 0, 0, 0
61800, 6486, 0, 0, 0
61901, 5556, 0, 0, 0
62000, 5786, 0, 0, 0
62100, 5830, 0, 0, 0
62200, 5547, 0, 0, 0
62300, 5888, 0, 0, 0
62400, 5683, 0, 0, 0
62501, 5948, 0, 0, 0
62600, 6008, 0, 0, 0
62700, 6079, 0, 0, 0
62800, 6100, 0, 0, 0
62901, 6631, 0, 0, 0
63000, 6301, 0, 0, 0
63100, 6008, 0, 0, 0
63200, 5772, 0, 0, 0
63300, 5698, 0, 0, 0
63400, 5895, 0, 0, 0
63500, 5998, 0, 0, 0
63601, 5982, 0, 0, 0
63700, 5792, 0, 0, 0
63800, 6051, 0, 0, 0
63900, 5731, 0, 0, 0
64000, 5946, 0, 0, 0
64100, 6145, 0, 0, 0
64200, 5655, 0, 0, 0
64301, 6044, 0, 0, 0
64400, 6685, 0, 0, 0
64501, 5664, 0, 0, 0
64600, 6275, 0, 0, 0
64700, 5634, 0, 0, 0
64801, 5939, 0, 0, 0
64900, 5661, 0, 0, 0
65001, 6372, 0, 0, 0
65100, 5877, 0, 0, 0
65200, 6100, 0, 0, 0
65300, 5960, 0, 0, 0
65400, 5522, 0, 0, 0
65500, 5514, 0, 0, 0
65600, 6138, 0, 0, 0
65700, 5671, 0, 0, 0
65800, 5946, 0, 0, 0
65900, 6291, 0, 0, 0
66000, 5888, 0, 0, 0
66100, 5792, 0, 0, 0
66200, 5579, 0, 0, 0
66300, 5662, 0, 0, 0
66401, 5913, 0, 0, 0
66500, 6372, 0, 0, 0
66601, 6195, 0, 0, 0
66700, 5868, 0, 0, 0
66800, 6139, 0, 0, 0
66900, 5499, 0, 0, 0
67000, 5727, 0, 0, 0
67100, 6101, 0, 0, 0
67200, 5821, 0, 0, 0
67300, 6584, 0, 0, 0
67400, 5835, 0, 0, 0
67501, 5623, 0, 0, 0
67600, 5623, 0, 0, 0
67700, 5647, 0, 0, 0
67800, 5511, 0, 0, 0
67901, 5733, 0, 0, 0
68001, 6068, 0, 0, 0
68100, 5713, 0, 0, 0
68200, 5665, 0, 0, 0
68301, 5980, 0, 0, 0
68401, 5556, 0, 0, 0
68501, 5642, 0, 0, 0
68601, 6134, 0, 0, 0
68701, 5667, 0, 0, 0
68800, 5689, 0, 0, 0
68901, 5981, 0, 0, 0
69000, 6014, 0, 0, 0
69100, 5746, 0, 0, 0
69200, 5784, 0, 0, 0
69300, 5736, 0, 0, 0
69401, 5809, 0, 0, 0
69500, 6086, 0, 0, 0
69601, 5440, 0, 0, 0
69700, 5691, 0, 0, 0
69800, 6075, 0, 0, 0
69900, 6041, 0, 0, 0
70001, 5654, 0, 0, 0
70100, 5995, 0, 0, 0
70200, 5759, 0, 0, 0
70300, 6078, 0, 0, 0
70400, 5858, 0, 0, 0
70500, 5598, 0, 0, 0
70600, 5976, 0, 0, 0
70700, 6029, 0, 0, 0
70800, 5908, 0, 0, 0
70900, 5985, 0, 0, 0
71000, 5761, 0, 0, 0
71100, 5454, 0, 0, 0
71200, 5471, 0, 0, 0
71300, 6290, 0, 0, 0
71400, 5890, 0, 0, 0
71501, 5833, 0, 0, 0
71600, 5497, 0, 0, 0
71700, 6193, 0, 0, 0
71801, 5875, 0, 0, 0
71900, 6233, 0, 0, 0
72000, 5695, 0, 0, 0
72100, 5854, 0, 0, 0
72200, 6047, 0, 0, 0
72300, 6096, 0, 0, 0
72400, 5777, 0, 0, 0
72500, 5823, 0, 0, 0
72600, 6335, 0, 0, 0
72700, 6056, 0, 0, 0
72801, 5972, 0, 0, 0
72900, 5730, 0, 0, 0
73000, 6405, 0, 0, 0
73101, 6102, 0, 0, 0
73200, 6391, 0, 0, 0
73300, 6307, 0, 0, 0
73401, 5701, 0, 0, 0
73500, 5546, 0, 0, 0
73600, 6118, 0, 0, 0
73700, 6097, 0, 0, 0
73801, 6046, 0, 0, 0
73900, 5776, 0, 0, 0
74000, 6063, 0, 0, 0
74101, 5657, 0, 0, 0
74200, 5998, 0, 0, 0
74301, 5540, 0, 0, 0
74400, 5884, 0, 0, 0
74500, 5532, 0, 0, 0
74600, 5437, 0, 0, 0
74700, 6241, 0, 0, 0
74800, 6140, 0, 0, 0
74901, 5733, 0, 0, 0
75000, 6101, 0, 0, 0
75101, 5598, 0, 0, 0
75200, 5737, 0, 0, 0
75300, 5691, 0, 0, 0
75401, 5684, 0, 0, 0
75501, 5413, 0, 0, 0
75601, 6000, 0, 0, 0
75700, 5694, 0, 0, 0
75801, 5938, 0, 0, 0
75901, 6281, 0, 0, 0
76001, 5496, 0, 0, 0
76100, 5967, 0, 0, 0
76200, 6916, 0, 0, 0
76300, 5785, 0, 0, 0
76401, 5965, 0, 0, 0
76501, 6269, 0, 0, 0
76602, 5858, 0, 0, 0
76700, 5992, 0, 0, 0
76801, 5979, 0, 0, 0
76900, 5757, 0, 0, 0
77002, 6017, 0, 0, 0
77100, 6479, 0, 0, 0
77200, 6706, 0, 0, 0
77301, 5727, 0, 0, 0
77401, 5635, 0, 0, 0
77501, 5909, 0, 0, 0
77600, 5911, 0, 0, 0
77701, 6056, 0, 0, 0
77800, 5953, 0, 0, 0
77900, 5917, 0, 0, 0
78000, 5854, 0, 0, 0
78101, 5783, 0, 0, 0
78201, 5983, 0, 0, 0
78301, 6054, 0, 0, 0
78401, 5782, 0, 0, 0
78500, 6050, 0, 0, 0
78600, 6143, 0, 0, 0
78701, 5519, 0, 0, 0
78800, 5456, 0, 0, 0
78900, 5675, 0, 0, 0
79000, 5874, 0, 0, 0
79100, 6184, 0, 0, 0
79200, 5761, 0, 0, 0
79300, 5994, 0, 0, 0
79400, 6422, 0, 0, 0
79501, 5961, 0, 0, 0
79600, 5636, 0, 0, 0
79701, 6189, 0, 0, 0
79801, 6259, 0, 0, 0
79900, 6091, 0, 0, 0
80000, 5928, 0, 0, 0
80100, 5653, 0, 0, 0
80200, 5792, 0, 0, 0
80300, 6011, 0, 0, 0
80400, 5793, 0, 0, 0
80500, 6130, 0, 0, 0
80600, 5938, 0, 0, 0
80700, 5730, 0, 0, 0
80801, 5707, 0, 0, 0
80900, 6020, 0, 0, 0
81000, 5759, 0, 0, 0
81100, 5556, 0, 0, 0
81200, 5716, 0, 0, 0
81301, 6148, 0, 0, 0
81400, 5957, 0, 0, 0
81500, 5634, 0, 0, 0
81600, 5852, 0, 0, 0
81700, 5716, 0, 0, 0
81800, 5726, 0, 0, 0
81900, 5887, 0, 0, 0
82000, 5607, 0, 0, 0
82101, 5674, 0, 0, 0
82200, 5612, 0, 0, 0
82300, 5659, 0, 0, 0
82401, 5658, 0, 0, 0
82500, 6108, 0, 0, 0
82600, 5914, 0, 0, 0
82700, 5783, 0, 0, 0
82800, 5592, 0, 0, 0
82900, 6245, 0, 0, 0
83001, 5951, 0, 0, 0
83100, 6307, 0, 0, 0
83200, 6078, 0, 0, 0
83300, 5553, 0, 0, 0
83400, 5470, 0, 0, 0
83500, 5840, 0, 0, 0
83601, 5656, 0, 0, 0
83701, 5665, 0, 0, 0
83800, 5822, 0, 0, 0
83900, 5687, 0, 0, 0
84000, 5923, 0, 0, 0
84100, 5648, 0, 0, 0
84200, 6046, 0, 0, 0
84300, 5773, 0, 0, 0
84401, 5822, 0, 0, 0
84500, 5817, 0, 0, 0
84600, 5630, 0, 0, 0
84700, 6080, 0, 0, 0
84800, 6052, 0, 0, 0
84900, 5902, 0, 0, 0
85001, 5766, 0, 0, 0
85100, 6724, 0, 0, 0
85200, 5686, 0, 0, 0
85300, 5933, 0, 0, 0
85400, 6051, 0, 0, 0
85500, 5518, 0, 0, 0
85600, 6118, 0, 0, 0
85700, 5949, 0, 0, 0
85800, 5800, 0, 0, 0
85901, 6294, 0, 0, 0
86001, 5919, 0, 0, 0
86101, 5858, 0, 0, 0
86200, 5671, 0, 0, 0
86300, 6077, 0, 0, 0
86400, 5959, 0, 0, 0
86500, 6185, 0, 0, 0
86601, 6497, 0, 0, 0
86700, 5665, 0, 0, 0
86801, 6027, 0, 0, 0
86901, 5830, 0, 0, 0
87000, 5827, 0, 0, 0
87101, 5804, 0, 0, 0
87201, 5959, 0, 0, 0
87300, 6405, 0, 0, 0
87400, 5431, 0, 0, 0
87501, 5487, 0, 0, 0
87601, 5329, 0, 0, 0
87700, 5801, 0, 0, 0
87801, 5923, 0, 0, 0
87900, 5965, 0, 0, 0
88001, 5741, 0, 0, 0
88100, 5868, 0, 0, 0
88200, 5854, 0, 0, 0
88300, 5719, 0, 0, 0
88400, 5550, 0, 0, 0
88501, 5788, 0, 0, 0
88600, 5420, 0, 0, 0
88701, 6146, 0, 0, 0
88800, 5643, 0, 0, 0
88900, 5710, 0, 0, 0
89001, 5988, 0, 0, 0
89101, 6177, 0, 0, 0
89200, 5824, 0, 0, 0
89300, 5624, 0, 0, 0
89400, 5933, 0, 0, 0
89500, 5801, 0, 0, 0
89600, 5858, 0, 0, 0
89700, 5825, 0, 0, 0
89800, 5523, 0, 0, 0
89900, 5867, 0, 0, 0
90000, 5491, 0, 0, 0
