101, 1288688, 0, 0, 0
200, 1310577, 0, 0, 0
300, 1407304, 0, 0, 0
400, 1362661, 0, 0, 0
500, 1575576, 0, 0, 0
600, 1296390, 0, 0, 0
700, 1417981, 0, 0, 0
800, 1323592, 0, 0, 0
900, 1423781, 0, 0, 0
1001, 1353424, 0, 0, 0
1100, 1347014, 0, 0, 0
1201, 1396429, 0, 0, 0
1300, 1385627, 0, 0, 0
1400, 1331700, 0, 0, 0
1500, 1400004, 0, 0, 0
1600, 1379193, 0, 0, 0
1700, 1370290, 0, 0, 0
1800, 1357222, 0, 0, 0
1900, 1380255, 0, 0, 0
2000, 1304105, 0, 0, 0
2100, 1468186, 0, 0, 0
2200, 1420697, 0, 0, 0
2300, 1434559, 0, 0, 0
2400, 1354210, 0, 0, 0
2501, 1387286, 0, 0, 0
2600, 1339102, 0, 0, 0
2700, 1274122, 0, 0, 0
2801, 1365308, 0, 0, 0
2900, 1367414, 0, 0, 0
3001, 1417952, 0, 0, 0
3100, 1431720, 0, 0, 0
3200, 1335316, 0, 0, 0
3300, 1310563, 0, 0, 0
3400, 1342043, 0, 0, 0
3500, 1333876, 0, 0, 0
3600, 1335717, 0, 0, 0
3700, 1350997, 0, 0, 0
3800, 1372593, 0, 0, 0
3900, 1408603, 0, 0, 0
4000, 1364971, 0, 0, 0
4101, 1468466, 0, 0, 0
4200, 1358340, 0, 0, 0
4300, 1458206, 0, 0, 0
4402, 1505640, 0, 0, 0
4500, 1482762, 0, 0, 0
4601, 1355827, 0, 0, 0
4701, 1401235, 0, 0, 0
4800, 1560010, 0, 0, 0
4900, 1519108, 0, 0, 0
5000, 1459653, 0, 0, 0
5101, 1429819, 0, 0, 0
5200, 1335118, 0, 0, 0
5300, 1378399, 0, 0, 0
5401, 1493647, 0, 0, 0
5500, 1339209, 0, 0, 0
5600, 1358671, 0, 0, 0
5701, 1391222, 0, 0, 0
5801, 1378945, 0, 0, 0
5900, 1358051, 0, 0, 0
6001, 1386084, 0, 0, 0
6101, 1509886, 0, 0, 0
6200, 1389452, 0, 0, 0
6301, 1352393, 0, 0, 0
6400, 1452306, 0, 0, 0
6500, 1331362, 0, 0, 0
6600, 1355528, 0, 0, 0
6700, 1383385, 0, 0, 0
6800, 1489187, 0, 0, 0
6901, 1365949, 0, 0, 0
7000, 1481916, 0, 0, 0
7100, 1369676, 0, 0, 0
7200, 1374218, 0, 0, 0
7301, 1447432, 0, 0, 0
7400, 1524922, 0, 0, 0
7500, 1373127, 0, 0, 0
7600, 1457678, 0, 0, 0
7700, 1392226, 0, 0, 0
7800, 1423295, 0, 0, 0
7901, 1308854, 0, 0, 0
8000, 1339635, 0, 0, 0
8101, 1313704, 0, 0, 0
8200, 1544790, 0, 0, 0
8301, 1303626, 0, 0, 0
8400, 1466508, 0, 0, 0
8501, 1337791, 0, 0, 0
8600, 1340521, 0, 0, 0
8700, 1416824, 0, 0, 0
8800, 1296559, 0, 0, 0
8900, 1290532, 0, 0, 0
9001, 1368469, 0, 0, 0
9100, 1428555, 0, 0, 0
9200, 1417322, 0, 0, 0
9300, 1541266, 0, 0, 0
9401, 1346020, 0, 0, 0
9500, 1432787, 0, 0, 0
9601, 1369819, 0, 0, 0
9700, 1368732, 0, 0, 0
9800, 1318053, 0, 0, 0
9901, 1422064, 0, 0, 0
10000, 1471885, 0, 0, 0
10101, 1459042, 0, 0, 0
10201, 1420260, 0, 0, 0
10301, 1378108, 0, 0, 0
10400, 1406919, 0, 0, 0
10500, 1371809, 0, 0, 0
10600, 1361396, 0, 0, 0
10701, 1384141, 0, 0, 0
10800, 1323071, 0, 0, 0
10900, 1344697, 0, 0, 0
11001, 1277439, 0, 0, 0
11101, 1420881, 0, 0, 0
11200, 1354491, 0, 0, 0
11300, 1347159, 0, 0, 0
11401, 1403967, 0, 0, 0
11500, 1417160, 0, 0, 0
11600, 1319772, 0, 0, 0
11701, 1390857, 0, 0, 0
11800, 1318628, 0, 0, 0
11900, 1478528, 0, 0, 0
12000, 1361666, 0, 0, 0
12100, 1372116, 0, 0, 0
12201, 1366116, 0, 0, 0
12300, 1360063, 0, 0, 0
12400, 1341387, 0, 0, 0
12500, 1437651, 0, 0, 0
12600, 1357567, 0, 0, 0
12700, 1464261, 0, 0, 0
12800, 1518548, 0, 0, 0
12901, 1441623, 0, 0, 0
13000, 1391615, 0, 0, 0
13100, 1389945, 0, 0, 0
13200, 1341546, 0, 0, 0
13301, 1432496, 0, 0, 0
13400, 1420231, 0, 0, 0
13501, 1341713, 0, 0, 0
13600, 1375606, 0, 0, 0
13700, 1566640, 0, 0, 0
13800, 1325112, 0, 0, 0
13900, 1434415, 0, 0, 0
14001, 1465103, 0, 0, 0
14100, 1417576, 0, 0, 0
14201, 1347139, 0, 0, 0
14300, 1433516, 0, 0, 0
14401, 1368901, 0, 0, 0
14500, 1413628, 0, 0, 0
14600, 1362310, 0, 0, 0
14700, 1336975, 0, 0, 0
14800, 1451579, 0, 0, 0
14900, 1354841, 0, 0, 0
15000, 1440418, 0, 0, 0
15100, 1401151, 0, 0, 0
15201, 1372681, 0, 0, 0
15301, 1466103, 0, 0, 0
15400, 1448500, 0, 0, 0
15501, 1453264, 0, 0, 0
15600, 1409410, 0, 0, 0
15700, 1488892, 0, 0, 0
15800, 1532104, 0, 0, 0
15901, 1430564, 0, 0, 0
16000, 1592453, 0, 0, 0
16100, 1394455, 0, 0, 0
16200, 1474384, 0, 0, 0
16300, 1349999, 0, 0, 0
16401, 1438448, 0, 0, 0
16500, 1365814, 0, 0, 0
16601, 1432997, 0, 0, 0
16700, 1359426, 0, 0, 0
16800, 1339529, 0, 0, 0
16900, 1468492, 0, 0, 0
17000, 1483775, 0, 0, 0
17100, 1418945, 0, 0, 0
17200, 1509957, 0, 0, 0
17302, 1661942, 0, 0, 0
17400, 1470058, 0, 0, 0
17500, 1408373, 0, 0, 0
17600, 1453939, 0, 0, 0
17700, 1617817, 0, 0, 0
17800, 1497460, 0, 0, 0
17901, 1334728, 0, 0, 0
18001, 1379749, 0, 0, 0
18100, 1477539, 0, 0, 0
18200, 1374424, 0, 0, 0
18301, 1599185, 0, 0, 0
18401, 1421705, 0, 0, 0
18500, 1384707, 0, 0, 0
18601, 1393909, 0, 0, 0
18700, 1587300, 0, 0, 0
18800, 1492647, 0, 0, 0
18900, 1419734, 0, 0, 0
19001, 1303081, 0, 0, 0
19100, 1514909, 0, 0, 0
19200, 1393619, 0, 0, 0
19300, 1913166, 0, 0, 0
19400, 1368453, 0, 0, 0
19500, 1535243, 0, 0, 0
19600, 1438125, 0, 0, 0
19700, 2083480, 0, 0, 0
19800, 1331861, 0, 0, 0
19900, 1390225, 0, 0, 0
20000, 1688011, 0, 0, 0
20101, 1490878, 0, 0, 0
20200, 1618621, 0, 0, 0
20300, 1658144, 0, 0, 0
20401, 1358632, 0, 0, 0
20501, 1486363, 0, 0, 0
20600, 1591650, 0, 0, 0
20700, 1479971, 0, 0, 0
20801, 1733194, 0, 0, 0
20900, 1426253, 0, 0, 0
21000, 1488357, 0, 0, 0
21100, 1538677, 0, 0, 0
21200, 1475923, 0, 0, 0
21311, 1515062, 0, 0, 0
21400, 1380237, 0, 0, 0
21501, 1434764, 0, 0, 0
21600, 1366318, 0, 0, 0
21700, 1658446, 0, 0, 0
21800, 1420077, 0, 0, 0
21900, 1346870, 0, 0, 0
22001, 1727312, 0, 0, 0
22100, 1431696, 0, 0, 0
22200, 1550487, 0, 0, 0
22300, 1333975, 0, 0, 0
22400, 1276208, 0, 0, 0
22500, 1369582, 0, 0, 0
22600, 1423864, 0, 0, 0
22700, 1603961, 0, 0, 0
22801, 1792270, 0, 0, 0
22901, 1403320, 0, 0, 0
23001, 1399481, 0, 0, 0
23101, 1345276, 0, 0, 0
23200, 1732251, 0, 0, 0
23300, 1367015, 0, 0, 0
23400, 1255094, 0, 0, 0
23500, 1357508, 0, 0, 0
23600, 1404200, 0, 0, 0
23700, 1303792, 0, 0, 0
23800, 1400059, 0, 0, 0
23900, 1452987, 0, 0, 0
24001, 1333041, 0, 0, 0
24100, 1425147, 0, 0, 0
24201, 1301100, 0, 0, 0
24300, 1395541, 0, 0, 0
24401, 1393715, 0, 0, 0
24501, 1443933, 0, 0, 0
24600, 1398092, 0, 0, 0
24700, 1386304, 0, 0, 0
24800, 1348287, 0, 0, 0
24900, 1407993, 0, 0, 0
25000, 1421429, 0, 0, 0
25100, 1440992, 0, 0, 0
25200, 1349339, 0, 0, 0
25301, 1334883, 0, 0, 0
25400, 1354395, 0, 0, 0
25500, 1319535, 0, 0, 0
25600, 1329404, 0, 0, 0
25700, 1322803, 0, 0, 0
25800, 1504988, 0, 0, 0
25900, 1346999, 0, 0, 0
26001, 1356349, 0, 0, 0
26100, 1407737, 0, 0, 0
26201, 1517701, 0, 0, 0
26300, 1394850, 0, 0, 0
26400, 1311475, 0, 0, 0
26500, 1364205, 0, 0, 0
26601, 1338641, 0, 0, 0
26700, 1507115, 0, 0, 0
26801, 1408550, 0, 0, 0
26900, 1387157, 0, 0, 0
27000, 1371151, 0, 0, 0
27100, 1384133, 0, 0, 0
27200, 1519403, 0, 0, 0
27300, 1331515, 0, 0, 0
27400, 1394312, 0, 0, 0
27500, 1488698, 0, 0, 0
27601, 1353359, 0, 0, 0
27701, 1465939, 0, 0, 0
27800, 1391836, 0, 0, 0
27900, 1343516, 0, 0, 0
28000, 1416417, 0, 0, 0
28100, 1395135, 0, 0, 0
28200, 1464321, 0, 0, 0
28300, 1426169, 0, 0, 0
28400, 1381284, 0, 0, 0
28500, 1379937, 0, 0, 0
28600, 1404202, 0, 0, 0
28700, 1545741, 0, 0, 0
28800, 1494959, 0, 0, 0
28902, 1572593, 0, 0, 0
29001, 1429433, 0, 0, 0
29101, 1359489, 0, 0, 0
29200, 1397670, 0, 0, 0
29300, 1394214, 0, 0, 0
29400, 1349265, 0, 0, 0
29500, 1358448, 0, 0, 0
29600, 1330427, 0, 0, 0
29700, 1370898, 0, 0, 0
29800, 1399627, 0, 0, 0
29901, 1576521, 0, 0, 0
30000, 1387271, 0, 0, 0
30100, 1340972, 0, 0, 0
30200, 1377531, 0, 0, 0
30300, 1326329, 0, 0, 0
30401, 1434664, 0, 0, 0
30500, 1395394, 0, 0, 0
30601, 1316227, 0, 0, 0
30700, 1514818, 0, 0, 0
30801, 1496199, 0, 0, 0
30900, 1386864, 0, 0, 0
31000, 1515057, 0, 0, 0
31100, 1358279, 0, 0, 0
31201, 1354285, 0, 0, 0
31301, 1381669, 0, 0, 0
31401, 1491338, 0, 0, 0
31500, 1487084, 0, 0, 0
31600, 1382016, 0, 0, 0
31700, 1342924, 0, 0, 0
31800, 1728747, 0, 0, 0
31901, 1466476, 0, 0, 0
32000, 1435207, 0, 0, 0
32100, 1395979, 0, 0, 0
32201, 1353507, 0, 0, 0
32300, 1322432, 0, 0, 0
32401, 1405901, 0, 0, 0
32500, 1424235, 0, 0, 0
32600, 1402833, 0, 0, 0
32700, 1428316, 0, 0, 0
32800, 1527893, 0, 0, 0
32901, 1417925, 0, 0, 0
33000, 1377700, 0, 0, 0
33100, 1409872, 0, 0, 0
33201, 1370474, 0, 0, 0
33300, 1352991, 0, 0, 0
33400, 1414302, 0, 0, 0
33500, 1398576, 0, 0, 0
33600, 1411478, 0, 0, 0
33700, 1334801, 0, 0, 0
33800, 1345366, 0, 0, 0
33900, 1329843, 0, 0, 0
34000, 1335872, 0, 0, 0
34101, 1255495, 0, 0, 0
34201, 1401597, 0, 0, 0
34300, 1447192, 0, 0, 0
34400, 1388205, 0, 0, 0
34501, 1469132, 0, 0, 0
34601, 1461004, 0, 0, 0
34700, 1474744, 0, 0, 0
34800, 1485166, 0, 0, 0
34900, 1339364, 0, 0, 0
35000, 1411814, 0, 0, 0
35100, 1452584, 0, 0, 0
35200, 1349458, 0, 0, 0
35301, 1318304, 0, 0, 0
35400, 1350453, 0, 0, 0
35500, 1422598, 0, 0, 0
35600, 1444635, 0, 0, 0
35700, 1359006, 0, 0, 0
35801, 1566356, 0, 0, 0
35900, 1384290, 0, 0, 0
36000, 1331268, 0, 0, 0
36100, 1303537, 0, 0, 0
36200, 1505368, 0, 0, 0
36301, 1472814, 0, 0, 0
36400, 1357148, 0, 0, 0
36500, 1347140, 0, 0, 0
36600, 1408525, 0, 0, 0
36701, 1484894, 0, 0, 0
36800, 1332077, 0, 0, 0
36900, 1338260, 0, 0, 0
37000, 1344088, 0, 0, 0
37100, 1436560, 0, 0, 0
37200, 1405208, 0, 0, 0
37300, 1447661, 0, 0, 0
37400, 1543018, 0, 0, 0
37500, 1370565, 0, 0, 0
37600, 1381635, 0, 0, 0
37700, 1374712, 0, 0, 0
37800, 1349075, 0, 0, 0
37901, 1448921, 0, 0, 0
38000, 1428875, 0, 0, 0
38100, 1420321, 0, 0, 0
38200, 1390106, 0, 0, 0
38300, 1336775, 0, 0, 0
38400, 1370262, 0, 0, 0
38500, 1417844, 0, 0, 0
38600, 1384319, 0, 0, 0
38700, 1342319, 0, 0, 0
38800, 1361510, 0, 0, 0
38900, 1383786, 0, 0, 0
39000, 1361273, 0, 0, 0
39100, 1436101, 0, 0, 0
39200, 1336411, 0, 0, 0
39301, 1357775, 0, 0, 0
39400, 1352153, 0, 0, 0
39500, 1366284, 0, 0, 0
39602, 1391324, 0, 0, 0
39700, 1445923, 0, 0, 0
39800, 1308884, 0, 0, 0
39901, 1320048, 0, 0, 0
40000, 1439346, 0, 0, 0
40100, 1432830, 0, 0, 0
40200, 1377552, 0, 0, 0
40301, 1419278, 0, 0, 0
40401, 1307071, 0, 0, 0
40501, 1418796, 0, 0, 0
40600, 1416156, 0, 0, 0
40701, 1583647, 0, 0, 0
40801, 1487888, 0, 0, 0
40900, 1412376, 0, 0, 0
41000, 1476547, 0, 0, 0
41100, 1473875, 0, 0, 0
41201, 1402326, 0, 0, 0
41300, 1430804, 0, 0, 0
41400, 1482322, 0, 0, 0
41501, 1305791, 0, 0, 0
41600, 1587075, 0, 0, 0
41701, 1375511, 0, 0, 0
41800, 1374671, 0, 0, 0
41900, 1413077, 0, 0, 0
42000, 1386360, 0, 0, 0
42100, 1402112, 0, 0, 0
42200, 1550186, 0, 0, 0
42300, 1439758, 0, 0, 0
42400, 1401607, 0, 0, 0
42501, 1335790, 0, 0, 0
42600, 1472834, 0, 0, 0
42700, 1462264, 0, 0, 0
42801, 1393385, 0, 0, 0
42900, 1406897, 0, 0, 0
43001, 1342015, 0, 0, 0
43100, 1391597, 0, 0, 0
43200, 1392420, 0, 0, 0
43300, 1389864, 0, 0, 0
43401, 1349515, 0, 0, 0
43500, 1521926, 0, 0, 0
43601, 1367685, 0, 0, 0
43700, 1377772, 0, 0, 0
43801, 1349861, 0, 0, 0
43900, 1339862, 0, 0, 0
44000, 1325912, 0, 0, 0
44101, 1327382, 0, 0, 0
44201, 1342064, 0, 0, 0
44301, 1365134, 0, 0, 0
44400, 1445351, 0, 0, 0
44500, 1467994, 0, 0, 0
44600, 1420013, 0, 0, 0
44700, 1397672, 0, 0, 0
44800, 1369812, 0, 0, 0
44900, 1575494, 0, 0, 0
45001, 1428242, 0, 0, 0
45101, 1363664, 0, 0, 0
45200, 1377045, 0, 0, 0
45300, 1395203, 0, 0, 0
45401, 1371388, 0, 0, 0
45501, 1340401, 0, 0, 0
45600, 1336065, 0, 0, 0
45700, 1342581, 0, 0, 0
45800, 1608943, 0, 0, 0
45900, 1343711, 0, 0, 0
46000, 1365098, 0, 0, 0
46101, 1247476, 0, 0, 0
46201, 1420978, 0, 0, 0
46300, 1369006, 0, 0, 0
46400, 1419101, 0, 0, 0
46500, 1313690, 0, 0, 0
46601, 1377489, 0, 0, 0
46700, 1441660, 0, 0, 0
46801, 1454014, 0, 0, 0
46901, 1420100, 0, 0, 0
47000, 1393677, 0, 0, 0
47100, 1413252, 0, 0, 0
47201, 1419323, 0, 0, 0
47300, 1315231, 0, 0, 0
47401, 1389213, 0, 0, 0
47501, 1439240, 0, 0, 0
47600, 1461896, 0, 0, 0
47700, 1362080, 0, 0, 0
47801, 1443708, 0, 0, 0
47900, 1425349, 0, 0, 0
48000, 1443204, 0, 0, 0
48100, 1351359, 0, 0, 0
48200, 1547703, 0, 0, 0
48301, 1392880, 0, 0, 0
48400, 1457103, 0, 0, 0
48500, 1334017, 0, 0, 0
48600, 1446755, 0, 0, 0
48700, 1448551, 0, 0, 0
48801, 1490718, 0, 0, 0
48900, 1347154, 0, 0, 0
49000, 1381247, 0, 0, 0
49100, 1465552, 0, 0, 0
49200, 1347125, 0, 0, 0
49300, 1378377, 0, 0, 0
49400, 1377770, 0, 0, 0
49501, 1394701, 0, 0, 0
49600, 1425516, 0, 0, 0
49701, 1378502, 0, 0, 0
49800, 1474262, 0, 0, 0
49901, 1469788, 0, 0, 0
50000, 1407857, 0, 0, 0
50100, 1529923, 0, 0, 0
50200, 1388582, 0, 0, 0
50300, 1384180, 0, 0, 0
50400, 1360322, 0, 0, 0
50500, 1422386, 0, 0, 0
50600, 1449560, 0, 0, 0
50700, 1371043, 0, 0, 0
50800, 1399371, 0, 0, 0
50900, 1417807, 0, 0, 0
51000, 1387844, 0, 0, 0
51100, 1374918, 0, 0, 0
51200, 1324492, 0, 0, 0
51301, 1415788, 0, 0, 0
51400, 1428158, 0, 0, 0
51501, 1437955, 0, 0, 0
51601, 1434442, 0, 0, 0
51701, 1422437, 0, 0, 0
51800, 1395818, 0, 0, 0
51901, 1666783, 0, 0, 0
52001, 1399725, 0, 0, 0
52101, 1485795, 0, 0, 0
52201, 1501925, 0, 0, 0
52300, 1454764, 0, 0, 0
52401, 1373063, 0, 0, 0
52500, 1358576, 0, 0, 0
52600, 1325024, 0, 0, 0
52700, 1280505, 0, 0, 0
52801, 1523452, 0, 0, 0
52900, 1436837, 0, 0, 0
53000, 1372437, 0, 0, 0
53101, 1288819, 0, 0, 0
53201, 1347808, 0, 0, 0
53300, 1340105, 0, 0, 0
53401, 1375592, 0, 0, 0
53500, 1355341, 0, 0, 0
53600, 1437899, 0, 0, 0
53700, 1439926, 0, 0, 0
53800, 1327018, 0, 0, 0
53900, 1426188, 0, 0, 0
54000, 1419443, 0, 0, 0
54100, 1466387, 0, 0, 0
54200, 1399709, 0, 0, 0
54301, 1514558, 0, 0, 0
54401, 1378715, 0, 0, 0
54500, 1591204, 0, 0, 0
54600, 1359496, 0, 0, 0
54701, 1457690, 0, 0, 0
54800, 1335070, 0, 0, 0
54900, 1383879, 0, 0, 0
55000, 1461569, 0, 0, 0
55100, 1412752, 0, 0, 0
55201, 1435289, 0, 0, 0
55300, 1353661, 0, 0, 0
55401, 1451130, 0, 0, 0
55500, 1407161, 0, 0, 0
55600, 1468472, 0, 0, 0
55700, 1444248, 0, 0, 0
55800, 1474520, 0, 0, 0
55900, 1504263, 0, 0, 0
56000, 1329143, 0, 0, 0
56100, 1359803, 0, 0, 0
56201, 1526167, 0, 0, 0
56302, 1475284, 0, 0, 0
56401, 1384874, 0, 0, 0
56501, 1438971, 0, 0, 0
56600, 1545650, 0, 0, 0
56700, 1362322, 0, 0, 0
56800, 1387491, 0, 0, 0
56900, 1456582, 0, 0, 0
57000, 1317835, 0, 0, 0
57101, 1420718, 0, 0, 0
57200, 1387199, 0, 0, 0
57300, 1361351, 0, 0, 0
57401, 1427095, 0, 0, 0
57500, 1426025, 0, 0, 0
57601, 1489252, 0, 0, 0
57700, 1472175, 0, 0, 0
57801, 1370492, 0, 0, 0
57900, 1359169, 0, 0, 0
58001, 1455455, 0, 0, 0
58101, 1401017, 0, 0, 0
58200, 1648539, 0, 0, 0
58300, 1504322, 0, 0, 0
58400, 1350302, 0, 0, 0
58500, 1441721, 0, 0, 0
58601, 1435692, 0, 0, 0
58700, 1514788, 0, 0, 0
58801, 1334291, 0, 0, 0
58900, 1471873, 0, 0, 0
59001, 1431627, 0, 0, 0
59100, 1342119, 0, 0, 0
59201, 1485528, 0, 0, 0
59300, 1487257, 0, 0, 0
59400, 1352737, 0, 0, 0
59501, 1423156, 0, 0, 0
59600, 1504521, 0, 0, 0
59700, 1397411, 0, 0, 0
59800, 1377431, 0, 0, 0
59900, 1436224, 0, 0, 0
60001, 1548103, 0, 0, 0
60100, 1411446, 0, 0, 0
60201, 1427508, 0, 0, 0
60301, 1513409, 0, 0, 0
60400, 1386972, 0, 0, 0
60500, 1461065, 0, 0, 0
60600, 1327702, 0, 0, 0
60700, 1307491, 0, 0, 0
60800, 1584927, 0, 0, 0
60900, 1475424, 0, 0, 0
61001, 1593750, 0, 0, 0
61100, 1520037, 0, 0, 0
61201, 1394574, 0, 0, 0
61300, 1413872, 0, 0, 0
61400, 1285650, 0, 0, 0
61500, 1324271, 0, 0, 0
61600, 1400338, 0, 0, 0
61700, 1388999, 0, 0, 0
61801, 1610107, 0, 0, 0
61901, 1487387, 0, 0, 0
62000, 1354658, 0, 0, 0
62101, 1366353, 0, 0, 0
62200, 1370573, 0, 0, 0
62300, 1442872, 0, 0, 0
62400, 1331324, 0, 0, 0
62500, 1338535, 0, 0, 0
62601, 1473668, 0, 0, 0
62700, 1274531, 0, 0, 0
62800, 1381669, 0, 0, 0
62900, 1343984, 0, 0, 0
63000, 1365825, 0, 0, 0
63101, 1338240, 0, 0, 0
63201, 1438150, 0, 0, 0
63300, 1355353, 0, 0, 0
63400, 1347531, 0, 0, 0
63500, 1309536, 0, 0, 0
63600, 1450301, 0, 0, 0
63700, 1400032, 0, 0, 0
63800, 1431388, 0, 0, 0
63901, 1331168, 0, 0, 0
64000, 1355126, 0, 0, 0
64100, 1455642, 0, 0, 0
64200, 1516653, 0, 0, 0
64300, 1371857, 0, 0, 0
64400, 1450559, 0, 0, 0
64500, 1437190, 0, 0, 0
64600, 1374997, 0, 0, 0
64700, 1451332, 0, 0, 0
64800, 1365869, 0, 0, 0
64900, 1409707, 0, 0, 0
65000, 1349428, 0, 0, 0
65100, 1339019, 0, 0, 0
65201, 1412834, 0, 0, 0
65300, 1393135, 0, 0, 0
65400, 1434280, 0, 0, 0
65500, 1374624, 0, 0, 0
65601, 1350370, 0, 0, 0
65701, 1419302, 0, 0, 0
65800, 1353659, 0, 0, 0
65901, 1393266, 0, 0, 0
66000, 1386880, 0, 0, 0
66101, 1392882, 0, 0, 0
66201, 1442268, 0, 0, 0
66301, 1324405, 0, 0, 0
66400, 1377023, 0, 0, 0
66501, 1533437, 0, 0, 0
66601, 1401490, 0, 0, 0
66700, 1328805, 0, 0, 0
66801, 1413524, 0, 0, 0
66900, 1514510, 0, 0, 0
67001, 1324130, 0, 0, 0
67101, 1605382, 0, 0, 0
67201, 1418684, 0, 0, 0
67300, 1514496, 0, 0, 0
67400, 1519418, 0, 0, 0
67500, 1335147, 0, 0, 0
67600, 1428554, 0, 0, 0
67700, 1340953, 0, 0, 0
67800, 1326443, 0, 0, 0
67901, 1611245, 0, 0, 0
68000, 1477157, 0, 0, 0
68100, 1376603, 0, 0, 0
68200, 1362577, 0, 0, 0
68300, 1364901, 0, 0, 0
68400, 1420472, 0, 0, 0
68500, 1346077, 0, 0, 0
68600, 1360785, 0, 0, 0
68701, 1472705, 0, 0, 0
68800, 1448241, 0, 0, 0
68900, 1383956, 0, 0, 0
69000, 1342838, 0, 0, 0
69100, 1424241, 0, 0, 0
69201, 1349876, 0, 0, 0
69301, 1614119, 0, 0, 0
69400, 1328101, 0, 0, 0
69500, 1394982, 0, 0, 0
69600, 1421709, 0, 0, 0
69701, 1568511, 0, 0, 0
69800, 1320411, 0, 0, 0
69900, 1363922, 0, 0, 0
70000, 1395657, 0, 0, 0
70101, 1459700, 0, 0, 0
70200, 1390701, 0, 0, 0
70301, 1364334, 0, 0, 0
70401, 1539700, 0, 0, 0
70500, 1421672, 0, 0, 0
70600, 1347747, 0, 0, 0
70700, 1385314, 0, 0, 0
70800, 1412321, 0, 0, 0
70900, 1350409, 0, 0, 0
71000, 1322053, 0, 0, 0
71100, 1361703, 0, 0, 0
71201, 1316549, 0, 0, 0
71300, 1336675, 0, 0, 0
71400, 1344221, 0, 0, 0
71500, 1440044, 0, 0, 0
71600, 1395321, 0, 0, 0
71700, 1326932, 0, 0, 0
71801, 1355995, 0, 0, 0
71900, 1390808, 0, 0, 0
72000, 1437202, 0, 0, 0
72101, 1395008, 0, 0, 0
72200, 1423402, 0, 0, 0
72300, 1388473, 0, 0, 0
72401, 1355131, 0, 0, 0
72500, 1455007, 0, 0, 0
72601, 1487610, 0, 0, 0
72700, 1407327, 0, 0, 0
72800, 1440709, 0, 0, 0
72900, 1343912, 0, 0, 0
73000, 1391504, 0, 0, 0
73100, 1408323, 0, 0, 0
73201, 1344416, 0, 0, 0
73300, 1420416, 0, 0, 0
73400, 1409854, 0, 0, 0
73500, 1467101, 0, 0, 0
73600, 1548830, 0, 0, 0
73700, 1393917, 0, 0, 0
73800, 1451396, 0, 0, 0
73901, 1424035, 0, 0, 0
74000, 1425807, 0, 0, 0
74100, 1428268, 0, 0, 0
74201, 1354381, 0, 0, 0
74300, 1470475, 0, 0, 0
74400, 1365588, 0, 0, 0
74500, 1458592, 0, 0, 0
74601, 1472736, 0, 0, 0
74701, 1402966, 0, 0, 0
74801, 1442669, 0, 0, 0
74901, 1459156, 0, 0, 0
75000, 1446734, 0, 0, 0
75100, 1354764, 0, 0, 0
75201, 1367403, 0, 0, 0
75300, 1302786, 0, 0, 0
75400, 1442517, 0, 0, 0
75500, 1358910, 0, 0, 0
75600, 1440338, 0, 0, 0
75700, 1441972, 0, 0, 0
75800, 1401378, 0, 0, 0
75901, 1368517, 0, 0, 0
76000, 1312676, 0, 0, 0
76101, 1378026, 0, 0, 0
76202, 1394258, 0, 0, 0
76300, 1390480, 0, 0, 0
76400, 1381121, 0, 0, 0
76500, 1344296, 0, 0, 0
76601, 1319197, 0, 0, 0
76700, 1331001, 0, 0, 0
76800, 1295196, 0, 0, 0
76901, 1374204, 0, 0, 0
77002, 1483524, 0, 0, 0
77100, 1469258, 0, 0, 0
77200, 1384066, 0, 0, 0
77300, 1430422, 0, 0, 0
77400, 1350308, 0, 0, 0
77500, 1383068, 0, 0, 0
77601, 1495364, 0, 0, 0
77700, 1516975, 0, 0, 0
77801, 1376738, 0, 0, 0
77901, 1358750, 0, 0, 0
78001, 1346721, 0, 0, 0
78100, 1454868, 0, 0, 0
78200, 1362896, 0, 0, 0
78301, 1534707, 0, 0, 0
78400, 1408659, 0, 0, 0
78501, 1435444, 0, 0, 0
78600, 1377563, 0, 0, 0
78700, 1428807, 0, 0, 0
78801, 1395232, 0, 0, 0
78900, 1405266, 0, 0, 0
79000, 1333933, 0, 0, 0
79100, 1363144, 0, 0, 0
79200, 1433954, 0, 0, 0
79300, 1389053, 0, 0, 0
79400, 1475985, 0, 0, 0
79500, 1360627, 0, 0, 0
79600, 1311387, 0, 0, 0
79700, 1363372, 0, 0, 0
79800, 1289192, 0, 0, 0
79901, 1479989, 0, 0, 0
80001, 1458987, 0, 0, 0
80101, 1369222, 0, 0, 0
80200, 1424607, 0, 0, 0
80300, 1327613, 0, 0, 0
80401, 1408348, 0, 0, 0
80500, 1417507, 0, 0, 0
80600, 1429013, 0, 0, 0
80700, 1399465, 0, 0, 0
80800, 1368066, 0, 0, 0
80900, 1442584, 0, 0, 0
81001, 1515316, 0, 0, 0
81100, 1391867, 0, 0, 0
81200, 1444326, 0, 0, 0
81300, 1503080, 0, 0, 0
81401, 1673005, 0, 0, 0
81501, 1482315, 0, 0, 0
81600, 1359224, 0, 0, 0
81700, 1461080, 0, 0, 0
81801, 1469399, 0, 0, 0
81900, 1626857, 0, 0, 0
82000, 1436770, 0, 0, 0
82100, 1322699, 0, 0, 0
82201, 1395257, 0, 0, 0
82301, 1395842, 0, 0, 0
82400, 1428818, 0, 0, 0
82501, 1336230, 0, 0, 0
82600, 1340894, 0, 0, 0
82701, 1401580, 0, 0, 0
82800, 1301165, 0, 0, 0
82900, 1366587, 0, 0, 0
83000, 1422734, 0, 0, 0
83101, 1469571, 0, 0, 0
83201, 1400097, 0, 0, 0
83300, 1519133, 0, 0, 0
83400, 1393820, 0, 0, 0
83500, 1343809, 0, 0, 0
83600, 1601714, 0, 0, 0
83701, 1442670, 0, 0, 0
83801, 1393429, 0, 0, 0
83900, 1318548, 0, 0, 0
84000, 1377213, 0, 0, 0
84100, 1510630, 0, 0, 0
84200, 1424083, 0, 0, 0
84300, 1389572, 0, 0, 0
84400, 1433169, 0, 0, 0
84500, 1390945, 0, 0, 0
84600, 1388716, 0, 0, 0
84701, 1383147, 0, 0, 0
84800, 1319226, 0, 0, 0
84900, 1404215, 0, 0, 0
85001, 1493504, 0, 0, 0
85100, 1423327, 0, 0, 0
85200, 1401129, 0, 0, 0
85300, 1391757, 0, 0, 0
85400, 1440306, 0, 0, 0
85500, 1480648, 0, 0, 0
85600, 1384400, 0, 0, 0
85700, 1459028, 0, 0, 0
85800, 1442993, 0, 0, 0
85900, 1476520, 0, 0, 0
86000, 1342529, 0, 0, 0
86100, 1367383, 0, 0, 0
86200, 1349240, 0, 0, 0
86300, 1351425, 0, 0, 0
86400, 1371576, 0, 0, 0
86500, 1485789, 0, 0, 0
86601, 1491111, 0, 0, 0
86701, 1415145, 0, 0, 0
86800, 1455734, 0, 0, 0
86900, 1457483, 0, 0, 0
87000, 1316683, 0, 0, 0
87100, 1521808, 0, 0, 0
87200, 1352468, 0, 0, 0
87300, 1395345, 0, 0, 0
87400, 1360965, 0, 0, 0
87500, 1333325, 0, 0, 0
87600, 1470933, 0, 0, 0
87701, 1358101, 0, 0, 0
87800, 1414390, 0, 0, 0
87900, 1365043, 0, 0, 0
88000, 1496858, 0, 0, 0
88101, 1414040, 0, 0, 0
88200, 1335089, 0, 0, 0
88300, 1366647, 0, 0, 0
88401, 1433062, 0, 0, 0
88501, 1543240, 0, 0, 0
88600, 1471471, 0, 0, 0
88700, 1410851, 0, 0, 0
88800, 1520528, 0, 0, 0
88900, 1485609, 0, 0, 0
89000, 1404820, 0, 0, 0
89101, 1392421, 0, 0, 0
89200, 1329434, 0, 0, 0
89300, 1379602, 0, 0, 0
89400, 1399546, 0, 0, 0
89501, 1634091, 0, 0, 0
89600, 1457987, 0, 0, 0
89701, 1306063, 0, 0, 0
89800, 1367496, 0, 0, 0
89900, 1398411, 0, 0, 0
90001, 1397909, 0, 0, 0
