100, 1331302, 0, 0, 0
200, 1480401, 0, 0, 0
300, 1345499, 0, 0, 0
400, 1386169, 0, 0, 0
500, 1376213, 0, 0, 0
601, 1337331, 0, 0, 0
701, 1377142, 0, 0, 0
800, 1496332, 0, 0, 0
900, 1378735, 0, 0, 0
1000, 1348115, 0, 0, 0
1101, 1392586, 0, 0, 0
1200, 1409738, 0, 0, 0
1300, 1286403, 0, 0, 0
1401, 1392713, 0, 0, 0
1500, 1343694, 0, 0, 0
1601, 1309816, 0, 0, 0
1700, 1450322, 0, 0, 0
1800, 1363463, 0, 0, 0
1900, 1321788, 0, 0, 0
2002, 1374892, 0, 0, 0
2100, 1452457, 0, 0, 0
2200, 1267445, 0, 0, 0
2301, 1374490, 0, 0, 0
2400, 1308512, 0, 0, 0
2500, 1301365, 0, 0, 0
2600, 1405344, 0, 0, 0
2701, 1553579, 0, 0, 0
2800, 1361161, 0, 0, 0
2900, 1315339, 0, 0, 0
3001, 1313845, 0, 0, 0
3100, 1422466, 0, 0, 0
3200, 1413031, 0, 0, 0
3300, 1547509, 0, 0, 0
3400, 1340147, 0, 0, 0
3501, 1336130, 0, 0, 0
3600, 1356475, 0, 0, 0
3700, 1603297, 0, 0, 0
3800, 1343865, 0, 0, 0
3900, 1297426, 0, 0, 0
4000, 1433018, 0, 0, 0
4100, 1366956, 0, 0, 0
4200, 1357882, 0, 0, 0
4300, 1508179, 0, 0, 0
4400, 1397189, 0, 0, 0
4500, 1330750, 0, 0, 0
4601, 1387523, 0, 0, 0
4701, 1482809, 0, 0, 0
4800, 1394898, 0, 0, 0
4900, 1354350, 0, 0, 0
5000, 1372082, 0, 0, 0
5100, 1340715, 0, 0, 0
5201, 1389004, 0, 0, 0
5300, 1295188, 0, 0, 0
5401, 1395301, 0, 0, 0
5501, 1423531, 0, 0, 0
5601, 1462060, 0, 0, 0
5700, 1346233, 0, 0, 0
5800, 1361310, 0, 0, 0
5900, 1312295, 0, 0, 0
6001, 1400990, 0, 0, 0
6100, 1331578, 0, 0, 0
6200, 1472495, 0, 0, 0
6300, 1440762, 0, 0, 0
6400, 1350963, 0, 0, 0
6500, 1397408, 0, 0, 0
6600, 1359669, 0, 0, 0
6700, 1511375, 0, 0, 0
6800, 1429458, 0, 0, 0
6900, 1544135, 0, 0, 0
7000, 1446238, 0, 0, 0
7100, 1393699, 0, 0, 0
7200, 1410218, 0, 0, 0
7300, 1335871, 0, 0, 0
7400, 1447640, 0, 0, 0
7500, 1440708, 0, 0, 0
7601, 1428210, 0, 0, 0
7700, 1434938, 0, 0, 0
7800, 1413547, 0, 0, 0
7900, 1366578, 0, 0, 0
8001, 1408300, 0, 0, 0
8100, 1349386, 0, 0, 0
8200, 1313464, 0, 0, 0
8300, 1376839, 0, 0, 0
8400, 1333406, 0, 0, 0
8500, 1343484, 0, 0, 0
8600, 1557121, 0, 0, 0
8701, 1406839, 0, 0, 0
8800, 1403659, 0, 0, 0
8900, 1335612, 0, 0, 0
9000, 1372202, 0, 0, 0
9100, 1441375, 0, 0, 0
9200, 1365761, 0, 0, 0
9300, 1321721, 0, 0, 0
9401, 1502864, 0, 0, 0
9500, 1449302, 0, 0, 0
9600, 1378218, 0, 0, 0
9700, 1308808, 0, 0, 0
9800, 1366769, 0, 0, 0
9901, 1473787, 0, 0, 0
10000, 1342669, 0, 0, 0
10100, 1406285, 0, 0, 0
10201, 1316989, 0, 0, 0
10300, 1388450, 0, 0, 0
10400, 1398478, 0, 0, 0
10501, 1342396, 0, 0, 0
10601, 1378793, 0, 0, 0
10700, 1329008, 0, 0, 0
10800, 1531632, 0, 0, 0
10901, 1344823, 0, 0, 0
11000, 1516955, 0, 0, 0
11101, 1409899, 0, 0, 0
11201, 1397587, 0, 0, 0
11300, 1406876, 0, 0, 0
11400, 1352469, 0, 0, 0
11500, 1353562, 0, 0, 0
11600, 1608451, 0, 0, 0
11700, 1345670, 0, 0, 0
11801, 1319019, 0, 0, 0
11901, 1505836, 0, 0, 0
12000, 1374508, 0, 0, 0
12100, 1399711, 0, 0, 0
12202, 1608170, 0, 0, 0
12301, 1485259, 0, 0, 0
12400, 1360623, 0, 0, 0
12500, 1332799, 0, 0, 0
12601, 1621871, 0, 0, 0
12700, 1298798, 0, 0, 0
12800, 1331947, 0, 0, 0
12900, 1505116, 0, 0, 0
13000, 1333613, 0, 0, 0
13101, 1358851, 0, 0, 0
13201, 1363461, 0, 0, 0
13300, 1384032, 0, 0, 0
13400, 1326713, 0, 0, 0
13501, 1439541, 0, 0, 0
13600, 1346489, 0, 0, 0
13700, 1422562, 0, 0, 0
13800, 1349812, 0, 0, 0
13900, 1393130, 0, 0, 0
14000, 1491966, 0, 0, 0
14100, 1399028, 0, 0, 0
14200, 1509782, 0, 0, 0
14300, 1300680, 0, 0, 0
14400, 1386586, 0, 0, 0
14500, 1498641, 0, 0, 0
14600, 1399176, 0, 0, 0
14701, 1320246, 0, 0, 0
14800, 1341261, 0, 0, 0
14900, 1344690, 0, 0, 0
15000, 1407343, 0, 0, 0
15101, 1307407, 0, 0, 0
15200, 1423833, 0, 0, 0
15301, 1421494, 0, 0, 0
15400, 1447503, 0, 0, 0
15501, 1374267, 0, 0, 0
15600, 1353285, 0, 0, 0
15700, 1496504, 0, 0, 0
15800, 1472477, 0, 0, 0
15900, 1339547, 0, 0, 0
16000, 1296070, 0, 0, 0
16100, 1481943, 0, 0, 0
16200, 1328802, 0, 0, 0
16301, 1345564, 0, 0, 0
16400, 1371584, 0, 0, 0
16500, 1310547, 0, 0, 0
16600, 1342920, 0, 0, 0
16701, 1446700, 0, 0, 0
16800, 1411741, 0, 0, 0
16900, 1481894, 0, 0, 0
17000, 1492000, 0, 0, 0
17100, 1477400, 0, 0, 0
17200, 1342760, 0, 0, 0
17301, 1284873, 0, 0, 0
17400, 1341347, 0, 0, 0
17500, 1394937, 0, 0, 0
17600, 1364234, 0, 0, 0
17700, 1659024, 0, 0, 0
17800, 1353572, 0, 0, 0
17900, 1587161, 0, 0, 0
18000, 1432548, 0, 0, 0
18100, 1722441, 0, 0, 0
18201, 1456339, 0, 0, 0
18301, 1743521, 0, 0, 0
18400, 1517540, 0, 0, 0
18501, 1392426, 0, 0, 0
18600, 1495949, 0, 0, 0
18700, 1570857, 0, 0, 0
18800, 1446737, 0, 0, 0
18900, 1344754, 0, 0, 0
19001, 1494987, 0, 0, 0
19109, 1602060, 0, 0, 0
19201, 1389362, 0, 0, 0
19300, 1673969, 0, 0, 0
19400, 1378656, 0, 0, 0
19501, 1497992, 0, 0, 0
19601, 1382528, 0, 0, 0
19701, 1324307, 0, 0, 0
19800, 1404223, 0, 0, 0
19901, 1376524, 0, 0, 0
20000, 1617263, 0, 0, 0
20101, 1570986, 0, 0, 0
20201, 1534273, 0, 0, 0
20300, 1531525, 0, 0, 0
20400, 1366717, 0, 0, 0
20501, 1409240, 0, 0, 0
20600, 1432838, 0, 0, 0
20700, 1657223, 0, 0, 0
20800, 1639537, 0, 0, 0
20900, 1369321, 0, 0, 0
21000, 1492309, 0, 0, 0
21100, 1546955, 0, 0, 0
21200, 1543717, 0, 0, 0
21311, 1544049, 0, 0, 0
21400, 1532071, 0, 0, 0
21500, 1407073, 0, 0, 0
21600, 1458816, 0, 0, 0
21701, 1492367, 0, 0, 0
21800, 1648532, 0, 0, 0
21901, 1350908, 0, 0, 0
22000, 1641096, 0, 0, 0
22100, 1310055, 0, 0, 0
22200, 1378844, 0, 0, 0
22300, 1407299, 0, 0, 0
22401, 1694846, 0, 0, 0
22500, 1350912, 0, 0, 0
22600, 1484514, 0, 0, 0
22700, 1342284, 0, 0, 0
22800, 1579607, 0, 0, 0
22901, 1322162, 0, 0, 0
23001, 1552874, 0, 0, 0
23100, 1411117, 0, 0, 0
23200, 1559478, 0, 0, 0
23300, 1305624, 0, 0, 0
23400, 1327943, 0, 0, 0
23501, 1452883, 0, 0, 0
23600, 1423635, 0, 0, 0
23709, 1815503, 0, 0, 0
23800, 2006871, 0, 0, 0
23901, 1316755, 0, 0, 0
24000, 1347458, 0, 0, 0
24100, 1371753, 0, 0, 0
24200, 1345336, 0, 0, 0
24301, 1350771, 0, 0, 0
24400, 1541767, 0, 0, 0
24500, 1361475, 0, 0, 0
24600, 1404856, 0, 0, 0
24700, 1434545, 0, 0, 0
24800, 1558997, 0, 0, 0
24900, 1326933, 0, 0, 0
25000, 1483012, 0, 0, 0
25101, 1407323, 0, 0, 0
25200, 1391875, 0, 0, 0
25300, 1355541, 0, 0, 0
25401, 1456001, 0, 0, 0
25500, 1428842, 0, 0, 0
25600, 1467351, 0, 0, 0
25700, 1393398, 0, 0, 0
25800, 1325485, 0, 0, 0
25901, 1376010, 0, 0, 0
26000, 1345586, 0, 0, 0
26100, 1346971, 0, 0, 0
26201, 1602531, 0, 0, 0
26300, 1463401, 0, 0, 0
26401, 1413825, 0, 0, 0
26500, 1408896, 0, 0, 0
26600, 1346485, 0, 0, 0
26700, 1415390, 0, 0, 0
26800, 1385134, 0, 0, 0
26901, 1431083, 0, 0, 0
27000, 1371244, 0, 0, 0
27101, 1355550, 0, 0, 0
27201, 1575590, 0, 0, 0
27300, 1492223, 0, 0, 0
27400, 1322149, 0, 0, 0
27501, 1381506, 0, 0, 0
27601, 1379987, 0, 0, 0
27702, 1439850, 0, 0, 0
27800, 1390046, 0, 0, 0
27900, 1405055, 0, 0, 0
28001, 1466807, 0, 0, 0
28101, 1510950, 0, 0, 0
28200, 1362628, 0, 0, 0
28300, 1368201, 0, 0, 0
28400, 1466506, 0, 0, 0
28500, 1351212, 0, 0, 0
28601, 1456783, 0, 0, 0
28700, 1469166, 0, 0, 0
28800, 1432592, 0, 0, 0
28900, 1335202, 0, 0, 0
29000, 1326001, 0, 0, 0
29100, 1368376, 0, 0, 0
29200, 1403136, 0, 0, 0
29300, 1428251, 0, 0, 0
29400, 1483589, 0, 0, 0
29500, 1463969, 0, 0, 0
29600, 1406449, 0, 0, 0
29700, 1361732, 0, 0, 0
29801, 1389632, 0, 0, 0
29901, 1345577, 0, 0, 0
30000, 1372560, 0, 0, 0
30100, 1359599, 0, 0, 0
30201, 1433930, 0, 0, 0
30300, 1496125, 0, 0, 0
30401, 1492673, 0, 0, 0
30501, 1437648, 0, 0, 0
30601, 1446201, 0, 0, 0
30700, 1403014, 0, 0, 0
30800, 1543935, 0, 0, 0
30900, 1299686, 0, 0, 0
31000, 1485044, 0, 0, 0
31100, 1684081, 0, 0, 0
31201, 1397735, 0, 0, 0
31300, 1409336, 0, 0, 0
31400, 1437425, 0, 0, 0
31500, 1369563, 0, 0, 0
31600, 1388358, 0, 0, 0
31701, 1305629, 0, 0, 0
31800, 1394749, 0, 0, 0
31900, 1324242, 0, 0, 0
32000, 1377728, 0, 0, 0
32101, 1566585, 0, 0, 0
32200, 1427463, 0, 0, 0
32301, 1428227, 0, 0, 0
32400, 1299011, 0, 0, 0
32500, 1404836, 0, 0, 0
32601, 1358612, 0, 0, 0
32700, 1350726, 0, 0, 0
32801, 1670397, 0, 0, 0
32901, 1417874, 0, 0, 0
33000, 1414598, 0, 0, 0
33101, 1404814, 0, 0, 0
33200, 1392365, 0, 0, 0
33300, 1375146, 0, 0, 0
33400, 1359652, 0, 0, 0
33501, 1357196, 0, 0, 0
33601, 1461632, 0, 0, 0
33700, 1434382, 0, 0, 0
33800, 1379184, 0, 0, 0
33901, 1544035, 0, 0, 0
34000, 1357313, 0, 0, 0
34100, 1415023, 0, 0, 0
34200, 1380634, 0, 0, 0
34300, 1364041, 0, 0, 0
34400, 1399181, 0, 0, 0
34500, 1464251, 0, 0, 0
34600, 1458714, 0, 0, 0
34700, 1309951, 0, 0, 0
34800, 1534053, 0, 0, 0
34900, 1391323, 0, 0, 0
35000, 1506113, 0, 0, 0
35101, 1322700, 0, 0, 0
35202, 1465836, 0, 0, 0
35300, 1476014, 0, 0, 0
35400, 1354092, 0, 0, 0
35501, 1544338, 0, 0, 0
35600, 1357422, 0, 0, 0
35700, 1443181, 0, 0, 0
35800, 1326889, 0, 0, 0
35900, 1393488, 0, 0, 0
36000, 1383588, 0, 0, 0
36100, 1366116, 0, 0, 0
36200, 1340235, 0, 0, 0
36300, 1335969, 0, 0, 0
36400, 1361254, 0, 0, 0
36500, 1448597, 0, 0, 0
36600, 1345047, 0, 0, 0
36700, 1439509, 0, 0, 0
36800, 1690824, 0, 0, 0
36901, 1425876, 0, 0, 0
37000, 1499517, 0, 0, 0
37100, 1436636, 0, 0, 0
37200, 1405447, 0, 0, 0
37300, 1400566, 0, 0, 0
37401, 1668670, 0, 0, 0
37500, 1387798, 0, 0, 0
37600, 1378582, 0, 0, 0
37701, 1355722, 0, 0, 0
37800, 1351539, 0, 0, 0
37900, 1508157, 0, 0, 0
38000, 1364875, 0, 0, 0
38101, 1391917, 0, 0, 0
38200, 1410818, 0, 0, 0
38300, 1344204, 0, 0, 0
38400, 1356125, 0, 0, 0
38500, 1360991, 0, 0, 0
38600, 1403592, 0, 0, 0
38701, 1562923, 0, 0, 0
38800, 1373439, 0, 0, 0
38901, 1356139, 0, 0, 0
39000, 1596106, 0, 0, 0
39100, 1390367, 0, 0, 0
39200, 1398883, 0, 0, 0
39300, 1391879, 0, 0, 0
39400, 1337979, 0, 0, 0
39501, 1429096, 0, 0, 0
39600, 1374520, 0, 0, 0
39700, 1358089, 0, 0, 0
39800, 1451456, 0, 0, 0
39900, 1379853, 0, 0, 0
40000, 1355339, 0, 0, 0
40100, 1366481, 0, 0, 0
40200, 1396687, 0, 0, 0
40300, 1378817, 0, 0, 0
40400, 1376168, 0, 0, 0
40500, 1325979, 0, 0, 0
40600, 1427579, 0, 0, 0
40700, 1546061, 0, 0, 0
40801, 1443790, 0, 0, 0
40901, 1393609, 0, 0, 0
41001, 1462032, 0, 0, 0
41100, 1456159, 0, 0, 0
41200, 1319402, 0, 0, 0
41300, 1364697, 0, 0, 0
41400, 1587112, 0, 0, 0
41500, 1567763, 0, 0, 0
41600, 1367799, 0, 0, 0
41701, 1369692, 0, 0, 0
41800, 1371295, 0, 0, 0
41901, 1495282, 0, 0, 0
42000, 1453553, 0, 0, 0
42100, 1378326, 0, 0, 0
42200, 1339008, 0, 0, 0
42300, 1403437, 0, 0, 0
42400, 1396215, 0, 0, 0
42501, 1417567, 0, 0, 0
42600, 1403445, 0, 0, 0
42700, 1430020, 0, 0, 0
42800, 1378481, 0, 0, 0
42900, 1399466, 0, 0, 0
43001, 1369972, 0, 0, 0
43100, 1428857, 0, 0, 0
43200, 1407384, 0, 0, 0
43301, 1405358, 0, 0, 0
43401, 1362896, 0, 0, 0
43501, 1540398, 0, 0, 0
43600, 1463630, 0, 0, 0
43700, 1342829, 0, 0, 0
43800, 1328197, 0, 0, 0
43900, 1491169, 0, 0, 0
44001, 1425279, 0, 0, 0
44100, 1454331, 0, 0, 0
44200, 1339070, 0, 0, 0
44301, 1413438, 0, 0, 0
44400, 1470326, 0, 0, 0
44500, 1472145, 0, 0, 0
44600, 1412970, 0, 0, 0
44700, 1463231, 0, 0, 0
44800, 1365080, 0, 0, 0
44900, 1456276, 0, 0, 0
45000, 1449255, 0, 0, 0
45100, 1362765, 0, 0, 0
45201, 1426750, 0, 0, 0
45300, 1491844, 0, 0, 0
45401, 1400202, 0, 0, 0
45500, 1451919, 0, 0, 0
45601, 1608270, 0, 0, 0
45700, 1409814, 0, 0, 0
45800, 1419073, 0, 0, 0
45900, 1555389, 0, 0, 0
46000, 1389762, 0, 0, 0
46100, 1709609, 0, 0, 0
46200, 1424950, 0, 0, 0
46300, 1410217, 0, 0, 0
46400, 1566758, 0, 0, 0
46501, 1367779, 0, 0, 0
46600, 1390711, 0, 0, 0
46700, 1362071, 0, 0, 0
46800, 1346314, 0, 0, 0
46900, 1438601, 0, 0, 0
47000, 1416242, 0, 0, 0
47101, 1435494, 0, 0, 0
47200, 1518468, 0, 0, 0
47300, 1383742, 0, 0, 0
47400, 1449742, 0, 0, 0
47501, 1343833, 0, 0, 0
47601, 1380108, 0, 0, 0
47701, 1395891, 0, 0, 0
47801, 1464260, 0, 0, 0
47900, 1469836, 0, 0, 0
48001, 1400373, 0, 0, 0
48100, 1344632, 0, 0, 0
48200, 1370833, 0, 0, 0
48300, 1375923, 0, 0, 0
48400, 1448657, 0, 0, 0
48501, 1363764, 0, 0, 0
48601, 1384104, 0, 0, 0
48701, 1428696, 0, 0, 0
48800, 1419618, 0, 0, 0
48900, 1469227, 0, 0, 0
49001, 1369735, 0, 0, 0
49102, 1395647, 0, 0, 0
49200, 1479737, 0, 0, 0
49300, 1344274, 0, 0, 0
49400, 1360041, 0, 0, 0
49500, 1578057, 0, 0, 0
49600, 1344543, 0, 0, 0
49700, 1361395, 0, 0, 0
49801, 1351774, 0, 0, 0
49901, 1422264, 0, 0, 0
50000, 1474213, 0, 0, 0
50100, 1419030, 0, 0, 0
50201, 1432928, 0, 0, 0
50301, 1361984, 0, 0, 0
50400, 1377403, 0, 0, 0
50500, 1370614, 0, 0, 0
50600, 1386652, 0, 0, 0
50700, 1485060, 0, 0, 0
50801, 1335055, 0, 0, 0
50900, 1351384, 0, 0, 0
51000, 1488088, 0, 0, 0
51100, 1380177, 0, 0, 0
51200, 1415124, 0, 0, 0
51300, 1578775, 0, 0, 0
51400, 1385487, 0, 0, 0
51500, 1379284, 0, 0, 0
51600, 1381576, 0, 0, 0
51701, 1429628, 0, 0, 0
51800, 1458240, 0, 0, 0
51900, 1336499, 0, 0, 0
52000, 1556820, 0, 0, 0
52100, 1439496, 0, 0, 0
52201, 1578445, 0, 0, 0
52300, 1408322, 0, 0, 0
52401, 1401419, 0, 0, 0
52500, 1520613, 0, 0, 0
52600, 1505541, 0, 0, 0
52700, 1540476, 0, 0, 0
52800, 1401209, 0, 0, 0
52901, 1385138, 0, 0, 0
53000, 1410459, 0, 0, 0
53100, 1581888, 0, 0, 0
53201, 1333327, 0, 0, 0
53300, 1367216, 0, 0, 0
53400, 1401753, 0, 0, 0
53500, 1472539, 0, 0, 0
53600, 1361208, 0, 0, 0
53701, 1363479, 0, 0, 0
53800, 1349002, 0, 0, 0
53900, 1353197, 0, 0, 0
54000, 1333139, 0, 0, 0
54100, 1361555, 0, 0, 0
54200, 1393243, 0, 0, 0
54300, 1600450, 0, 0, 0
54400, 1446676, 0, 0, 0
54500, 1336797, 0, 0, 0
54601, 1421360, 0, 0, 0
54700, 1365743, 0, 0, 0
54801, 1403965, 0, 0, 0
54900, 1399596, 0, 0, 0
55000, 1498600, 0, 0, 0
55100, 1378090, 0, 0, 0
55201, 1337403, 0, 0, 0
55300, 1378396, 0, 0, 0
55401, 1405217, 0, 0, 0
55500, 1327184, 0, 0, 0
55600, 1423317, 0, 0, 0
55701, 1432567, 0, 0, 0
55800, 1405605, 0, 0, 0
55900, 1400957, 0, 0, 0
56000, 1444329, 0, 0, 0
56101, 1373029, 0, 0, 0
56200, 1357911, 0, 0, 0
56301, 1444173, 0, 0, 0
56400, 1368189, 0, 0, 0
56500, 1383888, 0, 0, 0
56600, 1346692, 0, 0, 0
56701, 1388972, 0, 0, 0
56801, 1345552, 0, 0, 0
56901, 1417748, 0, 0, 0
57001, 1425642, 0, 0, 0
57100, 1454933, 0, 0, 0
57201, 1382488, 0, 0, 0
57300, 1498242, 0, 0, 0
57401, 1407464, 0, 0, 0
57501, 1381934, 0, 0, 0
57600, 1390555, 0, 0, 0
57700, 1443048, 0, 0, 0
57800, 1458839, 0, 0, 0
57900, 1386916, 0, 0, 0
58000, 1394940, 0, 0, 0
58101, 1357764, 0, 0, 0
58201, 1438737, 0, 0, 0
58300, 1565367, 0, 0, 0
58400, 1377006, 0, 0, 0
58501, 1447253, 0, 0, 0
58600, 1345569, 0, 0, 0
58701, 1454594, 0, 0, 0
58801, 1459267, 0, 0, 0
58900, 1428105, 0, 0, 0
59000, 1457715, 0, 0, 0
59100, 1370044, 0, 0, 0
59201, 1384686, 0, 0, 0
59301, 1380461, 0, 0, 0
59400, 1411763, 0, 0, 0
59501, 1454201, 0, 0, 0
59601, 1362416, 0, 0, 0
59701, 1430801, 0, 0, 0
59800, 1437285, 0, 0, 0
59901, 1460844, 0, 0, 0
60000, 1382550, 0, 0, 0
60101, 1357304, 0, 0, 0
60200, 1429314, 0, 0, 0
60302, 1465762, 0, 0, 0
60400, 1414113, 0, 0, 0
60500, 1440053, 0, 0, 0
60601, 1597024, 0, 0, 0
60700, 1403193, 0, 0, 0
60800, 1364438, 0, 0, 0
60900, 1423089, 0, 0, 0
61000, 1397824, 0, 0, 0
61100, 1364817, 0, 0, 0
61200, 1586147, 0, 0, 0
61301, 1425435, 0, 0, 0
61401, 1486107, 0, 0, 0
61500, 1468821, 0, 0, 0
61600, 1350596, 0, 0, 0
61701, 1331474, 0, 0, 0
61800, 1448499, 0, 0, 0
61901, 1375237, 0, 0, 0
62000, 1414379, 0, 0, 0
62101, 1426744, 0, 0, 0
62200, 1515819, 0, 0, 0
62300, 1432490, 0, 0, 0
62401, 1403367, 0, 0, 0
62500, 1355541, 0, 0, 0
62600, 1380993, 0, 0, 0
62701, 1469079, 0, 0, 0
62800, 1435373, 0, 0, 0
62900, 1430269, 0, 0, 0
63000, 1328233, 0, 0, 0
63100, 1517269, 0, 0, 0
63200, 1473644, 0, 0, 0
63300, 1349507, 0, 0, 0
63400, 1363602, 0, 0, 0
63500, 1488801, 0, 0, 0
63600, 1503886, 0, 0, 0
63700, 1399002, 0, 0, 0
63801, 1408033, 0, 0, 0
63901, 1377943, 0, 0, 0
64000, 1390575, 0, 0, 0
64100, 1366825, 0, 0, 0
64201, 1366600, 0, 0, 0
64301, 1419302, 0, 0, 0
64400, 1413097, 0, 0, 0
64500, 1373309, 0, 0, 0
64600, 1413465, 0, 0, 0
64700, 1344633, 0, 0, 0
64801, 1424413, 0, 0, 0
64900, 1412023, 0, 0, 0
65001, 1407590, 0, 0, 0
65100, 1345618, 0, 0, 0
65201, 1455785, 0, 0, 0
65300, 1571051, 0, 0, 0
65400, 1336401, 0, 0, 0
65501, 1360982, 0, 0, 0
65600, 1369993, 0, 0, 0
65700, 1467580, 0, 0, 0
65801, 1409110, 0, 0, 0
65900, 1421955, 0, 0, 0
66000, 1420470, 0, 0, 0
66100, 1465384, 0, 0, 0
66200, 1428997, 0, 0, 0
66300, 1415166, 0, 0, 0
66401, 1387609, 0, 0, 0
66500, 1376615, 0, 0, 0
66600, 1456696, 0, 0, 0
66700, 1380530, 0, 0, 0
66801, 1453702, 0, 0, 0
66901, 1404523, 0, 0, 0
67000, 1363840, 0, 0, 0
67101, 1356729, 0, 0, 0
67201, 1418824, 0, 0, 0
67300, 1414910, 0, 0, 0
67401, 1348049, 0, 0, 0
67500, 1519095, 0, 0, 0
67601, 1338302, 0, 0, 0
67700, 1313057, 0, 0, 0
67801, 1373966, 0, 0, 0
67900, 1356266, 0, 0, 0
68000, 1482394, 0, 0, 0
68100, 1419229, 0, 0, 0
68201, 1387068, 0, 0, 0
68300, 1390987, 0, 0, 0
68400, 1366653, 0, 0, 0
68501, 1410351, 0, 0, 0
68600, 1375868, 0, 0, 0
68700, 1420047, 0, 0, 0
68801, 1368377, 0, 0, 0
68901, 1379802, 0, 0, 0
69001, 1358538, 0, 0, 0
69100, 1353511, 0, 0, 0
69200, 1535784, 0, 0, 0
69300, 1315614, 0, 0, 0
69400, 1540669, 0, 0, 0
69500, 1345958, 0, 0, 0
69600, 1323615, 0, 0, 0
69700, 1316847, 0, 0, 0
69800, 1430845, 0, 0, 0
69900, 1436910, 0, 0, 0
70000, 1400343, 0, 0, 0
70100, 1340654, 0, 0, 0
70200, 1367241, 0, 0, 0
70300, 1373382, 0, 0, 0
70400, 1363113, 0, 0, 0
70500, 1484055, 0, 0, 0
70600, 1328603, 0, 0, 0
70700, 1365779, 0, 0, 0
70800, 1484261, 0, 0, 0
70901, 1348899, 0, 0, 0
71000, 1304697, 0, 0, 0
71100, 1481599, 0, 0, 0
71200, 1340294, 0, 0, 0
71300, 1444802, 0, 0, 0
71400, 1458724, 0, 0, 0
71500, 1369834, 0, 0, 0
71601, 1449980, 0, 0, 0
71700, 1423185, 0, 0, 0
71801, 1433151, 0, 0, 0
71900, 1386717, 0, 0, 0
72000, 1617324, 0, 0, 0
72101, 1516859, 0, 0, 0
72200, 1346303, 0, 0, 0
72301, 1395033, 0, 0, 0
72400, 1424857, 0, 0, 0
72500, 1517400, 0, 0, 0
72600, 1464586, 0, 0, 0
72700, 1373143, 0, 0, 0
72800, 1463657, 0, 0, 0
72900, 1401084, 0, 0, 0
73001, 1333237, 0, 0, 0
73101, 1382700, 0, 0, 0
73200, 1301000, 0, 0, 0
73300, 1373902, 0, 0, 0
73400, 1363901, 0, 0, 0
73500, 1410078, 0, 0, 0
73600, 1336118, 0, 0, 0
73700, 1381306, 0, 0, 0
73801, 1452566, 0, 0, 0
73901, 1401410, 0, 0, 0
74000, 1312504, 0, 0, 0
74101, 1413162, 0, 0, 0
74200, 1498265, 0, 0, 0
74300, 1487576, 0, 0, 0
74400, 1305718, 0, 0, 0
74501, 1299914, 0, 0, 0
74600, 1347728, 0, 0, 0
74700, 1460877, 0, 0, 0
74800, 1319589, 0, 0, 0
74900, 1409269, 0, 0, 0
75000, 1345948, 0, 0, 0
75100, 1404994, 0, 0, 0
75201, 1408985, 0, 0, 0
75301, 1358864, 0, 0, 0
75400, 1355681, 0, 0, 0
75500, 1357275, 0, 0, 0
75601, 1501965, 0, 0, 0
75700, 1563100, 0, 0, 0
75800, 1485127, 0, 0, 0
75901, 1354034, 0, 0, 0
76000, 1314562, 0, 0, 0
76100, 1345383, 0, 0, 0
76201, 1341625, 0, 0, 0
76300, 1425758, 0, 0, 0
76400, 1365523, 0, 0, 0
76500, 1459824, 0, 0, 0
76600, 1345007, 0, 0, 0
76700, 1335288, 0, 0, 0
76801, 1372256, 0, 0, 0
76901, 1630940, 0, 0, 0
77000, 1472255, 0, 0, 0
77100, 1445936, 0, 0, 0
77200, 1380959, 0, 0, 0
77301, 1429759, 0, 0, 0
77400, 1369079, 0, 0, 0
77500, 1359820, 0, 0, 0
77600, 1367758, 0, 0, 0
77700, 1329185, 0, 0, 0
77800, 1495931, 0, 0, 0
77901, 1378452, 0, 0, 0
78000, 1349345, 0, 0, 0
78100, 1407805, 0, 0, 0
78200, 1380056, 0, 0, 0
78300, 1314434, 0, 0, 0
78400, 1427038, 0, 0, 0
78500, 1554472, 0, 0, 0
78601, 1378962, 0, 0, 0
78701, 1395743, 0, 0, 0
78800, 1405285, 0, 0, 0
78900, 1367631, 0, 0, 0
79000, 1574491, 0, 0, 0
79102, 1450022, 0, 0, 0
79200, 1369320, 0, 0, 0
79300, 1372536, 0, 0, 0
79400, 1374711, 0, 0, 0
79501, 1456427, 0, 0, 0
79601, 1356319, 0, 0, 0
79701, 1344747, 0, 0, 0
79801, 1507248, 0, 0, 0
79901, 1383304, 0, 0, 0
80000, 1394026, 0, 0, 0
80101, 1367477, 0, 0, 0
80201, 1422039, 0, 0, 0
80301, 1457983, 0, 0, 0
80400, 1314877, 0, 0, 0
80500, 1429578, 0, 0, 0
80600, 1376985, 0, 0, 0
80701, 1367431, 0, 0, 0
80801, 1486201, 0, 0, 0
80900, 1388376, 0, 0, 0
81000, 1492298, 0, 0, 0
81101, 1426504, 0, 0, 0
81201, 1363766, 0, 0, 0
81300, 1374201, 0, 0, 0
81401, 1487666, 0, 0, 0
81500, 1389908, 0, 0, 0
81600, 1420832, 0, 0, 0
81700, 1422586, 0, 0, 0
81800, 1385052, 0, 0, 0
81900, 1441904, 0, 0, 0
82001, 1388170, 0, 0, 0
82100, 1334667, 0, 0, 0
82200, 1331187, 0, 0, 0
82300, 1413038, 0, 0, 0
82401, 1454163, 0, 0, 0
82500, 1430872, 0, 0, 0
82600, 1601320, 0, 0, 0
82700, 1332053, 0, 0, 0
82801, 1614122, 0, 0, 0
82900, 1452949, 0, 0, 0
83001, 1435517, 0, 0, 0
83100, 1347784, 0, 0, 0
83200, 1416274, 0, 0, 0
83300, 1442204, 0, 0, 0
83400, 1381955, 0, 0, 0
83500, 1413000, 0, 0, 0
83600, 1557829, 0, 0, 0
83700, 1369192, 0, 0, 0
83800, 1411788, 0, 0, 0
83900, 1347016, 0, 0, 0
84000, 1375902, 0, 0, 0
84100, 1328563, 0, 0, 0
84200, 1350670, 0, 0, 0
84300, 1380866, 0, 0, 0
84400, 1390332, 0, 0, 0
84500, 1403610, 0, 0, 0
84601, 1415291, 0, 0, 0
84701, 1506353, 0, 0, 0
84800, 1435950, 0, 0, 0
84900, 1401138, 0, 0, 0
85001, 1448557, 0, 0, 0
85100, 1510608, 0, 0, 0
85201, 1485152, 0, 0, 0
85300, 1514556, 0, 0, 0
85400, 1394127, 0, 0, 0
85500, 1451515, 0, 0, 0
85600, 1370056, 0, 0, 0
85701, 1461913, 0, 0, 0
85801, 1340067, 0, 0, 0
85900, 1492474, 0, 0, 0
86001, 1410861, 0, 0, 0
86100, 1368212, 0, 0, 0
86200, 1405256, 0, 0, 0
86300, 1328920, 0, 0, 0
86400, 1325161, 0, 0, 0
86500, 1399822, 0, 0, 0
86600, 1435003, 0, 0, 0
86700, 1399816, 0, 0, 0
86801, 1474829, 0, 0, 0
86901, 1402550, 0, 0, 0
87000, 1481587, 0, 0, 0
87100, 1356059, 0, 0, 0
87200, 1362792, 0, 0, 0
87300, 1442382, 0, 0, 0
87400, 1404728, 0, 0, 0
87500, 1428433, 0, 0, 0
87600, 1561096, 0, 0, 0
87700, 1417780, 0, 0, 0
87800, 1406968, 0, 0, 0
87900, 1423619, 0, 0, 0
88000, 1430587, 0, 0, 0
88100, 1379145, 0, 0, 0
88202, 1409110, 0, 0, 0
88300, 1425980, 0, 0, 0
88400, 1314810, 0, 0, 0
88501, 1394942, 0, 0, 0
88600, 1480997, 0, 0, 0
88700, 1453609, 0, 0, 0
88801, 1393018, 0, 0, 0
88900, 1410975, 0, 0, 0
89000, 1462242, 0, 0, 0
89101, 1411148, 0, 0, 0
89200, 1439387, 0, 0, 0
89300, 1474662, 0, 0, 0
89400, 1422375, 0, 0, 0
89501, 1428440, 0, 0, 0
89601, 1465341, 0, 0, 0
89701, 1507343, 0, 0, 0
89801, 1377139, 0, 0, 0
89901, 1328527, 0, 0, 0
90000, 1371248, 0, 0, 0
