105, 100753189, 1, 0, 0
211, 97846209, 1, 0, 0
323, 105465654, 1, 0, 0
402, 104188474, 1, 0, 0
510, 33402104, 1, 0, 0
610, 30144572, 1, 0, 0
705, 31538898, 1, 0, 0
804, 29931002, 1, 0, 0
913, 28752947, 1, 0, 0
1017, 32858702, 1, 0, 0
1107, 30377273, 1, 0, 0
1206, 28706000, 1, 0, 0
1317, 30504573, 1, 0, 0
1407, 29269734, 1, 0, 0
1507, 32348228, 1, 0, 0
1613, 31749833, 1, 0, 0
1706, 30174432, 1, 0, 0
1808, 25350910, 1, 0, 0
1905, 25508948, 1, 0, 0
2002, 27475718, 1, 0, 0
2101, 27905383, 1, 0, 0
2200, 30377658, 1, 0, 0
2314, 27648772, 1, 0, 0
2405, 29915112, 1, 0, 0
2501, 25708468, 1, 0, 0
2611, 29950388, 1, 0, 0
2701, 27652221, 1, 0, 0
2804, 32259633, 1, 0, 0
2903, 30119801, 1, 0, 0
3004, 28032741, 1, 0, 0
3101, 29192246, 1, 0, 0
3212, 28807774, 1, 0, 0
3305, 30647269, 1, 0, 0
3403, 73876255, 1, 0, 0
3507, 96917179, 1, 0, 0
3623, 96044495, 1, 0, 0
3729, 104752823, 1, 0, 0
3829, 88549989, 1, 0, 0
3935, 92706038, 1, 0, 0
4043, 100726175, 1, 0, 0
4108, 101023871, 1, 0, 0
4224, 50185036, 1, 0, 0
4303, 26511929, 1, 0, 0
4408, 23228291, 1, 0, 0
4503, 30251088, 1, 0, 0
4619, 33258282, 1, 0, 0
4704, 22023798, 1, 0, 0
4813, 25107549, 1, 0, 0
4926, 25860260, 1, 0, 0
5018, 34054074, 1, 0, 0
5112, 35848182, 1, 0, 0
5214, 37035705, 1, 0, 0
5302, 34725655, 1, 0, 0
5402, 26795293, 1, 0, 0
5510, 26331405, 1, 0, 0
5623, 26390072, 1, 0, 0
5703, 32367473, 1, 0, 0
5810, 33960233, 1, 0, 0
5910, 34694136, 1, 0, 0
6015, 39130011, 1, 0, 0
6101, 35007810, 1, 0, 0
6211, 28966969, 1, 0, 0
6315, 31863573, 1, 0, 0
6416, 30474828, 1, 0, 0
6507, 34395764, 1, 0, 0
6608, 31836586, 1, 0, 0
6714, 25378362, 1, 0, 0
6812, 27231457, 1, 0, 0
6909, 31661460, 1, 0, 0
7050, 34692128, 1, 0, 0
7104, 100154988, 1, 0, 0
7212, 100047531, 1, 0, 0
7319, 103120589, 1, 0, 0
7424, 98394138, 1, 0, 0
7528, 98370988, 1, 0, 0
7634, 98094474, 1, 0, 0
7725, 97962585, 1, 0, 0
7818, 85733529, 1, 0, 0
7907, 59058071, 1, 0, 0
8002, 33027645, 1, 0, 0
8119, 30551293, 1, 0, 0
8217, 27081230, 1, 0, 0
8310, 29013213, 1, 0, 0
8400, 30652224, 1, 0, 0
8509, 30968541, 1, 0, 0
8608, 29033181, 1, 0, 0
8700, 31038768, 1, 0, 0
8806, 25438736, 1, 0, 0
8920, 28918558, 1, 0, 0
9001, 34973201, 1, 0, 0
9115, 27198972, 1, 0, 0
9206, 28258154, 1, 0, 0
9323, 26912211, 1, 0, 0
9411, 24188674, 1, 0, 0
9506, 26530370, 1, 0, 0
9605, 30015310, 1, 0, 0
9701, 36617884, 1, 0, 0
9803, 40359667, 1, 0, 0
9912, 44555478, 1, 0, 0
10015, 40005712, 1, 0, 0
10102, 38877340, 1, 0, 0
10212, 42706689, 1, 0, 0
10300, 39177742, 1, 0, 0
10419, 42607878, 1, 0, 0
10555, 39688050, 1, 0, 0
10608, 87966813, 1, 0, 0
10767, 117229451, 1, 0, 0
10820, 148339212, 1, 0, 0
10978, 121009569, 1, 0, 0
11056, 148015392, 1, 0, 0
11132, 147897279, 1, 0, 0
11202, 122248491, 1, 0, 0
11320, 85536099, 1, 0, 0
11419, 94341123, 1, 0, 0
11517, 48787469, 1, 0, 0
11611, 32569357, 1, 0, 0
11708, 35254977, 1, 0, 0
11814, 26885699, 1, 0, 0
11917, 24117542, 1, 0, 0
12004, 31856977, 1, 0, 0
12116, 35373105, 1, 0, 0
12205, 28030676, 1, 0, 0
12304, 26730982, 1, 0, 0
12400, 25138598, 1, 0, 0
12507, 24770655, 1, 0, 0
12613, 24475210, 1, 0, 0
12723, 26128841, 1, 0, 0
12810, 32271815, 1, 0, 0
12911, 24226668, 1, 0, 0
13001, 21784787, 1, 0, 0
13114, 31794978, 1, 0, 0
13206, 29143478, 1, 0, 0
13310, 37126958, 1, 0, 0
13407, 32495646, 1, 0, 0
13514, 36847499, 1, 0, 0
13610, 22293247, 1, 0, 0
13717, 37285277, 1, 0, 0
13816, 25164190, 1, 0, 0
13922, 29372735, 1, 0, 0
14002, 46049303, 1, 0, 0
14106, 29937889, 1, 0, 0
14249, 67301214, 1, 0, 0
14324, 73103713, 1, 0, 0
14457, 77183867, 1, 0, 0
14507, 117005341, 1, 0, 0
14663, 60672132, 1, 0, 0
14721, 77101947, 1, 0, 0
14817, 154079118, 1, 0, 0
14918, 68909176, 1, 0, 0
15004, 26583312, 1, 0, 0
15117, 22196171, 1, 0, 0
15226, 37153320, 1, 0, 0
15305, 25747003, 1, 0, 0
15411, 23738473, 1, 0, 0
15512, 30054956, 1, 0, 0
15610, 31274245, 1, 0, 0
15700, 25427177, 1, 0, 0
15816, 30422076, 1, 0, 0
15901, 31980968, 1, 0, 0
16001, 32683273, 1, 0, 0
16104, 27459880, 1, 0, 0
16211, 30056232, 1, 0, 0
16310, 33685019, 1, 0, 0
16411, 29806565, 1, 0, 0
16520, 31495433, 1, 0, 0
16603, 33883575, 1, 0, 0
16704, 29149150, 1, 0, 0
16802, 30336634, 1, 0, 0
16917, 30802984, 1, 0, 0
17001, 29188008, 1, 0, 0
17107, 27892834, 1, 0, 0
17207, 29394742, 1, 0, 0
17311, 28972509, 1, 0, 0
17403, 29740517, 1, 0, 0
17504, 31318655, 1, 0, 0
17607, 27108699, 1, 0, 0
17715, 29111815, 1, 0, 0
17815, 67033025, 1, 0, 0
17926, 94952560, 1, 0, 0
18032, 104001753, 1, 0, 0
18136, 99583782, 1, 0, 0
18246, 98348745, 1, 0, 0
18352, 103061842, 1, 0, 0
18405, 99927860, 1, 0, 0
18512, 102393208, 1, 0, 0
18616, 55606840, 1, 0, 0
18714, 26711103, 1, 0, 0
18811, 32513014, 1, 0, 0
18910, 28887258, 1, 0, 0
19003, 29778021, 1, 0, 0
19103, 29589977, 1, 0, 0
19211, 29327496, 1, 0, 0
19306, 32059917, 1, 0, 0
19401, 32637260, 1, 0, 0
19510, 35901939, 1, 0, 0
19611, 32585553, 1, 0, 0
19704, 29365194, 1, 0, 0
19808, 32170393, 1, 0, 0
19910, 26728979, 1, 0, 0
20013, 28657835, 1, 0, 0
20102, 29130781, 1, 0, 0
20206, 36658209, 1, 0, 0
20307, 28413128, 1, 0, 0
20407, 29481091, 1, 0, 0
20504, 27996339, 1, 0, 0
20605, 30555812, 1, 0, 0
20704, 28221099, 1, 0, 0
20810, 24914104, 1, 0, 0
20904, 29165782, 1, 0, 0
21005, 31720860, 1, 0, 0
21103, 29046116, 1, 0, 0
21213, 30727476, 1, 0, 0
21313, 45042984, 1, 0, 0
21418, 94523521, 1, 0, 0
21524, 98898233, 1, 0, 0
21631, 100076393, 1, 0, 0
21733, 88730103, 1, 0, 0
21838, 81742707, 1, 0, 0
21938, 95370819, 1, 0, 0
22028, 93386450, 1, 0, 0
22115, 83628385, 1, 0, 0
22217, 46449784, 1, 0, 0
22310, 29594470, 1, 0, 0
22412, 29469437, 1, 0, 0
22503, 32646924, 1, 0, 0
22600, 31764590, 1, 0, 0
22709, 29746161, 1, 0, 0
22801, 31066279, 1, 0, 0
22904, 24700750, 1, 0, 0
23020, 29247591, 1, 0, 0
23111, 44026727, 1, 0, 0
23221, 40395218, 1, 0, 0
23321, 44310843, 1, 0, 0
23402, 39443013, 1, 0, 0
23513, 39419550, 1, 0, 0
23605, 28389686, 1, 0, 0
23703, 28614621, 1, 0, 0
23814, 37237832, 1, 0, 0
23903, 35708643, 1, 0, 0
24004, 35380901, 1, 0, 0
24104, 32347001, 1, 0, 0
24232, 35177317, 1, 0, 0
24324, 41238258, 1, 0, 0
24445, 44090499, 1, 0, 0
24549, 113004642, 1, 0, 0
24600, 100522929, 1, 0, 0
24755, 116125381, 1, 0, 0
24837, 73039309, 1, 0, 0
24913, 76568275, 1, 0, 0
25047, 77596319, 1, 0, 0
25135, 121793448, 1, 0, 0
25216, 67589997, 1, 0, 0
25302, 26213536, 1, 0, 0
25414, 26021272, 1, 0, 0
25504, 26346514, 1, 0, 0
25620, 27971772, 1, 0, 0
25717, 29586471, 1, 0, 0
25807, 25049086, 1, 0, 0
25904, 27155110, 1, 0, 0
26018, 27273653, 1, 0, 0
26115, 28930680, 1, 0, 0
26202, 32408711, 1, 0, 0
26300, 29946995, 1, 0, 0
26415, 24507162, 1, 0, 0
26506, 28061036, 1, 0, 0
26610, 29316519, 1, 0, 0
26709, 29457186, 1, 0, 0
26801, 27842195, 1, 0, 0
26924, 30017561, 1, 0, 0
27020, 25359302, 1, 0, 0
27101, 28142187, 1, 0, 0
27226, 30619279, 1, 0, 0
27310, 41717193, 1, 0, 0
27421, 40268877, 1, 0, 0
27512, 40060707, 1, 0, 0
27620, 48028472, 1, 0, 0
27718, 31007326, 1, 0, 0
27850, 30489273, 1, 0, 0
27902, 54861007, 1, 0, 0
28010, 126658965, 1, 0, 0
28148, 75538338, 1, 0, 0
28227, 75434111, 1, 0, 0
28358, 78923276, 1, 0, 0
28411, 127694383, 1, 0, 0
28541, 88995315, 1, 0, 0
28656, 79266306, 1, 0, 0
28724, 103428016, 1, 0, 0
28825, 39437326, 1, 0, 0
28912, 26738093, 1, 0, 0
29010, 26576733, 1, 0, 0
29100, 29031770, 1, 0, 0
29221, 23324442, 1, 0, 0
29310, 28510236, 1, 0, 0
29416, 28098026, 1, 0, 0
29514, 37004412, 1, 0, 0
29600, 39621788, 1, 0, 0
29703, 41801689, 1, 0, 0
29807, 29671810, 1, 0, 0
29903, 29777240, 1, 0, 0
30023, 29284118, 1, 0, 0
30100, 32266083, 1, 0, 0
30208, 29633636, 1, 0, 0
30300, 27306259, 1, 0, 0
30406, 27106289, 1, 0, 0
30500, 25214315, 1, 0, 0
30616, 28023775, 1, 0, 0
30705, 26974672, 1, 0, 0
30805, 31531482, 1, 0, 0
30911, 28820575, 1, 0, 0
31014, 29323838, 1, 0, 0
31102, 30696907, 1, 0, 0
31205, 23514590, 1, 0, 0
31324, 26804555, 1, 0, 0
31420, 30626308, 1, 0, 0
31522, 62211514, 1, 0, 0
31615, 92976501, 1, 0, 0
31719, 89277370, 1, 0, 0
31820, 94243062, 1, 0, 0
31924, 78388869, 1, 0, 0
32010, 101367979, 1, 0, 0
32131, 132465152, 1, 0, 0
32208, 84096142, 1, 0, 0
32305, 31749238, 1, 0, 0
32401, 28765498, 1, 0, 0
32507, 26581410, 1, 0, 0
32605, 35223300, 1, 0, 0
32708, 31559171, 1, 0, 0
32812, 29316246, 1, 0, 0
32908, 31868154, 1, 0, 0
33010, 27713975, 1, 0, 0
33109, 27645616, 1, 0, 0
33206, 31177286, 1, 0, 0
33307, 29583738, 1, 0, 0
33415, 28460666, 1, 0, 0
33514, 30526917, 1, 0, 0
33610, 32199440, 1, 0, 0
33714, 31108667, 1, 0, 0
33814, 30237557, 1, 0, 0
33909, 31872745, 1, 0, 0
34018, 31266519, 1, 0, 0
34111, 27326636, 1, 0, 0
34208, 34496519, 1, 0, 0
34310, 25995357, 1, 0, 0
34426, 33480268, 1, 0, 0
34515, 34995031, 1, 0, 0
34603, 34757242, 1, 0, 0
34700, 31577726, 1, 0, 0
34804, 31478189, 1, 0, 0
34906, 30103214, 1, 0, 0
35004, 31805376, 1, 0, 0
35104, 31529777, 1, 0, 0
35211, 84994590, 1, 0, 0
35320, 101216660, 1, 0, 0
35427, 102673436, 1, 0, 0
35533, 100599989, 1, 0, 0
35637, 99630528, 1, 0, 0
35743, 97521353, 1, 0, 0
35834, 98682826, 1, 0, 0
35924, 85733598, 1, 0, 0
36015, 66003146, 1, 0, 0
36112, 30056165, 1, 0, 0
36204, 30377728, 1, 0, 0
36307, 27999385, 1, 0, 0
36409, 31121992, 1, 0, 0
36505, 31666134, 1, 0, 0
36615, 29004865, 1, 0, 0
36704, 31697645, 1, 0, 0
36814, 37755639, 1, 0, 0
36906, 37776767, 1, 0, 0
37022, 34615929, 1, 0, 0
37102, 42076438, 1, 0, 0
37201, 39770613, 1, 0, 0
37309, 34969523, 1, 0, 0
37403, 25460154, 1, 0, 0
37524, 30915230, 1, 0, 0
37610, 31765193, 1, 0, 0
37715, 33930839, 1, 0, 0
37809, 26632470, 1, 0, 0
37901, 36777700, 1, 0, 0
38000, 33165822, 1, 0, 0
38103, 27451335, 1, 0, 0
38209, 25162603, 1, 0, 0
38308, 33232187, 1, 0, 0
38408, 35725286, 1, 0, 0
38500, 35148013, 1, 0, 0
38618, 38487989, 1, 0, 0
38781, 88094890, 1, 0, 0
38833, 142962328, 1, 0, 0
38911, 50440388, 1, 0, 0
39043, 71824434, 1, 0, 0
39143, 131754878, 1, 0, 0
39222, 158920876, 1, 0, 0
39340, 158726421, 1, 0, 0
39463, 104383139, 1, 0, 0
39512, 106043223, 1, 0, 0
39604, 42145997, 1, 0, 0
39703, 44286618, 1, 0, 0
39813, 32471613, 1, 0, 0
39914, 37893782, 1, 0, 0
40002, 43442666, 1, 0, 0
40105, 34502926, 1, 0, 0
40216, 40789417, 1, 0, 0
40301, 41710813, 1, 0, 0
40405, 43766519, 1, 0, 0
40507, 32948698, 1, 0, 0
40618, 31518169, 1, 0, 0
40703, 35005841, 1, 0, 0
40825, 28607845, 1, 0, 0
40902, 29148729, 1, 0, 0
41012, 24329757, 1, 0, 0
41116, 33132171, 1, 0, 0
41217, 30133207, 1, 0, 0
41307, 33843249, 1, 0, 0
41422, 32438148, 1, 0, 0
41533, 43699956, 1, 0, 0
41608, 41454435, 1, 0, 0
41738, 43714188, 1, 0, 0
41875, 70898144, 1, 0, 0
41978, 134417622, 1, 0, 0
42055, 171070937, 1, 0, 0
42106, 161001253, 1, 0, 0
42207, 103783663, 1, 0, 0
42311, 86729047, 1, 0, 0
42414, 93439499, 1, 0, 0
42513, 94905773, 1, 0, 0
42650, 80912121, 1, 0, 0
42703, 83899285, 1, 0, 0
42814, 38242102, 1, 0, 0
42903, 30728538, 1, 0, 0
43005, 29963143, 1, 0, 0
43114, 28329532, 1, 0, 0
43212, 35127535, 1, 0, 0
43308, 32289982, 1, 0, 0
43400, 28052542, 1, 0, 0
43503, 29656236, 1, 0, 0
43621, 31493970, 1, 0, 0
43704, 28992188, 1, 0, 0
43810, 32500343, 1, 0, 0
43916, 32217904, 1, 0, 0
44020, 30360456, 1, 0, 0
44105, 32721836, 1, 0, 0
44206, 28715448, 1, 0, 0
44318, 28207894, 1, 0, 0
44422, 45963202, 1, 0, 0
44527, 48672326, 1, 0, 0
44606, 43709342, 1, 0, 0
44707, 42018989, 1, 0, 0
44816, 41959172, 1, 0, 0
44914, 42756593, 1, 0, 0
45011, 37868040, 1, 0, 0
45107, 35207256, 1, 0, 0
45253, 52398673, 1, 0, 0
45339, 122830372, 1, 0, 0
45443, 133719776, 1, 0, 0
45527, 101723449, 1, 0, 0
45608, 134426263, 1, 0, 0
45770, 152628476, 1, 0, 0
45826, 146663819, 1, 0, 0
45906, 129889916, 1, 0, 0
46025, 141476306, 1, 0, 0
46107, 52386181, 1, 0, 0
46212, 46336056, 1, 0, 0
46314, 39132681, 1, 0, 0
46402, 42353531, 1, 0, 0
46518, 41258290, 1, 0, 0
46622, 46228211, 1, 0, 0
46710, 40095961, 1, 0, 0
46801, 47923748, 1, 0, 0
46900, 39773943, 1, 0, 0
47001, 46872713, 1, 0, 0
47108, 40454722, 1, 0, 0
47219, 41398617, 1, 0, 0
47307, 40184118, 1, 0, 0
47408, 46250084, 1, 0, 0
47503, 22956778, 1, 0, 0
47610, 32846295, 1, 0, 0
47710, 30700172, 1, 0, 0
47807, 30794183, 1, 0, 0
47910, 28144782, 1, 0, 0
48004, 29332714, 1, 0, 0
48100, 29813123, 1, 0, 0
48208, 29649344, 1, 0, 0
48300, 28343830, 1, 0, 0
48406, 30364337, 1, 0, 0
48503, 28329886, 1, 0, 0
48613, 30162124, 1, 0, 0
48701, 28097082, 1, 0, 0
48800, 32453200, 1, 0, 0
48903, 94330983, 1, 0, 0
49006, 96640541, 1, 0, 0
49109, 97009435, 1, 0, 0
49212, 97605517, 1, 0, 0
49315, 96892430, 1, 0, 0
49421, 97024360, 1, 0, 0
49512, 98274720, 1, 0, 0
49602, 85845336, 1, 0, 0
49707, 55015847, 1, 0, 0
49807, 31483939, 1, 0, 0
49907, 29723485, 1, 0, 0
50008, 31695624, 1, 0, 0
50105, 31817244, 1, 0, 0
50210, 30637759, 1, 0, 0
50300, 29216852, 1, 0, 0
50420, 31271221, 1, 0, 0
50510, 33867575, 1, 0, 0
50601, 32940526, 1, 0, 0
50710, 30788378, 1, 0, 0
50817, 32468228, 1, 0, 0
50901, 28897418, 1, 0, 0
51008, 33079788, 1, 0, 0
51115, 33533317, 1, 0, 0
51204, 32701093, 1, 0, 0
51316, 30706553, 1, 0, 0
51404, 32767109, 1, 0, 0
51502, 31217216, 1, 0, 0
51607, 33859511, 1, 0, 0
51705, 29521659, 1, 0, 0
51811, 34317712, 1, 0, 0
51900, 43635717, 1, 0, 0
52010, 28412272, 1, 0, 0
52113, 30516806, 1, 0, 0
52204, 38699716, 1, 0, 0
52374, 44077388, 1, 0, 0
52454, 74511394, 1, 0, 0
52508, 78028856, 1, 0, 0
52613, 125531513, 1, 0, 0
52773, 75598734, 1, 0, 0
52857, 96417145, 1, 0, 0
52909, 82024402, 1, 0, 0
53008, 122291675, 1, 0, 0
53105, 62464312, 1, 0, 0
53200, 118288550, 1, 0, 0
53310, 27073620, 1, 0, 0
53420, 24883965, 1, 0, 0
53504, 30432868, 1, 0, 0
53606, 28121379, 1, 0, 0
53714, 41968648, 1, 0, 0
53823, 40648501, 1, 0, 0
53911, 42765746, 1, 0, 0
54014, 44759509, 1, 0, 0
54100, 24714226, 1, 0, 0
54210, 26362488, 1, 0, 0
54300, 25157974, 1, 0, 0
54404, 25383675, 1, 0, 0
54504, 28110520, 1, 0, 0
54614, 26053455, 1, 0, 0
54713, 20502284, 1, 0, 0
54805, 24671681, 1, 0, 0
54904, 29240080, 1, 0, 0
55007, 29225924, 1, 0, 0
55116, 26431147, 1, 0, 0
55200, 26997556, 1, 0, 0
55306, 23961605, 1, 0, 0
55411, 27157823, 1, 0, 0
55503, 39549592, 1, 0, 0
55608, 38076484, 1, 0, 0
55715, 49230408, 1, 0, 0
55865, 47766381, 1, 0, 0
55944, 110117347, 1, 0, 0
56024, 145963975, 1, 0, 0
56162, 133590939, 1, 0, 0
56239, 133099448, 1, 0, 0
56367, 130777481, 1, 0, 0
56445, 125472750, 1, 0, 0
56517, 138785914, 1, 0, 0
56616, 123652618, 1, 0, 0
56715, 106046665, 1, 0, 0
56819, 51551790, 1, 0, 0
56902, 31993385, 1, 0, 0
57011, 31107087, 1, 0, 0
57117, 40657032, 1, 0, 0
57214, 43128509, 1, 0, 0
57307, 45456657, 1, 0, 0
57405, 37146320, 1, 0, 0
57506, 31086585, 1, 0, 0
57608, 30704872, 1, 0, 0
57716, 26724617, 1, 0, 0
57803, 34590346, 1, 0, 0
57908, 28558328, 1, 0, 0
58016, 28014004, 1, 0, 0
58118, 30810512, 1, 0, 0
58204, 33541905, 1, 0, 0
58307, 30917397, 1, 0, 0
58410, 31184828, 1, 0, 0
58510, 32416973, 1, 0, 0
58605, 30767969, 1, 0, 0
58708, 29554619, 1, 0, 0
58807, 31214017, 1, 0, 0
58916, 31167952, 1, 0, 0
59004, 27515190, 1, 0, 0
59105, 31663623, 1, 0, 0
59220, 30102296, 1, 0, 0
59313, 30780129, 1, 0, 0
59418, 32993263, 1, 0, 0
59530, 89984777, 1, 0, 0
59636, 90792016, 1, 0, 0
59746, 100868718, 1, 0, 0
59852, 102457614, 1, 0, 0
59905, 99237057, 1, 0, 0
60011, 99620593, 1, 0, 0
60121, 102710020, 1, 0, 0
60210, 99571317, 1, 0, 0
60307, 42530081, 1, 0, 0
60412, 27081737, 1, 0, 0
60515, 29489117, 1, 0, 0
60614, 28117079, 1, 0, 0
60700, 32571840, 1, 0, 0
60813, 30864965, 1, 0, 0
60900, 31026594, 1, 0, 0
61005, 31805173, 1, 0, 0
61106, 25553757, 1, 0, 0
61215, 28245546, 1, 0, 0
61318, 29756145, 1, 0, 0
61406, 30206805, 1, 0, 0
61512, 32816058, 1, 0, 0
61615, 31877705, 1, 0, 0
61707, 27704980, 1, 0, 0
61801, 33546466, 1, 0, 0
61909, 28338448, 1, 0, 0
62017, 26735879, 1, 0, 0
62104, 27349719, 1, 0, 0
62204, 30470405, 1, 0, 0
62311, 31141267, 1, 0, 0
62410, 29865036, 1, 0, 0
62505, 30503432, 1, 0, 0
62603, 34026218, 1, 0, 0
62716, 29553698, 1, 0, 0
62803, 25131480, 1, 0, 0
62912, 28671155, 1, 0, 0
63031, 39841241, 1, 0, 0
63136, 97874401, 1, 0, 0
63256, 99104844, 1, 0, 0
63320, 99506442, 1, 0, 0
63421, 84215326, 1, 0, 0
63535, 96175072, 1, 0, 0
63603, 64169611, 1, 0, 0
63734, 122321897, 1, 0, 0
63846, 115834328, 1, 0, 0
63907, 91645834, 1, 0, 0
64006, 32909585, 1, 0, 0
64104, 32781596, 1, 0, 0
64217, 33144532, 1, 0, 0
64311, 29924900, 1, 0, 0
64404, 31315751, 1, 0, 0
64511, 31669373, 1, 0, 0
64609, 31535738, 1, 0, 0
64715, 33021840, 1, 0, 0
64815, 31636669, 1, 0, 0
64900, 29520552, 1, 0, 0
65003, 29124866, 1, 0, 0
65103, 30533410, 1, 0, 0
65206, 30480365, 1, 0, 0
65309, 31826930, 1, 0, 0
65418, 33124493, 1, 0, 0
65514, 29814048, 1, 0, 0
65612, 29783103, 1, 0, 0
65701, 31997632, 1, 0, 0
65805, 33221779, 1, 0, 0
65904, 31884550, 1, 0, 0
66002, 31556974, 1, 0, 0
66103, 29807304, 1, 0, 0
66217, 31258066, 1, 0, 0
66305, 29496859, 1, 0, 0
66404, 28971105, 1, 0, 0
66540, 34907736, 1, 0, 0
66644, 70771131, 1, 0, 0
66748, 97864564, 1, 0, 0
66801, 97879000, 1, 0, 0
66932, 121104551, 1, 0, 0
67050, 100564570, 1, 0, 0
67105, 122133109, 1, 0, 0
67211, 113392259, 1, 0, 0
67302, 98198437, 1, 0, 0
67409, 81401863, 1, 0, 0
67503, 31820395, 1, 0, 0
67612, 32731697, 1, 0, 0
67702, 32357798, 1, 0, 0
67805, 31295051, 1, 0, 0
67903, 30818480, 1, 0, 0
68011, 31592344, 1, 0, 0
68102, 34952716, 1, 0, 0
68203, 32436714, 1, 0, 0
68305, 27629812, 1, 0, 0
68406, 32028721, 1, 0, 0
68507, 26142176, 1, 0, 0
68608, 28598343, 1, 0, 0
68711, 29430182, 1, 0, 0
68811, 29865546, 1, 0, 0
68909, 28959056, 1, 0, 0
69015, 28221538, 1, 0, 0
69125, 30411271, 1, 0, 0
69206, 38774240, 1, 0, 0
69312, 32274832, 1, 0, 0
69416, 27902326, 1, 0, 0
69504, 34259656, 1, 0, 0
69604, 27474309, 1, 0, 0
69714, 31420516, 1, 0, 0
69803, 24249188, 1, 0, 0
69900, 29012479, 1, 0, 0
70003, 30179558, 1, 0, 0
70113, 46470836, 1, 0, 0
70220, 74443480, 1, 0, 0
70352, 109577323, 1, 0, 0
70402, 117613894, 1, 0, 0
70520, 110590552, 1, 0, 0
70653, 111687130, 1, 0, 0
70706, 124263931, 1, 0, 0
70821, 108194727, 1, 0, 0
70913, 98378150, 1, 0, 0
71010, 37293300, 1, 0, 0
71106, 31261434, 1, 0, 0
71211, 28100350, 1, 0, 0
71314, 27583740, 1, 0, 0
71407, 29736003, 1, 0, 0
71511, 30930440, 1, 0, 0
71619, 31663395, 1, 0, 0
71706, 31633869, 1, 0, 0
71807, 26044672, 1, 0, 0
71912, 24383100, 1, 0, 0
72016, 24913866, 1, 0, 0
72102, 23603312, 1, 0, 0
72205, 20918233, 1, 0, 0
72307, 23656137, 1, 0, 0
72411, 25315496, 1, 0, 0
72500, 25483276, 1, 0, 0
72606, 25325976, 1, 0, 0
72718, 24847857, 1, 0, 0
72803, 35754461, 1, 0, 0
72913, 36657478, 1, 0, 0
73009, 40076553, 1, 0, 0
73113, 25178209, 1, 0, 0
73212, 23984120, 1, 0, 0
73302, 24352004, 1, 0, 0
73400, 31458791, 1, 0, 0
73502, 29901172, 1, 0, 0
73614, 28786962, 1, 0, 0
73724, 39864092, 1, 0, 0
73831, 93231183, 1, 0, 0
73937, 101846028, 1, 0, 0
74043, 66761379, 1, 0, 0
74155, 100207063, 1, 0, 0
74209, 107711156, 1, 0, 0
74330, 110026527, 1, 0, 0
74446, 106846258, 1, 0, 0
74510, 102679495, 1, 0, 0
74617, 98716004, 1, 0, 0
74700, 31218211, 1, 0, 0
74805, 31178878, 1, 0, 0
74903, 28887082, 1, 0, 0
75013, 33223318, 1, 0, 0
75108, 28823134, 1, 0, 0
75209, 30566094, 1, 0, 0
75310, 32905876, 1, 0, 0
75409, 32607596, 1, 0, 0
75512, 25588565, 1, 0, 0
75602, 31677266, 1, 0, 0
75700, 34082746, 1, 0, 0
75805, 31809353, 1, 0, 0
75918, 26906750, 1, 0, 0
76008, 35073827, 1, 0, 0
76123, 31978321, 1, 0, 0
76209, 26965600, 1, 0, 0
76311, 36036373, 1, 0, 0
76413, 32079902, 1, 0, 0
76503, 29029734, 1, 0, 0
76608, 24985222, 1, 0, 0
76715, 23979530, 1, 0, 0
76825, 27608304, 1, 0, 0
76913, 23169814, 1, 0, 0
77001, 29356008, 1, 0, 0
77109, 25473749, 1, 0, 0
77212, 25843889, 1, 0, 0
77307, 39982144, 1, 0, 0
77441, 119827158, 1, 0, 0
77545, 94336171, 1, 0, 0
77627, 49250736, 1, 0, 0
77755, 81248090, 1, 0, 0
77813, 113373980, 1, 0, 0
77956, 56332044, 1, 0, 0
78011, 81430061, 1, 0, 0
78131, 123128383, 1, 0, 0
78224, 27096269, 1, 0, 0
78304, 25091377, 1, 0, 0
78417, 26089910, 1, 0, 0
78515, 33375710, 1, 0, 0
78606, 34532559, 1, 0, 0
78710, 23413897, 1, 0, 0
78811, 24009999, 1, 0, 0
78914, 23131069, 1, 0, 0
79001, 21830491, 1, 0, 0
79116, 26383885, 1, 0, 0
79201, 31219041, 1, 0, 0
79323, 33339748, 1, 0, 0
79409, 32113532, 1, 0, 0
79511, 23743165, 1, 0, 0
79610, 24258578, 1, 0, 0
79713, 23308894, 1, 0, 0
79813, 24978929, 1, 0, 0
79900, 26767375, 1, 0, 0
80000, 26827110, 1, 0, 0
80103, 27155768, 1, 0, 0
80209, 33171743, 1, 0, 0
80322, 28578339, 1, 0, 0
80401, 32121684, 1, 0, 0
80500, 31650557, 1, 0, 0
80609, 28299165, 1, 0, 0
80704, 32215228, 1, 0, 0
80802, 29107468, 1, 0, 0
80903, 51574656, 1, 0, 0
81009, 95499714, 1, 0, 0
81112, 75099985, 1, 0, 0
81218, 55352986, 1, 0, 0
81324, 99223354, 1, 0, 0
81429, 100265639, 1, 0, 0
81534, 80549499, 1, 0, 0
81626, 86141642, 1, 0, 0
81721, 84655125, 1, 0, 0
81805, 47542359, 1, 0, 0
81902, 27922178, 1, 0, 0
82011, 34181196, 1, 0, 0
82112, 31334819, 1, 0, 0
82214, 32717521, 1, 0, 0
82309, 29998642, 1, 0, 0
82410, 36718607, 1, 0, 0
82517, 32276844, 1, 0, 0
82615, 45840215, 1, 0, 0
82705, 46537948, 1, 0, 0
82806, 42839731, 1, 0, 0
82911, 47950696, 1, 0, 0
83009, 49112597, 1, 0, 0
83103, 44877419, 1, 0, 0
83202, 46725845, 1, 0, 0
83300, 44572179, 1, 0, 0
83400, 46043485, 1, 0, 0
83512, 44300793, 1, 0, 0
83601, 47528935, 1, 0, 0
83712, 45963936, 1, 0, 0
83805, 41228750, 1, 0, 0
83908, 38377974, 1, 0, 0
84003, 37731298, 1, 0, 0
84117, 44975857, 1, 0, 0
84202, 41164155, 1, 0, 0
84367, 48985566, 1, 0, 0
84450, 121588447, 1, 0, 0
84581, 137096838, 1, 0, 0
84635, 131458961, 1, 0, 0
84745, 150551137, 1, 0, 0
84824, 152646356, 1, 0, 0
84908, 129281040, 1, 0, 0
85065, 157584196, 1, 0, 0
85121, 148810909, 1, 0, 0
85218, 90971847, 1, 0, 0
85310, 34718335, 1, 0, 0
85418, 30579068, 1, 0, 0
85503, 45814577, 1, 0, 0
85617, 40478434, 1, 0, 0
85716, 44043558, 1, 0, 0
85816, 41231378, 1, 0, 0
85927, 35638621, 1, 0, 0
86011, 35638429, 1, 0, 0
86103, 33592269, 1, 0, 0
86221, 32678710, 1, 0, 0
86300, 32117484, 1, 0, 0
86409, 29410489, 1, 0, 0
86515, 29035873, 1, 0, 0
86601, 26699480, 1, 0, 0
86713, 29243857, 1, 0, 0
86800, 36494158, 1, 0, 0
86904, 28296043, 1, 0, 0
87001, 28702257, 1, 0, 0
87111, 29702637, 1, 0, 0
87201, 29710567, 1, 0, 0
87310, 29158336, 1, 0, 0
87405, 28987519, 1, 0, 0
87502, 29663819, 1, 0, 0
87603, 29671647, 1, 0, 0
87710, 28328594, 1, 0, 0
87801, 26404896, 1, 0, 0
87946, 59647594, 1, 0, 0
88029, 50411913, 1, 0, 0
88107, 76510399, 1, 0, 0
88239, 79606997, 1, 0, 0
88351, 95885281, 1, 0, 0
88433, 81965560, 1, 0, 0
88524, 119181382, 1, 0, 0
88605, 83335979, 1, 0, 0
88723, 51228110, 1, 0, 0
88804, 41860707, 1, 0, 0
88904, 31021897, 1, 0, 0
89013, 26793201, 1, 0, 0
89121, 25386642, 1, 0, 0
89204, 29114139, 1, 0, 0
89308, 24636282, 1, 0, 0
89412, 23841301, 1, 0, 0
89501, 22321727, 1, 0, 0
89607, 24698034, 1, 0, 0
89712, 26664138, 1, 0, 0
89822, 25932018, 1, 0, 0
89910, 29627371, 1, 0, 0
90009, 25085512, 1, 0, 0
90009, 39440903, 1, 0, 0
