105, 5574, 1, 0, 0
212, 4698, 1, 0, 0
326, 5081, 1, 0, 0
422, 4069, 1, 0, 0
501, 5258, 1, 0, 0
607, 4694, 1, 0, 0
701, 5604, 1, 0, 0
812, 4225, 1, 0, 0
901, 4232, 1, 0, 0
1008, 4735, 1, 0, 0
1113, 4442, 1, 0, 0
1209, 4335, 1, 0, 0
1305, 5973, 1, 0, 0
1404, 5876, 1, 0, 0
1501, 5148, 1, 0, 0
1612, 4639, 1, 0, 0
1706, 4233, 1, 0, 0
1807, 5074, 1, 0, 0
1902, 6105, 1, 0, 0
2004, 4091, 1, 0, 0
2101, 4725, 1, 0, 0
2206, 4324, 1, 0, 0
2303, 4859, 1, 0, 0
2421, 4985, 1, 0, 0
2501, 4951, 1, 0, 0
2607, 4212, 1, 0, 0
2705, 4405, 1, 0, 0
2800, 4358, 1, 0, 0
2900, 6223, 1, 0, 0
3011, 4871, 1, 0, 0
3107, 5880, 1, 0, 0
3217, 4251, 1, 0, 0
3304, 4658, 1, 0, 0
3406, 3910, 1, 0, 0
3508, 3548, 1, 0, 0
3621, 4020, 1, 0, 0
3701, 4322, 1, 0, 0
3833, 10012, 1, 0, 0
3909, 4562, 1, 0, 0
4017, 6367, 1, 0, 0
4136, 5636, 1, 0, 0
4210, 5122, 1, 0, 0
4315, 5221, 1, 0, 0
4413, 5754, 1, 0, 0
4511, 5096, 1, 0, 0
4623, 5237, 1, 0, 0
4704, 4406, 1, 0, 0
4812, 3797, 1, 0, 0
4918, 5664, 1, 0, 0
5000, 4608, 1, 0, 0
5111, 5397, 1, 0, 0
5215, 6870, 1, 0, 0
5307, 7118, 1, 0, 0
5408, 6113, 1, 0, 0
5505, 5331, 1, 0, 0
5604, 4342, 1, 0, 0
5718, 4071, 1, 0, 0
5804, 5609, 1, 0, 0
5904, 5177, 1, 0, 0
6015, 5078, 1, 0, 0
6112, 4908, 1, 0, 0
6225, 5049, 1, 0, 0
6303, 4381, 1, 0, 0
6412, 4966, 1, 0, 0
6512, 4192, 1, 0, 0
6609, 3914, 1, 0, 0
6712, 4612, 1, 0, 0
6808, 3763, 1, 0, 0
6901, 4381, 1, 0, 0
7052, 4166, 1, 0, 0
7103, 8062, 1, 0, 0
7211, 4882, 1, 0, 0
7319, 5255, 1, 0, 0
7425, 4393, 1, 0, 0
7528, 6110, 1, 0, 0
7635, 6712, 1, 0, 0
7732, 3945, 1, 0, 0
7822, 3129, 1, 0, 0
7911, 3489, 1, 0, 0
8011, 3928, 1, 0, 0
8112, 4270, 1, 0, 0
8212, 5195, 1, 0, 0
8307, 5147, 1, 0, 0
8409, 5100, 1, 0, 0
8513, 4627, 1, 0, 0
8613, 4686, 1, 0, 0
8710, 4341, 1, 0, 0
8811, 4368, 1, 0, 0
8904, 4628, 1, 0, 0
9003, 4786, 1, 0, 0
9108, 5039, 1, 0, 0
9209, 4920, 1, 0, 0
9323, 5377, 1, 0, 0
9418, 4399, 1, 0, 0
9505, 6294, 1, 0, 0
9609, 4865, 1, 0, 0
9707, 6102, 1, 0, 0
9801, 5550, 1, 0, 0
9905, 4310, 1, 0, 0
10014, 4297, 1, 0, 0
10103, 5283, 1, 0, 0
10210, 5656, 1, 0, 0
10307, 5290, 1, 0, 0
10406, 4443, 1, 0, 0
10518, 5537, 1, 0, 0
10612, 4664, 1, 0, 0
10741, 4678, 1, 0, 0
10823, 16831, 1, 0, 0
10927, 5144, 1, 0, 0
11006, 5879, 1, 0, 0
11135, 8066, 1, 0, 0
11235, 5100, 1, 0, 0
11305, 4571, 1, 0, 0
11415, 5194, 1, 0, 0
11501, 4775, 1, 0, 0
11605, 4563, 1, 0, 0
11721, 4677, 1, 0, 0
11821, 4127, 1, 0, 0
11911, 4664, 1, 0, 0
12007, 3587, 1, 0, 0
12127, 3865, 1, 0, 0
12215, 4165, 1, 0, 0
12308, 4641, 1, 0, 0
12416, 4812, 1, 0, 0
12512, 4697, 1, 0, 0
12606, 3893, 1, 0, 0
12701, 3969, 1, 0, 0
12818, 4230, 1, 0, 0
12921, 6310, 1, 0, 0
13006, 6433, 1, 0, 0
13120, 4873, 1, 0, 0
13201, 5148, 1, 0, 0
13319, 6112, 1, 0, 0
13411, 4990, 1, 0, 0
13518, 4398, 1, 0, 0
13600, 3817, 1, 0, 0
13705, 3906, 1, 0, 0
13809, 3972, 1, 0, 0
13903, 5167, 1, 0, 0
14026, 4300, 1, 0, 0
14134, 5600, 1, 0, 0
14247, 5526, 1, 0, 0
14302, 9037, 1, 0, 0
14405, 7026, 1, 0, 0
14510, 5180, 1, 0, 0
14612, 6491, 1, 0, 0
14720, 6415, 1, 0, 0
14845, 4613, 1, 0, 0
14910, 6009, 1, 0, 0
15001, 4973, 1, 0, 0
15113, 6471, 1, 0, 0
15218, 3979, 1, 0, 0
15301, 5255, 1, 0, 0
15413, 5384, 1, 0, 0
15506, 5531, 1, 0, 0
15602, 7733, 1, 0, 0
15708, 5065, 1, 0, 0
15810, 5090, 1, 0, 0
15906, 5829, 1, 0, 0
16002, 3642, 1, 0, 0
16101, 4429, 1, 0, 0
16205, 4406, 1, 0, 0
16316, 4394, 1, 0, 0
16412, 4316, 1, 0, 0
16514, 4513, 1, 0, 0
16620, 5046, 1, 0, 0
16700, 4607, 1, 0, 0
16812, 4227, 1, 0, 0
16912, 4690, 1, 0, 0
17004, 4547, 1, 0, 0
17102, 4511, 1, 0, 0
17214, 4200, 1, 0, 0
17315, 3979, 1, 0, 0
17418, 4757, 1, 0, 0
17500, 5242, 1, 0, 0
17609, 5006, 1, 0, 0
17703, 4899, 1, 0, 0
17843, 4584, 1, 0, 0
17954, 4635, 1, 0, 0
18008, 8522, 1, 0, 0
18112, 5979, 1, 0, 0
18222, 4786, 1, 0, 0
18327, 5279, 1, 0, 0
18433, 4085, 1, 0, 0
18540, 5112, 1, 0, 0
18611, 5166, 1, 0, 0
18708, 4881, 1, 0, 0
18807, 5541, 1, 0, 0
18906, 5279, 1, 0, 0
19001, 4259, 1, 0, 0
19118, 5117, 1, 0, 0
19205, 4492, 1, 0, 0
19312, 5206, 1, 0, 0
19407, 5445, 1, 0, 0
19512, 5788, 1, 0, 0
19612, 4655, 1, 0, 0
19702, 4384, 1, 0, 0
19816, 4424, 1, 0, 0
19910, 5873, 1, 0, 0
20008, 5993, 1, 0, 0
20100, 5834, 1, 0, 0
20200, 6214, 1, 0, 0
20301, 5730, 1, 0, 0
20410, 5293, 1, 0, 0
20511, 3582, 1, 0, 0
20617, 5094, 1, 0, 0
20701, 4252, 1, 0, 0
20814, 4565, 1, 0, 0
20900, 4281, 1, 0, 0
21015, 5183, 1, 0, 0
21112, 5097, 1, 0, 0
21207, 3884, 1, 0, 0
21316, 3833, 1, 0, 0
21419, 3988, 1, 0, 0
21527, 4193, 1, 0, 0
21630, 4600, 1, 0, 0
21735, 6789, 1, 0, 0
21840, 3799, 1, 0, 0
21942, 4007, 1, 0, 0
22033, 4834, 1, 0, 0
22123, 4693, 1, 0, 0
22203, 4967, 1, 0, 0
22318, 5097, 1, 0, 0
22415, 5185, 1, 0, 0
22502, 5412, 1, 0, 0
22607, 5786, 1, 0, 0
22702, 5334, 1, 0, 0
22810, 3850, 1, 0, 0
22910, 4185, 1, 0, 0
23005, 6572, 1, 0, 0
23104, 4651, 1, 0, 0
23207, 4895, 1, 0, 0
23314, 5035, 1, 0, 0
23414, 5613, 1, 0, 0
23508, 3531, 1, 0, 0
23610, 4879, 1, 0, 0
23715, 6022, 1, 0, 0
23817, 5997, 1, 0, 0
23924, 5559, 1, 0, 0
24021, 5759, 1, 0, 0
24122, 5967, 1, 0, 0
24223, 6312, 1, 0, 0
24310, 4972, 1, 0, 0
24473, 4777, 1, 0, 0
24577, 8039, 1, 0, 0
24628, 4198, 1, 0, 0
24741, 4057, 1, 0, 0
24841, 4110, 1, 0, 0
24941, 4219, 1, 0, 0
25050, 3677, 1, 0, 0
25106, 8250, 1, 0, 0
25215, 4600, 1, 0, 0
25309, 4789, 1, 0, 0
25420, 4992, 1, 0, 0
25513, 5739, 1, 0, 0
25607, 5883, 1, 0, 0
25717, 4653, 1, 0, 0
25801, 4861, 1, 0, 0
25905, 4927, 1, 0, 0
26007, 4700, 1, 0, 0
26103, 4716, 1, 0, 0
26210, 4930, 1, 0, 0
26312, 5252, 1, 0, 0
26401, 4610, 1, 0, 0
26501, 5597, 1, 0, 0
26615, 4579, 1, 0, 0
26703, 4581, 1, 0, 0
26805, 5062, 1, 0, 0
26906, 4966, 1, 0, 0
27011, 4422, 1, 0, 0
27102, 4835, 1, 0, 0
27202, 5142, 1, 0, 0
27303, 4211, 1, 0, 0
27405, 4539, 1, 0, 0
27506, 5751, 1, 0, 0
27603, 5501, 1, 0, 0
27720, 5072, 1, 0, 0
27805, 4660, 1, 0, 0
27904, 4914, 1, 0, 0
28014, 3309, 1, 0, 0
28125, 3726, 1, 0, 0
28229, 3594, 1, 0, 0
28334, 4718, 1, 0, 0
28439, 3937, 1, 0, 0
28541, 4157, 1, 0, 0
28639, 4737, 1, 0, 0
28731, 6873, 1, 0, 0
28803, 4875, 1, 0, 0
28901, 5913, 1, 0, 0
29012, 3741, 1, 0, 0
29113, 4598, 1, 0, 0
29215, 4381, 1, 0, 0
29317, 3357, 1, 0, 0
29408, 3798, 1, 0, 0
29501, 4655, 1, 0, 0
29616, 5013, 1, 0, 0
29704, 4570, 1, 0, 0
29807, 4067, 1, 0, 0
29910, 4262, 1, 0, 0
30002, 4968, 1, 0, 0
30110, 4318, 1, 0, 0
30205, 5105, 1, 0, 0
30316, 4709, 1, 0, 0
30402, 5341, 1, 0, 0
30510, 3982, 1, 0, 0
30614, 4402, 1, 0, 0
30710, 4677, 1, 0, 0
30807, 4495, 1, 0, 0
30902, 4997, 1, 0, 0
31001, 5146, 1, 0, 0
31103, 5619, 1, 0, 0
31205, 5155, 1, 0, 0
31303, 4596, 1, 0, 0
31424, 4346, 1, 0, 0
31521, 5939, 1, 0, 0
31619, 4614, 1, 0, 0
31722, 3768, 1, 0, 0
31822, 4227, 1, 0, 0
31925, 4637, 1, 0, 0
32038, 4461, 1, 0, 0
32100, 8642, 1, 0, 0
32200, 4413, 1, 0, 0
32308, 5154, 1, 0, 0
32416, 4397, 1, 0, 0
32517, 4239, 1, 0, 0
32615, 4702, 1, 0, 0
32716, 5271, 1, 0, 0
32816, 5150, 1, 0, 0
32916, 5340, 1, 0, 0
33000, 3953, 1, 0, 0
33114, 5123, 1, 0, 0
33215, 4387, 1, 0, 0
33308, 4038, 1, 0, 0
33406, 5102, 1, 0, 0
33508, 5607, 1, 0, 0
33626, 4810, 1, 0, 0
33712, 5462, 1, 0, 0
33810, 4788, 1, 0, 0
33904, 4405, 1, 0, 0
34024, 4029, 1, 0, 0
34111, 4353, 1, 0, 0
34209, 4357, 1, 0, 0
34316, 4737, 1, 0, 0
34420, 5505, 1, 0, 0
34503, 4351, 1, 0, 0
34612, 4626, 1, 0, 0
34701, 5676, 1, 0, 0
34818, 5177, 1, 0, 0
34905, 4406, 1, 0, 0
35015, 5483, 1, 0, 0
35132, 4746, 1, 0, 0
35209, 5975, 1, 0, 0
35374, 5255, 1, 0, 0
35428, 4107, 1, 0, 0
35504, 7736, 1, 0, 0
35639, 3809, 1, 0, 0
35717, 7356, 1, 0, 0
35839, 4320, 1, 0, 0
35928, 4316, 1, 0, 0
36015, 4924, 1, 0, 0
36103, 5543, 1, 0, 0
36204, 4323, 1, 0, 0
36310, 3863, 1, 0, 0
36404, 4486, 1, 0, 0
36500, 4509, 1, 0, 0
36610, 4104, 1, 0, 0
36701, 4231, 1, 0, 0
36803, 6176, 1, 0, 0
36907, 5122, 1, 0, 0
37005, 4438, 1, 0, 0
37119, 4683, 1, 0, 0
37209, 4342, 1, 0, 0
37312, 4090, 1, 0, 0
37400, 4835, 1, 0, 0
37507, 4232, 1, 0, 0
37604, 5085, 1, 0, 0
37716, 5047, 1, 0, 0
37806, 4746, 1, 0, 0
37916, 6859, 1, 0, 0
38007, 5248, 1, 0, 0
38103, 4648, 1, 0, 0
38217, 5739, 1, 0, 0
38302, 5141, 1, 0, 0
38402, 5114, 1, 0, 0
38502, 4461, 1, 0, 0
38627, 4676, 1, 0, 0
38727, 4323, 1, 0, 0
38834, 5760, 1, 0, 0
38939, 5104, 1, 0, 0
39044, 5783, 1, 0, 0
39147, 3566, 1, 0, 0
39250, 5521, 1, 0, 0
39302, 9004, 1, 0, 0
39433, 3706, 1, 0, 0
39506, 5149, 1, 0, 0
39603, 4712, 1, 0, 0
39712, 4455, 1, 0, 0
39800, 3323, 1, 0, 0
39901, 4072, 1, 0, 0
40017, 4173, 1, 0, 0
40115, 3775, 1, 0, 0
40208, 4881, 1, 0, 0
40307, 4517, 1, 0, 0
40403, 3960, 1, 0, 0
40501, 4301, 1, 0, 0
40605, 4771, 1, 0, 0
40701, 4878, 1, 0, 0
40805, 6010, 1, 0, 0
40917, 3801, 1, 0, 0
41011, 4692, 1, 0, 0
41114, 4887, 1, 0, 0
41214, 5048, 1, 0, 0
41322, 4531, 1, 0, 0
41400, 7949, 1, 0, 0
41504, 4961, 1, 0, 0
41609, 6644, 1, 0, 0
41710, 6463, 1, 0, 0
41827, 6292, 1, 0, 0
41903, 10783, 1, 0, 0
42006, 4627, 1, 0, 0
42133, 5372, 1, 0, 0
42235, 3980, 1, 0, 0
42339, 3981, 1, 0, 0
42442, 3868, 1, 0, 0
42548, 6065, 1, 0, 0
42627, 3688, 1, 0, 0
42708, 3834, 1, 0, 0
42808, 4366, 1, 0, 0
42902, 5236, 1, 0, 0
43008, 5304, 1, 0, 0
43103, 4280, 1, 0, 0
43200, 5593, 1, 0, 0
43305, 3544, 1, 0, 0
43406, 5061, 1, 0, 0
43505, 5943, 1, 0, 0
43613, 5240, 1, 0, 0
43707, 5568, 1, 0, 0
43802, 6049, 1, 0, 0
43902, 5047, 1, 0, 0
44019, 4334, 1, 0, 0
44119, 5262, 1, 0, 0
44219, 4465, 1, 0, 0
44310, 4476, 1, 0, 0
44416, 5215, 1, 0, 0
44511, 5045, 1, 0, 0
44600, 5496, 1, 0, 0
44701, 4227, 1, 0, 0
44810, 4780, 1, 0, 0
44900, 4665, 1, 0, 0
45018, 5468, 1, 0, 0
45115, 4233, 1, 0, 0
45281, 3961, 1, 0, 0
45367, 6111, 1, 0, 0
45418, 5199, 1, 0, 0
45525, 6086, 1, 0, 0
45608, 4233, 1, 0, 0
45773, 5088, 1, 0, 0
45825, 3501, 1, 0, 0
45908, 3573, 1, 0, 0
46044, 5578, 1, 0, 0
46114, 4743, 1, 0, 0
46202, 5289, 1, 0, 0
46308, 4762, 1, 0, 0
46417, 4478, 1, 0, 0
46524, 5270, 1, 0, 0
46605, 4802, 1, 0, 0
46707, 4289, 1, 0, 0
46823, 4237, 1, 0, 0
46921, 5128, 1, 0, 0
47004, 4510, 1, 0, 0
47101, 4469, 1, 0, 0
47221, 3587, 1, 0, 0
47300, 5248, 1, 0, 0
47415, 4501, 1, 0, 0
47509, 4783, 1, 0, 0
47617, 4845, 1, 0, 0
47700, 5516, 1, 0, 0
47810, 5833, 1, 0, 0
47904, 5497, 1, 0, 0
48017, 4161, 1, 0, 0
48110, 3926, 1, 0, 0
48214, 3587, 1, 0, 0
48316, 4623, 1, 0, 0
48415, 5076, 1, 0, 0
48510, 4249, 1, 0, 0
48618, 4865, 1, 0, 0
48710, 5380, 1, 0, 0
48854, 3898, 1, 0, 0
48905, 6490, 1, 0, 0
49008, 3415, 1, 0, 0
49113, 3334, 1, 0, 0
49216, 5746, 1, 0, 0
49319, 4107, 1, 0, 0
49422, 5330, 1, 0, 0
49520, 4603, 1, 0, 0
49606, 3464, 1, 0, 0
49714, 4874, 1, 0, 0
49809, 3617, 1, 0, 0
49907, 4988, 1, 0, 0
50009, 4613, 1, 0, 0
50113, 3467, 1, 0, 0
50213, 3703, 1, 0, 0
50303, 3884, 1, 0, 0
50413, 4753, 1, 0, 0
50514, 3180, 1, 0, 0
50618, 3836, 1, 0, 0
50711, 5120, 1, 0, 0
50800, 5441, 1, 0, 0
50903, 6148, 1, 0, 0
51000, 3940, 1, 0, 0
51103, 5291, 1, 0, 0
51215, 4317, 1, 0, 0
51300, 4184, 1, 0, 0
51413, 3390, 1, 0, 0
51502, 4119, 1, 0, 0
51611, 5301, 1, 0, 0
51703, 5002, 1, 0, 0
51801, 4592, 1, 0, 0
51901, 3405, 1, 0, 0
52005, 3568, 1, 0, 0
52105, 6673, 1, 0, 0
52217, 5703, 1, 0, 0
52352, 3616, 1, 0, 0
52402, 3104, 1, 0, 0
52507, 3279, 1, 0, 0
52617, 3705, 1, 0, 0
52724, 7380, 1, 0, 0
52801, 6350, 1, 0, 0
52910, 6135, 1, 0, 0
53017, 5596, 1, 0, 0
53111, 5268, 1, 0, 0
53213, 4653, 1, 0, 0
53301, 4614, 1, 0, 0
53408, 6155, 1, 0, 0
53517, 4965, 1, 0, 0
53605, 5045, 1, 0, 0
53708, 4150, 1, 0, 0
53802, 4751, 1, 0, 0
53917, 5549, 1, 0, 0
54003, 3912, 1, 0, 0
54116, 4109, 1, 0, 0
54211, 5430, 1, 0, 0
54304, 4741, 1, 0, 0
54401, 4955, 1, 0, 0
54510, 5351, 1, 0, 0
54614, 5626, 1, 0, 0
54708, 5573, 1, 0, 0
54800, 3958, 1, 0, 0
54903, 4278, 1, 0, 0
55020, 5658, 1, 0, 0
55101, 5109, 1, 0, 0
55216, 5531, 1, 0, 0
55301, 4476, 1, 0, 0
55400, 5180, 1, 0, 0
55511, 5660, 1, 0, 0
55613, 4620, 1, 0, 0
55701, 4348, 1, 0, 0
55819, 3957, 1, 0, 0
55945, 5747, 1, 0, 0
56024, 9625, 1, 0, 0
56133, 5043, 1, 0, 0
56215, 6486, 1, 0, 0
56342, 4048, 1, 0, 0
56447, 4741, 1, 0, 0
56545, 3715, 1, 0, 0
56645, 3428, 1, 0, 0
56718, 3159, 1, 0, 0
56810, 4114, 1, 0, 0
56902, 5210, 1, 0, 0
57005, 3641, 1, 0, 0
57100, 3969, 1, 0, 0
57201, 4127, 1, 0, 0
57314, 3651, 1, 0, 0
57400, 4418, 1, 0, 0
57510, 3448, 1, 0, 0
57608, 4533, 1, 0, 0
57710, 3852, 1, 0, 0
57810, 4188, 1, 0, 0
57907, 4593, 1, 0, 0
58003, 4839, 1, 0, 0
58112, 3565, 1, 0, 0
58207, 4062, 1, 0, 0
58308, 2792, 1, 0, 0
58411, 3743, 1, 0, 0
58515, 4468, 1, 0, 0
58609, 3412, 1, 0, 0
58708, 4496, 1, 0, 0
58811, 3779, 1, 0, 0
58912, 4406, 1, 0, 0
59003, 3721, 1, 0, 0
59107, 3572, 1, 0, 0
59208, 3833, 1, 0, 0
59301, 3314, 1, 0, 0
59418, 3800, 1, 0, 0
59531, 4864, 1, 0, 0
59638, 4729, 1, 0, 0
59749, 5084, 1, 0, 0
59854, 4271, 1, 0, 0
59906, 4683, 1, 0, 0
60012, 4595, 1, 0, 0
60124, 4705, 1, 0, 0
60225, 4263, 1, 0, 0
60317, 4248, 1, 0, 0
60414, 3455, 1, 0, 0
60513, 5686, 1, 0, 0
60600, 4744, 1, 0, 0
60723, 5299, 1, 0, 0
60807, 4719, 1, 0, 0
60913, 5150, 1, 0, 0
61014, 4260, 1, 0, 0
61106, 5156, 1, 0, 0
61209, 4236, 1, 0, 0
61307, 4508, 1, 0, 0
61401, 4496, 1, 0, 0
61511, 4460, 1, 0, 0
61616, 4477, 1, 0, 0
61708, 5499, 1, 0, 0
61808, 4905, 1, 0, 0
61906, 5516, 1, 0, 0
62016, 3683, 1, 0, 0
62106, 3885, 1, 0, 0
62206, 3623, 1, 0, 0
62305, 5053, 1, 0, 0
62419, 4565, 1, 0, 0
62505, 6118, 1, 0, 0
62600, 4052, 1, 0, 0
62713, 4376, 1, 0, 0
62804, 4593, 1, 0, 0
62900, 5107, 1, 0, 0
63008, 5419, 1, 0, 0
63112, 4991, 1, 0, 0
63226, 4937, 1, 0, 0
63348, 6027, 1, 0, 0
63449, 5200, 1, 0, 0
63500, 4842, 1, 0, 0
63631, 5868, 1, 0, 0
63762, 5243, 1, 0, 0
63817, 5956, 1, 0, 0
63917, 5702, 1, 0, 0
64022, 5189, 1, 0, 0
64111, 4037, 1, 0, 0
64204, 4929, 1, 0, 0
64303, 5468, 1, 0, 0
64426, 4811, 1, 0, 0
64520, 4758, 1, 0, 0
64610, 3992, 1, 0, 0
64718, 5285, 1, 0, 0
64800, 4878, 1, 0, 0
64919, 5179, 1, 0, 0
65013, 5114, 1, 0, 0
65117, 4449, 1, 0, 0
65208, 4000, 1, 0, 0
65304, 3598, 1, 0, 0
65413, 4551, 1, 0, 0
65508, 4601, 1, 0, 0
65624, 4649, 1, 0, 0
65716, 4284, 1, 0, 0
65817, 4926, 1, 0, 0
65906, 4785, 1, 0, 0
66003, 6484, 1, 0, 0
66107, 4724, 1, 0, 0
66206, 4860, 1, 0, 0
66318, 4766, 1, 0, 0
66405, 4693, 1, 0, 0
66513, 5560, 1, 0, 0
66619, 3970, 1, 0, 0
66724, 5218, 1, 0, 0
66829, 4785, 1, 0, 0
66905, 10523, 1, 0, 0
67011, 4175, 1, 0, 0
67133, 4803, 1, 0, 0
67239, 5083, 1, 0, 0
67330, 4339, 1, 0, 0
67414, 5811, 1, 0, 0
67516, 4535, 1, 0, 0
67618, 5537, 1, 0, 0
67702, 4725, 1, 0, 0
67806, 5321, 1, 0, 0
67908, 4690, 1, 0, 0
68023, 4903, 1, 0, 0
68109, 4114, 1, 0, 0
68207, 5098, 1, 0, 0
68311, 4631, 1, 0, 0
68412, 5515, 1, 0, 0
68508, 5384, 1, 0, 0
68609, 4186, 1, 0, 0
68715, 3607, 1, 0, 0
68817, 3740, 1, 0, 0
68908, 4591, 1, 0, 0
69002, 5859, 1, 0, 0
69109, 5207, 1, 0, 0
69211, 5539, 1, 0, 0
69301, 5119, 1, 0, 0
69401, 5094, 1, 0, 0
69520, 5279, 1, 0, 0
69617, 6544, 1, 0, 0
69703, 4855, 1, 0, 0
69816, 5327, 1, 0, 0
69914, 3978, 1, 0, 0
70004, 5635, 1, 0, 0
70120, 5647, 1, 0, 0
70248, 4781, 1, 0, 0
70313, 7663, 1, 0, 0
70430, 4303, 1, 0, 0
70548, 4940, 1, 0, 0
70616, 6064, 1, 0, 0
70734, 4591, 1, 0, 0
70849, 5392, 1, 0, 0
70915, 15792, 1, 0, 0
71003, 5428, 1, 0, 0
71109, 4646, 1, 0, 0
71205, 4459, 1, 0, 0
71302, 5326, 1, 0, 0
71416, 4898, 1, 0, 0
71505, 3796, 1, 0, 0
71606, 5481, 1, 0, 0
71703, 5069, 1, 0, 0
71807, 4766, 1, 0, 0
71908, 4294, 1, 0, 0
72004, 4335, 1, 0, 0
72104, 3929, 1, 0, 0
72207, 4381, 1, 0, 0
72304, 3928, 1, 0, 0
72408, 4647, 1, 0, 0
72501, 3589, 1, 0, 0
72603, 3614, 1, 0, 0
72715, 3736, 1, 0, 0
72801, 4053, 1, 0, 0
72904, 4257, 1, 0, 0
73009, 4260, 1, 0, 0
73107, 4238, 1, 0, 0
73206, 5061, 1, 0, 0
73303, 4343, 1, 0, 0
73418, 4718, 1, 0, 0
73516, 4662, 1, 0, 0
73609, 5792, 1, 0, 0
73702, 5284, 1, 0, 0
73859, 4645, 1, 0, 0
73940, 5343, 1, 0, 0
74071, 5370, 1, 0, 0
74152, 4353, 1, 0, 0
74237, 4766, 1, 0, 0
74330, 5586, 1, 0, 0
74474, 7622, 1, 0, 0
74500, 4519, 1, 0, 0
74626, 5109, 1, 0, 0
74719, 4891, 1, 0, 0
74806, 6006, 1, 0, 0
74920, 6176, 1, 0, 0
75015, 4887, 1, 0, 0
75110, 5036, 1, 0, 0
75206, 4167, 1, 0, 0
75310, 4611, 1, 0, 0
75416, 6723, 1, 0, 0
75505, 5625, 1, 0, 0
75613, 4209, 1, 0, 0
75717, 5295, 1, 0, 0
75809, 5148, 1, 0, 0
75901, 5228, 1, 0, 0
76007, 5322, 1, 0, 0
76111, 4880, 1, 0, 0
76212, 5960, 1, 0, 0
76306, 5148, 1, 0, 0
76407, 5775, 1, 0, 0
76501, 4998, 1, 0, 0
76604, 5762, 1, 0, 0
76715, 5521, 1, 0, 0
76814, 4682, 1, 0, 0
76913, 5024, 1, 0, 0
77003, 6733, 1, 0, 0
77111, 7168, 1, 0, 0
77217, 4661, 1, 0, 0
77338, 4736, 1, 0, 0
77444, 4148, 1, 0, 0
77548, 5539, 1, 0, 0
77602, 5567, 1, 0, 0
77706, 6021, 1, 0, 0
77815, 5819, 1, 0, 0
77928, 4896, 1, 0, 0
78039, 5304, 1, 0, 0
78153, 3606, 1, 0, 0
78200, 5022, 1, 0, 0
78311, 3818, 1, 0, 0
78402, 3514, 1, 0, 0
78502, 4634, 1, 0, 0
78618, 4396, 1, 0, 0
78703, 3836, 1, 0, 0
78803, 5752, 1, 0, 0
78909, 4393, 1, 0, 0
79009, 4315, 1, 0, 0
79110, 5118, 1, 0, 0
79201, 5021, 1, 0, 0
79309, 5126, 1, 0, 0
79416, 5269, 1, 0, 0
79514, 4462, 1, 0, 0
79616, 4535, 1, 0, 0
79711, 4236, 1, 0, 0
79807, 5570, 1, 0, 0
79908, 4596, 1, 0, 0
80016, 3331, 1, 0, 0
80104, 3896, 1, 0, 0
80212, 5516, 1, 0, 0
80308, 7068, 1, 0, 0
80414, 4700, 1, 0, 0
80508, 5758, 1, 0, 0
80606, 5548, 1, 0, 0
80720, 5544, 1, 0, 0
80830, 5515, 1, 0, 0
80931, 5550, 1, 0, 0
81037, 4351, 1, 0, 0
81140, 6048, 1, 0, 0
81254, 5596, 1, 0, 0
81352, 5893, 1, 0, 0
81407, 19388, 1, 0, 0
81509, 6602, 1, 0, 0
81616, 5235, 1, 0, 0
81749, 9669, 1, 0, 0
81800, 5622, 1, 0, 0
81911, 4332, 1, 0, 0
82010, 6705, 1, 0, 0
82104, 4222, 1, 0, 0
82208, 5612, 1, 0, 0
82302, 6655, 1, 0, 0
82408, 5633, 1, 0, 0
82502, 4528, 1, 0, 0
82609, 4330, 1, 0, 0
82712, 6136, 1, 0, 0
82815, 6374, 1, 0, 0
82904, 5735, 1, 0, 0
83011, 5371, 1, 0, 0
83116, 5302, 1, 0, 0
83200, 4913, 1, 0, 0
83304, 3785, 1, 0, 0
83406, 5693, 1, 0, 0
83507, 7284, 1, 0, 0
83600, 5936, 1, 0, 0
83706, 6255, 1, 0, 0
83809, 4271, 1, 0, 0
83918, 4065, 1, 0, 0
84013, 6711, 1, 0, 0
84100, 5295, 1, 0, 0
84207, 4549, 1, 0, 0
84340, 4855, 1, 0, 0
84450, 5678, 1, 0, 0
84502, 9103, 1, 0, 0
84609, 5168, 1, 0, 0
84716, 5500, 1, 0, 0
84826, 3680, 1, 0, 0
84936, 6788, 1, 0, 0
85041, 6369, 1, 0, 0
85149, 5921, 1, 0, 0
85221, 4365, 1, 0, 0
85307, 5126, 1, 0, 0
85410, 5329, 1, 0, 0
85510, 4479, 1, 0, 0
85621, 4890, 1, 0, 0
85700, 5200, 1, 0, 0
85800, 5869, 1, 0, 0
85905, 4430, 1, 0, 0
86005, 5276, 1, 0, 0
86100, 5770, 1, 0, 0
86215, 5370, 1, 0, 0
86312, 5024, 1, 0, 0
86405, 5989, 1, 0, 0
86512, 5357, 1, 0, 0
86616, 4181, 1, 0, 0
86705, 4839, 1, 0, 0
86808, 4594, 1, 0, 0
86913, 3908, 1, 0, 0
87002, 4460, 1, 0, 0
87101, 5037, 1, 0, 0
87210, 4402, 1, 0, 0
87319, 7112, 1, 0, 0
87403, 5748, 1, 0, 0
87512, 4423, 1, 0, 0
87615, 4660, 1, 0, 0
87706, 4128, 1, 0, 0
87810, 5813, 1, 0, 0
87924, 5851, 1, 0, 0
88067, 6035, 1, 0, 0
88135, 2943, 1, 0, 0
88267, 4502, 1, 0, 0
88352, 3705, 1, 0, 0
88433, 3046, 1, 0, 0
88582, 3823, 1, 0, 0
88634, 5301, 1, 0, 0
88701, 4355, 1, 0, 0
88811, 4507, 1, 0, 0
88918, 5681, 1, 0, 0
89014, 5119, 1, 0, 0
89115, 6700, 1, 0, 0
89203, 5298, 1, 0, 0
89309, 3759, 1, 0, 0
89409, 4743, 1, 0, 0
89503, 5829, 1, 0, 0
89608, 4745, 1, 0, 0
89708, 5934, 1, 0, 0
89809, 4500, 1, 0, 0
89909, 4416, 1, 0, 0
90016, 3962, 1, 0, 0
