250, 2428, 0, 0, 0
350, 2660, 0, 0, 0
450, 2960, 0, 0, 0
550, 2690, 0, 0, 0
650, 2770, 0, 0, 0
749, 3070, 0, 0, 0
849, 1680, 0, 0, 0
949, 2500, 0, 0, 0
1050, 2440, 0, 0, 0
1150, 2770, 0, 0, 0
1249, 1717, 0, 0, 0
1349, 2360, 0, 0, 0
1449, 2550, 0, 0, 0
1549, 2380, 0, 0, 0
1649, 2370, 0, 0, 0
1749, 2520, 0, 0, 0
1849, 3310, 0, 0, 0
1949, 2060, 0, 0, 0
2050, 2050, 0, 0, 0
2150, 2290, 0, 0, 0
2250, 2360, 0, 0, 0
2350, 2550, 0, 0, 0
2450, 2350, 0, 0, 0
2550, 2420, 0, 0, 0
2650, 2490, 0, 0, 0
2749, 2616, 0, 0, 0
2849, 2410, 0, 0, 0
2949, 2780, 0, 0, 0
3049, 2590, 0, 0, 0
3149, 2010, 0, 0, 0
3250, 1750, 0, 0, 0
3350, 2710, 0, 0, 0
3450, 2400, 0, 0, 0
3550, 2480, 0, 0, 0
3650, 2370, 0, 0, 0
3749, 1626, 0, 0, 0
3849, 1240, 0, 0, 0
3949, 2550, 0, 0, 0
4049, 2170, 0, 0, 0
4149, 2050, 0, 0, 0
4250, 2370, 0, 0, 0
4350, 2570, 0, 0, 0
4450, 2130, 0, 0, 0
4550, 2230, 0, 0, 0
4650, 2710, 0, 0, 0
4749, 2525, 0, 0, 0
4849, 1890, 0, 0, 0
4949, 2270, 0, 0, 0
5049, 2350, 0, 0, 0
5149, 2090, 0, 0, 0
5249, 1750, 0, 0, 0
5349, 2060, 0, 0, 0
5449, 2380, 0, 0, 0
5550, 1530, 0, 0, 0
5650, 2180, 0, 0, 0
5749, 1828, 0, 0, 0
5849, 2130, 0, 0, 0
5949, 2410, 0, 0, 0
6049, 2660, 0, 0, 0
6149, 2650, 0, 0, 0
6249, 1380, 0, 0, 0
6349, 2160, 0, 0, 0
6449, 1890, 0, 0, 0
6549, 2180, 0, 0, 0
6650, 2260, 0, 0, 0
6750, 1860, 0, 0, 0
6850, 2610, 0, 0, 0
6950, 2220, 0, 0, 0
7050, 2210, 0, 0, 0
7150, 2100, 0, 0, 0
7249, 2373, 0, 0, 0
7349, 2860, 0, 0, 0
7449, 2640, 0, 0, 0
7549, 1240, 0, 0, 0
7649, 2340, 0, 0, 0
7749, 2650, 0, 0, 0
7849, 2360, 0, 0, 0
7950, 1890, 0, 0, 0
8050, 3010, 0, 0, 0
8150, 1650, 0, 0, 0
8249, 2323, 0, 0, 0
8349, 2470, 0, 0, 0
8449, 2500, 0, 0, 0
8549, 2660, 0, 0, 0
8649, 2000, 0, 0, 0
8749, 2040, 0, 0, 0
8849, 2330, 0, 0, 0
8949, 1920, 0, 0, 0
9050, 1950, 0, 0, 0
9150, 2500, 0, 0, 0
9249, 2111, 0, 0, 0
9349, 2580, 0, 0, 0
9449, 2110, 0, 0, 0
9549, 2080, 0, 0, 0
9649, 1600, 0, 0, 0
9749, 2320, 0, 0, 0
9849, 2410, 0, 0, 0
9949, 2360, 0, 0, 0
10049, 1160, 0, 0, 0
10150, 2400, 0, 0, 0
10250, 1920, 0, 0, 0
10350, 2530, 0, 0, 0
10450, 2620, 0, 0, 0
10550, 2820, 0, 0, 0
10650, 1980, 0, 0, 0
10749, 2747, 0, 0, 0
10849, 2480, 0, 0, 0
10949, 2100, 0, 0, 0
11049, 2530, 0, 0, 0
11149, 2140, 0, 0, 0
11250, 1720, 0, 0, 0
11350, 2000, 0, 0, 0
11450, 2620, 0, 0, 0
11550, 2140, 0, 0, 0
11650, 2230, 0, 0, 0
11749, 1949, 0, 0, 0
11849, 2350, 0, 0, 0
11949, 2400, 0, 0, 0
12049, 2490, 0, 0, 0
12149, 1450, 0, 0, 0
12249, 2150, 0, 0, 0
12350, 2480, 0, 0, 0
12450, 1950, 0, 0, 0
12550, 2030, 0, 0, 0
12650, 2350, 0, 0, 0
12749, 2303, 0, 0, 0
12849, 2610, 0, 0, 0
12949, 2160, 0, 0, 0
13049, 2630, 0, 0, 0
13149, 2420, 0, 0, 0
13249, 2650, 0, 0, 0
13349, 2590, 0, 0, 0
13450, 2410, 0, 0, 0
13550, 2260, 0, 0, 0
13650, 2460, 0, 0, 0
13749, 2595, 0, 0, 0
13849, 2690, 0, 0, 0
13949, 2140, 0, 0, 0
14049, 2040, 0, 0, 0
14149, 1850, 0, 0, 0
14249, 2730, 0, 0, 0
14349, 2630, 0, 0, 0
14449, 2460, 0, 0, 0
14550, 2280, 0, 0, 0
14650, 2490, 0, 0, 0
14750, 2170, 0, 0, 0
14850, 1870, 0, 0, 0
14950, 2100, 0, 0, 0
15050, 2040, 0, 0, 0
15150, 2530, 0, 0, 0
15249, 2060, 0, 0, 0
15349, 2670, 0, 0, 0
15449, 2300, 0, 0, 0
15549, 1600, 0, 0, 0
15649, 1820, 0, 0, 0
15750, 2380, 0, 0, 0
15850, 1340, 0, 0, 0
15950, 2430, 0, 0, 0
16050, 2300, 0, 0, 0
16150, 2510, 0, 0, 0
16249, 1505, 0, 0, 0
16349, 2410, 0, 0, 0
16449, 2330, 0, 0, 0
16549, 2520, 0, 0, 0
16649, 2330, 0, 0, 0
16749, 2390, 0, 0, 0
16849, 2550, 0, 0, 0
16949, 2160, 0, 0, 0
17050, 3270, 0, 0, 0
17150, 2130, 0, 0, 0
17249, 2505, 0, 0, 0
17349, 2430, 0, 0, 0
17449, 2550, 0, 0, 0
17549, 2630, 0, 0, 0
17649, 3180, 0, 0, 0
17749, 2880, 0, 0, 0
17849, 2670, 0, 0, 0
17949, 2660, 0, 0, 0
18049, 2630, 0, 0, 0
18149, 2740, 0, 0, 0
18250, 2640, 0, 0, 0
18350, 2550, 0, 0, 0
18450, 1190, 0, 0, 0
18550, 2420, 0, 0, 0
18650, 2780, 0, 0, 0
18749, 2454, 0, 0, 0
18849, 1760, 0, 0, 0
18949, 1640, 0, 0, 0
19049, 2430, 0, 0, 0
19149, 2740, 0, 0, 0
19249, 2380, 0, 0, 0
19349, 1520, 0, 0, 0
19450, 2280, 0, 0, 0
19550, 2780, 0, 0, 0
19650, 2070, 0, 0, 0
19749, 1272, 0, 0, 0
19849, 2050, 0, 0, 0
19949, 2310, 0, 0, 0
20049, 2600, 0, 0, 0
20149, 2380, 0, 0, 0
20249, 2630, 0, 0, 0
20349, 2960, 0, 0, 0
20449, 2640, 0, 0, 0
20550, 2520, 0, 0, 0
20650, 2450, 0, 0, 0
20749, 1585, 0, 0, 0
20849, 2480, 0, 0, 0
20949, 1950, 0, 0, 0
21049, 2230, 0, 0, 0
21149, 2160, 0, 0, 0
21249, 2070, 0, 0, 0
21349, 2050, 0, 0, 0
21449, 1680, 0, 0, 0
21550, 1360, 0, 0, 0
21650, 2500, 0, 0, 0
21750, 2600, 0, 0, 0
21850, 2960, 0, 0, 0
21950, 2740, 0, 0, 0
22050, 2070, 0, 0, 0
22150, 2400, 0, 0, 0
22249, 2545, 0, 0, 0
22349, 2420, 0, 0, 0
22449, 2110, 0, 0, 0
22549, 1910, 0, 0, 0
22649, 1690, 0, 0, 0
22750, 2220, 0, 0, 0
22850, 2370, 0, 0, 0
22950, 1820, 0, 0, 0
23050, 2130, 0, 0, 0
23150, 2420, 0, 0, 0
23249, 2555, 0, 0, 0
23349, 2280, 0, 0, 0
23449, 2590, 0, 0, 0
23549, 1870, 0, 0, 0
23649, 1800, 0, 0, 0
23750, 2290, 0, 0, 0
23850, 1370, 0, 0, 0
23950, 1970, 0, 0, 0
24050, 2760, 0, 0, 0
24150, 1560, 0, 0, 0
24249, 1646, 0, 0, 0
24349, 1090, 0, 0, 0
24449, 2640, 0, 0, 0
24549, 2400, 0, 0, 0
24649, 2440, 0, 0, 0
24749, 2540, 0, 0, 0
24849, 2550, 0, 0, 0
24949, 2560, 0, 0, 0
25050, 2170, 0, 0, 0
25150, 2400, 0, 0, 0
25249, 2444, 0, 0, 0
25349, 2610, 0, 0, 0
25449, 1470, 0, 0, 0
25549, 2630, 0, 0, 0
25649, 2610, 0, 0, 0
25749, 2190, 0, 0, 0
25849, 2240, 0, 0, 0
25949, 2490, 0, 0, 0
26049, 2050, 0, 0, 0
26149, 2080, 0, 0, 0
26250, 780, 0, 0, 0
26350, 2010, 0, 0, 0
26450, 2460, 0, 0, 0
26550, 1900, 0, 0, 0
26650, 2140, 0, 0, 0
26749, 2010, 0, 0, 0
26849, 1960, 0, 0, 0
26949, 1460, 0, 0, 0
27049, 2110, 0, 0, 0
27149, 2260, 0, 0, 0
27249, 1570, 0, 0, 0
27349, 2820, 0, 0, 0
27450, 2620, 0, 0, 0
27550, 2320, 0, 0, 0
27650, 2760, 0, 0, 0
27749, 2626, 0, 0, 0
27849, 2480, 0, 0, 0
27949, 2620, 0, 0, 0
28049, 2150, 0, 0, 0
28149, 2660, 0, 0, 0
28249, 2550, 0, 0, 0
28349, 1780, 0, 0, 0
28449, 2560, 0, 0, 0
28550, 2580, 0, 0, 0
28650, 2410, 0, 0, 0
28750, 2290, 0, 0, 0
28850, 2780, 0, 0, 0
28950, 2400, 0, 0, 0
29050, 3060, 0, 0, 0
29150, 2760, 0, 0, 0
29249, 2686, 0, 0, 0
29349, 2470, 0, 0, 0
29449, 2160, 0, 0, 0
29549, 2610, 0, 0, 0
29649, 2270, 0, 0, 0
29750, 2700, 0, 0, 0
29850, 2430, 0, 0, 0
29950, 2010, 0, 0, 0
30050, 3200, 0, 0, 0
30150, 3060, 0, 0, 0
30249, 2626, 0, 0, 0
30349, 2770, 0, 0, 0
30449, 2580, 0, 0, 0
30549, 2930, 0, 0, 0
30649, 2540, 0, 0, 0
30749, 1790, 0, 0, 0
30849, 2790, 0, 0, 0
30950, 2400, 0, 0, 0
31050, 2910, 0, 0, 0
31150, 2230, 0, 0, 0
31249, 1717, 0, 0, 0
31349, 2420, 0, 0, 0
31449, 3010, 0, 0, 0
31549, 2260, 0, 0, 0
31649, 1740, 0, 0, 0
31749, 1470, 0, 0, 0
31849, 2780, 0, 0, 0
31949, 1280, 0, 0, 0
32050, 2760, 0, 0, 0
32150, 2620, 0, 0, 0
32250, 1800, 0, 0, 0
32350, 1690, 0, 0, 0
32450, 3130, 0, 0, 0
32550, 1970, 0, 0, 0
32650, 2330, 0, 0, 0
32749, 1777, 0, 0, 0
32849, 1480, 0, 0, 0
32949, 3160, 0, 0, 0
33050, 1890, 0, 0, 0
33150, 2880, 0, 0, 0
33250, 2560, 0, 0, 0
33350, 2140, 0, 0, 0
33450, 1690, 0, 0, 0
33550, 2560, 0, 0, 0
33650, 2590, 0, 0, 0
33749, 2313, 0, 0, 0
33849, 2870, 0, 0, 0
33949, 2480, 0, 0, 0
34049, 2360, 0, 0, 0
34150, 1810, 0, 0, 0
34250, 2490, 0, 0, 0
34350, 2010, 0, 0, 0
34450, 2780, 0, 0, 0
34550, 2000, 0, 0, 0
34650, 2690, 0, 0, 0
34749, 2474, 0, 0, 0
34849, 2560, 0, 0, 0
34949, 1050, 0, 0, 0
35049, 880, 0, 0, 0
35149, 2310, 0, 0, 0
35250, 2350, 0, 0, 0
35350, 2020, 0, 0, 0
35450, 1600, 0, 0, 0
35550, 2130, 0, 0, 0
35650, 2010, 0, 0, 0
35749, 2919, 0, 0, 0
35849, 2650, 0, 0, 0
35949, 1730, 0, 0, 0
36049, 2260, 0, 0, 0
36149, 2290, 0, 0, 0
36250, 1760, 0, 0, 0
36350, 2660, 0, 0, 0
36450, 2640, 0, 0, 0
36550, 2070, 0, 0, 0
36650, 2100, 0, 0, 0
36749, 2545, 0, 0, 0
36849, 1720, 0, 0, 0
36949, 2110, 0, 0, 0
37049, 2540, 0, 0, 0
37149, 1850, 0, 0, 0
37249, 2730, 0, 0, 0
37349, 2760, 0, 0, 0
37449, 2360, 0, 0, 0
37550, 2480, 0, 0, 0
37650, 2290, 0, 0, 0
37749, 2141, 0, 0, 0
37849, 2400, 0, 0, 0
37949, 2070, 0, 0, 0
38049, 1990, 0, 0, 0
38149, 2360, 0, 0, 0
38249, 1740, 0, 0, 0
38349, 2710, 0, 0, 0
38449, 2270, 0, 0, 0
38550, 2570, 0, 0, 0
38650, 2490, 0, 0, 0
38750, 2440, 0, 0, 0
38850, 2660, 0, 0, 0
38950, 2350, 0, 0, 0
39050, 2020, 0, 0, 0
39150, 2140, 0, 0, 0
39249, 2313, 0, 0, 0
39349, 1420, 0, 0, 0
39449, 1740, 0, 0, 0
39549, 2090, 0, 0, 0
39650, 2570, 0, 0, 0
39750, 1010, 0, 0, 0
39850, 2070, 0, 0, 0
39950, 2190, 0, 0, 0
40050, 2470, 0, 0, 0
40150, 2370, 0, 0, 0
40249, 2858, 0, 0, 0
40349, 2360, 0, 0, 0
40449, 2510, 0, 0, 0
40549, 1900, 0, 0, 0
40649, 1870, 0, 0, 0
40750, 1740, 0, 0, 0
40850, 1830, 0, 0, 0
40950, 2680, 0, 0, 0
41050, 2890, 0, 0, 0
41150, 1750, 0, 0, 0
41249, 2131, 0, 0, 0
41349, 2650, 0, 0, 0
41449, 2310, 0, 0, 0
41549, 2970, 0, 0, 0
41649, 2350, 0, 0, 0
41749, 2190, 0, 0, 0
41849, 2640, 0, 0, 0
41949, 2290, 0, 0, 0
42050, 2280, 0, 0, 0
42150, 1980, 0, 0, 0
42249, 2444, 0, 0, 0
42349, 2070, 0, 0, 0
42449, 1630, 0, 0, 0
42549, 2210, 0, 0, 0
42649, 1980, 0, 0, 0
42749, 2140, 0, 0, 0
42849, 2260, 0, 0, 0
42949, 2750, 0, 0, 0
43050, 2640, 0, 0, 0
43150, 1660, 0, 0, 0
43250, 2660, 0, 0, 0
43350, 2470, 0, 0, 0
43450, 2140, 0, 0, 0
43550, 2190, 0, 0, 0
43650, 2310, 0, 0, 0
43749, 1464, 0, 0, 0
43849, 1630, 0, 0, 0
43949, 1790, 0, 0, 0
44049, 2510, 0, 0, 0
44150, 2670, 0, 0, 0
44250, 1920, 0, 0, 0
44350, 2140, 0, 0, 0
44450, 2510, 0, 0, 0
44550, 2600, 0, 0, 0
44650, 1870, 0, 0, 0
44749, 2202, 0, 0, 0
44849, 2780, 0, 0, 0
44949, 2880, 0, 0, 0
45049, 2730, 0, 0, 0
45149, 2200, 0, 0, 0
45250, 1990, 0, 0, 0
45350, 1350, 0, 0, 0
45450, 2770, 0, 0, 0
45550, 2660, 0, 0, 0
45650, 2470, 0, 0, 0
45749, 2969, 0, 0, 0
45849, 2420, 0, 0, 0
45949, 2470, 0, 0, 0
46049, 2320, 0, 0, 0
46149, 2350, 0, 0, 0
46249, 1610, 0, 0, 0
46349, 2570, 0, 0, 0
46449, 2130, 0, 0, 0
46550, 2400, 0, 0, 0
46650, 1580, 0, 0, 0
46749, 2080, 0, 0, 0
46849, 1680, 0, 0, 0
46949, 2460, 0, 0, 0
47049, 1780, 0, 0, 0
47149, 2720, 0, 0, 0
47249, 1500, 0, 0, 0
47349, 1770, 0, 0, 0
47449, 1870, 0, 0, 0
47550, 2110, 0, 0, 0
47650, 2600, 0, 0, 0
47749, 2353, 0, 0, 0
47849, 2230, 0, 0, 0
47949, 2510, 0, 0, 0
48049, 2220, 0, 0, 0
48149, 2280, 0, 0, 0
48249, 1560, 0, 0, 0
48349, 1420, 0, 0, 0
48449, 2320, 0, 0, 0
48550, 2320, 0, 0, 0
48650, 2430, 0, 0, 0
48750, 1680, 0, 0, 0
48850, 1480, 0, 0, 0
48950, 2160, 0, 0, 0
49050, 1740, 0, 0, 0
49150, 2420, 0, 0, 0
49249, 2505, 0, 0, 0
49349, 2570, 0, 0, 0
49449, 2510, 0, 0, 0
49549, 2440, 0, 0, 0
49649, 1730, 0, 0, 0
49750, 2470, 0, 0, 0
49850, 2290, 0, 0, 0
49950, 2410, 0, 0, 0
50050, 2150, 0, 0, 0
50150, 2110, 0, 0, 0
50249, 2121, 0, 0, 0
50349, 1940, 0, 0, 0
50449, 2540, 0, 0, 0
50549, 2670, 0, 0, 0
50649, 2830, 0, 0, 0
50749, 2190, 0, 0, 0
50850, 3090, 0, 0, 0
50950, 1910, 0, 0, 0
51050, 2340, 0, 0, 0
51150, 2660, 0, 0, 0
51249, 2424, 0, 0, 0
51349, 2390, 0, 0, 0
51449, 1530, 0, 0, 0
51549, 2530, 0, 0, 0
51649, 1520, 0, 0, 0
51749, 2420, 0, 0, 0
51849, 1660, 0, 0, 0
51949, 2190, 0, 0, 0
52050, 2520, 0, 0, 0
52150, 2560, 0, 0, 0
52250, 2610, 0, 0, 0
52350, 2400, 0, 0, 0
52450, 2190, 0, 0, 0
52550, 2340, 0, 0, 0
52650, 1900, 0, 0, 0
52749, 2242, 0, 0, 0
52849, 2150, 0, 0, 0
52949, 2450, 0, 0, 0
53049, 2320, 0, 0, 0
53150, 2390, 0, 0, 0
53250, 1290, 0, 0, 0
53350, 2050, 0, 0, 0
53450, 2650, 0, 0, 0
53550, 1830, 0, 0, 0
53650, 2410, 0, 0, 0
53749, 2161, 0, 0, 0
53849, 860, 0, 0, 0
53949, 2040, 0, 0, 0
54049, 2670, 0, 0, 0
54149, 1620, 0, 0, 0
54249, 2270, 0, 0, 0
54350, 2690, 0, 0, 0
54450, 1250, 0, 0, 0
54550, 2230, 0, 0, 0
54650, 2830, 0, 0, 0
54749, 2575, 0, 0, 0
54849, 2410, 0, 0, 0
54949, 1820, 0, 0, 0
55049, 2470, 0, 0, 0
55149, 2480, 0, 0, 0
55249, 2910, 0, 0, 0
55349, 2700, 0, 0, 0
55449, 2580, 0, 0, 0
55550, 2430, 0, 0, 0
55650, 2340, 0, 0, 0
55749, 2585, 0, 0, 0
55849, 1720, 0, 0, 0
55949, 2300, 0, 0, 0
56049, 2440, 0, 0, 0
56149, 2290, 0, 0, 0
56249, 2680, 0, 0, 0
56349, 2120, 0, 0, 0
56449, 2540, 0, 0, 0
56549, 2450, 0, 0, 0
56649, 2340, 0, 0, 0
56750, 1850, 0, 0, 0
56850, 2340, 0, 0, 0
56950, 2130, 0, 0, 0
57050, 2530, 0, 0, 0
57150, 2260, 0, 0, 0
57249, 2404, 0, 0, 0
57349, 2280, 0, 0, 0
57449, 2650, 0, 0, 0
57549, 2090, 0, 0, 0
57649, 2420, 0, 0, 0
57749, 2470, 0, 0, 0
57849, 1230, 0, 0, 0
57949, 2700, 0, 0, 0
58050, 2210, 0, 0, 0
58150, 2480, 0, 0, 0
58249, 2484, 0, 0, 0
58349, 2180, 0, 0, 0
58449, 2020, 0, 0, 0
58549, 2580, 0, 0, 0
58649, 2220, 0, 0, 0
58749, 1280, 0, 0, 0
58849, 1570, 0, 0, 0
58949, 2530, 0, 0, 0
59049, 1980, 0, 0, 0
59150, 2370, 0, 0, 0
59250, 2510, 0, 0, 0
59350, 2570, 0, 0, 0
59450, 2400, 0, 0, 0
59550, 2240, 0, 0, 0
59650, 1530, 0, 0, 0
59749, 1595, 0, 0, 0
59849, 1840, 0, 0, 0
59949, 1750, 0, 0, 0
60049, 2240, 0, 0, 0
60149, 2520, 0, 0, 0
60250, 2410, 0, 0, 0
60350, 2480, 0, 0, 0
60450, 1380, 0, 0, 0
60550, 2290, 0, 0, 0
60650, 2020, 0, 0, 0
60749, 2303, 0, 0, 0
60849, 2440, 0, 0, 0
60949, 2760, 0, 0, 0
61049, 2120, 0, 0, 0
61149, 2670, 0, 0, 0
61249, 2450, 0, 0, 0
61349, 1990, 0, 0, 0
61449, 2340, 0, 0, 0
61550, 1420, 0, 0, 0
61650, 2140, 0, 0, 0
61749, 2686, 0, 0, 0
61849, 2600, 0, 0, 0
61949, 2690, 0, 0, 0
62049, 2910, 0, 0, 0
62149, 2530, 0, 0, 0
62249, 2320, 0, 0, 0
62349, 1440, 0, 0, 0
62449, 1390, 0, 0, 0
62549, 1750, 0, 0, 0
62650, 2220, 0, 0, 0
62750, 2530, 0, 0, 0
62850, 2480, 0, 0, 0
62950, 2160, 0, 0, 0
63050, 1980, 0, 0, 0
63150, 2960, 0, 0, 0
63249, 2757, 0, 0, 0
63349, 2240, 0, 0, 0
63449, 2690, 0, 0, 0
63549, 2890, 0, 0, 0
63649, 970, 0, 0, 0
63749, 2520, 0, 0, 0
63850, 1350, 0, 0, 0
63950, 1760, 0, 0, 0
64050, 2350, 0, 0, 0
64150, 1870, 0, 0, 0
64249, 2070, 0, 0, 0
64349, 2020, 0, 0, 0
64449, 1320, 0, 0, 0
64549, 1720, 0, 0, 0
64649, 2500, 0, 0, 0
64749, 1570, 0, 0, 0
64849, 2610, 0, 0, 0
64949, 2520, 0, 0, 0
65050, 2460, 0, 0, 0
65150, 2000, 0, 0, 0
65249, 2272, 0, 0, 0
65349, 1860, 0, 0, 0
65449, 2530, 0, 0, 0
65549, 2620, 0, 0, 0
65649, 2880, 0, 0, 0
65749, 1990, 0, 0, 0
65849, 2680, 0, 0, 0
65949, 2410, 0, 0, 0
66049, 3100, 0, 0, 0
66150, 2200, 0, 0, 0
66250, 2470, 0, 0, 0
66350, 2170, 0, 0, 0
66450, 1830, 0, 0, 0
66550, 1750, 0, 0, 0
66650, 2550, 0, 0, 0
66749, 2404, 0, 0, 0
66849, 2470, 0, 0, 0
66949, 2430, 0, 0, 0
67049, 2450, 0, 0, 0
67149, 2590, 0, 0, 0
67250, 2810, 0, 0, 0
67350, 2580, 0, 0, 0
67450, 2010, 0, 0, 0
67550, 2320, 0, 0, 0
67650, 2100, 0, 0, 0
67749, 2747, 0, 0, 0
67849, 2400, 0, 0, 0
67949, 2090, 0, 0, 0
68049, 2580, 0, 0, 0
68149, 2440, 0, 0, 0
68249, 2330, 0, 0, 0
68349, 1830, 0, 0, 0
68449, 2550, 0, 0, 0
68550, 2540, 0, 0, 0
68650, 2660, 0, 0, 0
68749, 1565, 0, 0, 0
68849, 2340, 0, 0, 0
68949, 1990, 0, 0, 0
69049, 1590, 0, 0, 0
69149, 2490, 0, 0, 0
69249, 2000, 0, 0, 0
69349, 1950, 0, 0, 0
69449, 2510, 0, 0, 0
69549, 2530, 0, 0, 0
69650, 2000, 0, 0, 0
69750, 2070, 0, 0, 0
69850, 1910, 0, 0, 0
69950, 2080, 0, 0, 0
70050, 2660, 0, 0, 0
70150, 2700, 0, 0, 0
70249, 2676, 0, 0, 0
70349, 1940, 0, 0, 0
70449, 1920, 0, 0, 0
70549, 2260, 0, 0, 0
70649, 2180, 0, 0, 0
70750, 1950, 0, 0, 0
70850, 2210, 0, 0, 0
70950, 2350, 0, 0, 0
71050, 1930, 0, 0, 0
71150, 1840, 0, 0, 0
71249, 1767, 0, 0, 0
71349, 950, 0, 0, 0
71449, 2650, 0, 0, 0
71549, 2070, 0, 0, 0
71649, 2680, 0, 0, 0
71749, 2250, 0, 0, 0
71850, 2690, 0, 0, 0
71950, 2470, 0, 0, 0
72050, 2240, 0, 0, 0
72150, 2240, 0, 0, 0
72249, 1242, 0, 0, 0
72349, 2240, 0, 0, 0
72449, 1040, 0, 0, 0
72549, 2070, 0, 0, 0
72649, 1910, 0, 0, 0
72749, 2100, 0, 0, 0
72849, 2040, 0, 0, 0
72949, 2120, 0, 0, 0
73050, 2050, 0, 0, 0
73150, 1980, 0, 0, 0
73250, 2420, 0, 0, 0
73350, 2620, 0, 0, 0
73450, 2160, 0, 0, 0
73550, 1620, 0, 0, 0
73650, 1930, 0, 0, 0
73749, 2545, 0, 0, 0
73849, 1760, 0, 0, 0
73949, 2240, 0, 0, 0
74050, 2620, 0, 0, 0
74150, 2620, 0, 0, 0
74250, 2290, 0, 0, 0
74350, 1230, 0, 0, 0
74450, 2100, 0, 0, 0
74550, 1540, 0, 0, 0
74650, 2000, 0, 0, 0
74749, 1989, 0, 0, 0
74849, 1810, 0, 0, 0
74949, 2010, 0, 0, 0
75049, 1540, 0, 0, 0
75149, 1030, 0, 0, 0
75250, 2610, 0, 0, 0
75350, 2590, 0, 0, 0
75450, 2390, 0, 0, 0
75550, 1710, 0, 0, 0
75650, 2350, 0, 0, 0
75749, 2717, 0, 0, 0
75849, 2470, 0, 0, 0
75949, 2720, 0, 0, 0
76049, 2700, 0, 0, 0
76149, 2470, 0, 0, 0
76250, 1460, 0, 0, 0
76350, 2410, 0, 0, 0
76450, 2310, 0, 0, 0
76550, 2360, 0, 0, 0
76650, 2520, 0, 0, 0
76749, 2818, 0, 0, 0
76849, 2080, 0, 0, 0
76949, 2360, 0, 0, 0
77049, 1850, 0, 0, 0
77149, 2660, 0, 0, 0
77249, 2620, 0, 0, 0
77350, 2440, 0, 0, 0
77450, 2530, 0, 0, 0
77550, 2380, 0, 0, 0
77650, 2490, 0, 0, 0
77749, 2505, 0, 0, 0
77849, 2390, 0, 0, 0
77949, 2370, 0, 0, 0
78049, 2130, 0, 0, 0
78149, 2330, 0, 0, 0
78249, 2130, 0, 0, 0
78349, 2680, 0, 0, 0
78449, 1740, 0, 0, 0
78550, 1730, 0, 0, 0
78650, 1960, 0, 0, 0
78749, 2575, 0, 0, 0
78849, 2500, 0, 0, 0
78949, 2080, 0, 0, 0
79049, 2260, 0, 0, 0
79149, 2100, 0, 0, 0
79249, 2440, 0, 0, 0
79349, 2380, 0, 0, 0
79449, 1210, 0, 0, 0
79550, 2310, 0, 0, 0
79650, 2450, 0, 0, 0
79749, 2383, 0, 0, 0
79849, 2490, 0, 0, 0
79949, 1360, 0, 0, 0
80049, 2020, 0, 0, 0
80149, 2540, 0, 0, 0
80249, 2450, 0, 0, 0
80349, 2510, 0, 0, 0
80449, 2540, 0, 0, 0
80550, 2530, 0, 0, 0
80650, 2380, 0, 0, 0
80749, 1767, 0, 0, 0
80849, 2410, 0, 0, 0
80949, 2260, 0, 0, 0
81049, 2680, 0, 0, 0
81149, 1930, 0, 0, 0
81249, 2420, 0, 0, 0
81349, 1720, 0, 0, 0
81449, 2050, 0, 0, 0
81549, 2660, 0, 0, 0
81650, 2540, 0, 0, 0
81750, 1750, 0, 0, 0
81850, 2040, 0, 0, 0
81950, 2480, 0, 0, 0
82050, 1870, 0, 0, 0
82150, 2480, 0, 0, 0
82249, 2212, 0, 0, 0
82349, 2270, 0, 0, 0
82449, 2280, 0, 0, 0
82549, 2560, 0, 0, 0
82649, 1720, 0, 0, 0
82750, 1520, 0, 0, 0
82850, 1820, 0, 0, 0
82950, 2010, 0, 0, 0
83050, 2310, 0, 0, 0
83150, 2410, 0, 0, 0
83249, 2606, 0, 0, 0
83349, 2380, 0, 0, 0
83449, 2150, 0, 0, 0
83549, 2480, 0, 0, 0
83649, 2270, 0, 0, 0
83749, 1990, 0, 0, 0
83849, 1960, 0, 0, 0
83949, 2710, 0, 0, 0
84050, 2250, 0, 0, 0
84150, 1910, 0, 0, 0
84249, 2555, 0, 0, 0
84349, 2620, 0, 0, 0
84449, 2520, 0, 0, 0
84549, 2360, 0, 0, 0
84649, 1930, 0, 0, 0
84749, 1830, 0, 0, 0
84849, 2180, 0, 0, 0
84949, 2080, 0, 0, 0
85050, 2340, 0, 0, 0
85150, 2220, 0, 0, 0
85250, 1820, 0, 0, 0
85350, 2560, 0, 0, 0
85450, 2450, 0, 0, 0
85550, 2500, 0, 0, 0
85650, 2030, 0, 0, 0
85749, 2050, 0, 0, 0
85849, 2350, 0, 0, 0
85949, 2630, 0, 0, 0
86049, 2550, 0, 0, 0
86149, 2550, 0, 0, 0
86250, 2050, 0, 0, 0
86350, 2580, 0, 0, 0
86450, 2930, 0, 0, 0
86550, 2630, 0, 0, 0
86650, 2360, 0, 0, 0
86749, 1797, 0, 0, 0
86849, 1870, 0, 0, 0
86949, 1970, 0, 0, 0
87049, 1600, 0, 0, 0
87149, 1680, 0, 0, 0
87250, 2430, 0, 0, 0
87350, 1750, 0, 0, 0
87450, 2300, 0, 0, 0
87550, 2410, 0, 0, 0
87650, 1880, 0, 0, 0
87749, 2515, 0, 0, 0
87849, 2540, 0, 0, 0
87949, 1560, 0, 0, 0
88049, 2390, 0, 0, 0
88149, 1990, 0, 0, 0
88249, 2010, 0, 0, 0
88349, 2260, 0, 0, 0
88450, 1650, 0, 0, 0
88550, 2140, 0, 0, 0
88650, 1410, 0, 0, 0
88749, 1484, 0, 0, 0
88849, 2400, 0, 0, 0
88949, 1310, 0, 0, 0
89049, 2630, 0, 0, 0
89149, 2540, 0, 0, 0
89249, 2610, 0, 0, 0
89349, 2360, 0, 0, 0
89449, 2320, 0, 0, 0
89550, 2180, 0, 0, 0
89650, 2310, 0, 0, 0
89749, 1747, 0, 0, 0
89849, 1400, 0, 0, 0
89949, 2150, 0, 0, 0
