100, 1295558, 0, 0, 0
200, 1211361, 0, 0, 0
300, 1099476, 0, 0, 0
400, 1189528, 0, 0, 0
500, 976927, 0, 0, 0
600, 1108842, 0, 0, 0
700, 1048361, 0, 0, 0
800, 1229543, 0, 0, 0
900, 1494420, 0, 0, 0
1000, 1179639, 0, 0, 0
1100, 1184865, 0, 0, 0
1200, 1163557, 0, 0, 0
1300, 1758757, 0, 0, 0
1400, 1211957, 0, 0, 0
1500, 1197554, 0, 0, 0
1600, 1236269, 0, 0, 0
1700, 1392621, 0, 0, 0
1800, 970141, 0, 0, 0
1900, 943402, 0, 0, 0
2000, 2134682, 0, 0, 0
2100, 1124906, 0, 0, 0
2200, 1498190, 0, 0, 0
2300, 1186770, 0, 0, 0
2400, 1183532, 0, 0, 0
2500, 1403887, 0, 0, 0
2600, 1173832, 0, 0, 0
2700, 1149530, 0, 0, 0
2800, 1301217, 0, 0, 0
2900, 1037227, 0, 0, 0
3000, 1095412, 0, 0, 0
3100, 1630486, 0, 0, 0
3200, 1313671, 0, 0, 0
3300, 1438173, 0, 0, 0
3400, 1032510, 0, 0, 0
3500, 1359608, 0, 0, 0
3600, 1314431, 0, 0, 0
3700, 1301435, 0, 0, 0
3801, 2755000, 0, 0, 0
3900, 1491438, 0, 0, 0
4000, 1179986, 0, 0, 0
4100, 1665106, 0, 0, 0
4200, 1248017, 0, 0, 0
4300, 1216323, 0, 0, 0
4400, 1242952, 0, 0, 0
4501, 1517539, 0, 0, 0
4600, 1169276, 0, 0, 0
4700, 1161493, 0, 0, 0
4800, 1402060, 0, 0, 0
4901, 1398428, 0, 0, 0
5000, 1209967, 0, 0, 0
5100, 1561202, 0, 0, 0
5201, 1376447, 0, 0, 0
5301, 1838242, 0, 0, 0
5400, 1226733, 0, 0, 0
5502, 1368243, 0, 0, 0
5600, 1814749, 0, 0, 0
5700, 1736727, 0, 0, 0
5800, 1478809, 0, 0, 0
5900, 1185614, 0, 0, 0
6000, 1184880, 0, 0, 0
6100, 1184948, 0, 0, 0
6202, 1333778, 0, 0, 0
6300, 1986281, 0, 0, 0
6400, 1325260, 0, 0, 0
6500, 1615997, 0, 0, 0
6600, 1279585, 0, 0, 0
6700, 1471548, 0, 0, 0
6800, 1374084, 0, 0, 0
6900, 1262918, 0, 0, 0
7000, 1295731, 0, 0, 0
7100, 1325124, 0, 0, 0
7200, 1540566, 0, 0, 0
7300, 1011535, 0, 0, 0
7400, 1201288, 0, 0, 0
7500, 1528401, 0, 0, 0
7600, 1715081, 0, 0, 0
7700, 1186034, 0, 0, 0
7800, 1272776, 0, 0, 0
7900, 1223763, 0, 0, 0
8000, 1276400, 0, 0, 0
8101, 1198180, 0, 0, 0
8200, 1940013, 0, 0, 0
8300, 1140662, 0, 0, 0
8400, 1215834, 0, 0, 0
8500, 1174630, 0, 0, 0
8600, 1232317, 0, 0, 0
8700, 1744280, 0, 0, 0
8800, 1224081, 0, 0, 0
8900, 1554875, 0, 0, 0
9000, 1405523, 0, 0, 0
9100, 1344057, 0, 0, 0
9200, 1441571, 0, 0, 0
9300, 1149807, 0, 0, 0
9400, 1359845, 0, 0, 0
9500, 1192730, 0, 0, 0
9602, 1825345, 0, 0, 0
9700, 1869498, 0, 0, 0
9800, 1060744, 0, 0, 0
9900, 1415972, 0, 0, 0
10000, 1641038, 0, 0, 0
10100, 1794037, 0, 0, 0
10201, 1298474, 0, 0, 0
10300, 1383046, 0, 0, 0
10400, 1191529, 0, 0, 0
10500, 1124851, 0, 0, 0
10600, 1137822, 0, 0, 0
10700, 1345419, 0, 0, 0
10800, 1113604, 0, 0, 0
10900, 1333789, 0, 0, 0
11000, 1315451, 0, 0, 0
11100, 1264129, 0, 0, 0
11200, 1489870, 0, 0, 0
11300, 1798413, 0, 0, 0
11400, 1197299, 0, 0, 0
11500, 1437241, 0, 0, 0
11601, 1368541, 0, 0, 0
11700, 1285605, 0, 0, 0
11800, 1526122, 0, 0, 0
11900, 1196022, 0, 0, 0
12000, 1309060, 0, 0, 0
12100, 1454597, 0, 0, 0
12200, 1707251, 0, 0, 0
12300, 1227808, 0, 0, 0
12400, 1271116, 0, 0, 0
12500, 1704008, 0, 0, 0
12600, 1238776, 0, 0, 0
12700, 1470825, 0, 0, 0
12800, 1204159, 0, 0, 0
12900, 1128694, 0, 0, 0
13000, 1327027, 0, 0, 0
13100, 1239086, 0, 0, 0
13200, 1193718, 0, 0, 0
13300, 1123975, 0, 0, 0
13400, 1214169, 0, 0, 0
13501, 1361638, 0, 0, 0
13600, 1190853, 0, 0, 0
13700, 1181870, 0, 0, 0
13800, 1130041, 0, 0, 0
13900, 1351723, 0, 0, 0
14000, 1372400, 0, 0, 0
14100, 1393890, 0, 0, 0
14200, 1384833, 0, 0, 0
14300, 1095084, 0, 0, 0
14400, 1188420, 0, 0, 0
14500, 1260112, 0, 0, 0
14600, 1245260, 0, 0, 0
14700, 1333290, 0, 0, 0
14800, 1377752, 0, 0, 0
14900, 1476328, 0, 0, 0
15000, 1858891, 0, 0, 0
15100, 1092620, 0, 0, 0
15200, 1446866, 0, 0, 0
15300, 1214275, 0, 0, 0
15400, 1225976, 0, 0, 0
15500, 1701390, 0, 0, 0
15600, 1592609, 0, 0, 0
15700, 1560126, 0, 0, 0
15800, 1491470, 0, 0, 0
15900, 1422828, 0, 0, 0
16000, 1469204, 0, 0, 0
16100, 1182605, 0, 0, 0
16200, 1417582, 0, 0, 0
16300, 1610494, 0, 0, 0
16400, 1224596, 0, 0, 0
16500, 1538966, 0, 0, 0
16600, 1020928, 0, 0, 0
16700, 1442722, 0, 0, 0
16800, 1202881, 0, 0, 0
16900, 1239887, 0, 0, 0
17000, 1046881, 0, 0, 0
17101, 1213803, 0, 0, 0
17200, 1203106, 0, 0, 0
17300, 1189555, 0, 0, 0
17400, 1308057, 0, 0, 0
17500, 1117049, 0, 0, 0
17600, 997557, 0, 0, 0
17700, 975103, 0, 0, 0
17800, 1123737, 0, 0, 0
17900, 1169637, 0, 0, 0
18000, 1082398, 0, 0, 0
18100, 1131181, 0, 0, 0
18200, 1095696, 0, 0, 0
18300, 1149006, 0, 0, 0
18400, 1689660, 0, 0, 0
18500, 1605317, 0, 0, 0
18600, 1084460, 0, 0, 0
18700, 1209922, 0, 0, 0
18800, 1393214, 0, 0, 0
18901, 2028068, 0, 0, 0
19000, 1460591, 0, 0, 0
19100, 1145938, 0, 0, 0
19200, 1074234, 0, 0, 0
19300, 1556044, 0, 0, 0
19400, 1794754, 0, 0, 0
19500, 1094577, 0, 0, 0
19600, 1239638, 0, 0, 0
19700, 1920355, 0, 0, 0
19800, 1695572, 0, 0, 0
19900, 1295764, 0, 0, 0
20000, 1324822, 0, 0, 0
20101, 1194222, 0, 0, 0
20200, 1238376, 0, 0, 0
20300, 1036537, 0, 0, 0
20400, 1062575, 0, 0, 0
20500, 1206602, 0, 0, 0
20600, 1215832, 0, 0, 0
20700, 1382615, 0, 0, 0
20800, 1584791, 0, 0, 0
20900, 1160336, 0, 0, 0
21000, 1952674, 0, 0, 0
21100, 1282721, 0, 0, 0
21200, 1411915, 0, 0, 0
21300, 1331604, 0, 0, 0
21403, 1559410, 0, 0, 0
21501, 2773825, 0, 0, 0
21600, 1263760, 0, 0, 0
21700, 1340724, 0, 0, 0
21800, 1021739, 0, 0, 0
21900, 1059119, 0, 0, 0
22000, 1110881, 0, 0, 0
22100, 1583703, 0, 0, 0
22200, 1181892, 0, 0, 0
22303, 1229655, 0, 0, 0
22400, 1248144, 0, 0, 0
22500, 1399041, 0, 0, 0
22600, 1746222, 0, 0, 0
22700, 1945659, 0, 0, 0
22800, 1077845, 0, 0, 0
22900, 1791436, 0, 0, 0
23000, 1322589, 0, 0, 0
23100, 1398582, 0, 0, 0
23200, 1189098, 0, 0, 0
23300, 1292137, 0, 0, 0
23400, 1176327, 0, 0, 0
23500, 1183159, 0, 0, 0
23601, 2650841, 0, 0, 0
23700, 1262750, 0, 0, 0
23800, 1540522, 0, 0, 0
23900, 2271333, 0, 0, 0
24000, 1101419, 0, 0, 0
24100, 1326641, 0, 0, 0
24201, 1967322, 0, 0, 0
24301, 2556071, 0, 0, 0
24400, 1371534, 0, 0, 0
24500, 1431220, 0, 0, 0
24600, 1146585, 0, 0, 0
24700, 1188971, 0, 0, 0
24800, 1186040, 0, 0, 0
24900, 1125315, 0, 0, 0
25000, 1325168, 0, 0, 0
25100, 1326358, 0, 0, 0
25200, 1261949, 0, 0, 0
25300, 1149644, 0, 0, 0
25400, 1520649, 0, 0, 0
25500, 1343182, 0, 0, 0
25600, 1195694, 0, 0, 0
25700, 1258279, 0, 0, 0
25800, 1265282, 0, 0, 0
25900, 1302592, 0, 0, 0
26000, 1513743, 0, 0, 0
26100, 1284694, 0, 0, 0
26200, 2162365, 0, 0, 0
26300, 2776978, 0, 0, 0
26400, 1195152, 0, 0, 0
26500, 1512679, 0, 0, 0
26600, 1245051, 0, 0, 0
26700, 1885249, 0, 0, 0
26801, 1126321, 0, 0, 0
26900, 2347677, 0, 0, 0
27000, 1755864, 0, 0, 0
27100, 1402937, 0, 0, 0
27200, 1502859, 0, 0, 0
27300, 1273241, 0, 0, 0
27400, 1049207, 0, 0, 0
27500, 1360855, 0, 0, 0
27600, 1137445, 0, 0, 0
27700, 1066328, 0, 0, 0
27800, 1295926, 0, 0, 0
27900, 1100634, 0, 0, 0
28000, 1199209, 0, 0, 0
28100, 1347289, 0, 0, 0
28200, 1088935, 0, 0, 0
28300, 1558917, 0, 0, 0
28400, 1327680, 0, 0, 0
28500, 1210866, 0, 0, 0
28600, 1098333, 0, 0, 0
28700, 1607489, 0, 0, 0
28800, 1014396, 0, 0, 0
28900, 1182456, 0, 0, 0
29000, 1094039, 0, 0, 0
29100, 1022766, 0, 0, 0
29200, 1143690, 0, 0, 0
29300, 1218112, 0, 0, 0
29400, 1367346, 0, 0, 0
29500, 1090222, 0, 0, 0
29600, 1220554, 0, 0, 0
29700, 1249372, 0, 0, 0
29800, 1176958, 0, 0, 0
29900, 1407803, 0, 0, 0
30000, 1150346, 0, 0, 0
30100, 936298, 0, 0, 0
30200, 1020341, 0, 0, 0
30300, 1199538, 0, 0, 0
30400, 1134878, 0, 0, 0
30500, 1054357, 0, 0, 0
30600, 1063398, 0, 0, 0
30700, 1310212, 0, 0, 0
30800, 1389223, 0, 0, 0
30900, 1094949, 0, 0, 0
31000, 1126969, 0, 0, 0
31100, 1097055, 0, 0, 0
31200, 1777699, 0, 0, 0
31300, 1524932, 0, 0, 0
31400, 1017694, 0, 0, 0
31501, 1150268, 0, 0, 0
31600, 1936293, 0, 0, 0
31701, 1472589, 0, 0, 0
31800, 1472913, 0, 0, 0
31900, 1399807, 0, 0, 0
32000, 1470936, 0, 0, 0
32100, 1192427, 0, 0, 0
32201, 1150436, 0, 0, 0
32300, 2916266, 0, 0, 0
32400, 1038740, 0, 0, 0
32500, 1116172, 0, 0, 0
32600, 1607980, 0, 0, 0
32700, 1397213, 0, 0, 0
32800, 1981637, 0, 0, 0
32900, 1184161, 0, 0, 0
33000, 1188037, 0, 0, 0
33100, 1238998, 0, 0, 0
33200, 1234841, 0, 0, 0
33300, 1064823, 0, 0, 0
33400, 2451105, 0, 0, 0
33500, 1246645, 0, 0, 0
33600, 1145862, 0, 0, 0
33700, 1244494, 0, 0, 0
33800, 1137370, 0, 0, 0
33900, 1174042, 0, 0, 0
34000, 1149207, 0, 0, 0
34100, 1589497, 0, 0, 0
34200, 1305647, 0, 0, 0
34300, 1217093, 0, 0, 0
34400, 1445946, 0, 0, 0
34500, 1104496, 0, 0, 0
34600, 1438108, 0, 0, 0
34700, 1129343, 0, 0, 0
34800, 1162550, 0, 0, 0
34900, 1893875, 0, 0, 0
35009, 3405766, 0, 0, 0
35100, 1679431, 0, 0, 0
35200, 1395563, 0, 0, 0
35300, 1157671, 0, 0, 0
35400, 2028877, 0, 0, 0
35500, 1475051, 0, 0, 0
35600, 1573885, 0, 0, 0
35700, 1148183, 0, 0, 0
35800, 1185450, 0, 0, 0
35900, 1225861, 0, 0, 0
36000, 1686059, 0, 0, 0
36100, 1345803, 0, 0, 0
36200, 1296018, 0, 0, 0
36300, 1477004, 0, 0, 0
36400, 1018513, 0, 0, 0
36500, 1334974, 0, 0, 0
36600, 1895461, 0, 0, 0
36700, 1151861, 0, 0, 0
36800, 1380634, 0, 0, 0
36900, 1814030, 0, 0, 0
37000, 1212680, 0, 0, 0
37100, 1369997, 0, 0, 0
37200, 1237734, 0, 0, 0
37300, 1045112, 0, 0, 0
37400, 1045331, 0, 0, 0
37500, 1756566, 0, 0, 0
37600, 1049157, 0, 0, 0
37700, 1523904, 0, 0, 0
37800, 1412874, 0, 0, 0
37900, 1214247, 0, 0, 0
38000, 1782799, 0, 0, 0
38100, 1215713, 0, 0, 0
38201, 1349799, 0, 0, 0
38300, 1330529, 0, 0, 0
38400, 1296850, 0, 0, 0
38500, 1185686, 0, 0, 0
38600, 1320532, 0, 0, 0
38700, 1122020, 0, 0, 0
38800, 1164950, 0, 0, 0
38900, 1257640, 0, 0, 0
39001, 1420875, 0, 0, 0
39100, 1362661, 0, 0, 0
39200, 1415339, 0, 0, 0
39300, 1550488, 0, 0, 0
39400, 1901862, 0, 0, 0
39500, 1591440, 0, 0, 0
39600, 1235151, 0, 0, 0
39700, 1653081, 0, 0, 0
39800, 2334897, 0, 0, 0
39900, 1237537, 0, 0, 0
40000, 1369277, 0, 0, 0
40100, 1204512, 0, 0, 0
40200, 1149200, 0, 0, 0
40300, 1146553, 0, 0, 0
40400, 1215059, 0, 0, 0
40500, 1421365, 0, 0, 0
40601, 1435719, 0, 0, 0
40700, 1706029, 0, 0, 0
40800, 2052166, 0, 0, 0
40900, 1243325, 0, 0, 0
41000, 1034446, 0, 0, 0
41100, 1244490, 0, 0, 0
41200, 2037454, 0, 0, 0
41300, 1207219, 0, 0, 0
41400, 1062074, 0, 0, 0
41500, 1150988, 0, 0, 0
41600, 1137287, 0, 0, 0
41701, 1211793, 0, 0, 0
41800, 1402321, 0, 0, 0
41900, 1148260, 0, 0, 0
42000, 1344146, 0, 0, 0
42100, 1702294, 0, 0, 0
42200, 1126739, 0, 0, 0
42301, 1429180, 0, 0, 0
42400, 1405892, 0, 0, 0
42500, 1625901, 0, 0, 0
42600, 1841874, 0, 0, 0
42700, 1368975, 0, 0, 0
42800, 1276048, 0, 0, 0
42900, 1221877, 0, 0, 0
43000, 1056903, 0, 0, 0
43100, 1430936, 0, 0, 0
43200, 1465465, 0, 0, 0
43300, 1030856, 0, 0, 0
43400, 1612099, 0, 0, 0
43500, 1356716, 0, 0, 0
43600, 1152076, 0, 0, 0
43701, 2082647, 0, 0, 0
43801, 1516978, 0, 0, 0
43900, 2144269, 0, 0, 0
44000, 1321219, 0, 0, 0
44100, 1175567, 0, 0, 0
44200, 1173690, 0, 0, 0
44300, 1810711, 0, 0, 0
44400, 1249503, 0, 0, 0
44500, 1132332, 0, 0, 0
44600, 1266905, 0, 0, 0
44700, 1809116, 0, 0, 0
44800, 1098276, 0, 0, 0
44900, 1091367, 0, 0, 0
45000, 1014713, 0, 0, 0
45100, 1165121, 0, 0, 0
45200, 1849171, 0, 0, 0
45300, 1553265, 0, 0, 0
45400, 1483718, 0, 0, 0
45500, 1056835, 0, 0, 0
45600, 1236155, 0, 0, 0
45700, 1030107, 0, 0, 0
45800, 1201421, 0, 0, 0
45900, 1185484, 0, 0, 0
46000, 1297537, 0, 0, 0
46100, 1274330, 0, 0, 0
46201, 1599787, 0, 0, 0
46300, 1262098, 0, 0, 0
46400, 1393952, 0, 0, 0
46500, 1319869, 0, 0, 0
46600, 1535339, 0, 0, 0
46700, 1452817, 0, 0, 0
46800, 1769476, 0, 0, 0
46900, 1447330, 0, 0, 0
47000, 1519412, 0, 0, 0
47100, 1220323, 0, 0, 0
47200, 1243620, 0, 0, 0
47300, 2830285, 0, 0, 0
47400, 1493210, 0, 0, 0
47500, 1638866, 0, 0, 0
47600, 1159494, 0, 0, 0
47700, 1200802, 0, 0, 0
47800, 1374823, 0, 0, 0
47900, 1208716, 0, 0, 0
48000, 1191380, 0, 0, 0
48100, 1453494, 0, 0, 0
48202, 1626473, 0, 0, 0
48300, 1801017, 0, 0, 0
48400, 1728307, 0, 0, 0
48500, 1295211, 0, 0, 0
48600, 1165479, 0, 0, 0
48700, 1469330, 0, 0, 0
48801, 2309096, 0, 0, 0
48900, 1419697, 0, 0, 0
49000, 1615050, 0, 0, 0
49100, 1555863, 0, 0, 0
49200, 1144691, 0, 0, 0
49300, 1220419, 0, 0, 0
49400, 1121107, 0, 0, 0
49500, 1165197, 0, 0, 0
49600, 1828874, 0, 0, 0
49700, 1292522, 0, 0, 0
49800, 1297861, 0, 0, 0
49900, 1130854, 0, 0, 0
50000, 1529346, 0, 0, 0
50100, 1236039, 0, 0, 0
50201, 1659152, 0, 0, 0
50300, 1523270, 0, 0, 0
50400, 1221755, 0, 0, 0
50500, 1161831, 0, 0, 0
50600, 1075207, 0, 0, 0
50700, 1161567, 0, 0, 0
50800, 1217345, 0, 0, 0
50900, 1072699, 0, 0, 0
51000, 1537910, 0, 0, 0
51100, 1237443, 0, 0, 0
51200, 1097396, 0, 0, 0
51300, 1217861, 0, 0, 0
51400, 1786428, 0, 0, 0
51500, 1382283, 0, 0, 0
51600, 1502564, 0, 0, 0
51700, 1616910, 0, 0, 0
51800, 1313621, 0, 0, 0
51900, 1674160, 0, 0, 0
52000, 1282195, 0, 0, 0
52100, 1180976, 0, 0, 0
52200, 1136307, 0, 0, 0
52300, 1200745, 0, 0, 0
52400, 1298277, 0, 0, 0
52500, 1312383, 0, 0, 0
52600, 1248099, 0, 0, 0
52700, 2356761, 0, 0, 0
52800, 1052123, 0, 0, 0
52900, 1407031, 0, 0, 0
53000, 1309550, 0, 0, 0
53100, 1154679, 0, 0, 0
53200, 1852322, 0, 0, 0
53300, 1900522, 0, 0, 0
53400, 1170242, 0, 0, 0
53500, 1236392, 0, 0, 0
53600, 1733731, 0, 0, 0
53700, 1142602, 0, 0, 0
53801, 2648146, 0, 0, 0
53900, 2054622, 0, 0, 0
54000, 1171039, 0, 0, 0
54101, 1356122, 0, 0, 0
54200, 1689941, 0, 0, 0
54300, 1175348, 0, 0, 0
54400, 1416614, 0, 0, 0
54500, 2263334, 0, 0, 0
54600, 1033832, 0, 0, 0
54700, 1095606, 0, 0, 0
54800, 1273170, 0, 0, 0
54900, 1434700, 0, 0, 0
55000, 1344483, 0, 0, 0
55100, 1302167, 0, 0, 0
55200, 1006281, 0, 0, 0
55300, 1155836, 0, 0, 0
55400, 1016962, 0, 0, 0
55500, 1387739, 0, 0, 0
55600, 1174365, 0, 0, 0
55700, 1265596, 0, 0, 0
55800, 1459047, 0, 0, 0
55900, 1493883, 0, 0, 0
56000, 1198108, 0, 0, 0
56100, 1271773, 0, 0, 0
56200, 1302537, 0, 0, 0
56300, 1229901, 0, 0, 0
56400, 1229244, 0, 0, 0
56500, 1180375, 0, 0, 0
56600, 1201010, 0, 0, 0
56700, 1698116, 0, 0, 0
56800, 1321784, 0, 0, 0
56900, 1445479, 0, 0, 0
57000, 1127256, 0, 0, 0
57100, 1408759, 0, 0, 0
57200, 1244976, 0, 0, 0
57300, 1327144, 0, 0, 0
57400, 1150925, 0, 0, 0
57500, 1232867, 0, 0, 0
57600, 1311968, 0, 0, 0
57700, 1292772, 0, 0, 0
57800, 1579250, 0, 0, 0
57900, 1424215, 0, 0, 0
58000, 1343236, 0, 0, 0
58100, 1260970, 0, 0, 0
58200, 1252133, 0, 0, 0
58300, 1127407, 0, 0, 0
58400, 1583099, 0, 0, 0
58500, 1310896, 0, 0, 0
58600, 1290256, 0, 0, 0
58701, 1419305, 0, 0, 0
58800, 3152251, 0, 0, 0
58900, 1372709, 0, 0, 0
59001, 1193030, 0, 0, 0
59100, 1572620, 0, 0, 0
59200, 1169580, 0, 0, 0
59300, 1212672, 0, 0, 0
59400, 1217771, 0, 0, 0
59500, 1336456, 0, 0, 0
59600, 1495383, 0, 0, 0
59700, 1834872, 0, 0, 0
59800, 1613042, 0, 0, 0
59900, 2158968, 0, 0, 0
60000, 1295909, 0, 0, 0
60100, 1348390, 0, 0, 0
60200, 1149535, 0, 0, 0
60300, 1277893, 0, 0, 0
60400, 1519715, 0, 0, 0
60500, 1739580, 0, 0, 0
60600, 1393408, 0, 0, 0
60700, 1437918, 0, 0, 0
60800, 1199870, 0, 0, 0
60900, 1119033, 0, 0, 0
61000, 1320177, 0, 0, 0
61100, 1202530, 0, 0, 0
61200, 1104412, 0, 0, 0
61300, 1661460, 0, 0, 0
61400, 1193825, 0, 0, 0
61500, 1672352, 0, 0, 0
61600, 1730521, 0, 0, 0
61700, 1246816, 0, 0, 0
61800, 1087681, 0, 0, 0
61900, 1146133, 0, 0, 0
62000, 1029888, 0, 0, 0
62100, 1142851, 0, 0, 0
62200, 1200161, 0, 0, 0
62300, 1679647, 0, 0, 0
62400, 2337166, 0, 0, 0
62500, 1684924, 0, 0, 0
62600, 1692197, 0, 0, 0
62700, 1190388, 0, 0, 0
62800, 1279990, 0, 0, 0
62900, 1236482, 0, 0, 0
63000, 1527041, 0, 0, 0
63100, 1153170, 0, 0, 0
63200, 1037449, 0, 0, 0
63300, 1193042, 0, 0, 0
63400, 1228085, 0, 0, 0
63500, 1014906, 0, 0, 0
63600, 1675639, 0, 0, 0
63700, 1976577, 0, 0, 0
63800, 1381848, 0, 0, 0
63900, 2030740, 0, 0, 0
64000, 1498409, 0, 0, 0
64100, 1181764, 0, 0, 0
64200, 2275998, 0, 0, 0
64300, 1388716, 0, 0, 0
64400, 1560317, 0, 0, 0
64500, 2038272, 0, 0, 0
64600, 1508966, 0, 0, 0
64700, 1411171, 0, 0, 0
64800, 1367481, 0, 0, 0
64900, 1173268, 0, 0, 0
65000, 1205273, 0, 0, 0
65101, 1490780, 0, 0, 0
65200, 1126283, 0, 0, 0
65300, 1909550, 0, 0, 0
65400, 1185054, 0, 0, 0
65500, 1137192, 0, 0, 0
65600, 1135942, 0, 0, 0
65700, 1261351, 0, 0, 0
65800, 1280977, 0, 0, 0
65900, 1229555, 0, 0, 0
66000, 1033780, 0, 0, 0
66100, 1199319, 0, 0, 0
66200, 1263799, 0, 0, 0
66300, 1222943, 0, 0, 0
66400, 1757948, 0, 0, 0
66500, 1649301, 0, 0, 0
66600, 1190624, 0, 0, 0
66700, 1428325, 0, 0, 0
66800, 1149589, 0, 0, 0
66900, 1273230, 0, 0, 0
67000, 1131462, 0, 0, 0
67100, 1280719, 0, 0, 0
67200, 1165298, 0, 0, 0
67300, 1027751, 0, 0, 0
67400, 1504904, 0, 0, 0
67500, 1122555, 0, 0, 0
67600, 1960398, 0, 0, 0
67700, 1027765, 0, 0, 0
67800, 1192470, 0, 0, 0
67900, 1472122, 0, 0, 0
68000, 1110511, 0, 0, 0
68100, 1283969, 0, 0, 0
68200, 1160902, 0, 0, 0
68301, 1566708, 0, 0, 0
68400, 1359486, 0, 0, 0
68500, 1163655, 0, 0, 0
68600, 1169905, 0, 0, 0
68700, 1427413, 0, 0, 0
68800, 1534651, 0, 0, 0
68900, 1364072, 0, 0, 0
69000, 1703965, 0, 0, 0
69100, 1486863, 0, 0, 0
69201, 1311183, 0, 0, 0
69300, 1378203, 0, 0, 0
69400, 1587068, 0, 0, 0
69500, 1155957, 0, 0, 0
69600, 1206931, 0, 0, 0
69700, 1930116, 0, 0, 0
69800, 1336124, 0, 0, 0
69900, 1635193, 0, 0, 0
70000, 1144121, 0, 0, 0
70100, 1123301, 0, 0, 0
70200, 1152727, 0, 0, 0
70300, 1135340, 0, 0, 0
70400, 1809578, 0, 0, 0
70500, 1515233, 0, 0, 0
70600, 1388273, 0, 0, 0
70700, 1285424, 0, 0, 0
70800, 1471031, 0, 0, 0
70900, 1408986, 0, 0, 0
71000, 1158126, 0, 0, 0
71100, 2007634, 0, 0, 0
71200, 1387174, 0, 0, 0
71300, 3174717, 0, 0, 0
71400, 1521601, 0, 0, 0
71500, 1281950, 0, 0, 0
71600, 1357326, 0, 0, 0
71700, 1155387, 0, 0, 0
71800, 1202899, 0, 0, 0
71900, 1173823, 0, 0, 0
72000, 1228852, 0, 0, 0
72100, 1434539, 0, 0, 0
72200, 1747827, 0, 0, 0
72300, 1538146, 0, 0, 0
72400, 1933711, 0, 0, 0
72500, 2028512, 0, 0, 0
72600, 1346205, 0, 0, 0
72700, 1637071, 0, 0, 0
72800, 1803758, 0, 0, 0
72900, 1207741, 0, 0, 0
73000, 1362476, 0, 0, 0
73100, 1935062, 0, 0, 0
73200, 1190180, 0, 0, 0
73300, 1192370, 0, 0, 0
73400, 1187760, 0, 0, 0
73500, 1856789, 0, 0, 0
73600, 1611737, 0, 0, 0
73700, 1288446, 0, 0, 0
73801, 1265636, 0, 0, 0
73900, 1771834, 0, 0, 0
74000, 1219398, 0, 0, 0
74100, 1156095, 0, 0, 0
74200, 1052791, 0, 0, 0
74300, 2304270, 0, 0, 0
74401, 1523679, 0, 0, 0
74500, 1777812, 0, 0, 0
74600, 1495249, 0, 0, 0
74700, 1813180, 0, 0, 0
74800, 1380484, 0, 0, 0
74900, 2104182, 0, 0, 0
75000, 1351763, 0, 0, 0
75100, 2889400, 0, 0, 0
75200, 1583744, 0, 0, 0
75300, 1142421, 0, 0, 0
75400, 1203690, 0, 0, 0
75501, 1514675, 0, 0, 0
75600, 1425903, 0, 0, 0
75700, 1176740, 0, 0, 0
75800, 1261659, 0, 0, 0
75900, 1029973, 0, 0, 0
76000, 1147225, 0, 0, 0
76100, 1200365, 0, 0, 0
76202, 1342043, 0, 0, 0
76300, 1890337, 0, 0, 0
76400, 1215023, 0, 0, 0
76500, 1405626, 0, 0, 0
76600, 1160108, 0, 0, 0
76700, 1095788, 0, 0, 0
76800, 1137755, 0, 0, 0
76900, 1560403, 0, 0, 0
77000, 1316351, 0, 0, 0
77100, 1315692, 0, 0, 0
77200, 1186646, 0, 0, 0
77300, 1177016, 0, 0, 0
77400, 1182092, 0, 0, 0
77500, 1226723, 0, 0, 0
77600, 1265877, 0, 0, 0
77700, 1210545, 0, 0, 0
77800, 1108394, 0, 0, 0
77900, 1405326, 0, 0, 0
78000, 1276610, 0, 0, 0
78100, 1426606, 0, 0, 0
78200, 1386948, 0, 0, 0
78300, 1114728, 0, 0, 0
78400, 1496577, 0, 0, 0
78500, 1468553, 0, 0, 0
78600, 2164243, 0, 0, 0
78700, 1203056, 0, 0, 0
78800, 1177373, 0, 0, 0
78900, 1376813, 0, 0, 0
79000, 1386167, 0, 0, 0
79100, 1273982, 0, 0, 0
79200, 1331406, 0, 0, 0
79300, 1283452, 0, 0, 0
79400, 1519984, 0, 0, 0
79500, 1891013, 0, 0, 0
79600, 1211012, 0, 0, 0
79700, 1284363, 0, 0, 0
79800, 1189261, 0, 0, 0
79900, 1623643, 0, 0, 0
80000, 2089298, 0, 0, 0
80100, 1187845, 0, 0, 0
80200, 1173796, 0, 0, 0
80300, 1340608, 0, 0, 0
80400, 1095760, 0, 0, 0
80501, 1215201, 0, 0, 0
80600, 1220778, 0, 0, 0
80700, 1311529, 0, 0, 0
80800, 1585417, 0, 0, 0
80900, 1255062, 0, 0, 0
81000, 1230705, 0, 0, 0
81100, 1311875, 0, 0, 0
81200, 1388212, 0, 0, 0
81300, 1278966, 0, 0, 0
81400, 1792833, 0, 0, 0
81503, 1339003, 0, 0, 0
81600, 1081262, 0, 0, 0
81700, 1425468, 0, 0, 0
81800, 1926885, 0, 0, 0
81900, 1145449, 0, 0, 0
82000, 1512794, 0, 0, 0
82100, 1361155, 0, 0, 0
82200, 1220165, 0, 0, 0
82300, 1285594, 0, 0, 0
82400, 1423393, 0, 0, 0
82500, 1208440, 0, 0, 0
82600, 1342366, 0, 0, 0
82700, 1872448, 0, 0, 0
82800, 2090953, 0, 0, 0
82900, 1409689, 0, 0, 0
83000, 1317585, 0, 0, 0
83100, 1351896, 0, 0, 0
83200, 1247993, 0, 0, 0
83300, 1102664, 0, 0, 0
83400, 1392496, 0, 0, 0
83501, 1310292, 0, 0, 0
83600, 1202469, 0, 0, 0
83700, 1355766, 0, 0, 0
83800, 1791986, 0, 0, 0
83900, 1246361, 0, 0, 0
84000, 1192815, 0, 0, 0
84100, 1639847, 0, 0, 0
84200, 1210472, 0, 0, 0
84300, 1145364, 0, 0, 0
84400, 1178747, 0, 0, 0
84500, 1150655, 0, 0, 0
84600, 1695853, 0, 0, 0
84700, 1265626, 0, 0, 0
84800, 1814616, 0, 0, 0
84900, 1457330, 0, 0, 0
85000, 1217347, 0, 0, 0
85100, 1318989, 0, 0, 0
85200, 1664864, 0, 0, 0
85300, 1275522, 0, 0, 0
85400, 1189596, 0, 0, 0
85500, 1215857, 0, 0, 0
85600, 1354319, 0, 0, 0
85700, 1559872, 0, 0, 0
85800, 1288303, 0, 0, 0
85900, 1187196, 0, 0, 0
86000, 1180645, 0, 0, 0
86100, 1128952, 0, 0, 0
86200, 1392397, 0, 0, 0
86300, 1298014, 0, 0, 0
86400, 1053003, 0, 0, 0
86500, 1097344, 0, 0, 0
86600, 1204476, 0, 0, 0
86701, 1287297, 0, 0, 0
86800, 1899317, 0, 0, 0
86900, 1448899, 0, 0, 0
87000, 1659949, 0, 0, 0
87100, 2162551, 0, 0, 0
87200, 1360337, 0, 0, 0
87300, 1543937, 0, 0, 0
87400, 1412749, 0, 0, 0
87500, 1277135, 0, 0, 0
87600, 1291180, 0, 0, 0
87700, 1457681, 0, 0, 0
87800, 1182816, 0, 0, 0
87900, 1541281, 0, 0, 0
88001, 1404824, 0, 0, 0
88100, 1486536, 0, 0, 0
88201, 1584236, 0, 0, 0
88300, 1394310, 0, 0, 0
88401, 1401356, 0, 0, 0
88500, 1464654, 0, 0, 0
88600, 1936982, 0, 0, 0
88700, 2005429, 0, 0, 0
88800, 1499718, 0, 0, 0
88900, 1571730, 0, 0, 0
89000, 1684432, 0, 0, 0
89100, 1102545, 0, 0, 0
89200, 1211387, 0, 0, 0
89300, 1136500, 0, 0, 0
89400, 1374555, 0, 0, 0
89500, 1173078, 0, 0, 0
89600, 1568254, 0, 0, 0
89700, 1233427, 0, 0, 0
89801, 2626052, 0, 0, 0
89900, 1795313, 0, 0, 0
90000, 1172777, 0, 0, 0
90001, 2520548, 0, 0, 0
