100, 7312, 0, 0, 0
200, 7004, 0, 0, 0
300, 6844, 0, 0, 0
400, 7102, 0, 0, 0
500, 7107, 0, 0, 0
600, 6995, 0, 0, 0
700, 6818, 0, 0, 0
800, 6788, 0, 0, 0
900, 7071, 0, 0, 0
1000, 6850, 0, 0, 0
1100, 6867, 0, 0, 0
1200, 6939, 0, 0, 0
1300, 7219, 0, 0, 0
1400, 7182, 0, 0, 0
1500, 7102, 0, 0, 0
1600, 7070, 0, 0, 0
1700, 6926, 0, 0, 0
1800, 6402, 0, 0, 0
1901, 6738, 0, 0, 0
2000, 6518, 0, 0, 0
2100, 7008, 0, 0, 0
2200, 7426, 0, 0, 0
2300, 6462, 0, 0, 0
2400, 7294, 0, 0, 0
2500, 7202, 0, 0, 0
2600, 6796, 0, 0, 0
2700, 6404, 0, 0, 0
2800, 6991, 0, 0, 0
2900, 6849, 0, 0, 0
3000, 6790, 0, 0, 0
3100, 6725, 0, 0, 0
3200, 7581, 0, 0, 0
3300, 7394, 0, 0, 0
3400, 6828, 0, 0, 0
3500, 7157, 0, 0, 0
3600, 7647, 0, 0, 0
3701, 9470, 0, 0, 0
3801, 6839, 0, 0, 0
3900, 7150, 0, 0, 0
4000, 6778, 0, 0, 0
4100, 7347, 0, 0, 0
4200, 7233, 0, 0, 0
4300, 6915, 0, 0, 0
4400, 6953, 0, 0, 0
4501, 7298, 0, 0, 0
4600, 7138, 0, 0, 0
4700, 12228, 0, 0, 0
4800, 8995, 0, 0, 0
4900, 9552, 0, 0, 0
5000, 7458, 0, 0, 0
5100, 6656, 0, 0, 0
5200, 6920, 0, 0, 0
5300, 6689, 0, 0, 0
5400, 6866, 0, 0, 0
5500, 6983, 0, 0, 0
5600, 7234, 0, 0, 0
5700, 7122, 0, 0, 0
5800, 6962, 0, 0, 0
5900, 6774, 0, 0, 0
6003, 7263, 0, 0, 0
6100, 7202, 0, 0, 0
6200, 6934, 0, 0, 0
6300, 6697, 0, 0, 0
6400, 7384, 0, 0, 0
6500, 6749, 0, 0, 0
6600, 6606, 0, 0, 0
6700, 7483, 0, 0, 0
6800, 7455, 0, 0, 0
6900, 12324, 0, 0, 0
7000, 10961, 0, 0, 0
7100, 7017, 0, 0, 0
7200, 6357, 0, 0, 0
7300, 6863, 0, 0, 0
7400, 7308, 0, 0, 0
7500, 6336, 0, 0, 0
7600, 6651, 0, 0, 0
7700, 7298, 0, 0, 0
7800, 7170, 0, 0, 0
7900, 7012, 0, 0, 0
8000, 6703, 0, 0, 0
8100, 6563, 0, 0, 0
8202, 6650, 0, 0, 0
8300, 7628, 0, 0, 0
8400, 7864, 0, 0, 0
8500, 6913, 0, 0, 0
8600, 10619, 0, 0, 0
8700, 7345, 0, 0, 0
8800, 6994, 0, 0, 0
8900, 6776, 0, 0, 0
9000, 6962, 0, 0, 0
9100, 6707, 0, 0, 0
9200, 6921, 0, 0, 0
9300, 7266, 0, 0, 0
9400, 7171, 0, 0, 0
9500, 7179, 0, 0, 0
9600, 6919, 0, 0, 0
9700, 6936, 0, 0, 0
9800, 6813, 0, 0, 0
9900, 7208, 0, 0, 0
10000, 7375, 0, 0, 0
10100, 6680, 0, 0, 0
10200, 6683, 0, 0, 0
10300, 6711, 0, 0, 0
10400, 7078, 0, 0, 0
10500, 6765, 0, 0, 0
10600, 7004, 0, 0, 0
10700, 6700, 0, 0, 0
10800, 7097, 0, 0, 0
10900, 7123, 0, 0, 0
11000, 7346, 0, 0, 0
11100, 6914, 0, 0, 0
11200, 6491, 0, 0, 0
11300, 6697, 0, 0, 0
11400, 6791, 0, 0, 0
11500, 7463, 0, 0, 0
11600, 7198, 0, 0, 0
11700, 7344, 0, 0, 0
11801, 6861, 0, 0, 0
11900, 7016, 0, 0, 0
12000, 6954, 0, 0, 0
12100, 6912, 0, 0, 0
12200, 6895, 0, 0, 0
12300, 6752, 0, 0, 0
12400, 6961, 0, 0, 0
12500, 7601, 0, 0, 0
12600, 7120, 0, 0, 0
12700, 7186, 0, 0, 0
12800, 6969, 0, 0, 0
12900, 7017, 0, 0, 0
13000, 7326, 0, 0, 0
13100, 7162, 0, 0, 0
13201, 7714, 0, 0, 0
13301, 6836, 0, 0, 0
13400, 7581, 0, 0, 0
13500, 7098, 0, 0, 0
13600, 6529, 0, 0, 0
13700, 7027, 0, 0, 0
13800, 6700, 0, 0, 0
13900, 6725, 0, 0, 0
14000, 6494, 0, 0, 0
14100, 7225, 0, 0, 0
14200, 6880, 0, 0, 0
14301, 7153, 0, 0, 0
14400, 6703, 0, 0, 0
14500, 7252, 0, 0, 0
14600, 7341, 0, 0, 0
14700, 7337, 0, 0, 0
14800, 6868, 0, 0, 0
14900, 7011, 0, 0, 0
15000, 6899, 0, 0, 0
15100, 6692, 0, 0, 0
15200, 7048, 0, 0, 0
15300, 6612, 0, 0, 0
15400, 7013, 0, 0, 0
15500, 6544, 0, 0, 0
15600, 6875, 0, 0, 0
15700, 6962, 0, 0, 0
15800, 7010, 0, 0, 0
15900, 6612, 0, 0, 0
16000, 6755, 0, 0, 0
16100, 7044, 0, 0, 0
16200, 7245, 0, 0, 0
16300, 6902, 0, 0, 0
16400, 6549, 0, 0, 0
16500, 7069, 0, 0, 0
16600, 7125, 0, 0, 0
16700, 6792, 0, 0, 0
16800, 7092, 0, 0, 0
16900, 6313, 0, 0, 0
17000, 6764, 0, 0, 0
17100, 7015, 0, 0, 0
17200, 7076, 0, 0, 0
17300, 7251, 0, 0, 0
17401, 7158, 0, 0, 0
17500, 6699, 0, 0, 0
17600, 6732, 0, 0, 0
17700, 6682, 0, 0, 0
17800, 6937, 0, 0, 0
17900, 7031, 0, 0, 0
18000, 7183, 0, 0, 0
18100, 6842, 0, 0, 0
18200, 6887, 0, 0, 0
18300, 6978, 0, 0, 0
18400, 6337, 0, 0, 0
18500, 6697, 0, 0, 0
18600, 7036, 0, 0, 0
18700, 6959, 0, 0, 0
18800, 6857, 0, 0, 0
18900, 6922, 0, 0, 0
19002, 7397, 0, 0, 0
19100, 6361, 0, 0, 0
19200, 6660, 0, 0, 0
19300, 6484, 0, 0, 0
19400, 6657, 0, 0, 0
19500, 6923, 0, 0, 0
19600, 6884, 0, 0, 0
19700, 6189, 0, 0, 0
19800, 7176, 0, 0, 0
19900, 7673, 0, 0, 0
20000, 6897, 0, 0, 0
20100, 6845, 0, 0, 0
20200, 6806, 0, 0, 0
20301, 7384, 0, 0, 0
20400, 6821, 0, 0, 0
20500, 7735, 0, 0, 0
20601, 6723, 0, 0, 0
20700, 7042, 0, 0, 0
20800, 6922, 0, 0, 0
20900, 7279, 0, 0, 0
21000, 6730, 0, 0, 0
21100, 6991, 0, 0, 0
21200, 7310, 0, 0, 0
21300, 7274, 0, 0, 0
21400, 6683, 0, 0, 0
21500, 6310, 0, 0, 0
21600, 6404, 0, 0, 0
21700, 6657, 0, 0, 0
21800, 6852, 0, 0, 0
21900, 6386, 0, 0, 0
22000, 6830, 0, 0, 0
22100, 6694, 0, 0, 0
22200, 6946, 0, 0, 0
22300, 6742, 0, 0, 0
22400, 7118, 0, 0, 0
22500, 7615, 0, 0, 0
22600, 6521, 0, 0, 0
22700, 6763, 0, 0, 0
22800, 7030, 0, 0, 0
22900, 6637, 0, 0, 0
23000, 6925, 0, 0, 0
23100, 6799, 0, 0, 0
23200, 7059, 0, 0, 0
23300, 7145, 0, 0, 0
23400, 7052, 0, 0, 0
23500, 6897, 0, 0, 0
23600, 6866, 0, 0, 0
23700, 6488, 0, 0, 0
23800, 7387, 0, 0, 0
23900, 7063, 0, 0, 0
24000, 7093, 0, 0, 0
24100, 7280, 0, 0, 0
24200, 7370, 0, 0, 0
24300, 6657, 0, 0, 0
24400, 6586, 0, 0, 0
24502, 7312, 0, 0, 0
24600, 6616, 0, 0, 0
24700, 7038, 0, 0, 0
24800, 7077, 0, 0, 0
24900, 6802, 0, 0, 0
25000, 7202, 0, 0, 0
25100, 6999, 0, 0, 0
25200, 6949, 0, 0, 0
25300, 7330, 0, 0, 0
25400, 6841, 0, 0, 0
25500, 7226, 0, 0, 0
25600, 7018, 0, 0, 0
25700, 7060, 0, 0, 0
25800, 6962, 0, 0, 0
25900, 6713, 0, 0, 0
26000, 6731, 0, 0, 0
26100, 6786, 0, 0, 0
26201, 6471, 0, 0, 0
26300, 6988, 0, 0, 0
26400, 7138, 0, 0, 0
26500, 6594, 0, 0, 0
26600, 6811, 0, 0, 0
26700, 6789, 0, 0, 0
26800, 7028, 0, 0, 0
26900, 6354, 0, 0, 0
27000, 7062, 0, 0, 0
27100, 6968, 0, 0, 0
27200, 6743, 0, 0, 0
27300, 7028, 0, 0, 0
27400, 7339, 0, 0, 0
27500, 7388, 0, 0, 0
27600, 6860, 0, 0, 0
27700, 6847, 0, 0, 0
27800, 7078, 0, 0, 0
27900, 6606, 0, 0, 0
28000, 6757, 0, 0, 0
28100, 6756, 0, 0, 0
28200, 6580, 0, 0, 0
28300, 6834, 0, 0, 0
28400, 6720, 0, 0, 0
28500, 6828, 0, 0, 0
28600, 6926, 0, 0, 0
28700, 6745, 0, 0, 0
28800, 6629, 0, 0, 0
28900, 6840, 0, 0, 0
29000, 6984, 0, 0, 0
29100, 6816, 0, 0, 0
29200, 6928, 0, 0, 0
29300, 7151, 0, 0, 0
29401, 6888, 0, 0, 0
29500, 7018, 0, 0, 0
29600, 7276, 0, 0, 0
29700, 6737, 0, 0, 0
29800, 6846, 0, 0, 0
29900, 7519, 0, 0, 0
30001, 6654, 0, 0, 0
30100, 6270, 0, 0, 0
30200, 6966, 0, 0, 0
30300, 7231, 0, 0, 0
30400, 6689, 0, 0, 0
30500, 6204, 0, 0, 0
30600, 6718, 0, 0, 0
30700, 7187, 0, 0, 0
30800, 6786, 0, 0, 0
30900, 7153, 0, 0, 0
31000, 6971, 0, 0, 0
31100, 6531, 0, 0, 0
31200, 7333, 0, 0, 0
31300, 7115, 0, 0, 0
31401, 6898, 0, 0, 0
31500, 6989, 0, 0, 0
31600, 7260, 0, 0, 0
31700, 7322, 0, 0, 0
31800, 7098, 0, 0, 0
31900, 6716, 0, 0, 0
32000, 6397, 0, 0, 0
32100, 7166, 0, 0, 0
32200, 7283, 0, 0, 0
32300, 6332, 0, 0, 0
32401, 6680, 0, 0, 0
32500, 6866, 0, 0, 0
32600, 6941, 0, 0, 0
32700, 6952, 0, 0, 0
32800, 6680, 0, 0, 0
32900, 6566, 0, 0, 0
33000, 6674, 0, 0, 0
33100, 7432, 0, 0, 0
33200, 6841, 0, 0, 0
33300, 7290, 0, 0, 0
33400, 6834, 0, 0, 0
33500, 6936, 0, 0, 0
33600, 7187, 0, 0, 0
33700, 6813, 0, 0, 0
33801, 7511, 0, 0, 0
33900, 6967, 0, 0, 0
34000, 6774, 0, 0, 0
34100, 6791, 0, 0, 0
34200, 6882, 0, 0, 0
34300, 7511, 0, 0, 0
34400, 6845, 0, 0, 0
34500, 7211, 0, 0, 0
34600, 6828, 0, 0, 0
34700, 6631, 0, 0, 0
34800, 6918, 0, 0, 0
34900, 6621, 0, 0, 0
35003, 7171, 0, 0, 0
35100, 7002, 0, 0, 0
35200, 7029, 0, 0, 0
35300, 7023, 0, 0, 0
35400, 6887, 0, 0, 0
35500, 6892, 0, 0, 0
35600, 7018, 0, 0, 0
35700, 7008, 0, 0, 0
35800, 6639, 0, 0, 0
35900, 7268, 0, 0, 0
36000, 6640, 0, 0, 0
36100, 6995, 0, 0, 0
36200, 7092, 0, 0, 0
36300, 7065, 0, 0, 0
36400, 6959, 0, 0, 0
36500, 7009, 0, 0, 0
36600, 6841, 0, 0, 0
36700, 6870, 0, 0, 0
36800, 6607, 0, 0, 0
36900, 6686, 0, 0, 0
37000, 6812, 0, 0, 0
37100, 6878, 0, 0, 0
37200, 7013, 0, 0, 0
37300, 6809, 0, 0, 0
37400, 6913, 0, 0, 0
37500, 6466, 0, 0, 0
37600, 6815, 0, 0, 0
37700, 7148, 0, 0, 0
37800, 6856, 0, 0, 0
37900, 6975, 0, 0, 0
38000, 6862, 0, 0, 0
38100, 6502, 0, 0, 0
38200, 7008, 0, 0, 0
38300, 6552, 0, 0, 0
38401, 6655, 0, 0, 0
38500, 6719, 0, 0, 0
38600, 7176, 0, 0, 0
38700, 7213, 0, 0, 0
38800, 7038, 0, 0, 0
38900, 6518, 0, 0, 0
39000, 6565, 0, 0, 0
39100, 6760, 0, 0, 0
39201, 7135, 0, 0, 0
39300, 6988, 0, 0, 0
39400, 7535, 0, 0, 0
39500, 6934, 0, 0, 0
39600, 7477, 0, 0, 0
39700, 7152, 0, 0, 0
39800, 6765, 0, 0, 0
39900, 7121, 0, 0, 0
40000, 7436, 0, 0, 0
40100, 6996, 0, 0, 0
40200, 6920, 0, 0, 0
40300, 7025, 0, 0, 0
40400, 7400, 0, 0, 0
40500, 6983, 0, 0, 0
40600, 6472, 0, 0, 0
40700, 6721, 0, 0, 0
40800, 7124, 0, 0, 0
40900, 7101, 0, 0, 0
41000, 6696, 0, 0, 0
41100, 7027, 0, 0, 0
41200, 6274, 0, 0, 0
41300, 6324, 0, 0, 0
41400, 6866, 0, 0, 0
41500, 6717, 0, 0, 0
41600, 6954, 0, 0, 0
41700, 7044, 0, 0, 0
41800, 7027, 0, 0, 0
41900, 6949, 0, 0, 0
42000, 6948, 0, 0, 0
42100, 7165, 0, 0, 0
42200, 6538, 0, 0, 0
42300, 6459, 0, 0, 0
42400, 6778, 0, 0, 0
42500, 6883, 0, 0, 0
42600, 6548, 0, 0, 0
42700, 7188, 0, 0, 0
42800, 7575, 0, 0, 0
42900, 6264, 0, 0, 0
43000, 6841, 0, 0, 0
43100, 6635, 0, 0, 0
43200, 7182, 0, 0, 0
43300, 7132, 0, 0, 0
43400, 6527, 0, 0, 0
43500, 7170, 0, 0, 0
43600, 7047, 0, 0, 0
43700, 6699, 0, 0, 0
43800, 6625, 0, 0, 0
43900, 6405, 0, 0, 0
44000, 6792, 0, 0, 0
44100, 6781, 0, 0, 0
44200, 7101, 0, 0, 0
44300, 7180, 0, 0, 0
44400, 6970, 0, 0, 0
44500, 6917, 0, 0, 0
44600, 6682, 0, 0, 0
44700, 7026, 0, 0, 0
44800, 7639, 0, 0, 0
44900, 6369, 0, 0, 0
45000, 7244, 0, 0, 0
45100, 7138, 0, 0, 0
45200, 6643, 0, 0, 0
45300, 6234, 0, 0, 0
45400, 6887, 0, 0, 0
45501, 6725, 0, 0, 0
45600, 7727, 0, 0, 0
45700, 7071, 0, 0, 0
45800, 7286, 0, 0, 0
45900, 6853, 0, 0, 0
46000, 6814, 0, 0, 0
46100, 6819, 0, 0, 0
46201, 6717, 0, 0, 0
46300, 6957, 0, 0, 0
46400, 6914, 0, 0, 0
46500, 7140, 0, 0, 0
46600, 6980, 0, 0, 0
46700, 7528, 0, 0, 0
46800, 7233, 0, 0, 0
46900, 6930, 0, 0, 0
47000, 6422, 0, 0, 0
47100, 7118, 0, 0, 0
47200, 6926, 0, 0, 0
47300, 5765, 0, 0, 0
47400, 6801, 0, 0, 0
47500, 6620, 0, 0, 0
47600, 7156, 0, 0, 0
47700, 6970, 0, 0, 0
47800, 6885, 0, 0, 0
47900, 7071, 0, 0, 0
48000, 6953, 0, 0, 0
48100, 6964, 0, 0, 0
48200, 6914, 0, 0, 0
48300, 6713, 0, 0, 0
48400, 6833, 0, 0, 0
48500, 6954, 0, 0, 0
48602, 7057, 0, 0, 0
48700, 7076, 0, 0, 0
48800, 6386, 0, 0, 0
48900, 7315, 0, 0, 0
49000, 6822, 0, 0, 0
49100, 7052, 0, 0, 0
49200, 7547, 0, 0, 0
49300, 6994, 0, 0, 0
49400, 7045, 0, 0, 0
49500, 7111, 0, 0, 0
49601, 6500, 0, 0, 0
49700, 7212, 0, 0, 0
49800, 7148, 0, 0, 0
49900, 6586, 0, 0, 0
50000, 6690, 0, 0, 0
50100, 6785, 0, 0, 0
50200, 6996, 0, 0, 0
50300, 7093, 0, 0, 0
50400, 6823, 0, 0, 0
50500, 7070, 0, 0, 0
50600, 7122, 0, 0, 0
50700, 6649, 0, 0, 0
50800, 6572, 0, 0, 0
50900, 6794, 0, 0, 0
51000, 6859, 0, 0, 0
51100, 6520, 0, 0, 0
51200, 6799, 0, 0, 0
51300, 6678, 0, 0, 0
51400, 6803, 0, 0, 0
51501, 7015, 0, 0, 0
51600, 6905, 0, 0, 0
51700, 6766, 0, 0, 0
51800, 6805, 0, 0, 0
51900, 6909, 0, 0, 0
52000, 7338, 0, 0, 0
52100, 7279, 0, 0, 0
52200, 6814, 0, 0, 0
52300, 7118, 0, 0, 0
52400, 7137, 0, 0, 0
52500, 6921, 0, 0, 0
52600, 6659, 0, 0, 0
52700, 6738, 0, 0, 0
52800, 6712, 0, 0, 0
52900, 6912, 0, 0, 0
53000, 6654, 0, 0, 0
53100, 7023, 0, 0, 0
53200, 7027, 0, 0, 0
53300, 7002, 0, 0, 0
53400, 7141, 0, 0, 0
53500, 7225, 0, 0, 0
53600, 6923, 0, 0, 0
53700, 7458, 0, 0, 0
53800, 6511, 0, 0, 0
53900, 6308, 0, 0, 0
54000, 6735, 0, 0, 0
54100, 6834, 0, 0, 0
54200, 6827, 0, 0, 0
54300, 6749, 0, 0, 0
54400, 6732, 0, 0, 0
54500, 6591, 0, 0, 0
54600, 6743, 0, 0, 0
54701, 6346, 0, 0, 0
54800, 7164, 0, 0, 0
54900, 6977, 0, 0, 0
55000, 6794, 0, 0, 0
55100, 6890, 0, 0, 0
55200, 6483, 0, 0, 0
55301, 7363, 0, 0, 0
55400, 6654, 0, 0, 0
55500, 7160, 0, 0, 0
55600, 7478, 0, 0, 0
55700, 7221, 0, 0, 0
55800, 6500, 0, 0, 0
55900, 6367, 0, 0, 0
56000, 7135, 0, 0, 0
56100, 7375, 0, 0, 0
56200, 7753, 0, 0, 0
56300, 6605, 0, 0, 0
56400, 7062, 0, 0, 0
56500, 7076, 0, 0, 0
56600, 7175, 0, 0, 0
56700, 6685, 0, 0, 0
56800, 7007, 0, 0, 0
56900, 7147, 0, 0, 0
57000, 6594, 0, 0, 0
57100, 6890, 0, 0, 0
57200, 6918, 0, 0, 0
57300, 6995, 0, 0, 0
57400, 6624, 0, 0, 0
57500, 7254, 0, 0, 0
57600, 6785, 0, 0, 0
57700, 6656, 0, 0, 0
57800, 5956, 0, 0, 0
57900, 6466, 0, 0, 0
58000, 6930, 0, 0, 0
58100, 7160, 0, 0, 0
58200, 7187, 0, 0, 0
58300, 7337, 0, 0, 0
58400, 6729, 0, 0, 0
58500, 6471, 0, 0, 0
58600, 6976, 0, 0, 0
58700, 6587, 0, 0, 0
58800, 5703, 0, 0, 0
58900, 6618, 0, 0, 0
59000, 7061, 0, 0, 0
59100, 6658, 0, 0, 0
59200, 6973, 0, 0, 0
59300, 7647, 0, 0, 0
59400, 7169, 0, 0, 0
59500, 7124, 0, 0, 0
59600, 6863, 0, 0, 0
59700, 6890, 0, 0, 0
59800, 6582, 0, 0, 0
59900, 6363, 0, 0, 0
60000, 6777, 0, 0, 0
60100, 7340, 0, 0, 0
60200, 6919, 0, 0, 0
60300, 7120, 0, 0, 0
60400, 7383, 0, 0, 0
60500, 6045, 0, 0, 0
60600, 7099, 0, 0, 0
60700, 6893, 0, 0, 0
60800, 7276, 0, 0, 0
60900, 6556, 0, 0, 0
61000, 6384, 0, 0, 0
61100, 7300, 0, 0, 0
61200, 7186, 0, 0, 0
61301, 6809, 0, 0, 0
61400, 6972, 0, 0, 0
61500, 7290, 0, 0, 0
61600, 7173, 0, 0, 0
61700, 6822, 0, 0, 0
61800, 6752, 0, 0, 0
61900, 6664, 0, 0, 0
62000, 7274, 0, 0, 0
62100, 7349, 0, 0, 0
62201, 6843, 0, 0, 0
62300, 6848, 0, 0, 0
62400, 6239, 0, 0, 0
62500, 6769, 0, 0, 0
62600, 6783, 0, 0, 0
62700, 7380, 0, 0, 0
62800, 7199, 0, 0, 0
62900, 6675, 0, 0, 0
63000, 6847, 0, 0, 0
63100, 5947, 0, 0, 0
63201, 6496, 0, 0, 0
63300, 6993, 0, 0, 0
63400, 6861, 0, 0, 0
63500, 6870, 0, 0, 0
63601, 6273, 0, 0, 0
63700, 6824, 0, 0, 0
63800, 6454, 0, 0, 0
63901, 7186, 0, 0, 0
64000, 6739, 0, 0, 0
64100, 7000, 0, 0, 0
64200, 6993, 0, 0, 0
64300, 6925, 0, 0, 0
64400, 7061, 0, 0, 0
64500, 6716, 0, 0, 0
64600, 7124, 0, 0, 0
64700, 6414, 0, 0, 0
64800, 6972, 0, 0, 0
64900, 6857, 0, 0, 0
65000, 7639, 0, 0, 0
65100, 6807, 0, 0, 0
65201, 6816, 0, 0, 0
65300, 6440, 0, 0, 0
65400, 6926, 0, 0, 0
65500, 6098, 0, 0, 0
65600, 6479, 0, 0, 0
65700, 7247, 0, 0, 0
65800, 6701, 0, 0, 0
65900, 7026, 0, 0, 0
66000, 7105, 0, 0, 0
66100, 7214, 0, 0, 0
66200, 7297, 0, 0, 0
66300, 6967, 0, 0, 0
66400, 6555, 0, 0, 0
66500, 6668, 0, 0, 0
66600, 6797, 0, 0, 0
66700, 7266, 0, 0, 0
66800, 6970, 0, 0, 0
66900, 7127, 0, 0, 0
67000, 6772, 0, 0, 0
67100, 6851, 0, 0, 0
67200, 7047, 0, 0, 0
67300, 6980, 0, 0, 0
67400, 6189, 0, 0, 0
67501, 6521, 0, 0, 0
67600, 6475, 0, 0, 0
67700, 6973, 0, 0, 0
67800, 7034, 0, 0, 0
67900, 6687, 0, 0, 0
68000, 7100, 0, 0, 0
68100, 7049, 0, 0, 0
68200, 6626, 0, 0, 0
68301, 6234, 0, 0, 0
68400, 7141, 0, 0, 0
68500, 7683, 0, 0, 0
68601, 6668, 0, 0, 0
68700, 6834, 0, 0, 0
68800, 6888, 0, 0, 0
68900, 7029, 0, 0, 0
69000, 6781, 0, 0, 0
69100, 7441, 0, 0, 0
69200, 7079, 0, 0, 0
69300, 6843, 0, 0, 0
69400, 6555, 0, 0, 0
69500, 6810, 0, 0, 0
69600, 6899, 0, 0, 0
69700, 8216, 0, 0, 0
69800, 9611, 0, 0, 0
69900, 8244, 0, 0, 0
70000, 11050, 0, 0, 0
70100, 7035, 0, 0, 0
70200, 6863, 0, 0, 0
70300, 7473, 0, 0, 0
70400, 7253, 0, 0, 0
70500, 7027, 0, 0, 0
70600, 6921, 0, 0, 0
70700, 6897, 0, 0, 0
70800, 6816, 0, 0, 0
70900, 7060, 0, 0, 0
71001, 7134, 0, 0, 0
71100, 7282, 0, 0, 0
71200, 7052, 0, 0, 0
71300, 6302, 0, 0, 0
71400, 6467, 0, 0, 0
71500, 7453, 0, 0, 0
71601, 7145, 0, 0, 0
71700, 6514, 0, 0, 0
71800, 6133, 0, 0, 0
71900, 6888, 0, 0, 0
72001, 7241, 0, 0, 0
72100, 7517, 0, 0, 0
72200, 6490, 0, 0, 0
72300, 6892, 0, 0, 0
72400, 6469, 0, 0, 0
72500, 6914, 0, 0, 0
72600, 6600, 0, 0, 0
72700, 7035, 0, 0, 0
72800, 6362, 0, 0, 0
72900, 6664, 0, 0, 0
73000, 6158, 0, 0, 0
73100, 6594, 0, 0, 0
73200, 7596, 0, 0, 0
73300, 7171, 0, 0, 0
73400, 6836, 0, 0, 0
73500, 6685, 0, 0, 0
73600, 7014, 0, 0, 0
73700, 7137, 0, 0, 0
73800, 6705, 0, 0, 0
73900, 6910, 0, 0, 0
74000, 6862, 0, 0, 0
74100, 6328, 0, 0, 0
74200, 6467, 0, 0, 0
74300, 6862, 0, 0, 0
74400, 6700, 0, 0, 0
74500, 7054, 0, 0, 0
74601, 7111, 0, 0, 0
74700, 7034, 0, 0, 0
74800, 7085, 0, 0, 0
74900, 6976, 0, 0, 0
75000, 6703, 0, 0, 0
75100, 6400, 0, 0, 0
75200, 6707, 0, 0, 0
75305, 7246, 0, 0, 0
75400, 7052, 0, 0, 0
75500, 6980, 0, 0, 0
75600, 7019, 0, 0, 0
75701, 6851, 0, 0, 0
75800, 5948, 0, 0, 0
75900, 6438, 0, 0, 0
76000, 6628, 0, 0, 0
76100, 6837, 0, 0, 0
76200, 7080, 0, 0, 0
76300, 7275, 0, 0, 0
76400, 7683, 0, 0, 0
76500, 6632, 0, 0, 0
76600, 6881, 0, 0, 0
76700, 6741, 0, 0, 0
76800, 7525, 0, 0, 0
76900, 6678, 0, 0, 0
77000, 6705, 0, 0, 0
77100, 6911, 0, 0, 0
77200, 7719, 0, 0, 0
77300, 7115, 0, 0, 0
77400, 6778, 0, 0, 0
77500, 6904, 0, 0, 0
77600, 7067, 0, 0, 0
77700, 7079, 0, 0, 0
77800, 7359, 0, 0, 0
77900, 7342, 0, 0, 0
78000, 6943, 0, 0, 0
78100, 7333, 0, 0, 0
78200, 6854, 0, 0, 0
78300, 6752, 0, 0, 0
78400, 6803, 0, 0, 0
78500, 6814, 0, 0, 0
78600, 6746, 0, 0, 0
78700, 6470, 0, 0, 0
78800, 7008, 0, 0, 0
78900, 7500, 0, 0, 0
79000, 7067, 0, 0, 0
79100, 7265, 0, 0, 0
79200, 6921, 0, 0, 0
79300, 7511, 0, 0, 0
79400, 6657, 0, 0, 0
79500, 6274, 0, 0, 0
79600, 6899, 0, 0, 0
79700, 7172, 0, 0, 0
79800, 6864, 0, 0, 0
79900, 6843, 0, 0, 0
80000, 6649, 0, 0, 0
80101, 7076, 0, 0, 0
80200, 7458, 0, 0, 0
80300, 6980, 0, 0, 0
80410, 6839, 0, 0, 0
80500, 6730, 0, 0, 0
80600, 7321, 0, 0, 0
80700, 6701, 0, 0, 0
80800, 7021, 0, 0, 0
80900, 6910, 0, 0, 0
81001, 7046, 0, 0, 0
81100, 6440, 0, 0, 0
81200, 6407, 0, 0, 0
81300, 7035, 0, 0, 0
81400, 6913, 0, 0, 0
81500, 6880, 0, 0, 0
81600, 6772, 0, 0, 0
81700, 7206, 0, 0, 0
81800, 6788, 0, 0, 0
81900, 6839, 0, 0, 0
82000, 6748, 0, 0, 0
82100, 6421, 0, 0, 0
82200, 6901, 0, 0, 0
82300, 7103, 0, 0, 0
82400, 6955, 0, 0, 0
82500, 7121, 0, 0, 0
82600, 6752, 0, 0, 0
82700, 6778, 0, 0, 0
82800, 6790, 0, 0, 0
82900, 6819, 0, 0, 0
83000, 7155, 0, 0, 0
83100, 7393, 0, 0, 0
83200, 7033, 0, 0, 0
83300, 7026, 0, 0, 0
83400, 6885, 0, 0, 0
83500, 7162, 0, 0, 0
83600, 7445, 0, 0, 0
83700, 6937, 0, 0, 0
83800, 6725, 0, 0, 0
83900, 7009, 0, 0, 0
84000, 7141, 0, 0, 0
84100, 6956, 0, 0, 0
84200, 7283, 0, 0, 0
84300, 7112, 0, 0, 0
84400, 7289, 0, 0, 0
84500, 7163, 0, 0, 0
84600, 6905, 0, 0, 0
84700, 6950, 0, 0, 0
84800, 6949, 0, 0, 0
84900, 7160, 0, 0, 0
85000, 6816, 0, 0, 0
85101, 7122, 0, 0, 0
85200, 6687, 0, 0, 0
85300, 7024, 0, 0, 0
85400, 6809, 0, 0, 0
85500, 6865, 0, 0, 0
85600, 6688, 0, 0, 0
85701, 7101, 0, 0, 0
85800, 6980, 0, 0, 0
85900, 6771, 0, 0, 0
86000, 6835, 0, 0, 0
86100, 6717, 0, 0, 0
86200, 7038, 0, 0, 0
86300, 6842, 0, 0, 0
86400, 7112, 0, 0, 0
86500, 6899, 0, 0, 0
86600, 6752, 0, 0, 0
86700, 6930, 0, 0, 0
86801, 6899, 0, 0, 0
86900, 7123, 0, 0, 0
87000, 7083, 0, 0, 0
87100, 6804, 0, 0, 0
87200, 7414, 0, 0, 0
87300, 7133, 0, 0, 0
87400, 7263, 0, 0, 0
87500, 7286, 0, 0, 0
87600, 7364, 0, 0, 0
87700, 7111, 0, 0, 0
87800, 6911, 0, 0, 0
87900, 6508, 0, 0, 0
88000, 6902, 0, 0, 0
88101, 7049, 0, 0, 0
88200, 6619, 0, 0, 0
88300, 7150, 0, 0, 0
88401, 7081, 0, 0, 0
88500, 6557, 0, 0, 0
88600, 6593, 0, 0, 0
88700, 6592, 0, 0, 0
88800, 6724, 0, 0, 0
88900, 6866, 0, 0, 0
89000, 6384, 0, 0, 0
89100, 6801, 0, 0, 0
89200, 6771, 0, 0, 0
89300, 6875, 0, 0, 0
89400, 6672, 0, 0, 0
89500, 6943, 0, 0, 0
89600, 6749, 0, 0, 0
89700, 6191, 0, 0, 0
89801, 6432, 0, 0, 0
89900, 7179, 0, 0, 0
90003, 7123, 0, 0, 0
