250, 29696, 1, 0, 0
350, 30720, 1, 0, 0
450, 25600, 1, 0, 0
550, 30720, 1, 0, 0
650, 28160, 1, 0, 0
749, 23272, 1, 0, 0
849, 10240, 1, 0, 0
949, 12800, 1, 0, 0
1049, 10240, 1, 0, 0
1149, 10240, 1, 0, 0
1250, 5120, 1, 0, 0
1350, 10240, 1, 0, 0
1450, 23040, 1, 0, 0
1550, 30720, 1, 0, 0
1650, 25600, 1, 0, 0
1749, 25858, 1, 0, 0
1849, 28160, 1, 0, 0
1949, 28160, 1, 0, 0
2049, 23040, 1, 0, 0
2149, 33280, 1, 0, 0
2249, 20480, 1, 0, 0
2349, 30720, 1, 0, 0
2449, 30720, 1, 0, 0
2550, 25600, 1, 0, 0
2650, 35840, 1, 0, 0
2749, 28444, 1, 0, 0
2849, 28160, 1, 0, 0
2949, 30720, 1, 0, 0
3049, 25600, 1, 0, 0
3149, 28160, 1, 0, 0
3249, 28160, 1, 0, 0
3349, 28160, 1, 0, 0
3449, 30720, 1, 0, 0
3549, 15360, 1, 0, 0
3649, 28160, 1, 0, 0
3749, 28444, 1, 0, 0
3849, 20480, 1, 0, 0
3949, 28160, 1, 0, 0
4049, 28160, 1, 0, 0
4149, 20480, 1, 0, 0
4249, 28160, 1, 0, 0
4349, 25600, 1, 0, 0
4449, 30720, 1, 0, 0
4549, 28160, 1, 0, 0
4649, 28160, 1, 0, 0
4749, 20480, 1, 0, 0
4850, 23040, 1, 0, 0
4950, 20480, 1, 0, 0
5050, 35840, 1, 0, 0
5150, 23040, 1, 0, 0
5249, 25858, 1, 0, 0
5349, 20480, 1, 0, 0
5449, 33280, 1, 0, 0
5549, 20480, 1, 0, 0
5649, 23040, 1, 0, 0
5750, 30720, 1, 0, 0
5850, 23040, 1, 0, 0
5950, 28160, 1, 0, 0
6050, 25600, 1, 0, 0
6150, 25600, 1, 0, 0
6249, 25858, 1, 0, 0
6349, 25600, 1, 0, 0
6449, 25600, 1, 0, 0
6549, 12800, 1, 0, 0
6649, 7680, 1, 0, 0
6750, 10240, 1, 0, 0
6850, 12800, 1, 0, 0
6950, 10240, 1, 0, 0
7050, 12800, 1, 0, 0
7150, 28160, 1, 0, 0
7249, 28444, 1, 0, 0
7349, 28160, 1, 0, 0
7449, 30720, 1, 0, 0
7549, 20480, 1, 0, 0
7649, 30720, 1, 0, 0
7750, 28160, 1, 0, 0
7850, 28160, 1, 0, 0
7950, 20480, 1, 0, 0
8050, 28160, 1, 0, 0
8150, 28160, 1, 0, 0
8249, 28444, 1, 0, 0
8349, 20480, 1, 0, 0
8449, 30720, 1, 0, 0
8549, 23040, 1, 0, 0
8649, 30720, 1, 0, 0
8750, 28160, 1, 0, 0
8850, 20480, 1, 0, 0
8950, 20480, 1, 0, 0
9050, 30720, 1, 0, 0
9150, 23040, 1, 0, 0
9249, 10343, 1, 0, 0
9349, 7680, 1, 0, 0
9449, 10240, 1, 0, 0
9550, 15360, 1, 0, 0
9650, 25600, 1, 0, 0
9749, 28444, 1, 0, 0
9849, 28160, 1, 0, 0
9949, 30720, 1, 0, 0
10049, 25600, 1, 0, 0
10149, 33280, 1, 0, 0
10249, 28160, 1, 0, 0
10349, 28160, 1, 0, 0
10449, 30720, 1, 0, 0
10550, 25600, 1, 0, 0
10650, 28160, 1, 0, 0
10749, 31030, 1, 0, 0
10849, 23040, 1, 0, 0
10949, 28160, 1, 0, 0
11049, 30720, 1, 0, 0
11149, 23040, 1, 0, 0
11249, 33280, 1, 0, 0
11349, 25600, 1, 0, 0
11449, 28160, 1, 0, 0
11549, 33280, 1, 0, 0
11649, 30720, 1, 0, 0
11749, 23040, 1, 0, 0
11850, 30720, 1, 0, 0
11950, 28160, 1, 0, 0
12050, 20480, 1, 0, 0
12150, 10240, 1, 0, 0
12249, 10343, 1, 0, 0
12349, 10240, 1, 0, 0
12449, 10240, 1, 0, 0
12549, 7680, 1, 0, 0
12650, 12800, 1, 0, 0
12749, 28444, 1, 0, 0
12849, 33280, 1, 0, 0
12949, 25600, 1, 0, 0
13049, 30720, 1, 0, 0
13149, 25600, 1, 0, 0
13249, 25600, 1, 0, 0
13349, 30720, 1, 0, 0
13449, 25600, 1, 0, 0
13549, 30720, 1, 0, 0
13649, 20480, 1, 0, 0
13749, 28160, 1, 0, 0
13849, 23040, 1, 0, 0
13949, 28160, 1, 0, 0
14050, 28160, 1, 0, 0
14150, 25600, 1, 0, 0
14249, 33616, 1, 0, 0
14349, 20480, 1, 0, 0
14449, 28160, 1, 0, 0
14549, 25600, 1, 0, 0
14649, 28160, 1, 0, 0
14749, 17920, 1, 0, 0
14849, 2560, 1, 0, 0
14949, 10240, 1, 0, 0
15050, 10240, 1, 0, 0
15150, 15360, 1, 0, 0
15249, 12929, 1, 0, 0
15349, 28160, 1, 0, 0
15449, 25600, 1, 0, 0
15549, 28160, 1, 0, 0
15649, 28160, 1, 0, 0
15749, 23040, 1, 0, 0
15849, 20480, 1, 0, 0
15950, 30720, 1, 0, 0
16050, 23040, 1, 0, 0
16150, 28160, 1, 0, 0
16249, 23272, 1, 0, 0
16349, 28160, 1, 0, 0
16449, 25600, 1, 0, 0
16549, 30720, 1, 0, 0
16649, 23040, 1, 0, 0
16750, 28160, 1, 0, 0
16850, 20480, 1, 0, 0
16950, 25600, 1, 0, 0
17050, 28160, 1, 0, 0
17150, 23040, 1, 0, 0
17249, 33616, 1, 0, 0
17349, 25600, 1, 0, 0
17449, 23040, 1, 0, 0
17549, 10240, 1, 0, 0
17649, 10240, 1, 0, 0
17750, 10240, 1, 0, 0
17850, 2560, 1, 0, 0
17950, 10240, 1, 0, 0
18050, 30720, 1, 0, 0
18150, 28160, 1, 0, 0
18249, 36202, 1, 0, 0
18349, 25600, 1, 0, 0
18449, 25600, 1, 0, 0
18549, 25600, 1, 0, 0
18649, 30720, 1, 0, 0
18749, 30720, 1, 0, 0
18849, 25600, 1, 0, 0
18950, 30720, 1, 0, 0
19050, 30720, 1, 0, 0
19150, 30720, 1, 0, 0
19249, 31030, 1, 0, 0
19349, 25600, 1, 0, 0
19449, 30720, 1, 0, 0
19549, 28160, 1, 0, 0
19649, 23040, 1, 0, 0
19749, 30720, 1, 0, 0
19849, 20480, 1, 0, 0
19949, 30720, 1, 0, 0
20050, 20480, 1, 0, 0
20150, 28160, 1, 0, 0
20249, 20686, 1, 0, 0
20349, 2560, 1, 0, 0
20449, 10240, 1, 0, 0
20549, 7680, 1, 0, 0
20649, 20480, 1, 0, 0
20749, 33280, 1, 0, 0
20850, 25600, 1, 0, 0
20950, 30720, 1, 0, 0
21050, 28160, 1, 0, 0
21150, 30720, 1, 0, 0
21249, 28444, 1, 0, 0
21349, 25600, 1, 0, 0
21449, 25600, 1, 0, 0
21549, 30720, 1, 0, 0
21649, 25600, 1, 0, 0
21749, 25600, 1, 0, 0
21849, 28160, 1, 0, 0
21949, 30720, 1, 0, 0
22050, 23040, 1, 0, 0
22150, 30720, 1, 0, 0
22249, 28444, 1, 0, 0
22349, 25600, 1, 0, 0
22449, 20480, 1, 0, 0
22549, 28160, 1, 0, 0
22649, 28160, 1, 0, 0
22749, 28160, 1, 0, 0
22849, 20480, 1, 0, 0
22949, 33280, 1, 0, 0
23049, 23040, 1, 0, 0
23150, 10240, 1, 0, 0
23249, 10343, 1, 0, 0
23349, 2560, 1, 0, 0
23449, 10240, 1, 0, 0
23549, 7680, 1, 0, 0
23649, 23040, 1, 0, 0
23749, 20480, 1, 0, 0
23849, 30720, 1, 0, 0
23949, 28160, 1, 0, 0
24050, 28160, 1, 0, 0
24150, 23040, 1, 0, 0
24249, 31030, 1, 0, 0
24349, 30720, 1, 0, 0
24449, 20480, 1, 0, 0
24549, 20480, 1, 0, 0
24649, 30720, 1, 0, 0
24749, 28160, 1, 0, 0
24849, 33280, 1, 0, 0
24949, 28160, 1, 0, 0
25049, 30720, 1, 0, 0
25149, 23040, 1, 0, 0
25250, 28160, 1, 0, 0
25350, 30720, 1, 0, 0
25450, 28160, 1, 0, 0
25550, 28160, 1, 0, 0
25650, 28160, 1, 0, 0
25749, 20686, 1, 0, 0
25849, 10240, 1, 0, 0
25949, 7680, 1, 0, 0
26049, 10240, 1, 0, 0
26149, 2560, 1, 0, 0
26249, 15360, 1, 0, 0
26350, 10240, 1, 0, 0
26450, 5120, 1, 0, 0
26550, 20480, 1, 0, 0
26650, 23040, 1, 0, 0
26749, 31030, 1, 0, 0
26849, 28160, 1, 0, 0
26949, 25600, 1, 0, 0
27049, 28160, 1, 0, 0
27149, 28160, 1, 0, 0
27249, 30720, 1, 0, 0
27349, 28160, 1, 0, 0
27450, 28160, 1, 0, 0
27550, 28160, 1, 0, 0
27650, 35840, 1, 0, 0
27749, 20686, 1, 0, 0
27849, 23040, 1, 0, 0
27949, 28160, 1, 0, 0
28049, 30720, 1, 0, 0
28149, 23040, 1, 0, 0
28249, 28160, 1, 0, 0
28349, 23040, 1, 0, 0
28449, 5120, 1, 0, 0
28549, 10240, 1, 0, 0
28650, 5120, 1, 0, 0
28749, 10343, 1, 0, 0
28849, 15360, 1, 0, 0
28949, 30720, 1, 0, 0
29049, 25600, 1, 0, 0
29149, 30720, 1, 0, 0
29249, 25600, 1, 0, 0
29349, 28160, 1, 0, 0
29449, 28160, 1, 0, 0
29549, 30720, 1, 0, 0
29649, 28160, 1, 0, 0
29750, 30720, 1, 0, 0
29850, 30720, 1, 0, 0
29950, 23040, 1, 0, 0
30050, 30720, 1, 0, 0
30150, 28160, 1, 0, 0
30249, 25858, 1, 0, 0
30349, 38400, 1, 0, 0
30449, 25600, 1, 0, 0
30549, 28160, 1, 0, 0
30649, 28160, 1, 0, 0
30749, 30720, 1, 0, 0
30849, 28160, 1, 0, 0
30949, 23040, 1, 0, 0
31050, 28160, 1, 0, 0
31150, 17920, 1, 0, 0
31249, 7757, 1, 0, 0
31349, 15360, 1, 0, 0
31449, 5120, 1, 0, 0
31549, 10240, 1, 0, 0
31649, 12800, 1, 0, 0
31750, 12800, 1, 0, 0
31850, 25600, 1, 0, 0
31950, 28160, 1, 0, 0
32050, 25600, 1, 0, 0
32150, 30720, 1, 0, 0
32249, 23272, 1, 0, 0
32349, 30720, 1, 0, 0
32449, 23040, 1, 0, 0
32549, 28160, 1, 0, 0
32649, 20480, 1, 0, 0
32749, 23040, 1, 0, 0
32849, 28160, 1, 0, 0
32950, 28160, 1, 0, 0
33050, 25600, 1, 0, 0
33150, 30720, 1, 0, 0
33249, 20686, 1, 0, 0
33349, 28160, 1, 0, 0
33449, 33280, 1, 0, 0
33549, 20480, 1, 0, 0
33649, 30720, 1, 0, 0
33749, 17920, 1, 0, 0
33849, 2560, 1, 0, 0
33950, 10240, 1, 0, 0
34050, 10240, 1, 0, 0
34150, 10240, 1, 0, 0
34249, 7757, 1, 0, 0
34349, 10240, 1, 0, 0
34449, 17920, 1, 0, 0
34549, 28160, 1, 0, 0
34649, 33280, 1, 0, 0
34750, 28160, 1, 0, 0
34850, 35840, 1, 0, 0
34950, 28160, 1, 0, 0
35050, 25600, 1, 0, 0
35150, 30720, 1, 0, 0
35249, 31030, 1, 0, 0
35349, 23040, 1, 0, 0
35449, 30720, 1, 0, 0
35549, 28160, 1, 0, 0
35649, 23040, 1, 0, 0
35749, 28160, 1, 0, 0
35849, 28160, 1, 0, 0
35949, 23040, 1, 0, 0
36050, 33280, 1, 0, 0
36150, 28160, 1, 0, 0
36249, 25858, 1, 0, 0
36349, 28160, 1, 0, 0
36449, 2560, 1, 0, 0
36549, 12800, 1, 0, 0
36649, 12800, 1, 0, 0
36749, 10240, 1, 0, 0
36849, 10240, 1, 0, 0
36949, 28160, 1, 0, 0
37049, 28160, 1, 0, 0
37149, 25600, 1, 0, 0
37250, 30720, 1, 0, 0
37350, 25600, 1, 0, 0
37450, 28160, 1, 0, 0
37550, 20480, 1, 0, 0
37650, 28160, 1, 0, 0
37749, 25858, 1, 0, 0
37849, 25600, 1, 0, 0
37949, 23040, 1, 0, 0
38049, 28160, 1, 0, 0
38149, 28160, 1, 0, 0
38250, 20480, 1, 0, 0
38350, 33280, 1, 0, 0
38450, 20480, 1, 0, 0
38550, 23040, 1, 0, 0
38650, 28160, 1, 0, 0
38749, 23272, 1, 0, 0
38849, 28160, 1, 0, 0
38949, 33280, 1, 0, 0
39049, 23040, 1, 0, 0
39149, 10240, 1, 0, 0
39250, 10240, 1, 0, 0
39350, 10240, 1, 0, 0
39450, 10240, 1, 0, 0
39550, 23040, 1, 0, 0
39650, 28160, 1, 0, 0
39749, 31030, 1, 0, 0
39849, 25600, 1, 0, 0
39949, 30720, 1, 0, 0
40049, 28160, 1, 0, 0
40149, 33280, 1, 0, 0
40250, 25600, 1, 0, 0
40350, 30720, 1, 0, 0
40450, 25600, 1, 0, 0
40550, 30720, 1, 0, 0
40650, 28160, 1, 0, 0
40749, 28444, 1, 0, 0
40849, 25600, 1, 0, 0
40949, 28160, 1, 0, 0
41049, 28160, 1, 0, 0
41149, 23040, 1, 0, 0
41249, 25600, 1, 0, 0
41349, 28160, 1, 0, 0
41449, 23040, 1, 0, 0
41550, 28160, 1, 0, 0
41650, 20480, 1, 0, 0
41749, 28444, 1, 0, 0
41849, 28160, 1, 0, 0
41949, 12800, 1, 0, 0
42049, 10240, 1, 0, 0
42149, 2560, 1, 0, 0
42250, 12800, 1, 0, 0
42350, 12800, 1, 0, 0
42450, 10240, 1, 0, 0
42550, 5120, 1, 0, 0
42650, 10240, 1, 0, 0
42749, 31030, 1, 0, 0
42849, 30720, 1, 0, 0
42949, 25600, 1, 0, 0
43049, 25600, 1, 0, 0
43150, 30720, 1, 0, 0
43249, 25858, 1, 0, 0
43349, 28160, 1, 0, 0
43449, 28160, 1, 0, 0
43549, 23040, 1, 0, 0
43649, 28160, 1, 0, 0
43749, 28160, 1, 0, 0
43849, 25600, 1, 0, 0
43949, 28160, 1, 0, 0
44049, 28160, 1, 0, 0
44149, 23040, 1, 0, 0
44250, 28160, 1, 0, 0
44350, 20480, 1, 0, 0
44450, 28160, 1, 0, 0
44550, 15360, 1, 0, 0
44650, 5120, 1, 0, 0
44749, 10343, 1, 0, 0
44849, 12800, 1, 0, 0
44949, 10240, 1, 0, 0
45049, 2560, 1, 0, 0
45150, 28160, 1, 0, 0
45250, 28160, 1, 0, 0
45350, 25600, 1, 0, 0
45450, 25600, 1, 0, 0
45550, 25600, 1, 0, 0
45650, 25600, 1, 0, 0
45749, 20686, 1, 0, 0
45849, 25600, 1, 0, 0
45949, 25600, 1, 0, 0
46049, 28160, 1, 0, 0
46150, 25600, 1, 0, 0
46249, 25858, 1, 0, 0
46349, 25600, 1, 0, 0
46449, 25600, 1, 0, 0
46549, 28160, 1, 0, 0
46649, 23040, 1, 0, 0
46749, 30720, 1, 0, 0
46849, 28160, 1, 0, 0
46949, 28160, 1, 0, 0
47049, 20480, 1, 0, 0
47150, 20480, 1, 0, 0
47249, 10343, 1, 0, 0
47349, 10240, 1, 0, 0
47449, 10240, 1, 0, 0
47549, 7680, 1, 0, 0
47649, 20480, 1, 0, 0
47749, 25600, 1, 0, 0
47849, 25600, 1, 0, 0
47949, 28160, 1, 0, 0
48050, 28160, 1, 0, 0
48150, 28160, 1, 0, 0
48249, 25858, 1, 0, 0
48349, 25600, 1, 0, 0
48449, 33280, 1, 0, 0
48549, 28160, 1, 0, 0
48649, 28160, 1, 0, 0
48749, 20480, 1, 0, 0
48850, 30720, 1, 0, 0
48950, 25600, 1, 0, 0
49050, 23040, 1, 0, 0
49150, 28160, 1, 0, 0
49249, 33616, 1, 0, 0
49349, 20480, 1, 0, 0
49449, 28160, 1, 0, 0
49549, 23040, 1, 0, 0
49649, 28160, 1, 0, 0
49750, 28160, 1, 0, 0
49850, 20480, 1, 0, 0
49950, 25600, 1, 0, 0
50050, 17920, 1, 0, 0
50150, 10240, 1, 0, 0
50249, 10343, 1, 0, 0
50349, 10240, 1, 0, 0
50449, 2560, 1, 0, 0
50550, 10240, 1, 0, 0
50650, 7680, 1, 0, 0
50749, 10343, 1, 0, 0
50849, 23040, 1, 0, 0
50949, 28160, 1, 0, 0
51049, 23040, 1, 0, 0
51149, 20480, 1, 0, 0
51249, 28160, 1, 0, 0
51349, 23040, 1, 0, 0
51449, 20480, 1, 0, 0
51550, 35840, 1, 0, 0
51650, 23040, 1, 0, 0
51749, 28444, 1, 0, 0
51849, 25600, 1, 0, 0
51949, 30720, 1, 0, 0
52049, 28160, 1, 0, 0
52149, 28160, 1, 0, 0
52249, 30720, 1, 0, 0
52349, 28160, 1, 0, 0
52449, 30720, 1, 0, 0
52549, 20480, 1, 0, 0
52649, 10240, 1, 0, 0
52750, 10240, 1, 0, 0
52850, 10240, 1, 0, 0
52950, 7680, 1, 0, 0
53050, 10240, 1, 0, 0
53150, 5120, 1, 0, 0
53249, 38787, 1, 0, 0
53349, 28160, 1, 0, 0
53449, 30720, 1, 0, 0
53550, 28160, 1, 0, 0
53650, 30720, 1, 0, 0
53749, 25858, 1, 0, 0
53849, 30720, 1, 0, 0
53949, 28160, 1, 0, 0
54049, 25600, 1, 0, 0
54149, 33280, 1, 0, 0
54249, 30720, 1, 0, 0
54349, 28160, 1, 0, 0
54449, 30720, 1, 0, 0
54549, 25600, 1, 0, 0
54649, 30720, 1, 0, 0
54749, 28160, 1, 0, 0
54850, 35840, 1, 0, 0
54950, 25600, 1, 0, 0
55050, 28160, 1, 0, 0
55150, 30720, 1, 0, 0
55249, 10343, 1, 0, 0
55349, 10240, 1, 0, 0
55449, 15360, 1, 0, 0
55549, 10240, 1, 0, 0
55649, 7680, 1, 0, 0
55750, 10240, 1, 0, 0
55850, 5120, 1, 0, 0
55950, 20480, 1, 0, 0
56050, 28160, 1, 0, 0
56150, 33280, 1, 0, 0
56249, 31030, 1, 0, 0
56349, 33280, 1, 0, 0
56449, 25600, 1, 0, 0
56549, 30720, 1, 0, 0
56649, 28160, 1, 0, 0
56749, 30720, 1, 0, 0
56849, 25600, 1, 0, 0
56950, 25600, 1, 0, 0
57050, 28160, 1, 0, 0
57150, 23040, 1, 0, 0
57249, 31030, 1, 0, 0
57349, 20480, 1, 0, 0
57449, 28160, 1, 0, 0
57549, 25600, 1, 0, 0
57649, 28160, 1, 0, 0
57750, 20480, 1, 0, 0
57850, 10240, 1, 0, 0
57950, 10240, 1, 0, 0
58050, 7680, 1, 0, 0
58150, 12800, 1, 0, 0
58249, 15515, 1, 0, 0
58349, 28160, 1, 0, 0
58450, 28160, 1, 0, 0
58550, 20480, 1, 0, 0
58650, 23040, 1, 0, 0
58749, 31030, 1, 0, 0
58849, 28160, 1, 0, 0
58949, 20480, 1, 0, 0
59049, 28160, 1, 0, 0
59149, 23040, 1, 0, 0
59249, 23040, 1, 0, 0
59350, 30720, 1, 0, 0
59450, 28160, 1, 0, 0
59550, 20480, 1, 0, 0
59650, 25600, 1, 0, 0
59749, 25858, 1, 0, 0
59849, 28160, 1, 0, 0
59949, 23040, 1, 0, 0
60049, 25600, 1, 0, 0
60149, 28160, 1, 0, 0
60249, 28160, 1, 0, 0
60349, 25600, 1, 0, 0
60450, 23040, 1, 0, 0
60550, 25600, 1, 0, 0
60650, 10240, 1, 0, 0
60749, 10343, 1, 0, 0
60849, 12800, 1, 0, 0
60949, 5120, 1, 0, 0
61049, 10240, 1, 0, 0
61149, 15360, 1, 0, 0
61249, 17920, 1, 0, 0
61350, 25600, 1, 0, 0
61450, 25600, 1, 0, 0
61550, 28160, 1, 0, 0
61650, 20480, 1, 0, 0
61749, 23272, 1, 0, 0
61849, 28160, 1, 0, 0
61949, 28160, 1, 0, 0
62049, 25600, 1, 0, 0
62149, 25600, 1, 0, 0
62249, 25600, 1, 0, 0
62350, 28160, 1, 0, 0
62450, 23040, 1, 0, 0
62550, 28160, 1, 0, 0
62650, 28160, 1, 0, 0
62749, 23272, 1, 0, 0
62849, 30720, 1, 0, 0
62949, 23040, 1, 0, 0
63049, 28160, 1, 0, 0
63149, 23040, 1, 0, 0
63249, 25600, 1, 0, 0
63350, 15360, 1, 0, 0
63450, 10240, 1, 0, 0
63550, 15360, 1, 0, 0
63650, 10240, 1, 0, 0
63749, 12929, 1, 0, 0
63849, 5120, 1, 0, 0
63949, 15360, 1, 0, 0
64049, 25600, 1, 0, 0
64150, 25600, 1, 0, 0
64250, 25600, 1, 0, 0
64350, 20480, 1, 0, 0
64450, 33280, 1, 0, 0
64550, 23040, 1, 0, 0
64650, 25600, 1, 0, 0
64749, 28444, 1, 0, 0
64849, 25600, 1, 0, 0
64949, 25600, 1, 0, 0
65049, 28160, 1, 0, 0
65149, 25600, 1, 0, 0
65250, 25600, 1, 0, 0
65350, 25600, 1, 0, 0
65450, 25600, 1, 0, 0
65550, 30720, 1, 0, 0
65650, 25600, 1, 0, 0
65749, 20686, 1, 0, 0
65849, 28160, 1, 0, 0
65949, 28160, 1, 0, 0
66050, 17920, 1, 0, 0
66150, 10240, 1, 0, 0
66249, 10343, 1, 0, 0
66349, 7680, 1, 0, 0
66449, 12800, 1, 0, 0
66549, 10240, 1, 0, 0
66650, 2560, 1, 0, 0
66749, 25858, 1, 0, 0
66849, 28160, 1, 0, 0
66949, 28160, 1, 0, 0
67049, 28160, 1, 0, 0
67149, 20480, 1, 0, 0
67249, 28160, 1, 0, 0
67349, 25600, 1, 0, 0
67449, 20480, 1, 0, 0
67550, 33280, 1, 0, 0
67650, 25600, 1, 0, 0
67749, 28444, 1, 0, 0
67849, 25600, 1, 0, 0
67949, 25600, 1, 0, 0
68049, 25600, 1, 0, 0
68149, 25600, 1, 0, 0
68249, 25600, 1, 0, 0
68349, 25600, 1, 0, 0
68449, 25600, 1, 0, 0
68550, 30720, 1, 0, 0
68650, 17920, 1, 0, 0
68749, 10343, 1, 0, 0
68849, 10240, 1, 0, 0
68949, 2560, 1, 0, 0
69049, 15360, 1, 0, 0
69149, 15360, 1, 0, 0
69250, 25600, 1, 0, 0
69350, 20480, 1, 0, 0
69450, 25600, 1, 0, 0
69550, 28160, 1, 0, 0
69650, 23040, 1, 0, 0
69749, 31030, 1, 0, 0
69849, 25600, 1, 0, 0
69949, 20480, 1, 0, 0
70049, 25600, 1, 0, 0
70149, 30720, 1, 0, 0
70250, 20480, 1, 0, 0
70350, 28160, 1, 0, 0
70450, 25600, 1, 0, 0
70550, 28160, 1, 0, 0
70650, 25600, 1, 0, 0
70749, 28444, 1, 0, 0
70849, 23040, 1, 0, 0
70949, 25600, 1, 0, 0
71049, 25600, 1, 0, 0
71149, 25600, 1, 0, 0
71250, 28160, 1, 0, 0
71350, 23040, 1, 0, 0
71450, 10240, 1, 0, 0
71550, 10240, 1, 0, 0
71650, 10240, 1, 0, 0
71749, 7757, 1, 0, 0
71849, 20480, 1, 0, 0
71949, 30720, 1, 0, 0
72049, 33280, 1, 0, 0
72150, 28160, 1, 0, 0
72250, 23040, 1, 0, 0
72350, 30720, 1, 0, 0
72450, 28160, 1, 0, 0
72550, 23040, 1, 0, 0
72650, 33280, 1, 0, 0
72749, 25858, 1, 0, 0
72849, 23040, 1, 0, 0
72949, 28160, 1, 0, 0
73049, 23040, 1, 0, 0
73149, 20480, 1, 0, 0
73250, 20480, 1, 0, 0
73350, 10240, 1, 0, 0
73450, 7680, 1, 0, 0
73550, 17920, 1, 0, 0
73650, 25600, 1, 0, 0
73749, 25858, 1, 0, 0
73849, 25600, 1, 0, 0
73949, 25600, 1, 0, 0
74049, 23040, 1, 0, 0
74149, 33280, 1, 0, 0
74250, 20480, 1, 0, 0
74350, 20480, 1, 0, 0
74450, 10240, 1, 0, 0
74550, 5120, 1, 0, 0
74650, 15360, 1, 0, 0
74749, 31030, 1, 0, 0
74849, 25600, 1, 0, 0
74949, 25600, 1, 0, 0
75049, 25600, 1, 0, 0
75149, 28160, 1, 0, 0
75250, 25600, 1, 0, 0
75350, 25600, 1, 0, 0
75450, 30720, 1, 0, 0
75550, 28160, 1, 0, 0
75650, 23040, 1, 0, 0
75749, 31030, 1, 0, 0
75849, 28160, 1, 0, 0
75949, 30720, 1, 0, 0
76049, 23040, 1, 0, 0
76149, 28160, 1, 0, 0
76249, 23040, 1, 0, 0
76349, 30720, 1, 0, 0
76449, 30720, 1, 0, 0
76550, 28160, 1, 0, 0
76650, 23040, 1, 0, 0
76749, 28444, 1, 0, 0
76849, 28160, 1, 0, 0
76949, 30720, 1, 0, 0
77049, 30720, 1, 0, 0
77149, 20480, 1, 0, 0
77249, 12800, 1, 0, 0
77349, 2560, 1, 0, 0
77449, 12800, 1, 0, 0
77549, 17920, 1, 0, 0
77650, 10240, 1, 0, 0
77750, 20480, 1, 0, 0
77850, 17920, 1, 0, 0
77950, 28160, 1, 0, 0
78050, 25600, 1, 0, 0
78150, 28160, 1, 0, 0
78249, 28444, 1, 0, 0
78349, 23040, 1, 0, 0
78449, 28160, 1, 0, 0
78550, 23040, 1, 0, 0
78650, 28160, 1, 0, 0
78750, 23040, 1, 0, 0
78850, 28160, 1, 0, 0
78950, 12800, 1, 0, 0
79050, 17920, 1, 0, 0
79150, 10240, 1, 0, 0
79249, 23272, 1, 0, 0
79349, 30720, 1, 0, 0
79449, 20480, 1, 0, 0
79549, 35840, 1, 0, 0
79649, 30720, 1, 0, 0
79750, 25600, 1, 0, 0
79850, 25600, 1, 0, 0
79950, 30720, 1, 0, 0
80050, 20480, 1, 0, 0
80150, 10240, 1, 0, 0
80249, 18101, 1, 0, 0
80349, 25600, 1, 0, 0
80449, 23040, 1, 0, 0
80549, 25600, 1, 0, 0
80649, 25600, 1, 0, 0
80750, 25600, 1, 0, 0
80850, 33280, 1, 0, 0
80950, 23040, 1, 0, 0
81050, 23040, 1, 0, 0
81150, 35840, 1, 0, 0
81249, 18101, 1, 0, 0
81349, 10240, 1, 0, 0
81449, 28160, 1, 0, 0
81549, 30720, 1, 0, 0
81649, 28160, 1, 0, 0
81749, 28160, 1, 0, 0
81850, 23040, 1, 0, 0
81950, 12800, 1, 0, 0
82050, 20480, 1, 0, 0
82150, 28160, 1, 0, 0
82249, 20686, 1, 0, 0
82349, 17920, 1, 0, 0
82449, 25600, 1, 0, 0
82549, 28160, 1, 0, 0
82649, 28160, 1, 0, 0
82750, 30720, 1, 0, 0
82850, 25600, 1, 0, 0
82950, 17920, 1, 0, 0
83050, 5120, 1, 0, 0
83150, 28160, 1, 0, 0
83249, 18101, 1, 0, 0
83349, 10240, 1, 0, 0
83449, 10240, 1, 0, 0
83549, 10240, 1, 0, 0
83650, 10240, 1, 0, 0
83750, 15360, 1, 0, 0
83850, 33280, 1, 0, 0
83950, 23040, 1, 0, 0
84050, 28160, 1, 0, 0
84150, 28160, 1, 0, 0
84249, 25858, 1, 0, 0
84349, 17920, 1, 0, 0
84449, 25600, 1, 0, 0
84549, 10240, 1, 0, 0
84649, 28160, 1, 0, 0
84749, 33280, 1, 0, 0
84850, 28160, 1, 0, 0
84950, 28160, 1, 0, 0
85050, 23040, 1, 0, 0
85150, 20480, 1, 0, 0
85249, 28444, 1, 0, 0
85349, 20480, 1, 0, 0
85449, 17920, 1, 0, 0
85549, 25600, 1, 0, 0
85649, 5120, 1, 0, 0
85749, 38400, 1, 0, 0
85849, 20480, 1, 0, 0
85949, 30720, 1, 0, 0
86050, 20480, 1, 0, 0
86150, 28160, 1, 0, 0
86249, 23272, 1, 0, 0
86349, 10240, 1, 0, 0
86449, 10240, 1, 0, 0
86549, 7680, 1, 0, 0
86649, 20480, 1, 0, 0
86749, 23040, 1, 0, 0
86849, 30720, 1, 0, 0
86949, 28160, 1, 0, 0
87050, 25600, 1, 0, 0
87150, 30720, 1, 0, 0
87250, 23040, 1, 0, 0
87350, 30720, 1, 0, 0
87450, 23040, 1, 0, 0
87550, 20480, 1, 0, 0
87650, 30720, 1, 0, 0
87749, 28444, 1, 0, 0
87849, 23040, 1, 0, 0
87949, 28160, 1, 0, 0
88049, 28160, 1, 0, 0
88150, 25600, 1, 0, 0
88250, 30720, 1, 0, 0
88350, 25600, 1, 0, 0
88450, 30720, 1, 0, 0
88550, 30720, 1, 0, 0
88650, 25600, 1, 0, 0
88749, 28444, 1, 0, 0
88849, 30720, 1, 0, 0
88949, 23040, 1, 0, 0
89049, 33280, 1, 0, 0
89149, 17920, 1, 0, 0
89249, 10240, 1, 0, 0
89349, 10240, 1, 0, 0
89450, 20480, 1, 0, 0
89550, 30720, 1, 0, 0
89650, 25600, 1, 0, 0
89749, 31030, 1, 0, 0
89849, 25600, 1, 0, 0
89949, 30720, 1, 0, 0
