108, 111096, 1, 0, 0
200, 113955, 1, 0, 0
307, 126102, 1, 0, 0
416, 115616, 1, 0, 0
508, 117003, 1, 0, 0
601, 121931, 1, 0, 0
711, 124455, 1, 0, 0
849, 122092, 1, 0, 0
907, 111169, 1, 0, 0
1024, 110886, 1, 0, 0
1124, 94376, 1, 0, 0
1256, 105235, 1, 0, 0
1322, 122526, 1, 0, 0
1410, 117137, 1, 0, 0
1503, 127366, 1, 0, 0
1613, 112824, 1, 0, 0
1704, 104679, 1, 0, 0
1806, 112940, 1, 0, 0
1904, 155367, 1, 0, 0
2013, 135875, 1, 0, 0
2117, 122597, 1, 0, 0
2217, 112378, 1, 0, 0
2309, 118206, 1, 0, 0
2401, 122741, 1, 0, 0
2512, 100527, 1, 0, 0
2603, 133582, 1, 0, 0
2714, 130176, 1, 0, 0
2803, 167221, 1, 0, 0
2912, 132811, 1, 0, 0
3002, 141682, 1, 0, 0
3117, 135568, 1, 0, 0
3215, 111519, 1, 0, 0
3322, 134671, 1, 0, 0
3413, 139041, 1, 0, 0
3530, 136887, 1, 0, 0
3603, 195343, 1, 0, 0
3716, 123384, 1, 0, 0
3813, 140513, 1, 0, 0
3913, 168546, 1, 0, 0
4000, 158303, 1, 0, 0
4121, 122388, 1, 0, 0
4200, 116759, 1, 0, 0
4307, 140570, 1, 0, 0
4405, 157139, 1, 0, 0
4511, 111961, 1, 0, 0
4616, 116265, 1, 0, 0
4719, 137615, 1, 0, 0
4808, 138683, 1, 0, 0
4916, 145600, 1, 0, 0
5018, 162534, 1, 0, 0
5103, 197794, 1, 0, 0
5208, 161097, 1, 0, 0
5315, 161596, 1, 0, 0
5414, 144183, 1, 0, 0
5502, 143181, 1, 0, 0
5620, 165616, 1, 0, 0
5710, 180992, 1, 0, 0
5807, 159563, 1, 0, 0
5914, 127307, 1, 0, 0
6015, 132417, 1, 0, 0
6101, 143803, 1, 0, 0
6203, 145193, 1, 0, 0
6307, 148953, 1, 0, 0
6408, 166873, 1, 0, 0
6541, 141660, 1, 0, 0
6660, 174081, 1, 0, 0
6712, 134769, 1, 0, 0
6830, 128225, 1, 0, 0
6929, 160645, 1, 0, 0
7027, 130434, 1, 0, 0
7102, 144917, 1, 0, 0
7211, 146297, 1, 0, 0
7309, 149174, 1, 0, 0
7417, 123542, 1, 0, 0
7519, 204060, 1, 0, 0
7603, 191281, 1, 0, 0
7705, 110533, 1, 0, 0
7808, 125480, 1, 0, 0
7917, 155751, 1, 0, 0
8014, 149957, 1, 0, 0
8108, 141811, 1, 0, 0
8214, 169921, 1, 0, 0
8313, 219347, 1, 0, 0
8405, 163133, 1, 0, 0
8503, 119144, 1, 0, 0
8600, 120927, 1, 0, 0
8719, 131380, 1, 0, 0
8818, 129017, 1, 0, 0
8908, 123316, 1, 0, 0
9008, 121967, 1, 0, 0
9104, 150236, 1, 0, 0
9241, 124038, 1, 0, 0
9308, 153666, 1, 0, 0
9414, 130802, 1, 0, 0
9528, 167846, 1, 0, 0
9604, 130224, 1, 0, 0
9707, 102836, 1, 0, 0
9800, 132594, 1, 0, 0
9910, 123973, 1, 0, 0
10013, 118559, 1, 0, 0
10105, 133961, 1, 0, 0
10200, 135515, 1, 0, 0
10313, 126021, 1, 0, 0
10406, 113492, 1, 0, 0
10517, 102086, 1, 0, 0
10617, 112707, 1, 0, 0
10709, 103185, 1, 0, 0
10803, 134319, 1, 0, 0
10905, 131658, 1, 0, 0
11015, 105131, 1, 0, 0
11108, 103516, 1, 0, 0
11202, 106705, 1, 0, 0
11313, 141962, 1, 0, 0
11404, 115839, 1, 0, 0
11507, 136079, 1, 0, 0
11608, 168830, 1, 0, 0
11701, 114423, 1, 0, 0
11808, 124852, 1, 0, 0
11900, 143440, 1, 0, 0
12033, 116853, 1, 0, 0
12137, 118041, 1, 0, 0
12203, 138355, 1, 0, 0
12303, 140500, 1, 0, 0
12457, 152482, 1, 0, 0
12517, 154546, 1, 0, 0
12627, 142248, 1, 0, 0
12703, 105317, 1, 0, 0
12811, 94734, 1, 0, 0
12901, 81849, 1, 0, 0
13009, 88577, 1, 0, 0
13101, 89294, 1, 0, 0
13211, 93525, 1, 0, 0
13301, 101142, 1, 0, 0
13410, 120781, 1, 0, 0
13501, 119596, 1, 0, 0
13616, 125646, 1, 0, 0
13721, 143965, 1, 0, 0
13810, 147672, 1, 0, 0
13905, 162103, 1, 0, 0
14019, 183080, 1, 0, 0
14114, 134369, 1, 0, 0
14201, 135425, 1, 0, 0
14320, 182778, 1, 0, 0
14416, 132615, 1, 0, 0
14504, 181222, 1, 0, 0
14605, 135430, 1, 0, 0
14700, 111657, 1, 0, 0
14808, 124504, 1, 0, 0
14924, 116005, 1, 0, 0
15041, 129191, 1, 0, 0
15136, 111584, 1, 0, 0
15234, 159385, 1, 0, 0
15302, 146865, 1, 0, 0
15420, 156959, 1, 0, 0
15507, 131438, 1, 0, 0
15605, 140774, 1, 0, 0
15714, 137844, 1, 0, 0
15811, 138685, 1, 0, 0
15912, 144016, 1, 0, 0
16018, 143873, 1, 0, 0
16116, 120751, 1, 0, 0
16210, 105133, 1, 0, 0
16308, 182761, 1, 0, 0
16419, 158271, 1, 0, 0
16515, 130649, 1, 0, 0
16600, 124125, 1, 0, 0
16701, 160680, 1, 0, 0
16815, 147298, 1, 0, 0
16905, 129415, 1, 0, 0
17007, 157912, 1, 0, 0
17107, 136789, 1, 0, 0
17215, 142110, 1, 0, 0
17311, 129217, 1, 0, 0
17401, 104825, 1, 0, 0
17535, 93256, 1, 0, 0
17649, 124847, 1, 0, 0
17725, 75882, 1, 0, 0
17852, 95075, 1, 0, 0
17913, 104530, 1, 0, 0
18009, 81101, 1, 0, 0
18100, 96578, 1, 0, 0
18211, 118140, 1, 0, 0
18307, 106812, 1, 0, 0
18420, 123141, 1, 0, 0
18511, 93141, 1, 0, 0
18602, 98565, 1, 0, 0
18713, 87516, 1, 0, 0
18807, 111752, 1, 0, 0
18900, 110230, 1, 0, 0
19007, 106383, 1, 0, 0
19100, 125356, 1, 0, 0
19207, 97644, 1, 0, 0
19303, 110086, 1, 0, 0
19409, 97269, 1, 0, 0
19500, 101587, 1, 0, 0
19612, 114931, 1, 0, 0
19704, 114156, 1, 0, 0
19800, 110491, 1, 0, 0
19911, 125435, 1, 0, 0
20003, 130162, 1, 0, 0
20109, 126877, 1, 0, 0
20209, 141792, 1, 0, 0
20363, 152048, 1, 0, 0
20425, 118051, 1, 0, 0
20560, 111223, 1, 0, 0
20601, 97945, 1, 0, 0
20717, 94139, 1, 0, 0
20809, 94290, 1, 0, 0
20901, 110456, 1, 0, 0
21012, 105802, 1, 0, 0
21104, 106489, 1, 0, 0
21214, 115516, 1, 0, 0
21313, 106510, 1, 0, 0
21403, 103373, 1, 0, 0
21515, 107898, 1, 0, 0
21606, 105322, 1, 0, 0
21701, 118801, 1, 0, 0
21814, 129808, 1, 0, 0
21904, 100293, 1, 0, 0
22016, 178421, 1, 0, 0
22105, 140791, 1, 0, 0
22220, 111407, 1, 0, 0
22308, 202245, 1, 0, 0
22409, 158845, 1, 0, 0
22513, 110075, 1, 0, 0
22614, 127911, 1, 0, 0
22712, 97419, 1, 0, 0
22812, 120687, 1, 0, 0
22917, 127625, 1, 0, 0
23019, 150154, 1, 0, 0
23142, 183067, 1, 0, 0
23245, 136858, 1, 0, 0
23311, 183972, 1, 0, 0
23442, 188898, 1, 0, 0
23502, 138858, 1, 0, 0
23617, 152695, 1, 0, 0
23714, 135018, 1, 0, 0
23805, 146873, 1, 0, 0
23917, 122402, 1, 0, 0
24005, 141559, 1, 0, 0
24102, 171897, 1, 0, 0
24205, 128167, 1, 0, 0
24312, 124098, 1, 0, 0
24415, 180852, 1, 0, 0
24503, 129356, 1, 0, 0
24614, 135809, 1, 0, 0
24701, 162268, 1, 0, 0
24819, 118067, 1, 0, 0
24903, 101038, 1, 0, 0
25009, 134589, 1, 0, 0
25103, 119141, 1, 0, 0
25212, 102309, 1, 0, 0
25314, 110249, 1, 0, 0
25406, 140323, 1, 0, 0
25519, 102919, 1, 0, 0
25611, 99184, 1, 0, 0
25701, 119200, 1, 0, 0
25801, 128223, 1, 0, 0
25920, 158836, 1, 0, 0
26045, 121163, 1, 0, 0
26107, 138937, 1, 0, 0
26226, 162767, 1, 0, 0
26352, 163988, 1, 0, 0
26417, 178713, 1, 0, 0
26514, 182382, 1, 0, 0
26622, 136830, 1, 0, 0
26703, 119696, 1, 0, 0
26818, 116540, 1, 0, 0
26903, 105278, 1, 0, 0
27009, 109763, 1, 0, 0
27105, 148528, 1, 0, 0
27211, 131542, 1, 0, 0
27308, 131564, 1, 0, 0
27416, 108216, 1, 0, 0
27516, 114246, 1, 0, 0
27611, 126745, 1, 0, 0
27701, 144696, 1, 0, 0
27800, 136105, 1, 0, 0
27918, 128888, 1, 0, 0
28010, 140990, 1, 0, 0
28104, 125901, 1, 0, 0
28204, 153873, 1, 0, 0
28324, 108164, 1, 0, 0
28450, 94971, 1, 0, 0
28513, 92487, 1, 0, 0
28644, 121282, 1, 0, 0
28706, 97395, 1, 0, 0
28813, 107022, 1, 0, 0
28907, 111666, 1, 0, 0
29016, 139618, 1, 0, 0
29108, 110060, 1, 0, 0
29212, 132497, 1, 0, 0
29302, 126621, 1, 0, 0
29411, 110020, 1, 0, 0
29502, 109535, 1, 0, 0
29610, 111842, 1, 0, 0
29716, 111604, 1, 0, 0
29816, 89937, 1, 0, 0
29912, 92882, 1, 0, 0
30002, 106879, 1, 0, 0
30104, 119564, 1, 0, 0
30200, 114480, 1, 0, 0
30312, 133406, 1, 0, 0
30409, 131863, 1, 0, 0
30516, 118858, 1, 0, 0
30607, 124370, 1, 0, 0
30700, 116025, 1, 0, 0
30803, 115096, 1, 0, 0
30902, 128548, 1, 0, 0
31006, 172888, 1, 0, 0
31110, 125335, 1, 0, 0
31206, 172062, 1, 0, 0
31345, 126624, 1, 0, 0
31412, 127125, 1, 0, 0
31533, 120711, 1, 0, 0
31652, 188083, 1, 0, 0
31712, 188262, 1, 0, 0
31806, 143821, 1, 0, 0
31917, 162401, 1, 0, 0
32015, 103269, 1, 0, 0
32101, 119318, 1, 0, 0
32220, 108148, 1, 0, 0
32311, 115295, 1, 0, 0
32408, 138183, 1, 0, 0
32502, 142885, 1, 0, 0
32619, 149312, 1, 0, 0
32702, 157063, 1, 0, 0
32805, 137530, 1, 0, 0
32906, 142017, 1, 0, 0
33016, 151276, 1, 0, 0
33111, 153860, 1, 0, 0
33207, 156384, 1, 0, 0
33302, 154428, 1, 0, 0
33401, 118696, 1, 0, 0
33515, 108000, 1, 0, 0
33614, 108714, 1, 0, 0
33749, 107866, 1, 0, 0
33800, 128058, 1, 0, 0
33914, 123693, 1, 0, 0
34019, 148013, 1, 0, 0
34150, 126483, 1, 0, 0
34218, 130849, 1, 0, 0
34338, 114469, 1, 0, 0
34404, 213357, 1, 0, 0
34514, 143772, 1, 0, 0
34607, 147544, 1, 0, 0
34717, 106161, 1, 0, 0
34809, 104507, 1, 0, 0
34902, 102727, 1, 0, 0
35009, 102997, 1, 0, 0
35110, 108689, 1, 0, 0
35217, 115494, 1, 0, 0
35307, 131998, 1, 0, 0
35413, 112436, 1, 0, 0
35502, 112989, 1, 0, 0
35619, 123220, 1, 0, 0
35703, 124881, 1, 0, 0
35822, 123038, 1, 0, 0
35905, 104575, 1, 0, 0
36008, 140213, 1, 0, 0
36105, 129149, 1, 0, 0
36215, 150883, 1, 0, 0
36349, 126720, 1, 0, 0
36407, 112887, 1, 0, 0
36527, 120189, 1, 0, 0
36647, 134073, 1, 0, 0
36707, 107851, 1, 0, 0
36821, 138244, 1, 0, 0
36901, 104233, 1, 0, 0
37002, 102524, 1, 0, 0
37111, 102514, 1, 0, 0
37201, 111846, 1, 0, 0
37311, 96327, 1, 0, 0
37416, 96218, 1, 0, 0
37511, 102634, 1, 0, 0
37609, 132148, 1, 0, 0
37718, 121858, 1, 0, 0
37814, 141775, 1, 0, 0
37901, 139203, 1, 0, 0
38003, 142834, 1, 0, 0
38106, 140547, 1, 0, 0
38217, 141172, 1, 0, 0
38316, 118112, 1, 0, 0
38402, 109751, 1, 0, 0
38516, 128571, 1, 0, 0
38608, 126180, 1, 0, 0
38703, 116976, 1, 0, 0
38811, 137516, 1, 0, 0
38901, 111569, 1, 0, 0
39001, 128168, 1, 0, 0
39114, 128488, 1, 0, 0
39235, 127977, 1, 0, 0
39334, 150714, 1, 0, 0
39427, 116398, 1, 0, 0
39503, 130508, 1, 0, 0
39607, 120404, 1, 0, 0
39717, 110812, 1, 0, 0
39804, 132564, 1, 0, 0
39912, 120284, 1, 0, 0
40004, 134093, 1, 0, 0
40114, 116151, 1, 0, 0
40216, 114335, 1, 0, 0
40304, 120688, 1, 0, 0
40414, 123568, 1, 0, 0
40506, 96979, 1, 0, 0
40600, 116022, 1, 0, 0
40711, 104401, 1, 0, 0
40802, 122407, 1, 0, 0
40910, 106187, 1, 0, 0
41001, 105111, 1, 0, 0
41113, 114896, 1, 0, 0
41201, 152089, 1, 0, 0
41309, 132419, 1, 0, 0
41405, 129269, 1, 0, 0
41516, 149859, 1, 0, 0
41615, 191240, 1, 0, 0
41705, 149244, 1, 0, 0
41801, 154756, 1, 0, 0
41929, 146599, 1, 0, 0
42002, 112127, 1, 0, 0
42112, 129404, 1, 0, 0
42212, 190411, 1, 0, 0
42319, 173263, 1, 0, 0
42450, 120126, 1, 0, 0
42517, 130139, 1, 0, 0
42644, 136105, 1, 0, 0
42718, 126331, 1, 0, 0
42810, 125124, 1, 0, 0
42910, 116085, 1, 0, 0
43001, 107211, 1, 0, 0
43111, 100164, 1, 0, 0
43202, 113098, 1, 0, 0
43301, 104127, 1, 0, 0
43411, 105852, 1, 0, 0
43500, 111481, 1, 0, 0
43604, 95343, 1, 0, 0
43714, 121612, 1, 0, 0
43822, 169323, 1, 0, 0
43901, 134601, 1, 0, 0
44007, 167160, 1, 0, 0
44106, 146441, 1, 0, 0
44216, 154860, 1, 0, 0
44313, 152058, 1, 0, 0
44403, 139938, 1, 0, 0
44502, 158984, 1, 0, 0
44619, 280677, 1, 0, 0
44738, 151392, 1, 0, 0
44854, 169792, 1, 0, 0
44900, 143878, 1, 0, 0
45063, 137244, 1, 0, 0
45106, 141474, 1, 0, 0
45202, 139804, 1, 0, 0
45307, 183861, 1, 0, 0
45413, 140763, 1, 0, 0
45509, 132286, 1, 0, 0
45616, 128854, 1, 0, 0
45716, 126187, 1, 0, 0
45802, 133212, 1, 0, 0
45904, 141268, 1, 0, 0
46005, 158445, 1, 0, 0
46115, 129479, 1, 0, 0
46209, 154027, 1, 0, 0
46300, 141587, 1, 0, 0
46419, 127635, 1, 0, 0
46509, 148852, 1, 0, 0
46603, 121912, 1, 0, 0
46714, 150635, 1, 0, 0
46810, 137721, 1, 0, 0
46919, 107683, 1, 0, 0
47030, 182805, 1, 0, 0
47101, 127295, 1, 0, 0
47209, 131120, 1, 0, 0
47317, 150149, 1, 0, 0
47448, 123373, 1, 0, 0
47513, 105435, 1, 0, 0
47614, 116829, 1, 0, 0
47706, 152359, 1, 0, 0
47801, 130809, 1, 0, 0
47908, 159178, 1, 0, 0
48009, 137073, 1, 0, 0
48112, 169231, 1, 0, 0
48200, 161818, 1, 0, 0
48318, 145547, 1, 0, 0
48404, 127295, 1, 0, 0
48501, 191914, 1, 0, 0
48611, 125623, 1, 0, 0
48712, 119707, 1, 0, 0
48815, 139530, 1, 0, 0
48930, 140918, 1, 0, 0
49014, 144124, 1, 0, 0
49117, 132465, 1, 0, 0
49212, 145838, 1, 0, 0
49300, 122909, 1, 0, 0
49415, 161090, 1, 0, 0
49503, 134157, 1, 0, 0
49610, 130730, 1, 0, 0
49717, 142993, 1, 0, 0
49818, 146876, 1, 0, 0
49903, 158197, 1, 0, 0
50009, 142534, 1, 0, 0
50119, 163227, 1, 0, 0
50229, 145008, 1, 0, 0
50345, 141430, 1, 0, 0
50416, 147016, 1, 0, 0
50544, 172526, 1, 0, 0
50605, 139191, 1, 0, 0
50738, 174225, 1, 0, 0
50807, 127078, 1, 0, 0
50910, 160983, 1, 0, 0
51015, 128681, 1, 0, 0
51102, 152505, 1, 0, 0
51209, 114645, 1, 0, 0
51311, 124831, 1, 0, 0
51418, 107032, 1, 0, 0
51514, 123968, 1, 0, 0
51601, 139892, 1, 0, 0
51712, 124352, 1, 0, 0
51807, 109794, 1, 0, 0
51900, 102537, 1, 0, 0
52005, 100635, 1, 0, 0
52109, 106820, 1, 0, 0
52215, 110322, 1, 0, 0
52307, 109745, 1, 0, 0
52411, 114981, 1, 0, 0
52504, 126737, 1, 0, 0
52629, 97664, 1, 0, 0
52719, 102619, 1, 0, 0
52848, 118260, 1, 0, 0
52915, 109405, 1, 0, 0
53037, 97724, 1, 0, 0
53162, 115514, 1, 0, 0
53216, 127925, 1, 0, 0
53308, 109388, 1, 0, 0
53416, 109501, 1, 0, 0
53506, 109431, 1, 0, 0
53616, 122428, 1, 0, 0
53708, 121162, 1, 0, 0
53816, 127346, 1, 0, 0
53909, 124544, 1, 0, 0
54000, 107740, 1, 0, 0
54111, 107612, 1, 0, 0
54201, 111051, 1, 0, 0
54312, 153682, 1, 0, 0
54418, 122925, 1, 0, 0
54509, 115288, 1, 0, 0
54617, 127998, 1, 0, 0
54705, 120846, 1, 0, 0
54812, 118400, 1, 0, 0
54905, 104645, 1, 0, 0
55006, 158279, 1, 0, 0
55104, 118166, 1, 0, 0
55258, 114071, 1, 0, 0
55314, 135374, 1, 0, 0
55436, 126407, 1, 0, 0
55500, 142062, 1, 0, 0
55613, 128585, 1, 0, 0
55744, 138298, 1, 0, 0
55815, 111936, 1, 0, 0
55922, 163706, 1, 0, 0
56004, 117858, 1, 0, 0
56114, 111568, 1, 0, 0
56208, 109020, 1, 0, 0
56300, 116825, 1, 0, 0
56410, 287901, 1, 0, 0
56506, 137403, 1, 0, 0
56614, 144777, 1, 0, 0
56707, 146882, 1, 0, 0
56816, 142991, 1, 0, 0
56907, 109095, 1, 0, 0
57012, 128381, 1, 0, 0
57111, 160783, 1, 0, 0
57219, 193852, 1, 0, 0
57318, 184962, 1, 0, 0
57400, 151400, 1, 0, 0
57502, 138600, 1, 0, 0
57605, 188583, 1, 0, 0
57710, 161533, 1, 0, 0
57830, 160508, 1, 0, 0
57950, 179252, 1, 0, 0
58017, 190912, 1, 0, 0
58138, 173609, 1, 0, 0
58205, 107425, 1, 0, 0
58310, 171348, 1, 0, 0
58416, 182892, 1, 0, 0
58521, 129590, 1, 0, 0
58603, 125588, 1, 0, 0
58704, 205925, 1, 0, 0
58816, 178743, 1, 0, 0
58922, 186040, 1, 0, 0
59003, 175236, 1, 0, 0
59120, 148714, 1, 0, 0
59200, 133355, 1, 0, 0
59311, 145855, 1, 0, 0
59413, 183371, 1, 0, 0
59521, 179336, 1, 0, 0
59601, 244726, 1, 0, 0
59711, 162706, 1, 0, 0
59810, 179795, 1, 0, 0
59903, 106704, 1, 0, 0
60002, 132905, 1, 0, 0
60109, 163899, 1, 0, 0
60207, 160118, 1, 0, 0
60317, 172646, 1, 0, 0
60416, 228430, 1, 0, 0
60507, 175263, 1, 0, 0
60638, 148939, 1, 0, 0
60700, 385102, 1, 0, 0
60818, 173693, 1, 0, 0
60910, 135525, 1, 0, 0
61012, 167064, 1, 0, 0
61107, 173686, 1, 0, 0
61202, 205843, 1, 0, 0
61311, 198941, 1, 0, 0
61410, 190918, 1, 0, 0
61519, 207797, 1, 0, 0
61620, 146724, 1, 0, 0
61703, 113927, 1, 0, 0
61809, 174920, 1, 0, 0
61904, 167294, 1, 0, 0
62015, 171018, 1, 0, 0
62114, 134025, 1, 0, 0
62203, 149807, 1, 0, 0
62300, 199835, 1, 0, 0
62402, 185367, 1, 0, 0
62507, 177473, 1, 0, 0
62606, 152492, 1, 0, 0
62722, 181857, 1, 0, 0
62803, 131850, 1, 0, 0
62911, 151786, 1, 0, 0
63010, 171966, 1, 0, 0
63118, 181931, 1, 0, 0
63212, 179311, 1, 0, 0
63305, 157646, 1, 0, 0
63408, 277456, 1, 0, 0
63532, 126649, 1, 0, 0
63644, 179949, 1, 0, 0
63702, 156888, 1, 0, 0
63809, 204050, 1, 0, 0
63916, 178111, 1, 0, 0
64005, 180438, 1, 0, 0
64105, 153780, 1, 0, 0
64210, 114530, 1, 0, 0
64312, 138020, 1, 0, 0
64417, 204834, 1, 0, 0
64521, 136323, 1, 0, 0
64600, 168901, 1, 0, 0
64708, 143153, 1, 0, 0
64805, 185323, 1, 0, 0
64915, 147997, 1, 0, 0
65010, 170600, 1, 0, 0
65108, 155629, 1, 0, 0
65204, 159253, 1, 0, 0
65308, 188797, 1, 0, 0
65414, 177004, 1, 0, 0
65508, 151147, 1, 0, 0
65617, 182538, 1, 0, 0
65713, 197562, 1, 0, 0
65817, 196544, 1, 0, 0
65919, 137659, 1, 0, 0
66023, 140201, 1, 0, 0
66123, 112822, 1, 0, 0
66237, 86286, 1, 0, 0
66305, 120669, 1, 0, 0
66433, 111331, 1, 0, 0
66551, 148777, 1, 0, 0
66609, 138907, 1, 0, 0
66710, 209568, 1, 0, 0
66813, 155987, 1, 0, 0
66917, 152254, 1, 0, 0
67014, 133983, 1, 0, 0
67103, 131580, 1, 0, 0
67201, 196587, 1, 0, 0
67312, 157061, 1, 0, 0
67413, 184415, 1, 0, 0
67518, 149134, 1, 0, 0
67620, 170203, 1, 0, 0
67712, 173959, 1, 0, 0
67813, 161612, 1, 0, 0
67900, 168600, 1, 0, 0
68015, 181439, 1, 0, 0
68106, 175361, 1, 0, 0
68203, 178679, 1, 0, 0
68305, 171438, 1, 0, 0
68410, 157423, 1, 0, 0
68508, 175209, 1, 0, 0
68622, 163319, 1, 0, 0
68714, 181085, 1, 0, 0
68844, 142859, 1, 0, 0
68918, 123595, 1, 0, 0
69045, 152838, 1, 0, 0
69106, 112673, 1, 0, 0
69209, 183772, 1, 0, 0
69318, 180186, 1, 0, 0
69418, 135482, 1, 0, 0
69510, 163706, 1, 0, 0
69606, 180744, 1, 0, 0
69716, 165586, 1, 0, 0
69812, 107014, 1, 0, 0
69902, 101961, 1, 0, 0
70019, 159668, 1, 0, 0
70110, 153130, 1, 0, 0
70212, 212587, 1, 0, 0
70302, 196407, 1, 0, 0
70400, 193269, 1, 0, 0
70508, 162021, 1, 0, 0
70612, 164360, 1, 0, 0
70708, 160691, 1, 0, 0
70820, 150112, 1, 0, 0
70918, 163381, 1, 0, 0
71000, 127177, 1, 0, 0
71101, 147827, 1, 0, 0
71207, 96791, 1, 0, 0
71301, 84221, 1, 0, 0
71405, 132203, 1, 0, 0
71522, 130348, 1, 0, 0
71628, 134314, 1, 0, 0
71735, 127932, 1, 0, 0
71814, 143571, 1, 0, 0
71912, 143610, 1, 0, 0
72002, 122713, 1, 0, 0
72107, 145880, 1, 0, 0
72201, 119889, 1, 0, 0
72311, 108424, 1, 0, 0
72403, 116277, 1, 0, 0
72514, 98858, 1, 0, 0
72601, 128219, 1, 0, 0
72729, 132908, 1, 0, 0
72811, 119099, 1, 0, 0
72903, 138529, 1, 0, 0
73017, 152502, 1, 0, 0
73114, 154139, 1, 0, 0
73209, 166394, 1, 0, 0
73377, 217251, 1, 0, 0
73505, 188877, 1, 0, 0
73612, 168784, 1, 0, 0
73700, 169107, 1, 0, 0
73800, 142506, 1, 0, 0
73912, 226250, 1, 0, 0
74016, 144093, 1, 0, 0
74107, 128784, 1, 0, 0
74218, 131611, 1, 0, 0
74304, 124713, 1, 0, 0
74430, 106672, 1, 0, 0
74551, 104238, 1, 0, 0
74612, 103207, 1, 0, 0
74705, 130552, 1, 0, 0
74817, 134645, 1, 0, 0
74911, 124322, 1, 0, 0
75000, 146926, 1, 0, 0
75106, 208778, 1, 0, 0
75200, 219392, 1, 0, 0
75317, 120914, 1, 0, 0
75406, 102468, 1, 0, 0
75500, 94154, 1, 0, 0
75613, 88243, 1, 0, 0
75702, 102676, 1, 0, 0
75803, 131759, 1, 0, 0
75913, 141964, 1, 0, 0
76006, 131891, 1, 0, 0
76117, 143448, 1, 0, 0
76204, 82672, 1, 0, 0
76300, 110687, 1, 0, 0
76416, 130469, 1, 0, 0
76512, 144432, 1, 0, 0
76606, 117251, 1, 0, 0
76717, 110522, 1, 0, 0
76805, 93242, 1, 0, 0
76901, 100968, 1, 0, 0
77006, 141392, 1, 0, 0
77101, 144336, 1, 0, 0
77202, 114933, 1, 0, 0
77339, 107973, 1, 0, 0
77443, 115683, 1, 0, 0
77511, 129634, 1, 0, 0
77608, 180417, 1, 0, 0
77700, 172253, 1, 0, 0
77867, 144118, 1, 0, 0
77913, 132278, 1, 0, 0
78010, 150943, 1, 0, 0
78105, 150619, 1, 0, 0
78213, 188829, 1, 0, 0
78308, 172512, 1, 0, 0
78410, 140497, 1, 0, 0
78517, 150313, 1, 0, 0
78620, 246703, 1, 0, 0
78700, 217434, 1, 0, 0
78807, 116540, 1, 0, 0
78928, 139165, 1, 0, 0
79003, 126471, 1, 0, 0
79119, 122443, 1, 0, 0
79204, 129678, 1, 0, 0
79315, 109455, 1, 0, 0
79407, 128853, 1, 0, 0
79509, 105492, 1, 0, 0
79601, 117537, 1, 0, 0
79714, 132105, 1, 0, 0
79806, 120324, 1, 0, 0
79914, 141827, 1, 0, 0
80000, 149514, 1, 0, 0
80134, 167453, 1, 0, 0
80227, 132513, 1, 0, 0
80300, 96506, 1, 0, 0
80414, 98137, 1, 0, 0
80514, 122397, 1, 0, 0
80601, 125939, 1, 0, 0
80711, 79441, 1, 0, 0
80807, 111460, 1, 0, 0
80903, 122025, 1, 0, 0
81011, 119308, 1, 0, 0
81116, 148354, 1, 0, 0
81217, 189508, 1, 0, 0
81326, 153491, 1, 0, 0
81401, 128524, 1, 0, 0
81515, 136134, 1, 0, 0
81604, 148204, 1, 0, 0
81700, 161591, 1, 0, 0
81801, 159226, 1, 0, 0
81907, 126885, 1, 0, 0
82008, 163212, 1, 0, 0
82111, 169554, 1, 0, 0
82229, 173766, 1, 0, 0
82310, 124592, 1, 0, 0
82411, 128704, 1, 0, 0
82524, 130824, 1, 0, 0
82608, 120377, 1, 0, 0
82710, 143268, 1, 0, 0
82805, 109107, 1, 0, 0
82901, 120883, 1, 0, 0
83039, 110456, 1, 0, 0
83100, 115856, 1, 0, 0
83200, 124540, 1, 0, 0
83330, 115402, 1, 0, 0
83447, 109206, 1, 0, 0
83508, 117883, 1, 0, 0
83624, 105339, 1, 0, 0
83724, 123323, 1, 0, 0
83816, 129252, 1, 0, 0
83902, 135845, 1, 0, 0
84000, 138884, 1, 0, 0
84106, 101810, 1, 0, 0
84206, 131340, 1, 0, 0
84314, 116715, 1, 0, 0
84413, 117703, 1, 0, 0
84525, 144480, 1, 0, 0
84603, 122530, 1, 0, 0
84718, 144621, 1, 0, 0
84819, 130313, 1, 0, 0
84902, 141852, 1, 0, 0
85004, 128981, 1, 0, 0
85126, 166438, 1, 0, 0
85208, 187019, 1, 0, 0
85323, 167797, 1, 0, 0
85423, 143358, 1, 0, 0
85514, 132813, 1, 0, 0
85613, 142237, 1, 0, 0
85701, 131195, 1, 0, 0
85820, 177280, 1, 0, 0
85915, 156944, 1, 0, 0
86002, 214323, 1, 0, 0
86117, 181863, 1, 0, 0
86205, 142760, 1, 0, 0
86304, 239313, 1, 0, 0
86432, 159289, 1, 0, 0
86561, 162465, 1, 0, 0
86611, 130085, 1, 0, 0
86719, 137956, 1, 0, 0
86813, 108642, 1, 0, 0
86904, 117214, 1, 0, 0
87019, 142574, 1, 0, 0
87110, 135670, 1, 0, 0
87206, 133614, 1, 0, 0
87305, 148770, 1, 0, 0
87415, 165436, 1, 0, 0
87515, 161205, 1, 0, 0
87618, 164213, 1, 0, 0
87713, 119750, 1, 0, 0
87815, 167641, 1, 0, 0
87904, 175729, 1, 0, 0
88000, 150715, 1, 0, 0
88107, 120187, 1, 0, 0
88215, 113200, 1, 0, 0
88307, 155947, 1, 0, 0
88401, 193705, 1, 0, 0
88511, 135701, 1, 0, 0
88619, 134766, 1, 0, 0
88719, 132321, 1, 0, 0
88812, 117167, 1, 0, 0
88920, 116546, 1, 0, 0
89011, 119340, 1, 0, 0
89100, 114212, 1, 0, 0
89231, 116894, 1, 0, 0
89326, 109002, 1, 0, 0
89414, 109148, 1, 0, 0
89502, 111485, 1, 0, 0
89613, 126541, 1, 0, 0
89704, 109968, 1, 0, 0
89814, 117047, 1, 0, 0
89906, 110181, 1, 0, 0
90011, 149780, 1, 0, 0
