109, 94523, 1, 0, 0
200, 102636, 1, 0, 0
310, 84072, 1, 0, 0
402, 83074, 1, 0, 0
511, 83978, 1, 0, 0
604, 116469, 1, 0, 0
703, 112806, 1, 0, 0
815, 122338, 1, 0, 0
935, 104033, 1, 0, 0
1035, 115984, 1, 0, 0
1145, 102253, 1, 0, 0
1217, 97968, 1, 0, 0
1343, 112848, 1, 0, 0
1414, 114854, 1, 0, 0
1504, 110648, 1, 0, 0
1612, 111426, 1, 0, 0
1704, 139888, 1, 0, 0
1820, 159526, 1, 0, 0
1919, 158066, 1, 0, 0
2005, 127958, 1, 0, 0
2100, 83984, 1, 0, 0
2210, 130702, 1, 0, 0
2302, 116838, 1, 0, 0
2413, 139211, 1, 0, 0
2504, 123967, 1, 0, 0
2612, 153499, 1, 0, 0
2706, 129395, 1, 0, 0
2813, 100127, 1, 0, 0
2905, 119679, 1, 0, 0
3017, 140900, 1, 0, 0
3116, 103287, 1, 0, 0
3214, 105763, 1, 0, 0
3314, 154316, 1, 0, 0
3406, 150608, 1, 0, 0
3522, 129706, 1, 0, 0
3617, 145291, 1, 0, 0
3709, 93291, 1, 0, 0
3805, 136309, 1, 0, 0
3905, 117347, 1, 0, 0
4011, 126871, 1, 0, 0
4114, 104398, 1, 0, 0
4211, 138729, 1, 0, 0
4300, 169099, 1, 0, 0
4415, 164883, 1, 0, 0
4503, 166697, 1, 0, 0
4608, 195050, 1, 0, 0
4711, 206750, 1, 0, 0
4801, 141854, 1, 0, 0
4909, 147284, 1, 0, 0
5010, 140310, 1, 0, 0
5118, 136345, 1, 0, 0
5201, 165169, 1, 0, 0
5307, 137279, 1, 0, 0
5407, 119191, 1, 0, 0
5512, 148584, 1, 0, 0
5612, 167468, 1, 0, 0
5703, 123530, 1, 0, 0
5800, 183603, 1, 0, 0
5907, 144298, 1, 0, 0
6007, 130973, 1, 0, 0
6111, 218839, 1, 0, 0
6216, 141827, 1, 0, 0
6300, 140128, 1, 0, 0
6401, 95622, 1, 0, 0
6533, 101888, 1, 0, 0
6653, 159520, 1, 0, 0
6704, 90897, 1, 0, 0
6823, 128327, 1, 0, 0
6921, 118163, 1, 0, 0
7020, 123827, 1, 0, 0
7116, 159125, 1, 0, 0
7204, 174294, 1, 0, 0
7302, 202681, 1, 0, 0
7409, 183100, 1, 0, 0
7511, 147998, 1, 0, 0
7615, 175011, 1, 0, 0
7721, 162337, 1, 0, 0
7800, 128909, 1, 0, 0
7909, 113360, 1, 0, 0
8006, 158377, 1, 0, 0
8100, 121288, 1, 0, 0
8207, 122394, 1, 0, 0
8305, 175826, 1, 0, 0
8418, 125930, 1, 0, 0
8516, 161837, 1, 0, 0
8612, 109833, 1, 0, 0
8712, 129198, 1, 0, 0
8810, 141563, 1, 0, 0
8907, 139100, 1, 0, 0
9000, 102926, 1, 0, 0
9112, 120392, 1, 0, 0
9234, 142170, 1, 0, 0
9301, 221247, 1, 0, 0
9406, 150518, 1, 0, 0
9521, 113473, 1, 0, 0
9618, 104763, 1, 0, 0
9718, 96456, 1, 0, 0
9812, 105746, 1, 0, 0
9903, 120826, 1, 0, 0
10014, 73914, 1, 0, 0
10109, 77671, 1, 0, 0
10204, 80396, 1, 0, 0
10315, 77591, 1, 0, 0
10409, 105724, 1, 0, 0
10516, 151950, 1, 0, 0
10603, 126471, 1, 0, 0
10712, 119357, 1, 0, 0
10801, 125830, 1, 0, 0
10916, 122449, 1, 0, 0
11007, 133696, 1, 0, 0
11100, 111049, 1, 0, 0
11205, 76718, 1, 0, 0
11313, 90140, 1, 0, 0
11403, 83064, 1, 0, 0
11510, 77273, 1, 0, 0
11600, 89053, 1, 0, 0
11713, 124595, 1, 0, 0
11809, 122108, 1, 0, 0
11901, 114610, 1, 0, 0
12025, 114507, 1, 0, 0
12129, 134638, 1, 0, 0
12248, 193432, 1, 0, 0
12331, 151483, 1, 0, 0
12449, 155878, 1, 0, 0
12509, 147135, 1, 0, 0
12620, 154903, 1, 0, 0
12703, 125519, 1, 0, 0
12812, 132638, 1, 0, 0
12902, 148576, 1, 0, 0
13011, 127877, 1, 0, 0
13103, 145815, 1, 0, 0
13203, 132219, 1, 0, 0
13310, 123889, 1, 0, 0
13403, 126630, 1, 0, 0
13512, 144215, 1, 0, 0
13615, 152306, 1, 0, 0
13713, 172031, 1, 0, 0
13803, 170939, 1, 0, 0
13919, 134375, 1, 0, 0
14012, 191460, 1, 0, 0
14108, 104986, 1, 0, 0
14210, 157698, 1, 0, 0
14312, 161051, 1, 0, 0
14401, 121645, 1, 0, 0
14514, 91218, 1, 0, 0
14620, 105088, 1, 0, 0
14743, 183951, 1, 0, 0
14800, 161443, 1, 0, 0
14916, 221472, 1, 0, 0
15033, 155386, 1, 0, 0
15128, 133278, 1, 0, 0
15226, 138922, 1, 0, 0
15313, 128167, 1, 0, 0
15412, 144558, 1, 0, 0
15518, 144498, 1, 0, 0
15620, 165052, 1, 0, 0
15706, 163228, 1, 0, 0
15804, 169632, 1, 0, 0
15904, 129306, 1, 0, 0
16010, 160335, 1, 0, 0
16109, 152984, 1, 0, 0
16202, 129301, 1, 0, 0
16300, 116247, 1, 0, 0
16412, 143954, 1, 0, 0
16508, 144131, 1, 0, 0
16616, 137430, 1, 0, 0
16714, 186991, 1, 0, 0
16810, 166049, 1, 0, 0
16916, 170005, 1, 0, 0
17022, 135726, 1, 0, 0
17119, 195582, 1, 0, 0
17208, 130961, 1, 0, 0
17304, 137335, 1, 0, 0
17404, 121386, 1, 0, 0
17503, 114082, 1, 0, 0
17611, 137942, 1, 0, 0
17745, 90146, 1, 0, 0
17802, 80966, 1, 0, 0
17939, 107768, 1, 0, 0
18011, 69096, 1, 0, 0
18102, 76400, 1, 0, 0
18212, 93303, 1, 0, 0
18310, 86412, 1, 0, 0
18402, 80974, 1, 0, 0
18515, 77902, 1, 0, 0
18604, 82910, 1, 0, 0
18714, 74793, 1, 0, 0
18808, 81888, 1, 0, 0
18901, 123871, 1, 0, 0
19008, 119644, 1, 0, 0
19118, 117773, 1, 0, 0
19210, 169740, 1, 0, 0
19312, 125822, 1, 0, 0
19402, 130718, 1, 0, 0
19513, 119087, 1, 0, 0
19616, 153325, 1, 0, 0
19708, 110714, 1, 0, 0
19813, 117669, 1, 0, 0
19903, 126075, 1, 0, 0
20029, 135007, 1, 0, 0
20102, 120781, 1, 0, 0
20201, 136879, 1, 0, 0
20355, 129877, 1, 0, 0
20417, 160197, 1, 0, 0
20552, 109261, 1, 0, 0
20615, 132917, 1, 0, 0
20710, 77227, 1, 0, 0
20801, 82471, 1, 0, 0
20912, 78034, 1, 0, 0
21004, 111280, 1, 0, 0
21115, 107591, 1, 0, 0
21206, 82864, 1, 0, 0
21305, 87875, 1, 0, 0
21416, 84581, 1, 0, 0
21507, 79811, 1, 0, 0
21615, 90592, 1, 0, 0
21713, 111119, 1, 0, 0
21807, 116641, 1, 0, 0
21901, 103361, 1, 0, 0
22007, 119442, 1, 0, 0
22108, 84576, 1, 0, 0
22200, 82347, 1, 0, 0
22301, 117559, 1, 0, 0
22402, 183499, 1, 0, 0
22506, 170104, 1, 0, 0
22606, 119359, 1, 0, 0
22718, 75618, 1, 0, 0
22805, 164481, 1, 0, 0
22909, 165785, 1, 0, 0
23012, 190953, 1, 0, 0
23134, 132959, 1, 0, 0
23238, 160148, 1, 0, 0
23303, 92386, 1, 0, 0
23434, 184624, 1, 0, 0
23563, 149017, 1, 0, 0
23609, 120321, 1, 0, 0
23706, 152631, 1, 0, 0
23814, 130854, 1, 0, 0
23910, 162535, 1, 0, 0
24015, 113466, 1, 0, 0
24120, 117905, 1, 0, 0
24215, 100509, 1, 0, 0
24304, 102800, 1, 0, 0
24408, 164134, 1, 0, 0
24517, 162728, 1, 0, 0
24606, 149164, 1, 0, 0
24714, 155722, 1, 0, 0
24811, 109374, 1, 0, 0
24904, 118271, 1, 0, 0
25013, 123653, 1, 0, 0
25106, 136184, 1, 0, 0
25215, 117937, 1, 0, 0
25306, 104266, 1, 0, 0
25421, 163784, 1, 0, 0
25512, 123409, 1, 0, 0
25603, 145189, 1, 0, 0
25717, 185494, 1, 0, 0
25846, 146669, 1, 0, 0
25912, 145355, 1, 0, 0
26038, 132927, 1, 0, 0
26165, 151577, 1, 0, 0
26218, 122157, 1, 0, 0
26345, 188554, 1, 0, 0
26409, 134623, 1, 0, 0
26506, 161898, 1, 0, 0
26614, 160956, 1, 0, 0
26705, 102869, 1, 0, 0
26818, 72218, 1, 0, 0
26907, 126839, 1, 0, 0
27002, 135649, 1, 0, 0
27116, 138722, 1, 0, 0
27204, 101990, 1, 0, 0
27310, 78075, 1, 0, 0
27418, 97822, 1, 0, 0
27509, 85481, 1, 0, 0
27604, 153249, 1, 0, 0
27713, 165375, 1, 0, 0
27805, 147782, 1, 0, 0
27920, 108221, 1, 0, 0
28011, 104278, 1, 0, 0
28106, 104819, 1, 0, 0
28204, 130067, 1, 0, 0
28344, 133349, 1, 0, 0
28402, 136283, 1, 0, 0
28537, 163279, 1, 0, 0
28607, 137913, 1, 0, 0
28731, 133927, 1, 0, 0
28814, 130898, 1, 0, 0
28906, 121830, 1, 0, 0
29018, 118872, 1, 0, 0
29109, 103561, 1, 0, 0
29204, 110077, 1, 0, 0
29312, 92032, 1, 0, 0
29403, 108437, 1, 0, 0
29512, 105567, 1, 0, 0
29602, 88051, 1, 0, 0
29708, 88730, 1, 0, 0
29820, 105268, 1, 0, 0
29905, 117876, 1, 0, 0
30014, 121363, 1, 0, 0
30106, 105660, 1, 0, 0
30211, 136121, 1, 0, 0
30305, 141148, 1, 0, 0
30412, 119882, 1, 0, 0
30508, 125321, 1, 0, 0
30600, 131233, 1, 0, 0
30711, 122149, 1, 0, 0
30805, 116825, 1, 0, 0
30919, 114081, 1, 0, 0
31018, 196758, 1, 0, 0
31102, 154300, 1, 0, 0
31254, 189486, 1, 0, 0
31338, 195404, 1, 0, 0
31405, 95054, 1, 0, 0
31526, 157734, 1, 0, 0
31645, 162717, 1, 0, 0
31705, 129744, 1, 0, 0
31821, 134436, 1, 0, 0
31910, 145511, 1, 0, 0
32017, 126558, 1, 0, 0
32113, 113933, 1, 0, 0
32206, 147207, 1, 0, 0
32304, 108797, 1, 0, 0
32421, 89154, 1, 0, 0
32510, 86175, 1, 0, 0
32611, 110701, 1, 0, 0
32712, 100132, 1, 0, 0
32822, 155849, 1, 0, 0
32918, 179796, 1, 0, 0
33008, 155918, 1, 0, 0
33103, 207936, 1, 0, 0
33200, 133630, 1, 0, 0
33301, 100020, 1, 0, 0
33405, 99006, 1, 0, 0
33530, 83434, 1, 0, 0
33606, 79120, 1, 0, 0
33742, 80105, 1, 0, 0
33850, 85025, 1, 0, 0
33906, 113067, 1, 0, 0
34011, 103977, 1, 0, 0
34142, 119452, 1, 0, 0
34210, 142690, 1, 0, 0
34331, 127675, 1, 0, 0
34426, 99384, 1, 0, 0
34506, 206400, 1, 0, 0
34606, 81269, 1, 0, 0
34700, 90023, 1, 0, 0
34809, 72900, 1, 0, 0
34900, 87515, 1, 0, 0
35011, 111772, 1, 0, 0
35102, 87216, 1, 0, 0
35209, 81729, 1, 0, 0
35318, 121867, 1, 0, 0
35406, 115780, 1, 0, 0
35515, 105682, 1, 0, 0
35612, 155094, 1, 0, 0
35715, 142569, 1, 0, 0
35814, 123077, 1, 0, 0
35917, 109907, 1, 0, 0
36000, 102667, 1, 0, 0
36117, 116464, 1, 0, 0
36207, 92334, 1, 0, 0
36342, 106217, 1, 0, 0
36400, 146909, 1, 0, 0
36519, 130066, 1, 0, 0
36640, 168141, 1, 0, 0
36700, 150146, 1, 0, 0
36813, 142439, 1, 0, 0
36912, 165169, 1, 0, 0
37006, 110416, 1, 0, 0
37114, 90531, 1, 0, 0
37209, 111482, 1, 0, 0
37303, 93109, 1, 0, 0
37409, 92980, 1, 0, 0
37503, 107486, 1, 0, 0
37602, 131767, 1, 0, 0
37710, 146157, 1, 0, 0
37807, 215595, 1, 0, 0
37913, 154816, 1, 0, 0
38020, 146816, 1, 0, 0
38119, 132898, 1, 0, 0
38209, 125879, 1, 0, 0
38308, 129205, 1, 0, 0
38414, 116789, 1, 0, 0
38509, 207626, 1, 0, 0
38600, 138900, 1, 0, 0
38716, 110789, 1, 0, 0
38803, 87428, 1, 0, 0
38910, 101941, 1, 0, 0
39009, 149384, 1, 0, 0
39107, 156549, 1, 0, 0
39228, 133747, 1, 0, 0
39326, 137260, 1, 0, 0
39419, 135613, 1, 0, 0
39514, 111254, 1, 0, 0
39600, 82851, 1, 0, 0
39709, 123129, 1, 0, 0
39814, 81756, 1, 0, 0
39904, 82905, 1, 0, 0
40015, 113730, 1, 0, 0
40107, 116523, 1, 0, 0
40200, 98866, 1, 0, 0
40303, 109843, 1, 0, 0
40416, 124424, 1, 0, 0
40509, 121220, 1, 0, 0
40604, 114298, 1, 0, 0
40713, 124649, 1, 0, 0
40804, 123823, 1, 0, 0
40913, 122572, 1, 0, 0
41014, 90677, 1, 0, 0
41105, 106379, 1, 0, 0
41213, 123741, 1, 0, 0
41302, 166596, 1, 0, 0
41420, 157758, 1, 0, 0
41508, 164938, 1, 0, 0
41608, 194530, 1, 0, 0
41714, 141023, 1, 0, 0
41816, 157233, 1, 0, 0
41921, 156316, 1, 0, 0
42040, 98486, 1, 0, 0
42105, 107450, 1, 0, 0
42204, 105756, 1, 0, 0
42312, 124799, 1, 0, 0
42442, 129619, 1, 0, 0
42510, 136129, 1, 0, 0
42636, 105854, 1, 0, 0
42711, 114447, 1, 0, 0
42802, 122831, 1, 0, 0
42902, 108031, 1, 0, 0
43012, 88840, 1, 0, 0
43104, 98597, 1, 0, 0
43214, 118616, 1, 0, 0
43311, 177162, 1, 0, 0
43404, 124636, 1, 0, 0
43512, 150174, 1, 0, 0
43614, 133027, 1, 0, 0
43707, 118101, 1, 0, 0
43814, 99824, 1, 0, 0
43912, 156900, 1, 0, 0
44021, 106180, 1, 0, 0
44119, 126184, 1, 0, 0
44208, 126064, 1, 0, 0
44306, 156800, 1, 0, 0
44413, 133150, 1, 0, 0
44545, 171381, 1, 0, 0
44611, 158717, 1, 0, 0
44731, 153031, 1, 0, 0
44847, 126871, 1, 0, 0
44945, 114006, 1, 0, 0
45056, 152183, 1, 0, 0
45116, 176693, 1, 0, 0
45217, 130422, 1, 0, 0
45318, 157643, 1, 0, 0
45406, 132303, 1, 0, 0
45501, 150874, 1, 0, 0
45608, 147286, 1, 0, 0
45709, 142702, 1, 0, 0
45815, 145675, 1, 0, 0
45920, 181377, 1, 0, 0
46016, 180653, 1, 0, 0
46107, 136201, 1, 0, 0
46201, 154958, 1, 0, 0
46311, 158773, 1, 0, 0
46411, 139298, 1, 0, 0
46501, 162551, 1, 0, 0
46617, 147546, 1, 0, 0
46706, 155254, 1, 0, 0
46802, 133637, 1, 0, 0
46910, 129822, 1, 0, 0
47022, 205789, 1, 0, 0
47113, 117245, 1, 0, 0
47201, 139500, 1, 0, 0
47310, 127440, 1, 0, 0
47441, 156373, 1, 0, 0
47506, 120193, 1, 0, 0
47606, 114274, 1, 0, 0
47718, 135669, 1, 0, 0
47815, 138425, 1, 0, 0
47900, 138047, 1, 0, 0
48002, 178829, 1, 0, 0
48105, 123544, 1, 0, 0
48212, 118135, 1, 0, 0
48310, 146716, 1, 0, 0
48415, 136857, 1, 0, 0
48516, 169122, 1, 0, 0
48605, 115699, 1, 0, 0
48705, 134601, 1, 0, 0
48808, 175237, 1, 0, 0
48922, 166089, 1, 0, 0
49006, 171122, 1, 0, 0
49110, 164717, 1, 0, 0
49205, 152835, 1, 0, 0
49313, 142591, 1, 0, 0
49408, 117299, 1, 0, 0
49512, 145175, 1, 0, 0
49602, 119942, 1, 0, 0
49710, 202304, 1, 0, 0
49810, 120971, 1, 0, 0
49915, 145539, 1, 0, 0
50001, 145390, 1, 0, 0
50111, 140390, 1, 0, 0
50221, 141272, 1, 0, 0
50338, 163500, 1, 0, 0
50408, 127174, 1, 0, 0
50537, 176338, 1, 0, 0
50668, 152116, 1, 0, 0
50730, 125391, 1, 0, 0
50800, 143228, 1, 0, 0
50902, 157697, 1, 0, 0
51008, 122462, 1, 0, 0
51113, 131566, 1, 0, 0
51201, 154012, 1, 0, 0
51303, 164121, 1, 0, 0
51411, 188021, 1, 0, 0
51507, 131499, 1, 0, 0
51617, 118862, 1, 0, 0
51726, 121609, 1, 0, 0
51800, 83446, 1, 0, 0
51910, 81153, 1, 0, 0
52018, 82342, 1, 0, 0
52101, 71396, 1, 0, 0
52208, 96417, 1, 0, 0
52300, 115519, 1, 0, 0
52404, 125634, 1, 0, 0
52516, 143824, 1, 0, 0
52622, 121403, 1, 0, 0
52712, 123332, 1, 0, 0
52840, 139386, 1, 0, 0
52908, 127344, 1, 0, 0
53029, 123901, 1, 0, 0
53154, 105699, 1, 0, 0
53209, 106252, 1, 0, 0
53301, 114119, 1, 0, 0
53409, 142437, 1, 0, 0
53517, 127944, 1, 0, 0
53608, 108878, 1, 0, 0
53700, 142295, 1, 0, 0
53809, 137023, 1, 0, 0
53901, 131382, 1, 0, 0
54011, 136461, 1, 0, 0
54104, 125382, 1, 0, 0
54211, 124389, 1, 0, 0
54304, 112444, 1, 0, 0
54410, 88568, 1, 0, 0
54501, 90762, 1, 0, 0
54609, 112424, 1, 0, 0
54716, 148374, 1, 0, 0
54805, 109981, 1, 0, 0
54917, 104593, 1, 0, 0
55016, 155487, 1, 0, 0
55108, 111456, 1, 0, 0
55251, 160518, 1, 0, 0
55307, 179988, 1, 0, 0
55429, 126733, 1, 0, 0
55547, 161403, 1, 0, 0
55606, 426237, 1, 0, 0
55736, 142986, 1, 0, 0
55808, 178127, 1, 0, 0
55914, 143214, 1, 0, 0
56013, 117842, 1, 0, 0
56107, 305706, 1, 0, 0
56200, 136611, 1, 0, 0
56311, 126416, 1, 0, 0
56403, 139960, 1, 0, 0
56509, 133892, 1, 0, 0
56615, 113972, 1, 0, 0
56708, 93852, 1, 0, 0
56800, 142050, 1, 0, 0
56900, 176247, 1, 0, 0
57005, 163609, 1, 0, 0
57103, 146625, 1, 0, 0
57211, 166256, 1, 0, 0
57310, 139038, 1, 0, 0
57411, 127280, 1, 0, 0
57516, 154640, 1, 0, 0
57616, 131367, 1, 0, 0
57702, 158035, 1, 0, 0
57822, 125493, 1, 0, 0
57943, 126785, 1, 0, 0
58009, 178767, 1, 0, 0
58131, 168910, 1, 0, 0
58226, 200558, 1, 0, 0
58302, 168671, 1, 0, 0
58409, 165415, 1, 0, 0
58513, 152417, 1, 0, 0
58614, 99203, 1, 0, 0
58720, 166858, 1, 0, 0
58808, 160214, 1, 0, 0
58914, 120575, 1, 0, 0
59016, 123244, 1, 0, 0
59113, 118348, 1, 0, 0
59212, 117192, 1, 0, 0
59303, 91235, 1, 0, 0
59405, 167041, 1, 0, 0
59513, 198727, 1, 0, 0
59612, 220909, 1, 0, 0
59704, 202323, 1, 0, 0
59802, 212614, 1, 0, 0
59916, 154305, 1, 0, 0
60015, 161557, 1, 0, 0
60101, 134612, 1, 0, 0
60200, 155797, 1, 0, 0
60310, 163291, 1, 0, 0
60408, 191868, 1, 0, 0
60517, 139711, 1, 0, 0
60630, 106937, 1, 0, 0
60744, 122165, 1, 0, 0
60810, 185825, 1, 0, 0
60902, 183677, 1, 0, 0
61004, 286901, 1, 0, 0
61144, 187938, 1, 0, 0
61215, 190056, 1, 0, 0
61303, 117660, 1, 0, 0
61402, 227991, 1, 0, 0
61511, 159286, 1, 0, 0
61613, 194547, 1, 0, 0
61714, 178945, 1, 0, 0
61801, 171652, 1, 0, 0
61918, 162723, 1, 0, 0
62008, 190087, 1, 0, 0
62107, 159526, 1, 0, 0
62215, 135149, 1, 0, 0
62315, 152506, 1, 0, 0
62412, 126619, 1, 0, 0
62521, 141247, 1, 0, 0
62618, 147723, 1, 0, 0
62715, 123165, 1, 0, 0
62816, 90073, 1, 0, 0
62903, 161852, 1, 0, 0
63002, 172276, 1, 0, 0
63110, 148238, 1, 0, 0
63204, 115210, 1, 0, 0
63335, 142708, 1, 0, 0
63400, 151630, 1, 0, 0
63524, 145359, 1, 0, 0
63636, 129517, 1, 0, 0
63747, 174669, 1, 0, 0
63801, 123763, 1, 0, 0
63909, 135117, 1, 0, 0
64018, 202819, 1, 0, 0
64120, 131953, 1, 0, 0
64202, 149790, 1, 0, 0
64305, 163908, 1, 0, 0
64410, 159830, 1, 0, 0
64514, 188300, 1, 0, 0
64611, 166409, 1, 0, 0
64700, 170948, 1, 0, 0
64818, 175008, 1, 0, 0
64907, 148459, 1, 0, 0
65002, 128821, 1, 0, 0
65100, 142698, 1, 0, 0
65218, 185505, 1, 0, 0
65300, 161290, 1, 0, 0
65406, 190404, 1, 0, 0
65500, 177327, 1, 0, 0
65609, 141389, 1, 0, 0
65706, 159909, 1, 0, 0
65809, 177832, 1, 0, 0
65911, 160472, 1, 0, 0
66015, 190126, 1, 0, 0
66116, 146538, 1, 0, 0
66230, 153417, 1, 0, 0
66358, 153775, 1, 0, 0
66425, 128810, 1, 0, 0
66544, 122449, 1, 0, 0
66602, 95057, 1, 0, 0
66702, 147155, 1, 0, 0
66805, 131095, 1, 0, 0
66909, 131437, 1, 0, 0
67006, 147964, 1, 0, 0
67117, 136118, 1, 0, 0
67214, 157235, 1, 0, 0
67304, 101593, 1, 0, 0
67405, 111859, 1, 0, 0
67510, 123351, 1, 0, 0
67612, 180737, 1, 0, 0
67704, 148302, 1, 0, 0
67805, 136831, 1, 0, 0
67910, 119249, 1, 0, 0
68007, 178030, 1, 0, 0
68117, 198760, 1, 0, 0
68218, 211441, 1, 0, 0
68316, 154689, 1, 0, 0
68403, 143764, 1, 0, 0
68500, 174285, 1, 0, 0
68615, 145047, 1, 0, 0
68707, 155308, 1, 0, 0
68836, 134302, 1, 0, 0
68910, 113213, 1, 0, 0
69038, 147159, 1, 0, 0
69125, 185024, 1, 0, 0
69201, 152250, 1, 0, 0
69310, 169707, 1, 0, 0
69411, 203084, 1, 0, 0
69502, 159274, 1, 0, 0
69619, 203468, 1, 0, 0
69709, 148986, 1, 0, 0
69805, 119418, 1, 0, 0
69915, 193485, 1, 0, 0
70012, 192218, 1, 0, 0
70103, 164065, 1, 0, 0
70205, 151194, 1, 0, 0
70313, 163035, 1, 0, 0
70415, 183215, 1, 0, 0
70500, 179398, 1, 0, 0
70605, 168535, 1, 0, 0
70701, 150363, 1, 0, 0
70812, 114298, 1, 0, 0
70911, 149786, 1, 0, 0
71011, 139395, 1, 0, 0
71115, 129915, 1, 0, 0
71211, 160635, 1, 0, 0
71300, 123622, 1, 0, 0
71424, 110743, 1, 0, 0
71541, 124643, 1, 0, 0
71647, 129259, 1, 0, 0
71701, 124403, 1, 0, 0
71815, 125615, 1, 0, 0
71905, 104968, 1, 0, 0
72010, 151497, 1, 0, 0
72100, 140740, 1, 0, 0
72203, 159613, 1, 0, 0
72309, 138342, 1, 0, 0
72403, 100072, 1, 0, 0
72516, 87495, 1, 0, 0
72605, 97446, 1, 0, 0
72721, 106956, 1, 0, 0
72812, 103910, 1, 0, 0
72904, 150282, 1, 0, 0
73010, 160860, 1, 0, 0
73106, 136259, 1, 0, 0
73201, 190657, 1, 0, 0
73370, 215443, 1, 0, 0
73498, 170202, 1, 0, 0
73524, 219804, 1, 0, 0
73604, 154225, 1, 0, 0
73718, 180528, 1, 0, 0
73815, 138983, 1, 0, 0
73904, 168748, 1, 0, 0
74008, 134463, 1, 0, 0
74110, 112897, 1, 0, 0
74201, 100968, 1, 0, 0
74308, 127639, 1, 0, 0
74449, 124464, 1, 0, 0
74517, 114798, 1, 0, 0
74611, 146231, 1, 0, 0
74708, 129592, 1, 0, 0
74800, 130590, 1, 0, 0
74915, 114148, 1, 0, 0
75014, 145010, 1, 0, 0
75119, 148283, 1, 0, 0
75214, 168424, 1, 0, 0
75300, 138377, 1, 0, 0
75408, 131434, 1, 0, 0
75502, 126091, 1, 0, 0
75612, 111951, 1, 0, 0
75701, 145394, 1, 0, 0
75814, 126172, 1, 0, 0
75906, 171355, 1, 0, 0
76018, 122995, 1, 0, 0
76109, 127030, 1, 0, 0
76215, 99837, 1, 0, 0
76300, 115545, 1, 0, 0
76408, 117490, 1, 0, 0
76504, 132517, 1, 0, 0
76618, 143820, 1, 0, 0
76715, 126249, 1, 0, 0
76813, 105736, 1, 0, 0
76901, 160007, 1, 0, 0
77017, 108651, 1, 0, 0
77137, 125372, 1, 0, 0
77239, 112749, 1, 0, 0
77305, 85460, 1, 0, 0
77409, 91887, 1, 0, 0
77520, 84476, 1, 0, 0
77616, 88766, 1, 0, 0
77700, 85928, 1, 0, 0
77859, 96503, 1, 0, 0
77906, 129366, 1, 0, 0
78003, 136048, 1, 0, 0
78118, 145538, 1, 0, 0
78205, 144782, 1, 0, 0
78301, 141071, 1, 0, 0
78402, 149633, 1, 0, 0
78510, 133885, 1, 0, 0
78612, 184072, 1, 0, 0
78704, 110471, 1, 0, 0
78821, 117695, 1, 0, 0
78921, 139426, 1, 0, 0
79002, 119326, 1, 0, 0
79119, 129160, 1, 0, 0
79217, 138308, 1, 0, 0
79307, 80230, 1, 0, 0
79425, 140321, 1, 0, 0
79501, 126679, 1, 0, 0
79615, 156962, 1, 0, 0
79707, 100912, 1, 0, 0
79816, 104613, 1, 0, 0
79907, 135545, 1, 0, 0
80019, 123406, 1, 0, 0
80127, 142047, 1, 0, 0
80219, 183353, 1, 0, 0
80307, 123426, 1, 0, 0
80406, 95524, 1, 0, 0
80507, 93916, 1, 0, 0
80600, 151561, 1, 0, 0
80711, 133873, 1, 0, 0
80809, 106874, 1, 0, 0
80915, 108928, 1, 0, 0
81004, 144071, 1, 0, 0
81109, 151776, 1, 0, 0
81209, 183259, 1, 0, 0
81318, 96163, 1, 0, 0
81414, 134779, 1, 0, 0
81507, 110503, 1, 0, 0
81618, 130686, 1, 0, 0
81718, 100959, 1, 0, 0
81811, 105046, 1, 0, 0
81900, 118777, 1, 0, 0
82001, 147401, 1, 0, 0
82103, 180137, 1, 0, 0
82206, 173378, 1, 0, 0
82323, 138698, 1, 0, 0
82402, 109307, 1, 0, 0
82508, 110614, 1, 0, 0
82600, 99729, 1, 0, 0
82702, 161579, 1, 0, 0
82818, 124208, 1, 0, 0
82901, 106258, 1, 0, 0
83031, 83131, 1, 0, 0
83115, 88061, 1, 0, 0
83222, 88329, 1, 0, 0
83350, 118956, 1, 0, 0
83403, 146653, 1, 0, 0
83524, 199390, 1, 0, 0
83641, 102913, 1, 0, 0
83706, 110463, 1, 0, 0
83820, 115643, 1, 0, 0
83916, 137787, 1, 0, 0
84001, 127368, 1, 0, 0
84121, 159806, 1, 0, 0
84216, 118775, 1, 0, 0
84306, 137673, 1, 0, 0
84414, 126015, 1, 0, 0
84521, 168908, 1, 0, 0
84619, 125615, 1, 0, 0
84710, 119671, 1, 0, 0
84812, 126159, 1, 0, 0
84913, 136980, 1, 0, 0
85022, 154338, 1, 0, 0
85118, 143418, 1, 0, 0
85200, 192071, 1, 0, 0
85322, 148508, 1, 0, 0
85440, 148056, 1, 0, 0
85501, 135554, 1, 0, 0
85619, 83003, 1, 0, 0
85711, 178798, 1, 0, 0
85812, 161352, 1, 0, 0
85908, 147663, 1, 0, 0
86016, 205579, 1, 0, 0
86110, 186533, 1, 0, 0
86222, 134610, 1, 0, 0
86354, 173592, 1, 0, 0
86425, 180975, 1, 0, 0
86553, 174153, 1, 0, 0
86603, 118871, 1, 0, 0
86720, 131797, 1, 0, 0
86813, 114287, 1, 0, 0
86905, 151345, 1, 0, 0
87018, 141714, 1, 0, 0
87110, 124368, 1, 0, 0
87217, 133265, 1, 0, 0
87303, 149945, 1, 0, 0
87407, 125956, 1, 0, 0
87508, 145312, 1, 0, 0
87610, 170809, 1, 0, 0
87700, 133550, 1, 0, 0
87807, 140834, 1, 0, 0
87915, 155257, 1, 0, 0
88012, 157586, 1, 0, 0
88100, 122055, 1, 0, 0
88207, 111707, 1, 0, 0
88319, 164145, 1, 0, 0
88411, 108616, 1, 0, 0
88504, 123411, 1, 0, 0
88611, 104074, 1, 0, 0
88700, 138053, 1, 0, 0
88810, 103698, 1, 0, 0
88903, 95772, 1, 0, 0
89012, 107423, 1, 0, 0
89112, 137892, 1, 0, 0
89247, 133589, 1, 0, 0
89342, 89320, 1, 0, 0
89417, 89204, 1, 0, 0
89506, 143242, 1, 0, 0
89616, 126966, 1, 0, 0
89706, 139326, 1, 0, 0
89813, 120186, 1, 0, 0
89905, 132014, 1, 0, 0
90027, 121814, 1, 0, 0
