100, 973267, 0, 0, 0
200, 1001741, 0, 0, 0
301, 1031307, 0, 0, 0
400, 1051549, 0, 0, 0
500, 1003668, 0, 0, 0
600, 1005059, 0, 0, 0
700, 1010737, 0, 0, 0
800, 964779, 0, 0, 0
900, 1037287, 0, 0, 0
1000, 973105, 0, 0, 0
1100, 977730, 0, 0, 0
1200, 1002354, 0, 0, 0
1300, 1007952, 0, 0, 0
1400, 1052370, 0, 0, 0
1500, 990592, 0, 0, 0
1600, 998037, 0, 0, 0
1700, 969635, 0, 0, 0
1800, 996696, 0, 0, 0
1900, 973949, 0, 0, 0
2000, 1040427, 0, 0, 0
2100, 1029681, 0, 0, 0
2200, 983948, 0, 0, 0
2300, 995526, 0, 0, 0
2400, 968171, 0, 0, 0
2500, 1007902, 0, 0, 0
2600, 1020268, 0, 0, 0
2700, 1008748, 0, 0, 0
2800, 1035288, 0, 0, 0
2900, 989346, 0, 0, 0
3000, 984874, 0, 0, 0
3100, 1002021, 0, 0, 0
3200, 977090, 0, 0, 0
3300, 1000988, 0, 0, 0
3400, 966880, 0, 0, 0
3500, 986656, 0, 0, 0
3600, 1009040, 0, 0, 0
3700, 981558, 0, 0, 0
3800, 973455, 0, 0, 0
3900, 1030357, 0, 0, 0
4000, 984105, 0, 0, 0
4100, 1003929, 0, 0, 0
4200, 970506, 0, 0, 0
4300, 1036418, 0, 0, 0
4400, 1011335, 0, 0, 0
4500, 964026, 0, 0, 0
4600, 988870, 0, 0, 0
4700, 1005011, 0, 0, 0
4800, 1016531, 0, 0, 0
4900, 1002369, 0, 0, 0
5000, 1027802, 0, 0, 0
5100, 980638, 0, 0, 0
5200, 979761, 0, 0, 0
5300, 1082197, 0, 0, 0
5400, 1012839, 0, 0, 0
5500, 1103609, 0, 0, 0
5600, 1114969, 0, 0, 0
5700, 1044836, 0, 0, 0
5800, 1071313, 0, 0, 0
5900, 1097138, 0, 0, 0
6000, 1140753, 0, 0, 0
6100, 1041980, 0, 0, 0
6200, 990208, 0, 0, 0
6300, 1052335, 0, 0, 0
6400, 1075204, 0, 0, 0
6500, 1054234, 0, 0, 0
6600, 1044917, 0, 0, 0
6700, 1034912, 0, 0, 0
6800, 997344, 0, 0, 0
6900, 1026988, 0, 0, 0
7000, 1043945, 0, 0, 0
7100, 1051993, 0, 0, 0
7200, 1058928, 0, 0, 0
7300, 1069972, 0, 0, 0
7400, 1085953, 0, 0, 0
7500, 1051806, 0, 0, 0
7600, 1049729, 0, 0, 0
7704, 1153946, 0, 0, 0
7800, 1022456, 0, 0, 0
7901, 1013571, 0, 0, 0
8000, 1115568, 0, 0, 0
8100, 999360, 0, 0, 0
8200, 999964, 0, 0, 0
8301, 1076279, 0, 0, 0
8401, 1029325, 0, 0, 0
8500, 1098409, 0, 0, 0
8600, 1055026, 0, 0, 0
8700, 1120345, 0, 0, 0
8801, 1048703, 0, 0, 0
8900, 1039952, 0, 0, 0
9000, 1090598, 0, 0, 0
9100, 1015297, 0, 0, 0
9205, 1089020, 0, 0, 0
9300, 1043409, 0, 0, 0
9400, 988967, 0, 0, 0
9500, 1065861, 0, 0, 0
9600, 1003264, 0, 0, 0
9700, 1138535, 0, 0, 0
9800, 1028594, 0, 0, 0
9900, 1061633, 0, 0, 0
10000, 1127491, 0, 0, 0
10100, 1047087, 0, 0, 0
10200, 1115197, 0, 0, 0
10300, 1162774, 0, 0, 0
10400, 1020369, 0, 0, 0
10500, 1044454, 0, 0, 0
10600, 1018559, 0, 0, 0
10700, 1024375, 0, 0, 0
10800, 982601, 0, 0, 0
10900, 1022123, 0, 0, 0
11000, 1011343, 0, 0, 0
11100, 992470, 0, 0, 0
11200, 978531, 0, 0, 0
11300, 1150572, 0, 0, 0
11400, 1032271, 0, 0, 0
11500, 1071167, 0, 0, 0
11600, 1043455, 0, 0, 0
11701, 1134155, 0, 0, 0
11800, 1062957, 0, 0, 0
11900, 1007047, 0, 0, 0
12001, 1104547, 0, 0, 0
12100, 1036028, 0, 0, 0
12200, 1016578, 0, 0, 0
12300, 1099956, 0, 0, 0
12401, 1025648, 0, 0, 0
12500, 1056545, 0, 0, 0
12600, 1019178, 0, 0, 0
12700, 1069056, 0, 0, 0
12800, 1000867, 0, 0, 0
12900, 999535, 0, 0, 0
13000, 1045576, 0, 0, 0
13100, 1052373, 0, 0, 0
13200, 1015803, 0, 0, 0
13300, 1062954, 0, 0, 0
13400, 1005630, 0, 0, 0
13500, 1014218, 0, 0, 0
13600, 1038703, 0, 0, 0
13704, 1096703, 0, 0, 0
13800, 1008690, 0, 0, 0
13900, 1010375, 0, 0, 0
14000, 1022824, 0, 0, 0
14100, 1080521, 0, 0, 0
14200, 1001821, 0, 0, 0
14300, 1012682, 0, 0, 0
14400, 1019516, 0, 0, 0
14500, 991816, 0, 0, 0
14600, 1024676, 0, 0, 0
14700, 1025460, 0, 0, 0
14801, 1048051, 0, 0, 0
14900, 993145, 0, 0, 0
15000, 983913, 0, 0, 0
15100, 1034485, 0, 0, 0
15200, 982039, 0, 0, 0
15305, 1120285, 0, 0, 0
15400, 1048856, 0, 0, 0
15501, 1066715, 0, 0, 0
15600, 1028252, 0, 0, 0
15700, 1015009, 0, 0, 0
15800, 1092142, 0, 0, 0
15900, 1024766, 0, 0, 0
16000, 989130, 0, 0, 0
16100, 978626, 0, 0, 0
16200, 1003904, 0, 0, 0
16300, 1114373, 0, 0, 0
16400, 1032362, 0, 0, 0
16500, 1029162, 0, 0, 0
16600, 1113941, 0, 0, 0
16700, 1007328, 0, 0, 0
16800, 1068819, 0, 0, 0
16900, 1014675, 0, 0, 0
17000, 979578, 0, 0, 0
17100, 998316, 0, 0, 0
17200, 1021341, 0, 0, 0
17300, 1072874, 0, 0, 0
17400, 1074861, 0, 0, 0
17500, 982611, 0, 0, 0
17600, 1015572, 0, 0, 0
17700, 1013435, 0, 0, 0
17801, 1064532, 0, 0, 0
17900, 982150, 0, 0, 0
18000, 1008721, 0, 0, 0
18100, 976784, 0, 0, 0
18200, 1020175, 0, 0, 0
18300, 986769, 0, 0, 0
18401, 1094363, 0, 0, 0
18500, 1033047, 0, 0, 0
18600, 952177, 0, 0, 0
18700, 996501, 0, 0, 0
18800, 1022119, 0, 0, 0
18900, 967659, 0, 0, 0
19000, 991207, 0, 0, 0
19100, 1011065, 0, 0, 0
19200, 997694, 0, 0, 0
19300, 1065967, 0, 0, 0
19400, 1036346, 0, 0, 0
19500, 980088, 0, 0, 0
19600, 986077, 0, 0, 0
19700, 1015859, 0, 0, 0
19800, 1011641, 0, 0, 0
19900, 987102, 0, 0, 0
20000, 1012111, 0, 0, 0
20100, 1006574, 0, 0, 0
20200, 976535, 0, 0, 0
20300, 984689, 0, 0, 0
20400, 1005235, 0, 0, 0
20501, 1017240, 0, 0, 0
20600, 1003346, 0, 0, 0
20700, 1063253, 0, 0, 0
20800, 1048198, 0, 0, 0
20900, 974894, 0, 0, 0
21000, 985027, 0, 0, 0
21100, 953257, 0, 0, 0
21200, 1058231, 0, 0, 0
21300, 1057003, 0, 0, 0
21400, 991788, 0, 0, 0
21500, 988953, 0, 0, 0
21600, 1086751, 0, 0, 0
21700, 1069632, 0, 0, 0
21800, 1637610, 0, 0, 0
21900, 1055486, 0, 0, 0
22000, 1032535, 0, 0, 0
22100, 1052315, 0, 0, 0
22200, 975757, 0, 0, 0
22300, 991828, 0, 0, 0
22400, 997475, 0, 0, 0
22500, 1071773, 0, 0, 0
22600, 974161, 0, 0, 0
22700, 1010261, 0, 0, 0
22800, 1034000, 0, 0, 0
22900, 1017620, 0, 0, 0
23000, 1019663, 0, 0, 0
23100, 1008358, 0, 0, 0
23200, 994636, 0, 0, 0
23300, 995338, 0, 0, 0
23400, 961683, 0, 0, 0
23500, 997339, 0, 0, 0
23600, 1057682, 0, 0, 0
23700, 1034349, 0, 0, 0
23800, 1027624, 0, 0, 0
23900, 983447, 0, 0, 0
24000, 998232, 0, 0, 0
24100, 983641, 0, 0, 0
24200, 1004397, 0, 0, 0
24300, 1034988, 0, 0, 0
24400, 1052459, 0, 0, 0
24500, 1028651, 0, 0, 0
24600, 1024675, 0, 0, 0
24700, 988312, 0, 0, 0
24800, 1023747, 0, 0, 0
24900, 988196, 0, 0, 0
25000, 1061040, 0, 0, 0
25100, 1024704, 0, 0, 0
25200, 1027470, 0, 0, 0
25300, 992767, 0, 0, 0
25400, 988407, 0, 0, 0
25500, 982559, 0, 0, 0
25600, 972272, 0, 0, 0
25700, 1020991, 0, 0, 0
25800, 965704, 0, 0, 0
25900, 1021226, 0, 0, 0
26000, 1071927, 0, 0, 0
26100, 966520, 0, 0, 0
26200, 965198, 0, 0, 0
26300, 1018596, 0, 0, 0
26400, 999868, 0, 0, 0
26500, 996592, 0, 0, 0
26600, 1004916, 0, 0, 0
26700, 1038173, 0, 0, 0
26801, 1017391, 0, 0, 0
26900, 1014485, 0, 0, 0
27000, 1038183, 0, 0, 0
27100, 1014892, 0, 0, 0
27200, 1083223, 0, 0, 0
27300, 1019291, 0, 0, 0
27400, 1032640, 0, 0, 0
27500, 1000944, 0, 0, 0
27601, 1055739, 0, 0, 0
27700, 1008698, 0, 0, 0
27800, 1002583, 0, 0, 0
27900, 958483, 0, 0, 0
28000, 986722, 0, 0, 0
28100, 1001034, 0, 0, 0
28200, 1011964, 0, 0, 0
28300, 994907, 0, 0, 0
28400, 984405, 0, 0, 0
28500, 1038407, 0, 0, 0
28600, 1015731, 0, 0, 0
28700, 969122, 0, 0, 0
28800, 985119, 0, 0, 0
28900, 1004636, 0, 0, 0
29000, 1002815, 0, 0, 0
29100, 984061, 0, 0, 0
29200, 987091, 0, 0, 0
29300, 998312, 0, 0, 0
29400, 1020242, 0, 0, 0
29500, 1015344, 0, 0, 0
29600, 974434, 0, 0, 0
29700, 998218, 0, 0, 0
29800, 1057727, 0, 0, 0
29900, 974690, 0, 0, 0
30000, 989439, 0, 0, 0
30100, 1017731, 0, 0, 0
30200, 1052822, 0, 0, 0
30300, 969459, 0, 0, 0
30400, 1039408, 0, 0, 0
30500, 1054439, 0, 0, 0
30600, 1043399, 0, 0, 0
30700, 1009810, 0, 0, 0
30800, 1012427, 0, 0, 0
30900, 1056994, 0, 0, 0
31000, 993482, 0, 0, 0
31100, 993221, 0, 0, 0
31200, 1020226, 0, 0, 0
31300, 987378, 0, 0, 0
31400, 1058804, 0, 0, 0
31500, 1007365, 0, 0, 0
31601, 979694, 0, 0, 0
31700, 975555, 0, 0, 0
31800, 988991, 0, 0, 0
31900, 991253, 0, 0, 0
32000, 966655, 0, 0, 0
32100, 1024184, 0, 0, 0
32200, 980366, 0, 0, 0
32300, 978183, 0, 0, 0
32400, 1083489, 0, 0, 0
32500, 1027255, 0, 0, 0
32600, 989462, 0, 0, 0
32700, 1038593, 0, 0, 0
32800, 989972, 0, 0, 0
32900, 970196, 0, 0, 0
33000, 991589, 0, 0, 0
33100, 1034904, 0, 0, 0
33200, 989841, 0, 0, 0
33300, 980893, 0, 0, 0
33400, 1020457, 0, 0, 0
33500, 993269, 0, 0, 0
33600, 1008938, 0, 0, 0
33700, 969468, 0, 0, 0
33800, 992968, 0, 0, 0
33900, 997213, 0, 0, 0
34000, 1019936, 0, 0, 0
34100, 984235, 0, 0, 0
34200, 1026904, 0, 0, 0
34300, 1005992, 0, 0, 0
34400, 1038016, 0, 0, 0
34500, 962869, 0, 0, 0
34600, 972514, 0, 0, 0
34700, 1031781, 0, 0, 0
34800, 1049267, 0, 0, 0
34900, 1016637, 0, 0, 0
35000, 990069, 0, 0, 0
35100, 1007576, 0, 0, 0
35200, 985629, 0, 0, 0
35300, 995207, 0, 0, 0
35400, 992248, 0, 0, 0
35500, 998325, 0, 0, 0
35600, 1020727, 0, 0, 0
35700, 1028306, 0, 0, 0
35800, 1020209, 0, 0, 0
35900, 1080775, 0, 0, 0
36000, 1040776, 0, 0, 0
36100, 1065624, 0, 0, 0
36200, 1069400, 0, 0, 0
36300, 972702, 0, 0, 0
36400, 1033378, 0, 0, 0
36500, 975376, 0, 0, 0
36600, 988878, 0, 0, 0
36700, 1009446, 0, 0, 0
36800, 996767, 0, 0, 0
36900, 1036830, 0, 0, 0
37000, 1002721, 0, 0, 0
37100, 991330, 0, 0, 0
37200, 1001723, 0, 0, 0
37300, 1019203, 0, 0, 0
37401, 1026600, 0, 0, 0
37500, 1010769, 0, 0, 0
37600, 989792, 0, 0, 0
37701, 1045228, 0, 0, 0
37800, 1052759, 0, 0, 0
37900, 991692, 0, 0, 0
38000, 996119, 0, 0, 0
38100, 1007319, 0, 0, 0
38201, 1038272, 0, 0, 0
38300, 1007194, 0, 0, 0
38400, 996596, 0, 0, 0
38500, 1059817, 0, 0, 0
38600, 979244, 0, 0, 0
38700, 1069831, 0, 0, 0
38800, 983429, 0, 0, 0
38900, 988275, 0, 0, 0
39000, 1020186, 0, 0, 0
39100, 1038691, 0, 0, 0
39200, 966626, 0, 0, 0
39300, 996069, 0, 0, 0
39400, 1012236, 0, 0, 0
39500, 1005239, 0, 0, 0
39600, 1029366, 0, 0, 0
39700, 989913, 0, 0, 0
39800, 979452, 0, 0, 0
39900, 995122, 0, 0, 0
40000, 999775, 0, 0, 0
40100, 1015064, 0, 0, 0
40200, 1022182, 0, 0, 0
40301, 985309, 0, 0, 0
40400, 1014281, 0, 0, 0
40500, 995437, 0, 0, 0
40600, 977316, 0, 0, 0
40700, 1015907, 0, 0, 0
40800, 1056499, 0, 0, 0
40900, 1005930, 0, 0, 0
41000, 1019778, 0, 0, 0
41100, 1008701, 0, 0, 0
41200, 1007927, 0, 0, 0
41300, 1008932, 0, 0, 0
41400, 1006615, 0, 0, 0
41500, 981751, 0, 0, 0
41600, 1027705, 0, 0, 0
41700, 1087743, 0, 0, 0
41800, 1027007, 0, 0, 0
41900, 1014445, 0, 0, 0
42000, 1079338, 0, 0, 0
42100, 1053962, 0, 0, 0
42200, 1015844, 0, 0, 0
42300, 996614, 0, 0, 0
42400, 1000997, 0, 0, 0
42500, 1013632, 0, 0, 0
42600, 1002457, 0, 0, 0
42700, 997989, 0, 0, 0
42800, 1064529, 0, 0, 0
42900, 1001118, 0, 0, 0
43000, 1073250, 0, 0, 0
43100, 993267, 0, 0, 0
43200, 1014045, 0, 0, 0
43300, 971215, 0, 0, 0
43400, 1009325, 0, 0, 0
43500, 1014287, 0, 0, 0
43600, 1017882, 0, 0, 0
43700, 1044145, 0, 0, 0
43800, 989754, 0, 0, 0
43900, 1015911, 0, 0, 0
44000, 1003173, 0, 0, 0
44100, 1016246, 0, 0, 0
44200, 975253, 0, 0, 0
44300, 992972, 0, 0, 0
44400, 1023014, 0, 0, 0
44500, 1015129, 0, 0, 0
44600, 1024286, 0, 0, 0
44700, 1051604, 0, 0, 0
44801, 960018, 0, 0, 0
44900, 984591, 0, 0, 0
45000, 983770, 0, 0, 0
45101, 987058, 0, 0, 0
45200, 1027726, 0, 0, 0
45300, 985881, 0, 0, 0
45400, 1001901, 0, 0, 0
45500, 992554, 0, 0, 0
45600, 1027075, 0, 0, 0
45700, 1000344, 0, 0, 0
45800, 991429, 0, 0, 0
45900, 1034128, 0, 0, 0
46000, 983859, 0, 0, 0
46100, 994710, 0, 0, 0
46200, 1001037, 0, 0, 0
46300, 1009414, 0, 0, 0
46400, 1016455, 0, 0, 0
46500, 1046532, 0, 0, 0
46600, 1020367, 0, 0, 0
46700, 1019673, 0, 0, 0
46800, 1005137, 0, 0, 0
46900, 1038385, 0, 0, 0
47000, 1005602, 0, 0, 0
47100, 988620, 0, 0, 0
47200, 993827, 0, 0, 0
47300, 983047, 0, 0, 0
47400, 1002293, 0, 0, 0
47500, 1036619, 0, 0, 0
47600, 987782, 0, 0, 0
47700, 950008, 0, 0, 0
47800, 972416, 0, 0, 0
47900, 1033569, 0, 0, 0
48000, 1058129, 0, 0, 0
48100, 1048155, 0, 0, 0
48200, 1010214, 0, 0, 0
48300, 974046, 0, 0, 0
48400, 988865, 0, 0, 0
48500, 1019821, 0, 0, 0
48601, 981466, 0, 0, 0
48700, 998386, 0, 0, 0
48800, 990366, 0, 0, 0
48900, 1024336, 0, 0, 0
49000, 1012880, 0, 0, 0
49100, 1002186, 0, 0, 0
49200, 983799, 0, 0, 0
49300, 1012033, 0, 0, 0
49400, 1009434, 0, 0, 0
49500, 986706, 0, 0, 0
49600, 1018789, 0, 0, 0
49700, 1015586, 0, 0, 0
49800, 1001240, 0, 0, 0
49900, 999082, 0, 0, 0
50000, 976300, 0, 0, 0
50100, 955280, 0, 0, 0
50200, 1023365, 0, 0, 0
50300, 1013702, 0, 0, 0
50400, 1018049, 0, 0, 0
50500, 997542, 0, 0, 0
50600, 986671, 0, 0, 0
50700, 1031294, 0, 0, 0
50800, 1023521, 0, 0, 0
50900, 1055844, 0, 0, 0
51000, 1026040, 0, 0, 0
51100, 977400, 0, 0, 0
51200, 1017588, 0, 0, 0
51300, 1004496, 0, 0, 0
51400, 1049662, 0, 0, 0
51500, 1035425, 0, 0, 0
51600, 1008899, 0, 0, 0
51700, 970739, 0, 0, 0
51800, 1029196, 0, 0, 0
51900, 1014557, 0, 0, 0
52000, 1014476, 0, 0, 0
52100, 1008299, 0, 0, 0
52200, 1023221, 0, 0, 0
52300, 974135, 0, 0, 0
52400, 994771, 0, 0, 0
52501, 1073134, 0, 0, 0
52600, 1073666, 0, 0, 0
52700, 987799, 0, 0, 0
52800, 986647, 0, 0, 0
52900, 1030916, 0, 0, 0
53000, 1025462, 0, 0, 0
53100, 1038931, 0, 0, 0
53200, 1078511, 0, 0, 0
53300, 1024376, 0, 0, 0
53400, 997552, 0, 0, 0
53500, 1016520, 0, 0, 0
53600, 989363, 0, 0, 0
53700, 978538, 0, 0, 0
53800, 984791, 0, 0, 0
53900, 1038405, 0, 0, 0
54000, 1005821, 0, 0, 0
54100, 986184, 0, 0, 0
54200, 991826, 0, 0, 0
54300, 983669, 0, 0, 0
54400, 1056728, 0, 0, 0
54500, 1037021, 0, 0, 0
54600, 1046156, 0, 0, 0
54700, 1007399, 0, 0, 0
54800, 985550, 0, 0, 0
54900, 983913, 0, 0, 0
55000, 980627, 0, 0, 0
55100, 981299, 0, 0, 0
55200, 994692, 0, 0, 0
55300, 989217, 0, 0, 0
55400, 1104584, 0, 0, 0
55500, 994704, 0, 0, 0
55600, 975227, 0, 0, 0
55700, 1008173, 0, 0, 0
55800, 1001245, 0, 0, 0
55900, 1000839, 0, 0, 0
56000, 1048403, 0, 0, 0
56100, 1016347, 0, 0, 0
56200, 991943, 0, 0, 0
56300, 1000669, 0, 0, 0
56400, 1005416, 0, 0, 0
56500, 997641, 0, 0, 0
56600, 978838, 0, 0, 0
56700, 971924, 0, 0, 0
56800, 987704, 0, 0, 0
56900, 1004648, 0, 0, 0
57000, 969766, 0, 0, 0
57100, 1027370, 0, 0, 0
57200, 982115, 0, 0, 0
57300, 988702, 0, 0, 0
57400, 1005779, 0, 0, 0
57500, 1028467, 0, 0, 0
57600, 1052758, 0, 0, 0
57700, 1057529, 0, 0, 0
57800, 1027564, 0, 0, 0
57900, 1003193, 0, 0, 0
58000, 1049422, 0, 0, 0
58100, 988853, 0, 0, 0
58200, 1002195, 0, 0, 0
58300, 935530, 0, 0, 0
58400, 989606, 0, 0, 0
58500, 1010008, 0, 0, 0
58600, 1018963, 0, 0, 0
58700, 1019597, 0, 0, 0
58800, 1006624, 0, 0, 0
58900, 1009708, 0, 0, 0
59000, 1030315, 0, 0, 0
59100, 1026175, 0, 0, 0
59200, 1022592, 0, 0, 0
59300, 1011033, 0, 0, 0
59400, 1000032, 0, 0, 0
59500, 1007838, 0, 0, 0
59600, 1003048, 0, 0, 0
59700, 1024465, 0, 0, 0
59800, 1014015, 0, 0, 0
59900, 984541, 0, 0, 0
60000, 1067952, 0, 0, 0
60100, 998303, 0, 0, 0
60200, 994344, 0, 0, 0
60300, 992639, 0, 0, 0
60400, 961373, 0, 0, 0
60500, 984328, 0, 0, 0
60600, 1011101, 0, 0, 0
60700, 991453, 0, 0, 0
60800, 1005568, 0, 0, 0
60900, 1045177, 0, 0, 0
61000, 975073, 0, 0, 0
61100, 1058985, 0, 0, 0
61200, 1049849, 0, 0, 0
61300, 995173, 0, 0, 0
61400, 1057230, 0, 0, 0
61500, 997305, 0, 0, 0
61600, 1044305, 0, 0, 0
61700, 1058141, 0, 0, 0
61800, 1013160, 0, 0, 0
61900, 1017228, 0, 0, 0
62000, 1012137, 0, 0, 0
62100, 1020160, 0, 0, 0
62200, 975695, 0, 0, 0
62300, 967748, 0, 0, 0
62401, 1071085, 0, 0, 0
62500, 1475393, 0, 0, 0
62600, 967092, 0, 0, 0
62700, 996864, 0, 0, 0
62800, 1017269, 0, 0, 0
62901, 993918, 0, 0, 0
63000, 983887, 0, 0, 0
63100, 983703, 0, 0, 0
63200, 1009225, 0, 0, 0
63300, 988808, 0, 0, 0
63400, 996582, 0, 0, 0
63500, 1023647, 0, 0, 0
63600, 1023703, 0, 0, 0
63700, 963220, 0, 0, 0
63800, 1015707, 0, 0, 0
63900, 1018814, 0, 0, 0
64000, 981317, 0, 0, 0
64100, 982159, 0, 0, 0
64200, 1033652, 0, 0, 0
64300, 1021776, 0, 0, 0
64400, 1018017, 0, 0, 0
64500, 1002304, 0, 0, 0
64600, 1031987, 0, 0, 0
64700, 1020105, 0, 0, 0
64800, 1014723, 0, 0, 0
64901, 1011380, 0, 0, 0
65000, 1056819, 0, 0, 0
65100, 1024896, 0, 0, 0
65200, 980259, 0, 0, 0
65300, 998108, 0, 0, 0
65400, 1002848, 0, 0, 0
65500, 1018663, 0, 0, 0
65600, 1005269, 0, 0, 0
65700, 1061803, 0, 0, 0
65800, 1026873, 0, 0, 0
65900, 998282, 0, 0, 0
66000, 989171, 0, 0, 0
66100, 1030063, 0, 0, 0
66200, 989706, 0, 0, 0
66300, 1163654, 0, 0, 0
66400, 984300, 0, 0, 0
66500, 1018786, 0, 0, 0
66600, 981238, 0, 0, 0
66700, 1030957, 0, 0, 0
66800, 1001741, 0, 0, 0
66900, 987609, 0, 0, 0
67000, 978192, 0, 0, 0
67100, 992865, 0, 0, 0
67200, 1052511, 0, 0, 0
67300, 1004906, 0, 0, 0
67400, 1084449, 0, 0, 0
67500, 1015135, 0, 0, 0
67600, 997465, 0, 0, 0
67700, 1022401, 0, 0, 0
67800, 1017265, 0, 0, 0
67900, 1013895, 0, 0, 0
68000, 999341, 0, 0, 0
68100, 1009761, 0, 0, 0
68200, 1019211, 0, 0, 0
68300, 1001514, 0, 0, 0
68400, 999203, 0, 0, 0
68500, 1061531, 0, 0, 0
68600, 978784, 0, 0, 0
68700, 977056, 0, 0, 0
68800, 1004848, 0, 0, 0
68900, 993770, 0, 0, 0
69000, 1016626, 0, 0, 0
69100, 1002595, 0, 0, 0
69200, 982286, 0, 0, 0
69300, 1011818, 0, 0, 0
69400, 1042280, 0, 0, 0
69500, 1020519, 0, 0, 0
69601, 1012229, 0, 0, 0
69700, 1049877, 0, 0, 0
69800, 1029338, 0, 0, 0
69901, 1042015, 0, 0, 0
70000, 1009534, 0, 0, 0
70100, 989899, 0, 0, 0
70200, 985153, 0, 0, 0
70300, 1013717, 0, 0, 0
70400, 1037122, 0, 0, 0
70501, 986044, 0, 0, 0
70600, 1046557, 0, 0, 0
70700, 990095, 0, 0, 0
70800, 977346, 0, 0, 0
70900, 1002694, 0, 0, 0
71000, 1011580, 0, 0, 0
71100, 1000053, 0, 0, 0
71200, 999692, 0, 0, 0
71300, 997862, 0, 0, 0
71400, 1007226, 0, 0, 0
71500, 993245, 0, 0, 0
71600, 1012582, 0, 0, 0
71700, 983292, 0, 0, 0
71800, 980739, 0, 0, 0
71900, 1021056, 0, 0, 0
72000, 1004286, 0, 0, 0
72100, 1023652, 0, 0, 0
72200, 1024392, 0, 0, 0
72300, 1037296, 0, 0, 0
72400, 1178216, 0, 0, 0
72500, 997997, 0, 0, 0
72600, 985000, 0, 0, 0
72700, 1001743, 0, 0, 0
72800, 973463, 0, 0, 0
72900, 983571, 0, 0, 0
73000, 996479, 0, 0, 0
73100, 1035000, 0, 0, 0
73200, 1010862, 0, 0, 0
73300, 996822, 0, 0, 0
73400, 993372, 0, 0, 0
73500, 992568, 0, 0, 0
73600, 977932, 0, 0, 0
73700, 966395, 0, 0, 0
73800, 1008704, 0, 0, 0
73902, 1040199, 0, 0, 0
74000, 1112249, 0, 0, 0
74100, 977766, 0, 0, 0
74200, 1033058, 0, 0, 0
74300, 1012335, 0, 0, 0
74400, 988599, 0, 0, 0
74500, 996718, 0, 0, 0
74600, 1023494, 0, 0, 0
74700, 1024897, 0, 0, 0
74800, 1053690, 0, 0, 0
74903, 1047116, 0, 0, 0
75000, 997893, 0, 0, 0
75100, 1010649, 0, 0, 0
75200, 1009959, 0, 0, 0
75300, 1016548, 0, 0, 0
75400, 974009, 0, 0, 0
75500, 1032034, 0, 0, 0
75600, 1029623, 0, 0, 0
75700, 1009808, 0, 0, 0
75800, 989393, 0, 0, 0
75900, 1025397, 0, 0, 0
76000, 1030952, 0, 0, 0
76100, 983147, 0, 0, 0
76200, 968472, 0, 0, 0
76300, 1011374, 0, 0, 0
76400, 1017939, 0, 0, 0
76500, 1002020, 0, 0, 0
76600, 1018429, 0, 0, 0
76700, 1022186, 0, 0, 0
76800, 1039520, 0, 0, 0
76900, 987150, 0, 0, 0
77000, 1009293, 0, 0, 0
77100, 1044020, 0, 0, 0
77200, 1028997, 0, 0, 0
77300, 1050366, 0, 0, 0
77400, 1034517, 0, 0, 0
77500, 1075664, 0, 0, 0
77600, 1009132, 0, 0, 0
77700, 999293, 0, 0, 0
77800, 987506, 0, 0, 0
77900, 999060, 0, 0, 0
78000, 989989, 0, 0, 0
78100, 1051330, 0, 0, 0
78200, 987579, 0, 0, 0
78300, 1028707, 0, 0, 0
78400, 1049199, 0, 0, 0
78500, 1012086, 0, 0, 0
78600, 1032665, 0, 0, 0
78700, 1065336, 0, 0, 0
78800, 989208, 0, 0, 0
78900, 992221, 0, 0, 0
79000, 982068, 0, 0, 0
79100, 987459, 0, 0, 0
79200, 1007719, 0, 0, 0
79300, 982461, 0, 0, 0
79400, 1006509, 0, 0, 0
79500, 974763, 0, 0, 0
79600, 994726, 0, 0, 0
79700, 1017735, 0, 0, 0
79800, 1047705, 0, 0, 0
79900, 996838, 0, 0, 0
80000, 1026981, 0, 0, 0
80100, 987872, 0, 0, 0
80200, 1030296, 0, 0, 0
80301, 1004566, 0, 0, 0
80400, 971253, 0, 0, 0
80500, 1006137, 0, 0, 0
80600, 1006107, 0, 0, 0
80700, 1018248, 0, 0, 0
80800, 1014650, 0, 0, 0
80900, 1000893, 0, 0, 0
81000, 979826, 0, 0, 0
81100, 1008649, 0, 0, 0
81200, 1008407, 0, 0, 0
81300, 1039250, 0, 0, 0
81400, 965800, 0, 0, 0
81500, 969225, 0, 0, 0
81600, 1025432, 0, 0, 0
81700, 1006639, 0, 0, 0
81800, 974460, 0, 0, 0
81900, 998846, 0, 0, 0
82000, 978875, 0, 0, 0
82100, 979498, 0, 0, 0
82200, 1005441, 0, 0, 0
82300, 996552, 0, 0, 0
82400, 1028805, 0, 0, 0
82500, 993770, 0, 0, 0
82600, 978496, 0, 0, 0
82700, 984860, 0, 0, 0
82800, 1003828, 0, 0, 0
82900, 985724, 0, 0, 0
83000, 1006700, 0, 0, 0
83100, 996913, 0, 0, 0
83200, 1015176, 0, 0, 0
83300, 998843, 0, 0, 0
83400, 973350, 0, 0, 0
83500, 986236, 0, 0, 0
83600, 1081534, 0, 0, 0
83700, 1015052, 0, 0, 0
83800, 1068858, 0, 0, 0
83900, 981631, 0, 0, 0
84000, 1029804, 0, 0, 0
84100, 985472, 0, 0, 0
84200, 1002649, 0, 0, 0
84300, 985780, 0, 0, 0
84401, 993994, 0, 0, 0
84500, 1011814, 0, 0, 0
84600, 1061149, 0, 0, 0
84700, 971572, 0, 0, 0
84800, 1004198, 0, 0, 0
84900, 1041698, 0, 0, 0
85000, 984559, 0, 0, 0
85100, 993290, 0, 0, 0
85200, 1031414, 0, 0, 0
85300, 1006391, 0, 0, 0
85400, 991423, 0, 0, 0
85500, 993564, 0, 0, 0
85600, 987172, 0, 0, 0
85700, 1031659, 0, 0, 0
85800, 1040678, 0, 0, 0
85900, 1062490, 0, 0, 0
86000, 999329, 0, 0, 0
86100, 1000953, 0, 0, 0
86200, 1022659, 0, 0, 0
86300, 1029934, 0, 0, 0
86400, 1018700, 0, 0, 0
86500, 981673, 0, 0, 0
86600, 994456, 0, 0, 0
86700, 992062, 0, 0, 0
86800, 1058702, 0, 0, 0
86900, 1029383, 0, 0, 0
87000, 1084143, 0, 0, 0
87100, 1023296, 0, 0, 0
87200, 1032360, 0, 0, 0
87300, 1006185, 0, 0, 0
87400, 1002500, 0, 0, 0
87500, 970138, 0, 0, 0
87600, 1045183, 0, 0, 0
87700, 1040363, 0, 0, 0
87800, 1028605, 0, 0, 0
87900, 968796, 0, 0, 0
88000, 976471, 0, 0, 0
88100, 996606, 0, 0, 0
88200, 958970, 0, 0, 0
88300, 1018098, 0, 0, 0
88400, 1039740, 0, 0, 0
88500, 1023914, 0, 0, 0
88600, 982614, 0, 0, 0
88700, 1036257, 0, 0, 0
88800, 990071, 0, 0, 0
88900, 1022353, 0, 0, 0
89000, 983780, 0, 0, 0
89100, 988081, 0, 0, 0
89200, 1038666, 0, 0, 0
89300, 1012300, 0, 0, 0
89400, 1023024, 0, 0, 0
89500, 1013803, 0, 0, 0
89600, 1021172, 0, 0, 0
89700, 994944, 0, 0, 0
89800, 1040826, 0, 0, 0
89900, 1003591, 0, 0, 0
90002, 1043153, 0, 0, 0
