100, 4966, 0, 0, 0
202, 5183, 0, 0, 0
300, 4769, 0, 0, 0
400, 5057, 0, 0, 0
500, 4921, 0, 0, 0
600, 4535, 0, 0, 0
700, 4935, 0, 0, 0
800, 4717, 0, 0, 0
900, 5512, 0, 0, 0
1000, 5043, 0, 0, 0
1100, 5346, 0, 0, 0
1200, 4935, 0, 0, 0
1300, 5058, 0, 0, 0
1400, 5012, 0, 0, 0
1500, 4804, 0, 0, 0
1601, 4900, 0, 0, 0
1700, 5035, 0, 0, 0
1800, 4944, 0, 0, 0
1900, 4831, 0, 0, 0
2000, 5191, 0, 0, 0
2100, 5179, 0, 0, 0
2200, 4841, 0, 0, 0
2300, 5141, 0, 0, 0
2400, 4750, 0, 0, 0
2500, 5248, 0, 0, 0
2600, 5487, 0, 0, 0
2700, 5201, 0, 0, 0
2800, 5448, 0, 0, 0
2900, 5018, 0, 0, 0
3000, 5609, 0, 0, 0
3100, 5059, 0, 0, 0
3200, 4813, 0, 0, 0
3300, 4841, 0, 0, 0
3400, 4748, 0, 0, 0
3500, 4834, 0, 0, 0
3600, 5079, 0, 0, 0
3700, 5202, 0, 0, 0
3800, 5110, 0, 0, 0
3900, 5376, 0, 0, 0
4000, 5247, 0, 0, 0
4100, 5073, 0, 0, 0
4200, 5320, 0, 0, 0
4300, 5963, 0, 0, 0
4400, 5479, 0, 0, 0
4500, 5239, 0, 0, 0
4600, 5409, 0, 0, 0
4701, 5437, 0, 0, 0
4800, 5524, 0, 0, 0
4900, 5278, 0, 0, 0
5000, 5225, 0, 0, 0
5100, 5216, 0, 0, 0
5200, 5424, 0, 0, 0
5300, 5229, 0, 0, 0
5400, 4793, 0, 0, 0
5500, 4946, 0, 0, 0
5600, 5542, 0, 0, 0
5700, 5417, 0, 0, 0
5800, 5158, 0, 0, 0
5900, 5097, 0, 0, 0
6000, 5898, 0, 0, 0
6100, 5039, 0, 0, 0
6200, 4934, 0, 0, 0
6300, 4996, 0, 0, 0
6400, 5598, 0, 0, 0
6500, 4987, 0, 0, 0
6600, 5223, 0, 0, 0
6700, 5051, 0, 0, 0
6800, 5042, 0, 0, 0
6900, 5157, 0, 0, 0
7001, 4893, 0, 0, 0
7100, 5586, 0, 0, 0
7200, 5355, 0, 0, 0
7301, 5180, 0, 0, 0
7400, 5522, 0, 0, 0
7500, 5000, 0, 0, 0
7600, 4918, 0, 0, 0
7700, 5233, 0, 0, 0
7800, 5781, 0, 0, 0
7900, 5470, 0, 0, 0
8000, 5117, 0, 0, 0
8100, 4808, 0, 0, 0
8203, 4739, 0, 0, 0
8300, 5166, 0, 0, 0
8400, 5403, 0, 0, 0
8500, 5155, 0, 0, 0
8600, 5240, 0, 0, 0
8700, 5230, 0, 0, 0
8800, 5177, 0, 0, 0
8900, 5360, 0, 0, 0
9000, 4890, 0, 0, 0
9100, 5181, 0, 0, 0
9200, 4933, 0, 0, 0
9300, 4991, 0, 0, 0
9400, 5564, 0, 0, 0
9500, 5035, 0, 0, 0
9600, 5111, 0, 0, 0
9700, 5001, 0, 0, 0
9800, 5286, 0, 0, 0
9900, 5128, 0, 0, 0
10000, 5404, 0, 0, 0
10100, 5296, 0, 0, 0
10200, 5742, 0, 0, 0
10300, 4972, 0, 0, 0
10400, 5049, 0, 0, 0
10500, 4802, 0, 0, 0
10600, 5101, 0, 0, 0
10700, 5156, 0, 0, 0
10800, 4877, 0, 0, 0
10900, 4961, 0, 0, 0
11000, 4921, 0, 0, 0
11100, 4966, 0, 0, 0
11200, 4790, 0, 0, 0
11300, 5255, 0, 0, 0
11400, 4818, 0, 0, 0
11501, 4974, 0, 0, 0
11600, 5078, 0, 0, 0
11700, 5248, 0, 0, 0
11800, 4886, 0, 0, 0
11900, 4887, 0, 0, 0
12000, 4964, 0, 0, 0
12100, 5107, 0, 0, 0
12200, 4741, 0, 0, 0
12301, 5045, 0, 0, 0
12400, 5003, 0, 0, 0
12500, 4767, 0, 0, 0
12600, 4858, 0, 0, 0
12700, 4938, 0, 0, 0
12800, 5094, 0, 0, 0
12900, 4835, 0, 0, 0
13000, 5440, 0, 0, 0
13100, 5224, 0, 0, 0
13200, 4936, 0, 0, 0
13300, 5261, 0, 0, 0
13400, 5162, 0, 0, 0
13501, 4887, 0, 0, 0
13600, 4819, 0, 0, 0
13700, 5166, 0, 0, 0
13800, 5127, 0, 0, 0
13900, 4957, 0, 0, 0
14000, 5013, 0, 0, 0
14100, 4963, 0, 0, 0
14200, 5268, 0, 0, 0
14305, 5511, 0, 0, 0
14400, 5087, 0, 0, 0
14500, 5213, 0, 0, 0
14600, 4894, 0, 0, 0
14700, 4808, 0, 0, 0
14800, 5405, 0, 0, 0
14900, 4946, 0, 0, 0
15000, 5046, 0, 0, 0
15100, 4958, 0, 0, 0
15200, 4971, 0, 0, 0
15302, 4895, 0, 0, 0
15400, 4730, 0, 0, 0
15500, 5183, 0, 0, 0
15600, 5268, 0, 0, 0
15700, 5757, 0, 0, 0
15800, 5145, 0, 0, 0
15900, 5290, 0, 0, 0
16001, 4850, 0, 0, 0
16100, 4645, 0, 0, 0
16200, 4919, 0, 0, 0
16300, 5308, 0, 0, 0
16400, 5092, 0, 0, 0
16500, 5127, 0, 0, 0
16600, 5567, 0, 0, 0
16700, 5022, 0, 0, 0
16800, 5005, 0, 0, 0
16900, 5233, 0, 0, 0
17000, 5394, 0, 0, 0
17100, 5103, 0, 0, 0
17200, 5996, 0, 0, 0
17300, 5421, 0, 0, 0
17400, 5258, 0, 0, 0
17500, 4968, 0, 0, 0
17600, 5189, 0, 0, 0
17700, 5080, 0, 0, 0
17800, 4575, 0, 0, 0
17900, 5586, 0, 0, 0
18000, 4745, 0, 0, 0
18100, 4914, 0, 0, 0
18200, 4937, 0, 0, 0
18300, 4923, 0, 0, 0
18400, 4751, 0, 0, 0
18500, 4864, 0, 0, 0
18600, 4624, 0, 0, 0
18700, 5172, 0, 0, 0
18800, 4591, 0, 0, 0
18900, 4656, 0, 0, 0
19000, 4991, 0, 0, 0
19100, 4869, 0, 0, 0
19200, 4875, 0, 0, 0
19306, 4589, 0, 0, 0
19400, 5066, 0, 0, 0
19500, 5207, 0, 0, 0
19600, 5027, 0, 0, 0
19700, 4756, 0, 0, 0
19800, 5023, 0, 0, 0
19900, 4896, 0, 0, 0
20000, 4905, 0, 0, 0
20100, 5019, 0, 0, 0
20200, 5069, 0, 0, 0
20300, 4747, 0, 0, 0
20400, 4698, 0, 0, 0
20500, 4709, 0, 0, 0
20600, 4907, 0, 0, 0
20700, 5201, 0, 0, 0
20800, 5041, 0, 0, 0
20900, 5324, 0, 0, 0
21000, 4982, 0, 0, 0
21100, 5209, 0, 0, 0
21200, 4898, 0, 0, 0
21300, 4582, 0, 0, 0
21400, 4967, 0, 0, 0
21500, 4768, 0, 0, 0
21600, 4946, 0, 0, 0
21701, 4862, 0, 0, 0
21808, 5019, 0, 0, 0
21902, 5678, 0, 0, 0
22000, 5518, 0, 0, 0
22100, 5581, 0, 0, 0
22200, 5100, 0, 0, 0
22300, 5153, 0, 0, 0
22400, 5091, 0, 0, 0
22500, 5386, 0, 0, 0
22600, 5267, 0, 0, 0
22700, 4950, 0, 0, 0
22800, 5158, 0, 0, 0
22900, 5652, 0, 0, 0
23000, 5338, 0, 0, 0
23100, 5346, 0, 0, 0
23200, 5333, 0, 0, 0
23300, 5676, 0, 0, 0
23400, 5279, 0, 0, 0
23500, 5170, 0, 0, 0
23600, 5311, 0, 0, 0
23701, 5272, 0, 0, 0
23800, 5259, 0, 0, 0
23900, 5219, 0, 0, 0
24000, 5182, 0, 0, 0
24101, 5498, 0, 0, 0
24200, 5251, 0, 0, 0
24300, 4882, 0, 0, 0
24400, 4959, 0, 0, 0
24500, 4982, 0, 0, 0
24600, 5088, 0, 0, 0
24700, 5048, 0, 0, 0
24800, 5538, 0, 0, 0
24900, 5633, 0, 0, 0
25001, 5254, 0, 0, 0
25100, 5549, 0, 0, 0
25200, 5597, 0, 0, 0
25300, 4924, 0, 0, 0
25400, 5208, 0, 0, 0
25500, 5124, 0, 0, 0
25600, 4847, 0, 0, 0
25700, 5472, 0, 0, 0
25800, 5130, 0, 0, 0
25901, 5106, 0, 0, 0
26000, 5463, 0, 0, 0
26100, 5328, 0, 0, 0
26200, 5309, 0, 0, 0
26300, 5445, 0, 0, 0
26400, 5261, 0, 0, 0
26500, 5462, 0, 0, 0
26600, 5429, 0, 0, 0
26700, 5282, 0, 0, 0
26800, 5122, 0, 0, 0
26900, 4945, 0, 0, 0
27000, 5485, 0, 0, 0
27100, 4966, 0, 0, 0
27200, 5492, 0, 0, 0
27300, 5093, 0, 0, 0
27400, 5504, 0, 0, 0
27500, 5433, 0, 0, 0
27600, 5090, 0, 0, 0
27700, 5412, 0, 0, 0
27800, 5106, 0, 0, 0
27901, 5422, 0, 0, 0
28000, 5800, 0, 0, 0
28100, 5423, 0, 0, 0
28200, 5249, 0, 0, 0
28300, 5117, 0, 0, 0
28400, 5017, 0, 0, 0
28500, 5214, 0, 0, 0
28600, 5499, 0, 0, 0
28700, 5154, 0, 0, 0
28800, 5076, 0, 0, 0
28900, 5018, 0, 0, 0
29000, 4887, 0, 0, 0
29100, 4909, 0, 0, 0
29200, 4517, 0, 0, 0
29300, 4969, 0, 0, 0
29400, 4487, 0, 0, 0
29500, 4476, 0, 0, 0
29600, 4615, 0, 0, 0
29700, 4852, 0, 0, 0
29800, 5353, 0, 0, 0
29900, 5284, 0, 0, 0
30000, 4926, 0, 0, 0
30100, 4890, 0, 0, 0
30200, 4998, 0, 0, 0
30300, 5486, 0, 0, 0
30400, 4819, 0, 0, 0
30500, 4715, 0, 0, 0
30600, 4932, 0, 0, 0
30700, 4971, 0, 0, 0
30800, 5453, 0, 0, 0
30900, 4662, 0, 0, 0
31000, 4896, 0, 0, 0
31100, 5019, 0, 0, 0
31200, 5245, 0, 0, 0
31300, 4916, 0, 0, 0
31400, 4777, 0, 0, 0
31500, 4807, 0, 0, 0
31600, 5137, 0, 0, 0
31701, 4774, 0, 0, 0
31800, 5059, 0, 0, 0
31900, 5052, 0, 0, 0
32000, 4963, 0, 0, 0
32100, 4871, 0, 0, 0
32200, 4789, 0, 0, 0
32300, 4668, 0, 0, 0
32400, 5028, 0, 0, 0
32500, 5491, 0, 0, 0
32600, 4714, 0, 0, 0
32700, 4884, 0, 0, 0
32800, 4597, 0, 0, 0
32900, 4485, 0, 0, 0
33000, 4740, 0, 0, 0
33100, 4683, 0, 0, 0
33200, 4881, 0, 0, 0
33300, 4847, 0, 0, 0
33400, 4715, 0, 0, 0
33500, 4960, 0, 0, 0
33600, 4938, 0, 0, 0
33700, 4690, 0, 0, 0
33800, 4891, 0, 0, 0
33900, 4613, 0, 0, 0
34000, 5021, 0, 0, 0
34100, 4739, 0, 0, 0
34201, 4958, 0, 0, 0
34300, 4784, 0, 0, 0
34400, 4887, 0, 0, 0
34500, 4260, 0, 0, 0
34600, 4816, 0, 0, 0
34700, 4854, 0, 0, 0
34800, 4685, 0, 0, 0
34900, 4656, 0, 0, 0
35000, 5334, 0, 0, 0
35100, 5639, 0, 0, 0
35200, 5292, 0, 0, 0
35300, 5295, 0, 0, 0
35400, 5339, 0, 0, 0
35500, 5249, 0, 0, 0
35600, 5220, 0, 0, 0
35700, 5394, 0, 0, 0
35800, 5364, 0, 0, 0
35900, 5713, 0, 0, 0
36000, 5224, 0, 0, 0
36100, 5240, 0, 0, 0
36200, 5073, 0, 0, 0
36300, 4849, 0, 0, 0
36400, 4774, 0, 0, 0
36500, 4749, 0, 0, 0
36600, 5347, 0, 0, 0
36700, 5270, 0, 0, 0
36800, 4789, 0, 0, 0
36900, 4877, 0, 0, 0
37000, 4972, 0, 0, 0
37100, 4777, 0, 0, 0
37200, 5446, 0, 0, 0
37300, 5139, 0, 0, 0
37401, 4982, 0, 0, 0
37500, 4870, 0, 0, 0
37600, 4854, 0, 0, 0
37700, 5264, 0, 0, 0
37800, 4964, 0, 0, 0
37900, 4915, 0, 0, 0
38000, 4781, 0, 0, 0
38100, 4792, 0, 0, 0
38200, 5529, 0, 0, 0
38300, 5094, 0, 0, 0
38400, 5317, 0, 0, 0
38500, 4979, 0, 0, 0
38600, 4911, 0, 0, 0
38700, 4986, 0, 0, 0
38800, 5551, 0, 0, 0
38900, 5193, 0, 0, 0
39000, 5375, 0, 0, 0
39100, 5271, 0, 0, 0
39200, 5205, 0, 0, 0
39300, 5400, 0, 0, 0
39400, 5036, 0, 0, 0
39500, 4929, 0, 0, 0
39600, 5219, 0, 0, 0
39700, 4934, 0, 0, 0
39800, 4747, 0, 0, 0
39900, 5256, 0, 0, 0
40000, 5423, 0, 0, 0
40100, 5286, 0, 0, 0
40200, 5649, 0, 0, 0
40301, 5055, 0, 0, 0
40400, 5117, 0, 0, 0
40500, 4780, 0, 0, 0
40600, 4913, 0, 0, 0
40700, 5170, 0, 0, 0
40800, 4994, 0, 0, 0
40900, 4935, 0, 0, 0
41000, 4737, 0, 0, 0
41100, 4925, 0, 0, 0
41200, 4532, 0, 0, 0
41300, 4595, 0, 0, 0
41400, 4851, 0, 0, 0
41500, 5175, 0, 0, 0
41600, 5009, 0, 0, 0
41700, 5293, 0, 0, 0
41800, 4935, 0, 0, 0
41900, 5021, 0, 0, 0
42000, 4914, 0, 0, 0
42100, 5007, 0, 0, 0
42200, 5140, 0, 0, 0
42300, 4875, 0, 0, 0
42400, 4784, 0, 0, 0
42500, 5377, 0, 0, 0
42600, 5339, 0, 0, 0
42700, 5211, 0, 0, 0
42800, 5307, 0, 0, 0
42900, 5232, 0, 0, 0
43000, 5108, 0, 0, 0
43100, 5051, 0, 0, 0
43200, 5359, 0, 0, 0
43300, 5250, 0, 0, 0
43400, 5160, 0, 0, 0
43500, 4971, 0, 0, 0
43600, 5482, 0, 0, 0
43700, 5361, 0, 0, 0
43800, 5160, 0, 0, 0
43900, 5162, 0, 0, 0
44000, 4801, 0, 0, 0
44100, 4719, 0, 0, 0
44201, 4733, 0, 0, 0
44300, 5125, 0, 0, 0
44400, 5079, 0, 0, 0
44500, 5507, 0, 0, 0
44600, 5369, 0, 0, 0
44700, 5324, 0, 0, 0
44800, 5423, 0, 0, 0
44900, 5084, 0, 0, 0
45001, 5192, 0, 0, 0
45100, 5181, 0, 0, 0
45201, 5236, 0, 0, 0
45300, 5205, 0, 0, 0
45400, 5275, 0, 0, 0
45500, 5128, 0, 0, 0
45600, 5192, 0, 0, 0
45700, 5188, 0, 0, 0
45800, 5015, 0, 0, 0
45900, 5919, 0, 0, 0
46000, 5542, 0, 0, 0
46101, 4867, 0, 0, 0
46200, 4816, 0, 0, 0
46300, 4612, 0, 0, 0
46400, 4804, 0, 0, 0
46500, 4632, 0, 0, 0
46600, 4724, 0, 0, 0
46700, 5084, 0, 0, 0
46800, 4625, 0, 0, 0
46900, 5012, 0, 0, 0
47000, 5333, 0, 0, 0
47100, 4919, 0, 0, 0
47200, 4593, 0, 0, 0
47300, 4892, 0, 0, 0
47401, 4601, 0, 0, 0
47500, 4807, 0, 0, 0
47600, 5004, 0, 0, 0
47700, 4828, 0, 0, 0
47800, 4751, 0, 0, 0
47900, 4878, 0, 0, 0
48000, 4849, 0, 0, 0
48100, 4979, 0, 0, 0
48200, 4612, 0, 0, 0
48300, 4867, 0, 0, 0
48400, 4909, 0, 0, 0
48500, 4839, 0, 0, 0
48600, 4854, 0, 0, 0
48700, 4787, 0, 0, 0
48800, 5021, 0, 0, 0
48900, 4871, 0, 0, 0
49000, 5046, 0, 0, 0
49100, 4810, 0, 0, 0
49200, 4851, 0, 0, 0
49300, 4836, 0, 0, 0
49400, 5081, 0, 0, 0
49500, 5095, 0, 0, 0
49600, 5486, 0, 0, 0
49700, 5201, 0, 0, 0
49800, 5538, 0, 0, 0
49900, 5110, 0, 0, 0
50000, 4937, 0, 0, 0
50100, 5173, 0, 0, 0
50200, 5332, 0, 0, 0
50300, 5054, 0, 0, 0
50400, 5233, 0, 0, 0
50500, 5401, 0, 0, 0
50600, 5368, 0, 0, 0
50700, 5300, 0, 0, 0
50800, 5438, 0, 0, 0
50900, 5322, 0, 0, 0
51000, 5038, 0, 0, 0
51100, 5004, 0, 0, 0
51200, 4659, 0, 0, 0
51300, 5339, 0, 0, 0
51400, 4713, 0, 0, 0
51500, 4903, 0, 0, 0
51600, 4952, 0, 0, 0
51700, 4735, 0, 0, 0
51800, 5009, 0, 0, 0
51901, 4907, 0, 0, 0
52000, 4975, 0, 0, 0
52100, 5373, 0, 0, 0
52200, 4914, 0, 0, 0
52300, 4693, 0, 0, 0
52400, 4698, 0, 0, 0
52500, 5031, 0, 0, 0
52600, 4880, 0, 0, 0
52700, 4875, 0, 0, 0
52800, 5648, 0, 0, 0
52900, 5395, 0, 0, 0
53000, 4803, 0, 0, 0
53100, 4790, 0, 0, 0
53200, 4788, 0, 0, 0
53300, 5084, 0, 0, 0
53400, 4936, 0, 0, 0
53500, 5302, 0, 0, 0
53600, 5043, 0, 0, 0
53700, 5526, 0, 0, 0
53800, 5619, 0, 0, 0
53900, 4933, 0, 0, 0
54000, 4851, 0, 0, 0
54100, 4965, 0, 0, 0
54200, 5122, 0, 0, 0
54300, 5066, 0, 0, 0
54400, 5118, 0, 0, 0
54500, 5231, 0, 0, 0
54600, 5212, 0, 0, 0
54700, 5345, 0, 0, 0
54800, 4706, 0, 0, 0
54900, 5200, 0, 0, 0
55000, 4826, 0, 0, 0
55100, 4880, 0, 0, 0
55200, 5103, 0, 0, 0
55300, 4953, 0, 0, 0
55400, 4833, 0, 0, 0
55500, 4974, 0, 0, 0
55600, 4924, 0, 0, 0
55700, 4923, 0, 0, 0
55800, 5108, 0, 0, 0
55900, 4655, 0, 0, 0
56000, 5577, 0, 0, 0
56100, 5147, 0, 0, 0
56200, 4705, 0, 0, 0
56300, 5305, 0, 0, 0
56400, 4633, 0, 0, 0
56500, 5178, 0, 0, 0
56600, 5451, 0, 0, 0
56700, 4879, 0, 0, 0
56800, 5031, 0, 0, 0
56900, 5035, 0, 0, 0
57000, 5579, 0, 0, 0
57100, 4977, 0, 0, 0
57200, 4937, 0, 0, 0
57317, 5271, 0, 0, 0
57400, 5370, 0, 0, 0
57500, 4938, 0, 0, 0
57600, 5327, 0, 0, 0
57700, 5410, 0, 0, 0
57800, 5023, 0, 0, 0
57900, 4876, 0, 0, 0
58000, 5004, 0, 0, 0
58100, 5018, 0, 0, 0
58200, 4829, 0, 0, 0
58300, 5122, 0, 0, 0
58400, 5282, 0, 0, 0
58500, 5407, 0, 0, 0
58600, 5164, 0, 0, 0
58700, 4994, 0, 0, 0
58800, 5020, 0, 0, 0
58900, 4495, 0, 0, 0
59000, 4841, 0, 0, 0
59100, 3979, 0, 0, 0
59200, 4546, 0, 0, 0
59301, 5410, 0, 0, 0
59401, 5295, 0, 0, 0
59500, 5139, 0, 0, 0
59600, 4963, 0, 0, 0
59700, 5052, 0, 0, 0
59801, 5195, 0, 0, 0
59900, 5121, 0, 0, 0
60000, 5350, 0, 0, 0
60100, 5263, 0, 0, 0
60200, 5263, 0, 0, 0
60301, 5450, 0, 0, 0
60400, 5389, 0, 0, 0
60500, 5627, 0, 0, 0
60600, 5188, 0, 0, 0
60700, 5359, 0, 0, 0
60800, 4927, 0, 0, 0
60900, 5279, 0, 0, 0
61000, 6112, 0, 0, 0
61100, 5620, 0, 0, 0
61200, 5074, 0, 0, 0
61300, 4941, 0, 0, 0
61400, 4840, 0, 0, 0
61500, 4917, 0, 0, 0
61600, 4841, 0, 0, 0
61700, 5011, 0, 0, 0
61800, 4888, 0, 0, 0
61900, 5066, 0, 0, 0
62000, 4960, 0, 0, 0
62100, 4880, 0, 0, 0
62201, 5289, 0, 0, 0
62300, 5083, 0, 0, 0
62401, 5440, 0, 0, 0
62500, 5685, 0, 0, 0
62600, 5074, 0, 0, 0
62700, 5047, 0, 0, 0
62800, 5204, 0, 0, 0
62900, 5275, 0, 0, 0
63000, 4899, 0, 0, 0
63100, 5249, 0, 0, 0
63200, 4966, 0, 0, 0
63300, 4999, 0, 0, 0
63400, 4763, 0, 0, 0
63500, 4902, 0, 0, 0
63600, 4667, 0, 0, 0
63700, 4861, 0, 0, 0
63800, 4735, 0, 0, 0
63900, 4843, 0, 0, 0
64000, 4855, 0, 0, 0
64122, 5738, 0, 0, 0
64200, 5710, 0, 0, 0
64301, 5992, 0, 0, 0
64400, 5177, 0, 0, 0
64500, 5038, 0, 0, 0
64600, 5373, 0, 0, 0
64700, 5561, 0, 0, 0
64800, 4797, 0, 0, 0
64900, 4799, 0, 0, 0
65000, 4821, 0, 0, 0
65100, 4747, 0, 0, 0
65201, 4746, 0, 0, 0
65300, 5095, 0, 0, 0
65400, 5037, 0, 0, 0
65500, 5077, 0, 0, 0
65600, 4727, 0, 0, 0
65700, 5098, 0, 0, 0
65800, 5568, 0, 0, 0
65900, 4825, 0, 0, 0
66000, 4581, 0, 0, 0
66100, 5177, 0, 0, 0
66200, 5088, 0, 0, 0
66300, 5510, 0, 0, 0
66400, 5131, 0, 0, 0
66500, 4728, 0, 0, 0
66600, 4932, 0, 0, 0
66700, 4870, 0, 0, 0
66800, 4730, 0, 0, 0
66900, 4910, 0, 0, 0
67000, 4914, 0, 0, 0
67100, 5132, 0, 0, 0
67200, 5152, 0, 0, 0
67300, 4952, 0, 0, 0
67400, 5125, 0, 0, 0
67500, 5240, 0, 0, 0
67600, 5187, 0, 0, 0
67700, 5391, 0, 0, 0
67800, 5112, 0, 0, 0
67900, 5073, 0, 0, 0
68001, 5264, 0, 0, 0
68100, 5218, 0, 0, 0
68200, 4583, 0, 0, 0
68300, 4764, 0, 0, 0
68400, 4875, 0, 0, 0
68500, 5072, 0, 0, 0
68600, 4830, 0, 0, 0
68700, 5248, 0, 0, 0
68800, 4901, 0, 0, 0
68900, 5299, 0, 0, 0
69000, 4990, 0, 0, 0
69100, 5148, 0, 0, 0
69200, 4895, 0, 0, 0
69300, 4596, 0, 0, 0
69400, 5139, 0, 0, 0
69500, 4882, 0, 0, 0
69600, 5094, 0, 0, 0
69700, 4701, 0, 0, 0
69800, 4941, 0, 0, 0
69900, 4740, 0, 0, 0
70000, 4713, 0, 0, 0
70100, 4613, 0, 0, 0
70200, 5120, 0, 0, 0
70300, 5118, 0, 0, 0
70400, 4773, 0, 0, 0
70500, 5532, 0, 0, 0
70601, 5067, 0, 0, 0
70700, 5185, 0, 0, 0
70800, 5215, 0, 0, 0
70900, 5205, 0, 0, 0
71000, 4981, 0, 0, 0
71100, 5092, 0, 0, 0
71200, 5260, 0, 0, 0
71300, 5273, 0, 0, 0
71400, 5443, 0, 0, 0
71500, 5265, 0, 0, 0
71600, 5193, 0, 0, 0
71700, 5176, 0, 0, 0
71800, 5330, 0, 0, 0
71900, 5420, 0, 0, 0
72000, 4982, 0, 0, 0
72100, 5480, 0, 0, 0
72200, 5568, 0, 0, 0
72300, 4800, 0, 0, 0
72400, 4639, 0, 0, 0
72500, 4777, 0, 0, 0
72600, 4882, 0, 0, 0
72700, 5055, 0, 0, 0
72800, 5038, 0, 0, 0
72900, 4946, 0, 0, 0
73000, 5117, 0, 0, 0
73100, 4885, 0, 0, 0
73200, 4559, 0, 0, 0
73300, 4951, 0, 0, 0
73400, 4929, 0, 0, 0
73500, 4994, 0, 0, 0
73600, 4560, 0, 0, 0
73700, 4456, 0, 0, 0
73800, 4515, 0, 0, 0
73900, 5120, 0, 0, 0
74000, 4954, 0, 0, 0
74100, 4889, 0, 0, 0
74200, 4966, 0, 0, 0
74300, 5138, 0, 0, 0
74400, 4586, 0, 0, 0
74501, 5044, 0, 0, 0
74600, 4567, 0, 0, 0
74700, 4961, 0, 0, 0
74800, 4685, 0, 0, 0
74900, 4852, 0, 0, 0
75000, 5373, 0, 0, 0
75100, 5328, 0, 0, 0
75200, 5074, 0, 0, 0
75302, 5233, 0, 0, 0
75400, 5430, 0, 0, 0
75500, 5481, 0, 0, 0
75600, 5312, 0, 0, 0
75700, 4913, 0, 0, 0
75800, 4903, 0, 0, 0
75900, 5313, 0, 0, 0
76000, 5338, 0, 0, 0
76100, 5039, 0, 0, 0
76200, 4763, 0, 0, 0
76300, 4893, 0, 0, 0
76400, 5300, 0, 0, 0
76500, 5232, 0, 0, 0
76600, 5079, 0, 0, 0
76700, 4796, 0, 0, 0
76800, 5707, 0, 0, 0
76900, 5018, 0, 0, 0
77000, 4975, 0, 0, 0
77100, 5398, 0, 0, 0
77201, 5350, 0, 0, 0
77300, 5595, 0, 0, 0
77400, 5465, 0, 0, 0
77500, 4944, 0, 0, 0
77600, 4846, 0, 0, 0
77700, 5225, 0, 0, 0
77800, 5164, 0, 0, 0
77900, 5386, 0, 0, 0
78000, 4800, 0, 0, 0
78100, 4561, 0, 0, 0
78200, 4980, 0, 0, 0
78300, 5092, 0, 0, 0
78400, 4787, 0, 0, 0
78500, 5226, 0, 0, 0
78600, 5723, 0, 0, 0
78700, 5443, 0, 0, 0
78800, 5913, 0, 0, 0
78900, 5481, 0, 0, 0
79000, 5154, 0, 0, 0
79100, 4959, 0, 0, 0
79200, 4864, 0, 0, 0
79300, 4963, 0, 0, 0
79400, 5225, 0, 0, 0
79500, 5161, 0, 0, 0
79600, 5868, 0, 0, 0
79700, 4519, 0, 0, 0
79800, 5134, 0, 0, 0
79900, 4767, 0, 0, 0
80000, 4791, 0, 0, 0
80100, 5352, 0, 0, 0
80200, 4705, 0, 0, 0
80300, 4836, 0, 0, 0
80400, 4723, 0, 0, 0
80500, 4666, 0, 0, 0
80600, 5326, 0, 0, 0
80700, 5663, 0, 0, 0
80800, 5529, 0, 0, 0
80900, 5673, 0, 0, 0
81000, 5213, 0, 0, 0
81100, 5171, 0, 0, 0
81201, 5090, 0, 0, 0
81300, 4774, 0, 0, 0
81400, 5074, 0, 0, 0
81500, 5289, 0, 0, 0
81600, 5331, 0, 0, 0
81700, 5431, 0, 0, 0
81800, 5367, 0, 0, 0
81900, 4772, 0, 0, 0
82000, 5234, 0, 0, 0
82100, 5727, 0, 0, 0
82200, 5171, 0, 0, 0
82300, 5541, 0, 0, 0
82400, 5724, 0, 0, 0
82500, 5490, 0, 0, 0
82600, 5911, 0, 0, 0
82700, 4869, 0, 0, 0
82800, 4986, 0, 0, 0
82900, 5172, 0, 0, 0
83000, 5147, 0, 0, 0
83119, 4691, 0, 0, 0
83200, 5081, 0, 0, 0
83300, 4755, 0, 0, 0
83400, 4663, 0, 0, 0
83500, 4794, 0, 0, 0
83607, 4757, 0, 0, 0
83700, 5049, 0, 0, 0
83800, 5214, 0, 0, 0
83900, 4902, 0, 0, 0
84000, 4726, 0, 0, 0
84100, 5110, 0, 0, 0
84200, 5897, 0, 0, 0
84308, 5220, 0, 0, 0
84400, 5520, 0, 0, 0
84500, 5166, 0, 0, 0
84600, 4967, 0, 0, 0
84700, 5822, 0, 0, 0
84800, 5264, 0, 0, 0
84900, 5658, 0, 0, 0
85000, 5188, 0, 0, 0
85100, 4915, 0, 0, 0
85200, 5208, 0, 0, 0
85300, 5083, 0, 0, 0
85400, 5177, 0, 0, 0
85500, 5043, 0, 0, 0
85600, 4831, 0, 0, 0
85700, 5154, 0, 0, 0
85800, 5279, 0, 0, 0
85900, 5038, 0, 0, 0
86000, 5407, 0, 0, 0
86100, 5192, 0, 0, 0
86200, 5117, 0, 0, 0
86300, 5085, 0, 0, 0
86400, 4800, 0, 0, 0
86500, 4877, 0, 0, 0
86600, 5324, 0, 0, 0
86700, 5114, 0, 0, 0
86800, 5147, 0, 0, 0
86900, 5159, 0, 0, 0
87000, 5035, 0, 0, 0
87100, 4919, 0, 0, 0
87200, 4846, 0, 0, 0
87300, 5318, 0, 0, 0
87400, 5463, 0, 0, 0
87500, 4864, 0, 0, 0
87600, 5086, 0, 0, 0
87700, 5458, 0, 0, 0
87801, 5137, 0, 0, 0
87900, 5255, 0, 0, 0
88000, 5221, 0, 0, 0
88100, 4923, 0, 0, 0
88200, 5021, 0, 0, 0
88300, 5300, 0, 0, 0
88400, 5101, 0, 0, 0
88500, 4837, 0, 0, 0
88600, 4837, 0, 0, 0
88700, 5012, 0, 0, 0
88800, 5134, 0, 0, 0
88900, 5094, 0, 0, 0
89000, 5378, 0, 0, 0
89100, 4970, 0, 0, 0
89201, 4985, 0, 0, 0
89300, 5075, 0, 0, 0
89400, 5072, 0, 0, 0
89500, 4910, 0, 0, 0
89600, 5420, 0, 0, 0
89700, 5165, 0, 0, 0
89800, 5549, 0, 0, 0
89900, 5164, 0, 0, 0
90000, 5247, 0, 0, 0
