136, 5019, 1, 0, 0
244, 4516, 1, 0, 0
347, 7164, 1, 0, 0
411, 7085, 1, 0, 0
507, 6324, 1, 0, 0
611, 6225, 1, 0, 0
711, 8278, 1, 0, 0
800, 5545, 1, 0, 0
906, 6162, 1, 0, 0
1013, 6147, 1, 0, 0
1124, 4984, 1, 0, 0
1201, 5235, 1, 0, 0
1317, 5851, 1, 0, 0
1403, 4829, 1, 0, 0
1507, 4948, 1, 0, 0
1605, 4702, 1, 0, 0
1702, 4751, 1, 0, 0
1809, 4506, 1, 0, 0
1915, 4882, 1, 0, 0
2000, 4780, 1, 0, 0
2105, 4125, 1, 0, 0
2201, 3979, 1, 0, 0
2302, 4499, 1, 0, 0
2404, 5258, 1, 0, 0
2507, 4198, 1, 0, 0
2609, 4490, 1, 0, 0
2705, 4561, 1, 0, 0
2821, 5598, 1, 0, 0
2907, 4050, 1, 0, 0
3003, 5232, 1, 0, 0
3107, 3702, 1, 0, 0
3204, 4789, 1, 0, 0
3310, 4912, 1, 0, 0
3404, 5215, 1, 0, 0
3514, 5909, 1, 0, 0
3622, 5360, 1, 0, 0
3731, 4684, 1, 0, 0
3839, 6245, 1, 0, 0
3943, 6498, 1, 0, 0
4048, 4796, 1, 0, 0
4105, 3660, 1, 0, 0
4207, 3875, 1, 0, 0
4303, 4589, 1, 0, 0
4406, 5278, 1, 0, 0
4510, 4273, 1, 0, 0
4606, 4639, 1, 0, 0
4709, 4484, 1, 0, 0
4805, 4179, 1, 0, 0
4903, 4090, 1, 0, 0
5008, 5303, 1, 0, 0
5102, 4415, 1, 0, 0
5216, 4496, 1, 0, 0
5321, 4836, 1, 0, 0
5413, 5228, 1, 0, 0
5511, 5186, 1, 0, 0
5615, 4738, 1, 0, 0
5707, 4537, 1, 0, 0
5804, 4564, 1, 0, 0
5912, 4747, 1, 0, 0
6009, 4330, 1, 0, 0
6118, 4632, 1, 0, 0
6204, 4962, 1, 0, 0
6313, 3684, 1, 0, 0
6416, 4901, 1, 0, 0
6520, 4396, 1, 0, 0
6600, 5058, 1, 0, 0
6705, 4256, 1, 0, 0
6808, 5471, 1, 0, 0
6931, 4770, 1, 0, 0
7056, 5024, 1, 0, 0
7108, 4363, 1, 0, 0
7235, 4971, 1, 0, 0
7309, 5088, 1, 0, 0
7431, 3565, 1, 0, 0
7517, 11208, 1, 0, 0
7628, 4380, 1, 0, 0
7704, 3690, 1, 0, 0
7807, 4748, 1, 0, 0
7913, 5854, 1, 0, 0
8015, 4977, 1, 0, 0
8100, 4407, 1, 0, 0
8201, 4593, 1, 0, 0
8312, 5750, 1, 0, 0
8404, 4445, 1, 0, 0
8500, 3909, 1, 0, 0
8616, 3423, 1, 0, 0
8717, 4564, 1, 0, 0
8803, 4667, 1, 0, 0
8903, 4170, 1, 0, 0
9013, 5295, 1, 0, 0
9115, 4527, 1, 0, 0
9222, 4997, 1, 0, 0
9308, 5097, 1, 0, 0
9405, 4786, 1, 0, 0
9518, 5119, 1, 0, 0
9625, 5493, 1, 0, 0
9707, 5222, 1, 0, 0
9835, 6397, 1, 0, 0
9916, 5876, 1, 0, 0
10006, 4215, 1, 0, 0
10125, 4762, 1, 0, 0
10214, 10765, 1, 0, 0
10358, 4470, 1, 0, 0
10411, 5475, 1, 0, 0
10516, 4690, 1, 0, 0
10664, 4517, 1, 0, 0
10754, 4286, 1, 0, 0
10814, 6219, 1, 0, 0
10905, 4639, 1, 0, 0
11008, 5187, 1, 0, 0
11120, 4394, 1, 0, 0
11200, 4668, 1, 0, 0
11307, 4815, 1, 0, 0
11418, 4450, 1, 0, 0
11507, 4489, 1, 0, 0
11605, 5051, 1, 0, 0
11701, 5183, 1, 0, 0
11806, 5130, 1, 0, 0
11904, 5678, 1, 0, 0
12012, 4900, 1, 0, 0
12110, 4909, 1, 0, 0
12200, 5474, 1, 0, 0
12315, 4406, 1, 0, 0
12413, 5474, 1, 0, 0
12506, 4808, 1, 0, 0
12601, 5037, 1, 0, 0
12708, 4969, 1, 0, 0
12806, 4845, 1, 0, 0
12911, 5539, 1, 0, 0
13008, 4762, 1, 0, 0
13111, 4613, 1, 0, 0
13208, 4802, 1, 0, 0
13300, 4173, 1, 0, 0
13407, 4614, 1, 0, 0
13513, 3262, 1, 0, 0
13620, 5525, 1, 0, 0
13732, 4187, 1, 0, 0
13848, 5072, 1, 0, 0
13906, 5323, 1, 0, 0
14023, 4144, 1, 0, 0
14130, 4871, 1, 0, 0
14216, 4564, 1, 0, 0
14314, 4018, 1, 0, 0
14405, 4114, 1, 0, 0
14506, 4360, 1, 0, 0
14610, 4188, 1, 0, 0
14711, 4125, 1, 0, 0
14813, 4961, 1, 0, 0
14920, 4373, 1, 0, 0
15015, 4642, 1, 0, 0
15110, 4740, 1, 0, 0
15206, 4467, 1, 0, 0
15316, 4311, 1, 0, 0
15403, 4349, 1, 0, 0
15504, 4450, 1, 0, 0
15607, 4533, 1, 0, 0
15714, 4304, 1, 0, 0
15809, 4862, 1, 0, 0
15906, 4426, 1, 0, 0
16005, 5435, 1, 0, 0
16104, 4903, 1, 0, 0
16209, 4244, 1, 0, 0
16319, 4284, 1, 0, 0
16400, 6397, 1, 0, 0
16510, 4125, 1, 0, 0
16607, 4801, 1, 0, 0
16710, 5523, 1, 0, 0
16808, 4845, 1, 0, 0
16921, 4433, 1, 0, 0
17027, 5006, 1, 0, 0
17130, 4966, 1, 0, 0
17238, 3385, 1, 0, 0
17342, 3576, 1, 0, 0
17448, 5300, 1, 0, 0
17554, 4050, 1, 0, 0
17604, 4496, 1, 0, 0
17739, 3777, 1, 0, 0
17829, 4260, 1, 0, 0
17907, 4031, 1, 0, 0
18011, 4356, 1, 0, 0
18107, 5833, 1, 0, 0
18200, 5214, 1, 0, 0
18300, 5468, 1, 0, 0
18409, 5595, 1, 0, 0
18506, 5326, 1, 0, 0
18609, 5670, 1, 0, 0
18715, 4126, 1, 0, 0
18812, 4159, 1, 0, 0
18903, 4767, 1, 0, 0
19007, 4359, 1, 0, 0
19108, 5700, 1, 0, 0
19212, 4367, 1, 0, 0
19311, 4913, 1, 0, 0
19406, 5674, 1, 0, 0
19514, 4858, 1, 0, 0
19604, 3478, 1, 0, 0
19707, 5645, 1, 0, 0
19810, 4757, 1, 0, 0
19912, 4438, 1, 0, 0
20013, 4934, 1, 0, 0
20117, 3976, 1, 0, 0
20231, 3888, 1, 0, 0
20337, 3592, 1, 0, 0
20446, 5202, 1, 0, 0
20501, 5948, 1, 0, 0
20609, 5491, 1, 0, 0
20717, 4886, 1, 0, 0
20825, 4743, 1, 0, 0
20934, 4279, 1, 0, 0
21044, 3783, 1, 0, 0
21135, 3921, 1, 0, 0
21206, 3346, 1, 0, 0
21301, 3346, 1, 0, 0
21403, 5068, 1, 0, 0
21508, 6156, 1, 0, 0
21613, 4480, 1, 0, 0
21703, 4108, 1, 0, 0
21818, 4828, 1, 0, 0
21901, 4188, 1, 0, 0
22002, 4376, 1, 0, 0
22114, 5779, 1, 0, 0
22212, 4823, 1, 0, 0
22308, 4227, 1, 0, 0
22408, 4895, 1, 0, 0
22501, 5047, 1, 0, 0
22602, 5237, 1, 0, 0
22702, 5842, 1, 0, 0
22801, 4364, 1, 0, 0
22914, 4008, 1, 0, 0
23004, 4945, 1, 0, 0
23113, 4015, 1, 0, 0
23205, 3410, 1, 0, 0
23305, 4319, 1, 0, 0
23401, 5523, 1, 0, 0
23514, 5126, 1, 0, 0
23638, 4634, 1, 0, 0
23743, 4006, 1, 0, 0
23847, 3833, 1, 0, 0
23951, 6074, 1, 0, 0
24000, 5743, 1, 0, 0
24110, 5985, 1, 0, 0
24220, 5014, 1, 0, 0
24337, 4205, 1, 0, 0
24454, 4022, 1, 0, 0
24514, 4065, 1, 0, 0
24603, 5250, 1, 0, 0
24706, 4869, 1, 0, 0
24809, 5115, 1, 0, 0
24912, 5124, 1, 0, 0
25009, 4643, 1, 0, 0
25100, 4477, 1, 0, 0
25206, 4583, 1, 0, 0
25304, 4517, 1, 0, 0
25400, 4661, 1, 0, 0
25506, 5432, 1, 0, 0
25611, 6266, 1, 0, 0
25705, 4734, 1, 0, 0
25815, 4822, 1, 0, 0
25900, 3991, 1, 0, 0
26001, 5549, 1, 0, 0
26114, 4591, 1, 0, 0
26213, 4028, 1, 0, 0
26305, 5837, 1, 0, 0
26415, 5177, 1, 0, 0
26500, 5688, 1, 0, 0
26623, 4787, 1, 0, 0
26711, 4807, 1, 0, 0
26819, 5264, 1, 0, 0
26919, 4750, 1, 0, 0
27005, 3824, 1, 0, 0
27112, 3801, 1, 0, 0
27222, 4233, 1, 0, 0
27332, 4756, 1, 0, 0
27438, 6260, 1, 0, 0
27543, 5005, 1, 0, 0
27651, 5013, 1, 0, 0
27703, 3431, 1, 0, 0
27811, 4501, 1, 0, 0
27913, 5380, 1, 0, 0
28008, 5076, 1, 0, 0
28100, 4487, 1, 0, 0
28203, 3747, 1, 0, 0
28300, 5759, 1, 0, 0
28400, 4564, 1, 0, 0
28515, 4071, 1, 0, 0
28607, 4238, 1, 0, 0
28724, 5256, 1, 0, 0
28822, 4869, 1, 0, 0
28906, 5488, 1, 0, 0
29008, 4359, 1, 0, 0
29113, 5093, 1, 0, 0
29203, 5594, 1, 0, 0
29305, 5066, 1, 0, 0
29414, 4534, 1, 0, 0
29512, 6074, 1, 0, 0
29623, 5071, 1, 0, 0
29700, 7221, 1, 0, 0
29801, 4021, 1, 0, 0
29913, 5245, 1, 0, 0
30007, 4094, 1, 0, 0
30116, 3583, 1, 0, 0
30214, 5045, 1, 0, 0
30309, 4038, 1, 0, 0
30426, 5803, 1, 0, 0
30537, 5059, 1, 0, 0
30674, 4416, 1, 0, 0
30754, 6470, 1, 0, 0
30833, 5491, 1, 0, 0
30947, 5810, 1, 0, 0
31032, 7614, 1, 0, 0
31114, 4494, 1, 0, 0
31221, 5133, 1, 0, 0
31341, 4994, 1, 0, 0
31415, 8919, 1, 0, 0
31510, 3311, 1, 0, 0
31614, 4729, 1, 0, 0
31712, 4784, 1, 0, 0
31811, 4160, 1, 0, 0
31905, 4553, 1, 0, 0
32013, 4255, 1, 0, 0
32113, 4287, 1, 0, 0
32200, 4536, 1, 0, 0
32316, 5451, 1, 0, 0
32410, 4788, 1, 0, 0
32500, 5383, 1, 0, 0
32604, 4175, 1, 0, 0
32721, 5372, 1, 0, 0
32801, 4275, 1, 0, 0
32911, 6023, 1, 0, 0
33019, 5927, 1, 0, 0
33105, 5364, 1, 0, 0
33207, 5747, 1, 0, 0
33317, 6393, 1, 0, 0
33438, 5502, 1, 0, 0
33541, 5689, 1, 0, 0
33647, 5531, 1, 0, 0
33754, 4409, 1, 0, 0
33805, 3734, 1, 0, 0
33908, 5807, 1, 0, 0
34012, 5904, 1, 0, 0
34114, 4403, 1, 0, 0
34212, 5624, 1, 0, 0
34302, 5728, 1, 0, 0
34417, 4237, 1, 0, 0
34500, 4458, 1, 0, 0
34613, 4130, 1, 0, 0
34709, 5184, 1, 0, 0
34809, 4117, 1, 0, 0
34912, 4890, 1, 0, 0
35017, 4845, 1, 0, 0
35123, 4712, 1, 0, 0
35212, 5048, 1, 0, 0
35304, 4994, 1, 0, 0
35407, 5620, 1, 0, 0
35515, 4964, 1, 0, 0
35628, 4404, 1, 0, 0
35710, 4388, 1, 0, 0
35812, 4976, 1, 0, 0
35920, 4736, 1, 0, 0
36006, 4743, 1, 0, 0
36100, 4594, 1, 0, 0
36207, 4049, 1, 0, 0
36311, 4835, 1, 0, 0
36415, 4115, 1, 0, 0
36500, 3560, 1, 0, 0
36604, 3501, 1, 0, 0
36701, 4105, 1, 0, 0
36802, 3680, 1, 0, 0
36907, 3895, 1, 0, 0
37020, 4122, 1, 0, 0
37103, 4056, 1, 0, 0
37219, 5653, 1, 0, 0
37326, 5483, 1, 0, 0
37405, 5202, 1, 0, 0
37554, 5486, 1, 0, 0
37602, 5023, 1, 0, 0
37702, 4702, 1, 0, 0
37809, 4134, 1, 0, 0
37910, 4842, 1, 0, 0
38010, 4229, 1, 0, 0
38105, 4784, 1, 0, 0
38211, 5572, 1, 0, 0
38309, 5002, 1, 0, 0
38414, 4811, 1, 0, 0
38500, 3409, 1, 0, 0
38618, 5577, 1, 0, 0
38713, 4322, 1, 0, 0
38810, 5602, 1, 0, 0
38911, 5064, 1, 0, 0
39007, 4494, 1, 0, 0
39105, 4745, 1, 0, 0
39210, 4274, 1, 0, 0
39303, 5063, 1, 0, 0
39416, 4389, 1, 0, 0
39509, 5124, 1, 0, 0
39612, 5370, 1, 0, 0
39702, 4742, 1, 0, 0
39805, 4941, 1, 0, 0
39907, 4435, 1, 0, 0
40004, 4706, 1, 0, 0
40104, 5001, 1, 0, 0
40219, 3674, 1, 0, 0
40321, 5533, 1, 0, 0
40430, 5105, 1, 0, 0
40537, 3560, 1, 0, 0
40648, 5454, 1, 0, 0
40702, 11346, 1, 0, 0
40808, 4437, 1, 0, 0
40916, 4600, 1, 0, 0
41022, 4094, 1, 0, 0
41130, 5623, 1, 0, 0
41203, 6547, 1, 0, 0
41306, 5572, 1, 0, 0
41406, 5138, 1, 0, 0
41521, 4213, 1, 0, 0
41608, 4516, 1, 0, 0
41701, 5308, 1, 0, 0
41816, 4983, 1, 0, 0
41910, 4736, 1, 0, 0
42004, 5781, 1, 0, 0
42102, 4159, 1, 0, 0
42216, 5436, 1, 0, 0
42312, 4480, 1, 0, 0
42411, 4448, 1, 0, 0
42507, 4923, 1, 0, 0
42609, 4752, 1, 0, 0
42714, 4857, 1, 0, 0
42803, 5054, 1, 0, 0
42902, 5165, 1, 0, 0
43007, 5100, 1, 0, 0
43103, 3549, 1, 0, 0
43204, 3900, 1, 0, 0
43320, 3763, 1, 0, 0
43404, 5055, 1, 0, 0
43502, 3275, 1, 0, 0
43610, 4475, 1, 0, 0
43714, 5697, 1, 0, 0
43810, 4742, 1, 0, 0
43916, 5663, 1, 0, 0
44044, 5820, 1, 0, 0
44151, 5786, 1, 0, 0
44206, 3422, 1, 0, 0
44340, 3629, 1, 0, 0
44471, 3796, 1, 0, 0
44528, 4756, 1, 0, 0
44606, 5795, 1, 0, 0
44720, 10798, 1, 0, 0
44813, 4669, 1, 0, 0
44909, 4196, 1, 0, 0
45000, 4593, 1, 0, 0
45102, 4747, 1, 0, 0
45201, 5042, 1, 0, 0
45305, 4535, 1, 0, 0
45408, 3767, 1, 0, 0
45513, 4026, 1, 0, 0
45615, 4530, 1, 0, 0
45708, 5295, 1, 0, 0
45804, 5572, 1, 0, 0
45903, 5316, 1, 0, 0
46006, 5505, 1, 0, 0
46108, 4478, 1, 0, 0
46200, 4836, 1, 0, 0
46313, 4571, 1, 0, 0
46411, 4257, 1, 0, 0
46513, 6391, 1, 0, 0
46603, 5312, 1, 0, 0
46709, 4353, 1, 0, 0
46809, 5297, 1, 0, 0
46905, 4314, 1, 0, 0
47010, 4441, 1, 0, 0
47101, 5103, 1, 0, 0
47201, 4468, 1, 0, 0
47325, 4393, 1, 0, 0
47435, 5613, 1, 0, 0
47539, 5509, 1, 0, 0
47645, 5493, 1, 0, 0
47700, 5305, 1, 0, 0
47825, 4222, 1, 0, 0
47936, 5620, 1, 0, 0
48001, 7672, 1, 0, 0
48134, 6142, 1, 0, 0
48214, 5584, 1, 0, 0
48305, 4371, 1, 0, 0
48415, 4822, 1, 0, 0
48507, 4188, 1, 0, 0
48604, 4892, 1, 0, 0
48706, 4980, 1, 0, 0
48819, 4809, 1, 0, 0
48912, 4842, 1, 0, 0
49015, 5729, 1, 0, 0
49107, 5197, 1, 0, 0
49201, 4344, 1, 0, 0
49313, 5432, 1, 0, 0
49408, 4532, 1, 0, 0
49508, 4728, 1, 0, 0
49615, 4351, 1, 0, 0
49705, 4556, 1, 0, 0
49811, 4880, 1, 0, 0
49909, 5404, 1, 0, 0
50016, 3977, 1, 0, 0
50107, 5025, 1, 0, 0
50216, 4224, 1, 0, 0
50301, 4719, 1, 0, 0
50400, 4800, 1, 0, 0
50500, 5685, 1, 0, 0
50645, 4770, 1, 0, 0
50749, 4733, 1, 0, 0
50801, 4752, 1, 0, 0
50903, 3824, 1, 0, 0
51011, 4761, 1, 0, 0
51123, 4773, 1, 0, 0
51236, 5497, 1, 0, 0
51351, 6038, 1, 0, 0
51411, 4858, 1, 0, 0
51509, 5549, 1, 0, 0
51602, 3546, 1, 0, 0
51712, 4486, 1, 0, 0
51811, 4173, 1, 0, 0
51911, 4170, 1, 0, 0
52004, 4576, 1, 0, 0
52117, 5180, 1, 0, 0
52200, 5155, 1, 0, 0
52308, 5416, 1, 0, 0
52421, 4781, 1, 0, 0
52506, 5084, 1, 0, 0
52602, 5023, 1, 0, 0
52712, 4516, 1, 0, 0
52809, 5427, 1, 0, 0
52913, 4832, 1, 0, 0
53016, 4735, 1, 0, 0
53113, 5330, 1, 0, 0
53200, 4847, 1, 0, 0
53313, 4882, 1, 0, 0
53419, 4085, 1, 0, 0
53506, 3867, 1, 0, 0
53607, 5160, 1, 0, 0
53718, 5015, 1, 0, 0
53819, 4810, 1, 0, 0
53910, 4408, 1, 0, 0
54001, 4007, 1, 0, 0
54132, 4653, 1, 0, 0
54211, 4825, 1, 0, 0
54342, 5107, 1, 0, 0
54429, 11930, 1, 0, 0
54521, 5473, 1, 0, 0
54609, 5669, 1, 0, 0
54701, 4909, 1, 0, 0
54801, 5454, 1, 0, 0
54900, 3714, 1, 0, 0
55016, 4783, 1, 0, 0
55122, 5522, 1, 0, 0
55200, 5070, 1, 0, 0
55305, 4827, 1, 0, 0
55400, 4054, 1, 0, 0
55505, 4788, 1, 0, 0
55620, 5068, 1, 0, 0
55724, 4311, 1, 0, 0
55805, 5277, 1, 0, 0
55911, 4693, 1, 0, 0
56019, 6561, 1, 0, 0
56124, 4281, 1, 0, 0
56211, 4507, 1, 0, 0
56300, 4484, 1, 0, 0
56417, 4895, 1, 0, 0
56514, 5074, 1, 0, 0
56613, 4523, 1, 0, 0
56710, 6724, 1, 0, 0
56816, 4819, 1, 0, 0
56904, 6448, 1, 0, 0
57007, 4806, 1, 0, 0
57107, 4477, 1, 0, 0
57200, 4618, 1, 0, 0
57309, 4819, 1, 0, 0
57413, 3840, 1, 0, 0
57500, 5688, 1, 0, 0
57603, 6573, 1, 0, 0
57701, 4821, 1, 0, 0
57803, 4742, 1, 0, 0
57909, 4659, 1, 0, 0
58019, 3665, 1, 0, 0
58126, 5048, 1, 0, 0
58234, 5223, 1, 0, 0
58337, 7042, 1, 0, 0
58441, 5181, 1, 0, 0
58545, 5046, 1, 0, 0
58644, 4100, 1, 0, 0
58719, 5344, 1, 0, 0
58802, 5052, 1, 0, 0
58910, 5311, 1, 0, 0
59001, 4139, 1, 0, 0
59110, 4292, 1, 0, 0
59213, 4371, 1, 0, 0
59301, 4397, 1, 0, 0
59411, 3704, 1, 0, 0
59510, 4568, 1, 0, 0
59610, 3940, 1, 0, 0
59710, 4400, 1, 0, 0
59820, 3913, 1, 0, 0
59913, 4663, 1, 0, 0
60001, 3873, 1, 0, 0
60109, 4650, 1, 0, 0
60206, 5181, 1, 0, 0
60308, 5109, 1, 0, 0
60406, 4400, 1, 0, 0
60501, 5101, 1, 0, 0
60600, 4363, 1, 0, 0
60727, 6288, 1, 0, 0
60808, 4530, 1, 0, 0
60908, 4858, 1, 0, 0
61014, 5385, 1, 0, 0
61112, 5234, 1, 0, 0
61209, 5418, 1, 0, 0
61328, 4817, 1, 0, 0
61401, 4253, 1, 0, 0
61538, 5062, 1, 0, 0
61667, 5027, 1, 0, 0
61746, 5820, 1, 0, 0
61802, 4394, 1, 0, 0
61912, 5142, 1, 0, 0
62018, 5344, 1, 0, 0
62114, 4885, 1, 0, 0
62219, 4665, 1, 0, 0
62315, 4134, 1, 0, 0
62400, 4562, 1, 0, 0
62502, 4727, 1, 0, 0
62617, 5303, 1, 0, 0
62719, 4845, 1, 0, 0
62816, 4269, 1, 0, 0
62907, 4504, 1, 0, 0
63019, 6140, 1, 0, 0
63103, 5053, 1, 0, 0
63200, 5182, 1, 0, 0
63312, 4265, 1, 0, 0
63400, 6674, 1, 0, 0
63507, 5670, 1, 0, 0
63618, 5330, 1, 0, 0
63714, 5453, 1, 0, 0
63806, 4833, 1, 0, 0
63902, 5335, 1, 0, 0
64009, 4879, 1, 0, 0
64100, 5511, 1, 0, 0
64226, 5153, 1, 0, 0
64317, 5170, 1, 0, 0
64405, 4792, 1, 0, 0
64504, 4980, 1, 0, 0
64604, 5138, 1, 0, 0
64706, 4613, 1, 0, 0
64804, 5086, 1, 0, 0
64922, 5913, 1, 0, 0
65032, 5301, 1, 0, 0
65163, 5418, 1, 0, 0
65205, 5403, 1, 0, 0
65312, 5143, 1, 0, 0
65420, 4861, 1, 0, 0
65527, 3550, 1, 0, 0
65618, 4012, 1, 0, 0
65705, 5402, 1, 0, 0
65809, 5690, 1, 0, 0
65907, 5424, 1, 0, 0
66000, 4778, 1, 0, 0
66105, 5472, 1, 0, 0
66213, 5149, 1, 0, 0
66310, 3947, 1, 0, 0
66400, 4352, 1, 0, 0
66517, 5367, 1, 0, 0
66602, 5280, 1, 0, 0
66704, 4856, 1, 0, 0
66803, 4512, 1, 0, 0
66900, 4838, 1, 0, 0
67012, 4719, 1, 0, 0
67121, 4495, 1, 0, 0
67217, 4294, 1, 0, 0
67300, 4418, 1, 0, 0
67412, 4589, 1, 0, 0
67506, 4372, 1, 0, 0
67607, 4664, 1, 0, 0
67708, 4358, 1, 0, 0
67806, 4420, 1, 0, 0
67906, 5149, 1, 0, 0
68007, 5401, 1, 0, 0
68114, 4561, 1, 0, 0
68219, 4858, 1, 0, 0
68313, 4933, 1, 0, 0
68410, 4562, 1, 0, 0
68504, 4583, 1, 0, 0
68612, 4495, 1, 0, 0
68719, 5905, 1, 0, 0
68822, 5571, 1, 0, 0
68902, 8440, 1, 0, 0
69020, 5882, 1, 0, 0
69139, 5584, 1, 0, 0
69201, 7701, 1, 0, 0
69312, 4670, 1, 0, 0
69400, 4023, 1, 0, 0
69509, 5027, 1, 0, 0
69601, 4620, 1, 0, 0
69714, 4581, 1, 0, 0
69814, 4846, 1, 0, 0
69915, 5279, 1, 0, 0
70014, 5311, 1, 0, 0
70110, 4772, 1, 0, 0
70210, 4003, 1, 0, 0
70313, 4027, 1, 0, 0
70414, 4858, 1, 0, 0
70518, 4543, 1, 0, 0
70608, 5955, 1, 0, 0
70712, 4223, 1, 0, 0
70809, 4615, 1, 0, 0
70910, 4247, 1, 0, 0
71010, 5606, 1, 0, 0
71111, 4698, 1, 0, 0
71212, 4103, 1, 0, 0
71311, 5043, 1, 0, 0
71410, 5184, 1, 0, 0
71512, 4856, 1, 0, 0
71611, 5613, 1, 0, 0
71722, 5024, 1, 0, 0
71809, 4918, 1, 0, 0
71902, 6582, 1, 0, 0
72048, 5355, 1, 0, 0
72128, 4938, 1, 0, 0
72275, 5655, 1, 0, 0
72331, 5002, 1, 0, 0
72441, 6139, 1, 0, 0
72528, 4456, 1, 0, 0
72612, 5562, 1, 0, 0
72727, 3574, 1, 0, 0
72842, 5009, 1, 0, 0
72911, 4424, 1, 0, 0
73011, 4274, 1, 0, 0
73115, 4976, 1, 0, 0
73217, 5543, 1, 0, 0
73310, 3304, 1, 0, 0
73401, 4364, 1, 0, 0
73509, 4571, 1, 0, 0
73601, 4504, 1, 0, 0
73708, 4846, 1, 0, 0
73801, 5081, 1, 0, 0
73908, 4932, 1, 0, 0
74016, 5194, 1, 0, 0
74100, 4167, 1, 0, 0
74203, 4630, 1, 0, 0
74305, 6259, 1, 0, 0
74416, 5369, 1, 0, 0
74507, 6090, 1, 0, 0
74620, 4927, 1, 0, 0
74708, 5298, 1, 0, 0
74828, 6145, 1, 0, 0
74916, 4498, 1, 0, 0
75012, 4677, 1, 0, 0
75104, 4194, 1, 0, 0
75202, 5236, 1, 0, 0
75313, 4328, 1, 0, 0
75414, 6304, 1, 0, 0
75501, 5181, 1, 0, 0
75606, 4774, 1, 0, 0
75713, 5894, 1, 0, 0
75813, 4695, 1, 0, 0
75926, 4849, 1, 0, 0
76040, 5681, 1, 0, 0
76155, 6792, 1, 0, 0
76202, 6467, 1, 0, 0
76305, 5058, 1, 0, 0
76405, 4528, 1, 0, 0
76510, 3866, 1, 0, 0
76616, 4473, 1, 0, 0
76715, 5026, 1, 0, 0
76803, 4629, 1, 0, 0
76905, 4532, 1, 0, 0
77016, 4657, 1, 0, 0
77117, 4498, 1, 0, 0
77201, 4910, 1, 0, 0
77303, 5081, 1, 0, 0
77402, 4354, 1, 0, 0
77516, 5643, 1, 0, 0
77606, 4885, 1, 0, 0
77704, 5111, 1, 0, 0
77800, 6218, 1, 0, 0
77921, 6299, 1, 0, 0
78025, 5502, 1, 0, 0
78109, 4648, 1, 0, 0
78211, 4743, 1, 0, 0
78302, 4779, 1, 0, 0
78404, 3485, 1, 0, 0
78515, 4216, 1, 0, 0
78617, 4565, 1, 0, 0
78712, 3916, 1, 0, 0
78835, 5179, 1, 0, 0
78943, 4522, 1, 0, 0
79043, 5694, 1, 0, 0
79146, 5351, 1, 0, 0
79251, 4019, 1, 0, 0
79306, 4311, 1, 0, 0
79409, 4509, 1, 0, 0
79510, 4598, 1, 0, 0
79607, 5430, 1, 0, 0
79710, 3959, 1, 0, 0
79803, 3796, 1, 0, 0
79911, 4083, 1, 0, 0
80009, 4694, 1, 0, 0
80112, 5825, 1, 0, 0
80206, 5180, 1, 0, 0
80310, 5753, 1, 0, 0
80416, 4429, 1, 0, 0
80518, 5178, 1, 0, 0
80605, 4183, 1, 0, 0
80703, 4821, 1, 0, 0
80814, 5162, 1, 0, 0
80907, 4471, 1, 0, 0
81021, 5257, 1, 0, 0
81104, 6672, 1, 0, 0
81219, 5329, 1, 0, 0
81306, 10390, 1, 0, 0
81418, 5522, 1, 0, 0
81515, 5674, 1, 0, 0
81615, 6046, 1, 0, 0
81710, 6058, 1, 0, 0
81804, 4467, 1, 0, 0
81911, 3965, 1, 0, 0
82003, 4183, 1, 0, 0
82107, 3790, 1, 0, 0
82208, 4422, 1, 0, 0
82305, 4993, 1, 0, 0
82424, 4508, 1, 0, 0
82532, 4592, 1, 0, 0
82635, 4268, 1, 0, 0
82738, 5181, 1, 0, 0
82843, 4945, 1, 0, 0
82945, 3984, 1, 0, 0
83052, 4516, 1, 0, 0
83104, 5442, 1, 0, 0
83205, 3957, 1, 0, 0
83313, 3839, 1, 0, 0
83410, 5208, 1, 0, 0
83513, 4539, 1, 0, 0
83606, 4526, 1, 0, 0
83707, 4259, 1, 0, 0
83818, 4853, 1, 0, 0
83919, 5550, 1, 0, 0
84010, 4185, 1, 0, 0
84103, 4541, 1, 0, 0
84203, 5288, 1, 0, 0
84300, 4319, 1, 0, 0
84410, 4249, 1, 0, 0
84517, 4316, 1, 0, 0
84600, 4209, 1, 0, 0
84708, 4522, 1, 0, 0
84813, 4358, 1, 0, 0
84914, 4448, 1, 0, 0
85000, 4320, 1, 0, 0
85132, 4988, 1, 0, 0
85201, 5169, 1, 0, 0
85301, 4976, 1, 0, 0
85406, 4810, 1, 0, 0
85515, 5564, 1, 0, 0
85613, 4136, 1, 0, 0
85722, 5696, 1, 0, 0
85847, 5097, 1, 0, 0
85955, 5220, 1, 0, 0
86035, 4392, 1, 0, 0
86118, 5755, 1, 0, 0
86274, 4232, 1, 0, 0
86323, 6053, 1, 0, 0
86422, 5963, 1, 0, 0
86535, 5198, 1, 0, 0
86602, 5199, 1, 0, 0
86705, 3583, 1, 0, 0
86805, 4573, 1, 0, 0
86910, 4752, 1, 0, 0
87009, 4091, 1, 0, 0
87117, 5114, 1, 0, 0
87209, 4554, 1, 0, 0
87319, 4971, 1, 0, 0
87407, 4366, 1, 0, 0
87510, 5154, 1, 0, 0
87615, 4663, 1, 0, 0
87704, 4037, 1, 0, 0
87802, 4631, 1, 0, 0
87919, 4102, 1, 0, 0
88016, 3879, 1, 0, 0
88106, 5278, 1, 0, 0
88210, 4481, 1, 0, 0
88300, 3942, 1, 0, 0
88416, 4650, 1, 0, 0
88501, 4192, 1, 0, 0
88613, 4944, 1, 0, 0
88703, 5657, 1, 0, 0
88820, 5390, 1, 0, 0
88900, 4699, 1, 0, 0
89004, 5344, 1, 0, 0
89102, 4395, 1, 0, 0
89202, 4686, 1, 0, 0
89334, 3854, 1, 0, 0
89440, 4982, 1, 0, 0
89523, 4417, 1, 0, 0
89607, 5025, 1, 0, 0
89752, 5960, 1, 0, 0
89832, 5270, 1, 0, 0
89910, 3808, 1, 0, 0
90123, 5294, 1, 0, 0
