250, 392, 1, 0, 0
350, 970, 1, 0, 0
450, 990, 1, 0, 0
550, 1820, 1, 0, 0
650, 1230, 1, 0, 0
749, 1252, 1, 0, 0
849, 1210, 1, 0, 0
949, 1270, 1, 0, 0
1049, 1180, 1, 0, 0
1149, 1490, 1, 0, 0
1249, 1490, 1, 0, 0
1350, 1430, 1, 0, 0
1450, 2120, 1, 0, 0
1550, 1590, 1, 0, 0
1650, 1280, 1, 0, 0
1749, 1585, 1, 0, 0
1849, 1470, 1, 0, 0
1949, 1470, 1, 0, 0
2049, 1250, 1, 0, 0
2149, 1200, 1, 0, 0
2249, 980, 1, 0, 0
2349, 1170, 1, 0, 0
2449, 1270, 1, 0, 0
2549, 990, 1, 0, 0
2649, 1250, 1, 0, 0
2750, 1090, 1, 0, 0
2850, 1860, 1, 0, 0
2950, 1460, 1, 0, 0
3050, 1470, 1, 0, 0
3150, 1470, 1, 0, 0
3249, 1484, 1, 0, 0
3349, 1470, 1, 0, 0
3449, 490, 1, 0, 0
3549, 490, 1, 0, 0
3649, 500, 1, 0, 0
3749, 490, 1, 0, 0
3850, 490, 1, 0, 0
3950, 490, 1, 0, 0
4050, 490, 1, 0, 0
4150, 340, 1, 0, 0
4249, 494, 1, 0, 0
4349, 490, 1, 0, 0
4449, 1150, 1, 0, 0
4549, 1500, 1, 0, 0
4649, 1550, 1, 0, 0
4749, 1240, 1, 0, 0
4849, 1330, 1, 0, 0
4949, 1620, 1, 0, 0
5050, 1220, 1, 0, 0
5150, 1540, 1, 0, 0
5249, 1424, 1, 0, 0
5349, 1570, 1, 0, 0
5449, 1440, 1, 0, 0
5549, 1560, 1, 0, 0
5649, 1170, 1, 0, 0
5749, 1010, 1, 0, 0
5849, 990, 1, 0, 0
5949, 980, 1, 0, 0
6050, 980, 1, 0, 0
6150, 980, 1, 0, 0
6249, 989, 1, 0, 0
6349, 980, 1, 0, 0
6449, 1330, 1, 0, 0
6549, 1600, 1, 0, 0
6649, 1480, 1, 0, 0
6749, 1200, 1, 0, 0
6849, 980, 1, 0, 0
6949, 490, 1, 0, 0
7050, 490, 1, 0, 0
7150, 540, 1, 0, 0
7249, 494, 1, 0, 0
7349, 490, 1, 0, 0
7449, 540, 1, 0, 0
7549, 100, 1, 0, 0
7649, 490, 1, 0, 0
7749, 1470, 1, 0, 0
7849, 1880, 1, 0, 0
7949, 990, 1, 0, 0
8050, 1950, 1, 0, 0
8150, 1560, 1, 0, 0
8249, 1484, 1, 0, 0
8349, 1270, 1, 0, 0
8449, 1510, 1, 0, 0
8549, 1470, 1, 0, 0
8649, 1460, 1, 0, 0
8749, 1480, 1, 0, 0
8849, 1470, 1, 0, 0
8949, 1470, 1, 0, 0
9049, 1470, 1, 0, 0
9149, 1480, 1, 0, 0
9250, 1470, 1, 0, 0
9350, 490, 1, 0, 0
9450, 490, 1, 0, 0
9550, 990, 1, 0, 0
9650, 780, 1, 0, 0
9749, 989, 1, 0, 0
9849, 700, 1, 0, 0
9949, 790, 1, 0, 0
10049, 490, 1, 0, 0
10149, 190, 1, 0, 0
10249, 310, 1, 0, 0
10350, 500, 1, 0, 0
10450, 490, 1, 0, 0
10550, 170, 1, 0, 0
10650, 320, 1, 0, 0
10749, 171, 1, 0, 0
10849, 490, 1, 0, 0
10949, 1420, 1, 0, 0
11049, 1530, 1, 0, 0
11149, 1460, 1, 0, 0
11250, 1460, 1, 0, 0
11350, 1460, 1, 0, 0
11450, 1460, 1, 0, 0
11550, 1480, 1, 0, 0
11650, 1490, 1, 0, 0
11749, 1464, 1, 0, 0
11849, 1470, 1, 0, 0
11949, 1500, 1, 0, 0
12049, 1470, 1, 0, 0
12149, 1470, 1, 0, 0
12250, 1460, 1, 0, 0
12350, 1960, 1, 0, 0
12450, 1470, 1, 0, 0
12550, 990, 1, 0, 0
12650, 1940, 1, 0, 0
12749, 1000, 1, 0, 0
12849, 1470, 1, 0, 0
12949, 1500, 1, 0, 0
13049, 1670, 1, 0, 0
13149, 1430, 1, 0, 0
13249, 1490, 1, 0, 0
13349, 1790, 1, 0, 0
13450, 490, 1, 0, 0
13550, 490, 1, 0, 0
13650, 490, 1, 0, 0
13749, 494, 1, 0, 0
13849, 490, 1, 0, 0
13949, 90, 1, 0, 0
14049, 590, 1, 0, 0
14149, 1020, 1, 0, 0
14250, 1190, 1, 0, 0
14350, 1810, 1, 0, 0
14450, 1370, 1, 0, 0
14550, 1860, 1, 0, 0
14650, 1470, 1, 0, 0
14749, 1131, 1, 0, 0
14849, 1480, 1, 0, 0
14949, 1380, 1, 0, 0
15049, 1470, 1, 0, 0
15149, 980, 1, 0, 0
15250, 1070, 1, 0, 0
15350, 990, 1, 0, 0
15450, 1390, 1, 0, 0
15550, 980, 1, 0, 0
15650, 1060, 1, 0, 0
15749, 1747, 1, 0, 0
15849, 1550, 1, 0, 0
15949, 1520, 1, 0, 0
16049, 1750, 1, 0, 0
16149, 1470, 1, 0, 0
16249, 1110, 1, 0, 0
16350, 1540, 1, 0, 0
16450, 1400, 1, 0, 0
16550, 1180, 1, 0, 0
16650, 1280, 1, 0, 0
16749, 1202, 1, 0, 0
16849, 980, 1, 0, 0
16949, 770, 1, 0, 0
17049, 490, 1, 0, 0
17149, 250, 1, 0, 0
17249, 240, 1, 0, 0
17349, 490, 1, 0, 0
17449, 310, 1, 0, 0
17550, 180, 1, 0, 0
17650, 490, 1, 0, 0
17749, 494, 1, 0, 0
17849, 490, 1, 0, 0
17949, 1510, 1, 0, 0
18049, 980, 1, 0, 0
18149, 1330, 1, 0, 0
18249, 980, 1, 0, 0
18349, 1150, 1, 0, 0
18449, 1430, 1, 0, 0
18549, 1020, 1, 0, 0
18650, 1470, 1, 0, 0
18750, 1510, 1, 0, 0
18850, 1070, 1, 0, 0
18950, 1520, 1, 0, 0
19050, 1480, 1, 0, 0
19150, 1750, 1, 0, 0
19249, 1474, 1, 0, 0
19349, 1470, 1, 0, 0
19449, 1470, 1, 0, 0
19549, 1470, 1, 0, 0
19649, 1470, 1, 0, 0
19749, 1470, 1, 0, 0
19849, 1440, 1, 0, 0
19949, 1480, 1, 0, 0
20050, 1470, 1, 0, 0
20150, 1430, 1, 0, 0
20249, 989, 1, 0, 0
20349, 60, 1, 0, 0
20449, 440, 1, 0, 0
20549, 50, 1, 0, 0
20649, 490, 1, 0, 0
20749, 440, 1, 0, 0
20849, 490, 1, 0, 0
20950, 50, 1, 0, 0
21050, 440, 1, 0, 0
21150, 490, 1, 0, 0
21249, 1000, 1, 0, 0
21349, 1060, 1, 0, 0
21449, 980, 1, 0, 0
21549, 1000, 1, 0, 0
21649, 990, 1, 0, 0
21749, 1430, 1, 0, 0
21849, 980, 1, 0, 0
21949, 980, 1, 0, 0
22050, 980, 1, 0, 0
22150, 1080, 1, 0, 0
22249, 1171, 1, 0, 0
22349, 980, 1, 0, 0
22449, 980, 1, 0, 0
22549, 980, 1, 0, 0
22649, 1260, 1, 0, 0
22750, 1470, 1, 0, 0
22850, 1470, 1, 0, 0
22950, 1470, 1, 0, 0
23050, 1690, 1, 0, 0
23150, 1480, 1, 0, 0
23249, 1484, 1, 0, 0
23349, 1950, 1, 0, 0
23449, 1480, 1, 0, 0
23549, 1470, 1, 0, 0
23649, 980, 1, 0, 0
23750, 490, 1, 0, 0
23850, 490, 1, 0, 0
23950, 490, 1, 0, 0
24050, 490, 1, 0, 0
24150, 490, 1, 0, 0
24249, 10, 1, 0, 0
24349, 490, 1, 0, 0
24449, 490, 1, 0, 0
24549, 970, 1, 0, 0
24649, 1480, 1, 0, 0
24749, 1040, 1, 0, 0
24849, 1260, 1, 0, 0
24949, 980, 1, 0, 0
25050, 980, 1, 0, 0
25150, 1200, 1, 0, 0
25249, 1262, 1, 0, 0
25349, 1210, 1, 0, 0
25449, 1330, 1, 0, 0
25549, 1140, 1, 0, 0
25649, 1310, 1, 0, 0
25749, 1010, 1, 0, 0
25849, 1210, 1, 0, 0
25949, 1240, 1, 0, 0
26049, 1270, 1, 0, 0
26150, 1180, 1, 0, 0
26249, 989, 1, 0, 0
26349, 1300, 1, 0, 0
26449, 1200, 1, 0, 0
26549, 1250, 1, 0, 0
26649, 980, 1, 0, 0
26749, 980, 1, 0, 0
26849, 980, 1, 0, 0
26949, 1210, 1, 0, 0
27049, 980, 1, 0, 0
27149, 310, 1, 0, 0
27250, 180, 1, 0, 0
27350, 490, 1, 0, 0
27450, 320, 1, 0, 0
27550, 490, 1, 0, 0
27650, 170, 1, 0, 0
27749, 333, 1, 0, 0
27849, 490, 1, 0, 0
27949, 590, 1, 0, 0
28050, 570, 1, 0, 0
28150, 1490, 1, 0, 0
28249, 1474, 1, 0, 0
28349, 1460, 1, 0, 0
28449, 1700, 1, 0, 0
28549, 1560, 1, 0, 0
28649, 1880, 1, 0, 0
28749, 980, 1, 0, 0
28849, 1200, 1, 0, 0
28949, 980, 1, 0, 0
29049, 990, 1, 0, 0
29149, 1290, 1, 0, 0
29249, 980, 1, 0, 0
29350, 1470, 1, 0, 0
29450, 1950, 1, 0, 0
29550, 1230, 1, 0, 0
29650, 1470, 1, 0, 0
29749, 1494, 1, 0, 0
29849, 1220, 1, 0, 0
29949, 1470, 1, 0, 0
30049, 1230, 1, 0, 0
30149, 1270, 1, 0, 0
30249, 1790, 1, 0, 0
30349, 1340, 1, 0, 0
30449, 1510, 1, 0, 0
30550, 680, 1, 0, 0
30650, 780, 1, 0, 0
30749, 494, 1, 0, 0
30849, 490, 1, 0, 0
30949, 490, 1, 0, 0
31049, 30, 1, 0, 0
31149, 490, 1, 0, 0
31250, 490, 1, 0, 0
31350, 490, 1, 0, 0
31450, 960, 1, 0, 0
31550, 1100, 1, 0, 0
31650, 1480, 1, 0, 0
31749, 1494, 1, 0, 0
31849, 1470, 1, 0, 0
31949, 1470, 1, 0, 0
32049, 1460, 1, 0, 0
32149, 1070, 1, 0, 0
32249, 1420, 1, 0, 0
32349, 1470, 1, 0, 0
32449, 1470, 1, 0, 0
32550, 1950, 1, 0, 0
32650, 980, 1, 0, 0
32749, 979, 1, 0, 0
32849, 980, 1, 0, 0
32949, 980, 1, 0, 0
33049, 980, 1, 0, 0
33149, 500, 1, 0, 0
33249, 1390, 1, 0, 0
33349, 580, 1, 0, 0
33450, 490, 1, 0, 0
33550, 500, 1, 0, 0
33650, 400, 1, 0, 0
33749, 90, 1, 0, 0
33849, 490, 1, 0, 0
33949, 400, 1, 0, 0
34049, 500, 1, 0, 0
34149, 80, 1, 0, 0
34250, 410, 1, 0, 0
34350, 570, 1, 0, 0
34450, 980, 1, 0, 0
34550, 980, 1, 0, 0
34650, 1420, 1, 0, 0
34749, 989, 1, 0, 0
34849, 1640, 1, 0, 0
34949, 1470, 1, 0, 0
35049, 1490, 1, 0, 0
35149, 1470, 1, 0, 0
35250, 1470, 1, 0, 0
35350, 1470, 1, 0, 0
35450, 1470, 1, 0, 0
35550, 1300, 1, 0, 0
35650, 980, 1, 0, 0
35749, 1222, 1, 0, 0
35849, 1970, 1, 0, 0
35949, 1010, 1, 0, 0
36049, 1950, 1, 0, 0
36149, 980, 1, 0, 0
36250, 1470, 1, 0, 0
36350, 1470, 1, 0, 0
36450, 1720, 1, 0, 0
36550, 1480, 1, 0, 0
36650, 1070, 1, 0, 0
36749, 1393, 1, 0, 0
36849, 490, 1, 0, 0
36949, 90, 1, 0, 0
37050, 400, 1, 0, 0
37150, 490, 1, 0, 0
37249, 494, 1, 0, 0
37349, 490, 1, 0, 0
37449, 230, 1, 0, 0
37549, 750, 1, 0, 0
37649, 1470, 1, 0, 0
37749, 1480, 1, 0, 0
37849, 1710, 1, 0, 0
37949, 1400, 1, 0, 0
38049, 1550, 1, 0, 0
38149, 1490, 1, 0, 0
38250, 1390, 1, 0, 0
38350, 1560, 1, 0, 0
38450, 1630, 1, 0, 0
38550, 1520, 1, 0, 0
38650, 1470, 1, 0, 0
38749, 1484, 1, 0, 0
38849, 1720, 1, 0, 0
38949, 1350, 1, 0, 0
39049, 1290, 1, 0, 0
39149, 980, 1, 0, 0
39249, 1470, 1, 0, 0
39349, 980, 1, 0, 0
39450, 1170, 1, 0, 0
39550, 980, 1, 0, 0
39650, 1280, 1, 0, 0
39749, 1484, 1, 0, 0
39849, 1030, 1, 0, 0
39949, 980, 1, 0, 0
40049, 1310, 1, 0, 0
40149, 980, 1, 0, 0
40249, 980, 1, 0, 0
40349, 630, 1, 0, 0
40449, 490, 1, 0, 0
40550, 380, 1, 0, 0
40650, 500, 1, 0, 0
40749, 101, 1, 0, 0
40849, 390, 1, 0, 0
40949, 490, 1, 0, 0
41049, 100, 1, 0, 0
41149, 390, 1, 0, 0
41249, 1480, 1, 0, 0
41349, 1080, 1, 0, 0
41449, 1370, 1, 0, 0
41550, 1610, 1, 0, 0
41650, 980, 1, 0, 0
41749, 1555, 1, 0, 0
41849, 1780, 1, 0, 0
41949, 1460, 1, 0, 0
42049, 1470, 1, 0, 0
42149, 1490, 1, 0, 0
42249, 1440, 1, 0, 0
42349, 1470, 1, 0, 0
42449, 1120, 1, 0, 0
42549, 1540, 1, 0, 0
42649, 1470, 1, 0, 0
42749, 1470, 1, 0, 0
42849, 1460, 1, 0, 0
42950, 1000, 1, 0, 0
43050, 1040, 1, 0, 0
43150, 980, 1, 0, 0
43249, 1454, 1, 0, 0
43349, 980, 1, 0, 0
43449, 1030, 1, 0, 0
43549, 1030, 1, 0, 0
43649, 1420, 1, 0, 0
43749, 980, 1, 0, 0
43849, 1020, 1, 0, 0
43949, 500, 1, 0, 0
44050, 490, 1, 0, 0
44150, 500, 1, 0, 0
44249, 494, 1, 0, 0
44349, 490, 1, 0, 0
44449, 490, 1, 0, 0
44549, 490, 1, 0, 0
44649, 980, 1, 0, 0
44749, 480, 1, 0, 0
44849, 990, 1, 0, 0
44949, 1540, 1, 0, 0
45050, 980, 1, 0, 0
45150, 1110, 1, 0, 0
45249, 989, 1, 0, 0
45349, 1470, 1, 0, 0
45449, 990, 1, 0, 0
45549, 1100, 1, 0, 0
45649, 1500, 1, 0, 0
45749, 1240, 1, 0, 0
45849, 1470, 1, 0, 0
45949, 1940, 1, 0, 0
46049, 1130, 1, 0, 0
46150, 1470, 1, 0, 0
46250, 1460, 1, 0, 0
46350, 1470, 1, 0, 0
46450, 1280, 1, 0, 0
46550, 1490, 1, 0, 0
46650, 1460, 1, 0, 0
46749, 1484, 1, 0, 0
46849, 1500, 1, 0, 0
46949, 1470, 1, 0, 0
47049, 1470, 1, 0, 0
47149, 1440, 1, 0, 0
47250, 980, 1, 0, 0
47350, 150, 1, 0, 0
47450, 490, 1, 0, 0
47550, 490, 1, 0, 0
47650, 350, 1, 0, 0
47749, 494, 1, 0, 0
47849, 140, 1, 0, 0
47949, 490, 1, 0, 0
48050, 350, 1, 0, 0
48150, 630, 1, 0, 0
48249, 989, 1, 0, 0
48349, 1960, 1, 0, 0
48449, 1110, 1, 0, 0
48549, 1390, 1, 0, 0
48649, 1490, 1, 0, 0
48749, 1460, 1, 0, 0
48849, 1060, 1, 0, 0
48949, 1600, 1, 0, 0
49049, 1620, 1, 0, 0
49149, 1530, 1, 0, 0
49250, 1470, 1, 0, 0
49350, 1470, 1, 0, 0
49450, 1100, 1, 0, 0
49550, 1470, 1, 0, 0
49650, 1470, 1, 0, 0
49749, 1484, 1, 0, 0
49849, 1830, 1, 0, 0
49949, 1110, 1, 0, 0
50049, 1510, 1, 0, 0
50149, 1790, 1, 0, 0
50250, 1470, 1, 0, 0
50350, 1600, 1, 0, 0
50450, 1470, 1, 0, 0
50550, 1760, 1, 0, 0
50650, 490, 1, 0, 0
50749, 10, 1, 0, 0
50849, 500, 1, 0, 0
50949, 530, 1, 0, 0
51049, 490, 1, 0, 0
51149, 510, 1, 0, 0
51250, 490, 1, 0, 0
51350, 460, 1, 0, 0
51450, 490, 1, 0, 0
51550, 1470, 1, 0, 0
51650, 1970, 1, 0, 0
51749, 1020, 1, 0, 0
51849, 1540, 1, 0, 0
51949, 1870, 1, 0, 0
52049, 1490, 1, 0, 0
52149, 1470, 1, 0, 0
52250, 1490, 1, 0, 0
52350, 1050, 1, 0, 0
52450, 980, 1, 0, 0
52550, 990, 1, 0, 0
52650, 990, 1, 0, 0
52749, 1000, 1, 0, 0
52849, 1460, 1, 0, 0
52949, 1120, 1, 0, 0
53049, 1480, 1, 0, 0
53149, 1080, 1, 0, 0
53249, 1260, 1, 0, 0
53349, 1200, 1, 0, 0
53449, 1300, 1, 0, 0
53550, 1170, 1, 0, 0
53650, 1480, 1, 0, 0
53749, 1585, 1, 0, 0
53849, 1470, 1, 0, 0
53949, 1750, 1, 0, 0
54049, 540, 1, 0, 0
54149, 490, 1, 0, 0
54249, 540, 1, 0, 0
54349, 570, 1, 0, 0
54449, 490, 1, 0, 0
54549, 490, 1, 0, 0
54650, 470, 1, 0, 0
54749, 525, 1, 0, 0
54849, 1920, 1, 0, 0
54949, 1470, 1, 0, 0
55049, 990, 1, 0, 0
55149, 1530, 1, 0, 0
55249, 1430, 1, 0, 0
55349, 1460, 1, 0, 0
55449, 1480, 1, 0, 0
55549, 1010, 1, 0, 0
55649, 1060, 1, 0, 0
55750, 1610, 1, 0, 0
55850, 980, 1, 0, 0
55950, 1240, 1, 0, 0
56050, 1000, 1, 0, 0
56150, 1230, 1, 0, 0
56249, 1292, 1, 0, 0
56349, 1190, 1, 0, 0
56449, 1260, 1, 0, 0
56549, 1660, 1, 0, 0
56649, 1470, 1, 0, 0
56749, 1470, 1, 0, 0
56849, 1470, 1, 0, 0
56949, 1470, 1, 0, 0
57050, 1260, 1, 0, 0
57150, 1470, 1, 0, 0
57249, 1202, 1, 0, 0
57349, 1610, 1, 0, 0
57449, 1120, 1, 0, 0
57549, 1470, 1, 0, 0
57649, 1470, 1, 0, 0
57749, 1630, 1, 0, 0
57849, 620, 1, 0, 0
57949, 490, 1, 0, 0
58050, 490, 1, 0, 0
58150, 250, 1, 0, 0
58249, 494, 1, 0, 0
58349, 490, 1, 0, 0
58449, 490, 1, 0, 0
58549, 490, 1, 0, 0
58649, 490, 1, 0, 0
58749, 1260, 1, 0, 0
58849, 1470, 1, 0, 0
58950, 1200, 1, 0, 0
59050, 1260, 1, 0, 0
59150, 1290, 1, 0, 0
59249, 1484, 1, 0, 0
59349, 1500, 1, 0, 0
59449, 1480, 1, 0, 0
59549, 1550, 1, 0, 0
59649, 1470, 1, 0, 0
59749, 1930, 1, 0, 0
59849, 1470, 1, 0, 0
59949, 1470, 1, 0, 0
60050, 1720, 1, 0, 0
60150, 1470, 1, 0, 0
60249, 1494, 1, 0, 0
60349, 1190, 1, 0, 0
60449, 1820, 1, 0, 0
60549, 1500, 1, 0, 0
60649, 1460, 1, 0, 0
60749, 1220, 1, 0, 0
60849, 980, 1, 0, 0
60950, 1000, 1, 0, 0
61050, 1470, 1, 0, 0
61150, 1960, 1, 0, 0
61249, 494, 1, 0, 0
61349, 540, 1, 0, 0
61449, 500, 1, 0, 0
61550, 860, 1, 0, 0
61650, 60, 1, 0, 0
61749, 494, 1, 0, 0
61849, 440, 1, 0, 0
61949, 490, 1, 0, 0
62049, 1030, 1, 0, 0
62149, 1420, 1, 0, 0
62249, 1140, 1, 0, 0
62349, 1330, 1, 0, 0
62449, 1470, 1, 0, 0
62550, 1480, 1, 0, 0
62650, 1470, 1, 0, 0
62749, 1202, 1, 0, 0
62849, 1260, 1, 0, 0
62949, 1470, 1, 0, 0
63049, 1460, 1, 0, 0
63149, 1470, 1, 0, 0
63249, 1600, 1, 0, 0
63349, 1350, 1, 0, 0
63449, 1480, 1, 0, 0
63549, 1520, 1, 0, 0
63649, 1910, 1, 0, 0
63749, 1160, 1, 0, 0
63849, 1470, 1, 0, 0
63949, 1300, 1, 0, 0
64050, 1630, 1, 0, 0
64150, 1580, 1, 0, 0
64249, 1454, 1, 0, 0
64349, 1480, 1, 0, 0
64449, 1490, 1, 0, 0
64549, 1200, 1, 0, 0
64649, 1670, 1, 0, 0
64749, 1470, 1, 0, 0
64849, 500, 1, 0, 0
64949, 490, 1, 0, 0
65049, 490, 1, 0, 0
65149, 490, 1, 0, 0
65250, 490, 1, 0, 0
65350, 490, 1, 0, 0
65450, 490, 1, 0, 0
65550, 490, 1, 0, 0
65650, 970, 1, 0, 0
65749, 1484, 1, 0, 0
65849, 1460, 1, 0, 0
65949, 1470, 1, 0, 0
66049, 980, 1, 0, 0
66149, 1190, 1, 0, 0
66250, 1320, 1, 0, 0
66350, 980, 1, 0, 0
66450, 1130, 1, 0, 0
66550, 980, 1, 0, 0
66650, 1470, 1, 0, 0
66749, 1323, 1, 0, 0
66849, 1470, 1, 0, 0
66949, 1470, 1, 0, 0
67049, 1470, 1, 0, 0
67149, 1470, 1, 0, 0
67250, 1470, 1, 0, 0
67350, 1160, 1, 0, 0
67450, 1530, 1, 0, 0
67550, 1720, 1, 0, 0
67650, 1200, 1, 0, 0
67749, 1020, 1, 0, 0
67849, 1340, 1, 0, 0
67949, 980, 1, 0, 0
68049, 1470, 1, 0, 0
68149, 1190, 1, 0, 0
68249, 1280, 1, 0, 0
68350, 970, 1, 0, 0
68450, 1460, 1, 0, 0
68550, 10, 1, 0, 0
68650, 980, 1, 0, 0
68749, 494, 1, 0, 0
68849, 480, 1, 0, 0
68949, 10, 1, 0, 0
69049, 980, 1, 0, 0
69149, 490, 1, 0, 0
69250, 480, 1, 0, 0
69350, 990, 1, 0, 0
69450, 1960, 1, 0, 0
69550, 1470, 1, 0, 0
69650, 1470, 1, 0, 0
69749, 1949, 1, 0, 0
69849, 1470, 1, 0, 0
69949, 990, 1, 0, 0
70049, 1470, 1, 0, 0
70149, 1470, 1, 0, 0
70249, 1980, 1, 0, 0
70350, 1470, 1, 0, 0
70450, 1480, 1, 0, 0
70550, 1490, 1, 0, 0
70650, 1960, 1, 0, 0
70749, 1060, 1, 0, 0
70849, 980, 1, 0, 0
70949, 1390, 1, 0, 0
71049, 1470, 1, 0, 0
71149, 1470, 1, 0, 0
71249, 1460, 1, 0, 0
71349, 1470, 1, 0, 0
71449, 1470, 1, 0, 0
71550, 1010, 1, 0, 0
71650, 1480, 1, 0, 0
71749, 1484, 1, 0, 0
71849, 1470, 1, 0, 0
71949, 980, 1, 0, 0
72049, 490, 1, 0, 0
72149, 490, 1, 0, 0
72249, 490, 1, 0, 0
72349, 470, 1, 0, 0
72449, 490, 1, 0, 0
72550, 490, 1, 0, 0
72650, 490, 1, 0, 0
72749, 20, 1, 0, 0
72849, 490, 1, 0, 0
72949, 1480, 1, 0, 0
73049, 1460, 1, 0, 0
73149, 1010, 1, 0, 0
73249, 1480, 1, 0, 0
73349, 1030, 1, 0, 0
73449, 980, 1, 0, 0
73550, 1950, 1, 0, 0
73650, 1470, 1, 0, 0
73749, 989, 1, 0, 0
73849, 1130, 1, 0, 0
73949, 1400, 1, 0, 0
74049, 1570, 1, 0, 0
74149, 1470, 1, 0, 0
74249, 1460, 1, 0, 0
74349, 1510, 1, 0, 0
74449, 1470, 1, 0, 0
74549, 1430, 1, 0, 0
74649, 1470, 1, 0, 0
74750, 1460, 1, 0, 0
74850, 1470, 1, 0, 0
74950, 1480, 1, 0, 0
75050, 1460, 1, 0, 0
75150, 1470, 1, 0, 0
75249, 1484, 1, 0, 0
75349, 1000, 1, 0, 0
75449, 490, 1, 0, 0
75549, 490, 1, 0, 0
75649, 490, 1, 0, 0
75749, 490, 1, 0, 0
75850, 490, 1, 0, 0
75950, 480, 1, 0, 0
76050, 490, 1, 0, 0
76150, 490, 1, 0, 0
76249, 989, 1, 0, 0
76349, 1470, 1, 0, 0
76449, 1470, 1, 0, 0
76549, 990, 1, 0, 0
76649, 1500, 1, 0, 0
76749, 1470, 1, 0, 0
76849, 1460, 1, 0, 0
76949, 1000, 1, 0, 0
77050, 1460, 1, 0, 0
77150, 1500, 1, 0, 0
77249, 1060, 1, 0, 0
77349, 1410, 1, 0, 0
77449, 1080, 1, 0, 0
77549, 1370, 1, 0, 0
77649, 1530, 1, 0, 0
77749, 1020, 1, 0, 0
77849, 1950, 1, 0, 0
77949, 1070, 1, 0, 0
78049, 1380, 1, 0, 0
78149, 1580, 1, 0, 0
78250, 1470, 1, 0, 0
78350, 1530, 1, 0, 0
78450, 1440, 1, 0, 0
78550, 2050, 1, 0, 0
78650, 1470, 1, 0, 0
78749, 1484, 1, 0, 0
78849, 920, 1, 0, 0
78949, 520, 1, 0, 0
79049, 560, 1, 0, 0
79149, 490, 1, 0, 0
79250, 490, 1, 0, 0
79350, 610, 1, 0, 0
79450, 520, 1, 0, 0
79550, 610, 1, 0, 0
79650, 490, 1, 0, 0
79749, 1212, 1, 0, 0
79849, 1480, 1, 0, 0
79949, 1510, 1, 0, 0
80049, 1470, 1, 0, 0
80149, 1410, 1, 0, 0
80250, 1070, 1, 0, 0
80350, 1380, 1, 0, 0
80450, 1550, 1, 0, 0
80550, 1590, 1, 0, 0
80650, 1170, 1, 0, 0
80749, 1313, 1, 0, 0
80849, 1470, 1, 0, 0
80949, 980, 1, 0, 0
81049, 1220, 1, 0, 0
81149, 910, 1, 0, 0
81249, 1360, 1, 0, 0
81349, 1180, 1, 0, 0
81449, 980, 1, 0, 0
81550, 1300, 1, 0, 0
81650, 1470, 1, 0, 0
81750, 1470, 1, 0, 0
81850, 1160, 1, 0, 0
81950, 1780, 1, 0, 0
82050, 1520, 1, 0, 0
82150, 1470, 1, 0, 0
82249, 1141, 1, 0, 0
82349, 1300, 1, 0, 0
82449, 490, 1, 0, 0
82549, 490, 1, 0, 0
82649, 490, 1, 0, 0
82749, 490, 1, 0, 0
82849, 490, 1, 0, 0
82950, 490, 1, 0, 0
83050, 240, 1, 0, 0
83150, 490, 1, 0, 0
83249, 494, 1, 0, 0
83349, 1480, 1, 0, 0
83449, 1460, 1, 0, 0
83549, 1500, 1, 0, 0
83649, 1470, 1, 0, 0
83749, 1480, 1, 0, 0
83849, 1470, 1, 0, 0
83949, 1470, 1, 0, 0
84050, 1140, 1, 0, 0
84150, 1470, 1, 0, 0
84249, 1484, 1, 0, 0
84349, 1460, 1, 0, 0
84449, 1470, 1, 0, 0
84549, 1470, 1, 0, 0
84649, 1450, 1, 0, 0
84749, 1000, 1, 0, 0
84849, 1940, 1, 0, 0
84949, 1470, 1, 0, 0
85049, 1260, 1, 0, 0
85149, 1190, 1, 0, 0
85249, 1260, 1, 0, 0
85349, 1580, 1, 0, 0
85450, 990, 1, 0, 0
85550, 1530, 1, 0, 0
85650, 1490, 1, 0, 0
85749, 989, 1, 0, 0
85849, 520, 1, 0, 0
85949, 490, 1, 0, 0
86049, 490, 1, 0, 0
86149, 510, 1, 0, 0
86249, 490, 1, 0, 0
86349, 490, 1, 0, 0
86449, 570, 1, 0, 0
86550, 590, 1, 0, 0
86650, 1570, 1, 0, 0
86749, 1535, 1, 0, 0
86849, 1490, 1, 0, 0
86949, 1940, 1, 0, 0
87049, 1280, 1, 0, 0
87149, 1620, 1, 0, 0
87249, 1460, 1, 0, 0
87349, 1500, 1, 0, 0
87449, 1460, 1, 0, 0
87549, 1470, 1, 0, 0
87649, 1190, 1, 0, 0
87750, 1480, 1, 0, 0
87850, 1250, 1, 0, 0
87950, 980, 1, 0, 0
88050, 990, 1, 0, 0
88150, 1480, 1, 0, 0
88249, 989, 1, 0, 0
88349, 1190, 1, 0, 0
88449, 1270, 1, 0, 0
88549, 980, 1, 0, 0
88649, 1470, 1, 0, 0
88749, 980, 1, 0, 0
88849, 980, 1, 0, 0
88949, 1180, 1, 0, 0
89050, 980, 1, 0, 0
89150, 1030, 1, 0, 0
89249, 989, 1, 0, 0
89349, 490, 1, 0, 0
89449, 490, 1, 0, 0
89549, 250, 1, 0, 0
89649, 240, 1, 0, 0
89749, 250, 1, 0, 0
89849, 490, 1, 0, 0
89949, 250, 1, 0, 0
90050, 240, 1, 0, 0
90150, 10, 1, 0, 0
