136, 3796, 1, 0, 0
269, 5293, 1, 0, 0
319, 5421, 1, 0, 0
417, 4969, 1, 0, 0
515, 4095, 1, 0, 0
609, 5570, 1, 0, 0
712, 5811, 1, 0, 0
818, 5220, 1, 0, 0
902, 4867, 1, 0, 0
1002, 6159, 1, 0, 0
1104, 5613, 1, 0, 0
1214, 5051, 1, 0, 0
1319, 4973, 1, 0, 0
1402, 5079, 1, 0, 0
1525, 5819, 1, 0, 0
1625, 4509, 1, 0, 0
1701, 4133, 1, 0, 0
1804, 4822, 1, 0, 0
1909, 5918, 1, 0, 0
2011, 3539, 1, 0, 0
2110, 4185, 1, 0, 0
2218, 4424, 1, 0, 0
2321, 4687, 1, 0, 0
2420, 6208, 1, 0, 0
2509, 4764, 1, 0, 0
2602, 4253, 1, 0, 0
2700, 4464, 1, 0, 0
2812, 4507, 1, 0, 0
2905, 5247, 1, 0, 0
3008, 4758, 1, 0, 0
3111, 4158, 1, 0, 0
3209, 3921, 1, 0, 0
3316, 5839, 1, 0, 0
3406, 5159, 1, 0, 0
3567, 5169, 1, 0, 0
3650, 6024, 1, 0, 0
3731, 5980, 1, 0, 0
3863, 4703, 1, 0, 0
3941, 5938, 1, 0, 0
4077, 4807, 1, 0, 0
4154, 4876, 1, 0, 0
4226, 4769, 1, 0, 0
4303, 6317, 1, 0, 0
4402, 4476, 1, 0, 0
4504, 4743, 1, 0, 0
4603, 4522, 1, 0, 0
4704, 4726, 1, 0, 0
4804, 4273, 1, 0, 0
4903, 4548, 1, 0, 0
5002, 4483, 1, 0, 0
5113, 4441, 1, 0, 0
5212, 3474, 1, 0, 0
5301, 4205, 1, 0, 0
5413, 4632, 1, 0, 0
5506, 4138, 1, 0, 0
5611, 4551, 1, 0, 0
5711, 4624, 1, 0, 0
5803, 3804, 1, 0, 0
5909, 3774, 1, 0, 0
6005, 5009, 1, 0, 0
6106, 4836, 1, 0, 0
6209, 5079, 1, 0, 0
6306, 4039, 1, 0, 0
6413, 4338, 1, 0, 0
6508, 4466, 1, 0, 0
6600, 5883, 1, 0, 0
6706, 3815, 1, 0, 0
6800, 4587, 1, 0, 0
6903, 4150, 1, 0, 0
7053, 5220, 1, 0, 0
7131, 3409, 1, 0, 0
7207, 5557, 1, 0, 0
7316, 6830, 1, 0, 0
7403, 5545, 1, 0, 0
7521, 5418, 1, 0, 0
7600, 4835, 1, 0, 0
7701, 4876, 1, 0, 0
7811, 5342, 1, 0, 0
7911, 4270, 1, 0, 0
8008, 3959, 1, 0, 0
8105, 5521, 1, 0, 0
8200, 4496, 1, 0, 0
8319, 5100, 1, 0, 0
8410, 5550, 1, 0, 0
8506, 5126, 1, 0, 0
8603, 4173, 1, 0, 0
8701, 5084, 1, 0, 0
8803, 4467, 1, 0, 0
8900, 3982, 1, 0, 0
9000, 3997, 1, 0, 0
9100, 4765, 1, 0, 0
9211, 5463, 1, 0, 0
9365, 5164, 1, 0, 0
9422, 4030, 1, 0, 0
9504, 6549, 1, 0, 0
9604, 4831, 1, 0, 0
9720, 4329, 1, 0, 0
9807, 4324, 1, 0, 0
9909, 6695, 1, 0, 0
10025, 3969, 1, 0, 0
10186, 4992, 1, 0, 0
10265, 5094, 1, 0, 0
10329, 4048, 1, 0, 0
10436, 3343, 1, 0, 0
10518, 4882, 1, 0, 0
10605, 3845, 1, 0, 0
10726, 3496, 1, 0, 0
10813, 3682, 1, 0, 0
10905, 6931, 1, 0, 0
11004, 5089, 1, 0, 0
11117, 4448, 1, 0, 0
11201, 4256, 1, 0, 0
11300, 5119, 1, 0, 0
11416, 5513, 1, 0, 0
11511, 5072, 1, 0, 0
11600, 4633, 1, 0, 0
11701, 3811, 1, 0, 0
11807, 4348, 1, 0, 0
11901, 5030, 1, 0, 0
12019, 4343, 1, 0, 0
12103, 4012, 1, 0, 0
12201, 4972, 1, 0, 0
12309, 3689, 1, 0, 0
12406, 4277, 1, 0, 0
12506, 4893, 1, 0, 0
12603, 4429, 1, 0, 0
12705, 4610, 1, 0, 0
12818, 4232, 1, 0, 0
12904, 5577, 1, 0, 0
13006, 5194, 1, 0, 0
13117, 5078, 1, 0, 0
13213, 5017, 1, 0, 0
13351, 4049, 1, 0, 0
13430, 3679, 1, 0, 0
13509, 3412, 1, 0, 0
13648, 4088, 1, 0, 0
13704, 3766, 1, 0, 0
13878, 5175, 1, 0, 0
13966, 7584, 1, 0, 0
14056, 6505, 1, 0, 0
14102, 4731, 1, 0, 0
14200, 4553, 1, 0, 0
14309, 5020, 1, 0, 0
14411, 3923, 1, 0, 0
14513, 4936, 1, 0, 0
14616, 3409, 1, 0, 0
14702, 4504, 1, 0, 0
14809, 4709, 1, 0, 0
14905, 4478, 1, 0, 0
15007, 4045, 1, 0, 0
15102, 4003, 1, 0, 0
15214, 3648, 1, 0, 0
15315, 4327, 1, 0, 0
15423, 4775, 1, 0, 0
15509, 4803, 1, 0, 0
15614, 4910, 1, 0, 0
15707, 5532, 1, 0, 0
15804, 4407, 1, 0, 0
15906, 3922, 1, 0, 0
16002, 4363, 1, 0, 0
16111, 4381, 1, 0, 0
16217, 4850, 1, 0, 0
16316, 3981, 1, 0, 0
16408, 3622, 1, 0, 0
16500, 4309, 1, 0, 0
16613, 3959, 1, 0, 0
16703, 4753, 1, 0, 0
16803, 6291, 1, 0, 0
16922, 4997, 1, 0, 0
17074, 4704, 1, 0, 0
17157, 4862, 1, 0, 0
17210, 5389, 1, 0, 0
17314, 3778, 1, 0, 0
17444, 4171, 1, 0, 0
17526, 5990, 1, 0, 0
17601, 6152, 1, 0, 0
17711, 4349, 1, 0, 0
17801, 3754, 1, 0, 0
17907, 4666, 1, 0, 0
18008, 4901, 1, 0, 0
18103, 4143, 1, 0, 0
18203, 3953, 1, 0, 0
18303, 4465, 1, 0, 0
18409, 4449, 1, 0, 0
18510, 4177, 1, 0, 0
18601, 3908, 1, 0, 0
18700, 4831, 1, 0, 0
18809, 4795, 1, 0, 0
18902, 5281, 1, 0, 0
19014, 4746, 1, 0, 0
19112, 4863, 1, 0, 0
19218, 5878, 1, 0, 0
19319, 5013, 1, 0, 0
19401, 4221, 1, 0, 0
19509, 3564, 1, 0, 0
19610, 5141, 1, 0, 0
19707, 6396, 1, 0, 0
19811, 4554, 1, 0, 0
19912, 4973, 1, 0, 0
20018, 4993, 1, 0, 0
20103, 6244, 1, 0, 0
20229, 4389, 1, 0, 0
20309, 5505, 1, 0, 0
20473, 5217, 1, 0, 0
20527, 3623, 1, 0, 0
20635, 5191, 1, 0, 0
20769, 4774, 1, 0, 0
20851, 6305, 1, 0, 0
20934, 5915, 1, 0, 0
21044, 4417, 1, 0, 0
21101, 4272, 1, 0, 0
21211, 4982, 1, 0, 0
21304, 4553, 1, 0, 0
21414, 5181, 1, 0, 0
21514, 6426, 1, 0, 0
21612, 4757, 1, 0, 0
21724, 4770, 1, 0, 0
21805, 4701, 1, 0, 0
21920, 5599, 1, 0, 0
22012, 4620, 1, 0, 0
22105, 5168, 1, 0, 0
22201, 4268, 1, 0, 0
22314, 6358, 1, 0, 0
22404, 4316, 1, 0, 0
22506, 4325, 1, 0, 0
22607, 4698, 1, 0, 0
22722, 5703, 1, 0, 0
22801, 5471, 1, 0, 0
22900, 5327, 1, 0, 0
23000, 4339, 1, 0, 0
23107, 3712, 1, 0, 0
23210, 4059, 1, 0, 0
23308, 4029, 1, 0, 0
23404, 3853, 1, 0, 0
23512, 3778, 1, 0, 0
23637, 3420, 1, 0, 0
23744, 4824, 1, 0, 0
23845, 4472, 1, 0, 0
23923, 4291, 1, 0, 0
24028, 4942, 1, 0, 0
24111, 4399, 1, 0, 0
24222, 3440, 1, 0, 0
24308, 6380, 1, 0, 0
24426, 6605, 1, 0, 0
24515, 4267, 1, 0, 0
24610, 6008, 1, 0, 0
24711, 5606, 1, 0, 0
24817, 4488, 1, 0, 0
24903, 6239, 1, 0, 0
25002, 4049, 1, 0, 0
25122, 4362, 1, 0, 0
25204, 5268, 1, 0, 0
25314, 5696, 1, 0, 0
25401, 4470, 1, 0, 0
25507, 4863, 1, 0, 0
25618, 4739, 1, 0, 0
25700, 4695, 1, 0, 0
25823, 5187, 1, 0, 0
25911, 3927, 1, 0, 0
26012, 5154, 1, 0, 0
26109, 4294, 1, 0, 0
26204, 5402, 1, 0, 0
26317, 4835, 1, 0, 0
26422, 4122, 1, 0, 0
26512, 4947, 1, 0, 0
26613, 4325, 1, 0, 0
26719, 4365, 1, 0, 0
26814, 4991, 1, 0, 0
26900, 4688, 1, 0, 0
27012, 4731, 1, 0, 0
27111, 5390, 1, 0, 0
27274, 4215, 1, 0, 0
27331, 5288, 1, 0, 0
27433, 5729, 1, 0, 0
27515, 3480, 1, 0, 0
27648, 5402, 1, 0, 0
27730, 3549, 1, 0, 0
27834, 4308, 1, 0, 0
27935, 5173, 1, 0, 0
28008, 5566, 1, 0, 0
28113, 5277, 1, 0, 0
28217, 4669, 1, 0, 0
28312, 5099, 1, 0, 0
28401, 4426, 1, 0, 0
28512, 4168, 1, 0, 0
28610, 6579, 1, 0, 0
28717, 4342, 1, 0, 0
28808, 4665, 1, 0, 0
28912, 4534, 1, 0, 0
29004, 5269, 1, 0, 0
29117, 5053, 1, 0, 0
29215, 3357, 1, 0, 0
29324, 3992, 1, 0, 0
29417, 4266, 1, 0, 0
29505, 4436, 1, 0, 0
29602, 5106, 1, 0, 0
29709, 4760, 1, 0, 0
29811, 4689, 1, 0, 0
29907, 4322, 1, 0, 0
30005, 5040, 1, 0, 0
30112, 4585, 1, 0, 0
30209, 4897, 1, 0, 0
30303, 4362, 1, 0, 0
30421, 4915, 1, 0, 0
30539, 4575, 1, 0, 0
30646, 4491, 1, 0, 0
30701, 4356, 1, 0, 0
30805, 3965, 1, 0, 0
30918, 5324, 1, 0, 0
31031, 4835, 1, 0, 0
31140, 5672, 1, 0, 0
31252, 5159, 1, 0, 0
31312, 3947, 1, 0, 0
31417, 4785, 1, 0, 0
31517, 4467, 1, 0, 0
31608, 3781, 1, 0, 0
31702, 3980, 1, 0, 0
31804, 5253, 1, 0, 0
31911, 4536, 1, 0, 0
32012, 4915, 1, 0, 0
32109, 4618, 1, 0, 0
32200, 5469, 1, 0, 0
32320, 4639, 1, 0, 0
32404, 6511, 1, 0, 0
32503, 4047, 1, 0, 0
32608, 3545, 1, 0, 0
32709, 4804, 1, 0, 0
32815, 5295, 1, 0, 0
32909, 3862, 1, 0, 0
33019, 4380, 1, 0, 0
33102, 4418, 1, 0, 0
33215, 4775, 1, 0, 0
33314, 4783, 1, 0, 0
33410, 5108, 1, 0, 0
33513, 4881, 1, 0, 0
33619, 5827, 1, 0, 0
33726, 4983, 1, 0, 0
33829, 5164, 1, 0, 0
33931, 5238, 1, 0, 0
34035, 4421, 1, 0, 0
34139, 4001, 1, 0, 0
34231, 4369, 1, 0, 0
34318, 5533, 1, 0, 0
34409, 4276, 1, 0, 0
34506, 4285, 1, 0, 0
34605, 4421, 1, 0, 0
34701, 4830, 1, 0, 0
34803, 4723, 1, 0, 0
34922, 4706, 1, 0, 0
35013, 5133, 1, 0, 0
35101, 4870, 1, 0, 0
35218, 4125, 1, 0, 0
35301, 5713, 1, 0, 0
35421, 4887, 1, 0, 0
35529, 4680, 1, 0, 0
35605, 4158, 1, 0, 0
35703, 4185, 1, 0, 0
35802, 4762, 1, 0, 0
35903, 5199, 1, 0, 0
36012, 4769, 1, 0, 0
36116, 4501, 1, 0, 0
36201, 4113, 1, 0, 0
36304, 4892, 1, 0, 0
36411, 4811, 1, 0, 0
36510, 3958, 1, 0, 0
36611, 4932, 1, 0, 0
36725, 5179, 1, 0, 0
36826, 4162, 1, 0, 0
36935, 4858, 1, 0, 0
37049, 4631, 1, 0, 0
37110, 4700, 1, 0, 0
37220, 3791, 1, 0, 0
37326, 5793, 1, 0, 0
37431, 5160, 1, 0, 0
37526, 5050, 1, 0, 0
37605, 4874, 1, 0, 0
37700, 4783, 1, 0, 0
37808, 4315, 1, 0, 0
37904, 5379, 1, 0, 0
38009, 5039, 1, 0, 0
38100, 4653, 1, 0, 0
38201, 4245, 1, 0, 0
38305, 5340, 1, 0, 0
38413, 5317, 1, 0, 0
38503, 4446, 1, 0, 0
38602, 4440, 1, 0, 0
38716, 4019, 1, 0, 0
38800, 5091, 1, 0, 0
38904, 4639, 1, 0, 0
39005, 4310, 1, 0, 0
39106, 3915, 1, 0, 0
39215, 5524, 1, 0, 0
39304, 4210, 1, 0, 0
39406, 4207, 1, 0, 0
39501, 4138, 1, 0, 0
39600, 3562, 1, 0, 0
39728, 4994, 1, 0, 0
39804, 4268, 1, 0, 0
39916, 5654, 1, 0, 0
40010, 5372, 1, 0, 0
40121, 4433, 1, 0, 0
40220, 5713, 1, 0, 0
40304, 5555, 1, 0, 0
40430, 5281, 1, 0, 0
40509, 4936, 1, 0, 0
40673, 5227, 1, 0, 0
40755, 4768, 1, 0, 0
40806, 5059, 1, 0, 0
40941, 5572, 1, 0, 0
41023, 6190, 1, 0, 0
41102, 5165, 1, 0, 0
41209, 5343, 1, 0, 0
41312, 5056, 1, 0, 0
41419, 5607, 1, 0, 0
41519, 4290, 1, 0, 0
41610, 3811, 1, 0, 0
41713, 4082, 1, 0, 0
41810, 4222, 1, 0, 0
41904, 4790, 1, 0, 0
42020, 4834, 1, 0, 0
42109, 3993, 1, 0, 0
42215, 3714, 1, 0, 0
42320, 4288, 1, 0, 0
42405, 4211, 1, 0, 0
42506, 4711, 1, 0, 0
42608, 4033, 1, 0, 0
42714, 4519, 1, 0, 0
42809, 4821, 1, 0, 0
42905, 4854, 1, 0, 0
43000, 5636, 1, 0, 0
43108, 4839, 1, 0, 0
43208, 6156, 1, 0, 0
43300, 5742, 1, 0, 0
43403, 5745, 1, 0, 0
43508, 5098, 1, 0, 0
43622, 4620, 1, 0, 0
43723, 4428, 1, 0, 0
43861, 4491, 1, 0, 0
43912, 3256, 1, 0, 0
44041, 4099, 1, 0, 0
44149, 5931, 1, 0, 0
44205, 5439, 1, 0, 0
44312, 5036, 1, 0, 0
44418, 5067, 1, 0, 0
44528, 4784, 1, 0, 0
44641, 4798, 1, 0, 0
44739, 5669, 1, 0, 0
44805, 4740, 1, 0, 0
44908, 5481, 1, 0, 0
45000, 3206, 1, 0, 0
45125, 5032, 1, 0, 0
45203, 4682, 1, 0, 0
45304, 4529, 1, 0, 0
45410, 4681, 1, 0, 0
45513, 5573, 1, 0, 0
45609, 4483, 1, 0, 0
45705, 5006, 1, 0, 0
45809, 4093, 1, 0, 0
45908, 4265, 1, 0, 0
46014, 4473, 1, 0, 0
46101, 4422, 1, 0, 0
46213, 4280, 1, 0, 0
46301, 4850, 1, 0, 0
46415, 5512, 1, 0, 0
46506, 3975, 1, 0, 0
46601, 3967, 1, 0, 0
46700, 5829, 1, 0, 0
46806, 4968, 1, 0, 0
46902, 5772, 1, 0, 0
47013, 5547, 1, 0, 0
47114, 4297, 1, 0, 0
47203, 4348, 1, 0, 0
47349, 4141, 1, 0, 0
47432, 4193, 1, 0, 0
47537, 3974, 1, 0, 0
47642, 4734, 1, 0, 0
47727, 5406, 1, 0, 0
47876, 6738, 1, 0, 0
47947, 3396, 1, 0, 0
48001, 4435, 1, 0, 0
48106, 5593, 1, 0, 0
48220, 5248, 1, 0, 0
48310, 4710, 1, 0, 0
48409, 4570, 1, 0, 0
48501, 3908, 1, 0, 0
48613, 5211, 1, 0, 0
48703, 4555, 1, 0, 0
48824, 4801, 1, 0, 0
48901, 5195, 1, 0, 0
49010, 4778, 1, 0, 0
49118, 3888, 1, 0, 0
49220, 3942, 1, 0, 0
49300, 4572, 1, 0, 0
49401, 4773, 1, 0, 0
49502, 4988, 1, 0, 0
49603, 5845, 1, 0, 0
49712, 4336, 1, 0, 0
49818, 4793, 1, 0, 0
49917, 5639, 1, 0, 0
50001, 5242, 1, 0, 0
50126, 4509, 1, 0, 0
50208, 4460, 1, 0, 0
50306, 6021, 1, 0, 0
50410, 5429, 1, 0, 0
50502, 5639, 1, 0, 0
50617, 5045, 1, 0, 0
50746, 4537, 1, 0, 0
50848, 5138, 1, 0, 0
50903, 9428, 1, 0, 0
51011, 5321, 1, 0, 0
51121, 6654, 1, 0, 0
51235, 5068, 1, 0, 0
51353, 5269, 1, 0, 0
51415, 4263, 1, 0, 0
51508, 5271, 1, 0, 0
51617, 5453, 1, 0, 0
51710, 5363, 1, 0, 0
51810, 4854, 1, 0, 0
51919, 4318, 1, 0, 0
52001, 3816, 1, 0, 0
52108, 4848, 1, 0, 0
52204, 5296, 1, 0, 0
52316, 4805, 1, 0, 0
52408, 4257, 1, 0, 0
52511, 5404, 1, 0, 0
52610, 4164, 1, 0, 0
52718, 4885, 1, 0, 0
52813, 6749, 1, 0, 0
52900, 5838, 1, 0, 0
53010, 4479, 1, 0, 0
53107, 4941, 1, 0, 0
53210, 4750, 1, 0, 0
53307, 4882, 1, 0, 0
53411, 5151, 1, 0, 0
53511, 4749, 1, 0, 0
53609, 5156, 1, 0, 0
53712, 4263, 1, 0, 0
53800, 4463, 1, 0, 0
53900, 4889, 1, 0, 0
54019, 4588, 1, 0, 0
54131, 4414, 1, 0, 0
54235, 7208, 1, 0, 0
54314, 5519, 1, 0, 0
54401, 5692, 1, 0, 0
54550, 5246, 1, 0, 0
54615, 5108, 1, 0, 0
54702, 5190, 1, 0, 0
54810, 5167, 1, 0, 0
54912, 5096, 1, 0, 0
55002, 5107, 1, 0, 0
55129, 5380, 1, 0, 0
55201, 5107, 1, 0, 0
55305, 4595, 1, 0, 0
55415, 4989, 1, 0, 0
55501, 5674, 1, 0, 0
55607, 3934, 1, 0, 0
55709, 4190, 1, 0, 0
55812, 4126, 1, 0, 0
55911, 3974, 1, 0, 0
56016, 5327, 1, 0, 0
56101, 4680, 1, 0, 0
56203, 5388, 1, 0, 0
56314, 4616, 1, 0, 0
56410, 5669, 1, 0, 0
56503, 5506, 1, 0, 0
56615, 4960, 1, 0, 0
56708, 4249, 1, 0, 0
56810, 4273, 1, 0, 0
56909, 4875, 1, 0, 0
57001, 4538, 1, 0, 0
57100, 3735, 1, 0, 0
57209, 5057, 1, 0, 0
57314, 5737, 1, 0, 0
57419, 4299, 1, 0, 0
57506, 4523, 1, 0, 0
57610, 5121, 1, 0, 0
57702, 4566, 1, 0, 0
57802, 5395, 1, 0, 0
57910, 6876, 1, 0, 0
58042, 4934, 1, 0, 0
58147, 3989, 1, 0, 0
58232, 4280, 1, 0, 0
58335, 4033, 1, 0, 0
58439, 4203, 1, 0, 0
58542, 4147, 1, 0, 0
58648, 3927, 1, 0, 0
58705, 4436, 1, 0, 0
58808, 5971, 1, 0, 0
58904, 3910, 1, 0, 0
59009, 4841, 1, 0, 0
59107, 5508, 1, 0, 0
59225, 4313, 1, 0, 0
59311, 5617, 1, 0, 0
59406, 5054, 1, 0, 0
59509, 3571, 1, 0, 0
59608, 4204, 1, 0, 0
59710, 4664, 1, 0, 0
59810, 4228, 1, 0, 0
59919, 5115, 1, 0, 0
60005, 4077, 1, 0, 0
60103, 4568, 1, 0, 0
60213, 5318, 1, 0, 0
60300, 5105, 1, 0, 0
60412, 4765, 1, 0, 0
60515, 4414, 1, 0, 0
60617, 5061, 1, 0, 0
60703, 4751, 1, 0, 0
60801, 4429, 1, 0, 0
60922, 4825, 1, 0, 0
61001, 5289, 1, 0, 0
61114, 5035, 1, 0, 0
61224, 3578, 1, 0, 0
61328, 5305, 1, 0, 0
61400, 3954, 1, 0, 0
61509, 4778, 1, 0, 0
61614, 3952, 1, 0, 0
61718, 4474, 1, 0, 0
61824, 4408, 1, 0, 0
61943, 3690, 1, 0, 0
62012, 4091, 1, 0, 0
62109, 3900, 1, 0, 0
62215, 5283, 1, 0, 0
62301, 4236, 1, 0, 0
62400, 4172, 1, 0, 0
62508, 4279, 1, 0, 0
62611, 3879, 1, 0, 0
62714, 4074, 1, 0, 0
62821, 3868, 1, 0, 0
62915, 5445, 1, 0, 0
63007, 4972, 1, 0, 0
63115, 5119, 1, 0, 0
63203, 4906, 1, 0, 0
63317, 4235, 1, 0, 0
63414, 4964, 1, 0, 0
63515, 4324, 1, 0, 0
63605, 4840, 1, 0, 0
63700, 5747, 1, 0, 0
63804, 4807, 1, 0, 0
63907, 4780, 1, 0, 0
64006, 5242, 1, 0, 0
64100, 3463, 1, 0, 0
64204, 4878, 1, 0, 0
64305, 3583, 1, 0, 0
64413, 5572, 1, 0, 0
64524, 5293, 1, 0, 0
64606, 5152, 1, 0, 0
64703, 4195, 1, 0, 0
64826, 5723, 1, 0, 0
64976, 5001, 1, 0, 0
65033, 4544, 1, 0, 0
65107, 4919, 1, 0, 0
65229, 6005, 1, 0, 0
65312, 5687, 1, 0, 0
65417, 3599, 1, 0, 0
65500, 3998, 1, 0, 0
65600, 4602, 1, 0, 0
65717, 5104, 1, 0, 0
65823, 3906, 1, 0, 0
65915, 5449, 1, 0, 0
66015, 5484, 1, 0, 0
66112, 5468, 1, 0, 0
66216, 4145, 1, 0, 0
66316, 5160, 1, 0, 0
66404, 5417, 1, 0, 0
66505, 5027, 1, 0, 0
66608, 4453, 1, 0, 0
66712, 4450, 1, 0, 0
66803, 5132, 1, 0, 0
66906, 4476, 1, 0, 0
67006, 4535, 1, 0, 0
67102, 3714, 1, 0, 0
67208, 4670, 1, 0, 0
67307, 5296, 1, 0, 0
67421, 4320, 1, 0, 0
67519, 5002, 1, 0, 0
67601, 5767, 1, 0, 0
67704, 5307, 1, 0, 0
67811, 5413, 1, 0, 0
67907, 5585, 1, 0, 0
68015, 5238, 1, 0, 0
68117, 5659, 1, 0, 0
68204, 5025, 1, 0, 0
68307, 4028, 1, 0, 0
68401, 4199, 1, 0, 0
68503, 3400, 1, 0, 0
68609, 4733, 1, 0, 0
68716, 5431, 1, 0, 0
68845, 4726, 1, 0, 0
68902, 4921, 1, 0, 0
69019, 5107, 1, 0, 0
69111, 4523, 1, 0, 0
69229, 5108, 1, 0, 0
69300, 5635, 1, 0, 0
69407, 4675, 1, 0, 0
69508, 4855, 1, 0, 0
69607, 5514, 1, 0, 0
69701, 5020, 1, 0, 0
69800, 5325, 1, 0, 0
69907, 4672, 1, 0, 0
70001, 5621, 1, 0, 0
70102, 4653, 1, 0, 0
70205, 4842, 1, 0, 0
70311, 5635, 1, 0, 0
70403, 4610, 1, 0, 0
70506, 4584, 1, 0, 0
70613, 4828, 1, 0, 0
70704, 4417, 1, 0, 0
70804, 5752, 1, 0, 0
70918, 4953, 1, 0, 0
71003, 4840, 1, 0, 0
71106, 3695, 1, 0, 0
71210, 3304, 1, 0, 0
71304, 4298, 1, 0, 0
71406, 4612, 1, 0, 0
71508, 4760, 1, 0, 0
71615, 4605, 1, 0, 0
71706, 5235, 1, 0, 0
71811, 3738, 1, 0, 0
71913, 3731, 1, 0, 0
72020, 4232, 1, 0, 0
72112, 3443, 1, 0, 0
72219, 4161, 1, 0, 0
72329, 3981, 1, 0, 0
72438, 3815, 1, 0, 0
72500, 26542, 1, 0, 0
72613, 4239, 1, 0, 0
72726, 6333, 1, 0, 0
72827, 4785, 1, 0, 0
72912, 4686, 1, 0, 0
73005, 4282, 1, 0, 0
73112, 4938, 1, 0, 0
73205, 4019, 1, 0, 0
73301, 4255, 1, 0, 0
73410, 4857, 1, 0, 0
73512, 4630, 1, 0, 0
73618, 4604, 1, 0, 0
73709, 6961, 1, 0, 0
73811, 5548, 1, 0, 0
73901, 4727, 1, 0, 0
74010, 4736, 1, 0, 0
74105, 4680, 1, 0, 0
74221, 4614, 1, 0, 0
74309, 4881, 1, 0, 0
74400, 5307, 1, 0, 0
74513, 4847, 1, 0, 0
74615, 4092, 1, 0, 0
74706, 5306, 1, 0, 0
74815, 4920, 1, 0, 0
74900, 4574, 1, 0, 0
75005, 4799, 1, 0, 0
75116, 5312, 1, 0, 0
75215, 5307, 1, 0, 0
75307, 4747, 1, 0, 0
75448, 4857, 1, 0, 0
75527, 8128, 1, 0, 0
75605, 5276, 1, 0, 0
75711, 6702, 1, 0, 0
75868, 6401, 1, 0, 0
75955, 5647, 1, 0, 0
76040, 5989, 1, 0, 0
76127, 5993, 1, 0, 0
76203, 5339, 1, 0, 0
76303, 4657, 1, 0, 0
76401, 4892, 1, 0, 0
76519, 4818, 1, 0, 0
76608, 4936, 1, 0, 0
76710, 4248, 1, 0, 0
76805, 3860, 1, 0, 0
76914, 4069, 1, 0, 0
77001, 4649, 1, 0, 0
77111, 4238, 1, 0, 0
77203, 4761, 1, 0, 0
77314, 5010, 1, 0, 0
77403, 5071, 1, 0, 0
77510, 4369, 1, 0, 0
77611, 4674, 1, 0, 0
77702, 4576, 1, 0, 0
77820, 3932, 1, 0, 0
77910, 4260, 1, 0, 0
78011, 5085, 1, 0, 0
78101, 4375, 1, 0, 0
78202, 5234, 1, 0, 0
78312, 5787, 1, 0, 0
78417, 5349, 1, 0, 0
78511, 4437, 1, 0, 0
78611, 4885, 1, 0, 0
78716, 5946, 1, 0, 0
78831, 4711, 1, 0, 0
78940, 4581, 1, 0, 0
79040, 4479, 1, 0, 0
79142, 3723, 1, 0, 0
79249, 4989, 1, 0, 0
79305, 4907, 1, 0, 0
79406, 5218, 1, 0, 0
79505, 5511, 1, 0, 0
79606, 6160, 1, 0, 0
79704, 5499, 1, 0, 0
79802, 4874, 1, 0, 0
79917, 4730, 1, 0, 0
80008, 3911, 1, 0, 0
80103, 4586, 1, 0, 0
80221, 4996, 1, 0, 0
80315, 5232, 1, 0, 0
80403, 4867, 1, 0, 0
80512, 4416, 1, 0, 0
80602, 4738, 1, 0, 0
80721, 5236, 1, 0, 0
80805, 5299, 1, 0, 0
80907, 4390, 1, 0, 0
81019, 4212, 1, 0, 0
81121, 5040, 1, 0, 0
81211, 5036, 1, 0, 0
81306, 5080, 1, 0, 0
81400, 4817, 1, 0, 0
81510, 4157, 1, 0, 0
81605, 3567, 1, 0, 0
81711, 3802, 1, 0, 0
81817, 3255, 1, 0, 0
81902, 4141, 1, 0, 0
82008, 4571, 1, 0, 0
82110, 3819, 1, 0, 0
82201, 4768, 1, 0, 0
82369, 3899, 1, 0, 0
82421, 8533, 1, 0, 0
82529, 4298, 1, 0, 0
82633, 5295, 1, 0, 0
82738, 4727, 1, 0, 0
82841, 4570, 1, 0, 0
82945, 4159, 1, 0, 0
83058, 3307, 1, 0, 0
83101, 4700, 1, 0, 0
83204, 4507, 1, 0, 0
83317, 6071, 1, 0, 0
83401, 5578, 1, 0, 0
83504, 3756, 1, 0, 0
83608, 4075, 1, 0, 0
83710, 4519, 1, 0, 0
83818, 4734, 1, 0, 0
83916, 5517, 1, 0, 0
84009, 5594, 1, 0, 0
84109, 5225, 1, 0, 0
84203, 4085, 1, 0, 0
84307, 4258, 1, 0, 0
84405, 3713, 1, 0, 0
84503, 4479, 1, 0, 0
84623, 4389, 1, 0, 0
84702, 4945, 1, 0, 0
84820, 5150, 1, 0, 0
84907, 5463, 1, 0, 0
85007, 5117, 1, 0, 0
85104, 5470, 1, 0, 0
85209, 4533, 1, 0, 0
85304, 3900, 1, 0, 0
85405, 5489, 1, 0, 0
85500, 4693, 1, 0, 0
85609, 4681, 1, 0, 0
85742, 5530, 1, 0, 0
85847, 7956, 1, 0, 0
85956, 6359, 1, 0, 0
86006, 5211, 1, 0, 0
86115, 4143, 1, 0, 0
86220, 5316, 1, 0, 0
86319, 4339, 1, 0, 0
86416, 4878, 1, 0, 0
86501, 4620, 1, 0, 0
86608, 4642, 1, 0, 0
86708, 3974, 1, 0, 0
86817, 4006, 1, 0, 0
86913, 5752, 1, 0, 0
87004, 4890, 1, 0, 0
87116, 4708, 1, 0, 0
87204, 4009, 1, 0, 0
87307, 5133, 1, 0, 0
87407, 4739, 1, 0, 0
87505, 4729, 1, 0, 0
87608, 4785, 1, 0, 0
87710, 4318, 1, 0, 0
87807, 4036, 1, 0, 0
87900, 5290, 1, 0, 0
88010, 5527, 1, 0, 0
88104, 4784, 1, 0, 0
88200, 5133, 1, 0, 0
88306, 5402, 1, 0, 0
88407, 5229, 1, 0, 0
88510, 5434, 1, 0, 0
88610, 4914, 1, 0, 0
88705, 4140, 1, 0, 0
88806, 5696, 1, 0, 0
88906, 3801, 1, 0, 0
89010, 3818, 1, 0, 0
89117, 4321, 1, 0, 0
89217, 4241, 1, 0, 0
89305, 3968, 1, 0, 0
89412, 4358, 1, 0, 0
89520, 5035, 1, 0, 0
89636, 5307, 1, 0, 0
89749, 4693, 1, 0, 0
89803, 4618, 1, 0, 0
89911, 4381, 1, 0, 0
90067, 3719, 1, 0, 0
