106, 91816783, 1, 0, 0
212, 90352430, 1, 0, 0
315, 91141149, 1, 0, 0
421, 90970309, 1, 0, 0
509, 81846256, 1, 0, 0
625, 57152584, 1, 0, 0
711, 36806060, 1, 0, 0
806, 26371470, 1, 0, 0
901, 31003577, 1, 0, 0
1006, 24508481, 1, 0, 0
1100, 30957619, 1, 0, 0
1202, 32389655, 1, 0, 0
1300, 25497375, 1, 0, 0
1417, 26505129, 1, 0, 0
1512, 28738174, 1, 0, 0
1613, 27178305, 1, 0, 0
1711, 24508755, 1, 0, 0
1807, 27130537, 1, 0, 0
1900, 23521645, 1, 0, 0
2007, 30517290, 1, 0, 0
2109, 27205507, 1, 0, 0
2202, 26278036, 1, 0, 0
2302, 28513328, 1, 0, 0
2405, 30047107, 1, 0, 0
2517, 23546138, 1, 0, 0
2609, 25897573, 1, 0, 0
2701, 23249542, 1, 0, 0
2819, 26708705, 1, 0, 0
2910, 24842024, 1, 0, 0
3000, 28589317, 1, 0, 0
3108, 24521427, 1, 0, 0
3218, 26137848, 1, 0, 0
3304, 26076938, 1, 0, 0
3400, 23543926, 1, 0, 0
3507, 38137715, 1, 0, 0
3614, 86096348, 1, 0, 0
3720, 94919200, 1, 0, 0
3829, 92547541, 1, 0, 0
3935, 91639887, 1, 0, 0
4045, 93854960, 1, 0, 0
4152, 61144497, 1, 0, 0
4205, 88864614, 1, 0, 0
4305, 38865866, 1, 0, 0
4407, 27218616, 1, 0, 0
4520, 25164857, 1, 0, 0
4602, 29286704, 1, 0, 0
4706, 26451790, 1, 0, 0
4817, 28863937, 1, 0, 0
4917, 30319618, 1, 0, 0
5012, 28046265, 1, 0, 0
5112, 28944375, 1, 0, 0
5211, 25852090, 1, 0, 0
5305, 23550493, 1, 0, 0
5407, 28249577, 1, 0, 0
5503, 25863151, 1, 0, 0
5603, 21665418, 1, 0, 0
5711, 28782446, 1, 0, 0
5812, 22399793, 1, 0, 0
5908, 28077464, 1, 0, 0
6001, 26415312, 1, 0, 0
6112, 27447992, 1, 0, 0
6211, 26994268, 1, 0, 0
6310, 26761442, 1, 0, 0
6407, 23814243, 1, 0, 0
6520, 30957325, 1, 0, 0
6601, 29077875, 1, 0, 0
6710, 31730080, 1, 0, 0
6815, 27644035, 1, 0, 0
6935, 31800416, 1, 0, 0
7001, 52657909, 1, 0, 0
7123, 72759113, 1, 0, 0
7237, 92639998, 1, 0, 0
7300, 96217585, 1, 0, 0
7431, 113342527, 1, 0, 0
7505, 135314875, 1, 0, 0
7638, 116761625, 1, 0, 0
7701, 109668565, 1, 0, 0
7814, 100202419, 1, 0, 0
7926, 95548918, 1, 0, 0
8010, 96862232, 1, 0, 0
8119, 37775443, 1, 0, 0
8205, 47167320, 1, 0, 0
8301, 26393749, 1, 0, 0
8400, 22004988, 1, 0, 0
8510, 24331465, 1, 0, 0
8608, 24693950, 1, 0, 0
8707, 27676113, 1, 0, 0
8803, 23057294, 1, 0, 0
8914, 24278401, 1, 0, 0
9007, 26544597, 1, 0, 0
9113, 29313993, 1, 0, 0
9200, 31733512, 1, 0, 0
9314, 27006291, 1, 0, 0
9420, 26512355, 1, 0, 0
9510, 26614067, 1, 0, 0
9605, 26828099, 1, 0, 0
9714, 26150687, 1, 0, 0
9806, 28207933, 1, 0, 0
9907, 23354506, 1, 0, 0
10011, 26404324, 1, 0, 0
10105, 27184293, 1, 0, 0
10203, 22707382, 1, 0, 0
10365, 56181338, 1, 0, 0
10421, 64595371, 1, 0, 0
10527, 96973889, 1, 0, 0
10629, 83450999, 1, 0, 0
10731, 88225983, 1, 0, 0
10832, 89724713, 1, 0, 0
10931, 82913542, 1, 0, 0
11012, 86499223, 1, 0, 0
11112, 26926100, 1, 0, 0
11211, 25081197, 1, 0, 0
11300, 26350873, 1, 0, 0
11405, 25843099, 1, 0, 0
11505, 25197765, 1, 0, 0
11616, 25972407, 1, 0, 0
11706, 18785854, 1, 0, 0
11811, 21599113, 1, 0, 0
11922, 26131205, 1, 0, 0
12007, 21902736, 1, 0, 0
12105, 24298684, 1, 0, 0
12205, 18898681, 1, 0, 0
12302, 21856519, 1, 0, 0
12407, 20677487, 1, 0, 0
12514, 21422858, 1, 0, 0
12614, 18966119, 1, 0, 0
12710, 29995386, 1, 0, 0
12802, 22511873, 1, 0, 0
12909, 20387693, 1, 0, 0
13007, 26563072, 1, 0, 0
13102, 21853003, 1, 0, 0
13201, 23277087, 1, 0, 0
13314, 22901021, 1, 0, 0
13400, 24170738, 1, 0, 0
13513, 20093040, 1, 0, 0
13609, 18557886, 1, 0, 0
13700, 21038053, 1, 0, 0
13821, 19079875, 1, 0, 0
13926, 20358231, 1, 0, 0
14001, 37171064, 1, 0, 0
14108, 57954229, 1, 0, 0
14241, 84797963, 1, 0, 0
14321, 65878022, 1, 0, 0
14430, 58745481, 1, 0, 0
14507, 90540086, 1, 0, 0
14656, 71298358, 1, 0, 0
14713, 70835030, 1, 0, 0
14800, 34097674, 1, 0, 0
14906, 20430910, 1, 0, 0
15007, 25613805, 1, 0, 0
15104, 19497268, 1, 0, 0
15215, 21576113, 1, 0, 0
15307, 19882321, 1, 0, 0
15406, 20504169, 1, 0, 0
15506, 22216602, 1, 0, 0
15615, 19984384, 1, 0, 0
15711, 19048357, 1, 0, 0
15805, 21231665, 1, 0, 0
15910, 28067813, 1, 0, 0
16010, 28380437, 1, 0, 0
16107, 26204465, 1, 0, 0
16216, 26742065, 1, 0, 0
16307, 27609366, 1, 0, 0
16411, 25458841, 1, 0, 0
16520, 27319459, 1, 0, 0
16603, 27980454, 1, 0, 0
16710, 25409990, 1, 0, 0
16804, 27541953, 1, 0, 0
16928, 26666987, 1, 0, 0
17005, 31172889, 1, 0, 0
17113, 24318267, 1, 0, 0
17200, 25702997, 1, 0, 0
17319, 24334263, 1, 0, 0
17412, 28302231, 1, 0, 0
17508, 26828765, 1, 0, 0
17605, 26995250, 1, 0, 0
17711, 84030910, 1, 0, 0
17818, 88938409, 1, 0, 0
17920, 91583242, 1, 0, 0
18018, 87298389, 1, 0, 0
18124, 88618163, 1, 0, 0
18224, 86193834, 1, 0, 0
18310, 79641245, 1, 0, 0
18409, 74537050, 1, 0, 0
18518, 35851049, 1, 0, 0
18602, 26070645, 1, 0, 0
18706, 24536356, 1, 0, 0
18814, 27638331, 1, 0, 0
18906, 26120614, 1, 0, 0
19002, 26495881, 1, 0, 0
19108, 25970130, 1, 0, 0
19203, 29959440, 1, 0, 0
19312, 25543931, 1, 0, 0
19404, 27118949, 1, 0, 0
19511, 26222324, 1, 0, 0
19608, 27694386, 1, 0, 0
19702, 26328017, 1, 0, 0
19817, 28469222, 1, 0, 0
19908, 26165017, 1, 0, 0
20004, 27314218, 1, 0, 0
20106, 29593470, 1, 0, 0
20213, 26055031, 1, 0, 0
20301, 28361487, 1, 0, 0
20407, 26291876, 1, 0, 0
20512, 26609227, 1, 0, 0
20606, 26963223, 1, 0, 0
20714, 26366472, 1, 0, 0
20805, 26021061, 1, 0, 0
20904, 23851158, 1, 0, 0
21000, 20485888, 1, 0, 0
21119, 20841392, 1, 0, 0
21214, 20638374, 1, 0, 0
21325, 27070323, 1, 0, 0
21453, 79771264, 1, 0, 0
21534, 64295093, 1, 0, 0
21635, 58720438, 1, 0, 0
21710, 83197022, 1, 0, 0
21853, 67434523, 1, 0, 0
21909, 70229239, 1, 0, 0
22020, 63961531, 1, 0, 0
22108, 44551068, 1, 0, 0
22218, 18207093, 1, 0, 0
22307, 20377849, 1, 0, 0
22402, 17593834, 1, 0, 0
22509, 20795612, 1, 0, 0
22624, 22112183, 1, 0, 0
22701, 24213349, 1, 0, 0
22810, 20677039, 1, 0, 0
22901, 23038801, 1, 0, 0
23001, 19280230, 1, 0, 0
23100, 20990821, 1, 0, 0
23204, 21845941, 1, 0, 0
23300, 20905302, 1, 0, 0
23402, 21893073, 1, 0, 0
23500, 20691685, 1, 0, 0
23619, 21263836, 1, 0, 0
23713, 20188693, 1, 0, 0
23807, 29020485, 1, 0, 0
23911, 20902464, 1, 0, 0
24016, 22506726, 1, 0, 0
24105, 20305693, 1, 0, 0
24208, 22069002, 1, 0, 0
24301, 22855361, 1, 0, 0
24407, 22583627, 1, 0, 0
24510, 22210650, 1, 0, 0
24613, 21864140, 1, 0, 0
24719, 22524557, 1, 0, 0
24808, 20551050, 1, 0, 0
24921, 23782828, 1, 0, 0
25054, 60612951, 1, 0, 0
25121, 113395334, 1, 0, 0
25254, 55353031, 1, 0, 0
25305, 133009958, 1, 0, 0
25434, 114170820, 1, 0, 0
25513, 91322192, 1, 0, 0
25633, 66923822, 1, 0, 0
25700, 61538756, 1, 0, 0
25800, 22369684, 1, 0, 0
25912, 22157884, 1, 0, 0
26000, 25667482, 1, 0, 0
26110, 20277311, 1, 0, 0
26207, 24656918, 1, 0, 0
26319, 23140969, 1, 0, 0
26408, 18540367, 1, 0, 0
26522, 22815097, 1, 0, 0
26612, 25067016, 1, 0, 0
26712, 23600349, 1, 0, 0
26800, 21677843, 1, 0, 0
26900, 21499725, 1, 0, 0
27000, 20627693, 1, 0, 0
27107, 22823497, 1, 0, 0
27216, 22264869, 1, 0, 0
27315, 22831315, 1, 0, 0
27410, 20101882, 1, 0, 0
27516, 22726216, 1, 0, 0
27613, 20315494, 1, 0, 0
27711, 25483405, 1, 0, 0
27802, 23299582, 1, 0, 0
27907, 21375685, 1, 0, 0
28013, 22621137, 1, 0, 0
28115, 21713131, 1, 0, 0
28202, 22214825, 1, 0, 0
28311, 22145350, 1, 0, 0
28418, 26287466, 1, 0, 0
28512, 21982415, 1, 0, 0
28646, 23980098, 1, 0, 0
28719, 54645828, 1, 0, 0
28859, 69013434, 1, 0, 0
28909, 75120159, 1, 0, 0
29017, 79683799, 1, 0, 0
29118, 57883858, 1, 0, 0
29255, 55205042, 1, 0, 0
29301, 71358914, 1, 0, 0
29417, 42309533, 1, 0, 0
29504, 49919993, 1, 0, 0
29614, 20772911, 1, 0, 0
29707, 20995047, 1, 0, 0
29808, 21386761, 1, 0, 0
29904, 22995981, 1, 0, 0
30017, 21332304, 1, 0, 0
30102, 26979243, 1, 0, 0
30210, 25792796, 1, 0, 0
30303, 28531915, 1, 0, 0
30403, 30878939, 1, 0, 0
30507, 25284276, 1, 0, 0
30603, 24542303, 1, 0, 0
30702, 24990878, 1, 0, 0
30802, 26210484, 1, 0, 0
30902, 27620768, 1, 0, 0
31018, 29051852, 1, 0, 0
31111, 27389551, 1, 0, 0
31206, 26703234, 1, 0, 0
31314, 26309521, 1, 0, 0
31407, 26187328, 1, 0, 0
31506, 25892795, 1, 0, 0
31612, 35369117, 1, 0, 0
31702, 31310828, 1, 0, 0
31805, 32800397, 1, 0, 0
31907, 42160415, 1, 0, 0
32018, 36109256, 1, 0, 0
32128, 63557279, 1, 0, 0
32235, 99070631, 1, 0, 0
32304, 122210998, 1, 0, 0
32440, 109277393, 1, 0, 0
32512, 113617159, 1, 0, 0
32641, 119902519, 1, 0, 0
32708, 125341838, 1, 0, 0
32864, 111292349, 1, 0, 0
32918, 133698312, 1, 0, 0
33003, 46387955, 1, 0, 0
33103, 21179103, 1, 0, 0
33210, 21700332, 1, 0, 0
33314, 28618582, 1, 0, 0
33400, 22928433, 1, 0, 0
33508, 23492511, 1, 0, 0
33602, 23480389, 1, 0, 0
33711, 22616395, 1, 0, 0
33802, 23378855, 1, 0, 0
33911, 25236136, 1, 0, 0
34004, 27263740, 1, 0, 0
34102, 25097727, 1, 0, 0
34209, 23170668, 1, 0, 0
34301, 26755097, 1, 0, 0
34401, 25726903, 1, 0, 0
34509, 25113970, 1, 0, 0
34603, 26188693, 1, 0, 0
34715, 25984401, 1, 0, 0
34801, 25064805, 1, 0, 0
34901, 26055642, 1, 0, 0
35008, 23608000, 1, 0, 0
35116, 25060168, 1, 0, 0
35208, 25976494, 1, 0, 0
35302, 30817713, 1, 0, 0
35436, 26932478, 1, 0, 0
35528, 71370468, 1, 0, 0
35633, 80998364, 1, 0, 0
35741, 91037828, 1, 0, 0
35848, 93515067, 1, 0, 0
35904, 80341613, 1, 0, 0
36008, 83695918, 1, 0, 0
36114, 91217487, 1, 0, 0
36212, 97502962, 1, 0, 0
36309, 31060955, 1, 0, 0
36401, 27727164, 1, 0, 0
36510, 25733572, 1, 0, 0
36606, 25623936, 1, 0, 0
36717, 25572974, 1, 0, 0
36812, 25966897, 1, 0, 0
36906, 25279030, 1, 0, 0
37002, 28040909, 1, 0, 0
37110, 26041206, 1, 0, 0
37206, 26447884, 1, 0, 0
37302, 26266422, 1, 0, 0
37415, 28010358, 1, 0, 0
37514, 29201948, 1, 0, 0
37602, 28080327, 1, 0, 0
37707, 27243962, 1, 0, 0
37815, 25666590, 1, 0, 0
37906, 26790055, 1, 0, 0
38012, 25652010, 1, 0, 0
38109, 28313969, 1, 0, 0
38212, 25293255, 1, 0, 0
38312, 26562312, 1, 0, 0
38408, 25946137, 1, 0, 0
38508, 25091138, 1, 0, 0
38610, 28216387, 1, 0, 0
38704, 26196151, 1, 0, 0
38812, 27115832, 1, 0, 0
38900, 25041396, 1, 0, 0
39007, 25436406, 1, 0, 0
39132, 28655904, 1, 0, 0
39229, 77939298, 1, 0, 0
39335, 84645452, 1, 0, 0
39442, 90816880, 1, 0, 0
39547, 91735889, 1, 0, 0
39651, 89971186, 1, 0, 0
39703, 86117671, 1, 0, 0
39860, 88596368, 1, 0, 0
39901, 89348975, 1, 0, 0
40008, 31905955, 1, 0, 0
40114, 26122165, 1, 0, 0
40205, 24964810, 1, 0, 0
40309, 29034651, 1, 0, 0
40407, 27712863, 1, 0, 0
40510, 30899700, 1, 0, 0
40604, 25920487, 1, 0, 0
40710, 26274957, 1, 0, 0
40801, 25451853, 1, 0, 0
40905, 24538434, 1, 0, 0
41000, 20406610, 1, 0, 0
41105, 20049598, 1, 0, 0
41207, 20716511, 1, 0, 0
41321, 19516650, 1, 0, 0
41408, 19509945, 1, 0, 0
41520, 18526615, 1, 0, 0
41602, 17463485, 1, 0, 0
41703, 19722216, 1, 0, 0
41810, 21558099, 1, 0, 0
41922, 17685037, 1, 0, 0
42016, 20954993, 1, 0, 0
42115, 21512656, 1, 0, 0
42202, 18446917, 1, 0, 0
42309, 22182955, 1, 0, 0
42410, 19966828, 1, 0, 0
42514, 21514784, 1, 0, 0
42614, 21198815, 1, 0, 0
42700, 19993670, 1, 0, 0
42815, 46556768, 1, 0, 0
42916, 80146345, 1, 0, 0
43049, 82002223, 1, 0, 0
43129, 51280851, 1, 0, 0
43208, 65346001, 1, 0, 0
43315, 59824086, 1, 0, 0
43435, 80396372, 1, 0, 0
43518, 87090300, 1, 0, 0
43612, 19005631, 1, 0, 0
43708, 20117874, 1, 0, 0
43806, 21034898, 1, 0, 0
43904, 21180417, 1, 0, 0
44000, 20984861, 1, 0, 0
44107, 24097599, 1, 0, 0
44201, 21563123, 1, 0, 0
44303, 22310067, 1, 0, 0
44405, 20179950, 1, 0, 0
44506, 20952010, 1, 0, 0
44619, 21252317, 1, 0, 0
44700, 22208828, 1, 0, 0
44804, 20447840, 1, 0, 0
44904, 22383048, 1, 0, 0
45008, 22753002, 1, 0, 0
45101, 27307919, 1, 0, 0
45215, 19971958, 1, 0, 0
45324, 24908406, 1, 0, 0
45407, 23311465, 1, 0, 0
45509, 24722964, 1, 0, 0
45600, 24052123, 1, 0, 0
45701, 22369104, 1, 0, 0
45820, 23526977, 1, 0, 0
45915, 19794850, 1, 0, 0
46003, 27365982, 1, 0, 0
46104, 22109449, 1, 0, 0
46213, 23824750, 1, 0, 0
46304, 22334715, 1, 0, 0
46404, 25590226, 1, 0, 0
46557, 39673420, 1, 0, 0
46610, 92373739, 1, 0, 0
46750, 50868428, 1, 0, 0
46844, 66203375, 1, 0, 0
46969, 89047676, 1, 0, 0
47021, 89039312, 1, 0, 0
47101, 48927617, 1, 0, 0
47219, 64099235, 1, 0, 0
47320, 87398150, 1, 0, 0
47406, 24951738, 1, 0, 0
47519, 23724043, 1, 0, 0
47611, 21255841, 1, 0, 0
47713, 22533808, 1, 0, 0
47803, 22736489, 1, 0, 0
47905, 27557919, 1, 0, 0
48004, 20714030, 1, 0, 0
48108, 21343243, 1, 0, 0
48209, 25451592, 1, 0, 0
48321, 23017925, 1, 0, 0
48416, 17042171, 1, 0, 0
48511, 17794323, 1, 0, 0
48612, 20431904, 1, 0, 0
48706, 23419978, 1, 0, 0
48812, 23858991, 1, 0, 0
48903, 20502049, 1, 0, 0
49012, 24736119, 1, 0, 0
49125, 23533825, 1, 0, 0
49223, 23807707, 1, 0, 0
49308, 20451228, 1, 0, 0
49414, 21626104, 1, 0, 0
49503, 25370856, 1, 0, 0
49605, 25703896, 1, 0, 0
49703, 28103594, 1, 0, 0
49815, 26285139, 1, 0, 0
49902, 27550999, 1, 0, 0
50011, 25195477, 1, 0, 0
50110, 27940465, 1, 0, 0
50213, 72044337, 1, 0, 0
50319, 81153303, 1, 0, 0
50424, 97290268, 1, 0, 0
50528, 88577020, 1, 0, 0
50633, 68363340, 1, 0, 0
50735, 89831342, 1, 0, 0
50827, 84912080, 1, 0, 0
50916, 78007400, 1, 0, 0
51006, 42437048, 1, 0, 0
51112, 26571640, 1, 0, 0
51200, 25338536, 1, 0, 0
51310, 27325740, 1, 0, 0
51403, 25124518, 1, 0, 0
51502, 25466682, 1, 0, 0
51608, 25254177, 1, 0, 0
51714, 30723946, 1, 0, 0
51824, 33504192, 1, 0, 0
51901, 42766196, 1, 0, 0
52003, 44199813, 1, 0, 0
52104, 44122885, 1, 0, 0
52210, 38216023, 1, 0, 0
52308, 37137539, 1, 0, 0
52430, 37719750, 1, 0, 0
52505, 39470907, 1, 0, 0
52612, 25443788, 1, 0, 0
52707, 28182499, 1, 0, 0
52806, 27036505, 1, 0, 0
52917, 28656036, 1, 0, 0
53010, 28615352, 1, 0, 0
53103, 27454392, 1, 0, 0
53208, 28831935, 1, 0, 0
53334, 27812623, 1, 0, 0
53438, 78485266, 1, 0, 0
53543, 89553044, 1, 0, 0
53652, 92360890, 1, 0, 0
53704, 89136201, 1, 0, 0
53815, 91263551, 1, 0, 0
53932, 98478953, 1, 0, 0
54050, 100710535, 1, 0, 0
54109, 102389061, 1, 0, 0
54207, 40286897, 1, 0, 0
54307, 27813098, 1, 0, 0
54420, 27672257, 1, 0, 0
54506, 28251281, 1, 0, 0
54604, 28351321, 1, 0, 0
54714, 26207364, 1, 0, 0
54810, 29083267, 1, 0, 0
54906, 27230997, 1, 0, 0
55017, 25952140, 1, 0, 0
55112, 28005201, 1, 0, 0
55206, 27384617, 1, 0, 0
55304, 26735492, 1, 0, 0
55412, 26274371, 1, 0, 0
55508, 25771814, 1, 0, 0
55609, 19519958, 1, 0, 0
55715, 21557545, 1, 0, 0
55810, 21890415, 1, 0, 0
55904, 19102871, 1, 0, 0
56006, 21368218, 1, 0, 0
56120, 19984350, 1, 0, 0
56201, 22013612, 1, 0, 0
56303, 22536219, 1, 0, 0
56409, 22667918, 1, 0, 0
56503, 21157829, 1, 0, 0
56604, 21318697, 1, 0, 0
56704, 20787249, 1, 0, 0
56811, 18883229, 1, 0, 0
56904, 19870541, 1, 0, 0
57038, 31615183, 1, 0, 0
57139, 61375340, 1, 0, 0
57218, 79096390, 1, 0, 0
57320, 62201844, 1, 0, 0
57416, 47000247, 1, 0, 0
57526, 49337480, 1, 0, 0
57605, 90481615, 1, 0, 0
57714, 107697079, 1, 0, 0
57800, 68728822, 1, 0, 0
57901, 22138967, 1, 0, 0
58009, 18471813, 1, 0, 0
58101, 25436168, 1, 0, 0
58206, 19148773, 1, 0, 0
58317, 19416068, 1, 0, 0
58400, 22210381, 1, 0, 0
58514, 19627827, 1, 0, 0
58604, 20926798, 1, 0, 0
58701, 20036020, 1, 0, 0
58808, 23245449, 1, 0, 0
58905, 20609001, 1, 0, 0
59014, 21006941, 1, 0, 0
59110, 20144232, 1, 0, 0
59209, 20557549, 1, 0, 0
59322, 24351353, 1, 0, 0
59401, 23226285, 1, 0, 0
59510, 20575166, 1, 0, 0
59609, 21349262, 1, 0, 0
59707, 26785912, 1, 0, 0
59804, 25266749, 1, 0, 0
59912, 30094488, 1, 0, 0
60007, 35682485, 1, 0, 0
60110, 31822537, 1, 0, 0
60210, 24770007, 1, 0, 0
60309, 28930744, 1, 0, 0
60410, 25249069, 1, 0, 0
60511, 27306533, 1, 0, 0
60636, 28296846, 1, 0, 0
60713, 59005019, 1, 0, 0
60845, 131380714, 1, 0, 0
60911, 84991855, 1, 0, 0
61021, 89565277, 1, 0, 0
61127, 87276947, 1, 0, 0
61262, 80473829, 1, 0, 0
61340, 115837205, 1, 0, 0
61466, 111440648, 1, 0, 0
61511, 66314386, 1, 0, 0
61602, 23447290, 1, 0, 0
61719, 27240360, 1, 0, 0
61801, 22317456, 1, 0, 0
61911, 24345197, 1, 0, 0
62023, 23747323, 1, 0, 0
62102, 27069387, 1, 0, 0
62214, 23095632, 1, 0, 0
62304, 21621926, 1, 0, 0
62417, 22128439, 1, 0, 0
62500, 23721054, 1, 0, 0
62617, 21222126, 1, 0, 0
62703, 23405484, 1, 0, 0
62805, 32054721, 1, 0, 0
62912, 22127249, 1, 0, 0
63017, 26068332, 1, 0, 0
63115, 27497733, 1, 0, 0
63201, 27288473, 1, 0, 0
63316, 28220849, 1, 0, 0
63424, 23009428, 1, 0, 0
63521, 22382242, 1, 0, 0
63600, 17182974, 1, 0, 0
63706, 20698717, 1, 0, 0
63806, 23617604, 1, 0, 0
63901, 20705394, 1, 0, 0
64009, 23116116, 1, 0, 0
64101, 25490603, 1, 0, 0
64206, 23433355, 1, 0, 0
64363, 29968861, 1, 0, 0
64450, 64707169, 1, 0, 0
64503, 77615075, 1, 0, 0
64641, 94164929, 1, 0, 0
64716, 59184801, 1, 0, 0
64808, 65139957, 1, 0, 0
64921, 89003146, 1, 0, 0
65027, 54846291, 1, 0, 0
65116, 88143101, 1, 0, 0
65206, 31944391, 1, 0, 0
65301, 27491608, 1, 0, 0
65410, 26296699, 1, 0, 0
65505, 26268869, 1, 0, 0
65601, 27075711, 1, 0, 0
65701, 28959807, 1, 0, 0
65815, 31057635, 1, 0, 0
65912, 28563596, 1, 0, 0
66017, 28329263, 1, 0, 0
66108, 27559898, 1, 0, 0
66203, 26561882, 1, 0, 0
66300, 27473446, 1, 0, 0
66419, 28781986, 1, 0, 0
66506, 29038059, 1, 0, 0
66607, 26572415, 1, 0, 0
66714, 27674309, 1, 0, 0
66817, 28667515, 1, 0, 0
66901, 24779333, 1, 0, 0
67015, 25925934, 1, 0, 0
67105, 25291664, 1, 0, 0
67204, 25481260, 1, 0, 0
67307, 25504039, 1, 0, 0
67403, 30479749, 1, 0, 0
67507, 25411953, 1, 0, 0
67603, 26743163, 1, 0, 0
67710, 25550143, 1, 0, 0
67808, 29207610, 1, 0, 0
67907, 27285501, 1, 0, 0
68022, 34109274, 1, 0, 0
68124, 70907449, 1, 0, 0
68231, 88752225, 1, 0, 0
68332, 90240790, 1, 0, 0
68436, 87623658, 1, 0, 0
68539, 84284536, 1, 0, 0
68641, 89438035, 1, 0, 0
68727, 81226907, 1, 0, 0
68808, 72982871, 1, 0, 0
68906, 33504661, 1, 0, 0
69007, 28132577, 1, 0, 0
69113, 25554868, 1, 0, 0
69207, 18805978, 1, 0, 0
69305, 25602333, 1, 0, 0
69425, 28568591, 1, 0, 0
69510, 28065163, 1, 0, 0
69606, 28396976, 1, 0, 0
69712, 26045663, 1, 0, 0
69807, 26179454, 1, 0, 0
69913, 26172859, 1, 0, 0
70000, 26544912, 1, 0, 0
70109, 24300099, 1, 0, 0
70215, 27113164, 1, 0, 0
70310, 26704011, 1, 0, 0
70400, 23896940, 1, 0, 0
70509, 25871602, 1, 0, 0
70618, 25988683, 1, 0, 0
70708, 26482669, 1, 0, 0
70811, 25621566, 1, 0, 0
70907, 25685505, 1, 0, 0
71017, 27628705, 1, 0, 0
71110, 26534364, 1, 0, 0
71213, 27879444, 1, 0, 0
71300, 23119800, 1, 0, 0
71410, 23990990, 1, 0, 0
71514, 25718573, 1, 0, 0
71604, 24653695, 1, 0, 0
71750, 46033036, 1, 0, 0
71802, 102434156, 1, 0, 0
71906, 88131686, 1, 0, 0
72005, 88432146, 1, 0, 0
72109, 86071480, 1, 0, 0
72212, 88696177, 1, 0, 0
72316, 88974164, 1, 0, 0
72440, 77281301, 1, 0, 0
72506, 75801684, 1, 0, 0
72601, 22600496, 1, 0, 0
72703, 26502752, 1, 0, 0
72809, 24222694, 1, 0, 0
72900, 25520971, 1, 0, 0
73007, 26909087, 1, 0, 0
73107, 28056487, 1, 0, 0
73205, 27082589, 1, 0, 0
73310, 27931035, 1, 0, 0
73409, 26957193, 1, 0, 0
73501, 26953602, 1, 0, 0
73609, 23521385, 1, 0, 0
73717, 26146544, 1, 0, 0
73804, 23723087, 1, 0, 0
73914, 24808084, 1, 0, 0
74002, 26202864, 1, 0, 0
74107, 26119802, 1, 0, 0
74204, 21966615, 1, 0, 0
74315, 28262851, 1, 0, 0
74412, 28484405, 1, 0, 0
74506, 25371664, 1, 0, 0
74615, 27639284, 1, 0, 0
74702, 28037295, 1, 0, 0
74806, 22218694, 1, 0, 0
74912, 25674449, 1, 0, 0
75001, 25817691, 1, 0, 0
75108, 24177903, 1, 0, 0
75221, 22550549, 1, 0, 0
75314, 28279947, 1, 0, 0
75439, 50010878, 1, 0, 0
75540, 88142732, 1, 0, 0
75600, 86039815, 1, 0, 0
75700, 76522267, 1, 0, 0
75843, 81476469, 1, 0, 0
75945, 87669097, 1, 0, 0
76005, 112031150, 1, 0, 0
76127, 78128981, 1, 0, 0
76216, 70744037, 1, 0, 0
76312, 26989508, 1, 0, 0
76408, 23308494, 1, 0, 0
76502, 26312267, 1, 0, 0
76627, 26982887, 1, 0, 0
76708, 26657035, 1, 0, 0
76804, 25077352, 1, 0, 0
76912, 25214490, 1, 0, 0
77000, 28467045, 1, 0, 0
77106, 25556805, 1, 0, 0
77209, 26741545, 1, 0, 0
77301, 25888543, 1, 0, 0
77414, 25062745, 1, 0, 0
77500, 24765130, 1, 0, 0
77603, 28996343, 1, 0, 0
77711, 26395868, 1, 0, 0
77817, 26365144, 1, 0, 0
77903, 27675297, 1, 0, 0
78005, 30072458, 1, 0, 0
78112, 27818211, 1, 0, 0
78211, 25398238, 1, 0, 0
78303, 25442179, 1, 0, 0
78412, 24472888, 1, 0, 0
78507, 26254116, 1, 0, 0
78610, 25297020, 1, 0, 0
78702, 20350877, 1, 0, 0
78800, 24138488, 1, 0, 0
78915, 21359276, 1, 0, 0
79021, 25878938, 1, 0, 0
79127, 54593669, 1, 0, 0
79230, 89591859, 1, 0, 0
79329, 87234827, 1, 0, 0
79432, 75444536, 1, 0, 0
79536, 88565543, 1, 0, 0
79640, 89378453, 1, 0, 0
79730, 83147932, 1, 0, 0
79817, 75140608, 1, 0, 0
79908, 40588613, 1, 0, 0
80014, 21610709, 1, 0, 0
80109, 24694104, 1, 0, 0
80211, 26061824, 1, 0, 0
80306, 27190876, 1, 0, 0
80412, 25438237, 1, 0, 0
80516, 28308995, 1, 0, 0
80608, 26680970, 1, 0, 0
80717, 25548636, 1, 0, 0
80815, 26280420, 1, 0, 0
80901, 25477711, 1, 0, 0
81002, 24894258, 1, 0, 0
81105, 25666925, 1, 0, 0
81201, 26199337, 1, 0, 0
81314, 28201644, 1, 0, 0
81408, 25854801, 1, 0, 0
81501, 26962628, 1, 0, 0
81611, 28806084, 1, 0, 0
81706, 27628483, 1, 0, 0
81810, 26137731, 1, 0, 0
81903, 26642175, 1, 0, 0
82005, 22088287, 1, 0, 0
82115, 27893395, 1, 0, 0
82205, 26036282, 1, 0, 0
82301, 27489971, 1, 0, 0
82404, 27959777, 1, 0, 0
82519, 22770893, 1, 0, 0
82651, 28990624, 1, 0, 0
82702, 107850700, 1, 0, 0
82809, 92022600, 1, 0, 0
82914, 91415300, 1, 0, 0
83018, 69933995, 1, 0, 0
83128, 90182081, 1, 0, 0
83248, 100563703, 1, 0, 0
83303, 115287757, 1, 0, 0
83439, 105909740, 1, 0, 0
83503, 59380759, 1, 0, 0
83609, 26438946, 1, 0, 0
83700, 27589527, 1, 0, 0
83800, 27214152, 1, 0, 0
83909, 26734169, 1, 0, 0
84013, 26342080, 1, 0, 0
84106, 27785454, 1, 0, 0
84208, 27774154, 1, 0, 0
84319, 27566620, 1, 0, 0
84402, 23816556, 1, 0, 0
84501, 25248664, 1, 0, 0
84614, 28286069, 1, 0, 0
84709, 30056746, 1, 0, 0
84801, 28440954, 1, 0, 0
84912, 27115704, 1, 0, 0
85000, 26654702, 1, 0, 0
85108, 26447530, 1, 0, 0
85206, 27369912, 1, 0, 0
85314, 28356215, 1, 0, 0
85403, 37995038, 1, 0, 0
85518, 28149273, 1, 0, 0
85607, 31763879, 1, 0, 0
85709, 24452745, 1, 0, 0
85815, 29780562, 1, 0, 0
85903, 31294224, 1, 0, 0
86003, 26673183, 1, 0, 0
86112, 26112200, 1, 0, 0
86209, 26331315, 1, 0, 0
86327, 43319515, 1, 0, 0
86429, 90752909, 1, 0, 0
86531, 88146993, 1, 0, 0
86636, 90118018, 1, 0, 0
86738, 88340535, 1, 0, 0
86847, 88432888, 1, 0, 0
86940, 88421152, 1, 0, 0
87032, 76095307, 1, 0, 0
87118, 78113718, 1, 0, 0
87213, 30287199, 1, 0, 0
87307, 25878982, 1, 0, 0
87409, 26208562, 1, 0, 0
87512, 29029333, 1, 0, 0
87604, 24250830, 1, 0, 0
87705, 25423555, 1, 0, 0
87805, 31430340, 1, 0, 0
87919, 25132962, 1, 0, 0
88008, 27235470, 1, 0, 0
88109, 23520952, 1, 0, 0
88206, 28343771, 1, 0, 0
88301, 24746816, 1, 0, 0
88400, 24469286, 1, 0, 0
88517, 29150367, 1, 0, 0
88615, 27244018, 1, 0, 0
88701, 28889235, 1, 0, 0
88810, 27477726, 1, 0, 0
88903, 25559614, 1, 0, 0
89012, 31199993, 1, 0, 0
89108, 26745833, 1, 0, 0
89207, 27147497, 1, 0, 0
89315, 26837922, 1, 0, 0
89405, 27596394, 1, 0, 0
89505, 27287090, 1, 0, 0
89606, 26169294, 1, 0, 0
89703, 29518072, 1, 0, 0
89801, 27246598, 1, 0, 0
89920, 32561567, 1, 0, 0
90022, 69784252, 1, 0, 0
90022, 91879118, 1, 0, 0
