129, 87131477, 1, 0, 0
210, 63929339, 1, 0, 0
314, 59712334, 1, 0, 0
440, 84151861, 1, 0, 0
501, 86568614, 1, 0, 0
600, 48524091, 1, 0, 0
712, 19485720, 1, 0, 0
808, 22116508, 1, 0, 0
909, 21867848, 1, 0, 0
1000, 23537314, 1, 0, 0
1105, 19251417, 1, 0, 0
1200, 20015206, 1, 0, 0
1325, 22135539, 1, 0, 0
1405, 26085429, 1, 0, 0
1501, 18502427, 1, 0, 0
1612, 20186837, 1, 0, 0
1726, 27905673, 1, 0, 0
1805, 22012867, 1, 0, 0
1913, 24448061, 1, 0, 0
2011, 21438605, 1, 0, 0
2114, 20034823, 1, 0, 0
2209, 20852403, 1, 0, 0
2316, 20340811, 1, 0, 0
2412, 21440469, 1, 0, 0
2504, 19674069, 1, 0, 0
2605, 20717981, 1, 0, 0
2707, 23370673, 1, 0, 0
2825, 24718093, 1, 0, 0
2913, 20048072, 1, 0, 0
3018, 21110391, 1, 0, 0
3118, 20789533, 1, 0, 0
3204, 25023748, 1, 0, 0
3311, 25500454, 1, 0, 0
3430, 21706405, 1, 0, 0
3529, 57407411, 1, 0, 0
3614, 80134403, 1, 0, 0
3749, 100518177, 1, 0, 0
3829, 65523901, 1, 0, 0
3938, 59793937, 1, 0, 0
4015, 88363456, 1, 0, 0
4154, 62816572, 1, 0, 0
4208, 73523769, 1, 0, 0
4311, 27007385, 1, 0, 0
4420, 23598161, 1, 0, 0
4519, 27194673, 1, 0, 0
4611, 19199219, 1, 0, 0
4704, 20192663, 1, 0, 0
4805, 22152311, 1, 0, 0
4901, 23153987, 1, 0, 0
5013, 24096700, 1, 0, 0
5117, 22922717, 1, 0, 0
5201, 23679973, 1, 0, 0
5312, 24565385, 1, 0, 0
5403, 23393314, 1, 0, 0
5504, 22449626, 1, 0, 0
5611, 22085178, 1, 0, 0
5719, 22885655, 1, 0, 0
5808, 25735287, 1, 0, 0
5909, 22305910, 1, 0, 0
6015, 21582312, 1, 0, 0
6119, 22094416, 1, 0, 0
6201, 22659233, 1, 0, 0
6310, 20879264, 1, 0, 0
6403, 23310564, 1, 0, 0
6512, 24103811, 1, 0, 0
6608, 21938443, 1, 0, 0
6704, 22515966, 1, 0, 0
6817, 24030609, 1, 0, 0
6909, 33376705, 1, 0, 0
7006, 46737950, 1, 0, 0
7127, 47787923, 1, 0, 0
7274, 69930022, 1, 0, 0
7371, 79226126, 1, 0, 0
7444, 91671624, 1, 0, 0
7548, 70167004, 1, 0, 0
7638, 84884877, 1, 0, 0
7702, 84354393, 1, 0, 0
7818, 91151326, 1, 0, 0
7900, 52660339, 1, 0, 0
8017, 65545037, 1, 0, 0
8107, 25724970, 1, 0, 0
8214, 32895272, 1, 0, 0
8311, 22277058, 1, 0, 0
8412, 21685130, 1, 0, 0
8510, 21334887, 1, 0, 0
8619, 17452357, 1, 0, 0
8716, 25896825, 1, 0, 0
8802, 23834801, 1, 0, 0
8911, 21788039, 1, 0, 0
9003, 23911860, 1, 0, 0
9102, 32798712, 1, 0, 0
9205, 21390422, 1, 0, 0
9320, 24772861, 1, 0, 0
9413, 22222346, 1, 0, 0
9500, 21593888, 1, 0, 0
9617, 20790010, 1, 0, 0
9709, 20818053, 1, 0, 0
9800, 18314488, 1, 0, 0
9914, 19318945, 1, 0, 0
10017, 22365123, 1, 0, 0
10106, 20671575, 1, 0, 0
10272, 24969842, 1, 0, 0
10338, 75663280, 1, 0, 0
10445, 89944222, 1, 0, 0
10524, 50438016, 1, 0, 0
10602, 64649717, 1, 0, 0
10704, 77425322, 1, 0, 0
10830, 62393501, 1, 0, 0
10904, 59561090, 1, 0, 0
11006, 62656724, 1, 0, 0
11113, 21765042, 1, 0, 0
11224, 19683015, 1, 0, 0
11312, 19828526, 1, 0, 0
11404, 22794969, 1, 0, 0
11507, 19150468, 1, 0, 0
11605, 21348308, 1, 0, 0
11706, 19865878, 1, 0, 0
11823, 22388678, 1, 0, 0
11921, 21339292, 1, 0, 0
12013, 20387163, 1, 0, 0
12103, 22369739, 1, 0, 0
12226, 19343040, 1, 0, 0
12309, 24201485, 1, 0, 0
12414, 16860491, 1, 0, 0
12513, 32173754, 1, 0, 0
12613, 22694489, 1, 0, 0
12716, 21326493, 1, 0, 0
12801, 22340052, 1, 0, 0
12917, 20167772, 1, 0, 0
13002, 17579360, 1, 0, 0
13109, 22169266, 1, 0, 0
13206, 18523403, 1, 0, 0
13301, 21313357, 1, 0, 0
13414, 20807885, 1, 0, 0
13500, 19624441, 1, 0, 0
13615, 26959796, 1, 0, 0
13714, 25786586, 1, 0, 0
13807, 26028841, 1, 0, 0
13900, 21765624, 1, 0, 0
14003, 73752902, 1, 0, 0
14109, 91112337, 1, 0, 0
14215, 89007752, 1, 0, 0
14321, 89966350, 1, 0, 0
14430, 92926935, 1, 0, 0
14541, 96202297, 1, 0, 0
14602, 116473279, 1, 0, 0
14709, 98395900, 1, 0, 0
14805, 40506621, 1, 0, 0
14905, 23935058, 1, 0, 0
15015, 24897131, 1, 0, 0
15118, 26523989, 1, 0, 0
15211, 27162415, 1, 0, 0
15309, 23862965, 1, 0, 0
15420, 23969293, 1, 0, 0
15503, 24689965, 1, 0, 0
15612, 26159254, 1, 0, 0
15702, 27732903, 1, 0, 0
15807, 23202394, 1, 0, 0
15903, 28621505, 1, 0, 0
16002, 25185958, 1, 0, 0
16107, 22816518, 1, 0, 0
16209, 23730363, 1, 0, 0
16306, 23136990, 1, 0, 0
16405, 28207034, 1, 0, 0
16514, 25687786, 1, 0, 0
16608, 27107392, 1, 0, 0
16710, 26515984, 1, 0, 0
16808, 22324722, 1, 0, 0
16906, 23999994, 1, 0, 0
17012, 27888344, 1, 0, 0
17118, 24609806, 1, 0, 0
17206, 26043993, 1, 0, 0
17310, 24131264, 1, 0, 0
17411, 25949515, 1, 0, 0
17500, 27756071, 1, 0, 0
17630, 37990490, 1, 0, 0
17734, 91133500, 1, 0, 0
17841, 91702780, 1, 0, 0
17944, 87335412, 1, 0, 0
18047, 84949520, 1, 0, 0
18148, 75261041, 1, 0, 0
18242, 80632652, 1, 0, 0
18326, 62787183, 1, 0, 0
18420, 68403049, 1, 0, 0
18510, 21845046, 1, 0, 0
18605, 25774625, 1, 0, 0
18720, 24196919, 1, 0, 0
18808, 23666389, 1, 0, 0
18905, 23661593, 1, 0, 0
19004, 21394392, 1, 0, 0
19113, 18297039, 1, 0, 0
19205, 20280903, 1, 0, 0
19310, 16312335, 1, 0, 0
19400, 19903457, 1, 0, 0
19504, 19215507, 1, 0, 0
19608, 17282145, 1, 0, 0
19718, 17792114, 1, 0, 0
19800, 15852460, 1, 0, 0
19909, 20753866, 1, 0, 0
20009, 13770264, 1, 0, 0
20102, 21077126, 1, 0, 0
20211, 17630832, 1, 0, 0
20312, 18007213, 1, 0, 0
20409, 14359606, 1, 0, 0
20508, 17806541, 1, 0, 0
20613, 26238810, 1, 0, 0
20712, 17013200, 1, 0, 0
20822, 18003211, 1, 0, 0
20914, 22554558, 1, 0, 0
21018, 19469590, 1, 0, 0
21102, 16712058, 1, 0, 0
21208, 20014867, 1, 0, 0
21348, 33442996, 1, 0, 0
21400, 52066183, 1, 0, 0
21508, 63509081, 1, 0, 0
21609, 47793304, 1, 0, 0
21711, 76373667, 1, 0, 0
21827, 47418738, 1, 0, 0
21940, 65873806, 1, 0, 0
22017, 60548316, 1, 0, 0
22113, 16035526, 1, 0, 0
22206, 18098659, 1, 0, 0
22301, 15400469, 1, 0, 0
22415, 19899758, 1, 0, 0
22505, 16294265, 1, 0, 0
22603, 20576484, 1, 0, 0
22708, 21421940, 1, 0, 0
22815, 23065043, 1, 0, 0
22900, 19971942, 1, 0, 0
23007, 22559033, 1, 0, 0
23112, 22316168, 1, 0, 0
23216, 22029446, 1, 0, 0
23303, 21543423, 1, 0, 0
23411, 35651729, 1, 0, 0
23504, 20558021, 1, 0, 0
23604, 20570039, 1, 0, 0
23703, 23500345, 1, 0, 0
23808, 20559210, 1, 0, 0
23908, 23128191, 1, 0, 0
24008, 22384508, 1, 0, 0
24102, 20057213, 1, 0, 0
24208, 22169860, 1, 0, 0
24305, 27363336, 1, 0, 0
24408, 22583172, 1, 0, 0
24510, 24155459, 1, 0, 0
24621, 22607591, 1, 0, 0
24717, 23756103, 1, 0, 0
24809, 30695725, 1, 0, 0
24947, 27097243, 1, 0, 0
25019, 87473853, 1, 0, 0
25118, 64329222, 1, 0, 0
25252, 58012971, 1, 0, 0
25329, 62248500, 1, 0, 0
25460, 78367688, 1, 0, 0
25511, 93155769, 1, 0, 0
25633, 40993120, 1, 0, 0
25717, 48629409, 1, 0, 0
25824, 20338695, 1, 0, 0
25902, 25437417, 1, 0, 0
26005, 22486305, 1, 0, 0
26122, 21284197, 1, 0, 0
26203, 24252469, 1, 0, 0
26313, 18612248, 1, 0, 0
26406, 19416239, 1, 0, 0
26512, 22455305, 1, 0, 0
26603, 28238206, 1, 0, 0
26707, 21533051, 1, 0, 0
26812, 19999210, 1, 0, 0
26900, 21726008, 1, 0, 0
27006, 23050581, 1, 0, 0
27112, 22791242, 1, 0, 0
27204, 22363841, 1, 0, 0
27309, 24095718, 1, 0, 0
27418, 25139379, 1, 0, 0
27525, 22858528, 1, 0, 0
27601, 23472683, 1, 0, 0
27703, 26188700, 1, 0, 0
27812, 21622080, 1, 0, 0
27902, 22899825, 1, 0, 0
28011, 23178198, 1, 0, 0
28100, 23343952, 1, 0, 0
28209, 23375238, 1, 0, 0
28305, 22026929, 1, 0, 0
28407, 24391386, 1, 0, 0
28509, 21846607, 1, 0, 0
28619, 25305645, 1, 0, 0
28728, 79462087, 1, 0, 0
28833, 81138561, 1, 0, 0
28964, 57361498, 1, 0, 0
29042, 71628328, 1, 0, 0
29175, 79579010, 1, 0, 0
29229, 95031140, 1, 0, 0
29315, 53295467, 1, 0, 0
29421, 65524655, 1, 0, 0
29509, 48643985, 1, 0, 0
29607, 21012159, 1, 0, 0
29713, 21431117, 1, 0, 0
29800, 22446742, 1, 0, 0
29911, 23565701, 1, 0, 0
30010, 27245643, 1, 0, 0
30105, 24389728, 1, 0, 0
30217, 19489619, 1, 0, 0
30300, 24806641, 1, 0, 0
30404, 21610256, 1, 0, 0
30506, 22510709, 1, 0, 0
30610, 20899555, 1, 0, 0
30702, 19367164, 1, 0, 0
30811, 20526900, 1, 0, 0
30925, 24714952, 1, 0, 0
31003, 22422673, 1, 0, 0
31109, 24713834, 1, 0, 0
31214, 21822392, 1, 0, 0
31321, 23037206, 1, 0, 0
31405, 24892963, 1, 0, 0
31507, 24720564, 1, 0, 0
31605, 29572387, 1, 0, 0
31724, 30893447, 1, 0, 0
31816, 41757488, 1, 0, 0
31920, 44493934, 1, 0, 0
32010, 38572686, 1, 0, 0
32128, 70719579, 1, 0, 0
32241, 100370566, 1, 0, 0
32309, 99399109, 1, 0, 0
32454, 116940986, 1, 0, 0
32516, 124735075, 1, 0, 0
32652, 114388008, 1, 0, 0
32708, 107972623, 1, 0, 0
32807, 113508338, 1, 0, 0
32923, 131095667, 1, 0, 0
33014, 35809043, 1, 0, 0
33103, 25183490, 1, 0, 0
33203, 27058068, 1, 0, 0
33317, 27820445, 1, 0, 0
33406, 25644965, 1, 0, 0
33514, 22678118, 1, 0, 0
33604, 26657991, 1, 0, 0
33710, 26095649, 1, 0, 0
33808, 29173830, 1, 0, 0
33907, 27363080, 1, 0, 0
34015, 28396483, 1, 0, 0
34107, 26538307, 1, 0, 0
34215, 25495909, 1, 0, 0
34305, 26590294, 1, 0, 0
34400, 26376671, 1, 0, 0
34507, 25904551, 1, 0, 0
34613, 25417997, 1, 0, 0
34703, 26324642, 1, 0, 0
34818, 26419425, 1, 0, 0
34913, 28226682, 1, 0, 0
35001, 26255987, 1, 0, 0
35100, 26956524, 1, 0, 0
35207, 26176790, 1, 0, 0
35312, 25634712, 1, 0, 0
35409, 29028983, 1, 0, 0
35502, 82031155, 1, 0, 0
35606, 80989382, 1, 0, 0
35715, 91674462, 1, 0, 0
35822, 94165166, 1, 0, 0
35930, 91896992, 1, 0, 0
36036, 89728690, 1, 0, 0
36153, 92608688, 1, 0, 0
36206, 77167313, 1, 0, 0
36302, 26376211, 1, 0, 0
36406, 26250698, 1, 0, 0
36503, 26237193, 1, 0, 0
36611, 27320867, 1, 0, 0
36702, 25846498, 1, 0, 0
36804, 28978322, 1, 0, 0
36905, 29003544, 1, 0, 0
37016, 26656768, 1, 0, 0
37108, 26999183, 1, 0, 0
37213, 25042191, 1, 0, 0
37316, 27231192, 1, 0, 0
37408, 27445980, 1, 0, 0
37504, 26775818, 1, 0, 0
37614, 26904357, 1, 0, 0
37702, 26002000, 1, 0, 0
37809, 26416819, 1, 0, 0
37905, 25863520, 1, 0, 0
38014, 29251885, 1, 0, 0
38111, 26721731, 1, 0, 0
38208, 27220186, 1, 0, 0
38303, 26720808, 1, 0, 0
38400, 28349948, 1, 0, 0
38502, 28176106, 1, 0, 0
38609, 26782562, 1, 0, 0
38702, 25841127, 1, 0, 0
38805, 25648827, 1, 0, 0
38912, 24767606, 1, 0, 0
39012, 24876510, 1, 0, 0
39127, 45300308, 1, 0, 0
39230, 84161876, 1, 0, 0
39337, 83800565, 1, 0, 0
39443, 92024446, 1, 0, 0
39546, 91094231, 1, 0, 0
39600, 77785632, 1, 0, 0
39702, 89606160, 1, 0, 0
39806, 87664035, 1, 0, 0
39915, 66338658, 1, 0, 0
40012, 27950799, 1, 0, 0
40109, 25271386, 1, 0, 0
40200, 25278248, 1, 0, 0
40301, 29877625, 1, 0, 0
40410, 26565325, 1, 0, 0
40502, 25156855, 1, 0, 0
40606, 25522068, 1, 0, 0
40700, 26179335, 1, 0, 0
40811, 26066559, 1, 0, 0
40907, 24502024, 1, 0, 0
41009, 25963933, 1, 0, 0
41103, 26026461, 1, 0, 0
41210, 25757457, 1, 0, 0
41301, 26223305, 1, 0, 0
41413, 25516280, 1, 0, 0
41519, 23694388, 1, 0, 0
41606, 25400568, 1, 0, 0
41701, 24945523, 1, 0, 0
41814, 26399024, 1, 0, 0
41901, 24477467, 1, 0, 0
42012, 26730260, 1, 0, 0
42107, 26004317, 1, 0, 0
42216, 26679451, 1, 0, 0
42303, 26121783, 1, 0, 0
42403, 28792803, 1, 0, 0
42503, 24552601, 1, 0, 0
42601, 23092466, 1, 0, 0
42739, 27873613, 1, 0, 0
42812, 43185094, 1, 0, 0
42947, 68512962, 1, 0, 0
43022, 132097240, 1, 0, 0
43156, 71443882, 1, 0, 0
43237, 72999981, 1, 0, 0
43361, 79254862, 1, 0, 0
43408, 88492265, 1, 0, 0
43514, 39497209, 1, 0, 0
43616, 17659440, 1, 0, 0
43721, 22435575, 1, 0, 0
43811, 23685313, 1, 0, 0
43903, 23062459, 1, 0, 0
44012, 22691655, 1, 0, 0
44113, 29422109, 1, 0, 0
44200, 22649396, 1, 0, 0
44311, 21322766, 1, 0, 0
44400, 22688815, 1, 0, 0
44507, 26238693, 1, 0, 0
44600, 22217578, 1, 0, 0
44709, 22349257, 1, 0, 0
44803, 21616433, 1, 0, 0
44908, 20889001, 1, 0, 0
45018, 22902928, 1, 0, 0
45116, 28878741, 1, 0, 0
45202, 23084653, 1, 0, 0
45309, 22674012, 1, 0, 0
45415, 24289994, 1, 0, 0
45506, 26656006, 1, 0, 0
45610, 23244572, 1, 0, 0
45704, 31641211, 1, 0, 0
45803, 24276712, 1, 0, 0
45914, 23699141, 1, 0, 0
46003, 25571141, 1, 0, 0
46107, 26025991, 1, 0, 0
46215, 23693291, 1, 0, 0
46324, 22611715, 1, 0, 0
46425, 28481327, 1, 0, 0
46505, 41469193, 1, 0, 0
46621, 78548497, 1, 0, 0
46766, 66949063, 1, 0, 0
46843, 73434841, 1, 0, 0
46942, 65527814, 1, 0, 0
47075, 93873238, 1, 0, 0
47118, 93530756, 1, 0, 0
47230, 43232095, 1, 0, 0
47307, 58786927, 1, 0, 0
47400, 25941961, 1, 0, 0
47503, 18315744, 1, 0, 0
47600, 21546375, 1, 0, 0
47710, 22132243, 1, 0, 0
47806, 23907410, 1, 0, 0
47910, 22747295, 1, 0, 0
48009, 22552828, 1, 0, 0
48101, 22212843, 1, 0, 0
48208, 22788362, 1, 0, 0
48321, 26514171, 1, 0, 0
48420, 21693514, 1, 0, 0
48505, 25634937, 1, 0, 0
48609, 22643526, 1, 0, 0
48715, 24904566, 1, 0, 0
48816, 22512815, 1, 0, 0
48922, 22437387, 1, 0, 0
49006, 27126432, 1, 0, 0
49100, 24247538, 1, 0, 0
49211, 27375323, 1, 0, 0
49300, 21858443, 1, 0, 0
49413, 22106908, 1, 0, 0
49522, 23508620, 1, 0, 0
49613, 28122455, 1, 0, 0
49717, 22240069, 1, 0, 0
49800, 23298001, 1, 0, 0
49902, 21049923, 1, 0, 0
50012, 27518479, 1, 0, 0
50137, 22355508, 1, 0, 0
50265, 67412491, 1, 0, 0
50320, 91992629, 1, 0, 0
50420, 58842245, 1, 0, 0
50526, 69486099, 1, 0, 0
50607, 132805580, 1, 0, 0
50731, 71465740, 1, 0, 0
50800, 63814707, 1, 0, 0
50910, 68553373, 1, 0, 0
51010, 32799659, 1, 0, 0
51115, 24340744, 1, 0, 0
51213, 21615414, 1, 0, 0
51309, 21230121, 1, 0, 0
51405, 25888260, 1, 0, 0
51514, 19142744, 1, 0, 0
51611, 24719066, 1, 0, 0
51710, 21175687, 1, 0, 0
51835, 31041991, 1, 0, 0
51911, 30528524, 1, 0, 0
52013, 32289791, 1, 0, 0
52106, 26854727, 1, 0, 0
52224, 35284106, 1, 0, 0
52315, 41132332, 1, 0, 0
52418, 38439213, 1, 0, 0
52515, 32306321, 1, 0, 0
52608, 28044050, 1, 0, 0
52708, 26832043, 1, 0, 0
52803, 27374865, 1, 0, 0
52919, 27643132, 1, 0, 0
53001, 27939139, 1, 0, 0
53110, 26970267, 1, 0, 0
53208, 27057492, 1, 0, 0
53333, 31528692, 1, 0, 0
53437, 90009703, 1, 0, 0
53544, 90050337, 1, 0, 0
53651, 83813695, 1, 0, 0
53704, 89010253, 1, 0, 0
53828, 95553372, 1, 0, 0
53935, 93092772, 1, 0, 0
54054, 96134008, 1, 0, 0
54109, 87223539, 1, 0, 0
54207, 30008941, 1, 0, 0
54302, 26924505, 1, 0, 0
54400, 26017621, 1, 0, 0
54508, 27705694, 1, 0, 0
54617, 27282046, 1, 0, 0
54709, 26614534, 1, 0, 0
54808, 28523763, 1, 0, 0
54904, 25876712, 1, 0, 0
55015, 26474037, 1, 0, 0
55108, 27307424, 1, 0, 0
55207, 26823213, 1, 0, 0
55317, 25013203, 1, 0, 0
55403, 26897128, 1, 0, 0
55503, 26007196, 1, 0, 0
55600, 28726709, 1, 0, 0
55711, 26884344, 1, 0, 0
55809, 24849177, 1, 0, 0
55912, 28110626, 1, 0, 0
56012, 27111292, 1, 0, 0
56105, 28976042, 1, 0, 0
56211, 25713920, 1, 0, 0
56311, 27612031, 1, 0, 0
56404, 26704188, 1, 0, 0
56501, 27297654, 1, 0, 0
56611, 25515879, 1, 0, 0
56708, 26516638, 1, 0, 0
56818, 26870918, 1, 0, 0
56935, 27564804, 1, 0, 0
57036, 74258785, 1, 0, 0
57140, 86852195, 1, 0, 0
57245, 88451960, 1, 0, 0
57336, 87788956, 1, 0, 0
57411, 67410476, 1, 0, 0
57525, 75428402, 1, 0, 0
57635, 90437394, 1, 0, 0
57743, 86237266, 1, 0, 0
57816, 43811577, 1, 0, 0
57905, 27517425, 1, 0, 0
58003, 24416447, 1, 0, 0
58112, 22403794, 1, 0, 0
58201, 24256280, 1, 0, 0
58307, 26728996, 1, 0, 0
58413, 30307994, 1, 0, 0
58506, 23992732, 1, 0, 0
58603, 25962818, 1, 0, 0
58715, 24841911, 1, 0, 0
58806, 27621108, 1, 0, 0
58901, 28936588, 1, 0, 0
59007, 26539442, 1, 0, 0
59101, 23527944, 1, 0, 0
59214, 28118781, 1, 0, 0
59307, 26817369, 1, 0, 0
59409, 28705892, 1, 0, 0
59504, 27156501, 1, 0, 0
59614, 26665861, 1, 0, 0
59705, 26746062, 1, 0, 0
59809, 26336198, 1, 0, 0
59919, 26004990, 1, 0, 0
60014, 25573609, 1, 0, 0
60103, 22754376, 1, 0, 0
60212, 26272081, 1, 0, 0
60305, 26925399, 1, 0, 0
60400, 26976836, 1, 0, 0
60510, 26287844, 1, 0, 0
60609, 28888435, 1, 0, 0
60711, 56504586, 1, 0, 0
60819, 77959659, 1, 0, 0
60944, 60965392, 1, 0, 0
61048, 75748428, 1, 0, 0
61101, 78343007, 1, 0, 0
61211, 71648820, 1, 0, 0
61314, 62262874, 1, 0, 0
61418, 88282574, 1, 0, 0
61512, 46461836, 1, 0, 0
61603, 27463668, 1, 0, 0
61701, 25946111, 1, 0, 0
61802, 24394418, 1, 0, 0
61919, 27047170, 1, 0, 0
62010, 26327741, 1, 0, 0
62110, 26951996, 1, 0, 0
62217, 29527833, 1, 0, 0
62305, 25013823, 1, 0, 0
62401, 26121613, 1, 0, 0
62514, 27043627, 1, 0, 0
62618, 28913254, 1, 0, 0
62703, 30242993, 1, 0, 0
62800, 31798010, 1, 0, 0
62907, 28460983, 1, 0, 0
63004, 30311697, 1, 0, 0
63107, 28430570, 1, 0, 0
63202, 26392220, 1, 0, 0
63318, 19745273, 1, 0, 0
63417, 21605953, 1, 0, 0
63514, 21939541, 1, 0, 0
63602, 21049752, 1, 0, 0
63717, 18679376, 1, 0, 0
63820, 22548737, 1, 0, 0
63908, 19328181, 1, 0, 0
64010, 21096027, 1, 0, 0
64103, 21028171, 1, 0, 0
64204, 22465134, 1, 0, 0
64337, 31505395, 1, 0, 0
64424, 43442513, 1, 0, 0
64500, 69784337, 1, 0, 0
64634, 66287665, 1, 0, 0
64755, 87443887, 1, 0, 0
64838, 61566384, 1, 0, 0
64921, 68099686, 1, 0, 0
65026, 73852541, 1, 0, 0
65110, 64307192, 1, 0, 0
65208, 21756264, 1, 0, 0
65317, 23170332, 1, 0, 0
65420, 21364151, 1, 0, 0
65506, 24415819, 1, 0, 0
65608, 22557754, 1, 0, 0
65703, 22845725, 1, 0, 0
65807, 20734815, 1, 0, 0
65902, 20734106, 1, 0, 0
66011, 18238128, 1, 0, 0
66105, 20389293, 1, 0, 0
66209, 20322176, 1, 0, 0
66314, 22771281, 1, 0, 0
66401, 23277618, 1, 0, 0
66512, 17842757, 1, 0, 0
66603, 22230632, 1, 0, 0
66701, 18388056, 1, 0, 0
66818, 20238013, 1, 0, 0
66920, 20833583, 1, 0, 0
67011, 20932404, 1, 0, 0
67102, 17971029, 1, 0, 0
67210, 20642565, 1, 0, 0
67312, 18746893, 1, 0, 0
67414, 22544860, 1, 0, 0
67507, 18066273, 1, 0, 0
67614, 21164987, 1, 0, 0
67712, 21676103, 1, 0, 0
67819, 24633560, 1, 0, 0
67945, 22210543, 1, 0, 0
68022, 48003783, 1, 0, 0
68150, 67156304, 1, 0, 0
68205, 106670287, 1, 0, 0
68331, 62438073, 1, 0, 0
68410, 63315379, 1, 0, 0
68513, 78437003, 1, 0, 0
68636, 63696046, 1, 0, 0
68701, 53526526, 1, 0, 0
68800, 59094595, 1, 0, 0
68902, 21244605, 1, 0, 0
69009, 19256398, 1, 0, 0
69111, 21011203, 1, 0, 0
69202, 20053997, 1, 0, 0
69310, 19914156, 1, 0, 0
69405, 22567798, 1, 0, 0
69500, 18575845, 1, 0, 0
69608, 20881853, 1, 0, 0
69702, 19135785, 1, 0, 0
69812, 20734806, 1, 0, 0
69906, 19836260, 1, 0, 0
70000, 20825366, 1, 0, 0
70102, 20356280, 1, 0, 0
70203, 22476752, 1, 0, 0
70300, 21329536, 1, 0, 0
70412, 18264121, 1, 0, 0
70515, 20865899, 1, 0, 0
70602, 21421282, 1, 0, 0
70700, 19506260, 1, 0, 0
70810, 17967669, 1, 0, 0
70912, 22295325, 1, 0, 0
71013, 21914925, 1, 0, 0
71117, 21490980, 1, 0, 0
71216, 20805326, 1, 0, 0
71312, 19712390, 1, 0, 0
71412, 19899569, 1, 0, 0
71502, 20651551, 1, 0, 0
71622, 18133632, 1, 0, 0
71724, 46614234, 1, 0, 0
71854, 61914239, 1, 0, 0
71931, 64233279, 1, 0, 0
72032, 75939153, 1, 0, 0
72106, 60243832, 1, 0, 0
72214, 69985524, 1, 0, 0
72332, 47848018, 1, 0, 0
72414, 50019663, 1, 0, 0
72503, 58362494, 1, 0, 0
72602, 22254754, 1, 0, 0
72706, 19470814, 1, 0, 0
72805, 21294279, 1, 0, 0
72918, 19956400, 1, 0, 0
73002, 17799305, 1, 0, 0
73109, 20342884, 1, 0, 0
73200, 20596554, 1, 0, 0
73315, 21906897, 1, 0, 0
73400, 25116182, 1, 0, 0
73513, 18042195, 1, 0, 0
73616, 21275223, 1, 0, 0
73707, 19671996, 1, 0, 0
73811, 17818669, 1, 0, 0
73920, 22972698, 1, 0, 0
74000, 21507950, 1, 0, 0
74108, 19336994, 1, 0, 0
74209, 21799616, 1, 0, 0
74320, 22811686, 1, 0, 0
74410, 21209279, 1, 0, 0
74510, 19255467, 1, 0, 0
74601, 18957378, 1, 0, 0
74709, 19781117, 1, 0, 0
74816, 20132562, 1, 0, 0
74917, 20944565, 1, 0, 0
75001, 19466725, 1, 0, 0
75114, 20039989, 1, 0, 0
75212, 19920465, 1, 0, 0
75313, 22063441, 1, 0, 0
75437, 48029117, 1, 0, 0
75539, 75607235, 1, 0, 0
75615, 49807935, 1, 0, 0
75739, 56275531, 1, 0, 0
75814, 49894816, 1, 0, 0
75919, 69142765, 1, 0, 0
76035, 46282313, 1, 0, 0
76100, 53819829, 1, 0, 0
76209, 42087900, 1, 0, 0
76313, 21464320, 1, 0, 0
76403, 20680287, 1, 0, 0
76502, 25124280, 1, 0, 0
76612, 21140338, 1, 0, 0
76706, 27948732, 1, 0, 0
76807, 22174405, 1, 0, 0
76908, 17708845, 1, 0, 0
77003, 20078779, 1, 0, 0
77106, 22178673, 1, 0, 0
77205, 20661764, 1, 0, 0
77313, 19250371, 1, 0, 0
77409, 19754916, 1, 0, 0
77509, 20646638, 1, 0, 0
77616, 21774063, 1, 0, 0
77715, 20959068, 1, 0, 0
77805, 21195501, 1, 0, 0
77902, 20777737, 1, 0, 0
78001, 23892083, 1, 0, 0
78105, 20026387, 1, 0, 0
78209, 21625128, 1, 0, 0
78312, 18775337, 1, 0, 0
78406, 21059726, 1, 0, 0
78501, 18745010, 1, 0, 0
78603, 24419894, 1, 0, 0
78705, 20893594, 1, 0, 0
78811, 20094553, 1, 0, 0
78918, 19977493, 1, 0, 0
79023, 28455130, 1, 0, 0
79128, 81299161, 1, 0, 0
79227, 81923599, 1, 0, 0
79301, 59571367, 1, 0, 0
79431, 63337515, 1, 0, 0
79544, 78658419, 1, 0, 0
79609, 60386481, 1, 0, 0
79723, 59988540, 1, 0, 0
79810, 64909321, 1, 0, 0
79901, 31115342, 1, 0, 0
80019, 22741023, 1, 0, 0
80111, 23632440, 1, 0, 0
80210, 21950463, 1, 0, 0
80311, 26189431, 1, 0, 0
80401, 21700094, 1, 0, 0
80506, 27274182, 1, 0, 0
80615, 26529247, 1, 0, 0
80702, 25266811, 1, 0, 0
80810, 27062547, 1, 0, 0
80902, 25341710, 1, 0, 0
81004, 22487386, 1, 0, 0
81104, 23465087, 1, 0, 0
81214, 25026430, 1, 0, 0
81300, 23581169, 1, 0, 0
81409, 22722360, 1, 0, 0
81514, 27226581, 1, 0, 0
81613, 26367973, 1, 0, 0
81700, 21973389, 1, 0, 0
81802, 26193826, 1, 0, 0
81914, 24664275, 1, 0, 0
82019, 25746730, 1, 0, 0
82107, 21735833, 1, 0, 0
82208, 23480378, 1, 0, 0
82304, 25368943, 1, 0, 0
82407, 27205190, 1, 0, 0
82506, 24021472, 1, 0, 0
82625, 28987669, 1, 0, 0
82730, 70620586, 1, 0, 0
82836, 76129946, 1, 0, 0
82941, 90771122, 1, 0, 0
83045, 69269952, 1, 0, 0
83102, 53359501, 1, 0, 0
83221, 100621173, 1, 0, 0
83338, 67135138, 1, 0, 0
83419, 94903844, 1, 0, 0
83519, 28965501, 1, 0, 0
83607, 29803213, 1, 0, 0
83702, 24865375, 1, 0, 0
83811, 28496380, 1, 0, 0
83916, 26034361, 1, 0, 0
84003, 28451928, 1, 0, 0
84108, 25359433, 1, 0, 0
84205, 27120969, 1, 0, 0
84318, 28480679, 1, 0, 0
84404, 28841466, 1, 0, 0
84513, 26814962, 1, 0, 0
84603, 27573057, 1, 0, 0
84703, 28282106, 1, 0, 0
84808, 26579204, 1, 0, 0
84903, 26428511, 1, 0, 0
85004, 29089225, 1, 0, 0
85100, 24554375, 1, 0, 0
85211, 33864274, 1, 0, 0
85320, 22972607, 1, 0, 0
85407, 24421012, 1, 0, 0
85513, 26002721, 1, 0, 0
85603, 23908030, 1, 0, 0
85707, 22906802, 1, 0, 0
85810, 22659700, 1, 0, 0
85914, 25741143, 1, 0, 0
86003, 21973433, 1, 0, 0
86102, 22121074, 1, 0, 0
86222, 22484274, 1, 0, 0
86301, 35643001, 1, 0, 0
86454, 58360422, 1, 0, 0
86532, 68580125, 1, 0, 0
86662, 78182076, 1, 0, 0
86712, 93488566, 1, 0, 0
86815, 56202005, 1, 0, 0
86914, 72028516, 1, 0, 0
87028, 83867072, 1, 0, 0
87106, 41346089, 1, 0, 0
87208, 27412931, 1, 0, 0
87300, 23253895, 1, 0, 0
87418, 22966560, 1, 0, 0
87500, 20783027, 1, 0, 0
87605, 21952223, 1, 0, 0
87717, 22670651, 1, 0, 0
87821, 26777829, 1, 0, 0
87901, 25097412, 1, 0, 0
88009, 22891795, 1, 0, 0
88106, 21019637, 1, 0, 0
88211, 22957107, 1, 0, 0
88303, 22224054, 1, 0, 0
88417, 24560742, 1, 0, 0
88505, 26332325, 1, 0, 0
88608, 22478216, 1, 0, 0
88718, 23126855, 1, 0, 0
88812, 17561376, 1, 0, 0
88913, 22123872, 1, 0, 0
89018, 21702353, 1, 0, 0
89100, 24820104, 1, 0, 0
89200, 22226848, 1, 0, 0
89302, 22638788, 1, 0, 0
89402, 21752376, 1, 0, 0
89510, 25840286, 1, 0, 0
89618, 24862556, 1, 0, 0
89703, 27882459, 1, 0, 0
89803, 24063950, 1, 0, 0
89918, 37950387, 1, 0, 0
90020, 83780611, 1, 0, 0
90020, 91815791, 1, 0, 0
