135, 67399403, 1, 0, 0
240, 59257030, 1, 0, 0
317, 87100407, 1, 0, 0
450, 65790464, 1, 0, 0
511, 54443848, 1, 0, 0
624, 53970508, 1, 0, 0
705, 30590496, 1, 0, 0
804, 19803638, 1, 0, 0
913, 21905961, 1, 0, 0
1011, 21467828, 1, 0, 0
1104, 25217593, 1, 0, 0
1201, 20330155, 1, 0, 0
1321, 19494198, 1, 0, 0
1421, 22022691, 1, 0, 0
1516, 21176956, 1, 0, 0
1617, 20959839, 1, 0, 0
1705, 20907049, 1, 0, 0
1811, 26037578, 1, 0, 0
1909, 21252585, 1, 0, 0
2011, 20644501, 1, 0, 0
2104, 20746603, 1, 0, 0
2206, 22734982, 1, 0, 0
2307, 20508797, 1, 0, 0
2401, 21918332, 1, 0, 0
2500, 21227946, 1, 0, 0
2602, 22394531, 1, 0, 0
2712, 20121635, 1, 0, 0
2811, 21257702, 1, 0, 0
2900, 18875964, 1, 0, 0
3004, 22421734, 1, 0, 0
3104, 22296617, 1, 0, 0
3222, 20154607, 1, 0, 0
3304, 17623450, 1, 0, 0
3409, 22893399, 1, 0, 0
3511, 33952835, 1, 0, 0
3619, 57661380, 1, 0, 0
3701, 75012202, 1, 0, 0
3833, 66874261, 1, 0, 0
3939, 60901097, 1, 0, 0
4022, 83126216, 1, 0, 0
4102, 67412333, 1, 0, 0
4209, 59830016, 1, 0, 0
4315, 39224298, 1, 0, 0
4400, 25054665, 1, 0, 0
4516, 19221173, 1, 0, 0
4601, 23167914, 1, 0, 0
4717, 22090893, 1, 0, 0
4811, 27982113, 1, 0, 0
4922, 23197522, 1, 0, 0
5006, 17858105, 1, 0, 0
5105, 19924642, 1, 0, 0
5216, 21776364, 1, 0, 0
5314, 18813156, 1, 0, 0
5411, 22735658, 1, 0, 0
5516, 19169034, 1, 0, 0
5602, 22667023, 1, 0, 0
5709, 25918237, 1, 0, 0
5822, 19410490, 1, 0, 0
5912, 24458984, 1, 0, 0
6006, 15374753, 1, 0, 0
6111, 21842929, 1, 0, 0
6224, 20446133, 1, 0, 0
6301, 26078235, 1, 0, 0
6411, 23091817, 1, 0, 0
6519, 26268556, 1, 0, 0
6605, 22416109, 1, 0, 0
6702, 23467606, 1, 0, 0
6819, 23120416, 1, 0, 0
6912, 33621350, 1, 0, 0
7014, 43311316, 1, 0, 0
7184, 55787202, 1, 0, 0
7278, 78526389, 1, 0, 0
7334, 84834618, 1, 0, 0
7402, 124017640, 1, 0, 0
7579, 79094300, 1, 0, 0
7669, 87962014, 1, 0, 0
7733, 84283956, 1, 0, 0
7849, 91101149, 1, 0, 0
7930, 53178255, 1, 0, 0
8004, 69844359, 1, 0, 0
8100, 34304737, 1, 0, 0
8202, 33238448, 1, 0, 0
8305, 20383916, 1, 0, 0
8413, 22998419, 1, 0, 0
8514, 21102102, 1, 0, 0
8612, 21469536, 1, 0, 0
8711, 19217663, 1, 0, 0
8807, 23739897, 1, 0, 0
8918, 23803269, 1, 0, 0
9012, 20090959, 1, 0, 0
9117, 26731208, 1, 0, 0
9204, 25294285, 1, 0, 0
9312, 25347045, 1, 0, 0
9415, 20502785, 1, 0, 0
9506, 24845037, 1, 0, 0
9614, 22169648, 1, 0, 0
9718, 22853332, 1, 0, 0
9820, 20400159, 1, 0, 0
9905, 19622251, 1, 0, 0
10001, 20480653, 1, 0, 0
10100, 21500730, 1, 0, 0
10225, 21319269, 1, 0, 0
10303, 104809011, 1, 0, 0
10451, 69806851, 1, 0, 0
10531, 72862547, 1, 0, 0
10658, 79172995, 1, 0, 0
10710, 91243358, 1, 0, 0
10809, 57847042, 1, 0, 0
10909, 65838265, 1, 0, 0
11016, 94313698, 1, 0, 0
11111, 23646153, 1, 0, 0
11215, 22549473, 1, 0, 0
11321, 20750903, 1, 0, 0
11409, 22478023, 1, 0, 0
11517, 23264641, 1, 0, 0
11611, 28529459, 1, 0, 0
11700, 17622521, 1, 0, 0
11808, 27309175, 1, 0, 0
11900, 23133076, 1, 0, 0
12005, 22472013, 1, 0, 0
12109, 20684298, 1, 0, 0
12223, 24484661, 1, 0, 0
12306, 22738709, 1, 0, 0
12411, 22157491, 1, 0, 0
12513, 24636176, 1, 0, 0
12602, 23953454, 1, 0, 0
12714, 23288267, 1, 0, 0
12801, 23911801, 1, 0, 0
12904, 26160997, 1, 0, 0
13002, 19675247, 1, 0, 0
13115, 22997594, 1, 0, 0
13212, 17915462, 1, 0, 0
13306, 24712632, 1, 0, 0
13414, 24927516, 1, 0, 0
13505, 15792987, 1, 0, 0
13613, 21011658, 1, 0, 0
13704, 17468796, 1, 0, 0
13800, 16648370, 1, 0, 0
13931, 17410173, 1, 0, 0
14033, 39660206, 1, 0, 0
14139, 79913532, 1, 0, 0
14245, 48010843, 1, 0, 0
14352, 44905403, 1, 0, 0
14404, 47619884, 1, 0, 0
14516, 61139514, 1, 0, 0
14633, 64398915, 1, 0, 0
14739, 52835442, 1, 0, 0
14817, 23714244, 1, 0, 0
14904, 17831103, 1, 0, 0
15012, 21106330, 1, 0, 0
15108, 19296248, 1, 0, 0
15203, 18407865, 1, 0, 0
15300, 19065078, 1, 0, 0
15401, 17907072, 1, 0, 0
15511, 18644329, 1, 0, 0
15604, 17022135, 1, 0, 0
15715, 18168393, 1, 0, 0
15800, 19101367, 1, 0, 0
15900, 19416526, 1, 0, 0
16009, 17560190, 1, 0, 0
16100, 17077713, 1, 0, 0
16202, 17934557, 1, 0, 0
16300, 18496790, 1, 0, 0
16415, 19488923, 1, 0, 0
16516, 19587905, 1, 0, 0
16607, 18728057, 1, 0, 0
16707, 16741757, 1, 0, 0
16800, 18848157, 1, 0, 0
16910, 17586389, 1, 0, 0
17009, 18836490, 1, 0, 0
17102, 21219031, 1, 0, 0
17204, 25960189, 1, 0, 0
17303, 26678835, 1, 0, 0
17402, 29005957, 1, 0, 0
17513, 25925400, 1, 0, 0
17609, 29232029, 1, 0, 0
17716, 90923275, 1, 0, 0
17823, 88988548, 1, 0, 0
17924, 91526535, 1, 0, 0
18023, 87334207, 1, 0, 0
18128, 88502832, 1, 0, 0
18228, 86226545, 1, 0, 0
18314, 79524072, 1, 0, 0
18413, 74616959, 1, 0, 0
18503, 36061924, 1, 0, 0
18611, 25770481, 1, 0, 0
18702, 26574631, 1, 0, 0
18807, 25995020, 1, 0, 0
18905, 25478328, 1, 0, 0
19006, 24575398, 1, 0, 0
19112, 28217634, 1, 0, 0
19202, 29687821, 1, 0, 0
19309, 26705270, 1, 0, 0
19417, 25820951, 1, 0, 0
19507, 26606601, 1, 0, 0
19607, 26575963, 1, 0, 0
19715, 27074015, 1, 0, 0
19810, 27657727, 1, 0, 0
19906, 26511885, 1, 0, 0
20000, 26692913, 1, 0, 0
20110, 26959319, 1, 0, 0
20203, 26840435, 1, 0, 0
20311, 25150863, 1, 0, 0
20402, 24925938, 1, 0, 0
20507, 25441327, 1, 0, 0
20605, 26298902, 1, 0, 0
20711, 25245813, 1, 0, 0
20800, 26160548, 1, 0, 0
20908, 27367624, 1, 0, 0
21001, 23233422, 1, 0, 0
21108, 25742115, 1, 0, 0
21200, 27566594, 1, 0, 0
21304, 33171742, 1, 0, 0
21405, 82658375, 1, 0, 0
21511, 87924051, 1, 0, 0
21616, 91078452, 1, 0, 0
21716, 86172102, 1, 0, 0
21829, 91835683, 1, 0, 0
21941, 99082493, 1, 0, 0
22041, 94419799, 1, 0, 0
22106, 35303361, 1, 0, 0
22215, 28251256, 1, 0, 0
22311, 25068821, 1, 0, 0
22407, 26535080, 1, 0, 0
22513, 26502415, 1, 0, 0
22609, 26814930, 1, 0, 0
22705, 24840709, 1, 0, 0
22820, 23599803, 1, 0, 0
22925, 22160924, 1, 0, 0
23003, 25869470, 1, 0, 0
23108, 18925772, 1, 0, 0
23213, 21522295, 1, 0, 0
23308, 21183762, 1, 0, 0
23407, 22314485, 1, 0, 0
23516, 24283224, 1, 0, 0
23607, 25159101, 1, 0, 0
23708, 19724810, 1, 0, 0
23811, 20088100, 1, 0, 0
23921, 23101520, 1, 0, 0
24026, 22257903, 1, 0, 0
24104, 22380411, 1, 0, 0
24207, 23415866, 1, 0, 0
24317, 22732497, 1, 0, 0
24420, 22873857, 1, 0, 0
24500, 24458530, 1, 0, 0
24602, 22003892, 1, 0, 0
24719, 16631768, 1, 0, 0
24821, 22428101, 1, 0, 0
24900, 31308865, 1, 0, 0
25022, 43276847, 1, 0, 0
25151, 66308618, 1, 0, 0
25234, 134997591, 1, 0, 0
25359, 70615563, 1, 0, 0
25438, 69338619, 1, 0, 0
25565, 78740033, 1, 0, 0
25612, 89796912, 1, 0, 0
25713, 50582409, 1, 0, 0
25805, 26951289, 1, 0, 0
25900, 21613285, 1, 0, 0
26004, 20818584, 1, 0, 0
26107, 21503943, 1, 0, 0
26211, 23194050, 1, 0, 0
26306, 19773382, 1, 0, 0
26412, 22344158, 1, 0, 0
26521, 23185092, 1, 0, 0
26601, 26033601, 1, 0, 0
26712, 23859913, 1, 0, 0
26811, 22322653, 1, 0, 0
26914, 23861849, 1, 0, 0
27004, 20223812, 1, 0, 0
27117, 21740696, 1, 0, 0
27210, 22505555, 1, 0, 0
27300, 23342057, 1, 0, 0
27408, 22601768, 1, 0, 0
27515, 23308009, 1, 0, 0
27617, 23753761, 1, 0, 0
27716, 31867203, 1, 0, 0
27815, 22377961, 1, 0, 0
27917, 23158352, 1, 0, 0
28027, 21797204, 1, 0, 0
28110, 23013058, 1, 0, 0
28219, 26588924, 1, 0, 0
28307, 25195111, 1, 0, 0
28414, 19802023, 1, 0, 0
28500, 22883580, 1, 0, 0
28676, 21373072, 1, 0, 0
28728, 80489300, 1, 0, 0
28809, 49126076, 1, 0, 0
28941, 71549236, 1, 0, 0
29021, 133246772, 1, 0, 0
29154, 71626088, 1, 0, 0
29234, 72356897, 1, 0, 0
29351, 77840328, 1, 0, 0
29464, 63145777, 1, 0, 0
29508, 37671648, 1, 0, 0
29600, 28394051, 1, 0, 0
29704, 22126278, 1, 0, 0
29806, 29893302, 1, 0, 0
29917, 23682927, 1, 0, 0
30022, 23334876, 1, 0, 0
30106, 26616636, 1, 0, 0
30201, 23280500, 1, 0, 0
30315, 20666462, 1, 0, 0
30402, 20568449, 1, 0, 0
30506, 23093563, 1, 0, 0
30600, 27738513, 1, 0, 0
30700, 20440237, 1, 0, 0
30806, 27077793, 1, 0, 0
30921, 27846322, 1, 0, 0
31002, 22256343, 1, 0, 0
31115, 22168703, 1, 0, 0
31204, 27566180, 1, 0, 0
31319, 23494608, 1, 0, 0
31402, 21703487, 1, 0, 0
31503, 23193930, 1, 0, 0
31602, 23149590, 1, 0, 0
31717, 24248777, 1, 0, 0
31820, 43622875, 1, 0, 0
31924, 43350504, 1, 0, 0
32011, 42327572, 1, 0, 0
32159, 52270127, 1, 0, 0
32213, 98941082, 1, 0, 0
32339, 64627186, 1, 0, 0
32412, 107556773, 1, 0, 0
32546, 123356384, 1, 0, 0
32617, 132307069, 1, 0, 0
32739, 103149230, 1, 0, 0
32838, 117853733, 1, 0, 0
32901, 161824850, 1, 0, 0
33016, 65715269, 1, 0, 0
33101, 25998080, 1, 0, 0
33214, 25402371, 1, 0, 0
33310, 28908994, 1, 0, 0
33414, 25542748, 1, 0, 0
33512, 28508300, 1, 0, 0
33606, 25693540, 1, 0, 0
33702, 29165471, 1, 0, 0
33801, 25755512, 1, 0, 0
33907, 27028183, 1, 0, 0
34008, 25895886, 1, 0, 0
34100, 25844826, 1, 0, 0
34206, 25395926, 1, 0, 0
34314, 26749324, 1, 0, 0
34405, 27695024, 1, 0, 0
34508, 26354650, 1, 0, 0
34615, 24872907, 1, 0, 0
34701, 26060311, 1, 0, 0
34810, 26117272, 1, 0, 0
34905, 26732517, 1, 0, 0
35012, 25636769, 1, 0, 0
35104, 27181182, 1, 0, 0
35212, 26171154, 1, 0, 0
35306, 26852339, 1, 0, 0
35440, 26950545, 1, 0, 0
35532, 81953084, 1, 0, 0
35637, 80955949, 1, 0, 0
35745, 91799071, 1, 0, 0
35801, 110349725, 1, 0, 0
35908, 93624330, 1, 0, 0
36012, 91518451, 1, 0, 0
36119, 90030301, 1, 0, 0
36210, 87002424, 1, 0, 0
36305, 40445812, 1, 0, 0
36415, 26316884, 1, 0, 0
36508, 27076417, 1, 0, 0
36602, 26547319, 1, 0, 0
36710, 27116318, 1, 0, 0
36807, 26996312, 1, 0, 0
36904, 27444595, 1, 0, 0
37007, 27740658, 1, 0, 0
37114, 25706135, 1, 0, 0
37205, 25983810, 1, 0, 0
37315, 26392435, 1, 0, 0
37419, 29158848, 1, 0, 0
37502, 26842182, 1, 0, 0
37611, 25945228, 1, 0, 0
37703, 26184429, 1, 0, 0
37810, 25090882, 1, 0, 0
37904, 26152905, 1, 0, 0
38009, 26028924, 1, 0, 0
38104, 26014976, 1, 0, 0
38208, 25898861, 1, 0, 0
38302, 21225797, 1, 0, 0
38400, 22836239, 1, 0, 0
38500, 25219990, 1, 0, 0
38614, 24703974, 1, 0, 0
38715, 27025982, 1, 0, 0
38804, 26614994, 1, 0, 0
38909, 20889013, 1, 0, 0
39005, 26321519, 1, 0, 0
39111, 27113205, 1, 0, 0
39209, 81375320, 1, 0, 0
39311, 87769969, 1, 0, 0
39419, 91745710, 1, 0, 0
39526, 91156656, 1, 0, 0
39631, 66687475, 1, 0, 0
39732, 89530389, 1, 0, 0
39837, 69943375, 1, 0, 0
39912, 91436732, 1, 0, 0
40003, 23770162, 1, 0, 0
40108, 23805224, 1, 0, 0
40202, 25351081, 1, 0, 0
40301, 25316640, 1, 0, 0
40412, 24313290, 1, 0, 0
40510, 25337220, 1, 0, 0
40617, 24026734, 1, 0, 0
40703, 24978022, 1, 0, 0
40811, 23467421, 1, 0, 0
40900, 26008797, 1, 0, 0
41003, 25457830, 1, 0, 0
41110, 24986491, 1, 0, 0
41203, 25659612, 1, 0, 0
41306, 25146766, 1, 0, 0
41400, 24612080, 1, 0, 0
41502, 25874339, 1, 0, 0
41606, 24738903, 1, 0, 0
41702, 26316289, 1, 0, 0
41807, 22781548, 1, 0, 0
41907, 26257930, 1, 0, 0
42003, 23416608, 1, 0, 0
42114, 24923079, 1, 0, 0
42206, 23842801, 1, 0, 0
42314, 27321425, 1, 0, 0
42400, 25829443, 1, 0, 0
42513, 24696272, 1, 0, 0
42618, 27418658, 1, 0, 0
42704, 19373914, 1, 0, 0
42843, 35818669, 1, 0, 0
42921, 76727331, 1, 0, 0
43002, 64852217, 1, 0, 0
43105, 58651386, 1, 0, 0
43239, 86077392, 1, 0, 0
43327, 60834811, 1, 0, 0
43439, 60953959, 1, 0, 0
43511, 51751231, 1, 0, 0
43601, 28321548, 1, 0, 0
43713, 26053097, 1, 0, 0
43810, 21074482, 1, 0, 0
43918, 28019675, 1, 0, 0
44014, 19876487, 1, 0, 0
44101, 22652500, 1, 0, 0
44205, 20479972, 1, 0, 0
44307, 21224373, 1, 0, 0
44402, 20288563, 1, 0, 0
44510, 19662968, 1, 0, 0
44601, 24110417, 1, 0, 0
44700, 20570487, 1, 0, 0
44803, 22892315, 1, 0, 0
44908, 23050453, 1, 0, 0
45006, 23755768, 1, 0, 0
45105, 17897724, 1, 0, 0
45213, 21807048, 1, 0, 0
45307, 20594402, 1, 0, 0
45411, 22242462, 1, 0, 0
45518, 22511402, 1, 0, 0
45605, 22241373, 1, 0, 0
45700, 20685558, 1, 0, 0
45802, 21964715, 1, 0, 0
45912, 24765051, 1, 0, 0
46007, 21959089, 1, 0, 0
46100, 23169208, 1, 0, 0
46206, 23376372, 1, 0, 0
46301, 20652641, 1, 0, 0
46408, 23094636, 1, 0, 0
46508, 25998637, 1, 0, 0
46614, 57085624, 1, 0, 0
46730, 99333513, 1, 0, 0
46821, 86598866, 1, 0, 0
46946, 63642199, 1, 0, 0
47025, 54921159, 1, 0, 0
47129, 58554101, 1, 0, 0
47224, 71251905, 1, 0, 0
47316, 44006476, 1, 0, 0
47410, 35614629, 1, 0, 0
47503, 25767798, 1, 0, 0
47615, 29061313, 1, 0, 0
47718, 24303033, 1, 0, 0
47810, 29209084, 1, 0, 0
47909, 25198401, 1, 0, 0
48009, 25813222, 1, 0, 0
48100, 30195591, 1, 0, 0
48213, 25084196, 1, 0, 0
48309, 23688229, 1, 0, 0
48403, 23880018, 1, 0, 0
48502, 23074586, 1, 0, 0
48616, 27055761, 1, 0, 0
48710, 26871285, 1, 0, 0
48807, 27129095, 1, 0, 0
48907, 25136962, 1, 0, 0
49000, 29602858, 1, 0, 0
49111, 28470371, 1, 0, 0
49201, 25484236, 1, 0, 0
49306, 27759026, 1, 0, 0
49418, 27048750, 1, 0, 0
49501, 27037129, 1, 0, 0
49609, 24724831, 1, 0, 0
49707, 27563497, 1, 0, 0
49819, 25544502, 1, 0, 0
49907, 27586467, 1, 0, 0
50002, 24712354, 1, 0, 0
50115, 25179046, 1, 0, 0
50218, 54771966, 1, 0, 0
50323, 88661871, 1, 0, 0
50429, 90155945, 1, 0, 0
50532, 89911029, 1, 0, 0
50638, 89501760, 1, 0, 0
50740, 89859569, 1, 0, 0
50831, 84834946, 1, 0, 0
50921, 60556636, 1, 0, 0
51011, 33378924, 1, 0, 0
51108, 22864525, 1, 0, 0
51216, 24242583, 1, 0, 0
51308, 25328439, 1, 0, 0
51415, 26012941, 1, 0, 0
51500, 25421689, 1, 0, 0
51607, 23155306, 1, 0, 0
51712, 28747772, 1, 0, 0
51815, 32616156, 1, 0, 0
51918, 43816582, 1, 0, 0
52020, 44204500, 1, 0, 0
52114, 42116608, 1, 0, 0
52214, 39309228, 1, 0, 0
52312, 43357588, 1, 0, 0
52435, 33027794, 1, 0, 0
52509, 38950897, 1, 0, 0
52606, 24164897, 1, 0, 0
52711, 25442027, 1, 0, 0
52815, 21620554, 1, 0, 0
52921, 21998215, 1, 0, 0
53005, 21404941, 1, 0, 0
53118, 21719678, 1, 0, 0
53200, 22406715, 1, 0, 0
53312, 22348737, 1, 0, 0
53413, 52052281, 1, 0, 0
53522, 71199738, 1, 0, 0
53603, 134736607, 1, 0, 0
53735, 72769148, 1, 0, 0
53820, 65246702, 1, 0, 0
53908, 70547507, 1, 0, 0
54054, 88822581, 1, 0, 0
54113, 104296085, 1, 0, 0
54204, 31244044, 1, 0, 0
54320, 21117885, 1, 0, 0
54404, 22184604, 1, 0, 0
54517, 21752429, 1, 0, 0
54608, 23404987, 1, 0, 0
54710, 22342362, 1, 0, 0
54805, 28498051, 1, 0, 0
54910, 17490983, 1, 0, 0
55003, 21685757, 1, 0, 0
55117, 24073376, 1, 0, 0
55217, 25278352, 1, 0, 0
55321, 21752141, 1, 0, 0
55423, 21468729, 1, 0, 0
55512, 20997302, 1, 0, 0
55600, 25048674, 1, 0, 0
55713, 16804966, 1, 0, 0
55823, 23330473, 1, 0, 0
55903, 22457462, 1, 0, 0
56000, 22691690, 1, 0, 0
56106, 20580327, 1, 0, 0
56207, 25501721, 1, 0, 0
56301, 18290424, 1, 0, 0
56414, 23145038, 1, 0, 0
56516, 22282280, 1, 0, 0
56618, 21507787, 1, 0, 0
56700, 22228337, 1, 0, 0
56807, 23351987, 1, 0, 0
56901, 20283348, 1, 0, 0
57043, 26090759, 1, 0, 0
57143, 57037479, 1, 0, 0
57220, 84974721, 1, 0, 0
57352, 65356314, 1, 0, 0
57420, 47711326, 1, 0, 0
57555, 74623168, 1, 0, 0
57639, 67082406, 1, 0, 0
57743, 60834888, 1, 0, 0
57804, 62690749, 1, 0, 0
57906, 22141686, 1, 0, 0
58008, 23240754, 1, 0, 0
58105, 19648602, 1, 0, 0
58211, 20386872, 1, 0, 0
58300, 20308305, 1, 0, 0
58416, 20452503, 1, 0, 0
58518, 19990932, 1, 0, 0
58608, 21018345, 1, 0, 0
58711, 20168757, 1, 0, 0
58805, 25703307, 1, 0, 0
58900, 20531580, 1, 0, 0
59018, 20315898, 1, 0, 0
59103, 20503964, 1, 0, 0
59219, 24362265, 1, 0, 0
59305, 21664715, 1, 0, 0
59401, 22366371, 1, 0, 0
59502, 20063109, 1, 0, 0
59601, 21511630, 1, 0, 0
59712, 22244827, 1, 0, 0
59808, 19405778, 1, 0, 0
59903, 20619618, 1, 0, 0
60023, 20467316, 1, 0, 0
60106, 19509058, 1, 0, 0
60208, 22345635, 1, 0, 0
60320, 19244718, 1, 0, 0
60414, 21295926, 1, 0, 0
60508, 18276318, 1, 0, 0
60607, 24539144, 1, 0, 0
60742, 40754514, 1, 0, 0
60850, 59653247, 1, 0, 0
60910, 79679658, 1, 0, 0
61026, 45813997, 1, 0, 0
61132, 58721985, 1, 0, 0
61209, 87352395, 1, 0, 0
61344, 67804234, 1, 0, 0
61449, 58213475, 1, 0, 0
61503, 56322193, 1, 0, 0
61611, 22201334, 1, 0, 0
61715, 21212394, 1, 0, 0
61809, 20140062, 1, 0, 0
61908, 20883217, 1, 0, 0
62019, 20561070, 1, 0, 0
62106, 23052971, 1, 0, 0
62218, 21648225, 1, 0, 0
62316, 22674002, 1, 0, 0
62411, 21341057, 1, 0, 0
62511, 23553986, 1, 0, 0
62604, 27758388, 1, 0, 0
62707, 22572211, 1, 0, 0
62804, 20411443, 1, 0, 0
62901, 18373317, 1, 0, 0
63021, 28521550, 1, 0, 0
63119, 21349802, 1, 0, 0
63205, 23822030, 1, 0, 0
63308, 24522878, 1, 0, 0
63422, 24254674, 1, 0, 0
63515, 27831171, 1, 0, 0
63604, 20614742, 1, 0, 0
63712, 23531384, 1, 0, 0
63801, 22253997, 1, 0, 0
63915, 15760528, 1, 0, 0
64000, 23055751, 1, 0, 0
64106, 21583192, 1, 0, 0
64210, 21758619, 1, 0, 0
64349, 20826726, 1, 0, 0
64420, 53978047, 1, 0, 0
64549, 69712453, 1, 0, 0
64605, 67488455, 1, 0, 0
64720, 86650520, 1, 0, 0
64812, 56680264, 1, 0, 0
64900, 74452384, 1, 0, 0
65005, 84828320, 1, 0, 0
65120, 62231369, 1, 0, 0
65210, 34434935, 1, 0, 0
65324, 19280103, 1, 0, 0
65414, 23859906, 1, 0, 0
65501, 21020040, 1, 0, 0
65600, 19828472, 1, 0, 0
65714, 18036774, 1, 0, 0
65808, 21433604, 1, 0, 0
65903, 18630176, 1, 0, 0
66013, 27112841, 1, 0, 0
66104, 25084468, 1, 0, 0
66200, 25172953, 1, 0, 0
66313, 25667432, 1, 0, 0
66412, 26546587, 1, 0, 0
66511, 27829293, 1, 0, 0
66600, 26490166, 1, 0, 0
66710, 25200918, 1, 0, 0
66803, 25740640, 1, 0, 0
66911, 24124165, 1, 0, 0
67002, 23719161, 1, 0, 0
67109, 24071457, 1, 0, 0
67209, 29237590, 1, 0, 0
67312, 25528113, 1, 0, 0
67407, 27846086, 1, 0, 0
67500, 25366947, 1, 0, 0
67607, 25543112, 1, 0, 0
67715, 27034700, 1, 0, 0
67803, 26283105, 1, 0, 0
67911, 25614973, 1, 0, 0
68052, 45795641, 1, 0, 0
68102, 103794724, 1, 0, 0
68207, 89047704, 1, 0, 0
68313, 89778841, 1, 0, 0
68416, 80457554, 1, 0, 0
68519, 88587177, 1, 0, 0
68625, 81966621, 1, 0, 0
68710, 56017792, 1, 0, 0
68806, 74646661, 1, 0, 0
68902, 35549138, 1, 0, 0
69020, 27848624, 1, 0, 0
69109, 26582108, 1, 0, 0
69201, 23051172, 1, 0, 0
69320, 26898468, 1, 0, 0
69403, 27778692, 1, 0, 0
69514, 25657631, 1, 0, 0
69610, 29441124, 1, 0, 0
69707, 25728564, 1, 0, 0
69806, 25594823, 1, 0, 0
69909, 26388655, 1, 0, 0
70000, 24524830, 1, 0, 0
70108, 26656292, 1, 0, 0
70203, 21621460, 1, 0, 0
70314, 27782364, 1, 0, 0
70404, 25847760, 1, 0, 0
70506, 27239475, 1, 0, 0
70602, 27003872, 1, 0, 0
70712, 26964008, 1, 0, 0
70803, 24575960, 1, 0, 0
70911, 23906865, 1, 0, 0
71012, 24419975, 1, 0, 0
71108, 26796873, 1, 0, 0
71200, 26849128, 1, 0, 0
71305, 23874117, 1, 0, 0
71402, 25891999, 1, 0, 0
71511, 26945417, 1, 0, 0
71600, 26690251, 1, 0, 0
71728, 33102750, 1, 0, 0
71831, 65697909, 1, 0, 0
71936, 88633547, 1, 0, 0
72038, 88954186, 1, 0, 0
72150, 88805969, 1, 0, 0
72244, 92338858, 1, 0, 0
72342, 82858350, 1, 0, 0
72424, 60094588, 1, 0, 0
72501, 71518972, 1, 0, 0
72610, 29237571, 1, 0, 0
72718, 24821241, 1, 0, 0
72803, 22722479, 1, 0, 0
72910, 25850611, 1, 0, 0
73003, 24873318, 1, 0, 0
73111, 24762139, 1, 0, 0
73204, 26156266, 1, 0, 0
73314, 26070048, 1, 0, 0
73404, 25273550, 1, 0, 0
73500, 26228658, 1, 0, 0
73606, 23317898, 1, 0, 0
73703, 29309496, 1, 0, 0
73808, 23653004, 1, 0, 0
73903, 26559736, 1, 0, 0
74016, 26093707, 1, 0, 0
74107, 24310970, 1, 0, 0
74200, 26565443, 1, 0, 0
74301, 24808366, 1, 0, 0
74403, 27230319, 1, 0, 0
74511, 25796277, 1, 0, 0
74611, 26180249, 1, 0, 0
74702, 26176884, 1, 0, 0
74811, 23125648, 1, 0, 0
74905, 26696011, 1, 0, 0
75005, 24634527, 1, 0, 0
75112, 27635395, 1, 0, 0
75212, 25538949, 1, 0, 0
75301, 25702700, 1, 0, 0
75443, 28001001, 1, 0, 0
75544, 86404205, 1, 0, 0
75604, 85688526, 1, 0, 0
75704, 86356971, 1, 0, 0
75847, 86389801, 1, 0, 0
75950, 87431797, 1, 0, 0
76010, 87154554, 1, 0, 0
76131, 79645638, 1, 0, 0
76202, 72527556, 1, 0, 0
76310, 33087093, 1, 0, 0
76412, 25438312, 1, 0, 0
76506, 27039929, 1, 0, 0
76608, 25910041, 1, 0, 0
76707, 22809049, 1, 0, 0
76817, 19122120, 1, 0, 0
76907, 26666455, 1, 0, 0
77010, 25458846, 1, 0, 0
77118, 25200420, 1, 0, 0
77204, 24698196, 1, 0, 0
77311, 22702990, 1, 0, 0
77411, 25007066, 1, 0, 0
77504, 22168225, 1, 0, 0
77602, 27171440, 1, 0, 0
77708, 24708816, 1, 0, 0
77812, 27087281, 1, 0, 0
77907, 26212299, 1, 0, 0
78009, 41713707, 1, 0, 0
78116, 25295803, 1, 0, 0
78201, 24737369, 1, 0, 0
78308, 26873132, 1, 0, 0
78416, 26642889, 1, 0, 0
78511, 25379467, 1, 0, 0
78602, 26148952, 1, 0, 0
78706, 25429430, 1, 0, 0
78805, 29194863, 1, 0, 0
78919, 26970729, 1, 0, 0
79002, 29719224, 1, 0, 0
79104, 66597951, 1, 0, 0
79208, 89618553, 1, 0, 0
79309, 85571964, 1, 0, 0
79411, 85547386, 1, 0, 0
79512, 88890466, 1, 0, 0
79616, 52192027, 1, 0, 0
79713, 56370117, 1, 0, 0
79840, 75279362, 1, 0, 0
79907, 37861548, 1, 0, 0
80010, 23895232, 1, 0, 0
80104, 24379267, 1, 0, 0
80207, 27416719, 1, 0, 0
80310, 26310685, 1, 0, 0
80416, 25367321, 1, 0, 0
80510, 31960828, 1, 0, 0
80606, 28135029, 1, 0, 0
80702, 28888546, 1, 0, 0
80806, 26426464, 1, 0, 0
80911, 24307119, 1, 0, 0
81007, 23771189, 1, 0, 0
81109, 21380607, 1, 0, 0
81213, 24555507, 1, 0, 0
81302, 24938197, 1, 0, 0
81421, 20056240, 1, 0, 0
81505, 20599630, 1, 0, 0
81610, 30177704, 1, 0, 0
81711, 19999119, 1, 0, 0
81814, 21369821, 1, 0, 0
81912, 23833134, 1, 0, 0
82004, 22991855, 1, 0, 0
82128, 28660039, 1, 0, 0
82203, 21277703, 1, 0, 0
82312, 24578919, 1, 0, 0
82418, 22856284, 1, 0, 0
82511, 21975235, 1, 0, 0
82629, 19869988, 1, 0, 0
82760, 51451972, 1, 0, 0
82813, 93921603, 1, 0, 0
82902, 50293168, 1, 0, 0
83023, 69903434, 1, 0, 0
83102, 130719049, 1, 0, 0
83279, 87982192, 1, 0, 0
83305, 76264050, 1, 0, 0
83443, 76674058, 1, 0, 0
83507, 41690408, 1, 0, 0
83602, 30009471, 1, 0, 0
83704, 22035555, 1, 0, 0
83800, 21082430, 1, 0, 0
83905, 24077125, 1, 0, 0
84018, 23216107, 1, 0, 0
84105, 20121343, 1, 0, 0
84202, 28521807, 1, 0, 0
84303, 20454416, 1, 0, 0
84400, 22831772, 1, 0, 0
84510, 24755342, 1, 0, 0
84603, 32387290, 1, 0, 0
84722, 28401323, 1, 0, 0
84800, 24295872, 1, 0, 0
84903, 22724003, 1, 0, 0
85004, 22297742, 1, 0, 0
85113, 23337370, 1, 0, 0
85204, 24533109, 1, 0, 0
85301, 24498839, 1, 0, 0
85407, 23172403, 1, 0, 0
85501, 25632284, 1, 0, 0
85600, 23267126, 1, 0, 0
85713, 24567101, 1, 0, 0
85819, 32071268, 1, 0, 0
85901, 23077332, 1, 0, 0
86013, 23725705, 1, 0, 0
86117, 23953584, 1, 0, 0
86206, 24821213, 1, 0, 0
86356, 32892180, 1, 0, 0
86409, 99588039, 1, 0, 0
86535, 96434889, 1, 0, 0
86614, 47422030, 1, 0, 0
86743, 70485396, 1, 0, 0
86819, 126176109, 1, 0, 0
86945, 70518208, 1, 0, 0
87011, 61220635, 1, 0, 0
87122, 67984875, 1, 0, 0
87200, 33482305, 1, 0, 0
87311, 27753668, 1, 0, 0
87413, 17132328, 1, 0, 0
87507, 36454643, 1, 0, 0
87609, 24847140, 1, 0, 0
87716, 22399785, 1, 0, 0
87810, 26499074, 1, 0, 0
87914, 22700326, 1, 0, 0
88006, 22916037, 1, 0, 0
88113, 22881636, 1, 0, 0
88222, 29381893, 1, 0, 0
88301, 19021632, 1, 0, 0
88415, 23951117, 1, 0, 0
88522, 26111220, 1, 0, 0
88619, 20566238, 1, 0, 0
88700, 20997986, 1, 0, 0
88805, 20324719, 1, 0, 0
88907, 21603713, 1, 0, 0
89000, 20423735, 1, 0, 0
89106, 21993292, 1, 0, 0
89211, 19673739, 1, 0, 0
89319, 23433112, 1, 0, 0
89404, 20889812, 1, 0, 0
89509, 21442342, 1, 0, 0
89618, 24607515, 1, 0, 0
89700, 19994083, 1, 0, 0
89811, 23542572, 1, 0, 0
89948, 30758879, 1, 0, 0
90002, 68580250, 1, 0, 0
90077, 128325627, 1, 0, 0
