100, 160, 1, 0, 0
200, 190, 1, 0, 0
300, 160, 1, 0, 0
400, 160, 1, 0, 0
499, 161, 1, 0, 0
599, 130, 1, 0, 0
699, 150, 1, 0, 0
799, 160, 1, 0, 0
899, 160, 1, 0, 0
999, 130, 1, 0, 0
1099, 150, 1, 0, 0
1199, 160, 1, 0, 0
1299, 160, 1, 0, 0
1399, 160, 1, 0, 0
1499, 160, 1, 0, 0
1599, 200, 1, 0, 0
1700, 200, 1, 0, 0
1800, 200, 1, 0, 0
1900, 50, 1, 0, 0
1999, 70, 1, 0, 0
2099, 50, 1, 0, 0
2199, 70, 1, 0, 0
2299, 50, 1, 0, 0
2399, 80, 1, 0, 0
2499, 110, 1, 0, 0
2599, 170, 1, 0, 0
2699, 190, 1, 0, 0
2799, 200, 1, 0, 0
2899, 200, 1, 0, 0
2999, 170, 1, 0, 0
3099, 190, 1, 0, 0
3199, 200, 1, 0, 0
3300, 200, 1, 0, 0
3400, 200, 1, 0, 0
3500, 200, 1, 0, 0
3600, 200, 1, 0, 0
3700, 120, 1, 0, 0
3800, 170, 1, 0, 0
3900, 200, 1, 0, 0
3999, 191, 1, 0, 0
4099, 170, 1, 0, 0
4199, 190, 1, 0, 0
4299, 160, 1, 0, 0
4399, 200, 1, 0, 0
4499, 200, 1, 0, 0
4599, 170, 1, 0, 0
4699, 190, 1, 0, 0
4799, 160, 1, 0, 0
4899, 160, 1, 0, 0
5000, 120, 1, 0, 0
5100, 160, 1, 0, 0
5200, 160, 1, 0, 0
5300, 160, 1, 0, 0
5400, 140, 1, 0, 0
5499, 161, 1, 0, 0
5599, 140, 1, 0, 0
5699, 150, 1, 0, 0
5799, 50, 1, 0, 0
5899, 50, 1, 0, 0
5999, 50, 1, 0, 0
6099, 50, 1, 0, 0
6199, 50, 1, 0, 0
6299, 50, 1, 0, 0
6400, 50, 1, 0, 0
6499, 101, 1, 0, 0
6599, 110, 1, 0, 0
6699, 150, 1, 0, 0
6799, 190, 1, 0, 0
6899, 150, 1, 0, 0
6999, 110, 1, 0, 0
7099, 180, 1, 0, 0
7199, 150, 1, 0, 0
7299, 150, 1, 0, 0
7399, 110, 1, 0, 0
7499, 150, 1, 0, 0
7599, 150, 1, 0, 0
7699, 190, 1, 0, 0
7800, 130, 1, 0, 0
7900, 160, 1, 0, 0
7999, 161, 1, 0, 0
8099, 190, 1, 0, 0
8199, 120, 1, 0, 0
8299, 180, 1, 0, 0
8399, 180, 1, 0, 0
8499, 120, 1, 0, 0
8599, 190, 1, 0, 0
8699, 120, 1, 0, 0
8799, 170, 1, 0, 0
8899, 150, 1, 0, 0
8999, 150, 1, 0, 0
9100, 180, 1, 0, 0
9200, 170, 1, 0, 0
9300, 150, 1, 0, 0
9400, 180, 1, 0, 0
9499, 60, 1, 0, 0
9599, 50, 1, 0, 0
9699, 50, 1, 0, 0
9799, 10, 1, 0, 0
9899, 50, 1, 0, 0
9999, 50, 1, 0, 0
10099, 50, 1, 0, 0
10199, 90, 1, 0, 0
10300, 150, 1, 0, 0
10400, 150, 1, 0, 0
10499, 181, 1, 0, 0
10599, 170, 1, 0, 0
10699, 170, 1, 0, 0
10799, 150, 1, 0, 0
10899, 170, 1, 0, 0
10999, 160, 1, 0, 0
11099, 140, 1, 0, 0
11199, 170, 1, 0, 0
11299, 170, 1, 0, 0
11399, 160, 1, 0, 0
11499, 160, 1, 0, 0
11599, 180, 1, 0, 0
11699, 150, 1, 0, 0
11800, 150, 1, 0, 0
11900, 160, 1, 0, 0
12000, 150, 1, 0, 0
12100, 150, 1, 0, 0
12200, 150, 1, 0, 0
12300, 150, 1, 0, 0
12400, 190, 1, 0, 0
12499, 111, 1, 0, 0
12599, 150, 1, 0, 0
12699, 140, 1, 0, 0
12799, 150, 1, 0, 0
12899, 110, 1, 0, 0
12999, 190, 1, 0, 0
13099, 210, 1, 0, 0
13199, 50, 1, 0, 0
13300, 50, 1, 0, 0
13400, 50, 1, 0, 0
13499, 40, 1, 0, 0
13599, 50, 1, 0, 0
13699, 50, 1, 0, 0
13799, 50, 1, 0, 0
13899, 60, 1, 0, 0
13999, 140, 1, 0, 0
14099, 190, 1, 0, 0
14199, 160, 1, 0, 0
14299, 180, 1, 0, 0
14399, 200, 1, 0, 0
14500, 150, 1, 0, 0
14600, 150, 1, 0, 0
14700, 110, 1, 0, 0
14800, 180, 1, 0, 0
14900, 150, 1, 0, 0
14999, 111, 1, 0, 0
15099, 150, 1, 0, 0
15199, 140, 1, 0, 0
15299, 150, 1, 0, 0
15399, 140, 1, 0, 0
15499, 170, 1, 0, 0
15599, 170, 1, 0, 0
15699, 160, 1, 0, 0
15799, 130, 1, 0, 0
15899, 150, 1, 0, 0
15999, 150, 1, 0, 0
16100, 140, 1, 0, 0
16200, 160, 1, 0, 0
16300, 150, 1, 0, 0
16400, 120, 1, 0, 0
16499, 151, 1, 0, 0
16599, 140, 1, 0, 0
16699, 140, 1, 0, 0
16799, 140, 1, 0, 0
16899, 60, 1, 0, 0
16999, 40, 1, 0, 0
17099, 50, 1, 0, 0
17199, 50, 1, 0, 0
17299, 50, 1, 0, 0
17399, 50, 1, 0, 0
17499, 100, 1, 0, 0
17600, 140, 1, 0, 0
17700, 150, 1, 0, 0
17800, 150, 1, 0, 0
17900, 160, 1, 0, 0
17999, 131, 1, 0, 0
18099, 170, 1, 0, 0
18199, 100, 1, 0, 0
18299, 150, 1, 0, 0
18399, 140, 1, 0, 0
18499, 110, 1, 0, 0
18599, 140, 1, 0, 0
18699, 150, 1, 0, 0
18799, 180, 1, 0, 0
18899, 180, 1, 0, 0
18999, 170, 1, 0, 0
19099, 150, 1, 0, 0
19199, 160, 1, 0, 0
19300, 120, 1, 0, 0
19400, 110, 1, 0, 0
19499, 141, 1, 0, 0
19599, 140, 1, 0, 0
19699, 140, 1, 0, 0
19799, 150, 1, 0, 0
19899, 140, 1, 0, 0
19999, 180, 1, 0, 0
20099, 130, 1, 0, 0
20199, 150, 1, 0, 0
20299, 150, 1, 0, 0
20399, 150, 1, 0, 0
20499, 150, 1, 0, 0
20599, 140, 1, 0, 0
20699, 180, 1, 0, 0
20800, 60, 1, 0, 0
20900, 50, 1, 0, 0
21000, 100, 1, 0, 0
21100, 90, 1, 0, 0
21200, 80, 1, 0, 0
21300, 40, 1, 0, 0
21400, 80, 1, 0, 0
21499, 80, 1, 0, 0
21599, 200, 1, 0, 0
21699, 200, 1, 0, 0
21799, 240, 1, 0, 0
21899, 240, 1, 0, 0
21999, 240, 1, 0, 0
22099, 240, 1, 0, 0
22199, 240, 1, 0, 0
22299, 240, 1, 0, 0
22400, 250, 1, 0, 0
22500, 270, 1, 0, 0
22600, 240, 1, 0, 0
22700, 280, 1, 0, 0
22800, 210, 1, 0, 0
22900, 230, 1, 0, 0
22999, 242, 1, 0, 0
23099, 280, 1, 0, 0
23199, 200, 1, 0, 0
23299, 240, 1, 0, 0
23399, 280, 1, 0, 0
23499, 240, 1, 0, 0
23599, 240, 1, 0, 0
23699, 240, 1, 0, 0
23800, 240, 1, 0, 0
23900, 280, 1, 0, 0
23999, 242, 1, 0, 0
24099, 240, 1, 0, 0
24199, 280, 1, 0, 0
24299, 240, 1, 0, 0
24399, 200, 1, 0, 0
24499, 80, 1, 0, 0
24599, 80, 1, 0, 0
24699, 80, 1, 0, 0
24799, 80, 1, 0, 0
24899, 80, 1, 0, 0
24999, 80, 1, 0, 0
25099, 80, 1, 0, 0
25199, 120, 1, 0, 0
25300, 280, 1, 0, 0
25400, 200, 1, 0, 0
25499, 242, 1, 0, 0
25599, 280, 1, 0, 0
25699, 240, 1, 0, 0
25799, 240, 1, 0, 0
25899, 240, 1, 0, 0
25999, 280, 1, 0, 0
26099, 180, 1, 0, 0
26199, 150, 1, 0, 0
26299, 160, 1, 0, 0
26399, 150, 1, 0, 0
26500, 140, 1, 0, 0
26600, 160, 1, 0, 0
26700, 200, 1, 0, 0
26800, 110, 1, 0, 0
26900, 150, 1, 0, 0
26999, 151, 1, 0, 0
27099, 190, 1, 0, 0
27199, 150, 1, 0, 0
27299, 180, 1, 0, 0
27399, 150, 1, 0, 0
27499, 150, 1, 0, 0
27599, 150, 1, 0, 0
27699, 190, 1, 0, 0
27799, 160, 1, 0, 0
27899, 160, 1, 0, 0
28000, 150, 1, 0, 0
28100, 150, 1, 0, 0
28200, 50, 1, 0, 0
28300, 50, 1, 0, 0
28400, 50, 1, 0, 0
28499, 50, 1, 0, 0
28599, 40, 1, 0, 0
28699, 50, 1, 0, 0
28799, 80, 1, 0, 0
28899, 90, 1, 0, 0
28999, 160, 1, 0, 0
29099, 140, 1, 0, 0
29200, 140, 1, 0, 0
29300, 150, 1, 0, 0
29400, 150, 1, 0, 0
29499, 151, 1, 0, 0
29599, 130, 1, 0, 0
29699, 120, 1, 0, 0
29799, 130, 1, 0, 0
29899, 140, 1, 0, 0
29999, 110, 1, 0, 0
30099, 180, 1, 0, 0
30199, 120, 1, 0, 0
30299, 150, 1, 0, 0
30399, 140, 1, 0, 0
30500, 150, 1, 0, 0
30600, 150, 1, 0, 0
30700, 120, 1, 0, 0
30800, 150, 1, 0, 0
30900, 150, 1, 0, 0
30999, 151, 1, 0, 0
31099, 150, 1, 0, 0
31199, 150, 1, 0, 0
31299, 180, 1, 0, 0
31399, 160, 1, 0, 0
31499, 120, 1, 0, 0
31599, 150, 1, 0, 0
31699, 150, 1, 0, 0
31799, 50, 1, 0, 0
31899, 50, 1, 0, 0
32000, 50, 1, 0, 0
32100, 60, 1, 0, 0
32200, 50, 1, 0, 0
32300, 50, 1, 0, 0
32400, 50, 1, 0, 0
32499, 141, 1, 0, 0
32599, 150, 1, 0, 0
32699, 130, 1, 0, 0
32799, 160, 1, 0, 0
32899, 160, 1, 0, 0
32999, 120, 1, 0, 0
33099, 140, 1, 0, 0
33199, 120, 1, 0, 0
33300, 180, 1, 0, 0
33400, 140, 1, 0, 0
33499, 161, 1, 0, 0
33599, 180, 1, 0, 0
33699, 140, 1, 0, 0
33799, 150, 1, 0, 0
33899, 120, 1, 0, 0
33999, 150, 1, 0, 0
34099, 150, 1, 0, 0
34199, 140, 1, 0, 0
34299, 150, 1, 0, 0
34399, 140, 1, 0, 0
34499, 150, 1, 0, 0
34599, 190, 1, 0, 0
34700, 150, 1, 0, 0
34800, 150, 1, 0, 0
34900, 140, 1, 0, 0
34999, 131, 1, 0, 0
35099, 150, 1, 0, 0
35199, 160, 1, 0, 0
35299, 120, 1, 0, 0
35399, 140, 1, 0, 0
35499, 150, 1, 0, 0
35599, 60, 1, 0, 0
35699, 50, 1, 0, 0
35799, 50, 1, 0, 0
35899, 50, 1, 0, 0
36000, 50, 1, 0, 0
36100, 50, 1, 0, 0
36200, 50, 1, 0, 0
36300, 50, 1, 0, 0
36400, 140, 1, 0, 0
36499, 151, 1, 0, 0
36599, 150, 1, 0, 0
36699, 120, 1, 0, 0
36799, 190, 1, 0, 0
36899, 180, 1, 0, 0
36999, 190, 1, 0, 0
37099, 140, 1, 0, 0
37199, 150, 1, 0, 0
37299, 190, 1, 0, 0
37399, 110, 1, 0, 0
37499, 140, 1, 0, 0
37599, 190, 1, 0, 0
37699, 150, 1, 0, 0
37800, 180, 1, 0, 0
37900, 200, 1, 0, 0
37999, 131, 1, 0, 0
38099, 150, 1, 0, 0
38199, 150, 1, 0, 0
38299, 190, 1, 0, 0
38399, 150, 1, 0, 0
38499, 150, 1, 0, 0
38599, 180, 1, 0, 0
38699, 150, 1, 0, 0
38799, 150, 1, 0, 0
38899, 150, 1, 0, 0
38999, 140, 1, 0, 0
39099, 180, 1, 0, 0
39199, 140, 1, 0, 0
39300, 110, 1, 0, 0
39400, 50, 1, 0, 0
39499, 50, 1, 0, 0
39599, 50, 1, 0, 0
39699, 40, 1, 0, 0
39799, 50, 1, 0, 0
39899, 70, 1, 0, 0
39999, 80, 1, 0, 0
40099, 50, 1, 0, 0
40199, 150, 1, 0, 0
40300, 150, 1, 0, 0
40400, 170, 1, 0, 0
40499, 141, 1, 0, 0
40599, 150, 1, 0, 0
40699, 150, 1, 0, 0
40799, 150, 1, 0, 0
40899, 150, 1, 0, 0
40999, 150, 1, 0, 0
41099, 160, 1, 0, 0
41199, 140, 1, 0, 0
41299, 170, 1, 0, 0
41399, 160, 1, 0, 0
41499, 180, 1, 0, 0
41599, 160, 1, 0, 0
41700, 160, 1, 0, 0
41800, 160, 1, 0, 0
41900, 170, 1, 0, 0
41999, 161, 1, 0, 0
42099, 200, 1, 0, 0
42199, 140, 1, 0, 0
42299, 190, 1, 0, 0
42399, 150, 1, 0, 0
42499, 160, 1, 0, 0
42599, 160, 1, 0, 0
42699, 200, 1, 0, 0
42799, 160, 1, 0, 0
42899, 160, 1, 0, 0
43000, 150, 1, 0, 0
43100, 50, 1, 0, 0
43200, 50, 1, 0, 0
43300, 50, 1, 0, 0
43400, 50, 1, 0, 0
43499, 50, 1, 0, 0
43599, 50, 1, 0, 0
43699, 50, 1, 0, 0
43799, 110, 1, 0, 0
43899, 140, 1, 0, 0
43999, 160, 1, 0, 0
44099, 150, 1, 0, 0
44200, 140, 1, 0, 0
44300, 160, 1, 0, 0
44400, 190, 1, 0, 0
44499, 151, 1, 0, 0
44599, 110, 1, 0, 0
44699, 150, 1, 0, 0
44799, 150, 1, 0, 0
44899, 150, 1, 0, 0
44999, 150, 1, 0, 0
45099, 150, 1, 0, 0
45199, 150, 1, 0, 0
45299, 150, 1, 0, 0
45399, 150, 1, 0, 0
45499, 190, 1, 0, 0
45600, 160, 1, 0, 0
45700, 160, 1, 0, 0
45800, 220, 1, 0, 0
45900, 180, 1, 0, 0
45999, 111, 1, 0, 0
46099, 150, 1, 0, 0
46199, 150, 1, 0, 0
46299, 180, 1, 0, 0
46399, 140, 1, 0, 0
46499, 190, 1, 0, 0
46599, 180, 1, 0, 0
46699, 100, 1, 0, 0
46800, 50, 1, 0, 0
46900, 50, 1, 0, 0
46999, 40, 1, 0, 0
47099, 50, 1, 0, 0
47199, 50, 1, 0, 0
47299, 70, 1, 0, 0
47399, 50, 1, 0, 0
47499, 100, 1, 0, 0
47599, 180, 1, 0, 0
47699, 180, 1, 0, 0
47799, 150, 1, 0, 0
47899, 160, 1, 0, 0
47999, 140, 1, 0, 0
48100, 150, 1, 0, 0
48200, 150, 1, 0, 0
48300, 180, 1, 0, 0
48400, 160, 1, 0, 0
48499, 151, 1, 0, 0
48599, 150, 1, 0, 0
48699, 190, 1, 0, 0
48799, 150, 1, 0, 0
48899, 150, 1, 0, 0
48999, 150, 1, 0, 0
49099, 150, 1, 0, 0
49199, 150, 1, 0, 0
49299, 120, 1, 0, 0
49399, 180, 1, 0, 0
49499, 180, 1, 0, 0
49599, 160, 1, 0, 0
49699, 120, 1, 0, 0
49800, 130, 1, 0, 0
49900, 170, 1, 0, 0
49999, 191, 1, 0, 0
50099, 150, 1, 0, 0
50199, 110, 1, 0, 0
50299, 180, 1, 0, 0
50399, 90, 1, 0, 0
50499, 50, 1, 0, 0
50599, 50, 1, 0, 0
50699, 50, 1, 0, 0
50799, 10, 1, 0, 0
50899, 50, 1, 0, 0
50999, 60, 1, 0, 0
51099, 70, 1, 0, 0
51199, 100, 1, 0, 0
51300, 200, 1, 0, 0
51400, 140, 1, 0, 0
51499, 151, 1, 0, 0
51599, 240, 1, 0, 0
51699, 150, 1, 0, 0
51799, 160, 1, 0, 0
51899, 150, 1, 0, 0
51999, 140, 1, 0, 0
52099, 150, 1, 0, 0
52199, 200, 1, 0, 0
52299, 110, 1, 0, 0
52399, 190, 1, 0, 0
52499, 210, 1, 0, 0
52600, 120, 1, 0, 0
52700, 150, 1, 0, 0
52800, 140, 1, 0, 0
52900, 150, 1, 0, 0
52999, 181, 1, 0, 0
53099, 150, 1, 0, 0
53199, 140, 1, 0, 0
53299, 150, 1, 0, 0
53399, 160, 1, 0, 0
53499, 150, 1, 0, 0
53599, 140, 1, 0, 0
53699, 210, 1, 0, 0
53799, 110, 1, 0, 0
53899, 140, 1, 0, 0
53999, 150, 1, 0, 0
54099, 50, 1, 0, 0
54199, 40, 1, 0, 0
54300, 50, 1, 0, 0
54400, 50, 1, 0, 0
54499, 50, 1, 0, 0
54599, 40, 1, 0, 0
54699, 50, 1, 0, 0
54799, 10, 1, 0, 0
54899, 140, 1, 0, 0
54999, 150, 1, 0, 0
55099, 140, 1, 0, 0
55199, 170, 1, 0, 0
55299, 120, 1, 0, 0
55399, 160, 1, 0, 0
55500, 140, 1, 0, 0
55600, 150, 1, 0, 0
55700, 160, 1, 0, 0
55800, 150, 1, 0, 0
55900, 150, 1, 0, 0
55999, 181, 1, 0, 0
56099, 110, 1, 0, 0
56199, 160, 1, 0, 0
56299, 140, 1, 0, 0
56399, 150, 1, 0, 0
56499, 150, 1, 0, 0
56599, 140, 1, 0, 0
56699, 140, 1, 0, 0
56799, 160, 1, 0, 0
56899, 110, 1, 0, 0
57000, 140, 1, 0, 0
57100, 140, 1, 0, 0
57200, 110, 1, 0, 0
57300, 140, 1, 0, 0
57400, 110, 1, 0, 0
57499, 121, 1, 0, 0
57599, 140, 1, 0, 0
57699, 100, 1, 0, 0
57799, 10, 1, 0, 0
57899, 50, 1, 0, 0
57999, 40, 1, 0, 0
58099, 50, 1, 0, 0
58199, 20, 1, 0, 0
58299, 50, 1, 0, 0
58400, 30, 1, 0, 0
58499, 50, 1, 0, 0
58599, 140, 1, 0, 0
58699, 100, 1, 0, 0
58799, 130, 1, 0, 0
58899, 160, 1, 0, 0
58999, 150, 1, 0, 0
59099, 160, 1, 0, 0
59199, 150, 1, 0, 0
59299, 190, 1, 0, 0
59400, 150, 1, 0, 0
59500, 160, 1, 0, 0
59600, 160, 1, 0, 0
59700, 160, 1, 0, 0
59800, 180, 1, 0, 0
59900, 150, 1, 0, 0
59999, 151, 1, 0, 0
60099, 150, 1, 0, 0
60199, 140, 1, 0, 0
60299, 150, 1, 0, 0
60399, 180, 1, 0, 0
60499, 190, 1, 0, 0
60599, 110, 1, 0, 0
60699, 150, 1, 0, 0
60799, 170, 1, 0, 0
60899, 130, 1, 0, 0
61000, 140, 1, 0, 0
61100, 150, 1, 0, 0
61200, 190, 1, 0, 0
61300, 150, 1, 0, 0
61400, 50, 1, 0, 0
61499, 50, 1, 0, 0
61599, 50, 1, 0, 0
61699, 50, 1, 0, 0
61799, 50, 1, 0, 0
61899, 50, 1, 0, 0
61999, 50, 1, 0, 0
62099, 50, 1, 0, 0
62199, 110, 1, 0, 0
62299, 180, 1, 0, 0
62400, 150, 1, 0, 0
62499, 151, 1, 0, 0
62599, 190, 1, 0, 0
62699, 150, 1, 0, 0
62799, 190, 1, 0, 0
62899, 170, 1, 0, 0
62999, 160, 1, 0, 0
63099, 150, 1, 0, 0
63199, 180, 1, 0, 0
63299, 150, 1, 0, 0
63399, 150, 1, 0, 0
63499, 150, 1, 0, 0
63599, 130, 1, 0, 0
63699, 190, 1, 0, 0
63800, 150, 1, 0, 0
63900, 160, 1, 0, 0
63999, 141, 1, 0, 0
64099, 150, 1, 0, 0
64199, 140, 1, 0, 0
64299, 150, 1, 0, 0
64399, 190, 1, 0, 0
64499, 170, 1, 0, 0
64599, 170, 1, 0, 0
64699, 150, 1, 0, 0
64799, 160, 1, 0, 0
64899, 180, 1, 0, 0
64999, 150, 1, 0, 0
65099, 50, 1, 0, 0
65199, 50, 1, 0, 0
65300, 50, 1, 0, 0
65400, 50, 1, 0, 0
65499, 50, 1, 0, 0
65599, 50, 1, 0, 0
65699, 50, 1, 0, 0
65799, 50, 1, 0, 0
65899, 100, 1, 0, 0
65999, 170, 1, 0, 0
66099, 150, 1, 0, 0
66199, 150, 1, 0, 0
66299, 150, 1, 0, 0
66399, 150, 1, 0, 0
66499, 150, 1, 0, 0
66600, 180, 1, 0, 0
66700, 160, 1, 0, 0
66800, 150, 1, 0, 0
66900, 190, 1, 0, 0
66999, 111, 1, 0, 0
67099, 150, 1, 0, 0
67199, 140, 1, 0, 0
67299, 150, 1, 0, 0
67399, 150, 1, 0, 0
67499, 150, 1, 0, 0
67599, 200, 1, 0, 0
67699, 170, 1, 0, 0
67799, 160, 1, 0, 0
67899, 150, 1, 0, 0
67999, 160, 1, 0, 0
68099, 150, 1, 0, 0
68199, 150, 1, 0, 0
68299, 90, 1, 0, 0
68400, 50, 1, 0, 0
68500, 50, 1, 0, 0
68600, 140, 1, 0, 0
68700, 50, 1, 0, 0
68800, 50, 1, 0, 0
68900, 50, 1, 0, 0
68999, 50, 1, 0, 0
69099, 50, 1, 0, 0
69199, 50, 1, 0, 0
69299, 50, 1, 0, 0
69399, 70, 1, 0, 0
69499, 130, 1, 0, 0
69600, 120, 1, 0, 0
69700, 150, 1, 0, 0
69800, 170, 1, 0, 0
69900, 150, 1, 0, 0
69999, 141, 1, 0, 0
70099, 150, 1, 0, 0
70199, 150, 1, 0, 0
70299, 150, 1, 0, 0
70399, 150, 1, 0, 0
70499, 150, 1, 0, 0
70599, 150, 1, 0, 0
70699, 150, 1, 0, 0
70799, 140, 1, 0, 0
70899, 170, 1, 0, 0
71000, 150, 1, 0, 0
71100, 150, 1, 0, 0
71200, 150, 1, 0, 0
71300, 180, 1, 0, 0
71400, 150, 1, 0, 0
71499, 151, 1, 0, 0
71599, 150, 1, 0, 0
71699, 170, 1, 0, 0
71799, 110, 1, 0, 0
71899, 150, 1, 0, 0
71999, 140, 1, 0, 0
72099, 150, 1, 0, 0
72199, 190, 1, 0, 0
72299, 60, 1, 0, 0
72399, 50, 1, 0, 0
72499, 50, 1, 0, 0
72600, 50, 1, 0, 0
72700, 50, 1, 0, 0
72800, 50, 1, 0, 0
72900, 50, 1, 0, 0
72999, 60, 1, 0, 0
73099, 100, 1, 0, 0
73199, 150, 1, 0, 0
73299, 150, 1, 0, 0
73399, 190, 1, 0, 0
73499, 180, 1, 0, 0
73599, 150, 1, 0, 0
73699, 190, 1, 0, 0
73799, 150, 1, 0, 0
73899, 150, 1, 0, 0
74000, 180, 1, 0, 0
74100, 160, 1, 0, 0
74200, 150, 1, 0, 0
74300, 150, 1, 0, 0
74400, 160, 1, 0, 0
74499, 151, 1, 0, 0
74599, 150, 1, 0, 0
74699, 150, 1, 0, 0
74799, 180, 1, 0, 0
74899, 140, 1, 0, 0
74999, 160, 1, 0, 0
75099, 190, 1, 0, 0
75199, 150, 1, 0, 0
75299, 150, 1, 0, 0
75399, 110, 1, 0, 0
75500, 140, 1, 0, 0
75600, 170, 1, 0, 0
75700, 160, 1, 0, 0
75800, 160, 1, 0, 0
75900, 110, 1, 0, 0
75999, 50, 1, 0, 0
76099, 70, 1, 0, 0
76199, 50, 1, 0, 0
76299, 50, 1, 0, 0
76399, 50, 1, 0, 0
76499, 50, 1, 0, 0
76599, 50, 1, 0, 0
76699, 70, 1, 0, 0
76800, 150, 1, 0, 0
76900, 160, 1, 0, 0
76999, 151, 1, 0, 0
77099, 150, 1, 0, 0
77199, 180, 1, 0, 0
77299, 170, 1, 0, 0
77399, 150, 1, 0, 0
77499, 170, 1, 0, 0
77599, 150, 1, 0, 0
77699, 160, 1, 0, 0
77799, 150, 1, 0, 0
77899, 150, 1, 0, 0
77999, 150, 1, 0, 0
78099, 150, 1, 0, 0
78199, 150, 1, 0, 0
78299, 180, 1, 0, 0
78399, 150, 1, 0, 0
78500, 180, 1, 0, 0
78600, 180, 1, 0, 0
78700, 150, 1, 0, 0
78800, 150, 1, 0, 0
78900, 140, 1, 0, 0
78999, 141, 1, 0, 0
79099, 110, 1, 0, 0
79199, 140, 1, 0, 0
79299, 140, 1, 0, 0
79399, 170, 1, 0, 0
79499, 110, 1, 0, 0
79599, 50, 1, 0, 0
79699, 50, 1, 0, 0
79800, 50, 1, 0, 0
79900, 80, 1, 0, 0
79999, 50, 1, 0, 0
80099, 10, 1, 0, 0
80199, 50, 1, 0, 0
80299, 50, 1, 0, 0
80399, 100, 1, 0, 0
80499, 180, 1, 0, 0
80599, 150, 1, 0, 0
80699, 110, 1, 0, 0
80799, 150, 1, 0, 0
80899, 180, 1, 0, 0
81000, 140, 1, 0, 0
81100, 160, 1, 0, 0
81200, 160, 1, 0, 0
81300, 160, 1, 0, 0
81400, 130, 1, 0, 0
81499, 191, 1, 0, 0
81599, 160, 1, 0, 0
81699, 160, 1, 0, 0
81799, 160, 1, 0, 0
81899, 130, 1, 0, 0
81999, 190, 1, 0, 0
82099, 160, 1, 0, 0
82199, 130, 1, 0, 0
82299, 160, 1, 0, 0
82399, 150, 1, 0, 0
82499, 170, 1, 0, 0
82599, 190, 1, 0, 0
82699, 130, 1, 0, 0
82800, 160, 1, 0, 0
82900, 190, 1, 0, 0
82999, 161, 1, 0, 0
83099, 160, 1, 0, 0
83199, 40, 1, 0, 0
83299, 50, 1, 0, 0
83399, 70, 1, 0, 0
83499, 40, 1, 0, 0
83599, 50, 1, 0, 0
83699, 40, 1, 0, 0
83799, 70, 1, 0, 0
83899, 50, 1, 0, 0
83999, 110, 1, 0, 0
84099, 170, 1, 0, 0
84199, 190, 1, 0, 0
84300, 200, 1, 0, 0
84400, 200, 1, 0, 0
84499, 171, 1, 0, 0
84599, 190, 1, 0, 0
84699, 160, 1, 0, 0
84799, 170, 1, 0, 0
84899, 190, 1, 0, 0
84999, 160, 1, 0, 0
85099, 160, 1, 0, 0
85199, 160, 1, 0, 0
85299, 170, 1, 0, 0
85399, 190, 1, 0, 0
85499, 160, 1, 0, 0
85599, 160, 1, 0, 0
85699, 160, 1, 0, 0
85799, 160, 1, 0, 0
85899, 170, 1, 0, 0
86000, 190, 1, 0, 0
86100, 160, 1, 0, 0
86200, 170, 1, 0, 0
86300, 190, 1, 0, 0
86400, 170, 1, 0, 0
86499, 191, 1, 0, 0
86599, 160, 1, 0, 0
86699, 170, 1, 0, 0
86799, 80, 1, 0, 0
86899, 70, 1, 0, 0
86999, 40, 1, 0, 0
87099, 40, 1, 0, 0
87199, 50, 1, 0, 0
87299, 40, 1, 0, 0
87400, 70, 1, 0, 0
87499, 40, 1, 0, 0
87599, 90, 1, 0, 0
87699, 160, 1, 0, 0
87799, 160, 1, 0, 0
87899, 160, 1, 0, 0
87999, 160, 1, 0, 0
88099, 160, 1, 0, 0
88199, 190, 1, 0, 0
88299, 130, 1, 0, 0
88399, 280, 1, 0, 0
88499, 240, 1, 0, 0
88599, 280, 1, 0, 0
88699, 240, 1, 0, 0
88799, 240, 1, 0, 0
88899, 200, 1, 0, 0
89000, 210, 1, 0, 0
89100, 230, 1, 0, 0
89200, 210, 1, 0, 0
89300, 230, 1, 0, 0
89400, 240, 1, 0, 0
89499, 242, 1, 0, 0
89599, 200, 1, 0, 0
89699, 240, 1, 0, 0
89799, 160, 1, 0, 0
89899, 240, 1, 0, 0
89999, 240, 1, 0, 0
