250, 608, 1, 0, 0
350, 600, 1, 0, 0
450, 520, 1, 0, 0
550, 600, 1, 0, 0
650, 800, 1, 0, 0
749, 525, 1, 0, 0
849, 600, 1, 0, 0
949, 640, 1, 0, 0
1049, 640, 1, 0, 0
1149, 520, 1, 0, 0
1249, 600, 1, 0, 0
1349, 800, 1, 0, 0
1449, 520, 1, 0, 0
1550, 760, 1, 0, 0
1650, 800, 1, 0, 0
1749, 808, 1, 0, 0
1849, 520, 1, 0, 0
1949, 280, 1, 0, 0
2049, 320, 1, 0, 0
2149, 160, 1, 0, 0
2249, 320, 1, 0, 0
2349, 200, 1, 0, 0
2449, 320, 1, 0, 0
2550, 600, 1, 0, 0
2650, 680, 1, 0, 0
2749, 767, 1, 0, 0
2849, 800, 1, 0, 0
2949, 800, 1, 0, 0
3049, 800, 1, 0, 0
3149, 680, 1, 0, 0
3249, 760, 1, 0, 0
3349, 800, 1, 0, 0
3449, 800, 1, 0, 0
3549, 800, 1, 0, 0
3649, 640, 1, 0, 0
3749, 800, 1, 0, 0
3850, 640, 1, 0, 0
3950, 800, 1, 0, 0
4050, 800, 1, 0, 0
4150, 680, 1, 0, 0
4249, 606, 1, 0, 0
4349, 800, 1, 0, 0
4449, 800, 1, 0, 0
4549, 680, 1, 0, 0
4649, 760, 1, 0, 0
4749, 640, 1, 0, 0
4849, 640, 1, 0, 0
4949, 640, 1, 0, 0
5049, 640, 1, 0, 0
5150, 480, 1, 0, 0
5250, 640, 1, 0, 0
5350, 640, 1, 0, 0
5450, 640, 1, 0, 0
5550, 640, 1, 0, 0
5650, 640, 1, 0, 0
5749, 484, 1, 0, 0
5849, 160, 1, 0, 0
5949, 200, 1, 0, 0
6050, 280, 1, 0, 0
6150, 160, 1, 0, 0
6249, 202, 1, 0, 0
6349, 400, 1, 0, 0
6449, 360, 1, 0, 0
6549, 640, 1, 0, 0
6649, 520, 1, 0, 0
6749, 640, 1, 0, 0
6849, 640, 1, 0, 0
6949, 760, 1, 0, 0
7049, 520, 1, 0, 0
7149, 600, 1, 0, 0
7249, 640, 1, 0, 0
7349, 640, 1, 0, 0
7449, 640, 1, 0, 0
7550, 840, 1, 0, 0
7650, 640, 1, 0, 0
7749, 646, 1, 0, 0
7849, 680, 1, 0, 0
7949, 600, 1, 0, 0
8049, 960, 1, 0, 0
8149, 640, 1, 0, 0
8249, 640, 1, 0, 0
8349, 640, 1, 0, 0
8449, 680, 1, 0, 0
8549, 760, 1, 0, 0
8649, 640, 1, 0, 0
8749, 640, 1, 0, 0
8850, 800, 1, 0, 0
8950, 640, 1, 0, 0
9050, 640, 1, 0, 0
9150, 800, 1, 0, 0
9249, 646, 1, 0, 0
9349, 640, 1, 0, 0
9449, 640, 1, 0, 0
9549, 160, 1, 0, 0
9649, 200, 1, 0, 0
9749, 160, 1, 0, 0
9850, 280, 1, 0, 0
9950, 160, 1, 0, 0
10050, 200, 1, 0, 0
10150, 280, 1, 0, 0
10249, 484, 1, 0, 0
10349, 640, 1, 0, 0
10449, 640, 1, 0, 0
10549, 680, 1, 0, 0
10649, 760, 1, 0, 0
10749, 640, 1, 0, 0
10849, 800, 1, 0, 0
10949, 640, 1, 0, 0
11049, 640, 1, 0, 0
11149, 640, 1, 0, 0
11250, 640, 1, 0, 0
11350, 680, 1, 0, 0
11450, 760, 1, 0, 0
11550, 640, 1, 0, 0
11650, 640, 1, 0, 0
11749, 808, 1, 0, 0
11849, 640, 1, 0, 0
11949, 640, 1, 0, 0
12049, 800, 1, 0, 0
12149, 640, 1, 0, 0
12249, 640, 1, 0, 0
12349, 680, 1, 0, 0
12449, 760, 1, 0, 0
12549, 520, 1, 0, 0
12650, 600, 1, 0, 0
12749, 646, 1, 0, 0
12849, 640, 1, 0, 0
12949, 640, 1, 0, 0
13049, 520, 1, 0, 0
13149, 760, 1, 0, 0
13249, 160, 1, 0, 0
13349, 200, 1, 0, 0
13449, 160, 1, 0, 0
13549, 280, 1, 0, 0
13650, 160, 1, 0, 0
13749, 202, 1, 0, 0
13849, 280, 1, 0, 0
13949, 320, 1, 0, 0
14049, 640, 1, 0, 0
14149, 800, 1, 0, 0
14249, 640, 1, 0, 0
14349, 640, 1, 0, 0
14449, 640, 1, 0, 0
14549, 800, 1, 0, 0
14649, 960, 1, 0, 0
14750, 640, 1, 0, 0
14850, 800, 1, 0, 0
14950, 640, 1, 0, 0
15050, 640, 1, 0, 0
15150, 800, 1, 0, 0
15249, 808, 1, 0, 0
15349, 800, 1, 0, 0
15449, 640, 1, 0, 0
15549, 800, 1, 0, 0
15649, 640, 1, 0, 0
15749, 640, 1, 0, 0
15849, 680, 1, 0, 0
15949, 760, 1, 0, 0
16049, 520, 1, 0, 0
16149, 600, 1, 0, 0
16250, 640, 1, 0, 0
16350, 640, 1, 0, 0
16450, 640, 1, 0, 0
16550, 640, 1, 0, 0
16650, 800, 1, 0, 0
16749, 646, 1, 0, 0
16849, 320, 1, 0, 0
16949, 320, 1, 0, 0
17049, 160, 1, 0, 0
17149, 320, 1, 0, 0
17249, 160, 1, 0, 0
17349, 200, 1, 0, 0
17450, 280, 1, 0, 0
17550, 640, 1, 0, 0
17650, 640, 1, 0, 0
17749, 646, 1, 0, 0
17849, 680, 1, 0, 0
17949, 760, 1, 0, 0
18049, 640, 1, 0, 0
18149, 800, 1, 0, 0
18249, 680, 1, 0, 0
18349, 760, 1, 0, 0
18449, 800, 1, 0, 0
18550, 640, 1, 0, 0
18650, 680, 1, 0, 0
18749, 767, 1, 0, 0
18849, 640, 1, 0, 0
18949, 640, 1, 0, 0
19049, 640, 1, 0, 0
19149, 800, 1, 0, 0
19249, 800, 1, 0, 0
19349, 800, 1, 0, 0
19449, 800, 1, 0, 0
19550, 680, 1, 0, 0
19650, 880, 1, 0, 0
19749, 646, 1, 0, 0
19849, 640, 1, 0, 0
19949, 520, 1, 0, 0
20049, 600, 1, 0, 0
20149, 640, 1, 0, 0
20249, 640, 1, 0, 0
20349, 640, 1, 0, 0
20449, 640, 1, 0, 0
20549, 800, 1, 0, 0
20649, 480, 1, 0, 0
20749, 520, 1, 0, 0
20849, 280, 1, 0, 0
20949, 160, 1, 0, 0
21050, 200, 1, 0, 0
21150, 160, 1, 0, 0
21249, 282, 1, 0, 0
21349, 160, 1, 0, 0
21449, 160, 1, 0, 0
21549, 360, 1, 0, 0
21649, 520, 1, 0, 0
21749, 640, 1, 0, 0
21850, 440, 1, 0, 0
21950, 760, 1, 0, 0
22050, 600, 1, 0, 0
22150, 600, 1, 0, 0
22249, 444, 1, 0, 0
22349, 760, 1, 0, 0
22449, 600, 1, 0, 0
22549, 600, 1, 0, 0
22649, 640, 1, 0, 0
22749, 600, 1, 0, 0
22849, 600, 1, 0, 0
22949, 600, 1, 0, 0
23049, 600, 1, 0, 0
23149, 600, 1, 0, 0
23250, 600, 1, 0, 0
23350, 600, 1, 0, 0
23450, 600, 1, 0, 0
23550, 600, 1, 0, 0
23650, 720, 1, 0, 0
23749, 565, 1, 0, 0
23849, 600, 1, 0, 0
23949, 760, 1, 0, 0
24049, 600, 1, 0, 0
24149, 640, 1, 0, 0
24249, 760, 1, 0, 0
24349, 600, 1, 0, 0
24449, 440, 1, 0, 0
24550, 200, 1, 0, 0
24650, 320, 1, 0, 0
24749, 40, 1, 0, 0
24849, 200, 1, 0, 0
24949, 320, 1, 0, 0
25049, 200, 1, 0, 0
25149, 200, 1, 0, 0
25249, 440, 1, 0, 0
25349, 760, 1, 0, 0
25449, 600, 1, 0, 0
25549, 600, 1, 0, 0
25650, 640, 1, 0, 0
25750, 760, 1, 0, 0
25850, 600, 1, 0, 0
25950, 600, 1, 0, 0
26050, 640, 1, 0, 0
26150, 600, 1, 0, 0
26249, 606, 1, 0, 0
26349, 600, 1, 0, 0
26449, 600, 1, 0, 0
26549, 600, 1, 0, 0
26649, 560, 1, 0, 0
26749, 680, 1, 0, 0
26849, 600, 1, 0, 0
26949, 600, 1, 0, 0
27050, 600, 1, 0, 0
27150, 600, 1, 0, 0
27249, 767, 1, 0, 0
27349, 600, 1, 0, 0
27449, 640, 1, 0, 0
27549, 720, 1, 0, 0
27649, 640, 1, 0, 0
27749, 600, 1, 0, 0
27849, 600, 1, 0, 0
27949, 760, 1, 0, 0
28050, 600, 1, 0, 0
28150, 400, 1, 0, 0
28249, 202, 1, 0, 0
28349, 200, 1, 0, 0
28449, 40, 1, 0, 0
28549, 200, 1, 0, 0
28649, 280, 1, 0, 0
28749, 200, 1, 0, 0
28849, 200, 1, 0, 0
28949, 440, 1, 0, 0
29050, 720, 1, 0, 0
29150, 640, 1, 0, 0
29249, 606, 1, 0, 0
29349, 600, 1, 0, 0
29449, 680, 1, 0, 0
29549, 600, 1, 0, 0
29649, 400, 1, 0, 0
29749, 920, 1, 0, 0
29849, 800, 1, 0, 0
29949, 680, 1, 0, 0
30049, 480, 1, 0, 0
30149, 600, 1, 0, 0
30249, 840, 1, 0, 0
30350, 480, 1, 0, 0
30450, 600, 1, 0, 0
30550, 560, 1, 0, 0
30650, 640, 1, 0, 0
30749, 606, 1, 0, 0
30849, 600, 1, 0, 0
30949, 600, 1, 0, 0
31049, 600, 1, 0, 0
31149, 600, 1, 0, 0
31249, 600, 1, 0, 0
31349, 560, 1, 0, 0
31449, 600, 1, 0, 0
31549, 600, 1, 0, 0
31649, 600, 1, 0, 0
31750, 400, 1, 0, 0
31850, 200, 1, 0, 0
31950, 200, 1, 0, 0
32050, 200, 1, 0, 0
32150, 200, 1, 0, 0
32249, 202, 1, 0, 0
32349, 200, 1, 0, 0
32449, 280, 1, 0, 0
32549, 600, 1, 0, 0
32649, 600, 1, 0, 0
32750, 600, 1, 0, 0
32850, 600, 1, 0, 0
32950, 600, 1, 0, 0
33050, 600, 1, 0, 0
33150, 680, 1, 0, 0
33249, 848, 1, 0, 0
33349, 560, 1, 0, 0
33449, 600, 1, 0, 0
33549, 440, 1, 0, 0
33649, 600, 1, 0, 0
33749, 600, 1, 0, 0
33849, 560, 1, 0, 0
33949, 600, 1, 0, 0
34050, 440, 1, 0, 0
34150, 600, 1, 0, 0
34249, 606, 1, 0, 0
34349, 560, 1, 0, 0
34449, 600, 1, 0, 0
34549, 600, 1, 0, 0
34649, 600, 1, 0, 0
34749, 600, 1, 0, 0
34849, 600, 1, 0, 0
34949, 600, 1, 0, 0
35049, 600, 1, 0, 0
35149, 600, 1, 0, 0
35249, 600, 1, 0, 0
35350, 680, 1, 0, 0
35450, 720, 1, 0, 0
35550, 600, 1, 0, 0
35650, 200, 1, 0, 0
35749, 161, 1, 0, 0
35849, 200, 1, 0, 0
35949, 200, 1, 0, 0
36049, 200, 1, 0, 0
36149, 200, 1, 0, 0
36250, 240, 1, 0, 0
36350, 200, 1, 0, 0
36450, 600, 1, 0, 0
36550, 600, 1, 0, 0
36650, 760, 1, 0, 0
36749, 606, 1, 0, 0
36849, 600, 1, 0, 0
36949, 760, 1, 0, 0
37049, 600, 1, 0, 0
37149, 800, 1, 0, 0
37249, 600, 1, 0, 0
37350, 640, 1, 0, 0
37450, 680, 1, 0, 0
37550, 640, 1, 0, 0
37650, 640, 1, 0, 0
37749, 606, 1, 0, 0
37849, 760, 1, 0, 0
37949, 760, 1, 0, 0
38049, 800, 1, 0, 0
38149, 640, 1, 0, 0
38249, 760, 1, 0, 0
38350, 600, 1, 0, 0
38450, 760, 1, 0, 0
38550, 600, 1, 0, 0
38650, 680, 1, 0, 0
38749, 606, 1, 0, 0
38849, 640, 1, 0, 0
38949, 600, 1, 0, 0
39049, 640, 1, 0, 0
39149, 600, 1, 0, 0
39249, 720, 1, 0, 0
39349, 240, 1, 0, 0
39449, 200, 1, 0, 0
39550, 160, 1, 0, 0
39650, 200, 1, 0, 0
39749, 202, 1, 0, 0
39849, 200, 1, 0, 0
39949, 200, 1, 0, 0
40049, 240, 1, 0, 0
40149, 360, 1, 0, 0
40249, 600, 1, 0, 0
40350, 760, 1, 0, 0
40450, 680, 1, 0, 0
40550, 480, 1, 0, 0
40650, 760, 1, 0, 0
40749, 646, 1, 0, 0
40849, 480, 1, 0, 0
40949, 760, 1, 0, 0
41049, 600, 1, 0, 0
41149, 720, 1, 0, 0
41249, 680, 1, 0, 0
41349, 680, 1, 0, 0
41449, 680, 1, 0, 0
41549, 600, 1, 0, 0
41649, 680, 1, 0, 0
41749, 600, 1, 0, 0
41849, 720, 1, 0, 0
41950, 760, 1, 0, 0
42050, 640, 1, 0, 0
42150, 760, 1, 0, 0
42249, 606, 1, 0, 0
42349, 760, 1, 0, 0
42449, 640, 1, 0, 0
42549, 680, 1, 0, 0
42649, 720, 1, 0, 0
42749, 640, 1, 0, 0
42849, 760, 1, 0, 0
42949, 640, 1, 0, 0
43049, 200, 1, 0, 0
43149, 200, 1, 0, 0
43250, 200, 1, 0, 0
43350, 200, 1, 0, 0
43450, 200, 1, 0, 0
43550, 200, 1, 0, 0
43650, 240, 1, 0, 0
43749, 202, 1, 0, 0
43849, 560, 1, 0, 0
43949, 600, 1, 0, 0
44050, 600, 1, 0, 0
44150, 720, 1, 0, 0
44249, 606, 1, 0, 0
44349, 720, 1, 0, 0
44449, 680, 1, 0, 0
44549, 480, 1, 0, 0
44649, 760, 1, 0, 0
44749, 720, 1, 0, 0
44849, 600, 1, 0, 0
44949, 600, 1, 0, 0
45049, 600, 1, 0, 0
45149, 760, 1, 0, 0
45249, 600, 1, 0, 0
45349, 560, 1, 0, 0
45449, 640, 1, 0, 0
45550, 800, 1, 0, 0
45650, 600, 1, 0, 0
45749, 606, 1, 0, 0
45849, 600, 1, 0, 0
45949, 760, 1, 0, 0
46049, 560, 1, 0, 0
46149, 600, 1, 0, 0
46249, 600, 1, 0, 0
46349, 640, 1, 0, 0
46449, 600, 1, 0, 0
46549, 600, 1, 0, 0
46649, 600, 1, 0, 0
46750, 200, 1, 0, 0
46850, 200, 1, 0, 0
46950, 200, 1, 0, 0
47050, 200, 1, 0, 0
47150, 280, 1, 0, 0
47249, 202, 1, 0, 0
47349, 240, 1, 0, 0
47449, 200, 1, 0, 0
47549, 600, 1, 0, 0
47649, 600, 1, 0, 0
47750, 600, 1, 0, 0
47850, 760, 1, 0, 0
47950, 520, 1, 0, 0
48050, 560, 1, 0, 0
48150, 640, 1, 0, 0
48249, 606, 1, 0, 0
48349, 680, 1, 0, 0
48449, 640, 1, 0, 0
48549, 600, 1, 0, 0
48649, 640, 1, 0, 0
48749, 600, 1, 0, 0
48849, 720, 1, 0, 0
48950, 600, 1, 0, 0
49050, 720, 1, 0, 0
49150, 600, 1, 0, 0
49249, 646, 1, 0, 0
49349, 560, 1, 0, 0
49449, 480, 1, 0, 0
49549, 680, 1, 0, 0
49649, 560, 1, 0, 0
49749, 640, 1, 0, 0
49849, 640, 1, 0, 0
49949, 600, 1, 0, 0
50049, 600, 1, 0, 0
50149, 600, 1, 0, 0
50249, 640, 1, 0, 0
50349, 520, 1, 0, 0
50450, 240, 1, 0, 0
50550, 200, 1, 0, 0
50650, 200, 1, 0, 0
50749, 80, 1, 0, 0
50849, 200, 1, 0, 0
50949, 200, 1, 0, 0
51049, 200, 1, 0, 0
51149, 360, 1, 0, 0
51250, 560, 1, 0, 0
51350, 600, 1, 0, 0
51450, 720, 1, 0, 0
51550, 600, 1, 0, 0
51650, 640, 1, 0, 0
51749, 606, 1, 0, 0
51849, 880, 1, 0, 0
51949, 640, 1, 0, 0
52049, 520, 1, 0, 0
52149, 600, 1, 0, 0
52249, 640, 1, 0, 0
52349, 640, 1, 0, 0
52449, 640, 1, 0, 0
52549, 640, 1, 0, 0
52649, 640, 1, 0, 0
52749, 646, 1, 0, 0
52849, 520, 1, 0, 0
52949, 760, 1, 0, 0
53049, 640, 1, 0, 0
53149, 640, 1, 0, 0
53249, 640, 1, 0, 0
53349, 680, 1, 0, 0
53449, 600, 1, 0, 0
53549, 640, 1, 0, 0
53649, 680, 1, 0, 0
53749, 600, 1, 0, 0
53849, 680, 1, 0, 0
53949, 760, 1, 0, 0
54049, 480, 1, 0, 0
54149, 160, 1, 0, 0
54249, 161, 1, 0, 0
54349, 160, 1, 0, 0
54449, 200, 1, 0, 0
54549, 160, 1, 0, 0
54649, 280, 1, 0, 0
54749, 200, 1, 0, 0
54849, 280, 1, 0, 0
54949, 640, 1, 0, 0
55049, 640, 1, 0, 0
55149, 520, 1, 0, 0
55250, 600, 1, 0, 0
55350, 640, 1, 0, 0
55450, 640, 1, 0, 0
55550, 640, 1, 0, 0
55650, 520, 1, 0, 0
55749, 767, 1, 0, 0
55849, 640, 1, 0, 0
55949, 520, 1, 0, 0
56049, 600, 1, 0, 0
56149, 640, 1, 0, 0
56249, 640, 1, 0, 0
56349, 520, 1, 0, 0
56449, 600, 1, 0, 0
56549, 640, 1, 0, 0
56649, 520, 1, 0, 0
56750, 600, 1, 0, 0
56850, 640, 1, 0, 0
56950, 640, 1, 0, 0
57050, 800, 1, 0, 0
57150, 800, 1, 0, 0
57249, 686, 1, 0, 0
57349, 800, 1, 0, 0
57449, 800, 1, 0, 0
57549, 800, 1, 0, 0
57649, 760, 1, 0, 0
57749, 320, 1, 0, 0
57849, 200, 1, 0, 0
57949, 280, 1, 0, 0
58050, 200, 1, 0, 0
58150, 280, 1, 0, 0
58249, 202, 1, 0, 0
58349, 280, 1, 0, 0
58449, 320, 1, 0, 0
58549, 360, 1, 0, 0
58649, 800, 1, 0, 0
58749, 800, 1, 0, 0
58849, 760, 1, 0, 0
58949, 640, 1, 0, 0
59050, 800, 1, 0, 0
59150, 720, 1, 0, 0
59249, 808, 1, 0, 0
59349, 640, 1, 0, 0
59449, 680, 1, 0, 0
59549, 760, 1, 0, 0
59649, 640, 1, 0, 0
59749, 640, 1, 0, 0
59849, 640, 1, 0, 0
59949, 640, 1, 0, 0
60049, 640, 1, 0, 0
60149, 640, 1, 0, 0
60250, 640, 1, 0, 0
60350, 640, 1, 0, 0
60450, 640, 1, 0, 0
60550, 640, 1, 0, 0
60650, 640, 1, 0, 0
60749, 646, 1, 0, 0
60849, 640, 1, 0, 0
60949, 720, 1, 0, 0
61049, 560, 1, 0, 0
61149, 800, 1, 0, 0
61249, 640, 1, 0, 0
61349, 520, 1, 0, 0
61450, 160, 1, 0, 0
61550, 200, 1, 0, 0
61650, 360, 1, 0, 0
61749, 202, 1, 0, 0
61849, 160, 1, 0, 0
61949, 200, 1, 0, 0
62049, 280, 1, 0, 0
62150, 200, 1, 0, 0
62249, 767, 1, 0, 0
62349, 800, 1, 0, 0
62449, 640, 1, 0, 0
62549, 520, 1, 0, 0
62649, 760, 1, 0, 0
62749, 640, 1, 0, 0
62849, 680, 1, 0, 0
62949, 760, 1, 0, 0
63049, 520, 1, 0, 0
63149, 800, 1, 0, 0
63249, 640, 1, 0, 0
63349, 640, 1, 0, 0
63449, 640, 1, 0, 0
63550, 640, 1, 0, 0
63650, 760, 1, 0, 0
63749, 686, 1, 0, 0
63849, 760, 1, 0, 0
63949, 680, 1, 0, 0
64049, 760, 1, 0, 0
64149, 640, 1, 0, 0
64249, 640, 1, 0, 0
64349, 640, 1, 0, 0
64449, 680, 1, 0, 0
64549, 760, 1, 0, 0
64650, 640, 1, 0, 0
64749, 686, 1, 0, 0
64849, 440, 1, 0, 0
64949, 800, 1, 0, 0
65049, 400, 1, 0, 0
65149, 240, 1, 0, 0
65249, 160, 1, 0, 0
65349, 160, 1, 0, 0
65450, 200, 1, 0, 0
65550, 160, 1, 0, 0
65650, 160, 1, 0, 0
65749, 282, 1, 0, 0
65849, 320, 1, 0, 0
65949, 440, 1, 0, 0
66049, 760, 1, 0, 0
66149, 720, 1, 0, 0
66249, 640, 1, 0, 0
66349, 640, 1, 0, 0
66449, 760, 1, 0, 0
66549, 440, 1, 0, 0
66649, 760, 1, 0, 0
66750, 600, 1, 0, 0
66850, 600, 1, 0, 0
66950, 600, 1, 0, 0
67050, 760, 1, 0, 0
67150, 600, 1, 0, 0
67249, 606, 1, 0, 0
67349, 560, 1, 0, 0
67449, 640, 1, 0, 0
67549, 720, 1, 0, 0
67649, 600, 1, 0, 0
67750, 760, 1, 0, 0
67850, 600, 1, 0, 0
67950, 640, 1, 0, 0
68050, 760, 1, 0, 0
68150, 480, 1, 0, 0
68249, 565, 1, 0, 0
68349, 240, 1, 0, 0
68449, 200, 1, 0, 0
68549, 360, 1, 0, 0
68649, 400, 1, 0, 0
68749, 200, 1, 0, 0
68849, 200, 1, 0, 0
68950, 40, 1, 0, 0
69050, 200, 1, 0, 0
69150, 200, 1, 0, 0
69249, 202, 1, 0, 0
69349, 200, 1, 0, 0
69449, 360, 1, 0, 0
69549, 640, 1, 0, 0
69649, 560, 1, 0, 0
69749, 680, 1, 0, 0
69849, 600, 1, 0, 0
69949, 640, 1, 0, 0
70050, 600, 1, 0, 0
70150, 560, 1, 0, 0
70249, 606, 1, 0, 0
70349, 760, 1, 0, 0
70449, 560, 1, 0, 0
70549, 600, 1, 0, 0
70649, 640, 1, 0, 0
70749, 600, 1, 0, 0
70849, 600, 1, 0, 0
70949, 640, 1, 0, 0
71049, 600, 1, 0, 0
71149, 600, 1, 0, 0
71249, 640, 1, 0, 0
71349, 600, 1, 0, 0
71450, 600, 1, 0, 0
71550, 720, 1, 0, 0
71650, 560, 1, 0, 0
71749, 686, 1, 0, 0
71849, 800, 1, 0, 0
71949, 720, 1, 0, 0
72049, 600, 1, 0, 0
72149, 600, 1, 0, 0
72249, 600, 1, 0, 0
72349, 200, 1, 0, 0
72449, 200, 1, 0, 0
72550, 200, 1, 0, 0
72650, 200, 1, 0, 0
72749, 202, 1, 0, 0
72849, 200, 1, 0, 0
72949, 200, 1, 0, 0
73049, 200, 1, 0, 0
73149, 560, 1, 0, 0
73249, 640, 1, 0, 0
73349, 560, 1, 0, 0
73450, 680, 1, 0, 0
73550, 760, 1, 0, 0
73650, 600, 1, 0, 0
73749, 606, 1, 0, 0
73849, 600, 1, 0, 0
73949, 640, 1, 0, 0
74049, 600, 1, 0, 0
74149, 760, 1, 0, 0
74249, 800, 1, 0, 0
74349, 640, 1, 0, 0
74449, 640, 1, 0, 0
74550, 640, 1, 0, 0
74650, 640, 1, 0, 0
74749, 646, 1, 0, 0
74849, 520, 1, 0, 0
74949, 640, 1, 0, 0
75049, 760, 1, 0, 0
75149, 680, 1, 0, 0
75249, 600, 1, 0, 0
75349, 640, 1, 0, 0
75449, 800, 1, 0, 0
75550, 800, 1, 0, 0
75650, 640, 1, 0, 0
75749, 646, 1, 0, 0
75849, 680, 1, 0, 0
75949, 440, 1, 0, 0
76049, 160, 1, 0, 0
76149, 200, 1, 0, 0
76249, 280, 1, 0, 0
76350, 160, 1, 0, 0
76450, 160, 1, 0, 0
76550, 200, 1, 0, 0
76650, 280, 1, 0, 0
76749, 484, 1, 0, 0
76849, 640, 1, 0, 0
76949, 640, 1, 0, 0
77049, 640, 1, 0, 0
77149, 680, 1, 0, 0
77250, 600, 1, 0, 0
77350, 640, 1, 0, 0
77450, 800, 1, 0, 0
77550, 640, 1, 0, 0
77650, 640, 1, 0, 0
77749, 646, 1, 0, 0
77849, 640, 1, 0, 0
77949, 640, 1, 0, 0
78049, 640, 1, 0, 0
78149, 640, 1, 0, 0
78249, 646, 1, 0, 0
78349, 640, 1, 0, 0
78449, 800, 1, 0, 0
78549, 640, 1, 0, 0
78649, 640, 1, 0, 0
78749, 640, 1, 0, 0
78849, 640, 1, 0, 0
78949, 640, 1, 0, 0
79049, 800, 1, 0, 0
79150, 720, 1, 0, 0
79249, 767, 1, 0, 0
79349, 760, 1, 0, 0
79449, 640, 1, 0, 0
79549, 480, 1, 0, 0
79649, 160, 1, 0, 0
79749, 160, 1, 0, 0
79849, 200, 1, 0, 0
79949, 280, 1, 0, 0
80049, 160, 1, 0, 0
80149, 160, 1, 0, 0
80250, 200, 1, 0, 0
80350, 280, 1, 0, 0
80450, 520, 1, 0, 0
80550, 600, 1, 0, 0
80650, 640, 1, 0, 0
80749, 646, 1, 0, 0
80849, 680, 1, 0, 0
80949, 640, 1, 0, 0
81049, 800, 1, 0, 0
81149, 760, 1, 0, 0
81249, 640, 1, 0, 0
81349, 640, 1, 0, 0
81449, 560, 1, 0, 0
81549, 720, 1, 0, 0
81649, 600, 1, 0, 0
81750, 680, 1, 0, 0
81850, 720, 1, 0, 0
81950, 440, 1, 0, 0
82050, 680, 1, 0, 0
82150, 560, 1, 0, 0
82249, 606, 1, 0, 0
82349, 600, 1, 0, 0
82449, 600, 1, 0, 0
82549, 600, 1, 0, 0
82649, 640, 1, 0, 0
82749, 760, 1, 0, 0
82850, 640, 1, 0, 0
82950, 440, 1, 0, 0
83050, 720, 1, 0, 0
83150, 560, 1, 0, 0
83249, 202, 1, 0, 0
83349, 200, 1, 0, 0
83449, 200, 1, 0, 0
83549, 160, 1, 0, 0
83649, 200, 1, 0, 0
83750, 200, 1, 0, 0
83850, 240, 1, 0, 0
83950, 320, 1, 0, 0
84050, 480, 1, 0, 0
84150, 560, 1, 0, 0
84249, 444, 1, 0, 0
84349, 600, 1, 0, 0
84449, 560, 1, 0, 0
84549, 600, 1, 0, 0
84649, 560, 1, 0, 0
84749, 600, 1, 0, 0
84849, 720, 1, 0, 0
84950, 480, 1, 0, 0
85050, 520, 1, 0, 0
85150, 600, 1, 0, 0
85249, 808, 1, 0, 0
85349, 600, 1, 0, 0
85449, 600, 1, 0, 0
85549, 760, 1, 0, 0
85649, 720, 1, 0, 0
85749, 640, 1, 0, 0
85849, 600, 1, 0, 0
85949, 720, 1, 0, 0
86049, 640, 1, 0, 0
86150, 720, 1, 0, 0
86249, 606, 1, 0, 0
86349, 720, 1, 0, 0
86449, 720, 1, 0, 0
86549, 600, 1, 0, 0
86649, 600, 1, 0, 0
86749, 520, 1, 0, 0
86849, 200, 1, 0, 0
86949, 200, 1, 0, 0
87049, 200, 1, 0, 0
87149, 200, 1, 0, 0
87250, 40, 1, 0, 0
87350, 200, 1, 0, 0
87450, 200, 1, 0, 0
87550, 160, 1, 0, 0
87650, 720, 1, 0, 0
87749, 606, 1, 0, 0
87849, 600, 1, 0, 0
87949, 640, 1, 0, 0
88049, 600, 1, 0, 0
88149, 600, 1, 0, 0
88249, 600, 1, 0, 0
88350, 640, 1, 0, 0
88450, 640, 1, 0, 0
88550, 720, 1, 0, 0
88650, 760, 1, 0, 0
88749, 606, 1, 0, 0
88849, 560, 1, 0, 0
88949, 600, 1, 0, 0
89049, 480, 1, 0, 0
89149, 760, 1, 0, 0
89249, 520, 1, 0, 0
89349, 640, 1, 0, 0
89449, 640, 1, 0, 0
89549, 520, 1, 0, 0
89649, 600, 1, 0, 0
89750, 520, 1, 0, 0
89850, 760, 1, 0, 0
89950, 640, 1, 0, 0
