100, 934219, 0, 0, 0
200, 913682, 0, 0, 0
300, 960526, 0, 0, 0
400, 961957, 0, 0, 0
500, 1090583, 0, 0, 0
600, 1016684, 0, 0, 0
700, 1085738, 0, 0, 0
800, 1111062, 0, 0, 0
900, 980547, 0, 0, 0
1000, 1054176, 0, 0, 0
1100, 1012735, 0, 0, 0
1200, 1060337, 0, 0, 0
1300, 1108532, 0, 0, 0
1400, 1107690, 0, 0, 0
1500, 903451, 0, 0, 0
1600, 961380, 0, 0, 0
1700, 913377, 0, 0, 0
1800, 963206, 0, 0, 0
1900, 1038170, 0, 0, 0
2000, 964210, 0, 0, 0
2100, 942993, 0, 0, 0
2200, 964564, 0, 0, 0
2300, 1283120, 0, 0, 0
2400, 917037, 0, 0, 0
2500, 1004442, 0, 0, 0
2600, 976466, 0, 0, 0
2700, 967018, 0, 0, 0
2800, 1003211, 0, 0, 0
2900, 993843, 0, 0, 0
3000, 954797, 0, 0, 0
3100, 930166, 0, 0, 0
3200, 892579, 0, 0, 0
3300, 877923, 0, 0, 0
3400, 1134074, 0, 0, 0
3500, 1037778, 0, 0, 0
3600, 968137, 0, 0, 0
3700, 899099, 0, 0, 0
3800, 1047519, 0, 0, 0
3900, 938744, 0, 0, 0
4001, 935155, 0, 0, 0
4100, 946592, 0, 0, 0
4200, 921735, 0, 0, 0
4300, 985382, 0, 0, 0
4400, 940845, 0, 0, 0
4500, 906703, 0, 0, 0
4600, 958592, 0, 0, 0
4700, 962730, 0, 0, 0
4800, 916415, 0, 0, 0
4900, 930015, 0, 0, 0
5000, 864428, 0, 0, 0
5100, 951063, 0, 0, 0
5200, 947365, 0, 0, 0
5300, 978413, 0, 0, 0
5400, 952383, 0, 0, 0
5500, 1017970, 0, 0, 0
5600, 992382, 0, 0, 0
5700, 877687, 0, 0, 0
5800, 995358, 0, 0, 0
5900, 1030530, 0, 0, 0
6000, 868432, 0, 0, 0
6100, 1072026, 0, 0, 0
6200, 926515, 0, 0, 0
6300, 917424, 0, 0, 0
6400, 908861, 0, 0, 0
6500, 938939, 0, 0, 0
6600, 855039, 0, 0, 0
6700, 963899, 0, 0, 0
6800, 962727, 0, 0, 0
6900, 1190201, 0, 0, 0
7000, 962688, 0, 0, 0
7100, 906184, 0, 0, 0
7200, 1058500, 0, 0, 0
7300, 1137400, 0, 0, 0
7400, 936483, 0, 0, 0
7500, 888815, 0, 0, 0
7600, 919793, 0, 0, 0
7700, 944938, 0, 0, 0
7800, 944596, 0, 0, 0
7900, 983750, 0, 0, 0
8000, 1089543, 0, 0, 0
8100, 860483, 0, 0, 0
8200, 1011490, 0, 0, 0
8300, 1013526, 0, 0, 0
8400, 875356, 0, 0, 0
8500, 912702, 0, 0, 0
8600, 962297, 0, 0, 0
8700, 930916, 0, 0, 0
8800, 940713, 0, 0, 0
8900, 1103552, 0, 0, 0
9000, 1224007, 0, 0, 0
9100, 944978, 0, 0, 0
9200, 1088712, 0, 0, 0
9300, 947087, 0, 0, 0
9400, 888774, 0, 0, 0
9500, 1030279, 0, 0, 0
9600, 924622, 0, 0, 0
9700, 969569, 0, 0, 0
9800, 1153665, 0, 0, 0
9900, 1014904, 0, 0, 0
10000, 941960, 0, 0, 0
10100, 928039, 0, 0, 0
10200, 970143, 0, 0, 0
10300, 1194003, 0, 0, 0
10400, 901360, 0, 0, 0
10500, 989809, 0, 0, 0
10600, 1027780, 0, 0, 0
10700, 968085, 0, 0, 0
10800, 989434, 0, 0, 0
10900, 997978, 0, 0, 0
11000, 1027738, 0, 0, 0
11100, 1119411, 0, 0, 0
11200, 903706, 0, 0, 0
11300, 1017352, 0, 0, 0
11400, 1001546, 0, 0, 0
11500, 1130095, 0, 0, 0
11600, 885255, 0, 0, 0
11700, 977817, 0, 0, 0
11800, 1004508, 0, 0, 0
11900, 1052428, 0, 0, 0
12000, 1302825, 0, 0, 0
12100, 940701, 0, 0, 0
12200, 956744, 0, 0, 0
12300, 907565, 0, 0, 0
12400, 966446, 0, 0, 0
12500, 989487, 0, 0, 0
12600, 981705, 0, 0, 0
12700, 902193, 0, 0, 0
12800, 1057485, 0, 0, 0
12900, 858522, 0, 0, 0
13000, 1049959, 0, 0, 0
13100, 986903, 0, 0, 0
13200, 738269, 0, 0, 0
13300, 947628, 0, 0, 0
13400, 999805, 0, 0, 0
13500, 1110604, 0, 0, 0
13600, 1002543, 0, 0, 0
13700, 944261, 0, 0, 0
13800, 921993, 0, 0, 0
13900, 998518, 0, 0, 0
14000, 927138, 0, 0, 0
14100, 1262313, 0, 0, 0
14200, 913524, 0, 0, 0
14300, 959513, 0, 0, 0
14400, 1138515, 0, 0, 0
14500, 1088503, 0, 0, 0
14600, 844465, 0, 0, 0
14700, 961462, 0, 0, 0
14800, 979136, 0, 0, 0
14900, 1166524, 0, 0, 0
15000, 1189776, 0, 0, 0
15100, 1185180, 0, 0, 0
15200, 931807, 0, 0, 0
15300, 1020430, 0, 0, 0
15400, 1157517, 0, 0, 0
15500, 1030259, 0, 0, 0
15600, 958106, 0, 0, 0
15700, 934342, 0, 0, 0
15800, 1083471, 0, 0, 0
15900, 1048557, 0, 0, 0
16000, 1216324, 0, 0, 0
16100, 856802, 0, 0, 0
16200, 935636, 0, 0, 0
16300, 966490, 0, 0, 0
16400, 911453, 0, 0, 0
16500, 1085203, 0, 0, 0
16600, 899357, 0, 0, 0
16700, 1336965, 0, 0, 0
16800, 1039773, 0, 0, 0
16900, 1142276, 0, 0, 0
17000, 1092699, 0, 0, 0
17100, 856497, 0, 0, 0
17200, 926679, 0, 0, 0
17300, 900504, 0, 0, 0
17400, 929067, 0, 0, 0
17500, 958704, 0, 0, 0
17600, 879328, 0, 0, 0
17700, 905126, 0, 0, 0
17800, 910472, 0, 0, 0
17900, 888974, 0, 0, 0
18000, 858808, 0, 0, 0
18100, 857925, 0, 0, 0
18200, 899847, 0, 0, 0
18300, 886736, 0, 0, 0
18400, 1039759, 0, 0, 0
18500, 1209872, 0, 0, 0
18600, 1028991, 0, 0, 0
18700, 945710, 0, 0, 0
18800, 917297, 0, 0, 0
18900, 1179048, 0, 0, 0
19000, 971247, 0, 0, 0
19100, 894744, 0, 0, 0
19200, 903010, 0, 0, 0
19300, 1014061, 0, 0, 0
19400, 1000802, 0, 0, 0
19500, 1126270, 0, 0, 0
19600, 847767, 0, 0, 0
19700, 945430, 0, 0, 0
19800, 939248, 0, 0, 0
19900, 978990, 0, 0, 0
20000, 1018085, 0, 0, 0
20100, 910945, 0, 0, 0
20200, 941800, 0, 0, 0
20300, 912758, 0, 0, 0
20400, 927010, 0, 0, 0
20500, 1004749, 0, 0, 0
20600, 979201, 0, 0, 0
20700, 1140106, 0, 0, 0
20800, 951410, 0, 0, 0
20900, 922409, 0, 0, 0
21000, 983257, 0, 0, 0
21100, 1012272, 0, 0, 0
21200, 905398, 0, 0, 0
21300, 928464, 0, 0, 0
21400, 1013027, 0, 0, 0
21500, 981301, 0, 0, 0
21600, 945123, 0, 0, 0
21700, 910362, 0, 0, 0
21800, 923355, 0, 0, 0
21900, 995371, 0, 0, 0
22000, 1116249, 0, 0, 0
22100, 1071470, 0, 0, 0
22200, 869235, 0, 0, 0
22300, 1099534, 0, 0, 0
22400, 1236765, 0, 0, 0
22500, 907849, 0, 0, 0
22600, 905674, 0, 0, 0
22700, 927552, 0, 0, 0
22800, 994313, 0, 0, 0
22900, 959764, 0, 0, 0
23000, 1041768, 0, 0, 0
23100, 991891, 0, 0, 0
23200, 936328, 0, 0, 0
23300, 981742, 0, 0, 0
23400, 1027876, 0, 0, 0
23500, 833232, 0, 0, 0
23600, 883217, 0, 0, 0
23701, 1067278, 0, 0, 0
23800, 1362546, 0, 0, 0
23900, 931123, 0, 0, 0
24000, 894474, 0, 0, 0
24101, 971314, 0, 0, 0
24200, 1780968, 0, 0, 0
24300, 987276, 0, 0, 0
24400, 861473, 0, 0, 0
24500, 928178, 0, 0, 0
24600, 892500, 0, 0, 0
24700, 914470, 0, 0, 0
24800, 922529, 0, 0, 0
24900, 898352, 0, 0, 0
25000, 1162025, 0, 0, 0
25100, 889960, 0, 0, 0
25200, 900585, 0, 0, 0
25300, 934283, 0, 0, 0
25400, 852566, 0, 0, 0
25500, 1592964, 0, 0, 0
25600, 907595, 0, 0, 0
25700, 974158, 0, 0, 0
25800, 973262, 0, 0, 0
25900, 970941, 0, 0, 0
26000, 937128, 0, 0, 0
26100, 984344, 0, 0, 0
26200, 1147101, 0, 0, 0
26300, 1031713, 0, 0, 0
26400, 911846, 0, 0, 0
26500, 1142650, 0, 0, 0
26600, 1043137, 0, 0, 0
26700, 1009352, 0, 0, 0
26800, 951648, 0, 0, 0
26900, 916075, 0, 0, 0
27000, 890036, 0, 0, 0
27100, 899186, 0, 0, 0
27200, 769875, 0, 0, 0
27300, 966591, 0, 0, 0
27400, 923265, 0, 0, 0
27500, 896355, 0, 0, 0
27600, 924478, 0, 0, 0
27700, 1074484, 0, 0, 0
27800, 1011948, 0, 0, 0
27900, 880849, 0, 0, 0
28000, 896287, 0, 0, 0
28100, 1037337, 0, 0, 0
28200, 1007232, 0, 0, 0
28300, 860380, 0, 0, 0
28400, 918956, 0, 0, 0
28500, 1105476, 0, 0, 0
28600, 912847, 0, 0, 0
28700, 902654, 0, 0, 0
28800, 921287, 0, 0, 0
28900, 927168, 0, 0, 0
29000, 960237, 0, 0, 0
29100, 1016052, 0, 0, 0
29200, 919624, 0, 0, 0
29300, 786596, 0, 0, 0
29400, 954572, 0, 0, 0
29500, 919497, 0, 0, 0
29600, 925511, 0, 0, 0
29700, 938037, 0, 0, 0
29800, 910383, 0, 0, 0
29900, 879050, 0, 0, 0
30000, 787164, 0, 0, 0
30100, 876385, 0, 0, 0
30200, 866858, 0, 0, 0
30300, 956382, 0, 0, 0
30400, 1249512, 0, 0, 0
30500, 950099, 0, 0, 0
30600, 1861112, 0, 0, 0
30700, 1041296, 0, 0, 0
30800, 1245488, 0, 0, 0
30900, 981598, 0, 0, 0
31000, 1659094, 0, 0, 0
31100, 979124, 0, 0, 0
31200, 918417, 0, 0, 0
31300, 1046867, 0, 0, 0
31400, 1684000, 0, 0, 0
31500, 1526768, 0, 0, 0
31600, 1000446, 0, 0, 0
31700, 912043, 0, 0, 0
31800, 960277, 0, 0, 0
31900, 966929, 0, 0, 0
32000, 1052800, 0, 0, 0
32100, 1005332, 0, 0, 0
32200, 1025902, 0, 0, 0
32300, 910888, 0, 0, 0
32400, 992078, 0, 0, 0
32500, 957462, 0, 0, 0
32600, 972825, 0, 0, 0
32700, 1023280, 0, 0, 0
32800, 908705, 0, 0, 0
32900, 1154624, 0, 0, 0
33000, 911588, 0, 0, 0
33101, 1041811, 0, 0, 0
33200, 1346764, 0, 0, 0
33300, 1031960, 0, 0, 0
33400, 949443, 0, 0, 0
33500, 878969, 0, 0, 0
33600, 915883, 0, 0, 0
33700, 1109827, 0, 0, 0
33800, 1433823, 0, 0, 0
33900, 915273, 0, 0, 0
34000, 899034, 0, 0, 0
34100, 915965, 0, 0, 0
34200, 986779, 0, 0, 0
34300, 881083, 0, 0, 0
34400, 908660, 0, 0, 0
34500, 876616, 0, 0, 0
34600, 1012115, 0, 0, 0
34700, 1002984, 0, 0, 0
34800, 1277855, 0, 0, 0
34900, 1079436, 0, 0, 0
35000, 956078, 0, 0, 0
35100, 944364, 0, 0, 0
35200, 923344, 0, 0, 0
35300, 865663, 0, 0, 0
35400, 972811, 0, 0, 0
35500, 941667, 0, 0, 0
35600, 1065597, 0, 0, 0
35700, 903583, 0, 0, 0
35800, 959005, 0, 0, 0
35900, 976054, 0, 0, 0
36000, 992347, 0, 0, 0
36100, 933212, 0, 0, 0
36200, 1044037, 0, 0, 0
36300, 941792, 0, 0, 0
36400, 921391, 0, 0, 0
36500, 948776, 0, 0, 0
36600, 948358, 0, 0, 0
36700, 949272, 0, 0, 0
36800, 1127777, 0, 0, 0
36900, 1070454, 0, 0, 0
37000, 877949, 0, 0, 0
37100, 955650, 0, 0, 0
37200, 985054, 0, 0, 0
37300, 1065389, 0, 0, 0
37400, 991373, 0, 0, 0
37500, 970477, 0, 0, 0
37600, 941012, 0, 0, 0
37700, 979596, 0, 0, 0
37800, 881491, 0, 0, 0
37900, 938605, 0, 0, 0
38000, 988117, 0, 0, 0
38100, 1103767, 0, 0, 0
38200, 818668, 0, 0, 0
38300, 974117, 0, 0, 0
38400, 934944, 0, 0, 0
38500, 877691, 0, 0, 0
38600, 959211, 0, 0, 0
38700, 866150, 0, 0, 0
38800, 992952, 0, 0, 0
38900, 927448, 0, 0, 0
39000, 1286410, 0, 0, 0
39100, 823850, 0, 0, 0
39200, 893929, 0, 0, 0
39300, 1052641, 0, 0, 0
39400, 1153677, 0, 0, 0
39500, 922289, 0, 0, 0
39600, 965812, 0, 0, 0
39700, 861745, 0, 0, 0
39800, 814900, 0, 0, 0
39900, 889792, 0, 0, 0
40000, 966788, 0, 0, 0
40100, 1043189, 0, 0, 0
40200, 921601, 0, 0, 0
40300, 967686, 0, 0, 0
40400, 1071188, 0, 0, 0
40500, 903528, 0, 0, 0
40601, 958017, 0, 0, 0
40700, 1614506, 0, 0, 0
40800, 1178571, 0, 0, 0
40900, 1040039, 0, 0, 0
41000, 951535, 0, 0, 0
41100, 935613, 0, 0, 0
41200, 1147584, 0, 0, 0
41300, 955678, 0, 0, 0
41400, 832400, 0, 0, 0
41500, 1004053, 0, 0, 0
41600, 939155, 0, 0, 0
41700, 950898, 0, 0, 0
41800, 966747, 0, 0, 0
41900, 894326, 0, 0, 0
42000, 818756, 0, 0, 0
42100, 1120905, 0, 0, 0
42200, 1012802, 0, 0, 0
42300, 899515, 0, 0, 0
42400, 868484, 0, 0, 0
42500, 875979, 0, 0, 0
42600, 855928, 0, 0, 0
42700, 970213, 0, 0, 0
42800, 972723, 0, 0, 0
42900, 1098609, 0, 0, 0
43000, 1011829, 0, 0, 0
43100, 910281, 0, 0, 0
43200, 909626, 0, 0, 0
43300, 1041915, 0, 0, 0
43400, 1061551, 0, 0, 0
43500, 867141, 0, 0, 0
43600, 936213, 0, 0, 0
43700, 907611, 0, 0, 0
43800, 895265, 0, 0, 0
43900, 959069, 0, 0, 0
44000, 935990, 0, 0, 0
44100, 974299, 0, 0, 0
44200, 1014409, 0, 0, 0
44300, 983226, 0, 0, 0
44400, 944346, 0, 0, 0
44500, 959841, 0, 0, 0
44600, 935988, 0, 0, 0
44700, 894978, 0, 0, 0
44800, 1008296, 0, 0, 0
44900, 1201221, 0, 0, 0
45000, 933131, 0, 0, 0
45100, 1001612, 0, 0, 0
45200, 884429, 0, 0, 0
45300, 1262478, 0, 0, 0
45400, 1029592, 0, 0, 0
45500, 1009911, 0, 0, 0
45600, 979189, 0, 0, 0
45700, 897581, 0, 0, 0
45800, 1155411, 0, 0, 0
45900, 842249, 0, 0, 0
46000, 860205, 0, 0, 0
46100, 1070847, 0, 0, 0
46200, 984184, 0, 0, 0
46300, 972909, 0, 0, 0
46400, 910033, 0, 0, 0
46500, 987757, 0, 0, 0
46600, 908449, 0, 0, 0
46700, 849195, 0, 0, 0
46800, 862693, 0, 0, 0
46900, 952575, 0, 0, 0
47000, 866845, 0, 0, 0
47100, 1019577, 0, 0, 0
47200, 873963, 0, 0, 0
47300, 928166, 0, 0, 0
47400, 907662, 0, 0, 0
47500, 969147, 0, 0, 0
47600, 1218255, 0, 0, 0
47700, 938873, 0, 0, 0
47800, 892602, 0, 0, 0
47900, 939439, 0, 0, 0
48000, 935124, 0, 0, 0
48100, 955024, 0, 0, 0
48200, 948857, 0, 0, 0
48300, 1051180, 0, 0, 0
48400, 1303119, 0, 0, 0
48500, 1025903, 0, 0, 0
48600, 1253889, 0, 0, 0
48700, 944204, 0, 0, 0
48800, 1073086, 0, 0, 0
48900, 992412, 0, 0, 0
49000, 975918, 0, 0, 0
49100, 950115, 0, 0, 0
49200, 918094, 0, 0, 0
49300, 1036865, 0, 0, 0
49400, 966346, 0, 0, 0
49500, 1339096, 0, 0, 0
49600, 987440, 0, 0, 0
49700, 995935, 0, 0, 0
49800, 1275148, 0, 0, 0
49900, 1025230, 0, 0, 0
50000, 1176955, 0, 0, 0
50100, 970230, 0, 0, 0
50200, 1112754, 0, 0, 0
50300, 986566, 0, 0, 0
50400, 904075, 0, 0, 0
50500, 956081, 0, 0, 0
50600, 987615, 0, 0, 0
50700, 1996700, 0, 0, 0
50800, 980244, 0, 0, 0
50900, 1438564, 0, 0, 0
51000, 1137208, 0, 0, 0
51100, 1068173, 0, 0, 0
51200, 1070089, 0, 0, 0
51300, 1882337, 0, 0, 0
51400, 958511, 0, 0, 0
51500, 925283, 0, 0, 0
51600, 1011836, 0, 0, 0
51700, 1243926, 0, 0, 0
51800, 1365557, 0, 0, 0
51900, 926293, 0, 0, 0
52000, 1049128, 0, 0, 0
52100, 966125, 0, 0, 0
52200, 941763, 0, 0, 0
52301, 961301, 0, 0, 0
52400, 968752, 0, 0, 0
52500, 887212, 0, 0, 0
52600, 938527, 0, 0, 0
52700, 1061608, 0, 0, 0
52800, 1356883, 0, 0, 0
52900, 1018151, 0, 0, 0
53000, 1044987, 0, 0, 0
53101, 1097421, 0, 0, 0
53200, 963948, 0, 0, 0
53300, 942499, 0, 0, 0
53400, 994788, 0, 0, 0
53500, 975242, 0, 0, 0
53600, 930602, 0, 0, 0
53700, 1056227, 0, 0, 0
53800, 1192852, 0, 0, 0
53900, 882169, 0, 0, 0
54000, 1034442, 0, 0, 0
54100, 944518, 0, 0, 0
54200, 979731, 0, 0, 0
54300, 1197915, 0, 0, 0
54400, 901780, 0, 0, 0
54500, 839308, 0, 0, 0
54600, 867931, 0, 0, 0
54700, 928470, 0, 0, 0
54800, 1153012, 0, 0, 0
54900, 909836, 0, 0, 0
55000, 944050, 0, 0, 0
55100, 949227, 0, 0, 0
55200, 947324, 0, 0, 0
55300, 959571, 0, 0, 0
55400, 990028, 0, 0, 0
55500, 890018, 0, 0, 0
55600, 1212200, 0, 0, 0
55700, 959030, 0, 0, 0
55800, 941600, 0, 0, 0
55900, 1008990, 0, 0, 0
56000, 958071, 0, 0, 0
56100, 984690, 0, 0, 0
56200, 1011421, 0, 0, 0
56300, 1252097, 0, 0, 0
56400, 1084176, 0, 0, 0
56500, 928061, 0, 0, 0
56600, 945677, 0, 0, 0
56700, 1168569, 0, 0, 0
56800, 874363, 0, 0, 0
56900, 953308, 0, 0, 0
57000, 912650, 0, 0, 0
57100, 932495, 0, 0, 0
57200, 950996, 0, 0, 0
57300, 1108469, 0, 0, 0
57400, 1058398, 0, 0, 0
57500, 902856, 0, 0, 0
57600, 856692, 0, 0, 0
57700, 926915, 0, 0, 0
57800, 916194, 0, 0, 0
57900, 929333, 0, 0, 0
58000, 925413, 0, 0, 0
58100, 838709, 0, 0, 0
58200, 997748, 0, 0, 0
58300, 1212679, 0, 0, 0
58400, 999944, 0, 0, 0
58500, 1065599, 0, 0, 0
58600, 1442848, 0, 0, 0
58700, 1383631, 0, 0, 0
58800, 984807, 0, 0, 0
58900, 1141725, 0, 0, 0
59000, 968737, 0, 0, 0
59100, 1068560, 0, 0, 0
59200, 1086682, 0, 0, 0
59300, 975117, 0, 0, 0
59400, 1023375, 0, 0, 0
59500, 1073705, 0, 0, 0
59600, 964036, 0, 0, 0
59700, 945495, 0, 0, 0
59800, 1102924, 0, 0, 0
59900, 957545, 0, 0, 0
60000, 878941, 0, 0, 0
60100, 948296, 0, 0, 0
60200, 895853, 0, 0, 0
60300, 956115, 0, 0, 0
60400, 981142, 0, 0, 0
60500, 1015308, 0, 0, 0
60600, 959777, 0, 0, 0
60700, 872283, 0, 0, 0
60800, 1105610, 0, 0, 0
60900, 974332, 0, 0, 0
61000, 916969, 0, 0, 0
61100, 1025128, 0, 0, 0
61200, 985582, 0, 0, 0
61300, 1001724, 0, 0, 0
61400, 1067705, 0, 0, 0
61500, 1059960, 0, 0, 0
61600, 880420, 0, 0, 0
61700, 895126, 0, 0, 0
61800, 1070984, 0, 0, 0
61900, 1001770, 0, 0, 0
62000, 984407, 0, 0, 0
62100, 1163036, 0, 0, 0
62201, 1030510, 0, 0, 0
62300, 1448259, 0, 0, 0
62400, 922572, 0, 0, 0
62500, 1090912, 0, 0, 0
62600, 964711, 0, 0, 0
62700, 1278345, 0, 0, 0
62800, 912729, 0, 0, 0
62900, 958764, 0, 0, 0
63000, 982034, 0, 0, 0
63100, 1035358, 0, 0, 0
63200, 859992, 0, 0, 0
63300, 1285183, 0, 0, 0
63400, 976454, 0, 0, 0
63500, 1013557, 0, 0, 0
63600, 1022206, 0, 0, 0
63700, 997705, 0, 0, 0
63800, 1078810, 0, 0, 0
63900, 1143051, 0, 0, 0
64000, 1009592, 0, 0, 0
64100, 1091409, 0, 0, 0
64200, 1056681, 0, 0, 0
64300, 1227895, 0, 0, 0
64400, 1338353, 0, 0, 0
64500, 929395, 0, 0, 0
64600, 876049, 0, 0, 0
64700, 934342, 0, 0, 0
64800, 934725, 0, 0, 0
64900, 986194, 0, 0, 0
65000, 1137287, 0, 0, 0
65100, 937711, 0, 0, 0
65200, 1070214, 0, 0, 0
65300, 935647, 0, 0, 0
65400, 863132, 0, 0, 0
65500, 867155, 0, 0, 0
65600, 995630, 0, 0, 0
65700, 1036854, 0, 0, 0
65800, 912111, 0, 0, 0
65900, 1039548, 0, 0, 0
66000, 981792, 0, 0, 0
66100, 1069221, 0, 0, 0
66200, 940695, 0, 0, 0
66300, 985092, 0, 0, 0
66400, 2142818, 0, 0, 0
66500, 1033614, 0, 0, 0
66600, 949956, 0, 0, 0
66700, 974451, 0, 0, 0
66800, 1031209, 0, 0, 0
66900, 840424, 0, 0, 0
67000, 913378, 0, 0, 0
67100, 931140, 0, 0, 0
67200, 923511, 0, 0, 0
67300, 935032, 0, 0, 0
67400, 1009163, 0, 0, 0
67500, 956987, 0, 0, 0
67600, 917140, 0, 0, 0
67700, 856619, 0, 0, 0
67800, 921759, 0, 0, 0
67900, 903756, 0, 0, 0
68000, 921587, 0, 0, 0
68100, 907314, 0, 0, 0
68201, 1012111, 0, 0, 0
68300, 1044900, 0, 0, 0
68400, 931186, 0, 0, 0
68500, 1008723, 0, 0, 0
68600, 959112, 0, 0, 0
68700, 993897, 0, 0, 0
68800, 909471, 0, 0, 0
68900, 901073, 0, 0, 0
69000, 843999, 0, 0, 0
69100, 980659, 0, 0, 0
69200, 965785, 0, 0, 0
69300, 956743, 0, 0, 0
69400, 880631, 0, 0, 0
69500, 929690, 0, 0, 0
69600, 1096107, 0, 0, 0
69700, 1146553, 0, 0, 0
69800, 906968, 0, 0, 0
69900, 911281, 0, 0, 0
70000, 938286, 0, 0, 0
70100, 909925, 0, 0, 0
70200, 970537, 0, 0, 0
70300, 1158585, 0, 0, 0
70401, 1164815, 0, 0, 0
70500, 1271291, 0, 0, 0
70600, 1254961, 0, 0, 0
70700, 983466, 0, 0, 0
70800, 984044, 0, 0, 0
70900, 932695, 0, 0, 0
71000, 921549, 0, 0, 0
71100, 912626, 0, 0, 0
71200, 902561, 0, 0, 0
71300, 956392, 0, 0, 0
71400, 969966, 0, 0, 0
71500, 1229155, 0, 0, 0
71600, 999869, 0, 0, 0
71700, 1210307, 0, 0, 0
71800, 959878, 0, 0, 0
71900, 922137, 0, 0, 0
72000, 926458, 0, 0, 0
72100, 1227715, 0, 0, 0
72200, 983274, 0, 0, 0
72300, 1070734, 0, 0, 0
72400, 1110398, 0, 0, 0
72500, 1022848, 0, 0, 0
72600, 921891, 0, 0, 0
72700, 965773, 0, 0, 0
72800, 960920, 0, 0, 0
72900, 1023743, 0, 0, 0
73000, 975592, 0, 0, 0
73100, 978885, 0, 0, 0
73200, 925952, 0, 0, 0
73300, 846840, 0, 0, 0
73400, 905049, 0, 0, 0
73500, 1005101, 0, 0, 0
73600, 952839, 0, 0, 0
73700, 870562, 0, 0, 0
73802, 1113128, 0, 0, 0
73900, 1025384, 0, 0, 0
74000, 894357, 0, 0, 0
74100, 921321, 0, 0, 0
74200, 937221, 0, 0, 0
74300, 893643, 0, 0, 0
74400, 923672, 0, 0, 0
74500, 1008268, 0, 0, 0
74600, 996029, 0, 0, 0
74700, 946521, 0, 0, 0
74800, 943152, 0, 0, 0
74900, 1083213, 0, 0, 0
75000, 925426, 0, 0, 0
75100, 1035564, 0, 0, 0
75200, 923651, 0, 0, 0
75300, 1016456, 0, 0, 0
75400, 954966, 0, 0, 0
75500, 895130, 0, 0, 0
75600, 1070834, 0, 0, 0
75700, 1023063, 0, 0, 0
75800, 1014113, 0, 0, 0
75900, 1138525, 0, 0, 0
76000, 940344, 0, 0, 0
76100, 932449, 0, 0, 0
76200, 964238, 0, 0, 0
76300, 944933, 0, 0, 0
76400, 997623, 0, 0, 0
76500, 1277090, 0, 0, 0
76600, 1007498, 0, 0, 0
76700, 942621, 0, 0, 0
76800, 1005747, 0, 0, 0
76900, 1263125, 0, 0, 0
77001, 1237727, 0, 0, 0
77100, 1021550, 0, 0, 0
77200, 1195015, 0, 0, 0
77300, 875634, 0, 0, 0
77400, 1085905, 0, 0, 0
77500, 904617, 0, 0, 0
77600, 1010338, 0, 0, 0
77700, 963054, 0, 0, 0
77800, 1103077, 0, 0, 0
77900, 880799, 0, 0, 0
78000, 916309, 0, 0, 0
78100, 1197022, 0, 0, 0
78200, 936200, 0, 0, 0
78300, 1115315, 0, 0, 0
78400, 915475, 0, 0, 0
78500, 1182480, 0, 0, 0
78600, 1037249, 0, 0, 0
78700, 937123, 0, 0, 0
78800, 922134, 0, 0, 0
78900, 910596, 0, 0, 0
79000, 880821, 0, 0, 0
79100, 1078107, 0, 0, 0
79201, 1117230, 0, 0, 0
79300, 1249436, 0, 0, 0
79400, 902986, 0, 0, 0
79500, 959987, 0, 0, 0
79600, 960389, 0, 0, 0
79700, 934257, 0, 0, 0
79800, 992241, 0, 0, 0
79900, 930177, 0, 0, 0
80000, 861703, 0, 0, 0
80100, 936285, 0, 0, 0
80200, 916282, 0, 0, 0
80300, 927820, 0, 0, 0
80400, 943912, 0, 0, 0
80500, 1112373, 0, 0, 0
80600, 890929, 0, 0, 0
80700, 863356, 0, 0, 0
80800, 1009916, 0, 0, 0
80900, 1028870, 0, 0, 0
81000, 1013440, 0, 0, 0
81100, 1221453, 0, 0, 0
81200, 1001028, 0, 0, 0
81300, 957580, 0, 0, 0
81400, 1121589, 0, 0, 0
81500, 944053, 0, 0, 0
81600, 926768, 0, 0, 0
81700, 1423925, 0, 0, 0
81800, 1449089, 0, 0, 0
81900, 929651, 0, 0, 0
82000, 951499, 0, 0, 0
82100, 988812, 0, 0, 0
82200, 926925, 0, 0, 0
82300, 862888, 0, 0, 0
82400, 1077168, 0, 0, 0
82500, 1066656, 0, 0, 0
82600, 909071, 0, 0, 0
82700, 999032, 0, 0, 0
82800, 1006818, 0, 0, 0
82900, 1004643, 0, 0, 0
83000, 994439, 0, 0, 0
83100, 964339, 0, 0, 0
83200, 944470, 0, 0, 0
83300, 956933, 0, 0, 0
83400, 1177319, 0, 0, 0
83500, 917185, 0, 0, 0
83600, 1033128, 0, 0, 0
83700, 2267327, 0, 0, 0
83800, 962771, 0, 0, 0
83900, 1038336, 0, 0, 0
84000, 939413, 0, 0, 0
84100, 960399, 0, 0, 0
84200, 867129, 0, 0, 0
84300, 980168, 0, 0, 0
84400, 1276466, 0, 0, 0
84500, 997231, 0, 0, 0
84600, 949569, 0, 0, 0
84700, 1269176, 0, 0, 0
84800, 959816, 0, 0, 0
84901, 1168548, 0, 0, 0
85000, 1055431, 0, 0, 0
85100, 955631, 0, 0, 0
85200, 967721, 0, 0, 0
85300, 1113339, 0, 0, 0
85400, 1085339, 0, 0, 0
85500, 956931, 0, 0, 0
85600, 869165, 0, 0, 0
85700, 972389, 0, 0, 0
85800, 953601, 0, 0, 0
85900, 945139, 0, 0, 0
86000, 944475, 0, 0, 0
86100, 976548, 0, 0, 0
86200, 955180, 0, 0, 0
86300, 1035916, 0, 0, 0
86400, 938378, 0, 0, 0
86500, 1055811, 0, 0, 0
86600, 877290, 0, 0, 0
86700, 999897, 0, 0, 0
86800, 1282646, 0, 0, 0
86900, 922945, 0, 0, 0
87000, 1006807, 0, 0, 0
87100, 885484, 0, 0, 0
87201, 1044247, 0, 0, 0
87300, 1179059, 0, 0, 0
87400, 937085, 0, 0, 0
87500, 927424, 0, 0, 0
87600, 1178632, 0, 0, 0
87700, 905232, 0, 0, 0
87800, 918490, 0, 0, 0
87900, 897763, 0, 0, 0
88000, 937427, 0, 0, 0
88100, 908914, 0, 0, 0
88200, 851426, 0, 0, 0
88300, 889056, 0, 0, 0
88400, 926792, 0, 0, 0
88500, 990453, 0, 0, 0
88600, 1093593, 0, 0, 0
88700, 1062841, 0, 0, 0
88800, 1079169, 0, 0, 0
88900, 1061397, 0, 0, 0
89000, 1023117, 0, 0, 0
89100, 902668, 0, 0, 0
89200, 925854, 0, 0, 0
89300, 951513, 0, 0, 0
89400, 1095471, 0, 0, 0
89500, 869241, 0, 0, 0
89600, 892107, 0, 0, 0
89700, 904596, 0, 0, 0
89800, 859767, 0, 0, 0
89900, 976722, 0, 0, 0
90003, 1453242, 0, 0, 0
90003, 9775388, 0, 0, 0
