250, 59776, 0, 0, 0
350, 73920, 0, 0, 0
450, 64320, 0, 0, 0
550, 64000, 0, 0, 0
650, 54080, 0, 0, 0
749, 67232, 0, 0, 0
849, 68800, 0, 0, 0
949, 72640, 0, 0, 0
1049, 63360, 0, 0, 0
1149, 72320, 0, 0, 0
1249, 55360, 0, 0, 0
1350, 71040, 0, 0, 0
1450, 70080, 0, 0, 0
1550, 50880, 0, 0, 0
1650, 63040, 0, 0, 0
1749, 64646, 0, 0, 0
1849, 48640, 0, 0, 0
1949, 56640, 0, 0, 0
2049, 59520, 0, 0, 0
2149, 75840, 0, 0, 0
2249, 63680, 0, 0, 0
2349, 52800, 0, 0, 0
2449, 62080, 0, 0, 0
2549, 67520, 0, 0, 0
2649, 73920, 0, 0, 0
2750, 66560, 0, 0, 0
2850, 66880, 0, 0, 0
2950, 71040, 0, 0, 0
3050, 69440, 0, 0, 0
3150, 70400, 0, 0, 0
3249, 45898, 0, 0, 0
3349, 70080, 0, 0, 0
3449, 58880, 0, 0, 0
3549, 60800, 0, 0, 0
3649, 67840, 0, 0, 0
3749, 59200, 0, 0, 0
3849, 70720, 0, 0, 0
3949, 68800, 0, 0, 0
4050, 50880, 0, 0, 0
4150, 64640, 0, 0, 0
4249, 67232, 0, 0, 0
4349, 68800, 0, 0, 0
4449, 66560, 0, 0, 0
4549, 68480, 0, 0, 0
4649, 60160, 0, 0, 0
4749, 74880, 0, 0, 0
4849, 71680, 0, 0, 0
4949, 61760, 0, 0, 0
5049, 71360, 0, 0, 0
5149, 58240, 0, 0, 0
5250, 62080, 0, 0, 0
5350, 69760, 0, 0, 0
5450, 65920, 0, 0, 0
5550, 66560, 0, 0, 0
5650, 73280, 0, 0, 0
5749, 70787, 0, 0, 0
5849, 57920, 0, 0, 0
5949, 63040, 0, 0, 0
6049, 69120, 0, 0, 0
6149, 77440, 0, 0, 0
6250, 74240, 0, 0, 0
6350, 67200, 0, 0, 0
6450, 66560, 0, 0, 0
6550, 64320, 0, 0, 0
6650, 65280, 0, 0, 0
6749, 62707, 0, 0, 0
6849, 65920, 0, 0, 0
6949, 70400, 0, 0, 0
7049, 62400, 0, 0, 0
7149, 64960, 0, 0, 0
7249, 74880, 0, 0, 0
7349, 65280, 0, 0, 0
7450, 69760, 0, 0, 0
7550, 69120, 0, 0, 0
7650, 70400, 0, 0, 0
7749, 70141, 0, 0, 0
7849, 64640, 0, 0, 0
7949, 70400, 0, 0, 0
8049, 62400, 0, 0, 0
8149, 69440, 0, 0, 0
8249, 54400, 0, 0, 0
8349, 57920, 0, 0, 0
8449, 68800, 0, 0, 0
8549, 68480, 0, 0, 0
8650, 67200, 0, 0, 0
8750, 68160, 0, 0, 0
8850, 62400, 0, 0, 0
8950, 69120, 0, 0, 0
9050, 66560, 0, 0, 0
9150, 73280, 0, 0, 0
9249, 73696, 0, 0, 0
9349, 56000, 0, 0, 0
9449, 71680, 0, 0, 0
9549, 70400, 0, 0, 0
9649, 55360, 0, 0, 0
9750, 69120, 0, 0, 0
9850, 71680, 0, 0, 0
9950, 69760, 0, 0, 0
10050, 64960, 0, 0, 0
10150, 72000, 0, 0, 0
10249, 73696, 0, 0, 0
10349, 67200, 0, 0, 0
10449, 69760, 0, 0, 0
10549, 69120, 0, 0, 0
10649, 72000, 0, 0, 0
10749, 71680, 0, 0, 0
10849, 63040, 0, 0, 0
10949, 68160, 0, 0, 0
11050, 59200, 0, 0, 0
11150, 67840, 0, 0, 0
11249, 64323, 0, 0, 0
11349, 67840, 0, 0, 0
11449, 68800, 0, 0, 0
11549, 65920, 0, 0, 0
11649, 62400, 0, 0, 0
11749, 66880, 0, 0, 0
11849, 76160, 0, 0, 0
11949, 68480, 0, 0, 0
12049, 58560, 0, 0, 0
12150, 59520, 0, 0, 0
12250, 64960, 0, 0, 0
12350, 67840, 0, 0, 0
12450, 69760, 0, 0, 0
12550, 66880, 0, 0, 0
12650, 66560, 0, 0, 0
12749, 73050, 0, 0, 0
12849, 72320, 0, 0, 0
12949, 72000, 0, 0, 0
13049, 69120, 0, 0, 0
13149, 55040, 0, 0, 0
13249, 31360, 0, 0, 0
13349, 66560, 0, 0, 0
13449, 69120, 0, 0, 0
13550, 58880, 0, 0, 0
13650, 64640, 0, 0, 0
13749, 67878, 0, 0, 0
13849, 64960, 0, 0, 0
13949, 60480, 0, 0, 0
14049, 70400, 0, 0, 0
14149, 69120, 0, 0, 0
14249, 71680, 0, 0, 0
14349, 70720, 0, 0, 0
14449, 74240, 0, 0, 0
14550, 59840, 0, 0, 0
14650, 66880, 0, 0, 0
14749, 59474, 0, 0, 0
14849, 60480, 0, 0, 0
14949, 66560, 0, 0, 0
15049, 56640, 0, 0, 0
15149, 73600, 0, 0, 0
15249, 52480, 0, 0, 0
15349, 58560, 0, 0, 0
15449, 60800, 0, 0, 0
15549, 71040, 0, 0, 0
15649, 71040, 0, 0, 0
15749, 63680, 0, 0, 0
15850, 70080, 0, 0, 0
15950, 65920, 0, 0, 0
16050, 44160, 0, 0, 0
16150, 64000, 0, 0, 0
16249, 64969, 0, 0, 0
16349, 56000, 0, 0, 0
16449, 70720, 0, 0, 0
16549, 68800, 0, 0, 0
16649, 37440, 0, 0, 0
16749, 76160, 0, 0, 0
16850, 63360, 0, 0, 0
16950, 51840, 0, 0, 0
17050, 39680, 0, 0, 0
17150, 57280, 0, 0, 0
17249, 69171, 0, 0, 0
17349, 77120, 0, 0, 0
17449, 56000, 0, 0, 0
17549, 63040, 0, 0, 0
17649, 64000, 0, 0, 0
17749, 71040, 0, 0, 0
17849, 58880, 0, 0, 0
17949, 71040, 0, 0, 0
18050, 57280, 0, 0, 0
18150, 64000, 0, 0, 0
18249, 74989, 0, 0, 0
18349, 73280, 0, 0, 0
18449, 51520, 0, 0, 0
18549, 64960, 0, 0, 0
18649, 63360, 0, 0, 0
18749, 68480, 0, 0, 0
18849, 65600, 0, 0, 0
18949, 61440, 0, 0, 0
19049, 51520, 0, 0, 0
19150, 48640, 0, 0, 0
19250, 72640, 0, 0, 0
19350, 71360, 0, 0, 0
19450, 72320, 0, 0, 0
19550, 65280, 0, 0, 0
19650, 70080, 0, 0, 0
19749, 66585, 0, 0, 0
19849, 68480, 0, 0, 0
19949, 67840, 0, 0, 0
20049, 69760, 0, 0, 0
20149, 63360, 0, 0, 0
20249, 72000, 0, 0, 0
20350, 69440, 0, 0, 0
20450, 66880, 0, 0, 0
20550, 69440, 0, 0, 0
20650, 68800, 0, 0, 0
20749, 71111, 0, 0, 0
20849, 66880, 0, 0, 0
20949, 70080, 0, 0, 0
21049, 65920, 0, 0, 0
21149, 67840, 0, 0, 0
21249, 37120, 0, 0, 0
21349, 64960, 0, 0, 0
21449, 56000, 0, 0, 0
21550, 67520, 0, 0, 0
21650, 73280, 0, 0, 0
21749, 64969, 0, 0, 0
21849, 67520, 0, 0, 0
21949, 61760, 0, 0, 0
22049, 68160, 0, 0, 0
22149, 64640, 0, 0, 0
22249, 68480, 0, 0, 0
22349, 62720, 0, 0, 0
22449, 52480, 0, 0, 0
22550, 64320, 0, 0, 0
22650, 67200, 0, 0, 0
22749, 67878, 0, 0, 0
22849, 79040, 0, 0, 0
22949, 75840, 0, 0, 0
23049, 69440, 0, 0, 0
23149, 67840, 0, 0, 0
23249, 73280, 0, 0, 0
23349, 73280, 0, 0, 0
23449, 65280, 0, 0, 0
23549, 60800, 0, 0, 0
23649, 64000, 0, 0, 0
23749, 70400, 0, 0, 0
23850, 75200, 0, 0, 0
23950, 70720, 0, 0, 0
24050, 73280, 0, 0, 0
24150, 66560, 0, 0, 0
24249, 66262, 0, 0, 0
24349, 68800, 0, 0, 0
24449, 68800, 0, 0, 0
24549, 66240, 0, 0, 0
24649, 62400, 0, 0, 0
24749, 58880, 0, 0, 0
24849, 66880, 0, 0, 0
24950, 69120, 0, 0, 0
25050, 63360, 0, 0, 0
25150, 59840, 0, 0, 0
25249, 47838, 0, 0, 0
25349, 56320, 0, 0, 0
25449, 61760, 0, 0, 0
25549, 68480, 0, 0, 0
25649, 62080, 0, 0, 0
25749, 67200, 0, 0, 0
25849, 57920, 0, 0, 0
25949, 52800, 0, 0, 0
26049, 66240, 0, 0, 0
26150, 59200, 0, 0, 0
26250, 62080, 0, 0, 0
26350, 61120, 0, 0, 0
26450, 67840, 0, 0, 0
26550, 69760, 0, 0, 0
26650, 71040, 0, 0, 0
26749, 76929, 0, 0, 0
26849, 69120, 0, 0, 0
26949, 63360, 0, 0, 0
27049, 67520, 0, 0, 0
27149, 55040, 0, 0, 0
27250, 64000, 0, 0, 0
27350, 70720, 0, 0, 0
27450, 61440, 0, 0, 0
27550, 67520, 0, 0, 0
27650, 60800, 0, 0, 0
27749, 66909, 0, 0, 0
27849, 52160, 0, 0, 0
27949, 55040, 0, 0, 0
28049, 49280, 0, 0, 0
28149, 67520, 0, 0, 0
28249, 72640, 0, 0, 0
28349, 65280, 0, 0, 0
28449, 68160, 0, 0, 0
28549, 73280, 0, 0, 0
28649, 70080, 0, 0, 0
28750, 64320, 0, 0, 0
28850, 68480, 0, 0, 0
28950, 70400, 0, 0, 0
29050, 70720, 0, 0, 0
29150, 53760, 0, 0, 0
29249, 43959, 0, 0, 0
29349, 40320, 0, 0, 0
29449, 69120, 0, 0, 0
29549, 72640, 0, 0, 0
29649, 69120, 0, 0, 0
29749, 55680, 0, 0, 0
29849, 48320, 0, 0, 0
29950, 42240, 0, 0, 0
30050, 72000, 0, 0, 0
30150, 69120, 0, 0, 0
30249, 53010, 0, 0, 0
30349, 58880, 0, 0, 0
30449, 56000, 0, 0, 0
30549, 79040, 0, 0, 0
30649, 65600, 0, 0, 0
30749, 41600, 0, 0, 0
30849, 62400, 0, 0, 0
30949, 66560, 0, 0, 0
31049, 70720, 0, 0, 0
31149, 55680, 0, 0, 0
31250, 65600, 0, 0, 0
31350, 61120, 0, 0, 0
31450, 66880, 0, 0, 0
31550, 70720, 0, 0, 0
31650, 72960, 0, 0, 0
31749, 68525, 0, 0, 0
31849, 62400, 0, 0, 0
31949, 68480, 0, 0, 0
32049, 73920, 0, 0, 0
32149, 64960, 0, 0, 0
32249, 69440, 0, 0, 0
32349, 62400, 0, 0, 0
32449, 56960, 0, 0, 0
32550, 69120, 0, 0, 0
32650, 53760, 0, 0, 0
32749, 65616, 0, 0, 0
32849, 73280, 0, 0, 0
32949, 56960, 0, 0, 0
33049, 73920, 0, 0, 0
33149, 69760, 0, 0, 0
33249, 65280, 0, 0, 0
33349, 55040, 0, 0, 0
33449, 64640, 0, 0, 0
33549, 61760, 0, 0, 0
33649, 57280, 0, 0, 0
33749, 69760, 0, 0, 0
33850, 72960, 0, 0, 0
33950, 62400, 0, 0, 0
34050, 49280, 0, 0, 0
34150, 64640, 0, 0, 0
34249, 58505, 0, 0, 0
34349, 56640, 0, 0, 0
34449, 75200, 0, 0, 0
34549, 67200, 0, 0, 0
34649, 63680, 0, 0, 0
34749, 72640, 0, 0, 0
34849, 72000, 0, 0, 0
34949, 69760, 0, 0, 0
35050, 78720, 0, 0, 0
35150, 58240, 0, 0, 0
35249, 66585, 0, 0, 0
35349, 66240, 0, 0, 0
35449, 66240, 0, 0, 0
35549, 51520, 0, 0, 0
35649, 66240, 0, 0, 0
35749, 67200, 0, 0, 0
35849, 79040, 0, 0, 0
35949, 69120, 0, 0, 0
36049, 74560, 0, 0, 0
36149, 55680, 0, 0, 0
36249, 63360, 0, 0, 0
36349, 72000, 0, 0, 0
36450, 76160, 0, 0, 0
36550, 56640, 0, 0, 0
36650, 69120, 0, 0, 0
36749, 72727, 0, 0, 0
36849, 74240, 0, 0, 0
36949, 66560, 0, 0, 0
37049, 53440, 0, 0, 0
37149, 64960, 0, 0, 0
37249, 65920, 0, 0, 0
37349, 45760, 0, 0, 0
37449, 68160, 0, 0, 0
37549, 67200, 0, 0, 0
37649, 76800, 0, 0, 0
37750, 67200, 0, 0, 0
37850, 64640, 0, 0, 0
37950, 72000, 0, 0, 0
38050, 72320, 0, 0, 0
38150, 71360, 0, 0, 0
38249, 74989, 0, 0, 0
38349, 70400, 0, 0, 0
38449, 68160, 0, 0, 0
38549, 71040, 0, 0, 0
38649, 71680, 0, 0, 0
38749, 75520, 0, 0, 0
38849, 75520, 0, 0, 0
38949, 73600, 0, 0, 0
39050, 56640, 0, 0, 0
39150, 42880, 0, 0, 0
39249, 71757, 0, 0, 0
39349, 72000, 0, 0, 0
39449, 66880, 0, 0, 0
39549, 69440, 0, 0, 0
39649, 40000, 0, 0, 0
39749, 81600, 0, 0, 0
39849, 67840, 0, 0, 0
39949, 69440, 0, 0, 0
40049, 62720, 0, 0, 0
40149, 70720, 0, 0, 0
40250, 68480, 0, 0, 0
40350, 68800, 0, 0, 0
40450, 52800, 0, 0, 0
40550, 71360, 0, 0, 0
40650, 75200, 0, 0, 0
40749, 82101, 0, 0, 0
40849, 67520, 0, 0, 0
40949, 66560, 0, 0, 0
41049, 79040, 0, 0, 0
41149, 70080, 0, 0, 0
41250, 55360, 0, 0, 0
41350, 58240, 0, 0, 0
41450, 31360, 0, 0, 0
41550, 71360, 0, 0, 0
41650, 63040, 0, 0, 0
41749, 67555, 0, 0, 0
41849, 56000, 0, 0, 0
41949, 72000, 0, 0, 0
42049, 72000, 0, 0, 0
42149, 71680, 0, 0, 0
42249, 67520, 0, 0, 0
42349, 50240, 0, 0, 0
42449, 63040, 0, 0, 0
42550, 57920, 0, 0, 0
42650, 65600, 0, 0, 0
42749, 61737, 0, 0, 0
42849, 67840, 0, 0, 0
42949, 64640, 0, 0, 0
43049, 59520, 0, 0, 0
43149, 54400, 0, 0, 0
43249, 45760, 0, 0, 0
43349, 73280, 0, 0, 0
43449, 64640, 0, 0, 0
43549, 64000, 0, 0, 0
43650, 50560, 0, 0, 0
43750, 63040, 0, 0, 0
43850, 67840, 0, 0, 0
43950, 55040, 0, 0, 0
44050, 60480, 0, 0, 0
44150, 69760, 0, 0, 0
44249, 71757, 0, 0, 0
44349, 71680, 0, 0, 0
44449, 67200, 0, 0, 0
44549, 52480, 0, 0, 0
44649, 62080, 0, 0, 0
44749, 72320, 0, 0, 0
44849, 49280, 0, 0, 0
44950, 53440, 0, 0, 0
45050, 67520, 0, 0, 0
45150, 67200, 0, 0, 0
45249, 54303, 0, 0, 0
45349, 55360, 0, 0, 0
45449, 65600, 0, 0, 0
45549, 58880, 0, 0, 0
45649, 67840, 0, 0, 0
45749, 76160, 0, 0, 0
45849, 63360, 0, 0, 0
45949, 78720, 0, 0, 0
46050, 65280, 0, 0, 0
46150, 70720, 0, 0, 0
46249, 74666, 0, 0, 0
46349, 80640, 0, 0, 0
46449, 75200, 0, 0, 0
46549, 64960, 0, 0, 0
46649, 51200, 0, 0, 0
46749, 70400, 0, 0, 0
46849, 73920, 0, 0, 0
46949, 60800, 0, 0, 0
47049, 68160, 0, 0, 0
47149, 60480, 0, 0, 0
47250, 66880, 0, 0, 0
47350, 71680, 0, 0, 0
47450, 73920, 0, 0, 0
47550, 64320, 0, 0, 0
47650, 66560, 0, 0, 0
47749, 63676, 0, 0, 0
47849, 66560, 0, 0, 0
47949, 56960, 0, 0, 0
48049, 65280, 0, 0, 0
48149, 57920, 0, 0, 0
48249, 66240, 0, 0, 0
48349, 72000, 0, 0, 0
48449, 76800, 0, 0, 0
48550, 51840, 0, 0, 0
48650, 68800, 0, 0, 0
48749, 66262, 0, 0, 0
48849, 70400, 0, 0, 0
48949, 78400, 0, 0, 0
49049, 70080, 0, 0, 0
49149, 72000, 0, 0, 0
49249, 61440, 0, 0, 0
49349, 68800, 0, 0, 0
49449, 67200, 0, 0, 0
49549, 56960, 0, 0, 0
49649, 77120, 0, 0, 0
49749, 67520, 0, 0, 0
49849, 69120, 0, 0, 0
49950, 69440, 0, 0, 0
50050, 74240, 0, 0, 0
50150, 69440, 0, 0, 0
50249, 57212, 0, 0, 0
50349, 71040, 0, 0, 0
50449, 64320, 0, 0, 0
50549, 72000, 0, 0, 0
50649, 65600, 0, 0, 0
50749, 74240, 0, 0, 0
50849, 46720, 0, 0, 0
50949, 70720, 0, 0, 0
51049, 70400, 0, 0, 0
51149, 64320, 0, 0, 0
51250, 72320, 0, 0, 0
51350, 77120, 0, 0, 0
51450, 58880, 0, 0, 0
51550, 73280, 0, 0, 0
51650, 70080, 0, 0, 0
51749, 52686, 0, 0, 0
51849, 71040, 0, 0, 0
51949, 72960, 0, 0, 0
52049, 67200, 0, 0, 0
52150, 66880, 0, 0, 0
52249, 71757, 0, 0, 0
52349, 64320, 0, 0, 0
52449, 67200, 0, 0, 0
52549, 59200, 0, 0, 0
52649, 66560, 0, 0, 0
52750, 70080, 0, 0, 0
52850, 73280, 0, 0, 0
52950, 62400, 0, 0, 0
53050, 65920, 0, 0, 0
53150, 62720, 0, 0, 0
53249, 67555, 0, 0, 0
53349, 64960, 0, 0, 0
53449, 55040, 0, 0, 0
53549, 65280, 0, 0, 0
53649, 58880, 0, 0, 0
53749, 55360, 0, 0, 0
53849, 72000, 0, 0, 0
53949, 71040, 0, 0, 0
54050, 73600, 0, 0, 0
54150, 69440, 0, 0, 0
54249, 63030, 0, 0, 0
54349, 61120, 0, 0, 0
54449, 58560, 0, 0, 0
54549, 65920, 0, 0, 0
54649, 54080, 0, 0, 0
54749, 61760, 0, 0, 0
54849, 68160, 0, 0, 0
54949, 69440, 0, 0, 0
55049, 67200, 0, 0, 0
55149, 67520, 0, 0, 0
55250, 48640, 0, 0, 0
55350, 43840, 0, 0, 0
55450, 61120, 0, 0, 0
55550, 71680, 0, 0, 0
55650, 70400, 0, 0, 0
55749, 58828, 0, 0, 0
55849, 55360, 0, 0, 0
55949, 45760, 0, 0, 0
56049, 66880, 0, 0, 0
56149, 70400, 0, 0, 0
56249, 63680, 0, 0, 0
56349, 75200, 0, 0, 0
56449, 71680, 0, 0, 0
56550, 74880, 0, 0, 0
56650, 49920, 0, 0, 0
56749, 71111, 0, 0, 0
56849, 38720, 0, 0, 0
56949, 65920, 0, 0, 0
57049, 70720, 0, 0, 0
57149, 66880, 0, 0, 0
57249, 66560, 0, 0, 0
57349, 71360, 0, 0, 0
57449, 65280, 0, 0, 0
57549, 69440, 0, 0, 0
57650, 63040, 0, 0, 0
57750, 59520, 0, 0, 0
57850, 56000, 0, 0, 0
57950, 66240, 0, 0, 0
58050, 72960, 0, 0, 0
58150, 70720, 0, 0, 0
58249, 67232, 0, 0, 0
58349, 71360, 0, 0, 0
58449, 66240, 0, 0, 0
58549, 72000, 0, 0, 0
58649, 68160, 0, 0, 0
58749, 70720, 0, 0, 0
58849, 58880, 0, 0, 0
58950, 55040, 0, 0, 0
59050, 64000, 0, 0, 0
59150, 69760, 0, 0, 0
59249, 62707, 0, 0, 0
59349, 60160, 0, 0, 0
59449, 70080, 0, 0, 0
59549, 59840, 0, 0, 0
59649, 63040, 0, 0, 0
59749, 63680, 0, 0, 0
59849, 70400, 0, 0, 0
59949, 57280, 0, 0, 0
60049, 61440, 0, 0, 0
60149, 70720, 0, 0, 0
60250, 50560, 0, 0, 0
60350, 60160, 0, 0, 0
60450, 65920, 0, 0, 0
60550, 65280, 0, 0, 0
60650, 64640, 0, 0, 0
60749, 66262, 0, 0, 0
60849, 70080, 0, 0, 0
60949, 68480, 0, 0, 0
61049, 48640, 0, 0, 0
61149, 69120, 0, 0, 0
61249, 55360, 0, 0, 0
61349, 52800, 0, 0, 0
61449, 40960, 0, 0, 0
61550, 64320, 0, 0, 0
61650, 51200, 0, 0, 0
61749, 61737, 0, 0, 0
61849, 63680, 0, 0, 0
61949, 63040, 0, 0, 0
62049, 73920, 0, 0, 0
62149, 35200, 0, 0, 0
62249, 57280, 0, 0, 0
62349, 48320, 0, 0, 0
62449, 64000, 0, 0, 0
62549, 69760, 0, 0, 0
62649, 59840, 0, 0, 0
62750, 52160, 0, 0, 0
62850, 74240, 0, 0, 0
62950, 62400, 0, 0, 0
63050, 64000, 0, 0, 0
63150, 60160, 0, 0, 0
63249, 73373, 0, 0, 0
63349, 57920, 0, 0, 0
63449, 48640, 0, 0, 0
63549, 58880, 0, 0, 0
63649, 59520, 0, 0, 0
63749, 57920, 0, 0, 0
63849, 50560, 0, 0, 0
63949, 72640, 0, 0, 0
64050, 61440, 0, 0, 0
64150, 45760, 0, 0, 0
64249, 67878, 0, 0, 0
64349, 59840, 0, 0, 0
64449, 56000, 0, 0, 0
64549, 66240, 0, 0, 0
64649, 53440, 0, 0, 0
64749, 65920, 0, 0, 0
64849, 59520, 0, 0, 0
64949, 65920, 0, 0, 0
65049, 66240, 0, 0, 0
65149, 68800, 0, 0, 0
65250, 67200, 0, 0, 0
65350, 70720, 0, 0, 0
65450, 48000, 0, 0, 0
65550, 66560, 0, 0, 0
65650, 73280, 0, 0, 0
65749, 67232, 0, 0, 0
65849, 73600, 0, 0, 0
65949, 71360, 0, 0, 0
66049, 64320, 0, 0, 0
66149, 62720, 0, 0, 0
66249, 65280, 0, 0, 0
66349, 48640, 0, 0, 0
66449, 36160, 0, 0, 0
66550, 65600, 0, 0, 0
66650, 65280, 0, 0, 0
66749, 66262, 0, 0, 0
66849, 68800, 0, 0, 0
66949, 66880, 0, 0, 0
67049, 62080, 0, 0, 0
67149, 68160, 0, 0, 0
67249, 66560, 0, 0, 0
67349, 70720, 0, 0, 0
67449, 69120, 0, 0, 0
67549, 65280, 0, 0, 0
67649, 51200, 0, 0, 0
67750, 67200, 0, 0, 0
67850, 60480, 0, 0, 0
67950, 66560, 0, 0, 0
68050, 68480, 0, 0, 0
68150, 54400, 0, 0, 0
68249, 70141, 0, 0, 0
68349, 66240, 0, 0, 0
68449, 61440, 0, 0, 0
68549, 47360, 0, 0, 0
68649, 64640, 0, 0, 0
68749, 66560, 0, 0, 0
68850, 74560, 0, 0, 0
68950, 41600, 0, 0, 0
69050, 67200, 0, 0, 0
69150, 65600, 0, 0, 0
69249, 72727, 0, 0, 0
69349, 62720, 0, 0, 0
69449, 70400, 0, 0, 0
69549, 51200, 0, 0, 0
69649, 65920, 0, 0, 0
69749, 68480, 0, 0, 0
69849, 70720, 0, 0, 0
69949, 64320, 0, 0, 0
70050, 42880, 0, 0, 0
70150, 45440, 0, 0, 0
70249, 57535, 0, 0, 0
70349, 64320, 0, 0, 0
70449, 46400, 0, 0, 0
70549, 69120, 0, 0, 0
70649, 67840, 0, 0, 0
70749, 63680, 0, 0, 0
70849, 56640, 0, 0, 0
70949, 53760, 0, 0, 0
71049, 56320, 0, 0, 0
71149, 48640, 0, 0, 0
71249, 65920, 0, 0, 0
71349, 62080, 0, 0, 0
71450, 61760, 0, 0, 0
71550, 62400, 0, 0, 0
71650, 62080, 0, 0, 0
71749, 65292, 0, 0, 0
71849, 69120, 0, 0, 0
71949, 70080, 0, 0, 0
72049, 65280, 0, 0, 0
72149, 62720, 0, 0, 0
72249, 63360, 0, 0, 0
72349, 67840, 0, 0, 0
72449, 69120, 0, 0, 0
72549, 71040, 0, 0, 0
72649, 55040, 0, 0, 0
72750, 71360, 0, 0, 0
72850, 60160, 0, 0, 0
72950, 66560, 0, 0, 0
73050, 63040, 0, 0, 0
73150, 67200, 0, 0, 0
73249, 66262, 0, 0, 0
73349, 36480, 0, 0, 0
73449, 66560, 0, 0, 0
73549, 62400, 0, 0, 0
73649, 42560, 0, 0, 0
73750, 56960, 0, 0, 0
73850, 61760, 0, 0, 0
73950, 65600, 0, 0, 0
74050, 59840, 0, 0, 0
74150, 68800, 0, 0, 0
74249, 65939, 0, 0, 0
74349, 62400, 0, 0, 0
74449, 69440, 0, 0, 0
74549, 60800, 0, 0, 0
74649, 47040, 0, 0, 0
74750, 62720, 0, 0, 0
74850, 66880, 0, 0, 0
74950, 66240, 0, 0, 0
75050, 67840, 0, 0, 0
75150, 57600, 0, 0, 0
75249, 71111, 0, 0, 0
75349, 70720, 0, 0, 0
75449, 66560, 0, 0, 0
75549, 51840, 0, 0, 0
75649, 55040, 0, 0, 0
75749, 52160, 0, 0, 0
75850, 68800, 0, 0, 0
75950, 70400, 0, 0, 0
76050, 53440, 0, 0, 0
76150, 60480, 0, 0, 0
76249, 54949, 0, 0, 0
76349, 65600, 0, 0, 0
76449, 69760, 0, 0, 0
76549, 63680, 0, 0, 0
76649, 62080, 0, 0, 0
76749, 58880, 0, 0, 0
76849, 71360, 0, 0, 0
76949, 69120, 0, 0, 0
77050, 66880, 0, 0, 0
77150, 65280, 0, 0, 0
77249, 54626, 0, 0, 0
77349, 41600, 0, 0, 0
77449, 71680, 0, 0, 0
77549, 72320, 0, 0, 0
77649, 66880, 0, 0, 0
77749, 65920, 0, 0, 0
77849, 52160, 0, 0, 0
77949, 65280, 0, 0, 0
78049, 79680, 0, 0, 0
78150, 64640, 0, 0, 0
78250, 57280, 0, 0, 0
78350, 57600, 0, 0, 0
78450, 62080, 0, 0, 0
78550, 55360, 0, 0, 0
78650, 72000, 0, 0, 0
78749, 66585, 0, 0, 0
78849, 63040, 0, 0, 0
78949, 71360, 0, 0, 0
79049, 60800, 0, 0, 0
79149, 64960, 0, 0, 0
79250, 61120, 0, 0, 0
79350, 70720, 0, 0, 0
79450, 64000, 0, 0, 0
79550, 68480, 0, 0, 0
79650, 58880, 0, 0, 0
79749, 67878, 0, 0, 0
79849, 66240, 0, 0, 0
79949, 67200, 0, 0, 0
80049, 46400, 0, 0, 0
80149, 61120, 0, 0, 0
80249, 65600, 0, 0, 0
80349, 62400, 0, 0, 0
80449, 71680, 0, 0, 0
80550, 58880, 0, 0, 0
80650, 60800, 0, 0, 0
80750, 70080, 0, 0, 0
80850, 71040, 0, 0, 0
80950, 64320, 0, 0, 0
81050, 61440, 0, 0, 0
81150, 68160, 0, 0, 0
81249, 60121, 0, 0, 0
81349, 59200, 0, 0, 0
81449, 52480, 0, 0, 0
81549, 55360, 0, 0, 0
81649, 64960, 0, 0, 0
81749, 53760, 0, 0, 0
81849, 63040, 0, 0, 0
81949, 44800, 0, 0, 0
82050, 64320, 0, 0, 0
82150, 65600, 0, 0, 0
82249, 65616, 0, 0, 0
82349, 66880, 0, 0, 0
82449, 67840, 0, 0, 0
82549, 67840, 0, 0, 0
82649, 71040, 0, 0, 0
82749, 67200, 0, 0, 0
82849, 68480, 0, 0, 0
82949, 62080, 0, 0, 0
83049, 67200, 0, 0, 0
83149, 60480, 0, 0, 0
83250, 66880, 0, 0, 0
83350, 63680, 0, 0, 0
83450, 58880, 0, 0, 0
83550, 69440, 0, 0, 0
83650, 52480, 0, 0, 0
83749, 30707, 0, 0, 0
83849, 72320, 0, 0, 0
83949, 66240, 0, 0, 0
84049, 60800, 0, 0, 0
84149, 62080, 0, 0, 0
84249, 66560, 0, 0, 0
84349, 64640, 0, 0, 0
84449, 66240, 0, 0, 0
84550, 70720, 0, 0, 0
84650, 66240, 0, 0, 0
84749, 68525, 0, 0, 0
84849, 60480, 0, 0, 0
84949, 76800, 0, 0, 0
85049, 69440, 0, 0, 0
85149, 66240, 0, 0, 0
85249, 68480, 0, 0, 0
85349, 64640, 0, 0, 0
85449, 61120, 0, 0, 0
85549, 71360, 0, 0, 0
85649, 70720, 0, 0, 0
85749, 64640, 0, 0, 0
85849, 67520, 0, 0, 0
85950, 58880, 0, 0, 0
86050, 68480, 0, 0, 0
86150, 67840, 0, 0, 0
86249, 67555, 0, 0, 0
86349, 64960, 0, 0, 0
86449, 70400, 0, 0, 0
86549, 65600, 0, 0, 0
86649, 57920, 0, 0, 0
86749, 50880, 0, 0, 0
86849, 71360, 0, 0, 0
86949, 43840, 0, 0, 0
87049, 76160, 0, 0, 0
87149, 48640, 0, 0, 0
87250, 59520, 0, 0, 0
87350, 66880, 0, 0, 0
87450, 63040, 0, 0, 0
87550, 63040, 0, 0, 0
87650, 69760, 0, 0, 0
87749, 54949, 0, 0, 0
87849, 44480, 0, 0, 0
87949, 43200, 0, 0, 0
88049, 61760, 0, 0, 0
88149, 59200, 0, 0, 0
88249, 36480, 0, 0, 0
88349, 67200, 0, 0, 0
88450, 68160, 0, 0, 0
88550, 67520, 0, 0, 0
88650, 68160, 0, 0, 0
88749, 67555, 0, 0, 0
88849, 66240, 0, 0, 0
88949, 68480, 0, 0, 0
89049, 66880, 0, 0, 0
89149, 72320, 0, 0, 0
89249, 65280, 0, 0, 0
89349, 62400, 0, 0, 0
89449, 65920, 0, 0, 0
89549, 71360, 0, 0, 0
89649, 63680, 0, 0, 0
89750, 55360, 0, 0, 0
89850, 62400, 0, 0, 0
89950, 56320, 0, 0, 0
