250, 84, 1, 0, 0
350, 110, 1, 0, 0
450, 80, 1, 0, 0
550, 60, 1, 0, 0
650, 40, 1, 0, 0
749, 30, 1, 0, 0
849, 30, 1, 0, 0
950, 40, 1, 0, 0
1050, 40, 1, 0, 0
1150, 30, 1, 0, 0
1249, 30, 1, 0, 0
1349, 60, 1, 0, 0
1449, 90, 1, 0, 0
1549, 120, 1, 0, 0
1649, 90, 1, 0, 0
1749, 100, 1, 0, 0
1849, 90, 1, 0, 0
1949, 90, 1, 0, 0
2050, 90, 1, 0, 0
2150, 120, 1, 0, 0
2249, 101, 1, 0, 0
2349, 90, 1, 0, 0
2449, 90, 1, 0, 0
2549, 80, 1, 0, 0
2649, 90, 1, 0, 0
2749, 100, 1, 0, 0
2849, 100, 1, 0, 0
2949, 90, 1, 0, 0
3050, 110, 1, 0, 0
3150, 80, 1, 0, 0
3249, 101, 1, 0, 0
3349, 100, 1, 0, 0
3449, 70, 1, 0, 0
3549, 100, 1, 0, 0
3649, 100, 1, 0, 0
3749, 100, 1, 0, 0
3849, 90, 1, 0, 0
3949, 80, 1, 0, 0
4050, 120, 1, 0, 0
4150, 100, 1, 0, 0
4249, 90, 1, 0, 0
4349, 90, 1, 0, 0
4449, 30, 1, 0, 0
4549, 40, 1, 0, 0
4649, 40, 1, 0, 0
4749, 20, 1, 0, 0
4849, 50, 1, 0, 0
4949, 30, 1, 0, 0
5049, 50, 1, 0, 0
5149, 90, 1, 0, 0
5250, 100, 1, 0, 0
5350, 90, 1, 0, 0
5450, 100, 1, 0, 0
5550, 110, 1, 0, 0
5650, 90, 1, 0, 0
5749, 80, 1, 0, 0
5849, 90, 1, 0, 0
5949, 90, 1, 0, 0
6049, 90, 1, 0, 0
6149, 80, 1, 0, 0
6249, 90, 1, 0, 0
6349, 90, 1, 0, 0
6449, 90, 1, 0, 0
6550, 90, 1, 0, 0
6650, 110, 1, 0, 0
6749, 90, 1, 0, 0
6849, 100, 1, 0, 0
6949, 80, 1, 0, 0
7049, 90, 1, 0, 0
7149, 90, 1, 0, 0
7249, 80, 1, 0, 0
7349, 110, 1, 0, 0
7449, 90, 1, 0, 0
7549, 90, 1, 0, 0
7649, 90, 1, 0, 0
7749, 80, 1, 0, 0
7850, 90, 1, 0, 0
7950, 70, 1, 0, 0
8050, 100, 1, 0, 0
8150, 90, 1, 0, 0
8249, 80, 1, 0, 0
8349, 30, 1, 0, 0
8449, 10, 1, 0, 0
8549, 30, 1, 0, 0
8649, 30, 1, 0, 0
8749, 50, 1, 0, 0
8849, 20, 1, 0, 0
8950, 30, 1, 0, 0
9050, 100, 1, 0, 0
9150, 90, 1, 0, 0
9249, 111, 1, 0, 0
9349, 100, 1, 0, 0
9449, 90, 1, 0, 0
9549, 90, 1, 0, 0
9649, 270, 1, 0, 0
9749, 240, 1, 0, 0
9849, 240, 1, 0, 0
9949, 200, 1, 0, 0
10049, 240, 1, 0, 0
10149, 200, 1, 0, 0
10249, 240, 1, 0, 0
10350, 200, 1, 0, 0
10450, 240, 1, 0, 0
10550, 200, 1, 0, 0
10650, 220, 1, 0, 0
10749, 212, 1, 0, 0
10849, 180, 1, 0, 0
10949, 230, 1, 0, 0
11049, 200, 1, 0, 0
11149, 220, 1, 0, 0
11249, 220, 1, 0, 0
11349, 200, 1, 0, 0
11449, 200, 1, 0, 0
11549, 280, 1, 0, 0
11649, 240, 1, 0, 0
11750, 200, 1, 0, 0
11850, 200, 1, 0, 0
11950, 200, 1, 0, 0
12050, 120, 1, 0, 0
12150, 80, 1, 0, 0
12249, 80, 1, 0, 0
12349, 80, 1, 0, 0
12449, 80, 1, 0, 0
12549, 80, 1, 0, 0
12649, 80, 1, 0, 0
12750, 120, 1, 0, 0
12850, 160, 1, 0, 0
12950, 230, 1, 0, 0
13050, 170, 1, 0, 0
13150, 200, 1, 0, 0
13249, 202, 1, 0, 0
13349, 240, 1, 0, 0
13449, 240, 1, 0, 0
13549, 200, 1, 0, 0
13649, 200, 1, 0, 0
13749, 200, 1, 0, 0
13849, 160, 1, 0, 0
13949, 200, 1, 0, 0
14049, 240, 1, 0, 0
14150, 200, 1, 0, 0
14249, 222, 1, 0, 0
14349, 200, 1, 0, 0
14449, 220, 1, 0, 0
14549, 240, 1, 0, 0
14649, 240, 1, 0, 0
14749, 200, 1, 0, 0
14849, 150, 1, 0, 0
14949, 120, 1, 0, 0
15049, 90, 1, 0, 0
15149, 90, 1, 0, 0
15249, 90, 1, 0, 0
15349, 90, 1, 0, 0
15449, 90, 1, 0, 0
15550, 90, 1, 0, 0
15650, 90, 1, 0, 0
15749, 90, 1, 0, 0
15849, 60, 1, 0, 0
15949, 30, 1, 0, 0
16049, 30, 1, 0, 0
16149, 30, 1, 0, 0
16249, 40, 1, 0, 0
16349, 10, 1, 0, 0
16449, 30, 1, 0, 0
16550, 60, 1, 0, 0
16650, 90, 1, 0, 0
16749, 111, 1, 0, 0
16849, 90, 1, 0, 0
16949, 100, 1, 0, 0
17049, 90, 1, 0, 0
17149, 90, 1, 0, 0
17249, 110, 1, 0, 0
17349, 70, 1, 0, 0
17449, 90, 1, 0, 0
17549, 80, 1, 0, 0
17649, 110, 1, 0, 0
17750, 90, 1, 0, 0
17850, 80, 1, 0, 0
17950, 90, 1, 0, 0
18050, 90, 1, 0, 0
18150, 90, 1, 0, 0
18249, 90, 1, 0, 0
18349, 90, 1, 0, 0
18449, 90, 1, 0, 0
18549, 100, 1, 0, 0
18649, 90, 1, 0, 0
18749, 110, 1, 0, 0
18850, 90, 1, 0, 0
18950, 90, 1, 0, 0
19050, 90, 1, 0, 0
19150, 110, 1, 0, 0
19249, 90, 1, 0, 0
19349, 90, 1, 0, 0
19449, 100, 1, 0, 0
19549, 90, 1, 0, 0
19649, 50, 1, 0, 0
19749, 30, 1, 0, 0
19850, 30, 1, 0, 0
19950, 30, 1, 0, 0
20050, 30, 1, 0, 0
20150, 50, 1, 0, 0
20249, 30, 1, 0, 0
20349, 70, 1, 0, 0
20449, 100, 1, 0, 0
20549, 90, 1, 0, 0
20649, 90, 1, 0, 0
20750, 90, 1, 0, 0
20850, 90, 1, 0, 0
20950, 100, 1, 0, 0
21050, 80, 1, 0, 0
21150, 110, 1, 0, 0
21249, 90, 1, 0, 0
21349, 90, 1, 0, 0
21449, 80, 1, 0, 0
21549, 100, 1, 0, 0
21649, 90, 1, 0, 0
21749, 90, 1, 0, 0
21849, 110, 1, 0, 0
21949, 90, 1, 0, 0
22049, 110, 1, 0, 0
22149, 100, 1, 0, 0
22250, 90, 1, 0, 0
22350, 100, 1, 0, 0
22450, 90, 1, 0, 0
22550, 110, 1, 0, 0
22650, 90, 1, 0, 0
22749, 90, 1, 0, 0
22849, 100, 1, 0, 0
22949, 90, 1, 0, 0
23049, 110, 1, 0, 0
23149, 90, 1, 0, 0
23249, 90, 1, 0, 0
23349, 90, 1, 0, 0
23450, 90, 1, 0, 0
23550, 50, 1, 0, 0
23650, 30, 1, 0, 0
23749, 30, 1, 0, 0
23849, 30, 1, 0, 0
23949, 30, 1, 0, 0
24049, 40, 1, 0, 0
24149, 20, 1, 0, 0
24250, 40, 1, 0, 0
24350, 90, 1, 0, 0
24450, 90, 1, 0, 0
24550, 90, 1, 0, 0
24650, 90, 1, 0, 0
24749, 90, 1, 0, 0
24849, 110, 1, 0, 0
24949, 90, 1, 0, 0
25049, 90, 1, 0, 0
25149, 90, 1, 0, 0
25249, 100, 1, 0, 0
25350, 100, 1, 0, 0
25450, 90, 1, 0, 0
25550, 100, 1, 0, 0
25650, 90, 1, 0, 0
25749, 90, 1, 0, 0
25849, 90, 1, 0, 0
25949, 80, 1, 0, 0
26049, 40, 1, 0, 0
26149, 80, 1, 0, 0
26249, 60, 1, 0, 0
26350, 60, 1, 0, 0
26450, 60, 1, 0, 0
26550, 60, 1, 0, 0
26650, 70, 1, 0, 0
26749, 60, 1, 0, 0
26849, 30, 1, 0, 0
26949, 30, 1, 0, 0
27049, 20, 1, 0, 0
27149, 30, 1, 0, 0
27249, 30, 1, 0, 0
27349, 30, 1, 0, 0
27449, 30, 1, 0, 0
27549, 90, 1, 0, 0
27649, 90, 1, 0, 0
27749, 90, 1, 0, 0
27849, 110, 1, 0, 0
27949, 100, 1, 0, 0
28049, 160, 1, 0, 0
28149, 160, 1, 0, 0
28250, 170, 1, 0, 0
28350, 180, 1, 0, 0
28450, 170, 1, 0, 0
28550, 160, 1, 0, 0
28650, 200, 1, 0, 0
28749, 161, 1, 0, 0
28849, 160, 1, 0, 0
28949, 160, 1, 0, 0
29050, 160, 1, 0, 0
29150, 130, 1, 0, 0
29249, 151, 1, 0, 0
29349, 160, 1, 0, 0
29449, 160, 1, 0, 0
29549, 130, 1, 0, 0
29649, 150, 1, 0, 0
29749, 170, 1, 0, 0
29849, 190, 1, 0, 0
29949, 160, 1, 0, 0
30049, 160, 1, 0, 0
30149, 160, 1, 0, 0
30249, 160, 1, 0, 0
30349, 160, 1, 0, 0
30450, 130, 1, 0, 0
30550, 110, 1, 0, 0
30650, 40, 1, 0, 0
30749, 80, 1, 0, 0
30849, 40, 1, 0, 0
30949, 40, 1, 0, 0
31049, 60, 1, 0, 0
31150, 60, 1, 0, 0
31250, 80, 1, 0, 0
31350, 120, 1, 0, 0
31450, 160, 1, 0, 0
31550, 160, 1, 0, 0
31650, 160, 1, 0, 0
31749, 161, 1, 0, 0
31849, 140, 1, 0, 0
31949, 180, 1, 0, 0
32049, 160, 1, 0, 0
32149, 160, 1, 0, 0
32250, 160, 1, 0, 0
32350, 140, 1, 0, 0
32450, 140, 1, 0, 0
32550, 160, 1, 0, 0
32650, 170, 1, 0, 0
32749, 171, 1, 0, 0
32849, 140, 1, 0, 0
32949, 160, 1, 0, 0
33049, 180, 1, 0, 0
33149, 180, 1, 0, 0
33250, 140, 1, 0, 0
33350, 160, 1, 0, 0
33450, 160, 1, 0, 0
33550, 180, 1, 0, 0
33650, 150, 1, 0, 0
33749, 151, 1, 0, 0
33849, 160, 1, 0, 0
33949, 170, 1, 0, 0
34049, 170, 1, 0, 0
34149, 140, 1, 0, 0
34249, 140, 1, 0, 0
34349, 40, 1, 0, 0
34449, 80, 1, 0, 0
34550, 40, 1, 0, 0
34650, 40, 1, 0, 0
34749, 60, 1, 0, 0
34849, 60, 1, 0, 0
34949, 40, 1, 0, 0
35049, 120, 1, 0, 0
35149, 160, 1, 0, 0
35249, 160, 1, 0, 0
35349, 160, 1, 0, 0
35450, 100, 1, 0, 0
35550, 110, 1, 0, 0
35650, 90, 1, 0, 0
35749, 90, 1, 0, 0
35849, 90, 1, 0, 0
35949, 90, 1, 0, 0
36049, 90, 1, 0, 0
36149, 100, 1, 0, 0
36249, 90, 1, 0, 0
36350, 90, 1, 0, 0
36450, 110, 1, 0, 0
36550, 110, 1, 0, 0
36650, 90, 1, 0, 0
36749, 50, 1, 0, 0
36849, 50, 1, 0, 0
36949, 60, 1, 0, 0
37049, 90, 1, 0, 0
37149, 90, 1, 0, 0
37250, 90, 1, 0, 0
37350, 100, 1, 0, 0
37450, 90, 1, 0, 0
37550, 80, 1, 0, 0
37650, 90, 1, 0, 0
37749, 111, 1, 0, 0
37849, 90, 1, 0, 0
37949, 70, 1, 0, 0
38049, 60, 1, 0, 0
38149, 30, 1, 0, 0
38249, 30, 1, 0, 0
38349, 30, 1, 0, 0
38449, 30, 1, 0, 0
38550, 30, 1, 0, 0
38650, 30, 1, 0, 0
38749, 50, 1, 0, 0
38849, 40, 1, 0, 0
38949, 110, 1, 0, 0
39049, 90, 1, 0, 0
39149, 80, 1, 0, 0
39249, 100, 1, 0, 0
39349, 90, 1, 0, 0
39449, 100, 1, 0, 0
39549, 90, 1, 0, 0
39649, 90, 1, 0, 0
39750, 90, 1, 0, 0
39850, 90, 1, 0, 0
39950, 90, 1, 0, 0
40050, 90, 1, 0, 0
40150, 90, 1, 0, 0
40249, 90, 1, 0, 0
40349, 90, 1, 0, 0
40449, 100, 1, 0, 0
40549, 90, 1, 0, 0
40649, 90, 1, 0, 0
40749, 90, 1, 0, 0
40849, 110, 1, 0, 0
40949, 90, 1, 0, 0
41050, 90, 1, 0, 0
41150, 90, 1, 0, 0
41249, 111, 1, 0, 0
41349, 90, 1, 0, 0
41449, 90, 1, 0, 0
41549, 80, 1, 0, 0
41649, 110, 1, 0, 0
41749, 70, 1, 0, 0
41849, 30, 1, 0, 0
41949, 30, 1, 0, 0
42050, 20, 1, 0, 0
42150, 30, 1, 0, 0
42249, 30, 1, 0, 0
42349, 40, 1, 0, 0
42449, 50, 1, 0, 0
42549, 30, 1, 0, 0
42649, 90, 1, 0, 0
42749, 90, 1, 0, 0
42849, 90, 1, 0, 0
42949, 90, 1, 0, 0
43050, 90, 1, 0, 0
43150, 90, 1, 0, 0
43249, 90, 1, 0, 0
43349, 90, 1, 0, 0
43449, 90, 1, 0, 0
43549, 100, 1, 0, 0
43649, 90, 1, 0, 0
43749, 90, 1, 0, 0
43849, 90, 1, 0, 0
43949, 90, 1, 0, 0
44049, 110, 1, 0, 0
44150, 90, 1, 0, 0
44249, 101, 1, 0, 0
44349, 90, 1, 0, 0
44449, 90, 1, 0, 0
44549, 120, 1, 0, 0
44649, 90, 1, 0, 0
44749, 90, 1, 0, 0
44849, 110, 1, 0, 0
44949, 70, 1, 0, 0
45049, 100, 1, 0, 0
45149, 110, 1, 0, 0
45250, 90, 1, 0, 0
45350, 90, 1, 0, 0
45450, 100, 1, 0, 0
45550, 40, 1, 0, 0
45650, 30, 1, 0, 0
45749, 30, 1, 0, 0
45849, 30, 1, 0, 0
45949, 30, 1, 0, 0
46049, 30, 1, 0, 0
46149, 30, 1, 0, 0
46250, 80, 1, 0, 0
46350, 90, 1, 0, 0
46450, 110, 1, 0, 0
46550, 90, 1, 0, 0
46650, 110, 1, 0, 0
46749, 90, 1, 0, 0
46849, 90, 1, 0, 0
46949, 110, 1, 0, 0
47049, 110, 1, 0, 0
47149, 110, 1, 0, 0
47249, 90, 1, 0, 0
47349, 110, 1, 0, 0
47449, 110, 1, 0, 0
47550, 90, 1, 0, 0
47650, 110, 1, 0, 0
47749, 111, 1, 0, 0
47849, 90, 1, 0, 0
47949, 150, 1, 0, 0
48050, 200, 1, 0, 0
48150, 160, 1, 0, 0
48249, 171, 1, 0, 0
48349, 190, 1, 0, 0
48449, 160, 1, 0, 0
48549, 160, 1, 0, 0
48649, 200, 1, 0, 0
48749, 160, 1, 0, 0
48849, 170, 1, 0, 0
48949, 190, 1, 0, 0
49049, 160, 1, 0, 0
49150, 200, 1, 0, 0
49250, 160, 1, 0, 0
49350, 120, 1, 0, 0
49450, 50, 1, 0, 0
49550, 70, 1, 0, 0
49650, 40, 1, 0, 0
49749, 50, 1, 0, 0
49849, 70, 1, 0, 0
49949, 40, 1, 0, 0
50050, 40, 1, 0, 0
50150, 200, 1, 0, 0
50249, 161, 1, 0, 0
50349, 170, 1, 0, 0
50449, 190, 1, 0, 0
50549, 170, 1, 0, 0
50649, 190, 1, 0, 0
50749, 160, 1, 0, 0
50849, 200, 1, 0, 0
50949, 160, 1, 0, 0
51050, 170, 1, 0, 0
51150, 190, 1, 0, 0
51249, 161, 1, 0, 0
51349, 160, 1, 0, 0
51449, 200, 1, 0, 0
51549, 160, 1, 0, 0
51649, 160, 1, 0, 0
51749, 200, 1, 0, 0
51849, 160, 1, 0, 0
51949, 200, 1, 0, 0
52049, 200, 1, 0, 0
52149, 160, 1, 0, 0
52249, 200, 1, 0, 0
52350, 160, 1, 0, 0
52450, 160, 1, 0, 0
52550, 160, 1, 0, 0
52650, 200, 1, 0, 0
52749, 161, 1, 0, 0
52849, 160, 1, 0, 0
52949, 200, 1, 0, 0
53049, 160, 1, 0, 0
53149, 80, 1, 0, 0
53249, 40, 1, 0, 0
53349, 50, 1, 0, 0
53449, 70, 1, 0, 0
53550, 50, 1, 0, 0
53650, 70, 1, 0, 0
53749, 50, 1, 0, 0
53849, 80, 1, 0, 0
53949, 190, 1, 0, 0
54049, 160, 1, 0, 0
54149, 200, 1, 0, 0
54249, 200, 1, 0, 0
54349, 160, 1, 0, 0
54449, 160, 1, 0, 0
54549, 200, 1, 0, 0
54649, 170, 1, 0, 0
54750, 150, 1, 0, 0
54850, 270, 1, 0, 0
54950, 240, 1, 0, 0
55050, 240, 1, 0, 0
55150, 220, 1, 0, 0
55249, 222, 1, 0, 0
55349, 230, 1, 0, 0
55449, 210, 1, 0, 0
55549, 240, 1, 0, 0
55649, 200, 1, 0, 0
55749, 240, 1, 0, 0
55849, 200, 1, 0, 0
55949, 240, 1, 0, 0
56049, 200, 1, 0, 0
56149, 240, 1, 0, 0
56250, 200, 1, 0, 0
56350, 200, 1, 0, 0
56450, 200, 1, 0, 0
56550, 240, 1, 0, 0
56650, 200, 1, 0, 0
56749, 202, 1, 0, 0
56849, 120, 1, 0, 0
56949, 80, 1, 0, 0
57049, 80, 1, 0, 0
57149, 80, 1, 0, 0
57249, 80, 1, 0, 0
57350, 80, 1, 0, 0
57450, 120, 1, 0, 0
57550, 80, 1, 0, 0
57650, 200, 1, 0, 0
57749, 242, 1, 0, 0
57849, 240, 1, 0, 0
57949, 200, 1, 0, 0
58049, 200, 1, 0, 0
58149, 200, 1, 0, 0
58249, 200, 1, 0, 0
58349, 240, 1, 0, 0
58449, 190, 1, 0, 0
58549, 210, 1, 0, 0
58650, 200, 1, 0, 0
58750, 240, 1, 0, 0
58850, 230, 1, 0, 0
58950, 210, 1, 0, 0
59050, 240, 1, 0, 0
59150, 200, 1, 0, 0
59249, 242, 1, 0, 0
59349, 240, 1, 0, 0
59449, 230, 1, 0, 0
59549, 210, 1, 0, 0
59649, 200, 1, 0, 0
59749, 220, 1, 0, 0
59849, 220, 1, 0, 0
59949, 210, 1, 0, 0
60050, 230, 1, 0, 0
60150, 200, 1, 0, 0
60249, 242, 1, 0, 0
60349, 200, 1, 0, 0
60449, 240, 1, 0, 0
60549, 240, 1, 0, 0
60649, 70, 1, 0, 0
60749, 50, 1, 0, 0
60849, 80, 1, 0, 0
60949, 80, 1, 0, 0
61050, 80, 1, 0, 0
61150, 80, 1, 0, 0
61249, 121, 1, 0, 0
61349, 80, 1, 0, 0
61449, 240, 1, 0, 0
61549, 200, 1, 0, 0
61649, 200, 1, 0, 0
61749, 240, 1, 0, 0
61849, 200, 1, 0, 0
61949, 240, 1, 0, 0
62049, 240, 1, 0, 0
62149, 200, 1, 0, 0
62250, 240, 1, 0, 0
62350, 210, 1, 0, 0
62450, 230, 1, 0, 0
62550, 240, 1, 0, 0
62650, 200, 1, 0, 0
62749, 202, 1, 0, 0
62849, 200, 1, 0, 0
62949, 200, 1, 0, 0
63049, 160, 1, 0, 0
63149, 160, 1, 0, 0
63249, 160, 1, 0, 0
63349, 160, 1, 0, 0
63450, 160, 1, 0, 0
63550, 180, 1, 0, 0
63650, 170, 1, 0, 0
63749, 161, 1, 0, 0
63849, 170, 1, 0, 0
63949, 160, 1, 0, 0
64049, 170, 1, 0, 0
64149, 160, 1, 0, 0
64249, 190, 1, 0, 0
64349, 100, 1, 0, 0
64449, 60, 1, 0, 0
64549, 60, 1, 0, 0
64649, 60, 1, 0, 0
64749, 40, 1, 0, 0
64850, 40, 1, 0, 0
64950, 80, 1, 0, 0
65050, 40, 1, 0, 0
65150, 120, 1, 0, 0
65249, 131, 1, 0, 0
65349, 150, 1, 0, 0
65449, 160, 1, 0, 0
65549, 160, 1, 0, 0
65649, 160, 1, 0, 0
65749, 160, 1, 0, 0
65849, 180, 1, 0, 0
65950, 180, 1, 0, 0
66050, 170, 1, 0, 0
66150, 170, 1, 0, 0
66249, 161, 1, 0, 0
66349, 160, 1, 0, 0
66449, 100, 1, 0, 0
66549, 90, 1, 0, 0
66649, 100, 1, 0, 0
66749, 90, 1, 0, 0
66849, 90, 1, 0, 0
66949, 110, 1, 0, 0
67049, 100, 1, 0, 0
67149, 110, 1, 0, 0
67249, 100, 1, 0, 0
67349, 110, 1, 0, 0
67450, 100, 1, 0, 0
67550, 130, 1, 0, 0
67650, 90, 1, 0, 0
67749, 90, 1, 0, 0
67849, 120, 1, 0, 0
67949, 100, 1, 0, 0
68049, 60, 1, 0, 0
68149, 30, 1, 0, 0
68249, 30, 1, 0, 0
68349, 30, 1, 0, 0
68449, 30, 1, 0, 0
68550, 30, 1, 0, 0
68650, 30, 1, 0, 0
68749, 50, 1, 0, 0
68849, 90, 1, 0, 0
68949, 70, 1, 0, 0
69049, 90, 1, 0, 0
69149, 90, 1, 0, 0
69249, 90, 1, 0, 0
69349, 90, 1, 0, 0
69449, 80, 1, 0, 0
69549, 90, 1, 0, 0
69649, 90, 1, 0, 0
69750, 100, 1, 0, 0
69850, 80, 1, 0, 0
69950, 30, 1, 0, 0
70050, 30, 1, 0, 0
70150, 60, 1, 0, 0
70249, 80, 1, 0, 0
70349, 90, 1, 0, 0
70449, 60, 1, 0, 0
70549, 90, 1, 0, 0
70649, 80, 1, 0, 0
70749, 80, 1, 0, 0
70849, 90, 1, 0, 0
70949, 90, 1, 0, 0
71049, 90, 1, 0, 0
71149, 60, 1, 0, 0
71250, 80, 1, 0, 0
71350, 50, 1, 0, 0
71450, 10, 1, 0, 0
71550, 30, 1, 0, 0
71650, 30, 1, 0, 0
71749, 40, 1, 0, 0
71849, 40, 1, 0, 0
71949, 60, 1, 0, 0
72049, 110, 1, 0, 0
72149, 90, 1, 0, 0
72249, 90, 1, 0, 0
72350, 90, 1, 0, 0
72450, 100, 1, 0, 0
72550, 80, 1, 0, 0
72650, 90, 1, 0, 0
72749, 101, 1, 0, 0
72849, 90, 1, 0, 0
72949, 100, 1, 0, 0
73049, 80, 1, 0, 0
73149, 100, 1, 0, 0
73249, 90, 1, 0, 0
73349, 100, 1, 0, 0
73449, 100, 1, 0, 0
73549, 90, 1, 0, 0
73649, 90, 1, 0, 0
73750, 80, 1, 0, 0
73850, 100, 1, 0, 0
73950, 90, 1, 0, 0
74050, 100, 1, 0, 0
74150, 90, 1, 0, 0
74249, 70, 1, 0, 0
74349, 100, 1, 0, 0
74449, 100, 1, 0, 0
74549, 90, 1, 0, 0
74649, 110, 1, 0, 0
74749, 90, 1, 0, 0
74849, 100, 1, 0, 0
74949, 90, 1, 0, 0
75050, 90, 1, 0, 0
75150, 30, 1, 0, 0
75249, 30, 1, 0, 0
75349, 30, 1, 0, 0
75449, 30, 1, 0, 0
75549, 30, 1, 0, 0
75649, 30, 1, 0, 0
75749, 50, 1, 0, 0
75849, 30, 1, 0, 0
75950, 80, 1, 0, 0
76050, 90, 1, 0, 0
76150, 100, 1, 0, 0
76249, 111, 1, 0, 0
76349, 90, 1, 0, 0
76449, 100, 1, 0, 0
76549, 90, 1, 0, 0
76649, 90, 1, 0, 0
76749, 110, 1, 0, 0
76849, 100, 1, 0, 0
76949, 80, 1, 0, 0
77049, 100, 1, 0, 0
77149, 90, 1, 0, 0
77249, 100, 1, 0, 0
77349, 100, 1, 0, 0
77449, 80, 1, 0, 0
77550, 100, 1, 0, 0
77650, 100, 1, 0, 0
77750, 90, 1, 0, 0
77850, 90, 1, 0, 0
77950, 90, 1, 0, 0
78050, 100, 1, 0, 0
78150, 90, 1, 0, 0
78249, 121, 1, 0, 0
78349, 90, 1, 0, 0
78449, 110, 1, 0, 0
78549, 110, 1, 0, 0
78649, 40, 1, 0, 0
78750, 30, 1, 0, 0
78850, 50, 1, 0, 0
78950, 10, 1, 0, 0
79050, 50, 1, 0, 0
79150, 30, 1, 0, 0
79249, 30, 1, 0, 0
79349, 60, 1, 0, 0
79449, 100, 1, 0, 0
79549, 160, 1, 0, 0
79649, 160, 1, 0, 0
79749, 160, 1, 0, 0
79850, 140, 1, 0, 0
79950, 180, 1, 0, 0
80050, 160, 1, 0, 0
80150, 170, 1, 0, 0
80249, 171, 1, 0, 0
80349, 180, 1, 0, 0
80449, 160, 1, 0, 0
80549, 160, 1, 0, 0
80649, 160, 1, 0, 0
80749, 160, 1, 0, 0
80849, 160, 1, 0, 0
80949, 200, 1, 0, 0
81049, 160, 1, 0, 0
81149, 160, 1, 0, 0
81250, 200, 1, 0, 0
81350, 160, 1, 0, 0
81450, 160, 1, 0, 0
81550, 200, 1, 0, 0
81650, 160, 1, 0, 0
81749, 161, 1, 0, 0
81849, 170, 1, 0, 0
81949, 190, 1, 0, 0
82049, 140, 1, 0, 0
82149, 160, 1, 0, 0
82249, 170, 1, 0, 0
82349, 110, 1, 0, 0
82450, 60, 1, 0, 0
82550, 40, 1, 0, 0
82650, 40, 1, 0, 0
82749, 60, 1, 0, 0
82849, 50, 1, 0, 0
82949, 50, 1, 0, 0
83049, 70, 1, 0, 0
83149, 90, 1, 0, 0
83249, 160, 1, 0, 0
83349, 160, 1, 0, 0
83449, 160, 1, 0, 0
83550, 170, 1, 0, 0
83650, 150, 1, 0, 0
83749, 161, 1, 0, 0
83849, 160, 1, 0, 0
83949, 200, 1, 0, 0
84049, 120, 1, 0, 0
84149, 160, 1, 0, 0
84249, 200, 1, 0, 0
84349, 160, 1, 0, 0
84449, 170, 1, 0, 0
84549, 190, 1, 0, 0
84649, 160, 1, 0, 0
84750, 160, 1, 0, 0
84850, 160, 1, 0, 0
84950, 160, 1, 0, 0
85050, 160, 1, 0, 0
85150, 160, 1, 0, 0
85249, 161, 1, 0, 0
85349, 160, 1, 0, 0
85449, 160, 1, 0, 0
85549, 160, 1, 0, 0
85649, 160, 1, 0, 0
85749, 170, 1, 0, 0
85849, 190, 1, 0, 0
85949, 160, 1, 0, 0
86049, 180, 1, 0, 0
86150, 60, 1, 0, 0
86250, 40, 1, 0, 0
86350, 60, 1, 0, 0
86450, 50, 1, 0, 0
86550, 70, 1, 0, 0
86650, 50, 1, 0, 0
86749, 80, 1, 0, 0
86849, 110, 1, 0, 0
86949, 170, 1, 0, 0
87049, 160, 1, 0, 0
87149, 130, 1, 0, 0
87250, 180, 1, 0, 0
87350, 160, 1, 0, 0
87450, 130, 1, 0, 0
87550, 200, 1, 0, 0
87650, 200, 1, 0, 0
87749, 161, 1, 0, 0
87849, 160, 1, 0, 0
87949, 120, 1, 0, 0
88049, 160, 1, 0, 0
88149, 160, 1, 0, 0
88249, 160, 1, 0, 0
88349, 120, 1, 0, 0
88449, 160, 1, 0, 0
88550, 160, 1, 0, 0
88650, 160, 1, 0, 0
88749, 151, 1, 0, 0
88849, 130, 1, 0, 0
88949, 160, 1, 0, 0
89049, 160, 1, 0, 0
89149, 160, 1, 0, 0
89249, 150, 1, 0, 0
89349, 170, 1, 0, 0
89449, 170, 1, 0, 0
89549, 190, 1, 0, 0
89649, 160, 1, 0, 0
89749, 190, 1, 0, 0
89850, 90, 1, 0, 0
89950, 70, 1, 0, 0
90050, 30, 1, 0, 0
