108, 22003267, 1, 0, 0
213, 22579142, 1, 0, 0
304, 23035554, 1, 0, 0
405, 22697466, 1, 0, 0
536, 26736930, 1, 0, 0
643, 66585700, 1, 0, 0
748, 52792139, 1, 0, 0
865, 73062243, 1, 0, 0
914, 114097792, 1, 0, 0
1019, 52500387, 1, 0, 0
1132, 56697244, 1, 0, 0
1207, 54605862, 1, 0, 0
1316, 38908194, 1, 0, 0
1415, 21874806, 1, 0, 0
1502, 20409930, 1, 0, 0
1604, 22030405, 1, 0, 0
1705, 19663317, 1, 0, 0
1814, 22165848, 1, 0, 0
1909, 17578095, 1, 0, 0
2003, 21714407, 1, 0, 0
2101, 22609410, 1, 0, 0
2213, 20375047, 1, 0, 0
2306, 23857932, 1, 0, 0
2400, 22529801, 1, 0, 0
2508, 18322067, 1, 0, 0
2622, 22530849, 1, 0, 0
2700, 20409065, 1, 0, 0
2801, 21898235, 1, 0, 0
2910, 21892986, 1, 0, 0
3017, 21460916, 1, 0, 0
3100, 20838898, 1, 0, 0
3206, 20839640, 1, 0, 0
3305, 18491986, 1, 0, 0
3415, 21963233, 1, 0, 0
3509, 17267388, 1, 0, 0
3606, 20886035, 1, 0, 0
3710, 23238038, 1, 0, 0
3805, 21867568, 1, 0, 0
3907, 22103608, 1, 0, 0
4009, 21985559, 1, 0, 0
4105, 21999270, 1, 0, 0
4200, 20644277, 1, 0, 0
4333, 23268963, 1, 0, 0
4436, 62617308, 1, 0, 0
4548, 72573367, 1, 0, 0
4654, 72014121, 1, 0, 0
4706, 53326913, 1, 0, 0
4808, 69805285, 1, 0, 0
4941, 66784626, 1, 0, 0
5025, 59785551, 1, 0, 0
5105, 20215899, 1, 0, 0
5209, 22448310, 1, 0, 0
5304, 21202590, 1, 0, 0
5418, 24273549, 1, 0, 0
5501, 25183153, 1, 0, 0
5603, 22110448, 1, 0, 0
5712, 21834414, 1, 0, 0
5810, 22217999, 1, 0, 0
5908, 22174433, 1, 0, 0
6011, 22269064, 1, 0, 0
6117, 19340824, 1, 0, 0
6201, 19359526, 1, 0, 0
6300, 21171220, 1, 0, 0
6418, 23602070, 1, 0, 0
6516, 21558858, 1, 0, 0
6601, 22663872, 1, 0, 0
6703, 19454907, 1, 0, 0
6815, 22716711, 1, 0, 0
6916, 21854708, 1, 0, 0
7000, 21849473, 1, 0, 0
7102, 22090336, 1, 0, 0
7202, 21773952, 1, 0, 0
7319, 23800097, 1, 0, 0
7419, 22153915, 1, 0, 0
7500, 20611821, 1, 0, 0
7601, 22117320, 1, 0, 0
7710, 24008973, 1, 0, 0
7804, 21895305, 1, 0, 0
7903, 22631474, 1, 0, 0
8002, 20722040, 1, 0, 0
8106, 20657344, 1, 0, 0
8215, 22857891, 1, 0, 0
8324, 65551937, 1, 0, 0
8432, 54209113, 1, 0, 0
8539, 89077612, 1, 0, 0
8647, 54502833, 1, 0, 0
8709, 47089392, 1, 0, 0
8803, 56796714, 1, 0, 0
8910, 72321330, 1, 0, 0
9005, 28863839, 1, 0, 0
9100, 20116809, 1, 0, 0
9216, 23161274, 1, 0, 0
9316, 22111145, 1, 0, 0
9408, 21328885, 1, 0, 0
9510, 22078593, 1, 0, 0
9602, 18405123, 1, 0, 0
9705, 20947714, 1, 0, 0
9801, 20882171, 1, 0, 0
9913, 22404695, 1, 0, 0
10000, 22109627, 1, 0, 0
10100, 22097962, 1, 0, 0
10206, 23203648, 1, 0, 0
10304, 25274562, 1, 0, 0
10408, 22350632, 1, 0, 0
10517, 19867267, 1, 0, 0
10603, 24556020, 1, 0, 0
10712, 19869749, 1, 0, 0
10812, 22029966, 1, 0, 0
10907, 21702222, 1, 0, 0
11008, 22347487, 1, 0, 0
11108, 21621945, 1, 0, 0
11215, 23918190, 1, 0, 0
11303, 20377254, 1, 0, 0
11409, 20859760, 1, 0, 0
11512, 20572917, 1, 0, 0
11612, 18094083, 1, 0, 0
11703, 20659077, 1, 0, 0
11808, 22805752, 1, 0, 0
11900, 20359140, 1, 0, 0
12023, 25075590, 1, 0, 0
12127, 65313017, 1, 0, 0
12230, 68094624, 1, 0, 0
12333, 68655023, 1, 0, 0
12438, 68536995, 1, 0, 0
12543, 71616560, 1, 0, 0
12632, 63594124, 1, 0, 0
12702, 48015218, 1, 0, 0
12803, 37027642, 1, 0, 0
12912, 19932637, 1, 0, 0
13018, 22295292, 1, 0, 0
13101, 22477355, 1, 0, 0
13209, 21205701, 1, 0, 0
13303, 20428465, 1, 0, 0
13416, 22432216, 1, 0, 0
13507, 21138799, 1, 0, 0
13603, 20362196, 1, 0, 0
13715, 25088057, 1, 0, 0
13819, 20595148, 1, 0, 0
13900, 23529520, 1, 0, 0
14009, 21786564, 1, 0, 0
14120, 19901375, 1, 0, 0
14210, 20898786, 1, 0, 0
14307, 21057227, 1, 0, 0
14409, 22542543, 1, 0, 0
14514, 19254736, 1, 0, 0
14602, 19475314, 1, 0, 0
14708, 22340658, 1, 0, 0
14815, 22438400, 1, 0, 0
14903, 20451853, 1, 0, 0
15008, 8959264, 1, 0, 0
15112, 10316721, 1, 0, 0
15201, 9065616, 1, 0, 0
15301, 8458038, 1, 0, 0
15404, 8332765, 1, 0, 0
15504, 8206079, 1, 0, 0
15600, 9836835, 1, 0, 0
15706, 8882291, 1, 0, 0
15800, 10422931, 1, 0, 0
15947, 27267044, 1, 0, 0
16000, 26223650, 1, 0, 0
16108, 26989116, 1, 0, 0
16215, 27108160, 1, 0, 0
16354, 32479148, 1, 0, 0
16420, 33898514, 1, 0, 0
16504, 25349648, 1, 0, 0
16603, 8987250, 1, 0, 0
16706, 8613904, 1, 0, 0
16817, 8894586, 1, 0, 0
16911, 9242709, 1, 0, 0
17001, 10508779, 1, 0, 0
17104, 8668783, 1, 0, 0
17201, 10376572, 1, 0, 0
17300, 9055630, 1, 0, 0
17413, 10052776, 1, 0, 0
17500, 8563528, 1, 0, 0
17600, 9494599, 1, 0, 0
17718, 10269364, 1, 0, 0
17800, 9718096, 1, 0, 0
17910, 9846699, 1, 0, 0
18005, 9306407, 1, 0, 0
18122, 9537785, 1, 0, 0
18203, 8641862, 1, 0, 0
18311, 8927219, 1, 0, 0
18412, 9543136, 1, 0, 0
18522, 9157224, 1, 0, 0
18616, 9634197, 1, 0, 0
18708, 7982413, 1, 0, 0
18805, 9224758, 1, 0, 0
18903, 10357426, 1, 0, 0
19000, 8841482, 1, 0, 0
19101, 8615531, 1, 0, 0
19213, 9632015, 1, 0, 0
19311, 9756418, 1, 0, 0
19400, 8819958, 1, 0, 0
19500, 8021987, 1, 0, 0
19623, 15240455, 1, 0, 0
19747, 29663092, 1, 0, 0
19801, 32971795, 1, 0, 0
19901, 22030222, 1, 0, 0
20020, 27865474, 1, 0, 0
20131, 29090387, 1, 0, 0
20225, 24237757, 1, 0, 0
20305, 12293924, 1, 0, 0
20410, 9809250, 1, 0, 0
20513, 10537294, 1, 0, 0
20612, 11050482, 1, 0, 0
20711, 22595236, 1, 0, 0
20811, 22010041, 1, 0, 0
20909, 21206869, 1, 0, 0
21001, 21225162, 1, 0, 0
21108, 21227563, 1, 0, 0
21203, 20591436, 1, 0, 0
21318, 19567417, 1, 0, 0
21400, 23250648, 1, 0, 0
21508, 23706566, 1, 0, 0
21606, 23788902, 1, 0, 0
21717, 20397699, 1, 0, 0
21805, 20341858, 1, 0, 0
21901, 20510351, 1, 0, 0
22009, 21449622, 1, 0, 0
22117, 19819985, 1, 0, 0
22210, 21309735, 1, 0, 0
22308, 20794203, 1, 0, 0
22415, 21612789, 1, 0, 0
22506, 20797064, 1, 0, 0
22602, 21122600, 1, 0, 0
22711, 19603161, 1, 0, 0
22801, 20273353, 1, 0, 0
22914, 22496414, 1, 0, 0
23007, 20809587, 1, 0, 0
23105, 21176255, 1, 0, 0
23213, 19618954, 1, 0, 0
23303, 20772643, 1, 0, 0
23411, 19639140, 1, 0, 0
23517, 29273379, 1, 0, 0
23621, 67778505, 1, 0, 0
23727, 70746039, 1, 0, 0
23834, 72080035, 1, 0, 0
23933, 67985921, 1, 0, 0
24005, 51093669, 1, 0, 0
24109, 63706072, 1, 0, 0
24214, 70631141, 1, 0, 0
24310, 25510220, 1, 0, 0
24411, 22234027, 1, 0, 0
24514, 22119920, 1, 0, 0
24613, 22213341, 1, 0, 0
24709, 22013556, 1, 0, 0
24807, 19447162, 1, 0, 0
24906, 21530411, 1, 0, 0
25007, 20706966, 1, 0, 0
25100, 20584552, 1, 0, 0
25213, 20460565, 1, 0, 0
25313, 21534240, 1, 0, 0
25400, 20380236, 1, 0, 0
25509, 19786196, 1, 0, 0
25605, 20638894, 1, 0, 0
25714, 19982852, 1, 0, 0
25803, 21390443, 1, 0, 0
25915, 23563848, 1, 0, 0
26014, 33659444, 1, 0, 0
26113, 34697712, 1, 0, 0
26215, 33663014, 1, 0, 0
26311, 32325231, 1, 0, 0
26415, 33905535, 1, 0, 0
26507, 28025501, 1, 0, 0
26614, 29610036, 1, 0, 0
26704, 29444427, 1, 0, 0
26846, 64437452, 1, 0, 0
26901, 52239245, 1, 0, 0
27007, 71068613, 1, 0, 0
27112, 71294616, 1, 0, 0
27220, 71605559, 1, 0, 0
27331, 72841767, 1, 0, 0
27443, 73542907, 1, 0, 0
27503, 27248569, 1, 0, 0
27610, 21661800, 1, 0, 0
27704, 22085398, 1, 0, 0
27812, 20185718, 1, 0, 0
27917, 19024159, 1, 0, 0
28011, 21552272, 1, 0, 0
28105, 26144326, 1, 0, 0
28213, 19435562, 1, 0, 0
28303, 20679927, 1, 0, 0
28400, 20761444, 1, 0, 0
28509, 18297479, 1, 0, 0
28613, 21179381, 1, 0, 0
28706, 20462089, 1, 0, 0
28810, 21435655, 1, 0, 0
28918, 22525814, 1, 0, 0
29002, 22331979, 1, 0, 0
29109, 23853404, 1, 0, 0
29204, 25520620, 1, 0, 0
29311, 23818574, 1, 0, 0
29418, 23803134, 1, 0, 0
29501, 22184877, 1, 0, 0
29604, 22447674, 1, 0, 0
29706, 21889114, 1, 0, 0
29804, 22105820, 1, 0, 0
29902, 22383504, 1, 0, 0
30000, 21206198, 1, 0, 0
30101, 21995285, 1, 0, 0
30207, 21558770, 1, 0, 0
30303, 21985981, 1, 0, 0
30411, 23640081, 1, 0, 0
30537, 27798517, 1, 0, 0
30644, 68207831, 1, 0, 0
30756, 74280995, 1, 0, 0
30808, 108590924, 1, 0, 0
30913, 70680065, 1, 0, 0
31017, 69437635, 1, 0, 0
31108, 65303593, 1, 0, 0
31219, 43429539, 1, 0, 0
31302, 47159762, 1, 0, 0
31400, 21784008, 1, 0, 0
31506, 21379606, 1, 0, 0
31604, 22191920, 1, 0, 0
31712, 23850096, 1, 0, 0
31806, 25563648, 1, 0, 0
31906, 20557449, 1, 0, 0
32001, 21833058, 1, 0, 0
32105, 22496302, 1, 0, 0
32215, 21891393, 1, 0, 0
32304, 25373431, 1, 0, 0
32409, 23458097, 1, 0, 0
32505, 21609534, 1, 0, 0
32602, 20788831, 1, 0, 0
32717, 21205533, 1, 0, 0
32806, 24768324, 1, 0, 0
32907, 23083880, 1, 0, 0
33005, 21291263, 1, 0, 0
33102, 22204860, 1, 0, 0
33200, 22193887, 1, 0, 0
33303, 22382455, 1, 0, 0
33404, 21938009, 1, 0, 0
33502, 19995224, 1, 0, 0
33600, 22309398, 1, 0, 0
33702, 22272364, 1, 0, 0
33804, 21924553, 1, 0, 0
33904, 20978841, 1, 0, 0
34020, 22259571, 1, 0, 0
34101, 23509299, 1, 0, 0
34202, 23170123, 1, 0, 0
34339, 46163049, 1, 0, 0
34451, 72579134, 1, 0, 0
34534, 72206797, 1, 0, 0
34642, 80698587, 1, 0, 0
34750, 72238595, 1, 0, 0
34804, 109984322, 1, 0, 0
34915, 73787118, 1, 0, 0
35016, 39186976, 1, 0, 0
35117, 22646639, 1, 0, 0
35203, 21686957, 1, 0, 0
35303, 21977764, 1, 0, 0
35405, 22849534, 1, 0, 0
35510, 21507642, 1, 0, 0
35607, 21379052, 1, 0, 0
35705, 21228199, 1, 0, 0
35800, 21577507, 1, 0, 0
35902, 22920372, 1, 0, 0
36006, 22376541, 1, 0, 0
36115, 20021615, 1, 0, 0
36202, 20240643, 1, 0, 0
36302, 21383296, 1, 0, 0
36401, 19643845, 1, 0, 0
36508, 21653674, 1, 0, 0
36601, 21115537, 1, 0, 0
36736, 21454222, 1, 0, 0
36821, 50758814, 1, 0, 0
36904, 51070266, 1, 0, 0
37007, 24187367, 1, 0, 0
37106, 21218518, 1, 0, 0
37203, 20150380, 1, 0, 0
37301, 23903757, 1, 0, 0
37410, 24029953, 1, 0, 0
37502, 22289682, 1, 0, 0
37611, 18402025, 1, 0, 0
37704, 21027547, 1, 0, 0
37801, 21852414, 1, 0, 0
37900, 21410753, 1, 0, 0
38033, 26071905, 1, 0, 0
38136, 67898068, 1, 0, 0
38242, 69232046, 1, 0, 0
38348, 70984397, 1, 0, 0
38402, 108699291, 1, 0, 0
38504, 69445047, 1, 0, 0
38602, 67786784, 1, 0, 0
38729, 50102704, 1, 0, 0
38809, 59314294, 1, 0, 0
38908, 22933506, 1, 0, 0
39003, 21784734, 1, 0, 0
39104, 22322899, 1, 0, 0
39205, 22173099, 1, 0, 0
39316, 20064920, 1, 0, 0
39415, 21986746, 1, 0, 0
39510, 21922769, 1, 0, 0
39613, 22297272, 1, 0, 0
39716, 22326138, 1, 0, 0
39813, 21961091, 1, 0, 0
39912, 22337614, 1, 0, 0
40013, 22216786, 1, 0, 0
40115, 22088013, 1, 0, 0
40211, 21526201, 1, 0, 0
40302, 20786484, 1, 0, 0
40400, 21242821, 1, 0, 0
40508, 21633130, 1, 0, 0
40601, 21704035, 1, 0, 0
40700, 21321034, 1, 0, 0
40811, 19995282, 1, 0, 0
40913, 22379066, 1, 0, 0
41002, 20836894, 1, 0, 0
41102, 21868215, 1, 0, 0
41214, 22130705, 1, 0, 0
41309, 20807038, 1, 0, 0
41408, 22656650, 1, 0, 0
41509, 22574231, 1, 0, 0
41607, 20933231, 1, 0, 0
41708, 22716558, 1, 0, 0
41826, 42412839, 1, 0, 0
41917, 61341862, 1, 0, 0
42011, 61097367, 1, 0, 0
42114, 65940470, 1, 0, 0
42220, 70545673, 1, 0, 0
42318, 66857052, 1, 0, 0
42405, 58736215, 1, 0, 0
42520, 60899507, 1, 0, 0
42615, 22813176, 1, 0, 0
42701, 20745013, 1, 0, 0
42810, 21813611, 1, 0, 0
42908, 22287195, 1, 0, 0
43005, 22219053, 1, 0, 0
43106, 21743356, 1, 0, 0
43209, 23035192, 1, 0, 0
43305, 21516121, 1, 0, 0
43403, 21869561, 1, 0, 0
43503, 21559206, 1, 0, 0
43607, 19145145, 1, 0, 0
43705, 22250337, 1, 0, 0
43804, 21657019, 1, 0, 0
43912, 21798239, 1, 0, 0
44005, 20429190, 1, 0, 0
44113, 19728801, 1, 0, 0
44207, 20593689, 1, 0, 0
44301, 21113454, 1, 0, 0
44413, 20294829, 1, 0, 0
44503, 20270440, 1, 0, 0
44613, 19981370, 1, 0, 0
44715, 22041916, 1, 0, 0
44808, 21047733, 1, 0, 0
44905, 22239358, 1, 0, 0
45007, 21986352, 1, 0, 0
45108, 21853401, 1, 0, 0
45204, 22148178, 1, 0, 0
45301, 21952135, 1, 0, 0
45403, 22230926, 1, 0, 0
45540, 29595895, 1, 0, 0
45641, 68378929, 1, 0, 0
45745, 68530781, 1, 0, 0
45850, 69376140, 1, 0, 0
45900, 102852941, 1, 0, 0
46005, 69548792, 1, 0, 0
46124, 51006500, 1, 0, 0
46208, 47575616, 1, 0, 0
46303, 20663421, 1, 0, 0
46410, 17532275, 1, 0, 0
46517, 19535834, 1, 0, 0
46606, 20583633, 1, 0, 0
46713, 19002363, 1, 0, 0
46800, 19989399, 1, 0, 0
46906, 19313656, 1, 0, 0
47001, 20120702, 1, 0, 0
47104, 21034877, 1, 0, 0
47210, 19489692, 1, 0, 0
47305, 20322733, 1, 0, 0
47402, 18156676, 1, 0, 0
47505, 20910065, 1, 0, 0
47610, 18673613, 1, 0, 0
47716, 20689956, 1, 0, 0
47809, 19595511, 1, 0, 0
47913, 22358692, 1, 0, 0
48004, 20321870, 1, 0, 0
48115, 18463386, 1, 0, 0
48207, 20599801, 1, 0, 0
48316, 19622118, 1, 0, 0
48417, 19922602, 1, 0, 0
48507, 21001542, 1, 0, 0
48606, 21156374, 1, 0, 0
48717, 22134915, 1, 0, 0
48807, 20632821, 1, 0, 0
48902, 20908805, 1, 0, 0
49011, 19632989, 1, 0, 0
49118, 21224848, 1, 0, 0
49212, 21046538, 1, 0, 0
49311, 21980114, 1, 0, 0
49401, 57418570, 1, 0, 0
49506, 67407570, 1, 0, 0
49612, 71520808, 1, 0, 0
49722, 72752894, 1, 0, 0
49830, 71931591, 1, 0, 0
49935, 71229664, 1, 0, 0
50035, 67960167, 1, 0, 0
50112, 26778916, 1, 0, 0
50207, 20738534, 1, 0, 0
50312, 19453413, 1, 0, 0
50410, 21554417, 1, 0, 0
50508, 21096900, 1, 0, 0
50606, 22591891, 1, 0, 0
50702, 21155492, 1, 0, 0
50812, 19577751, 1, 0, 0
50905, 21106394, 1, 0, 0
51001, 21191713, 1, 0, 0
51109, 19616161, 1, 0, 0
51219, 21720326, 1, 0, 0
51303, 20167645, 1, 0, 0
51411, 20998582, 1, 0, 0
51504, 20300971, 1, 0, 0
51612, 19572059, 1, 0, 0
51705, 20632276, 1, 0, 0
51814, 21674492, 1, 0, 0
51901, 20058253, 1, 0, 0
52004, 19118488, 1, 0, 0
52111, 18682163, 1, 0, 0
52205, 18629570, 1, 0, 0
52316, 18347573, 1, 0, 0
52409, 21304201, 1, 0, 0
52514, 20360819, 1, 0, 0
52614, 20235439, 1, 0, 0
52705, 20835637, 1, 0, 0
52813, 19445307, 1, 0, 0
52908, 18536416, 1, 0, 0
53016, 19668694, 1, 0, 0
53118, 42492682, 1, 0, 0
53208, 59547035, 1, 0, 0
53337, 52123410, 1, 0, 0
53427, 60204194, 1, 0, 0
53504, 41707338, 1, 0, 0
53630, 81195897, 1, 0, 0
53712, 56610154, 1, 0, 0
53820, 57709811, 1, 0, 0
53910, 19250139, 1, 0, 0
54011, 18425840, 1, 0, 0
54109, 21501028, 1, 0, 0
54214, 17453725, 1, 0, 0
54319, 18568217, 1, 0, 0
54400, 20809244, 1, 0, 0
54510, 20028857, 1, 0, 0
54620, 19197200, 1, 0, 0
54700, 19566935, 1, 0, 0
54802, 22958046, 1, 0, 0
54905, 20333180, 1, 0, 0
55018, 21363751, 1, 0, 0
55110, 21214784, 1, 0, 0
55212, 22291166, 1, 0, 0
55308, 21000103, 1, 0, 0
55402, 22118325, 1, 0, 0
55500, 20420037, 1, 0, 0
55601, 20390969, 1, 0, 0
55718, 20981158, 1, 0, 0
55815, 21989303, 1, 0, 0
55903, 21817066, 1, 0, 0
56004, 22074037, 1, 0, 0
56101, 22085391, 1, 0, 0
56200, 19995693, 1, 0, 0
56301, 21778180, 1, 0, 0
56410, 21732204, 1, 0, 0
56509, 22223167, 1, 0, 0
56616, 21468803, 1, 0, 0
56712, 21946365, 1, 0, 0
56834, 25815143, 1, 0, 0
56940, 69766919, 1, 0, 0
57043, 52217302, 1, 0, 0
57144, 67074081, 1, 0, 0
57245, 67395928, 1, 0, 0
57346, 67581051, 1, 0, 0
57428, 58107567, 1, 0, 0
57515, 43379770, 1, 0, 0
57616, 27906676, 1, 0, 0
57708, 20891240, 1, 0, 0
57803, 21027339, 1, 0, 0
57912, 19704954, 1, 0, 0
58016, 20509382, 1, 0, 0
58102, 22011629, 1, 0, 0
58204, 22189788, 1, 0, 0
58307, 22473931, 1, 0, 0
58415, 21927622, 1, 0, 0
58514, 22619049, 1, 0, 0
58602, 21143443, 1, 0, 0
58715, 19274712, 1, 0, 0
58815, 21750476, 1, 0, 0
58907, 21213505, 1, 0, 0
59004, 21362326, 1, 0, 0
59108, 22643748, 1, 0, 0
59206, 22033016, 1, 0, 0
59309, 19213657, 1, 0, 0
59404, 20710438, 1, 0, 0
59505, 21855419, 1, 0, 0
59602, 22160313, 1, 0, 0
59705, 23317977, 1, 0, 0
59806, 22279145, 1, 0, 0
59909, 22167649, 1, 0, 0
60002, 21077292, 1, 0, 0
60100, 22235303, 1, 0, 0
60215, 22515676, 1, 0, 0
60310, 19004879, 1, 0, 0
60413, 22217151, 1, 0, 0
60506, 21309977, 1, 0, 0
60604, 31804386, 1, 0, 0
60709, 70110126, 1, 0, 0
60811, 67977904, 1, 0, 0
60917, 69769235, 1, 0, 0
61021, 70683613, 1, 0, 0
61123, 68296972, 1, 0, 0
61210, 60710610, 1, 0, 0
61341, 63924671, 1, 0, 0
61403, 26224482, 1, 0, 0
61501, 22055722, 1, 0, 0
61610, 21997951, 1, 0, 0
61708, 21134366, 1, 0, 0
61819, 19803897, 1, 0, 0
61909, 20786343, 1, 0, 0
62006, 21233870, 1, 0, 0
62115, 19708973, 1, 0, 0
62208, 21022629, 1, 0, 0
62306, 21686254, 1, 0, 0
62401, 20690524, 1, 0, 0
62517, 20435242, 1, 0, 0
62607, 21616095, 1, 0, 0
62708, 22302122, 1, 0, 0
62805, 21007049, 1, 0, 0
62916, 20068807, 1, 0, 0
63002, 21614365, 1, 0, 0
63103, 22130154, 1, 0, 0
63212, 24191974, 1, 0, 0
63311, 22427487, 1, 0, 0
63401, 22947306, 1, 0, 0
63503, 21979541, 1, 0, 0
63607, 18772176, 1, 0, 0
63704, 22201382, 1, 0, 0
63805, 22917435, 1, 0, 0
63912, 19184054, 1, 0, 0
64002, 22034198, 1, 0, 0
64118, 22897638, 1, 0, 0
64209, 19124410, 1, 0, 0
64313, 25814447, 1, 0, 0
64417, 64934046, 1, 0, 0
64523, 70585617, 1, 0, 0
64630, 70567488, 1, 0, 0
64732, 69608202, 1, 0, 0
64837, 69347093, 1, 0, 0
64931, 66381633, 1, 0, 0
65016, 55812610, 1, 0, 0
65118, 45418941, 1, 0, 0
65202, 21440483, 1, 0, 0
65303, 28139972, 1, 0, 0
65409, 23662150, 1, 0, 0
65517, 23640012, 1, 0, 0
65616, 20437254, 1, 0, 0
65713, 22030957, 1, 0, 0
65814, 21471567, 1, 0, 0
65906, 21427971, 1, 0, 0
66013, 21376723, 1, 0, 0
66100, 20712846, 1, 0, 0
66214, 23333942, 1, 0, 0
66309, 19137173, 1, 0, 0
66405, 21781325, 1, 0, 0
66507, 19755308, 1, 0, 0
66607, 21987834, 1, 0, 0
66704, 22046613, 1, 0, 0
66802, 21361581, 1, 0, 0
66914, 20485181, 1, 0, 0
67016, 18453139, 1, 0, 0
67101, 19522200, 1, 0, 0
67210, 19577012, 1, 0, 0
67308, 21812052, 1, 0, 0
67405, 18352631, 1, 0, 0
67503, 19197403, 1, 0, 0
67608, 18985457, 1, 0, 0
67708, 19382133, 1, 0, 0
67813, 20967254, 1, 0, 0
67913, 18042921, 1, 0, 0
68032, 28844890, 1, 0, 0
68129, 65298867, 1, 0, 0
68231, 68382683, 1, 0, 0
68337, 69600467, 1, 0, 0
68437, 68359343, 1, 0, 0
68541, 69302079, 1, 0, 0
68618, 54993716, 1, 0, 0
68701, 55098451, 1, 0, 0
68804, 29043701, 1, 0, 0
68912, 24013305, 1, 0, 0
69013, 22127979, 1, 0, 0
69115, 20300095, 1, 0, 0
69212, 21559248, 1, 0, 0
69312, 22144640, 1, 0, 0
69403, 22455815, 1, 0, 0
69517, 20323688, 1, 0, 0
69602, 22069301, 1, 0, 0
69706, 20543165, 1, 0, 0
69810, 23170977, 1, 0, 0
69957, 42721416, 1, 0, 0
70039, 70104764, 1, 0, 0
70110, 50438993, 1, 0, 0
70207, 24632929, 1, 0, 0
70315, 24147641, 1, 0, 0
70405, 29045410, 1, 0, 0
70520, 25712302, 1, 0, 0
70616, 27793777, 1, 0, 0
70710, 30357367, 1, 0, 0
70801, 21337183, 1, 0, 0
70913, 20243589, 1, 0, 0
71012, 21561707, 1, 0, 0
71108, 26898922, 1, 0, 0
71224, 28202487, 1, 0, 0
71330, 37598426, 1, 0, 0
71436, 71196509, 1, 0, 0
71546, 72881380, 1, 0, 0
71602, 107991834, 1, 0, 0
71710, 73116515, 1, 0, 0
71817, 71571477, 1, 0, 0
71916, 46734035, 1, 0, 0
72011, 28099836, 1, 0, 0
72108, 13424244, 1, 0, 0
72206, 11655543, 1, 0, 0
72313, 13431139, 1, 0, 0
72420, 13403323, 1, 0, 0
72500, 14131512, 1, 0, 0
72606, 12779030, 1, 0, 0
72702, 12278259, 1, 0, 0
72800, 12181003, 1, 0, 0
72923, 11923828, 1, 0, 0
73000, 13847643, 1, 0, 0
73105, 12391484, 1, 0, 0
73204, 12588568, 1, 0, 0
73320, 11446189, 1, 0, 0
73418, 12508658, 1, 0, 0
73502, 12129074, 1, 0, 0
73602, 14090466, 1, 0, 0
73711, 13615011, 1, 0, 0
73818, 13346991, 1, 0, 0
73900, 14219657, 1, 0, 0
74005, 12418504, 1, 0, 0
74113, 13415306, 1, 0, 0
74219, 13346963, 1, 0, 0
74324, 13182885, 1, 0, 0
74400, 12523876, 1, 0, 0
74504, 12057425, 1, 0, 0
74602, 12131470, 1, 0, 0
74703, 12689034, 1, 0, 0
74800, 12297673, 1, 0, 0
74901, 13705303, 1, 0, 0
75002, 13012578, 1, 0, 0
75114, 23391557, 1, 0, 0
75213, 33158999, 1, 0, 0
75341, 45039474, 1, 0, 0
75416, 37410062, 1, 0, 0
75512, 32148206, 1, 0, 0
75635, 43315736, 1, 0, 0
75705, 35961122, 1, 0, 0
75800, 31782449, 1, 0, 0
75914, 25074593, 1, 0, 0
76002, 10976319, 1, 0, 0
76101, 11190826, 1, 0, 0
76213, 11810580, 1, 0, 0
76304, 11879012, 1, 0, 0
76402, 12181186, 1, 0, 0
76510, 10669589, 1, 0, 0
76612, 12474158, 1, 0, 0
76708, 12358585, 1, 0, 0
76803, 12166692, 1, 0, 0
76916, 11140182, 1, 0, 0
77000, 14148398, 1, 0, 0
77103, 12331340, 1, 0, 0
77205, 13005355, 1, 0, 0
77301, 12180036, 1, 0, 0
77408, 12557738, 1, 0, 0
77509, 12985365, 1, 0, 0
77605, 12082624, 1, 0, 0
77700, 11692731, 1, 0, 0
77801, 11770644, 1, 0, 0
77901, 12489906, 1, 0, 0
78015, 12401348, 1, 0, 0
78108, 11880022, 1, 0, 0
78223, 11105102, 1, 0, 0
78310, 11655398, 1, 0, 0
78401, 10768553, 1, 0, 0
78514, 11356490, 1, 0, 0
78635, 17192088, 1, 0, 0
78709, 25707435, 1, 0, 0
78805, 34617731, 1, 0, 0
78935, 30890530, 1, 0, 0
79001, 35921191, 1, 0, 0
79129, 32139543, 1, 0, 0
79213, 27897509, 1, 0, 0
79318, 36349556, 1, 0, 0
79403, 18928110, 1, 0, 0
79504, 13170087, 1, 0, 0
79608, 13189978, 1, 0, 0
79700, 11656482, 1, 0, 0
79803, 12624273, 1, 0, 0
79900, 11714962, 1, 0, 0
80019, 12138559, 1, 0, 0
80115, 12077888, 1, 0, 0
80202, 10825031, 1, 0, 0
80304, 12753148, 1, 0, 0
80419, 11474993, 1, 0, 0
80519, 12620956, 1, 0, 0
80616, 12377016, 1, 0, 0
80717, 12490081, 1, 0, 0
80815, 12007054, 1, 0, 0
80902, 11647708, 1, 0, 0
81000, 11457758, 1, 0, 0
81113, 11239701, 1, 0, 0
81200, 11553176, 1, 0, 0
81300, 11756963, 1, 0, 0
81413, 11608596, 1, 0, 0
81506, 11590304, 1, 0, 0
81602, 12234659, 1, 0, 0
81710, 10659953, 1, 0, 0
81808, 11793679, 1, 0, 0
81904, 12424873, 1, 0, 0
82002, 12217185, 1, 0, 0
82104, 12304255, 1, 0, 0
82206, 12705497, 1, 0, 0
82315, 12910096, 1, 0, 0
82419, 36492672, 1, 0, 0
82576, 42637577, 1, 0, 0
82600, 43450014, 1, 0, 0
82730, 41131919, 1, 0, 0
82810, 39532029, 1, 0, 0
82905, 38067274, 1, 0, 0
83015, 32233198, 1, 0, 0
83112, 27392566, 1, 0, 0
83208, 12277410, 1, 0, 0
83311, 12455610, 1, 0, 0
83413, 12618499, 1, 0, 0
83510, 12400265, 1, 0, 0
83606, 12285347, 1, 0, 0
83708, 12466444, 1, 0, 0
83810, 12514015, 1, 0, 0
83909, 12663906, 1, 0, 0
84018, 13551492, 1, 0, 0
84100, 13304958, 1, 0, 0
84209, 11226396, 1, 0, 0
84301, 10908954, 1, 0, 0
84401, 12628016, 1, 0, 0
84508, 11249488, 1, 0, 0
84609, 12099121, 1, 0, 0
84708, 12720426, 1, 0, 0
84804, 12396427, 1, 0, 0
84905, 12229879, 1, 0, 0
85007, 12368032, 1, 0, 0
85100, 11039629, 1, 0, 0
85218, 12529036, 1, 0, 0
85304, 11675666, 1, 0, 0
85410, 12717055, 1, 0, 0
85511, 12378409, 1, 0, 0
85614, 12682202, 1, 0, 0
85706, 12071207, 1, 0, 0
85802, 11445372, 1, 0, 0
85915, 11429296, 1, 0, 0
86007, 11722829, 1, 0, 0
86100, 19101478, 1, 0, 0
86205, 40082295, 1, 0, 0
86327, 44331230, 1, 0, 0
86414, 27785193, 1, 0, 0
86531, 43084033, 1, 0, 0
86600, 35630043, 1, 0, 0
86703, 24386892, 1, 0, 0
86808, 27894267, 1, 0, 0
86902, 12067236, 1, 0, 0
87005, 12597939, 1, 0, 0
87113, 13480264, 1, 0, 0
87221, 10759153, 1, 0, 0
87310, 11614488, 1, 0, 0
87405, 11618648, 1, 0, 0
87503, 12143689, 1, 0, 0
87606, 10562235, 1, 0, 0
87719, 11022991, 1, 0, 0
87810, 11512058, 1, 0, 0
87914, 12747050, 1, 0, 0
88021, 13328634, 1, 0, 0
88105, 12347258, 1, 0, 0
88205, 14468835, 1, 0, 0
88311, 13310960, 1, 0, 0
88402, 12823393, 1, 0, 0
88501, 14158920, 1, 0, 0
88608, 13300713, 1, 0, 0
88713, 13197475, 1, 0, 0
88819, 13190802, 1, 0, 0
88900, 13178309, 1, 0, 0
89002, 13004108, 1, 0, 0
89109, 13184578, 1, 0, 0
89216, 13440041, 1, 0, 0
89315, 12785000, 1, 0, 0
89408, 11263110, 1, 0, 0
89501, 12117138, 1, 0, 0
89615, 11128772, 1, 0, 0
89704, 11109597, 1, 0, 0
89834, 14255199, 1, 0, 0
89910, 37117400, 1, 0, 0
90014, 34567774, 1, 0, 0
90070, 76908639, 1, 0, 0
